2024-10-15 15:55:33.945 | INFO     | __main__:<module>:105 - Namespace(TIME='2024-10-15 15_55_00', batch_size=1024, behaviors=['view', 'cart', 'buy'], check_point='model_pre_1_2024-10-15 14_50_17.pth', data_name='beibei', data_path='./data/beibei', decay=0.001, device='cuda:1', dim_qk=32, dim_v=64, distill_layers=2, distill_thres=0.5, distill_topK=60, distill_userK=4, embedding_size=64, epochs=100, gpu_no=1, if_load_model=True, ii_lambda=200, initializer_range=0.02, layers=2, loss_type='bpr', lr=0.001, message_dropout=0.25, metrics=['hit', 'ndcg'], min_epoch=5, model_name='main_1', model_path='./check_point', node_dropout=0.75, omega=1, pt_loop=50, reg_weight=0.001, test_batch_size=1024, testbatch=1024, topk=[1, 5, 10, 15, 20, 40], uu_lambda=100)
2024-10-15 15:55:33.946 | INFO     | __main__:<module>:106 - BIPN(
  (message_dropout): Dropout(p=0.25, inplace=False)
  (user_embedding): Embedding(21717, 64, padding_idx=0)
  (item_embedding): Embedding(7978, 64, padding_idx=0)
  (global_Graph): LightGCN()
  (Graph_encoder): ModuleDict(
    (view): GraphEncoder(
      (light): LightGCN()
      (dropout): Dropout(p=0.75, inplace=False)
    )
    (cart): GraphEncoder(
      (light): LightGCN()
      (dropout): Dropout(p=0.75, inplace=False)
    )
    (buy): GraphEncoder(
      (light): LightGCN()
      (dropout): Dropout(p=0.75, inplace=False)
    )
  )
  (attention): Mutual_Attention()
  (bpr_loss): BPRLoss()
  (emb_loss): EmbLoss()
  (f): Sigmoid()
)
2024-10-15 16:15:45.611 | INFO     | trainer_1:_train_one_epoch:193 - epoch 1 8.72s Train loss is [0.9179] 
2024-10-15 16:15:54.916 | INFO     | trainer_1:_train_one_epoch:201 - validate 1 cost time 9.30s, result: {'hit@1': 0.0111, 'ndcg@1': 0.0111, 'hit@5': 0.0352, 'ndcg@5': 0.023, 'hit@10': 0.0584, 'ndcg@10': 0.0305, 'hit@15': 0.078, 'ndcg@15': 0.0357, 'hit@20': 0.0974, 'ndcg@20': 0.0403, 'hit@40': 0.1584, 'ndcg@40': 0.0527} 
2024-10-15 16:16:03.239 | INFO     | trainer_1:_train_one_epoch:209 - test 1 cost time 8.32s, result: {'hit@1': 0.0064, 'ndcg@1': 0.0064, 'hit@5': 0.022, 'ndcg@5': 0.014, 'hit@10': 0.0374, 'ndcg@10': 0.0189, 'hit@15': 0.0515, 'ndcg@15': 0.0226, 'hit@20': 0.0654, 'ndcg@20': 0.0259, 'hit@40': 0.111, 'ndcg@40': 0.0352} 
2024-10-15 16:16:27.953 | INFO     | trainer_1:_train_one_epoch:193 - epoch 2 8.89s Train loss is [0.6862] 
2024-10-15 16:16:36.239 | INFO     | trainer_1:_train_one_epoch:201 - validate 2 cost time 8.28s, result: {'hit@1': 0.0072, 'ndcg@1': 0.0072, 'hit@5': 0.0296, 'ndcg@5': 0.0182, 'hit@10': 0.0533, 'ndcg@10': 0.0258, 'hit@15': 0.0752, 'ndcg@15': 0.0316, 'hit@20': 0.0954, 'ndcg@20': 0.0363, 'hit@40': 0.1575, 'ndcg@40': 0.049} 
2024-10-15 16:16:45.738 | INFO     | trainer_1:_train_one_epoch:209 - test 2 cost time 9.50s, result: {'hit@1': 0.0051, 'ndcg@1': 0.0051, 'hit@5': 0.0203, 'ndcg@5': 0.0125, 'hit@10': 0.037, 'ndcg@10': 0.0179, 'hit@15': 0.0522, 'ndcg@15': 0.0219, 'hit@20': 0.066, 'ndcg@20': 0.0251, 'hit@40': 0.1128, 'ndcg@40': 0.0346} 
2024-10-15 16:16:53.443 | INFO     | trainer_1:_train_one_epoch:193 - epoch 3 7.70s Train loss is [0.6259] 
2024-10-15 16:17:01.188 | INFO     | trainer_1:_train_one_epoch:201 - validate 3 cost time 7.74s, result: {'hit@1': 0.0111, 'ndcg@1': 0.0111, 'hit@5': 0.039, 'ndcg@5': 0.025, 'hit@10': 0.0645, 'ndcg@10': 0.0331, 'hit@15': 0.0866, 'ndcg@15': 0.039, 'hit@20': 0.1061, 'ndcg@20': 0.0436, 'hit@40': 0.1715, 'ndcg@40': 0.0569} 
2024-10-15 16:17:07.295 | INFO     | trainer_1:_train_one_epoch:209 - test 3 cost time 6.11s, result: {'hit@1': 0.0066, 'ndcg@1': 0.0066, 'hit@5': 0.0233, 'ndcg@5': 0.015, 'hit@10': 0.0418, 'ndcg@10': 0.0209, 'hit@15': 0.0576, 'ndcg@15': 0.025, 'hit@20': 0.0723, 'ndcg@20': 0.0285, 'hit@40': 0.1196, 'ndcg@40': 0.0381} 
2024-10-15 16:17:31.499 | INFO     | trainer_1:_train_one_epoch:193 - epoch 4 9.75s Train loss is [0.5711] 
2024-10-15 16:17:39.508 | INFO     | trainer_1:_train_one_epoch:201 - validate 4 cost time 8.01s, result: {'hit@1': 0.011, 'ndcg@1': 0.011, 'hit@5': 0.038, 'ndcg@5': 0.0243, 'hit@10': 0.0624, 'ndcg@10': 0.0321, 'hit@15': 0.0858, 'ndcg@15': 0.0383, 'hit@20': 0.1066, 'ndcg@20': 0.0432, 'hit@40': 0.1768, 'ndcg@40': 0.0575} 
2024-10-15 16:17:49.321 | INFO     | trainer_1:_train_one_epoch:209 - test 4 cost time 9.81s, result: {'hit@1': 0.0066, 'ndcg@1': 0.0066, 'hit@5': 0.0245, 'ndcg@5': 0.0154, 'hit@10': 0.042, 'ndcg@10': 0.0211, 'hit@15': 0.0578, 'ndcg@15': 0.0252, 'hit@20': 0.0728, 'ndcg@20': 0.0287, 'hit@40': 0.1253, 'ndcg@40': 0.0394} 
2024-10-15 16:18:13.305 | INFO     | trainer_1:_train_one_epoch:193 - epoch 5 8.96s Train loss is [0.5603] 
2024-10-15 16:18:22.225 | INFO     | trainer_1:_train_one_epoch:201 - validate 5 cost time 8.92s, result: {'hit@1': 0.0134, 'ndcg@1': 0.0134, 'hit@5': 0.0421, 'ndcg@5': 0.0279, 'hit@10': 0.0687, 'ndcg@10': 0.0364, 'hit@15': 0.0924, 'ndcg@15': 0.0426, 'hit@20': 0.1114, 'ndcg@20': 0.0471, 'hit@40': 0.179, 'ndcg@40': 0.0609} 
2024-10-15 16:18:29.852 | INFO     | trainer_1:_train_one_epoch:209 - test 5 cost time 7.63s, result: {'hit@1': 0.0063, 'ndcg@1': 0.0063, 'hit@5': 0.024, 'ndcg@5': 0.0151, 'hit@10': 0.0419, 'ndcg@10': 0.0208, 'hit@15': 0.0577, 'ndcg@15': 0.025, 'hit@20': 0.0731, 'ndcg@20': 0.0286, 'hit@40': 0.1251, 'ndcg@40': 0.0392} 
2024-10-15 16:18:36.486 | INFO     | trainer_1:_train_one_epoch:193 - epoch 6 6.63s Train loss is [0.5239] 
2024-10-15 16:18:44.374 | INFO     | trainer_1:_train_one_epoch:201 - validate 6 cost time 7.89s, result: {'hit@1': 0.0121, 'ndcg@1': 0.0121, 'hit@5': 0.0424, 'ndcg@5': 0.0272, 'hit@10': 0.0703, 'ndcg@10': 0.0361, 'hit@15': 0.0956, 'ndcg@15': 0.0428, 'hit@20': 0.1168, 'ndcg@20': 0.0478, 'hit@40': 0.1906, 'ndcg@40': 0.0628} 
2024-10-15 16:18:52.073 | INFO     | trainer_1:_train_one_epoch:209 - test 6 cost time 7.70s, result: {'hit@1': 0.0068, 'ndcg@1': 0.0068, 'hit@5': 0.0252, 'ndcg@5': 0.016, 'hit@10': 0.0447, 'ndcg@10': 0.0222, 'hit@15': 0.0618, 'ndcg@15': 0.0267, 'hit@20': 0.0783, 'ndcg@20': 0.0306, 'hit@40': 0.1346, 'ndcg@40': 0.042} 
2024-10-15 16:19:13.534 | INFO     | trainer_1:_train_one_epoch:193 - epoch 7 8.16s Train loss is [0.5155] 
2024-10-15 16:19:21.553 | INFO     | trainer_1:_train_one_epoch:201 - validate 7 cost time 8.02s, result: {'hit@1': 0.013, 'ndcg@1': 0.013, 'hit@5': 0.0449, 'ndcg@5': 0.0289, 'hit@10': 0.0736, 'ndcg@10': 0.0381, 'hit@15': 0.1002, 'ndcg@15': 0.0451, 'hit@20': 0.1232, 'ndcg@20': 0.0505, 'hit@40': 0.1952, 'ndcg@40': 0.0652} 
2024-10-15 16:19:28.983 | INFO     | trainer_1:_train_one_epoch:209 - test 7 cost time 7.43s, result: {'hit@1': 0.0077, 'ndcg@1': 0.0077, 'hit@5': 0.0281, 'ndcg@5': 0.0176, 'hit@10': 0.0473, 'ndcg@10': 0.0238, 'hit@15': 0.0643, 'ndcg@15': 0.0283, 'hit@20': 0.0822, 'ndcg@20': 0.0325, 'hit@40': 0.1385, 'ndcg@40': 0.0439} 
2024-10-15 16:19:50.757 | INFO     | trainer_1:_train_one_epoch:193 - epoch 8 9.35s Train loss is [0.5041] 
2024-10-15 16:19:57.917 | INFO     | trainer_1:_train_one_epoch:201 - validate 8 cost time 7.16s, result: {'hit@1': 0.0111, 'ndcg@1': 0.0111, 'hit@5': 0.041, 'ndcg@5': 0.0259, 'hit@10': 0.0735, 'ndcg@10': 0.0363, 'hit@15': 0.0994, 'ndcg@15': 0.0431, 'hit@20': 0.1254, 'ndcg@20': 0.0492, 'hit@40': 0.2028, 'ndcg@40': 0.065} 
2024-10-15 16:20:05.771 | INFO     | trainer_1:_train_one_epoch:209 - test 8 cost time 7.85s, result: {'hit@1': 0.006, 'ndcg@1': 0.006, 'hit@5': 0.0257, 'ndcg@5': 0.0157, 'hit@10': 0.0472, 'ndcg@10': 0.0226, 'hit@15': 0.0655, 'ndcg@15': 0.0274, 'hit@20': 0.0844, 'ndcg@20': 0.0319, 'hit@40': 0.1459, 'ndcg@40': 0.0444} 
2024-10-15 16:20:13.441 | INFO     | trainer_1:_train_one_epoch:193 - epoch 9 7.67s Train loss is [0.4734] 
2024-10-15 16:20:22.055 | INFO     | trainer_1:_train_one_epoch:201 - validate 9 cost time 8.61s, result: {'hit@1': 0.015, 'ndcg@1': 0.015, 'hit@5': 0.0466, 'ndcg@5': 0.0307, 'hit@10': 0.0776, 'ndcg@10': 0.0406, 'hit@15': 0.106, 'ndcg@15': 0.0481, 'hit@20': 0.1292, 'ndcg@20': 0.0536, 'hit@40': 0.208, 'ndcg@40': 0.0697} 
2024-10-15 16:20:29.863 | INFO     | trainer_1:_train_one_epoch:209 - test 9 cost time 7.81s, result: {'hit@1': 0.008, 'ndcg@1': 0.008, 'hit@5': 0.028, 'ndcg@5': 0.018, 'hit@10': 0.0498, 'ndcg@10': 0.025, 'hit@15': 0.0684, 'ndcg@15': 0.0299, 'hit@20': 0.0857, 'ndcg@20': 0.0339, 'hit@40': 0.1459, 'ndcg@40': 0.0462} 
2024-10-15 16:20:56.303 | INFO     | trainer_1:_train_one_epoch:193 - epoch 10 8.71s Train loss is [0.4662] 
2024-10-15 16:21:03.997 | INFO     | trainer_1:_train_one_epoch:201 - validate 10 cost time 7.69s, result: {'hit@1': 0.0125, 'ndcg@1': 0.0125, 'hit@5': 0.0467, 'ndcg@5': 0.0296, 'hit@10': 0.079, 'ndcg@10': 0.0399, 'hit@15': 0.1076, 'ndcg@15': 0.0475, 'hit@20': 0.1329, 'ndcg@20': 0.0535, 'hit@40': 0.2134, 'ndcg@40': 0.0699} 
2024-10-15 16:21:13.323 | INFO     | trainer_1:_train_one_epoch:209 - test 10 cost time 9.33s, result: {'hit@1': 0.0071, 'ndcg@1': 0.0071, 'hit@5': 0.0287, 'ndcg@5': 0.0177, 'hit@10': 0.051, 'ndcg@10': 0.0248, 'hit@15': 0.0699, 'ndcg@15': 0.0298, 'hit@20': 0.0863, 'ndcg@20': 0.0337, 'hit@40': 0.1475, 'ndcg@40': 0.0462} 
2024-10-15 16:21:33.581 | INFO     | trainer_1:_train_one_epoch:193 - epoch 11 7.91s Train loss is [0.4710] 
2024-10-15 16:21:40.896 | INFO     | trainer_1:_train_one_epoch:201 - validate 11 cost time 7.31s, result: {'hit@1': 0.0115, 'ndcg@1': 0.0115, 'hit@5': 0.0442, 'ndcg@5': 0.0277, 'hit@10': 0.0753, 'ndcg@10': 0.0377, 'hit@15': 0.1025, 'ndcg@15': 0.0449, 'hit@20': 0.1287, 'ndcg@20': 0.0511, 'hit@40': 0.2121, 'ndcg@40': 0.068} 
2024-10-15 16:21:47.788 | INFO     | trainer_1:_train_one_epoch:209 - test 11 cost time 6.89s, result: {'hit@1': 0.0069, 'ndcg@1': 0.0069, 'hit@5': 0.0282, 'ndcg@5': 0.0175, 'hit@10': 0.049, 'ndcg@10': 0.0241, 'hit@15': 0.068, 'ndcg@15': 0.0292, 'hit@20': 0.0862, 'ndcg@20': 0.0335, 'hit@40': 0.146, 'ndcg@40': 0.0456} 
2024-10-15 16:21:56.976 | INFO     | trainer_1:_train_one_epoch:193 - epoch 12 9.19s Train loss is [0.4607] 
2024-10-15 16:22:06.259 | INFO     | trainer_1:_train_one_epoch:201 - validate 12 cost time 9.28s, result: {'hit@1': 0.0139, 'ndcg@1': 0.0139, 'hit@5': 0.0469, 'ndcg@5': 0.0303, 'hit@10': 0.0785, 'ndcg@10': 0.0405, 'hit@15': 0.1051, 'ndcg@15': 0.0475, 'hit@20': 0.1293, 'ndcg@20': 0.0532, 'hit@40': 0.2097, 'ndcg@40': 0.0696} 
2024-10-15 16:22:14.773 | INFO     | trainer_1:_train_one_epoch:209 - test 12 cost time 8.51s, result: {'hit@1': 0.0078, 'ndcg@1': 0.0078, 'hit@5': 0.0284, 'ndcg@5': 0.0181, 'hit@10': 0.0492, 'ndcg@10': 0.0247, 'hit@15': 0.0683, 'ndcg@15': 0.0297, 'hit@20': 0.0849, 'ndcg@20': 0.0336, 'hit@40': 0.1424, 'ndcg@40': 0.0453} 
2024-10-15 16:22:23.673 | INFO     | trainer_1:_train_one_epoch:193 - epoch 13 8.90s Train loss is [0.4488] 
2024-10-15 16:22:29.221 | INFO     | trainer_1:_train_one_epoch:201 - validate 13 cost time 5.55s, result: {'hit@1': 0.0139, 'ndcg@1': 0.0139, 'hit@5': 0.0485, 'ndcg@5': 0.0309, 'hit@10': 0.0802, 'ndcg@10': 0.0411, 'hit@15': 0.1064, 'ndcg@15': 0.048, 'hit@20': 0.1314, 'ndcg@20': 0.0539, 'hit@40': 0.2143, 'ndcg@40': 0.0707} 
2024-10-15 16:22:34.364 | INFO     | trainer_1:_train_one_epoch:209 - test 13 cost time 5.14s, result: {'hit@1': 0.0075, 'ndcg@1': 0.0075, 'hit@5': 0.028, 'ndcg@5': 0.0177, 'hit@10': 0.0502, 'ndcg@10': 0.0248, 'hit@15': 0.0684, 'ndcg@15': 0.0296, 'hit@20': 0.0861, 'ndcg@20': 0.0338, 'hit@40': 0.1463, 'ndcg@40': 0.046} 
2024-10-15 16:22:43.204 | INFO     | trainer_1:_train_one_epoch:193 - epoch 14 8.84s Train loss is [0.4317] 
2024-10-15 16:22:50.814 | INFO     | trainer_1:_train_one_epoch:201 - validate 14 cost time 7.61s, result: {'hit@1': 0.0152, 'ndcg@1': 0.0152, 'hit@5': 0.0533, 'ndcg@5': 0.0343, 'hit@10': 0.0859, 'ndcg@10': 0.0447, 'hit@15': 0.115, 'ndcg@15': 0.0524, 'hit@20': 0.1395, 'ndcg@20': 0.0582, 'hit@40': 0.2241, 'ndcg@40': 0.0755} 
2024-10-15 16:22:58.098 | INFO     | trainer_1:_train_one_epoch:209 - test 14 cost time 7.28s, result: {'hit@1': 0.0079, 'ndcg@1': 0.0079, 'hit@5': 0.0325, 'ndcg@5': 0.02, 'hit@10': 0.053, 'ndcg@10': 0.0266, 'hit@15': 0.0729, 'ndcg@15': 0.0319, 'hit@20': 0.0904, 'ndcg@20': 0.036, 'hit@40': 0.1528, 'ndcg@40': 0.0487} 
2024-10-15 16:23:20.273 | INFO     | trainer_1:_train_one_epoch:193 - epoch 15 8.00s Train loss is [0.4396] 
2024-10-15 16:23:27.112 | INFO     | trainer_1:_train_one_epoch:201 - validate 15 cost time 6.84s, result: {'hit@1': 0.0144, 'ndcg@1': 0.0144, 'hit@5': 0.0498, 'ndcg@5': 0.032, 'hit@10': 0.0824, 'ndcg@10': 0.0424, 'hit@15': 0.1103, 'ndcg@15': 0.0498, 'hit@20': 0.1323, 'ndcg@20': 0.055, 'hit@40': 0.2129, 'ndcg@40': 0.0714} 
2024-10-15 16:23:34.952 | INFO     | trainer_1:_train_one_epoch:209 - test 15 cost time 7.84s, result: {'hit@1': 0.0081, 'ndcg@1': 0.0081, 'hit@5': 0.0308, 'ndcg@5': 0.0195, 'hit@10': 0.0514, 'ndcg@10': 0.026, 'hit@15': 0.0704, 'ndcg@15': 0.031, 'hit@20': 0.0884, 'ndcg@20': 0.0353, 'hit@40': 0.1463, 'ndcg@40': 0.0471} 
2024-10-15 16:23:45.818 | INFO     | trainer_1:_train_one_epoch:193 - epoch 16 10.86s Train loss is [0.4123] 
2024-10-15 16:23:54.258 | INFO     | trainer_1:_train_one_epoch:201 - validate 16 cost time 8.44s, result: {'hit@1': 0.0129, 'ndcg@1': 0.0129, 'hit@5': 0.0482, 'ndcg@5': 0.0305, 'hit@10': 0.08, 'ndcg@10': 0.0407, 'hit@15': 0.1072, 'ndcg@15': 0.0478, 'hit@20': 0.1326, 'ndcg@20': 0.0538, 'hit@40': 0.2111, 'ndcg@40': 0.0698} 
2024-10-15 16:24:03.489 | INFO     | trainer_1:_train_one_epoch:209 - test 16 cost time 9.23s, result: {'hit@1': 0.0078, 'ndcg@1': 0.0078, 'hit@5': 0.0312, 'ndcg@5': 0.0194, 'hit@10': 0.0527, 'ndcg@10': 0.0263, 'hit@15': 0.0718, 'ndcg@15': 0.0314, 'hit@20': 0.0893, 'ndcg@20': 0.0355, 'hit@40': 0.1517, 'ndcg@40': 0.0482} 
2024-10-15 16:24:13.798 | INFO     | trainer_1:_train_one_epoch:193 - epoch 17 10.31s Train loss is [0.4096] 
2024-10-15 16:24:21.837 | INFO     | trainer_1:_train_one_epoch:201 - validate 17 cost time 8.04s, result: {'hit@1': 0.014, 'ndcg@1': 0.014, 'hit@5': 0.0484, 'ndcg@5': 0.0312, 'hit@10': 0.0788, 'ndcg@10': 0.041, 'hit@15': 0.1057, 'ndcg@15': 0.0481, 'hit@20': 0.1317, 'ndcg@20': 0.0542, 'hit@40': 0.2185, 'ndcg@40': 0.0719} 
2024-10-15 16:24:29.435 | INFO     | trainer_1:_train_one_epoch:209 - test 17 cost time 7.60s, result: {'hit@1': 0.0079, 'ndcg@1': 0.0079, 'hit@5': 0.0309, 'ndcg@5': 0.0193, 'hit@10': 0.0538, 'ndcg@10': 0.0266, 'hit@15': 0.0746, 'ndcg@15': 0.0321, 'hit@20': 0.0925, 'ndcg@20': 0.0363, 'hit@40': 0.1561, 'ndcg@40': 0.0492} 
2024-10-15 16:24:50.025 | INFO     | trainer_1:_train_one_epoch:193 - epoch 18 7.32s Train loss is [0.4018] 
2024-10-15 16:24:57.468 | INFO     | trainer_1:_train_one_epoch:201 - validate 18 cost time 7.44s, result: {'hit@1': 0.0133, 'ndcg@1': 0.0133, 'hit@5': 0.0482, 'ndcg@5': 0.0307, 'hit@10': 0.0798, 'ndcg@10': 0.0408, 'hit@15': 0.1101, 'ndcg@15': 0.0488, 'hit@20': 0.135, 'ndcg@20': 0.0547, 'hit@40': 0.2195, 'ndcg@40': 0.0719} 
2024-10-15 16:25:02.621 | INFO     | trainer_1:_train_one_epoch:209 - test 18 cost time 5.15s, result: {'hit@1': 0.0069, 'ndcg@1': 0.0069, 'hit@5': 0.0301, 'ndcg@5': 0.0185, 'hit@10': 0.0541, 'ndcg@10': 0.0262, 'hit@15': 0.0724, 'ndcg@15': 0.031, 'hit@20': 0.0892, 'ndcg@20': 0.035, 'hit@40': 0.1509, 'ndcg@40': 0.0476} 
2024-10-15 16:25:31.152 | INFO     | trainer_1:_train_one_epoch:193 - epoch 19 9.51s Train loss is [0.4058] 
2024-10-15 16:25:39.918 | INFO     | trainer_1:_train_one_epoch:201 - validate 19 cost time 8.77s, result: {'hit@1': 0.0144, 'ndcg@1': 0.0144, 'hit@5': 0.052, 'ndcg@5': 0.0331, 'hit@10': 0.0856, 'ndcg@10': 0.0439, 'hit@15': 0.1142, 'ndcg@15': 0.0514, 'hit@20': 0.1394, 'ndcg@20': 0.0574, 'hit@40': 0.2244, 'ndcg@40': 0.0747} 
2024-10-15 16:25:48.323 | INFO     | trainer_1:_train_one_epoch:209 - test 19 cost time 8.40s, result: {'hit@1': 0.0083, 'ndcg@1': 0.0083, 'hit@5': 0.0344, 'ndcg@5': 0.0214, 'hit@10': 0.0572, 'ndcg@10': 0.0287, 'hit@15': 0.0773, 'ndcg@15': 0.034, 'hit@20': 0.0956, 'ndcg@20': 0.0383, 'hit@40': 0.1602, 'ndcg@40': 0.0514} 
2024-10-15 16:26:13.476 | INFO     | trainer_1:_train_one_epoch:193 - epoch 20 8.06s Train loss is [0.4007] 
2024-10-15 16:26:22.815 | INFO     | trainer_1:_train_one_epoch:201 - validate 20 cost time 9.34s, result: {'hit@1': 0.0146, 'ndcg@1': 0.0146, 'hit@5': 0.0515, 'ndcg@5': 0.033, 'hit@10': 0.0862, 'ndcg@10': 0.0442, 'hit@15': 0.114, 'ndcg@15': 0.0515, 'hit@20': 0.14, 'ndcg@20': 0.0576, 'hit@40': 0.224, 'ndcg@40': 0.0747} 
2024-10-15 16:26:30.394 | INFO     | trainer_1:_train_one_epoch:209 - test 20 cost time 7.58s, result: {'hit@1': 0.0074, 'ndcg@1': 0.0074, 'hit@5': 0.0324, 'ndcg@5': 0.0199, 'hit@10': 0.0565, 'ndcg@10': 0.0276, 'hit@15': 0.0758, 'ndcg@15': 0.0327, 'hit@20': 0.0962, 'ndcg@20': 0.0375, 'hit@40': 0.1587, 'ndcg@40': 0.0502} 
2024-10-15 16:26:39.044 | INFO     | trainer_1:_train_one_epoch:193 - epoch 21 8.65s Train loss is [0.3895] 
2024-10-15 16:26:44.394 | INFO     | trainer_1:_train_one_epoch:201 - validate 21 cost time 5.35s, result: {'hit@1': 0.0159, 'ndcg@1': 0.0159, 'hit@5': 0.0557, 'ndcg@5': 0.0358, 'hit@10': 0.093, 'ndcg@10': 0.0478, 'hit@15': 0.1238, 'ndcg@15': 0.0559, 'hit@20': 0.1523, 'ndcg@20': 0.0626, 'hit@40': 0.2405, 'ndcg@40': 0.0806} 
2024-10-15 16:26:51.922 | INFO     | trainer_1:_train_one_epoch:209 - test 21 cost time 7.53s, result: {'hit@1': 0.0086, 'ndcg@1': 0.0086, 'hit@5': 0.035, 'ndcg@5': 0.0218, 'hit@10': 0.0618, 'ndcg@10': 0.0304, 'hit@15': 0.0838, 'ndcg@15': 0.0362, 'hit@20': 0.104, 'ndcg@20': 0.041, 'hit@40': 0.1724, 'ndcg@40': 0.0549} 
2024-10-15 16:27:14.601 | INFO     | trainer_1:_train_one_epoch:193 - epoch 22 8.44s Train loss is [0.3891] 
2024-10-15 16:27:24.134 | INFO     | trainer_1:_train_one_epoch:201 - validate 22 cost time 9.53s, result: {'hit@1': 0.0144, 'ndcg@1': 0.0144, 'hit@5': 0.0524, 'ndcg@5': 0.0333, 'hit@10': 0.088, 'ndcg@10': 0.0447, 'hit@15': 0.1177, 'ndcg@15': 0.0526, 'hit@20': 0.1456, 'ndcg@20': 0.0591, 'hit@40': 0.2326, 'ndcg@40': 0.0768} 
2024-10-15 16:27:32.804 | INFO     | trainer_1:_train_one_epoch:209 - test 22 cost time 8.67s, result: {'hit@1': 0.0084, 'ndcg@1': 0.0084, 'hit@5': 0.035, 'ndcg@5': 0.0215, 'hit@10': 0.0606, 'ndcg@10': 0.0298, 'hit@15': 0.0824, 'ndcg@15': 0.0355, 'hit@20': 0.1032, 'ndcg@20': 0.0404, 'hit@40': 0.1687, 'ndcg@40': 0.0537} 
2024-10-15 16:27:40.514 | INFO     | trainer_1:_train_one_epoch:193 - epoch 23 7.71s Train loss is [0.3982] 
2024-10-15 16:27:48.080 | INFO     | trainer_1:_train_one_epoch:201 - validate 23 cost time 7.57s, result: {'hit@1': 0.0145, 'ndcg@1': 0.0145, 'hit@5': 0.0551, 'ndcg@5': 0.0347, 'hit@10': 0.0924, 'ndcg@10': 0.0466, 'hit@15': 0.1218, 'ndcg@15': 0.0544, 'hit@20': 0.1494, 'ndcg@20': 0.0609, 'hit@40': 0.2366, 'ndcg@40': 0.0787} 
2024-10-15 16:27:55.355 | INFO     | trainer_1:_train_one_epoch:209 - test 23 cost time 7.27s, result: {'hit@1': 0.0097, 'ndcg@1': 0.0097, 'hit@5': 0.0367, 'ndcg@5': 0.023, 'hit@10': 0.0611, 'ndcg@10': 0.0307, 'hit@15': 0.0827, 'ndcg@15': 0.0364, 'hit@20': 0.1038, 'ndcg@20': 0.0414, 'hit@40': 0.1715, 'ndcg@40': 0.0552} 
2024-10-15 16:28:05.344 | INFO     | trainer_1:_train_one_epoch:193 - epoch 24 9.99s Train loss is [0.3856] 
2024-10-15 16:28:15.578 | INFO     | trainer_1:_train_one_epoch:201 - validate 24 cost time 10.23s, result: {'hit@1': 0.0146, 'ndcg@1': 0.0146, 'hit@5': 0.0556, 'ndcg@5': 0.035, 'hit@10': 0.0941, 'ndcg@10': 0.0474, 'hit@15': 0.1237, 'ndcg@15': 0.0552, 'hit@20': 0.1521, 'ndcg@20': 0.0619, 'hit@40': 0.2416, 'ndcg@40': 0.0802} 
2024-10-15 16:28:24.697 | INFO     | trainer_1:_train_one_epoch:209 - test 24 cost time 9.12s, result: {'hit@1': 0.009, 'ndcg@1': 0.009, 'hit@5': 0.0363, 'ndcg@5': 0.0227, 'hit@10': 0.0619, 'ndcg@10': 0.0309, 'hit@15': 0.0832, 'ndcg@15': 0.0365, 'hit@20': 0.1046, 'ndcg@20': 0.0416, 'hit@40': 0.1747, 'ndcg@40': 0.0559} 
2024-10-15 16:28:45.572 | INFO     | trainer_1:_train_one_epoch:193 - epoch 25 9.07s Train loss is [0.3903] 
2024-10-15 16:28:52.858 | INFO     | trainer_1:_train_one_epoch:201 - validate 25 cost time 7.29s, result: {'hit@1': 0.0149, 'ndcg@1': 0.0149, 'hit@5': 0.0531, 'ndcg@5': 0.034, 'hit@10': 0.0876, 'ndcg@10': 0.0451, 'hit@15': 0.1163, 'ndcg@15': 0.0527, 'hit@20': 0.1446, 'ndcg@20': 0.0593, 'hit@40': 0.2324, 'ndcg@40': 0.0772} 
2024-10-15 16:29:00.541 | INFO     | trainer_1:_train_one_epoch:209 - test 25 cost time 7.68s, result: {'hit@1': 0.0092, 'ndcg@1': 0.0092, 'hit@5': 0.0357, 'ndcg@5': 0.0222, 'hit@10': 0.0598, 'ndcg@10': 0.0299, 'hit@15': 0.0815, 'ndcg@15': 0.0356, 'hit@20': 0.1002, 'ndcg@20': 0.04, 'hit@40': 0.1654, 'ndcg@40': 0.0532} 
2024-10-15 16:29:09.454 | INFO     | trainer_1:_train_one_epoch:193 - epoch 26 8.91s Train loss is [0.3799] 
2024-10-15 16:29:17.116 | INFO     | trainer_1:_train_one_epoch:201 - validate 26 cost time 7.66s, result: {'hit@1': 0.0151, 'ndcg@1': 0.0151, 'hit@5': 0.0543, 'ndcg@5': 0.0347, 'hit@10': 0.0887, 'ndcg@10': 0.0457, 'hit@15': 0.117, 'ndcg@15': 0.0532, 'hit@20': 0.1435, 'ndcg@20': 0.0594, 'hit@40': 0.2295, 'ndcg@40': 0.0769} 
2024-10-15 16:29:24.929 | INFO     | trainer_1:_train_one_epoch:209 - test 26 cost time 7.81s, result: {'hit@1': 0.0092, 'ndcg@1': 0.0092, 'hit@5': 0.0366, 'ndcg@5': 0.0228, 'hit@10': 0.0632, 'ndcg@10': 0.0313, 'hit@15': 0.0852, 'ndcg@15': 0.0371, 'hit@20': 0.1032, 'ndcg@20': 0.0414, 'hit@40': 0.1689, 'ndcg@40': 0.0547} 
2024-10-15 16:29:48.276 | INFO     | trainer_1:_train_one_epoch:193 - epoch 27 7.52s Train loss is [0.3862] 
2024-10-15 16:29:58.188 | INFO     | trainer_1:_train_one_epoch:201 - validate 27 cost time 9.91s, result: {'hit@1': 0.0146, 'ndcg@1': 0.0146, 'hit@5': 0.054, 'ndcg@5': 0.0342, 'hit@10': 0.0872, 'ndcg@10': 0.0449, 'hit@15': 0.1173, 'ndcg@15': 0.0528, 'hit@20': 0.1449, 'ndcg@20': 0.0593, 'hit@40': 0.234, 'ndcg@40': 0.0775} 
2024-10-15 16:30:08.200 | INFO     | trainer_1:_train_one_epoch:209 - test 27 cost time 10.01s, result: {'hit@1': 0.0088, 'ndcg@1': 0.0088, 'hit@5': 0.0334, 'ndcg@5': 0.0211, 'hit@10': 0.0577, 'ndcg@10': 0.0289, 'hit@15': 0.0777, 'ndcg@15': 0.0342, 'hit@20': 0.0991, 'ndcg@20': 0.0392, 'hit@40': 0.1649, 'ndcg@40': 0.0526} 
2024-10-15 16:30:16.629 | INFO     | trainer_1:_train_one_epoch:193 - epoch 28 8.43s Train loss is [0.3831] 
2024-10-15 16:30:24.035 | INFO     | trainer_1:_train_one_epoch:201 - validate 28 cost time 7.41s, result: {'hit@1': 0.0145, 'ndcg@1': 0.0145, 'hit@5': 0.0502, 'ndcg@5': 0.0324, 'hit@10': 0.084, 'ndcg@10': 0.0433, 'hit@15': 0.1138, 'ndcg@15': 0.0511, 'hit@20': 0.1399, 'ndcg@20': 0.0573, 'hit@40': 0.228, 'ndcg@40': 0.0752} 
2024-10-15 16:30:31.415 | INFO     | trainer_1:_train_one_epoch:209 - test 28 cost time 7.38s, result: {'hit@1': 0.009, 'ndcg@1': 0.009, 'hit@5': 0.0315, 'ndcg@5': 0.0201, 'hit@10': 0.057, 'ndcg@10': 0.0283, 'hit@15': 0.0773, 'ndcg@15': 0.0336, 'hit@20': 0.0961, 'ndcg@20': 0.0381, 'hit@40': 0.1616, 'ndcg@40': 0.0514} 
2024-10-15 16:30:41.959 | INFO     | trainer_1:_train_one_epoch:193 - epoch 29 10.54s Train loss is [0.3697] 
2024-10-15 16:30:52.590 | INFO     | trainer_1:_train_one_epoch:201 - validate 29 cost time 10.63s, result: {'hit@1': 0.0156, 'ndcg@1': 0.0156, 'hit@5': 0.0544, 'ndcg@5': 0.0351, 'hit@10': 0.0906, 'ndcg@10': 0.0468, 'hit@15': 0.1219, 'ndcg@15': 0.055, 'hit@20': 0.148, 'ndcg@20': 0.0612, 'hit@40': 0.2382, 'ndcg@40': 0.0795} 
2024-10-15 16:31:02.185 | INFO     | trainer_1:_train_one_epoch:209 - test 29 cost time 9.59s, result: {'hit@1': 0.0093, 'ndcg@1': 0.0093, 'hit@5': 0.0353, 'ndcg@5': 0.0221, 'hit@10': 0.0612, 'ndcg@10': 0.0304, 'hit@15': 0.0819, 'ndcg@15': 0.0358, 'hit@20': 0.1022, 'ndcg@20': 0.0406, 'hit@40': 0.1699, 'ndcg@40': 0.0544} 
2024-10-15 16:31:08.883 | INFO     | trainer_1:_train_one_epoch:193 - epoch 30 6.70s Train loss is [0.3618] 
2024-10-15 16:31:16.057 | INFO     | trainer_1:_train_one_epoch:201 - validate 30 cost time 7.17s, result: {'hit@1': 0.0158, 'ndcg@1': 0.0158, 'hit@5': 0.0545, 'ndcg@5': 0.0352, 'hit@10': 0.0907, 'ndcg@10': 0.0468, 'hit@15': 0.122, 'ndcg@15': 0.055, 'hit@20': 0.1502, 'ndcg@20': 0.0617, 'hit@40': 0.2406, 'ndcg@40': 0.0801} 
2024-10-15 16:31:21.774 | INFO     | trainer_1:_train_one_epoch:209 - test 30 cost time 5.72s, result: {'hit@1': 0.0093, 'ndcg@1': 0.0093, 'hit@5': 0.0348, 'ndcg@5': 0.0219, 'hit@10': 0.0607, 'ndcg@10': 0.0302, 'hit@15': 0.0821, 'ndcg@15': 0.0359, 'hit@20': 0.1018, 'ndcg@20': 0.0405, 'hit@40': 0.1711, 'ndcg@40': 0.0546} 
2024-10-15 16:31:30.643 | INFO     | trainer_1:_train_one_epoch:193 - epoch 31 8.87s Train loss is [0.3602] 
2024-10-15 16:31:37.461 | INFO     | trainer_1:_train_one_epoch:201 - validate 31 cost time 6.82s, result: {'hit@1': 0.016, 'ndcg@1': 0.016, 'hit@5': 0.055, 'ndcg@5': 0.0355, 'hit@10': 0.091, 'ndcg@10': 0.0471, 'hit@15': 0.1207, 'ndcg@15': 0.0549, 'hit@20': 0.1486, 'ndcg@20': 0.0615, 'hit@40': 0.2381, 'ndcg@40': 0.0797} 
2024-10-15 16:31:45.771 | INFO     | trainer_1:_train_one_epoch:209 - test 31 cost time 8.31s, result: {'hit@1': 0.0094, 'ndcg@1': 0.0094, 'hit@5': 0.0348, 'ndcg@5': 0.022, 'hit@10': 0.0597, 'ndcg@10': 0.03, 'hit@15': 0.0825, 'ndcg@15': 0.036, 'hit@20': 0.1009, 'ndcg@20': 0.0403, 'hit@40': 0.1669, 'ndcg@40': 0.0537} 
2024-10-15 16:31:45.782 | INFO     | trainer_1:train_model:163 - training end, best iteration 26, results: {'hit@1': 0.0151, 'ndcg@1': 0.0151, 'hit@5': 0.0543, 'ndcg@5': 0.0347, 'hit@10': 0.0887, 'ndcg@10': 0.0457, 'hit@15': 0.117, 'ndcg@15': 0.0532, 'hit@20': 0.1435, 'ndcg@20': 0.0594, 'hit@40': 0.2295, 'ndcg@40': 0.0769}
2024-10-15 16:31:45.783 | INFO     | trainer_1:train_model:166 - final test result is:  {'hit@1': 0.0092, 'ndcg@1': 0.0092, 'hit@5': 0.0366, 'ndcg@5': 0.0228, 'hit@10': 0.0632, 'ndcg@10': 0.0313, 'hit@15': 0.0852, 'ndcg@15': 0.0371, 'hit@20': 0.1032, 'ndcg@20': 0.0414, 'hit@40': 0.1689, 'ndcg@40': 0.0547}
2024-10-15 16:31:46.119 | INFO     | __main__:<module>:119 - train end total cost time: 2205.5680725574493
