2024-10-15 16:42:10.705 | INFO     | __main__:<module>:105 - Namespace(TIME='2024-10-15 16_41_20', batch_size=1024, behaviors=['view', 'cart', 'buy'], check_point='model_pre_1_2024-10-15 14_50_31.pth', data_name='taobao', data_path='./data/taobao', decay=0.001, device='cuda:0', dim_qk=32, dim_v=64, distill_layers=4, distill_thres=0.5, distill_topK=60, distill_userK=4, embedding_size=64, epochs=100, gpu_no=1, if_load_model=True, ii_lambda=200, initializer_range=0.02, layers=2, loss_type='bpr', lr=0.001, message_dropout=0.25, metrics=['hit', 'ndcg'], min_epoch=5, model_name='main_1_zz', model_path='./check_point', node_dropout=0.75, omega=1, pt_loop=50, reg_weight=0.001, test_batch_size=1024, testbatch=1024, topk=[1, 5, 10, 15, 20, 40], uu_lambda=100)
2024-10-15 16:42:10.705 | INFO     | __main__:<module>:106 - BIPN(
  (message_dropout): Dropout(p=0.25, inplace=False)
  (user_embedding): Embedding(48750, 64, padding_idx=0)
  (item_embedding): Embedding(39494, 64, padding_idx=0)
  (global_Graph): LightGCN()
  (Graph_encoder): ModuleDict(
    (view): GraphEncoder(
      (light): LightGCN()
      (dropout): Dropout(p=0.75, inplace=False)
    )
    (cart): GraphEncoder(
      (light): LightGCN()
      (dropout): Dropout(p=0.75, inplace=False)
    )
    (buy): GraphEncoder(
      (light): LightGCN()
      (dropout): Dropout(p=0.75, inplace=False)
    )
  )
  (attention): Mutual_Attention()
  (bpr_loss): BPRLoss()
  (emb_loss): EmbLoss()
  (f): Sigmoid()
)
2024-10-15 16:49:00.428 | INFO     | trainer_1:_train_one_epoch:193 - epoch 1 13.41s Train loss is [0.7188] 
2024-10-15 16:49:13.115 | INFO     | trainer_1:_train_one_epoch:201 - validate 1 cost time 12.69s, result: {'hit@1': 0.0393, 'ndcg@1': 0.0393, 'hit@5': 0.1011, 'ndcg@5': 0.0715, 'hit@10': 0.134, 'ndcg@10': 0.0821, 'hit@15': 0.1571, 'ndcg@15': 0.0881, 'hit@20': 0.1739, 'ndcg@20': 0.0921, 'hit@40': 0.2185, 'ndcg@40': 0.1013} 
2024-10-15 16:49:25.703 | INFO     | trainer_1:_train_one_epoch:209 - test 1 cost time 12.59s, result: {'hit@1': 0.0305, 'ndcg@1': 0.0305, 'hit@5': 0.0811, 'ndcg@5': 0.0566, 'hit@10': 0.1086, 'ndcg@10': 0.0655, 'hit@15': 0.1275, 'ndcg@15': 0.0705, 'hit@20': 0.1416, 'ndcg@20': 0.0739, 'hit@40': 0.1806, 'ndcg@40': 0.0818} 
2024-10-15 16:49:46.835 | INFO     | trainer_1:_train_one_epoch:193 - epoch 2 13.22s Train loss is [0.4584] 
2024-10-15 16:49:59.496 | INFO     | trainer_1:_train_one_epoch:201 - validate 2 cost time 12.66s, result: {'hit@1': 0.0431, 'ndcg@1': 0.0431, 'hit@5': 0.1147, 'ndcg@5': 0.0803, 'hit@10': 0.1512, 'ndcg@10': 0.092, 'hit@15': 0.1744, 'ndcg@15': 0.0982, 'hit@20': 0.1922, 'ndcg@20': 0.1024, 'hit@40': 0.2379, 'ndcg@40': 0.1117} 
2024-10-15 16:50:12.090 | INFO     | trainer_1:_train_one_epoch:209 - test 2 cost time 12.59s, result: {'hit@1': 0.0338, 'ndcg@1': 0.0338, 'hit@5': 0.0945, 'ndcg@5': 0.0651, 'hit@10': 0.1264, 'ndcg@10': 0.0754, 'hit@15': 0.147, 'ndcg@15': 0.0809, 'hit@20': 0.1633, 'ndcg@20': 0.0848, 'hit@40': 0.204, 'ndcg@40': 0.0931} 
2024-10-15 16:50:33.788 | INFO     | trainer_1:_train_one_epoch:193 - epoch 3 13.32s Train loss is [0.4143] 
2024-10-15 16:50:46.432 | INFO     | trainer_1:_train_one_epoch:201 - validate 3 cost time 12.64s, result: {'hit@1': 0.045, 'ndcg@1': 0.045, 'hit@5': 0.1193, 'ndcg@5': 0.0837, 'hit@10': 0.1577, 'ndcg@10': 0.0961, 'hit@15': 0.1822, 'ndcg@15': 0.1026, 'hit@20': 0.2006, 'ndcg@20': 0.1069, 'hit@40': 0.2479, 'ndcg@40': 0.1166} 
2024-10-15 16:50:58.983 | INFO     | trainer_1:_train_one_epoch:209 - test 3 cost time 12.55s, result: {'hit@1': 0.0381, 'ndcg@1': 0.0381, 'hit@5': 0.1006, 'ndcg@5': 0.0707, 'hit@10': 0.1336, 'ndcg@10': 0.0814, 'hit@15': 0.1548, 'ndcg@15': 0.087, 'hit@20': 0.1713, 'ndcg@20': 0.0909, 'hit@40': 0.2127, 'ndcg@40': 0.0993} 
2024-10-15 16:51:20.426 | INFO     | trainer_1:_train_one_epoch:193 - epoch 4 13.66s Train loss is [0.3884] 
2024-10-15 16:51:33.083 | INFO     | trainer_1:_train_one_epoch:201 - validate 4 cost time 12.66s, result: {'hit@1': 0.0468, 'ndcg@1': 0.0468, 'hit@5': 0.1269, 'ndcg@5': 0.0885, 'hit@10': 0.1656, 'ndcg@10': 0.101, 'hit@15': 0.1891, 'ndcg@15': 0.1072, 'hit@20': 0.2084, 'ndcg@20': 0.1117, 'hit@40': 0.2557, 'ndcg@40': 0.1214} 
2024-10-15 16:51:45.610 | INFO     | trainer_1:_train_one_epoch:209 - test 4 cost time 12.53s, result: {'hit@1': 0.0401, 'ndcg@1': 0.0401, 'hit@5': 0.1061, 'ndcg@5': 0.0743, 'hit@10': 0.1385, 'ndcg@10': 0.0848, 'hit@15': 0.1616, 'ndcg@15': 0.0909, 'hit@20': 0.1769, 'ndcg@20': 0.0945, 'hit@40': 0.2205, 'ndcg@40': 0.1034} 
2024-10-15 16:52:06.954 | INFO     | trainer_1:_train_one_epoch:193 - epoch 5 13.51s Train loss is [0.3584] 
2024-10-15 16:52:19.654 | INFO     | trainer_1:_train_one_epoch:201 - validate 5 cost time 12.70s, result: {'hit@1': 0.0483, 'ndcg@1': 0.0483, 'hit@5': 0.1305, 'ndcg@5': 0.091, 'hit@10': 0.1711, 'ndcg@10': 0.1041, 'hit@15': 0.1958, 'ndcg@15': 0.1106, 'hit@20': 0.2156, 'ndcg@20': 0.1153, 'hit@40': 0.2653, 'ndcg@40': 0.1255} 
2024-10-15 16:52:32.256 | INFO     | trainer_1:_train_one_epoch:209 - test 5 cost time 12.60s, result: {'hit@1': 0.0414, 'ndcg@1': 0.0414, 'hit@5': 0.1103, 'ndcg@5': 0.0772, 'hit@10': 0.146, 'ndcg@10': 0.0887, 'hit@15': 0.168, 'ndcg@15': 0.0945, 'hit@20': 0.1848, 'ndcg@20': 0.0985, 'hit@40': 0.227, 'ndcg@40': 0.1071} 
2024-10-15 16:52:54.783 | INFO     | trainer_1:_train_one_epoch:193 - epoch 6 14.61s Train loss is [0.3418] 
2024-10-15 16:53:07.496 | INFO     | trainer_1:_train_one_epoch:201 - validate 6 cost time 12.71s, result: {'hit@1': 0.0486, 'ndcg@1': 0.0486, 'hit@5': 0.1317, 'ndcg@5': 0.0915, 'hit@10': 0.1733, 'ndcg@10': 0.105, 'hit@15': 0.1992, 'ndcg@15': 0.1118, 'hit@20': 0.2182, 'ndcg@20': 0.1163, 'hit@40': 0.2675, 'ndcg@40': 0.1264} 
2024-10-15 16:53:20.105 | INFO     | trainer_1:_train_one_epoch:209 - test 6 cost time 12.61s, result: {'hit@1': 0.0402, 'ndcg@1': 0.0402, 'hit@5': 0.1106, 'ndcg@5': 0.0768, 'hit@10': 0.1485, 'ndcg@10': 0.089, 'hit@15': 0.1708, 'ndcg@15': 0.0949, 'hit@20': 0.1875, 'ndcg@20': 0.0989, 'hit@40': 0.2316, 'ndcg@40': 0.1079} 
2024-10-15 16:53:43.403 | INFO     | trainer_1:_train_one_epoch:193 - epoch 7 15.06s Train loss is [0.3358] 
2024-10-15 16:53:56.093 | INFO     | trainer_1:_train_one_epoch:201 - validate 7 cost time 12.69s, result: {'hit@1': 0.0488, 'ndcg@1': 0.0488, 'hit@5': 0.1331, 'ndcg@5': 0.0925, 'hit@10': 0.1756, 'ndcg@10': 0.1062, 'hit@15': 0.2014, 'ndcg@15': 0.1131, 'hit@20': 0.2205, 'ndcg@20': 0.1176, 'hit@40': 0.2709, 'ndcg@40': 0.1279} 
2024-10-15 16:54:08.643 | INFO     | trainer_1:_train_one_epoch:209 - test 7 cost time 12.55s, result: {'hit@1': 0.041, 'ndcg@1': 0.041, 'hit@5': 0.1112, 'ndcg@5': 0.0777, 'hit@10': 0.1496, 'ndcg@10': 0.0902, 'hit@15': 0.172, 'ndcg@15': 0.0961, 'hit@20': 0.1897, 'ndcg@20': 0.1003, 'hit@40': 0.2331, 'ndcg@40': 0.1091} 
2024-10-15 16:54:31.423 | INFO     | trainer_1:_train_one_epoch:193 - epoch 8 15.04s Train loss is [0.3277] 
2024-10-15 16:54:44.133 | INFO     | trainer_1:_train_one_epoch:201 - validate 8 cost time 12.71s, result: {'hit@1': 0.0494, 'ndcg@1': 0.0494, 'hit@5': 0.1336, 'ndcg@5': 0.0931, 'hit@10': 0.1761, 'ndcg@10': 0.1069, 'hit@15': 0.2032, 'ndcg@15': 0.1141, 'hit@20': 0.223, 'ndcg@20': 0.1188, 'hit@40': 0.2736, 'ndcg@40': 0.1291} 
2024-10-15 16:54:56.668 | INFO     | trainer_1:_train_one_epoch:209 - test 8 cost time 12.53s, result: {'hit@1': 0.0412, 'ndcg@1': 0.0412, 'hit@5': 0.1122, 'ndcg@5': 0.0781, 'hit@10': 0.1506, 'ndcg@10': 0.0906, 'hit@15': 0.1728, 'ndcg@15': 0.0964, 'hit@20': 0.191, 'ndcg@20': 0.1007, 'hit@40': 0.2369, 'ndcg@40': 0.1101} 
2024-10-15 16:55:19.803 | INFO     | trainer_1:_train_one_epoch:193 - epoch 9 15.27s Train loss is [0.3161] 
2024-10-15 16:55:32.521 | INFO     | trainer_1:_train_one_epoch:201 - validate 9 cost time 12.72s, result: {'hit@1': 0.0506, 'ndcg@1': 0.0506, 'hit@5': 0.1353, 'ndcg@5': 0.0947, 'hit@10': 0.1785, 'ndcg@10': 0.1087, 'hit@15': 0.2049, 'ndcg@15': 0.1156, 'hit@20': 0.2245, 'ndcg@20': 0.1203, 'hit@40': 0.2766, 'ndcg@40': 0.1309} 
2024-10-15 16:55:45.105 | INFO     | trainer_1:_train_one_epoch:209 - test 9 cost time 12.58s, result: {'hit@1': 0.0418, 'ndcg@1': 0.0418, 'hit@5': 0.1159, 'ndcg@5': 0.0803, 'hit@10': 0.1546, 'ndcg@10': 0.0928, 'hit@15': 0.1778, 'ndcg@15': 0.0989, 'hit@20': 0.1939, 'ndcg@20': 0.1027, 'hit@40': 0.2404, 'ndcg@40': 0.1122} 
2024-10-15 16:56:08.010 | INFO     | trainer_1:_train_one_epoch:193 - epoch 10 14.97s Train loss is [0.3110] 
2024-10-15 16:56:20.709 | INFO     | trainer_1:_train_one_epoch:201 - validate 10 cost time 12.70s, result: {'hit@1': 0.0504, 'ndcg@1': 0.0504, 'hit@5': 0.1378, 'ndcg@5': 0.0958, 'hit@10': 0.1808, 'ndcg@10': 0.1097, 'hit@15': 0.2068, 'ndcg@15': 0.1165, 'hit@20': 0.2285, 'ndcg@20': 0.1217, 'hit@40': 0.2806, 'ndcg@40': 0.1323} 
2024-10-15 16:56:33.247 | INFO     | trainer_1:_train_one_epoch:209 - test 10 cost time 12.54s, result: {'hit@1': 0.0421, 'ndcg@1': 0.0421, 'hit@5': 0.1158, 'ndcg@5': 0.0802, 'hit@10': 0.154, 'ndcg@10': 0.0926, 'hit@15': 0.178, 'ndcg@15': 0.099, 'hit@20': 0.1954, 'ndcg@20': 0.1031, 'hit@40': 0.2429, 'ndcg@40': 0.1128} 
2024-10-15 16:56:47.274 | INFO     | trainer_1:_train_one_epoch:193 - epoch 11 14.03s Train loss is [0.3006] 
2024-10-15 16:56:59.982 | INFO     | trainer_1:_train_one_epoch:201 - validate 11 cost time 12.71s, result: {'hit@1': 0.0507, 'ndcg@1': 0.0507, 'hit@5': 0.1389, 'ndcg@5': 0.0965, 'hit@10': 0.183, 'ndcg@10': 0.1108, 'hit@15': 0.2102, 'ndcg@15': 0.118, 'hit@20': 0.231, 'ndcg@20': 0.1229, 'hit@40': 0.2837, 'ndcg@40': 0.1337} 
2024-10-15 16:57:12.560 | INFO     | trainer_1:_train_one_epoch:209 - test 11 cost time 12.58s, result: {'hit@1': 0.0424, 'ndcg@1': 0.0424, 'hit@5': 0.116, 'ndcg@5': 0.0805, 'hit@10': 0.1561, 'ndcg@10': 0.0935, 'hit@15': 0.1801, 'ndcg@15': 0.0998, 'hit@20': 0.1969, 'ndcg@20': 0.1038, 'hit@40': 0.2452, 'ndcg@40': 0.1137} 
2024-10-15 16:57:33.804 | INFO     | trainer_1:_train_one_epoch:193 - epoch 12 13.35s Train loss is [0.3029] 
2024-10-15 16:57:46.449 | INFO     | trainer_1:_train_one_epoch:201 - validate 12 cost time 12.64s, result: {'hit@1': 0.0507, 'ndcg@1': 0.0507, 'hit@5': 0.1396, 'ndcg@5': 0.0968, 'hit@10': 0.1836, 'ndcg@10': 0.1111, 'hit@15': 0.2102, 'ndcg@15': 0.1181, 'hit@20': 0.2312, 'ndcg@20': 0.1231, 'hit@40': 0.2852, 'ndcg@40': 0.1341} 
2024-10-15 16:57:59.010 | INFO     | trainer_1:_train_one_epoch:209 - test 12 cost time 12.56s, result: {'hit@1': 0.0417, 'ndcg@1': 0.0417, 'hit@5': 0.1164, 'ndcg@5': 0.0804, 'hit@10': 0.1564, 'ndcg@10': 0.0933, 'hit@15': 0.182, 'ndcg@15': 0.1001, 'hit@20': 0.1997, 'ndcg@20': 0.1043, 'hit@40': 0.2484, 'ndcg@40': 0.1142} 
2024-10-15 16:58:20.720 | INFO     | trainer_1:_train_one_epoch:193 - epoch 13 13.47s Train loss is [0.2900] 
2024-10-15 16:58:33.379 | INFO     | trainer_1:_train_one_epoch:201 - validate 13 cost time 12.66s, result: {'hit@1': 0.0515, 'ndcg@1': 0.0515, 'hit@5': 0.1406, 'ndcg@5': 0.0978, 'hit@10': 0.1842, 'ndcg@10': 0.1119, 'hit@15': 0.2113, 'ndcg@15': 0.119, 'hit@20': 0.2326, 'ndcg@20': 0.1241, 'hit@40': 0.2868, 'ndcg@40': 0.1352} 
2024-10-15 16:58:45.937 | INFO     | trainer_1:_train_one_epoch:209 - test 13 cost time 12.56s, result: {'hit@1': 0.0423, 'ndcg@1': 0.0423, 'hit@5': 0.1179, 'ndcg@5': 0.0813, 'hit@10': 0.1576, 'ndcg@10': 0.0941, 'hit@15': 0.1823, 'ndcg@15': 0.1007, 'hit@20': 0.2004, 'ndcg@20': 0.1049, 'hit@40': 0.2481, 'ndcg@40': 0.1147} 
2024-10-15 16:59:07.331 | INFO     | trainer_1:_train_one_epoch:193 - epoch 14 13.63s Train loss is [0.2941] 
2024-10-15 16:59:20.020 | INFO     | trainer_1:_train_one_epoch:201 - validate 14 cost time 12.69s, result: {'hit@1': 0.0518, 'ndcg@1': 0.0518, 'hit@5': 0.1417, 'ndcg@5': 0.0985, 'hit@10': 0.1858, 'ndcg@10': 0.1127, 'hit@15': 0.2145, 'ndcg@15': 0.1204, 'hit@20': 0.2354, 'ndcg@20': 0.1253, 'hit@40': 0.2893, 'ndcg@40': 0.1363} 
2024-10-15 16:59:32.581 | INFO     | trainer_1:_train_one_epoch:209 - test 14 cost time 12.56s, result: {'hit@1': 0.0422, 'ndcg@1': 0.0422, 'hit@5': 0.1196, 'ndcg@5': 0.0822, 'hit@10': 0.1594, 'ndcg@10': 0.0951, 'hit@15': 0.184, 'ndcg@15': 0.1016, 'hit@20': 0.2031, 'ndcg@20': 0.1061, 'hit@40': 0.2509, 'ndcg@40': 0.1158} 
2024-10-15 16:59:54.578 | INFO     | trainer_1:_train_one_epoch:193 - epoch 15 13.65s Train loss is [0.2926] 
2024-10-15 17:00:07.245 | INFO     | trainer_1:_train_one_epoch:201 - validate 15 cost time 12.67s, result: {'hit@1': 0.0521, 'ndcg@1': 0.0521, 'hit@5': 0.1432, 'ndcg@5': 0.0994, 'hit@10': 0.1874, 'ndcg@10': 0.1136, 'hit@15': 0.2151, 'ndcg@15': 0.121, 'hit@20': 0.2365, 'ndcg@20': 0.126, 'hit@40': 0.2904, 'ndcg@40': 0.137} 
2024-10-15 17:00:19.824 | INFO     | trainer_1:_train_one_epoch:209 - test 15 cost time 12.58s, result: {'hit@1': 0.0427, 'ndcg@1': 0.0427, 'hit@5': 0.1203, 'ndcg@5': 0.0828, 'hit@10': 0.1611, 'ndcg@10': 0.096, 'hit@15': 0.1848, 'ndcg@15': 0.1022, 'hit@20': 0.2031, 'ndcg@20': 0.1066, 'hit@40': 0.2504, 'ndcg@40': 0.1162} 
2024-10-15 17:00:42.811 | INFO     | trainer_1:_train_one_epoch:193 - epoch 16 14.99s Train loss is [0.2905] 
2024-10-15 17:00:55.476 | INFO     | trainer_1:_train_one_epoch:201 - validate 16 cost time 12.66s, result: {'hit@1': 0.0521, 'ndcg@1': 0.0521, 'hit@5': 0.1418, 'ndcg@5': 0.0986, 'hit@10': 0.187, 'ndcg@10': 0.1132, 'hit@15': 0.2147, 'ndcg@15': 0.1205, 'hit@20': 0.2351, 'ndcg@20': 0.1254, 'hit@40': 0.2893, 'ndcg@40': 0.1365} 
2024-10-15 17:01:08.027 | INFO     | trainer_1:_train_one_epoch:209 - test 16 cost time 12.55s, result: {'hit@1': 0.0431, 'ndcg@1': 0.0431, 'hit@5': 0.1208, 'ndcg@5': 0.0832, 'hit@10': 0.1613, 'ndcg@10': 0.0963, 'hit@15': 0.1852, 'ndcg@15': 0.1026, 'hit@20': 0.2036, 'ndcg@20': 0.1069, 'hit@40': 0.2505, 'ndcg@40': 0.1165} 
2024-10-15 17:01:30.910 | INFO     | trainer_1:_train_one_epoch:193 - epoch 17 15.10s Train loss is [0.2856] 
2024-10-15 17:01:43.816 | INFO     | trainer_1:_train_one_epoch:201 - validate 17 cost time 12.90s, result: {'hit@1': 0.0513, 'ndcg@1': 0.0513, 'hit@5': 0.1413, 'ndcg@5': 0.0979, 'hit@10': 0.1868, 'ndcg@10': 0.1126, 'hit@15': 0.2156, 'ndcg@15': 0.1202, 'hit@20': 0.2378, 'ndcg@20': 0.1255, 'hit@40': 0.2916, 'ndcg@40': 0.1365} 
2024-10-15 17:01:56.788 | INFO     | trainer_1:_train_one_epoch:209 - test 17 cost time 12.97s, result: {'hit@1': 0.0428, 'ndcg@1': 0.0428, 'hit@5': 0.1207, 'ndcg@5': 0.0832, 'hit@10': 0.161, 'ndcg@10': 0.0962, 'hit@15': 0.1856, 'ndcg@15': 0.1027, 'hit@20': 0.204, 'ndcg@20': 0.1071, 'hit@40': 0.2534, 'ndcg@40': 0.1172} 
2024-10-15 17:02:12.684 | INFO     | trainer_1:_train_one_epoch:193 - epoch 18 15.89s Train loss is [0.2805] 
2024-10-15 17:02:25.858 | INFO     | trainer_1:_train_one_epoch:201 - validate 18 cost time 13.17s, result: {'hit@1': 0.0506, 'ndcg@1': 0.0506, 'hit@5': 0.142, 'ndcg@5': 0.0981, 'hit@10': 0.1872, 'ndcg@10': 0.1127, 'hit@15': 0.2163, 'ndcg@15': 0.1204, 'hit@20': 0.2374, 'ndcg@20': 0.1254, 'hit@40': 0.2916, 'ndcg@40': 0.1365} 
2024-10-15 17:02:38.683 | INFO     | trainer_1:_train_one_epoch:209 - test 18 cost time 12.83s, result: {'hit@1': 0.043, 'ndcg@1': 0.043, 'hit@5': 0.1222, 'ndcg@5': 0.0841, 'hit@10': 0.1637, 'ndcg@10': 0.0975, 'hit@15': 0.1891, 'ndcg@15': 0.1042, 'hit@20': 0.2065, 'ndcg@20': 0.1084, 'hit@40': 0.2549, 'ndcg@40': 0.1182} 
2024-10-15 17:03:03.447 | INFO     | trainer_1:_train_one_epoch:193 - epoch 19 15.36s Train loss is [0.2792] 
2024-10-15 17:03:16.446 | INFO     | trainer_1:_train_one_epoch:201 - validate 19 cost time 13.00s, result: {'hit@1': 0.0514, 'ndcg@1': 0.0514, 'hit@5': 0.1431, 'ndcg@5': 0.0991, 'hit@10': 0.1885, 'ndcg@10': 0.1138, 'hit@15': 0.2164, 'ndcg@15': 0.1212, 'hit@20': 0.2373, 'ndcg@20': 0.1261, 'hit@40': 0.29, 'ndcg@40': 0.1369} 
2024-10-15 17:03:29.545 | INFO     | trainer_1:_train_one_epoch:209 - test 19 cost time 13.10s, result: {'hit@1': 0.0425, 'ndcg@1': 0.0425, 'hit@5': 0.1228, 'ndcg@5': 0.0842, 'hit@10': 0.1635, 'ndcg@10': 0.0974, 'hit@15': 0.1885, 'ndcg@15': 0.104, 'hit@20': 0.2067, 'ndcg@20': 0.1083, 'hit@40': 0.2555, 'ndcg@40': 0.1182} 
2024-10-15 17:03:45.247 | INFO     | trainer_1:_train_one_epoch:193 - epoch 20 15.70s Train loss is [0.2759] 
2024-10-15 17:03:58.063 | INFO     | trainer_1:_train_one_epoch:201 - validate 20 cost time 12.82s, result: {'hit@1': 0.0522, 'ndcg@1': 0.0522, 'hit@5': 0.1447, 'ndcg@5': 0.1002, 'hit@10': 0.1901, 'ndcg@10': 0.1149, 'hit@15': 0.2179, 'ndcg@15': 0.1222, 'hit@20': 0.2392, 'ndcg@20': 0.1273, 'hit@40': 0.2932, 'ndcg@40': 0.1383} 
2024-10-15 17:04:10.986 | INFO     | trainer_1:_train_one_epoch:209 - test 20 cost time 12.92s, result: {'hit@1': 0.0431, 'ndcg@1': 0.0431, 'hit@5': 0.1233, 'ndcg@5': 0.0847, 'hit@10': 0.1647, 'ndcg@10': 0.098, 'hit@15': 0.1901, 'ndcg@15': 0.1048, 'hit@20': 0.2094, 'ndcg@20': 0.1093, 'hit@40': 0.2573, 'ndcg@40': 0.1191} 
2024-10-15 17:04:34.788 | INFO     | trainer_1:_train_one_epoch:193 - epoch 21 14.99s Train loss is [0.2793] 
2024-10-15 17:04:48.024 | INFO     | trainer_1:_train_one_epoch:201 - validate 21 cost time 13.24s, result: {'hit@1': 0.0526, 'ndcg@1': 0.0526, 'hit@5': 0.1428, 'ndcg@5': 0.0992, 'hit@10': 0.1887, 'ndcg@10': 0.1141, 'hit@15': 0.2163, 'ndcg@15': 0.1213, 'hit@20': 0.2365, 'ndcg@20': 0.1261, 'hit@40': 0.2904, 'ndcg@40': 0.1372} 
2024-10-15 17:05:01.151 | INFO     | trainer_1:_train_one_epoch:209 - test 21 cost time 13.13s, result: {'hit@1': 0.0423, 'ndcg@1': 0.0423, 'hit@5': 0.1228, 'ndcg@5': 0.084, 'hit@10': 0.1637, 'ndcg@10': 0.0973, 'hit@15': 0.1891, 'ndcg@15': 0.104, 'hit@20': 0.2078, 'ndcg@20': 0.1084, 'hit@40': 0.2552, 'ndcg@40': 0.1181} 
2024-10-15 17:05:19.931 | INFO     | trainer_1:_train_one_epoch:193 - epoch 22 18.78s Train loss is [0.2741] 
2024-10-15 17:05:33.061 | INFO     | trainer_1:_train_one_epoch:201 - validate 22 cost time 13.13s, result: {'hit@1': 0.0523, 'ndcg@1': 0.0523, 'hit@5': 0.1451, 'ndcg@5': 0.1005, 'hit@10': 0.191, 'ndcg@10': 0.1153, 'hit@15': 0.2181, 'ndcg@15': 0.1225, 'hit@20': 0.2393, 'ndcg@20': 0.1275, 'hit@40': 0.2946, 'ndcg@40': 0.1388} 
2024-10-15 17:05:45.833 | INFO     | trainer_1:_train_one_epoch:209 - test 22 cost time 12.77s, result: {'hit@1': 0.0428, 'ndcg@1': 0.0428, 'hit@5': 0.1227, 'ndcg@5': 0.0843, 'hit@10': 0.1653, 'ndcg@10': 0.0981, 'hit@15': 0.1918, 'ndcg@15': 0.1051, 'hit@20': 0.2105, 'ndcg@20': 0.1095, 'hit@40': 0.2587, 'ndcg@40': 0.1194} 
2024-10-15 17:06:13.183 | INFO     | trainer_1:_train_one_epoch:193 - epoch 23 18.55s Train loss is [0.2669] 
2024-10-15 17:06:26.300 | INFO     | trainer_1:_train_one_epoch:201 - validate 23 cost time 13.12s, result: {'hit@1': 0.0525, 'ndcg@1': 0.0525, 'hit@5': 0.1453, 'ndcg@5': 0.1007, 'hit@10': 0.1904, 'ndcg@10': 0.1152, 'hit@15': 0.2195, 'ndcg@15': 0.1229, 'hit@20': 0.241, 'ndcg@20': 0.128, 'hit@40': 0.2968, 'ndcg@40': 0.1394} 
2024-10-15 17:06:38.910 | INFO     | trainer_1:_train_one_epoch:209 - test 23 cost time 12.61s, result: {'hit@1': 0.043, 'ndcg@1': 0.043, 'hit@5': 0.1237, 'ndcg@5': 0.0848, 'hit@10': 0.166, 'ndcg@10': 0.0985, 'hit@15': 0.192, 'ndcg@15': 0.1054, 'hit@20': 0.2105, 'ndcg@20': 0.1098, 'hit@40': 0.2593, 'ndcg@40': 0.1197} 
2024-10-15 17:07:07.371 | INFO     | trainer_1:_train_one_epoch:193 - epoch 24 20.72s Train loss is [0.2684] 
2024-10-15 17:07:20.273 | INFO     | trainer_1:_train_one_epoch:201 - validate 24 cost time 12.90s, result: {'hit@1': 0.0528, 'ndcg@1': 0.0528, 'hit@5': 0.146, 'ndcg@5': 0.1011, 'hit@10': 0.1919, 'ndcg@10': 0.1159, 'hit@15': 0.2207, 'ndcg@15': 0.1236, 'hit@20': 0.2413, 'ndcg@20': 0.1284, 'hit@40': 0.2955, 'ndcg@40': 0.1395} 
2024-10-15 17:07:32.921 | INFO     | trainer_1:_train_one_epoch:209 - test 24 cost time 12.65s, result: {'hit@1': 0.0432, 'ndcg@1': 0.0432, 'hit@5': 0.1247, 'ndcg@5': 0.0853, 'hit@10': 0.1663, 'ndcg@10': 0.0987, 'hit@15': 0.1923, 'ndcg@15': 0.1056, 'hit@20': 0.2114, 'ndcg@20': 0.1101, 'hit@40': 0.26, 'ndcg@40': 0.12} 
2024-10-15 17:08:00.723 | INFO     | trainer_1:_train_one_epoch:193 - epoch 25 20.19s Train loss is [0.2654] 
2024-10-15 17:08:13.677 | INFO     | trainer_1:_train_one_epoch:201 - validate 25 cost time 12.95s, result: {'hit@1': 0.0523, 'ndcg@1': 0.0523, 'hit@5': 0.1455, 'ndcg@5': 0.1007, 'hit@10': 0.1927, 'ndcg@10': 0.1159, 'hit@15': 0.2219, 'ndcg@15': 0.1237, 'hit@20': 0.2438, 'ndcg@20': 0.1288, 'hit@40': 0.2982, 'ndcg@40': 0.14} 
2024-10-15 17:08:26.288 | INFO     | trainer_1:_train_one_epoch:209 - test 25 cost time 12.61s, result: {'hit@1': 0.0437, 'ndcg@1': 0.0437, 'hit@5': 0.1262, 'ndcg@5': 0.0863, 'hit@10': 0.1682, 'ndcg@10': 0.0998, 'hit@15': 0.1944, 'ndcg@15': 0.1068, 'hit@20': 0.2141, 'ndcg@20': 0.1114, 'hit@40': 0.2629, 'ndcg@40': 0.1214} 
2024-10-15 17:08:53.151 | INFO     | trainer_1:_train_one_epoch:193 - epoch 26 19.25s Train loss is [0.2708] 
2024-10-15 17:09:06.033 | INFO     | trainer_1:_train_one_epoch:201 - validate 26 cost time 12.88s, result: {'hit@1': 0.0522, 'ndcg@1': 0.0522, 'hit@5': 0.145, 'ndcg@5': 0.1003, 'hit@10': 0.1918, 'ndcg@10': 0.1155, 'hit@15': 0.2215, 'ndcg@15': 0.1234, 'hit@20': 0.2422, 'ndcg@20': 0.1283, 'hit@40': 0.2967, 'ndcg@40': 0.1394} 
2024-10-15 17:09:18.748 | INFO     | trainer_1:_train_one_epoch:209 - test 26 cost time 12.71s, result: {'hit@1': 0.0435, 'ndcg@1': 0.0435, 'hit@5': 0.1249, 'ndcg@5': 0.0856, 'hit@10': 0.1685, 'ndcg@10': 0.0997, 'hit@15': 0.1937, 'ndcg@15': 0.1064, 'hit@20': 0.2131, 'ndcg@20': 0.1109, 'hit@40': 0.2616, 'ndcg@40': 0.1209} 
2024-10-15 17:09:45.051 | INFO     | trainer_1:_train_one_epoch:193 - epoch 27 18.32s Train loss is [0.2641] 
2024-10-15 17:09:58.067 | INFO     | trainer_1:_train_one_epoch:201 - validate 27 cost time 13.02s, result: {'hit@1': 0.0522, 'ndcg@1': 0.0522, 'hit@5': 0.1448, 'ndcg@5': 0.1003, 'hit@10': 0.1927, 'ndcg@10': 0.1157, 'hit@15': 0.2213, 'ndcg@15': 0.1233, 'hit@20': 0.2424, 'ndcg@20': 0.1282, 'hit@40': 0.2974, 'ndcg@40': 0.1395} 
2024-10-15 17:10:10.731 | INFO     | trainer_1:_train_one_epoch:209 - test 27 cost time 12.66s, result: {'hit@1': 0.0435, 'ndcg@1': 0.0435, 'hit@5': 0.125, 'ndcg@5': 0.0856, 'hit@10': 0.1673, 'ndcg@10': 0.0993, 'hit@15': 0.1935, 'ndcg@15': 0.1062, 'hit@20': 0.2126, 'ndcg@20': 0.1107, 'hit@40': 0.261, 'ndcg@40': 0.1206} 
2024-10-15 17:10:30.199 | INFO     | trainer_1:_train_one_epoch:193 - epoch 28 19.47s Train loss is [0.2652] 
2024-10-15 17:10:43.092 | INFO     | trainer_1:_train_one_epoch:201 - validate 28 cost time 12.89s, result: {'hit@1': 0.052, 'ndcg@1': 0.052, 'hit@5': 0.1453, 'ndcg@5': 0.1001, 'hit@10': 0.1931, 'ndcg@10': 0.1156, 'hit@15': 0.2216, 'ndcg@15': 0.1231, 'hit@20': 0.2433, 'ndcg@20': 0.1283, 'hit@40': 0.2977, 'ndcg@40': 0.1394} 
2024-10-15 17:10:55.723 | INFO     | trainer_1:_train_one_epoch:209 - test 28 cost time 12.63s, result: {'hit@1': 0.0433, 'ndcg@1': 0.0433, 'hit@5': 0.1231, 'ndcg@5': 0.0846, 'hit@10': 0.1667, 'ndcg@10': 0.0987, 'hit@15': 0.1931, 'ndcg@15': 0.1057, 'hit@20': 0.2125, 'ndcg@20': 0.1103, 'hit@40': 0.2615, 'ndcg@40': 0.1203} 
2024-10-15 17:11:15.184 | INFO     | trainer_1:_train_one_epoch:193 - epoch 29 19.46s Train loss is [0.2587] 
2024-10-15 17:11:28.158 | INFO     | trainer_1:_train_one_epoch:201 - validate 29 cost time 12.97s, result: {'hit@1': 0.0519, 'ndcg@1': 0.0519, 'hit@5': 0.1459, 'ndcg@5': 0.1004, 'hit@10': 0.1935, 'ndcg@10': 0.1158, 'hit@15': 0.2235, 'ndcg@15': 0.1237, 'hit@20': 0.2449, 'ndcg@20': 0.1288, 'hit@40': 0.2994, 'ndcg@40': 0.1399} 
2024-10-15 17:11:40.727 | INFO     | trainer_1:_train_one_epoch:209 - test 29 cost time 12.57s, result: {'hit@1': 0.0438, 'ndcg@1': 0.0438, 'hit@5': 0.124, 'ndcg@5': 0.0853, 'hit@10': 0.1669, 'ndcg@10': 0.0992, 'hit@15': 0.1942, 'ndcg@15': 0.1064, 'hit@20': 0.2134, 'ndcg@20': 0.1109, 'hit@40': 0.2633, 'ndcg@40': 0.1211} 
2024-10-15 17:11:59.963 | INFO     | trainer_1:_train_one_epoch:193 - epoch 30 19.24s Train loss is [0.2616] 
2024-10-15 17:12:12.848 | INFO     | trainer_1:_train_one_epoch:201 - validate 30 cost time 12.88s, result: {'hit@1': 0.0516, 'ndcg@1': 0.0516, 'hit@5': 0.145, 'ndcg@5': 0.0998, 'hit@10': 0.1939, 'ndcg@10': 0.1156, 'hit@15': 0.2225, 'ndcg@15': 0.1232, 'hit@20': 0.2446, 'ndcg@20': 0.1284, 'hit@40': 0.3, 'ndcg@40': 0.1397} 
2024-10-15 17:12:25.572 | INFO     | trainer_1:_train_one_epoch:209 - test 30 cost time 12.72s, result: {'hit@1': 0.0433, 'ndcg@1': 0.0433, 'hit@5': 0.1251, 'ndcg@5': 0.0858, 'hit@10': 0.168, 'ndcg@10': 0.0997, 'hit@15': 0.1938, 'ndcg@15': 0.1065, 'hit@20': 0.2132, 'ndcg@20': 0.1111, 'hit@40': 0.2635, 'ndcg@40': 0.1213} 
2024-10-15 17:12:44.743 | INFO     | trainer_1:_train_one_epoch:193 - epoch 31 19.17s Train loss is [0.2584] 
2024-10-15 17:12:57.598 | INFO     | trainer_1:_train_one_epoch:201 - validate 31 cost time 12.85s, result: {'hit@1': 0.0517, 'ndcg@1': 0.0517, 'hit@5': 0.1458, 'ndcg@5': 0.1003, 'hit@10': 0.1926, 'ndcg@10': 0.1154, 'hit@15': 0.2227, 'ndcg@15': 0.1234, 'hit@20': 0.2447, 'ndcg@20': 0.1286, 'hit@40': 0.2982, 'ndcg@40': 0.1395} 
2024-10-15 17:13:10.302 | INFO     | trainer_1:_train_one_epoch:209 - test 31 cost time 12.70s, result: {'hit@1': 0.0441, 'ndcg@1': 0.0441, 'hit@5': 0.1236, 'ndcg@5': 0.0852, 'hit@10': 0.1666, 'ndcg@10': 0.0991, 'hit@15': 0.1933, 'ndcg@15': 0.1062, 'hit@20': 0.2138, 'ndcg@20': 0.111, 'hit@40': 0.264, 'ndcg@40': 0.1213} 
2024-10-15 17:13:30.241 | INFO     | trainer_1:_train_one_epoch:193 - epoch 32 19.94s Train loss is [0.2575] 
2024-10-15 17:13:43.056 | INFO     | trainer_1:_train_one_epoch:201 - validate 32 cost time 12.81s, result: {'hit@1': 0.0512, 'ndcg@1': 0.0512, 'hit@5': 0.146, 'ndcg@5': 0.1002, 'hit@10': 0.1936, 'ndcg@10': 0.1156, 'hit@15': 0.2222, 'ndcg@15': 0.1232, 'hit@20': 0.2443, 'ndcg@20': 0.1284, 'hit@40': 0.2985, 'ndcg@40': 0.1394} 
2024-10-15 17:13:55.802 | INFO     | trainer_1:_train_one_epoch:209 - test 32 cost time 12.75s, result: {'hit@1': 0.0444, 'ndcg@1': 0.0444, 'hit@5': 0.1254, 'ndcg@5': 0.0863, 'hit@10': 0.1667, 'ndcg@10': 0.0996, 'hit@15': 0.1928, 'ndcg@15': 0.1065, 'hit@20': 0.2126, 'ndcg@20': 0.1112, 'hit@40': 0.2639, 'ndcg@40': 0.1217} 
2024-10-15 17:14:18.303 | INFO     | trainer_1:_train_one_epoch:193 - epoch 33 22.50s Train loss is [0.2517] 
2024-10-15 17:14:31.340 | INFO     | trainer_1:_train_one_epoch:201 - validate 33 cost time 13.04s, result: {'hit@1': 0.0527, 'ndcg@1': 0.0527, 'hit@5': 0.1452, 'ndcg@5': 0.1004, 'hit@10': 0.1934, 'ndcg@10': 0.116, 'hit@15': 0.2227, 'ndcg@15': 0.1237, 'hit@20': 0.2439, 'ndcg@20': 0.1287, 'hit@40': 0.2982, 'ndcg@40': 0.1398} 
2024-10-15 17:14:46.240 | INFO     | trainer_1:_train_one_epoch:209 - test 33 cost time 14.90s, result: {'hit@1': 0.0442, 'ndcg@1': 0.0442, 'hit@5': 0.1239, 'ndcg@5': 0.0855, 'hit@10': 0.166, 'ndcg@10': 0.0992, 'hit@15': 0.1939, 'ndcg@15': 0.1065, 'hit@20': 0.2131, 'ndcg@20': 0.1111, 'hit@40': 0.2631, 'ndcg@40': 0.1213} 
2024-10-15 17:15:11.608 | INFO     | trainer_1:_train_one_epoch:193 - epoch 34 25.37s Train loss is [0.2544] 
2024-10-15 17:15:25.412 | INFO     | trainer_1:_train_one_epoch:201 - validate 34 cost time 13.80s, result: {'hit@1': 0.0528, 'ndcg@1': 0.0528, 'hit@5': 0.1455, 'ndcg@5': 0.1006, 'hit@10': 0.1942, 'ndcg@10': 0.1164, 'hit@15': 0.2225, 'ndcg@15': 0.1238, 'hit@20': 0.2436, 'ndcg@20': 0.1288, 'hit@40': 0.2988, 'ndcg@40': 0.1401} 
2024-10-15 17:15:40.276 | INFO     | trainer_1:_train_one_epoch:209 - test 34 cost time 14.86s, result: {'hit@1': 0.0439, 'ndcg@1': 0.0439, 'hit@5': 0.1249, 'ndcg@5': 0.0858, 'hit@10': 0.1665, 'ndcg@10': 0.0992, 'hit@15': 0.1936, 'ndcg@15': 0.1064, 'hit@20': 0.2131, 'ndcg@20': 0.111, 'hit@40': 0.264, 'ndcg@40': 0.1214} 
2024-10-15 17:15:59.064 | INFO     | trainer_1:_train_one_epoch:193 - epoch 35 18.79s Train loss is [0.2533] 
2024-10-15 17:16:14.237 | INFO     | trainer_1:_train_one_epoch:201 - validate 35 cost time 15.17s, result: {'hit@1': 0.0536, 'ndcg@1': 0.0536, 'hit@5': 0.1454, 'ndcg@5': 0.1009, 'hit@10': 0.1927, 'ndcg@10': 0.1162, 'hit@15': 0.2228, 'ndcg@15': 0.1242, 'hit@20': 0.2445, 'ndcg@20': 0.1293, 'hit@40': 0.2982, 'ndcg@40': 0.1403} 
2024-10-15 17:16:27.663 | INFO     | trainer_1:_train_one_epoch:209 - test 35 cost time 13.43s, result: {'hit@1': 0.0441, 'ndcg@1': 0.0441, 'hit@5': 0.1251, 'ndcg@5': 0.086, 'hit@10': 0.167, 'ndcg@10': 0.0995, 'hit@15': 0.1933, 'ndcg@15': 0.1064, 'hit@20': 0.2132, 'ndcg@20': 0.1111, 'hit@40': 0.2642, 'ndcg@40': 0.1216} 
2024-10-15 17:16:47.884 | INFO     | trainer_1:_train_one_epoch:193 - epoch 36 20.22s Train loss is [0.2505] 
2024-10-15 17:17:15.746 | INFO     | trainer_1:_train_one_epoch:201 - validate 36 cost time 27.86s, result: {'hit@1': 0.0524, 'ndcg@1': 0.0524, 'hit@5': 0.1452, 'ndcg@5': 0.1004, 'hit@10': 0.1919, 'ndcg@10': 0.1155, 'hit@15': 0.22, 'ndcg@15': 0.123, 'hit@20': 0.2411, 'ndcg@20': 0.1279, 'hit@40': 0.2962, 'ndcg@40': 0.1392} 
2024-10-15 17:17:40.866 | INFO     | trainer_1:_train_one_epoch:209 - test 36 cost time 25.12s, result: {'hit@1': 0.0433, 'ndcg@1': 0.0433, 'hit@5': 0.1236, 'ndcg@5': 0.0849, 'hit@10': 0.1664, 'ndcg@10': 0.0987, 'hit@15': 0.1927, 'ndcg@15': 0.1057, 'hit@20': 0.2118, 'ndcg@20': 0.1102, 'hit@40': 0.2633, 'ndcg@40': 0.1207} 
2024-10-15 17:18:09.033 | INFO     | trainer_1:_train_one_epoch:193 - epoch 37 28.17s Train loss is [0.2469] 
2024-10-15 17:18:37.932 | INFO     | trainer_1:_train_one_epoch:201 - validate 37 cost time 28.90s, result: {'hit@1': 0.0524, 'ndcg@1': 0.0524, 'hit@5': 0.1465, 'ndcg@5': 0.1009, 'hit@10': 0.193, 'ndcg@10': 0.116, 'hit@15': 0.2222, 'ndcg@15': 0.1237, 'hit@20': 0.2437, 'ndcg@20': 0.1288, 'hit@40': 0.2992, 'ndcg@40': 0.1401} 
2024-10-15 17:19:05.801 | INFO     | trainer_1:_train_one_epoch:209 - test 37 cost time 27.87s, result: {'hit@1': 0.0441, 'ndcg@1': 0.0441, 'hit@5': 0.1244, 'ndcg@5': 0.0856, 'hit@10': 0.1669, 'ndcg@10': 0.0994, 'hit@15': 0.1934, 'ndcg@15': 0.1064, 'hit@20': 0.2133, 'ndcg@20': 0.1111, 'hit@40': 0.2642, 'ndcg@40': 0.1215} 
2024-10-15 17:19:31.689 | INFO     | trainer_1:_train_one_epoch:193 - epoch 38 25.89s Train loss is [0.2459] 
2024-10-15 17:19:59.855 | INFO     | trainer_1:_train_one_epoch:201 - validate 38 cost time 28.17s, result: {'hit@1': 0.0528, 'ndcg@1': 0.0528, 'hit@5': 0.1465, 'ndcg@5': 0.1011, 'hit@10': 0.1951, 'ndcg@10': 0.1168, 'hit@15': 0.2237, 'ndcg@15': 0.1244, 'hit@20': 0.2468, 'ndcg@20': 0.1298, 'hit@40': 0.3, 'ndcg@40': 0.1407} 
2024-10-15 17:20:24.913 | INFO     | trainer_1:_train_one_epoch:209 - test 38 cost time 25.06s, result: {'hit@1': 0.0442, 'ndcg@1': 0.0442, 'hit@5': 0.1247, 'ndcg@5': 0.0859, 'hit@10': 0.1672, 'ndcg@10': 0.0996, 'hit@15': 0.194, 'ndcg@15': 0.1067, 'hit@20': 0.2137, 'ndcg@20': 0.1113, 'hit@40': 0.2646, 'ndcg@40': 0.1218} 
2024-10-15 17:20:50.620 | INFO     | trainer_1:_train_one_epoch:193 - epoch 39 25.71s Train loss is [0.2538] 
2024-10-15 17:21:16.162 | INFO     | trainer_1:_train_one_epoch:201 - validate 39 cost time 25.54s, result: {'hit@1': 0.0532, 'ndcg@1': 0.0532, 'hit@5': 0.147, 'ndcg@5': 0.1016, 'hit@10': 0.1951, 'ndcg@10': 0.1171, 'hit@15': 0.2241, 'ndcg@15': 0.1248, 'hit@20': 0.2459, 'ndcg@20': 0.1299, 'hit@40': 0.301, 'ndcg@40': 0.1412} 
2024-10-15 17:21:44.314 | INFO     | trainer_1:_train_one_epoch:209 - test 39 cost time 28.15s, result: {'hit@1': 0.0441, 'ndcg@1': 0.0441, 'hit@5': 0.125, 'ndcg@5': 0.0858, 'hit@10': 0.1668, 'ndcg@10': 0.0994, 'hit@15': 0.1935, 'ndcg@15': 0.1064, 'hit@20': 0.2137, 'ndcg@20': 0.1112, 'hit@40': 0.2654, 'ndcg@40': 0.1218} 
2024-10-15 17:22:09.391 | INFO     | trainer_1:_train_one_epoch:193 - epoch 40 25.07s Train loss is [0.2565] 
2024-10-15 17:22:34.118 | INFO     | trainer_1:_train_one_epoch:201 - validate 40 cost time 24.73s, result: {'hit@1': 0.0528, 'ndcg@1': 0.0528, 'hit@5': 0.1462, 'ndcg@5': 0.1011, 'hit@10': 0.1951, 'ndcg@10': 0.1169, 'hit@15': 0.2237, 'ndcg@15': 0.1245, 'hit@20': 0.2453, 'ndcg@20': 0.1296, 'hit@40': 0.3, 'ndcg@40': 0.1407} 
2024-10-15 17:23:01.318 | INFO     | trainer_1:_train_one_epoch:209 - test 40 cost time 27.20s, result: {'hit@1': 0.0433, 'ndcg@1': 0.0433, 'hit@5': 0.1252, 'ndcg@5': 0.0854, 'hit@10': 0.1674, 'ndcg@10': 0.0991, 'hit@15': 0.194, 'ndcg@15': 0.1061, 'hit@20': 0.2141, 'ndcg@20': 0.1109, 'hit@40': 0.2657, 'ndcg@40': 0.1215} 
2024-10-15 17:23:24.128 | INFO     | trainer_1:_train_one_epoch:193 - epoch 41 22.81s Train loss is [0.2560] 
2024-10-15 17:23:48.718 | INFO     | trainer_1:_train_one_epoch:201 - validate 41 cost time 24.59s, result: {'hit@1': 0.0528, 'ndcg@1': 0.0528, 'hit@5': 0.1473, 'ndcg@5': 0.1016, 'hit@10': 0.1943, 'ndcg@10': 0.1168, 'hit@15': 0.2238, 'ndcg@15': 0.1246, 'hit@20': 0.2449, 'ndcg@20': 0.1296, 'hit@40': 0.2992, 'ndcg@40': 0.1407} 
2024-10-15 17:24:12.061 | INFO     | trainer_1:_train_one_epoch:209 - test 41 cost time 23.34s, result: {'hit@1': 0.0438, 'ndcg@1': 0.0438, 'hit@5': 0.1252, 'ndcg@5': 0.0857, 'hit@10': 0.1681, 'ndcg@10': 0.0996, 'hit@15': 0.1948, 'ndcg@15': 0.1066, 'hit@20': 0.2159, 'ndcg@20': 0.1116, 'hit@40': 0.2663, 'ndcg@40': 0.1219} 
2024-10-15 17:24:34.577 | INFO     | trainer_1:_train_one_epoch:193 - epoch 42 22.51s Train loss is [0.2550] 
2024-10-15 17:24:58.979 | INFO     | trainer_1:_train_one_epoch:201 - validate 42 cost time 24.40s, result: {'hit@1': 0.0523, 'ndcg@1': 0.0523, 'hit@5': 0.1471, 'ndcg@5': 0.1013, 'hit@10': 0.1948, 'ndcg@10': 0.1168, 'hit@15': 0.2247, 'ndcg@15': 0.1247, 'hit@20': 0.2464, 'ndcg@20': 0.1298, 'hit@40': 0.3006, 'ndcg@40': 0.1409} 
2024-10-15 17:25:24.587 | INFO     | trainer_1:_train_one_epoch:209 - test 42 cost time 25.61s, result: {'hit@1': 0.0437, 'ndcg@1': 0.0437, 'hit@5': 0.1249, 'ndcg@5': 0.0857, 'hit@10': 0.1679, 'ndcg@10': 0.0996, 'hit@15': 0.1944, 'ndcg@15': 0.1066, 'hit@20': 0.2138, 'ndcg@20': 0.1112, 'hit@40': 0.2669, 'ndcg@40': 0.1221} 
2024-10-15 17:25:46.015 | INFO     | trainer_1:_train_one_epoch:193 - epoch 43 21.43s Train loss is [0.2568] 
2024-10-15 17:26:09.832 | INFO     | trainer_1:_train_one_epoch:201 - validate 43 cost time 23.82s, result: {'hit@1': 0.0522, 'ndcg@1': 0.0522, 'hit@5': 0.1466, 'ndcg@5': 0.101, 'hit@10': 0.1943, 'ndcg@10': 0.1165, 'hit@15': 0.2233, 'ndcg@15': 0.1241, 'hit@20': 0.2447, 'ndcg@20': 0.1292, 'hit@40': 0.2987, 'ndcg@40': 0.1402} 
2024-10-15 17:26:33.599 | INFO     | trainer_1:_train_one_epoch:209 - test 43 cost time 23.77s, result: {'hit@1': 0.0439, 'ndcg@1': 0.0439, 'hit@5': 0.125, 'ndcg@5': 0.0857, 'hit@10': 0.1679, 'ndcg@10': 0.0996, 'hit@15': 0.1941, 'ndcg@15': 0.1066, 'hit@20': 0.2133, 'ndcg@20': 0.1111, 'hit@40': 0.263, 'ndcg@40': 0.1213} 
2024-10-15 17:26:33.641 | INFO     | trainer_1:train_model:163 - training end, best iteration 38, results: {'hit@1': 0.0522, 'ndcg@1': 0.0522, 'hit@5': 0.145, 'ndcg@5': 0.1003, 'hit@10': 0.1918, 'ndcg@10': 0.1155, 'hit@15': 0.2215, 'ndcg@15': 0.1234, 'hit@20': 0.2422, 'ndcg@20': 0.1283, 'hit@40': 0.2967, 'ndcg@40': 0.1394}
2024-10-15 17:26:33.642 | INFO     | trainer_1:train_model:166 - final test result is:  {'hit@1': 0.0435, 'ndcg@1': 0.0435, 'hit@5': 0.1249, 'ndcg@5': 0.0856, 'hit@10': 0.1685, 'ndcg@10': 0.0997, 'hit@15': 0.1937, 'ndcg@15': 0.1064, 'hit@20': 0.2131, 'ndcg@20': 0.1109, 'hit@40': 0.2616, 'ndcg@40': 0.1209}
2024-10-15 17:26:34.002 | INFO     | __main__:<module>:119 - train end total cost time: 2713.5542726516724
