2024-10-15 17:17:08.401 | INFO     | __main__:<module>:105 - Namespace(TIME='2024-10-15 17_16_30', batch_size=1024, behaviors=['view', 'cart', 'buy'], check_point='model_pre_1_2024-10-15 14_50_17.pth', data_name='beibei', data_path='./data/beibei', decay=0.001, device='cuda:1', dim_qk=32, dim_v=64, distill_layers=2, distill_thres=0.5, distill_topK=60, distill_userK=8, embedding_size=64, epochs=100, gpu_no=1, if_load_model=True, ii_lambda=200, initializer_range=0.02, layers=2, loss_type='bpr', lr=0.001, message_dropout=0.25, metrics=['hit', 'ndcg'], min_epoch=5, model_name='main_1', model_path='./check_point', node_dropout=0.75, omega=1, pt_loop=50, reg_weight=0.001, test_batch_size=1024, testbatch=1024, topk=[1, 5, 10, 15, 20, 40], uu_lambda=100)
2024-10-15 17:17:08.402 | INFO     | __main__:<module>:106 - BIPN(
  (message_dropout): Dropout(p=0.25, inplace=False)
  (user_embedding): Embedding(21717, 64, padding_idx=0)
  (item_embedding): Embedding(7978, 64, padding_idx=0)
  (global_Graph): LightGCN()
  (Graph_encoder): ModuleDict(
    (view): GraphEncoder(
      (light): LightGCN()
      (dropout): Dropout(p=0.75, inplace=False)
    )
    (cart): GraphEncoder(
      (light): LightGCN()
      (dropout): Dropout(p=0.75, inplace=False)
    )
    (buy): GraphEncoder(
      (light): LightGCN()
      (dropout): Dropout(p=0.75, inplace=False)
    )
  )
  (attention): Mutual_Attention()
  (bpr_loss): BPRLoss()
  (emb_loss): EmbLoss()
  (f): Sigmoid()
)
2024-10-15 17:56:45.288 | INFO     | trainer_1:_train_one_epoch:193 - epoch 1 6.32s Train loss is [0.9237] 
2024-10-15 17:56:52.371 | INFO     | trainer_1:_train_one_epoch:201 - validate 1 cost time 7.08s, result: {'hit@1': 0.0115, 'ndcg@1': 0.0115, 'hit@5': 0.0351, 'ndcg@5': 0.0232, 'hit@10': 0.0594, 'ndcg@10': 0.031, 'hit@15': 0.0784, 'ndcg@15': 0.036, 'hit@20': 0.0975, 'ndcg@20': 0.0405, 'hit@40': 0.1582, 'ndcg@40': 0.0528} 
2024-10-15 17:56:57.260 | INFO     | trainer_1:_train_one_epoch:209 - test 1 cost time 4.89s, result: {'hit@1': 0.006, 'ndcg@1': 0.006, 'hit@5': 0.0219, 'ndcg@5': 0.0139, 'hit@10': 0.0373, 'ndcg@10': 0.0188, 'hit@15': 0.0514, 'ndcg@15': 0.0225, 'hit@20': 0.0653, 'ndcg@20': 0.0258, 'hit@40': 0.1113, 'ndcg@40': 0.0352} 
2024-10-15 17:57:15.344 | INFO     | trainer_1:_train_one_epoch:193 - epoch 2 7.45s Train loss is [0.6919] 
2024-10-15 17:57:24.594 | INFO     | trainer_1:_train_one_epoch:201 - validate 2 cost time 9.25s, result: {'hit@1': 0.0074, 'ndcg@1': 0.0074, 'hit@5': 0.0296, 'ndcg@5': 0.0184, 'hit@10': 0.0536, 'ndcg@10': 0.0261, 'hit@15': 0.0759, 'ndcg@15': 0.032, 'hit@20': 0.096, 'ndcg@20': 0.0367, 'hit@40': 0.1589, 'ndcg@40': 0.0495} 
2024-10-15 17:57:33.577 | INFO     | trainer_1:_train_one_epoch:209 - test 2 cost time 8.98s, result: {'hit@1': 0.0051, 'ndcg@1': 0.0051, 'hit@5': 0.0205, 'ndcg@5': 0.0126, 'hit@10': 0.037, 'ndcg@10': 0.0179, 'hit@15': 0.0527, 'ndcg@15': 0.022, 'hit@20': 0.0664, 'ndcg@20': 0.0253, 'hit@40': 0.1138, 'ndcg@40': 0.0349} 
2024-10-15 17:57:40.556 | INFO     | trainer_1:_train_one_epoch:193 - epoch 3 6.98s Train loss is [0.6314] 
2024-10-15 17:57:45.525 | INFO     | trainer_1:_train_one_epoch:201 - validate 3 cost time 4.97s, result: {'hit@1': 0.011, 'ndcg@1': 0.011, 'hit@5': 0.0401, 'ndcg@5': 0.0254, 'hit@10': 0.0644, 'ndcg@10': 0.0332, 'hit@15': 0.0871, 'ndcg@15': 0.0392, 'hit@20': 0.106, 'ndcg@20': 0.0436, 'hit@40': 0.1709, 'ndcg@40': 0.0569} 
2024-10-15 17:57:52.025 | INFO     | trainer_1:_train_one_epoch:209 - test 3 cost time 6.50s, result: {'hit@1': 0.007, 'ndcg@1': 0.007, 'hit@5': 0.0234, 'ndcg@5': 0.0152, 'hit@10': 0.0414, 'ndcg@10': 0.021, 'hit@15': 0.0579, 'ndcg@15': 0.0253, 'hit@20': 0.0718, 'ndcg@20': 0.0286, 'hit@40': 0.1197, 'ndcg@40': 0.0383} 
2024-10-15 17:58:09.052 | INFO     | trainer_1:_train_one_epoch:193 - epoch 4 6.40s Train loss is [0.5768] 
2024-10-15 17:58:16.504 | INFO     | trainer_1:_train_one_epoch:201 - validate 4 cost time 7.45s, result: {'hit@1': 0.0107, 'ndcg@1': 0.0107, 'hit@5': 0.0373, 'ndcg@5': 0.024, 'hit@10': 0.0618, 'ndcg@10': 0.0319, 'hit@15': 0.0854, 'ndcg@15': 0.0381, 'hit@20': 0.1058, 'ndcg@20': 0.0429, 'hit@40': 0.1758, 'ndcg@40': 0.0571} 
2024-10-15 17:58:22.459 | INFO     | trainer_1:_train_one_epoch:209 - test 4 cost time 5.95s, result: {'hit@1': 0.0064, 'ndcg@1': 0.0064, 'hit@5': 0.0244, 'ndcg@5': 0.0153, 'hit@10': 0.0411, 'ndcg@10': 0.0206, 'hit@15': 0.0575, 'ndcg@15': 0.025, 'hit@20': 0.0725, 'ndcg@20': 0.0285, 'hit@40': 0.1256, 'ndcg@40': 0.0393} 
2024-10-15 17:58:28.864 | INFO     | trainer_1:_train_one_epoch:193 - epoch 5 6.40s Train loss is [0.5662] 
2024-10-15 17:58:36.544 | INFO     | trainer_1:_train_one_epoch:201 - validate 5 cost time 7.68s, result: {'hit@1': 0.0134, 'ndcg@1': 0.0134, 'hit@5': 0.0411, 'ndcg@5': 0.0273, 'hit@10': 0.0679, 'ndcg@10': 0.0359, 'hit@15': 0.0909, 'ndcg@15': 0.042, 'hit@20': 0.1105, 'ndcg@20': 0.0467, 'hit@40': 0.1777, 'ndcg@40': 0.0604} 
2024-10-15 17:58:44.823 | INFO     | trainer_1:_train_one_epoch:209 - test 5 cost time 8.28s, result: {'hit@1': 0.0068, 'ndcg@1': 0.0068, 'hit@5': 0.0238, 'ndcg@5': 0.0152, 'hit@10': 0.0417, 'ndcg@10': 0.0209, 'hit@15': 0.0574, 'ndcg@15': 0.0251, 'hit@20': 0.0721, 'ndcg@20': 0.0285, 'hit@40': 0.1248, 'ndcg@40': 0.0393} 
2024-10-15 17:59:02.007 | INFO     | trainer_1:_train_one_epoch:193 - epoch 6 6.61s Train loss is [0.5284] 
2024-10-15 17:59:07.719 | INFO     | trainer_1:_train_one_epoch:201 - validate 6 cost time 5.71s, result: {'hit@1': 0.0119, 'ndcg@1': 0.0119, 'hit@5': 0.0419, 'ndcg@5': 0.0269, 'hit@10': 0.0694, 'ndcg@10': 0.0357, 'hit@15': 0.0939, 'ndcg@15': 0.0422, 'hit@20': 0.1174, 'ndcg@20': 0.0477, 'hit@40': 0.1892, 'ndcg@40': 0.0623} 
2024-10-15 17:59:15.063 | INFO     | trainer_1:_train_one_epoch:209 - test 6 cost time 7.34s, result: {'hit@1': 0.0067, 'ndcg@1': 0.0067, 'hit@5': 0.0252, 'ndcg@5': 0.0159, 'hit@10': 0.0439, 'ndcg@10': 0.0219, 'hit@15': 0.0607, 'ndcg@15': 0.0263, 'hit@20': 0.078, 'ndcg@20': 0.0304, 'hit@40': 0.1334, 'ndcg@40': 0.0417} 
2024-10-15 17:59:32.295 | INFO     | trainer_1:_train_one_epoch:193 - epoch 7 6.83s Train loss is [0.5200] 
2024-10-15 17:59:41.332 | INFO     | trainer_1:_train_one_epoch:201 - validate 7 cost time 9.04s, result: {'hit@1': 0.0121, 'ndcg@1': 0.0121, 'hit@5': 0.0455, 'ndcg@5': 0.0288, 'hit@10': 0.0741, 'ndcg@10': 0.038, 'hit@15': 0.101, 'ndcg@15': 0.0451, 'hit@20': 0.1242, 'ndcg@20': 0.0505, 'hit@40': 0.1943, 'ndcg@40': 0.0648} 
2024-10-15 17:59:47.548 | INFO     | trainer_1:_train_one_epoch:209 - test 7 cost time 6.22s, result: {'hit@1': 0.0076, 'ndcg@1': 0.0076, 'hit@5': 0.0283, 'ndcg@5': 0.0177, 'hit@10': 0.0472, 'ndcg@10': 0.0238, 'hit@15': 0.0652, 'ndcg@15': 0.0285, 'hit@20': 0.0821, 'ndcg@20': 0.0325, 'hit@40': 0.138, 'ndcg@40': 0.0439} 
2024-10-15 18:00:05.627 | INFO     | trainer_1:_train_one_epoch:193 - epoch 8 7.52s Train loss is [0.5074] 
2024-10-15 18:00:14.677 | INFO     | trainer_1:_train_one_epoch:201 - validate 8 cost time 9.05s, result: {'hit@1': 0.0109, 'ndcg@1': 0.0109, 'hit@5': 0.041, 'ndcg@5': 0.0258, 'hit@10': 0.0717, 'ndcg@10': 0.0356, 'hit@15': 0.0987, 'ndcg@15': 0.0428, 'hit@20': 0.1236, 'ndcg@20': 0.0486, 'hit@40': 0.2013, 'ndcg@40': 0.0644} 
2024-10-15 18:00:23.836 | INFO     | trainer_1:_train_one_epoch:209 - test 8 cost time 9.16s, result: {'hit@1': 0.0059, 'ndcg@1': 0.0059, 'hit@5': 0.0256, 'ndcg@5': 0.0156, 'hit@10': 0.0466, 'ndcg@10': 0.0224, 'hit@15': 0.0656, 'ndcg@15': 0.0274, 'hit@20': 0.0827, 'ndcg@20': 0.0314, 'hit@40': 0.1444, 'ndcg@40': 0.044} 
2024-10-15 18:00:33.629 | INFO     | trainer_1:_train_one_epoch:193 - epoch 9 9.79s Train loss is [0.4777] 
2024-10-15 18:00:40.528 | INFO     | trainer_1:_train_one_epoch:201 - validate 9 cost time 6.90s, result: {'hit@1': 0.0152, 'ndcg@1': 0.0152, 'hit@5': 0.0465, 'ndcg@5': 0.0308, 'hit@10': 0.079, 'ndcg@10': 0.0412, 'hit@15': 0.1053, 'ndcg@15': 0.0481, 'hit@20': 0.1291, 'ndcg@20': 0.0538, 'hit@40': 0.2069, 'ndcg@40': 0.0696} 
2024-10-15 18:00:47.803 | INFO     | trainer_1:_train_one_epoch:209 - test 9 cost time 7.27s, result: {'hit@1': 0.0081, 'ndcg@1': 0.0081, 'hit@5': 0.0281, 'ndcg@5': 0.0181, 'hit@10': 0.0494, 'ndcg@10': 0.0249, 'hit@15': 0.0681, 'ndcg@15': 0.0298, 'hit@20': 0.0854, 'ndcg@20': 0.0339, 'hit@40': 0.1444, 'ndcg@40': 0.0459} 
2024-10-15 18:01:04.536 | INFO     | trainer_1:_train_one_epoch:193 - epoch 10 6.27s Train loss is [0.4707] 
2024-10-15 18:01:09.460 | INFO     | trainer_1:_train_one_epoch:201 - validate 10 cost time 4.92s, result: {'hit@1': 0.0134, 'ndcg@1': 0.0134, 'hit@5': 0.0474, 'ndcg@5': 0.0303, 'hit@10': 0.0793, 'ndcg@10': 0.0405, 'hit@15': 0.1076, 'ndcg@15': 0.048, 'hit@20': 0.1324, 'ndcg@20': 0.0538, 'hit@40': 0.2115, 'ndcg@40': 0.07} 
2024-10-15 18:01:16.137 | INFO     | trainer_1:_train_one_epoch:209 - test 10 cost time 6.68s, result: {'hit@1': 0.0072, 'ndcg@1': 0.0072, 'hit@5': 0.029, 'ndcg@5': 0.0179, 'hit@10': 0.0502, 'ndcg@10': 0.0247, 'hit@15': 0.0688, 'ndcg@15': 0.0296, 'hit@20': 0.0866, 'ndcg@20': 0.0338, 'hit@40': 0.1463, 'ndcg@40': 0.046} 
2024-10-15 18:01:33.002 | INFO     | trainer_1:_train_one_epoch:193 - epoch 11 6.49s Train loss is [0.4748] 
2024-10-15 18:01:41.097 | INFO     | trainer_1:_train_one_epoch:201 - validate 11 cost time 8.09s, result: {'hit@1': 0.0118, 'ndcg@1': 0.0118, 'hit@5': 0.0444, 'ndcg@5': 0.0279, 'hit@10': 0.0751, 'ndcg@10': 0.0378, 'hit@15': 0.1031, 'ndcg@15': 0.0452, 'hit@20': 0.1278, 'ndcg@20': 0.051, 'hit@40': 0.2098, 'ndcg@40': 0.0677} 
2024-10-15 18:01:47.363 | INFO     | trainer_1:_train_one_epoch:209 - test 11 cost time 6.27s, result: {'hit@1': 0.0071, 'ndcg@1': 0.0071, 'hit@5': 0.0277, 'ndcg@5': 0.0172, 'hit@10': 0.0487, 'ndcg@10': 0.024, 'hit@15': 0.0674, 'ndcg@15': 0.0289, 'hit@20': 0.0856, 'ndcg@20': 0.0332, 'hit@40': 0.1453, 'ndcg@40': 0.0453} 
2024-10-15 18:01:53.529 | INFO     | trainer_1:_train_one_epoch:193 - epoch 12 6.17s Train loss is [0.4636] 
2024-10-15 18:02:00.273 | INFO     | trainer_1:_train_one_epoch:201 - validate 12 cost time 6.74s, result: {'hit@1': 0.0144, 'ndcg@1': 0.0144, 'hit@5': 0.0471, 'ndcg@5': 0.0304, 'hit@10': 0.0772, 'ndcg@10': 0.0401, 'hit@15': 0.1034, 'ndcg@15': 0.047, 'hit@20': 0.1272, 'ndcg@20': 0.0526, 'hit@40': 0.2084, 'ndcg@40': 0.0692} 
2024-10-15 18:02:07.178 | INFO     | trainer_1:_train_one_epoch:209 - test 12 cost time 6.90s, result: {'hit@1': 0.0078, 'ndcg@1': 0.0078, 'hit@5': 0.0283, 'ndcg@5': 0.0178, 'hit@10': 0.0484, 'ndcg@10': 0.0242, 'hit@15': 0.0677, 'ndcg@15': 0.0293, 'hit@20': 0.0843, 'ndcg@20': 0.0332, 'hit@40': 0.1415, 'ndcg@40': 0.0448} 
2024-10-15 18:02:13.584 | INFO     | trainer_1:_train_one_epoch:193 - epoch 13 6.41s Train loss is [0.4526] 
2024-10-15 18:02:20.850 | INFO     | trainer_1:_train_one_epoch:201 - validate 13 cost time 7.26s, result: {'hit@1': 0.0136, 'ndcg@1': 0.0136, 'hit@5': 0.0471, 'ndcg@5': 0.0302, 'hit@10': 0.0806, 'ndcg@10': 0.041, 'hit@15': 0.1048, 'ndcg@15': 0.0474, 'hit@20': 0.1304, 'ndcg@20': 0.0534, 'hit@40': 0.213, 'ndcg@40': 0.0702} 
2024-10-15 18:02:28.143 | INFO     | trainer_1:_train_one_epoch:209 - test 13 cost time 7.29s, result: {'hit@1': 0.0072, 'ndcg@1': 0.0072, 'hit@5': 0.028, 'ndcg@5': 0.0174, 'hit@10': 0.0493, 'ndcg@10': 0.0243, 'hit@15': 0.0681, 'ndcg@15': 0.0292, 'hit@20': 0.0856, 'ndcg@20': 0.0334, 'hit@40': 0.1454, 'ndcg@40': 0.0455} 
2024-10-15 18:02:34.163 | INFO     | trainer_1:_train_one_epoch:193 - epoch 14 6.02s Train loss is [0.4369] 
2024-10-15 18:02:40.629 | INFO     | trainer_1:_train_one_epoch:201 - validate 14 cost time 6.47s, result: {'hit@1': 0.0149, 'ndcg@1': 0.0149, 'hit@5': 0.0524, 'ndcg@5': 0.0337, 'hit@10': 0.0844, 'ndcg@10': 0.0439, 'hit@15': 0.1147, 'ndcg@15': 0.052, 'hit@20': 0.1399, 'ndcg@20': 0.0579, 'hit@40': 0.2223, 'ndcg@40': 0.0747} 
2024-10-15 18:02:47.388 | INFO     | trainer_1:_train_one_epoch:209 - test 14 cost time 6.76s, result: {'hit@1': 0.008, 'ndcg@1': 0.008, 'hit@5': 0.0316, 'ndcg@5': 0.0197, 'hit@10': 0.0527, 'ndcg@10': 0.0265, 'hit@15': 0.0725, 'ndcg@15': 0.0317, 'hit@20': 0.0901, 'ndcg@20': 0.0358, 'hit@40': 0.1522, 'ndcg@40': 0.0484} 
2024-10-15 18:03:04.716 | INFO     | trainer_1:_train_one_epoch:193 - epoch 15 6.68s Train loss is [0.4425] 
2024-10-15 18:03:12.026 | INFO     | trainer_1:_train_one_epoch:201 - validate 15 cost time 7.31s, result: {'hit@1': 0.0148, 'ndcg@1': 0.0148, 'hit@5': 0.0488, 'ndcg@5': 0.0317, 'hit@10': 0.0813, 'ndcg@10': 0.0421, 'hit@15': 0.1083, 'ndcg@15': 0.0492, 'hit@20': 0.1322, 'ndcg@20': 0.0548, 'hit@40': 0.2104, 'ndcg@40': 0.0707} 
2024-10-15 18:03:17.719 | INFO     | trainer_1:_train_one_epoch:209 - test 15 cost time 5.69s, result: {'hit@1': 0.0081, 'ndcg@1': 0.0081, 'hit@5': 0.03, 'ndcg@5': 0.019, 'hit@10': 0.0512, 'ndcg@10': 0.0258, 'hit@15': 0.0704, 'ndcg@15': 0.0309, 'hit@20': 0.0871, 'ndcg@20': 0.0348, 'hit@40': 0.1455, 'ndcg@40': 0.0467} 
2024-10-15 18:03:24.423 | INFO     | trainer_1:_train_one_epoch:193 - epoch 16 6.70s Train loss is [0.4142] 
2024-10-15 18:03:32.651 | INFO     | trainer_1:_train_one_epoch:201 - validate 16 cost time 8.23s, result: {'hit@1': 0.0128, 'ndcg@1': 0.0128, 'hit@5': 0.0467, 'ndcg@5': 0.0296, 'hit@10': 0.077, 'ndcg@10': 0.0394, 'hit@15': 0.1057, 'ndcg@15': 0.0469, 'hit@20': 0.1287, 'ndcg@20': 0.0524, 'hit@40': 0.209, 'ndcg@40': 0.0687} 
2024-10-15 18:03:41.685 | INFO     | trainer_1:_train_one_epoch:209 - test 16 cost time 9.03s, result: {'hit@1': 0.0073, 'ndcg@1': 0.0073, 'hit@5': 0.0308, 'ndcg@5': 0.0188, 'hit@10': 0.0522, 'ndcg@10': 0.0256, 'hit@15': 0.0698, 'ndcg@15': 0.0303, 'hit@20': 0.0875, 'ndcg@20': 0.0345, 'hit@40': 0.1477, 'ndcg@40': 0.0467} 
2024-10-15 18:03:48.484 | INFO     | trainer_1:_train_one_epoch:193 - epoch 17 6.80s Train loss is [0.4129] 
2024-10-15 18:03:56.844 | INFO     | trainer_1:_train_one_epoch:201 - validate 17 cost time 8.36s, result: {'hit@1': 0.0132, 'ndcg@1': 0.0132, 'hit@5': 0.0465, 'ndcg@5': 0.0299, 'hit@10': 0.0772, 'ndcg@10': 0.0398, 'hit@15': 0.104, 'ndcg@15': 0.0468, 'hit@20': 0.1313, 'ndcg@20': 0.0533, 'hit@40': 0.2153, 'ndcg@40': 0.0703} 
2024-10-15 18:04:02.416 | INFO     | trainer_1:_train_one_epoch:209 - test 17 cost time 5.57s, result: {'hit@1': 0.0078, 'ndcg@1': 0.0078, 'hit@5': 0.0297, 'ndcg@5': 0.0187, 'hit@10': 0.0524, 'ndcg@10': 0.026, 'hit@15': 0.0728, 'ndcg@15': 0.0314, 'hit@20': 0.0914, 'ndcg@20': 0.0357, 'hit@40': 0.1534, 'ndcg@40': 0.0483} 
2024-10-15 18:04:08.945 | INFO     | trainer_1:_train_one_epoch:193 - epoch 18 6.53s Train loss is [0.4039] 
2024-10-15 18:04:16.744 | INFO     | trainer_1:_train_one_epoch:201 - validate 18 cost time 7.80s, result: {'hit@1': 0.0136, 'ndcg@1': 0.0136, 'hit@5': 0.047, 'ndcg@5': 0.0302, 'hit@10': 0.0793, 'ndcg@10': 0.0405, 'hit@15': 0.1078, 'ndcg@15': 0.048, 'hit@20': 0.1343, 'ndcg@20': 0.0543, 'hit@40': 0.2196, 'ndcg@40': 0.0717} 
2024-10-15 18:04:25.776 | INFO     | trainer_1:_train_one_epoch:209 - test 18 cost time 9.03s, result: {'hit@1': 0.0063, 'ndcg@1': 0.0063, 'hit@5': 0.0296, 'ndcg@5': 0.0181, 'hit@10': 0.0534, 'ndcg@10': 0.0256, 'hit@15': 0.0717, 'ndcg@15': 0.0305, 'hit@20': 0.0887, 'ndcg@20': 0.0345, 'hit@40': 0.1511, 'ndcg@40': 0.0472} 
2024-10-15 18:04:50.410 | INFO     | trainer_1:_train_one_epoch:193 - epoch 19 11.09s Train loss is [0.4073] 
2024-10-15 18:04:58.029 | INFO     | trainer_1:_train_one_epoch:201 - validate 19 cost time 7.62s, result: {'hit@1': 0.0145, 'ndcg@1': 0.0145, 'hit@5': 0.0512, 'ndcg@5': 0.0326, 'hit@10': 0.0829, 'ndcg@10': 0.0428, 'hit@15': 0.1118, 'ndcg@15': 0.0504, 'hit@20': 0.1382, 'ndcg@20': 0.0566, 'hit@40': 0.221, 'ndcg@40': 0.0735} 
2024-10-15 18:05:05.358 | INFO     | trainer_1:_train_one_epoch:209 - test 19 cost time 7.33s, result: {'hit@1': 0.008, 'ndcg@1': 0.008, 'hit@5': 0.0324, 'ndcg@5': 0.0202, 'hit@10': 0.0563, 'ndcg@10': 0.0279, 'hit@15': 0.0768, 'ndcg@15': 0.0333, 'hit@20': 0.0942, 'ndcg@20': 0.0374, 'hit@40': 0.1575, 'ndcg@40': 0.0503} 
2024-10-15 18:05:27.314 | INFO     | trainer_1:_train_one_epoch:193 - epoch 20 10.09s Train loss is [0.4003] 
2024-10-15 18:05:34.907 | INFO     | trainer_1:_train_one_epoch:201 - validate 20 cost time 7.59s, result: {'hit@1': 0.0146, 'ndcg@1': 0.0146, 'hit@5': 0.0509, 'ndcg@5': 0.0326, 'hit@10': 0.084, 'ndcg@10': 0.0432, 'hit@15': 0.1121, 'ndcg@15': 0.0506, 'hit@20': 0.1381, 'ndcg@20': 0.0568, 'hit@40': 0.2227, 'ndcg@40': 0.074} 
2024-10-15 18:05:42.212 | INFO     | trainer_1:_train_one_epoch:209 - test 20 cost time 7.30s, result: {'hit@1': 0.0072, 'ndcg@1': 0.0072, 'hit@5': 0.032, 'ndcg@5': 0.0195, 'hit@10': 0.054, 'ndcg@10': 0.0266, 'hit@15': 0.0753, 'ndcg@15': 0.0322, 'hit@20': 0.0936, 'ndcg@20': 0.0365, 'hit@40': 0.1572, 'ndcg@40': 0.0495} 
2024-10-15 18:05:53.391 | INFO     | trainer_1:_train_one_epoch:193 - epoch 21 11.18s Train loss is [0.3894] 
2024-10-15 18:06:00.533 | INFO     | trainer_1:_train_one_epoch:201 - validate 21 cost time 7.14s, result: {'hit@1': 0.0149, 'ndcg@1': 0.0149, 'hit@5': 0.0553, 'ndcg@5': 0.0351, 'hit@10': 0.0912, 'ndcg@10': 0.0465, 'hit@15': 0.1224, 'ndcg@15': 0.0548, 'hit@20': 0.1495, 'ndcg@20': 0.0612, 'hit@40': 0.2382, 'ndcg@40': 0.0792} 
2024-10-15 18:06:07.877 | INFO     | trainer_1:_train_one_epoch:209 - test 21 cost time 7.34s, result: {'hit@1': 0.0087, 'ndcg@1': 0.0087, 'hit@5': 0.0343, 'ndcg@5': 0.0215, 'hit@10': 0.0598, 'ndcg@10': 0.0297, 'hit@15': 0.0821, 'ndcg@15': 0.0356, 'hit@20': 0.1026, 'ndcg@20': 0.0404, 'hit@40': 0.1691, 'ndcg@40': 0.0539} 
2024-10-15 18:06:28.720 | INFO     | trainer_1:_train_one_epoch:193 - epoch 22 8.37s Train loss is [0.3895] 
2024-10-15 18:06:36.110 | INFO     | trainer_1:_train_one_epoch:201 - validate 22 cost time 7.39s, result: {'hit@1': 0.0133, 'ndcg@1': 0.0133, 'hit@5': 0.0502, 'ndcg@5': 0.0317, 'hit@10': 0.086, 'ndcg@10': 0.0432, 'hit@15': 0.1154, 'ndcg@15': 0.051, 'hit@20': 0.1418, 'ndcg@20': 0.0572, 'hit@40': 0.2308, 'ndcg@40': 0.0753} 
2024-10-15 18:06:43.245 | INFO     | trainer_1:_train_one_epoch:209 - test 22 cost time 7.13s, result: {'hit@1': 0.0078, 'ndcg@1': 0.0078, 'hit@5': 0.0334, 'ndcg@5': 0.0206, 'hit@10': 0.059, 'ndcg@10': 0.0289, 'hit@15': 0.0805, 'ndcg@15': 0.0345, 'hit@20': 0.1013, 'ndcg@20': 0.0394, 'hit@40': 0.1689, 'ndcg@40': 0.0532} 
2024-10-15 18:06:49.820 | INFO     | trainer_1:_train_one_epoch:193 - epoch 23 6.57s Train loss is [0.3958] 
2024-10-15 18:06:57.102 | INFO     | trainer_1:_train_one_epoch:201 - validate 23 cost time 7.28s, result: {'hit@1': 0.0142, 'ndcg@1': 0.0142, 'hit@5': 0.0547, 'ndcg@5': 0.0341, 'hit@10': 0.0909, 'ndcg@10': 0.0457, 'hit@15': 0.1203, 'ndcg@15': 0.0534, 'hit@20': 0.1473, 'ndcg@20': 0.0598, 'hit@40': 0.235, 'ndcg@40': 0.0777} 
2024-10-15 18:07:04.059 | INFO     | trainer_1:_train_one_epoch:209 - test 23 cost time 6.96s, result: {'hit@1': 0.0089, 'ndcg@1': 0.0089, 'hit@5': 0.0361, 'ndcg@5': 0.0223, 'hit@10': 0.0605, 'ndcg@10': 0.0301, 'hit@15': 0.0812, 'ndcg@15': 0.0356, 'hit@20': 0.1025, 'ndcg@20': 0.0406, 'hit@40': 0.1684, 'ndcg@40': 0.054} 
2024-10-15 18:07:24.717 | INFO     | trainer_1:_train_one_epoch:193 - epoch 24 9.21s Train loss is [0.3861] 
2024-10-15 18:07:33.146 | INFO     | trainer_1:_train_one_epoch:201 - validate 24 cost time 8.43s, result: {'hit@1': 0.0149, 'ndcg@1': 0.0149, 'hit@5': 0.0536, 'ndcg@5': 0.0342, 'hit@10': 0.0919, 'ndcg@10': 0.0465, 'hit@15': 0.1221, 'ndcg@15': 0.0545, 'hit@20': 0.1508, 'ndcg@20': 0.0612, 'hit@40': 0.2387, 'ndcg@40': 0.0792} 
2024-10-15 18:07:40.019 | INFO     | trainer_1:_train_one_epoch:209 - test 24 cost time 6.87s, result: {'hit@1': 0.0082, 'ndcg@1': 0.0082, 'hit@5': 0.0354, 'ndcg@5': 0.0218, 'hit@10': 0.061, 'ndcg@10': 0.0301, 'hit@15': 0.0824, 'ndcg@15': 0.0357, 'hit@20': 0.1026, 'ndcg@20': 0.0404, 'hit@40': 0.1733, 'ndcg@40': 0.0548} 
2024-10-15 18:07:59.685 | INFO     | trainer_1:_train_one_epoch:193 - epoch 25 8.45s Train loss is [0.3949] 
2024-10-15 18:08:07.073 | INFO     | trainer_1:_train_one_epoch:201 - validate 25 cost time 7.39s, result: {'hit@1': 0.0141, 'ndcg@1': 0.0141, 'hit@5': 0.0517, 'ndcg@5': 0.0329, 'hit@10': 0.0858, 'ndcg@10': 0.0438, 'hit@15': 0.1157, 'ndcg@15': 0.0517, 'hit@20': 0.1424, 'ndcg@20': 0.058, 'hit@40': 0.2298, 'ndcg@40': 0.0758} 
2024-10-15 18:08:13.766 | INFO     | trainer_1:_train_one_epoch:209 - test 25 cost time 6.69s, result: {'hit@1': 0.0079, 'ndcg@1': 0.0079, 'hit@5': 0.0345, 'ndcg@5': 0.0212, 'hit@10': 0.0577, 'ndcg@10': 0.0287, 'hit@15': 0.0796, 'ndcg@15': 0.0344, 'hit@20': 0.0987, 'ndcg@20': 0.0389, 'hit@40': 0.1638, 'ndcg@40': 0.0522} 
2024-10-15 18:08:20.380 | INFO     | trainer_1:_train_one_epoch:193 - epoch 26 6.61s Train loss is [0.3865] 
2024-10-15 18:08:27.869 | INFO     | trainer_1:_train_one_epoch:201 - validate 26 cost time 7.49s, result: {'hit@1': 0.0142, 'ndcg@1': 0.0142, 'hit@5': 0.052, 'ndcg@5': 0.0332, 'hit@10': 0.0868, 'ndcg@10': 0.0444, 'hit@15': 0.116, 'ndcg@15': 0.0521, 'hit@20': 0.143, 'ndcg@20': 0.0584, 'hit@40': 0.2259, 'ndcg@40': 0.0753} 
2024-10-15 18:08:35.133 | INFO     | trainer_1:_train_one_epoch:209 - test 26 cost time 7.26s, result: {'hit@1': 0.0087, 'ndcg@1': 0.0087, 'hit@5': 0.0356, 'ndcg@5': 0.022, 'hit@10': 0.062, 'ndcg@10': 0.0304, 'hit@15': 0.0828, 'ndcg@15': 0.0359, 'hit@20': 0.1016, 'ndcg@20': 0.0403, 'hit@40': 0.1667, 'ndcg@40': 0.0536} 
2024-10-15 18:08:52.411 | INFO     | trainer_1:_train_one_epoch:193 - epoch 27 6.45s Train loss is [0.3906] 
2024-10-15 18:08:59.823 | INFO     | trainer_1:_train_one_epoch:201 - validate 27 cost time 7.41s, result: {'hit@1': 0.0143, 'ndcg@1': 0.0143, 'hit@5': 0.0521, 'ndcg@5': 0.0332, 'hit@10': 0.0857, 'ndcg@10': 0.044, 'hit@15': 0.1153, 'ndcg@15': 0.0518, 'hit@20': 0.1428, 'ndcg@20': 0.0583, 'hit@40': 0.2312, 'ndcg@40': 0.0763} 
2024-10-15 18:09:07.223 | INFO     | trainer_1:_train_one_epoch:209 - test 27 cost time 7.40s, result: {'hit@1': 0.0086, 'ndcg@1': 0.0086, 'hit@5': 0.0324, 'ndcg@5': 0.0205, 'hit@10': 0.0568, 'ndcg@10': 0.0283, 'hit@15': 0.0772, 'ndcg@15': 0.0337, 'hit@20': 0.0972, 'ndcg@20': 0.0384, 'hit@40': 0.1635, 'ndcg@40': 0.0519} 
2024-10-15 18:09:13.630 | INFO     | trainer_1:_train_one_epoch:193 - epoch 28 6.41s Train loss is [0.3878] 
2024-10-15 18:09:20.547 | INFO     | trainer_1:_train_one_epoch:201 - validate 28 cost time 6.92s, result: {'hit@1': 0.0136, 'ndcg@1': 0.0136, 'hit@5': 0.0491, 'ndcg@5': 0.0314, 'hit@10': 0.0822, 'ndcg@10': 0.042, 'hit@15': 0.112, 'ndcg@15': 0.0499, 'hit@20': 0.1379, 'ndcg@20': 0.056, 'hit@40': 0.2262, 'ndcg@40': 0.0739} 
2024-10-15 18:09:27.259 | INFO     | trainer_1:_train_one_epoch:209 - test 28 cost time 6.71s, result: {'hit@1': 0.0085, 'ndcg@1': 0.0085, 'hit@5': 0.0306, 'ndcg@5': 0.0193, 'hit@10': 0.055, 'ndcg@10': 0.0272, 'hit@15': 0.0748, 'ndcg@15': 0.0324, 'hit@20': 0.0949, 'ndcg@20': 0.0372, 'hit@40': 0.1606, 'ndcg@40': 0.0505} 
2024-10-15 18:09:33.915 | INFO     | trainer_1:_train_one_epoch:193 - epoch 29 6.66s Train loss is [0.3747] 
2024-10-15 18:09:41.466 | INFO     | trainer_1:_train_one_epoch:201 - validate 29 cost time 7.55s, result: {'hit@1': 0.015, 'ndcg@1': 0.015, 'hit@5': 0.0539, 'ndcg@5': 0.0344, 'hit@10': 0.0883, 'ndcg@10': 0.0455, 'hit@15': 0.1202, 'ndcg@15': 0.0539, 'hit@20': 0.1486, 'ndcg@20': 0.0606, 'hit@40': 0.2354, 'ndcg@40': 0.0782} 
2024-10-15 18:09:48.730 | INFO     | trainer_1:_train_one_epoch:209 - test 29 cost time 7.26s, result: {'hit@1': 0.0082, 'ndcg@1': 0.0082, 'hit@5': 0.0345, 'ndcg@5': 0.0212, 'hit@10': 0.06, 'ndcg@10': 0.0293, 'hit@15': 0.0814, 'ndcg@15': 0.035, 'hit@20': 0.1003, 'ndcg@20': 0.0394, 'hit@40': 0.1681, 'ndcg@40': 0.0532} 
2024-10-15 18:09:54.967 | INFO     | trainer_1:_train_one_epoch:193 - epoch 30 6.24s Train loss is [0.3656] 
2024-10-15 18:09:59.868 | INFO     | trainer_1:_train_one_epoch:201 - validate 30 cost time 4.90s, result: {'hit@1': 0.0151, 'ndcg@1': 0.0151, 'hit@5': 0.0536, 'ndcg@5': 0.0343, 'hit@10': 0.0894, 'ndcg@10': 0.0458, 'hit@15': 0.1215, 'ndcg@15': 0.0542, 'hit@20': 0.149, 'ndcg@20': 0.0607, 'hit@40': 0.2386, 'ndcg@40': 0.0789} 
2024-10-15 18:10:06.463 | INFO     | trainer_1:_train_one_epoch:209 - test 30 cost time 6.59s, result: {'hit@1': 0.0082, 'ndcg@1': 0.0082, 'hit@5': 0.0335, 'ndcg@5': 0.0207, 'hit@10': 0.0596, 'ndcg@10': 0.0291, 'hit@15': 0.0808, 'ndcg@15': 0.0347, 'hit@20': 0.0999, 'ndcg@20': 0.0392, 'hit@40': 0.1692, 'ndcg@40': 0.0533} 
2024-10-15 18:10:12.878 | INFO     | trainer_1:_train_one_epoch:193 - epoch 31 6.41s Train loss is [0.3644] 
2024-10-15 18:10:20.427 | INFO     | trainer_1:_train_one_epoch:201 - validate 31 cost time 7.55s, result: {'hit@1': 0.0152, 'ndcg@1': 0.0152, 'hit@5': 0.0536, 'ndcg@5': 0.0344, 'hit@10': 0.0893, 'ndcg@10': 0.0459, 'hit@15': 0.1195, 'ndcg@15': 0.0538, 'hit@20': 0.1472, 'ndcg@20': 0.0604, 'hit@40': 0.2363, 'ndcg@40': 0.0785} 
2024-10-15 18:10:27.743 | INFO     | trainer_1:_train_one_epoch:209 - test 31 cost time 7.32s, result: {'hit@1': 0.0086, 'ndcg@1': 0.0086, 'hit@5': 0.0326, 'ndcg@5': 0.0206, 'hit@10': 0.058, 'ndcg@10': 0.0287, 'hit@15': 0.0798, 'ndcg@15': 0.0345, 'hit@20': 0.0999, 'ndcg@20': 0.0392, 'hit@40': 0.1642, 'ndcg@40': 0.0523} 
2024-10-15 18:10:27.753 | INFO     | trainer_1:train_model:163 - training end, best iteration 26, results: {'hit@1': 0.0142, 'ndcg@1': 0.0142, 'hit@5': 0.052, 'ndcg@5': 0.0332, 'hit@10': 0.0868, 'ndcg@10': 0.0444, 'hit@15': 0.116, 'ndcg@15': 0.0521, 'hit@20': 0.143, 'ndcg@20': 0.0584, 'hit@40': 0.2259, 'ndcg@40': 0.0753}
2024-10-15 18:10:27.753 | INFO     | trainer_1:train_model:166 - final test result is:  {'hit@1': 0.0087, 'ndcg@1': 0.0087, 'hit@5': 0.0356, 'ndcg@5': 0.022, 'hit@10': 0.062, 'ndcg@10': 0.0304, 'hit@15': 0.0828, 'ndcg@15': 0.0359, 'hit@20': 0.1016, 'ndcg@20': 0.0403, 'hit@40': 0.1667, 'ndcg@40': 0.0536}
2024-10-15 18:10:28.064 | INFO     | __main__:<module>:119 - train end total cost time: 3237.644823551178
