2024-10-15 18:11:03.387 | INFO     | __main__:<module>:105 - Namespace(TIME='2024-10-15 18_10_30', batch_size=1024, behaviors=['view', 'cart', 'buy'], check_point='model_pre_1_2024-10-15 14_50_17.pth', data_name='beibei', data_path='./data/beibei', decay=0.001, device='cuda:1', dim_qk=32, dim_v=64, distill_layers=2, distill_thres=0.5, distill_topK=60, distill_userK=10, embedding_size=64, epochs=100, gpu_no=1, if_load_model=True, ii_lambda=200, initializer_range=0.02, layers=2, loss_type='bpr', lr=0.001, message_dropout=0.25, metrics=['hit', 'ndcg'], min_epoch=5, model_name='main_1', model_path='./check_point', node_dropout=0.75, omega=1, pt_loop=50, reg_weight=0.001, test_batch_size=1024, testbatch=1024, topk=[1, 5, 10, 15, 20, 40], uu_lambda=100)
2024-10-15 18:11:03.387 | INFO     | __main__:<module>:106 - BIPN(
  (message_dropout): Dropout(p=0.25, inplace=False)
  (user_embedding): Embedding(21717, 64, padding_idx=0)
  (item_embedding): Embedding(7978, 64, padding_idx=0)
  (global_Graph): LightGCN()
  (Graph_encoder): ModuleDict(
    (view): GraphEncoder(
      (light): LightGCN()
      (dropout): Dropout(p=0.75, inplace=False)
    )
    (cart): GraphEncoder(
      (light): LightGCN()
      (dropout): Dropout(p=0.75, inplace=False)
    )
    (buy): GraphEncoder(
      (light): LightGCN()
      (dropout): Dropout(p=0.75, inplace=False)
    )
  )
  (attention): Mutual_Attention()
  (bpr_loss): BPRLoss()
  (emb_loss): EmbLoss()
  (f): Sigmoid()
)
2024-10-15 18:55:40.271 | INFO     | trainer_1:_train_one_epoch:193 - epoch 1 6.53s Train loss is [0.9261] 
2024-10-15 18:55:50.025 | INFO     | trainer_1:_train_one_epoch:201 - validate 1 cost time 9.75s, result: {'hit@1': 0.0112, 'ndcg@1': 0.0112, 'hit@5': 0.0352, 'ndcg@5': 0.0231, 'hit@10': 0.0596, 'ndcg@10': 0.0309, 'hit@15': 0.0785, 'ndcg@15': 0.0359, 'hit@20': 0.0973, 'ndcg@20': 0.0403, 'hit@40': 0.1573, 'ndcg@40': 0.0525} 
2024-10-15 18:55:59.665 | INFO     | trainer_1:_train_one_epoch:209 - test 1 cost time 9.64s, result: {'hit@1': 0.0059, 'ndcg@1': 0.0059, 'hit@5': 0.0217, 'ndcg@5': 0.0137, 'hit@10': 0.0371, 'ndcg@10': 0.0187, 'hit@15': 0.0509, 'ndcg@15': 0.0223, 'hit@20': 0.065, 'ndcg@20': 0.0257, 'hit@40': 0.1113, 'ndcg@40': 0.0351} 
2024-10-15 18:56:17.139 | INFO     | trainer_1:_train_one_epoch:193 - epoch 2 7.17s Train loss is [0.6942] 
2024-10-15 18:56:26.953 | INFO     | trainer_1:_train_one_epoch:201 - validate 2 cost time 9.81s, result: {'hit@1': 0.0076, 'ndcg@1': 0.0076, 'hit@5': 0.0297, 'ndcg@5': 0.0186, 'hit@10': 0.0545, 'ndcg@10': 0.0265, 'hit@15': 0.0758, 'ndcg@15': 0.0321, 'hit@20': 0.096, 'ndcg@20': 0.0369, 'hit@40': 0.1582, 'ndcg@40': 0.0496} 
2024-10-15 18:56:36.632 | INFO     | trainer_1:_train_one_epoch:209 - test 2 cost time 9.68s, result: {'hit@1': 0.0051, 'ndcg@1': 0.0051, 'hit@5': 0.0203, 'ndcg@5': 0.0125, 'hit@10': 0.0371, 'ndcg@10': 0.0179, 'hit@15': 0.0528, 'ndcg@15': 0.022, 'hit@20': 0.0665, 'ndcg@20': 0.0253, 'hit@40': 0.1143, 'ndcg@40': 0.035} 
2024-10-15 18:56:43.636 | INFO     | trainer_1:_train_one_epoch:193 - epoch 3 7.00s Train loss is [0.6339] 
2024-10-15 18:56:53.390 | INFO     | trainer_1:_train_one_epoch:201 - validate 3 cost time 9.75s, result: {'hit@1': 0.011, 'ndcg@1': 0.011, 'hit@5': 0.0396, 'ndcg@5': 0.0252, 'hit@10': 0.064, 'ndcg@10': 0.0331, 'hit@15': 0.0868, 'ndcg@15': 0.0391, 'hit@20': 0.1062, 'ndcg@20': 0.0437, 'hit@40': 0.1717, 'ndcg@40': 0.057} 
2024-10-15 18:57:03.232 | INFO     | trainer_1:_train_one_epoch:209 - test 3 cost time 9.84s, result: {'hit@1': 0.0071, 'ndcg@1': 0.0071, 'hit@5': 0.0236, 'ndcg@5': 0.0153, 'hit@10': 0.0411, 'ndcg@10': 0.021, 'hit@15': 0.0575, 'ndcg@15': 0.0253, 'hit@20': 0.0721, 'ndcg@20': 0.0287, 'hit@40': 0.1194, 'ndcg@40': 0.0383} 
2024-10-15 18:57:22.432 | INFO     | trainer_1:_train_one_epoch:193 - epoch 4 7.27s Train loss is [0.5786] 
2024-10-15 18:57:32.322 | INFO     | trainer_1:_train_one_epoch:201 - validate 4 cost time 9.89s, result: {'hit@1': 0.0111, 'ndcg@1': 0.0111, 'hit@5': 0.0378, 'ndcg@5': 0.0243, 'hit@10': 0.0618, 'ndcg@10': 0.0319, 'hit@15': 0.0845, 'ndcg@15': 0.0379, 'hit@20': 0.1059, 'ndcg@20': 0.043, 'hit@40': 0.1763, 'ndcg@40': 0.0573} 
2024-10-15 18:57:42.019 | INFO     | trainer_1:_train_one_epoch:209 - test 4 cost time 9.70s, result: {'hit@1': 0.0065, 'ndcg@1': 0.0065, 'hit@5': 0.0244, 'ndcg@5': 0.0154, 'hit@10': 0.0416, 'ndcg@10': 0.0208, 'hit@15': 0.0577, 'ndcg@15': 0.0251, 'hit@20': 0.0723, 'ndcg@20': 0.0285, 'hit@40': 0.1257, 'ndcg@40': 0.0394} 
2024-10-15 18:57:58.976 | INFO     | trainer_1:_train_one_epoch:193 - epoch 5 6.61s Train loss is [0.5682] 
2024-10-15 18:58:08.702 | INFO     | trainer_1:_train_one_epoch:201 - validate 5 cost time 9.73s, result: {'hit@1': 0.0136, 'ndcg@1': 0.0136, 'hit@5': 0.0415, 'ndcg@5': 0.0275, 'hit@10': 0.0681, 'ndcg@10': 0.0361, 'hit@15': 0.091, 'ndcg@15': 0.0421, 'hit@20': 0.1107, 'ndcg@20': 0.0468, 'hit@40': 0.1775, 'ndcg@40': 0.0604} 
2024-10-15 18:58:18.334 | INFO     | trainer_1:_train_one_epoch:209 - test 5 cost time 9.63s, result: {'hit@1': 0.007, 'ndcg@1': 0.007, 'hit@5': 0.0239, 'ndcg@5': 0.0153, 'hit@10': 0.0419, 'ndcg@10': 0.0211, 'hit@15': 0.057, 'ndcg@15': 0.0251, 'hit@20': 0.0728, 'ndcg@20': 0.0288, 'hit@40': 0.1245, 'ndcg@40': 0.0393} 
2024-10-15 18:58:35.483 | INFO     | trainer_1:_train_one_epoch:193 - epoch 6 6.74s Train loss is [0.5306] 
2024-10-15 18:58:45.217 | INFO     | trainer_1:_train_one_epoch:201 - validate 6 cost time 9.73s, result: {'hit@1': 0.0123, 'ndcg@1': 0.0123, 'hit@5': 0.0425, 'ndcg@5': 0.0274, 'hit@10': 0.0694, 'ndcg@10': 0.036, 'hit@15': 0.0935, 'ndcg@15': 0.0423, 'hit@20': 0.1175, 'ndcg@20': 0.048, 'hit@40': 0.1882, 'ndcg@40': 0.0624} 
2024-10-15 18:58:54.846 | INFO     | trainer_1:_train_one_epoch:209 - test 6 cost time 9.63s, result: {'hit@1': 0.0066, 'ndcg@1': 0.0066, 'hit@5': 0.0255, 'ndcg@5': 0.016, 'hit@10': 0.0431, 'ndcg@10': 0.0217, 'hit@15': 0.0607, 'ndcg@15': 0.0263, 'hit@20': 0.078, 'ndcg@20': 0.0304, 'hit@40': 0.1338, 'ndcg@40': 0.0418} 
2024-10-15 18:59:11.810 | INFO     | trainer_1:_train_one_epoch:193 - epoch 7 6.64s Train loss is [0.5218] 
2024-10-15 18:59:18.478 | INFO     | trainer_1:_train_one_epoch:201 - validate 7 cost time 6.67s, result: {'hit@1': 0.0121, 'ndcg@1': 0.0121, 'hit@5': 0.0459, 'ndcg@5': 0.0288, 'hit@10': 0.0742, 'ndcg@10': 0.0379, 'hit@15': 0.1001, 'ndcg@15': 0.0447, 'hit@20': 0.1232, 'ndcg@20': 0.0502, 'hit@40': 0.1935, 'ndcg@40': 0.0645} 
2024-10-15 18:59:25.462 | INFO     | trainer_1:_train_one_epoch:209 - test 7 cost time 6.98s, result: {'hit@1': 0.0076, 'ndcg@1': 0.0076, 'hit@5': 0.0279, 'ndcg@5': 0.0175, 'hit@10': 0.0483, 'ndcg@10': 0.0241, 'hit@15': 0.0651, 'ndcg@15': 0.0285, 'hit@20': 0.0817, 'ndcg@20': 0.0324, 'hit@40': 0.1388, 'ndcg@40': 0.044} 
2024-10-15 18:59:42.566 | INFO     | trainer_1:_train_one_epoch:193 - epoch 8 6.65s Train loss is [0.5086] 
2024-10-15 18:59:47.398 | INFO     | trainer_1:_train_one_epoch:201 - validate 8 cost time 4.83s, result: {'hit@1': 0.0107, 'ndcg@1': 0.0107, 'hit@5': 0.0407, 'ndcg@5': 0.0256, 'hit@10': 0.0717, 'ndcg@10': 0.0355, 'hit@15': 0.0978, 'ndcg@15': 0.0424, 'hit@20': 0.1227, 'ndcg@20': 0.0483, 'hit@40': 0.1999, 'ndcg@40': 0.064} 
2024-10-15 18:59:52.768 | INFO     | trainer_1:_train_one_epoch:209 - test 8 cost time 5.37s, result: {'hit@1': 0.0059, 'ndcg@1': 0.0059, 'hit@5': 0.0259, 'ndcg@5': 0.0157, 'hit@10': 0.0469, 'ndcg@10': 0.0224, 'hit@15': 0.0654, 'ndcg@15': 0.0273, 'hit@20': 0.0824, 'ndcg@20': 0.0313, 'hit@40': 0.1435, 'ndcg@40': 0.0438} 
2024-10-15 18:59:59.216 | INFO     | trainer_1:_train_one_epoch:193 - epoch 9 6.45s Train loss is [0.4799] 
2024-10-15 19:00:06.417 | INFO     | trainer_1:_train_one_epoch:201 - validate 9 cost time 7.20s, result: {'hit@1': 0.0151, 'ndcg@1': 0.0151, 'hit@5': 0.0465, 'ndcg@5': 0.0308, 'hit@10': 0.0791, 'ndcg@10': 0.0413, 'hit@15': 0.1061, 'ndcg@15': 0.0484, 'hit@20': 0.1292, 'ndcg@20': 0.0538, 'hit@40': 0.2062, 'ndcg@40': 0.0695} 
2024-10-15 19:00:13.956 | INFO     | trainer_1:_train_one_epoch:209 - test 9 cost time 7.54s, result: {'hit@1': 0.0081, 'ndcg@1': 0.0081, 'hit@5': 0.0279, 'ndcg@5': 0.018, 'hit@10': 0.0496, 'ndcg@10': 0.025, 'hit@15': 0.0679, 'ndcg@15': 0.0298, 'hit@20': 0.0855, 'ndcg@20': 0.034, 'hit@40': 0.1441, 'ndcg@40': 0.0459} 
2024-10-15 19:00:30.732 | INFO     | trainer_1:_train_one_epoch:193 - epoch 10 6.50s Train loss is [0.4725] 
2024-10-15 19:00:37.264 | INFO     | trainer_1:_train_one_epoch:201 - validate 10 cost time 6.53s, result: {'hit@1': 0.0136, 'ndcg@1': 0.0136, 'hit@5': 0.0479, 'ndcg@5': 0.0306, 'hit@10': 0.0794, 'ndcg@10': 0.0407, 'hit@15': 0.1075, 'ndcg@15': 0.0481, 'hit@20': 0.132, 'ndcg@20': 0.0539, 'hit@40': 0.2121, 'ndcg@40': 0.0702} 
2024-10-15 19:00:43.941 | INFO     | trainer_1:_train_one_epoch:209 - test 10 cost time 6.68s, result: {'hit@1': 0.0071, 'ndcg@1': 0.0071, 'hit@5': 0.0286, 'ndcg@5': 0.0178, 'hit@10': 0.051, 'ndcg@10': 0.0249, 'hit@15': 0.0699, 'ndcg@15': 0.0299, 'hit@20': 0.0877, 'ndcg@20': 0.0341, 'hit@40': 0.1479, 'ndcg@40': 0.0463} 
2024-10-15 19:01:01.796 | INFO     | trainer_1:_train_one_epoch:193 - epoch 11 6.74s Train loss is [0.4756] 
2024-10-15 19:01:06.655 | INFO     | trainer_1:_train_one_epoch:201 - validate 11 cost time 4.86s, result: {'hit@1': 0.0121, 'ndcg@1': 0.0121, 'hit@5': 0.0445, 'ndcg@5': 0.0281, 'hit@10': 0.0754, 'ndcg@10': 0.038, 'hit@15': 0.1031, 'ndcg@15': 0.0453, 'hit@20': 0.1276, 'ndcg@20': 0.0511, 'hit@40': 0.2096, 'ndcg@40': 0.0678} 
2024-10-15 19:01:11.799 | INFO     | trainer_1:_train_one_epoch:209 - test 11 cost time 5.14s, result: {'hit@1': 0.0075, 'ndcg@1': 0.0075, 'hit@5': 0.0276, 'ndcg@5': 0.0174, 'hit@10': 0.0483, 'ndcg@10': 0.024, 'hit@15': 0.0669, 'ndcg@15': 0.029, 'hit@20': 0.0856, 'ndcg@20': 0.0334, 'hit@40': 0.1456, 'ndcg@40': 0.0455} 
2024-10-15 19:01:18.629 | INFO     | trainer_1:_train_one_epoch:193 - epoch 12 6.83s Train loss is [0.4654] 
2024-10-15 19:01:25.709 | INFO     | trainer_1:_train_one_epoch:201 - validate 12 cost time 7.08s, result: {'hit@1': 0.0144, 'ndcg@1': 0.0144, 'hit@5': 0.047, 'ndcg@5': 0.0304, 'hit@10': 0.0776, 'ndcg@10': 0.0402, 'hit@15': 0.1028, 'ndcg@15': 0.0469, 'hit@20': 0.126, 'ndcg@20': 0.0523, 'hit@40': 0.2077, 'ndcg@40': 0.069} 
2024-10-15 19:01:33.317 | INFO     | trainer_1:_train_one_epoch:209 - test 12 cost time 7.61s, result: {'hit@1': 0.0082, 'ndcg@1': 0.0082, 'hit@5': 0.0274, 'ndcg@5': 0.0176, 'hit@10': 0.0484, 'ndcg@10': 0.0243, 'hit@15': 0.0671, 'ndcg@15': 0.0292, 'hit@20': 0.0851, 'ndcg@20': 0.0334, 'hit@40': 0.1407, 'ndcg@40': 0.0447} 
2024-10-15 19:01:39.858 | INFO     | trainer_1:_train_one_epoch:193 - epoch 13 6.54s Train loss is [0.4543] 
2024-10-15 19:01:47.247 | INFO     | trainer_1:_train_one_epoch:201 - validate 13 cost time 7.39s, result: {'hit@1': 0.0134, 'ndcg@1': 0.0134, 'hit@5': 0.0471, 'ndcg@5': 0.0301, 'hit@10': 0.0798, 'ndcg@10': 0.0406, 'hit@15': 0.1055, 'ndcg@15': 0.0474, 'hit@20': 0.1304, 'ndcg@20': 0.0532, 'hit@40': 0.2135, 'ndcg@40': 0.0701} 
2024-10-15 19:01:52.034 | INFO     | trainer_1:_train_one_epoch:209 - test 13 cost time 4.79s, result: {'hit@1': 0.0074, 'ndcg@1': 0.0074, 'hit@5': 0.0278, 'ndcg@5': 0.0175, 'hit@10': 0.0492, 'ndcg@10': 0.0244, 'hit@15': 0.0685, 'ndcg@15': 0.0295, 'hit@20': 0.0861, 'ndcg@20': 0.0336, 'hit@40': 0.1459, 'ndcg@40': 0.0458} 
2024-10-15 19:01:58.938 | INFO     | trainer_1:_train_one_epoch:193 - epoch 14 6.90s Train loss is [0.4383] 
2024-10-15 19:02:05.578 | INFO     | trainer_1:_train_one_epoch:201 - validate 14 cost time 6.64s, result: {'hit@1': 0.0146, 'ndcg@1': 0.0146, 'hit@5': 0.0524, 'ndcg@5': 0.0336, 'hit@10': 0.0857, 'ndcg@10': 0.0442, 'hit@15': 0.1147, 'ndcg@15': 0.0519, 'hit@20': 0.1393, 'ndcg@20': 0.0577, 'hit@40': 0.2214, 'ndcg@40': 0.0744} 
2024-10-15 19:02:12.831 | INFO     | trainer_1:_train_one_epoch:209 - test 14 cost time 7.25s, result: {'hit@1': 0.0081, 'ndcg@1': 0.0081, 'hit@5': 0.0315, 'ndcg@5': 0.0197, 'hit@10': 0.0529, 'ndcg@10': 0.0266, 'hit@15': 0.0728, 'ndcg@15': 0.0318, 'hit@20': 0.0907, 'ndcg@20': 0.036, 'hit@40': 0.1517, 'ndcg@40': 0.0484} 
2024-10-15 19:02:29.743 | INFO     | trainer_1:_train_one_epoch:193 - epoch 15 6.29s Train loss is [0.4434] 
2024-10-15 19:02:34.551 | INFO     | trainer_1:_train_one_epoch:201 - validate 15 cost time 4.81s, result: {'hit@1': 0.0145, 'ndcg@1': 0.0145, 'hit@5': 0.0489, 'ndcg@5': 0.0316, 'hit@10': 0.0807, 'ndcg@10': 0.0418, 'hit@15': 0.1083, 'ndcg@15': 0.0491, 'hit@20': 0.1322, 'ndcg@20': 0.0547, 'hit@40': 0.2088, 'ndcg@40': 0.0703} 
2024-10-15 19:02:40.914 | INFO     | trainer_1:_train_one_epoch:209 - test 15 cost time 6.36s, result: {'hit@1': 0.0082, 'ndcg@1': 0.0082, 'hit@5': 0.03, 'ndcg@5': 0.0192, 'hit@10': 0.0507, 'ndcg@10': 0.0257, 'hit@15': 0.07, 'ndcg@15': 0.0309, 'hit@20': 0.0878, 'ndcg@20': 0.0351, 'hit@40': 0.145, 'ndcg@40': 0.0467} 
2024-10-15 19:02:47.636 | INFO     | trainer_1:_train_one_epoch:193 - epoch 16 6.72s Train loss is [0.4161] 
2024-10-15 19:02:55.461 | INFO     | trainer_1:_train_one_epoch:201 - validate 16 cost time 7.83s, result: {'hit@1': 0.0127, 'ndcg@1': 0.0127, 'hit@5': 0.0465, 'ndcg@5': 0.0294, 'hit@10': 0.0772, 'ndcg@10': 0.0393, 'hit@15': 0.1041, 'ndcg@15': 0.0464, 'hit@20': 0.1279, 'ndcg@20': 0.052, 'hit@40': 0.2082, 'ndcg@40': 0.0683} 
2024-10-15 19:03:03.003 | INFO     | trainer_1:_train_one_epoch:209 - test 16 cost time 7.54s, result: {'hit@1': 0.0074, 'ndcg@1': 0.0074, 'hit@5': 0.0303, 'ndcg@5': 0.0186, 'hit@10': 0.0519, 'ndcg@10': 0.0256, 'hit@15': 0.0699, 'ndcg@15': 0.0303, 'hit@20': 0.0861, 'ndcg@20': 0.0341, 'hit@40': 0.1469, 'ndcg@40': 0.0465} 
2024-10-15 19:03:09.378 | INFO     | trainer_1:_train_one_epoch:193 - epoch 17 6.37s Train loss is [0.4141] 
2024-10-15 19:03:14.806 | INFO     | trainer_1:_train_one_epoch:201 - validate 17 cost time 5.43s, result: {'hit@1': 0.0132, 'ndcg@1': 0.0132, 'hit@5': 0.0465, 'ndcg@5': 0.0299, 'hit@10': 0.0759, 'ndcg@10': 0.0393, 'hit@15': 0.1029, 'ndcg@15': 0.0465, 'hit@20': 0.1292, 'ndcg@20': 0.0527, 'hit@40': 0.2139, 'ndcg@40': 0.0699} 
2024-10-15 19:03:19.562 | INFO     | trainer_1:_train_one_epoch:209 - test 17 cost time 4.76s, result: {'hit@1': 0.0078, 'ndcg@1': 0.0078, 'hit@5': 0.0297, 'ndcg@5': 0.0187, 'hit@10': 0.0524, 'ndcg@10': 0.026, 'hit@15': 0.0723, 'ndcg@15': 0.0312, 'hit@20': 0.0911, 'ndcg@20': 0.0357, 'hit@40': 0.1522, 'ndcg@40': 0.0481} 
2024-10-15 19:03:26.620 | INFO     | trainer_1:_train_one_epoch:193 - epoch 18 7.06s Train loss is [0.4045] 
2024-10-15 19:03:33.410 | INFO     | trainer_1:_train_one_epoch:201 - validate 18 cost time 6.79s, result: {'hit@1': 0.0128, 'ndcg@1': 0.0128, 'hit@5': 0.0471, 'ndcg@5': 0.0298, 'hit@10': 0.0782, 'ndcg@10': 0.0398, 'hit@15': 0.1075, 'ndcg@15': 0.0475, 'hit@20': 0.1335, 'ndcg@20': 0.0536, 'hit@40': 0.2184, 'ndcg@40': 0.0709} 
2024-10-15 19:03:41.127 | INFO     | trainer_1:_train_one_epoch:209 - test 18 cost time 7.72s, result: {'hit@1': 0.0063, 'ndcg@1': 0.0063, 'hit@5': 0.0291, 'ndcg@5': 0.0179, 'hit@10': 0.0524, 'ndcg@10': 0.0253, 'hit@15': 0.0711, 'ndcg@15': 0.0303, 'hit@20': 0.0882, 'ndcg@20': 0.0343, 'hit@40': 0.1493, 'ndcg@40': 0.0467} 
2024-10-15 19:03:47.436 | INFO     | trainer_1:_train_one_epoch:193 - epoch 19 6.31s Train loss is [0.4080] 
2024-10-15 19:03:55.141 | INFO     | trainer_1:_train_one_epoch:201 - validate 19 cost time 7.71s, result: {'hit@1': 0.0144, 'ndcg@1': 0.0144, 'hit@5': 0.0507, 'ndcg@5': 0.0324, 'hit@10': 0.0819, 'ndcg@10': 0.0424, 'hit@15': 0.1113, 'ndcg@15': 0.0502, 'hit@20': 0.1367, 'ndcg@20': 0.0561, 'hit@40': 0.2185, 'ndcg@40': 0.0728} 
2024-10-15 19:04:00.256 | INFO     | trainer_1:_train_one_epoch:209 - test 19 cost time 5.11s, result: {'hit@1': 0.008, 'ndcg@1': 0.008, 'hit@5': 0.0326, 'ndcg@5': 0.0202, 'hit@10': 0.0559, 'ndcg@10': 0.0277, 'hit@15': 0.0759, 'ndcg@15': 0.033, 'hit@20': 0.0941, 'ndcg@20': 0.0373, 'hit@40': 0.1564, 'ndcg@40': 0.0499} 
2024-10-15 19:04:17.943 | INFO     | trainer_1:_train_one_epoch:193 - epoch 20 7.01s Train loss is [0.4009] 
2024-10-15 19:04:25.648 | INFO     | trainer_1:_train_one_epoch:201 - validate 20 cost time 7.70s, result: {'hit@1': 0.0141, 'ndcg@1': 0.0141, 'hit@5': 0.0505, 'ndcg@5': 0.0322, 'hit@10': 0.0841, 'ndcg@10': 0.043, 'hit@15': 0.1116, 'ndcg@15': 0.0502, 'hit@20': 0.1378, 'ndcg@20': 0.0564, 'hit@40': 0.2232, 'ndcg@40': 0.0738} 
2024-10-15 19:04:33.210 | INFO     | trainer_1:_train_one_epoch:209 - test 20 cost time 7.56s, result: {'hit@1': 0.0072, 'ndcg@1': 0.0072, 'hit@5': 0.032, 'ndcg@5': 0.0194, 'hit@10': 0.054, 'ndcg@10': 0.0265, 'hit@15': 0.0749, 'ndcg@15': 0.032, 'hit@20': 0.0936, 'ndcg@20': 0.0364, 'hit@40': 0.1575, 'ndcg@40': 0.0494} 
2024-10-15 19:04:39.498 | INFO     | trainer_1:_train_one_epoch:193 - epoch 21 6.29s Train loss is [0.3895] 
2024-10-15 19:04:44.992 | INFO     | trainer_1:_train_one_epoch:201 - validate 21 cost time 5.49s, result: {'hit@1': 0.0143, 'ndcg@1': 0.0143, 'hit@5': 0.0542, 'ndcg@5': 0.0344, 'hit@10': 0.0893, 'ndcg@10': 0.0456, 'hit@15': 0.1206, 'ndcg@15': 0.0539, 'hit@20': 0.1482, 'ndcg@20': 0.0604, 'hit@40': 0.2366, 'ndcg@40': 0.0783} 
2024-10-15 19:04:49.772 | INFO     | trainer_1:_train_one_epoch:209 - test 21 cost time 4.78s, result: {'hit@1': 0.0084, 'ndcg@1': 0.0084, 'hit@5': 0.034, 'ndcg@5': 0.0212, 'hit@10': 0.0594, 'ndcg@10': 0.0293, 'hit@15': 0.082, 'ndcg@15': 0.0353, 'hit@20': 0.1014, 'ndcg@20': 0.0399, 'hit@40': 0.1683, 'ndcg@40': 0.0535} 
2024-10-15 19:05:06.731 | INFO     | trainer_1:_train_one_epoch:193 - epoch 22 6.56s Train loss is [0.3893] 
2024-10-15 19:05:14.590 | INFO     | trainer_1:_train_one_epoch:201 - validate 22 cost time 7.86s, result: {'hit@1': 0.0135, 'ndcg@1': 0.0135, 'hit@5': 0.0498, 'ndcg@5': 0.0315, 'hit@10': 0.0852, 'ndcg@10': 0.0429, 'hit@15': 0.1149, 'ndcg@15': 0.0507, 'hit@20': 0.1406, 'ndcg@20': 0.0568, 'hit@40': 0.2287, 'ndcg@40': 0.0747} 
2024-10-15 19:05:22.305 | INFO     | trainer_1:_train_one_epoch:209 - test 22 cost time 7.71s, result: {'hit@1': 0.0082, 'ndcg@1': 0.0082, 'hit@5': 0.0337, 'ndcg@5': 0.0208, 'hit@10': 0.0584, 'ndcg@10': 0.0288, 'hit@15': 0.0804, 'ndcg@15': 0.0346, 'hit@20': 0.101, 'ndcg@20': 0.0395, 'hit@40': 0.1681, 'ndcg@40': 0.0531} 
2024-10-15 19:05:28.530 | INFO     | trainer_1:_train_one_epoch:193 - epoch 23 6.22s Train loss is [0.3952] 
2024-10-15 19:05:33.340 | INFO     | trainer_1:_train_one_epoch:201 - validate 23 cost time 4.81s, result: {'hit@1': 0.014, 'ndcg@1': 0.014, 'hit@5': 0.054, 'ndcg@5': 0.0338, 'hit@10': 0.0899, 'ndcg@10': 0.0453, 'hit@15': 0.1195, 'ndcg@15': 0.0531, 'hit@20': 0.146, 'ndcg@20': 0.0594, 'hit@40': 0.2327, 'ndcg@40': 0.077} 
2024-10-15 19:05:39.214 | INFO     | trainer_1:_train_one_epoch:209 - test 23 cost time 5.87s, result: {'hit@1': 0.0088, 'ndcg@1': 0.0088, 'hit@5': 0.0358, 'ndcg@5': 0.0221, 'hit@10': 0.0613, 'ndcg@10': 0.0302, 'hit@15': 0.0816, 'ndcg@15': 0.0355, 'hit@20': 0.1022, 'ndcg@20': 0.0404, 'hit@40': 0.1667, 'ndcg@40': 0.0535} 
2024-10-15 19:05:55.887 | INFO     | trainer_1:_train_one_epoch:193 - epoch 24 6.37s Train loss is [0.3868] 
2024-10-15 19:06:03.615 | INFO     | trainer_1:_train_one_epoch:201 - validate 24 cost time 7.73s, result: {'hit@1': 0.015, 'ndcg@1': 0.015, 'hit@5': 0.0532, 'ndcg@5': 0.034, 'hit@10': 0.0917, 'ndcg@10': 0.0463, 'hit@15': 0.1212, 'ndcg@15': 0.0542, 'hit@20': 0.1503, 'ndcg@20': 0.061, 'hit@40': 0.2368, 'ndcg@40': 0.0787} 
2024-10-15 19:06:11.005 | INFO     | trainer_1:_train_one_epoch:209 - test 24 cost time 7.39s, result: {'hit@1': 0.0084, 'ndcg@1': 0.0084, 'hit@5': 0.0347, 'ndcg@5': 0.0217, 'hit@10': 0.0605, 'ndcg@10': 0.03, 'hit@15': 0.0818, 'ndcg@15': 0.0356, 'hit@20': 0.1024, 'ndcg@20': 0.0405, 'hit@40': 0.1717, 'ndcg@40': 0.0545} 
2024-10-15 19:06:17.173 | INFO     | trainer_1:_train_one_epoch:193 - epoch 25 6.17s Train loss is [0.3978] 
2024-10-15 19:06:23.088 | INFO     | trainer_1:_train_one_epoch:201 - validate 25 cost time 5.91s, result: {'hit@1': 0.0146, 'ndcg@1': 0.0146, 'hit@5': 0.0513, 'ndcg@5': 0.0327, 'hit@10': 0.0852, 'ndcg@10': 0.0436, 'hit@15': 0.1143, 'ndcg@15': 0.0512, 'hit@20': 0.1415, 'ndcg@20': 0.0576, 'hit@40': 0.2277, 'ndcg@40': 0.0752} 
2024-10-15 19:06:29.640 | INFO     | trainer_1:_train_one_epoch:209 - test 25 cost time 6.55s, result: {'hit@1': 0.0082, 'ndcg@1': 0.0082, 'hit@5': 0.0342, 'ndcg@5': 0.0211, 'hit@10': 0.0577, 'ndcg@10': 0.0286, 'hit@15': 0.0788, 'ndcg@15': 0.0342, 'hit@20': 0.0983, 'ndcg@20': 0.0388, 'hit@40': 0.1623, 'ndcg@40': 0.0518} 
2024-10-15 19:06:36.076 | INFO     | trainer_1:_train_one_epoch:193 - epoch 26 6.44s Train loss is [0.3891] 
2024-10-15 19:06:43.917 | INFO     | trainer_1:_train_one_epoch:201 - validate 26 cost time 7.84s, result: {'hit@1': 0.0139, 'ndcg@1': 0.0139, 'hit@5': 0.0519, 'ndcg@5': 0.033, 'hit@10': 0.086, 'ndcg@10': 0.044, 'hit@15': 0.1155, 'ndcg@15': 0.0518, 'hit@20': 0.143, 'ndcg@20': 0.0582, 'hit@40': 0.2263, 'ndcg@40': 0.0752} 
2024-10-15 19:06:51.552 | INFO     | trainer_1:_train_one_epoch:209 - test 26 cost time 7.63s, result: {'hit@1': 0.0088, 'ndcg@1': 0.0088, 'hit@5': 0.0351, 'ndcg@5': 0.0218, 'hit@10': 0.0617, 'ndcg@10': 0.0303, 'hit@15': 0.0821, 'ndcg@15': 0.0357, 'hit@20': 0.1008, 'ndcg@20': 0.0401, 'hit@40': 0.1668, 'ndcg@40': 0.0535} 
2024-10-15 19:07:08.800 | INFO     | trainer_1:_train_one_epoch:193 - epoch 27 6.76s Train loss is [0.3936] 
2024-10-15 19:07:16.612 | INFO     | trainer_1:_train_one_epoch:201 - validate 27 cost time 7.81s, result: {'hit@1': 0.0142, 'ndcg@1': 0.0142, 'hit@5': 0.0513, 'ndcg@5': 0.0329, 'hit@10': 0.085, 'ndcg@10': 0.0436, 'hit@15': 0.1147, 'ndcg@15': 0.0515, 'hit@20': 0.1434, 'ndcg@20': 0.0583, 'hit@40': 0.2308, 'ndcg@40': 0.076} 
2024-10-15 19:07:24.237 | INFO     | trainer_1:_train_one_epoch:209 - test 27 cost time 7.63s, result: {'hit@1': 0.008, 'ndcg@1': 0.008, 'hit@5': 0.0325, 'ndcg@5': 0.0202, 'hit@10': 0.0559, 'ndcg@10': 0.0277, 'hit@15': 0.0766, 'ndcg@15': 0.0332, 'hit@20': 0.0971, 'ndcg@20': 0.038, 'hit@40': 0.1627, 'ndcg@40': 0.0514} 
2024-10-15 19:07:30.651 | INFO     | trainer_1:_train_one_epoch:193 - epoch 28 6.41s Train loss is [0.3898] 
2024-10-15 19:07:37.231 | INFO     | trainer_1:_train_one_epoch:201 - validate 28 cost time 6.58s, result: {'hit@1': 0.0138, 'ndcg@1': 0.0138, 'hit@5': 0.0489, 'ndcg@5': 0.0312, 'hit@10': 0.0821, 'ndcg@10': 0.0418, 'hit@15': 0.1114, 'ndcg@15': 0.0496, 'hit@20': 0.1377, 'ndcg@20': 0.0558, 'hit@40': 0.2252, 'ndcg@40': 0.0736} 
2024-10-15 19:07:43.721 | INFO     | trainer_1:_train_one_epoch:209 - test 28 cost time 6.49s, result: {'hit@1': 0.0079, 'ndcg@1': 0.0079, 'hit@5': 0.0303, 'ndcg@5': 0.0189, 'hit@10': 0.0553, 'ndcg@10': 0.0269, 'hit@15': 0.0748, 'ndcg@15': 0.0321, 'hit@20': 0.0946, 'ndcg@20': 0.0368, 'hit@40': 0.1608, 'ndcg@40': 0.0502} 
2024-10-15 19:07:50.051 | INFO     | trainer_1:_train_one_epoch:193 - epoch 29 6.33s Train loss is [0.3763] 
2024-10-15 19:07:58.260 | INFO     | trainer_1:_train_one_epoch:201 - validate 29 cost time 8.21s, result: {'hit@1': 0.0152, 'ndcg@1': 0.0152, 'hit@5': 0.0537, 'ndcg@5': 0.0344, 'hit@10': 0.0892, 'ndcg@10': 0.0458, 'hit@15': 0.1205, 'ndcg@15': 0.054, 'hit@20': 0.1474, 'ndcg@20': 0.0604, 'hit@40': 0.2346, 'ndcg@40': 0.0781} 
2024-10-15 19:08:06.523 | INFO     | trainer_1:_train_one_epoch:209 - test 29 cost time 8.26s, result: {'hit@1': 0.0082, 'ndcg@1': 0.0082, 'hit@5': 0.0347, 'ndcg@5': 0.0212, 'hit@10': 0.0601, 'ndcg@10': 0.0294, 'hit@15': 0.0812, 'ndcg@15': 0.035, 'hit@20': 0.0995, 'ndcg@20': 0.0393, 'hit@40': 0.1684, 'ndcg@40': 0.0533} 
2024-10-15 19:08:12.642 | INFO     | trainer_1:_train_one_epoch:193 - epoch 30 6.12s Train loss is [0.3674] 
2024-10-15 19:08:17.461 | INFO     | trainer_1:_train_one_epoch:201 - validate 30 cost time 4.82s, result: {'hit@1': 0.0154, 'ndcg@1': 0.0154, 'hit@5': 0.0529, 'ndcg@5': 0.034, 'hit@10': 0.0894, 'ndcg@10': 0.0456, 'hit@15': 0.1205, 'ndcg@15': 0.0538, 'hit@20': 0.1483, 'ndcg@20': 0.0604, 'hit@40': 0.2383, 'ndcg@40': 0.0787} 
2024-10-15 19:08:23.837 | INFO     | trainer_1:_train_one_epoch:209 - test 30 cost time 6.38s, result: {'hit@1': 0.0077, 'ndcg@1': 0.0077, 'hit@5': 0.0332, 'ndcg@5': 0.0204, 'hit@10': 0.0594, 'ndcg@10': 0.0288, 'hit@15': 0.0797, 'ndcg@15': 0.0341, 'hit@20': 0.0998, 'ndcg@20': 0.0389, 'hit@40': 0.1675, 'ndcg@40': 0.0527} 
2024-10-15 19:08:30.452 | INFO     | trainer_1:_train_one_epoch:193 - epoch 31 6.61s Train loss is [0.3662] 
2024-10-15 19:08:38.309 | INFO     | trainer_1:_train_one_epoch:201 - validate 31 cost time 7.86s, result: {'hit@1': 0.0152, 'ndcg@1': 0.0152, 'hit@5': 0.0525, 'ndcg@5': 0.0339, 'hit@10': 0.0893, 'ndcg@10': 0.0457, 'hit@15': 0.1186, 'ndcg@15': 0.0534, 'hit@20': 0.1467, 'ndcg@20': 0.06, 'hit@40': 0.2351, 'ndcg@40': 0.078} 
2024-10-15 19:08:45.915 | INFO     | trainer_1:_train_one_epoch:209 - test 31 cost time 7.61s, result: {'hit@1': 0.0084, 'ndcg@1': 0.0084, 'hit@5': 0.0329, 'ndcg@5': 0.0207, 'hit@10': 0.0571, 'ndcg@10': 0.0284, 'hit@15': 0.0794, 'ndcg@15': 0.0343, 'hit@20': 0.0992, 'ndcg@20': 0.039, 'hit@40': 0.1631, 'ndcg@40': 0.052} 
2024-10-15 19:08:45.925 | INFO     | trainer_1:train_model:163 - training end, best iteration 26, results: {'hit@1': 0.0139, 'ndcg@1': 0.0139, 'hit@5': 0.0519, 'ndcg@5': 0.033, 'hit@10': 0.086, 'ndcg@10': 0.044, 'hit@15': 0.1155, 'ndcg@15': 0.0518, 'hit@20': 0.143, 'ndcg@20': 0.0582, 'hit@40': 0.2263, 'ndcg@40': 0.0752}
2024-10-15 19:08:45.926 | INFO     | trainer_1:train_model:166 - final test result is:  {'hit@1': 0.0088, 'ndcg@1': 0.0088, 'hit@5': 0.0351, 'ndcg@5': 0.0218, 'hit@10': 0.0617, 'ndcg@10': 0.0303, 'hit@15': 0.0821, 'ndcg@15': 0.0357, 'hit@20': 0.1008, 'ndcg@20': 0.0401, 'hit@40': 0.1668, 'ndcg@40': 0.0535}
2024-10-15 19:08:46.218 | INFO     | __main__:<module>:119 - train end total cost time: 3495.3981626033783
