2024-10-15 16:32:28.886 | INFO     | __main__:<module>:105 - Namespace(TIME='2024-10-15 16_31_49', batch_size=1024, behaviors=['view', 'cart', 'buy'], check_point='model_pre_1_2024-10-15 14_50_17.pth', data_name='beibei', data_path='./data/beibei', decay=0.001, device='cuda:1', dim_qk=32, dim_v=64, distill_layers=2, distill_thres=0.5, distill_topK=60, distill_userK=6, embedding_size=64, epochs=100, gpu_no=1, if_load_model=True, ii_lambda=200, initializer_range=0.02, layers=2, loss_type='bpr', lr=0.001, message_dropout=0.25, metrics=['hit', 'ndcg'], min_epoch=5, model_name='main_1', model_path='./check_point', node_dropout=0.75, omega=1, pt_loop=50, reg_weight=0.001, test_batch_size=1024, testbatch=1024, topk=[1, 5, 10, 15, 20, 40], uu_lambda=100)
2024-10-15 16:32:28.887 | INFO     | __main__:<module>:106 - BIPN(
  (message_dropout): Dropout(p=0.25, inplace=False)
  (user_embedding): Embedding(21717, 64, padding_idx=0)
  (item_embedding): Embedding(7978, 64, padding_idx=0)
  (global_Graph): LightGCN()
  (Graph_encoder): ModuleDict(
    (view): GraphEncoder(
      (light): LightGCN()
      (dropout): Dropout(p=0.75, inplace=False)
    )
    (cart): GraphEncoder(
      (light): LightGCN()
      (dropout): Dropout(p=0.75, inplace=False)
    )
    (buy): GraphEncoder(
      (light): LightGCN()
      (dropout): Dropout(p=0.75, inplace=False)
    )
  )
  (attention): Mutual_Attention()
  (bpr_loss): BPRLoss()
  (emb_loss): EmbLoss()
  (f): Sigmoid()
)
2024-10-15 17:01:51.330 | INFO     | trainer_1:_train_one_epoch:193 - epoch 1 9.06s Train loss is [0.9205] 
2024-10-15 17:01:56.638 | INFO     | trainer_1:_train_one_epoch:201 - validate 1 cost time 5.31s, result: {'hit@1': 0.0108, 'ndcg@1': 0.0108, 'hit@5': 0.035, 'ndcg@5': 0.0228, 'hit@10': 0.0594, 'ndcg@10': 0.0307, 'hit@15': 0.0776, 'ndcg@15': 0.0355, 'hit@20': 0.0972, 'ndcg@20': 0.0401, 'hit@40': 0.1584, 'ndcg@40': 0.0525} 
2024-10-15 17:02:03.560 | INFO     | trainer_1:_train_one_epoch:209 - test 1 cost time 6.92s, result: {'hit@1': 0.0062, 'ndcg@1': 0.0062, 'hit@5': 0.0219, 'ndcg@5': 0.0139, 'hit@10': 0.0374, 'ndcg@10': 0.0189, 'hit@15': 0.0513, 'ndcg@15': 0.0226, 'hit@20': 0.065, 'ndcg@20': 0.0258, 'hit@40': 0.1113, 'ndcg@40': 0.0352} 
2024-10-15 17:02:24.030 | INFO     | trainer_1:_train_one_epoch:193 - epoch 2 8.97s Train loss is [0.6888] 
2024-10-15 17:02:31.460 | INFO     | trainer_1:_train_one_epoch:201 - validate 2 cost time 7.43s, result: {'hit@1': 0.0075, 'ndcg@1': 0.0075, 'hit@5': 0.03, 'ndcg@5': 0.0186, 'hit@10': 0.0536, 'ndcg@10': 0.0261, 'hit@15': 0.0752, 'ndcg@15': 0.0318, 'hit@20': 0.0949, 'ndcg@20': 0.0365, 'hit@40': 0.1576, 'ndcg@40': 0.0493} 
2024-10-15 17:02:36.575 | INFO     | trainer_1:_train_one_epoch:209 - test 2 cost time 5.11s, result: {'hit@1': 0.005, 'ndcg@1': 0.005, 'hit@5': 0.0203, 'ndcg@5': 0.0125, 'hit@10': 0.0371, 'ndcg@10': 0.0178, 'hit@15': 0.053, 'ndcg@15': 0.022, 'hit@20': 0.066, 'ndcg@20': 0.0251, 'hit@40': 0.1141, 'ndcg@40': 0.0348} 
2024-10-15 17:02:46.085 | INFO     | trainer_1:_train_one_epoch:193 - epoch 3 9.51s Train loss is [0.6285] 
2024-10-15 17:02:53.435 | INFO     | trainer_1:_train_one_epoch:201 - validate 3 cost time 7.35s, result: {'hit@1': 0.0108, 'ndcg@1': 0.0108, 'hit@5': 0.0391, 'ndcg@5': 0.0249, 'hit@10': 0.0647, 'ndcg@10': 0.0331, 'hit@15': 0.0874, 'ndcg@15': 0.0391, 'hit@20': 0.1062, 'ndcg@20': 0.0436, 'hit@40': 0.1708, 'ndcg@40': 0.0567} 
2024-10-15 17:03:00.663 | INFO     | trainer_1:_train_one_epoch:209 - test 3 cost time 7.23s, result: {'hit@1': 0.0066, 'ndcg@1': 0.0066, 'hit@5': 0.0233, 'ndcg@5': 0.015, 'hit@10': 0.0414, 'ndcg@10': 0.0208, 'hit@15': 0.0577, 'ndcg@15': 0.0251, 'hit@20': 0.0714, 'ndcg@20': 0.0283, 'hit@40': 0.1198, 'ndcg@40': 0.0381} 
2024-10-15 17:03:20.962 | INFO     | trainer_1:_train_one_epoch:193 - epoch 4 8.84s Train loss is [0.5739] 
2024-10-15 17:03:27.798 | INFO     | trainer_1:_train_one_epoch:201 - validate 4 cost time 6.83s, result: {'hit@1': 0.0109, 'ndcg@1': 0.0109, 'hit@5': 0.0373, 'ndcg@5': 0.0241, 'hit@10': 0.0618, 'ndcg@10': 0.0319, 'hit@15': 0.0855, 'ndcg@15': 0.0382, 'hit@20': 0.1063, 'ndcg@20': 0.0431, 'hit@40': 0.1765, 'ndcg@40': 0.0574} 
2024-10-15 17:03:34.991 | INFO     | trainer_1:_train_one_epoch:209 - test 4 cost time 7.19s, result: {'hit@1': 0.0065, 'ndcg@1': 0.0065, 'hit@5': 0.0243, 'ndcg@5': 0.0153, 'hit@10': 0.0414, 'ndcg@10': 0.0208, 'hit@15': 0.058, 'ndcg@15': 0.0252, 'hit@20': 0.0726, 'ndcg@20': 0.0286, 'hit@40': 0.1256, 'ndcg@40': 0.0394} 
2024-10-15 17:03:44.249 | INFO     | trainer_1:_train_one_epoch:193 - epoch 5 9.26s Train loss is [0.5631] 
2024-10-15 17:03:51.424 | INFO     | trainer_1:_train_one_epoch:201 - validate 5 cost time 7.17s, result: {'hit@1': 0.0132, 'ndcg@1': 0.0132, 'hit@5': 0.0416, 'ndcg@5': 0.0275, 'hit@10': 0.068, 'ndcg@10': 0.036, 'hit@15': 0.0916, 'ndcg@15': 0.0422, 'hit@20': 0.1113, 'ndcg@20': 0.0469, 'hit@40': 0.1792, 'ndcg@40': 0.0607} 
2024-10-15 17:03:58.223 | INFO     | trainer_1:_train_one_epoch:209 - test 5 cost time 6.80s, result: {'hit@1': 0.0065, 'ndcg@1': 0.0065, 'hit@5': 0.0238, 'ndcg@5': 0.0151, 'hit@10': 0.0425, 'ndcg@10': 0.0211, 'hit@15': 0.0573, 'ndcg@15': 0.025, 'hit@20': 0.0731, 'ndcg@20': 0.0287, 'hit@40': 0.1253, 'ndcg@40': 0.0394} 
2024-10-15 17:04:19.784 | INFO     | trainer_1:_train_one_epoch:193 - epoch 6 10.24s Train loss is [0.5262] 
2024-10-15 17:04:27.226 | INFO     | trainer_1:_train_one_epoch:201 - validate 6 cost time 7.44s, result: {'hit@1': 0.0119, 'ndcg@1': 0.0119, 'hit@5': 0.0413, 'ndcg@5': 0.0266, 'hit@10': 0.0702, 'ndcg@10': 0.0359, 'hit@15': 0.0941, 'ndcg@15': 0.0422, 'hit@20': 0.1165, 'ndcg@20': 0.0475, 'hit@40': 0.191, 'ndcg@40': 0.0627} 
2024-10-15 17:04:34.327 | INFO     | trainer_1:_train_one_epoch:209 - test 6 cost time 7.10s, result: {'hit@1': 0.0068, 'ndcg@1': 0.0068, 'hit@5': 0.0254, 'ndcg@5': 0.016, 'hit@10': 0.0445, 'ndcg@10': 0.0221, 'hit@15': 0.0611, 'ndcg@15': 0.0264, 'hit@20': 0.0778, 'ndcg@20': 0.0304, 'hit@40': 0.134, 'ndcg@40': 0.0418} 
2024-10-15 17:04:55.304 | INFO     | trainer_1:_train_one_epoch:193 - epoch 7 9.64s Train loss is [0.5180] 
2024-10-15 17:05:02.742 | INFO     | trainer_1:_train_one_epoch:201 - validate 7 cost time 7.44s, result: {'hit@1': 0.0125, 'ndcg@1': 0.0125, 'hit@5': 0.0456, 'ndcg@5': 0.0289, 'hit@10': 0.0738, 'ndcg@10': 0.0379, 'hit@15': 0.1005, 'ndcg@15': 0.045, 'hit@20': 0.1243, 'ndcg@20': 0.0506, 'hit@40': 0.1945, 'ndcg@40': 0.0649} 
2024-10-15 17:05:10.136 | INFO     | trainer_1:_train_one_epoch:209 - test 7 cost time 7.39s, result: {'hit@1': 0.0078, 'ndcg@1': 0.0078, 'hit@5': 0.0286, 'ndcg@5': 0.0179, 'hit@10': 0.0475, 'ndcg@10': 0.0239, 'hit@15': 0.064, 'ndcg@15': 0.0283, 'hit@20': 0.0822, 'ndcg@20': 0.0326, 'hit@40': 0.1391, 'ndcg@40': 0.0441} 
2024-10-15 17:05:29.760 | INFO     | trainer_1:_train_one_epoch:193 - epoch 8 8.88s Train loss is [0.5057] 
2024-10-15 17:05:36.757 | INFO     | trainer_1:_train_one_epoch:201 - validate 8 cost time 7.00s, result: {'hit@1': 0.011, 'ndcg@1': 0.011, 'hit@5': 0.0412, 'ndcg@5': 0.0258, 'hit@10': 0.0723, 'ndcg@10': 0.0358, 'hit@15': 0.099, 'ndcg@15': 0.0429, 'hit@20': 0.1243, 'ndcg@20': 0.0488, 'hit@40': 0.2017, 'ndcg@40': 0.0646} 
2024-10-15 17:05:43.906 | INFO     | trainer_1:_train_one_epoch:209 - test 8 cost time 7.15s, result: {'hit@1': 0.006, 'ndcg@1': 0.006, 'hit@5': 0.0258, 'ndcg@5': 0.0158, 'hit@10': 0.0473, 'ndcg@10': 0.0226, 'hit@15': 0.0656, 'ndcg@15': 0.0275, 'hit@20': 0.0834, 'ndcg@20': 0.0317, 'hit@40': 0.1446, 'ndcg@40': 0.0441} 
2024-10-15 17:05:52.305 | INFO     | trainer_1:_train_one_epoch:193 - epoch 9 8.40s Train loss is [0.4753] 
2024-10-15 17:05:59.539 | INFO     | trainer_1:_train_one_epoch:201 - validate 9 cost time 7.23s, result: {'hit@1': 0.0154, 'ndcg@1': 0.0154, 'hit@5': 0.0469, 'ndcg@5': 0.031, 'hit@10': 0.0788, 'ndcg@10': 0.0412, 'hit@15': 0.1061, 'ndcg@15': 0.0484, 'hit@20': 0.1297, 'ndcg@20': 0.054, 'hit@40': 0.2078, 'ndcg@40': 0.0699} 
2024-10-15 17:06:04.807 | INFO     | trainer_1:_train_one_epoch:209 - test 9 cost time 5.27s, result: {'hit@1': 0.0078, 'ndcg@1': 0.0078, 'hit@5': 0.0283, 'ndcg@5': 0.0181, 'hit@10': 0.0495, 'ndcg@10': 0.0249, 'hit@15': 0.0684, 'ndcg@15': 0.0299, 'hit@20': 0.0855, 'ndcg@20': 0.0339, 'hit@40': 0.1448, 'ndcg@40': 0.0459} 
2024-10-15 17:06:24.850 | INFO     | trainer_1:_train_one_epoch:193 - epoch 10 9.17s Train loss is [0.4684] 
2024-10-15 17:06:32.145 | INFO     | trainer_1:_train_one_epoch:201 - validate 10 cost time 7.29s, result: {'hit@1': 0.0127, 'ndcg@1': 0.0127, 'hit@5': 0.0473, 'ndcg@5': 0.0299, 'hit@10': 0.079, 'ndcg@10': 0.0401, 'hit@15': 0.1088, 'ndcg@15': 0.048, 'hit@20': 0.1331, 'ndcg@20': 0.0537, 'hit@40': 0.2127, 'ndcg@40': 0.0699} 
2024-10-15 17:06:39.221 | INFO     | trainer_1:_train_one_epoch:209 - test 10 cost time 7.08s, result: {'hit@1': 0.0069, 'ndcg@1': 0.0069, 'hit@5': 0.0288, 'ndcg@5': 0.0177, 'hit@10': 0.0506, 'ndcg@10': 0.0247, 'hit@15': 0.0696, 'ndcg@15': 0.0297, 'hit@20': 0.0865, 'ndcg@20': 0.0337, 'hit@40': 0.1483, 'ndcg@40': 0.0463} 
2024-10-15 17:07:00.116 | INFO     | trainer_1:_train_one_epoch:193 - epoch 11 10.07s Train loss is [0.4730] 
2024-10-15 17:07:08.393 | INFO     | trainer_1:_train_one_epoch:201 - validate 11 cost time 8.28s, result: {'hit@1': 0.0117, 'ndcg@1': 0.0117, 'hit@5': 0.0442, 'ndcg@5': 0.0278, 'hit@10': 0.0749, 'ndcg@10': 0.0376, 'hit@15': 0.1027, 'ndcg@15': 0.045, 'hit@20': 0.1284, 'ndcg@20': 0.051, 'hit@40': 0.2106, 'ndcg@40': 0.0677} 
2024-10-15 17:07:15.598 | INFO     | trainer_1:_train_one_epoch:209 - test 11 cost time 7.21s, result: {'hit@1': 0.0067, 'ndcg@1': 0.0067, 'hit@5': 0.028, 'ndcg@5': 0.0173, 'hit@10': 0.0486, 'ndcg@10': 0.0239, 'hit@15': 0.0674, 'ndcg@15': 0.0288, 'hit@20': 0.0864, 'ndcg@20': 0.0333, 'hit@40': 0.1452, 'ndcg@40': 0.0452} 
2024-10-15 17:07:24.104 | INFO     | trainer_1:_train_one_epoch:193 - epoch 12 8.51s Train loss is [0.4619] 
2024-10-15 17:07:31.544 | INFO     | trainer_1:_train_one_epoch:201 - validate 12 cost time 7.44s, result: {'hit@1': 0.0141, 'ndcg@1': 0.0141, 'hit@5': 0.0468, 'ndcg@5': 0.0303, 'hit@10': 0.0775, 'ndcg@10': 0.0401, 'hit@15': 0.1044, 'ndcg@15': 0.0472, 'hit@20': 0.1279, 'ndcg@20': 0.0528, 'hit@40': 0.2083, 'ndcg@40': 0.0692} 
2024-10-15 17:07:36.489 | INFO     | trainer_1:_train_one_epoch:209 - test 12 cost time 4.94s, result: {'hit@1': 0.0076, 'ndcg@1': 0.0076, 'hit@5': 0.0279, 'ndcg@5': 0.0176, 'hit@10': 0.0494, 'ndcg@10': 0.0244, 'hit@15': 0.0685, 'ndcg@15': 0.0295, 'hit@20': 0.0849, 'ndcg@20': 0.0333, 'hit@40': 0.1418, 'ndcg@40': 0.0449} 
2024-10-15 17:07:46.129 | INFO     | trainer_1:_train_one_epoch:193 - epoch 13 9.64s Train loss is [0.4504] 
2024-10-15 17:07:54.278 | INFO     | trainer_1:_train_one_epoch:201 - validate 13 cost time 8.15s, result: {'hit@1': 0.0138, 'ndcg@1': 0.0138, 'hit@5': 0.0479, 'ndcg@5': 0.0306, 'hit@10': 0.0798, 'ndcg@10': 0.0409, 'hit@15': 0.1051, 'ndcg@15': 0.0476, 'hit@20': 0.13, 'ndcg@20': 0.0534, 'hit@40': 0.214, 'ndcg@40': 0.0705} 
2024-10-15 17:08:01.777 | INFO     | trainer_1:_train_one_epoch:209 - test 13 cost time 7.50s, result: {'hit@1': 0.0072, 'ndcg@1': 0.0072, 'hit@5': 0.0283, 'ndcg@5': 0.0177, 'hit@10': 0.0498, 'ndcg@10': 0.0245, 'hit@15': 0.0688, 'ndcg@15': 0.0295, 'hit@20': 0.0854, 'ndcg@20': 0.0334, 'hit@40': 0.1459, 'ndcg@40': 0.0458} 
2024-10-15 17:08:10.184 | INFO     | trainer_1:_train_one_epoch:193 - epoch 14 8.41s Train loss is [0.4344] 
2024-10-15 17:08:17.699 | INFO     | trainer_1:_train_one_epoch:201 - validate 14 cost time 7.51s, result: {'hit@1': 0.0153, 'ndcg@1': 0.0153, 'hit@5': 0.0521, 'ndcg@5': 0.0338, 'hit@10': 0.0851, 'ndcg@10': 0.0445, 'hit@15': 0.1146, 'ndcg@15': 0.0523, 'hit@20': 0.14, 'ndcg@20': 0.0582, 'hit@40': 0.2231, 'ndcg@40': 0.0752} 
2024-10-15 17:08:23.237 | INFO     | trainer_1:_train_one_epoch:209 - test 14 cost time 5.54s, result: {'hit@1': 0.0081, 'ndcg@1': 0.0081, 'hit@5': 0.0321, 'ndcg@5': 0.02, 'hit@10': 0.0527, 'ndcg@10': 0.0266, 'hit@15': 0.0727, 'ndcg@15': 0.0319, 'hit@20': 0.0908, 'ndcg@20': 0.0361, 'hit@40': 0.1536, 'ndcg@40': 0.0489} 
2024-10-15 17:08:44.906 | INFO     | trainer_1:_train_one_epoch:193 - epoch 15 9.90s Train loss is [0.4411] 
2024-10-15 17:08:52.190 | INFO     | trainer_1:_train_one_epoch:201 - validate 15 cost time 7.28s, result: {'hit@1': 0.0147, 'ndcg@1': 0.0147, 'hit@5': 0.0491, 'ndcg@5': 0.0319, 'hit@10': 0.0825, 'ndcg@10': 0.0425, 'hit@15': 0.1093, 'ndcg@15': 0.0496, 'hit@20': 0.1331, 'ndcg@20': 0.0552, 'hit@40': 0.2121, 'ndcg@40': 0.0713} 
2024-10-15 17:08:59.234 | INFO     | trainer_1:_train_one_epoch:209 - test 15 cost time 7.04s, result: {'hit@1': 0.0081, 'ndcg@1': 0.0081, 'hit@5': 0.0306, 'ndcg@5': 0.0194, 'hit@10': 0.0518, 'ndcg@10': 0.0261, 'hit@15': 0.0711, 'ndcg@15': 0.0312, 'hit@20': 0.0879, 'ndcg@20': 0.0352, 'hit@40': 0.1466, 'ndcg@40': 0.0471} 
2024-10-15 17:09:07.578 | INFO     | trainer_1:_train_one_epoch:193 - epoch 16 8.34s Train loss is [0.4128] 
2024-10-15 17:09:12.643 | INFO     | trainer_1:_train_one_epoch:201 - validate 16 cost time 5.06s, result: {'hit@1': 0.0134, 'ndcg@1': 0.0134, 'hit@5': 0.0474, 'ndcg@5': 0.0304, 'hit@10': 0.0787, 'ndcg@10': 0.0404, 'hit@15': 0.1062, 'ndcg@15': 0.0477, 'hit@20': 0.1309, 'ndcg@20': 0.0535, 'hit@40': 0.2106, 'ndcg@40': 0.0697} 
2024-10-15 17:09:18.762 | INFO     | trainer_1:_train_one_epoch:209 - test 16 cost time 6.12s, result: {'hit@1': 0.0079, 'ndcg@1': 0.0079, 'hit@5': 0.0315, 'ndcg@5': 0.0194, 'hit@10': 0.0522, 'ndcg@10': 0.026, 'hit@15': 0.0705, 'ndcg@15': 0.0309, 'hit@20': 0.0886, 'ndcg@20': 0.0351, 'hit@40': 0.1499, 'ndcg@40': 0.0476} 
2024-10-15 17:09:28.137 | INFO     | trainer_1:_train_one_epoch:193 - epoch 17 9.37s Train loss is [0.4111] 
2024-10-15 17:09:35.563 | INFO     | trainer_1:_train_one_epoch:201 - validate 17 cost time 7.43s, result: {'hit@1': 0.0131, 'ndcg@1': 0.0131, 'hit@5': 0.048, 'ndcg@5': 0.0307, 'hit@10': 0.0773, 'ndcg@10': 0.0401, 'hit@15': 0.1054, 'ndcg@15': 0.0475, 'hit@20': 0.1315, 'ndcg@20': 0.0536, 'hit@40': 0.2178, 'ndcg@40': 0.0712} 
2024-10-15 17:09:42.690 | INFO     | trainer_1:_train_one_epoch:209 - test 17 cost time 7.13s, result: {'hit@1': 0.0078, 'ndcg@1': 0.0078, 'hit@5': 0.0301, 'ndcg@5': 0.0189, 'hit@10': 0.0525, 'ndcg@10': 0.0261, 'hit@15': 0.0731, 'ndcg@15': 0.0315, 'hit@20': 0.0922, 'ndcg@20': 0.036, 'hit@40': 0.1545, 'ndcg@40': 0.0487} 
2024-10-15 17:09:51.649 | INFO     | trainer_1:_train_one_epoch:193 - epoch 18 8.96s Train loss is [0.4023] 
2024-10-15 17:09:58.710 | INFO     | trainer_1:_train_one_epoch:201 - validate 18 cost time 7.06s, result: {'hit@1': 0.0137, 'ndcg@1': 0.0137, 'hit@5': 0.0481, 'ndcg@5': 0.0308, 'hit@10': 0.079, 'ndcg@10': 0.0407, 'hit@15': 0.1096, 'ndcg@15': 0.0488, 'hit@20': 0.1348, 'ndcg@20': 0.0547, 'hit@40': 0.2199, 'ndcg@40': 0.072} 
2024-10-15 17:10:05.801 | INFO     | trainer_1:_train_one_epoch:209 - test 18 cost time 7.09s, result: {'hit@1': 0.0061, 'ndcg@1': 0.0061, 'hit@5': 0.0298, 'ndcg@5': 0.0181, 'hit@10': 0.0537, 'ndcg@10': 0.0257, 'hit@15': 0.0722, 'ndcg@15': 0.0306, 'hit@20': 0.0892, 'ndcg@20': 0.0346, 'hit@40': 0.1508, 'ndcg@40': 0.0471} 
2024-10-15 17:10:26.539 | INFO     | trainer_1:_train_one_epoch:193 - epoch 19 9.76s Train loss is [0.4063] 
2024-10-15 17:10:34.311 | INFO     | trainer_1:_train_one_epoch:201 - validate 19 cost time 7.77s, result: {'hit@1': 0.014, 'ndcg@1': 0.014, 'hit@5': 0.0516, 'ndcg@5': 0.0327, 'hit@10': 0.084, 'ndcg@10': 0.0431, 'hit@15': 0.1136, 'ndcg@15': 0.0509, 'hit@20': 0.1385, 'ndcg@20': 0.0568, 'hit@40': 0.2236, 'ndcg@40': 0.0741} 
2024-10-15 17:10:41.461 | INFO     | trainer_1:_train_one_epoch:209 - test 19 cost time 7.15s, result: {'hit@1': 0.0083, 'ndcg@1': 0.0083, 'hit@5': 0.0338, 'ndcg@5': 0.021, 'hit@10': 0.0571, 'ndcg@10': 0.0285, 'hit@15': 0.077, 'ndcg@15': 0.0337, 'hit@20': 0.0951, 'ndcg@20': 0.038, 'hit@40': 0.1599, 'ndcg@40': 0.0512} 
2024-10-15 17:11:01.261 | INFO     | trainer_1:_train_one_epoch:193 - epoch 20 8.95s Train loss is [0.4003] 
2024-10-15 17:11:08.278 | INFO     | trainer_1:_train_one_epoch:201 - validate 20 cost time 7.02s, result: {'hit@1': 0.0147, 'ndcg@1': 0.0147, 'hit@5': 0.0514, 'ndcg@5': 0.0328, 'hit@10': 0.0853, 'ndcg@10': 0.0437, 'hit@15': 0.1131, 'ndcg@15': 0.0511, 'hit@20': 0.1389, 'ndcg@20': 0.0571, 'hit@40': 0.2233, 'ndcg@40': 0.0743} 
2024-10-15 17:11:16.017 | INFO     | trainer_1:_train_one_epoch:209 - test 20 cost time 7.74s, result: {'hit@1': 0.0074, 'ndcg@1': 0.0074, 'hit@5': 0.0316, 'ndcg@5': 0.0195, 'hit@10': 0.0556, 'ndcg@10': 0.0272, 'hit@15': 0.0753, 'ndcg@15': 0.0324, 'hit@20': 0.0944, 'ndcg@20': 0.0369, 'hit@40': 0.1586, 'ndcg@40': 0.05} 
2024-10-15 17:11:24.708 | INFO     | trainer_1:_train_one_epoch:193 - epoch 21 8.69s Train loss is [0.3894] 
2024-10-15 17:11:31.885 | INFO     | trainer_1:_train_one_epoch:201 - validate 21 cost time 7.18s, result: {'hit@1': 0.0156, 'ndcg@1': 0.0156, 'hit@5': 0.056, 'ndcg@5': 0.0357, 'hit@10': 0.0919, 'ndcg@10': 0.0472, 'hit@15': 0.1226, 'ndcg@15': 0.0554, 'hit@20': 0.1507, 'ndcg@20': 0.062, 'hit@40': 0.2405, 'ndcg@40': 0.0802} 
2024-10-15 17:11:38.967 | INFO     | trainer_1:_train_one_epoch:209 - test 21 cost time 7.08s, result: {'hit@1': 0.0088, 'ndcg@1': 0.0088, 'hit@5': 0.0347, 'ndcg@5': 0.0218, 'hit@10': 0.0612, 'ndcg@10': 0.0302, 'hit@15': 0.0828, 'ndcg@15': 0.036, 'hit@20': 0.1035, 'ndcg@20': 0.0408, 'hit@40': 0.1709, 'ndcg@40': 0.0545} 
2024-10-15 17:11:59.745 | INFO     | trainer_1:_train_one_epoch:193 - epoch 22 9.56s Train loss is [0.3894] 
2024-10-15 17:12:07.231 | INFO     | trainer_1:_train_one_epoch:201 - validate 22 cost time 7.49s, result: {'hit@1': 0.0144, 'ndcg@1': 0.0144, 'hit@5': 0.0512, 'ndcg@5': 0.0327, 'hit@10': 0.0871, 'ndcg@10': 0.0442, 'hit@15': 0.1168, 'ndcg@15': 0.052, 'hit@20': 0.1436, 'ndcg@20': 0.0584, 'hit@40': 0.232, 'ndcg@40': 0.0763} 
2024-10-15 17:12:14.397 | INFO     | trainer_1:_train_one_epoch:209 - test 22 cost time 7.17s, result: {'hit@1': 0.0079, 'ndcg@1': 0.0079, 'hit@5': 0.0344, 'ndcg@5': 0.0211, 'hit@10': 0.0591, 'ndcg@10': 0.029, 'hit@15': 0.0824, 'ndcg@15': 0.0352, 'hit@20': 0.102, 'ndcg@20': 0.0398, 'hit@40': 0.1681, 'ndcg@40': 0.0533} 
2024-10-15 17:12:22.789 | INFO     | trainer_1:_train_one_epoch:193 - epoch 23 8.39s Train loss is [0.3966] 
2024-10-15 17:12:29.222 | INFO     | trainer_1:_train_one_epoch:201 - validate 23 cost time 6.43s, result: {'hit@1': 0.0142, 'ndcg@1': 0.0142, 'hit@5': 0.055, 'ndcg@5': 0.0343, 'hit@10': 0.0915, 'ndcg@10': 0.046, 'hit@15': 0.1211, 'ndcg@15': 0.0538, 'hit@20': 0.1488, 'ndcg@20': 0.0603, 'hit@40': 0.2366, 'ndcg@40': 0.0782} 
2024-10-15 17:12:34.253 | INFO     | trainer_1:_train_one_epoch:209 - test 23 cost time 5.03s, result: {'hit@1': 0.0094, 'ndcg@1': 0.0094, 'hit@5': 0.0366, 'ndcg@5': 0.0228, 'hit@10': 0.0602, 'ndcg@10': 0.0303, 'hit@15': 0.0821, 'ndcg@15': 0.0361, 'hit@20': 0.1034, 'ndcg@20': 0.0411, 'hit@40': 0.1704, 'ndcg@40': 0.0548} 
2024-10-15 17:12:44.133 | INFO     | trainer_1:_train_one_epoch:193 - epoch 24 9.88s Train loss is [0.3859] 
2024-10-15 17:12:51.512 | INFO     | trainer_1:_train_one_epoch:201 - validate 24 cost time 7.38s, result: {'hit@1': 0.0146, 'ndcg@1': 0.0146, 'hit@5': 0.0542, 'ndcg@5': 0.0343, 'hit@10': 0.0927, 'ndcg@10': 0.0466, 'hit@15': 0.1226, 'ndcg@15': 0.0546, 'hit@20': 0.1516, 'ndcg@20': 0.0614, 'hit@40': 0.2411, 'ndcg@40': 0.0796} 
2024-10-15 17:12:58.712 | INFO     | trainer_1:_train_one_epoch:209 - test 24 cost time 7.20s, result: {'hit@1': 0.0088, 'ndcg@1': 0.0088, 'hit@5': 0.0361, 'ndcg@5': 0.0224, 'hit@10': 0.0607, 'ndcg@10': 0.0303, 'hit@15': 0.0828, 'ndcg@15': 0.0361, 'hit@20': 0.104, 'ndcg@20': 0.0411, 'hit@40': 0.1727, 'ndcg@40': 0.0551} 
2024-10-15 17:13:07.219 | INFO     | trainer_1:_train_one_epoch:193 - epoch 25 8.51s Train loss is [0.3927] 
2024-10-15 17:13:14.686 | INFO     | trainer_1:_train_one_epoch:201 - validate 25 cost time 7.47s, result: {'hit@1': 0.0147, 'ndcg@1': 0.0147, 'hit@5': 0.0521, 'ndcg@5': 0.0335, 'hit@10': 0.0874, 'ndcg@10': 0.0448, 'hit@15': 0.1159, 'ndcg@15': 0.0523, 'hit@20': 0.1428, 'ndcg@20': 0.0587, 'hit@40': 0.2318, 'ndcg@40': 0.0768} 
2024-10-15 17:13:22.628 | INFO     | trainer_1:_train_one_epoch:209 - test 25 cost time 7.94s, result: {'hit@1': 0.0087, 'ndcg@1': 0.0087, 'hit@5': 0.0351, 'ndcg@5': 0.0218, 'hit@10': 0.0591, 'ndcg@10': 0.0294, 'hit@15': 0.0808, 'ndcg@15': 0.0352, 'hit@20': 0.0985, 'ndcg@20': 0.0393, 'hit@40': 0.1651, 'ndcg@40': 0.0529} 
2024-10-15 17:13:32.017 | INFO     | trainer_1:_train_one_epoch:193 - epoch 26 9.39s Train loss is [0.3832] 
2024-10-15 17:13:39.351 | INFO     | trainer_1:_train_one_epoch:201 - validate 26 cost time 7.33s, result: {'hit@1': 0.015, 'ndcg@1': 0.015, 'hit@5': 0.0523, 'ndcg@5': 0.0337, 'hit@10': 0.0876, 'ndcg@10': 0.0451, 'hit@15': 0.1161, 'ndcg@15': 0.0526, 'hit@20': 0.1434, 'ndcg@20': 0.059, 'hit@40': 0.2274, 'ndcg@40': 0.0761} 
2024-10-15 17:13:46.387 | INFO     | trainer_1:_train_one_epoch:209 - test 26 cost time 7.04s, result: {'hit@1': 0.009, 'ndcg@1': 0.009, 'hit@5': 0.0358, 'ndcg@5': 0.0223, 'hit@10': 0.062, 'ndcg@10': 0.0307, 'hit@15': 0.0832, 'ndcg@15': 0.0363, 'hit@20': 0.1017, 'ndcg@20': 0.0407, 'hit@40': 0.1673, 'ndcg@40': 0.054} 
2024-10-15 17:14:15.532 | INFO     | trainer_1:_train_one_epoch:193 - epoch 27 15.73s Train loss is [0.3882] 
2024-10-15 17:14:23.268 | INFO     | trainer_1:_train_one_epoch:201 - validate 27 cost time 7.73s, result: {'hit@1': 0.0148, 'ndcg@1': 0.0148, 'hit@5': 0.0524, 'ndcg@5': 0.0335, 'hit@10': 0.0867, 'ndcg@10': 0.0445, 'hit@15': 0.1156, 'ndcg@15': 0.0521, 'hit@20': 0.144, 'ndcg@20': 0.0588, 'hit@40': 0.2333, 'ndcg@40': 0.077} 
2024-10-15 17:14:29.829 | INFO     | trainer_1:_train_one_epoch:209 - test 27 cost time 6.56s, result: {'hit@1': 0.0089, 'ndcg@1': 0.0089, 'hit@5': 0.0325, 'ndcg@5': 0.0206, 'hit@10': 0.0571, 'ndcg@10': 0.0285, 'hit@15': 0.0783, 'ndcg@15': 0.034, 'hit@20': 0.0986, 'ndcg@20': 0.0388, 'hit@40': 0.1635, 'ndcg@40': 0.052} 
2024-10-15 17:14:41.980 | INFO     | trainer_1:_train_one_epoch:193 - epoch 28 12.15s Train loss is [0.3852] 
2024-10-15 17:14:50.799 | INFO     | trainer_1:_train_one_epoch:201 - validate 28 cost time 8.82s, result: {'hit@1': 0.0139, 'ndcg@1': 0.0139, 'hit@5': 0.0495, 'ndcg@5': 0.0318, 'hit@10': 0.0833, 'ndcg@10': 0.0427, 'hit@15': 0.1134, 'ndcg@15': 0.0506, 'hit@20': 0.1402, 'ndcg@20': 0.0569, 'hit@40': 0.2264, 'ndcg@40': 0.0744} 
2024-10-15 17:15:02.208 | INFO     | trainer_1:_train_one_epoch:209 - test 28 cost time 11.41s, result: {'hit@1': 0.0085, 'ndcg@1': 0.0085, 'hit@5': 0.0315, 'ndcg@5': 0.0198, 'hit@10': 0.0561, 'ndcg@10': 0.0277, 'hit@15': 0.0763, 'ndcg@15': 0.033, 'hit@20': 0.0965, 'ndcg@20': 0.0378, 'hit@40': 0.1622, 'ndcg@40': 0.0511} 
2024-10-15 17:15:15.824 | INFO     | trainer_1:_train_one_epoch:193 - epoch 29 13.61s Train loss is [0.3723] 
2024-10-15 17:15:22.154 | INFO     | trainer_1:_train_one_epoch:201 - validate 29 cost time 6.33s, result: {'hit@1': 0.0148, 'ndcg@1': 0.0148, 'hit@5': 0.0544, 'ndcg@5': 0.0346, 'hit@10': 0.089, 'ndcg@10': 0.0457, 'hit@15': 0.1218, 'ndcg@15': 0.0544, 'hit@20': 0.1476, 'ndcg@20': 0.0605, 'hit@40': 0.2368, 'ndcg@40': 0.0786} 
2024-10-15 17:15:28.306 | INFO     | trainer_1:_train_one_epoch:209 - test 29 cost time 6.15s, result: {'hit@1': 0.0088, 'ndcg@1': 0.0088, 'hit@5': 0.0346, 'ndcg@5': 0.0215, 'hit@10': 0.0598, 'ndcg@10': 0.0296, 'hit@15': 0.0818, 'ndcg@15': 0.0354, 'hit@20': 0.101, 'ndcg@20': 0.0399, 'hit@40': 0.1689, 'ndcg@40': 0.0537} 
2024-10-15 17:15:42.001 | INFO     | trainer_1:_train_one_epoch:193 - epoch 30 13.69s Train loss is [0.3642] 
2024-10-15 17:15:51.532 | INFO     | trainer_1:_train_one_epoch:201 - validate 30 cost time 9.53s, result: {'hit@1': 0.015, 'ndcg@1': 0.015, 'hit@5': 0.0537, 'ndcg@5': 0.0345, 'hit@10': 0.0899, 'ndcg@10': 0.0461, 'hit@15': 0.1219, 'ndcg@15': 0.0545, 'hit@20': 0.1493, 'ndcg@20': 0.061, 'hit@40': 0.2402, 'ndcg@40': 0.0794} 
2024-10-15 17:16:00.580 | INFO     | trainer_1:_train_one_epoch:209 - test 30 cost time 9.05s, result: {'hit@1': 0.0082, 'ndcg@1': 0.0082, 'hit@5': 0.0343, 'ndcg@5': 0.0212, 'hit@10': 0.0598, 'ndcg@10': 0.0293, 'hit@15': 0.0807, 'ndcg@15': 0.0348, 'hit@20': 0.101, 'ndcg@20': 0.0396, 'hit@40': 0.1692, 'ndcg@40': 0.0535} 
2024-10-15 17:16:12.412 | INFO     | trainer_1:_train_one_epoch:193 - epoch 31 11.83s Train loss is [0.3624] 
2024-10-15 17:16:19.073 | INFO     | trainer_1:_train_one_epoch:201 - validate 31 cost time 6.66s, result: {'hit@1': 0.0154, 'ndcg@1': 0.0154, 'hit@5': 0.0542, 'ndcg@5': 0.0348, 'hit@10': 0.0913, 'ndcg@10': 0.0467, 'hit@15': 0.121, 'ndcg@15': 0.0545, 'hit@20': 0.1474, 'ndcg@20': 0.0608, 'hit@40': 0.2381, 'ndcg@40': 0.0792} 
2024-10-15 17:16:26.788 | INFO     | trainer_1:_train_one_epoch:209 - test 31 cost time 7.72s, result: {'hit@1': 0.0087, 'ndcg@1': 0.0087, 'hit@5': 0.0336, 'ndcg@5': 0.0211, 'hit@10': 0.0589, 'ndcg@10': 0.0292, 'hit@15': 0.0819, 'ndcg@15': 0.0352, 'hit@20': 0.1011, 'ndcg@20': 0.0397, 'hit@40': 0.1661, 'ndcg@40': 0.0529} 
2024-10-15 17:16:26.803 | INFO     | trainer_1:train_model:163 - training end, best iteration 26, results: {'hit@1': 0.015, 'ndcg@1': 0.015, 'hit@5': 0.0523, 'ndcg@5': 0.0337, 'hit@10': 0.0876, 'ndcg@10': 0.0451, 'hit@15': 0.1161, 'ndcg@15': 0.0526, 'hit@20': 0.1434, 'ndcg@20': 0.059, 'hit@40': 0.2274, 'ndcg@40': 0.0761}
2024-10-15 17:16:26.804 | INFO     | trainer_1:train_model:166 - final test result is:  {'hit@1': 0.009, 'ndcg@1': 0.009, 'hit@5': 0.0358, 'ndcg@5': 0.0223, 'hit@10': 0.062, 'ndcg@10': 0.0307, 'hit@15': 0.0832, 'ndcg@15': 0.0363, 'hit@20': 0.1017, 'ndcg@20': 0.0407, 'hit@40': 0.1673, 'ndcg@40': 0.054}
2024-10-15 17:16:27.164 | INFO     | __main__:<module>:119 - train end total cost time: 2677.539928674698
