2024-10-15 18:25:43.929 | INFO     | __main__:<module>:105 - Namespace(TIME='2024-10-15 18_25_07', batch_size=1024, behaviors=['click', 'collect', 'cart', 'buy'], check_point='model_pre_1_2024-10-15 14_50_55.pth', data_name='tmall', data_path='./data/Tmall', decay=0.001, device='cuda:1', dim_qk=32, dim_v=64, distill_layers=2, distill_thres=0.5, distill_topK=60, distill_userK=10, embedding_size=64, epochs=100, gpu_no=1, if_load_model=True, ii_lambda=200, initializer_range=0.02, layers=2, loss_type='bpr', lr=0.0005, message_dropout=0.25, metrics=['hit', 'ndcg'], min_epoch=5, model_name='main_1_zz', model_path='./check_point', node_dropout=0.75, omega=1, pt_loop=50, reg_weight=0.001, test_batch_size=1024, testbatch=1024, topk=[1, 5, 10, 15, 20, 40], uu_lambda=100)
2024-10-15 18:25:43.930 | INFO     | __main__:<module>:106 - BIPN(
  (message_dropout): Dropout(p=0.25, inplace=False)
  (user_embedding): Embedding(41739, 64, padding_idx=0)
  (item_embedding): Embedding(11954, 64, padding_idx=0)
  (global_Graph): LightGCN()
  (Graph_encoder): ModuleDict(
    (click): GraphEncoder(
      (light): LightGCN()
      (dropout): Dropout(p=0.75, inplace=False)
    )
    (collect): GraphEncoder(
      (light): LightGCN()
      (dropout): Dropout(p=0.75, inplace=False)
    )
    (cart): GraphEncoder(
      (light): LightGCN()
      (dropout): Dropout(p=0.75, inplace=False)
    )
    (buy): GraphEncoder(
      (light): LightGCN()
      (dropout): Dropout(p=0.75, inplace=False)
    )
  )
  (attention): Mutual_Attention()
  (bpr_loss): BPRLoss()
  (emb_loss): EmbLoss()
  (f): Sigmoid()
)
2024-10-15 18:59:23.211 | INFO     | trainer_1:_train_one_epoch:193 - epoch 1 12.74s Train loss is [1.5485] 
2024-10-15 18:59:33.616 | INFO     | trainer_1:_train_one_epoch:201 - validate 1 cost time 10.40s, result: {'hit@1': 0.0469, 'ndcg@1': 0.0469, 'hit@5': 0.13, 'ndcg@5': 0.0661, 'hit@10': 0.1833, 'ndcg@10': 0.0795, 'hit@15': 0.2195, 'ndcg@15': 0.0872, 'hit@20': 0.2471, 'ndcg@20': 0.0925, 'hit@40': 0.3231, 'ndcg@40': 0.1054} 
2024-10-15 18:59:41.620 | INFO     | trainer_1:_train_one_epoch:209 - test 1 cost time 8.00s, result: {'hit@1': 0.0239, 'ndcg@1': 0.0239, 'hit@5': 0.0756, 'ndcg@5': 0.0488, 'hit@10': 0.1116, 'ndcg@10': 0.06, 'hit@15': 0.1362, 'ndcg@15': 0.0663, 'hit@20': 0.1574, 'ndcg@20': 0.0712, 'hit@40': 0.2131, 'ndcg@40': 0.0822} 
2024-10-15 19:00:02.821 | INFO     | trainer_1:_train_one_epoch:193 - epoch 2 12.42s Train loss is [1.3606] 
2024-10-15 19:00:15.996 | INFO     | trainer_1:_train_one_epoch:201 - validate 2 cost time 13.17s, result: {'hit@1': 0.052, 'ndcg@1': 0.052, 'hit@5': 0.146, 'ndcg@5': 0.0744, 'hit@10': 0.2068, 'ndcg@10': 0.0897, 'hit@15': 0.2468, 'ndcg@15': 0.0982, 'hit@20': 0.2763, 'ndcg@20': 0.1039, 'hit@40': 0.353, 'ndcg@40': 0.1173} 
2024-10-15 19:00:22.785 | INFO     | trainer_1:_train_one_epoch:209 - test 2 cost time 6.79s, result: {'hit@1': 0.0289, 'ndcg@1': 0.0289, 'hit@5': 0.0877, 'ndcg@5': 0.0572, 'hit@10': 0.128, 'ndcg@10': 0.0697, 'hit@15': 0.1556, 'ndcg@15': 0.0769, 'hit@20': 0.1769, 'ndcg@20': 0.0817, 'hit@40': 0.2366, 'ndcg@40': 0.0937} 
2024-10-15 19:00:43.647 | INFO     | trainer_1:_train_one_epoch:193 - epoch 3 12.56s Train loss is [1.3142] 
2024-10-15 19:00:53.327 | INFO     | trainer_1:_train_one_epoch:201 - validate 3 cost time 9.68s, result: {'hit@1': 0.0572, 'ndcg@1': 0.0572, 'hit@5': 0.1559, 'ndcg@5': 0.0801, 'hit@10': 0.2174, 'ndcg@10': 0.0959, 'hit@15': 0.2572, 'ndcg@15': 0.1045, 'hit@20': 0.2889, 'ndcg@20': 0.1107, 'hit@40': 0.3712, 'ndcg@40': 0.125} 
2024-10-15 19:01:01.456 | INFO     | trainer_1:_train_one_epoch:209 - test 3 cost time 8.13s, result: {'hit@1': 0.0303, 'ndcg@1': 0.0303, 'hit@5': 0.0947, 'ndcg@5': 0.0614, 'hit@10': 0.1358, 'ndcg@10': 0.0742, 'hit@15': 0.1644, 'ndcg@15': 0.0816, 'hit@20': 0.1878, 'ndcg@20': 0.087, 'hit@40': 0.249, 'ndcg@40': 0.0992} 
2024-10-15 19:01:23.140 | INFO     | trainer_1:_train_one_epoch:193 - epoch 4 12.66s Train loss is [1.2878] 
2024-10-15 19:01:36.832 | INFO     | trainer_1:_train_one_epoch:201 - validate 4 cost time 13.69s, result: {'hit@1': 0.0571, 'ndcg@1': 0.0571, 'hit@5': 0.1592, 'ndcg@5': 0.0815, 'hit@10': 0.2198, 'ndcg@10': 0.0971, 'hit@15': 0.2618, 'ndcg@15': 0.106, 'hit@20': 0.2935, 'ndcg@20': 0.1123, 'hit@40': 0.375, 'ndcg@40': 0.1265} 
2024-10-15 19:01:46.682 | INFO     | trainer_1:_train_one_epoch:209 - test 4 cost time 9.85s, result: {'hit@1': 0.0313, 'ndcg@1': 0.0313, 'hit@5': 0.0958, 'ndcg@5': 0.0625, 'hit@10': 0.1382, 'ndcg@10': 0.0758, 'hit@15': 0.1667, 'ndcg@15': 0.0832, 'hit@20': 0.1899, 'ndcg@20': 0.0885, 'hit@40': 0.2509, 'ndcg@40': 0.1007} 
2024-10-15 19:02:07.791 | INFO     | trainer_1:_train_one_epoch:193 - epoch 5 12.67s Train loss is [1.2627] 
2024-10-15 19:02:19.022 | INFO     | trainer_1:_train_one_epoch:201 - validate 5 cost time 11.23s, result: {'hit@1': 0.0559, 'ndcg@1': 0.0559, 'hit@5': 0.16, 'ndcg@5': 0.0811, 'hit@10': 0.2237, 'ndcg@10': 0.0976, 'hit@15': 0.2658, 'ndcg@15': 0.1067, 'hit@20': 0.2975, 'ndcg@20': 0.113, 'hit@40': 0.3808, 'ndcg@40': 0.1274} 
2024-10-15 19:02:26.370 | INFO     | trainer_1:_train_one_epoch:209 - test 5 cost time 7.35s, result: {'hit@1': 0.032, 'ndcg@1': 0.032, 'hit@5': 0.0976, 'ndcg@5': 0.0633, 'hit@10': 0.1399, 'ndcg@10': 0.0766, 'hit@15': 0.1689, 'ndcg@15': 0.084, 'hit@20': 0.1921, 'ndcg@20': 0.0894, 'hit@40': 0.2554, 'ndcg@40': 0.1021} 
2024-10-15 19:02:47.607 | INFO     | trainer_1:_train_one_epoch:193 - epoch 6 12.61s Train loss is [1.2539] 
2024-10-15 19:03:02.076 | INFO     | trainer_1:_train_one_epoch:201 - validate 6 cost time 14.47s, result: {'hit@1': 0.0571, 'ndcg@1': 0.0571, 'hit@5': 0.1613, 'ndcg@5': 0.0824, 'hit@10': 0.2268, 'ndcg@10': 0.0993, 'hit@15': 0.2697, 'ndcg@15': 0.1085, 'hit@20': 0.3021, 'ndcg@20': 0.1148, 'hit@40': 0.3862, 'ndcg@40': 0.1295} 
2024-10-15 19:03:11.193 | INFO     | trainer_1:_train_one_epoch:209 - test 6 cost time 9.12s, result: {'hit@1': 0.0314, 'ndcg@1': 0.0314, 'hit@5': 0.0974, 'ndcg@5': 0.063, 'hit@10': 0.1417, 'ndcg@10': 0.0769, 'hit@15': 0.1712, 'ndcg@15': 0.0845, 'hit@20': 0.1954, 'ndcg@20': 0.0901, 'hit@40': 0.2586, 'ndcg@40': 0.1026} 
2024-10-15 19:03:32.510 | INFO     | trainer_1:_train_one_epoch:193 - epoch 7 12.93s Train loss is [1.2442] 
2024-10-15 19:03:46.107 | INFO     | trainer_1:_train_one_epoch:201 - validate 7 cost time 13.60s, result: {'hit@1': 0.0582, 'ndcg@1': 0.0582, 'hit@5': 0.1653, 'ndcg@5': 0.084, 'hit@10': 0.2308, 'ndcg@10': 0.1008, 'hit@15': 0.2738, 'ndcg@15': 0.11, 'hit@20': 0.3057, 'ndcg@20': 0.1165, 'hit@40': 0.3884, 'ndcg@40': 0.1312} 
2024-10-15 19:03:56.170 | INFO     | trainer_1:_train_one_epoch:209 - test 7 cost time 10.06s, result: {'hit@1': 0.0315, 'ndcg@1': 0.0315, 'hit@5': 0.0978, 'ndcg@5': 0.0632, 'hit@10': 0.1433, 'ndcg@10': 0.0774, 'hit@15': 0.175, 'ndcg@15': 0.0856, 'hit@20': 0.1992, 'ndcg@20': 0.0912, 'hit@40': 0.2635, 'ndcg@40': 0.104} 
2024-10-15 19:04:17.633 | INFO     | trainer_1:_train_one_epoch:193 - epoch 8 12.55s Train loss is [1.2368] 
2024-10-15 19:04:32.198 | INFO     | trainer_1:_train_one_epoch:201 - validate 8 cost time 14.56s, result: {'hit@1': 0.0577, 'ndcg@1': 0.0577, 'hit@5': 0.1653, 'ndcg@5': 0.0838, 'hit@10': 0.2321, 'ndcg@10': 0.1009, 'hit@15': 0.2744, 'ndcg@15': 0.1101, 'hit@20': 0.3079, 'ndcg@20': 0.1166, 'hit@40': 0.3963, 'ndcg@40': 0.1322} 
2024-10-15 19:04:41.446 | INFO     | trainer_1:_train_one_epoch:209 - test 8 cost time 9.25s, result: {'hit@1': 0.0317, 'ndcg@1': 0.0317, 'hit@5': 0.1015, 'ndcg@5': 0.0655, 'hit@10': 0.1453, 'ndcg@10': 0.0792, 'hit@15': 0.1761, 'ndcg@15': 0.0871, 'hit@20': 0.2003, 'ndcg@20': 0.0927, 'hit@40': 0.2651, 'ndcg@40': 0.1056} 
2024-10-15 19:05:02.514 | INFO     | trainer_1:_train_one_epoch:193 - epoch 9 12.31s Train loss is [1.2269] 
2024-10-15 19:05:16.582 | INFO     | trainer_1:_train_one_epoch:201 - validate 9 cost time 14.07s, result: {'hit@1': 0.0585, 'ndcg@1': 0.0585, 'hit@5': 0.164, 'ndcg@5': 0.0839, 'hit@10': 0.2285, 'ndcg@10': 0.1004, 'hit@15': 0.2755, 'ndcg@15': 0.1104, 'hit@20': 0.308, 'ndcg@20': 0.1168, 'hit@40': 0.3942, 'ndcg@40': 0.132} 
2024-10-15 19:05:26.294 | INFO     | trainer_1:_train_one_epoch:209 - test 9 cost time 9.71s, result: {'hit@1': 0.0325, 'ndcg@1': 0.0325, 'hit@5': 0.1006, 'ndcg@5': 0.0654, 'hit@10': 0.1467, 'ndcg@10': 0.0797, 'hit@15': 0.1775, 'ndcg@15': 0.0877, 'hit@20': 0.2023, 'ndcg@20': 0.0933, 'hit@40': 0.2668, 'ndcg@40': 0.1063} 
2024-10-15 19:05:47.531 | INFO     | trainer_1:_train_one_epoch:193 - epoch 10 12.54s Train loss is [1.2216] 
2024-10-15 19:06:00.040 | INFO     | trainer_1:_train_one_epoch:201 - validate 10 cost time 12.51s, result: {'hit@1': 0.0588, 'ndcg@1': 0.0588, 'hit@5': 0.1664, 'ndcg@5': 0.0848, 'hit@10': 0.2343, 'ndcg@10': 0.1023, 'hit@15': 0.2773, 'ndcg@15': 0.1116, 'hit@20': 0.3105, 'ndcg@20': 0.1182, 'hit@40': 0.396, 'ndcg@40': 0.1333} 
2024-10-15 19:06:10.468 | INFO     | trainer_1:_train_one_epoch:209 - test 10 cost time 10.43s, result: {'hit@1': 0.0331, 'ndcg@1': 0.0331, 'hit@5': 0.1024, 'ndcg@5': 0.0665, 'hit@10': 0.148, 'ndcg@10': 0.0808, 'hit@15': 0.1786, 'ndcg@15': 0.0886, 'hit@20': 0.2027, 'ndcg@20': 0.0941, 'hit@40': 0.2667, 'ndcg@40': 0.107} 
2024-10-15 19:06:31.693 | INFO     | trainer_1:_train_one_epoch:193 - epoch 11 12.79s Train loss is [1.2161] 
2024-10-15 19:06:45.708 | INFO     | trainer_1:_train_one_epoch:201 - validate 11 cost time 14.01s, result: {'hit@1': 0.0586, 'ndcg@1': 0.0586, 'hit@5': 0.1693, 'ndcg@5': 0.0854, 'hit@10': 0.2345, 'ndcg@10': 0.1021, 'hit@15': 0.2796, 'ndcg@15': 0.112, 'hit@20': 0.3137, 'ndcg@20': 0.1187, 'hit@40': 0.4007, 'ndcg@40': 0.1343} 
2024-10-15 19:06:54.521 | INFO     | trainer_1:_train_one_epoch:209 - test 11 cost time 8.81s, result: {'hit@1': 0.033, 'ndcg@1': 0.033, 'hit@5': 0.1021, 'ndcg@5': 0.0664, 'hit@10': 0.1466, 'ndcg@10': 0.0803, 'hit@15': 0.1794, 'ndcg@15': 0.0887, 'hit@20': 0.204, 'ndcg@20': 0.0944, 'hit@40': 0.2679, 'ndcg@40': 0.1071} 
2024-10-15 19:07:07.344 | INFO     | trainer_1:_train_one_epoch:193 - epoch 12 12.82s Train loss is [1.2063] 
2024-10-15 19:07:21.810 | INFO     | trainer_1:_train_one_epoch:201 - validate 12 cost time 14.47s, result: {'hit@1': 0.0578, 'ndcg@1': 0.0578, 'hit@5': 0.1695, 'ndcg@5': 0.0853, 'hit@10': 0.2375, 'ndcg@10': 0.1027, 'hit@15': 0.2821, 'ndcg@15': 0.1125, 'hit@20': 0.3153, 'ndcg@20': 0.1191, 'hit@40': 0.403, 'ndcg@40': 0.1346} 
2024-10-15 19:07:30.966 | INFO     | trainer_1:_train_one_epoch:209 - test 12 cost time 9.16s, result: {'hit@1': 0.0327, 'ndcg@1': 0.0327, 'hit@5': 0.1031, 'ndcg@5': 0.0664, 'hit@10': 0.1473, 'ndcg@10': 0.0803, 'hit@15': 0.1796, 'ndcg@15': 0.0885, 'hit@20': 0.2048, 'ndcg@20': 0.0943, 'hit@40': 0.2698, 'ndcg@40': 0.1073} 
2024-10-15 19:07:43.730 | INFO     | trainer_1:_train_one_epoch:193 - epoch 13 12.76s Train loss is [1.2017] 
2024-10-15 19:07:58.077 | INFO     | trainer_1:_train_one_epoch:201 - validate 13 cost time 14.35s, result: {'hit@1': 0.0586, 'ndcg@1': 0.0586, 'hit@5': 0.1695, 'ndcg@5': 0.0859, 'hit@10': 0.2371, 'ndcg@10': 0.1032, 'hit@15': 0.2808, 'ndcg@15': 0.1127, 'hit@20': 0.3132, 'ndcg@20': 0.1191, 'hit@40': 0.4033, 'ndcg@40': 0.1353} 
2024-10-15 19:08:08.728 | INFO     | trainer_1:_train_one_epoch:209 - test 13 cost time 10.65s, result: {'hit@1': 0.034, 'ndcg@1': 0.034, 'hit@5': 0.1029, 'ndcg@5': 0.067, 'hit@10': 0.1483, 'ndcg@10': 0.0812, 'hit@15': 0.1796, 'ndcg@15': 0.0892, 'hit@20': 0.2036, 'ndcg@20': 0.0948, 'hit@40': 0.2701, 'ndcg@40': 0.108} 
2024-10-15 19:08:30.414 | INFO     | trainer_1:_train_one_epoch:193 - epoch 14 12.53s Train loss is [1.1976] 
2024-10-15 19:08:45.061 | INFO     | trainer_1:_train_one_epoch:201 - validate 14 cost time 14.65s, result: {'hit@1': 0.0584, 'ndcg@1': 0.0584, 'hit@5': 0.1696, 'ndcg@5': 0.0857, 'hit@10': 0.2369, 'ndcg@10': 0.103, 'hit@15': 0.2816, 'ndcg@15': 0.1128, 'hit@20': 0.3148, 'ndcg@20': 0.1193, 'hit@40': 0.404, 'ndcg@40': 0.1351} 
2024-10-15 19:08:52.300 | INFO     | trainer_1:_train_one_epoch:209 - test 14 cost time 7.24s, result: {'hit@1': 0.0324, 'ndcg@1': 0.0324, 'hit@5': 0.103, 'ndcg@5': 0.0666, 'hit@10': 0.1491, 'ndcg@10': 0.0809, 'hit@15': 0.1809, 'ndcg@15': 0.0891, 'hit@20': 0.2057, 'ndcg@20': 0.0948, 'hit@40': 0.2708, 'ndcg@40': 0.1078} 
2024-10-15 19:09:14.525 | INFO     | trainer_1:_train_one_epoch:193 - epoch 15 13.26s Train loss is [1.1914] 
2024-10-15 19:09:24.262 | INFO     | trainer_1:_train_one_epoch:201 - validate 15 cost time 9.74s, result: {'hit@1': 0.058, 'ndcg@1': 0.058, 'hit@5': 0.1696, 'ndcg@5': 0.0856, 'hit@10': 0.2385, 'ndcg@10': 0.1032, 'hit@15': 0.2841, 'ndcg@15': 0.1131, 'hit@20': 0.319, 'ndcg@20': 0.12, 'hit@40': 0.4054, 'ndcg@40': 0.1354} 
2024-10-15 19:09:31.055 | INFO     | trainer_1:_train_one_epoch:209 - test 15 cost time 6.79s, result: {'hit@1': 0.0344, 'ndcg@1': 0.0344, 'hit@5': 0.1027, 'ndcg@5': 0.067, 'hit@10': 0.1489, 'ndcg@10': 0.0815, 'hit@15': 0.1812, 'ndcg@15': 0.0898, 'hit@20': 0.2053, 'ndcg@20': 0.0954, 'hit@40': 0.2725, 'ndcg@40': 0.1088} 
2024-10-15 19:09:43.936 | INFO     | trainer_1:_train_one_epoch:193 - epoch 16 12.88s Train loss is [1.1910] 
2024-10-15 19:09:53.850 | INFO     | trainer_1:_train_one_epoch:201 - validate 16 cost time 9.91s, result: {'hit@1': 0.0577, 'ndcg@1': 0.0577, 'hit@5': 0.1705, 'ndcg@5': 0.086, 'hit@10': 0.2407, 'ndcg@10': 0.104, 'hit@15': 0.2839, 'ndcg@15': 0.1134, 'hit@20': 0.3195, 'ndcg@20': 0.1203, 'hit@40': 0.4078, 'ndcg@40': 0.136} 
2024-10-15 19:10:00.982 | INFO     | trainer_1:_train_one_epoch:209 - test 16 cost time 7.13s, result: {'hit@1': 0.0325, 'ndcg@1': 0.0325, 'hit@5': 0.1014, 'ndcg@5': 0.0656, 'hit@10': 0.1472, 'ndcg@10': 0.0799, 'hit@15': 0.18, 'ndcg@15': 0.0884, 'hit@20': 0.2061, 'ndcg@20': 0.0944, 'hit@40': 0.273, 'ndcg@40': 0.1078} 
2024-10-15 19:10:14.389 | INFO     | trainer_1:_train_one_epoch:193 - epoch 17 13.41s Train loss is [1.1855] 
2024-10-15 19:10:24.222 | INFO     | trainer_1:_train_one_epoch:201 - validate 17 cost time 9.83s, result: {'hit@1': 0.0581, 'ndcg@1': 0.0581, 'hit@5': 0.1702, 'ndcg@5': 0.0857, 'hit@10': 0.2388, 'ndcg@10': 0.1035, 'hit@15': 0.2836, 'ndcg@15': 0.1132, 'hit@20': 0.317, 'ndcg@20': 0.1198, 'hit@40': 0.4062, 'ndcg@40': 0.1356} 
2024-10-15 19:10:31.019 | INFO     | trainer_1:_train_one_epoch:209 - test 17 cost time 6.80s, result: {'hit@1': 0.0328, 'ndcg@1': 0.0328, 'hit@5': 0.1031, 'ndcg@5': 0.0666, 'hit@10': 0.1494, 'ndcg@10': 0.0811, 'hit@15': 0.1815, 'ndcg@15': 0.0893, 'hit@20': 0.2065, 'ndcg@20': 0.0952, 'hit@40': 0.2719, 'ndcg@40': 0.1082} 
2024-10-15 19:10:52.518 | INFO     | trainer_1:_train_one_epoch:193 - epoch 18 12.95s Train loss is [1.1783] 
2024-10-15 19:11:02.665 | INFO     | trainer_1:_train_one_epoch:201 - validate 18 cost time 10.15s, result: {'hit@1': 0.0591, 'ndcg@1': 0.0591, 'hit@5': 0.1694, 'ndcg@5': 0.0856, 'hit@10': 0.2395, 'ndcg@10': 0.1035, 'hit@15': 0.2846, 'ndcg@15': 0.1135, 'hit@20': 0.319, 'ndcg@20': 0.1204, 'hit@40': 0.4099, 'ndcg@40': 0.1366} 
2024-10-15 19:11:09.794 | INFO     | trainer_1:_train_one_epoch:209 - test 18 cost time 7.13s, result: {'hit@1': 0.0334, 'ndcg@1': 0.0334, 'hit@5': 0.1024, 'ndcg@5': 0.0667, 'hit@10': 0.1501, 'ndcg@10': 0.0816, 'hit@15': 0.1818, 'ndcg@15': 0.0898, 'hit@20': 0.2068, 'ndcg@20': 0.0955, 'hit@40': 0.2753, 'ndcg@40': 0.1092} 
2024-10-15 19:11:32.157 | INFO     | trainer_1:_train_one_epoch:193 - epoch 19 12.89s Train loss is [1.1735] 
2024-10-15 19:11:41.859 | INFO     | trainer_1:_train_one_epoch:201 - validate 19 cost time 9.70s, result: {'hit@1': 0.0592, 'ndcg@1': 0.0592, 'hit@5': 0.1707, 'ndcg@5': 0.0863, 'hit@10': 0.2406, 'ndcg@10': 0.1042, 'hit@15': 0.2857, 'ndcg@15': 0.1141, 'hit@20': 0.3209, 'ndcg@20': 0.1212, 'hit@40': 0.4082, 'ndcg@40': 0.1368} 
2024-10-15 19:11:48.711 | INFO     | trainer_1:_train_one_epoch:209 - test 19 cost time 6.85s, result: {'hit@1': 0.0336, 'ndcg@1': 0.0336, 'hit@5': 0.103, 'ndcg@5': 0.067, 'hit@10': 0.1492, 'ndcg@10': 0.0815, 'hit@15': 0.181, 'ndcg@15': 0.0897, 'hit@20': 0.2055, 'ndcg@20': 0.0953, 'hit@40': 0.2733, 'ndcg@40': 0.1088} 
2024-10-15 19:12:03.814 | INFO     | trainer_1:_train_one_epoch:193 - epoch 20 15.10s Train loss is [1.1682] 
2024-10-15 19:12:14.075 | INFO     | trainer_1:_train_one_epoch:201 - validate 20 cost time 10.26s, result: {'hit@1': 0.0584, 'ndcg@1': 0.0584, 'hit@5': 0.172, 'ndcg@5': 0.0864, 'hit@10': 0.2417, 'ndcg@10': 0.1044, 'hit@15': 0.2861, 'ndcg@15': 0.114, 'hit@20': 0.3203, 'ndcg@20': 0.1209, 'hit@40': 0.412, 'ndcg@40': 0.1373} 
2024-10-15 19:12:21.215 | INFO     | trainer_1:_train_one_epoch:209 - test 20 cost time 7.14s, result: {'hit@1': 0.0332, 'ndcg@1': 0.0332, 'hit@5': 0.104, 'ndcg@5': 0.0674, 'hit@10': 0.1491, 'ndcg@10': 0.0815, 'hit@15': 0.1821, 'ndcg@15': 0.09, 'hit@20': 0.2083, 'ndcg@20': 0.096, 'hit@40': 0.2736, 'ndcg@40': 0.1091} 
2024-10-15 19:12:34.173 | INFO     | trainer_1:_train_one_epoch:193 - epoch 21 12.96s Train loss is [1.1682] 
2024-10-15 19:12:43.856 | INFO     | trainer_1:_train_one_epoch:201 - validate 21 cost time 9.68s, result: {'hit@1': 0.0584, 'ndcg@1': 0.0584, 'hit@5': 0.1703, 'ndcg@5': 0.0861, 'hit@10': 0.2412, 'ndcg@10': 0.1043, 'hit@15': 0.2872, 'ndcg@15': 0.1143, 'hit@20': 0.3221, 'ndcg@20': 0.1213, 'hit@40': 0.411, 'ndcg@40': 0.1372} 
2024-10-15 19:12:50.698 | INFO     | trainer_1:_train_one_epoch:209 - test 21 cost time 6.84s, result: {'hit@1': 0.0338, 'ndcg@1': 0.0338, 'hit@5': 0.1024, 'ndcg@5': 0.0669, 'hit@10': 0.1496, 'ndcg@10': 0.0816, 'hit@15': 0.1816, 'ndcg@15': 0.0899, 'hit@20': 0.2088, 'ndcg@20': 0.0961, 'hit@40': 0.2762, 'ndcg@40': 0.1095} 
2024-10-15 19:13:05.117 | INFO     | trainer_1:_train_one_epoch:193 - epoch 22 14.42s Train loss is [1.1625] 
2024-10-15 19:13:15.269 | INFO     | trainer_1:_train_one_epoch:201 - validate 22 cost time 10.15s, result: {'hit@1': 0.0593, 'ndcg@1': 0.0593, 'hit@5': 0.1704, 'ndcg@5': 0.0863, 'hit@10': 0.2402, 'ndcg@10': 0.1041, 'hit@15': 0.2859, 'ndcg@15': 0.1142, 'hit@20': 0.3218, 'ndcg@20': 0.1212, 'hit@40': 0.4107, 'ndcg@40': 0.1371} 
2024-10-15 19:13:22.374 | INFO     | trainer_1:_train_one_epoch:209 - test 22 cost time 7.10s, result: {'hit@1': 0.0331, 'ndcg@1': 0.0331, 'hit@5': 0.1022, 'ndcg@5': 0.0666, 'hit@10': 0.1495, 'ndcg@10': 0.0813, 'hit@15': 0.1834, 'ndcg@15': 0.09, 'hit@20': 0.209, 'ndcg@20': 0.0959, 'hit@40': 0.2774, 'ndcg@40': 0.1095} 
2024-10-15 19:13:35.372 | INFO     | trainer_1:_train_one_epoch:193 - epoch 23 13.00s Train loss is [1.1589] 
2024-10-15 19:13:45.917 | INFO     | trainer_1:_train_one_epoch:201 - validate 23 cost time 10.55s, result: {'hit@1': 0.0585, 'ndcg@1': 0.0585, 'hit@5': 0.1689, 'ndcg@5': 0.0854, 'hit@10': 0.2401, 'ndcg@10': 0.1037, 'hit@15': 0.2858, 'ndcg@15': 0.1136, 'hit@20': 0.3193, 'ndcg@20': 0.1204, 'hit@40': 0.4082, 'ndcg@40': 0.1362} 
2024-10-15 19:13:53.717 | INFO     | trainer_1:_train_one_epoch:209 - test 23 cost time 7.80s, result: {'hit@1': 0.0331, 'ndcg@1': 0.0331, 'hit@5': 0.1001, 'ndcg@5': 0.0656, 'hit@10': 0.1473, 'ndcg@10': 0.0803, 'hit@15': 0.1797, 'ndcg@15': 0.0886, 'hit@20': 0.205, 'ndcg@20': 0.0944, 'hit@40': 0.2733, 'ndcg@40': 0.1081} 
2024-10-15 19:14:12.163 | INFO     | trainer_1:_train_one_epoch:193 - epoch 24 18.44s Train loss is [1.1623] 
2024-10-15 19:14:23.262 | INFO     | trainer_1:_train_one_epoch:201 - validate 24 cost time 11.10s, result: {'hit@1': 0.058, 'ndcg@1': 0.058, 'hit@5': 0.1688, 'ndcg@5': 0.0851, 'hit@10': 0.2407, 'ndcg@10': 0.1038, 'hit@15': 0.2853, 'ndcg@15': 0.1133, 'hit@20': 0.3198, 'ndcg@20': 0.1201, 'hit@40': 0.4095, 'ndcg@40': 0.1362} 
2024-10-15 19:14:31.007 | INFO     | trainer_1:_train_one_epoch:209 - test 24 cost time 7.74s, result: {'hit@1': 0.0337, 'ndcg@1': 0.0337, 'hit@5': 0.1005, 'ndcg@5': 0.066, 'hit@10': 0.1494, 'ndcg@10': 0.0814, 'hit@15': 0.1816, 'ndcg@15': 0.0896, 'hit@20': 0.2079, 'ndcg@20': 0.0957, 'hit@40': 0.2731, 'ndcg@40': 0.1087} 
2024-10-15 19:14:48.582 | INFO     | trainer_1:_train_one_epoch:193 - epoch 25 17.57s Train loss is [1.1820] 
2024-10-15 19:14:59.649 | INFO     | trainer_1:_train_one_epoch:201 - validate 25 cost time 11.07s, result: {'hit@1': 0.0583, 'ndcg@1': 0.0583, 'hit@5': 0.1696, 'ndcg@5': 0.0856, 'hit@10': 0.2413, 'ndcg@10': 0.1041, 'hit@15': 0.287, 'ndcg@15': 0.1141, 'hit@20': 0.3216, 'ndcg@20': 0.1209, 'hit@40': 0.4112, 'ndcg@40': 0.1369} 
2024-10-15 19:15:07.395 | INFO     | trainer_1:_train_one_epoch:209 - test 25 cost time 7.75s, result: {'hit@1': 0.0331, 'ndcg@1': 0.0331, 'hit@5': 0.1018, 'ndcg@5': 0.0665, 'hit@10': 0.1516, 'ndcg@10': 0.082, 'hit@15': 0.1832, 'ndcg@15': 0.0902, 'hit@20': 0.2086, 'ndcg@20': 0.096, 'hit@40': 0.276, 'ndcg@40': 0.1094} 
2024-10-15 19:15:34.358 | INFO     | trainer_1:_train_one_epoch:193 - epoch 26 17.46s Train loss is [1.1782] 
2024-10-15 19:15:45.436 | INFO     | trainer_1:_train_one_epoch:201 - validate 26 cost time 11.08s, result: {'hit@1': 0.0588, 'ndcg@1': 0.0588, 'hit@5': 0.1715, 'ndcg@5': 0.0862, 'hit@10': 0.2423, 'ndcg@10': 0.1048, 'hit@15': 0.2882, 'ndcg@15': 0.1147, 'hit@20': 0.3222, 'ndcg@20': 0.1214, 'hit@40': 0.4125, 'ndcg@40': 0.1376} 
2024-10-15 19:15:53.144 | INFO     | trainer_1:_train_one_epoch:209 - test 26 cost time 7.71s, result: {'hit@1': 0.0328, 'ndcg@1': 0.0328, 'hit@5': 0.1016, 'ndcg@5': 0.066, 'hit@10': 0.1509, 'ndcg@10': 0.0814, 'hit@15': 0.1839, 'ndcg@15': 0.0898, 'hit@20': 0.2083, 'ndcg@20': 0.0954, 'hit@40': 0.2771, 'ndcg@40': 0.1092} 
2024-10-15 19:16:10.856 | INFO     | trainer_1:_train_one_epoch:193 - epoch 27 17.71s Train loss is [1.1800] 
2024-10-15 19:16:21.933 | INFO     | trainer_1:_train_one_epoch:201 - validate 27 cost time 11.08s, result: {'hit@1': 0.0585, 'ndcg@1': 0.0585, 'hit@5': 0.1721, 'ndcg@5': 0.0865, 'hit@10': 0.2422, 'ndcg@10': 0.1048, 'hit@15': 0.2876, 'ndcg@15': 0.1147, 'hit@20': 0.3223, 'ndcg@20': 0.1216, 'hit@40': 0.4125, 'ndcg@40': 0.1375} 
2024-10-15 19:16:29.665 | INFO     | trainer_1:_train_one_epoch:209 - test 27 cost time 7.73s, result: {'hit@1': 0.0328, 'ndcg@1': 0.0328, 'hit@5': 0.1031, 'ndcg@5': 0.0669, 'hit@10': 0.1509, 'ndcg@10': 0.0819, 'hit@15': 0.1834, 'ndcg@15': 0.0902, 'hit@20': 0.2086, 'ndcg@20': 0.096, 'hit@40': 0.2761, 'ndcg@40': 0.1095} 
2024-10-15 19:16:47.102 | INFO     | trainer_1:_train_one_epoch:193 - epoch 28 17.44s Train loss is [1.1742] 
2024-10-15 19:16:58.161 | INFO     | trainer_1:_train_one_epoch:201 - validate 28 cost time 11.06s, result: {'hit@1': 0.0578, 'ndcg@1': 0.0578, 'hit@5': 0.171, 'ndcg@5': 0.0863, 'hit@10': 0.2443, 'ndcg@10': 0.1053, 'hit@15': 0.2895, 'ndcg@15': 0.1152, 'hit@20': 0.3252, 'ndcg@20': 0.1223, 'hit@40': 0.4163, 'ndcg@40': 0.1385} 
2024-10-15 19:17:05.897 | INFO     | trainer_1:_train_one_epoch:209 - test 28 cost time 7.74s, result: {'hit@1': 0.0331, 'ndcg@1': 0.0331, 'hit@5': 0.103, 'ndcg@5': 0.067, 'hit@10': 0.1511, 'ndcg@10': 0.082, 'hit@15': 0.1838, 'ndcg@15': 0.0904, 'hit@20': 0.2114, 'ndcg@20': 0.0968, 'hit@40': 0.2783, 'ndcg@40': 0.1102} 
2024-10-15 19:17:23.539 | INFO     | trainer_1:_train_one_epoch:193 - epoch 29 17.64s Train loss is [1.1742] 
2024-10-15 19:17:34.597 | INFO     | trainer_1:_train_one_epoch:201 - validate 29 cost time 11.06s, result: {'hit@1': 0.0589, 'ndcg@1': 0.0589, 'hit@5': 0.1744, 'ndcg@5': 0.0877, 'hit@10': 0.245, 'ndcg@10': 0.1061, 'hit@15': 0.2924, 'ndcg@15': 0.1165, 'hit@20': 0.3258, 'ndcg@20': 0.1232, 'hit@40': 0.4159, 'ndcg@40': 0.1393} 
2024-10-15 19:17:42.305 | INFO     | trainer_1:_train_one_epoch:209 - test 29 cost time 7.71s, result: {'hit@1': 0.0339, 'ndcg@1': 0.0339, 'hit@5': 0.1053, 'ndcg@5': 0.0684, 'hit@10': 0.1521, 'ndcg@10': 0.083, 'hit@15': 0.1849, 'ndcg@15': 0.0915, 'hit@20': 0.2106, 'ndcg@20': 0.0975, 'hit@40': 0.2794, 'ndcg@40': 0.1112} 
2024-10-15 19:18:08.490 | INFO     | trainer_1:_train_one_epoch:193 - epoch 30 17.59s Train loss is [1.1743] 
2024-10-15 19:18:19.551 | INFO     | trainer_1:_train_one_epoch:201 - validate 30 cost time 11.06s, result: {'hit@1': 0.0598, 'ndcg@1': 0.0598, 'hit@5': 0.1744, 'ndcg@5': 0.0882, 'hit@10': 0.2454, 'ndcg@10': 0.1066, 'hit@15': 0.2923, 'ndcg@15': 0.117, 'hit@20': 0.3285, 'ndcg@20': 0.1241, 'hit@40': 0.419, 'ndcg@40': 0.1403} 
2024-10-15 19:18:27.248 | INFO     | trainer_1:_train_one_epoch:209 - test 30 cost time 7.70s, result: {'hit@1': 0.0331, 'ndcg@1': 0.0331, 'hit@5': 0.1039, 'ndcg@5': 0.0674, 'hit@10': 0.152, 'ndcg@10': 0.0825, 'hit@15': 0.1835, 'ndcg@15': 0.0906, 'hit@20': 0.2107, 'ndcg@20': 0.0968, 'hit@40': 0.2822, 'ndcg@40': 0.1111} 
2024-10-15 19:18:44.608 | INFO     | trainer_1:_train_one_epoch:193 - epoch 31 17.36s Train loss is [1.1705] 
2024-10-15 19:18:54.805 | INFO     | trainer_1:_train_one_epoch:201 - validate 31 cost time 10.20s, result: {'hit@1': 0.0592, 'ndcg@1': 0.0592, 'hit@5': 0.1752, 'ndcg@5': 0.0882, 'hit@10': 0.2466, 'ndcg@10': 0.1067, 'hit@15': 0.293, 'ndcg@15': 0.1169, 'hit@20': 0.326, 'ndcg@20': 0.1236, 'hit@40': 0.4171, 'ndcg@40': 0.1397} 
2024-10-15 19:19:01.559 | INFO     | trainer_1:_train_one_epoch:209 - test 31 cost time 6.75s, result: {'hit@1': 0.0334, 'ndcg@1': 0.0334, 'hit@5': 0.1046, 'ndcg@5': 0.0679, 'hit@10': 0.1526, 'ndcg@10': 0.0828, 'hit@15': 0.185, 'ndcg@15': 0.0912, 'hit@20': 0.2108, 'ndcg@20': 0.0971, 'hit@40': 0.2799, 'ndcg@40': 0.111} 
2024-10-15 19:19:28.102 | INFO     | trainer_1:_train_one_epoch:193 - epoch 32 17.44s Train loss is [1.1658] 
2024-10-15 19:19:39.143 | INFO     | trainer_1:_train_one_epoch:201 - validate 32 cost time 11.04s, result: {'hit@1': 0.0599, 'ndcg@1': 0.0599, 'hit@5': 0.1752, 'ndcg@5': 0.0882, 'hit@10': 0.2474, 'ndcg@10': 0.107, 'hit@15': 0.2924, 'ndcg@15': 0.1168, 'hit@20': 0.3272, 'ndcg@20': 0.1238, 'hit@40': 0.4178, 'ndcg@40': 0.14} 
2024-10-15 19:19:46.859 | INFO     | trainer_1:_train_one_epoch:209 - test 32 cost time 7.72s, result: {'hit@1': 0.0323, 'ndcg@1': 0.0323, 'hit@5': 0.1034, 'ndcg@5': 0.0667, 'hit@10': 0.1513, 'ndcg@10': 0.0816, 'hit@15': 0.1854, 'ndcg@15': 0.0904, 'hit@20': 0.2102, 'ndcg@20': 0.0961, 'hit@40': 0.2791, 'ndcg@40': 0.1099} 
2024-10-15 19:20:04.490 | INFO     | trainer_1:_train_one_epoch:193 - epoch 33 17.63s Train loss is [1.1641] 
2024-10-15 19:20:15.531 | INFO     | trainer_1:_train_one_epoch:201 - validate 33 cost time 11.04s, result: {'hit@1': 0.0607, 'ndcg@1': 0.0607, 'hit@5': 0.1753, 'ndcg@5': 0.0885, 'hit@10': 0.2458, 'ndcg@10': 0.1069, 'hit@15': 0.2922, 'ndcg@15': 0.117, 'hit@20': 0.3268, 'ndcg@20': 0.1241, 'hit@40': 0.4195, 'ndcg@40': 0.1405} 
2024-10-15 19:20:23.236 | INFO     | trainer_1:_train_one_epoch:209 - test 33 cost time 7.70s, result: {'hit@1': 0.0324, 'ndcg@1': 0.0324, 'hit@5': 0.1047, 'ndcg@5': 0.0676, 'hit@10': 0.1512, 'ndcg@10': 0.0821, 'hit@15': 0.1842, 'ndcg@15': 0.0905, 'hit@20': 0.2097, 'ndcg@20': 0.0964, 'hit@40': 0.2811, 'ndcg@40': 0.1107} 
2024-10-15 19:20:40.720 | INFO     | trainer_1:_train_one_epoch:193 - epoch 34 17.48s Train loss is [1.1577] 
2024-10-15 19:20:51.748 | INFO     | trainer_1:_train_one_epoch:201 - validate 34 cost time 11.03s, result: {'hit@1': 0.0595, 'ndcg@1': 0.0595, 'hit@5': 0.1757, 'ndcg@5': 0.0885, 'hit@10': 0.2465, 'ndcg@10': 0.1068, 'hit@15': 0.2927, 'ndcg@15': 0.117, 'hit@20': 0.3273, 'ndcg@20': 0.1239, 'hit@40': 0.418, 'ndcg@40': 0.1401} 
2024-10-15 19:20:59.460 | INFO     | trainer_1:_train_one_epoch:209 - test 34 cost time 7.71s, result: {'hit@1': 0.0324, 'ndcg@1': 0.0324, 'hit@5': 0.1046, 'ndcg@5': 0.0675, 'hit@10': 0.1527, 'ndcg@10': 0.0825, 'hit@15': 0.1852, 'ndcg@15': 0.0909, 'hit@20': 0.211, 'ndcg@20': 0.0968, 'hit@40': 0.2791, 'ndcg@40': 0.1105} 
2024-10-15 19:21:25.529 | INFO     | trainer_1:_train_one_epoch:193 - epoch 35 17.48s Train loss is [1.1571] 
2024-10-15 19:21:36.561 | INFO     | trainer_1:_train_one_epoch:201 - validate 35 cost time 11.03s, result: {'hit@1': 0.0597, 'ndcg@1': 0.0597, 'hit@5': 0.1756, 'ndcg@5': 0.0883, 'hit@10': 0.2472, 'ndcg@10': 0.107, 'hit@15': 0.2947, 'ndcg@15': 0.1173, 'hit@20': 0.3292, 'ndcg@20': 0.1243, 'hit@40': 0.4191, 'ndcg@40': 0.1406} 
2024-10-15 19:21:44.284 | INFO     | trainer_1:_train_one_epoch:209 - test 35 cost time 7.72s, result: {'hit@1': 0.0335, 'ndcg@1': 0.0335, 'hit@5': 0.1062, 'ndcg@5': 0.0686, 'hit@10': 0.1547, 'ndcg@10': 0.0838, 'hit@15': 0.1875, 'ndcg@15': 0.0922, 'hit@20': 0.2138, 'ndcg@20': 0.0983, 'hit@40': 0.2838, 'ndcg@40': 0.1123} 
2024-10-15 19:22:10.988 | INFO     | trainer_1:_train_one_epoch:193 - epoch 36 18.16s Train loss is [1.1588] 
2024-10-15 19:22:22.030 | INFO     | trainer_1:_train_one_epoch:201 - validate 36 cost time 11.04s, result: {'hit@1': 0.0594, 'ndcg@1': 0.0594, 'hit@5': 0.1759, 'ndcg@5': 0.0885, 'hit@10': 0.2483, 'ndcg@10': 0.1073, 'hit@15': 0.2943, 'ndcg@15': 0.1175, 'hit@20': 0.3302, 'ndcg@20': 0.1245, 'hit@40': 0.4206, 'ndcg@40': 0.1409} 
2024-10-15 19:22:29.732 | INFO     | trainer_1:_train_one_epoch:209 - test 36 cost time 7.70s, result: {'hit@1': 0.0325, 'ndcg@1': 0.0325, 'hit@5': 0.1058, 'ndcg@5': 0.068, 'hit@10': 0.1537, 'ndcg@10': 0.083, 'hit@15': 0.1876, 'ndcg@15': 0.0917, 'hit@20': 0.2139, 'ndcg@20': 0.0978, 'hit@40': 0.2849, 'ndcg@40': 0.112} 
2024-10-15 19:22:47.796 | INFO     | trainer_1:_train_one_epoch:193 - epoch 37 18.06s Train loss is [1.1542] 
2024-10-15 19:22:58.856 | INFO     | trainer_1:_train_one_epoch:201 - validate 37 cost time 11.06s, result: {'hit@1': 0.0594, 'ndcg@1': 0.0594, 'hit@5': 0.1758, 'ndcg@5': 0.0884, 'hit@10': 0.2484, 'ndcg@10': 0.1072, 'hit@15': 0.2952, 'ndcg@15': 0.1175, 'hit@20': 0.3295, 'ndcg@20': 0.1244, 'hit@40': 0.4219, 'ndcg@40': 0.141} 
2024-10-15 19:23:06.560 | INFO     | trainer_1:_train_one_epoch:209 - test 37 cost time 7.70s, result: {'hit@1': 0.0333, 'ndcg@1': 0.0333, 'hit@5': 0.1065, 'ndcg@5': 0.0686, 'hit@10': 0.1536, 'ndcg@10': 0.0832, 'hit@15': 0.1864, 'ndcg@15': 0.0916, 'hit@20': 0.2126, 'ndcg@20': 0.0977, 'hit@40': 0.2847, 'ndcg@40': 0.1122} 
2024-10-15 19:23:24.642 | INFO     | trainer_1:_train_one_epoch:193 - epoch 38 18.08s Train loss is [1.1564] 
2024-10-15 19:23:35.675 | INFO     | trainer_1:_train_one_epoch:201 - validate 38 cost time 11.03s, result: {'hit@1': 0.0594, 'ndcg@1': 0.0594, 'hit@5': 0.1751, 'ndcg@5': 0.0881, 'hit@10': 0.247, 'ndcg@10': 0.1068, 'hit@15': 0.2946, 'ndcg@15': 0.1173, 'hit@20': 0.3292, 'ndcg@20': 0.1242, 'hit@40': 0.4226, 'ndcg@40': 0.141} 
2024-10-15 19:23:43.389 | INFO     | trainer_1:_train_one_epoch:209 - test 38 cost time 7.71s, result: {'hit@1': 0.0331, 'ndcg@1': 0.0331, 'hit@5': 0.1072, 'ndcg@5': 0.069, 'hit@10': 0.1545, 'ndcg@10': 0.0836, 'hit@15': 0.1874, 'ndcg@15': 0.0921, 'hit@20': 0.214, 'ndcg@20': 0.0983, 'hit@40': 0.285, 'ndcg@40': 0.1125} 
2024-10-15 19:24:00.934 | INFO     | trainer_1:_train_one_epoch:193 - epoch 39 17.54s Train loss is [1.1581] 
2024-10-15 19:24:11.966 | INFO     | trainer_1:_train_one_epoch:201 - validate 39 cost time 11.03s, result: {'hit@1': 0.0602, 'ndcg@1': 0.0602, 'hit@5': 0.1762, 'ndcg@5': 0.0888, 'hit@10': 0.2478, 'ndcg@10': 0.1075, 'hit@15': 0.2966, 'ndcg@15': 0.1182, 'hit@20': 0.3329, 'ndcg@20': 0.1254, 'hit@40': 0.4253, 'ndcg@40': 0.1419} 
2024-10-15 19:24:19.672 | INFO     | trainer_1:_train_one_epoch:209 - test 39 cost time 7.71s, result: {'hit@1': 0.0329, 'ndcg@1': 0.0329, 'hit@5': 0.1071, 'ndcg@5': 0.0691, 'hit@10': 0.155, 'ndcg@10': 0.084, 'hit@15': 0.1886, 'ndcg@15': 0.0926, 'hit@20': 0.2144, 'ndcg@20': 0.0986, 'hit@40': 0.2857, 'ndcg@40': 0.1129} 
2024-10-15 19:24:46.185 | INFO     | trainer_1:_train_one_epoch:193 - epoch 40 17.45s Train loss is [1.1534] 
2024-10-15 19:24:57.216 | INFO     | trainer_1:_train_one_epoch:201 - validate 40 cost time 11.03s, result: {'hit@1': 0.0588, 'ndcg@1': 0.0588, 'hit@5': 0.1765, 'ndcg@5': 0.0885, 'hit@10': 0.2485, 'ndcg@10': 0.1073, 'hit@15': 0.2958, 'ndcg@15': 0.1175, 'hit@20': 0.3313, 'ndcg@20': 0.1245, 'hit@40': 0.4251, 'ndcg@40': 0.1414} 
2024-10-15 19:25:04.905 | INFO     | trainer_1:_train_one_epoch:209 - test 40 cost time 7.69s, result: {'hit@1': 0.0338, 'ndcg@1': 0.0338, 'hit@5': 0.1063, 'ndcg@5': 0.069, 'hit@10': 0.1558, 'ndcg@10': 0.0844, 'hit@15': 0.187, 'ndcg@15': 0.0924, 'hit@20': 0.2142, 'ndcg@20': 0.0986, 'hit@40': 0.2862, 'ndcg@40': 0.1131} 
2024-10-15 19:25:31.246 | INFO     | trainer_1:_train_one_epoch:193 - epoch 41 17.73s Train loss is [1.1549] 
2024-10-15 19:25:42.296 | INFO     | trainer_1:_train_one_epoch:201 - validate 41 cost time 11.05s, result: {'hit@1': 0.0593, 'ndcg@1': 0.0593, 'hit@5': 0.1764, 'ndcg@5': 0.0886, 'hit@10': 0.2474, 'ndcg@10': 0.1071, 'hit@15': 0.294, 'ndcg@15': 0.1173, 'hit@20': 0.33, 'ndcg@20': 0.1245, 'hit@40': 0.4252, 'ndcg@40': 0.1415} 
2024-10-15 19:25:49.999 | INFO     | trainer_1:_train_one_epoch:209 - test 41 cost time 7.70s, result: {'hit@1': 0.0337, 'ndcg@1': 0.0337, 'hit@5': 0.1061, 'ndcg@5': 0.0687, 'hit@10': 0.1543, 'ndcg@10': 0.0838, 'hit@15': 0.1865, 'ndcg@15': 0.0921, 'hit@20': 0.2137, 'ndcg@20': 0.0984, 'hit@40': 0.2855, 'ndcg@40': 0.1127} 
2024-10-15 19:26:07.693 | INFO     | trainer_1:_train_one_epoch:193 - epoch 42 17.69s Train loss is [1.1486] 
2024-10-15 19:26:18.729 | INFO     | trainer_1:_train_one_epoch:201 - validate 42 cost time 11.04s, result: {'hit@1': 0.0597, 'ndcg@1': 0.0597, 'hit@5': 0.1766, 'ndcg@5': 0.0889, 'hit@10': 0.2472, 'ndcg@10': 0.1073, 'hit@15': 0.2944, 'ndcg@15': 0.1176, 'hit@20': 0.3313, 'ndcg@20': 0.125, 'hit@40': 0.4253, 'ndcg@40': 0.1419} 
2024-10-15 19:26:26.439 | INFO     | trainer_1:_train_one_epoch:209 - test 42 cost time 7.71s, result: {'hit@1': 0.0334, 'ndcg@1': 0.0334, 'hit@5': 0.1059, 'ndcg@5': 0.0688, 'hit@10': 0.1545, 'ndcg@10': 0.084, 'hit@15': 0.188, 'ndcg@15': 0.0926, 'hit@20': 0.2146, 'ndcg@20': 0.0987, 'hit@40': 0.2873, 'ndcg@40': 0.1132} 
2024-10-15 19:26:44.308 | INFO     | trainer_1:_train_one_epoch:193 - epoch 43 17.87s Train loss is [1.1564] 
2024-10-15 19:26:55.323 | INFO     | trainer_1:_train_one_epoch:201 - validate 43 cost time 11.01s, result: {'hit@1': 0.0594, 'ndcg@1': 0.0594, 'hit@5': 0.1758, 'ndcg@5': 0.0884, 'hit@10': 0.2475, 'ndcg@10': 0.1071, 'hit@15': 0.2965, 'ndcg@15': 0.1177, 'hit@20': 0.333, 'ndcg@20': 0.125, 'hit@40': 0.4257, 'ndcg@40': 0.1419} 
2024-10-15 19:27:03.011 | INFO     | trainer_1:_train_one_epoch:209 - test 43 cost time 7.69s, result: {'hit@1': 0.0332, 'ndcg@1': 0.0332, 'hit@5': 0.1059, 'ndcg@5': 0.0682, 'hit@10': 0.1548, 'ndcg@10': 0.0835, 'hit@15': 0.1884, 'ndcg@15': 0.0922, 'hit@20': 0.2147, 'ndcg@20': 0.0983, 'hit@40': 0.2876, 'ndcg@40': 0.1128} 
2024-10-15 19:27:20.511 | INFO     | trainer_1:_train_one_epoch:193 - epoch 44 17.50s Train loss is [1.1521] 
2024-10-15 19:27:31.542 | INFO     | trainer_1:_train_one_epoch:201 - validate 44 cost time 11.03s, result: {'hit@1': 0.0597, 'ndcg@1': 0.0597, 'hit@5': 0.1757, 'ndcg@5': 0.0885, 'hit@10': 0.2473, 'ndcg@10': 0.1072, 'hit@15': 0.2947, 'ndcg@15': 0.1176, 'hit@20': 0.3316, 'ndcg@20': 0.1249, 'hit@40': 0.4254, 'ndcg@40': 0.1417} 
2024-10-15 19:27:39.234 | INFO     | trainer_1:_train_one_epoch:209 - test 44 cost time 7.69s, result: {'hit@1': 0.0336, 'ndcg@1': 0.0336, 'hit@5': 0.1074, 'ndcg@5': 0.0691, 'hit@10': 0.1542, 'ndcg@10': 0.0838, 'hit@15': 0.1863, 'ndcg@15': 0.092, 'hit@20': 0.2132, 'ndcg@20': 0.0982, 'hit@40': 0.2835, 'ndcg@40': 0.1123} 
2024-10-15 19:27:56.647 | INFO     | trainer_1:_train_one_epoch:193 - epoch 45 17.41s Train loss is [1.1462] 
2024-10-15 19:28:07.636 | INFO     | trainer_1:_train_one_epoch:201 - validate 45 cost time 10.99s, result: {'hit@1': 0.0599, 'ndcg@1': 0.0599, 'hit@5': 0.1774, 'ndcg@5': 0.0891, 'hit@10': 0.2492, 'ndcg@10': 0.1078, 'hit@15': 0.2979, 'ndcg@15': 0.1184, 'hit@20': 0.3338, 'ndcg@20': 0.1255, 'hit@40': 0.427, 'ndcg@40': 0.1424} 
2024-10-15 19:28:15.317 | INFO     | trainer_1:_train_one_epoch:209 - test 45 cost time 7.68s, result: {'hit@1': 0.0333, 'ndcg@1': 0.0333, 'hit@5': 0.1061, 'ndcg@5': 0.0685, 'hit@10': 0.155, 'ndcg@10': 0.0837, 'hit@15': 0.1871, 'ndcg@15': 0.0921, 'hit@20': 0.2144, 'ndcg@20': 0.0984, 'hit@40': 0.2875, 'ndcg@40': 0.113} 
2024-10-15 19:28:32.770 | INFO     | trainer_1:_train_one_epoch:193 - epoch 46 17.45s Train loss is [1.1495] 
2024-10-15 19:28:43.792 | INFO     | trainer_1:_train_one_epoch:201 - validate 46 cost time 11.02s, result: {'hit@1': 0.0592, 'ndcg@1': 0.0592, 'hit@5': 0.1773, 'ndcg@5': 0.089, 'hit@10': 0.2494, 'ndcg@10': 0.1077, 'hit@15': 0.2983, 'ndcg@15': 0.1184, 'hit@20': 0.336, 'ndcg@20': 0.1259, 'hit@40': 0.4299, 'ndcg@40': 0.1426} 
2024-10-15 19:28:51.487 | INFO     | trainer_1:_train_one_epoch:209 - test 46 cost time 7.69s, result: {'hit@1': 0.0339, 'ndcg@1': 0.0339, 'hit@5': 0.1057, 'ndcg@5': 0.0685, 'hit@10': 0.1555, 'ndcg@10': 0.0841, 'hit@15': 0.1896, 'ndcg@15': 0.0929, 'hit@20': 0.2151, 'ndcg@20': 0.0988, 'hit@40': 0.287, 'ndcg@40': 0.1132} 
2024-10-15 19:29:08.779 | INFO     | trainer_1:_train_one_epoch:193 - epoch 47 17.29s Train loss is [1.1474] 
2024-10-15 19:29:19.773 | INFO     | trainer_1:_train_one_epoch:201 - validate 47 cost time 10.99s, result: {'hit@1': 0.0601, 'ndcg@1': 0.0601, 'hit@5': 0.1788, 'ndcg@5': 0.0899, 'hit@10': 0.2513, 'ndcg@10': 0.1087, 'hit@15': 0.2993, 'ndcg@15': 0.1191, 'hit@20': 0.3371, 'ndcg@20': 0.1267, 'hit@40': 0.429, 'ndcg@40': 0.1434} 
2024-10-15 19:29:27.474 | INFO     | trainer_1:_train_one_epoch:209 - test 47 cost time 7.70s, result: {'hit@1': 0.0344, 'ndcg@1': 0.0344, 'hit@5': 0.1066, 'ndcg@5': 0.0692, 'hit@10': 0.1568, 'ndcg@10': 0.0849, 'hit@15': 0.1902, 'ndcg@15': 0.0935, 'hit@20': 0.2157, 'ndcg@20': 0.0994, 'hit@40': 0.2893, 'ndcg@40': 0.1142} 
2024-10-15 19:29:54.398 | INFO     | trainer_1:_train_one_epoch:193 - epoch 48 18.21s Train loss is [1.1467] 
2024-10-15 19:30:05.461 | INFO     | trainer_1:_train_one_epoch:201 - validate 48 cost time 11.06s, result: {'hit@1': 0.0582, 'ndcg@1': 0.0582, 'hit@5': 0.1764, 'ndcg@5': 0.0883, 'hit@10': 0.2479, 'ndcg@10': 0.107, 'hit@15': 0.2971, 'ndcg@15': 0.1176, 'hit@20': 0.3334, 'ndcg@20': 0.1249, 'hit@40': 0.4276, 'ndcg@40': 0.1419} 
2024-10-15 19:30:13.169 | INFO     | trainer_1:_train_one_epoch:209 - test 48 cost time 7.71s, result: {'hit@1': 0.0328, 'ndcg@1': 0.0328, 'hit@5': 0.1062, 'ndcg@5': 0.0682, 'hit@10': 0.155, 'ndcg@10': 0.0834, 'hit@15': 0.1878, 'ndcg@15': 0.0919, 'hit@20': 0.2141, 'ndcg@20': 0.0979, 'hit@40': 0.287, 'ndcg@40': 0.1125} 
2024-10-15 19:30:31.321 | INFO     | trainer_1:_train_one_epoch:193 - epoch 49 18.15s Train loss is [1.1510] 
2024-10-15 19:30:42.376 | INFO     | trainer_1:_train_one_epoch:201 - validate 49 cost time 11.05s, result: {'hit@1': 0.0608, 'ndcg@1': 0.0608, 'hit@5': 0.1762, 'ndcg@5': 0.0891, 'hit@10': 0.2507, 'ndcg@10': 0.1085, 'hit@15': 0.299, 'ndcg@15': 0.119, 'hit@20': 0.3351, 'ndcg@20': 0.1262, 'hit@40': 0.4293, 'ndcg@40': 0.1433} 
2024-10-15 19:30:50.084 | INFO     | trainer_1:_train_one_epoch:209 - test 49 cost time 7.71s, result: {'hit@1': 0.0339, 'ndcg@1': 0.0339, 'hit@5': 0.1054, 'ndcg@5': 0.0682, 'hit@10': 0.154, 'ndcg@10': 0.0834, 'hit@15': 0.1879, 'ndcg@15': 0.0921, 'hit@20': 0.2156, 'ndcg@20': 0.0985, 'hit@40': 0.2886, 'ndcg@40': 0.1132} 
2024-10-15 19:31:08.300 | INFO     | trainer_1:_train_one_epoch:193 - epoch 50 18.22s Train loss is [1.1398] 
2024-10-15 19:31:19.367 | INFO     | trainer_1:_train_one_epoch:201 - validate 50 cost time 11.07s, result: {'hit@1': 0.0597, 'ndcg@1': 0.0597, 'hit@5': 0.1761, 'ndcg@5': 0.0886, 'hit@10': 0.2506, 'ndcg@10': 0.108, 'hit@15': 0.2985, 'ndcg@15': 0.1185, 'hit@20': 0.3345, 'ndcg@20': 0.1257, 'hit@40': 0.4301, 'ndcg@40': 0.1429} 
2024-10-15 19:31:27.075 | INFO     | trainer_1:_train_one_epoch:209 - test 50 cost time 7.71s, result: {'hit@1': 0.0332, 'ndcg@1': 0.0332, 'hit@5': 0.1058, 'ndcg@5': 0.0681, 'hit@10': 0.1568, 'ndcg@10': 0.0839, 'hit@15': 0.1875, 'ndcg@15': 0.0918, 'hit@20': 0.2136, 'ndcg@20': 0.0978, 'hit@40': 0.2874, 'ndcg@40': 0.1126} 
2024-10-15 19:31:45.118 | INFO     | trainer_1:_train_one_epoch:193 - epoch 51 18.04s Train loss is [1.1444] 
2024-10-15 19:31:56.163 | INFO     | trainer_1:_train_one_epoch:201 - validate 51 cost time 11.05s, result: {'hit@1': 0.0595, 'ndcg@1': 0.0595, 'hit@5': 0.1759, 'ndcg@5': 0.0888, 'hit@10': 0.2502, 'ndcg@10': 0.108, 'hit@15': 0.3004, 'ndcg@15': 0.1191, 'hit@20': 0.3367, 'ndcg@20': 0.1263, 'hit@40': 0.4322, 'ndcg@40': 0.1435} 
2024-10-15 19:32:03.893 | INFO     | trainer_1:_train_one_epoch:209 - test 51 cost time 7.73s, result: {'hit@1': 0.0329, 'ndcg@1': 0.0329, 'hit@5': 0.1057, 'ndcg@5': 0.0681, 'hit@10': 0.156, 'ndcg@10': 0.0838, 'hit@15': 0.1899, 'ndcg@15': 0.0925, 'hit@20': 0.2175, 'ndcg@20': 0.0988, 'hit@40': 0.2901, 'ndcg@40': 0.1134} 
2024-10-15 19:32:21.346 | INFO     | trainer_1:_train_one_epoch:193 - epoch 52 17.45s Train loss is [1.1454] 
2024-10-15 19:32:32.388 | INFO     | trainer_1:_train_one_epoch:201 - validate 52 cost time 11.04s, result: {'hit@1': 0.0605, 'ndcg@1': 0.0605, 'hit@5': 0.1758, 'ndcg@5': 0.0893, 'hit@10': 0.2488, 'ndcg@10': 0.108, 'hit@15': 0.2999, 'ndcg@15': 0.1192, 'hit@20': 0.335, 'ndcg@20': 0.1263, 'hit@40': 0.4304, 'ndcg@40': 0.1434} 
2024-10-15 19:32:40.090 | INFO     | trainer_1:_train_one_epoch:209 - test 52 cost time 7.70s, result: {'hit@1': 0.0328, 'ndcg@1': 0.0328, 'hit@5': 0.1063, 'ndcg@5': 0.0683, 'hit@10': 0.1545, 'ndcg@10': 0.0833, 'hit@15': 0.1891, 'ndcg@15': 0.0923, 'hit@20': 0.2157, 'ndcg@20': 0.0984, 'hit@40': 0.2898, 'ndcg@40': 0.1133} 
2024-10-15 19:32:40.108 | INFO     | trainer_1:train_model:163 - training end, best iteration 47, results: {'hit@1': 0.0601, 'ndcg@1': 0.0601, 'hit@5': 0.1788, 'ndcg@5': 0.0899, 'hit@10': 0.2513, 'ndcg@10': 0.1087, 'hit@15': 0.2993, 'ndcg@15': 0.1191, 'hit@20': 0.3371, 'ndcg@20': 0.1267, 'hit@40': 0.429, 'ndcg@40': 0.1434}
2024-10-15 19:32:40.108 | INFO     | trainer_1:train_model:166 - final test result is:  {'hit@1': 0.0344, 'ndcg@1': 0.0344, 'hit@5': 0.1066, 'ndcg@5': 0.0692, 'hit@10': 0.1568, 'ndcg@10': 0.0849, 'hit@15': 0.1902, 'ndcg@15': 0.0935, 'hit@20': 0.2157, 'ndcg@20': 0.0994, 'hit@40': 0.2893, 'ndcg@40': 0.1142}
2024-10-15 19:32:40.337 | INFO     | __main__:<module>:119 - train end total cost time: 4053.1651513576508
