2024-10-15 17:27:25.692 | INFO     | __main__:<module>:105 - Namespace(TIME='2024-10-15 17_26_37', batch_size=1024, behaviors=['view', 'cart', 'buy'], check_point='model_pre_1_2024-10-15 14_50_31.pth', data_name='taobao', data_path='./data/taobao', decay=0.001, device='cuda:0', dim_qk=32, dim_v=64, distill_layers=4, distill_thres=0.5, distill_topK=60, distill_userK=6, embedding_size=64, epochs=100, gpu_no=1, if_load_model=True, ii_lambda=200, initializer_range=0.02, layers=2, loss_type='bpr', lr=0.001, message_dropout=0.25, metrics=['hit', 'ndcg'], min_epoch=5, model_name='main_1_zz', model_path='./check_point', node_dropout=0.75, omega=1, pt_loop=50, reg_weight=0.001, test_batch_size=1024, testbatch=1024, topk=[1, 5, 10, 15, 20, 40], uu_lambda=100)
2024-10-15 17:27:25.693 | INFO     | __main__:<module>:106 - BIPN(
  (message_dropout): Dropout(p=0.25, inplace=False)
  (user_embedding): Embedding(48750, 64, padding_idx=0)
  (item_embedding): Embedding(39494, 64, padding_idx=0)
  (global_Graph): LightGCN()
  (Graph_encoder): ModuleDict(
    (view): GraphEncoder(
      (light): LightGCN()
      (dropout): Dropout(p=0.75, inplace=False)
    )
    (cart): GraphEncoder(
      (light): LightGCN()
      (dropout): Dropout(p=0.75, inplace=False)
    )
    (buy): GraphEncoder(
      (light): LightGCN()
      (dropout): Dropout(p=0.75, inplace=False)
    )
  )
  (attention): Mutual_Attention()
  (bpr_loss): BPRLoss()
  (emb_loss): EmbLoss()
  (f): Sigmoid()
)
2024-10-15 17:40:15.643 | INFO     | trainer_1:_train_one_epoch:193 - epoch 1 16.39s Train loss is [0.7531] 
2024-10-15 17:40:28.220 | INFO     | trainer_1:_train_one_epoch:201 - validate 1 cost time 12.58s, result: {'hit@1': 0.0358, 'ndcg@1': 0.0358, 'hit@5': 0.0944, 'ndcg@5': 0.0661, 'hit@10': 0.1272, 'ndcg@10': 0.0767, 'hit@15': 0.149, 'ndcg@15': 0.0825, 'hit@20': 0.1662, 'ndcg@20': 0.0865, 'hit@40': 0.2102, 'ndcg@40': 0.0955} 
2024-10-15 17:40:40.649 | INFO     | trainer_1:_train_one_epoch:209 - test 1 cost time 12.43s, result: {'hit@1': 0.0275, 'ndcg@1': 0.0275, 'hit@5': 0.0759, 'ndcg@5': 0.0526, 'hit@10': 0.1043, 'ndcg@10': 0.0617, 'hit@15': 0.1231, 'ndcg@15': 0.0666, 'hit@20': 0.1363, 'ndcg@20': 0.0698, 'hit@40': 0.1745, 'ndcg@40': 0.0776} 
2024-10-15 17:41:04.462 | INFO     | trainer_1:_train_one_epoch:193 - epoch 2 16.37s Train loss is [0.4666] 
2024-10-15 17:41:17.033 | INFO     | trainer_1:_train_one_epoch:201 - validate 2 cost time 12.57s, result: {'hit@1': 0.04, 'ndcg@1': 0.04, 'hit@5': 0.1088, 'ndcg@5': 0.0757, 'hit@10': 0.1483, 'ndcg@10': 0.0884, 'hit@15': 0.1724, 'ndcg@15': 0.0948, 'hit@20': 0.1891, 'ndcg@20': 0.0987, 'hit@40': 0.2371, 'ndcg@40': 0.1085} 
2024-10-15 17:41:29.432 | INFO     | trainer_1:_train_one_epoch:209 - test 2 cost time 12.40s, result: {'hit@1': 0.0326, 'ndcg@1': 0.0326, 'hit@5': 0.0908, 'ndcg@5': 0.0629, 'hit@10': 0.1225, 'ndcg@10': 0.0732, 'hit@15': 0.1436, 'ndcg@15': 0.0788, 'hit@20': 0.1588, 'ndcg@20': 0.0824, 'hit@40': 0.2011, 'ndcg@40': 0.091} 
2024-10-15 17:41:53.419 | INFO     | trainer_1:_train_one_epoch:193 - epoch 3 16.21s Train loss is [0.4050] 
2024-10-15 17:42:06.019 | INFO     | trainer_1:_train_one_epoch:201 - validate 3 cost time 12.60s, result: {'hit@1': 0.0433, 'ndcg@1': 0.0433, 'hit@5': 0.1194, 'ndcg@5': 0.0825, 'hit@10': 0.1585, 'ndcg@10': 0.0952, 'hit@15': 0.1833, 'ndcg@15': 0.1017, 'hit@20': 0.2021, 'ndcg@20': 0.1062, 'hit@40': 0.2499, 'ndcg@40': 0.116} 
2024-10-15 17:42:18.458 | INFO     | trainer_1:_train_one_epoch:209 - test 3 cost time 12.44s, result: {'hit@1': 0.0369, 'ndcg@1': 0.0369, 'hit@5': 0.1029, 'ndcg@5': 0.0712, 'hit@10': 0.1356, 'ndcg@10': 0.0817, 'hit@15': 0.1559, 'ndcg@15': 0.0871, 'hit@20': 0.1722, 'ndcg@20': 0.0909, 'hit@40': 0.2143, 'ndcg@40': 0.0995} 
2024-10-15 17:42:42.155 | INFO     | trainer_1:_train_one_epoch:193 - epoch 4 16.17s Train loss is [0.3763] 
2024-10-15 17:42:54.616 | INFO     | trainer_1:_train_one_epoch:201 - validate 4 cost time 12.46s, result: {'hit@1': 0.0448, 'ndcg@1': 0.0448, 'hit@5': 0.1242, 'ndcg@5': 0.086, 'hit@10': 0.1664, 'ndcg@10': 0.0996, 'hit@15': 0.1919, 'ndcg@15': 0.1064, 'hit@20': 0.211, 'ndcg@20': 0.1109, 'hit@40': 0.2611, 'ndcg@40': 0.1211} 
2024-10-15 17:43:06.922 | INFO     | trainer_1:_train_one_epoch:209 - test 4 cost time 12.31s, result: {'hit@1': 0.0396, 'ndcg@1': 0.0396, 'hit@5': 0.1055, 'ndcg@5': 0.074, 'hit@10': 0.1422, 'ndcg@10': 0.0859, 'hit@15': 0.1644, 'ndcg@15': 0.0918, 'hit@20': 0.1812, 'ndcg@20': 0.0957, 'hit@40': 0.2258, 'ndcg@40': 0.1048} 
2024-10-15 17:43:30.638 | INFO     | trainer_1:_train_one_epoch:193 - epoch 5 16.46s Train loss is [0.3516] 
2024-10-15 17:43:45.573 | INFO     | trainer_1:_train_one_epoch:201 - validate 5 cost time 14.93s, result: {'hit@1': 0.0468, 'ndcg@1': 0.0468, 'hit@5': 0.1279, 'ndcg@5': 0.0888, 'hit@10': 0.1696, 'ndcg@10': 0.1023, 'hit@15': 0.1963, 'ndcg@15': 0.1094, 'hit@20': 0.2163, 'ndcg@20': 0.1141, 'hit@40': 0.2669, 'ndcg@40': 0.1245} 
2024-10-15 17:44:00.309 | INFO     | trainer_1:_train_one_epoch:209 - test 5 cost time 14.74s, result: {'hit@1': 0.0394, 'ndcg@1': 0.0394, 'hit@5': 0.1079, 'ndcg@5': 0.075, 'hit@10': 0.1434, 'ndcg@10': 0.0864, 'hit@15': 0.1676, 'ndcg@15': 0.0928, 'hit@20': 0.1844, 'ndcg@20': 0.0968, 'hit@40': 0.2294, 'ndcg@40': 0.106} 
2024-10-15 17:44:24.111 | INFO     | trainer_1:_train_one_epoch:193 - epoch 6 16.54s Train loss is [0.3403] 
2024-10-15 17:44:36.608 | INFO     | trainer_1:_train_one_epoch:201 - validate 6 cost time 12.50s, result: {'hit@1': 0.0478, 'ndcg@1': 0.0478, 'hit@5': 0.1296, 'ndcg@5': 0.0901, 'hit@10': 0.1729, 'ndcg@10': 0.1041, 'hit@15': 0.1998, 'ndcg@15': 0.1112, 'hit@20': 0.2192, 'ndcg@20': 0.1158, 'hit@40': 0.2702, 'ndcg@40': 0.1262} 
2024-10-15 17:44:48.932 | INFO     | trainer_1:_train_one_epoch:209 - test 6 cost time 12.32s, result: {'hit@1': 0.0398, 'ndcg@1': 0.0398, 'hit@5': 0.1112, 'ndcg@5': 0.0768, 'hit@10': 0.1473, 'ndcg@10': 0.0884, 'hit@15': 0.1709, 'ndcg@15': 0.0947, 'hit@20': 0.1867, 'ndcg@20': 0.0984, 'hit@40': 0.2334, 'ndcg@40': 0.108} 
2024-10-15 17:45:13.277 | INFO     | trainer_1:_train_one_epoch:193 - epoch 7 16.56s Train loss is [0.3352] 
2024-10-15 17:45:28.210 | INFO     | trainer_1:_train_one_epoch:201 - validate 7 cost time 14.93s, result: {'hit@1': 0.0486, 'ndcg@1': 0.0486, 'hit@5': 0.1311, 'ndcg@5': 0.0913, 'hit@10': 0.1741, 'ndcg@10': 0.1052, 'hit@15': 0.2016, 'ndcg@15': 0.1125, 'hit@20': 0.2222, 'ndcg@20': 0.1173, 'hit@40': 0.2734, 'ndcg@40': 0.1278} 
2024-10-15 17:45:42.993 | INFO     | trainer_1:_train_one_epoch:209 - test 7 cost time 14.78s, result: {'hit@1': 0.0395, 'ndcg@1': 0.0395, 'hit@5': 0.1121, 'ndcg@5': 0.0771, 'hit@10': 0.1486, 'ndcg@10': 0.0889, 'hit@15': 0.1724, 'ndcg@15': 0.0952, 'hit@20': 0.1902, 'ndcg@20': 0.0994, 'hit@40': 0.2352, 'ndcg@40': 0.1086} 
2024-10-15 17:46:07.056 | INFO     | trainer_1:_train_one_epoch:193 - epoch 8 16.71s Train loss is [0.3265] 
2024-10-15 17:46:19.541 | INFO     | trainer_1:_train_one_epoch:201 - validate 8 cost time 12.48s, result: {'hit@1': 0.0497, 'ndcg@1': 0.0497, 'hit@5': 0.1332, 'ndcg@5': 0.0928, 'hit@10': 0.1762, 'ndcg@10': 0.1067, 'hit@15': 0.2031, 'ndcg@15': 0.1138, 'hit@20': 0.2231, 'ndcg@20': 0.1186, 'hit@40': 0.2755, 'ndcg@40': 0.1293} 
2024-10-15 17:46:31.819 | INFO     | trainer_1:_train_one_epoch:209 - test 8 cost time 12.28s, result: {'hit@1': 0.0399, 'ndcg@1': 0.0399, 'hit@5': 0.1137, 'ndcg@5': 0.0782, 'hit@10': 0.1518, 'ndcg@10': 0.0905, 'hit@15': 0.1746, 'ndcg@15': 0.0965, 'hit@20': 0.1928, 'ndcg@20': 0.1008, 'hit@40': 0.2385, 'ndcg@40': 0.1102} 
2024-10-15 17:46:55.820 | INFO     | trainer_1:_train_one_epoch:193 - epoch 9 16.78s Train loss is [0.3187] 
2024-10-15 17:47:11.220 | INFO     | trainer_1:_train_one_epoch:201 - validate 9 cost time 15.40s, result: {'hit@1': 0.049, 'ndcg@1': 0.049, 'hit@5': 0.1345, 'ndcg@5': 0.0933, 'hit@10': 0.1772, 'ndcg@10': 0.1071, 'hit@15': 0.2043, 'ndcg@15': 0.1143, 'hit@20': 0.2238, 'ndcg@20': 0.1189, 'hit@40': 0.2756, 'ndcg@40': 0.1295} 
2024-10-15 17:47:25.961 | INFO     | trainer_1:_train_one_epoch:209 - test 9 cost time 14.74s, result: {'hit@1': 0.0392, 'ndcg@1': 0.0392, 'hit@5': 0.1151, 'ndcg@5': 0.0785, 'hit@10': 0.1536, 'ndcg@10': 0.0909, 'hit@15': 0.1773, 'ndcg@15': 0.0972, 'hit@20': 0.1943, 'ndcg@20': 0.1012, 'hit@40': 0.2424, 'ndcg@40': 0.111} 
2024-10-15 17:47:50.160 | INFO     | trainer_1:_train_one_epoch:193 - epoch 10 16.96s Train loss is [0.3135] 
2024-10-15 17:48:05.040 | INFO     | trainer_1:_train_one_epoch:201 - validate 10 cost time 14.88s, result: {'hit@1': 0.0483, 'ndcg@1': 0.0483, 'hit@5': 0.1343, 'ndcg@5': 0.0928, 'hit@10': 0.177, 'ndcg@10': 0.1066, 'hit@15': 0.2035, 'ndcg@15': 0.1136, 'hit@20': 0.2243, 'ndcg@20': 0.1185, 'hit@40': 0.2784, 'ndcg@40': 0.1296} 
2024-10-15 17:48:19.721 | INFO     | trainer_1:_train_one_epoch:209 - test 10 cost time 14.68s, result: {'hit@1': 0.039, 'ndcg@1': 0.039, 'hit@5': 0.1144, 'ndcg@5': 0.0782, 'hit@10': 0.1536, 'ndcg@10': 0.0908, 'hit@15': 0.1778, 'ndcg@15': 0.0972, 'hit@20': 0.1965, 'ndcg@20': 0.1016, 'hit@40': 0.2445, 'ndcg@40': 0.1114} 
2024-10-15 17:48:36.693 | INFO     | trainer_1:_train_one_epoch:193 - epoch 11 16.97s Train loss is [0.3002] 
2024-10-15 17:48:49.191 | INFO     | trainer_1:_train_one_epoch:201 - validate 11 cost time 12.50s, result: {'hit@1': 0.0491, 'ndcg@1': 0.0491, 'hit@5': 0.136, 'ndcg@5': 0.094, 'hit@10': 0.1797, 'ndcg@10': 0.1081, 'hit@15': 0.2069, 'ndcg@15': 0.1153, 'hit@20': 0.2284, 'ndcg@20': 0.1204, 'hit@40': 0.2809, 'ndcg@40': 0.1311} 
2024-10-15 17:49:01.538 | INFO     | trainer_1:_train_one_epoch:209 - test 11 cost time 12.35s, result: {'hit@1': 0.0409, 'ndcg@1': 0.0409, 'hit@5': 0.1169, 'ndcg@5': 0.0803, 'hit@10': 0.1564, 'ndcg@10': 0.093, 'hit@15': 0.1799, 'ndcg@15': 0.0992, 'hit@20': 0.1984, 'ndcg@20': 0.1036, 'hit@40': 0.2469, 'ndcg@40': 0.1135} 
2024-10-15 17:49:25.322 | INFO     | trainer_1:_train_one_epoch:193 - epoch 12 16.40s Train loss is [0.3043] 
2024-10-15 17:49:37.860 | INFO     | trainer_1:_train_one_epoch:201 - validate 12 cost time 12.54s, result: {'hit@1': 0.0492, 'ndcg@1': 0.0492, 'hit@5': 0.1361, 'ndcg@5': 0.0942, 'hit@10': 0.1806, 'ndcg@10': 0.1086, 'hit@15': 0.2074, 'ndcg@15': 0.1157, 'hit@20': 0.2276, 'ndcg@20': 0.1205, 'hit@40': 0.2802, 'ndcg@40': 0.1313} 
2024-10-15 17:49:50.225 | INFO     | trainer_1:_train_one_epoch:209 - test 12 cost time 12.36s, result: {'hit@1': 0.0401, 'ndcg@1': 0.0401, 'hit@5': 0.1165, 'ndcg@5': 0.0796, 'hit@10': 0.1553, 'ndcg@10': 0.0922, 'hit@15': 0.1785, 'ndcg@15': 0.0983, 'hit@20': 0.1973, 'ndcg@20': 0.1027, 'hit@40': 0.2454, 'ndcg@40': 0.1126} 
2024-10-15 17:50:07.097 | INFO     | trainer_1:_train_one_epoch:193 - epoch 13 16.87s Train loss is [0.2964] 
2024-10-15 17:50:22.011 | INFO     | trainer_1:_train_one_epoch:201 - validate 13 cost time 14.91s, result: {'hit@1': 0.0487, 'ndcg@1': 0.0487, 'hit@5': 0.1362, 'ndcg@5': 0.094, 'hit@10': 0.1807, 'ndcg@10': 0.1084, 'hit@15': 0.2084, 'ndcg@15': 0.1158, 'hit@20': 0.2291, 'ndcg@20': 0.1207, 'hit@40': 0.2822, 'ndcg@40': 0.1315} 
2024-10-15 17:50:36.764 | INFO     | trainer_1:_train_one_epoch:209 - test 13 cost time 14.75s, result: {'hit@1': 0.0409, 'ndcg@1': 0.0409, 'hit@5': 0.1169, 'ndcg@5': 0.0802, 'hit@10': 0.1559, 'ndcg@10': 0.0928, 'hit@15': 0.1806, 'ndcg@15': 0.0993, 'hit@20': 0.1981, 'ndcg@20': 0.1034, 'hit@40': 0.2458, 'ndcg@40': 0.1132} 
2024-10-15 17:50:53.354 | INFO     | trainer_1:_train_one_epoch:193 - epoch 14 16.59s Train loss is [0.2975] 
2024-10-15 17:51:05.870 | INFO     | trainer_1:_train_one_epoch:201 - validate 14 cost time 12.52s, result: {'hit@1': 0.0506, 'ndcg@1': 0.0506, 'hit@5': 0.1373, 'ndcg@5': 0.0957, 'hit@10': 0.1821, 'ndcg@10': 0.1102, 'hit@15': 0.2108, 'ndcg@15': 0.1178, 'hit@20': 0.2318, 'ndcg@20': 0.1228, 'hit@40': 0.2869, 'ndcg@40': 0.134} 
2024-10-15 17:51:18.661 | INFO     | trainer_1:_train_one_epoch:209 - test 14 cost time 12.79s, result: {'hit@1': 0.0403, 'ndcg@1': 0.0403, 'hit@5': 0.1182, 'ndcg@5': 0.0805, 'hit@10': 0.1581, 'ndcg@10': 0.0934, 'hit@15': 0.183, 'ndcg@15': 0.1, 'hit@20': 0.2009, 'ndcg@20': 0.1042, 'hit@40': 0.2491, 'ndcg@40': 0.114} 
2024-10-15 17:51:42.335 | INFO     | trainer_1:_train_one_epoch:193 - epoch 15 16.41s Train loss is [0.2913] 
2024-10-15 17:51:54.799 | INFO     | trainer_1:_train_one_epoch:201 - validate 15 cost time 12.46s, result: {'hit@1': 0.0504, 'ndcg@1': 0.0504, 'hit@5': 0.138, 'ndcg@5': 0.0958, 'hit@10': 0.1825, 'ndcg@10': 0.1102, 'hit@15': 0.2111, 'ndcg@15': 0.1178, 'hit@20': 0.2328, 'ndcg@20': 0.1229, 'hit@40': 0.2861, 'ndcg@40': 0.1338} 
2024-10-15 17:52:07.096 | INFO     | trainer_1:_train_one_epoch:209 - test 15 cost time 12.30s, result: {'hit@1': 0.0403, 'ndcg@1': 0.0403, 'hit@5': 0.1183, 'ndcg@5': 0.0806, 'hit@10': 0.1583, 'ndcg@10': 0.0935, 'hit@15': 0.1828, 'ndcg@15': 0.0999, 'hit@20': 0.2028, 'ndcg@20': 0.1047, 'hit@40': 0.2496, 'ndcg@40': 0.1142} 
2024-10-15 17:52:30.663 | INFO     | trainer_1:_train_one_epoch:193 - epoch 16 16.29s Train loss is [0.2854] 
2024-10-15 17:52:43.211 | INFO     | trainer_1:_train_one_epoch:201 - validate 16 cost time 12.55s, result: {'hit@1': 0.0508, 'ndcg@1': 0.0508, 'hit@5': 0.1385, 'ndcg@5': 0.0961, 'hit@10': 0.1825, 'ndcg@10': 0.1103, 'hit@15': 0.2117, 'ndcg@15': 0.118, 'hit@20': 0.2324, 'ndcg@20': 0.1229, 'hit@40': 0.2873, 'ndcg@40': 0.1342} 
2024-10-15 17:52:55.590 | INFO     | trainer_1:_train_one_epoch:209 - test 16 cost time 12.38s, result: {'hit@1': 0.0407, 'ndcg@1': 0.0407, 'hit@5': 0.1182, 'ndcg@5': 0.0807, 'hit@10': 0.158, 'ndcg@10': 0.0935, 'hit@15': 0.1825, 'ndcg@15': 0.1, 'hit@20': 0.2019, 'ndcg@20': 0.1046, 'hit@40': 0.2514, 'ndcg@40': 0.1147} 
2024-10-15 17:53:12.047 | INFO     | trainer_1:_train_one_epoch:193 - epoch 17 16.46s Train loss is [0.2821] 
2024-10-15 17:53:26.956 | INFO     | trainer_1:_train_one_epoch:201 - validate 17 cost time 14.91s, result: {'hit@1': 0.0502, 'ndcg@1': 0.0502, 'hit@5': 0.1394, 'ndcg@5': 0.0964, 'hit@10': 0.1843, 'ndcg@10': 0.1109, 'hit@15': 0.2129, 'ndcg@15': 0.1185, 'hit@20': 0.2347, 'ndcg@20': 0.1236, 'hit@40': 0.2893, 'ndcg@40': 0.1348} 
2024-10-15 17:53:40.199 | INFO     | trainer_1:_train_one_epoch:209 - test 17 cost time 13.24s, result: {'hit@1': 0.041, 'ndcg@1': 0.041, 'hit@5': 0.1196, 'ndcg@5': 0.0816, 'hit@10': 0.1599, 'ndcg@10': 0.0947, 'hit@15': 0.1865, 'ndcg@15': 0.1017, 'hit@20': 0.2039, 'ndcg@20': 0.1058, 'hit@40': 0.2529, 'ndcg@40': 0.1158} 
2024-10-15 17:54:04.445 | INFO     | trainer_1:_train_one_epoch:193 - epoch 18 16.39s Train loss is [0.2837] 
2024-10-15 17:54:17.008 | INFO     | trainer_1:_train_one_epoch:201 - validate 18 cost time 12.56s, result: {'hit@1': 0.0497, 'ndcg@1': 0.0497, 'hit@5': 0.1402, 'ndcg@5': 0.0966, 'hit@10': 0.1857, 'ndcg@10': 0.1113, 'hit@15': 0.2137, 'ndcg@15': 0.1187, 'hit@20': 0.2351, 'ndcg@20': 0.1238, 'hit@40': 0.2904, 'ndcg@40': 0.1351} 
2024-10-15 17:54:29.432 | INFO     | trainer_1:_train_one_epoch:209 - test 18 cost time 12.42s, result: {'hit@1': 0.0409, 'ndcg@1': 0.0409, 'hit@5': 0.1204, 'ndcg@5': 0.082, 'hit@10': 0.1613, 'ndcg@10': 0.0952, 'hit@15': 0.1865, 'ndcg@15': 0.1019, 'hit@20': 0.2043, 'ndcg@20': 0.1061, 'hit@40': 0.2547, 'ndcg@40': 0.1164} 
2024-10-15 17:54:54.248 | INFO     | trainer_1:_train_one_epoch:193 - epoch 19 17.51s Train loss is [0.2818] 
2024-10-15 17:55:06.746 | INFO     | trainer_1:_train_one_epoch:201 - validate 19 cost time 12.50s, result: {'hit@1': 0.0502, 'ndcg@1': 0.0502, 'hit@5': 0.1399, 'ndcg@5': 0.0968, 'hit@10': 0.1859, 'ndcg@10': 0.1117, 'hit@15': 0.2149, 'ndcg@15': 0.1194, 'hit@20': 0.2363, 'ndcg@20': 0.1244, 'hit@40': 0.2907, 'ndcg@40': 0.1355} 
2024-10-15 17:55:19.095 | INFO     | trainer_1:_train_one_epoch:209 - test 19 cost time 12.35s, result: {'hit@1': 0.0418, 'ndcg@1': 0.0418, 'hit@5': 0.1211, 'ndcg@5': 0.0828, 'hit@10': 0.1625, 'ndcg@10': 0.0962, 'hit@15': 0.1876, 'ndcg@15': 0.1029, 'hit@20': 0.2061, 'ndcg@20': 0.1072, 'hit@40': 0.2552, 'ndcg@40': 0.1173} 
2024-10-15 17:55:44.374 | INFO     | trainer_1:_train_one_epoch:193 - epoch 20 17.34s Train loss is [0.2774] 
2024-10-15 17:55:59.209 | INFO     | trainer_1:_train_one_epoch:201 - validate 20 cost time 14.84s, result: {'hit@1': 0.0512, 'ndcg@1': 0.0512, 'hit@5': 0.1415, 'ndcg@5': 0.098, 'hit@10': 0.1877, 'ndcg@10': 0.1129, 'hit@15': 0.2172, 'ndcg@15': 0.1207, 'hit@20': 0.2376, 'ndcg@20': 0.1256, 'hit@40': 0.2929, 'ndcg@40': 0.1369} 
2024-10-15 17:56:13.904 | INFO     | trainer_1:_train_one_epoch:209 - test 20 cost time 14.69s, result: {'hit@1': 0.0429, 'ndcg@1': 0.0429, 'hit@5': 0.1217, 'ndcg@5': 0.0839, 'hit@10': 0.1634, 'ndcg@10': 0.0974, 'hit@15': 0.1889, 'ndcg@15': 0.1041, 'hit@20': 0.2083, 'ndcg@20': 0.1087, 'hit@40': 0.2596, 'ndcg@40': 0.1192} 
2024-10-15 17:56:39.326 | INFO     | trainer_1:_train_one_epoch:193 - epoch 21 17.87s Train loss is [0.2773] 
2024-10-15 17:56:54.381 | INFO     | trainer_1:_train_one_epoch:201 - validate 21 cost time 15.05s, result: {'hit@1': 0.0501, 'ndcg@1': 0.0501, 'hit@5': 0.1415, 'ndcg@5': 0.0973, 'hit@10': 0.1871, 'ndcg@10': 0.112, 'hit@15': 0.2149, 'ndcg@15': 0.1194, 'hit@20': 0.237, 'ndcg@20': 0.1246, 'hit@40': 0.2907, 'ndcg@40': 0.1356} 
2024-10-15 17:57:09.358 | INFO     | trainer_1:_train_one_epoch:209 - test 21 cost time 14.98s, result: {'hit@1': 0.0419, 'ndcg@1': 0.0419, 'hit@5': 0.1211, 'ndcg@5': 0.0828, 'hit@10': 0.1611, 'ndcg@10': 0.0957, 'hit@15': 0.1882, 'ndcg@15': 0.1029, 'hit@20': 0.2076, 'ndcg@20': 0.1075, 'hit@40': 0.2565, 'ndcg@40': 0.1175} 
2024-10-15 17:57:26.623 | INFO     | trainer_1:_train_one_epoch:193 - epoch 22 17.26s Train loss is [0.2711] 
2024-10-15 17:57:39.864 | INFO     | trainer_1:_train_one_epoch:201 - validate 22 cost time 13.24s, result: {'hit@1': 0.0511, 'ndcg@1': 0.0511, 'hit@5': 0.1427, 'ndcg@5': 0.0985, 'hit@10': 0.1894, 'ndcg@10': 0.1136, 'hit@15': 0.2176, 'ndcg@15': 0.121, 'hit@20': 0.2389, 'ndcg@20': 0.1261, 'hit@40': 0.2942, 'ndcg@40': 0.1374} 
2024-10-15 17:57:52.369 | INFO     | trainer_1:_train_one_epoch:209 - test 22 cost time 12.50s, result: {'hit@1': 0.0422, 'ndcg@1': 0.0422, 'hit@5': 0.1236, 'ndcg@5': 0.0842, 'hit@10': 0.1637, 'ndcg@10': 0.0972, 'hit@15': 0.1904, 'ndcg@15': 0.1042, 'hit@20': 0.2097, 'ndcg@20': 0.1088, 'hit@40': 0.2579, 'ndcg@40': 0.1186} 
2024-10-15 17:58:22.816 | INFO     | trainer_1:_train_one_epoch:193 - epoch 23 21.36s Train loss is [0.2677] 
2024-10-15 17:58:36.083 | INFO     | trainer_1:_train_one_epoch:201 - validate 23 cost time 13.27s, result: {'hit@1': 0.052, 'ndcg@1': 0.052, 'hit@5': 0.1423, 'ndcg@5': 0.0987, 'hit@10': 0.1891, 'ndcg@10': 0.1138, 'hit@15': 0.2168, 'ndcg@15': 0.1212, 'hit@20': 0.2385, 'ndcg@20': 0.1263, 'hit@40': 0.2922, 'ndcg@40': 0.1373} 
2024-10-15 17:58:48.703 | INFO     | trainer_1:_train_one_epoch:209 - test 23 cost time 12.62s, result: {'hit@1': 0.0413, 'ndcg@1': 0.0413, 'hit@5': 0.1225, 'ndcg@5': 0.0833, 'hit@10': 0.1637, 'ndcg@10': 0.0967, 'hit@15': 0.1897, 'ndcg@15': 0.1036, 'hit@20': 0.2088, 'ndcg@20': 0.1081, 'hit@40': 0.2589, 'ndcg@40': 0.1183} 
2024-10-15 17:59:05.967 | INFO     | trainer_1:_train_one_epoch:193 - epoch 24 17.26s Train loss is [0.2720] 
2024-10-15 17:59:18.860 | INFO     | trainer_1:_train_one_epoch:201 - validate 24 cost time 12.89s, result: {'hit@1': 0.0512, 'ndcg@1': 0.0512, 'hit@5': 0.1425, 'ndcg@5': 0.0985, 'hit@10': 0.1904, 'ndcg@10': 0.114, 'hit@15': 0.2186, 'ndcg@15': 0.1215, 'hit@20': 0.2403, 'ndcg@20': 0.1266, 'hit@40': 0.295, 'ndcg@40': 0.1378} 
2024-10-15 17:59:31.507 | INFO     | trainer_1:_train_one_epoch:209 - test 24 cost time 12.64s, result: {'hit@1': 0.0421, 'ndcg@1': 0.0421, 'hit@5': 0.1238, 'ndcg@5': 0.0844, 'hit@10': 0.1657, 'ndcg@10': 0.098, 'hit@15': 0.1907, 'ndcg@15': 0.1046, 'hit@20': 0.2104, 'ndcg@20': 0.1092, 'hit@40': 0.259, 'ndcg@40': 0.1192} 
2024-10-15 18:00:01.861 | INFO     | trainer_1:_train_one_epoch:193 - epoch 25 21.69s Train loss is [0.2677] 
2024-10-15 18:00:15.700 | INFO     | trainer_1:_train_one_epoch:201 - validate 25 cost time 13.84s, result: {'hit@1': 0.0511, 'ndcg@1': 0.0511, 'hit@5': 0.1424, 'ndcg@5': 0.0984, 'hit@10': 0.1904, 'ndcg@10': 0.1139, 'hit@15': 0.2187, 'ndcg@15': 0.1214, 'hit@20': 0.2403, 'ndcg@20': 0.1265, 'hit@40': 0.295, 'ndcg@40': 0.1377} 
2024-10-15 18:00:32.276 | INFO     | trainer_1:_train_one_epoch:209 - test 25 cost time 16.58s, result: {'hit@1': 0.0427, 'ndcg@1': 0.0427, 'hit@5': 0.1221, 'ndcg@5': 0.0839, 'hit@10': 0.1636, 'ndcg@10': 0.0973, 'hit@15': 0.19, 'ndcg@15': 0.1043, 'hit@20': 0.2098, 'ndcg@20': 0.109, 'hit@40': 0.26, 'ndcg@40': 0.1193} 
2024-10-15 18:00:50.072 | INFO     | trainer_1:_train_one_epoch:193 - epoch 26 17.79s Train loss is [0.2629] 
2024-10-15 18:01:03.599 | INFO     | trainer_1:_train_one_epoch:201 - validate 26 cost time 13.53s, result: {'hit@1': 0.0511, 'ndcg@1': 0.0511, 'hit@5': 0.1436, 'ndcg@5': 0.0989, 'hit@10': 0.1908, 'ndcg@10': 0.1141, 'hit@15': 0.2192, 'ndcg@15': 0.1216, 'hit@20': 0.2409, 'ndcg@20': 0.1268, 'hit@40': 0.2956, 'ndcg@40': 0.1379} 
2024-10-15 18:01:18.543 | INFO     | trainer_1:_train_one_epoch:209 - test 26 cost time 14.94s, result: {'hit@1': 0.0421, 'ndcg@1': 0.0421, 'hit@5': 0.1232, 'ndcg@5': 0.0841, 'hit@10': 0.1649, 'ndcg@10': 0.0976, 'hit@15': 0.1905, 'ndcg@15': 0.1044, 'hit@20': 0.2096, 'ndcg@20': 0.1089, 'hit@40': 0.2605, 'ndcg@40': 0.1193} 
2024-10-15 18:01:43.892 | INFO     | trainer_1:_train_one_epoch:193 - epoch 27 25.35s Train loss is [0.2639] 
2024-10-15 18:01:56.987 | INFO     | trainer_1:_train_one_epoch:201 - validate 27 cost time 13.09s, result: {'hit@1': 0.051, 'ndcg@1': 0.051, 'hit@5': 0.143, 'ndcg@5': 0.0987, 'hit@10': 0.1903, 'ndcg@10': 0.114, 'hit@15': 0.2182, 'ndcg@15': 0.1214, 'hit@20': 0.2392, 'ndcg@20': 0.1264, 'hit@40': 0.2948, 'ndcg@40': 0.1377} 
2024-10-15 18:02:09.663 | INFO     | trainer_1:_train_one_epoch:209 - test 27 cost time 12.67s, result: {'hit@1': 0.0423, 'ndcg@1': 0.0423, 'hit@5': 0.1242, 'ndcg@5': 0.0847, 'hit@10': 0.165, 'ndcg@10': 0.0979, 'hit@15': 0.1911, 'ndcg@15': 0.1048, 'hit@20': 0.2103, 'ndcg@20': 0.1093, 'hit@40': 0.2606, 'ndcg@40': 0.1196} 
2024-10-15 18:02:27.673 | INFO     | trainer_1:_train_one_epoch:193 - epoch 28 18.01s Train loss is [0.2662] 
2024-10-15 18:02:43.276 | INFO     | trainer_1:_train_one_epoch:201 - validate 28 cost time 15.60s, result: {'hit@1': 0.0503, 'ndcg@1': 0.0503, 'hit@5': 0.1419, 'ndcg@5': 0.0976, 'hit@10': 0.1882, 'ndcg@10': 0.1125, 'hit@15': 0.2179, 'ndcg@15': 0.1204, 'hit@20': 0.2386, 'ndcg@20': 0.1253, 'hit@40': 0.2928, 'ndcg@40': 0.1364} 
2024-10-15 18:02:56.987 | INFO     | trainer_1:_train_one_epoch:209 - test 28 cost time 13.71s, result: {'hit@1': 0.0417, 'ndcg@1': 0.0417, 'hit@5': 0.1219, 'ndcg@5': 0.0832, 'hit@10': 0.164, 'ndcg@10': 0.0968, 'hit@15': 0.1894, 'ndcg@15': 0.1035, 'hit@20': 0.2089, 'ndcg@20': 0.1081, 'hit@40': 0.259, 'ndcg@40': 0.1183} 
2024-10-15 18:03:14.845 | INFO     | trainer_1:_train_one_epoch:193 - epoch 29 17.86s Train loss is [0.2575] 
2024-10-15 18:03:27.607 | INFO     | trainer_1:_train_one_epoch:201 - validate 29 cost time 12.76s, result: {'hit@1': 0.0501, 'ndcg@1': 0.0501, 'hit@5': 0.1434, 'ndcg@5': 0.0984, 'hit@10': 0.1902, 'ndcg@10': 0.1135, 'hit@15': 0.2191, 'ndcg@15': 0.1212, 'hit@20': 0.2417, 'ndcg@20': 0.1265, 'hit@40': 0.2966, 'ndcg@40': 0.1377} 
2024-10-15 18:03:40.025 | INFO     | trainer_1:_train_one_epoch:209 - test 29 cost time 12.42s, result: {'hit@1': 0.0424, 'ndcg@1': 0.0424, 'hit@5': 0.1223, 'ndcg@5': 0.0837, 'hit@10': 0.1646, 'ndcg@10': 0.0974, 'hit@15': 0.1909, 'ndcg@15': 0.1044, 'hit@20': 0.2102, 'ndcg@20': 0.1089, 'hit@40': 0.2615, 'ndcg@40': 0.1194} 
2024-10-15 18:03:56.643 | INFO     | trainer_1:_train_one_epoch:193 - epoch 30 16.62s Train loss is [0.2572] 
2024-10-15 18:04:09.341 | INFO     | trainer_1:_train_one_epoch:201 - validate 30 cost time 12.70s, result: {'hit@1': 0.0505, 'ndcg@1': 0.0505, 'hit@5': 0.144, 'ndcg@5': 0.0989, 'hit@10': 0.1903, 'ndcg@10': 0.1139, 'hit@15': 0.219, 'ndcg@15': 0.1214, 'hit@20': 0.2409, 'ndcg@20': 0.1266, 'hit@40': 0.2969, 'ndcg@40': 0.1381} 
2024-10-15 18:04:21.781 | INFO     | trainer_1:_train_one_epoch:209 - test 30 cost time 12.44s, result: {'hit@1': 0.042, 'ndcg@1': 0.042, 'hit@5': 0.1234, 'ndcg@5': 0.084, 'hit@10': 0.1646, 'ndcg@10': 0.0974, 'hit@15': 0.1906, 'ndcg@15': 0.1042, 'hit@20': 0.2097, 'ndcg@20': 0.1087, 'hit@40': 0.261, 'ndcg@40': 0.1192} 
2024-10-15 18:04:38.809 | INFO     | trainer_1:_train_one_epoch:193 - epoch 31 17.03s Train loss is [0.2544] 
2024-10-15 18:04:53.917 | INFO     | trainer_1:_train_one_epoch:201 - validate 31 cost time 15.11s, result: {'hit@1': 0.0509, 'ndcg@1': 0.0509, 'hit@5': 0.1442, 'ndcg@5': 0.0992, 'hit@10': 0.1908, 'ndcg@10': 0.1142, 'hit@15': 0.2185, 'ndcg@15': 0.1216, 'hit@20': 0.2406, 'ndcg@20': 0.1268, 'hit@40': 0.2968, 'ndcg@40': 0.1383} 
2024-10-15 18:05:08.637 | INFO     | trainer_1:_train_one_epoch:209 - test 31 cost time 14.72s, result: {'hit@1': 0.0417, 'ndcg@1': 0.0417, 'hit@5': 0.1224, 'ndcg@5': 0.0834, 'hit@10': 0.1646, 'ndcg@10': 0.097, 'hit@15': 0.1908, 'ndcg@15': 0.1039, 'hit@20': 0.2103, 'ndcg@20': 0.1085, 'hit@40': 0.261, 'ndcg@40': 0.1189} 
2024-10-15 18:05:08.669 | INFO     | trainer_1:train_model:163 - training end, best iteration 26, results: {'hit@1': 0.0512, 'ndcg@1': 0.0512, 'hit@5': 0.1425, 'ndcg@5': 0.0985, 'hit@10': 0.1904, 'ndcg@10': 0.114, 'hit@15': 0.2186, 'ndcg@15': 0.1215, 'hit@20': 0.2403, 'ndcg@20': 0.1266, 'hit@40': 0.295, 'ndcg@40': 0.1378}
2024-10-15 18:05:08.669 | INFO     | trainer_1:train_model:166 - final test result is:  {'hit@1': 0.0421, 'ndcg@1': 0.0421, 'hit@5': 0.1238, 'ndcg@5': 0.0844, 'hit@10': 0.1657, 'ndcg@10': 0.098, 'hit@15': 0.1907, 'ndcg@15': 0.1046, 'hit@20': 0.2104, 'ndcg@20': 0.1092, 'hit@40': 0.259, 'ndcg@40': 0.1192}
2024-10-15 18:05:09.065 | INFO     | __main__:<module>:119 - train end total cost time: 2311.827958345413
