2024-10-15 18:05:51.148 | INFO     | __main__:<module>:105 - Namespace(TIME='2024-10-15 18_05_11', batch_size=1024, behaviors=['view', 'cart', 'buy'], check_point='model_pre_1_2024-10-15 14_50_31.pth', data_name='taobao', data_path='./data/taobao', decay=0.001, device='cuda:0', dim_qk=32, dim_v=64, distill_layers=4, distill_thres=0.5, distill_topK=60, distill_userK=8, embedding_size=64, epochs=100, gpu_no=1, if_load_model=True, ii_lambda=200, initializer_range=0.02, layers=2, loss_type='bpr', lr=0.001, message_dropout=0.25, metrics=['hit', 'ndcg'], min_epoch=5, model_name='main_1_zz', model_path='./check_point', node_dropout=0.75, omega=1, pt_loop=50, reg_weight=0.001, test_batch_size=1024, testbatch=1024, topk=[1, 5, 10, 15, 20, 40], uu_lambda=100)
2024-10-15 18:05:51.148 | INFO     | __main__:<module>:106 - BIPN(
  (message_dropout): Dropout(p=0.25, inplace=False)
  (user_embedding): Embedding(48750, 64, padding_idx=0)
  (item_embedding): Embedding(39494, 64, padding_idx=0)
  (global_Graph): LightGCN()
  (Graph_encoder): ModuleDict(
    (view): GraphEncoder(
      (light): LightGCN()
      (dropout): Dropout(p=0.75, inplace=False)
    )
    (cart): GraphEncoder(
      (light): LightGCN()
      (dropout): Dropout(p=0.75, inplace=False)
    )
    (buy): GraphEncoder(
      (light): LightGCN()
      (dropout): Dropout(p=0.75, inplace=False)
    )
  )
  (attention): Mutual_Attention()
  (bpr_loss): BPRLoss()
  (emb_loss): EmbLoss()
  (f): Sigmoid()
)
2024-10-15 18:12:51.127 | INFO     | trainer_1:_train_one_epoch:193 - epoch 1 16.80s Train loss is [0.7593] 
2024-10-15 18:13:03.547 | INFO     | trainer_1:_train_one_epoch:201 - validate 1 cost time 12.42s, result: {'hit@1': 0.0346, 'ndcg@1': 0.0346, 'hit@5': 0.09, 'ndcg@5': 0.0632, 'hit@10': 0.1238, 'ndcg@10': 0.0741, 'hit@15': 0.1465, 'ndcg@15': 0.0801, 'hit@20': 0.1634, 'ndcg@20': 0.0841, 'hit@40': 0.2075, 'ndcg@40': 0.0931} 
2024-10-15 18:13:15.778 | INFO     | trainer_1:_train_one_epoch:209 - test 1 cost time 12.23s, result: {'hit@1': 0.0264, 'ndcg@1': 0.0264, 'hit@5': 0.0728, 'ndcg@5': 0.0503, 'hit@10': 0.1001, 'ndcg@10': 0.0591, 'hit@15': 0.1183, 'ndcg@15': 0.0639, 'hit@20': 0.1324, 'ndcg@20': 0.0672, 'hit@40': 0.1715, 'ndcg@40': 0.0752} 
2024-10-15 18:13:40.052 | INFO     | trainer_1:_train_one_epoch:193 - epoch 2 16.87s Train loss is [0.4752] 
2024-10-15 18:13:52.454 | INFO     | trainer_1:_train_one_epoch:201 - validate 2 cost time 12.40s, result: {'hit@1': 0.039, 'ndcg@1': 0.039, 'hit@5': 0.105, 'ndcg@5': 0.0731, 'hit@10': 0.1435, 'ndcg@10': 0.0856, 'hit@15': 0.168, 'ndcg@15': 0.092, 'hit@20': 0.1856, 'ndcg@20': 0.0962, 'hit@40': 0.2333, 'ndcg@40': 0.106} 
2024-10-15 18:14:04.698 | INFO     | trainer_1:_train_one_epoch:209 - test 2 cost time 12.24s, result: {'hit@1': 0.0311, 'ndcg@1': 0.0311, 'hit@5': 0.088, 'ndcg@5': 0.0606, 'hit@10': 0.1184, 'ndcg@10': 0.0704, 'hit@15': 0.1393, 'ndcg@15': 0.0759, 'hit@20': 0.155, 'ndcg@20': 0.0796, 'hit@40': 0.1973, 'ndcg@40': 0.0883} 
2024-10-15 18:14:29.065 | INFO     | trainer_1:_train_one_epoch:193 - epoch 3 16.65s Train loss is [0.4230] 
2024-10-15 18:14:41.502 | INFO     | trainer_1:_train_one_epoch:201 - validate 3 cost time 12.44s, result: {'hit@1': 0.0421, 'ndcg@1': 0.0421, 'hit@5': 0.1157, 'ndcg@5': 0.0802, 'hit@10': 0.1548, 'ndcg@10': 0.0929, 'hit@15': 0.1792, 'ndcg@15': 0.0994, 'hit@20': 0.1978, 'ndcg@20': 0.1038, 'hit@40': 0.2476, 'ndcg@40': 0.114} 
2024-10-15 18:14:53.732 | INFO     | trainer_1:_train_one_epoch:209 - test 3 cost time 12.23s, result: {'hit@1': 0.036, 'ndcg@1': 0.036, 'hit@5': 0.0976, 'ndcg@5': 0.0679, 'hit@10': 0.1303, 'ndcg@10': 0.0785, 'hit@15': 0.1525, 'ndcg@15': 0.0843, 'hit@20': 0.1679, 'ndcg@20': 0.088, 'hit@40': 0.2107, 'ndcg@40': 0.0967} 
2024-10-15 18:15:18.008 | INFO     | trainer_1:_train_one_epoch:193 - epoch 4 16.84s Train loss is [0.3869] 
2024-10-15 18:15:30.338 | INFO     | trainer_1:_train_one_epoch:201 - validate 4 cost time 12.33s, result: {'hit@1': 0.0453, 'ndcg@1': 0.0453, 'hit@5': 0.1203, 'ndcg@5': 0.0842, 'hit@10': 0.1621, 'ndcg@10': 0.0977, 'hit@15': 0.1883, 'ndcg@15': 0.1046, 'hit@20': 0.2081, 'ndcg@20': 0.1093, 'hit@40': 0.2578, 'ndcg@40': 0.1195} 
2024-10-15 18:15:42.508 | INFO     | trainer_1:_train_one_epoch:209 - test 4 cost time 12.17s, result: {'hit@1': 0.0366, 'ndcg@1': 0.0366, 'hit@5': 0.1022, 'ndcg@5': 0.0707, 'hit@10': 0.1365, 'ndcg@10': 0.0818, 'hit@15': 0.1595, 'ndcg@15': 0.0879, 'hit@20': 0.1756, 'ndcg@20': 0.0917, 'hit@40': 0.2198, 'ndcg@40': 0.1007} 
2024-10-15 18:16:06.667 | INFO     | trainer_1:_train_one_epoch:193 - epoch 5 16.87s Train loss is [0.3592] 
2024-10-15 18:16:19.068 | INFO     | trainer_1:_train_one_epoch:201 - validate 5 cost time 12.40s, result: {'hit@1': 0.0454, 'ndcg@1': 0.0454, 'hit@5': 0.123, 'ndcg@5': 0.0854, 'hit@10': 0.166, 'ndcg@10': 0.0993, 'hit@15': 0.1946, 'ndcg@15': 0.1069, 'hit@20': 0.2149, 'ndcg@20': 0.1117, 'hit@40': 0.2659, 'ndcg@40': 0.1221} 
2024-10-15 18:16:31.280 | INFO     | trainer_1:_train_one_epoch:209 - test 5 cost time 12.21s, result: {'hit@1': 0.0375, 'ndcg@1': 0.0375, 'hit@5': 0.1039, 'ndcg@5': 0.0721, 'hit@10': 0.1396, 'ndcg@10': 0.0836, 'hit@15': 0.162, 'ndcg@15': 0.0895, 'hit@20': 0.178, 'ndcg@20': 0.0933, 'hit@40': 0.2242, 'ndcg@40': 0.1028} 
2024-10-15 18:16:55.419 | INFO     | trainer_1:_train_one_epoch:193 - epoch 6 16.97s Train loss is [0.3468] 
2024-10-15 18:17:07.817 | INFO     | trainer_1:_train_one_epoch:201 - validate 6 cost time 12.40s, result: {'hit@1': 0.0469, 'ndcg@1': 0.0469, 'hit@5': 0.127, 'ndcg@5': 0.0883, 'hit@10': 0.1697, 'ndcg@10': 0.1021, 'hit@15': 0.1972, 'ndcg@15': 0.1094, 'hit@20': 0.2178, 'ndcg@20': 0.1142, 'hit@40': 0.2685, 'ndcg@40': 0.1246} 
2024-10-15 18:17:20.010 | INFO     | trainer_1:_train_one_epoch:209 - test 6 cost time 12.19s, result: {'hit@1': 0.0382, 'ndcg@1': 0.0382, 'hit@5': 0.1073, 'ndcg@5': 0.074, 'hit@10': 0.1441, 'ndcg@10': 0.0859, 'hit@15': 0.167, 'ndcg@15': 0.0919, 'hit@20': 0.1844, 'ndcg@20': 0.0961, 'hit@40': 0.2304, 'ndcg@40': 0.1054} 
2024-10-15 18:17:44.709 | INFO     | trainer_1:_train_one_epoch:193 - epoch 7 16.94s Train loss is [0.3413] 
2024-10-15 18:17:57.108 | INFO     | trainer_1:_train_one_epoch:201 - validate 7 cost time 12.40s, result: {'hit@1': 0.0464, 'ndcg@1': 0.0464, 'hit@5': 0.1291, 'ndcg@5': 0.0892, 'hit@10': 0.1722, 'ndcg@10': 0.1031, 'hit@15': 0.1994, 'ndcg@15': 0.1104, 'hit@20': 0.2205, 'ndcg@20': 0.1153, 'hit@40': 0.2726, 'ndcg@40': 0.126} 
2024-10-15 18:18:09.339 | INFO     | trainer_1:_train_one_epoch:209 - test 7 cost time 12.23s, result: {'hit@1': 0.0385, 'ndcg@1': 0.0385, 'hit@5': 0.1098, 'ndcg@5': 0.0753, 'hit@10': 0.1469, 'ndcg@10': 0.0872, 'hit@15': 0.1696, 'ndcg@15': 0.0933, 'hit@20': 0.1878, 'ndcg@20': 0.0976, 'hit@40': 0.2342, 'ndcg@40': 0.107} 
2024-10-15 18:18:33.802 | INFO     | trainer_1:_train_one_epoch:193 - epoch 8 17.13s Train loss is [0.3258] 
2024-10-15 18:18:48.516 | INFO     | trainer_1:_train_one_epoch:201 - validate 8 cost time 14.71s, result: {'hit@1': 0.0467, 'ndcg@1': 0.0467, 'hit@5': 0.1298, 'ndcg@5': 0.0897, 'hit@10': 0.1744, 'ndcg@10': 0.1041, 'hit@15': 0.2036, 'ndcg@15': 0.1118, 'hit@20': 0.2243, 'ndcg@20': 0.1167, 'hit@40': 0.2771, 'ndcg@40': 0.1275} 
2024-10-15 18:19:03.052 | INFO     | trainer_1:_train_one_epoch:209 - test 8 cost time 14.54s, result: {'hit@1': 0.039, 'ndcg@1': 0.039, 'hit@5': 0.1105, 'ndcg@5': 0.076, 'hit@10': 0.1486, 'ndcg@10': 0.0883, 'hit@15': 0.1724, 'ndcg@15': 0.0946, 'hit@20': 0.1902, 'ndcg@20': 0.0988, 'hit@40': 0.2363, 'ndcg@40': 0.1082} 
2024-10-15 18:19:27.948 | INFO     | trainer_1:_train_one_epoch:193 - epoch 9 17.63s Train loss is [0.3163] 
2024-10-15 18:19:40.361 | INFO     | trainer_1:_train_one_epoch:201 - validate 9 cost time 12.41s, result: {'hit@1': 0.0482, 'ndcg@1': 0.0482, 'hit@5': 0.1317, 'ndcg@5': 0.0913, 'hit@10': 0.1775, 'ndcg@10': 0.1061, 'hit@15': 0.2051, 'ndcg@15': 0.1134, 'hit@20': 0.2259, 'ndcg@20': 0.1184, 'hit@40': 0.2795, 'ndcg@40': 0.1293} 
2024-10-15 18:19:52.644 | INFO     | trainer_1:_train_one_epoch:209 - test 9 cost time 12.28s, result: {'hit@1': 0.0394, 'ndcg@1': 0.0394, 'hit@5': 0.1118, 'ndcg@5': 0.0768, 'hit@10': 0.1503, 'ndcg@10': 0.0892, 'hit@15': 0.1749, 'ndcg@15': 0.0957, 'hit@20': 0.1928, 'ndcg@20': 0.0999, 'hit@40': 0.2401, 'ndcg@40': 0.1096} 
2024-10-15 18:20:17.009 | INFO     | trainer_1:_train_one_epoch:193 - epoch 10 16.63s Train loss is [0.3121] 
2024-10-15 18:20:29.404 | INFO     | trainer_1:_train_one_epoch:201 - validate 10 cost time 12.39s, result: {'hit@1': 0.048, 'ndcg@1': 0.048, 'hit@5': 0.1325, 'ndcg@5': 0.0916, 'hit@10': 0.178, 'ndcg@10': 0.1063, 'hit@15': 0.2061, 'ndcg@15': 0.1137, 'hit@20': 0.2272, 'ndcg@20': 0.1187, 'hit@40': 0.2814, 'ndcg@40': 0.1298} 
2024-10-15 18:20:41.707 | INFO     | trainer_1:_train_one_epoch:209 - test 10 cost time 12.30s, result: {'hit@1': 0.0395, 'ndcg@1': 0.0395, 'hit@5': 0.1129, 'ndcg@5': 0.0774, 'hit@10': 0.1514, 'ndcg@10': 0.0898, 'hit@15': 0.1758, 'ndcg@15': 0.0963, 'hit@20': 0.1943, 'ndcg@20': 0.1007, 'hit@40': 0.243, 'ndcg@40': 0.1107} 
2024-10-15 18:21:05.888 | INFO     | trainer_1:_train_one_epoch:193 - epoch 11 16.82s Train loss is [0.3006] 
2024-10-15 18:21:18.295 | INFO     | trainer_1:_train_one_epoch:201 - validate 11 cost time 12.41s, result: {'hit@1': 0.0481, 'ndcg@1': 0.0481, 'hit@5': 0.1336, 'ndcg@5': 0.0921, 'hit@10': 0.181, 'ndcg@10': 0.1075, 'hit@15': 0.2091, 'ndcg@15': 0.1149, 'hit@20': 0.2311, 'ndcg@20': 0.1201, 'hit@40': 0.284, 'ndcg@40': 0.1309} 
2024-10-15 18:21:30.580 | INFO     | trainer_1:_train_one_epoch:209 - test 11 cost time 12.28s, result: {'hit@1': 0.0391, 'ndcg@1': 0.0391, 'hit@5': 0.1132, 'ndcg@5': 0.0774, 'hit@10': 0.1526, 'ndcg@10': 0.0901, 'hit@15': 0.1766, 'ndcg@15': 0.0965, 'hit@20': 0.1958, 'ndcg@20': 0.101, 'hit@40': 0.2458, 'ndcg@40': 0.1112} 
2024-10-15 18:21:54.939 | INFO     | trainer_1:_train_one_epoch:193 - epoch 12 17.05s Train loss is [0.3025] 
2024-10-15 18:22:07.264 | INFO     | trainer_1:_train_one_epoch:201 - validate 12 cost time 12.32s, result: {'hit@1': 0.0474, 'ndcg@1': 0.0474, 'hit@5': 0.1338, 'ndcg@5': 0.0919, 'hit@10': 0.1817, 'ndcg@10': 0.1074, 'hit@15': 0.21, 'ndcg@15': 0.1149, 'hit@20': 0.2307, 'ndcg@20': 0.1198, 'hit@40': 0.2828, 'ndcg@40': 0.1305} 
2024-10-15 18:22:19.527 | INFO     | trainer_1:_train_one_epoch:209 - test 12 cost time 12.26s, result: {'hit@1': 0.0394, 'ndcg@1': 0.0394, 'hit@5': 0.115, 'ndcg@5': 0.0786, 'hit@10': 0.1532, 'ndcg@10': 0.091, 'hit@15': 0.1777, 'ndcg@15': 0.0974, 'hit@20': 0.1969, 'ndcg@20': 0.102, 'hit@40': 0.2463, 'ndcg@40': 0.1121} 
2024-10-15 18:22:43.953 | INFO     | trainer_1:_train_one_epoch:193 - epoch 13 17.26s Train loss is [0.3031] 
2024-10-15 18:22:56.412 | INFO     | trainer_1:_train_one_epoch:201 - validate 13 cost time 12.46s, result: {'hit@1': 0.048, 'ndcg@1': 0.048, 'hit@5': 0.1349, 'ndcg@5': 0.0926, 'hit@10': 0.1799, 'ndcg@10': 0.1071, 'hit@15': 0.2093, 'ndcg@15': 0.115, 'hit@20': 0.2313, 'ndcg@20': 0.1202, 'hit@40': 0.2859, 'ndcg@40': 0.1313} 
2024-10-15 18:23:08.682 | INFO     | trainer_1:_train_one_epoch:209 - test 13 cost time 12.27s, result: {'hit@1': 0.0392, 'ndcg@1': 0.0392, 'hit@5': 0.1144, 'ndcg@5': 0.0781, 'hit@10': 0.1545, 'ndcg@10': 0.0911, 'hit@15': 0.1803, 'ndcg@15': 0.0979, 'hit@20': 0.1994, 'ndcg@20': 0.1024, 'hit@40': 0.2483, 'ndcg@40': 0.1124} 
2024-10-15 18:23:32.572 | INFO     | trainer_1:_train_one_epoch:193 - epoch 14 16.62s Train loss is [0.2960] 
2024-10-15 18:23:47.449 | INFO     | trainer_1:_train_one_epoch:201 - validate 14 cost time 14.88s, result: {'hit@1': 0.0479, 'ndcg@1': 0.0479, 'hit@5': 0.136, 'ndcg@5': 0.0934, 'hit@10': 0.1834, 'ndcg@10': 0.1087, 'hit@15': 0.2117, 'ndcg@15': 0.1162, 'hit@20': 0.2335, 'ndcg@20': 0.1213, 'hit@40': 0.2873, 'ndcg@40': 0.1323} 
2024-10-15 18:24:02.014 | INFO     | trainer_1:_train_one_epoch:209 - test 14 cost time 14.56s, result: {'hit@1': 0.039, 'ndcg@1': 0.039, 'hit@5': 0.1146, 'ndcg@5': 0.0782, 'hit@10': 0.1556, 'ndcg@10': 0.0914, 'hit@15': 0.1808, 'ndcg@15': 0.0981, 'hit@20': 0.1996, 'ndcg@20': 0.1026, 'hit@40': 0.2497, 'ndcg@40': 0.1128} 
2024-10-15 18:24:27.163 | INFO     | trainer_1:_train_one_epoch:193 - epoch 15 17.41s Train loss is [0.2933] 
2024-10-15 18:24:41.969 | INFO     | trainer_1:_train_one_epoch:201 - validate 15 cost time 14.81s, result: {'hit@1': 0.0486, 'ndcg@1': 0.0486, 'hit@5': 0.1364, 'ndcg@5': 0.0941, 'hit@10': 0.183, 'ndcg@10': 0.1091, 'hit@15': 0.2128, 'ndcg@15': 0.117, 'hit@20': 0.2337, 'ndcg@20': 0.122, 'hit@40': 0.2887, 'ndcg@40': 0.1332} 
2024-10-15 18:24:56.560 | INFO     | trainer_1:_train_one_epoch:209 - test 15 cost time 14.59s, result: {'hit@1': 0.0393, 'ndcg@1': 0.0393, 'hit@5': 0.1151, 'ndcg@5': 0.0784, 'hit@10': 0.1568, 'ndcg@10': 0.0919, 'hit@15': 0.1823, 'ndcg@15': 0.0987, 'hit@20': 0.2019, 'ndcg@20': 0.1033, 'hit@40': 0.2508, 'ndcg@40': 0.1133} 
2024-10-15 18:25:21.451 | INFO     | trainer_1:_train_one_epoch:193 - epoch 16 17.55s Train loss is [0.2858] 
2024-10-15 18:25:33.899 | INFO     | trainer_1:_train_one_epoch:201 - validate 16 cost time 12.45s, result: {'hit@1': 0.0485, 'ndcg@1': 0.0485, 'hit@5': 0.1372, 'ndcg@5': 0.0943, 'hit@10': 0.1834, 'ndcg@10': 0.1093, 'hit@15': 0.2125, 'ndcg@15': 0.117, 'hit@20': 0.2354, 'ndcg@20': 0.1224, 'hit@40': 0.2897, 'ndcg@40': 0.1334} 
2024-10-15 18:25:46.060 | INFO     | trainer_1:_train_one_epoch:209 - test 16 cost time 12.16s, result: {'hit@1': 0.0398, 'ndcg@1': 0.0398, 'hit@5': 0.1153, 'ndcg@5': 0.0789, 'hit@10': 0.1567, 'ndcg@10': 0.0923, 'hit@15': 0.1828, 'ndcg@15': 0.0992, 'hit@20': 0.2021, 'ndcg@20': 0.1038, 'hit@40': 0.2501, 'ndcg@40': 0.1136} 
2024-10-15 18:26:02.624 | INFO     | trainer_1:_train_one_epoch:193 - epoch 17 16.56s Train loss is [0.2891] 
2024-10-15 18:26:14.997 | INFO     | trainer_1:_train_one_epoch:201 - validate 17 cost time 12.37s, result: {'hit@1': 0.0478, 'ndcg@1': 0.0478, 'hit@5': 0.137, 'ndcg@5': 0.0937, 'hit@10': 0.1823, 'ndcg@10': 0.1083, 'hit@15': 0.2128, 'ndcg@15': 0.1164, 'hit@20': 0.2337, 'ndcg@20': 0.1213, 'hit@40': 0.2889, 'ndcg@40': 0.1326} 
2024-10-15 18:26:27.166 | INFO     | trainer_1:_train_one_epoch:209 - test 17 cost time 12.17s, result: {'hit@1': 0.0394, 'ndcg@1': 0.0394, 'hit@5': 0.1154, 'ndcg@5': 0.0786, 'hit@10': 0.1562, 'ndcg@10': 0.0918, 'hit@15': 0.1823, 'ndcg@15': 0.0987, 'hit@20': 0.2012, 'ndcg@20': 0.1031, 'hit@40': 0.2503, 'ndcg@40': 0.1132} 
2024-10-15 18:26:43.798 | INFO     | trainer_1:_train_one_epoch:193 - epoch 18 16.63s Train loss is [0.2838] 
2024-10-15 18:26:56.132 | INFO     | trainer_1:_train_one_epoch:201 - validate 18 cost time 12.33s, result: {'hit@1': 0.0486, 'ndcg@1': 0.0486, 'hit@5': 0.1373, 'ndcg@5': 0.0943, 'hit@10': 0.1841, 'ndcg@10': 0.1095, 'hit@15': 0.2135, 'ndcg@15': 0.1172, 'hit@20': 0.235, 'ndcg@20': 0.1223, 'hit@40': 0.2912, 'ndcg@40': 0.1338} 
2024-10-15 18:27:08.299 | INFO     | trainer_1:_train_one_epoch:209 - test 18 cost time 12.17s, result: {'hit@1': 0.0401, 'ndcg@1': 0.0401, 'hit@5': 0.1161, 'ndcg@5': 0.0794, 'hit@10': 0.1584, 'ndcg@10': 0.0931, 'hit@15': 0.1833, 'ndcg@15': 0.0997, 'hit@20': 0.2023, 'ndcg@20': 0.1041, 'hit@40': 0.2526, 'ndcg@40': 0.1144} 
2024-10-15 18:27:32.786 | INFO     | trainer_1:_train_one_epoch:193 - epoch 19 16.64s Train loss is [0.2832] 
2024-10-15 18:27:47.555 | INFO     | trainer_1:_train_one_epoch:201 - validate 19 cost time 14.77s, result: {'hit@1': 0.0486, 'ndcg@1': 0.0486, 'hit@5': 0.1379, 'ndcg@5': 0.0946, 'hit@10': 0.1861, 'ndcg@10': 0.1102, 'hit@15': 0.2145, 'ndcg@15': 0.1178, 'hit@20': 0.2361, 'ndcg@20': 0.1229, 'hit@40': 0.2912, 'ndcg@40': 0.1341} 
2024-10-15 18:28:02.157 | INFO     | trainer_1:_train_one_epoch:209 - test 19 cost time 14.60s, result: {'hit@1': 0.0406, 'ndcg@1': 0.0406, 'hit@5': 0.1169, 'ndcg@5': 0.0801, 'hit@10': 0.1587, 'ndcg@10': 0.0936, 'hit@15': 0.1853, 'ndcg@15': 0.1007, 'hit@20': 0.2042, 'ndcg@20': 0.1051, 'hit@40': 0.2536, 'ndcg@40': 0.1152} 
2024-10-15 18:28:26.307 | INFO     | trainer_1:_train_one_epoch:193 - epoch 20 16.82s Train loss is [0.2815] 
2024-10-15 18:28:38.667 | INFO     | trainer_1:_train_one_epoch:201 - validate 20 cost time 12.36s, result: {'hit@1': 0.0488, 'ndcg@1': 0.0488, 'hit@5': 0.1393, 'ndcg@5': 0.0953, 'hit@10': 0.1872, 'ndcg@10': 0.1109, 'hit@15': 0.216, 'ndcg@15': 0.1185, 'hit@20': 0.2375, 'ndcg@20': 0.1236, 'hit@40': 0.2928, 'ndcg@40': 0.1349} 
2024-10-15 18:28:50.841 | INFO     | trainer_1:_train_one_epoch:209 - test 20 cost time 12.17s, result: {'hit@1': 0.0403, 'ndcg@1': 0.0403, 'hit@5': 0.1169, 'ndcg@5': 0.08, 'hit@10': 0.1613, 'ndcg@10': 0.0943, 'hit@15': 0.1872, 'ndcg@15': 0.1012, 'hit@20': 0.2064, 'ndcg@20': 0.1058, 'hit@40': 0.2553, 'ndcg@40': 0.1157} 
2024-10-15 18:29:14.815 | INFO     | trainer_1:_train_one_epoch:193 - epoch 21 16.79s Train loss is [0.2782] 
2024-10-15 18:29:27.219 | INFO     | trainer_1:_train_one_epoch:201 - validate 21 cost time 12.40s, result: {'hit@1': 0.049, 'ndcg@1': 0.049, 'hit@5': 0.1394, 'ndcg@5': 0.0954, 'hit@10': 0.1864, 'ndcg@10': 0.1107, 'hit@15': 0.2152, 'ndcg@15': 0.1183, 'hit@20': 0.2363, 'ndcg@20': 0.1233, 'hit@40': 0.2913, 'ndcg@40': 0.1346} 
2024-10-15 18:29:39.410 | INFO     | trainer_1:_train_one_epoch:209 - test 21 cost time 12.19s, result: {'hit@1': 0.0397, 'ndcg@1': 0.0397, 'hit@5': 0.1173, 'ndcg@5': 0.0797, 'hit@10': 0.1606, 'ndcg@10': 0.0937, 'hit@15': 0.1865, 'ndcg@15': 0.1006, 'hit@20': 0.2061, 'ndcg@20': 0.1052, 'hit@40': 0.2549, 'ndcg@40': 0.1152} 
2024-10-15 18:29:56.266 | INFO     | trainer_1:_train_one_epoch:193 - epoch 22 16.86s Train loss is [0.2741] 
2024-10-15 18:30:08.644 | INFO     | trainer_1:_train_one_epoch:201 - validate 22 cost time 12.38s, result: {'hit@1': 0.0501, 'ndcg@1': 0.0501, 'hit@5': 0.1413, 'ndcg@5': 0.0972, 'hit@10': 0.1893, 'ndcg@10': 0.1127, 'hit@15': 0.2179, 'ndcg@15': 0.1203, 'hit@20': 0.2402, 'ndcg@20': 0.1256, 'hit@40': 0.2967, 'ndcg@40': 0.1371} 
2024-10-15 18:30:20.859 | INFO     | trainer_1:_train_one_epoch:209 - test 22 cost time 12.22s, result: {'hit@1': 0.0402, 'ndcg@1': 0.0402, 'hit@5': 0.1193, 'ndcg@5': 0.0812, 'hit@10': 0.1622, 'ndcg@10': 0.0951, 'hit@15': 0.1886, 'ndcg@15': 0.1021, 'hit@20': 0.2077, 'ndcg@20': 0.1066, 'hit@40': 0.2568, 'ndcg@40': 0.1166} 
2024-10-15 18:30:45.571 | INFO     | trainer_1:_train_one_epoch:193 - epoch 23 16.90s Train loss is [0.2701] 
2024-10-15 18:31:00.250 | INFO     | trainer_1:_train_one_epoch:201 - validate 23 cost time 14.68s, result: {'hit@1': 0.05, 'ndcg@1': 0.05, 'hit@5': 0.1399, 'ndcg@5': 0.0965, 'hit@10': 0.1886, 'ndcg@10': 0.1121, 'hit@15': 0.218, 'ndcg@15': 0.1199, 'hit@20': 0.2396, 'ndcg@20': 0.125, 'hit@40': 0.2959, 'ndcg@40': 0.1365} 
2024-10-15 18:31:14.747 | INFO     | trainer_1:_train_one_epoch:209 - test 23 cost time 14.50s, result: {'hit@1': 0.0398, 'ndcg@1': 0.0398, 'hit@5': 0.1198, 'ndcg@5': 0.0811, 'hit@10': 0.1613, 'ndcg@10': 0.0945, 'hit@15': 0.1876, 'ndcg@15': 0.1015, 'hit@20': 0.2066, 'ndcg@20': 0.106, 'hit@40': 0.2574, 'ndcg@40': 0.1163} 
2024-10-15 18:31:31.715 | INFO     | trainer_1:_train_one_epoch:193 - epoch 24 16.97s Train loss is [0.2724] 
2024-10-15 18:31:44.053 | INFO     | trainer_1:_train_one_epoch:201 - validate 24 cost time 12.34s, result: {'hit@1': 0.0496, 'ndcg@1': 0.0496, 'hit@5': 0.1409, 'ndcg@5': 0.0968, 'hit@10': 0.1887, 'ndcg@10': 0.1122, 'hit@15': 0.2187, 'ndcg@15': 0.1201, 'hit@20': 0.2416, 'ndcg@20': 0.1255, 'hit@40': 0.2963, 'ndcg@40': 0.1367} 
2024-10-15 18:31:56.202 | INFO     | trainer_1:_train_one_epoch:209 - test 24 cost time 12.15s, result: {'hit@1': 0.0403, 'ndcg@1': 0.0403, 'hit@5': 0.1194, 'ndcg@5': 0.0812, 'hit@10': 0.1619, 'ndcg@10': 0.095, 'hit@15': 0.187, 'ndcg@15': 0.1016, 'hit@20': 0.207, 'ndcg@20': 0.1063, 'hit@40': 0.259, 'ndcg@40': 0.1169} 
2024-10-15 18:32:13.107 | INFO     | trainer_1:_train_one_epoch:193 - epoch 25 16.90s Train loss is [0.2692] 
2024-10-15 18:32:27.810 | INFO     | trainer_1:_train_one_epoch:201 - validate 25 cost time 14.70s, result: {'hit@1': 0.049, 'ndcg@1': 0.049, 'hit@5': 0.1403, 'ndcg@5': 0.0962, 'hit@10': 0.1883, 'ndcg@10': 0.1117, 'hit@15': 0.2183, 'ndcg@15': 0.1197, 'hit@20': 0.2409, 'ndcg@20': 0.125, 'hit@40': 0.2969, 'ndcg@40': 0.1365} 
2024-10-15 18:32:42.351 | INFO     | trainer_1:_train_one_epoch:209 - test 25 cost time 14.54s, result: {'hit@1': 0.0413, 'ndcg@1': 0.0413, 'hit@5': 0.1186, 'ndcg@5': 0.0812, 'hit@10': 0.1608, 'ndcg@10': 0.0948, 'hit@15': 0.1873, 'ndcg@15': 0.1019, 'hit@20': 0.2056, 'ndcg@20': 0.1062, 'hit@40': 0.2576, 'ndcg@40': 0.1168} 
2024-10-15 18:32:59.724 | INFO     | trainer_1:_train_one_epoch:193 - epoch 26 17.37s Train loss is [0.2680] 
2024-10-15 18:33:14.430 | INFO     | trainer_1:_train_one_epoch:201 - validate 26 cost time 14.70s, result: {'hit@1': 0.0495, 'ndcg@1': 0.0495, 'hit@5': 0.1416, 'ndcg@5': 0.0971, 'hit@10': 0.189, 'ndcg@10': 0.1124, 'hit@15': 0.2196, 'ndcg@15': 0.1205, 'hit@20': 0.243, 'ndcg@20': 0.1261, 'hit@40': 0.2988, 'ndcg@40': 0.1375} 
2024-10-15 18:33:28.972 | INFO     | trainer_1:_train_one_epoch:209 - test 26 cost time 14.54s, result: {'hit@1': 0.0407, 'ndcg@1': 0.0407, 'hit@5': 0.1189, 'ndcg@5': 0.0809, 'hit@10': 0.1617, 'ndcg@10': 0.0948, 'hit@15': 0.1884, 'ndcg@15': 0.1018, 'hit@20': 0.2075, 'ndcg@20': 0.1064, 'hit@40': 0.2598, 'ndcg@40': 0.1171} 
2024-10-15 18:33:45.828 | INFO     | trainer_1:_train_one_epoch:193 - epoch 27 16.85s Train loss is [0.2618] 
2024-10-15 18:33:58.165 | INFO     | trainer_1:_train_one_epoch:201 - validate 27 cost time 12.34s, result: {'hit@1': 0.0499, 'ndcg@1': 0.0499, 'hit@5': 0.1427, 'ndcg@5': 0.0979, 'hit@10': 0.1914, 'ndcg@10': 0.1136, 'hit@15': 0.2213, 'ndcg@15': 0.1215, 'hit@20': 0.2435, 'ndcg@20': 0.1268, 'hit@40': 0.2987, 'ndcg@40': 0.1381} 
2024-10-15 18:34:10.322 | INFO     | trainer_1:_train_one_epoch:209 - test 27 cost time 12.16s, result: {'hit@1': 0.0407, 'ndcg@1': 0.0407, 'hit@5': 0.1195, 'ndcg@5': 0.0813, 'hit@10': 0.162, 'ndcg@10': 0.095, 'hit@15': 0.1889, 'ndcg@15': 0.1021, 'hit@20': 0.209, 'ndcg@20': 0.1069, 'hit@40': 0.2615, 'ndcg@40': 0.1176} 
2024-10-15 18:34:26.872 | INFO     | trainer_1:_train_one_epoch:193 - epoch 28 16.55s Train loss is [0.2621] 
2024-10-15 18:34:39.197 | INFO     | trainer_1:_train_one_epoch:201 - validate 28 cost time 12.32s, result: {'hit@1': 0.0501, 'ndcg@1': 0.0501, 'hit@5': 0.142, 'ndcg@5': 0.0975, 'hit@10': 0.1899, 'ndcg@10': 0.1129, 'hit@15': 0.22, 'ndcg@15': 0.1209, 'hit@20': 0.242, 'ndcg@20': 0.1261, 'hit@40': 0.2971, 'ndcg@40': 0.1374} 
2024-10-15 18:34:51.359 | INFO     | trainer_1:_train_one_epoch:209 - test 28 cost time 12.16s, result: {'hit@1': 0.0403, 'ndcg@1': 0.0403, 'hit@5': 0.1186, 'ndcg@5': 0.0806, 'hit@10': 0.1615, 'ndcg@10': 0.0945, 'hit@15': 0.1876, 'ndcg@15': 0.1014, 'hit@20': 0.2076, 'ndcg@20': 0.1061, 'hit@40': 0.2593, 'ndcg@40': 0.1167} 
2024-10-15 18:35:08.006 | INFO     | trainer_1:_train_one_epoch:193 - epoch 29 16.65s Train loss is [0.2581] 
2024-10-15 18:35:20.325 | INFO     | trainer_1:_train_one_epoch:201 - validate 29 cost time 12.32s, result: {'hit@1': 0.0493, 'ndcg@1': 0.0493, 'hit@5': 0.1438, 'ndcg@5': 0.098, 'hit@10': 0.1918, 'ndcg@10': 0.1135, 'hit@15': 0.2207, 'ndcg@15': 0.1212, 'hit@20': 0.2438, 'ndcg@20': 0.1267, 'hit@40': 0.2995, 'ndcg@40': 0.138} 
2024-10-15 18:35:32.468 | INFO     | trainer_1:_train_one_epoch:209 - test 29 cost time 12.14s, result: {'hit@1': 0.041, 'ndcg@1': 0.041, 'hit@5': 0.12, 'ndcg@5': 0.0819, 'hit@10': 0.1617, 'ndcg@10': 0.0953, 'hit@15': 0.1887, 'ndcg@15': 0.1025, 'hit@20': 0.2088, 'ndcg@20': 0.1072, 'hit@40': 0.2609, 'ndcg@40': 0.1179} 
2024-10-15 18:35:49.392 | INFO     | trainer_1:_train_one_epoch:193 - epoch 30 16.92s Train loss is [0.2574] 
2024-10-15 18:36:04.122 | INFO     | trainer_1:_train_one_epoch:201 - validate 30 cost time 14.73s, result: {'hit@1': 0.05, 'ndcg@1': 0.05, 'hit@5': 0.1424, 'ndcg@5': 0.0977, 'hit@10': 0.1918, 'ndcg@10': 0.1137, 'hit@15': 0.2218, 'ndcg@15': 0.1216, 'hit@20': 0.2426, 'ndcg@20': 0.1265, 'hit@40': 0.3002, 'ndcg@40': 0.1383} 
2024-10-15 18:36:18.662 | INFO     | trainer_1:_train_one_epoch:209 - test 30 cost time 14.54s, result: {'hit@1': 0.0404, 'ndcg@1': 0.0404, 'hit@5': 0.1188, 'ndcg@5': 0.0809, 'hit@10': 0.1617, 'ndcg@10': 0.0948, 'hit@15': 0.1893, 'ndcg@15': 0.1021, 'hit@20': 0.2085, 'ndcg@20': 0.1067, 'hit@40': 0.2606, 'ndcg@40': 0.1173} 
2024-10-15 18:36:35.526 | INFO     | trainer_1:_train_one_epoch:193 - epoch 31 16.86s Train loss is [0.2563] 
2024-10-15 18:36:47.857 | INFO     | trainer_1:_train_one_epoch:201 - validate 31 cost time 12.33s, result: {'hit@1': 0.049, 'ndcg@1': 0.049, 'hit@5': 0.1422, 'ndcg@5': 0.0971, 'hit@10': 0.1908, 'ndcg@10': 0.1128, 'hit@15': 0.2203, 'ndcg@15': 0.1206, 'hit@20': 0.2425, 'ndcg@20': 0.1259, 'hit@40': 0.2984, 'ndcg@40': 0.1373} 
2024-10-15 18:37:00.011 | INFO     | trainer_1:_train_one_epoch:209 - test 31 cost time 12.15s, result: {'hit@1': 0.0406, 'ndcg@1': 0.0406, 'hit@5': 0.1196, 'ndcg@5': 0.0814, 'hit@10': 0.1621, 'ndcg@10': 0.0951, 'hit@15': 0.1883, 'ndcg@15': 0.102, 'hit@20': 0.2079, 'ndcg@20': 0.1066, 'hit@40': 0.2601, 'ndcg@40': 0.1173} 
2024-10-15 18:37:16.650 | INFO     | trainer_1:_train_one_epoch:193 - epoch 32 16.64s Train loss is [0.2518] 
2024-10-15 18:37:31.340 | INFO     | trainer_1:_train_one_epoch:201 - validate 32 cost time 14.69s, result: {'hit@1': 0.0498, 'ndcg@1': 0.0498, 'hit@5': 0.1426, 'ndcg@5': 0.0977, 'hit@10': 0.1908, 'ndcg@10': 0.1133, 'hit@15': 0.2212, 'ndcg@15': 0.1213, 'hit@20': 0.2438, 'ndcg@20': 0.1266, 'hit@40': 0.3005, 'ndcg@40': 0.1383} 
2024-10-15 18:37:45.870 | INFO     | trainer_1:_train_one_epoch:209 - test 32 cost time 14.53s, result: {'hit@1': 0.0413, 'ndcg@1': 0.0413, 'hit@5': 0.1204, 'ndcg@5': 0.0818, 'hit@10': 0.1624, 'ndcg@10': 0.0954, 'hit@15': 0.1887, 'ndcg@15': 0.1023, 'hit@20': 0.2094, 'ndcg@20': 0.1072, 'hit@40': 0.2615, 'ndcg@40': 0.1179} 
2024-10-15 18:38:10.000 | INFO     | trainer_1:_train_one_epoch:193 - epoch 33 16.84s Train loss is [0.2535] 
2024-10-15 18:38:22.411 | INFO     | trainer_1:_train_one_epoch:201 - validate 33 cost time 12.41s, result: {'hit@1': 0.0502, 'ndcg@1': 0.0502, 'hit@5': 0.1426, 'ndcg@5': 0.0977, 'hit@10': 0.1913, 'ndcg@10': 0.1135, 'hit@15': 0.2203, 'ndcg@15': 0.1212, 'hit@20': 0.2431, 'ndcg@20': 0.1266, 'hit@40': 0.2997, 'ndcg@40': 0.1382} 
2024-10-15 18:38:34.635 | INFO     | trainer_1:_train_one_epoch:209 - test 33 cost time 12.22s, result: {'hit@1': 0.0403, 'ndcg@1': 0.0403, 'hit@5': 0.1192, 'ndcg@5': 0.0811, 'hit@10': 0.163, 'ndcg@10': 0.0952, 'hit@15': 0.1896, 'ndcg@15': 0.1023, 'hit@20': 0.2101, 'ndcg@20': 0.1071, 'hit@40': 0.2629, 'ndcg@40': 0.1179} 
2024-10-15 18:38:59.002 | INFO     | trainer_1:_train_one_epoch:193 - epoch 34 16.59s Train loss is [0.2540] 
2024-10-15 18:39:11.362 | INFO     | trainer_1:_train_one_epoch:201 - validate 34 cost time 12.36s, result: {'hit@1': 0.0496, 'ndcg@1': 0.0496, 'hit@5': 0.1436, 'ndcg@5': 0.0981, 'hit@10': 0.1912, 'ndcg@10': 0.1135, 'hit@15': 0.2211, 'ndcg@15': 0.1214, 'hit@20': 0.2436, 'ndcg@20': 0.1267, 'hit@40': 0.3014, 'ndcg@40': 0.1386} 
2024-10-15 18:39:23.555 | INFO     | trainer_1:_train_one_epoch:209 - test 34 cost time 12.19s, result: {'hit@1': 0.04, 'ndcg@1': 0.04, 'hit@5': 0.1203, 'ndcg@5': 0.0814, 'hit@10': 0.1635, 'ndcg@10': 0.0954, 'hit@15': 0.1904, 'ndcg@15': 0.1025, 'hit@20': 0.2099, 'ndcg@20': 0.1071, 'hit@40': 0.2618, 'ndcg@40': 0.1178} 
2024-10-15 18:39:47.494 | INFO     | trainer_1:_train_one_epoch:193 - epoch 35 16.61s Train loss is [0.2481] 
2024-10-15 18:39:59.867 | INFO     | trainer_1:_train_one_epoch:201 - validate 35 cost time 12.37s, result: {'hit@1': 0.0494, 'ndcg@1': 0.0494, 'hit@5': 0.142, 'ndcg@5': 0.0973, 'hit@10': 0.1904, 'ndcg@10': 0.113, 'hit@15': 0.2216, 'ndcg@15': 0.1212, 'hit@20': 0.2446, 'ndcg@20': 0.1267, 'hit@40': 0.3011, 'ndcg@40': 0.1383} 
2024-10-15 18:40:12.060 | INFO     | trainer_1:_train_one_epoch:209 - test 35 cost time 12.19s, result: {'hit@1': 0.0407, 'ndcg@1': 0.0407, 'hit@5': 0.1207, 'ndcg@5': 0.0818, 'hit@10': 0.1632, 'ndcg@10': 0.0955, 'hit@15': 0.1898, 'ndcg@15': 0.1026, 'hit@20': 0.2105, 'ndcg@20': 0.1074, 'hit@40': 0.2638, 'ndcg@40': 0.1183} 
2024-10-15 18:40:28.581 | INFO     | trainer_1:_train_one_epoch:193 - epoch 36 16.52s Train loss is [0.2464] 
2024-10-15 18:40:40.975 | INFO     | trainer_1:_train_one_epoch:201 - validate 36 cost time 12.39s, result: {'hit@1': 0.0488, 'ndcg@1': 0.0488, 'hit@5': 0.1424, 'ndcg@5': 0.0972, 'hit@10': 0.1903, 'ndcg@10': 0.1127, 'hit@15': 0.2196, 'ndcg@15': 0.1204, 'hit@20': 0.2424, 'ndcg@20': 0.1258, 'hit@40': 0.2997, 'ndcg@40': 0.1375} 
2024-10-15 18:40:53.192 | INFO     | trainer_1:_train_one_epoch:209 - test 36 cost time 12.22s, result: {'hit@1': 0.0408, 'ndcg@1': 0.0408, 'hit@5': 0.119, 'ndcg@5': 0.081, 'hit@10': 0.1615, 'ndcg@10': 0.0948, 'hit@15': 0.1887, 'ndcg@15': 0.1019, 'hit@20': 0.2093, 'ndcg@20': 0.1068, 'hit@40': 0.2607, 'ndcg@40': 0.1173} 
2024-10-15 18:41:09.770 | INFO     | trainer_1:_train_one_epoch:193 - epoch 37 16.58s Train loss is [0.2447] 
2024-10-15 18:41:22.143 | INFO     | trainer_1:_train_one_epoch:201 - validate 37 cost time 12.37s, result: {'hit@1': 0.0496, 'ndcg@1': 0.0496, 'hit@5': 0.1426, 'ndcg@5': 0.0976, 'hit@10': 0.1913, 'ndcg@10': 0.1133, 'hit@15': 0.2215, 'ndcg@15': 0.1213, 'hit@20': 0.2448, 'ndcg@20': 0.1268, 'hit@40': 0.3015, 'ndcg@40': 0.1384} 
2024-10-15 18:41:34.343 | INFO     | trainer_1:_train_one_epoch:209 - test 37 cost time 12.20s, result: {'hit@1': 0.0406, 'ndcg@1': 0.0406, 'hit@5': 0.1202, 'ndcg@5': 0.0818, 'hit@10': 0.1636, 'ndcg@10': 0.0958, 'hit@15': 0.1903, 'ndcg@15': 0.1028, 'hit@20': 0.2104, 'ndcg@20': 0.1076, 'hit@40': 0.263, 'ndcg@40': 0.1183} 
2024-10-15 18:41:58.441 | INFO     | trainer_1:_train_one_epoch:193 - epoch 38 16.73s Train loss is [0.2466] 
2024-10-15 18:42:10.773 | INFO     | trainer_1:_train_one_epoch:201 - validate 38 cost time 12.33s, result: {'hit@1': 0.0499, 'ndcg@1': 0.0499, 'hit@5': 0.1437, 'ndcg@5': 0.0981, 'hit@10': 0.191, 'ndcg@10': 0.1134, 'hit@15': 0.2211, 'ndcg@15': 0.1214, 'hit@20': 0.2447, 'ndcg@20': 0.1269, 'hit@40': 0.3011, 'ndcg@40': 0.1385} 
2024-10-15 18:42:22.916 | INFO     | trainer_1:_train_one_epoch:209 - test 38 cost time 12.14s, result: {'hit@1': 0.0406, 'ndcg@1': 0.0406, 'hit@5': 0.1222, 'ndcg@5': 0.0828, 'hit@10': 0.164, 'ndcg@10': 0.0963, 'hit@15': 0.1896, 'ndcg@15': 0.103, 'hit@20': 0.2103, 'ndcg@20': 0.1079, 'hit@40': 0.2639, 'ndcg@40': 0.1189} 
2024-10-15 18:42:47.088 | INFO     | trainer_1:_train_one_epoch:193 - epoch 39 16.59s Train loss is [0.2556] 
2024-10-15 18:42:59.491 | INFO     | trainer_1:_train_one_epoch:201 - validate 39 cost time 12.40s, result: {'hit@1': 0.049, 'ndcg@1': 0.049, 'hit@5': 0.1428, 'ndcg@5': 0.0976, 'hit@10': 0.1911, 'ndcg@10': 0.1132, 'hit@15': 0.2203, 'ndcg@15': 0.1209, 'hit@20': 0.2428, 'ndcg@20': 0.1262, 'hit@40': 0.3019, 'ndcg@40': 0.1383} 
2024-10-15 18:43:11.722 | INFO     | trainer_1:_train_one_epoch:209 - test 39 cost time 12.23s, result: {'hit@1': 0.04, 'ndcg@1': 0.04, 'hit@5': 0.1217, 'ndcg@5': 0.0821, 'hit@10': 0.1646, 'ndcg@10': 0.0959, 'hit@15': 0.1901, 'ndcg@15': 0.1027, 'hit@20': 0.2116, 'ndcg@20': 0.1078, 'hit@40': 0.2634, 'ndcg@40': 0.1184} 
2024-10-15 18:43:36.125 | INFO     | trainer_1:_train_one_epoch:193 - epoch 40 17.07s Train loss is [0.2575] 
2024-10-15 18:43:50.864 | INFO     | trainer_1:_train_one_epoch:201 - validate 40 cost time 14.74s, result: {'hit@1': 0.0487, 'ndcg@1': 0.0487, 'hit@5': 0.1417, 'ndcg@5': 0.0967, 'hit@10': 0.19, 'ndcg@10': 0.1123, 'hit@15': 0.2208, 'ndcg@15': 0.1205, 'hit@20': 0.244, 'ndcg@20': 0.126, 'hit@40': 0.3017, 'ndcg@40': 0.1378} 
2024-10-15 18:44:05.435 | INFO     | trainer_1:_train_one_epoch:209 - test 40 cost time 14.57s, result: {'hit@1': 0.0402, 'ndcg@1': 0.0402, 'hit@5': 0.1216, 'ndcg@5': 0.0821, 'hit@10': 0.1639, 'ndcg@10': 0.0958, 'hit@15': 0.1917, 'ndcg@15': 0.1032, 'hit@20': 0.2112, 'ndcg@20': 0.1078, 'hit@40': 0.2634, 'ndcg@40': 0.1184} 
2024-10-15 18:44:22.403 | INFO     | trainer_1:_train_one_epoch:193 - epoch 41 16.97s Train loss is [0.2558] 
2024-10-15 18:44:34.753 | INFO     | trainer_1:_train_one_epoch:201 - validate 41 cost time 12.35s, result: {'hit@1': 0.0489, 'ndcg@1': 0.0489, 'hit@5': 0.1421, 'ndcg@5': 0.0971, 'hit@10': 0.1909, 'ndcg@10': 0.1129, 'hit@15': 0.2217, 'ndcg@15': 0.121, 'hit@20': 0.2438, 'ndcg@20': 0.1262, 'hit@40': 0.302, 'ndcg@40': 0.1381} 
2024-10-15 18:44:46.931 | INFO     | trainer_1:_train_one_epoch:209 - test 41 cost time 12.18s, result: {'hit@1': 0.0403, 'ndcg@1': 0.0403, 'hit@5': 0.1217, 'ndcg@5': 0.0824, 'hit@10': 0.1652, 'ndcg@10': 0.0965, 'hit@15': 0.1928, 'ndcg@15': 0.1038, 'hit@20': 0.2135, 'ndcg@20': 0.1087, 'hit@40': 0.2649, 'ndcg@40': 0.1192} 
2024-10-15 18:45:11.294 | INFO     | trainer_1:_train_one_epoch:193 - epoch 42 16.61s Train loss is [0.2588] 
2024-10-15 18:45:23.709 | INFO     | trainer_1:_train_one_epoch:201 - validate 42 cost time 12.42s, result: {'hit@1': 0.0495, 'ndcg@1': 0.0495, 'hit@5': 0.1413, 'ndcg@5': 0.0971, 'hit@10': 0.1923, 'ndcg@10': 0.1135, 'hit@15': 0.2216, 'ndcg@15': 0.1213, 'hit@20': 0.2444, 'ndcg@20': 0.1267, 'hit@40': 0.3032, 'ndcg@40': 0.1387} 
2024-10-15 18:45:35.910 | INFO     | trainer_1:_train_one_epoch:209 - test 42 cost time 12.20s, result: {'hit@1': 0.0413, 'ndcg@1': 0.0413, 'hit@5': 0.1211, 'ndcg@5': 0.0827, 'hit@10': 0.1654, 'ndcg@10': 0.0971, 'hit@15': 0.1928, 'ndcg@15': 0.1043, 'hit@20': 0.2134, 'ndcg@20': 0.1092, 'hit@40': 0.2659, 'ndcg@40': 0.1199} 
2024-10-15 18:45:59.753 | INFO     | trainer_1:_train_one_epoch:193 - epoch 43 16.51s Train loss is [0.2572] 
2024-10-15 18:46:12.082 | INFO     | trainer_1:_train_one_epoch:201 - validate 43 cost time 12.33s, result: {'hit@1': 0.0497, 'ndcg@1': 0.0497, 'hit@5': 0.1417, 'ndcg@5': 0.0973, 'hit@10': 0.1918, 'ndcg@10': 0.1135, 'hit@15': 0.2229, 'ndcg@15': 0.1217, 'hit@20': 0.2455, 'ndcg@20': 0.1271, 'hit@40': 0.3032, 'ndcg@40': 0.1389} 
2024-10-15 18:46:24.266 | INFO     | trainer_1:_train_one_epoch:209 - test 43 cost time 12.18s, result: {'hit@1': 0.0413, 'ndcg@1': 0.0413, 'hit@5': 0.1221, 'ndcg@5': 0.0831, 'hit@10': 0.1663, 'ndcg@10': 0.0974, 'hit@15': 0.1929, 'ndcg@15': 0.1044, 'hit@20': 0.2126, 'ndcg@20': 0.1091, 'hit@40': 0.2662, 'ndcg@40': 0.1201} 
2024-10-15 18:46:48.901 | INFO     | trainer_1:_train_one_epoch:193 - epoch 44 17.28s Train loss is [0.2589] 
2024-10-15 18:47:03.665 | INFO     | trainer_1:_train_one_epoch:201 - validate 44 cost time 14.76s, result: {'hit@1': 0.0495, 'ndcg@1': 0.0495, 'hit@5': 0.1429, 'ndcg@5': 0.0978, 'hit@10': 0.1919, 'ndcg@10': 0.1136, 'hit@15': 0.223, 'ndcg@15': 0.1218, 'hit@20': 0.2446, 'ndcg@20': 0.1269, 'hit@40': 0.3021, 'ndcg@40': 0.1387} 
2024-10-15 18:47:18.255 | INFO     | trainer_1:_train_one_epoch:209 - test 44 cost time 14.59s, result: {'hit@1': 0.0413, 'ndcg@1': 0.0413, 'hit@5': 0.1238, 'ndcg@5': 0.0838, 'hit@10': 0.1673, 'ndcg@10': 0.0979, 'hit@15': 0.1942, 'ndcg@15': 0.105, 'hit@20': 0.2141, 'ndcg@20': 0.1097, 'hit@40': 0.2677, 'ndcg@40': 0.1207} 
2024-10-15 18:47:43.274 | INFO     | trainer_1:_train_one_epoch:193 - epoch 45 17.38s Train loss is [0.2549] 
2024-10-15 18:47:58.012 | INFO     | trainer_1:_train_one_epoch:201 - validate 45 cost time 14.74s, result: {'hit@1': 0.0498, 'ndcg@1': 0.0498, 'hit@5': 0.1434, 'ndcg@5': 0.098, 'hit@10': 0.1933, 'ndcg@10': 0.1142, 'hit@15': 0.2239, 'ndcg@15': 0.1222, 'hit@20': 0.2454, 'ndcg@20': 0.1273, 'hit@40': 0.3031, 'ndcg@40': 0.1391} 
2024-10-15 18:48:12.570 | INFO     | trainer_1:_train_one_epoch:209 - test 45 cost time 14.56s, result: {'hit@1': 0.0421, 'ndcg@1': 0.0421, 'hit@5': 0.1231, 'ndcg@5': 0.0838, 'hit@10': 0.1666, 'ndcg@10': 0.0979, 'hit@15': 0.1943, 'ndcg@15': 0.1052, 'hit@20': 0.2147, 'ndcg@20': 0.11, 'hit@40': 0.2684, 'ndcg@40': 0.121} 
2024-10-15 18:48:29.315 | INFO     | trainer_1:_train_one_epoch:193 - epoch 46 16.74s Train loss is [0.2550] 
2024-10-15 18:48:41.708 | INFO     | trainer_1:_train_one_epoch:201 - validate 46 cost time 12.39s, result: {'hit@1': 0.0501, 'ndcg@1': 0.0501, 'hit@5': 0.1424, 'ndcg@5': 0.0977, 'hit@10': 0.1904, 'ndcg@10': 0.1132, 'hit@15': 0.2214, 'ndcg@15': 0.1214, 'hit@20': 0.2436, 'ndcg@20': 0.1266, 'hit@40': 0.3006, 'ndcg@40': 0.1383} 
2024-10-15 18:48:53.909 | INFO     | trainer_1:_train_one_epoch:209 - test 46 cost time 12.20s, result: {'hit@1': 0.0419, 'ndcg@1': 0.0419, 'hit@5': 0.1225, 'ndcg@5': 0.0834, 'hit@10': 0.1658, 'ndcg@10': 0.0974, 'hit@15': 0.1931, 'ndcg@15': 0.1046, 'hit@20': 0.214, 'ndcg@20': 0.1095, 'hit@40': 0.2655, 'ndcg@40': 0.1201} 
2024-10-15 18:49:10.556 | INFO     | trainer_1:_train_one_epoch:193 - epoch 47 16.65s Train loss is [0.2535] 
2024-10-15 18:49:22.922 | INFO     | trainer_1:_train_one_epoch:201 - validate 47 cost time 12.37s, result: {'hit@1': 0.0502, 'ndcg@1': 0.0502, 'hit@5': 0.1438, 'ndcg@5': 0.0984, 'hit@10': 0.1923, 'ndcg@10': 0.1141, 'hit@15': 0.2222, 'ndcg@15': 0.122, 'hit@20': 0.2448, 'ndcg@20': 0.1274, 'hit@40': 0.3025, 'ndcg@40': 0.1392} 
2024-10-15 18:49:35.120 | INFO     | trainer_1:_train_one_epoch:209 - test 47 cost time 12.20s, result: {'hit@1': 0.0418, 'ndcg@1': 0.0418, 'hit@5': 0.1237, 'ndcg@5': 0.0841, 'hit@10': 0.168, 'ndcg@10': 0.0984, 'hit@15': 0.1929, 'ndcg@15': 0.1049, 'hit@20': 0.2133, 'ndcg@20': 0.1098, 'hit@40': 0.2658, 'ndcg@40': 0.1205} 
2024-10-15 18:49:59.280 | INFO     | trainer_1:_train_one_epoch:193 - epoch 48 16.74s Train loss is [0.2573] 
2024-10-15 18:50:11.658 | INFO     | trainer_1:_train_one_epoch:201 - validate 48 cost time 12.38s, result: {'hit@1': 0.0504, 'ndcg@1': 0.0504, 'hit@5': 0.1425, 'ndcg@5': 0.0978, 'hit@10': 0.192, 'ndcg@10': 0.1138, 'hit@15': 0.2218, 'ndcg@15': 0.1217, 'hit@20': 0.2446, 'ndcg@20': 0.1271, 'hit@40': 0.3028, 'ndcg@40': 0.139} 
2024-10-15 18:50:23.839 | INFO     | trainer_1:_train_one_epoch:209 - test 48 cost time 12.18s, result: {'hit@1': 0.0425, 'ndcg@1': 0.0425, 'hit@5': 0.1227, 'ndcg@5': 0.0839, 'hit@10': 0.1671, 'ndcg@10': 0.0983, 'hit@15': 0.1925, 'ndcg@15': 0.105, 'hit@20': 0.213, 'ndcg@20': 0.1099, 'hit@40': 0.2652, 'ndcg@40': 0.1206} 
2024-10-15 18:50:40.432 | INFO     | trainer_1:_train_one_epoch:193 - epoch 49 16.59s Train loss is [0.2562] 
2024-10-15 18:50:52.818 | INFO     | trainer_1:_train_one_epoch:201 - validate 49 cost time 12.39s, result: {'hit@1': 0.0503, 'ndcg@1': 0.0503, 'hit@5': 0.1429, 'ndcg@5': 0.0981, 'hit@10': 0.1928, 'ndcg@10': 0.1142, 'hit@15': 0.2229, 'ndcg@15': 0.1222, 'hit@20': 0.2461, 'ndcg@20': 0.1277, 'hit@40': 0.3025, 'ndcg@40': 0.1392} 
2024-10-15 18:51:05.036 | INFO     | trainer_1:_train_one_epoch:209 - test 49 cost time 12.22s, result: {'hit@1': 0.0425, 'ndcg@1': 0.0425, 'hit@5': 0.1233, 'ndcg@5': 0.0841, 'hit@10': 0.1679, 'ndcg@10': 0.0986, 'hit@15': 0.1937, 'ndcg@15': 0.1054, 'hit@20': 0.2146, 'ndcg@20': 0.1103, 'hit@40': 0.2675, 'ndcg@40': 0.1212} 
2024-10-15 18:51:21.853 | INFO     | trainer_1:_train_one_epoch:193 - epoch 50 16.82s Train loss is [0.2498] 
2024-10-15 18:51:34.229 | INFO     | trainer_1:_train_one_epoch:201 - validate 50 cost time 12.38s, result: {'hit@1': 0.0505, 'ndcg@1': 0.0505, 'hit@5': 0.1443, 'ndcg@5': 0.0988, 'hit@10': 0.1922, 'ndcg@10': 0.1143, 'hit@15': 0.2233, 'ndcg@15': 0.1226, 'hit@20': 0.2473, 'ndcg@20': 0.1282, 'hit@40': 0.3031, 'ndcg@40': 0.1396} 
2024-10-15 18:51:46.426 | INFO     | trainer_1:_train_one_epoch:209 - test 50 cost time 12.20s, result: {'hit@1': 0.0418, 'ndcg@1': 0.0418, 'hit@5': 0.1235, 'ndcg@5': 0.0838, 'hit@10': 0.1675, 'ndcg@10': 0.098, 'hit@15': 0.1943, 'ndcg@15': 0.1051, 'hit@20': 0.2138, 'ndcg@20': 0.1097, 'hit@40': 0.2674, 'ndcg@40': 0.1207} 
2024-10-15 18:52:03.105 | INFO     | trainer_1:_train_one_epoch:193 - epoch 51 16.68s Train loss is [0.2507] 
2024-10-15 18:52:15.500 | INFO     | trainer_1:_train_one_epoch:201 - validate 51 cost time 12.40s, result: {'hit@1': 0.0511, 'ndcg@1': 0.0511, 'hit@5': 0.1439, 'ndcg@5': 0.0991, 'hit@10': 0.1945, 'ndcg@10': 0.1155, 'hit@15': 0.226, 'ndcg@15': 0.1238, 'hit@20': 0.2479, 'ndcg@20': 0.129, 'hit@40': 0.3048, 'ndcg@40': 0.1406} 
2024-10-15 18:52:27.711 | INFO     | trainer_1:_train_one_epoch:209 - test 51 cost time 12.21s, result: {'hit@1': 0.0424, 'ndcg@1': 0.0424, 'hit@5': 0.1245, 'ndcg@5': 0.0846, 'hit@10': 0.1685, 'ndcg@10': 0.0988, 'hit@15': 0.195, 'ndcg@15': 0.1058, 'hit@20': 0.2157, 'ndcg@20': 0.1107, 'hit@40': 0.2683, 'ndcg@40': 0.1214} 
2024-10-15 18:52:52.196 | INFO     | trainer_1:_train_one_epoch:193 - epoch 52 16.74s Train loss is [0.2532] 
2024-10-15 18:53:04.539 | INFO     | trainer_1:_train_one_epoch:201 - validate 52 cost time 12.34s, result: {'hit@1': 0.0507, 'ndcg@1': 0.0507, 'hit@5': 0.1447, 'ndcg@5': 0.0992, 'hit@10': 0.1939, 'ndcg@10': 0.1151, 'hit@15': 0.2247, 'ndcg@15': 0.1233, 'hit@20': 0.2469, 'ndcg@20': 0.1285, 'hit@40': 0.3057, 'ndcg@40': 0.1406} 
2024-10-15 18:53:16.700 | INFO     | trainer_1:_train_one_epoch:209 - test 52 cost time 12.16s, result: {'hit@1': 0.0421, 'ndcg@1': 0.0421, 'hit@5': 0.1243, 'ndcg@5': 0.0844, 'hit@10': 0.1689, 'ndcg@10': 0.0988, 'hit@15': 0.1955, 'ndcg@15': 0.1059, 'hit@20': 0.2163, 'ndcg@20': 0.1108, 'hit@40': 0.2681, 'ndcg@40': 0.1214} 
2024-10-15 18:53:40.593 | INFO     | trainer_1:_train_one_epoch:193 - epoch 53 16.57s Train loss is [0.2451] 
2024-10-15 18:53:52.981 | INFO     | trainer_1:_train_one_epoch:201 - validate 53 cost time 12.39s, result: {'hit@1': 0.0509, 'ndcg@1': 0.0509, 'hit@5': 0.144, 'ndcg@5': 0.0991, 'hit@10': 0.1939, 'ndcg@10': 0.1153, 'hit@15': 0.2248, 'ndcg@15': 0.1234, 'hit@20': 0.2477, 'ndcg@20': 0.1289, 'hit@40': 0.3047, 'ndcg@40': 0.1405} 
2024-10-15 18:54:05.183 | INFO     | trainer_1:_train_one_epoch:209 - test 53 cost time 12.20s, result: {'hit@1': 0.0426, 'ndcg@1': 0.0426, 'hit@5': 0.1246, 'ndcg@5': 0.0849, 'hit@10': 0.1675, 'ndcg@10': 0.0988, 'hit@15': 0.1952, 'ndcg@15': 0.1061, 'hit@20': 0.2155, 'ndcg@20': 0.1109, 'hit@40': 0.2694, 'ndcg@40': 0.1219} 
2024-10-15 18:54:21.764 | INFO     | trainer_1:_train_one_epoch:193 - epoch 54 16.58s Train loss is [0.2493] 
2024-10-15 18:54:34.179 | INFO     | trainer_1:_train_one_epoch:201 - validate 54 cost time 12.41s, result: {'hit@1': 0.0507, 'ndcg@1': 0.0507, 'hit@5': 0.1439, 'ndcg@5': 0.0989, 'hit@10': 0.1929, 'ndcg@10': 0.1148, 'hit@15': 0.2244, 'ndcg@15': 0.1231, 'hit@20': 0.2475, 'ndcg@20': 0.1285, 'hit@40': 0.305, 'ndcg@40': 0.1403} 
2024-10-15 18:54:46.410 | INFO     | trainer_1:_train_one_epoch:209 - test 54 cost time 12.23s, result: {'hit@1': 0.0426, 'ndcg@1': 0.0426, 'hit@5': 0.1246, 'ndcg@5': 0.0846, 'hit@10': 0.167, 'ndcg@10': 0.0983, 'hit@15': 0.1952, 'ndcg@15': 0.1057, 'hit@20': 0.2155, 'ndcg@20': 0.1105, 'hit@40': 0.2685, 'ndcg@40': 0.1213} 
2024-10-15 18:55:03.123 | INFO     | trainer_1:_train_one_epoch:193 - epoch 55 16.71s Train loss is [0.2502] 
2024-10-15 18:55:15.500 | INFO     | trainer_1:_train_one_epoch:201 - validate 55 cost time 12.38s, result: {'hit@1': 0.0498, 'ndcg@1': 0.0498, 'hit@5': 0.1431, 'ndcg@5': 0.098, 'hit@10': 0.1932, 'ndcg@10': 0.1141, 'hit@15': 0.2237, 'ndcg@15': 0.1222, 'hit@20': 0.246, 'ndcg@20': 0.1275, 'hit@40': 0.3058, 'ndcg@40': 0.1397} 
2024-10-15 18:55:27.785 | INFO     | trainer_1:_train_one_epoch:209 - test 55 cost time 12.29s, result: {'hit@1': 0.042, 'ndcg@1': 0.042, 'hit@5': 0.123, 'ndcg@5': 0.0837, 'hit@10': 0.1663, 'ndcg@10': 0.0977, 'hit@15': 0.1936, 'ndcg@15': 0.1049, 'hit@20': 0.2135, 'ndcg@20': 0.1096, 'hit@40': 0.2668, 'ndcg@40': 0.1205} 
2024-10-15 18:55:45.370 | INFO     | trainer_1:_train_one_epoch:193 - epoch 56 17.58s Train loss is [0.2532] 
2024-10-15 18:56:00.155 | INFO     | trainer_1:_train_one_epoch:201 - validate 56 cost time 14.78s, result: {'hit@1': 0.0503, 'ndcg@1': 0.0503, 'hit@5': 0.1437, 'ndcg@5': 0.0985, 'hit@10': 0.1933, 'ndcg@10': 0.1146, 'hit@15': 0.2243, 'ndcg@15': 0.1228, 'hit@20': 0.2467, 'ndcg@20': 0.1281, 'hit@40': 0.3064, 'ndcg@40': 0.1403} 
2024-10-15 18:56:14.946 | INFO     | trainer_1:_train_one_epoch:209 - test 56 cost time 14.79s, result: {'hit@1': 0.042, 'ndcg@1': 0.042, 'hit@5': 0.1239, 'ndcg@5': 0.0842, 'hit@10': 0.1673, 'ndcg@10': 0.0982, 'hit@15': 0.194, 'ndcg@15': 0.1053, 'hit@20': 0.2143, 'ndcg@20': 0.1101, 'hit@40': 0.2673, 'ndcg@40': 0.1209} 
2024-10-15 18:56:31.896 | INFO     | trainer_1:_train_one_epoch:193 - epoch 57 16.95s Train loss is [0.2487] 
2024-10-15 18:56:44.412 | INFO     | trainer_1:_train_one_epoch:201 - validate 57 cost time 12.52s, result: {'hit@1': 0.0503, 'ndcg@1': 0.0503, 'hit@5': 0.144, 'ndcg@5': 0.0986, 'hit@10': 0.1939, 'ndcg@10': 0.1148, 'hit@15': 0.2254, 'ndcg@15': 0.1231, 'hit@20': 0.2472, 'ndcg@20': 0.1283, 'hit@40': 0.3081, 'ndcg@40': 0.1407} 
2024-10-15 18:56:56.641 | INFO     | trainer_1:_train_one_epoch:209 - test 57 cost time 12.23s, result: {'hit@1': 0.0417, 'ndcg@1': 0.0417, 'hit@5': 0.1238, 'ndcg@5': 0.0842, 'hit@10': 0.1667, 'ndcg@10': 0.0981, 'hit@15': 0.1943, 'ndcg@15': 0.1054, 'hit@20': 0.2151, 'ndcg@20': 0.1103, 'hit@40': 0.267, 'ndcg@40': 0.1209} 
2024-10-15 18:56:56.670 | INFO     | trainer_1:train_model:163 - training end, best iteration 52, results: {'hit@1': 0.0507, 'ndcg@1': 0.0507, 'hit@5': 0.1447, 'ndcg@5': 0.0992, 'hit@10': 0.1939, 'ndcg@10': 0.1151, 'hit@15': 0.2247, 'ndcg@15': 0.1233, 'hit@20': 0.2469, 'ndcg@20': 0.1285, 'hit@40': 0.3057, 'ndcg@40': 0.1406}
2024-10-15 18:56:56.670 | INFO     | trainer_1:train_model:166 - final test result is:  {'hit@1': 0.0421, 'ndcg@1': 0.0421, 'hit@5': 0.1243, 'ndcg@5': 0.0844, 'hit@10': 0.1689, 'ndcg@10': 0.0988, 'hit@15': 0.1955, 'ndcg@15': 0.1059, 'hit@20': 0.2163, 'ndcg@20': 0.1108, 'hit@40': 0.2681, 'ndcg@40': 0.1214}
2024-10-15 18:56:56.914 | INFO     | __main__:<module>:119 - train end total cost time: 3104.9817566871643
