2024-10-15 15:35:04.161 | INFO     | __main__:<module>:105 - Namespace(TIME='2024-10-15 15_34_21', batch_size=1024, behaviors=['view', 'cart', 'buy'], check_point='model_pre_1_2024-10-15 14_50_31.pth', data_name='taobao', data_path='./data/taobao', decay=0.001, device='cuda:0', dim_qk=32, dim_v=64, distill_layers=4, distill_thres=0.5, distill_topK=60, distill_userK=2, embedding_size=64, epochs=100, gpu_no=1, if_load_model=True, ii_lambda=200, initializer_range=0.02, layers=2, loss_type='bpr', lr=0.001, message_dropout=0.25, metrics=['hit', 'ndcg'], min_epoch=5, model_name='main_1_zz', model_path='./check_point', node_dropout=0.75, omega=1, pt_loop=50, reg_weight=0.001, test_batch_size=1024, testbatch=1024, topk=[1, 5, 10, 15, 20, 40], uu_lambda=100)
2024-10-15 15:35:04.161 | INFO     | __main__:<module>:106 - BIPN(
  (message_dropout): Dropout(p=0.25, inplace=False)
  (user_embedding): Embedding(48750, 64, padding_idx=0)
  (item_embedding): Embedding(39494, 64, padding_idx=0)
  (global_Graph): LightGCN()
  (Graph_encoder): ModuleDict(
    (view): GraphEncoder(
      (light): LightGCN()
      (dropout): Dropout(p=0.75, inplace=False)
    )
    (cart): GraphEncoder(
      (light): LightGCN()
      (dropout): Dropout(p=0.75, inplace=False)
    )
    (buy): GraphEncoder(
      (light): LightGCN()
      (dropout): Dropout(p=0.75, inplace=False)
    )
  )
  (attention): Mutual_Attention()
  (bpr_loss): BPRLoss()
  (emb_loss): EmbLoss()
  (f): Sigmoid()
)
2024-10-15 15:37:04.900 | INFO     | trainer_1:_train_one_epoch:193 - epoch 1 16.33s Train loss is [0.6702] 
2024-10-15 15:37:17.836 | INFO     | trainer_1:_train_one_epoch:201 - validate 1 cost time 12.94s, result: {'hit@1': 0.0427, 'ndcg@1': 0.0427, 'hit@5': 0.1057, 'ndcg@5': 0.0756, 'hit@10': 0.1404, 'ndcg@10': 0.0868, 'hit@15': 0.1617, 'ndcg@15': 0.0924, 'hit@20': 0.1781, 'ndcg@20': 0.0963, 'hit@40': 0.2234, 'ndcg@40': 0.1055} 
2024-10-15 15:37:30.578 | INFO     | trainer_1:_train_one_epoch:209 - test 1 cost time 12.74s, result: {'hit@1': 0.0331, 'ndcg@1': 0.0331, 'hit@5': 0.0868, 'ndcg@5': 0.0611, 'hit@10': 0.116, 'ndcg@10': 0.0705, 'hit@15': 0.135, 'ndcg@15': 0.0755, 'hit@20': 0.1483, 'ndcg@20': 0.0787, 'hit@40': 0.1871, 'ndcg@40': 0.0866} 
2024-10-15 15:37:54.668 | INFO     | trainer_1:_train_one_epoch:193 - epoch 2 16.30s Train loss is [0.4387] 
2024-10-15 15:38:07.613 | INFO     | trainer_1:_train_one_epoch:201 - validate 2 cost time 12.94s, result: {'hit@1': 0.0454, 'ndcg@1': 0.0454, 'hit@5': 0.1175, 'ndcg@5': 0.0828, 'hit@10': 0.1538, 'ndcg@10': 0.0946, 'hit@15': 0.178, 'ndcg@15': 0.101, 'hit@20': 0.1964, 'ndcg@20': 0.1053, 'hit@40': 0.2424, 'ndcg@40': 0.1147} 
2024-10-15 15:38:20.341 | INFO     | trainer_1:_train_one_epoch:209 - test 2 cost time 12.73s, result: {'hit@1': 0.0371, 'ndcg@1': 0.0371, 'hit@5': 0.0986, 'ndcg@5': 0.0689, 'hit@10': 0.1297, 'ndcg@10': 0.0789, 'hit@15': 0.1508, 'ndcg@15': 0.0845, 'hit@20': 0.1664, 'ndcg@20': 0.0882, 'hit@40': 0.2056, 'ndcg@40': 0.0962} 
2024-10-15 15:38:44.661 | INFO     | trainer_1:_train_one_epoch:193 - epoch 3 16.13s Train loss is [0.4053] 
2024-10-15 15:38:57.561 | INFO     | trainer_1:_train_one_epoch:201 - validate 3 cost time 12.90s, result: {'hit@1': 0.0465, 'ndcg@1': 0.0465, 'hit@5': 0.1222, 'ndcg@5': 0.0858, 'hit@10': 0.1592, 'ndcg@10': 0.0977, 'hit@15': 0.1833, 'ndcg@15': 0.1041, 'hit@20': 0.2023, 'ndcg@20': 0.1086, 'hit@40': 0.2489, 'ndcg@40': 0.1181} 
2024-10-15 15:39:10.298 | INFO     | trainer_1:_train_one_epoch:209 - test 3 cost time 12.74s, result: {'hit@1': 0.0394, 'ndcg@1': 0.0394, 'hit@5': 0.1036, 'ndcg@5': 0.0728, 'hit@10': 0.1372, 'ndcg@10': 0.0836, 'hit@15': 0.1579, 'ndcg@15': 0.0891, 'hit@20': 0.1732, 'ndcg@20': 0.0927, 'hit@40': 0.2141, 'ndcg@40': 0.1011} 
2024-10-15 15:39:34.659 | INFO     | trainer_1:_train_one_epoch:193 - epoch 4 16.47s Train loss is [0.3726] 
2024-10-15 15:39:47.487 | INFO     | trainer_1:_train_one_epoch:201 - validate 4 cost time 12.83s, result: {'hit@1': 0.0483, 'ndcg@1': 0.0483, 'hit@5': 0.1279, 'ndcg@5': 0.0895, 'hit@10': 0.1686, 'ndcg@10': 0.1027, 'hit@15': 0.194, 'ndcg@15': 0.1094, 'hit@20': 0.2115, 'ndcg@20': 0.1136, 'hit@40': 0.2593, 'ndcg@40': 0.1233} 
2024-10-15 15:40:00.282 | INFO     | trainer_1:_train_one_epoch:209 - test 4 cost time 12.79s, result: {'hit@1': 0.041, 'ndcg@1': 0.041, 'hit@5': 0.1078, 'ndcg@5': 0.0759, 'hit@10': 0.1424, 'ndcg@10': 0.0871, 'hit@15': 0.164, 'ndcg@15': 0.0928, 'hit@20': 0.1796, 'ndcg@20': 0.0965, 'hit@40': 0.2226, 'ndcg@40': 0.1053} 
2024-10-15 15:40:31.309 | INFO     | trainer_1:_train_one_epoch:193 - epoch 5 22.29s Train loss is [0.3490] 
2024-10-15 15:40:43.920 | INFO     | trainer_1:_train_one_epoch:201 - validate 5 cost time 12.61s, result: {'hit@1': 0.05, 'ndcg@1': 0.05, 'hit@5': 0.131, 'ndcg@5': 0.0919, 'hit@10': 0.1703, 'ndcg@10': 0.1046, 'hit@15': 0.1952, 'ndcg@15': 0.1112, 'hit@20': 0.2135, 'ndcg@20': 0.1155, 'hit@40': 0.2623, 'ndcg@40': 0.1255} 
2024-10-15 15:40:56.213 | INFO     | trainer_1:_train_one_epoch:209 - test 5 cost time 12.29s, result: {'hit@1': 0.0405, 'ndcg@1': 0.0405, 'hit@5': 0.1108, 'ndcg@5': 0.077, 'hit@10': 0.1448, 'ndcg@10': 0.088, 'hit@15': 0.1669, 'ndcg@15': 0.0939, 'hit@20': 0.1827, 'ndcg@20': 0.0976, 'hit@40': 0.2232, 'ndcg@40': 0.1059} 
2024-10-15 15:41:25.822 | INFO     | trainer_1:_train_one_epoch:193 - epoch 6 22.05s Train loss is [0.3408] 
2024-10-15 15:41:38.407 | INFO     | trainer_1:_train_one_epoch:201 - validate 6 cost time 12.58s, result: {'hit@1': 0.0511, 'ndcg@1': 0.0511, 'hit@5': 0.1335, 'ndcg@5': 0.0938, 'hit@10': 0.1737, 'ndcg@10': 0.1068, 'hit@15': 0.199, 'ndcg@15': 0.1135, 'hit@20': 0.2179, 'ndcg@20': 0.118, 'hit@40': 0.2672, 'ndcg@40': 0.1281} 
2024-10-15 15:41:50.630 | INFO     | trainer_1:_train_one_epoch:209 - test 6 cost time 12.22s, result: {'hit@1': 0.0417, 'ndcg@1': 0.0417, 'hit@5': 0.1132, 'ndcg@5': 0.0787, 'hit@10': 0.1473, 'ndcg@10': 0.0898, 'hit@15': 0.1692, 'ndcg@15': 0.0956, 'hit@20': 0.1858, 'ndcg@20': 0.0995, 'hit@40': 0.2287, 'ndcg@40': 0.1083} 
2024-10-15 15:42:21.154 | INFO     | trainer_1:_train_one_epoch:193 - epoch 7 22.51s Train loss is [0.3359] 
2024-10-15 15:42:33.689 | INFO     | trainer_1:_train_one_epoch:201 - validate 7 cost time 12.54s, result: {'hit@1': 0.0513, 'ndcg@1': 0.0513, 'hit@5': 0.1348, 'ndcg@5': 0.0946, 'hit@10': 0.176, 'ndcg@10': 0.108, 'hit@15': 0.2011, 'ndcg@15': 0.1146, 'hit@20': 0.2204, 'ndcg@20': 0.1192, 'hit@40': 0.2691, 'ndcg@40': 0.1291} 
2024-10-15 15:42:45.923 | INFO     | trainer_1:_train_one_epoch:209 - test 7 cost time 12.23s, result: {'hit@1': 0.0422, 'ndcg@1': 0.0422, 'hit@5': 0.1142, 'ndcg@5': 0.0795, 'hit@10': 0.1521, 'ndcg@10': 0.0918, 'hit@15': 0.1734, 'ndcg@15': 0.0974, 'hit@20': 0.19, 'ndcg@20': 0.1013, 'hit@40': 0.2329, 'ndcg@40': 0.1101} 
2024-10-15 15:43:15.724 | INFO     | trainer_1:_train_one_epoch:193 - epoch 8 22.32s Train loss is [0.3212] 
2024-10-15 15:43:28.306 | INFO     | trainer_1:_train_one_epoch:201 - validate 8 cost time 12.58s, result: {'hit@1': 0.0516, 'ndcg@1': 0.0516, 'hit@5': 0.1372, 'ndcg@5': 0.0958, 'hit@10': 0.1775, 'ndcg@10': 0.1088, 'hit@15': 0.2035, 'ndcg@15': 0.1157, 'hit@20': 0.2229, 'ndcg@20': 0.1203, 'hit@40': 0.2729, 'ndcg@40': 0.1305} 
2024-10-15 15:43:40.577 | INFO     | trainer_1:_train_one_epoch:209 - test 8 cost time 12.27s, result: {'hit@1': 0.0427, 'ndcg@1': 0.0427, 'hit@5': 0.1151, 'ndcg@5': 0.0804, 'hit@10': 0.1522, 'ndcg@10': 0.0924, 'hit@15': 0.1758, 'ndcg@15': 0.0986, 'hit@20': 0.1918, 'ndcg@20': 0.1024, 'hit@40': 0.2358, 'ndcg@40': 0.1114} 
2024-10-15 15:44:10.566 | INFO     | trainer_1:_train_one_epoch:193 - epoch 9 22.60s Train loss is [0.3179] 
2024-10-15 15:44:23.145 | INFO     | trainer_1:_train_one_epoch:201 - validate 9 cost time 12.58s, result: {'hit@1': 0.0533, 'ndcg@1': 0.0533, 'hit@5': 0.1392, 'ndcg@5': 0.0977, 'hit@10': 0.1813, 'ndcg@10': 0.1113, 'hit@15': 0.2085, 'ndcg@15': 0.1185, 'hit@20': 0.2278, 'ndcg@20': 0.1231, 'hit@40': 0.2773, 'ndcg@40': 0.1332} 
2024-10-15 15:44:35.396 | INFO     | trainer_1:_train_one_epoch:209 - test 9 cost time 12.25s, result: {'hit@1': 0.0434, 'ndcg@1': 0.0434, 'hit@5': 0.1178, 'ndcg@5': 0.082, 'hit@10': 0.1545, 'ndcg@10': 0.0939, 'hit@15': 0.1779, 'ndcg@15': 0.1001, 'hit@20': 0.1951, 'ndcg@20': 0.1042, 'hit@40': 0.2395, 'ndcg@40': 0.1132} 
2024-10-15 15:45:05.047 | INFO     | trainer_1:_train_one_epoch:193 - epoch 10 22.15s Train loss is [0.3080] 
2024-10-15 15:45:17.602 | INFO     | trainer_1:_train_one_epoch:201 - validate 10 cost time 12.55s, result: {'hit@1': 0.0518, 'ndcg@1': 0.0518, 'hit@5': 0.1385, 'ndcg@5': 0.0967, 'hit@10': 0.1829, 'ndcg@10': 0.1111, 'hit@15': 0.2093, 'ndcg@15': 0.1181, 'hit@20': 0.2283, 'ndcg@20': 0.1226, 'hit@40': 0.2788, 'ndcg@40': 0.1329} 
2024-10-15 15:45:29.891 | INFO     | trainer_1:_train_one_epoch:209 - test 10 cost time 12.29s, result: {'hit@1': 0.0432, 'ndcg@1': 0.0432, 'hit@5': 0.1185, 'ndcg@5': 0.0823, 'hit@10': 0.1564, 'ndcg@10': 0.0944, 'hit@15': 0.1801, 'ndcg@15': 0.1007, 'hit@20': 0.1972, 'ndcg@20': 0.1047, 'hit@40': 0.2418, 'ndcg@40': 0.1139} 
2024-10-15 15:45:59.057 | INFO     | trainer_1:_train_one_epoch:193 - epoch 11 21.83s Train loss is [0.2983] 
2024-10-15 15:46:11.568 | INFO     | trainer_1:_train_one_epoch:201 - validate 11 cost time 12.51s, result: {'hit@1': 0.0519, 'ndcg@1': 0.0519, 'hit@5': 0.1394, 'ndcg@5': 0.0973, 'hit@10': 0.1844, 'ndcg@10': 0.1119, 'hit@15': 0.2104, 'ndcg@15': 0.1188, 'hit@20': 0.2303, 'ndcg@20': 0.1235, 'hit@40': 0.2811, 'ndcg@40': 0.1338} 
2024-10-15 15:46:23.763 | INFO     | trainer_1:_train_one_epoch:209 - test 11 cost time 12.19s, result: {'hit@1': 0.0446, 'ndcg@1': 0.0446, 'hit@5': 0.1193, 'ndcg@5': 0.0832, 'hit@10': 0.1582, 'ndcg@10': 0.0958, 'hit@15': 0.1821, 'ndcg@15': 0.1021, 'hit@20': 0.1994, 'ndcg@20': 0.1062, 'hit@40': 0.2452, 'ndcg@40': 0.1155} 
2024-10-15 15:46:53.370 | INFO     | trainer_1:_train_one_epoch:193 - epoch 12 21.84s Train loss is [0.3037] 
2024-10-15 15:47:05.891 | INFO     | trainer_1:_train_one_epoch:201 - validate 12 cost time 12.52s, result: {'hit@1': 0.0526, 'ndcg@1': 0.0526, 'hit@5': 0.1397, 'ndcg@5': 0.098, 'hit@10': 0.1838, 'ndcg@10': 0.1122, 'hit@15': 0.2106, 'ndcg@15': 0.1193, 'hit@20': 0.2298, 'ndcg@20': 0.1239, 'hit@40': 0.2805, 'ndcg@40': 0.1342} 
2024-10-15 15:47:18.102 | INFO     | trainer_1:_train_one_epoch:209 - test 12 cost time 12.21s, result: {'hit@1': 0.0443, 'ndcg@1': 0.0443, 'hit@5': 0.12, 'ndcg@5': 0.0836, 'hit@10': 0.158, 'ndcg@10': 0.0958, 'hit@15': 0.182, 'ndcg@15': 0.1022, 'hit@20': 0.1999, 'ndcg@20': 0.1064, 'hit@40': 0.2463, 'ndcg@40': 0.1159} 
2024-10-15 15:47:39.916 | INFO     | trainer_1:_train_one_epoch:193 - epoch 13 21.81s Train loss is [0.2930] 
2024-10-15 15:47:52.415 | INFO     | trainer_1:_train_one_epoch:201 - validate 13 cost time 12.50s, result: {'hit@1': 0.0532, 'ndcg@1': 0.0532, 'hit@5': 0.1414, 'ndcg@5': 0.0992, 'hit@10': 0.1857, 'ndcg@10': 0.1135, 'hit@15': 0.2124, 'ndcg@15': 0.1206, 'hit@20': 0.2312, 'ndcg@20': 0.125, 'hit@40': 0.2823, 'ndcg@40': 0.1355} 
2024-10-15 15:48:04.697 | INFO     | trainer_1:_train_one_epoch:209 - test 13 cost time 12.28s, result: {'hit@1': 0.0443, 'ndcg@1': 0.0443, 'hit@5': 0.1206, 'ndcg@5': 0.0839, 'hit@10': 0.1588, 'ndcg@10': 0.0962, 'hit@15': 0.1826, 'ndcg@15': 0.1025, 'hit@20': 0.2003, 'ndcg@20': 0.1067, 'hit@40': 0.247, 'ndcg@40': 0.1162} 
2024-10-15 15:48:33.852 | INFO     | trainer_1:_train_one_epoch:193 - epoch 14 21.72s Train loss is [0.2958] 
2024-10-15 15:48:46.381 | INFO     | trainer_1:_train_one_epoch:201 - validate 14 cost time 12.53s, result: {'hit@1': 0.0537, 'ndcg@1': 0.0537, 'hit@5': 0.1434, 'ndcg@5': 0.1, 'hit@10': 0.1882, 'ndcg@10': 0.1146, 'hit@15': 0.2155, 'ndcg@15': 0.1218, 'hit@20': 0.2345, 'ndcg@20': 0.1263, 'hit@40': 0.2863, 'ndcg@40': 0.1368} 
2024-10-15 15:48:58.591 | INFO     | trainer_1:_train_one_epoch:209 - test 14 cost time 12.21s, result: {'hit@1': 0.0449, 'ndcg@1': 0.0449, 'hit@5': 0.1224, 'ndcg@5': 0.085, 'hit@10': 0.161, 'ndcg@10': 0.0975, 'hit@15': 0.1854, 'ndcg@15': 0.1039, 'hit@20': 0.2048, 'ndcg@20': 0.1085, 'hit@40': 0.2509, 'ndcg@40': 0.118} 
2024-10-15 15:49:28.262 | INFO     | trainer_1:_train_one_epoch:193 - epoch 15 21.93s Train loss is [0.2883] 
2024-10-15 15:49:40.802 | INFO     | trainer_1:_train_one_epoch:201 - validate 15 cost time 12.54s, result: {'hit@1': 0.0538, 'ndcg@1': 0.0538, 'hit@5': 0.1427, 'ndcg@5': 0.0998, 'hit@10': 0.1882, 'ndcg@10': 0.1146, 'hit@15': 0.2149, 'ndcg@15': 0.1216, 'hit@20': 0.2344, 'ndcg@20': 0.1262, 'hit@40': 0.2866, 'ndcg@40': 0.1369} 
2024-10-15 15:49:53.031 | INFO     | trainer_1:_train_one_epoch:209 - test 15 cost time 12.23s, result: {'hit@1': 0.045, 'ndcg@1': 0.045, 'hit@5': 0.1208, 'ndcg@5': 0.0843, 'hit@10': 0.1614, 'ndcg@10': 0.0974, 'hit@15': 0.1869, 'ndcg@15': 0.1042, 'hit@20': 0.2046, 'ndcg@20': 0.1083, 'hit@40': 0.2517, 'ndcg@40': 0.118} 
2024-10-15 15:50:22.205 | INFO     | trainer_1:_train_one_epoch:193 - epoch 16 21.81s Train loss is [0.2851] 
2024-10-15 15:50:34.757 | INFO     | trainer_1:_train_one_epoch:201 - validate 16 cost time 12.55s, result: {'hit@1': 0.0538, 'ndcg@1': 0.0538, 'hit@5': 0.143, 'ndcg@5': 0.1, 'hit@10': 0.1877, 'ndcg@10': 0.1145, 'hit@15': 0.2139, 'ndcg@15': 0.1214, 'hit@20': 0.2336, 'ndcg@20': 0.1261, 'hit@40': 0.2871, 'ndcg@40': 0.137} 
2024-10-15 15:50:46.976 | INFO     | trainer_1:_train_one_epoch:209 - test 16 cost time 12.22s, result: {'hit@1': 0.0442, 'ndcg@1': 0.0442, 'hit@5': 0.1233, 'ndcg@5': 0.085, 'hit@10': 0.1627, 'ndcg@10': 0.0977, 'hit@15': 0.1882, 'ndcg@15': 0.1045, 'hit@20': 0.2063, 'ndcg@20': 0.1087, 'hit@40': 0.2515, 'ndcg@40': 0.118} 
2024-10-15 15:51:16.136 | INFO     | trainer_1:_train_one_epoch:193 - epoch 17 21.73s Train loss is [0.2816] 
2024-10-15 15:51:28.646 | INFO     | trainer_1:_train_one_epoch:201 - validate 17 cost time 12.51s, result: {'hit@1': 0.0526, 'ndcg@1': 0.0526, 'hit@5': 0.1437, 'ndcg@5': 0.0998, 'hit@10': 0.1883, 'ndcg@10': 0.1143, 'hit@15': 0.215, 'ndcg@15': 0.1213, 'hit@20': 0.2359, 'ndcg@20': 0.1262, 'hit@40': 0.2874, 'ndcg@40': 0.1368} 
2024-10-15 15:51:40.903 | INFO     | trainer_1:_train_one_epoch:209 - test 17 cost time 12.26s, result: {'hit@1': 0.0449, 'ndcg@1': 0.0449, 'hit@5': 0.1235, 'ndcg@5': 0.0854, 'hit@10': 0.1644, 'ndcg@10': 0.0986, 'hit@15': 0.1892, 'ndcg@15': 0.1052, 'hit@20': 0.2069, 'ndcg@20': 0.1093, 'hit@40': 0.253, 'ndcg@40': 0.1188} 
2024-10-15 15:52:10.618 | INFO     | trainer_1:_train_one_epoch:193 - epoch 18 21.88s Train loss is [0.2791] 
2024-10-15 15:52:23.178 | INFO     | trainer_1:_train_one_epoch:201 - validate 18 cost time 12.56s, result: {'hit@1': 0.0529, 'ndcg@1': 0.0529, 'hit@5': 0.1438, 'ndcg@5': 0.0999, 'hit@10': 0.1889, 'ndcg@10': 0.1145, 'hit@15': 0.2157, 'ndcg@15': 0.1216, 'hit@20': 0.2356, 'ndcg@20': 0.1263, 'hit@40': 0.2867, 'ndcg@40': 0.1367} 
2024-10-15 15:52:35.433 | INFO     | trainer_1:_train_one_epoch:209 - test 18 cost time 12.25s, result: {'hit@1': 0.0454, 'ndcg@1': 0.0454, 'hit@5': 0.1238, 'ndcg@5': 0.086, 'hit@10': 0.1627, 'ndcg@10': 0.0986, 'hit@15': 0.1876, 'ndcg@15': 0.1052, 'hit@20': 0.2065, 'ndcg@20': 0.1096, 'hit@40': 0.253, 'ndcg@40': 0.1191} 
2024-10-15 15:52:57.194 | INFO     | trainer_1:_train_one_epoch:193 - epoch 19 21.76s Train loss is [0.2814] 
2024-10-15 15:53:09.765 | INFO     | trainer_1:_train_one_epoch:201 - validate 19 cost time 12.57s, result: {'hit@1': 0.0531, 'ndcg@1': 0.0531, 'hit@5': 0.1442, 'ndcg@5': 0.1004, 'hit@10': 0.1891, 'ndcg@10': 0.1149, 'hit@15': 0.2168, 'ndcg@15': 0.1222, 'hit@20': 0.2371, 'ndcg@20': 0.127, 'hit@40': 0.2884, 'ndcg@40': 0.1375} 
2024-10-15 15:53:22.088 | INFO     | trainer_1:_train_one_epoch:209 - test 19 cost time 12.32s, result: {'hit@1': 0.0446, 'ndcg@1': 0.0446, 'hit@5': 0.1248, 'ndcg@5': 0.086, 'hit@10': 0.1639, 'ndcg@10': 0.0986, 'hit@15': 0.1883, 'ndcg@15': 0.1051, 'hit@20': 0.2064, 'ndcg@20': 0.1094, 'hit@40': 0.2523, 'ndcg@40': 0.1188} 
2024-10-15 15:53:43.818 | INFO     | trainer_1:_train_one_epoch:193 - epoch 20 21.73s Train loss is [0.2777] 
2024-10-15 15:53:56.350 | INFO     | trainer_1:_train_one_epoch:201 - validate 20 cost time 12.53s, result: {'hit@1': 0.0533, 'ndcg@1': 0.0533, 'hit@5': 0.1436, 'ndcg@5': 0.1001, 'hit@10': 0.19, 'ndcg@10': 0.1151, 'hit@15': 0.2181, 'ndcg@15': 0.1226, 'hit@20': 0.2383, 'ndcg@20': 0.1273, 'hit@40': 0.2901, 'ndcg@40': 0.1379} 
2024-10-15 15:54:08.633 | INFO     | trainer_1:_train_one_epoch:209 - test 20 cost time 12.28s, result: {'hit@1': 0.0448, 'ndcg@1': 0.0448, 'hit@5': 0.1249, 'ndcg@5': 0.0863, 'hit@10': 0.1646, 'ndcg@10': 0.0992, 'hit@15': 0.1895, 'ndcg@15': 0.1058, 'hit@20': 0.207, 'ndcg@20': 0.1099, 'hit@40': 0.2546, 'ndcg@40': 0.1196} 
2024-10-15 15:54:38.436 | INFO     | trainer_1:_train_one_epoch:193 - epoch 21 22.38s Train loss is [0.2746] 
2024-10-15 15:54:50.977 | INFO     | trainer_1:_train_one_epoch:201 - validate 21 cost time 12.54s, result: {'hit@1': 0.0533, 'ndcg@1': 0.0533, 'hit@5': 0.144, 'ndcg@5': 0.1004, 'hit@10': 0.1895, 'ndcg@10': 0.1151, 'hit@15': 0.2162, 'ndcg@15': 0.1222, 'hit@20': 0.2368, 'ndcg@20': 0.127, 'hit@40': 0.2902, 'ndcg@40': 0.138} 
2024-10-15 15:55:03.294 | INFO     | trainer_1:_train_one_epoch:209 - test 21 cost time 12.32s, result: {'hit@1': 0.045, 'ndcg@1': 0.045, 'hit@5': 0.1239, 'ndcg@5': 0.0859, 'hit@10': 0.1642, 'ndcg@10': 0.0989, 'hit@15': 0.189, 'ndcg@15': 0.1055, 'hit@20': 0.2073, 'ndcg@20': 0.1098, 'hit@40': 0.253, 'ndcg@40': 0.1191} 
2024-10-15 15:55:26.025 | INFO     | trainer_1:_train_one_epoch:193 - epoch 22 22.73s Train loss is [0.2746] 
2024-10-15 15:55:38.595 | INFO     | trainer_1:_train_one_epoch:201 - validate 22 cost time 12.57s, result: {'hit@1': 0.0537, 'ndcg@1': 0.0537, 'hit@5': 0.1462, 'ndcg@5': 0.1016, 'hit@10': 0.1911, 'ndcg@10': 0.1161, 'hit@15': 0.2189, 'ndcg@15': 0.1235, 'hit@20': 0.2395, 'ndcg@20': 0.1284, 'hit@40': 0.2915, 'ndcg@40': 0.139} 
2024-10-15 15:55:50.826 | INFO     | trainer_1:_train_one_epoch:209 - test 22 cost time 12.23s, result: {'hit@1': 0.0452, 'ndcg@1': 0.0452, 'hit@5': 0.1246, 'ndcg@5': 0.0865, 'hit@10': 0.1653, 'ndcg@10': 0.0996, 'hit@15': 0.1895, 'ndcg@15': 0.106, 'hit@20': 0.2079, 'ndcg@20': 0.1104, 'hit@40': 0.2564, 'ndcg@40': 0.1203} 
2024-10-15 15:56:20.405 | INFO     | trainer_1:_train_one_epoch:193 - epoch 23 22.25s Train loss is [0.2702] 
2024-10-15 15:56:33.268 | INFO     | trainer_1:_train_one_epoch:201 - validate 23 cost time 12.86s, result: {'hit@1': 0.0544, 'ndcg@1': 0.0544, 'hit@5': 0.1447, 'ndcg@5': 0.1012, 'hit@10': 0.1913, 'ndcg@10': 0.1163, 'hit@15': 0.2184, 'ndcg@15': 0.1235, 'hit@20': 0.2399, 'ndcg@20': 0.1286, 'hit@40': 0.2907, 'ndcg@40': 0.139} 
2024-10-15 15:56:45.510 | INFO     | trainer_1:_train_one_epoch:209 - test 23 cost time 12.24s, result: {'hit@1': 0.0456, 'ndcg@1': 0.0456, 'hit@5': 0.126, 'ndcg@5': 0.0872, 'hit@10': 0.1658, 'ndcg@10': 0.1001, 'hit@15': 0.1907, 'ndcg@15': 0.1066, 'hit@20': 0.2083, 'ndcg@20': 0.1108, 'hit@40': 0.2549, 'ndcg@40': 0.1203} 
2024-10-15 15:57:15.258 | INFO     | trainer_1:_train_one_epoch:193 - epoch 24 22.38s Train loss is [0.2710] 
2024-10-15 15:57:27.743 | INFO     | trainer_1:_train_one_epoch:201 - validate 24 cost time 12.48s, result: {'hit@1': 0.0538, 'ndcg@1': 0.0538, 'hit@5': 0.1458, 'ndcg@5': 0.1016, 'hit@10': 0.1914, 'ndcg@10': 0.1164, 'hit@15': 0.2198, 'ndcg@15': 0.1239, 'hit@20': 0.2411, 'ndcg@20': 0.1289, 'hit@40': 0.2932, 'ndcg@40': 0.1396} 
2024-10-15 15:57:39.932 | INFO     | trainer_1:_train_one_epoch:209 - test 24 cost time 12.19s, result: {'hit@1': 0.0457, 'ndcg@1': 0.0457, 'hit@5': 0.1261, 'ndcg@5': 0.0873, 'hit@10': 0.1666, 'ndcg@10': 0.1004, 'hit@15': 0.1914, 'ndcg@15': 0.107, 'hit@20': 0.21, 'ndcg@20': 0.1114, 'hit@40': 0.2577, 'ndcg@40': 0.1211} 
2024-10-15 15:58:09.700 | INFO     | trainer_1:_train_one_epoch:193 - epoch 25 22.47s Train loss is [0.2662] 
2024-10-15 15:58:22.276 | INFO     | trainer_1:_train_one_epoch:201 - validate 25 cost time 12.58s, result: {'hit@1': 0.0537, 'ndcg@1': 0.0537, 'hit@5': 0.1459, 'ndcg@5': 0.1013, 'hit@10': 0.1925, 'ndcg@10': 0.1164, 'hit@15': 0.2212, 'ndcg@15': 0.124, 'hit@20': 0.2428, 'ndcg@20': 0.1291, 'hit@40': 0.2958, 'ndcg@40': 0.1399} 
2024-10-15 15:58:34.513 | INFO     | trainer_1:_train_one_epoch:209 - test 25 cost time 12.24s, result: {'hit@1': 0.0458, 'ndcg@1': 0.0458, 'hit@5': 0.1271, 'ndcg@5': 0.0878, 'hit@10': 0.1672, 'ndcg@10': 0.1008, 'hit@15': 0.1931, 'ndcg@15': 0.1077, 'hit@20': 0.2111, 'ndcg@20': 0.1119, 'hit@40': 0.2594, 'ndcg@40': 0.1218} 
2024-10-15 15:59:04.161 | INFO     | trainer_1:_train_one_epoch:193 - epoch 26 22.02s Train loss is [0.2633] 
2024-10-15 15:59:16.661 | INFO     | trainer_1:_train_one_epoch:201 - validate 26 cost time 12.50s, result: {'hit@1': 0.0533, 'ndcg@1': 0.0533, 'hit@5': 0.1461, 'ndcg@5': 0.1012, 'hit@10': 0.1941, 'ndcg@10': 0.1168, 'hit@15': 0.2219, 'ndcg@15': 0.1241, 'hit@20': 0.2427, 'ndcg@20': 0.129, 'hit@40': 0.2953, 'ndcg@40': 0.1398} 
2024-10-15 15:59:28.856 | INFO     | trainer_1:_train_one_epoch:209 - test 26 cost time 12.19s, result: {'hit@1': 0.0461, 'ndcg@1': 0.0461, 'hit@5': 0.126, 'ndcg@5': 0.0873, 'hit@10': 0.1666, 'ndcg@10': 0.1004, 'hit@15': 0.1925, 'ndcg@15': 0.1073, 'hit@20': 0.2107, 'ndcg@20': 0.1116, 'hit@40': 0.2587, 'ndcg@40': 0.1214} 
2024-10-15 15:59:50.622 | INFO     | trainer_1:_train_one_epoch:193 - epoch 27 21.77s Train loss is [0.2638] 
2024-10-15 16:00:03.595 | INFO     | trainer_1:_train_one_epoch:201 - validate 27 cost time 12.97s, result: {'hit@1': 0.0535, 'ndcg@1': 0.0535, 'hit@5': 0.1462, 'ndcg@5': 0.1014, 'hit@10': 0.1942, 'ndcg@10': 0.1169, 'hit@15': 0.2233, 'ndcg@15': 0.1246, 'hit@20': 0.2437, 'ndcg@20': 0.1295, 'hit@40': 0.297, 'ndcg@40': 0.1404} 
2024-10-15 16:00:16.387 | INFO     | trainer_1:_train_one_epoch:209 - test 27 cost time 12.79s, result: {'hit@1': 0.046, 'ndcg@1': 0.046, 'hit@5': 0.1266, 'ndcg@5': 0.0877, 'hit@10': 0.1673, 'ndcg@10': 0.1008, 'hit@15': 0.1936, 'ndcg@15': 0.1078, 'hit@20': 0.2128, 'ndcg@20': 0.1123, 'hit@40': 0.261, 'ndcg@40': 0.1221} 
2024-10-15 16:00:40.796 | INFO     | trainer_1:_train_one_epoch:193 - epoch 28 15.62s Train loss is [0.2629] 
2024-10-15 16:00:53.270 | INFO     | trainer_1:_train_one_epoch:201 - validate 28 cost time 12.47s, result: {'hit@1': 0.0522, 'ndcg@1': 0.0522, 'hit@5': 0.1457, 'ndcg@5': 0.1006, 'hit@10': 0.1922, 'ndcg@10': 0.1156, 'hit@15': 0.222, 'ndcg@15': 0.1235, 'hit@20': 0.2422, 'ndcg@20': 0.1283, 'hit@40': 0.2952, 'ndcg@40': 0.1391} 
2024-10-15 16:01:05.559 | INFO     | trainer_1:_train_one_epoch:209 - test 28 cost time 12.29s, result: {'hit@1': 0.0457, 'ndcg@1': 0.0457, 'hit@5': 0.1261, 'ndcg@5': 0.0873, 'hit@10': 0.1671, 'ndcg@10': 0.1006, 'hit@15': 0.1928, 'ndcg@15': 0.1074, 'hit@20': 0.2116, 'ndcg@20': 0.1118, 'hit@40': 0.2603, 'ndcg@40': 0.1218} 
2024-10-15 16:01:20.834 | INFO     | trainer_1:_train_one_epoch:193 - epoch 29 15.27s Train loss is [0.2595] 
2024-10-15 16:01:33.259 | INFO     | trainer_1:_train_one_epoch:201 - validate 29 cost time 12.42s, result: {'hit@1': 0.0534, 'ndcg@1': 0.0534, 'hit@5': 0.1468, 'ndcg@5': 0.1018, 'hit@10': 0.1947, 'ndcg@10': 0.1173, 'hit@15': 0.2235, 'ndcg@15': 0.1249, 'hit@20': 0.2443, 'ndcg@20': 0.1298, 'hit@40': 0.2966, 'ndcg@40': 0.1405} 
2024-10-15 16:01:45.537 | INFO     | trainer_1:_train_one_epoch:209 - test 29 cost time 12.28s, result: {'hit@1': 0.0447, 'ndcg@1': 0.0447, 'hit@5': 0.1275, 'ndcg@5': 0.0874, 'hit@10': 0.1688, 'ndcg@10': 0.1008, 'hit@15': 0.1937, 'ndcg@15': 0.1074, 'hit@20': 0.2133, 'ndcg@20': 0.112, 'hit@40': 0.2622, 'ndcg@40': 0.122} 
2024-10-15 16:02:08.802 | INFO     | trainer_1:_train_one_epoch:193 - epoch 30 15.10s Train loss is [0.2584] 
2024-10-15 16:02:21.201 | INFO     | trainer_1:_train_one_epoch:201 - validate 30 cost time 12.40s, result: {'hit@1': 0.0536, 'ndcg@1': 0.0536, 'hit@5': 0.1472, 'ndcg@5': 0.1021, 'hit@10': 0.1955, 'ndcg@10': 0.1177, 'hit@15': 0.2239, 'ndcg@15': 0.1252, 'hit@20': 0.2457, 'ndcg@20': 0.1304, 'hit@40': 0.2978, 'ndcg@40': 0.141} 
2024-10-15 16:02:33.421 | INFO     | trainer_1:_train_one_epoch:209 - test 30 cost time 12.22s, result: {'hit@1': 0.0457, 'ndcg@1': 0.0457, 'hit@5': 0.1285, 'ndcg@5': 0.0883, 'hit@10': 0.1691, 'ndcg@10': 0.1015, 'hit@15': 0.195, 'ndcg@15': 0.1083, 'hit@20': 0.2148, 'ndcg@20': 0.113, 'hit@40': 0.2632, 'ndcg@40': 0.1229} 
2024-10-15 16:02:56.061 | INFO     | trainer_1:_train_one_epoch:193 - epoch 31 15.19s Train loss is [0.2551] 
2024-10-15 16:03:08.486 | INFO     | trainer_1:_train_one_epoch:201 - validate 31 cost time 12.43s, result: {'hit@1': 0.0538, 'ndcg@1': 0.0538, 'hit@5': 0.1483, 'ndcg@5': 0.1026, 'hit@10': 0.1962, 'ndcg@10': 0.1181, 'hit@15': 0.2244, 'ndcg@15': 0.1256, 'hit@20': 0.2465, 'ndcg@20': 0.1308, 'hit@40': 0.2993, 'ndcg@40': 0.1416} 
2024-10-15 16:03:20.777 | INFO     | trainer_1:_train_one_epoch:209 - test 31 cost time 12.29s, result: {'hit@1': 0.0462, 'ndcg@1': 0.0462, 'hit@5': 0.1278, 'ndcg@5': 0.0884, 'hit@10': 0.169, 'ndcg@10': 0.1017, 'hit@15': 0.1957, 'ndcg@15': 0.1088, 'hit@20': 0.2142, 'ndcg@20': 0.1132, 'hit@40': 0.2627, 'ndcg@40': 0.1231} 
2024-10-15 16:03:35.978 | INFO     | trainer_1:_train_one_epoch:193 - epoch 32 15.20s Train loss is [0.2537] 
2024-10-15 16:03:48.405 | INFO     | trainer_1:_train_one_epoch:201 - validate 32 cost time 12.43s, result: {'hit@1': 0.0539, 'ndcg@1': 0.0539, 'hit@5': 0.1472, 'ndcg@5': 0.1021, 'hit@10': 0.1958, 'ndcg@10': 0.1179, 'hit@15': 0.2234, 'ndcg@15': 0.1252, 'hit@20': 0.2449, 'ndcg@20': 0.1303, 'hit@40': 0.2997, 'ndcg@40': 0.1415} 
2024-10-15 16:04:00.719 | INFO     | trainer_1:_train_one_epoch:209 - test 32 cost time 12.31s, result: {'hit@1': 0.0456, 'ndcg@1': 0.0456, 'hit@5': 0.1285, 'ndcg@5': 0.0884, 'hit@10': 0.1685, 'ndcg@10': 0.1014, 'hit@15': 0.1948, 'ndcg@15': 0.1083, 'hit@20': 0.2143, 'ndcg@20': 0.113, 'hit@40': 0.2627, 'ndcg@40': 0.1228} 
2024-10-15 16:04:15.860 | INFO     | trainer_1:_train_one_epoch:193 - epoch 33 15.14s Train loss is [0.2572] 
2024-10-15 16:04:28.272 | INFO     | trainer_1:_train_one_epoch:201 - validate 33 cost time 12.41s, result: {'hit@1': 0.0537, 'ndcg@1': 0.0537, 'hit@5': 0.1476, 'ndcg@5': 0.1023, 'hit@10': 0.1951, 'ndcg@10': 0.1177, 'hit@15': 0.2247, 'ndcg@15': 0.1255, 'hit@20': 0.2445, 'ndcg@20': 0.1302, 'hit@40': 0.2998, 'ndcg@40': 0.1415} 
2024-10-15 16:04:40.556 | INFO     | trainer_1:_train_one_epoch:209 - test 33 cost time 12.28s, result: {'hit@1': 0.0458, 'ndcg@1': 0.0458, 'hit@5': 0.1284, 'ndcg@5': 0.0885, 'hit@10': 0.1702, 'ndcg@10': 0.102, 'hit@15': 0.1961, 'ndcg@15': 0.1089, 'hit@20': 0.2156, 'ndcg@20': 0.1135, 'hit@40': 0.2632, 'ndcg@40': 0.1232} 
2024-10-15 16:05:03.022 | INFO     | trainer_1:_train_one_epoch:193 - epoch 34 15.05s Train loss is [0.2591] 
2024-10-15 16:05:15.409 | INFO     | trainer_1:_train_one_epoch:201 - validate 34 cost time 12.39s, result: {'hit@1': 0.0538, 'ndcg@1': 0.0538, 'hit@5': 0.147, 'ndcg@5': 0.1021, 'hit@10': 0.1949, 'ndcg@10': 0.1176, 'hit@15': 0.2231, 'ndcg@15': 0.125, 'hit@20': 0.2447, 'ndcg@20': 0.1301, 'hit@40': 0.2991, 'ndcg@40': 0.1413} 
2024-10-15 16:05:27.655 | INFO     | trainer_1:_train_one_epoch:209 - test 34 cost time 12.25s, result: {'hit@1': 0.0466, 'ndcg@1': 0.0466, 'hit@5': 0.1289, 'ndcg@5': 0.0889, 'hit@10': 0.1703, 'ndcg@10': 0.1022, 'hit@15': 0.1953, 'ndcg@15': 0.1088, 'hit@20': 0.2142, 'ndcg@20': 0.1133, 'hit@40': 0.262, 'ndcg@40': 0.1231} 
2024-10-15 16:05:50.542 | INFO     | trainer_1:_train_one_epoch:193 - epoch 35 15.14s Train loss is [0.2513] 
2024-10-15 16:06:02.945 | INFO     | trainer_1:_train_one_epoch:201 - validate 35 cost time 12.40s, result: {'hit@1': 0.0544, 'ndcg@1': 0.0544, 'hit@5': 0.147, 'ndcg@5': 0.1023, 'hit@10': 0.195, 'ndcg@10': 0.1178, 'hit@15': 0.2238, 'ndcg@15': 0.1254, 'hit@20': 0.2443, 'ndcg@20': 0.1303, 'hit@40': 0.2986, 'ndcg@40': 0.1414} 
2024-10-15 16:06:15.196 | INFO     | trainer_1:_train_one_epoch:209 - test 35 cost time 12.25s, result: {'hit@1': 0.0458, 'ndcg@1': 0.0458, 'hit@5': 0.1279, 'ndcg@5': 0.0882, 'hit@10': 0.1698, 'ndcg@10': 0.1017, 'hit@15': 0.1952, 'ndcg@15': 0.1085, 'hit@20': 0.2141, 'ndcg@20': 0.1129, 'hit@40': 0.2626, 'ndcg@40': 0.1229} 
2024-10-15 16:06:30.270 | INFO     | trainer_1:_train_one_epoch:193 - epoch 36 15.07s Train loss is [0.2497] 
2024-10-15 16:06:42.692 | INFO     | trainer_1:_train_one_epoch:201 - validate 36 cost time 12.42s, result: {'hit@1': 0.0538, 'ndcg@1': 0.0538, 'hit@5': 0.1469, 'ndcg@5': 0.102, 'hit@10': 0.1943, 'ndcg@10': 0.1173, 'hit@15': 0.2225, 'ndcg@15': 0.1248, 'hit@20': 0.2437, 'ndcg@20': 0.1298, 'hit@40': 0.2982, 'ndcg@40': 0.1409} 
2024-10-15 16:06:54.949 | INFO     | trainer_1:_train_one_epoch:209 - test 36 cost time 12.26s, result: {'hit@1': 0.0461, 'ndcg@1': 0.0461, 'hit@5': 0.1286, 'ndcg@5': 0.0886, 'hit@10': 0.169, 'ndcg@10': 0.1016, 'hit@15': 0.1944, 'ndcg@15': 0.1083, 'hit@20': 0.2133, 'ndcg@20': 0.1128, 'hit@40': 0.2619, 'ndcg@40': 0.1228} 
2024-10-15 16:07:10.121 | INFO     | trainer_1:_train_one_epoch:193 - epoch 37 15.17s Train loss is [0.2501] 
2024-10-15 16:07:22.502 | INFO     | trainer_1:_train_one_epoch:201 - validate 37 cost time 12.38s, result: {'hit@1': 0.055, 'ndcg@1': 0.055, 'hit@5': 0.1482, 'ndcg@5': 0.103, 'hit@10': 0.1944, 'ndcg@10': 0.1179, 'hit@15': 0.223, 'ndcg@15': 0.1255, 'hit@20': 0.2447, 'ndcg@20': 0.1307, 'hit@40': 0.2979, 'ndcg@40': 0.1415} 
2024-10-15 16:07:34.754 | INFO     | trainer_1:_train_one_epoch:209 - test 37 cost time 12.25s, result: {'hit@1': 0.0461, 'ndcg@1': 0.0461, 'hit@5': 0.1282, 'ndcg@5': 0.0885, 'hit@10': 0.17, 'ndcg@10': 0.102, 'hit@15': 0.1959, 'ndcg@15': 0.1088, 'hit@20': 0.2142, 'ndcg@20': 0.1131, 'hit@40': 0.2635, 'ndcg@40': 0.1232} 
2024-10-15 16:07:49.891 | INFO     | trainer_1:_train_one_epoch:193 - epoch 38 15.14s Train loss is [0.2510] 
2024-10-15 16:08:02.297 | INFO     | trainer_1:_train_one_epoch:201 - validate 38 cost time 12.41s, result: {'hit@1': 0.0548, 'ndcg@1': 0.0548, 'hit@5': 0.1486, 'ndcg@5': 0.1032, 'hit@10': 0.1959, 'ndcg@10': 0.1185, 'hit@15': 0.2252, 'ndcg@15': 0.1262, 'hit@20': 0.2467, 'ndcg@20': 0.1313, 'hit@40': 0.2998, 'ndcg@40': 0.1422} 
2024-10-15 16:08:14.557 | INFO     | trainer_1:_train_one_epoch:209 - test 38 cost time 12.26s, result: {'hit@1': 0.0454, 'ndcg@1': 0.0454, 'hit@5': 0.1281, 'ndcg@5': 0.0881, 'hit@10': 0.1691, 'ndcg@10': 0.1014, 'hit@15': 0.1963, 'ndcg@15': 0.1086, 'hit@20': 0.2165, 'ndcg@20': 0.1133, 'hit@40': 0.2653, 'ndcg@40': 0.1233} 
2024-10-15 16:08:29.648 | INFO     | trainer_1:_train_one_epoch:193 - epoch 39 15.09s Train loss is [0.2531] 
2024-10-15 16:08:42.059 | INFO     | trainer_1:_train_one_epoch:201 - validate 39 cost time 12.41s, result: {'hit@1': 0.0542, 'ndcg@1': 0.0542, 'hit@5': 0.1491, 'ndcg@5': 0.1034, 'hit@10': 0.1965, 'ndcg@10': 0.1187, 'hit@15': 0.2256, 'ndcg@15': 0.1264, 'hit@20': 0.2469, 'ndcg@20': 0.1314, 'hit@40': 0.3005, 'ndcg@40': 0.1424} 
2024-10-15 16:08:54.331 | INFO     | trainer_1:_train_one_epoch:209 - test 39 cost time 12.27s, result: {'hit@1': 0.0456, 'ndcg@1': 0.0456, 'hit@5': 0.1269, 'ndcg@5': 0.0874, 'hit@10': 0.1693, 'ndcg@10': 0.1012, 'hit@15': 0.1964, 'ndcg@15': 0.1084, 'hit@20': 0.2173, 'ndcg@20': 0.1133, 'hit@40': 0.2659, 'ndcg@40': 0.1233} 
2024-10-15 16:09:09.517 | INFO     | trainer_1:_train_one_epoch:193 - epoch 40 15.18s Train loss is [0.2530] 
2024-10-15 16:09:21.912 | INFO     | trainer_1:_train_one_epoch:201 - validate 40 cost time 12.39s, result: {'hit@1': 0.0545, 'ndcg@1': 0.0545, 'hit@5': 0.1488, 'ndcg@5': 0.1033, 'hit@10': 0.196, 'ndcg@10': 0.1186, 'hit@15': 0.2241, 'ndcg@15': 0.1261, 'hit@20': 0.2457, 'ndcg@20': 0.1312, 'hit@40': 0.2995, 'ndcg@40': 0.1422} 
2024-10-15 16:09:34.176 | INFO     | trainer_1:_train_one_epoch:209 - test 40 cost time 12.26s, result: {'hit@1': 0.0454, 'ndcg@1': 0.0454, 'hit@5': 0.1273, 'ndcg@5': 0.0876, 'hit@10': 0.1701, 'ndcg@10': 0.1014, 'hit@15': 0.1959, 'ndcg@15': 0.1083, 'hit@20': 0.215, 'ndcg@20': 0.1128, 'hit@40': 0.2649, 'ndcg@40': 0.123} 
2024-10-15 16:09:49.273 | INFO     | trainer_1:_train_one_epoch:193 - epoch 41 15.10s Train loss is [0.2539] 
2024-10-15 16:10:01.682 | INFO     | trainer_1:_train_one_epoch:201 - validate 41 cost time 12.41s, result: {'hit@1': 0.0542, 'ndcg@1': 0.0542, 'hit@5': 0.1502, 'ndcg@5': 0.1038, 'hit@10': 0.1952, 'ndcg@10': 0.1183, 'hit@15': 0.2251, 'ndcg@15': 0.1263, 'hit@20': 0.2461, 'ndcg@20': 0.1312, 'hit@40': 0.2992, 'ndcg@40': 0.1421} 
2024-10-15 16:10:13.953 | INFO     | trainer_1:_train_one_epoch:209 - test 41 cost time 12.27s, result: {'hit@1': 0.0453, 'ndcg@1': 0.0453, 'hit@5': 0.1262, 'ndcg@5': 0.0869, 'hit@10': 0.1689, 'ndcg@10': 0.1008, 'hit@15': 0.1947, 'ndcg@15': 0.1076, 'hit@20': 0.2146, 'ndcg@20': 0.1123, 'hit@40': 0.2647, 'ndcg@40': 0.1226} 
2024-10-15 16:10:29.101 | INFO     | trainer_1:_train_one_epoch:193 - epoch 42 15.15s Train loss is [0.2537] 
2024-10-15 16:10:41.552 | INFO     | trainer_1:_train_one_epoch:201 - validate 42 cost time 12.45s, result: {'hit@1': 0.0538, 'ndcg@1': 0.0538, 'hit@5': 0.1499, 'ndcg@5': 0.1035, 'hit@10': 0.1967, 'ndcg@10': 0.1186, 'hit@15': 0.2247, 'ndcg@15': 0.126, 'hit@20': 0.2454, 'ndcg@20': 0.1309, 'hit@40': 0.2998, 'ndcg@40': 0.142} 
2024-10-15 16:10:54.422 | INFO     | trainer_1:_train_one_epoch:209 - test 42 cost time 12.87s, result: {'hit@1': 0.0457, 'ndcg@1': 0.0457, 'hit@5': 0.1262, 'ndcg@5': 0.0871, 'hit@10': 0.1684, 'ndcg@10': 0.1008, 'hit@15': 0.1948, 'ndcg@15': 0.1078, 'hit@20': 0.2147, 'ndcg@20': 0.1125, 'hit@40': 0.2646, 'ndcg@40': 0.1227} 
2024-10-15 16:11:09.845 | INFO     | trainer_1:_train_one_epoch:193 - epoch 43 15.42s Train loss is [0.2528] 
2024-10-15 16:11:23.465 | INFO     | trainer_1:_train_one_epoch:201 - validate 43 cost time 13.62s, result: {'hit@1': 0.0545, 'ndcg@1': 0.0545, 'hit@5': 0.149, 'ndcg@5': 0.1033, 'hit@10': 0.1969, 'ndcg@10': 0.1188, 'hit@15': 0.2255, 'ndcg@15': 0.1263, 'hit@20': 0.2465, 'ndcg@20': 0.1313, 'hit@40': 0.2999, 'ndcg@40': 0.1422} 
2024-10-15 16:11:35.750 | INFO     | trainer_1:_train_one_epoch:209 - test 43 cost time 12.28s, result: {'hit@1': 0.0457, 'ndcg@1': 0.0457, 'hit@5': 0.1263, 'ndcg@5': 0.0872, 'hit@10': 0.1702, 'ndcg@10': 0.1014, 'hit@15': 0.1967, 'ndcg@15': 0.1084, 'hit@20': 0.2157, 'ndcg@20': 0.113, 'hit@40': 0.265, 'ndcg@40': 0.123} 
2024-10-15 16:11:50.856 | INFO     | trainer_1:_train_one_epoch:193 - epoch 44 15.11s Train loss is [0.2501] 
2024-10-15 16:12:04.120 | INFO     | trainer_1:_train_one_epoch:201 - validate 44 cost time 13.26s, result: {'hit@1': 0.0549, 'ndcg@1': 0.0549, 'hit@5': 0.1505, 'ndcg@5': 0.1041, 'hit@10': 0.1975, 'ndcg@10': 0.1192, 'hit@15': 0.2277, 'ndcg@15': 0.1272, 'hit@20': 0.2491, 'ndcg@20': 0.1323, 'hit@40': 0.3013, 'ndcg@40': 0.1429} 
2024-10-15 16:12:16.752 | INFO     | trainer_1:_train_one_epoch:209 - test 44 cost time 12.63s, result: {'hit@1': 0.0461, 'ndcg@1': 0.0461, 'hit@5': 0.1274, 'ndcg@5': 0.088, 'hit@10': 0.171, 'ndcg@10': 0.1021, 'hit@15': 0.1976, 'ndcg@15': 0.1092, 'hit@20': 0.2167, 'ndcg@20': 0.1137, 'hit@40': 0.2667, 'ndcg@40': 0.1239} 
2024-10-15 16:12:39.454 | INFO     | trainer_1:_train_one_epoch:193 - epoch 45 15.26s Train loss is [0.2549] 
2024-10-15 16:12:51.841 | INFO     | trainer_1:_train_one_epoch:201 - validate 45 cost time 12.39s, result: {'hit@1': 0.0551, 'ndcg@1': 0.0551, 'hit@5': 0.1498, 'ndcg@5': 0.1037, 'hit@10': 0.1972, 'ndcg@10': 0.119, 'hit@15': 0.2257, 'ndcg@15': 0.1265, 'hit@20': 0.2472, 'ndcg@20': 0.1316, 'hit@40': 0.3008, 'ndcg@40': 0.1426} 
2024-10-15 16:13:04.436 | INFO     | trainer_1:_train_one_epoch:209 - test 45 cost time 12.59s, result: {'hit@1': 0.0458, 'ndcg@1': 0.0458, 'hit@5': 0.1275, 'ndcg@5': 0.0882, 'hit@10': 0.1701, 'ndcg@10': 0.1021, 'hit@15': 0.1974, 'ndcg@15': 0.1093, 'hit@20': 0.2172, 'ndcg@20': 0.114, 'hit@40': 0.2664, 'ndcg@40': 0.124} 
2024-10-15 16:13:22.130 | INFO     | trainer_1:_train_one_epoch:193 - epoch 46 17.69s Train loss is [0.2479] 
2024-10-15 16:13:45.987 | INFO     | trainer_1:_train_one_epoch:201 - validate 46 cost time 23.86s, result: {'hit@1': 0.0545, 'ndcg@1': 0.0545, 'hit@5': 0.1492, 'ndcg@5': 0.1033, 'hit@10': 0.1963, 'ndcg@10': 0.1185, 'hit@15': 0.2254, 'ndcg@15': 0.1262, 'hit@20': 0.2465, 'ndcg@20': 0.1312, 'hit@40': 0.3007, 'ndcg@40': 0.1423} 
2024-10-15 16:14:09.743 | INFO     | trainer_1:_train_one_epoch:209 - test 46 cost time 23.76s, result: {'hit@1': 0.0453, 'ndcg@1': 0.0453, 'hit@5': 0.1278, 'ndcg@5': 0.0879, 'hit@10': 0.1705, 'ndcg@10': 0.1018, 'hit@15': 0.1967, 'ndcg@15': 0.1087, 'hit@20': 0.2159, 'ndcg@20': 0.1132, 'hit@40': 0.267, 'ndcg@40': 0.1237} 
2024-10-15 16:14:29.397 | INFO     | trainer_1:_train_one_epoch:193 - epoch 47 19.65s Train loss is [0.2513] 
2024-10-15 16:14:46.402 | INFO     | trainer_1:_train_one_epoch:201 - validate 47 cost time 17.00s, result: {'hit@1': 0.0552, 'ndcg@1': 0.0552, 'hit@5': 0.1492, 'ndcg@5': 0.1037, 'hit@10': 0.1959, 'ndcg@10': 0.1188, 'hit@15': 0.2245, 'ndcg@15': 0.1264, 'hit@20': 0.2467, 'ndcg@20': 0.1316, 'hit@40': 0.3016, 'ndcg@40': 0.1428} 
2024-10-15 16:15:07.790 | INFO     | trainer_1:_train_one_epoch:209 - test 47 cost time 21.39s, result: {'hit@1': 0.0457, 'ndcg@1': 0.0457, 'hit@5': 0.1292, 'ndcg@5': 0.0889, 'hit@10': 0.1718, 'ndcg@10': 0.1027, 'hit@15': 0.1982, 'ndcg@15': 0.1097, 'hit@20': 0.2171, 'ndcg@20': 0.1141, 'hit@40': 0.2667, 'ndcg@40': 0.1243} 
2024-10-15 16:15:35.145 | INFO     | trainer_1:_train_one_epoch:193 - epoch 48 19.61s Train loss is [0.2504] 
2024-10-15 16:16:03.663 | INFO     | trainer_1:_train_one_epoch:201 - validate 48 cost time 28.52s, result: {'hit@1': 0.0548, 'ndcg@1': 0.0548, 'hit@5': 0.1495, 'ndcg@5': 0.1038, 'hit@10': 0.1965, 'ndcg@10': 0.119, 'hit@15': 0.2253, 'ndcg@15': 0.1266, 'hit@20': 0.2474, 'ndcg@20': 0.1319, 'hit@40': 0.3009, 'ndcg@40': 0.1428} 
2024-10-15 16:16:31.043 | INFO     | trainer_1:_train_one_epoch:209 - test 48 cost time 27.38s, result: {'hit@1': 0.0459, 'ndcg@1': 0.0459, 'hit@5': 0.1289, 'ndcg@5': 0.0889, 'hit@10': 0.1718, 'ndcg@10': 0.1027, 'hit@15': 0.1982, 'ndcg@15': 0.1097, 'hit@20': 0.2175, 'ndcg@20': 0.1143, 'hit@40': 0.2667, 'ndcg@40': 0.1243} 
2024-10-15 16:16:50.974 | INFO     | trainer_1:_train_one_epoch:193 - epoch 49 19.93s Train loss is [0.2491] 
2024-10-15 16:17:14.936 | INFO     | trainer_1:_train_one_epoch:201 - validate 49 cost time 23.96s, result: {'hit@1': 0.0543, 'ndcg@1': 0.0543, 'hit@5': 0.1497, 'ndcg@5': 0.1035, 'hit@10': 0.1979, 'ndcg@10': 0.1191, 'hit@15': 0.2262, 'ndcg@15': 0.1266, 'hit@20': 0.247, 'ndcg@20': 0.1315, 'hit@40': 0.3016, 'ndcg@40': 0.1427} 
2024-10-15 16:17:39.568 | INFO     | trainer_1:_train_one_epoch:209 - test 49 cost time 24.63s, result: {'hit@1': 0.0456, 'ndcg@1': 0.0456, 'hit@5': 0.1285, 'ndcg@5': 0.0885, 'hit@10': 0.1705, 'ndcg@10': 0.1021, 'hit@15': 0.1982, 'ndcg@15': 0.1094, 'hit@20': 0.2173, 'ndcg@20': 0.1139, 'hit@40': 0.2679, 'ndcg@40': 0.1243} 
2024-10-15 16:18:01.105 | INFO     | trainer_1:_train_one_epoch:193 - epoch 50 21.54s Train loss is [0.2518] 
2024-10-15 16:18:26.281 | INFO     | trainer_1:_train_one_epoch:201 - validate 50 cost time 25.18s, result: {'hit@1': 0.0546, 'ndcg@1': 0.0546, 'hit@5': 0.149, 'ndcg@5': 0.1033, 'hit@10': 0.1969, 'ndcg@10': 0.1188, 'hit@15': 0.2261, 'ndcg@15': 0.1266, 'hit@20': 0.2473, 'ndcg@20': 0.1316, 'hit@40': 0.3013, 'ndcg@40': 0.1426} 
2024-10-15 16:18:50.794 | INFO     | trainer_1:_train_one_epoch:209 - test 50 cost time 24.51s, result: {'hit@1': 0.0452, 'ndcg@1': 0.0452, 'hit@5': 0.1279, 'ndcg@5': 0.0881, 'hit@10': 0.1711, 'ndcg@10': 0.102, 'hit@15': 0.1981, 'ndcg@15': 0.1092, 'hit@20': 0.218, 'ndcg@20': 0.1139, 'hit@40': 0.2685, 'ndcg@40': 0.1242} 
2024-10-15 16:19:11.519 | INFO     | trainer_1:_train_one_epoch:193 - epoch 51 20.72s Train loss is [0.2448] 
2024-10-15 16:19:38.163 | INFO     | trainer_1:_train_one_epoch:201 - validate 51 cost time 26.64s, result: {'hit@1': 0.0555, 'ndcg@1': 0.0555, 'hit@5': 0.1478, 'ndcg@5': 0.1031, 'hit@10': 0.1971, 'ndcg@10': 0.119, 'hit@15': 0.2258, 'ndcg@15': 0.1266, 'hit@20': 0.2478, 'ndcg@20': 0.1318, 'hit@40': 0.3022, 'ndcg@40': 0.1429} 
2024-10-15 16:19:51.935 | INFO     | trainer_1:_train_one_epoch:209 - test 51 cost time 13.77s, result: {'hit@1': 0.0451, 'ndcg@1': 0.0451, 'hit@5': 0.1285, 'ndcg@5': 0.0882, 'hit@10': 0.1716, 'ndcg@10': 0.1021, 'hit@15': 0.1981, 'ndcg@15': 0.1091, 'hit@20': 0.2173, 'ndcg@20': 0.1137, 'hit@40': 0.2675, 'ndcg@40': 0.124} 
2024-10-15 16:20:10.701 | INFO     | trainer_1:_train_one_epoch:193 - epoch 52 18.76s Train loss is [0.2490] 
2024-10-15 16:20:33.731 | INFO     | trainer_1:_train_one_epoch:201 - validate 52 cost time 23.03s, result: {'hit@1': 0.0553, 'ndcg@1': 0.0553, 'hit@5': 0.1491, 'ndcg@5': 0.1036, 'hit@10': 0.1972, 'ndcg@10': 0.1191, 'hit@15': 0.227, 'ndcg@15': 0.127, 'hit@20': 0.2484, 'ndcg@20': 0.1321, 'hit@40': 0.3044, 'ndcg@40': 0.1435} 
2024-10-15 16:20:58.971 | INFO     | trainer_1:_train_one_epoch:209 - test 52 cost time 25.24s, result: {'hit@1': 0.0453, 'ndcg@1': 0.0453, 'hit@5': 0.128, 'ndcg@5': 0.0882, 'hit@10': 0.172, 'ndcg@10': 0.1025, 'hit@15': 0.1982, 'ndcg@15': 0.1094, 'hit@20': 0.2183, 'ndcg@20': 0.1141, 'hit@40': 0.2688, 'ndcg@40': 0.1245} 
2024-10-15 16:21:26.858 | INFO     | trainer_1:_train_one_epoch:193 - epoch 53 17.72s Train loss is [0.2449] 
2024-10-15 16:21:52.703 | INFO     | trainer_1:_train_one_epoch:201 - validate 53 cost time 25.84s, result: {'hit@1': 0.0546, 'ndcg@1': 0.0546, 'hit@5': 0.1484, 'ndcg@5': 0.1031, 'hit@10': 0.1965, 'ndcg@10': 0.1187, 'hit@15': 0.2256, 'ndcg@15': 0.1264, 'hit@20': 0.2469, 'ndcg@20': 0.1315, 'hit@40': 0.3028, 'ndcg@40': 0.1429} 
2024-10-15 16:22:16.494 | INFO     | trainer_1:_train_one_epoch:209 - test 53 cost time 23.79s, result: {'hit@1': 0.0453, 'ndcg@1': 0.0453, 'hit@5': 0.1295, 'ndcg@5': 0.0888, 'hit@10': 0.1709, 'ndcg@10': 0.1021, 'hit@15': 0.1974, 'ndcg@15': 0.1092, 'hit@20': 0.2179, 'ndcg@20': 0.114, 'hit@40': 0.2678, 'ndcg@40': 0.1242} 
2024-10-15 16:22:34.802 | INFO     | trainer_1:_train_one_epoch:193 - epoch 54 18.31s Train loss is [0.2439] 
2024-10-15 16:23:02.281 | INFO     | trainer_1:_train_one_epoch:201 - validate 54 cost time 27.48s, result: {'hit@1': 0.0545, 'ndcg@1': 0.0545, 'hit@5': 0.1478, 'ndcg@5': 0.1028, 'hit@10': 0.1972, 'ndcg@10': 0.1188, 'hit@15': 0.2262, 'ndcg@15': 0.1265, 'hit@20': 0.2476, 'ndcg@20': 0.1316, 'hit@40': 0.3031, 'ndcg@40': 0.1429} 
2024-10-15 16:23:26.312 | INFO     | trainer_1:_train_one_epoch:209 - test 54 cost time 24.03s, result: {'hit@1': 0.0452, 'ndcg@1': 0.0452, 'hit@5': 0.1282, 'ndcg@5': 0.0881, 'hit@10': 0.1707, 'ndcg@10': 0.1018, 'hit@15': 0.1968, 'ndcg@15': 0.1088, 'hit@20': 0.2172, 'ndcg@20': 0.1136, 'hit@40': 0.2678, 'ndcg@40': 0.1239} 
2024-10-15 16:23:44.025 | INFO     | trainer_1:_train_one_epoch:193 - epoch 55 17.71s Train loss is [0.2431] 
2024-10-15 16:24:06.322 | INFO     | trainer_1:_train_one_epoch:201 - validate 55 cost time 22.30s, result: {'hit@1': 0.0544, 'ndcg@1': 0.0544, 'hit@5': 0.1495, 'ndcg@5': 0.1037, 'hit@10': 0.1977, 'ndcg@10': 0.1193, 'hit@15': 0.2268, 'ndcg@15': 0.1269, 'hit@20': 0.2481, 'ndcg@20': 0.132, 'hit@40': 0.3037, 'ndcg@40': 0.1434} 
2024-10-15 16:24:33.066 | INFO     | trainer_1:_train_one_epoch:209 - test 55 cost time 26.74s, result: {'hit@1': 0.0454, 'ndcg@1': 0.0454, 'hit@5': 0.1288, 'ndcg@5': 0.0885, 'hit@10': 0.1716, 'ndcg@10': 0.1023, 'hit@15': 0.198, 'ndcg@15': 0.1093, 'hit@20': 0.2172, 'ndcg@20': 0.1138, 'hit@40': 0.2675, 'ndcg@40': 0.1241} 
2024-10-15 16:24:52.784 | INFO     | trainer_1:_train_one_epoch:193 - epoch 56 19.72s Train loss is [0.2440] 
2024-10-15 16:25:18.878 | INFO     | trainer_1:_train_one_epoch:201 - validate 56 cost time 26.09s, result: {'hit@1': 0.0552, 'ndcg@1': 0.0552, 'hit@5': 0.1488, 'ndcg@5': 0.1036, 'hit@10': 0.1976, 'ndcg@10': 0.1194, 'hit@15': 0.2265, 'ndcg@15': 0.127, 'hit@20': 0.2491, 'ndcg@20': 0.1323, 'hit@40': 0.3041, 'ndcg@40': 0.1436} 
2024-10-15 16:25:45.112 | INFO     | trainer_1:_train_one_epoch:209 - test 56 cost time 26.23s, result: {'hit@1': 0.045, 'ndcg@1': 0.045, 'hit@5': 0.1287, 'ndcg@5': 0.0883, 'hit@10': 0.1717, 'ndcg@10': 0.1022, 'hit@15': 0.1992, 'ndcg@15': 0.1095, 'hit@20': 0.2173, 'ndcg@20': 0.1138, 'hit@40': 0.2674, 'ndcg@40': 0.124} 
2024-10-15 16:26:08.453 | INFO     | trainer_1:_train_one_epoch:193 - epoch 57 23.34s Train loss is [0.2440] 
2024-10-15 16:26:36.411 | INFO     | trainer_1:_train_one_epoch:201 - validate 57 cost time 27.96s, result: {'hit@1': 0.0555, 'ndcg@1': 0.0555, 'hit@5': 0.1494, 'ndcg@5': 0.1041, 'hit@10': 0.1978, 'ndcg@10': 0.1197, 'hit@15': 0.2274, 'ndcg@15': 0.1275, 'hit@20': 0.2497, 'ndcg@20': 0.1328, 'hit@40': 0.3052, 'ndcg@40': 0.1442} 
2024-10-15 16:27:01.259 | INFO     | trainer_1:_train_one_epoch:209 - test 57 cost time 24.85s, result: {'hit@1': 0.0455, 'ndcg@1': 0.0455, 'hit@5': 0.1287, 'ndcg@5': 0.0887, 'hit@10': 0.1723, 'ndcg@10': 0.1028, 'hit@15': 0.1985, 'ndcg@15': 0.1097, 'hit@20': 0.2186, 'ndcg@20': 0.1145, 'hit@40': 0.2681, 'ndcg@40': 0.1246} 
2024-10-15 16:27:31.462 | INFO     | trainer_1:_train_one_epoch:193 - epoch 58 21.01s Train loss is [0.2410] 
2024-10-15 16:27:56.763 | INFO     | trainer_1:_train_one_epoch:201 - validate 58 cost time 25.30s, result: {'hit@1': 0.0557, 'ndcg@1': 0.0557, 'hit@5': 0.1494, 'ndcg@5': 0.1041, 'hit@10': 0.1978, 'ndcg@10': 0.1198, 'hit@15': 0.2268, 'ndcg@15': 0.1274, 'hit@20': 0.2484, 'ndcg@20': 0.1325, 'hit@40': 0.303, 'ndcg@40': 0.1437} 
2024-10-15 16:28:22.927 | INFO     | trainer_1:_train_one_epoch:209 - test 58 cost time 26.16s, result: {'hit@1': 0.0456, 'ndcg@1': 0.0456, 'hit@5': 0.1296, 'ndcg@5': 0.089, 'hit@10': 0.172, 'ndcg@10': 0.1028, 'hit@15': 0.1986, 'ndcg@15': 0.1098, 'hit@20': 0.2192, 'ndcg@20': 0.1147, 'hit@40': 0.2684, 'ndcg@40': 0.1247} 
2024-10-15 16:28:43.689 | INFO     | trainer_1:_train_one_epoch:193 - epoch 59 20.76s Train loss is [0.2437] 
2024-10-15 16:29:11.784 | INFO     | trainer_1:_train_one_epoch:201 - validate 59 cost time 28.09s, result: {'hit@1': 0.0546, 'ndcg@1': 0.0546, 'hit@5': 0.1495, 'ndcg@5': 0.1037, 'hit@10': 0.1982, 'ndcg@10': 0.1195, 'hit@15': 0.2277, 'ndcg@15': 0.1273, 'hit@20': 0.2501, 'ndcg@20': 0.1326, 'hit@40': 0.3052, 'ndcg@40': 0.1438} 
2024-10-15 16:29:38.664 | INFO     | trainer_1:_train_one_epoch:209 - test 59 cost time 26.88s, result: {'hit@1': 0.0466, 'ndcg@1': 0.0466, 'hit@5': 0.1292, 'ndcg@5': 0.0893, 'hit@10': 0.1731, 'ndcg@10': 0.1035, 'hit@15': 0.1994, 'ndcg@15': 0.1104, 'hit@20': 0.2197, 'ndcg@20': 0.1152, 'hit@40': 0.2692, 'ndcg@40': 0.1253} 
2024-10-15 16:30:09.724 | INFO     | trainer_1:_train_one_epoch:193 - epoch 60 20.36s Train loss is [0.2409] 
2024-10-15 16:30:36.035 | INFO     | trainer_1:_train_one_epoch:201 - validate 60 cost time 26.31s, result: {'hit@1': 0.0547, 'ndcg@1': 0.0547, 'hit@5': 0.1487, 'ndcg@5': 0.1034, 'hit@10': 0.1986, 'ndcg@10': 0.1195, 'hit@15': 0.2285, 'ndcg@15': 0.1274, 'hit@20': 0.25, 'ndcg@20': 0.1325, 'hit@40': 0.3048, 'ndcg@40': 0.1437} 
2024-10-15 16:31:03.989 | INFO     | trainer_1:_train_one_epoch:209 - test 60 cost time 27.95s, result: {'hit@1': 0.046, 'ndcg@1': 0.046, 'hit@5': 0.129, 'ndcg@5': 0.0889, 'hit@10': 0.1722, 'ndcg@10': 0.1029, 'hit@15': 0.1988, 'ndcg@15': 0.11, 'hit@20': 0.2198, 'ndcg@20': 0.1149, 'hit@40': 0.2694, 'ndcg@40': 0.125} 
2024-10-15 16:31:27.292 | INFO     | trainer_1:_train_one_epoch:193 - epoch 61 23.30s Train loss is [0.2413] 
2024-10-15 16:31:53.837 | INFO     | trainer_1:_train_one_epoch:201 - validate 61 cost time 26.54s, result: {'hit@1': 0.0545, 'ndcg@1': 0.0545, 'hit@5': 0.1495, 'ndcg@5': 0.1037, 'hit@10': 0.1988, 'ndcg@10': 0.1196, 'hit@15': 0.2288, 'ndcg@15': 0.1275, 'hit@20': 0.2502, 'ndcg@20': 0.1325, 'hit@40': 0.305, 'ndcg@40': 0.1438} 
2024-10-15 16:32:18.424 | INFO     | trainer_1:_train_one_epoch:209 - test 61 cost time 24.59s, result: {'hit@1': 0.0458, 'ndcg@1': 0.0458, 'hit@5': 0.1298, 'ndcg@5': 0.0892, 'hit@10': 0.173, 'ndcg@10': 0.1032, 'hit@15': 0.1997, 'ndcg@15': 0.1102, 'hit@20': 0.2186, 'ndcg@20': 0.1147, 'hit@40': 0.2692, 'ndcg@40': 0.1251} 
2024-10-15 16:32:40.023 | INFO     | trainer_1:_train_one_epoch:193 - epoch 62 21.60s Train loss is [0.2404] 
2024-10-15 16:33:07.041 | INFO     | trainer_1:_train_one_epoch:201 - validate 62 cost time 27.02s, result: {'hit@1': 0.0554, 'ndcg@1': 0.0554, 'hit@5': 0.1496, 'ndcg@5': 0.1043, 'hit@10': 0.1984, 'ndcg@10': 0.12, 'hit@15': 0.2286, 'ndcg@15': 0.128, 'hit@20': 0.2502, 'ndcg@20': 0.1331, 'hit@40': 0.3051, 'ndcg@40': 0.1443} 
2024-10-15 16:33:33.042 | INFO     | trainer_1:_train_one_epoch:209 - test 62 cost time 26.00s, result: {'hit@1': 0.0462, 'ndcg@1': 0.0462, 'hit@5': 0.1293, 'ndcg@5': 0.0891, 'hit@10': 0.1726, 'ndcg@10': 0.1031, 'hit@15': 0.2001, 'ndcg@15': 0.1103, 'hit@20': 0.2197, 'ndcg@20': 0.115, 'hit@40': 0.2688, 'ndcg@40': 0.125} 
2024-10-15 16:33:53.902 | INFO     | trainer_1:_train_one_epoch:193 - epoch 63 20.86s Train loss is [0.2402] 
2024-10-15 16:34:18.573 | INFO     | trainer_1:_train_one_epoch:201 - validate 63 cost time 24.67s, result: {'hit@1': 0.0549, 'ndcg@1': 0.0549, 'hit@5': 0.1499, 'ndcg@5': 0.1042, 'hit@10': 0.1996, 'ndcg@10': 0.1203, 'hit@15': 0.2294, 'ndcg@15': 0.1282, 'hit@20': 0.252, 'ndcg@20': 0.1335, 'hit@40': 0.3048, 'ndcg@40': 0.1443} 
2024-10-15 16:34:43.256 | INFO     | trainer_1:_train_one_epoch:209 - test 63 cost time 24.68s, result: {'hit@1': 0.0461, 'ndcg@1': 0.0461, 'hit@5': 0.1302, 'ndcg@5': 0.0896, 'hit@10': 0.1734, 'ndcg@10': 0.1035, 'hit@15': 0.2006, 'ndcg@15': 0.1107, 'hit@20': 0.22, 'ndcg@20': 0.1153, 'hit@40': 0.2705, 'ndcg@40': 0.1256} 
2024-10-15 16:35:21.447 | INFO     | trainer_1:_train_one_epoch:193 - epoch 64 25.91s Train loss is [0.2367] 
2024-10-15 16:35:45.150 | INFO     | trainer_1:_train_one_epoch:201 - validate 64 cost time 23.70s, result: {'hit@1': 0.0545, 'ndcg@1': 0.0545, 'hit@5': 0.1495, 'ndcg@5': 0.1038, 'hit@10': 0.1982, 'ndcg@10': 0.1195, 'hit@15': 0.2281, 'ndcg@15': 0.1275, 'hit@20': 0.2488, 'ndcg@20': 0.1324, 'hit@40': 0.3044, 'ndcg@40': 0.1437} 
2024-10-15 16:36:08.572 | INFO     | trainer_1:_train_one_epoch:209 - test 64 cost time 23.42s, result: {'hit@1': 0.0467, 'ndcg@1': 0.0467, 'hit@5': 0.1296, 'ndcg@5': 0.0894, 'hit@10': 0.1725, 'ndcg@10': 0.1033, 'hit@15': 0.1999, 'ndcg@15': 0.1105, 'hit@20': 0.2189, 'ndcg@20': 0.1151, 'hit@40': 0.2687, 'ndcg@40': 0.1252} 
2024-10-15 16:36:33.446 | INFO     | trainer_1:_train_one_epoch:193 - epoch 65 24.87s Train loss is [0.2414] 
2024-10-15 16:36:56.727 | INFO     | trainer_1:_train_one_epoch:201 - validate 65 cost time 23.28s, result: {'hit@1': 0.055, 'ndcg@1': 0.055, 'hit@5': 0.1495, 'ndcg@5': 0.1038, 'hit@10': 0.198, 'ndcg@10': 0.1195, 'hit@15': 0.2285, 'ndcg@15': 0.1276, 'hit@20': 0.2499, 'ndcg@20': 0.1327, 'hit@40': 0.3041, 'ndcg@40': 0.1437} 
2024-10-15 16:37:24.526 | INFO     | trainer_1:_train_one_epoch:209 - test 65 cost time 27.80s, result: {'hit@1': 0.0461, 'ndcg@1': 0.0461, 'hit@5': 0.1298, 'ndcg@5': 0.0894, 'hit@10': 0.1733, 'ndcg@10': 0.1035, 'hit@15': 0.1999, 'ndcg@15': 0.1105, 'hit@20': 0.2191, 'ndcg@20': 0.115, 'hit@40': 0.2696, 'ndcg@40': 0.1254} 
2024-10-15 16:37:52.430 | INFO     | trainer_1:_train_one_epoch:193 - epoch 66 27.90s Train loss is [0.2396] 
2024-10-15 16:38:21.159 | INFO     | trainer_1:_train_one_epoch:201 - validate 66 cost time 28.73s, result: {'hit@1': 0.0547, 'ndcg@1': 0.0547, 'hit@5': 0.1486, 'ndcg@5': 0.1033, 'hit@10': 0.1975, 'ndcg@10': 0.1192, 'hit@15': 0.2277, 'ndcg@15': 0.1272, 'hit@20': 0.2502, 'ndcg@20': 0.1325, 'hit@40': 0.3057, 'ndcg@40': 0.1438} 
2024-10-15 16:38:46.419 | INFO     | trainer_1:_train_one_epoch:209 - test 66 cost time 25.26s, result: {'hit@1': 0.0462, 'ndcg@1': 0.0462, 'hit@5': 0.1291, 'ndcg@5': 0.089, 'hit@10': 0.173, 'ndcg@10': 0.1032, 'hit@15': 0.2002, 'ndcg@15': 0.1104, 'hit@20': 0.2189, 'ndcg@20': 0.1148, 'hit@40': 0.2713, 'ndcg@40': 0.1255} 
2024-10-15 16:39:13.645 | INFO     | trainer_1:_train_one_epoch:193 - epoch 67 27.22s Train loss is [0.2402] 
2024-10-15 16:39:40.839 | INFO     | trainer_1:_train_one_epoch:201 - validate 67 cost time 27.19s, result: {'hit@1': 0.0544, 'ndcg@1': 0.0544, 'hit@5': 0.1478, 'ndcg@5': 0.1028, 'hit@10': 0.1954, 'ndcg@10': 0.1181, 'hit@15': 0.2252, 'ndcg@15': 0.126, 'hit@20': 0.2478, 'ndcg@20': 0.1314, 'hit@40': 0.3042, 'ndcg@40': 0.1429} 
2024-10-15 16:40:04.981 | INFO     | trainer_1:_train_one_epoch:209 - test 67 cost time 24.14s, result: {'hit@1': 0.0459, 'ndcg@1': 0.0459, 'hit@5': 0.1289, 'ndcg@5': 0.0886, 'hit@10': 0.173, 'ndcg@10': 0.1029, 'hit@15': 0.1983, 'ndcg@15': 0.1096, 'hit@20': 0.2179, 'ndcg@20': 0.1142, 'hit@40': 0.2694, 'ndcg@40': 0.1247} 
2024-10-15 16:40:30.089 | INFO     | trainer_1:_train_one_epoch:193 - epoch 68 25.11s Train loss is [0.2374] 
2024-10-15 16:40:53.561 | INFO     | trainer_1:_train_one_epoch:201 - validate 68 cost time 23.47s, result: {'hit@1': 0.0539, 'ndcg@1': 0.0539, 'hit@5': 0.1484, 'ndcg@5': 0.1029, 'hit@10': 0.1976, 'ndcg@10': 0.1188, 'hit@15': 0.2272, 'ndcg@15': 0.1266, 'hit@20': 0.2498, 'ndcg@20': 0.132, 'hit@40': 0.3065, 'ndcg@40': 0.1436} 
2024-10-15 16:41:16.692 | INFO     | trainer_1:_train_one_epoch:209 - test 68 cost time 23.13s, result: {'hit@1': 0.0461, 'ndcg@1': 0.0461, 'hit@5': 0.1306, 'ndcg@5': 0.0895, 'hit@10': 0.1724, 'ndcg@10': 0.103, 'hit@15': 0.1998, 'ndcg@15': 0.1103, 'hit@20': 0.2192, 'ndcg@20': 0.1149, 'hit@40': 0.2694, 'ndcg@40': 0.1251} 
2024-10-15 16:41:16.730 | INFO     | trainer_1:train_model:163 - training end, best iteration 63, results: {'hit@1': 0.0549, 'ndcg@1': 0.0549, 'hit@5': 0.1499, 'ndcg@5': 0.1042, 'hit@10': 0.1996, 'ndcg@10': 0.1203, 'hit@15': 0.2294, 'ndcg@15': 0.1282, 'hit@20': 0.252, 'ndcg@20': 0.1335, 'hit@40': 0.3048, 'ndcg@40': 0.1443}
2024-10-15 16:41:16.731 | INFO     | trainer_1:train_model:166 - final test result is:  {'hit@1': 0.0461, 'ndcg@1': 0.0461, 'hit@5': 0.1302, 'ndcg@5': 0.0896, 'hit@10': 0.1734, 'ndcg@10': 0.1035, 'hit@15': 0.2006, 'ndcg@15': 0.1107, 'hit@20': 0.22, 'ndcg@20': 0.1153, 'hit@40': 0.2705, 'ndcg@40': 0.1256}
2024-10-15 16:41:17.098 | INFO     | __main__:<module>:119 - train end total cost time: 4015.3656253814697
