2024-10-15 17:23:10.794 | INFO     | __main__:<module>:105 - Namespace(TIME='2024-10-15 17_22_25', batch_size=1024, behaviors=['click', 'collect', 'cart', 'buy'], check_point='model_pre_1_2024-10-15 14_50_55.pth', data_name='tmall', data_path='./data/Tmall', decay=0.001, device='cuda:1', dim_qk=32, dim_v=64, distill_layers=2, distill_thres=0.5, distill_topK=60, distill_userK=8, embedding_size=64, epochs=100, gpu_no=1, if_load_model=True, ii_lambda=200, initializer_range=0.02, layers=2, loss_type='bpr', lr=0.0005, message_dropout=0.25, metrics=['hit', 'ndcg'], min_epoch=5, model_name='main_1_zz', model_path='./check_point', node_dropout=0.75, omega=1, pt_loop=50, reg_weight=0.001, test_batch_size=1024, testbatch=1024, topk=[1, 5, 10, 15, 20, 40], uu_lambda=100)
2024-10-15 17:23:10.795 | INFO     | __main__:<module>:106 - BIPN(
  (message_dropout): Dropout(p=0.25, inplace=False)
  (user_embedding): Embedding(41739, 64, padding_idx=0)
  (item_embedding): Embedding(11954, 64, padding_idx=0)
  (global_Graph): LightGCN()
  (Graph_encoder): ModuleDict(
    (click): GraphEncoder(
      (light): LightGCN()
      (dropout): Dropout(p=0.75, inplace=False)
    )
    (collect): GraphEncoder(
      (light): LightGCN()
      (dropout): Dropout(p=0.75, inplace=False)
    )
    (cart): GraphEncoder(
      (light): LightGCN()
      (dropout): Dropout(p=0.75, inplace=False)
    )
    (buy): GraphEncoder(
      (light): LightGCN()
      (dropout): Dropout(p=0.75, inplace=False)
    )
  )
  (attention): Mutual_Attention()
  (bpr_loss): BPRLoss()
  (emb_loss): EmbLoss()
  (f): Sigmoid()
)
2024-10-15 17:53:51.412 | INFO     | trainer_1:_train_one_epoch:193 - epoch 1 12.45s Train loss is [1.5320] 
2024-10-15 17:54:10.274 | INFO     | trainer_1:_train_one_epoch:201 - validate 1 cost time 18.86s, result: {'hit@1': 0.0478, 'ndcg@1': 0.0478, 'hit@5': 0.1325, 'ndcg@5': 0.0674, 'hit@10': 0.1873, 'ndcg@10': 0.0814, 'hit@15': 0.2231, 'ndcg@15': 0.0889, 'hit@20': 0.2523, 'ndcg@20': 0.0944, 'hit@40': 0.3276, 'ndcg@40': 0.1073} 
2024-10-15 17:54:23.642 | INFO     | trainer_1:_train_one_epoch:209 - test 1 cost time 13.37s, result: {'hit@1': 0.0249, 'ndcg@1': 0.0249, 'hit@5': 0.0776, 'ndcg@5': 0.0503, 'hit@10': 0.1128, 'ndcg@10': 0.0612, 'hit@15': 0.1379, 'ndcg@15': 0.0676, 'hit@20': 0.1589, 'ndcg@20': 0.0724, 'hit@40': 0.2161, 'ndcg@40': 0.0838} 
2024-10-15 17:54:44.787 | INFO     | trainer_1:_train_one_epoch:193 - epoch 2 12.71s Train loss is [1.3521] 
2024-10-15 17:55:03.642 | INFO     | trainer_1:_train_one_epoch:201 - validate 2 cost time 18.85s, result: {'hit@1': 0.0524, 'ndcg@1': 0.0524, 'hit@5': 0.1488, 'ndcg@5': 0.0756, 'hit@10': 0.2094, 'ndcg@10': 0.091, 'hit@15': 0.2505, 'ndcg@15': 0.0997, 'hit@20': 0.2784, 'ndcg@20': 0.1051, 'hit@40': 0.3556, 'ndcg@40': 0.1185} 
2024-10-15 17:55:17.033 | INFO     | trainer_1:_train_one_epoch:209 - test 2 cost time 13.39s, result: {'hit@1': 0.0292, 'ndcg@1': 0.0292, 'hit@5': 0.0882, 'ndcg@5': 0.0577, 'hit@10': 0.1291, 'ndcg@10': 0.0704, 'hit@15': 0.1564, 'ndcg@15': 0.0774, 'hit@20': 0.1769, 'ndcg@20': 0.0821, 'hit@40': 0.2376, 'ndcg@40': 0.0943} 
2024-10-15 17:55:38.085 | INFO     | trainer_1:_train_one_epoch:193 - epoch 3 12.91s Train loss is [1.3077] 
2024-10-15 17:55:56.869 | INFO     | trainer_1:_train_one_epoch:201 - validate 3 cost time 18.78s, result: {'hit@1': 0.0575, 'ndcg@1': 0.0575, 'hit@5': 0.1588, 'ndcg@5': 0.0813, 'hit@10': 0.2207, 'ndcg@10': 0.0972, 'hit@15': 0.2619, 'ndcg@15': 0.106, 'hit@20': 0.293, 'ndcg@20': 0.1121, 'hit@40': 0.3768, 'ndcg@40': 0.1268} 
2024-10-15 17:56:10.240 | INFO     | trainer_1:_train_one_epoch:209 - test 3 cost time 13.37s, result: {'hit@1': 0.0315, 'ndcg@1': 0.0315, 'hit@5': 0.0953, 'ndcg@5': 0.0622, 'hit@10': 0.1378, 'ndcg@10': 0.0755, 'hit@15': 0.1669, 'ndcg@15': 0.083, 'hit@20': 0.1902, 'ndcg@20': 0.0883, 'hit@40': 0.2498, 'ndcg@40': 0.1003} 
2024-10-15 17:56:31.650 | INFO     | trainer_1:_train_one_epoch:193 - epoch 4 12.81s Train loss is [1.2830] 
2024-10-15 17:56:42.221 | INFO     | trainer_1:_train_one_epoch:201 - validate 4 cost time 10.57s, result: {'hit@1': 0.0578, 'ndcg@1': 0.0578, 'hit@5': 0.1616, 'ndcg@5': 0.0828, 'hit@10': 0.2235, 'ndcg@10': 0.0987, 'hit@15': 0.2659, 'ndcg@15': 0.1078, 'hit@20': 0.2958, 'ndcg@20': 0.1137, 'hit@40': 0.3781, 'ndcg@40': 0.1281} 
2024-10-15 17:56:51.819 | INFO     | trainer_1:_train_one_epoch:209 - test 4 cost time 9.60s, result: {'hit@1': 0.0319, 'ndcg@1': 0.0319, 'hit@5': 0.0969, 'ndcg@5': 0.0632, 'hit@10': 0.1393, 'ndcg@10': 0.0765, 'hit@15': 0.1681, 'ndcg@15': 0.0839, 'hit@20': 0.1905, 'ndcg@20': 0.0891, 'hit@40': 0.2522, 'ndcg@40': 0.1013} 
2024-10-15 17:57:11.942 | INFO     | trainer_1:_train_one_epoch:193 - epoch 5 11.97s Train loss is [1.2583] 
2024-10-15 17:57:27.537 | INFO     | trainer_1:_train_one_epoch:201 - validate 5 cost time 15.59s, result: {'hit@1': 0.0578, 'ndcg@1': 0.0578, 'hit@5': 0.1622, 'ndcg@5': 0.0829, 'hit@10': 0.2273, 'ndcg@10': 0.0996, 'hit@15': 0.2678, 'ndcg@15': 0.1084, 'hit@20': 0.2999, 'ndcg@20': 0.1147, 'hit@40': 0.3838, 'ndcg@40': 0.1295} 
2024-10-15 17:57:37.906 | INFO     | trainer_1:_train_one_epoch:209 - test 5 cost time 10.37s, result: {'hit@1': 0.0318, 'ndcg@1': 0.0318, 'hit@5': 0.0987, 'ndcg@5': 0.0642, 'hit@10': 0.1406, 'ndcg@10': 0.0772, 'hit@15': 0.1715, 'ndcg@15': 0.0852, 'hit@20': 0.1944, 'ndcg@20': 0.0905, 'hit@40': 0.2569, 'ndcg@40': 0.103} 
2024-10-15 17:57:58.185 | INFO     | trainer_1:_train_one_epoch:193 - epoch 6 12.00s Train loss is [1.2487] 
2024-10-15 17:58:10.038 | INFO     | trainer_1:_train_one_epoch:201 - validate 6 cost time 11.85s, result: {'hit@1': 0.0583, 'ndcg@1': 0.0583, 'hit@5': 0.1647, 'ndcg@5': 0.0843, 'hit@10': 0.2301, 'ndcg@10': 0.1011, 'hit@15': 0.274, 'ndcg@15': 0.1106, 'hit@20': 0.3046, 'ndcg@20': 0.1168, 'hit@40': 0.3887, 'ndcg@40': 0.1315} 
2024-10-15 17:58:19.852 | INFO     | trainer_1:_train_one_epoch:209 - test 6 cost time 9.81s, result: {'hit@1': 0.0314, 'ndcg@1': 0.0314, 'hit@5': 0.0975, 'ndcg@5': 0.0631, 'hit@10': 0.1432, 'ndcg@10': 0.0775, 'hit@15': 0.1724, 'ndcg@15': 0.085, 'hit@20': 0.1967, 'ndcg@20': 0.0905, 'hit@40': 0.2596, 'ndcg@40': 0.1031} 
2024-10-15 17:58:40.138 | INFO     | trainer_1:_train_one_epoch:193 - epoch 7 12.23s Train loss is [1.2418] 
2024-10-15 17:58:51.927 | INFO     | trainer_1:_train_one_epoch:201 - validate 7 cost time 11.79s, result: {'hit@1': 0.0584, 'ndcg@1': 0.0584, 'hit@5': 0.167, 'ndcg@5': 0.0851, 'hit@10': 0.2322, 'ndcg@10': 0.1018, 'hit@15': 0.2755, 'ndcg@15': 0.1113, 'hit@20': 0.3071, 'ndcg@20': 0.1176, 'hit@40': 0.3902, 'ndcg@40': 0.1322} 
2024-10-15 17:58:59.780 | INFO     | trainer_1:_train_one_epoch:209 - test 7 cost time 7.85s, result: {'hit@1': 0.0317, 'ndcg@1': 0.0317, 'hit@5': 0.0997, 'ndcg@5': 0.0643, 'hit@10': 0.1455, 'ndcg@10': 0.0786, 'hit@15': 0.1754, 'ndcg@15': 0.0863, 'hit@20': 0.1994, 'ndcg@20': 0.0919, 'hit@40': 0.2641, 'ndcg@40': 0.1048} 
2024-10-15 17:59:20.345 | INFO     | trainer_1:_train_one_epoch:193 - epoch 8 11.91s Train loss is [1.2318] 
2024-10-15 17:59:31.324 | INFO     | trainer_1:_train_one_epoch:201 - validate 8 cost time 10.98s, result: {'hit@1': 0.0589, 'ndcg@1': 0.0589, 'hit@5': 0.1687, 'ndcg@5': 0.0857, 'hit@10': 0.2352, 'ndcg@10': 0.1025, 'hit@15': 0.2795, 'ndcg@15': 0.1122, 'hit@20': 0.3132, 'ndcg@20': 0.1188, 'hit@40': 0.3976, 'ndcg@40': 0.1337} 
2024-10-15 17:59:43.036 | INFO     | trainer_1:_train_one_epoch:209 - test 8 cost time 11.71s, result: {'hit@1': 0.0327, 'ndcg@1': 0.0327, 'hit@5': 0.1016, 'ndcg@5': 0.0658, 'hit@10': 0.1464, 'ndcg@10': 0.0797, 'hit@15': 0.1775, 'ndcg@15': 0.0877, 'hit@20': 0.2018, 'ndcg@20': 0.0933, 'hit@40': 0.2652, 'ndcg@40': 0.106} 
2024-10-15 18:00:04.298 | INFO     | trainer_1:_train_one_epoch:193 - epoch 9 12.87s Train loss is [1.2240] 
2024-10-15 18:00:20.667 | INFO     | trainer_1:_train_one_epoch:201 - validate 9 cost time 16.37s, result: {'hit@1': 0.058, 'ndcg@1': 0.058, 'hit@5': 0.1672, 'ndcg@5': 0.0849, 'hit@10': 0.233, 'ndcg@10': 0.1017, 'hit@15': 0.2776, 'ndcg@15': 0.1114, 'hit@20': 0.3109, 'ndcg@20': 0.118, 'hit@40': 0.3965, 'ndcg@40': 0.1332} 
2024-10-15 18:00:29.655 | INFO     | trainer_1:_train_one_epoch:209 - test 9 cost time 8.99s, result: {'hit@1': 0.0333, 'ndcg@1': 0.0333, 'hit@5': 0.1023, 'ndcg@5': 0.0664, 'hit@10': 0.1463, 'ndcg@10': 0.0802, 'hit@15': 0.1771, 'ndcg@15': 0.088, 'hit@20': 0.2028, 'ndcg@20': 0.0939, 'hit@40': 0.2664, 'ndcg@40': 0.1067} 
2024-10-15 18:00:42.056 | INFO     | trainer_1:_train_one_epoch:193 - epoch 10 12.40s Train loss is [1.2183] 
2024-10-15 18:00:53.578 | INFO     | trainer_1:_train_one_epoch:201 - validate 10 cost time 11.52s, result: {'hit@1': 0.0584, 'ndcg@1': 0.0584, 'hit@5': 0.1694, 'ndcg@5': 0.0858, 'hit@10': 0.2357, 'ndcg@10': 0.1028, 'hit@15': 0.2793, 'ndcg@15': 0.1122, 'hit@20': 0.3108, 'ndcg@20': 0.1185, 'hit@40': 0.3988, 'ndcg@40': 0.134} 
2024-10-15 18:01:01.201 | INFO     | trainer_1:_train_one_epoch:209 - test 10 cost time 7.62s, result: {'hit@1': 0.0338, 'ndcg@1': 0.0338, 'hit@5': 0.1033, 'ndcg@5': 0.0675, 'hit@10': 0.1476, 'ndcg@10': 0.0814, 'hit@15': 0.1776, 'ndcg@15': 0.0891, 'hit@20': 0.2036, 'ndcg@20': 0.095, 'hit@40': 0.2674, 'ndcg@40': 0.1079} 
2024-10-15 18:01:21.798 | INFO     | trainer_1:_train_one_epoch:193 - epoch 11 12.34s Train loss is [1.2126] 
2024-10-15 18:01:33.830 | INFO     | trainer_1:_train_one_epoch:201 - validate 11 cost time 12.03s, result: {'hit@1': 0.0595, 'ndcg@1': 0.0595, 'hit@5': 0.1704, 'ndcg@5': 0.0864, 'hit@10': 0.2369, 'ndcg@10': 0.1034, 'hit@15': 0.2822, 'ndcg@15': 0.1132, 'hit@20': 0.3168, 'ndcg@20': 0.12, 'hit@40': 0.4026, 'ndcg@40': 0.1353} 
2024-10-15 18:01:44.763 | INFO     | trainer_1:_train_one_epoch:209 - test 11 cost time 10.93s, result: {'hit@1': 0.0328, 'ndcg@1': 0.0328, 'hit@5': 0.1035, 'ndcg@5': 0.067, 'hit@10': 0.148, 'ndcg@10': 0.0809, 'hit@15': 0.1786, 'ndcg@15': 0.0887, 'hit@20': 0.2023, 'ndcg@20': 0.0941, 'hit@40': 0.2689, 'ndcg@40': 0.1075} 
2024-10-15 18:02:05.117 | INFO     | trainer_1:_train_one_epoch:193 - epoch 12 12.25s Train loss is [1.2039] 
2024-10-15 18:02:18.456 | INFO     | trainer_1:_train_one_epoch:201 - validate 12 cost time 13.34s, result: {'hit@1': 0.059, 'ndcg@1': 0.059, 'hit@5': 0.1715, 'ndcg@5': 0.0864, 'hit@10': 0.2376, 'ndcg@10': 0.1035, 'hit@15': 0.2833, 'ndcg@15': 0.1134, 'hit@20': 0.3173, 'ndcg@20': 0.1201, 'hit@40': 0.4054, 'ndcg@40': 0.1359} 
2024-10-15 18:02:28.204 | INFO     | trainer_1:_train_one_epoch:209 - test 12 cost time 9.75s, result: {'hit@1': 0.0324, 'ndcg@1': 0.0324, 'hit@5': 0.102, 'ndcg@5': 0.0662, 'hit@10': 0.1481, 'ndcg@10': 0.0805, 'hit@15': 0.1798, 'ndcg@15': 0.0887, 'hit@20': 0.2045, 'ndcg@20': 0.0943, 'hit@40': 0.2707, 'ndcg@40': 0.1075} 
2024-10-15 18:02:48.962 | INFO     | trainer_1:_train_one_epoch:193 - epoch 13 12.17s Train loss is [1.1974] 
2024-10-15 18:02:59.119 | INFO     | trainer_1:_train_one_epoch:201 - validate 13 cost time 10.16s, result: {'hit@1': 0.0598, 'ndcg@1': 0.0598, 'hit@5': 0.1717, 'ndcg@5': 0.0869, 'hit@10': 0.2382, 'ndcg@10': 0.104, 'hit@15': 0.2851, 'ndcg@15': 0.1142, 'hit@20': 0.3178, 'ndcg@20': 0.1207, 'hit@40': 0.4058, 'ndcg@40': 0.1363} 
2024-10-15 18:03:09.165 | INFO     | trainer_1:_train_one_epoch:209 - test 13 cost time 10.05s, result: {'hit@1': 0.034, 'ndcg@1': 0.034, 'hit@5': 0.1026, 'ndcg@5': 0.0669, 'hit@10': 0.1487, 'ndcg@10': 0.0813, 'hit@15': 0.1811, 'ndcg@15': 0.0896, 'hit@20': 0.2053, 'ndcg@20': 0.0952, 'hit@40': 0.2707, 'ndcg@40': 0.1082} 
2024-10-15 18:03:29.384 | INFO     | trainer_1:_train_one_epoch:193 - epoch 14 12.13s Train loss is [1.1972] 
2024-10-15 18:03:44.892 | INFO     | trainer_1:_train_one_epoch:201 - validate 14 cost time 15.51s, result: {'hit@1': 0.0582, 'ndcg@1': 0.0582, 'hit@5': 0.1714, 'ndcg@5': 0.0864, 'hit@10': 0.2397, 'ndcg@10': 0.1041, 'hit@15': 0.2859, 'ndcg@15': 0.114, 'hit@20': 0.319, 'ndcg@20': 0.1206, 'hit@40': 0.4066, 'ndcg@40': 0.1363} 
2024-10-15 18:03:55.653 | INFO     | trainer_1:_train_one_epoch:209 - test 14 cost time 10.76s, result: {'hit@1': 0.0331, 'ndcg@1': 0.0331, 'hit@5': 0.1031, 'ndcg@5': 0.067, 'hit@10': 0.1504, 'ndcg@10': 0.0818, 'hit@15': 0.1824, 'ndcg@15': 0.09, 'hit@20': 0.2071, 'ndcg@20': 0.0957, 'hit@40': 0.271, 'ndcg@40': 0.1084} 
2024-10-15 18:04:16.222 | INFO     | trainer_1:_train_one_epoch:193 - epoch 15 11.98s Train loss is [1.1903] 
2024-10-15 18:04:30.033 | INFO     | trainer_1:_train_one_epoch:201 - validate 15 cost time 13.81s, result: {'hit@1': 0.0582, 'ndcg@1': 0.0582, 'hit@5': 0.171, 'ndcg@5': 0.0867, 'hit@10': 0.2404, 'ndcg@10': 0.1043, 'hit@15': 0.286, 'ndcg@15': 0.1143, 'hit@20': 0.32, 'ndcg@20': 0.1211, 'hit@40': 0.4073, 'ndcg@40': 0.1366} 
2024-10-15 18:04:37.110 | INFO     | trainer_1:_train_one_epoch:209 - test 15 cost time 7.08s, result: {'hit@1': 0.0338, 'ndcg@1': 0.0338, 'hit@5': 0.1037, 'ndcg@5': 0.0677, 'hit@10': 0.1497, 'ndcg@10': 0.0821, 'hit@15': 0.1835, 'ndcg@15': 0.0907, 'hit@20': 0.2081, 'ndcg@20': 0.0964, 'hit@40': 0.2729, 'ndcg@40': 0.1094} 
2024-10-15 18:04:49.825 | INFO     | trainer_1:_train_one_epoch:193 - epoch 16 12.71s Train loss is [1.1889] 
2024-10-15 18:05:03.641 | INFO     | trainer_1:_train_one_epoch:201 - validate 16 cost time 13.82s, result: {'hit@1': 0.0595, 'ndcg@1': 0.0595, 'hit@5': 0.1719, 'ndcg@5': 0.0871, 'hit@10': 0.2407, 'ndcg@10': 0.1048, 'hit@15': 0.2874, 'ndcg@15': 0.1149, 'hit@20': 0.3225, 'ndcg@20': 0.1218, 'hit@40': 0.411, 'ndcg@40': 0.1376} 
2024-10-15 18:05:11.127 | INFO     | trainer_1:_train_one_epoch:209 - test 16 cost time 7.49s, result: {'hit@1': 0.0336, 'ndcg@1': 0.0336, 'hit@5': 0.1027, 'ndcg@5': 0.0669, 'hit@10': 0.1478, 'ndcg@10': 0.081, 'hit@15': 0.1819, 'ndcg@15': 0.0898, 'hit@20': 0.2077, 'ndcg@20': 0.0958, 'hit@40': 0.2744, 'ndcg@40': 0.1091} 
2024-10-15 18:05:24.425 | INFO     | trainer_1:_train_one_epoch:193 - epoch 17 13.30s Train loss is [1.1839] 
2024-10-15 18:05:38.232 | INFO     | trainer_1:_train_one_epoch:201 - validate 17 cost time 13.81s, result: {'hit@1': 0.0586, 'ndcg@1': 0.0586, 'hit@5': 0.1712, 'ndcg@5': 0.0862, 'hit@10': 0.2397, 'ndcg@10': 0.1041, 'hit@15': 0.285, 'ndcg@15': 0.1139, 'hit@20': 0.3188, 'ndcg@20': 0.1205, 'hit@40': 0.4084, 'ndcg@40': 0.1364} 
2024-10-15 18:05:46.947 | INFO     | trainer_1:_train_one_epoch:209 - test 17 cost time 8.71s, result: {'hit@1': 0.0318, 'ndcg@1': 0.0318, 'hit@5': 0.1035, 'ndcg@5': 0.0666, 'hit@10': 0.1502, 'ndcg@10': 0.0812, 'hit@15': 0.1821, 'ndcg@15': 0.0894, 'hit@20': 0.2068, 'ndcg@20': 0.0951, 'hit@40': 0.275, 'ndcg@40': 0.1088} 
2024-10-15 18:05:59.635 | INFO     | trainer_1:_train_one_epoch:193 - epoch 18 12.69s Train loss is [1.1769] 
2024-10-15 18:06:11.830 | INFO     | trainer_1:_train_one_epoch:201 - validate 18 cost time 12.19s, result: {'hit@1': 0.0594, 'ndcg@1': 0.0594, 'hit@5': 0.1705, 'ndcg@5': 0.0863, 'hit@10': 0.2392, 'ndcg@10': 0.104, 'hit@15': 0.2866, 'ndcg@15': 0.1143, 'hit@20': 0.3199, 'ndcg@20': 0.121, 'hit@40': 0.4077, 'ndcg@40': 0.1368} 
2024-10-15 18:06:18.761 | INFO     | trainer_1:_train_one_epoch:209 - test 18 cost time 6.93s, result: {'hit@1': 0.0326, 'ndcg@1': 0.0326, 'hit@5': 0.1054, 'ndcg@5': 0.0676, 'hit@10': 0.151, 'ndcg@10': 0.0819, 'hit@15': 0.1828, 'ndcg@15': 0.0902, 'hit@20': 0.2081, 'ndcg@20': 0.096, 'hit@40': 0.2766, 'ndcg@40': 0.1096} 
2024-10-15 18:06:39.210 | INFO     | trainer_1:_train_one_epoch:193 - epoch 19 12.15s Train loss is [1.1752] 
2024-10-15 18:06:52.308 | INFO     | trainer_1:_train_one_epoch:201 - validate 19 cost time 13.10s, result: {'hit@1': 0.0596, 'ndcg@1': 0.0596, 'hit@5': 0.1717, 'ndcg@5': 0.0868, 'hit@10': 0.2417, 'ndcg@10': 0.1049, 'hit@15': 0.2884, 'ndcg@15': 0.1152, 'hit@20': 0.3232, 'ndcg@20': 0.122, 'hit@40': 0.4119, 'ndcg@40': 0.1379} 
2024-10-15 18:07:02.011 | INFO     | trainer_1:_train_one_epoch:209 - test 19 cost time 9.70s, result: {'hit@1': 0.0324, 'ndcg@1': 0.0324, 'hit@5': 0.1031, 'ndcg@5': 0.0668, 'hit@10': 0.1493, 'ndcg@10': 0.0814, 'hit@15': 0.1815, 'ndcg@15': 0.0897, 'hit@20': 0.2079, 'ndcg@20': 0.0958, 'hit@40': 0.2757, 'ndcg@40': 0.1093} 
2024-10-15 18:07:13.973 | INFO     | trainer_1:_train_one_epoch:193 - epoch 20 11.96s Train loss is [1.1694] 
2024-10-15 18:07:25.508 | INFO     | trainer_1:_train_one_epoch:201 - validate 20 cost time 11.53s, result: {'hit@1': 0.0596, 'ndcg@1': 0.0596, 'hit@5': 0.1743, 'ndcg@5': 0.0877, 'hit@10': 0.2431, 'ndcg@10': 0.1054, 'hit@15': 0.2892, 'ndcg@15': 0.1155, 'hit@20': 0.3238, 'ndcg@20': 0.1224, 'hit@40': 0.4112, 'ndcg@40': 0.1381} 
2024-10-15 18:07:36.169 | INFO     | trainer_1:_train_one_epoch:209 - test 20 cost time 10.66s, result: {'hit@1': 0.0332, 'ndcg@1': 0.0332, 'hit@5': 0.1038, 'ndcg@5': 0.0675, 'hit@10': 0.151, 'ndcg@10': 0.0823, 'hit@15': 0.1824, 'ndcg@15': 0.0904, 'hit@20': 0.2073, 'ndcg@20': 0.0961, 'hit@40': 0.2754, 'ndcg@40': 0.1098} 
2024-10-15 18:07:47.954 | INFO     | trainer_1:_train_one_epoch:193 - epoch 21 11.78s Train loss is [1.1719] 
2024-10-15 18:07:59.036 | INFO     | trainer_1:_train_one_epoch:201 - validate 21 cost time 11.08s, result: {'hit@1': 0.0603, 'ndcg@1': 0.0603, 'hit@5': 0.1741, 'ndcg@5': 0.0878, 'hit@10': 0.2435, 'ndcg@10': 0.1058, 'hit@15': 0.2882, 'ndcg@15': 0.1155, 'hit@20': 0.324, 'ndcg@20': 0.1226, 'hit@40': 0.4133, 'ndcg@40': 0.1386} 
2024-10-15 18:08:08.731 | INFO     | trainer_1:_train_one_epoch:209 - test 21 cost time 9.69s, result: {'hit@1': 0.034, 'ndcg@1': 0.034, 'hit@5': 0.1043, 'ndcg@5': 0.0678, 'hit@10': 0.1503, 'ndcg@10': 0.0822, 'hit@15': 0.1829, 'ndcg@15': 0.0906, 'hit@20': 0.2072, 'ndcg@20': 0.0963, 'hit@40': 0.2765, 'ndcg@40': 0.11} 
2024-10-15 18:08:20.897 | INFO     | trainer_1:_train_one_epoch:193 - epoch 22 12.16s Train loss is [1.1640] 
2024-10-15 18:08:34.765 | INFO     | trainer_1:_train_one_epoch:201 - validate 22 cost time 13.87s, result: {'hit@1': 0.0601, 'ndcg@1': 0.0601, 'hit@5': 0.1733, 'ndcg@5': 0.0873, 'hit@10': 0.241, 'ndcg@10': 0.105, 'hit@15': 0.2862, 'ndcg@15': 0.1149, 'hit@20': 0.3215, 'ndcg@20': 0.1219, 'hit@40': 0.4121, 'ndcg@40': 0.1381} 
2024-10-15 18:08:41.728 | INFO     | trainer_1:_train_one_epoch:209 - test 22 cost time 6.96s, result: {'hit@1': 0.0332, 'ndcg@1': 0.0332, 'hit@5': 0.1027, 'ndcg@5': 0.0668, 'hit@10': 0.1502, 'ndcg@10': 0.0817, 'hit@15': 0.1836, 'ndcg@15': 0.0903, 'hit@20': 0.2092, 'ndcg@20': 0.0962, 'hit@40': 0.2765, 'ndcg@40': 0.1097} 
2024-10-15 18:08:53.510 | INFO     | trainer_1:_train_one_epoch:193 - epoch 23 11.78s Train loss is [1.1600] 
2024-10-15 18:09:07.410 | INFO     | trainer_1:_train_one_epoch:201 - validate 23 cost time 13.90s, result: {'hit@1': 0.0587, 'ndcg@1': 0.0587, 'hit@5': 0.1723, 'ndcg@5': 0.087, 'hit@10': 0.2406, 'ndcg@10': 0.1045, 'hit@15': 0.2857, 'ndcg@15': 0.1143, 'hit@20': 0.3195, 'ndcg@20': 0.1211, 'hit@40': 0.4092, 'ndcg@40': 0.1372} 
2024-10-15 18:09:16.722 | INFO     | trainer_1:_train_one_epoch:209 - test 23 cost time 9.31s, result: {'hit@1': 0.0327, 'ndcg@1': 0.0327, 'hit@5': 0.1016, 'ndcg@5': 0.0664, 'hit@10': 0.1491, 'ndcg@10': 0.0813, 'hit@15': 0.1823, 'ndcg@15': 0.0898, 'hit@20': 0.2091, 'ndcg@20': 0.096, 'hit@40': 0.2751, 'ndcg@40': 0.1091} 
2024-10-15 18:09:28.877 | INFO     | trainer_1:_train_one_epoch:193 - epoch 24 12.15s Train loss is [1.1626] 
2024-10-15 18:09:42.476 | INFO     | trainer_1:_train_one_epoch:201 - validate 24 cost time 13.60s, result: {'hit@1': 0.0591, 'ndcg@1': 0.0591, 'hit@5': 0.1733, 'ndcg@5': 0.0871, 'hit@10': 0.2416, 'ndcg@10': 0.1049, 'hit@15': 0.2873, 'ndcg@15': 0.1148, 'hit@20': 0.3209, 'ndcg@20': 0.1216, 'hit@40': 0.4114, 'ndcg@40': 0.1377} 
2024-10-15 18:09:51.924 | INFO     | trainer_1:_train_one_epoch:209 - test 24 cost time 9.45s, result: {'hit@1': 0.0333, 'ndcg@1': 0.0333, 'hit@5': 0.1034, 'ndcg@5': 0.0674, 'hit@10': 0.1516, 'ndcg@10': 0.0825, 'hit@15': 0.1819, 'ndcg@15': 0.0903, 'hit@20': 0.2084, 'ndcg@20': 0.0964, 'hit@40': 0.2762, 'ndcg@40': 0.1099} 
2024-10-15 18:10:12.230 | INFO     | trainer_1:_train_one_epoch:193 - epoch 25 12.09s Train loss is [1.1786] 
2024-10-15 18:10:26.360 | INFO     | trainer_1:_train_one_epoch:201 - validate 25 cost time 14.13s, result: {'hit@1': 0.0591, 'ndcg@1': 0.0591, 'hit@5': 0.1715, 'ndcg@5': 0.0866, 'hit@10': 0.2415, 'ndcg@10': 0.1048, 'hit@15': 0.2867, 'ndcg@15': 0.1146, 'hit@20': 0.3213, 'ndcg@20': 0.1214, 'hit@40': 0.4117, 'ndcg@40': 0.1377} 
2024-10-15 18:10:33.692 | INFO     | trainer_1:_train_one_epoch:209 - test 25 cost time 7.33s, result: {'hit@1': 0.0332, 'ndcg@1': 0.0332, 'hit@5': 0.103, 'ndcg@5': 0.067, 'hit@10': 0.1504, 'ndcg@10': 0.0818, 'hit@15': 0.1847, 'ndcg@15': 0.0906, 'hit@20': 0.2085, 'ndcg@20': 0.0961, 'hit@40': 0.2769, 'ndcg@40': 0.1097} 
2024-10-15 18:10:45.573 | INFO     | trainer_1:_train_one_epoch:193 - epoch 26 11.88s Train loss is [1.1769] 
2024-10-15 18:10:55.433 | INFO     | trainer_1:_train_one_epoch:201 - validate 26 cost time 9.86s, result: {'hit@1': 0.0602, 'ndcg@1': 0.0602, 'hit@5': 0.1732, 'ndcg@5': 0.0875, 'hit@10': 0.2434, 'ndcg@10': 0.1056, 'hit@15': 0.288, 'ndcg@15': 0.1155, 'hit@20': 0.3225, 'ndcg@20': 0.1224, 'hit@40': 0.4129, 'ndcg@40': 0.1385} 
2024-10-15 18:11:02.355 | INFO     | trainer_1:_train_one_epoch:209 - test 26 cost time 6.92s, result: {'hit@1': 0.0335, 'ndcg@1': 0.0335, 'hit@5': 0.103, 'ndcg@5': 0.0672, 'hit@10': 0.151, 'ndcg@10': 0.0821, 'hit@15': 0.1821, 'ndcg@15': 0.0901, 'hit@20': 0.2077, 'ndcg@20': 0.096, 'hit@40': 0.2786, 'ndcg@40': 0.1102} 
2024-10-15 18:11:14.338 | INFO     | trainer_1:_train_one_epoch:193 - epoch 27 11.98s Train loss is [1.1792] 
2024-10-15 18:11:33.067 | INFO     | trainer_1:_train_one_epoch:201 - validate 27 cost time 18.73s, result: {'hit@1': 0.0584, 'ndcg@1': 0.0584, 'hit@5': 0.175, 'ndcg@5': 0.0874, 'hit@10': 0.2437, 'ndcg@10': 0.1054, 'hit@15': 0.2879, 'ndcg@15': 0.1152, 'hit@20': 0.3199, 'ndcg@20': 0.1216, 'hit@40': 0.4116, 'ndcg@40': 0.1376} 
2024-10-15 18:11:46.411 | INFO     | trainer_1:_train_one_epoch:209 - test 27 cost time 13.34s, result: {'hit@1': 0.0333, 'ndcg@1': 0.0333, 'hit@5': 0.102, 'ndcg@5': 0.0665, 'hit@10': 0.1496, 'ndcg@10': 0.0813, 'hit@15': 0.1816, 'ndcg@15': 0.0896, 'hit@20': 0.2091, 'ndcg@20': 0.0959, 'hit@40': 0.2776, 'ndcg@40': 0.1096} 
2024-10-15 18:11:58.590 | INFO     | trainer_1:_train_one_epoch:193 - epoch 28 12.18s Train loss is [1.1706] 
2024-10-15 18:12:17.307 | INFO     | trainer_1:_train_one_epoch:201 - validate 28 cost time 18.72s, result: {'hit@1': 0.0587, 'ndcg@1': 0.0587, 'hit@5': 0.1755, 'ndcg@5': 0.088, 'hit@10': 0.2452, 'ndcg@10': 0.1062, 'hit@15': 0.2902, 'ndcg@15': 0.1161, 'hit@20': 0.3262, 'ndcg@20': 0.1232, 'hit@40': 0.415, 'ndcg@40': 0.1392} 
2024-10-15 18:12:30.638 | INFO     | trainer_1:_train_one_epoch:209 - test 28 cost time 13.33s, result: {'hit@1': 0.0328, 'ndcg@1': 0.0328, 'hit@5': 0.1034, 'ndcg@5': 0.0671, 'hit@10': 0.1508, 'ndcg@10': 0.0819, 'hit@15': 0.1853, 'ndcg@15': 0.0907, 'hit@20': 0.2095, 'ndcg@20': 0.0963, 'hit@40': 0.2799, 'ndcg@40': 0.1104} 
2024-10-15 18:12:42.883 | INFO     | trainer_1:_train_one_epoch:193 - epoch 29 12.24s Train loss is [1.1711] 
2024-10-15 18:13:01.601 | INFO     | trainer_1:_train_one_epoch:201 - validate 29 cost time 18.72s, result: {'hit@1': 0.0601, 'ndcg@1': 0.0601, 'hit@5': 0.176, 'ndcg@5': 0.0888, 'hit@10': 0.2454, 'ndcg@10': 0.1067, 'hit@15': 0.2918, 'ndcg@15': 0.1169, 'hit@20': 0.325, 'ndcg@20': 0.1236, 'hit@40': 0.4155, 'ndcg@40': 0.1398} 
2024-10-15 18:13:15.432 | INFO     | trainer_1:_train_one_epoch:209 - test 29 cost time 13.83s, result: {'hit@1': 0.0332, 'ndcg@1': 0.0332, 'hit@5': 0.1031, 'ndcg@5': 0.067, 'hit@10': 0.1512, 'ndcg@10': 0.082, 'hit@15': 0.184, 'ndcg@15': 0.0904, 'hit@20': 0.2104, 'ndcg@20': 0.0965, 'hit@40': 0.2798, 'ndcg@40': 0.1103} 
2024-10-15 18:13:27.625 | INFO     | trainer_1:_train_one_epoch:193 - epoch 30 12.19s Train loss is [1.1710] 
2024-10-15 18:13:46.376 | INFO     | trainer_1:_train_one_epoch:201 - validate 30 cost time 18.75s, result: {'hit@1': 0.0608, 'ndcg@1': 0.0608, 'hit@5': 0.176, 'ndcg@5': 0.0891, 'hit@10': 0.2483, 'ndcg@10': 0.1078, 'hit@15': 0.2918, 'ndcg@15': 0.1175, 'hit@20': 0.3271, 'ndcg@20': 0.1244, 'hit@40': 0.4167, 'ndcg@40': 0.1405} 
2024-10-15 18:13:59.721 | INFO     | trainer_1:_train_one_epoch:209 - test 30 cost time 13.34s, result: {'hit@1': 0.0339, 'ndcg@1': 0.0339, 'hit@5': 0.1045, 'ndcg@5': 0.0681, 'hit@10': 0.153, 'ndcg@10': 0.0831, 'hit@15': 0.1857, 'ndcg@15': 0.0916, 'hit@20': 0.2106, 'ndcg@20': 0.0973, 'hit@40': 0.2819, 'ndcg@40': 0.1116} 
2024-10-15 18:14:20.259 | INFO     | trainer_1:_train_one_epoch:193 - epoch 31 12.31s Train loss is [1.1663] 
2024-10-15 18:14:39.007 | INFO     | trainer_1:_train_one_epoch:201 - validate 31 cost time 18.75s, result: {'hit@1': 0.0605, 'ndcg@1': 0.0605, 'hit@5': 0.1761, 'ndcg@5': 0.089, 'hit@10': 0.2476, 'ndcg@10': 0.1075, 'hit@15': 0.2943, 'ndcg@15': 0.1178, 'hit@20': 0.327, 'ndcg@20': 0.1244, 'hit@40': 0.4184, 'ndcg@40': 0.1407} 
2024-10-15 18:14:52.358 | INFO     | trainer_1:_train_one_epoch:209 - test 31 cost time 13.35s, result: {'hit@1': 0.0336, 'ndcg@1': 0.0336, 'hit@5': 0.1061, 'ndcg@5': 0.0686, 'hit@10': 0.1531, 'ndcg@10': 0.0833, 'hit@15': 0.186, 'ndcg@15': 0.0918, 'hit@20': 0.212, 'ndcg@20': 0.0978, 'hit@40': 0.2817, 'ndcg@40': 0.1117} 
2024-10-15 18:15:13.074 | INFO     | trainer_1:_train_one_epoch:193 - epoch 32 12.56s Train loss is [1.1654] 
2024-10-15 18:15:31.824 | INFO     | trainer_1:_train_one_epoch:201 - validate 32 cost time 18.75s, result: {'hit@1': 0.0597, 'ndcg@1': 0.0597, 'hit@5': 0.1746, 'ndcg@5': 0.0882, 'hit@10': 0.246, 'ndcg@10': 0.1069, 'hit@15': 0.2923, 'ndcg@15': 0.1171, 'hit@20': 0.3273, 'ndcg@20': 0.1241, 'hit@40': 0.4178, 'ndcg@40': 0.1402} 
2024-10-15 18:15:45.162 | INFO     | trainer_1:_train_one_epoch:209 - test 32 cost time 13.34s, result: {'hit@1': 0.033, 'ndcg@1': 0.033, 'hit@5': 0.1044, 'ndcg@5': 0.0673, 'hit@10': 0.1527, 'ndcg@10': 0.0825, 'hit@15': 0.184, 'ndcg@15': 0.0906, 'hit@20': 0.2098, 'ndcg@20': 0.0965, 'hit@40': 0.2815, 'ndcg@40': 0.1109} 
2024-10-15 18:15:57.705 | INFO     | trainer_1:_train_one_epoch:193 - epoch 33 12.54s Train loss is [1.1626] 
2024-10-15 18:16:16.467 | INFO     | trainer_1:_train_one_epoch:201 - validate 33 cost time 18.76s, result: {'hit@1': 0.0604, 'ndcg@1': 0.0604, 'hit@5': 0.1749, 'ndcg@5': 0.0885, 'hit@10': 0.2444, 'ndcg@10': 0.1066, 'hit@15': 0.2914, 'ndcg@15': 0.1169, 'hit@20': 0.3271, 'ndcg@20': 0.124, 'hit@40': 0.4178, 'ndcg@40': 0.1404} 
2024-10-15 18:16:29.803 | INFO     | trainer_1:_train_one_epoch:209 - test 33 cost time 13.34s, result: {'hit@1': 0.0335, 'ndcg@1': 0.0335, 'hit@5': 0.1042, 'ndcg@5': 0.0676, 'hit@10': 0.1535, 'ndcg@10': 0.083, 'hit@15': 0.1867, 'ndcg@15': 0.0915, 'hit@20': 0.2118, 'ndcg@20': 0.0973, 'hit@40': 0.2814, 'ndcg@40': 0.1112} 
2024-10-15 18:16:51.029 | INFO     | trainer_1:_train_one_epoch:193 - epoch 34 12.60s Train loss is [1.1576] 
2024-10-15 18:17:09.775 | INFO     | trainer_1:_train_one_epoch:201 - validate 34 cost time 18.75s, result: {'hit@1': 0.0587, 'ndcg@1': 0.0587, 'hit@5': 0.1747, 'ndcg@5': 0.0882, 'hit@10': 0.2466, 'ndcg@10': 0.1066, 'hit@15': 0.2929, 'ndcg@15': 0.1167, 'hit@20': 0.3265, 'ndcg@20': 0.1235, 'hit@40': 0.4161, 'ndcg@40': 0.1396} 
2024-10-15 18:17:23.136 | INFO     | trainer_1:_train_one_epoch:209 - test 34 cost time 13.36s, result: {'hit@1': 0.033, 'ndcg@1': 0.033, 'hit@5': 0.1058, 'ndcg@5': 0.068, 'hit@10': 0.1524, 'ndcg@10': 0.0825, 'hit@15': 0.1853, 'ndcg@15': 0.091, 'hit@20': 0.2112, 'ndcg@20': 0.097, 'hit@40': 0.2799, 'ndcg@40': 0.1108} 
2024-10-15 18:17:35.569 | INFO     | trainer_1:_train_one_epoch:193 - epoch 35 12.43s Train loss is [1.1574] 
2024-10-15 18:17:54.333 | INFO     | trainer_1:_train_one_epoch:201 - validate 35 cost time 18.76s, result: {'hit@1': 0.0605, 'ndcg@1': 0.0605, 'hit@5': 0.1783, 'ndcg@5': 0.0897, 'hit@10': 0.2487, 'ndcg@10': 0.1079, 'hit@15': 0.2938, 'ndcg@15': 0.1179, 'hit@20': 0.3288, 'ndcg@20': 0.1249, 'hit@40': 0.4208, 'ndcg@40': 0.1413} 
2024-10-15 18:18:07.685 | INFO     | trainer_1:_train_one_epoch:209 - test 35 cost time 13.35s, result: {'hit@1': 0.0344, 'ndcg@1': 0.0344, 'hit@5': 0.1064, 'ndcg@5': 0.0691, 'hit@10': 0.1551, 'ndcg@10': 0.0844, 'hit@15': 0.1881, 'ndcg@15': 0.0929, 'hit@20': 0.2146, 'ndcg@20': 0.099, 'hit@40': 0.285, 'ndcg@40': 0.1131} 
2024-10-15 18:18:28.766 | INFO     | trainer_1:_train_one_epoch:193 - epoch 36 12.88s Train loss is [1.1556] 
2024-10-15 18:18:47.523 | INFO     | trainer_1:_train_one_epoch:201 - validate 36 cost time 18.76s, result: {'hit@1': 0.0598, 'ndcg@1': 0.0598, 'hit@5': 0.177, 'ndcg@5': 0.0894, 'hit@10': 0.2487, 'ndcg@10': 0.108, 'hit@15': 0.2946, 'ndcg@15': 0.1181, 'hit@20': 0.3294, 'ndcg@20': 0.1249, 'hit@40': 0.4214, 'ndcg@40': 0.1416} 
2024-10-15 18:19:00.868 | INFO     | trainer_1:_train_one_epoch:209 - test 36 cost time 13.34s, result: {'hit@1': 0.0338, 'ndcg@1': 0.0338, 'hit@5': 0.1061, 'ndcg@5': 0.0688, 'hit@10': 0.1525, 'ndcg@10': 0.0833, 'hit@15': 0.1872, 'ndcg@15': 0.0922, 'hit@20': 0.2144, 'ndcg@20': 0.0985, 'hit@40': 0.286, 'ndcg@40': 0.1128} 
2024-10-15 18:19:13.178 | INFO     | trainer_1:_train_one_epoch:193 - epoch 37 12.31s Train loss is [1.1503] 
2024-10-15 18:19:31.956 | INFO     | trainer_1:_train_one_epoch:201 - validate 37 cost time 18.78s, result: {'hit@1': 0.0588, 'ndcg@1': 0.0588, 'hit@5': 0.1761, 'ndcg@5': 0.0888, 'hit@10': 0.2476, 'ndcg@10': 0.1073, 'hit@15': 0.294, 'ndcg@15': 0.1176, 'hit@20': 0.3289, 'ndcg@20': 0.1246, 'hit@40': 0.4211, 'ndcg@40': 0.141} 
2024-10-15 18:19:45.313 | INFO     | trainer_1:_train_one_epoch:209 - test 37 cost time 13.36s, result: {'hit@1': 0.0338, 'ndcg@1': 0.0338, 'hit@5': 0.1059, 'ndcg@5': 0.0687, 'hit@10': 0.1535, 'ndcg@10': 0.0836, 'hit@15': 0.1861, 'ndcg@15': 0.092, 'hit@20': 0.2125, 'ndcg@20': 0.0981, 'hit@40': 0.2836, 'ndcg@40': 0.1123} 
2024-10-15 18:19:57.471 | INFO     | trainer_1:_train_one_epoch:193 - epoch 38 12.16s Train loss is [1.1566] 
2024-10-15 18:20:16.207 | INFO     | trainer_1:_train_one_epoch:201 - validate 38 cost time 18.74s, result: {'hit@1': 0.0586, 'ndcg@1': 0.0586, 'hit@5': 0.1759, 'ndcg@5': 0.0884, 'hit@10': 0.2487, 'ndcg@10': 0.1073, 'hit@15': 0.2955, 'ndcg@15': 0.1176, 'hit@20': 0.3301, 'ndcg@20': 0.1244, 'hit@40': 0.4212, 'ndcg@40': 0.1409} 
2024-10-15 18:20:29.540 | INFO     | trainer_1:_train_one_epoch:209 - test 38 cost time 13.33s, result: {'hit@1': 0.0343, 'ndcg@1': 0.0343, 'hit@5': 0.1069, 'ndcg@5': 0.0697, 'hit@10': 0.1538, 'ndcg@10': 0.0842, 'hit@15': 0.1889, 'ndcg@15': 0.0932, 'hit@20': 0.215, 'ndcg@20': 0.0992, 'hit@40': 0.2842, 'ndcg@40': 0.1131} 
2024-10-15 18:20:41.862 | INFO     | trainer_1:_train_one_epoch:193 - epoch 39 12.32s Train loss is [1.1601] 
2024-10-15 18:21:00.611 | INFO     | trainer_1:_train_one_epoch:201 - validate 39 cost time 18.75s, result: {'hit@1': 0.0582, 'ndcg@1': 0.0582, 'hit@5': 0.1772, 'ndcg@5': 0.0889, 'hit@10': 0.2495, 'ndcg@10': 0.1076, 'hit@15': 0.2981, 'ndcg@15': 0.1181, 'hit@20': 0.3333, 'ndcg@20': 0.1252, 'hit@40': 0.4243, 'ndcg@40': 0.1415} 
2024-10-15 18:21:13.964 | INFO     | trainer_1:_train_one_epoch:209 - test 39 cost time 13.35s, result: {'hit@1': 0.033, 'ndcg@1': 0.033, 'hit@5': 0.1077, 'ndcg@5': 0.0693, 'hit@10': 0.1553, 'ndcg@10': 0.0841, 'hit@15': 0.1898, 'ndcg@15': 0.093, 'hit@20': 0.2159, 'ndcg@20': 0.099, 'hit@40': 0.2837, 'ndcg@40': 0.1126} 
2024-10-15 18:21:34.766 | INFO     | trainer_1:_train_one_epoch:193 - epoch 40 12.15s Train loss is [1.1514] 
2024-10-15 18:21:53.536 | INFO     | trainer_1:_train_one_epoch:201 - validate 40 cost time 18.77s, result: {'hit@1': 0.0602, 'ndcg@1': 0.0602, 'hit@5': 0.1764, 'ndcg@5': 0.0892, 'hit@10': 0.2486, 'ndcg@10': 0.1078, 'hit@15': 0.2966, 'ndcg@15': 0.1183, 'hit@20': 0.3322, 'ndcg@20': 0.1254, 'hit@40': 0.4229, 'ndcg@40': 0.1418} 
2024-10-15 18:22:06.889 | INFO     | trainer_1:_train_one_epoch:209 - test 40 cost time 13.35s, result: {'hit@1': 0.0331, 'ndcg@1': 0.0331, 'hit@5': 0.1067, 'ndcg@5': 0.0687, 'hit@10': 0.1552, 'ndcg@10': 0.0838, 'hit@15': 0.1887, 'ndcg@15': 0.0924, 'hit@20': 0.2142, 'ndcg@20': 0.0983, 'hit@40': 0.2838, 'ndcg@40': 0.1123} 
2024-10-15 18:22:19.046 | INFO     | trainer_1:_train_one_epoch:193 - epoch 41 12.16s Train loss is [1.1524] 
2024-10-15 18:22:37.773 | INFO     | trainer_1:_train_one_epoch:201 - validate 41 cost time 18.73s, result: {'hit@1': 0.0596, 'ndcg@1': 0.0596, 'hit@5': 0.1762, 'ndcg@5': 0.089, 'hit@10': 0.2474, 'ndcg@10': 0.1074, 'hit@15': 0.2943, 'ndcg@15': 0.1177, 'hit@20': 0.33, 'ndcg@20': 0.1248, 'hit@40': 0.4251, 'ndcg@40': 0.1418} 
2024-10-15 18:22:51.132 | INFO     | trainer_1:_train_one_epoch:209 - test 41 cost time 13.36s, result: {'hit@1': 0.0332, 'ndcg@1': 0.0332, 'hit@5': 0.1062, 'ndcg@5': 0.0686, 'hit@10': 0.1547, 'ndcg@10': 0.0838, 'hit@15': 0.1879, 'ndcg@15': 0.0923, 'hit@20': 0.2143, 'ndcg@20': 0.0984, 'hit@40': 0.2829, 'ndcg@40': 0.1121} 
2024-10-15 18:23:03.278 | INFO     | trainer_1:_train_one_epoch:193 - epoch 42 12.15s Train loss is [1.1472] 
2024-10-15 18:23:22.010 | INFO     | trainer_1:_train_one_epoch:201 - validate 42 cost time 18.73s, result: {'hit@1': 0.0591, 'ndcg@1': 0.0591, 'hit@5': 0.1755, 'ndcg@5': 0.0885, 'hit@10': 0.2473, 'ndcg@10': 0.1071, 'hit@15': 0.2938, 'ndcg@15': 0.1172, 'hit@20': 0.329, 'ndcg@20': 0.1243, 'hit@40': 0.4224, 'ndcg@40': 0.1411} 
2024-10-15 18:23:35.371 | INFO     | trainer_1:_train_one_epoch:209 - test 42 cost time 13.36s, result: {'hit@1': 0.0335, 'ndcg@1': 0.0335, 'hit@5': 0.1062, 'ndcg@5': 0.0687, 'hit@10': 0.1552, 'ndcg@10': 0.084, 'hit@15': 0.1895, 'ndcg@15': 0.0928, 'hit@20': 0.216, 'ndcg@20': 0.0989, 'hit@40': 0.2826, 'ndcg@40': 0.1122} 
2024-10-15 18:23:47.407 | INFO     | trainer_1:_train_one_epoch:193 - epoch 43 12.04s Train loss is [1.1542] 
2024-10-15 18:24:06.152 | INFO     | trainer_1:_train_one_epoch:201 - validate 43 cost time 18.74s, result: {'hit@1': 0.0594, 'ndcg@1': 0.0594, 'hit@5': 0.1757, 'ndcg@5': 0.0886, 'hit@10': 0.2482, 'ndcg@10': 0.1074, 'hit@15': 0.296, 'ndcg@15': 0.1178, 'hit@20': 0.3312, 'ndcg@20': 0.1249, 'hit@40': 0.4262, 'ndcg@40': 0.1418} 
2024-10-15 18:24:19.528 | INFO     | trainer_1:_train_one_epoch:209 - test 43 cost time 13.38s, result: {'hit@1': 0.0334, 'ndcg@1': 0.0334, 'hit@5': 0.1064, 'ndcg@5': 0.0686, 'hit@10': 0.1541, 'ndcg@10': 0.0835, 'hit@15': 0.1882, 'ndcg@15': 0.0922, 'hit@20': 0.2135, 'ndcg@20': 0.0981, 'hit@40': 0.2853, 'ndcg@40': 0.1125} 
2024-10-15 18:24:31.836 | INFO     | trainer_1:_train_one_epoch:193 - epoch 44 12.31s Train loss is [1.1473] 
2024-10-15 18:24:50.555 | INFO     | trainer_1:_train_one_epoch:201 - validate 44 cost time 18.72s, result: {'hit@1': 0.0586, 'ndcg@1': 0.0586, 'hit@5': 0.1761, 'ndcg@5': 0.0885, 'hit@10': 0.2495, 'ndcg@10': 0.1076, 'hit@15': 0.2964, 'ndcg@15': 0.1179, 'hit@20': 0.332, 'ndcg@20': 0.1251, 'hit@40': 0.4248, 'ndcg@40': 0.1416} 
2024-10-15 18:25:03.895 | INFO     | trainer_1:_train_one_epoch:209 - test 44 cost time 13.34s, result: {'hit@1': 0.0335, 'ndcg@1': 0.0335, 'hit@5': 0.1064, 'ndcg@5': 0.0686, 'hit@10': 0.1537, 'ndcg@10': 0.0834, 'hit@15': 0.1886, 'ndcg@15': 0.0923, 'hit@20': 0.2141, 'ndcg@20': 0.0982, 'hit@40': 0.2852, 'ndcg@40': 0.1124} 
2024-10-15 18:25:03.913 | INFO     | trainer_1:train_model:163 - training end, best iteration 39, results: {'hit@1': 0.0582, 'ndcg@1': 0.0582, 'hit@5': 0.1772, 'ndcg@5': 0.0889, 'hit@10': 0.2495, 'ndcg@10': 0.1076, 'hit@15': 0.2981, 'ndcg@15': 0.1181, 'hit@20': 0.3333, 'ndcg@20': 0.1252, 'hit@40': 0.4243, 'ndcg@40': 0.1415}
2024-10-15 18:25:03.914 | INFO     | trainer_1:train_model:166 - final test result is:  {'hit@1': 0.033, 'ndcg@1': 0.033, 'hit@5': 0.1077, 'ndcg@5': 0.0693, 'hit@10': 0.1553, 'ndcg@10': 0.0841, 'hit@15': 0.1898, 'ndcg@15': 0.093, 'hit@20': 0.2159, 'ndcg@20': 0.099, 'hit@40': 0.2837, 'ndcg@40': 0.1126}
2024-10-15 18:25:04.151 | INFO     | __main__:<module>:119 - train end total cost time: 3759.0017709732056
