2024-10-15 16:40:00.980 | INFO     | __main__:<module>:105 - Namespace(TIME='2024-10-15 16_39_19', batch_size=1024, behaviors=['click', 'collect', 'cart', 'buy'], check_point='model_pre_1_2024-10-15 14_50_55.pth', data_name='tmall', data_path='./data/Tmall', decay=0.001, device='cuda:1', dim_qk=32, dim_v=64, distill_layers=2, distill_thres=0.5, distill_topK=60, distill_userK=6, embedding_size=64, epochs=100, gpu_no=1, if_load_model=True, ii_lambda=200, initializer_range=0.02, layers=2, loss_type='bpr', lr=0.0005, message_dropout=0.25, metrics=['hit', 'ndcg'], min_epoch=5, model_name='main_1_zz', model_path='./check_point', node_dropout=0.75, omega=1, pt_loop=50, reg_weight=0.001, test_batch_size=1024, testbatch=1024, topk=[1, 5, 10, 15, 20, 40], uu_lambda=100)
2024-10-15 16:40:00.980 | INFO     | __main__:<module>:106 - BIPN(
  (message_dropout): Dropout(p=0.25, inplace=False)
  (user_embedding): Embedding(41739, 64, padding_idx=0)
  (item_embedding): Embedding(11954, 64, padding_idx=0)
  (global_Graph): LightGCN()
  (Graph_encoder): ModuleDict(
    (click): GraphEncoder(
      (light): LightGCN()
      (dropout): Dropout(p=0.75, inplace=False)
    )
    (collect): GraphEncoder(
      (light): LightGCN()
      (dropout): Dropout(p=0.75, inplace=False)
    )
    (cart): GraphEncoder(
      (light): LightGCN()
      (dropout): Dropout(p=0.75, inplace=False)
    )
    (buy): GraphEncoder(
      (light): LightGCN()
      (dropout): Dropout(p=0.75, inplace=False)
    )
  )
  (attention): Mutual_Attention()
  (bpr_loss): BPRLoss()
  (emb_loss): EmbLoss()
  (f): Sigmoid()
)
2024-10-15 17:02:10.044 | INFO     | trainer_1:_train_one_epoch:193 - epoch 1 12.60s Train loss is [1.5154] 
2024-10-15 17:02:21.711 | INFO     | trainer_1:_train_one_epoch:201 - validate 1 cost time 11.67s, result: {'hit@1': 0.0499, 'ndcg@1': 0.0499, 'hit@5': 0.1355, 'ndcg@5': 0.0696, 'hit@10': 0.1896, 'ndcg@10': 0.0833, 'hit@15': 0.2262, 'ndcg@15': 0.091, 'hit@20': 0.2537, 'ndcg@20': 0.0962, 'hit@40': 0.33, 'ndcg@40': 0.1091} 
2024-10-15 17:02:31.139 | INFO     | trainer_1:_train_one_epoch:209 - test 1 cost time 9.43s, result: {'hit@1': 0.0262, 'ndcg@1': 0.0262, 'hit@5': 0.0792, 'ndcg@5': 0.0518, 'hit@10': 0.1152, 'ndcg@10': 0.0629, 'hit@15': 0.1402, 'ndcg@15': 0.0693, 'hit@20': 0.1589, 'ndcg@20': 0.0736, 'hit@40': 0.2147, 'ndcg@40': 0.0847} 
2024-10-15 17:02:54.062 | INFO     | trainer_1:_train_one_epoch:193 - epoch 2 13.77s Train loss is [1.3426] 
2024-10-15 17:03:05.807 | INFO     | trainer_1:_train_one_epoch:201 - validate 2 cost time 11.74s, result: {'hit@1': 0.0539, 'ndcg@1': 0.0539, 'hit@5': 0.1522, 'ndcg@5': 0.0774, 'hit@10': 0.2111, 'ndcg@10': 0.0923, 'hit@15': 0.2512, 'ndcg@15': 0.1009, 'hit@20': 0.2796, 'ndcg@20': 0.1066, 'hit@40': 0.3562, 'ndcg@40': 0.1197} 
2024-10-15 17:03:13.083 | INFO     | trainer_1:_train_one_epoch:209 - test 2 cost time 7.28s, result: {'hit@1': 0.0298, 'ndcg@1': 0.0298, 'hit@5': 0.09, 'ndcg@5': 0.0588, 'hit@10': 0.1295, 'ndcg@10': 0.0712, 'hit@15': 0.1562, 'ndcg@15': 0.0781, 'hit@20': 0.1781, 'ndcg@20': 0.0831, 'hit@40': 0.2372, 'ndcg@40': 0.0949} 
2024-10-15 17:03:34.825 | INFO     | trainer_1:_train_one_epoch:193 - epoch 3 12.76s Train loss is [1.2990] 
2024-10-15 17:03:48.371 | INFO     | trainer_1:_train_one_epoch:201 - validate 3 cost time 13.55s, result: {'hit@1': 0.0571, 'ndcg@1': 0.0571, 'hit@5': 0.1635, 'ndcg@5': 0.0833, 'hit@10': 0.225, 'ndcg@10': 0.099, 'hit@15': 0.2648, 'ndcg@15': 0.1075, 'hit@20': 0.2963, 'ndcg@20': 0.1136, 'hit@40': 0.3781, 'ndcg@40': 0.128} 
2024-10-15 17:03:57.769 | INFO     | trainer_1:_train_one_epoch:209 - test 3 cost time 9.40s, result: {'hit@1': 0.0318, 'ndcg@1': 0.0318, 'hit@5': 0.0977, 'ndcg@5': 0.0639, 'hit@10': 0.1401, 'ndcg@10': 0.077, 'hit@15': 0.1681, 'ndcg@15': 0.0842, 'hit@20': 0.1911, 'ndcg@20': 0.0895, 'hit@40': 0.2532, 'ndcg@40': 0.1019} 
2024-10-15 17:04:21.039 | INFO     | trainer_1:_train_one_epoch:193 - epoch 4 14.00s Train loss is [1.2772] 
2024-10-15 17:04:34.463 | INFO     | trainer_1:_train_one_epoch:201 - validate 4 cost time 13.42s, result: {'hit@1': 0.0582, 'ndcg@1': 0.0582, 'hit@5': 0.1634, 'ndcg@5': 0.0842, 'hit@10': 0.2241, 'ndcg@10': 0.0997, 'hit@15': 0.2666, 'ndcg@15': 0.1089, 'hit@20': 0.2975, 'ndcg@20': 0.115, 'hit@40': 0.3788, 'ndcg@40': 0.1291} 
2024-10-15 17:04:41.520 | INFO     | trainer_1:_train_one_epoch:209 - test 4 cost time 7.06s, result: {'hit@1': 0.0322, 'ndcg@1': 0.0322, 'hit@5': 0.0982, 'ndcg@5': 0.0643, 'hit@10': 0.1397, 'ndcg@10': 0.0773, 'hit@15': 0.1685, 'ndcg@15': 0.0847, 'hit@20': 0.1915, 'ndcg@20': 0.0901, 'hit@40': 0.2517, 'ndcg@40': 0.102} 
2024-10-15 17:04:54.686 | INFO     | trainer_1:_train_one_epoch:193 - epoch 5 13.17s Train loss is [1.2532] 
2024-10-15 17:05:08.982 | INFO     | trainer_1:_train_one_epoch:201 - validate 5 cost time 14.29s, result: {'hit@1': 0.0597, 'ndcg@1': 0.0597, 'hit@5': 0.1658, 'ndcg@5': 0.0852, 'hit@10': 0.2285, 'ndcg@10': 0.1013, 'hit@15': 0.2702, 'ndcg@15': 0.1103, 'hit@20': 0.3007, 'ndcg@20': 0.1164, 'hit@40': 0.3838, 'ndcg@40': 0.1311} 
2024-10-15 17:05:16.289 | INFO     | trainer_1:_train_one_epoch:209 - test 5 cost time 7.31s, result: {'hit@1': 0.0327, 'ndcg@1': 0.0327, 'hit@5': 0.0999, 'ndcg@5': 0.0652, 'hit@10': 0.1407, 'ndcg@10': 0.0778, 'hit@15': 0.1711, 'ndcg@15': 0.0857, 'hit@20': 0.1941, 'ndcg@20': 0.091, 'hit@40': 0.2583, 'ndcg@40': 0.1038} 
2024-10-15 17:05:37.780 | INFO     | trainer_1:_train_one_epoch:193 - epoch 6 12.73s Train loss is [1.2442] 
2024-10-15 17:05:50.961 | INFO     | trainer_1:_train_one_epoch:201 - validate 6 cost time 13.18s, result: {'hit@1': 0.0603, 'ndcg@1': 0.0603, 'hit@5': 0.1679, 'ndcg@5': 0.0866, 'hit@10': 0.2316, 'ndcg@10': 0.103, 'hit@15': 0.2735, 'ndcg@15': 0.112, 'hit@20': 0.3054, 'ndcg@20': 0.1184, 'hit@40': 0.3899, 'ndcg@40': 0.1333} 
2024-10-15 17:06:00.557 | INFO     | trainer_1:_train_one_epoch:209 - test 6 cost time 9.60s, result: {'hit@1': 0.0325, 'ndcg@1': 0.0325, 'hit@5': 0.0994, 'ndcg@5': 0.0647, 'hit@10': 0.1444, 'ndcg@10': 0.0788, 'hit@15': 0.1723, 'ndcg@15': 0.086, 'hit@20': 0.1955, 'ndcg@20': 0.0913, 'hit@40': 0.261, 'ndcg@40': 0.1044} 
2024-10-15 17:06:22.631 | INFO     | trainer_1:_train_one_epoch:193 - epoch 7 13.46s Train loss is [1.2361] 
2024-10-15 17:06:36.083 | INFO     | trainer_1:_train_one_epoch:201 - validate 7 cost time 13.45s, result: {'hit@1': 0.0601, 'ndcg@1': 0.0601, 'hit@5': 0.1695, 'ndcg@5': 0.0869, 'hit@10': 0.2334, 'ndcg@10': 0.1032, 'hit@15': 0.2775, 'ndcg@15': 0.1128, 'hit@20': 0.3102, 'ndcg@20': 0.1192, 'hit@40': 0.3945, 'ndcg@40': 0.1341} 
2024-10-15 17:06:43.857 | INFO     | trainer_1:_train_one_epoch:209 - test 7 cost time 7.77s, result: {'hit@1': 0.033, 'ndcg@1': 0.033, 'hit@5': 0.1014, 'ndcg@5': 0.066, 'hit@10': 0.1446, 'ndcg@10': 0.0796, 'hit@15': 0.1757, 'ndcg@15': 0.0876, 'hit@20': 0.2005, 'ndcg@20': 0.0933, 'hit@40': 0.264, 'ndcg@40': 0.106} 
2024-10-15 17:07:08.574 | INFO     | trainer_1:_train_one_epoch:193 - epoch 8 16.21s Train loss is [1.2290] 
2024-10-15 17:07:21.740 | INFO     | trainer_1:_train_one_epoch:201 - validate 8 cost time 13.17s, result: {'hit@1': 0.0612, 'ndcg@1': 0.0612, 'hit@5': 0.1704, 'ndcg@5': 0.0875, 'hit@10': 0.2369, 'ndcg@10': 0.1045, 'hit@15': 0.2806, 'ndcg@15': 0.1139, 'hit@20': 0.3119, 'ndcg@20': 0.1201, 'hit@40': 0.3998, 'ndcg@40': 0.1356} 
2024-10-15 17:07:31.497 | INFO     | trainer_1:_train_one_epoch:209 - test 8 cost time 9.76s, result: {'hit@1': 0.0338, 'ndcg@1': 0.0338, 'hit@5': 0.102, 'ndcg@5': 0.0669, 'hit@10': 0.147, 'ndcg@10': 0.0808, 'hit@15': 0.1774, 'ndcg@15': 0.0887, 'hit@20': 0.2018, 'ndcg@20': 0.0943, 'hit@40': 0.2667, 'ndcg@40': 0.1073} 
2024-10-15 17:07:56.621 | INFO     | trainer_1:_train_one_epoch:193 - epoch 9 16.06s Train loss is [1.2192] 
2024-10-15 17:08:09.778 | INFO     | trainer_1:_train_one_epoch:201 - validate 9 cost time 13.16s, result: {'hit@1': 0.0591, 'ndcg@1': 0.0591, 'hit@5': 0.1707, 'ndcg@5': 0.087, 'hit@10': 0.2362, 'ndcg@10': 0.1037, 'hit@15': 0.2791, 'ndcg@15': 0.1128, 'hit@20': 0.3122, 'ndcg@20': 0.1195, 'hit@40': 0.3984, 'ndcg@40': 0.1347} 
2024-10-15 17:08:19.731 | INFO     | trainer_1:_train_one_epoch:209 - test 9 cost time 9.95s, result: {'hit@1': 0.0339, 'ndcg@1': 0.0339, 'hit@5': 0.1034, 'ndcg@5': 0.0675, 'hit@10': 0.1478, 'ndcg@10': 0.0814, 'hit@15': 0.1785, 'ndcg@15': 0.0893, 'hit@20': 0.2039, 'ndcg@20': 0.0951, 'hit@40': 0.2673, 'ndcg@40': 0.1078} 
2024-10-15 17:08:42.920 | INFO     | trainer_1:_train_one_epoch:193 - epoch 10 14.61s Train loss is [1.2162] 
2024-10-15 17:08:56.758 | INFO     | trainer_1:_train_one_epoch:201 - validate 10 cost time 13.84s, result: {'hit@1': 0.0601, 'ndcg@1': 0.0601, 'hit@5': 0.1712, 'ndcg@5': 0.0875, 'hit@10': 0.2367, 'ndcg@10': 0.1042, 'hit@15': 0.2813, 'ndcg@15': 0.1139, 'hit@20': 0.3145, 'ndcg@20': 0.1204, 'hit@40': 0.3994, 'ndcg@40': 0.1353} 
2024-10-15 17:09:05.992 | INFO     | trainer_1:_train_one_epoch:209 - test 10 cost time 9.23s, result: {'hit@1': 0.0347, 'ndcg@1': 0.0347, 'hit@5': 0.1041, 'ndcg@5': 0.0682, 'hit@10': 0.1497, 'ndcg@10': 0.0824, 'hit@15': 0.1792, 'ndcg@15': 0.0899, 'hit@20': 0.2048, 'ndcg@20': 0.0958, 'hit@40': 0.269, 'ndcg@40': 0.1086} 
2024-10-15 17:09:27.300 | INFO     | trainer_1:_train_one_epoch:193 - epoch 11 12.79s Train loss is [1.2090] 
2024-10-15 17:09:41.212 | INFO     | trainer_1:_train_one_epoch:201 - validate 11 cost time 13.91s, result: {'hit@1': 0.0593, 'ndcg@1': 0.0593, 'hit@5': 0.1732, 'ndcg@5': 0.0878, 'hit@10': 0.2401, 'ndcg@10': 0.1049, 'hit@15': 0.286, 'ndcg@15': 0.1149, 'hit@20': 0.3189, 'ndcg@20': 0.1213, 'hit@40': 0.4038, 'ndcg@40': 0.1364} 
2024-10-15 17:09:50.555 | INFO     | trainer_1:_train_one_epoch:209 - test 11 cost time 9.34s, result: {'hit@1': 0.0337, 'ndcg@1': 0.0337, 'hit@5': 0.1029, 'ndcg@5': 0.0672, 'hit@10': 0.1493, 'ndcg@10': 0.0817, 'hit@15': 0.1809, 'ndcg@15': 0.0898, 'hit@20': 0.2048, 'ndcg@20': 0.0953, 'hit@40': 0.2702, 'ndcg@40': 0.1084} 
2024-10-15 17:10:02.502 | INFO     | trainer_1:_train_one_epoch:193 - epoch 12 11.95s Train loss is [1.1994] 
2024-10-15 17:10:13.219 | INFO     | trainer_1:_train_one_epoch:201 - validate 12 cost time 10.72s, result: {'hit@1': 0.0592, 'ndcg@1': 0.0592, 'hit@5': 0.1728, 'ndcg@5': 0.0877, 'hit@10': 0.2413, 'ndcg@10': 0.1051, 'hit@15': 0.2857, 'ndcg@15': 0.1148, 'hit@20': 0.3201, 'ndcg@20': 0.1216, 'hit@40': 0.4036, 'ndcg@40': 0.1366} 
2024-10-15 17:10:21.542 | INFO     | trainer_1:_train_one_epoch:209 - test 12 cost time 8.32s, result: {'hit@1': 0.0348, 'ndcg@1': 0.0348, 'hit@5': 0.1025, 'ndcg@5': 0.0674, 'hit@10': 0.1495, 'ndcg@10': 0.082, 'hit@15': 0.1816, 'ndcg@15': 0.0902, 'hit@20': 0.2057, 'ndcg@20': 0.0957, 'hit@40': 0.2719, 'ndcg@40': 0.109} 
2024-10-15 17:10:36.034 | INFO     | trainer_1:_train_one_epoch:193 - epoch 13 14.49s Train loss is [1.1984] 
2024-10-15 17:10:47.283 | INFO     | trainer_1:_train_one_epoch:201 - validate 13 cost time 11.25s, result: {'hit@1': 0.0586, 'ndcg@1': 0.0586, 'hit@5': 0.1742, 'ndcg@5': 0.0876, 'hit@10': 0.2409, 'ndcg@10': 0.1051, 'hit@15': 0.2861, 'ndcg@15': 0.1148, 'hit@20': 0.3206, 'ndcg@20': 0.1216, 'hit@40': 0.4068, 'ndcg@40': 0.1371} 
2024-10-15 17:10:54.752 | INFO     | trainer_1:_train_one_epoch:209 - test 13 cost time 7.47s, result: {'hit@1': 0.0346, 'ndcg@1': 0.0346, 'hit@5': 0.1039, 'ndcg@5': 0.068, 'hit@10': 0.1499, 'ndcg@10': 0.0824, 'hit@15': 0.1807, 'ndcg@15': 0.0903, 'hit@20': 0.2048, 'ndcg@20': 0.0959, 'hit@40': 0.2729, 'ndcg@40': 0.1094} 
2024-10-15 17:11:17.722 | INFO     | trainer_1:_train_one_epoch:193 - epoch 14 14.48s Train loss is [1.1961] 
2024-10-15 17:11:31.021 | INFO     | trainer_1:_train_one_epoch:201 - validate 14 cost time 13.30s, result: {'hit@1': 0.0594, 'ndcg@1': 0.0594, 'hit@5': 0.1742, 'ndcg@5': 0.088, 'hit@10': 0.24, 'ndcg@10': 0.1051, 'hit@15': 0.2848, 'ndcg@15': 0.1146, 'hit@20': 0.3202, 'ndcg@20': 0.1216, 'hit@40': 0.4068, 'ndcg@40': 0.1371} 
2024-10-15 17:11:40.079 | INFO     | trainer_1:_train_one_epoch:209 - test 14 cost time 9.06s, result: {'hit@1': 0.0329, 'ndcg@1': 0.0329, 'hit@5': 0.1047, 'ndcg@5': 0.0675, 'hit@10': 0.1505, 'ndcg@10': 0.0818, 'hit@15': 0.1821, 'ndcg@15': 0.09, 'hit@20': 0.2065, 'ndcg@20': 0.0955, 'hit@40': 0.2713, 'ndcg@40': 0.1085} 
2024-10-15 17:12:04.551 | INFO     | trainer_1:_train_one_epoch:193 - epoch 15 15.37s Train loss is [1.1886] 
2024-10-15 17:12:17.788 | INFO     | trainer_1:_train_one_epoch:201 - validate 15 cost time 13.24s, result: {'hit@1': 0.0581, 'ndcg@1': 0.0581, 'hit@5': 0.1736, 'ndcg@5': 0.0878, 'hit@10': 0.2419, 'ndcg@10': 0.1052, 'hit@15': 0.2874, 'ndcg@15': 0.1152, 'hit@20': 0.3217, 'ndcg@20': 0.1219, 'hit@40': 0.4085, 'ndcg@40': 0.1375} 
2024-10-15 17:12:27.305 | INFO     | trainer_1:_train_one_epoch:209 - test 15 cost time 9.52s, result: {'hit@1': 0.0352, 'ndcg@1': 0.0352, 'hit@5': 0.1051, 'ndcg@5': 0.0689, 'hit@10': 0.1517, 'ndcg@10': 0.0835, 'hit@15': 0.1843, 'ndcg@15': 0.0919, 'hit@20': 0.2086, 'ndcg@20': 0.0974, 'hit@40': 0.2729, 'ndcg@40': 0.1103} 
2024-10-15 17:12:50.326 | INFO     | trainer_1:_train_one_epoch:193 - epoch 16 14.52s Train loss is [1.1870] 
2024-10-15 17:13:03.542 | INFO     | trainer_1:_train_one_epoch:201 - validate 16 cost time 13.22s, result: {'hit@1': 0.0591, 'ndcg@1': 0.0591, 'hit@5': 0.1758, 'ndcg@5': 0.0887, 'hit@10': 0.2443, 'ndcg@10': 0.1064, 'hit@15': 0.2887, 'ndcg@15': 0.116, 'hit@20': 0.3227, 'ndcg@20': 0.1228, 'hit@40': 0.4101, 'ndcg@40': 0.1383} 
2024-10-15 17:13:13.111 | INFO     | trainer_1:_train_one_epoch:209 - test 16 cost time 9.57s, result: {'hit@1': 0.0345, 'ndcg@1': 0.0345, 'hit@5': 0.104, 'ndcg@5': 0.0681, 'hit@10': 0.1508, 'ndcg@10': 0.0827, 'hit@15': 0.184, 'ndcg@15': 0.0912, 'hit@20': 0.2083, 'ndcg@20': 0.0968, 'hit@40': 0.275, 'ndcg@40': 0.1102} 
2024-10-15 17:13:29.093 | INFO     | trainer_1:_train_one_epoch:193 - epoch 17 15.98s Train loss is [1.1833] 
2024-10-15 17:13:42.815 | INFO     | trainer_1:_train_one_epoch:201 - validate 17 cost time 13.72s, result: {'hit@1': 0.0584, 'ndcg@1': 0.0584, 'hit@5': 0.1724, 'ndcg@5': 0.0871, 'hit@10': 0.2439, 'ndcg@10': 0.1055, 'hit@15': 0.2872, 'ndcg@15': 0.115, 'hit@20': 0.3214, 'ndcg@20': 0.1217, 'hit@40': 0.4089, 'ndcg@40': 0.1372} 
2024-10-15 17:13:50.676 | INFO     | trainer_1:_train_one_epoch:209 - test 17 cost time 7.86s, result: {'hit@1': 0.033, 'ndcg@1': 0.033, 'hit@5': 0.1049, 'ndcg@5': 0.0679, 'hit@10': 0.1516, 'ndcg@10': 0.0825, 'hit@15': 0.1826, 'ndcg@15': 0.0905, 'hit@20': 0.2077, 'ndcg@20': 0.0962, 'hit@40': 0.275, 'ndcg@40': 0.1097} 
2024-10-15 17:14:04.825 | INFO     | trainer_1:_train_one_epoch:193 - epoch 18 14.15s Train loss is [1.1735] 
2024-10-15 17:14:19.077 | INFO     | trainer_1:_train_one_epoch:201 - validate 18 cost time 14.25s, result: {'hit@1': 0.0591, 'ndcg@1': 0.0591, 'hit@5': 0.1736, 'ndcg@5': 0.0879, 'hit@10': 0.2443, 'ndcg@10': 0.106, 'hit@15': 0.289, 'ndcg@15': 0.1159, 'hit@20': 0.321, 'ndcg@20': 0.1223, 'hit@40': 0.4102, 'ndcg@40': 0.1382} 
2024-10-15 17:14:28.671 | INFO     | trainer_1:_train_one_epoch:209 - test 18 cost time 9.59s, result: {'hit@1': 0.0331, 'ndcg@1': 0.0331, 'hit@5': 0.1054, 'ndcg@5': 0.0683, 'hit@10': 0.1527, 'ndcg@10': 0.083, 'hit@15': 0.1836, 'ndcg@15': 0.091, 'hit@20': 0.2094, 'ndcg@20': 0.0969, 'hit@40': 0.2771, 'ndcg@40': 0.1104} 
2024-10-15 17:14:50.555 | INFO     | trainer_1:_train_one_epoch:193 - epoch 19 13.65s Train loss is [1.1767] 
2024-10-15 17:15:07.184 | INFO     | trainer_1:_train_one_epoch:201 - validate 19 cost time 16.63s, result: {'hit@1': 0.0588, 'ndcg@1': 0.0588, 'hit@5': 0.1748, 'ndcg@5': 0.088, 'hit@10': 0.2442, 'ndcg@10': 0.1061, 'hit@15': 0.2897, 'ndcg@15': 0.1159, 'hit@20': 0.3243, 'ndcg@20': 0.1227, 'hit@40': 0.4095, 'ndcg@40': 0.138} 
2024-10-15 17:15:17.443 | INFO     | trainer_1:_train_one_epoch:209 - test 19 cost time 10.26s, result: {'hit@1': 0.0337, 'ndcg@1': 0.0337, 'hit@5': 0.104, 'ndcg@5': 0.0679, 'hit@10': 0.1529, 'ndcg@10': 0.0832, 'hit@15': 0.1851, 'ndcg@15': 0.0914, 'hit@20': 0.2083, 'ndcg@20': 0.0968, 'hit@40': 0.2757, 'ndcg@40': 0.1103} 
2024-10-15 17:15:40.313 | INFO     | trainer_1:_train_one_epoch:193 - epoch 20 14.13s Train loss is [1.1691] 
2024-10-15 17:15:57.216 | INFO     | trainer_1:_train_one_epoch:201 - validate 20 cost time 16.90s, result: {'hit@1': 0.0598, 'ndcg@1': 0.0598, 'hit@5': 0.175, 'ndcg@5': 0.0882, 'hit@10': 0.2458, 'ndcg@10': 0.1066, 'hit@15': 0.2922, 'ndcg@15': 0.1167, 'hit@20': 0.3253, 'ndcg@20': 0.1233, 'hit@40': 0.4122, 'ndcg@40': 0.1388} 
2024-10-15 17:16:07.669 | INFO     | trainer_1:_train_one_epoch:209 - test 20 cost time 10.45s, result: {'hit@1': 0.0346, 'ndcg@1': 0.0346, 'hit@5': 0.1052, 'ndcg@5': 0.0689, 'hit@10': 0.1537, 'ndcg@10': 0.0842, 'hit@15': 0.1857, 'ndcg@15': 0.0924, 'hit@20': 0.2101, 'ndcg@20': 0.098, 'hit@40': 0.2751, 'ndcg@40': 0.1109} 
2024-10-15 17:16:28.005 | INFO     | trainer_1:_train_one_epoch:193 - epoch 21 12.04s Train loss is [1.1719] 
2024-10-15 17:16:39.620 | INFO     | trainer_1:_train_one_epoch:201 - validate 21 cost time 11.61s, result: {'hit@1': 0.0594, 'ndcg@1': 0.0594, 'hit@5': 0.1743, 'ndcg@5': 0.0881, 'hit@10': 0.2456, 'ndcg@10': 0.1064, 'hit@15': 0.2897, 'ndcg@15': 0.1161, 'hit@20': 0.325, 'ndcg@20': 0.123, 'hit@40': 0.4124, 'ndcg@40': 0.1387} 
2024-10-15 17:16:48.317 | INFO     | trainer_1:_train_one_epoch:209 - test 21 cost time 8.70s, result: {'hit@1': 0.0347, 'ndcg@1': 0.0347, 'hit@5': 0.1067, 'ndcg@5': 0.0697, 'hit@10': 0.152, 'ndcg@10': 0.084, 'hit@15': 0.1843, 'ndcg@15': 0.0923, 'hit@20': 0.2101, 'ndcg@20': 0.0982, 'hit@40': 0.2761, 'ndcg@40': 0.1114} 
2024-10-15 17:17:03.294 | INFO     | trainer_1:_train_one_epoch:193 - epoch 22 14.98s Train loss is [1.1642] 
2024-10-15 17:17:19.317 | INFO     | trainer_1:_train_one_epoch:201 - validate 22 cost time 16.02s, result: {'hit@1': 0.059, 'ndcg@1': 0.059, 'hit@5': 0.1743, 'ndcg@5': 0.0879, 'hit@10': 0.2449, 'ndcg@10': 0.1061, 'hit@15': 0.2882, 'ndcg@15': 0.1156, 'hit@20': 0.3225, 'ndcg@20': 0.1224, 'hit@40': 0.4113, 'ndcg@40': 0.1382} 
2024-10-15 17:17:32.799 | INFO     | trainer_1:_train_one_epoch:209 - test 22 cost time 13.48s, result: {'hit@1': 0.0347, 'ndcg@1': 0.0347, 'hit@5': 0.1071, 'ndcg@5': 0.0699, 'hit@10': 0.1547, 'ndcg@10': 0.0847, 'hit@15': 0.1856, 'ndcg@15': 0.0927, 'hit@20': 0.2101, 'ndcg@20': 0.0983, 'hit@40': 0.2777, 'ndcg@40': 0.1118} 
2024-10-15 17:18:05.215 | INFO     | trainer_1:_train_one_epoch:193 - epoch 23 21.14s Train loss is [1.1616] 
2024-10-15 17:18:26.874 | INFO     | trainer_1:_train_one_epoch:201 - validate 23 cost time 21.66s, result: {'hit@1': 0.0589, 'ndcg@1': 0.0589, 'hit@5': 0.174, 'ndcg@5': 0.0878, 'hit@10': 0.243, 'ndcg@10': 0.1056, 'hit@15': 0.2862, 'ndcg@15': 0.1151, 'hit@20': 0.3198, 'ndcg@20': 0.1218, 'hit@40': 0.4081, 'ndcg@40': 0.1376} 
2024-10-15 17:18:41.108 | INFO     | trainer_1:_train_one_epoch:209 - test 23 cost time 14.23s, result: {'hit@1': 0.0345, 'ndcg@1': 0.0345, 'hit@5': 0.1059, 'ndcg@5': 0.0692, 'hit@10': 0.1521, 'ndcg@10': 0.0837, 'hit@15': 0.1832, 'ndcg@15': 0.0917, 'hit@20': 0.208, 'ndcg@20': 0.0974, 'hit@40': 0.2759, 'ndcg@40': 0.1109} 
2024-10-15 17:19:01.085 | INFO     | trainer_1:_train_one_epoch:193 - epoch 24 19.98s Train loss is [1.1646] 
2024-10-15 17:19:21.603 | INFO     | trainer_1:_train_one_epoch:201 - validate 24 cost time 20.52s, result: {'hit@1': 0.0589, 'ndcg@1': 0.0589, 'hit@5': 0.1736, 'ndcg@5': 0.0876, 'hit@10': 0.2427, 'ndcg@10': 0.1053, 'hit@15': 0.2878, 'ndcg@15': 0.1152, 'hit@20': 0.3221, 'ndcg@20': 0.1221, 'hit@40': 0.4116, 'ndcg@40': 0.1381} 
2024-10-15 17:19:37.090 | INFO     | trainer_1:_train_one_epoch:209 - test 24 cost time 15.49s, result: {'hit@1': 0.0347, 'ndcg@1': 0.0347, 'hit@5': 0.1054, 'ndcg@5': 0.069, 'hit@10': 0.1529, 'ndcg@10': 0.084, 'hit@15': 0.1843, 'ndcg@15': 0.092, 'hit@20': 0.21, 'ndcg@20': 0.098, 'hit@40': 0.2781, 'ndcg@40': 0.1116} 
2024-10-15 17:19:58.926 | INFO     | trainer_1:_train_one_epoch:193 - epoch 25 21.83s Train loss is [1.1755] 
2024-10-15 17:20:19.012 | INFO     | trainer_1:_train_one_epoch:201 - validate 25 cost time 20.09s, result: {'hit@1': 0.0584, 'ndcg@1': 0.0584, 'hit@5': 0.1732, 'ndcg@5': 0.0873, 'hit@10': 0.2438, 'ndcg@10': 0.1054, 'hit@15': 0.2878, 'ndcg@15': 0.1151, 'hit@20': 0.3222, 'ndcg@20': 0.1218, 'hit@40': 0.4114, 'ndcg@40': 0.1378} 
2024-10-15 17:20:33.089 | INFO     | trainer_1:_train_one_epoch:209 - test 25 cost time 14.08s, result: {'hit@1': 0.0354, 'ndcg@1': 0.0354, 'hit@5': 0.1071, 'ndcg@5': 0.0698, 'hit@10': 0.1521, 'ndcg@10': 0.0838, 'hit@15': 0.1842, 'ndcg@15': 0.0921, 'hit@20': 0.2091, 'ndcg@20': 0.0979, 'hit@40': 0.2773, 'ndcg@40': 0.1115} 
2024-10-15 17:20:52.957 | INFO     | trainer_1:_train_one_epoch:193 - epoch 26 19.87s Train loss is [1.1713] 
2024-10-15 17:21:11.980 | INFO     | trainer_1:_train_one_epoch:201 - validate 26 cost time 19.02s, result: {'hit@1': 0.06, 'ndcg@1': 0.06, 'hit@5': 0.1739, 'ndcg@5': 0.0882, 'hit@10': 0.2443, 'ndcg@10': 0.1064, 'hit@15': 0.2891, 'ndcg@15': 0.1161, 'hit@20': 0.3237, 'ndcg@20': 0.1229, 'hit@40': 0.4127, 'ndcg@40': 0.1389} 
2024-10-15 17:21:25.426 | INFO     | trainer_1:_train_one_epoch:209 - test 26 cost time 13.45s, result: {'hit@1': 0.0346, 'ndcg@1': 0.0346, 'hit@5': 0.1049, 'ndcg@5': 0.0685, 'hit@10': 0.1505, 'ndcg@10': 0.0828, 'hit@15': 0.1828, 'ndcg@15': 0.0912, 'hit@20': 0.2086, 'ndcg@20': 0.0971, 'hit@40': 0.2788, 'ndcg@40': 0.1112} 
2024-10-15 17:21:46.364 | INFO     | trainer_1:_train_one_epoch:193 - epoch 27 20.94s Train loss is [1.1761] 
2024-10-15 17:22:06.485 | INFO     | trainer_1:_train_one_epoch:201 - validate 27 cost time 20.12s, result: {'hit@1': 0.0595, 'ndcg@1': 0.0595, 'hit@5': 0.1744, 'ndcg@5': 0.0881, 'hit@10': 0.2446, 'ndcg@10': 0.1063, 'hit@15': 0.2902, 'ndcg@15': 0.1162, 'hit@20': 0.3247, 'ndcg@20': 0.1231, 'hit@40': 0.4131, 'ndcg@40': 0.1388} 
2024-10-15 17:22:20.910 | INFO     | trainer_1:_train_one_epoch:209 - test 27 cost time 14.42s, result: {'hit@1': 0.0339, 'ndcg@1': 0.0339, 'hit@5': 0.1049, 'ndcg@5': 0.0683, 'hit@10': 0.153, 'ndcg@10': 0.0834, 'hit@15': 0.1852, 'ndcg@15': 0.0917, 'hit@20': 0.2111, 'ndcg@20': 0.0977, 'hit@40': 0.2786, 'ndcg@40': 0.1112} 
2024-10-15 17:22:20.937 | INFO     | trainer_1:train_model:163 - training end, best iteration 22, results: {'hit@1': 0.059, 'ndcg@1': 0.059, 'hit@5': 0.1743, 'ndcg@5': 0.0879, 'hit@10': 0.2449, 'ndcg@10': 0.1061, 'hit@15': 0.2882, 'ndcg@15': 0.1156, 'hit@20': 0.3225, 'ndcg@20': 0.1224, 'hit@40': 0.4113, 'ndcg@40': 0.1382}
2024-10-15 17:22:20.938 | INFO     | trainer_1:train_model:166 - final test result is:  {'hit@1': 0.0347, 'ndcg@1': 0.0347, 'hit@5': 0.1071, 'ndcg@5': 0.0699, 'hit@10': 0.1547, 'ndcg@10': 0.0847, 'hit@15': 0.1856, 'ndcg@15': 0.0927, 'hit@20': 0.2101, 'ndcg@20': 0.0983, 'hit@40': 0.2777, 'ndcg@40': 0.1118}
2024-10-15 17:22:21.371 | INFO     | __main__:<module>:119 - train end total cost time: 2582.257736682892
