2024-10-15 18:57:41.060 | INFO     | __main__:<module>:105 - Namespace(TIME='2024-10-15 18_56_59', batch_size=1024, behaviors=['view', 'cart', 'buy'], check_point='model_pre_1_2024-10-15 14_50_31.pth', data_name='taobao', data_path='./data/taobao', decay=0.001, device='cuda:0', dim_qk=32, dim_v=64, distill_layers=4, distill_thres=0.5, distill_topK=60, distill_userK=10, embedding_size=64, epochs=100, gpu_no=1, if_load_model=True, ii_lambda=200, initializer_range=0.02, layers=2, loss_type='bpr', lr=0.001, message_dropout=0.25, metrics=['hit', 'ndcg'], min_epoch=5, model_name='main_1_zz', model_path='./check_point', node_dropout=0.75, omega=1, pt_loop=50, reg_weight=0.001, test_batch_size=1024, testbatch=1024, topk=[1, 5, 10, 15, 20, 40], uu_lambda=100)
2024-10-15 18:57:41.061 | INFO     | __main__:<module>:106 - BIPN(
  (message_dropout): Dropout(p=0.25, inplace=False)
  (user_embedding): Embedding(48750, 64, padding_idx=0)
  (item_embedding): Embedding(39494, 64, padding_idx=0)
  (global_Graph): LightGCN()
  (Graph_encoder): ModuleDict(
    (view): GraphEncoder(
      (light): LightGCN()
      (dropout): Dropout(p=0.75, inplace=False)
    )
    (cart): GraphEncoder(
      (light): LightGCN()
      (dropout): Dropout(p=0.75, inplace=False)
    )
    (buy): GraphEncoder(
      (light): LightGCN()
      (dropout): Dropout(p=0.75, inplace=False)
    )
  )
  (attention): Mutual_Attention()
  (bpr_loss): BPRLoss()
  (emb_loss): EmbLoss()
  (f): Sigmoid()
)
2024-10-15 19:08:14.296 | INFO     | trainer_1:_train_one_epoch:193 - epoch 1 26.96s Train loss is [0.7964] 
2024-10-15 19:08:27.562 | INFO     | trainer_1:_train_one_epoch:201 - validate 1 cost time 13.27s, result: {'hit@1': 0.0304, 'ndcg@1': 0.0304, 'hit@5': 0.0832, 'ndcg@5': 0.0577, 'hit@10': 0.1149, 'ndcg@10': 0.0679, 'hit@15': 0.1362, 'ndcg@15': 0.0735, 'hit@20': 0.1531, 'ndcg@20': 0.0775, 'hit@40': 0.197, 'ndcg@40': 0.0865} 
2024-10-15 19:08:40.237 | INFO     | trainer_1:_train_one_epoch:209 - test 1 cost time 12.67s, result: {'hit@1': 0.0239, 'ndcg@1': 0.0239, 'hit@5': 0.0667, 'ndcg@5': 0.0458, 'hit@10': 0.0932, 'ndcg@10': 0.0544, 'hit@15': 0.1112, 'ndcg@15': 0.0591, 'hit@20': 0.1247, 'ndcg@20': 0.0623, 'hit@40': 0.1617, 'ndcg@40': 0.0699} 
2024-10-15 19:09:15.681 | INFO     | trainer_1:_train_one_epoch:193 - epoch 2 27.76s Train loss is [0.4846] 
2024-10-15 19:09:28.657 | INFO     | trainer_1:_train_one_epoch:201 - validate 2 cost time 12.98s, result: {'hit@1': 0.0364, 'ndcg@1': 0.0364, 'hit@5': 0.1024, 'ndcg@5': 0.0705, 'hit@10': 0.1398, 'ndcg@10': 0.0826, 'hit@15': 0.1641, 'ndcg@15': 0.089, 'hit@20': 0.1834, 'ndcg@20': 0.0936, 'hit@40': 0.2317, 'ndcg@40': 0.1035} 
2024-10-15 19:09:41.779 | INFO     | trainer_1:_train_one_epoch:209 - test 2 cost time 13.12s, result: {'hit@1': 0.0301, 'ndcg@1': 0.0301, 'hit@5': 0.0846, 'ndcg@5': 0.0582, 'hit@10': 0.1152, 'ndcg@10': 0.0681, 'hit@15': 0.1358, 'ndcg@15': 0.0735, 'hit@20': 0.1508, 'ndcg@20': 0.0771, 'hit@40': 0.1918, 'ndcg@40': 0.0854} 
2024-10-15 19:10:17.743 | INFO     | trainer_1:_train_one_epoch:193 - epoch 3 27.86s Train loss is [0.4195] 
2024-10-15 19:10:30.757 | INFO     | trainer_1:_train_one_epoch:201 - validate 3 cost time 13.01s, result: {'hit@1': 0.0407, 'ndcg@1': 0.0407, 'hit@5': 0.1127, 'ndcg@5': 0.0778, 'hit@10': 0.1527, 'ndcg@10': 0.0908, 'hit@15': 0.1781, 'ndcg@15': 0.0975, 'hit@20': 0.1977, 'ndcg@20': 0.1021, 'hit@40': 0.2465, 'ndcg@40': 0.1121} 
2024-10-15 19:10:43.608 | INFO     | trainer_1:_train_one_epoch:209 - test 3 cost time 12.85s, result: {'hit@1': 0.0339, 'ndcg@1': 0.0339, 'hit@5': 0.0957, 'ndcg@5': 0.0659, 'hit@10': 0.1282, 'ndcg@10': 0.0764, 'hit@15': 0.1494, 'ndcg@15': 0.0821, 'hit@20': 0.1649, 'ndcg@20': 0.0857, 'hit@40': 0.21, 'ndcg@40': 0.0949} 
2024-10-15 19:11:18.923 | INFO     | trainer_1:_train_one_epoch:193 - epoch 4 27.19s Train loss is [0.3859] 
2024-10-15 19:11:32.469 | INFO     | trainer_1:_train_one_epoch:201 - validate 4 cost time 13.55s, result: {'hit@1': 0.0424, 'ndcg@1': 0.0424, 'hit@5': 0.1194, 'ndcg@5': 0.0821, 'hit@10': 0.161, 'ndcg@10': 0.0955, 'hit@15': 0.1877, 'ndcg@15': 0.1026, 'hit@20': 0.2071, 'ndcg@20': 0.1072, 'hit@40': 0.2592, 'ndcg@40': 0.1178} 
2024-10-15 19:11:45.009 | INFO     | trainer_1:_train_one_epoch:209 - test 4 cost time 12.54s, result: {'hit@1': 0.0354, 'ndcg@1': 0.0354, 'hit@5': 0.0999, 'ndcg@5': 0.069, 'hit@10': 0.134, 'ndcg@10': 0.08, 'hit@15': 0.1564, 'ndcg@15': 0.0859, 'hit@20': 0.174, 'ndcg@20': 0.0901, 'hit@40': 0.2206, 'ndcg@40': 0.0996} 
2024-10-15 19:12:20.463 | INFO     | trainer_1:_train_one_epoch:193 - epoch 5 27.75s Train loss is [0.3593] 
2024-10-15 19:12:34.125 | INFO     | trainer_1:_train_one_epoch:201 - validate 5 cost time 13.66s, result: {'hit@1': 0.044, 'ndcg@1': 0.044, 'hit@5': 0.1227, 'ndcg@5': 0.0848, 'hit@10': 0.165, 'ndcg@10': 0.0985, 'hit@15': 0.1916, 'ndcg@15': 0.1055, 'hit@20': 0.2123, 'ndcg@20': 0.1104, 'hit@40': 0.2652, 'ndcg@40': 0.1212} 
2024-10-15 19:12:46.784 | INFO     | trainer_1:_train_one_epoch:209 - test 5 cost time 12.66s, result: {'hit@1': 0.0364, 'ndcg@1': 0.0364, 'hit@5': 0.1031, 'ndcg@5': 0.071, 'hit@10': 0.1382, 'ndcg@10': 0.0823, 'hit@15': 0.1618, 'ndcg@15': 0.0885, 'hit@20': 0.1788, 'ndcg@20': 0.0925, 'hit@40': 0.2269, 'ndcg@40': 0.1024} 
2024-10-15 19:13:23.644 | INFO     | trainer_1:_train_one_epoch:193 - epoch 6 29.12s Train loss is [0.3461] 
2024-10-15 19:13:37.207 | INFO     | trainer_1:_train_one_epoch:201 - validate 6 cost time 13.56s, result: {'hit@1': 0.044, 'ndcg@1': 0.044, 'hit@5': 0.1248, 'ndcg@5': 0.0858, 'hit@10': 0.1676, 'ndcg@10': 0.0996, 'hit@15': 0.1941, 'ndcg@15': 0.1066, 'hit@20': 0.2147, 'ndcg@20': 0.1115, 'hit@40': 0.2673, 'ndcg@40': 0.1222} 
2024-10-15 19:13:49.690 | INFO     | trainer_1:_train_one_epoch:209 - test 6 cost time 12.48s, result: {'hit@1': 0.0364, 'ndcg@1': 0.0364, 'hit@5': 0.1063, 'ndcg@5': 0.0726, 'hit@10': 0.1431, 'ndcg@10': 0.0845, 'hit@15': 0.1666, 'ndcg@15': 0.0908, 'hit@20': 0.1846, 'ndcg@20': 0.095, 'hit@40': 0.2325, 'ndcg@40': 0.1048} 
2024-10-15 19:14:25.515 | INFO     | trainer_1:_train_one_epoch:193 - epoch 7 28.00s Train loss is [0.3422] 
2024-10-15 19:14:38.394 | INFO     | trainer_1:_train_one_epoch:201 - validate 7 cost time 12.88s, result: {'hit@1': 0.0455, 'ndcg@1': 0.0455, 'hit@5': 0.1266, 'ndcg@5': 0.0873, 'hit@10': 0.1687, 'ndcg@10': 0.1009, 'hit@15': 0.1954, 'ndcg@15': 0.108, 'hit@20': 0.2157, 'ndcg@20': 0.1127, 'hit@40': 0.2702, 'ndcg@40': 0.1239} 
2024-10-15 19:14:50.868 | INFO     | trainer_1:_train_one_epoch:209 - test 7 cost time 12.47s, result: {'hit@1': 0.0365, 'ndcg@1': 0.0365, 'hit@5': 0.107, 'ndcg@5': 0.0729, 'hit@10': 0.1439, 'ndcg@10': 0.0848, 'hit@15': 0.1671, 'ndcg@15': 0.0909, 'hit@20': 0.1854, 'ndcg@20': 0.0952, 'hit@40': 0.2337, 'ndcg@40': 0.1051} 
2024-10-15 19:15:26.189 | INFO     | trainer_1:_train_one_epoch:193 - epoch 8 27.91s Train loss is [0.3270] 
2024-10-15 19:15:39.035 | INFO     | trainer_1:_train_one_epoch:201 - validate 8 cost time 12.85s, result: {'hit@1': 0.0455, 'ndcg@1': 0.0455, 'hit@5': 0.1266, 'ndcg@5': 0.0876, 'hit@10': 0.1701, 'ndcg@10': 0.1017, 'hit@15': 0.1979, 'ndcg@15': 0.1091, 'hit@20': 0.2187, 'ndcg@20': 0.114, 'hit@40': 0.2724, 'ndcg@40': 0.1249} 
2024-10-15 19:15:51.448 | INFO     | trainer_1:_train_one_epoch:209 - test 8 cost time 12.41s, result: {'hit@1': 0.036, 'ndcg@1': 0.036, 'hit@5': 0.1077, 'ndcg@5': 0.0732, 'hit@10': 0.1467, 'ndcg@10': 0.0858, 'hit@15': 0.1706, 'ndcg@15': 0.0921, 'hit@20': 0.188, 'ndcg@20': 0.0962, 'hit@40': 0.2352, 'ndcg@40': 0.1059} 
2024-10-15 19:16:26.708 | INFO     | trainer_1:_train_one_epoch:193 - epoch 9 27.83s Train loss is [0.3173] 
2024-10-15 19:16:39.986 | INFO     | trainer_1:_train_one_epoch:201 - validate 9 cost time 13.28s, result: {'hit@1': 0.0458, 'ndcg@1': 0.0458, 'hit@5': 0.1288, 'ndcg@5': 0.0888, 'hit@10': 0.1721, 'ndcg@10': 0.1028, 'hit@15': 0.2, 'ndcg@15': 0.1102, 'hit@20': 0.2211, 'ndcg@20': 0.1151, 'hit@40': 0.2761, 'ndcg@40': 0.1264} 
2024-10-15 19:16:52.484 | INFO     | trainer_1:_train_one_epoch:209 - test 9 cost time 12.50s, result: {'hit@1': 0.0366, 'ndcg@1': 0.0366, 'hit@5': 0.1109, 'ndcg@5': 0.075, 'hit@10': 0.1496, 'ndcg@10': 0.0875, 'hit@15': 0.1725, 'ndcg@15': 0.0936, 'hit@20': 0.1907, 'ndcg@20': 0.0979, 'hit@40': 0.2407, 'ndcg@40': 0.1081} 
2024-10-15 19:17:27.923 | INFO     | trainer_1:_train_one_epoch:193 - epoch 10 28.02s Train loss is [0.3118] 
2024-10-15 19:17:40.779 | INFO     | trainer_1:_train_one_epoch:201 - validate 10 cost time 12.86s, result: {'hit@1': 0.0452, 'ndcg@1': 0.0452, 'hit@5': 0.129, 'ndcg@5': 0.0885, 'hit@10': 0.1731, 'ndcg@10': 0.1028, 'hit@15': 0.2016, 'ndcg@15': 0.1103, 'hit@20': 0.2229, 'ndcg@20': 0.1154, 'hit@40': 0.278, 'ndcg@40': 0.1266} 
2024-10-15 19:17:53.250 | INFO     | trainer_1:_train_one_epoch:209 - test 10 cost time 12.47s, result: {'hit@1': 0.0366, 'ndcg@1': 0.0366, 'hit@5': 0.1096, 'ndcg@5': 0.0743, 'hit@10': 0.1493, 'ndcg@10': 0.0872, 'hit@15': 0.1742, 'ndcg@15': 0.0937, 'hit@20': 0.1926, 'ndcg@20': 0.0981, 'hit@40': 0.2407, 'ndcg@40': 0.1079} 
2024-10-15 19:18:21.378 | INFO     | trainer_1:_train_one_epoch:193 - epoch 11 28.13s Train loss is [0.3024] 
2024-10-15 19:18:34.231 | INFO     | trainer_1:_train_one_epoch:201 - validate 11 cost time 12.85s, result: {'hit@1': 0.0479, 'ndcg@1': 0.0479, 'hit@5': 0.1329, 'ndcg@5': 0.0918, 'hit@10': 0.1777, 'ndcg@10': 0.1062, 'hit@15': 0.2058, 'ndcg@15': 0.1137, 'hit@20': 0.2274, 'ndcg@20': 0.1188, 'hit@40': 0.2836, 'ndcg@40': 0.1303} 
2024-10-15 19:18:46.690 | INFO     | trainer_1:_train_one_epoch:209 - test 11 cost time 12.46s, result: {'hit@1': 0.0381, 'ndcg@1': 0.0381, 'hit@5': 0.1121, 'ndcg@5': 0.0763, 'hit@10': 0.1521, 'ndcg@10': 0.0892, 'hit@15': 0.1772, 'ndcg@15': 0.0959, 'hit@20': 0.1963, 'ndcg@20': 0.1004, 'hit@40': 0.2441, 'ndcg@40': 0.1102} 
2024-10-15 19:19:21.654 | INFO     | trainer_1:_train_one_epoch:193 - epoch 12 27.58s Train loss is [0.3039] 
2024-10-15 19:19:34.490 | INFO     | trainer_1:_train_one_epoch:201 - validate 12 cost time 12.84s, result: {'hit@1': 0.0466, 'ndcg@1': 0.0466, 'hit@5': 0.133, 'ndcg@5': 0.0912, 'hit@10': 0.1786, 'ndcg@10': 0.106, 'hit@15': 0.2076, 'ndcg@15': 0.1136, 'hit@20': 0.2297, 'ndcg@20': 0.1188, 'hit@40': 0.2836, 'ndcg@40': 0.1299} 
2024-10-15 19:19:46.904 | INFO     | trainer_1:_train_one_epoch:209 - test 12 cost time 12.41s, result: {'hit@1': 0.0383, 'ndcg@1': 0.0383, 'hit@5': 0.1135, 'ndcg@5': 0.0771, 'hit@10': 0.154, 'ndcg@10': 0.0902, 'hit@15': 0.179, 'ndcg@15': 0.0968, 'hit@20': 0.1971, 'ndcg@20': 0.1011, 'hit@40': 0.2461, 'ndcg@40': 0.1111} 
2024-10-15 19:20:21.828 | INFO     | trainer_1:_train_one_epoch:193 - epoch 13 27.23s Train loss is [0.2972] 
2024-10-15 19:20:34.609 | INFO     | trainer_1:_train_one_epoch:201 - validate 13 cost time 12.78s, result: {'hit@1': 0.0471, 'ndcg@1': 0.0471, 'hit@5': 0.1325, 'ndcg@5': 0.0912, 'hit@10': 0.1796, 'ndcg@10': 0.1064, 'hit@15': 0.2088, 'ndcg@15': 0.1141, 'hit@20': 0.2288, 'ndcg@20': 0.1188, 'hit@40': 0.2858, 'ndcg@40': 0.1305} 
2024-10-15 19:20:46.995 | INFO     | trainer_1:_train_one_epoch:209 - test 13 cost time 12.39s, result: {'hit@1': 0.0385, 'ndcg@1': 0.0385, 'hit@5': 0.1128, 'ndcg@5': 0.0768, 'hit@10': 0.1537, 'ndcg@10': 0.0901, 'hit@15': 0.1793, 'ndcg@15': 0.0968, 'hit@20': 0.197, 'ndcg@20': 0.101, 'hit@40': 0.2479, 'ndcg@40': 0.1114} 
2024-10-15 19:21:13.921 | INFO     | trainer_1:_train_one_epoch:193 - epoch 14 26.93s Train loss is [0.2990] 
2024-10-15 19:21:26.706 | INFO     | trainer_1:_train_one_epoch:201 - validate 14 cost time 12.78s, result: {'hit@1': 0.0475, 'ndcg@1': 0.0475, 'hit@5': 0.1346, 'ndcg@5': 0.0923, 'hit@10': 0.1813, 'ndcg@10': 0.1074, 'hit@15': 0.2109, 'ndcg@15': 0.1152, 'hit@20': 0.2332, 'ndcg@20': 0.1205, 'hit@40': 0.2891, 'ndcg@40': 0.1319} 
2024-10-15 19:21:39.106 | INFO     | trainer_1:_train_one_epoch:209 - test 14 cost time 12.40s, result: {'hit@1': 0.0391, 'ndcg@1': 0.0391, 'hit@5': 0.1141, 'ndcg@5': 0.0777, 'hit@10': 0.1548, 'ndcg@10': 0.0909, 'hit@15': 0.1808, 'ndcg@15': 0.0978, 'hit@20': 0.1987, 'ndcg@20': 0.102, 'hit@40': 0.2491, 'ndcg@40': 0.1123} 
2024-10-15 19:22:12.994 | INFO     | trainer_1:_train_one_epoch:193 - epoch 15 26.53s Train loss is [0.2943] 
2024-10-15 19:22:25.806 | INFO     | trainer_1:_train_one_epoch:201 - validate 15 cost time 12.81s, result: {'hit@1': 0.048, 'ndcg@1': 0.048, 'hit@5': 0.1352, 'ndcg@5': 0.0929, 'hit@10': 0.1823, 'ndcg@10': 0.1082, 'hit@15': 0.2112, 'ndcg@15': 0.1158, 'hit@20': 0.2334, 'ndcg@20': 0.1211, 'hit@40': 0.2879, 'ndcg@40': 0.1322} 
2024-10-15 19:22:38.252 | INFO     | trainer_1:_train_one_epoch:209 - test 15 cost time 12.45s, result: {'hit@1': 0.0388, 'ndcg@1': 0.0388, 'hit@5': 0.1135, 'ndcg@5': 0.0774, 'hit@10': 0.1551, 'ndcg@10': 0.0908, 'hit@15': 0.1805, 'ndcg@15': 0.0976, 'hit@20': 0.1994, 'ndcg@20': 0.102, 'hit@40': 0.2499, 'ndcg@40': 0.1123} 
2024-10-15 19:23:12.382 | INFO     | trainer_1:_train_one_epoch:193 - epoch 16 26.27s Train loss is [0.2864] 
2024-10-15 19:23:25.220 | INFO     | trainer_1:_train_one_epoch:201 - validate 16 cost time 12.84s, result: {'hit@1': 0.0475, 'ndcg@1': 0.0475, 'hit@5': 0.1354, 'ndcg@5': 0.0929, 'hit@10': 0.1828, 'ndcg@10': 0.1082, 'hit@15': 0.2115, 'ndcg@15': 0.1157, 'hit@20': 0.2334, 'ndcg@20': 0.1209, 'hit@40': 0.2886, 'ndcg@40': 0.1322} 
2024-10-15 19:23:37.644 | INFO     | trainer_1:_train_one_epoch:209 - test 16 cost time 12.42s, result: {'hit@1': 0.0386, 'ndcg@1': 0.0386, 'hit@5': 0.113, 'ndcg@5': 0.0772, 'hit@10': 0.1543, 'ndcg@10': 0.0905, 'hit@15': 0.1807, 'ndcg@15': 0.0975, 'hit@20': 0.1996, 'ndcg@20': 0.102, 'hit@40': 0.2486, 'ndcg@40': 0.112} 
2024-10-15 19:24:04.022 | INFO     | trainer_1:_train_one_epoch:193 - epoch 17 26.38s Train loss is [0.2901] 
2024-10-15 19:24:16.831 | INFO     | trainer_1:_train_one_epoch:201 - validate 17 cost time 12.81s, result: {'hit@1': 0.0466, 'ndcg@1': 0.0466, 'hit@5': 0.1341, 'ndcg@5': 0.0919, 'hit@10': 0.1806, 'ndcg@10': 0.1068, 'hit@15': 0.2108, 'ndcg@15': 0.1148, 'hit@20': 0.232, 'ndcg@20': 0.1198, 'hit@40': 0.2897, 'ndcg@40': 0.1316} 
2024-10-15 19:24:29.287 | INFO     | trainer_1:_train_one_epoch:209 - test 17 cost time 12.46s, result: {'hit@1': 0.0393, 'ndcg@1': 0.0393, 'hit@5': 0.1126, 'ndcg@5': 0.0772, 'hit@10': 0.1535, 'ndcg@10': 0.0904, 'hit@15': 0.1793, 'ndcg@15': 0.0972, 'hit@20': 0.1993, 'ndcg@20': 0.102, 'hit@40': 0.2507, 'ndcg@40': 0.1125} 
2024-10-15 19:24:55.643 | INFO     | trainer_1:_train_one_epoch:193 - epoch 18 26.35s Train loss is [0.2843] 
2024-10-15 19:25:08.432 | INFO     | trainer_1:_train_one_epoch:201 - validate 18 cost time 12.79s, result: {'hit@1': 0.0469, 'ndcg@1': 0.0469, 'hit@5': 0.1351, 'ndcg@5': 0.0922, 'hit@10': 0.1822, 'ndcg@10': 0.1074, 'hit@15': 0.2113, 'ndcg@15': 0.1151, 'hit@20': 0.2328, 'ndcg@20': 0.1202, 'hit@40': 0.2905, 'ndcg@40': 0.132} 
2024-10-15 19:25:20.878 | INFO     | trainer_1:_train_one_epoch:209 - test 18 cost time 12.45s, result: {'hit@1': 0.0389, 'ndcg@1': 0.0389, 'hit@5': 0.1145, 'ndcg@5': 0.078, 'hit@10': 0.1556, 'ndcg@10': 0.0912, 'hit@15': 0.1809, 'ndcg@15': 0.0979, 'hit@20': 0.2005, 'ndcg@20': 0.1026, 'hit@40': 0.2517, 'ndcg@40': 0.113} 
2024-10-15 19:25:54.545 | INFO     | trainer_1:_train_one_epoch:193 - epoch 19 26.19s Train loss is [0.2830] 
2024-10-15 19:26:07.354 | INFO     | trainer_1:_train_one_epoch:201 - validate 19 cost time 12.81s, result: {'hit@1': 0.0467, 'ndcg@1': 0.0467, 'hit@5': 0.1359, 'ndcg@5': 0.0924, 'hit@10': 0.1817, 'ndcg@10': 0.1071, 'hit@15': 0.2112, 'ndcg@15': 0.1149, 'hit@20': 0.2338, 'ndcg@20': 0.1203, 'hit@40': 0.2899, 'ndcg@40': 0.1318} 
2024-10-15 19:26:19.775 | INFO     | trainer_1:_train_one_epoch:209 - test 19 cost time 12.42s, result: {'hit@1': 0.0389, 'ndcg@1': 0.0389, 'hit@5': 0.1144, 'ndcg@5': 0.0779, 'hit@10': 0.157, 'ndcg@10': 0.0917, 'hit@15': 0.1822, 'ndcg@15': 0.0984, 'hit@20': 0.2013, 'ndcg@20': 0.1029, 'hit@40': 0.2534, 'ndcg@40': 0.1135} 
2024-10-15 19:26:55.056 | INFO     | trainer_1:_train_one_epoch:193 - epoch 20 27.93s Train loss is [0.2770] 
2024-10-15 19:27:07.886 | INFO     | trainer_1:_train_one_epoch:201 - validate 20 cost time 12.83s, result: {'hit@1': 0.0471, 'ndcg@1': 0.0471, 'hit@5': 0.1365, 'ndcg@5': 0.0931, 'hit@10': 0.1836, 'ndcg@10': 0.1083, 'hit@15': 0.2115, 'ndcg@15': 0.1157, 'hit@20': 0.2333, 'ndcg@20': 0.1208, 'hit@40': 0.2909, 'ndcg@40': 0.1326} 
2024-10-15 19:27:20.330 | INFO     | trainer_1:_train_one_epoch:209 - test 20 cost time 12.44s, result: {'hit@1': 0.0391, 'ndcg@1': 0.0391, 'hit@5': 0.1155, 'ndcg@5': 0.0786, 'hit@10': 0.1567, 'ndcg@10': 0.0919, 'hit@15': 0.1829, 'ndcg@15': 0.0988, 'hit@20': 0.2023, 'ndcg@20': 0.1034, 'hit@40': 0.2534, 'ndcg@40': 0.1139} 
2024-10-15 19:27:48.263 | INFO     | trainer_1:_train_one_epoch:193 - epoch 21 27.93s Train loss is [0.2772] 
2024-10-15 19:28:01.089 | INFO     | trainer_1:_train_one_epoch:201 - validate 21 cost time 12.83s, result: {'hit@1': 0.0474, 'ndcg@1': 0.0474, 'hit@5': 0.136, 'ndcg@5': 0.093, 'hit@10': 0.1831, 'ndcg@10': 0.1082, 'hit@15': 0.2124, 'ndcg@15': 0.116, 'hit@20': 0.2343, 'ndcg@20': 0.1212, 'hit@40': 0.291, 'ndcg@40': 0.1327} 
2024-10-15 19:28:13.519 | INFO     | trainer_1:_train_one_epoch:209 - test 21 cost time 12.43s, result: {'hit@1': 0.039, 'ndcg@1': 0.039, 'hit@5': 0.1153, 'ndcg@5': 0.0782, 'hit@10': 0.1576, 'ndcg@10': 0.0918, 'hit@15': 0.1844, 'ndcg@15': 0.0989, 'hit@20': 0.2033, 'ndcg@20': 0.1034, 'hit@40': 0.2532, 'ndcg@40': 0.1136} 
2024-10-15 19:28:48.229 | INFO     | trainer_1:_train_one_epoch:193 - epoch 22 26.92s Train loss is [0.2765] 
2024-10-15 19:29:01.048 | INFO     | trainer_1:_train_one_epoch:201 - validate 22 cost time 12.82s, result: {'hit@1': 0.0484, 'ndcg@1': 0.0484, 'hit@5': 0.1371, 'ndcg@5': 0.094, 'hit@10': 0.1841, 'ndcg@10': 0.1092, 'hit@15': 0.2146, 'ndcg@15': 0.1173, 'hit@20': 0.2364, 'ndcg@20': 0.1224, 'hit@40': 0.2938, 'ndcg@40': 0.1342} 
2024-10-15 19:29:13.486 | INFO     | trainer_1:_train_one_epoch:209 - test 22 cost time 12.44s, result: {'hit@1': 0.039, 'ndcg@1': 0.039, 'hit@5': 0.1166, 'ndcg@5': 0.079, 'hit@10': 0.1592, 'ndcg@10': 0.0927, 'hit@15': 0.1855, 'ndcg@15': 0.0997, 'hit@20': 0.2052, 'ndcg@20': 0.1043, 'hit@40': 0.2564, 'ndcg@40': 0.1148} 
2024-10-15 19:29:47.188 | INFO     | trainer_1:_train_one_epoch:193 - epoch 23 26.38s Train loss is [0.2707] 
2024-10-15 19:30:00.011 | INFO     | trainer_1:_train_one_epoch:201 - validate 23 cost time 12.82s, result: {'hit@1': 0.0482, 'ndcg@1': 0.0482, 'hit@5': 0.1373, 'ndcg@5': 0.0942, 'hit@10': 0.1841, 'ndcg@10': 0.1093, 'hit@15': 0.2144, 'ndcg@15': 0.1173, 'hit@20': 0.2368, 'ndcg@20': 0.1226, 'hit@40': 0.294, 'ndcg@40': 0.1343} 
2024-10-15 19:30:12.430 | INFO     | trainer_1:_train_one_epoch:209 - test 23 cost time 12.42s, result: {'hit@1': 0.0385, 'ndcg@1': 0.0385, 'hit@5': 0.1164, 'ndcg@5': 0.0786, 'hit@10': 0.157, 'ndcg@10': 0.0918, 'hit@15': 0.184, 'ndcg@15': 0.0989, 'hit@20': 0.2028, 'ndcg@20': 0.1034, 'hit@40': 0.2547, 'ndcg@40': 0.114} 
2024-10-15 19:30:38.824 | INFO     | trainer_1:_train_one_epoch:193 - epoch 24 26.39s Train loss is [0.2695] 
2024-10-15 19:30:51.644 | INFO     | trainer_1:_train_one_epoch:201 - validate 24 cost time 12.82s, result: {'hit@1': 0.0483, 'ndcg@1': 0.0483, 'hit@5': 0.1386, 'ndcg@5': 0.0949, 'hit@10': 0.1865, 'ndcg@10': 0.1103, 'hit@15': 0.2155, 'ndcg@15': 0.118, 'hit@20': 0.2382, 'ndcg@20': 0.1233, 'hit@40': 0.2952, 'ndcg@40': 0.135} 
2024-10-15 19:31:04.105 | INFO     | trainer_1:_train_one_epoch:209 - test 24 cost time 12.46s, result: {'hit@1': 0.0384, 'ndcg@1': 0.0384, 'hit@5': 0.1184, 'ndcg@5': 0.0798, 'hit@10': 0.1584, 'ndcg@10': 0.0927, 'hit@15': 0.1843, 'ndcg@15': 0.0996, 'hit@20': 0.2048, 'ndcg@20': 0.1044, 'hit@40': 0.2562, 'ndcg@40': 0.1149} 
2024-10-15 19:31:30.344 | INFO     | trainer_1:_train_one_epoch:193 - epoch 25 26.24s Train loss is [0.2673] 
2024-10-15 19:31:43.149 | INFO     | trainer_1:_train_one_epoch:201 - validate 25 cost time 12.80s, result: {'hit@1': 0.0481, 'ndcg@1': 0.0481, 'hit@5': 0.138, 'ndcg@5': 0.0944, 'hit@10': 0.1859, 'ndcg@10': 0.1099, 'hit@15': 0.2155, 'ndcg@15': 0.1177, 'hit@20': 0.2384, 'ndcg@20': 0.1231, 'hit@40': 0.2943, 'ndcg@40': 0.1345} 
2024-10-15 19:31:55.539 | INFO     | trainer_1:_train_one_epoch:209 - test 25 cost time 12.39s, result: {'hit@1': 0.0386, 'ndcg@1': 0.0386, 'hit@5': 0.1176, 'ndcg@5': 0.0796, 'hit@10': 0.1596, 'ndcg@10': 0.0931, 'hit@15': 0.1866, 'ndcg@15': 0.1003, 'hit@20': 0.2056, 'ndcg@20': 0.1047, 'hit@40': 0.2576, 'ndcg@40': 0.1154} 
2024-10-15 19:32:29.655 | INFO     | trainer_1:_train_one_epoch:193 - epoch 26 26.26s Train loss is [0.2629] 
2024-10-15 19:32:42.446 | INFO     | trainer_1:_train_one_epoch:201 - validate 26 cost time 12.79s, result: {'hit@1': 0.0478, 'ndcg@1': 0.0478, 'hit@5': 0.1388, 'ndcg@5': 0.0947, 'hit@10': 0.1871, 'ndcg@10': 0.1102, 'hit@15': 0.2171, 'ndcg@15': 0.1182, 'hit@20': 0.2387, 'ndcg@20': 0.1233, 'hit@40': 0.2965, 'ndcg@40': 0.1351} 
2024-10-15 19:32:54.863 | INFO     | trainer_1:_train_one_epoch:209 - test 26 cost time 12.42s, result: {'hit@1': 0.0394, 'ndcg@1': 0.0394, 'hit@5': 0.1174, 'ndcg@5': 0.0798, 'hit@10': 0.1606, 'ndcg@10': 0.0938, 'hit@15': 0.1865, 'ndcg@15': 0.1006, 'hit@20': 0.2062, 'ndcg@20': 0.1053, 'hit@40': 0.2587, 'ndcg@40': 0.116} 
2024-10-15 19:33:29.360 | INFO     | trainer_1:_train_one_epoch:193 - epoch 27 26.97s Train loss is [0.2639] 
2024-10-15 19:33:42.130 | INFO     | trainer_1:_train_one_epoch:201 - validate 27 cost time 12.77s, result: {'hit@1': 0.0474, 'ndcg@1': 0.0474, 'hit@5': 0.1377, 'ndcg@5': 0.0941, 'hit@10': 0.1848, 'ndcg@10': 0.1093, 'hit@15': 0.2148, 'ndcg@15': 0.1173, 'hit@20': 0.2366, 'ndcg@20': 0.1224, 'hit@40': 0.2949, 'ndcg@40': 0.1343} 
2024-10-15 19:33:54.497 | INFO     | trainer_1:_train_one_epoch:209 - test 27 cost time 12.37s, result: {'hit@1': 0.0393, 'ndcg@1': 0.0393, 'hit@5': 0.1165, 'ndcg@5': 0.0793, 'hit@10': 0.1602, 'ndcg@10': 0.0934, 'hit@15': 0.1852, 'ndcg@15': 0.1, 'hit@20': 0.2051, 'ndcg@20': 0.1047, 'hit@40': 0.2553, 'ndcg@40': 0.115} 
2024-10-15 19:34:21.609 | INFO     | trainer_1:_train_one_epoch:193 - epoch 28 27.11s Train loss is [0.2628] 
2024-10-15 19:34:34.355 | INFO     | trainer_1:_train_one_epoch:201 - validate 28 cost time 12.75s, result: {'hit@1': 0.0477, 'ndcg@1': 0.0477, 'hit@5': 0.1374, 'ndcg@5': 0.094, 'hit@10': 0.1855, 'ndcg@10': 0.1096, 'hit@15': 0.2158, 'ndcg@15': 0.1176, 'hit@20': 0.2379, 'ndcg@20': 0.1228, 'hit@40': 0.2955, 'ndcg@40': 0.1346} 
2024-10-15 19:34:46.749 | INFO     | trainer_1:_train_one_epoch:209 - test 28 cost time 12.39s, result: {'hit@1': 0.0398, 'ndcg@1': 0.0398, 'hit@5': 0.1166, 'ndcg@5': 0.0796, 'hit@10': 0.16, 'ndcg@10': 0.0936, 'hit@15': 0.1855, 'ndcg@15': 0.1003, 'hit@20': 0.2052, 'ndcg@20': 0.105, 'hit@40': 0.2589, 'ndcg@40': 0.1159} 
2024-10-15 19:35:13.824 | INFO     | trainer_1:_train_one_epoch:193 - epoch 29 27.07s Train loss is [0.2598] 
2024-10-15 19:35:26.564 | INFO     | trainer_1:_train_one_epoch:201 - validate 29 cost time 12.74s, result: {'hit@1': 0.0466, 'ndcg@1': 0.0466, 'hit@5': 0.1381, 'ndcg@5': 0.0938, 'hit@10': 0.1863, 'ndcg@10': 0.1094, 'hit@15': 0.2159, 'ndcg@15': 0.1172, 'hit@20': 0.2375, 'ndcg@20': 0.1223, 'hit@40': 0.2944, 'ndcg@40': 0.1339} 
2024-10-15 19:35:38.924 | INFO     | trainer_1:_train_one_epoch:209 - test 29 cost time 12.36s, result: {'hit@1': 0.0407, 'ndcg@1': 0.0407, 'hit@5': 0.1175, 'ndcg@5': 0.0803, 'hit@10': 0.1597, 'ndcg@10': 0.0939, 'hit@15': 0.1852, 'ndcg@15': 0.1007, 'hit@20': 0.2053, 'ndcg@20': 0.1054, 'hit@40': 0.2577, 'ndcg@40': 0.1162} 
2024-10-15 19:36:06.033 | INFO     | trainer_1:_train_one_epoch:193 - epoch 30 27.11s Train loss is [0.2605] 
2024-10-15 19:36:18.817 | INFO     | trainer_1:_train_one_epoch:201 - validate 30 cost time 12.78s, result: {'hit@1': 0.0463, 'ndcg@1': 0.0463, 'hit@5': 0.1392, 'ndcg@5': 0.0943, 'hit@10': 0.1878, 'ndcg@10': 0.11, 'hit@15': 0.2172, 'ndcg@15': 0.1178, 'hit@20': 0.2388, 'ndcg@20': 0.1229, 'hit@40': 0.2967, 'ndcg@40': 0.1347} 
2024-10-15 19:36:31.190 | INFO     | trainer_1:_train_one_epoch:209 - test 30 cost time 12.37s, result: {'hit@1': 0.04, 'ndcg@1': 0.04, 'hit@5': 0.1176, 'ndcg@5': 0.0801, 'hit@10': 0.1605, 'ndcg@10': 0.094, 'hit@15': 0.1868, 'ndcg@15': 0.1009, 'hit@20': 0.2071, 'ndcg@20': 0.1057, 'hit@40': 0.2599, 'ndcg@40': 0.1165} 
2024-10-15 19:36:58.175 | INFO     | trainer_1:_train_one_epoch:193 - epoch 31 26.98s Train loss is [0.2534] 
2024-10-15 19:37:10.957 | INFO     | trainer_1:_train_one_epoch:201 - validate 31 cost time 12.78s, result: {'hit@1': 0.0469, 'ndcg@1': 0.0469, 'hit@5': 0.1384, 'ndcg@5': 0.0943, 'hit@10': 0.1859, 'ndcg@10': 0.1096, 'hit@15': 0.2162, 'ndcg@15': 0.1176, 'hit@20': 0.2383, 'ndcg@20': 0.1228, 'hit@40': 0.2973, 'ndcg@40': 0.1349} 
2024-10-15 19:37:23.317 | INFO     | trainer_1:_train_one_epoch:209 - test 31 cost time 12.36s, result: {'hit@1': 0.0404, 'ndcg@1': 0.0404, 'hit@5': 0.1168, 'ndcg@5': 0.0799, 'hit@10': 0.1601, 'ndcg@10': 0.0939, 'hit@15': 0.1861, 'ndcg@15': 0.1008, 'hit@20': 0.2069, 'ndcg@20': 0.1057, 'hit@40': 0.2591, 'ndcg@40': 0.1164} 
2024-10-15 19:37:50.356 | INFO     | trainer_1:_train_one_epoch:193 - epoch 32 27.04s Train loss is [0.2525] 
2024-10-15 19:38:03.137 | INFO     | trainer_1:_train_one_epoch:201 - validate 32 cost time 12.78s, result: {'hit@1': 0.0474, 'ndcg@1': 0.0474, 'hit@5': 0.1386, 'ndcg@5': 0.0945, 'hit@10': 0.1867, 'ndcg@10': 0.1101, 'hit@15': 0.2164, 'ndcg@15': 0.1179, 'hit@20': 0.2395, 'ndcg@20': 0.1234, 'hit@40': 0.2981, 'ndcg@40': 0.1353} 
2024-10-15 19:38:15.540 | INFO     | trainer_1:_train_one_epoch:209 - test 32 cost time 12.40s, result: {'hit@1': 0.0403, 'ndcg@1': 0.0403, 'hit@5': 0.1177, 'ndcg@5': 0.0804, 'hit@10': 0.1599, 'ndcg@10': 0.094, 'hit@15': 0.188, 'ndcg@15': 0.1015, 'hit@20': 0.2077, 'ndcg@20': 0.1061, 'hit@40': 0.2607, 'ndcg@40': 0.117} 
2024-10-15 19:38:42.567 | INFO     | trainer_1:_train_one_epoch:193 - epoch 33 27.03s Train loss is [0.2557] 
2024-10-15 19:38:55.322 | INFO     | trainer_1:_train_one_epoch:201 - validate 33 cost time 12.75s, result: {'hit@1': 0.0466, 'ndcg@1': 0.0466, 'hit@5': 0.138, 'ndcg@5': 0.0939, 'hit@10': 0.1866, 'ndcg@10': 0.1096, 'hit@15': 0.2166, 'ndcg@15': 0.1176, 'hit@20': 0.2393, 'ndcg@20': 0.1229, 'hit@40': 0.2974, 'ndcg@40': 0.1348} 
2024-10-15 19:39:07.703 | INFO     | trainer_1:_train_one_epoch:209 - test 33 cost time 12.38s, result: {'hit@1': 0.0401, 'ndcg@1': 0.0401, 'hit@5': 0.1166, 'ndcg@5': 0.0797, 'hit@10': 0.1609, 'ndcg@10': 0.0939, 'hit@15': 0.1865, 'ndcg@15': 0.1007, 'hit@20': 0.2069, 'ndcg@20': 0.1055, 'hit@40': 0.26, 'ndcg@40': 0.1164} 
2024-10-15 19:39:42.496 | INFO     | trainer_1:_train_one_epoch:193 - epoch 34 27.39s Train loss is [0.2492] 
2024-10-15 19:39:55.311 | INFO     | trainer_1:_train_one_epoch:201 - validate 34 cost time 12.82s, result: {'hit@1': 0.0476, 'ndcg@1': 0.0476, 'hit@5': 0.1387, 'ndcg@5': 0.0947, 'hit@10': 0.1873, 'ndcg@10': 0.1104, 'hit@15': 0.2179, 'ndcg@15': 0.1185, 'hit@20': 0.2408, 'ndcg@20': 0.1239, 'hit@40': 0.2987, 'ndcg@40': 0.1357} 
2024-10-15 19:40:07.741 | INFO     | trainer_1:_train_one_epoch:209 - test 34 cost time 12.43s, result: {'hit@1': 0.0404, 'ndcg@1': 0.0404, 'hit@5': 0.1174, 'ndcg@5': 0.0801, 'hit@10': 0.161, 'ndcg@10': 0.0942, 'hit@15': 0.1877, 'ndcg@15': 0.1012, 'hit@20': 0.2077, 'ndcg@20': 0.106, 'hit@40': 0.2609, 'ndcg@40': 0.1168} 
2024-10-15 19:40:44.518 | INFO     | trainer_1:_train_one_epoch:193 - epoch 35 28.94s Train loss is [0.2493] 
2024-10-15 19:40:57.355 | INFO     | trainer_1:_train_one_epoch:201 - validate 35 cost time 12.84s, result: {'hit@1': 0.0474, 'ndcg@1': 0.0474, 'hit@5': 0.1388, 'ndcg@5': 0.0947, 'hit@10': 0.1863, 'ndcg@10': 0.1101, 'hit@15': 0.2169, 'ndcg@15': 0.1182, 'hit@20': 0.2399, 'ndcg@20': 0.1236, 'hit@40': 0.2985, 'ndcg@40': 0.1356} 
2024-10-15 19:41:09.780 | INFO     | trainer_1:_train_one_epoch:209 - test 35 cost time 12.42s, result: {'hit@1': 0.041, 'ndcg@1': 0.041, 'hit@5': 0.1173, 'ndcg@5': 0.0804, 'hit@10': 0.1604, 'ndcg@10': 0.0943, 'hit@15': 0.1868, 'ndcg@15': 0.1013, 'hit@20': 0.2072, 'ndcg@20': 0.1061, 'hit@40': 0.2613, 'ndcg@40': 0.1172} 
2024-10-15 19:41:38.756 | INFO     | trainer_1:_train_one_epoch:193 - epoch 36 28.98s Train loss is [0.2461] 
2024-10-15 19:41:51.599 | INFO     | trainer_1:_train_one_epoch:201 - validate 36 cost time 12.84s, result: {'hit@1': 0.0475, 'ndcg@1': 0.0475, 'hit@5': 0.1383, 'ndcg@5': 0.0943, 'hit@10': 0.1866, 'ndcg@10': 0.1099, 'hit@15': 0.2175, 'ndcg@15': 0.1181, 'hit@20': 0.2412, 'ndcg@20': 0.1237, 'hit@40': 0.2992, 'ndcg@40': 0.1356} 
2024-10-15 19:42:04.016 | INFO     | trainer_1:_train_one_epoch:209 - test 36 cost time 12.42s, result: {'hit@1': 0.0392, 'ndcg@1': 0.0392, 'hit@5': 0.1178, 'ndcg@5': 0.0799, 'hit@10': 0.1614, 'ndcg@10': 0.0939, 'hit@15': 0.1878, 'ndcg@15': 0.1009, 'hit@20': 0.2086, 'ndcg@20': 0.1058, 'hit@40': 0.2614, 'ndcg@40': 0.1166} 
2024-10-15 19:42:39.440 | INFO     | trainer_1:_train_one_epoch:193 - epoch 37 28.02s Train loss is [0.2449] 
2024-10-15 19:42:52.260 | INFO     | trainer_1:_train_one_epoch:201 - validate 37 cost time 12.82s, result: {'hit@1': 0.0477, 'ndcg@1': 0.0477, 'hit@5': 0.1389, 'ndcg@5': 0.0949, 'hit@10': 0.1886, 'ndcg@10': 0.1109, 'hit@15': 0.2196, 'ndcg@15': 0.1191, 'hit@20': 0.2427, 'ndcg@20': 0.1245, 'hit@40': 0.3006, 'ndcg@40': 0.1364} 
2024-10-15 19:43:04.675 | INFO     | trainer_1:_train_one_epoch:209 - test 37 cost time 12.41s, result: {'hit@1': 0.04, 'ndcg@1': 0.04, 'hit@5': 0.1188, 'ndcg@5': 0.0808, 'hit@10': 0.1625, 'ndcg@10': 0.0949, 'hit@15': 0.189, 'ndcg@15': 0.102, 'hit@20': 0.2093, 'ndcg@20': 0.1067, 'hit@40': 0.2623, 'ndcg@40': 0.1176} 
2024-10-15 19:43:39.665 | INFO     | trainer_1:_train_one_epoch:193 - epoch 38 27.63s Train loss is [0.2465] 
2024-10-15 19:43:52.436 | INFO     | trainer_1:_train_one_epoch:201 - validate 38 cost time 12.77s, result: {'hit@1': 0.0473, 'ndcg@1': 0.0473, 'hit@5': 0.1391, 'ndcg@5': 0.0948, 'hit@10': 0.1877, 'ndcg@10': 0.1105, 'hit@15': 0.2188, 'ndcg@15': 0.1188, 'hit@20': 0.2418, 'ndcg@20': 0.1242, 'hit@40': 0.2988, 'ndcg@40': 0.1359} 
2024-10-15 19:44:04.806 | INFO     | trainer_1:_train_one_epoch:209 - test 38 cost time 12.37s, result: {'hit@1': 0.0397, 'ndcg@1': 0.0397, 'hit@5': 0.118, 'ndcg@5': 0.0802, 'hit@10': 0.1615, 'ndcg@10': 0.0942, 'hit@15': 0.1883, 'ndcg@15': 0.1013, 'hit@20': 0.2083, 'ndcg@20': 0.106, 'hit@40': 0.2613, 'ndcg@40': 0.1168} 
2024-10-15 19:44:31.936 | INFO     | trainer_1:_train_one_epoch:193 - epoch 39 27.13s Train loss is [0.2595] 
2024-10-15 19:44:44.699 | INFO     | trainer_1:_train_one_epoch:201 - validate 39 cost time 12.76s, result: {'hit@1': 0.0478, 'ndcg@1': 0.0478, 'hit@5': 0.1392, 'ndcg@5': 0.095, 'hit@10': 0.1887, 'ndcg@10': 0.111, 'hit@15': 0.2189, 'ndcg@15': 0.119, 'hit@20': 0.2411, 'ndcg@20': 0.1242, 'hit@40': 0.3005, 'ndcg@40': 0.1364} 
2024-10-15 19:44:57.080 | INFO     | trainer_1:_train_one_epoch:209 - test 39 cost time 12.38s, result: {'hit@1': 0.0399, 'ndcg@1': 0.0399, 'hit@5': 0.1188, 'ndcg@5': 0.0807, 'hit@10': 0.1622, 'ndcg@10': 0.0947, 'hit@15': 0.1896, 'ndcg@15': 0.102, 'hit@20': 0.2089, 'ndcg@20': 0.1066, 'hit@40': 0.2617, 'ndcg@40': 0.1174} 
2024-10-15 19:45:24.146 | INFO     | trainer_1:_train_one_epoch:193 - epoch 40 27.07s Train loss is [0.2546] 
2024-10-15 19:45:36.890 | INFO     | trainer_1:_train_one_epoch:201 - validate 40 cost time 12.74s, result: {'hit@1': 0.0484, 'ndcg@1': 0.0484, 'hit@5': 0.139, 'ndcg@5': 0.0951, 'hit@10': 0.1892, 'ndcg@10': 0.1113, 'hit@15': 0.2204, 'ndcg@15': 0.1196, 'hit@20': 0.2424, 'ndcg@20': 0.1248, 'hit@40': 0.301, 'ndcg@40': 0.1368} 
2024-10-15 19:45:49.266 | INFO     | trainer_1:_train_one_epoch:209 - test 40 cost time 12.38s, result: {'hit@1': 0.0398, 'ndcg@1': 0.0398, 'hit@5': 0.1195, 'ndcg@5': 0.081, 'hit@10': 0.163, 'ndcg@10': 0.0951, 'hit@15': 0.1902, 'ndcg@15': 0.1023, 'hit@20': 0.2098, 'ndcg@20': 0.107, 'hit@40': 0.2636, 'ndcg@40': 0.118} 
2024-10-15 19:46:23.704 | INFO     | trainer_1:_train_one_epoch:193 - epoch 41 27.06s Train loss is [0.2622] 
2024-10-15 19:46:36.501 | INFO     | trainer_1:_train_one_epoch:201 - validate 41 cost time 12.80s, result: {'hit@1': 0.0483, 'ndcg@1': 0.0483, 'hit@5': 0.1389, 'ndcg@5': 0.0951, 'hit@10': 0.1896, 'ndcg@10': 0.1114, 'hit@15': 0.219, 'ndcg@15': 0.1192, 'hit@20': 0.2422, 'ndcg@20': 0.1247, 'hit@40': 0.3007, 'ndcg@40': 0.1366} 
2024-10-15 19:46:48.928 | INFO     | trainer_1:_train_one_epoch:209 - test 41 cost time 12.43s, result: {'hit@1': 0.0404, 'ndcg@1': 0.0404, 'hit@5': 0.1188, 'ndcg@5': 0.081, 'hit@10': 0.1634, 'ndcg@10': 0.0955, 'hit@15': 0.1904, 'ndcg@15': 0.1026, 'hit@20': 0.2107, 'ndcg@20': 0.1074, 'hit@40': 0.2635, 'ndcg@40': 0.1182} 
2024-10-15 19:47:25.075 | INFO     | trainer_1:_train_one_epoch:193 - epoch 42 28.75s Train loss is [0.2625] 
2024-10-15 19:47:37.925 | INFO     | trainer_1:_train_one_epoch:201 - validate 42 cost time 12.85s, result: {'hit@1': 0.0482, 'ndcg@1': 0.0482, 'hit@5': 0.1397, 'ndcg@5': 0.0954, 'hit@10': 0.1885, 'ndcg@10': 0.1112, 'hit@15': 0.2194, 'ndcg@15': 0.1193, 'hit@20': 0.2424, 'ndcg@20': 0.1247, 'hit@40': 0.3006, 'ndcg@40': 0.1366} 
2024-10-15 19:47:50.342 | INFO     | trainer_1:_train_one_epoch:209 - test 42 cost time 12.42s, result: {'hit@1': 0.0398, 'ndcg@1': 0.0398, 'hit@5': 0.1187, 'ndcg@5': 0.0807, 'hit@10': 0.1619, 'ndcg@10': 0.0946, 'hit@15': 0.1895, 'ndcg@15': 0.1019, 'hit@20': 0.2093, 'ndcg@20': 0.1066, 'hit@40': 0.2627, 'ndcg@40': 0.1175} 
2024-10-15 19:48:19.224 | INFO     | trainer_1:_train_one_epoch:193 - epoch 43 28.88s Train loss is [0.2575] 
2024-10-15 19:48:32.565 | INFO     | trainer_1:_train_one_epoch:201 - validate 43 cost time 13.34s, result: {'hit@1': 0.0488, 'ndcg@1': 0.0488, 'hit@5': 0.1396, 'ndcg@5': 0.0959, 'hit@10': 0.1905, 'ndcg@10': 0.1123, 'hit@15': 0.2204, 'ndcg@15': 0.1202, 'hit@20': 0.2422, 'ndcg@20': 0.1254, 'hit@40': 0.3019, 'ndcg@40': 0.1376} 
2024-10-15 19:48:45.011 | INFO     | trainer_1:_train_one_epoch:209 - test 43 cost time 12.45s, result: {'hit@1': 0.0399, 'ndcg@1': 0.0399, 'hit@5': 0.1201, 'ndcg@5': 0.0814, 'hit@10': 0.1642, 'ndcg@10': 0.0956, 'hit@15': 0.1904, 'ndcg@15': 0.1025, 'hit@20': 0.2105, 'ndcg@20': 0.1073, 'hit@40': 0.2637, 'ndcg@40': 0.1182} 
2024-10-15 19:49:19.688 | INFO     | trainer_1:_train_one_epoch:193 - epoch 44 27.49s Train loss is [0.2571] 
2024-10-15 19:49:32.500 | INFO     | trainer_1:_train_one_epoch:201 - validate 44 cost time 12.81s, result: {'hit@1': 0.0489, 'ndcg@1': 0.0489, 'hit@5': 0.1407, 'ndcg@5': 0.0963, 'hit@10': 0.1908, 'ndcg@10': 0.1125, 'hit@15': 0.2201, 'ndcg@15': 0.1203, 'hit@20': 0.2427, 'ndcg@20': 0.1256, 'hit@40': 0.3009, 'ndcg@40': 0.1375} 
2024-10-15 19:49:44.913 | INFO     | trainer_1:_train_one_epoch:209 - test 44 cost time 12.41s, result: {'hit@1': 0.0403, 'ndcg@1': 0.0403, 'hit@5': 0.1204, 'ndcg@5': 0.0817, 'hit@10': 0.1643, 'ndcg@10': 0.0959, 'hit@15': 0.1916, 'ndcg@15': 0.1032, 'hit@20': 0.2121, 'ndcg@20': 0.108, 'hit@40': 0.2666, 'ndcg@40': 0.1191} 
2024-10-15 19:50:19.281 | INFO     | trainer_1:_train_one_epoch:193 - epoch 45 27.04s Train loss is [0.2572] 
2024-10-15 19:50:32.082 | INFO     | trainer_1:_train_one_epoch:201 - validate 45 cost time 12.80s, result: {'hit@1': 0.0481, 'ndcg@1': 0.0481, 'hit@5': 0.1408, 'ndcg@5': 0.0962, 'hit@10': 0.1904, 'ndcg@10': 0.1122, 'hit@15': 0.22, 'ndcg@15': 0.12, 'hit@20': 0.2439, 'ndcg@20': 0.1257, 'hit@40': 0.302, 'ndcg@40': 0.1376} 
2024-10-15 19:50:44.459 | INFO     | trainer_1:_train_one_epoch:209 - test 45 cost time 12.38s, result: {'hit@1': 0.0403, 'ndcg@1': 0.0403, 'hit@5': 0.1211, 'ndcg@5': 0.082, 'hit@10': 0.1656, 'ndcg@10': 0.0964, 'hit@15': 0.1927, 'ndcg@15': 0.1035, 'hit@20': 0.2129, 'ndcg@20': 0.1083, 'hit@40': 0.2657, 'ndcg@40': 0.1191} 
2024-10-15 19:51:19.292 | INFO     | trainer_1:_train_one_epoch:193 - epoch 46 27.05s Train loss is [0.2559] 
2024-10-15 19:51:32.123 | INFO     | trainer_1:_train_one_epoch:201 - validate 46 cost time 12.83s, result: {'hit@1': 0.0486, 'ndcg@1': 0.0486, 'hit@5': 0.1399, 'ndcg@5': 0.0958, 'hit@10': 0.1893, 'ndcg@10': 0.1118, 'hit@15': 0.2202, 'ndcg@15': 0.1199, 'hit@20': 0.2424, 'ndcg@20': 0.1252, 'hit@40': 0.3014, 'ndcg@40': 0.1373} 
2024-10-15 19:51:44.560 | INFO     | trainer_1:_train_one_epoch:209 - test 46 cost time 12.44s, result: {'hit@1': 0.0402, 'ndcg@1': 0.0402, 'hit@5': 0.1208, 'ndcg@5': 0.0818, 'hit@10': 0.1642, 'ndcg@10': 0.0959, 'hit@15': 0.192, 'ndcg@15': 0.1032, 'hit@20': 0.2123, 'ndcg@20': 0.108, 'hit@40': 0.2656, 'ndcg@40': 0.1189} 
2024-10-15 19:52:11.720 | INFO     | trainer_1:_train_one_epoch:193 - epoch 47 27.16s Train loss is [0.2525] 
2024-10-15 19:52:24.527 | INFO     | trainer_1:_train_one_epoch:201 - validate 47 cost time 12.81s, result: {'hit@1': 0.0478, 'ndcg@1': 0.0478, 'hit@5': 0.1413, 'ndcg@5': 0.0961, 'hit@10': 0.19, 'ndcg@10': 0.1118, 'hit@15': 0.2204, 'ndcg@15': 0.1199, 'hit@20': 0.2425, 'ndcg@20': 0.1251, 'hit@40': 0.3022, 'ndcg@40': 0.1373} 
2024-10-15 19:52:36.963 | INFO     | trainer_1:_train_one_epoch:209 - test 47 cost time 12.44s, result: {'hit@1': 0.0406, 'ndcg@1': 0.0406, 'hit@5': 0.1225, 'ndcg@5': 0.0828, 'hit@10': 0.1664, 'ndcg@10': 0.0969, 'hit@15': 0.1931, 'ndcg@15': 0.104, 'hit@20': 0.2139, 'ndcg@20': 0.1089, 'hit@40': 0.2662, 'ndcg@40': 0.1196} 
2024-10-15 19:53:11.380 | INFO     | trainer_1:_train_one_epoch:193 - epoch 48 27.03s Train loss is [0.2568] 
2024-10-15 19:53:24.210 | INFO     | trainer_1:_train_one_epoch:201 - validate 48 cost time 12.83s, result: {'hit@1': 0.0485, 'ndcg@1': 0.0485, 'hit@5': 0.1407, 'ndcg@5': 0.0962, 'hit@10': 0.1915, 'ndcg@10': 0.1126, 'hit@15': 0.2212, 'ndcg@15': 0.1205, 'hit@20': 0.2443, 'ndcg@20': 0.1259, 'hit@40': 0.3019, 'ndcg@40': 0.1377} 
2024-10-15 19:53:36.669 | INFO     | trainer_1:_train_one_epoch:209 - test 48 cost time 12.46s, result: {'hit@1': 0.0413, 'ndcg@1': 0.0413, 'hit@5': 0.1219, 'ndcg@5': 0.0827, 'hit@10': 0.1654, 'ndcg@10': 0.0968, 'hit@15': 0.1928, 'ndcg@15': 0.104, 'hit@20': 0.2142, 'ndcg@20': 0.1091, 'hit@40': 0.2652, 'ndcg@40': 0.1195} 
2024-10-15 19:54:03.864 | INFO     | trainer_1:_train_one_epoch:193 - epoch 49 27.19s Train loss is [0.2542] 
2024-10-15 19:54:16.690 | INFO     | trainer_1:_train_one_epoch:201 - validate 49 cost time 12.83s, result: {'hit@1': 0.0483, 'ndcg@1': 0.0483, 'hit@5': 0.1413, 'ndcg@5': 0.0963, 'hit@10': 0.1906, 'ndcg@10': 0.1123, 'hit@15': 0.2211, 'ndcg@15': 0.1204, 'hit@20': 0.243, 'ndcg@20': 0.1255, 'hit@40': 0.3022, 'ndcg@40': 0.1377} 
2024-10-15 19:54:29.129 | INFO     | trainer_1:_train_one_epoch:209 - test 49 cost time 12.44s, result: {'hit@1': 0.0404, 'ndcg@1': 0.0404, 'hit@5': 0.1216, 'ndcg@5': 0.0822, 'hit@10': 0.1652, 'ndcg@10': 0.0963, 'hit@15': 0.1921, 'ndcg@15': 0.1034, 'hit@20': 0.2115, 'ndcg@20': 0.108, 'hit@40': 0.2655, 'ndcg@40': 0.1191} 
2024-10-15 19:54:56.075 | INFO     | trainer_1:_train_one_epoch:193 - epoch 50 26.95s Train loss is [0.2547] 
2024-10-15 19:55:08.923 | INFO     | trainer_1:_train_one_epoch:201 - validate 50 cost time 12.85s, result: {'hit@1': 0.0483, 'ndcg@1': 0.0483, 'hit@5': 0.1413, 'ndcg@5': 0.0964, 'hit@10': 0.1919, 'ndcg@10': 0.1128, 'hit@15': 0.2216, 'ndcg@15': 0.1206, 'hit@20': 0.245, 'ndcg@20': 0.1262, 'hit@40': 0.3017, 'ndcg@40': 0.1378} 
2024-10-15 19:55:21.360 | INFO     | trainer_1:_train_one_epoch:209 - test 50 cost time 12.44s, result: {'hit@1': 0.0401, 'ndcg@1': 0.0401, 'hit@5': 0.1221, 'ndcg@5': 0.0824, 'hit@10': 0.1653, 'ndcg@10': 0.0963, 'hit@15': 0.1926, 'ndcg@15': 0.1036, 'hit@20': 0.2137, 'ndcg@20': 0.1086, 'hit@40': 0.2668, 'ndcg@40': 0.1194} 
2024-10-15 19:55:48.432 | INFO     | trainer_1:_train_one_epoch:193 - epoch 51 27.07s Train loss is [0.2529] 
2024-10-15 19:56:01.239 | INFO     | trainer_1:_train_one_epoch:201 - validate 51 cost time 12.81s, result: {'hit@1': 0.049, 'ndcg@1': 0.049, 'hit@5': 0.1419, 'ndcg@5': 0.0969, 'hit@10': 0.1904, 'ndcg@10': 0.1125, 'hit@15': 0.2217, 'ndcg@15': 0.1208, 'hit@20': 0.2444, 'ndcg@20': 0.1262, 'hit@40': 0.302, 'ndcg@40': 0.138} 
2024-10-15 19:56:13.692 | INFO     | trainer_1:_train_one_epoch:209 - test 51 cost time 12.45s, result: {'hit@1': 0.0403, 'ndcg@1': 0.0403, 'hit@5': 0.1217, 'ndcg@5': 0.0822, 'hit@10': 0.1652, 'ndcg@10': 0.0963, 'hit@15': 0.1923, 'ndcg@15': 0.1035, 'hit@20': 0.2128, 'ndcg@20': 0.1083, 'hit@40': 0.2665, 'ndcg@40': 0.1193} 
2024-10-15 19:56:40.780 | INFO     | trainer_1:_train_one_epoch:193 - epoch 52 27.09s Train loss is [0.2552] 
2024-10-15 19:56:53.579 | INFO     | trainer_1:_train_one_epoch:201 - validate 52 cost time 12.80s, result: {'hit@1': 0.0485, 'ndcg@1': 0.0485, 'hit@5': 0.1424, 'ndcg@5': 0.0969, 'hit@10': 0.1932, 'ndcg@10': 0.1133, 'hit@15': 0.2237, 'ndcg@15': 0.1214, 'hit@20': 0.2462, 'ndcg@20': 0.1267, 'hit@40': 0.3046, 'ndcg@40': 0.1387} 
2024-10-15 19:57:06.000 | INFO     | trainer_1:_train_one_epoch:209 - test 52 cost time 12.42s, result: {'hit@1': 0.041, 'ndcg@1': 0.041, 'hit@5': 0.122, 'ndcg@5': 0.0828, 'hit@10': 0.1666, 'ndcg@10': 0.0972, 'hit@15': 0.1936, 'ndcg@15': 0.1044, 'hit@20': 0.2137, 'ndcg@20': 0.1091, 'hit@40': 0.2661, 'ndcg@40': 0.1198} 
2024-10-15 19:57:40.866 | INFO     | trainer_1:_train_one_epoch:193 - epoch 53 27.06s Train loss is [0.2495] 
2024-10-15 19:57:53.668 | INFO     | trainer_1:_train_one_epoch:201 - validate 53 cost time 12.80s, result: {'hit@1': 0.0486, 'ndcg@1': 0.0486, 'hit@5': 0.1425, 'ndcg@5': 0.0969, 'hit@10': 0.1929, 'ndcg@10': 0.1132, 'hit@15': 0.2226, 'ndcg@15': 0.1211, 'hit@20': 0.2461, 'ndcg@20': 0.1266, 'hit@40': 0.3042, 'ndcg@40': 0.1385} 
2024-10-15 19:58:06.064 | INFO     | trainer_1:_train_one_epoch:209 - test 53 cost time 12.40s, result: {'hit@1': 0.0413, 'ndcg@1': 0.0413, 'hit@5': 0.1218, 'ndcg@5': 0.0829, 'hit@10': 0.1659, 'ndcg@10': 0.0972, 'hit@15': 0.1936, 'ndcg@15': 0.1045, 'hit@20': 0.2139, 'ndcg@20': 0.1093, 'hit@40': 0.2668, 'ndcg@40': 0.1201} 
2024-10-15 19:58:33.094 | INFO     | trainer_1:_train_one_epoch:193 - epoch 54 27.03s Train loss is [0.2526] 
2024-10-15 19:58:45.870 | INFO     | trainer_1:_train_one_epoch:201 - validate 54 cost time 12.78s, result: {'hit@1': 0.049, 'ndcg@1': 0.049, 'hit@5': 0.1426, 'ndcg@5': 0.0973, 'hit@10': 0.1942, 'ndcg@10': 0.114, 'hit@15': 0.2242, 'ndcg@15': 0.1219, 'hit@20': 0.2471, 'ndcg@20': 0.1273, 'hit@40': 0.3039, 'ndcg@40': 0.139} 
2024-10-15 19:58:58.299 | INFO     | trainer_1:_train_one_epoch:209 - test 54 cost time 12.43s, result: {'hit@1': 0.0411, 'ndcg@1': 0.0411, 'hit@5': 0.1219, 'ndcg@5': 0.0829, 'hit@10': 0.1665, 'ndcg@10': 0.0973, 'hit@15': 0.1943, 'ndcg@15': 0.1047, 'hit@20': 0.2153, 'ndcg@20': 0.1096, 'hit@40': 0.2682, 'ndcg@40': 0.1204} 
2024-10-15 19:59:25.379 | INFO     | trainer_1:_train_one_epoch:193 - epoch 55 27.08s Train loss is [0.2511] 
2024-10-15 19:59:38.159 | INFO     | trainer_1:_train_one_epoch:201 - validate 55 cost time 12.78s, result: {'hit@1': 0.0484, 'ndcg@1': 0.0484, 'hit@5': 0.1425, 'ndcg@5': 0.0968, 'hit@10': 0.1924, 'ndcg@10': 0.113, 'hit@15': 0.2224, 'ndcg@15': 0.1209, 'hit@20': 0.2454, 'ndcg@20': 0.1263, 'hit@40': 0.3034, 'ndcg@40': 0.1382} 
2024-10-15 19:59:50.588 | INFO     | trainer_1:_train_one_epoch:209 - test 55 cost time 12.43s, result: {'hit@1': 0.0415, 'ndcg@1': 0.0415, 'hit@5': 0.1212, 'ndcg@5': 0.0826, 'hit@10': 0.166, 'ndcg@10': 0.0971, 'hit@15': 0.1923, 'ndcg@15': 0.1041, 'hit@20': 0.2132, 'ndcg@20': 0.109, 'hit@40': 0.2668, 'ndcg@40': 0.1199} 
2024-10-15 20:00:17.721 | INFO     | trainer_1:_train_one_epoch:193 - epoch 56 27.13s Train loss is [0.2540] 
2024-10-15 20:00:30.519 | INFO     | trainer_1:_train_one_epoch:201 - validate 56 cost time 12.80s, result: {'hit@1': 0.049, 'ndcg@1': 0.049, 'hit@5': 0.1421, 'ndcg@5': 0.0969, 'hit@10': 0.1927, 'ndcg@10': 0.1132, 'hit@15': 0.2238, 'ndcg@15': 0.1215, 'hit@20': 0.2471, 'ndcg@20': 0.127, 'hit@40': 0.3046, 'ndcg@40': 0.1387} 
2024-10-15 20:00:42.919 | INFO     | trainer_1:_train_one_epoch:209 - test 56 cost time 12.40s, result: {'hit@1': 0.0404, 'ndcg@1': 0.0404, 'hit@5': 0.1214, 'ndcg@5': 0.0822, 'hit@10': 0.1663, 'ndcg@10': 0.0968, 'hit@15': 0.1939, 'ndcg@15': 0.1041, 'hit@20': 0.2146, 'ndcg@20': 0.109, 'hit@40': 0.2677, 'ndcg@40': 0.1198} 
2024-10-15 20:01:09.935 | INFO     | trainer_1:_train_one_epoch:193 - epoch 57 27.02s Train loss is [0.2505] 
2024-10-15 20:01:22.766 | INFO     | trainer_1:_train_one_epoch:201 - validate 57 cost time 12.83s, result: {'hit@1': 0.0489, 'ndcg@1': 0.0489, 'hit@5': 0.1423, 'ndcg@5': 0.0968, 'hit@10': 0.1912, 'ndcg@10': 0.1126, 'hit@15': 0.2224, 'ndcg@15': 0.1209, 'hit@20': 0.2451, 'ndcg@20': 0.1263, 'hit@40': 0.3036, 'ndcg@40': 0.1382} 
2024-10-15 20:01:35.184 | INFO     | trainer_1:_train_one_epoch:209 - test 57 cost time 12.42s, result: {'hit@1': 0.041, 'ndcg@1': 0.041, 'hit@5': 0.1222, 'ndcg@5': 0.0828, 'hit@10': 0.1663, 'ndcg@10': 0.0971, 'hit@15': 0.1935, 'ndcg@15': 0.1043, 'hit@20': 0.2151, 'ndcg@20': 0.1094, 'hit@40': 0.2667, 'ndcg@40': 0.1199} 
2024-10-15 20:02:02.264 | INFO     | trainer_1:_train_one_epoch:193 - epoch 58 27.08s Train loss is [0.2503] 
2024-10-15 20:02:15.075 | INFO     | trainer_1:_train_one_epoch:201 - validate 58 cost time 12.81s, result: {'hit@1': 0.0494, 'ndcg@1': 0.0494, 'hit@5': 0.1416, 'ndcg@5': 0.0967, 'hit@10': 0.1942, 'ndcg@10': 0.1137, 'hit@15': 0.2249, 'ndcg@15': 0.1218, 'hit@20': 0.2473, 'ndcg@20': 0.1271, 'hit@40': 0.3064, 'ndcg@40': 0.1392} 
2024-10-15 20:02:27.509 | INFO     | trainer_1:_train_one_epoch:209 - test 58 cost time 12.43s, result: {'hit@1': 0.0408, 'ndcg@1': 0.0408, 'hit@5': 0.1227, 'ndcg@5': 0.0831, 'hit@10': 0.1666, 'ndcg@10': 0.0973, 'hit@15': 0.1958, 'ndcg@15': 0.1051, 'hit@20': 0.2166, 'ndcg@20': 0.11, 'hit@40': 0.2687, 'ndcg@40': 0.1206} 
2024-10-15 20:02:54.635 | INFO     | trainer_1:_train_one_epoch:193 - epoch 59 27.12s Train loss is [0.2504] 
2024-10-15 20:03:07.447 | INFO     | trainer_1:_train_one_epoch:201 - validate 59 cost time 12.81s, result: {'hit@1': 0.0494, 'ndcg@1': 0.0494, 'hit@5': 0.1433, 'ndcg@5': 0.0975, 'hit@10': 0.1949, 'ndcg@10': 0.1142, 'hit@15': 0.2253, 'ndcg@15': 0.1222, 'hit@20': 0.2469, 'ndcg@20': 0.1273, 'hit@40': 0.3067, 'ndcg@40': 0.1395} 
2024-10-15 20:03:19.870 | INFO     | trainer_1:_train_one_epoch:209 - test 59 cost time 12.42s, result: {'hit@1': 0.0407, 'ndcg@1': 0.0407, 'hit@5': 0.1227, 'ndcg@5': 0.0831, 'hit@10': 0.168, 'ndcg@10': 0.0978, 'hit@15': 0.1962, 'ndcg@15': 0.1053, 'hit@20': 0.2166, 'ndcg@20': 0.1101, 'hit@40': 0.27, 'ndcg@40': 0.121} 
2024-10-15 20:03:56.279 | INFO     | trainer_1:_train_one_epoch:193 - epoch 60 28.94s Train loss is [0.2487] 
2024-10-15 20:04:09.086 | INFO     | trainer_1:_train_one_epoch:201 - validate 60 cost time 12.81s, result: {'hit@1': 0.0484, 'ndcg@1': 0.0484, 'hit@5': 0.1429, 'ndcg@5': 0.0969, 'hit@10': 0.1939, 'ndcg@10': 0.1134, 'hit@15': 0.2243, 'ndcg@15': 0.1214, 'hit@20': 0.2471, 'ndcg@20': 0.1268, 'hit@40': 0.3055, 'ndcg@40': 0.1387} 
2024-10-15 20:04:21.473 | INFO     | trainer_1:_train_one_epoch:209 - test 60 cost time 12.39s, result: {'hit@1': 0.0411, 'ndcg@1': 0.0411, 'hit@5': 0.1222, 'ndcg@5': 0.0829, 'hit@10': 0.1681, 'ndcg@10': 0.0978, 'hit@15': 0.1947, 'ndcg@15': 0.1048, 'hit@20': 0.2155, 'ndcg@20': 0.1097, 'hit@40': 0.2689, 'ndcg@40': 0.1207} 
2024-10-15 20:04:58.193 | INFO     | trainer_1:_train_one_epoch:193 - epoch 61 29.01s Train loss is [0.2455] 
2024-10-15 20:05:11.075 | INFO     | trainer_1:_train_one_epoch:201 - validate 61 cost time 12.88s, result: {'hit@1': 0.0498, 'ndcg@1': 0.0498, 'hit@5': 0.1433, 'ndcg@5': 0.0979, 'hit@10': 0.1929, 'ndcg@10': 0.1139, 'hit@15': 0.2256, 'ndcg@15': 0.1226, 'hit@20': 0.2486, 'ndcg@20': 0.128, 'hit@40': 0.307, 'ndcg@40': 0.1399} 
2024-10-15 20:05:23.514 | INFO     | trainer_1:_train_one_epoch:209 - test 61 cost time 12.44s, result: {'hit@1': 0.0409, 'ndcg@1': 0.0409, 'hit@5': 0.1225, 'ndcg@5': 0.0831, 'hit@10': 0.1685, 'ndcg@10': 0.098, 'hit@15': 0.1958, 'ndcg@15': 0.1052, 'hit@20': 0.2166, 'ndcg@20': 0.1101, 'hit@40': 0.2703, 'ndcg@40': 0.1211} 
2024-10-15 20:05:59.133 | INFO     | trainer_1:_train_one_epoch:193 - epoch 62 28.26s Train loss is [0.2432] 
2024-10-15 20:06:11.984 | INFO     | trainer_1:_train_one_epoch:201 - validate 62 cost time 12.85s, result: {'hit@1': 0.0491, 'ndcg@1': 0.0491, 'hit@5': 0.1426, 'ndcg@5': 0.0972, 'hit@10': 0.1922, 'ndcg@10': 0.1132, 'hit@15': 0.2242, 'ndcg@15': 0.1217, 'hit@20': 0.2475, 'ndcg@20': 0.1272, 'hit@40': 0.307, 'ndcg@40': 0.1394} 
2024-10-15 20:06:24.401 | INFO     | trainer_1:_train_one_epoch:209 - test 62 cost time 12.42s, result: {'hit@1': 0.0403, 'ndcg@1': 0.0403, 'hit@5': 0.1228, 'ndcg@5': 0.0828, 'hit@10': 0.1661, 'ndcg@10': 0.0968, 'hit@15': 0.1947, 'ndcg@15': 0.1044, 'hit@20': 0.2151, 'ndcg@20': 0.1092, 'hit@40': 0.2693, 'ndcg@40': 0.1203} 
2024-10-15 20:06:51.916 | INFO     | trainer_1:_train_one_epoch:193 - epoch 63 27.51s Train loss is [0.2479] 
2024-10-15 20:07:04.759 | INFO     | trainer_1:_train_one_epoch:201 - validate 63 cost time 12.84s, result: {'hit@1': 0.049, 'ndcg@1': 0.049, 'hit@5': 0.1431, 'ndcg@5': 0.0975, 'hit@10': 0.1939, 'ndcg@10': 0.1139, 'hit@15': 0.2255, 'ndcg@15': 0.1223, 'hit@20': 0.2485, 'ndcg@20': 0.1277, 'hit@40': 0.308, 'ndcg@40': 0.1399} 
2024-10-15 20:07:17.228 | INFO     | trainer_1:_train_one_epoch:209 - test 63 cost time 12.47s, result: {'hit@1': 0.0403, 'ndcg@1': 0.0403, 'hit@5': 0.1234, 'ndcg@5': 0.0829, 'hit@10': 0.1681, 'ndcg@10': 0.0973, 'hit@15': 0.1967, 'ndcg@15': 0.1049, 'hit@20': 0.2169, 'ndcg@20': 0.1097, 'hit@40': 0.2718, 'ndcg@40': 0.1209} 
2024-10-15 20:07:44.371 | INFO     | trainer_1:_train_one_epoch:193 - epoch 64 27.14s Train loss is [0.2409] 
2024-10-15 20:07:57.161 | INFO     | trainer_1:_train_one_epoch:201 - validate 64 cost time 12.79s, result: {'hit@1': 0.0492, 'ndcg@1': 0.0492, 'hit@5': 0.1426, 'ndcg@5': 0.0972, 'hit@10': 0.1928, 'ndcg@10': 0.1134, 'hit@15': 0.2241, 'ndcg@15': 0.1217, 'hit@20': 0.2482, 'ndcg@20': 0.1274, 'hit@40': 0.3083, 'ndcg@40': 0.1397} 
2024-10-15 20:08:09.598 | INFO     | trainer_1:_train_one_epoch:209 - test 64 cost time 12.44s, result: {'hit@1': 0.0401, 'ndcg@1': 0.0401, 'hit@5': 0.1223, 'ndcg@5': 0.0825, 'hit@10': 0.1678, 'ndcg@10': 0.0971, 'hit@15': 0.1951, 'ndcg@15': 0.1044, 'hit@20': 0.2157, 'ndcg@20': 0.1092, 'hit@40': 0.2705, 'ndcg@40': 0.1205} 
2024-10-15 20:08:36.595 | INFO     | trainer_1:_train_one_epoch:193 - epoch 65 27.00s Train loss is [0.2455] 
2024-10-15 20:08:49.394 | INFO     | trainer_1:_train_one_epoch:201 - validate 65 cost time 12.80s, result: {'hit@1': 0.0496, 'ndcg@1': 0.0496, 'hit@5': 0.1427, 'ndcg@5': 0.0975, 'hit@10': 0.1934, 'ndcg@10': 0.1139, 'hit@15': 0.2249, 'ndcg@15': 0.1223, 'hit@20': 0.2482, 'ndcg@20': 0.1278, 'hit@40': 0.3084, 'ndcg@40': 0.1401} 
2024-10-15 20:09:01.824 | INFO     | trainer_1:_train_one_epoch:209 - test 65 cost time 12.43s, result: {'hit@1': 0.0404, 'ndcg@1': 0.0404, 'hit@5': 0.1224, 'ndcg@5': 0.0828, 'hit@10': 0.1688, 'ndcg@10': 0.0978, 'hit@15': 0.1964, 'ndcg@15': 0.1052, 'hit@20': 0.217, 'ndcg@20': 0.11, 'hit@40': 0.2713, 'ndcg@40': 0.1211} 
2024-10-15 20:09:36.204 | INFO     | trainer_1:_train_one_epoch:193 - epoch 66 27.06s Train loss is [0.2460] 
2024-10-15 20:09:48.989 | INFO     | trainer_1:_train_one_epoch:201 - validate 66 cost time 12.78s, result: {'hit@1': 0.0485, 'ndcg@1': 0.0485, 'hit@5': 0.1421, 'ndcg@5': 0.0967, 'hit@10': 0.1936, 'ndcg@10': 0.1134, 'hit@15': 0.2255, 'ndcg@15': 0.1218, 'hit@20': 0.249, 'ndcg@20': 0.1274, 'hit@40': 0.3088, 'ndcg@40': 0.1396} 
2024-10-15 20:10:01.387 | INFO     | trainer_1:_train_one_epoch:209 - test 66 cost time 12.40s, result: {'hit@1': 0.0409, 'ndcg@1': 0.0409, 'hit@5': 0.1226, 'ndcg@5': 0.0829, 'hit@10': 0.1674, 'ndcg@10': 0.0974, 'hit@15': 0.1959, 'ndcg@15': 0.1049, 'hit@20': 0.2165, 'ndcg@20': 0.1098, 'hit@40': 0.271, 'ndcg@40': 0.1209} 
2024-10-15 20:10:28.385 | INFO     | trainer_1:_train_one_epoch:193 - epoch 67 27.00s Train loss is [0.2443] 
2024-10-15 20:10:41.190 | INFO     | trainer_1:_train_one_epoch:201 - validate 67 cost time 12.80s, result: {'hit@1': 0.0484, 'ndcg@1': 0.0484, 'hit@5': 0.1419, 'ndcg@5': 0.0965, 'hit@10': 0.193, 'ndcg@10': 0.113, 'hit@15': 0.2245, 'ndcg@15': 0.1214, 'hit@20': 0.2479, 'ndcg@20': 0.1269, 'hit@40': 0.3083, 'ndcg@40': 0.1392} 
2024-10-15 20:10:53.597 | INFO     | trainer_1:_train_one_epoch:209 - test 67 cost time 12.41s, result: {'hit@1': 0.0404, 'ndcg@1': 0.0404, 'hit@5': 0.1211, 'ndcg@5': 0.082, 'hit@10': 0.1663, 'ndcg@10': 0.0966, 'hit@15': 0.1945, 'ndcg@15': 0.1041, 'hit@20': 0.215, 'ndcg@20': 0.1089, 'hit@40': 0.2701, 'ndcg@40': 0.1202} 
2024-10-15 20:11:20.481 | INFO     | trainer_1:_train_one_epoch:193 - epoch 68 26.88s Train loss is [0.2450] 
2024-10-15 20:11:33.259 | INFO     | trainer_1:_train_one_epoch:201 - validate 68 cost time 12.78s, result: {'hit@1': 0.0479, 'ndcg@1': 0.0479, 'hit@5': 0.142, 'ndcg@5': 0.0964, 'hit@10': 0.1926, 'ndcg@10': 0.1127, 'hit@15': 0.2233, 'ndcg@15': 0.1208, 'hit@20': 0.2477, 'ndcg@20': 0.1266, 'hit@40': 0.3075, 'ndcg@40': 0.1388} 
2024-10-15 20:11:45.656 | INFO     | trainer_1:_train_one_epoch:209 - test 68 cost time 12.40s, result: {'hit@1': 0.0406, 'ndcg@1': 0.0406, 'hit@5': 0.1208, 'ndcg@5': 0.0819, 'hit@10': 0.1662, 'ndcg@10': 0.0966, 'hit@15': 0.1935, 'ndcg@15': 0.1038, 'hit@20': 0.2143, 'ndcg@20': 0.1087, 'hit@40': 0.2685, 'ndcg@40': 0.1198} 
2024-10-15 20:12:12.673 | INFO     | trainer_1:_train_one_epoch:193 - epoch 69 27.02s Train loss is [0.2481] 
2024-10-15 20:12:25.454 | INFO     | trainer_1:_train_one_epoch:201 - validate 69 cost time 12.78s, result: {'hit@1': 0.0485, 'ndcg@1': 0.0485, 'hit@5': 0.1428, 'ndcg@5': 0.0969, 'hit@10': 0.1931, 'ndcg@10': 0.1132, 'hit@15': 0.225, 'ndcg@15': 0.1216, 'hit@20': 0.2489, 'ndcg@20': 0.1273, 'hit@40': 0.3093, 'ndcg@40': 0.1396} 
2024-10-15 20:12:38.303 | INFO     | trainer_1:_train_one_epoch:209 - test 69 cost time 12.85s, result: {'hit@1': 0.0399, 'ndcg@1': 0.0399, 'hit@5': 0.122, 'ndcg@5': 0.0824, 'hit@10': 0.1668, 'ndcg@10': 0.0969, 'hit@15': 0.1945, 'ndcg@15': 0.1042, 'hit@20': 0.2162, 'ndcg@20': 0.1093, 'hit@40': 0.2702, 'ndcg@40': 0.1204} 
2024-10-15 20:13:05.292 | INFO     | trainer_1:_train_one_epoch:193 - epoch 70 26.99s Train loss is [0.2431] 
2024-10-15 20:13:18.100 | INFO     | trainer_1:_train_one_epoch:201 - validate 70 cost time 12.81s, result: {'hit@1': 0.0481, 'ndcg@1': 0.0481, 'hit@5': 0.1428, 'ndcg@5': 0.0969, 'hit@10': 0.1943, 'ndcg@10': 0.1135, 'hit@15': 0.2271, 'ndcg@15': 0.1222, 'hit@20': 0.2496, 'ndcg@20': 0.1275, 'hit@40': 0.3109, 'ndcg@40': 0.1401} 
2024-10-15 20:13:30.507 | INFO     | trainer_1:_train_one_epoch:209 - test 70 cost time 12.41s, result: {'hit@1': 0.0407, 'ndcg@1': 0.0407, 'hit@5': 0.1239, 'ndcg@5': 0.0834, 'hit@10': 0.1684, 'ndcg@10': 0.0978, 'hit@15': 0.1965, 'ndcg@15': 0.1052, 'hit@20': 0.2163, 'ndcg@20': 0.1099, 'hit@40': 0.2726, 'ndcg@40': 0.1214} 
2024-10-15 20:13:30.534 | INFO     | trainer_1:train_model:163 - training end, best iteration 65, results: {'hit@1': 0.0496, 'ndcg@1': 0.0496, 'hit@5': 0.1427, 'ndcg@5': 0.0975, 'hit@10': 0.1934, 'ndcg@10': 0.1139, 'hit@15': 0.2249, 'ndcg@15': 0.1223, 'hit@20': 0.2482, 'ndcg@20': 0.1278, 'hit@40': 0.3084, 'ndcg@40': 0.1401}
2024-10-15 20:13:30.535 | INFO     | trainer_1:train_model:166 - final test result is:  {'hit@1': 0.0404, 'ndcg@1': 0.0404, 'hit@5': 0.1224, 'ndcg@5': 0.0828, 'hit@10': 0.1688, 'ndcg@10': 0.0978, 'hit@15': 0.1964, 'ndcg@15': 0.1052, 'hit@20': 0.217, 'ndcg@20': 0.11, 'hit@40': 0.2713, 'ndcg@40': 0.1211}
2024-10-15 20:13:30.771 | INFO     | __main__:<module>:119 - train end total cost time: 4591.103687047958
