2024-10-15 15:33:03.247 | INFO     | __main__:<module>:105 - Namespace(TIME='2024-10-15 15_32_31', batch_size=1024, behaviors=['view', 'cart', 'buy'], check_point='model_pre_1_2024-10-15 14_50_17.pth', data_name='beibei', data_path='./data/beibei', decay=0.001, device='cuda:1', dim_qk=32, dim_v=64, distill_layers=2, distill_thres=0.5, distill_topK=60, distill_userK=2, embedding_size=64, epochs=100, gpu_no=1, if_load_model=True, ii_lambda=200, initializer_range=0.02, layers=2, loss_type='bpr', lr=0.001, message_dropout=0.25, metrics=['hit', 'ndcg'], min_epoch=5, model_name='main_1', model_path='./check_point', node_dropout=0.75, omega=1, pt_loop=50, reg_weight=0.001, test_batch_size=1024, testbatch=1024, topk=[1, 5, 10, 15, 20, 40], uu_lambda=100)
2024-10-15 15:33:03.248 | INFO     | __main__:<module>:106 - BIPN(
  (message_dropout): Dropout(p=0.25, inplace=False)
  (user_embedding): Embedding(21717, 64, padding_idx=0)
  (item_embedding): Embedding(7978, 64, padding_idx=0)
  (global_Graph): LightGCN()
  (Graph_encoder): ModuleDict(
    (view): GraphEncoder(
      (light): LightGCN()
      (dropout): Dropout(p=0.75, inplace=False)
    )
    (cart): GraphEncoder(
      (light): LightGCN()
      (dropout): Dropout(p=0.75, inplace=False)
    )
    (buy): GraphEncoder(
      (light): LightGCN()
      (dropout): Dropout(p=0.75, inplace=False)
    )
  )
  (attention): Mutual_Attention()
  (bpr_loss): BPRLoss()
  (emb_loss): EmbLoss()
  (f): Sigmoid()
)
2024-10-15 15:41:07.234 | INFO     | trainer_1:_train_one_epoch:193 - epoch 1 6.75s Train loss is [0.9134] 
2024-10-15 15:41:17.481 | INFO     | trainer_1:_train_one_epoch:201 - validate 1 cost time 10.25s, result: {'hit@1': 0.011, 'ndcg@1': 0.011, 'hit@5': 0.035, 'ndcg@5': 0.0229, 'hit@10': 0.059, 'ndcg@10': 0.0306, 'hit@15': 0.078, 'ndcg@15': 0.0356, 'hit@20': 0.0976, 'ndcg@20': 0.0402, 'hit@40': 0.1576, 'ndcg@40': 0.0524} 
2024-10-15 15:41:23.813 | INFO     | trainer_1:_train_one_epoch:209 - test 1 cost time 6.33s, result: {'hit@1': 0.0064, 'ndcg@1': 0.0064, 'hit@5': 0.0216, 'ndcg@5': 0.0138, 'hit@10': 0.0368, 'ndcg@10': 0.0187, 'hit@15': 0.0515, 'ndcg@15': 0.0226, 'hit@20': 0.065, 'ndcg@20': 0.0258, 'hit@40': 0.1109, 'ndcg@40': 0.0351} 
2024-10-15 15:41:41.186 | INFO     | trainer_1:_train_one_epoch:193 - epoch 2 6.80s Train loss is [0.6825] 
2024-10-15 15:41:50.215 | INFO     | trainer_1:_train_one_epoch:201 - validate 2 cost time 9.03s, result: {'hit@1': 0.0071, 'ndcg@1': 0.0071, 'hit@5': 0.0295, 'ndcg@5': 0.0181, 'hit@10': 0.053, 'ndcg@10': 0.0257, 'hit@15': 0.0754, 'ndcg@15': 0.0316, 'hit@20': 0.0958, 'ndcg@20': 0.0364, 'hit@40': 0.1585, 'ndcg@40': 0.0491} 
2024-10-15 15:41:59.174 | INFO     | trainer_1:_train_one_epoch:209 - test 2 cost time 8.96s, result: {'hit@1': 0.0052, 'ndcg@1': 0.0052, 'hit@5': 0.0202, 'ndcg@5': 0.0125, 'hit@10': 0.0371, 'ndcg@10': 0.0179, 'hit@15': 0.0515, 'ndcg@15': 0.0217, 'hit@20': 0.0664, 'ndcg@20': 0.0252, 'hit@40': 0.1138, 'ndcg@40': 0.0348} 
2024-10-15 15:42:16.986 | INFO     | trainer_1:_train_one_epoch:193 - epoch 3 6.79s Train loss is [0.6221] 
2024-10-15 15:42:24.252 | INFO     | trainer_1:_train_one_epoch:201 - validate 3 cost time 7.27s, result: {'hit@1': 0.0111, 'ndcg@1': 0.0111, 'hit@5': 0.0389, 'ndcg@5': 0.0249, 'hit@10': 0.0647, 'ndcg@10': 0.0332, 'hit@15': 0.0874, 'ndcg@15': 0.0391, 'hit@20': 0.1064, 'ndcg@20': 0.0436, 'hit@40': 0.1713, 'ndcg@40': 0.0569} 
2024-10-15 15:42:31.603 | INFO     | trainer_1:_train_one_epoch:209 - test 3 cost time 7.35s, result: {'hit@1': 0.0068, 'ndcg@1': 0.0068, 'hit@5': 0.0235, 'ndcg@5': 0.0151, 'hit@10': 0.0417, 'ndcg@10': 0.021, 'hit@15': 0.0582, 'ndcg@15': 0.0253, 'hit@20': 0.0723, 'ndcg@20': 0.0287, 'hit@40': 0.1192, 'ndcg@40': 0.0382} 
2024-10-15 15:42:49.042 | INFO     | trainer_1:_train_one_epoch:193 - epoch 4 6.84s Train loss is [0.5678] 
2024-10-15 15:42:56.878 | INFO     | trainer_1:_train_one_epoch:201 - validate 4 cost time 7.84s, result: {'hit@1': 0.0111, 'ndcg@1': 0.0111, 'hit@5': 0.0371, 'ndcg@5': 0.024, 'hit@10': 0.0629, 'ndcg@10': 0.0323, 'hit@15': 0.0853, 'ndcg@15': 0.0382, 'hit@20': 0.1079, 'ndcg@20': 0.0435, 'hit@40': 0.1781, 'ndcg@40': 0.0578} 
2024-10-15 15:43:05.768 | INFO     | trainer_1:_train_one_epoch:209 - test 4 cost time 8.89s, result: {'hit@1': 0.0067, 'ndcg@1': 0.0067, 'hit@5': 0.0248, 'ndcg@5': 0.0156, 'hit@10': 0.0421, 'ndcg@10': 0.0212, 'hit@15': 0.0581, 'ndcg@15': 0.0254, 'hit@20': 0.0733, 'ndcg@20': 0.029, 'hit@40': 0.1251, 'ndcg@40': 0.0395} 
2024-10-15 15:43:22.935 | INFO     | trainer_1:_train_one_epoch:193 - epoch 5 6.77s Train loss is [0.5570] 
2024-10-15 15:43:29.095 | INFO     | trainer_1:_train_one_epoch:201 - validate 5 cost time 6.16s, result: {'hit@1': 0.0138, 'ndcg@1': 0.0138, 'hit@5': 0.042, 'ndcg@5': 0.0279, 'hit@10': 0.0692, 'ndcg@10': 0.0366, 'hit@15': 0.0921, 'ndcg@15': 0.0426, 'hit@20': 0.1118, 'ndcg@20': 0.0473, 'hit@40': 0.1788, 'ndcg@40': 0.0609} 
2024-10-15 15:43:36.234 | INFO     | trainer_1:_train_one_epoch:209 - test 5 cost time 7.14s, result: {'hit@1': 0.0066, 'ndcg@1': 0.0066, 'hit@5': 0.0237, 'ndcg@5': 0.015, 'hit@10': 0.0417, 'ndcg@10': 0.0208, 'hit@15': 0.0587, 'ndcg@15': 0.0253, 'hit@20': 0.0733, 'ndcg@20': 0.0288, 'hit@40': 0.1253, 'ndcg@40': 0.0394} 
2024-10-15 15:43:43.121 | INFO     | trainer_1:_train_one_epoch:193 - epoch 6 6.89s Train loss is [0.5206] 
2024-10-15 15:43:51.610 | INFO     | trainer_1:_train_one_epoch:201 - validate 6 cost time 8.49s, result: {'hit@1': 0.0119, 'ndcg@1': 0.0119, 'hit@5': 0.0425, 'ndcg@5': 0.0273, 'hit@10': 0.0702, 'ndcg@10': 0.0361, 'hit@15': 0.0955, 'ndcg@15': 0.0428, 'hit@20': 0.1173, 'ndcg@20': 0.0479, 'hit@40': 0.1911, 'ndcg@40': 0.063} 
2024-10-15 15:44:00.539 | INFO     | trainer_1:_train_one_epoch:209 - test 6 cost time 8.93s, result: {'hit@1': 0.0068, 'ndcg@1': 0.0068, 'hit@5': 0.0255, 'ndcg@5': 0.016, 'hit@10': 0.045, 'ndcg@10': 0.0223, 'hit@15': 0.0622, 'ndcg@15': 0.0268, 'hit@20': 0.0781, 'ndcg@20': 0.0305, 'hit@40': 0.1346, 'ndcg@40': 0.042} 
2024-10-15 15:44:18.263 | INFO     | trainer_1:_train_one_epoch:193 - epoch 7 6.91s Train loss is [0.5127] 
2024-10-15 15:44:27.235 | INFO     | trainer_1:_train_one_epoch:201 - validate 7 cost time 8.97s, result: {'hit@1': 0.0127, 'ndcg@1': 0.0127, 'hit@5': 0.045, 'ndcg@5': 0.0288, 'hit@10': 0.0737, 'ndcg@10': 0.038, 'hit@15': 0.1006, 'ndcg@15': 0.0451, 'hit@20': 0.1234, 'ndcg@20': 0.0505, 'hit@40': 0.1959, 'ndcg@40': 0.0652} 
2024-10-15 15:44:36.143 | INFO     | trainer_1:_train_one_epoch:209 - test 7 cost time 8.91s, result: {'hit@1': 0.0078, 'ndcg@1': 0.0078, 'hit@5': 0.0276, 'ndcg@5': 0.0175, 'hit@10': 0.0474, 'ndcg@10': 0.0239, 'hit@15': 0.0653, 'ndcg@15': 0.0286, 'hit@20': 0.0825, 'ndcg@20': 0.0326, 'hit@40': 0.1392, 'ndcg@40': 0.0442} 
2024-10-15 15:44:54.817 | INFO     | trainer_1:_train_one_epoch:193 - epoch 8 6.94s Train loss is [0.5024] 
2024-10-15 15:45:01.621 | INFO     | trainer_1:_train_one_epoch:201 - validate 8 cost time 6.80s, result: {'hit@1': 0.0107, 'ndcg@1': 0.0107, 'hit@5': 0.0411, 'ndcg@5': 0.0258, 'hit@10': 0.0732, 'ndcg@10': 0.0361, 'hit@15': 0.1002, 'ndcg@15': 0.0432, 'hit@20': 0.1264, 'ndcg@20': 0.0494, 'hit@40': 0.2044, 'ndcg@40': 0.0653} 
2024-10-15 15:45:08.929 | INFO     | trainer_1:_train_one_epoch:209 - test 8 cost time 7.31s, result: {'hit@1': 0.0063, 'ndcg@1': 0.0063, 'hit@5': 0.0267, 'ndcg@5': 0.0162, 'hit@10': 0.0482, 'ndcg@10': 0.0231, 'hit@15': 0.0669, 'ndcg@15': 0.028, 'hit@20': 0.0852, 'ndcg@20': 0.0323, 'hit@40': 0.1463, 'ndcg@40': 0.0447} 
2024-10-15 15:45:26.178 | INFO     | trainer_1:_train_one_epoch:193 - epoch 9 6.61s Train loss is [0.4713] 
2024-10-15 15:45:33.393 | INFO     | trainer_1:_train_one_epoch:201 - validate 9 cost time 7.21s, result: {'hit@1': 0.0151, 'ndcg@1': 0.0151, 'hit@5': 0.0465, 'ndcg@5': 0.0306, 'hit@10': 0.0771, 'ndcg@10': 0.0405, 'hit@15': 0.1058, 'ndcg@15': 0.0481, 'hit@20': 0.13, 'ndcg@20': 0.0538, 'hit@40': 0.2088, 'ndcg@40': 0.0699} 
2024-10-15 15:45:40.724 | INFO     | trainer_1:_train_one_epoch:209 - test 9 cost time 7.33s, result: {'hit@1': 0.0083, 'ndcg@1': 0.0083, 'hit@5': 0.0284, 'ndcg@5': 0.0183, 'hit@10': 0.0504, 'ndcg@10': 0.0253, 'hit@15': 0.0691, 'ndcg@15': 0.0303, 'hit@20': 0.0864, 'ndcg@20': 0.0343, 'hit@40': 0.1457, 'ndcg@40': 0.0464} 
2024-10-15 15:45:58.542 | INFO     | trainer_1:_train_one_epoch:193 - epoch 10 6.53s Train loss is [0.4633] 
2024-10-15 15:46:05.021 | INFO     | trainer_1:_train_one_epoch:201 - validate 10 cost time 6.48s, result: {'hit@1': 0.0123, 'ndcg@1': 0.0123, 'hit@5': 0.0466, 'ndcg@5': 0.0294, 'hit@10': 0.0783, 'ndcg@10': 0.0395, 'hit@15': 0.1087, 'ndcg@15': 0.0475, 'hit@20': 0.1329, 'ndcg@20': 0.0532, 'hit@40': 0.2134, 'ndcg@40': 0.0696} 
2024-10-15 15:46:12.190 | INFO     | trainer_1:_train_one_epoch:209 - test 10 cost time 7.17s, result: {'hit@1': 0.007, 'ndcg@1': 0.007, 'hit@5': 0.028, 'ndcg@5': 0.0174, 'hit@10': 0.0518, 'ndcg@10': 0.025, 'hit@15': 0.0701, 'ndcg@15': 0.0298, 'hit@20': 0.0863, 'ndcg@20': 0.0337, 'hit@40': 0.1483, 'ndcg@40': 0.0463} 
2024-10-15 15:46:29.362 | INFO     | trainer_1:_train_one_epoch:193 - epoch 11 6.29s Train loss is [0.4689] 
2024-10-15 15:46:34.713 | INFO     | trainer_1:_train_one_epoch:201 - validate 11 cost time 5.35s, result: {'hit@1': 0.0115, 'ndcg@1': 0.0115, 'hit@5': 0.0437, 'ndcg@5': 0.0275, 'hit@10': 0.0746, 'ndcg@10': 0.0375, 'hit@15': 0.1032, 'ndcg@15': 0.045, 'hit@20': 0.1288, 'ndcg@20': 0.0511, 'hit@40': 0.2123, 'ndcg@40': 0.068} 
2024-10-15 15:46:41.170 | INFO     | trainer_1:_train_one_epoch:209 - test 11 cost time 6.46s, result: {'hit@1': 0.0069, 'ndcg@1': 0.0069, 'hit@5': 0.028, 'ndcg@5': 0.0174, 'hit@10': 0.0498, 'ndcg@10': 0.0243, 'hit@15': 0.0686, 'ndcg@15': 0.0293, 'hit@20': 0.086, 'ndcg@20': 0.0334, 'hit@40': 0.1465, 'ndcg@40': 0.0457} 
2024-10-15 15:46:47.798 | INFO     | trainer_1:_train_one_epoch:193 - epoch 12 6.63s Train loss is [0.4590] 
2024-10-15 15:46:55.732 | INFO     | trainer_1:_train_one_epoch:201 - validate 12 cost time 7.93s, result: {'hit@1': 0.0138, 'ndcg@1': 0.0138, 'hit@5': 0.0473, 'ndcg@5': 0.0304, 'hit@10': 0.0795, 'ndcg@10': 0.0407, 'hit@15': 0.1055, 'ndcg@15': 0.0476, 'hit@20': 0.1293, 'ndcg@20': 0.0532, 'hit@40': 0.211, 'ndcg@40': 0.0699} 
2024-10-15 15:47:04.506 | INFO     | trainer_1:_train_one_epoch:209 - test 12 cost time 8.77s, result: {'hit@1': 0.0077, 'ndcg@1': 0.0077, 'hit@5': 0.0283, 'ndcg@5': 0.018, 'hit@10': 0.05, 'ndcg@10': 0.0249, 'hit@15': 0.0683, 'ndcg@15': 0.0297, 'hit@20': 0.0857, 'ndcg@20': 0.0338, 'hit@40': 0.1439, 'ndcg@40': 0.0456} 
2024-10-15 15:47:10.830 | INFO     | trainer_1:_train_one_epoch:193 - epoch 13 6.32s Train loss is [0.4470] 
2024-10-15 15:47:15.704 | INFO     | trainer_1:_train_one_epoch:201 - validate 13 cost time 4.87s, result: {'hit@1': 0.0143, 'ndcg@1': 0.0143, 'hit@5': 0.0475, 'ndcg@5': 0.0306, 'hit@10': 0.0808, 'ndcg@10': 0.0413, 'hit@15': 0.1068, 'ndcg@15': 0.0482, 'hit@20': 0.1324, 'ndcg@20': 0.0542, 'hit@40': 0.216, 'ndcg@40': 0.0712} 
2024-10-15 15:47:21.796 | INFO     | trainer_1:_train_one_epoch:209 - test 13 cost time 6.09s, result: {'hit@1': 0.0076, 'ndcg@1': 0.0076, 'hit@5': 0.0289, 'ndcg@5': 0.0182, 'hit@10': 0.0508, 'ndcg@10': 0.0252, 'hit@15': 0.0689, 'ndcg@15': 0.03, 'hit@20': 0.0869, 'ndcg@20': 0.0342, 'hit@40': 0.1475, 'ndcg@40': 0.0466} 
2024-10-15 15:47:30.525 | INFO     | trainer_1:_train_one_epoch:193 - epoch 14 8.73s Train loss is [0.4292] 
2024-10-15 15:47:37.901 | INFO     | trainer_1:_train_one_epoch:201 - validate 14 cost time 7.38s, result: {'hit@1': 0.0153, 'ndcg@1': 0.0153, 'hit@5': 0.0536, 'ndcg@5': 0.0343, 'hit@10': 0.0862, 'ndcg@10': 0.0447, 'hit@15': 0.116, 'ndcg@15': 0.0526, 'hit@20': 0.1408, 'ndcg@20': 0.0585, 'hit@40': 0.226, 'ndcg@40': 0.0759} 
2024-10-15 15:47:45.144 | INFO     | trainer_1:_train_one_epoch:209 - test 14 cost time 7.24s, result: {'hit@1': 0.0081, 'ndcg@1': 0.0081, 'hit@5': 0.0326, 'ndcg@5': 0.0203, 'hit@10': 0.0544, 'ndcg@10': 0.0273, 'hit@15': 0.0746, 'ndcg@15': 0.0326, 'hit@20': 0.0925, 'ndcg@20': 0.0368, 'hit@40': 0.1532, 'ndcg@40': 0.0491} 
2024-10-15 15:48:02.867 | INFO     | trainer_1:_train_one_epoch:193 - epoch 15 6.83s Train loss is [0.4380] 
2024-10-15 15:48:10.735 | INFO     | trainer_1:_train_one_epoch:201 - validate 15 cost time 7.87s, result: {'hit@1': 0.0149, 'ndcg@1': 0.0149, 'hit@5': 0.0501, 'ndcg@5': 0.0323, 'hit@10': 0.0816, 'ndcg@10': 0.0424, 'hit@15': 0.1102, 'ndcg@15': 0.05, 'hit@20': 0.1334, 'ndcg@20': 0.0554, 'hit@40': 0.2143, 'ndcg@40': 0.0719} 
2024-10-15 15:48:19.713 | INFO     | trainer_1:_train_one_epoch:209 - test 15 cost time 8.98s, result: {'hit@1': 0.0085, 'ndcg@1': 0.0085, 'hit@5': 0.0316, 'ndcg@5': 0.0201, 'hit@10': 0.0519, 'ndcg@10': 0.0265, 'hit@15': 0.0711, 'ndcg@15': 0.0316, 'hit@20': 0.0891, 'ndcg@20': 0.0358, 'hit@40': 0.1477, 'ndcg@40': 0.0477} 
2024-10-15 15:48:26.260 | INFO     | trainer_1:_train_one_epoch:193 - epoch 16 6.55s Train loss is [0.4104] 
2024-10-15 15:48:35.027 | INFO     | trainer_1:_train_one_epoch:201 - validate 16 cost time 8.77s, result: {'hit@1': 0.0135, 'ndcg@1': 0.0135, 'hit@5': 0.0484, 'ndcg@5': 0.0309, 'hit@10': 0.0803, 'ndcg@10': 0.0411, 'hit@15': 0.1084, 'ndcg@15': 0.0485, 'hit@20': 0.1352, 'ndcg@20': 0.0548, 'hit@40': 0.2142, 'ndcg@40': 0.0709} 
2024-10-15 15:48:42.318 | INFO     | trainer_1:_train_one_epoch:209 - test 16 cost time 7.29s, result: {'hit@1': 0.0081, 'ndcg@1': 0.0081, 'hit@5': 0.0319, 'ndcg@5': 0.0198, 'hit@10': 0.0536, 'ndcg@10': 0.0268, 'hit@15': 0.0727, 'ndcg@15': 0.0318, 'hit@20': 0.0903, 'ndcg@20': 0.036, 'hit@40': 0.1533, 'ndcg@40': 0.0488} 
2024-10-15 15:48:48.990 | INFO     | trainer_1:_train_one_epoch:193 - epoch 17 6.67s Train loss is [0.4081] 
2024-10-15 15:48:58.035 | INFO     | trainer_1:_train_one_epoch:201 - validate 17 cost time 9.04s, result: {'hit@1': 0.0145, 'ndcg@1': 0.0145, 'hit@5': 0.0495, 'ndcg@5': 0.0321, 'hit@10': 0.0807, 'ndcg@10': 0.042, 'hit@15': 0.1066, 'ndcg@15': 0.0489, 'hit@20': 0.1329, 'ndcg@20': 0.0551, 'hit@40': 0.2207, 'ndcg@40': 0.0729} 
2024-10-15 15:49:06.844 | INFO     | trainer_1:_train_one_epoch:209 - test 17 cost time 8.81s, result: {'hit@1': 0.0081, 'ndcg@1': 0.0081, 'hit@5': 0.0316, 'ndcg@5': 0.0197, 'hit@10': 0.0544, 'ndcg@10': 0.027, 'hit@15': 0.0748, 'ndcg@15': 0.0323, 'hit@20': 0.0941, 'ndcg@20': 0.0369, 'hit@40': 0.1566, 'ndcg@40': 0.0496} 
2024-10-15 15:49:13.397 | INFO     | trainer_1:_train_one_epoch:193 - epoch 18 6.55s Train loss is [0.4006] 
2024-10-15 15:49:19.318 | INFO     | trainer_1:_train_one_epoch:201 - validate 18 cost time 5.92s, result: {'hit@1': 0.0134, 'ndcg@1': 0.0134, 'hit@5': 0.0493, 'ndcg@5': 0.0312, 'hit@10': 0.0809, 'ndcg@10': 0.0413, 'hit@15': 0.1103, 'ndcg@15': 0.0491, 'hit@20': 0.1367, 'ndcg@20': 0.0553, 'hit@40': 0.2219, 'ndcg@40': 0.0726} 
2024-10-15 15:49:26.568 | INFO     | trainer_1:_train_one_epoch:209 - test 18 cost time 7.25s, result: {'hit@1': 0.0074, 'ndcg@1': 0.0074, 'hit@5': 0.0312, 'ndcg@5': 0.0193, 'hit@10': 0.0548, 'ndcg@10': 0.0268, 'hit@15': 0.0734, 'ndcg@15': 0.0317, 'hit@20': 0.0915, 'ndcg@20': 0.036, 'hit@40': 0.1518, 'ndcg@40': 0.0483} 
2024-10-15 15:49:44.157 | INFO     | trainer_1:_train_one_epoch:193 - epoch 19 6.79s Train loss is [0.4064] 
2024-10-15 15:49:50.685 | INFO     | trainer_1:_train_one_epoch:201 - validate 19 cost time 6.53s, result: {'hit@1': 0.0151, 'ndcg@1': 0.0151, 'hit@5': 0.0527, 'ndcg@5': 0.034, 'hit@10': 0.0868, 'ndcg@10': 0.0449, 'hit@15': 0.116, 'ndcg@15': 0.0526, 'hit@20': 0.1416, 'ndcg@20': 0.0587, 'hit@40': 0.2287, 'ndcg@40': 0.0764} 
2024-10-15 15:49:57.479 | INFO     | trainer_1:_train_one_epoch:209 - test 19 cost time 6.79s, result: {'hit@1': 0.0088, 'ndcg@1': 0.0088, 'hit@5': 0.0353, 'ndcg@5': 0.022, 'hit@10': 0.0582, 'ndcg@10': 0.0293, 'hit@15': 0.0789, 'ndcg@15': 0.0348, 'hit@20': 0.0969, 'ndcg@20': 0.039, 'hit@40': 0.1623, 'ndcg@40': 0.0524} 
2024-10-15 15:50:14.506 | INFO     | trainer_1:_train_one_epoch:193 - epoch 20 6.50s Train loss is [0.4005] 
2024-10-15 15:50:20.952 | INFO     | trainer_1:_train_one_epoch:201 - validate 20 cost time 6.45s, result: {'hit@1': 0.0155, 'ndcg@1': 0.0155, 'hit@5': 0.0527, 'ndcg@5': 0.034, 'hit@10': 0.0866, 'ndcg@10': 0.0448, 'hit@15': 0.1151, 'ndcg@15': 0.0524, 'hit@20': 0.1408, 'ndcg@20': 0.0585, 'hit@40': 0.2252, 'ndcg@40': 0.0756} 
2024-10-15 15:50:28.049 | INFO     | trainer_1:_train_one_epoch:209 - test 20 cost time 7.10s, result: {'hit@1': 0.0081, 'ndcg@1': 0.0081, 'hit@5': 0.0334, 'ndcg@5': 0.0208, 'hit@10': 0.057, 'ndcg@10': 0.0283, 'hit@15': 0.0765, 'ndcg@15': 0.0335, 'hit@20': 0.0977, 'ndcg@20': 0.0385, 'hit@40': 0.16, 'ndcg@40': 0.0511} 
2024-10-15 15:50:34.537 | INFO     | trainer_1:_train_one_epoch:193 - epoch 21 6.49s Train loss is [0.3899] 
2024-10-15 15:50:41.934 | INFO     | trainer_1:_train_one_epoch:201 - validate 21 cost time 7.40s, result: {'hit@1': 0.0164, 'ndcg@1': 0.0164, 'hit@5': 0.0564, 'ndcg@5': 0.0363, 'hit@10': 0.0943, 'ndcg@10': 0.0485, 'hit@15': 0.1252, 'ndcg@15': 0.0566, 'hit@20': 0.1537, 'ndcg@20': 0.0634, 'hit@40': 0.2413, 'ndcg@40': 0.0812} 
2024-10-15 15:50:48.723 | INFO     | trainer_1:_train_one_epoch:209 - test 21 cost time 6.79s, result: {'hit@1': 0.0092, 'ndcg@1': 0.0092, 'hit@5': 0.0356, 'ndcg@5': 0.0223, 'hit@10': 0.0619, 'ndcg@10': 0.0308, 'hit@15': 0.085, 'ndcg@15': 0.0369, 'hit@20': 0.1046, 'ndcg@20': 0.0415, 'hit@40': 0.1726, 'ndcg@40': 0.0554} 
2024-10-15 15:51:06.124 | INFO     | trainer_1:_train_one_epoch:193 - epoch 22 6.60s Train loss is [0.3894] 
2024-10-15 15:51:15.184 | INFO     | trainer_1:_train_one_epoch:201 - validate 22 cost time 9.06s, result: {'hit@1': 0.0153, 'ndcg@1': 0.0153, 'hit@5': 0.053, 'ndcg@5': 0.0341, 'hit@10': 0.0891, 'ndcg@10': 0.0457, 'hit@15': 0.1197, 'ndcg@15': 0.0538, 'hit@20': 0.1457, 'ndcg@20': 0.0599, 'hit@40': 0.2351, 'ndcg@40': 0.0781} 
2024-10-15 15:51:22.156 | INFO     | trainer_1:_train_one_epoch:209 - test 22 cost time 6.97s, result: {'hit@1': 0.0087, 'ndcg@1': 0.0087, 'hit@5': 0.035, 'ndcg@5': 0.0218, 'hit@10': 0.0623, 'ndcg@10': 0.0306, 'hit@15': 0.0846, 'ndcg@15': 0.0365, 'hit@20': 0.1051, 'ndcg@20': 0.0413, 'hit@40': 0.1709, 'ndcg@40': 0.0547} 
2024-10-15 15:51:39.124 | INFO     | trainer_1:_train_one_epoch:193 - epoch 23 6.40s Train loss is [0.3983] 
2024-10-15 15:51:47.989 | INFO     | trainer_1:_train_one_epoch:201 - validate 23 cost time 8.86s, result: {'hit@1': 0.0151, 'ndcg@1': 0.0151, 'hit@5': 0.0567, 'ndcg@5': 0.0357, 'hit@10': 0.0932, 'ndcg@10': 0.0474, 'hit@15': 0.1236, 'ndcg@15': 0.0555, 'hit@20': 0.1506, 'ndcg@20': 0.0618, 'hit@40': 0.2394, 'ndcg@40': 0.0799} 
2024-10-15 15:51:54.996 | INFO     | trainer_1:_train_one_epoch:209 - test 23 cost time 7.01s, result: {'hit@1': 0.0093, 'ndcg@1': 0.0093, 'hit@5': 0.0371, 'ndcg@5': 0.023, 'hit@10': 0.0622, 'ndcg@10': 0.0311, 'hit@15': 0.0836, 'ndcg@15': 0.0367, 'hit@20': 0.1062, 'ndcg@20': 0.0421, 'hit@40': 0.1735, 'ndcg@40': 0.0557} 
2024-10-15 15:52:01.461 | INFO     | trainer_1:_train_one_epoch:193 - epoch 24 6.46s Train loss is [0.3844] 
2024-10-15 15:52:07.833 | INFO     | trainer_1:_train_one_epoch:201 - validate 24 cost time 6.37s, result: {'hit@1': 0.0153, 'ndcg@1': 0.0153, 'hit@5': 0.0571, 'ndcg@5': 0.0361, 'hit@10': 0.0962, 'ndcg@10': 0.0486, 'hit@15': 0.1272, 'ndcg@15': 0.0568, 'hit@20': 0.154, 'ndcg@20': 0.0631, 'hit@40': 0.2441, 'ndcg@40': 0.0815} 
2024-10-15 15:52:15.139 | INFO     | trainer_1:_train_one_epoch:209 - test 24 cost time 7.31s, result: {'hit@1': 0.0092, 'ndcg@1': 0.0092, 'hit@5': 0.0375, 'ndcg@5': 0.0234, 'hit@10': 0.063, 'ndcg@10': 0.0316, 'hit@15': 0.0839, 'ndcg@15': 0.0371, 'hit@20': 0.1068, 'ndcg@20': 0.0425, 'hit@40': 0.176, 'ndcg@40': 0.0566} 
2024-10-15 15:52:32.065 | INFO     | trainer_1:_train_one_epoch:193 - epoch 25 6.41s Train loss is [0.3878] 
2024-10-15 15:52:38.619 | INFO     | trainer_1:_train_one_epoch:201 - validate 25 cost time 6.55s, result: {'hit@1': 0.016, 'ndcg@1': 0.016, 'hit@5': 0.0536, 'ndcg@5': 0.0349, 'hit@10': 0.0898, 'ndcg@10': 0.0465, 'hit@15': 0.1203, 'ndcg@15': 0.0546, 'hit@20': 0.1483, 'ndcg@20': 0.0612, 'hit@40': 0.235, 'ndcg@40': 0.0788} 
2024-10-15 15:52:45.143 | INFO     | trainer_1:_train_one_epoch:209 - test 25 cost time 6.52s, result: {'hit@1': 0.0093, 'ndcg@1': 0.0093, 'hit@5': 0.0356, 'ndcg@5': 0.0224, 'hit@10': 0.0615, 'ndcg@10': 0.0307, 'hit@15': 0.0823, 'ndcg@15': 0.0362, 'hit@20': 0.1015, 'ndcg@20': 0.0407, 'hit@40': 0.1669, 'ndcg@40': 0.054} 
2024-10-15 15:52:51.603 | INFO     | trainer_1:_train_one_epoch:193 - epoch 26 6.46s Train loss is [0.3771] 
2024-10-15 15:52:59.044 | INFO     | trainer_1:_train_one_epoch:201 - validate 26 cost time 7.44s, result: {'hit@1': 0.0157, 'ndcg@1': 0.0157, 'hit@5': 0.0549, 'ndcg@5': 0.0353, 'hit@10': 0.0897, 'ndcg@10': 0.0465, 'hit@15': 0.1198, 'ndcg@15': 0.0544, 'hit@20': 0.146, 'ndcg@20': 0.0606, 'hit@40': 0.2311, 'ndcg@40': 0.0779} 
2024-10-15 15:53:06.279 | INFO     | trainer_1:_train_one_epoch:209 - test 26 cost time 7.23s, result: {'hit@1': 0.0095, 'ndcg@1': 0.0095, 'hit@5': 0.0373, 'ndcg@5': 0.0234, 'hit@10': 0.0635, 'ndcg@10': 0.0318, 'hit@15': 0.0857, 'ndcg@15': 0.0376, 'hit@20': 0.1041, 'ndcg@20': 0.042, 'hit@40': 0.1701, 'ndcg@40': 0.0554} 
2024-10-15 15:53:23.517 | INFO     | trainer_1:_train_one_epoch:193 - epoch 27 6.46s Train loss is [0.3836] 
2024-10-15 15:53:30.939 | INFO     | trainer_1:_train_one_epoch:201 - validate 27 cost time 7.42s, result: {'hit@1': 0.0158, 'ndcg@1': 0.0158, 'hit@5': 0.0542, 'ndcg@5': 0.0348, 'hit@10': 0.0888, 'ndcg@10': 0.0459, 'hit@15': 0.1191, 'ndcg@15': 0.0539, 'hit@20': 0.1465, 'ndcg@20': 0.0604, 'hit@40': 0.2367, 'ndcg@40': 0.0787} 
2024-10-15 15:53:38.493 | INFO     | trainer_1:_train_one_epoch:209 - test 27 cost time 7.55s, result: {'hit@1': 0.009, 'ndcg@1': 0.009, 'hit@5': 0.0339, 'ndcg@5': 0.0214, 'hit@10': 0.0577, 'ndcg@10': 0.0291, 'hit@15': 0.0794, 'ndcg@15': 0.0348, 'hit@20': 0.0994, 'ndcg@20': 0.0395, 'hit@40': 0.1676, 'ndcg@40': 0.0534} 
2024-10-15 15:53:44.877 | INFO     | trainer_1:_train_one_epoch:193 - epoch 28 6.38s Train loss is [0.3801] 
2024-10-15 15:53:50.810 | INFO     | trainer_1:_train_one_epoch:201 - validate 28 cost time 5.93s, result: {'hit@1': 0.0152, 'ndcg@1': 0.0152, 'hit@5': 0.0514, 'ndcg@5': 0.0333, 'hit@10': 0.0863, 'ndcg@10': 0.0445, 'hit@15': 0.1158, 'ndcg@15': 0.0523, 'hit@20': 0.1426, 'ndcg@20': 0.0586, 'hit@40': 0.2299, 'ndcg@40': 0.0764} 
2024-10-15 15:53:55.650 | INFO     | trainer_1:_train_one_epoch:209 - test 28 cost time 4.84s, result: {'hit@1': 0.0092, 'ndcg@1': 0.0092, 'hit@5': 0.0323, 'ndcg@5': 0.0206, 'hit@10': 0.0583, 'ndcg@10': 0.0289, 'hit@15': 0.0798, 'ndcg@15': 0.0345, 'hit@20': 0.098, 'ndcg@20': 0.0388, 'hit@40': 0.1637, 'ndcg@40': 0.0522} 
2024-10-15 15:54:02.163 | INFO     | trainer_1:_train_one_epoch:193 - epoch 29 6.51s Train loss is [0.3667] 
2024-10-15 15:54:08.889 | INFO     | trainer_1:_train_one_epoch:201 - validate 29 cost time 6.73s, result: {'hit@1': 0.0165, 'ndcg@1': 0.0165, 'hit@5': 0.0548, 'ndcg@5': 0.0356, 'hit@10': 0.0928, 'ndcg@10': 0.0479, 'hit@15': 0.1231, 'ndcg@15': 0.0559, 'hit@20': 0.1504, 'ndcg@20': 0.0623, 'hit@40': 0.2401, 'ndcg@40': 0.0806} 
2024-10-15 15:54:16.256 | INFO     | trainer_1:_train_one_epoch:209 - test 29 cost time 7.37s, result: {'hit@1': 0.0093, 'ndcg@1': 0.0093, 'hit@5': 0.0356, 'ndcg@5': 0.0223, 'hit@10': 0.0618, 'ndcg@10': 0.0308, 'hit@15': 0.0833, 'ndcg@15': 0.0364, 'hit@20': 0.1026, 'ndcg@20': 0.041, 'hit@40': 0.1713, 'ndcg@40': 0.0549} 
2024-10-15 15:54:22.615 | INFO     | trainer_1:_train_one_epoch:193 - epoch 30 6.36s Train loss is [0.3588] 
2024-10-15 15:54:30.017 | INFO     | trainer_1:_train_one_epoch:201 - validate 30 cost time 7.40s, result: {'hit@1': 0.017, 'ndcg@1': 0.017, 'hit@5': 0.0562, 'ndcg@5': 0.0365, 'hit@10': 0.0929, 'ndcg@10': 0.0482, 'hit@15': 0.1245, 'ndcg@15': 0.0566, 'hit@20': 0.1527, 'ndcg@20': 0.0632, 'hit@40': 0.2427, 'ndcg@40': 0.0815} 
2024-10-15 15:54:36.383 | INFO     | trainer_1:_train_one_epoch:209 - test 30 cost time 6.37s, result: {'hit@1': 0.0093, 'ndcg@1': 0.0093, 'hit@5': 0.0352, 'ndcg@5': 0.0222, 'hit@10': 0.0624, 'ndcg@10': 0.0309, 'hit@15': 0.0838, 'ndcg@15': 0.0365, 'hit@20': 0.1033, 'ndcg@20': 0.0411, 'hit@40': 0.1721, 'ndcg@40': 0.0551} 
2024-10-15 15:54:42.719 | INFO     | trainer_1:_train_one_epoch:193 - epoch 31 6.34s Train loss is [0.3584] 
2024-10-15 15:54:50.162 | INFO     | trainer_1:_train_one_epoch:201 - validate 31 cost time 7.44s, result: {'hit@1': 0.0174, 'ndcg@1': 0.0174, 'hit@5': 0.0558, 'ndcg@5': 0.0367, 'hit@10': 0.0922, 'ndcg@10': 0.0484, 'hit@15': 0.1238, 'ndcg@15': 0.0567, 'hit@20': 0.1503, 'ndcg@20': 0.063, 'hit@40': 0.2398, 'ndcg@40': 0.0812} 
2024-10-15 15:54:57.408 | INFO     | trainer_1:_train_one_epoch:209 - test 31 cost time 7.25s, result: {'hit@1': 0.0095, 'ndcg@1': 0.0095, 'hit@5': 0.0353, 'ndcg@5': 0.0222, 'hit@10': 0.0606, 'ndcg@10': 0.0304, 'hit@15': 0.0835, 'ndcg@15': 0.0364, 'hit@20': 0.1027, 'ndcg@20': 0.0409, 'hit@40': 0.1692, 'ndcg@40': 0.0544} 
2024-10-15 15:54:57.417 | INFO     | trainer_1:train_model:163 - training end, best iteration 26, results: {'hit@1': 0.0157, 'ndcg@1': 0.0157, 'hit@5': 0.0549, 'ndcg@5': 0.0353, 'hit@10': 0.0897, 'ndcg@10': 0.0465, 'hit@15': 0.1198, 'ndcg@15': 0.0544, 'hit@20': 0.146, 'ndcg@20': 0.0606, 'hit@40': 0.2311, 'ndcg@40': 0.0779}
2024-10-15 15:54:57.418 | INFO     | trainer_1:train_model:166 - final test result is:  {'hit@1': 0.0095, 'ndcg@1': 0.0095, 'hit@5': 0.0373, 'ndcg@5': 0.0234, 'hit@10': 0.0635, 'ndcg@10': 0.0318, 'hit@15': 0.0857, 'ndcg@15': 0.0376, 'hit@20': 0.1041, 'ndcg@20': 0.042, 'hit@40': 0.1701, 'ndcg@40': 0.0554}
2024-10-15 15:54:57.745 | INFO     | __main__:<module>:119 - train end total cost time: 1346.045348405838
