2024-10-15 16:00:30.295 | INFO     | __main__:<module>:105 - Namespace(TIME='2024-10-15 15_59_54', batch_size=1024, behaviors=['click', 'collect', 'cart', 'buy'], check_point='model_pre_1_2024-10-15 14_50_55.pth', data_name='tmall', data_path='./data/Tmall', decay=0.001, device='cuda:1', dim_qk=32, dim_v=64, distill_layers=2, distill_thres=0.5, distill_topK=60, distill_userK=4, embedding_size=64, epochs=100, gpu_no=1, if_load_model=True, ii_lambda=200, initializer_range=0.02, layers=2, loss_type='bpr', lr=0.0005, message_dropout=0.25, metrics=['hit', 'ndcg'], min_epoch=5, model_name='main_1_zz', model_path='./check_point', node_dropout=0.75, omega=1, pt_loop=50, reg_weight=0.001, test_batch_size=1024, testbatch=1024, topk=[1, 5, 10, 15, 20, 40], uu_lambda=100)
2024-10-15 16:00:30.296 | INFO     | __main__:<module>:106 - BIPN(
  (message_dropout): Dropout(p=0.25, inplace=False)
  (user_embedding): Embedding(41739, 64, padding_idx=0)
  (item_embedding): Embedding(11954, 64, padding_idx=0)
  (global_Graph): LightGCN()
  (Graph_encoder): ModuleDict(
    (click): GraphEncoder(
      (light): LightGCN()
      (dropout): Dropout(p=0.75, inplace=False)
    )
    (collect): GraphEncoder(
      (light): LightGCN()
      (dropout): Dropout(p=0.75, inplace=False)
    )
    (cart): GraphEncoder(
      (light): LightGCN()
      (dropout): Dropout(p=0.75, inplace=False)
    )
    (buy): GraphEncoder(
      (light): LightGCN()
      (dropout): Dropout(p=0.75, inplace=False)
    )
  )
  (attention): Mutual_Attention()
  (bpr_loss): BPRLoss()
  (emb_loss): EmbLoss()
  (f): Sigmoid()
)
2024-10-15 16:15:37.322 | INFO     | trainer_1:_train_one_epoch:193 - epoch 1 13.33s Train loss is [1.4909] 
2024-10-15 16:15:52.882 | INFO     | trainer_1:_train_one_epoch:201 - validate 1 cost time 15.56s, result: {'hit@1': 0.0507, 'ndcg@1': 0.0507, 'hit@5': 0.1377, 'ndcg@5': 0.0709, 'hit@10': 0.1915, 'ndcg@10': 0.0845, 'hit@15': 0.2272, 'ndcg@15': 0.0921, 'hit@20': 0.255, 'ndcg@20': 0.0973, 'hit@40': 0.3299, 'ndcg@40': 0.1101} 
2024-10-15 16:16:04.347 | INFO     | trainer_1:_train_one_epoch:209 - test 1 cost time 11.46s, result: {'hit@1': 0.0272, 'ndcg@1': 0.0272, 'hit@5': 0.0801, 'ndcg@5': 0.0529, 'hit@10': 0.1161, 'ndcg@10': 0.0641, 'hit@15': 0.1411, 'ndcg@15': 0.0704, 'hit@20': 0.1599, 'ndcg@20': 0.0748, 'hit@40': 0.2141, 'ndcg@40': 0.0856} 
2024-10-15 16:16:38.966 | INFO     | trainer_1:_train_one_epoch:193 - epoch 2 20.40s Train loss is [1.3311] 
2024-10-15 16:16:53.459 | INFO     | trainer_1:_train_one_epoch:201 - validate 2 cost time 14.49s, result: {'hit@1': 0.0539, 'ndcg@1': 0.0539, 'hit@5': 0.1527, 'ndcg@5': 0.0779, 'hit@10': 0.2111, 'ndcg@10': 0.0928, 'hit@15': 0.2511, 'ndcg@15': 0.1013, 'hit@20': 0.2796, 'ndcg@20': 0.1069, 'hit@40': 0.3562, 'ndcg@40': 0.12} 
2024-10-15 16:17:03.743 | INFO     | trainer_1:_train_one_epoch:209 - test 2 cost time 10.28s, result: {'hit@1': 0.0312, 'ndcg@1': 0.0312, 'hit@5': 0.0905, 'ndcg@5': 0.0597, 'hit@10': 0.1307, 'ndcg@10': 0.0723, 'hit@15': 0.1589, 'ndcg@15': 0.0796, 'hit@20': 0.1799, 'ndcg@20': 0.0844, 'hit@40': 0.2371, 'ndcg@40': 0.0959} 
2024-10-15 16:17:30.977 | INFO     | trainer_1:_train_one_epoch:193 - epoch 3 18.43s Train loss is [1.2882] 
2024-10-15 16:17:47.665 | INFO     | trainer_1:_train_one_epoch:201 - validate 3 cost time 16.69s, result: {'hit@1': 0.0576, 'ndcg@1': 0.0576, 'hit@5': 0.1623, 'ndcg@5': 0.0832, 'hit@10': 0.2229, 'ndcg@10': 0.0987, 'hit@15': 0.2628, 'ndcg@15': 0.1073, 'hit@20': 0.2941, 'ndcg@20': 0.1133, 'hit@40': 0.3764, 'ndcg@40': 0.1277} 
2024-10-15 16:17:57.021 | INFO     | trainer_1:_train_one_epoch:209 - test 3 cost time 9.36s, result: {'hit@1': 0.0331, 'ndcg@1': 0.0331, 'hit@5': 0.0986, 'ndcg@5': 0.065, 'hit@10': 0.1405, 'ndcg@10': 0.0781, 'hit@15': 0.1683, 'ndcg@15': 0.0853, 'hit@20': 0.1912, 'ndcg@20': 0.0905, 'hit@40': 0.2523, 'ndcg@40': 0.1028} 
2024-10-15 16:18:27.550 | INFO     | trainer_1:_train_one_epoch:193 - epoch 4 19.66s Train loss is [1.2671] 
2024-10-15 16:18:41.493 | INFO     | trainer_1:_train_one_epoch:201 - validate 4 cost time 13.94s, result: {'hit@1': 0.0593, 'ndcg@1': 0.0593, 'hit@5': 0.1644, 'ndcg@5': 0.085, 'hit@10': 0.2252, 'ndcg@10': 0.1006, 'hit@15': 0.2647, 'ndcg@15': 0.1092, 'hit@20': 0.2953, 'ndcg@20': 0.1153, 'hit@40': 0.3783, 'ndcg@40': 0.1296} 
2024-10-15 16:18:52.011 | INFO     | trainer_1:_train_one_epoch:209 - test 4 cost time 10.52s, result: {'hit@1': 0.034, 'ndcg@1': 0.034, 'hit@5': 0.0969, 'ndcg@5': 0.0644, 'hit@10': 0.1396, 'ndcg@10': 0.0777, 'hit@15': 0.1698, 'ndcg@15': 0.0855, 'hit@20': 0.192, 'ndcg@20': 0.0907, 'hit@40': 0.2511, 'ndcg@40': 0.1025} 
2024-10-15 16:19:10.180 | INFO     | trainer_1:_train_one_epoch:193 - epoch 5 18.17s Train loss is [1.2469] 
2024-10-15 16:19:25.176 | INFO     | trainer_1:_train_one_epoch:201 - validate 5 cost time 15.00s, result: {'hit@1': 0.0603, 'ndcg@1': 0.0603, 'hit@5': 0.1669, 'ndcg@5': 0.0859, 'hit@10': 0.2303, 'ndcg@10': 0.1021, 'hit@15': 0.2714, 'ndcg@15': 0.111, 'hit@20': 0.3026, 'ndcg@20': 0.1172, 'hit@40': 0.3835, 'ndcg@40': 0.1315} 
2024-10-15 16:19:33.337 | INFO     | trainer_1:_train_one_epoch:209 - test 5 cost time 8.16s, result: {'hit@1': 0.0337, 'ndcg@1': 0.0337, 'hit@5': 0.0996, 'ndcg@5': 0.0656, 'hit@10': 0.1427, 'ndcg@10': 0.079, 'hit@15': 0.1724, 'ndcg@15': 0.0867, 'hit@20': 0.1954, 'ndcg@20': 0.0919, 'hit@40': 0.2562, 'ndcg@40': 0.1041} 
2024-10-15 16:19:59.564 | INFO     | trainer_1:_train_one_epoch:193 - epoch 6 17.27s Train loss is [1.2361] 
2024-10-15 16:20:14.882 | INFO     | trainer_1:_train_one_epoch:201 - validate 6 cost time 15.32s, result: {'hit@1': 0.0597, 'ndcg@1': 0.0597, 'hit@5': 0.1691, 'ndcg@5': 0.0866, 'hit@10': 0.2317, 'ndcg@10': 0.1029, 'hit@15': 0.2724, 'ndcg@15': 0.1117, 'hit@20': 0.3045, 'ndcg@20': 0.118, 'hit@40': 0.3882, 'ndcg@40': 0.1327} 
2024-10-15 16:20:26.680 | INFO     | trainer_1:_train_one_epoch:209 - test 6 cost time 11.80s, result: {'hit@1': 0.0335, 'ndcg@1': 0.0335, 'hit@5': 0.0991, 'ndcg@5': 0.0652, 'hit@10': 0.1429, 'ndcg@10': 0.0789, 'hit@15': 0.1719, 'ndcg@15': 0.0864, 'hit@20': 0.1964, 'ndcg@20': 0.092, 'hit@40': 0.2581, 'ndcg@40': 0.1042} 
2024-10-15 16:21:02.157 | INFO     | trainer_1:_train_one_epoch:193 - epoch 7 20.84s Train loss is [1.2300] 
2024-10-15 16:21:18.280 | INFO     | trainer_1:_train_one_epoch:201 - validate 7 cost time 16.12s, result: {'hit@1': 0.0603, 'ndcg@1': 0.0603, 'hit@5': 0.1685, 'ndcg@5': 0.0869, 'hit@10': 0.2345, 'ndcg@10': 0.1039, 'hit@15': 0.2773, 'ndcg@15': 0.113, 'hit@20': 0.309, 'ndcg@20': 0.1193, 'hit@40': 0.3915, 'ndcg@40': 0.1338} 
2024-10-15 16:21:26.715 | INFO     | trainer_1:_train_one_epoch:209 - test 7 cost time 8.43s, result: {'hit@1': 0.0336, 'ndcg@1': 0.0336, 'hit@5': 0.1008, 'ndcg@5': 0.0662, 'hit@10': 0.144, 'ndcg@10': 0.0797, 'hit@15': 0.1751, 'ndcg@15': 0.0876, 'hit@20': 0.201, 'ndcg@20': 0.0935, 'hit@40': 0.2653, 'ndcg@40': 0.1064} 
2024-10-15 16:21:55.860 | INFO     | trainer_1:_train_one_epoch:193 - epoch 8 19.17s Train loss is [1.2234] 
2024-10-15 16:22:12.957 | INFO     | trainer_1:_train_one_epoch:201 - validate 8 cost time 17.10s, result: {'hit@1': 0.0606, 'ndcg@1': 0.0606, 'hit@5': 0.1723, 'ndcg@5': 0.088, 'hit@10': 0.2363, 'ndcg@10': 0.1045, 'hit@15': 0.2799, 'ndcg@15': 0.1139, 'hit@20': 0.3117, 'ndcg@20': 0.1203, 'hit@40': 0.3958, 'ndcg@40': 0.1352} 
2024-10-15 16:22:22.476 | INFO     | trainer_1:_train_one_epoch:209 - test 8 cost time 9.52s, result: {'hit@1': 0.0348, 'ndcg@1': 0.0348, 'hit@5': 0.1017, 'ndcg@5': 0.0674, 'hit@10': 0.1462, 'ndcg@10': 0.0813, 'hit@15': 0.1759, 'ndcg@15': 0.0888, 'hit@20': 0.2003, 'ndcg@20': 0.0944, 'hit@40': 0.2643, 'ndcg@40': 0.1072} 
2024-10-15 16:22:53.233 | INFO     | trainer_1:_train_one_epoch:193 - epoch 9 18.58s Train loss is [1.2121] 
2024-10-15 16:23:04.665 | INFO     | trainer_1:_train_one_epoch:201 - validate 9 cost time 11.43s, result: {'hit@1': 0.0602, 'ndcg@1': 0.0602, 'hit@5': 0.1709, 'ndcg@5': 0.0873, 'hit@10': 0.2367, 'ndcg@10': 0.1042, 'hit@15': 0.2803, 'ndcg@15': 0.1137, 'hit@20': 0.3115, 'ndcg@20': 0.12, 'hit@40': 0.396, 'ndcg@40': 0.1348} 
2024-10-15 16:23:11.747 | INFO     | trainer_1:_train_one_epoch:209 - test 9 cost time 7.08s, result: {'hit@1': 0.0348, 'ndcg@1': 0.0348, 'hit@5': 0.1041, 'ndcg@5': 0.0686, 'hit@10': 0.1481, 'ndcg@10': 0.0824, 'hit@15': 0.1787, 'ndcg@15': 0.0902, 'hit@20': 0.2031, 'ndcg@20': 0.0958, 'hit@40': 0.2655, 'ndcg@40': 0.1083} 
2024-10-15 16:23:39.847 | INFO     | trainer_1:_train_one_epoch:193 - epoch 10 17.66s Train loss is [1.2088] 
2024-10-15 16:23:53.402 | INFO     | trainer_1:_train_one_epoch:201 - validate 10 cost time 13.56s, result: {'hit@1': 0.062, 'ndcg@1': 0.062, 'hit@5': 0.1723, 'ndcg@5': 0.0887, 'hit@10': 0.238, 'ndcg@10': 0.1055, 'hit@15': 0.2814, 'ndcg@15': 0.1148, 'hit@20': 0.3139, 'ndcg@20': 0.1212, 'hit@40': 0.3988, 'ndcg@40': 0.1362} 
2024-10-15 16:24:04.763 | INFO     | trainer_1:_train_one_epoch:209 - test 10 cost time 11.36s, result: {'hit@1': 0.0345, 'ndcg@1': 0.0345, 'hit@5': 0.1037, 'ndcg@5': 0.0683, 'hit@10': 0.1485, 'ndcg@10': 0.0823, 'hit@15': 0.1803, 'ndcg@15': 0.0904, 'hit@20': 0.2047, 'ndcg@20': 0.096, 'hit@40': 0.2685, 'ndcg@40': 0.1088} 
2024-10-15 16:24:32.405 | INFO     | trainer_1:_train_one_epoch:193 - epoch 11 17.57s Train loss is [1.2058] 
2024-10-15 16:24:43.360 | INFO     | trainer_1:_train_one_epoch:201 - validate 11 cost time 10.95s, result: {'hit@1': 0.0601, 'ndcg@1': 0.0601, 'hit@5': 0.174, 'ndcg@5': 0.0885, 'hit@10': 0.2388, 'ndcg@10': 0.1051, 'hit@15': 0.285, 'ndcg@15': 0.1152, 'hit@20': 0.3172, 'ndcg@20': 0.1215, 'hit@40': 0.4039, 'ndcg@40': 0.1368} 
2024-10-15 16:24:55.025 | INFO     | trainer_1:_train_one_epoch:209 - test 11 cost time 11.67s, result: {'hit@1': 0.0348, 'ndcg@1': 0.0348, 'hit@5': 0.1047, 'ndcg@5': 0.0687, 'hit@10': 0.1493, 'ndcg@10': 0.0825, 'hit@15': 0.1815, 'ndcg@15': 0.0908, 'hit@20': 0.2064, 'ndcg@20': 0.0965, 'hit@40': 0.2687, 'ndcg@40': 0.109} 
2024-10-15 16:25:25.469 | INFO     | trainer_1:_train_one_epoch:193 - epoch 12 18.04s Train loss is [1.1951] 
2024-10-15 16:25:41.226 | INFO     | trainer_1:_train_one_epoch:201 - validate 12 cost time 15.76s, result: {'hit@1': 0.0597, 'ndcg@1': 0.0597, 'hit@5': 0.1749, 'ndcg@5': 0.0887, 'hit@10': 0.2421, 'ndcg@10': 0.1059, 'hit@15': 0.2851, 'ndcg@15': 0.1153, 'hit@20': 0.3183, 'ndcg@20': 0.122, 'hit@40': 0.4049, 'ndcg@40': 0.1373} 
2024-10-15 16:25:51.174 | INFO     | trainer_1:_train_one_epoch:209 - test 12 cost time 9.95s, result: {'hit@1': 0.0344, 'ndcg@1': 0.0344, 'hit@5': 0.1039, 'ndcg@5': 0.0682, 'hit@10': 0.1485, 'ndcg@10': 0.0822, 'hit@15': 0.1813, 'ndcg@15': 0.0906, 'hit@20': 0.2061, 'ndcg@20': 0.0963, 'hit@40': 0.2721, 'ndcg@40': 0.1095} 
2024-10-15 16:26:09.320 | INFO     | trainer_1:_train_one_epoch:193 - epoch 13 18.15s Train loss is [1.1933] 
2024-10-15 16:26:24.805 | INFO     | trainer_1:_train_one_epoch:201 - validate 13 cost time 15.48s, result: {'hit@1': 0.06, 'ndcg@1': 0.06, 'hit@5': 0.1754, 'ndcg@5': 0.0893, 'hit@10': 0.2421, 'ndcg@10': 0.1063, 'hit@15': 0.2858, 'ndcg@15': 0.1159, 'hit@20': 0.3201, 'ndcg@20': 0.1227, 'hit@40': 0.4083, 'ndcg@40': 0.1384} 
2024-10-15 16:26:34.030 | INFO     | trainer_1:_train_one_epoch:209 - test 13 cost time 9.22s, result: {'hit@1': 0.0343, 'ndcg@1': 0.0343, 'hit@5': 0.1048, 'ndcg@5': 0.0684, 'hit@10': 0.1494, 'ndcg@10': 0.0824, 'hit@15': 0.1805, 'ndcg@15': 0.0905, 'hit@20': 0.2057, 'ndcg@20': 0.0963, 'hit@40': 0.2723, 'ndcg@40': 0.1096} 
2024-10-15 16:27:04.039 | INFO     | trainer_1:_train_one_epoch:193 - epoch 14 19.04s Train loss is [1.1914] 
2024-10-15 16:27:19.399 | INFO     | trainer_1:_train_one_epoch:201 - validate 14 cost time 15.36s, result: {'hit@1': 0.0595, 'ndcg@1': 0.0595, 'hit@5': 0.1732, 'ndcg@5': 0.0879, 'hit@10': 0.2414, 'ndcg@10': 0.1054, 'hit@15': 0.2861, 'ndcg@15': 0.1152, 'hit@20': 0.3179, 'ndcg@20': 0.1216, 'hit@40': 0.4041, 'ndcg@40': 0.1369} 
2024-10-15 16:27:32.069 | INFO     | trainer_1:_train_one_epoch:209 - test 14 cost time 12.67s, result: {'hit@1': 0.0331, 'ndcg@1': 0.0331, 'hit@5': 0.1051, 'ndcg@5': 0.0682, 'hit@10': 0.1507, 'ndcg@10': 0.0825, 'hit@15': 0.1817, 'ndcg@15': 0.0905, 'hit@20': 0.2055, 'ndcg@20': 0.096, 'hit@40': 0.272, 'ndcg@40': 0.1092} 
2024-10-15 16:27:59.043 | INFO     | trainer_1:_train_one_epoch:193 - epoch 15 17.73s Train loss is [1.1837] 
2024-10-15 16:28:15.548 | INFO     | trainer_1:_train_one_epoch:201 - validate 15 cost time 16.50s, result: {'hit@1': 0.0588, 'ndcg@1': 0.0588, 'hit@5': 0.1757, 'ndcg@5': 0.0886, 'hit@10': 0.2427, 'ndcg@10': 0.106, 'hit@15': 0.286, 'ndcg@15': 0.1154, 'hit@20': 0.3211, 'ndcg@20': 0.1223, 'hit@40': 0.4066, 'ndcg@40': 0.1375} 
2024-10-15 16:28:26.537 | INFO     | trainer_1:_train_one_epoch:209 - test 15 cost time 10.99s, result: {'hit@1': 0.035, 'ndcg@1': 0.035, 'hit@5': 0.1054, 'ndcg@5': 0.0693, 'hit@10': 0.1517, 'ndcg@10': 0.0838, 'hit@15': 0.1837, 'ndcg@15': 0.0921, 'hit@20': 0.2076, 'ndcg@20': 0.0976, 'hit@40': 0.2746, 'ndcg@40': 0.1109} 
2024-10-15 16:28:57.369 | INFO     | trainer_1:_train_one_epoch:193 - epoch 16 20.53s Train loss is [1.1843] 
2024-10-15 16:29:11.387 | INFO     | trainer_1:_train_one_epoch:201 - validate 16 cost time 14.02s, result: {'hit@1': 0.0594, 'ndcg@1': 0.0594, 'hit@5': 0.1736, 'ndcg@5': 0.0881, 'hit@10': 0.2435, 'ndcg@10': 0.1062, 'hit@15': 0.2873, 'ndcg@15': 0.1157, 'hit@20': 0.3214, 'ndcg@20': 0.1225, 'hit@40': 0.4069, 'ndcg@40': 0.1377} 
2024-10-15 16:29:22.063 | INFO     | trainer_1:_train_one_epoch:209 - test 16 cost time 10.67s, result: {'hit@1': 0.0357, 'ndcg@1': 0.0357, 'hit@5': 0.1056, 'ndcg@5': 0.0696, 'hit@10': 0.1507, 'ndcg@10': 0.0837, 'hit@15': 0.1826, 'ndcg@15': 0.0919, 'hit@20': 0.2062, 'ndcg@20': 0.0973, 'hit@40': 0.2737, 'ndcg@40': 0.1108} 
2024-10-15 16:29:41.227 | INFO     | trainer_1:_train_one_epoch:193 - epoch 17 19.16s Train loss is [1.1820] 
2024-10-15 16:29:56.371 | INFO     | trainer_1:_train_one_epoch:201 - validate 17 cost time 15.14s, result: {'hit@1': 0.0599, 'ndcg@1': 0.0599, 'hit@5': 0.1746, 'ndcg@5': 0.0884, 'hit@10': 0.2429, 'ndcg@10': 0.106, 'hit@15': 0.2884, 'ndcg@15': 0.116, 'hit@20': 0.3222, 'ndcg@20': 0.1226, 'hit@40': 0.4079, 'ndcg@40': 0.138} 
2024-10-15 16:30:08.942 | INFO     | trainer_1:_train_one_epoch:209 - test 17 cost time 12.57s, result: {'hit@1': 0.0361, 'ndcg@1': 0.0361, 'hit@5': 0.1055, 'ndcg@5': 0.0695, 'hit@10': 0.1523, 'ndcg@10': 0.0843, 'hit@15': 0.1835, 'ndcg@15': 0.0923, 'hit@20': 0.2073, 'ndcg@20': 0.0977, 'hit@40': 0.2737, 'ndcg@40': 0.111} 
2024-10-15 16:30:41.771 | INFO     | trainer_1:_train_one_epoch:193 - epoch 18 20.99s Train loss is [1.1740] 
2024-10-15 16:31:01.086 | INFO     | trainer_1:_train_one_epoch:201 - validate 18 cost time 19.31s, result: {'hit@1': 0.0606, 'ndcg@1': 0.0606, 'hit@5': 0.1741, 'ndcg@5': 0.0885, 'hit@10': 0.2431, 'ndcg@10': 0.1063, 'hit@15': 0.2893, 'ndcg@15': 0.1162, 'hit@20': 0.3225, 'ndcg@20': 0.1229, 'hit@40': 0.4102, 'ndcg@40': 0.1386} 
2024-10-15 16:31:12.835 | INFO     | trainer_1:_train_one_epoch:209 - test 18 cost time 11.75s, result: {'hit@1': 0.0346, 'ndcg@1': 0.0346, 'hit@5': 0.1071, 'ndcg@5': 0.0699, 'hit@10': 0.1525, 'ndcg@10': 0.0841, 'hit@15': 0.1843, 'ndcg@15': 0.0923, 'hit@20': 0.2088, 'ndcg@20': 0.0979, 'hit@40': 0.2749, 'ndcg@40': 0.111} 
2024-10-15 16:31:43.367 | INFO     | trainer_1:_train_one_epoch:193 - epoch 19 19.81s Train loss is [1.1744] 
2024-10-15 16:31:56.772 | INFO     | trainer_1:_train_one_epoch:201 - validate 19 cost time 13.40s, result: {'hit@1': 0.0614, 'ndcg@1': 0.0614, 'hit@5': 0.1762, 'ndcg@5': 0.0896, 'hit@10': 0.2457, 'ndcg@10': 0.1075, 'hit@15': 0.2904, 'ndcg@15': 0.1173, 'hit@20': 0.3234, 'ndcg@20': 0.124, 'hit@40': 0.4104, 'ndcg@40': 0.1394} 
2024-10-15 16:32:05.733 | INFO     | trainer_1:_train_one_epoch:209 - test 19 cost time 8.96s, result: {'hit@1': 0.0348, 'ndcg@1': 0.0348, 'hit@5': 0.1069, 'ndcg@5': 0.0696, 'hit@10': 0.1534, 'ndcg@10': 0.0842, 'hit@15': 0.1854, 'ndcg@15': 0.0924, 'hit@20': 0.2101, 'ndcg@20': 0.0981, 'hit@40': 0.2756, 'ndcg@40': 0.1112} 
2024-10-15 16:32:40.375 | INFO     | trainer_1:_train_one_epoch:193 - epoch 20 19.96s Train loss is [1.1687] 
2024-10-15 16:33:00.076 | INFO     | trainer_1:_train_one_epoch:201 - validate 20 cost time 19.70s, result: {'hit@1': 0.0604, 'ndcg@1': 0.0604, 'hit@5': 0.1756, 'ndcg@5': 0.0889, 'hit@10': 0.2459, 'ndcg@10': 0.107, 'hit@15': 0.2908, 'ndcg@15': 0.1168, 'hit@20': 0.3242, 'ndcg@20': 0.1235, 'hit@40': 0.4113, 'ndcg@40': 0.1392} 
2024-10-15 16:33:13.856 | INFO     | trainer_1:_train_one_epoch:209 - test 20 cost time 13.78s, result: {'hit@1': 0.0346, 'ndcg@1': 0.0346, 'hit@5': 0.1058, 'ndcg@5': 0.0693, 'hit@10': 0.1537, 'ndcg@10': 0.0844, 'hit@15': 0.1839, 'ndcg@15': 0.0922, 'hit@20': 0.2085, 'ndcg@20': 0.0979, 'hit@40': 0.2764, 'ndcg@40': 0.1114} 
2024-10-15 16:33:37.928 | INFO     | trainer_1:_train_one_epoch:193 - epoch 21 13.58s Train loss is [1.1725] 
2024-10-15 16:33:58.871 | INFO     | trainer_1:_train_one_epoch:201 - validate 21 cost time 20.94s, result: {'hit@1': 0.0601, 'ndcg@1': 0.0601, 'hit@5': 0.1768, 'ndcg@5': 0.0895, 'hit@10': 0.2446, 'ndcg@10': 0.1069, 'hit@15': 0.2919, 'ndcg@15': 0.1171, 'hit@20': 0.3242, 'ndcg@20': 0.1235, 'hit@40': 0.4132, 'ndcg@40': 0.1394} 
2024-10-15 16:34:12.831 | INFO     | trainer_1:_train_one_epoch:209 - test 21 cost time 13.96s, result: {'hit@1': 0.0356, 'ndcg@1': 0.0356, 'hit@5': 0.1049, 'ndcg@5': 0.0694, 'hit@10': 0.1521, 'ndcg@10': 0.0841, 'hit@15': 0.1839, 'ndcg@15': 0.0922, 'hit@20': 0.2093, 'ndcg@20': 0.0981, 'hit@40': 0.2764, 'ndcg@40': 0.1115} 
2024-10-15 16:34:26.611 | INFO     | trainer_1:_train_one_epoch:193 - epoch 22 13.78s Train loss is [1.1656] 
2024-10-15 16:34:45.527 | INFO     | trainer_1:_train_one_epoch:201 - validate 22 cost time 18.92s, result: {'hit@1': 0.0592, 'ndcg@1': 0.0592, 'hit@5': 0.1749, 'ndcg@5': 0.0889, 'hit@10': 0.2431, 'ndcg@10': 0.1064, 'hit@15': 0.2894, 'ndcg@15': 0.1165, 'hit@20': 0.3245, 'ndcg@20': 0.1234, 'hit@40': 0.4112, 'ndcg@40': 0.1391} 
2024-10-15 16:34:59.967 | INFO     | trainer_1:_train_one_epoch:209 - test 22 cost time 14.44s, result: {'hit@1': 0.0361, 'ndcg@1': 0.0361, 'hit@5': 0.1055, 'ndcg@5': 0.0698, 'hit@10': 0.1547, 'ndcg@10': 0.0852, 'hit@15': 0.1865, 'ndcg@15': 0.0933, 'hit@20': 0.2109, 'ndcg@20': 0.099, 'hit@40': 0.2768, 'ndcg@40': 0.1122} 
2024-10-15 16:35:27.628 | INFO     | trainer_1:_train_one_epoch:193 - epoch 23 15.64s Train loss is [1.1635] 
2024-10-15 16:35:46.535 | INFO     | trainer_1:_train_one_epoch:201 - validate 23 cost time 18.91s, result: {'hit@1': 0.0609, 'ndcg@1': 0.0609, 'hit@5': 0.1759, 'ndcg@5': 0.0895, 'hit@10': 0.244, 'ndcg@10': 0.1069, 'hit@15': 0.2879, 'ndcg@15': 0.1165, 'hit@20': 0.3223, 'ndcg@20': 0.1235, 'hit@40': 0.4101, 'ndcg@40': 0.1393} 
2024-10-15 16:36:00.012 | INFO     | trainer_1:_train_one_epoch:209 - test 23 cost time 13.48s, result: {'hit@1': 0.035, 'ndcg@1': 0.035, 'hit@5': 0.1073, 'ndcg@5': 0.0702, 'hit@10': 0.1525, 'ndcg@10': 0.0843, 'hit@15': 0.1843, 'ndcg@15': 0.0925, 'hit@20': 0.2094, 'ndcg@20': 0.0983, 'hit@40': 0.2749, 'ndcg@40': 0.1114} 
2024-10-15 16:36:13.892 | INFO     | trainer_1:_train_one_epoch:193 - epoch 24 13.88s Train loss is [1.1630] 
2024-10-15 16:36:33.300 | INFO     | trainer_1:_train_one_epoch:201 - validate 24 cost time 19.41s, result: {'hit@1': 0.0605, 'ndcg@1': 0.0605, 'hit@5': 0.1757, 'ndcg@5': 0.0891, 'hit@10': 0.2447, 'ndcg@10': 0.1068, 'hit@15': 0.2885, 'ndcg@15': 0.1164, 'hit@20': 0.3234, 'ndcg@20': 0.1234, 'hit@40': 0.4106, 'ndcg@40': 0.139} 
2024-10-15 16:36:46.783 | INFO     | trainer_1:_train_one_epoch:209 - test 24 cost time 13.48s, result: {'hit@1': 0.0351, 'ndcg@1': 0.0351, 'hit@5': 0.1078, 'ndcg@5': 0.0704, 'hit@10': 0.1537, 'ndcg@10': 0.0848, 'hit@15': 0.1869, 'ndcg@15': 0.0933, 'hit@20': 0.212, 'ndcg@20': 0.0992, 'hit@40': 0.2802, 'ndcg@40': 0.1128} 
2024-10-15 16:37:03.668 | INFO     | trainer_1:_train_one_epoch:193 - epoch 25 16.88s Train loss is [1.1701] 
2024-10-15 16:37:23.086 | INFO     | trainer_1:_train_one_epoch:201 - validate 25 cost time 19.42s, result: {'hit@1': 0.0601, 'ndcg@1': 0.0601, 'hit@5': 0.1733, 'ndcg@5': 0.0881, 'hit@10': 0.2412, 'ndcg@10': 0.1057, 'hit@15': 0.2876, 'ndcg@15': 0.1157, 'hit@20': 0.3222, 'ndcg@20': 0.1227, 'hit@40': 0.4121, 'ndcg@40': 0.1387} 
2024-10-15 16:37:39.572 | INFO     | trainer_1:_train_one_epoch:209 - test 25 cost time 16.49s, result: {'hit@1': 0.0348, 'ndcg@1': 0.0348, 'hit@5': 0.1071, 'ndcg@5': 0.0699, 'hit@10': 0.1532, 'ndcg@10': 0.0845, 'hit@15': 0.1858, 'ndcg@15': 0.0929, 'hit@20': 0.2108, 'ndcg@20': 0.0987, 'hit@40': 0.2764, 'ndcg@40': 0.1119} 
2024-10-15 16:37:54.271 | INFO     | trainer_1:_train_one_epoch:193 - epoch 26 14.70s Train loss is [1.1655] 
2024-10-15 16:38:13.291 | INFO     | trainer_1:_train_one_epoch:201 - validate 26 cost time 19.02s, result: {'hit@1': 0.0601, 'ndcg@1': 0.0601, 'hit@5': 0.1752, 'ndcg@5': 0.0888, 'hit@10': 0.2446, 'ndcg@10': 0.1066, 'hit@15': 0.2921, 'ndcg@15': 0.117, 'hit@20': 0.3259, 'ndcg@20': 0.1236, 'hit@40': 0.4126, 'ndcg@40': 0.1392} 
2024-10-15 16:38:26.738 | INFO     | trainer_1:_train_one_epoch:209 - test 26 cost time 13.45s, result: {'hit@1': 0.0338, 'ndcg@1': 0.0338, 'hit@5': 0.1067, 'ndcg@5': 0.0692, 'hit@10': 0.1542, 'ndcg@10': 0.084, 'hit@15': 0.185, 'ndcg@15': 0.092, 'hit@20': 0.2103, 'ndcg@20': 0.0978, 'hit@40': 0.2788, 'ndcg@40': 0.1115} 
2024-10-15 16:38:40.745 | INFO     | trainer_1:_train_one_epoch:193 - epoch 27 14.01s Train loss is [1.1703] 
2024-10-15 16:39:01.391 | INFO     | trainer_1:_train_one_epoch:201 - validate 27 cost time 20.65s, result: {'hit@1': 0.0602, 'ndcg@1': 0.0602, 'hit@5': 0.1742, 'ndcg@5': 0.0887, 'hit@10': 0.2443, 'ndcg@10': 0.1066, 'hit@15': 0.2913, 'ndcg@15': 0.1166, 'hit@20': 0.3251, 'ndcg@20': 0.1235, 'hit@40': 0.4124, 'ndcg@40': 0.1391} 
2024-10-15 16:39:15.236 | INFO     | trainer_1:_train_one_epoch:209 - test 27 cost time 13.84s, result: {'hit@1': 0.0339, 'ndcg@1': 0.0339, 'hit@5': 0.1071, 'ndcg@5': 0.0694, 'hit@10': 0.1534, 'ndcg@10': 0.0838, 'hit@15': 0.1858, 'ndcg@15': 0.0922, 'hit@20': 0.2104, 'ndcg@20': 0.0978, 'hit@40': 0.2779, 'ndcg@40': 0.1113} 
2024-10-15 16:39:15.255 | INFO     | trainer_1:train_model:163 - training end, best iteration 22, results: {'hit@1': 0.0592, 'ndcg@1': 0.0592, 'hit@5': 0.1749, 'ndcg@5': 0.0889, 'hit@10': 0.2431, 'ndcg@10': 0.1064, 'hit@15': 0.2894, 'ndcg@15': 0.1165, 'hit@20': 0.3245, 'ndcg@20': 0.1234, 'hit@40': 0.4112, 'ndcg@40': 0.1391}
2024-10-15 16:39:15.256 | INFO     | trainer_1:train_model:166 - final test result is:  {'hit@1': 0.0361, 'ndcg@1': 0.0361, 'hit@5': 0.1055, 'ndcg@5': 0.0698, 'hit@10': 0.1547, 'ndcg@10': 0.0852, 'hit@15': 0.1865, 'ndcg@15': 0.0933, 'hit@20': 0.2109, 'ndcg@20': 0.099, 'hit@40': 0.2768, 'ndcg@40': 0.1122}
2024-10-15 16:39:15.516 | INFO     | __main__:<module>:119 - train end total cost time: 2360.8068840503693
