2024-10-15 15:34:51.634 | INFO     | __main__:<module>:105 - Namespace(TIME='2024-10-15 15_34_13', batch_size=1024, behaviors=['click', 'collect', 'cart', 'buy'], check_point='model_pre_1_2024-10-15 14_50_55.pth', data_name='tmall', data_path='./data/Tmall', decay=0.001, device='cuda:1', dim_qk=32, dim_v=64, distill_layers=2, distill_thres=0.5, distill_topK=60, distill_userK=2, embedding_size=64, epochs=100, gpu_no=1, if_load_model=True, ii_lambda=200, initializer_range=0.02, layers=2, loss_type='bpr', lr=0.0005, message_dropout=0.25, metrics=['hit', 'ndcg'], min_epoch=5, model_name='main_1_zz', model_path='./check_point', node_dropout=0.75, omega=1, pt_loop=50, reg_weight=0.001, test_batch_size=1024, testbatch=1024, topk=[1, 5, 10, 15, 20, 40], uu_lambda=100)
2024-10-15 15:34:51.635 | INFO     | __main__:<module>:106 - BIPN(
  (message_dropout): Dropout(p=0.25, inplace=False)
  (user_embedding): Embedding(41739, 64, padding_idx=0)
  (item_embedding): Embedding(11954, 64, padding_idx=0)
  (global_Graph): LightGCN()
  (Graph_encoder): ModuleDict(
    (click): GraphEncoder(
      (light): LightGCN()
      (dropout): Dropout(p=0.75, inplace=False)
    )
    (collect): GraphEncoder(
      (light): LightGCN()
      (dropout): Dropout(p=0.75, inplace=False)
    )
    (cart): GraphEncoder(
      (light): LightGCN()
      (dropout): Dropout(p=0.75, inplace=False)
    )
    (buy): GraphEncoder(
      (light): LightGCN()
      (dropout): Dropout(p=0.75, inplace=False)
    )
  )
  (attention): Mutual_Attention()
  (bpr_loss): BPRLoss()
  (emb_loss): EmbLoss()
  (f): Sigmoid()
)
2024-10-15 15:41:34.868 | INFO     | trainer_1:_train_one_epoch:193 - epoch 1 9.02s Train loss is [1.4643] 
2024-10-15 15:41:49.244 | INFO     | trainer_1:_train_one_epoch:201 - validate 1 cost time 14.38s, result: {'hit@1': 0.0502, 'ndcg@1': 0.0502, 'hit@5': 0.1365, 'ndcg@5': 0.0709, 'hit@10': 0.1889, 'ndcg@10': 0.0841, 'hit@15': 0.2249, 'ndcg@15': 0.0915, 'hit@20': 0.2519, 'ndcg@20': 0.0967, 'hit@40': 0.3298, 'ndcg@40': 0.1099} 
2024-10-15 15:42:00.342 | INFO     | trainer_1:_train_one_epoch:209 - test 1 cost time 11.10s, result: {'hit@1': 0.0268, 'ndcg@1': 0.0268, 'hit@5': 0.0786, 'ndcg@5': 0.0517, 'hit@10': 0.115, 'ndcg@10': 0.063, 'hit@15': 0.1389, 'ndcg@15': 0.0692, 'hit@20': 0.1579, 'ndcg@20': 0.0736, 'hit@40': 0.2124, 'ndcg@40': 0.0844} 
2024-10-15 15:42:18.714 | INFO     | trainer_1:_train_one_epoch:193 - epoch 2 9.68s Train loss is [1.3172] 
2024-10-15 15:42:32.205 | INFO     | trainer_1:_train_one_epoch:201 - validate 2 cost time 13.49s, result: {'hit@1': 0.0548, 'ndcg@1': 0.0548, 'hit@5': 0.1497, 'ndcg@5': 0.0774, 'hit@10': 0.2088, 'ndcg@10': 0.0925, 'hit@15': 0.2487, 'ndcg@15': 0.1009, 'hit@20': 0.2796, 'ndcg@20': 0.1069, 'hit@40': 0.3557, 'ndcg@40': 0.12} 
2024-10-15 15:42:39.000 | INFO     | trainer_1:_train_one_epoch:209 - test 2 cost time 6.79s, result: {'hit@1': 0.0301, 'ndcg@1': 0.0301, 'hit@5': 0.0898, 'ndcg@5': 0.059, 'hit@10': 0.1292, 'ndcg@10': 0.0713, 'hit@15': 0.1556, 'ndcg@15': 0.078, 'hit@20': 0.1765, 'ndcg@20': 0.0828, 'hit@40': 0.2352, 'ndcg@40': 0.0946} 
2024-10-15 15:42:57.621 | INFO     | trainer_1:_train_one_epoch:193 - epoch 3 10.39s Train loss is [1.2787] 
2024-10-15 15:43:10.705 | INFO     | trainer_1:_train_one_epoch:201 - validate 3 cost time 13.08s, result: {'hit@1': 0.0583, 'ndcg@1': 0.0583, 'hit@5': 0.1595, 'ndcg@5': 0.0827, 'hit@10': 0.2206, 'ndcg@10': 0.0983, 'hit@15': 0.2603, 'ndcg@15': 0.1066, 'hit@20': 0.2906, 'ndcg@20': 0.1126, 'hit@40': 0.3709, 'ndcg@40': 0.1267} 
2024-10-15 15:43:17.844 | INFO     | trainer_1:_train_one_epoch:209 - test 3 cost time 7.14s, result: {'hit@1': 0.0319, 'ndcg@1': 0.0319, 'hit@5': 0.0951, 'ndcg@5': 0.0625, 'hit@10': 0.137, 'ndcg@10': 0.0755, 'hit@15': 0.1639, 'ndcg@15': 0.0824, 'hit@20': 0.1867, 'ndcg@20': 0.0877, 'hit@40': 0.2456, 'ndcg@40': 0.0995} 
2024-10-15 15:43:36.866 | INFO     | trainer_1:_train_one_epoch:193 - epoch 4 10.17s Train loss is [1.2577] 
2024-10-15 15:43:50.738 | INFO     | trainer_1:_train_one_epoch:201 - validate 4 cost time 13.87s, result: {'hit@1': 0.0604, 'ndcg@1': 0.0604, 'hit@5': 0.163, 'ndcg@5': 0.0852, 'hit@10': 0.2248, 'ndcg@10': 0.1011, 'hit@15': 0.2645, 'ndcg@15': 0.1097, 'hit@20': 0.2952, 'ndcg@20': 0.1157, 'hit@40': 0.3763, 'ndcg@40': 0.1298} 
2024-10-15 15:44:01.731 | INFO     | trainer_1:_train_one_epoch:209 - test 4 cost time 10.99s, result: {'hit@1': 0.0326, 'ndcg@1': 0.0326, 'hit@5': 0.0962, 'ndcg@5': 0.0632, 'hit@10': 0.1368, 'ndcg@10': 0.0758, 'hit@15': 0.1664, 'ndcg@15': 0.0835, 'hit@20': 0.1881, 'ndcg@20': 0.0885, 'hit@40': 0.2484, 'ndcg@40': 0.1006} 
2024-10-15 15:44:11.628 | INFO     | trainer_1:_train_one_epoch:193 - epoch 5 9.90s Train loss is [1.2366] 
2024-10-15 15:44:25.831 | INFO     | trainer_1:_train_one_epoch:201 - validate 5 cost time 14.20s, result: {'hit@1': 0.0601, 'ndcg@1': 0.0601, 'hit@5': 0.1677, 'ndcg@5': 0.0862, 'hit@10': 0.2309, 'ndcg@10': 0.1025, 'hit@15': 0.2709, 'ndcg@15': 0.1112, 'hit@20': 0.3007, 'ndcg@20': 0.1173, 'hit@40': 0.3826, 'ndcg@40': 0.1318} 
2024-10-15 15:44:37.047 | INFO     | trainer_1:_train_one_epoch:209 - test 5 cost time 11.21s, result: {'hit@1': 0.0332, 'ndcg@1': 0.0332, 'hit@5': 0.0974, 'ndcg@5': 0.0643, 'hit@10': 0.1411, 'ndcg@10': 0.0779, 'hit@15': 0.171, 'ndcg@15': 0.0856, 'hit@20': 0.1936, 'ndcg@20': 0.0907, 'hit@40': 0.2574, 'ndcg@40': 0.1036} 
2024-10-15 15:44:58.690 | INFO     | trainer_1:_train_one_epoch:193 - epoch 6 10.71s Train loss is [1.2277] 
2024-10-15 15:45:11.356 | INFO     | trainer_1:_train_one_epoch:201 - validate 6 cost time 12.66s, result: {'hit@1': 0.0612, 'ndcg@1': 0.0612, 'hit@5': 0.1687, 'ndcg@5': 0.0871, 'hit@10': 0.2308, 'ndcg@10': 0.1032, 'hit@15': 0.2726, 'ndcg@15': 0.1123, 'hit@20': 0.3034, 'ndcg@20': 0.1184, 'hit@40': 0.3863, 'ndcg@40': 0.1327} 
2024-10-15 15:45:18.195 | INFO     | trainer_1:_train_one_epoch:209 - test 6 cost time 6.84s, result: {'hit@1': 0.0331, 'ndcg@1': 0.0331, 'hit@5': 0.0979, 'ndcg@5': 0.0646, 'hit@10': 0.1411, 'ndcg@10': 0.0781, 'hit@15': 0.1716, 'ndcg@15': 0.086, 'hit@20': 0.1951, 'ndcg@20': 0.0913, 'hit@40': 0.2568, 'ndcg@40': 0.1037} 
2024-10-15 15:45:27.825 | INFO     | trainer_1:_train_one_epoch:193 - epoch 7 9.63s Train loss is [1.2236] 
2024-10-15 15:45:41.293 | INFO     | trainer_1:_train_one_epoch:201 - validate 7 cost time 13.47s, result: {'hit@1': 0.0603, 'ndcg@1': 0.0603, 'hit@5': 0.1683, 'ndcg@5': 0.0867, 'hit@10': 0.2317, 'ndcg@10': 0.1033, 'hit@15': 0.2757, 'ndcg@15': 0.1127, 'hit@20': 0.3078, 'ndcg@20': 0.1191, 'hit@40': 0.3905, 'ndcg@40': 0.1337} 
2024-10-15 15:45:48.139 | INFO     | trainer_1:_train_one_epoch:209 - test 7 cost time 6.84s, result: {'hit@1': 0.0334, 'ndcg@1': 0.0334, 'hit@5': 0.0998, 'ndcg@5': 0.0655, 'hit@10': 0.1419, 'ndcg@10': 0.0787, 'hit@15': 0.175, 'ndcg@15': 0.0871, 'hit@20': 0.1983, 'ndcg@20': 0.0925, 'hit@40': 0.261, 'ndcg@40': 0.105} 
2024-10-15 15:46:06.054 | INFO     | trainer_1:_train_one_epoch:193 - epoch 8 9.18s Train loss is [1.2157] 
2024-10-15 15:46:17.470 | INFO     | trainer_1:_train_one_epoch:201 - validate 8 cost time 11.42s, result: {'hit@1': 0.061, 'ndcg@1': 0.061, 'hit@5': 0.1721, 'ndcg@5': 0.0882, 'hit@10': 0.2367, 'ndcg@10': 0.105, 'hit@15': 0.2785, 'ndcg@15': 0.1141, 'hit@20': 0.3115, 'ndcg@20': 0.1206, 'hit@40': 0.3941, 'ndcg@40': 0.1352} 
2024-10-15 15:46:24.589 | INFO     | trainer_1:_train_one_epoch:209 - test 8 cost time 7.12s, result: {'hit@1': 0.0346, 'ndcg@1': 0.0346, 'hit@5': 0.1019, 'ndcg@5': 0.0673, 'hit@10': 0.1459, 'ndcg@10': 0.0811, 'hit@15': 0.1754, 'ndcg@15': 0.0886, 'hit@20': 0.2012, 'ndcg@20': 0.0945, 'hit@40': 0.2626, 'ndcg@40': 0.1068} 
2024-10-15 15:46:42.605 | INFO     | trainer_1:_train_one_epoch:193 - epoch 9 9.60s Train loss is [1.2052] 
2024-10-15 15:46:56.406 | INFO     | trainer_1:_train_one_epoch:201 - validate 9 cost time 13.80s, result: {'hit@1': 0.0616, 'ndcg@1': 0.0616, 'hit@5': 0.1715, 'ndcg@5': 0.0882, 'hit@10': 0.2372, 'ndcg@10': 0.1051, 'hit@15': 0.2804, 'ndcg@15': 0.1145, 'hit@20': 0.3108, 'ndcg@20': 0.1206, 'hit@40': 0.3956, 'ndcg@40': 0.1354} 
2024-10-15 15:47:07.213 | INFO     | trainer_1:_train_one_epoch:209 - test 9 cost time 10.81s, result: {'hit@1': 0.0345, 'ndcg@1': 0.0345, 'hit@5': 0.1023, 'ndcg@5': 0.0674, 'hit@10': 0.1462, 'ndcg@10': 0.0811, 'hit@15': 0.1763, 'ndcg@15': 0.0888, 'hit@20': 0.2009, 'ndcg@20': 0.0944, 'hit@40': 0.2654, 'ndcg@40': 0.1072} 
2024-10-15 15:47:28.584 | INFO     | trainer_1:_train_one_epoch:193 - epoch 10 12.45s Train loss is [1.2037] 
2024-10-15 15:47:42.099 | INFO     | trainer_1:_train_one_epoch:201 - validate 10 cost time 13.51s, result: {'hit@1': 0.0615, 'ndcg@1': 0.0615, 'hit@5': 0.1707, 'ndcg@5': 0.0883, 'hit@10': 0.2384, 'ndcg@10': 0.1055, 'hit@15': 0.281, 'ndcg@15': 0.1148, 'hit@20': 0.3115, 'ndcg@20': 0.1208, 'hit@40': 0.3964, 'ndcg@40': 0.1359} 
2024-10-15 15:47:49.802 | INFO     | trainer_1:_train_one_epoch:209 - test 10 cost time 7.70s, result: {'hit@1': 0.0334, 'ndcg@1': 0.0334, 'hit@5': 0.1035, 'ndcg@5': 0.0674, 'hit@10': 0.1471, 'ndcg@10': 0.081, 'hit@15': 0.1783, 'ndcg@15': 0.089, 'hit@20': 0.2029, 'ndcg@20': 0.0947, 'hit@40': 0.2662, 'ndcg@40': 0.1074} 
2024-10-15 15:48:08.185 | INFO     | trainer_1:_train_one_epoch:193 - epoch 11 9.84s Train loss is [1.1990] 
2024-10-15 15:48:23.429 | INFO     | trainer_1:_train_one_epoch:201 - validate 11 cost time 15.24s, result: {'hit@1': 0.0606, 'ndcg@1': 0.0606, 'hit@5': 0.1722, 'ndcg@5': 0.0883, 'hit@10': 0.2377, 'ndcg@10': 0.1051, 'hit@15': 0.2801, 'ndcg@15': 0.1143, 'hit@20': 0.3139, 'ndcg@20': 0.121, 'hit@40': 0.3995, 'ndcg@40': 0.1362} 
2024-10-15 15:48:34.412 | INFO     | trainer_1:_train_one_epoch:209 - test 11 cost time 10.98s, result: {'hit@1': 0.0331, 'ndcg@1': 0.0331, 'hit@5': 0.1018, 'ndcg@5': 0.0662, 'hit@10': 0.1465, 'ndcg@10': 0.0802, 'hit@15': 0.1786, 'ndcg@15': 0.0884, 'hit@20': 0.2028, 'ndcg@20': 0.094, 'hit@40': 0.2674, 'ndcg@40': 0.107} 
2024-10-15 15:48:43.888 | INFO     | trainer_1:_train_one_epoch:193 - epoch 12 9.48s Train loss is [1.1904] 
2024-10-15 15:48:58.697 | INFO     | trainer_1:_train_one_epoch:201 - validate 12 cost time 14.81s, result: {'hit@1': 0.0616, 'ndcg@1': 0.0616, 'hit@5': 0.173, 'ndcg@5': 0.0888, 'hit@10': 0.2402, 'ndcg@10': 0.1061, 'hit@15': 0.2846, 'ndcg@15': 0.1157, 'hit@20': 0.3161, 'ndcg@20': 0.122, 'hit@40': 0.4032, 'ndcg@40': 0.1374} 
2024-10-15 15:49:09.533 | INFO     | trainer_1:_train_one_epoch:209 - test 12 cost time 10.84s, result: {'hit@1': 0.0335, 'ndcg@1': 0.0335, 'hit@5': 0.1035, 'ndcg@5': 0.0673, 'hit@10': 0.1479, 'ndcg@10': 0.0812, 'hit@15': 0.1778, 'ndcg@15': 0.0888, 'hit@20': 0.2019, 'ndcg@20': 0.0944, 'hit@40': 0.2716, 'ndcg@40': 0.1084} 
2024-10-15 15:49:27.329 | INFO     | trainer_1:_train_one_epoch:193 - epoch 13 9.38s Train loss is [1.1918] 
2024-10-15 15:49:36.948 | INFO     | trainer_1:_train_one_epoch:201 - validate 13 cost time 9.62s, result: {'hit@1': 0.0601, 'ndcg@1': 0.0601, 'hit@5': 0.173, 'ndcg@5': 0.0882, 'hit@10': 0.2396, 'ndcg@10': 0.1054, 'hit@15': 0.2831, 'ndcg@15': 0.1149, 'hit@20': 0.3157, 'ndcg@20': 0.1213, 'hit@40': 0.4024, 'ndcg@40': 0.1368} 
2024-10-15 15:49:45.583 | INFO     | trainer_1:_train_one_epoch:209 - test 13 cost time 8.63s, result: {'hit@1': 0.0328, 'ndcg@1': 0.0328, 'hit@5': 0.1033, 'ndcg@5': 0.067, 'hit@10': 0.1469, 'ndcg@10': 0.0806, 'hit@15': 0.1783, 'ndcg@15': 0.0886, 'hit@20': 0.2024, 'ndcg@20': 0.0941, 'hit@40': 0.2689, 'ndcg@40': 0.1074} 
2024-10-15 15:49:54.776 | INFO     | trainer_1:_train_one_epoch:193 - epoch 14 9.19s Train loss is [1.1886] 
2024-10-15 15:50:05.143 | INFO     | trainer_1:_train_one_epoch:201 - validate 14 cost time 10.37s, result: {'hit@1': 0.0602, 'ndcg@1': 0.0602, 'hit@5': 0.1721, 'ndcg@5': 0.0878, 'hit@10': 0.2386, 'ndcg@10': 0.1049, 'hit@15': 0.2818, 'ndcg@15': 0.1143, 'hit@20': 0.3155, 'ndcg@20': 0.121, 'hit@40': 0.4011, 'ndcg@40': 0.1362} 
2024-10-15 15:50:13.007 | INFO     | trainer_1:_train_one_epoch:209 - test 14 cost time 7.86s, result: {'hit@1': 0.0318, 'ndcg@1': 0.0318, 'hit@5': 0.1027, 'ndcg@5': 0.0662, 'hit@10': 0.1474, 'ndcg@10': 0.0802, 'hit@15': 0.1779, 'ndcg@15': 0.088, 'hit@20': 0.201, 'ndcg@20': 0.0933, 'hit@40': 0.2684, 'ndcg@40': 0.1069} 
2024-10-15 15:50:22.546 | INFO     | trainer_1:_train_one_epoch:193 - epoch 15 9.54s Train loss is [1.1791] 
2024-10-15 15:50:35.441 | INFO     | trainer_1:_train_one_epoch:201 - validate 15 cost time 12.89s, result: {'hit@1': 0.061, 'ndcg@1': 0.061, 'hit@5': 0.1741, 'ndcg@5': 0.089, 'hit@10': 0.2402, 'ndcg@10': 0.1062, 'hit@15': 0.2835, 'ndcg@15': 0.1155, 'hit@20': 0.3171, 'ndcg@20': 0.1221, 'hit@40': 0.4068, 'ndcg@40': 0.138} 
2024-10-15 15:50:45.367 | INFO     | trainer_1:_train_one_epoch:209 - test 15 cost time 9.93s, result: {'hit@1': 0.0333, 'ndcg@1': 0.0333, 'hit@5': 0.1034, 'ndcg@5': 0.0673, 'hit@10': 0.1473, 'ndcg@10': 0.081, 'hit@15': 0.1793, 'ndcg@15': 0.0893, 'hit@20': 0.2038, 'ndcg@20': 0.0949, 'hit@40': 0.2673, 'ndcg@40': 0.1076} 
2024-10-15 15:50:54.487 | INFO     | trainer_1:_train_one_epoch:193 - epoch 16 9.12s Train loss is [1.1812] 
2024-10-15 15:51:05.858 | INFO     | trainer_1:_train_one_epoch:201 - validate 16 cost time 11.37s, result: {'hit@1': 0.0607, 'ndcg@1': 0.0607, 'hit@5': 0.1732, 'ndcg@5': 0.0887, 'hit@10': 0.2397, 'ndcg@10': 0.1058, 'hit@15': 0.2836, 'ndcg@15': 0.1153, 'hit@20': 0.3173, 'ndcg@20': 0.1221, 'hit@40': 0.4046, 'ndcg@40': 0.1376} 
2024-10-15 15:51:18.020 | INFO     | trainer_1:_train_one_epoch:209 - test 16 cost time 12.16s, result: {'hit@1': 0.0328, 'ndcg@1': 0.0328, 'hit@5': 0.1025, 'ndcg@5': 0.0666, 'hit@10': 0.1479, 'ndcg@10': 0.0809, 'hit@15': 0.1788, 'ndcg@15': 0.0888, 'hit@20': 0.2033, 'ndcg@20': 0.0944, 'hit@40': 0.2685, 'ndcg@40': 0.1074} 
2024-10-15 15:51:27.859 | INFO     | trainer_1:_train_one_epoch:193 - epoch 17 9.84s Train loss is [1.1767] 
2024-10-15 15:51:40.697 | INFO     | trainer_1:_train_one_epoch:201 - validate 17 cost time 12.84s, result: {'hit@1': 0.0601, 'ndcg@1': 0.0601, 'hit@5': 0.1732, 'ndcg@5': 0.0883, 'hit@10': 0.241, 'ndcg@10': 0.1059, 'hit@15': 0.2859, 'ndcg@15': 0.1155, 'hit@20': 0.3194, 'ndcg@20': 0.1222, 'hit@40': 0.4057, 'ndcg@40': 0.1376} 
2024-10-15 15:51:52.729 | INFO     | trainer_1:_train_one_epoch:209 - test 17 cost time 12.03s, result: {'hit@1': 0.0328, 'ndcg@1': 0.0328, 'hit@5': 0.1028, 'ndcg@5': 0.0669, 'hit@10': 0.1486, 'ndcg@10': 0.0812, 'hit@15': 0.1792, 'ndcg@15': 0.0892, 'hit@20': 0.2021, 'ndcg@20': 0.0945, 'hit@40': 0.2691, 'ndcg@40': 0.1079} 
2024-10-15 15:52:11.577 | INFO     | trainer_1:_train_one_epoch:193 - epoch 18 9.82s Train loss is [1.1717] 
2024-10-15 15:52:23.755 | INFO     | trainer_1:_train_one_epoch:201 - validate 18 cost time 12.18s, result: {'hit@1': 0.0621, 'ndcg@1': 0.0621, 'hit@5': 0.174, 'ndcg@5': 0.0892, 'hit@10': 0.2421, 'ndcg@10': 0.1068, 'hit@15': 0.2846, 'ndcg@15': 0.1162, 'hit@20': 0.3187, 'ndcg@20': 0.1228, 'hit@40': 0.4079, 'ndcg@40': 0.1387} 
2024-10-15 15:52:33.340 | INFO     | trainer_1:_train_one_epoch:209 - test 18 cost time 9.58s, result: {'hit@1': 0.034, 'ndcg@1': 0.034, 'hit@5': 0.1053, 'ndcg@5': 0.0684, 'hit@10': 0.1478, 'ndcg@10': 0.0816, 'hit@15': 0.1787, 'ndcg@15': 0.0895, 'hit@20': 0.2039, 'ndcg@20': 0.0953, 'hit@40': 0.2697, 'ndcg@40': 0.1085} 
2024-10-15 15:52:43.380 | INFO     | trainer_1:_train_one_epoch:193 - epoch 19 10.04s Train loss is [1.1711] 
2024-10-15 15:52:56.619 | INFO     | trainer_1:_train_one_epoch:201 - validate 19 cost time 13.24s, result: {'hit@1': 0.0617, 'ndcg@1': 0.0617, 'hit@5': 0.1759, 'ndcg@5': 0.0899, 'hit@10': 0.2419, 'ndcg@10': 0.1069, 'hit@15': 0.2862, 'ndcg@15': 0.1165, 'hit@20': 0.3197, 'ndcg@20': 0.1232, 'hit@40': 0.4065, 'ndcg@40': 0.1387} 
2024-10-15 15:53:06.368 | INFO     | trainer_1:_train_one_epoch:209 - test 19 cost time 9.75s, result: {'hit@1': 0.0333, 'ndcg@1': 0.0333, 'hit@5': 0.1035, 'ndcg@5': 0.0673, 'hit@10': 0.1487, 'ndcg@10': 0.0814, 'hit@15': 0.1801, 'ndcg@15': 0.0895, 'hit@20': 0.2052, 'ndcg@20': 0.0952, 'hit@40': 0.2712, 'ndcg@40': 0.1085} 
2024-10-15 15:53:24.894 | INFO     | trainer_1:_train_one_epoch:193 - epoch 20 9.94s Train loss is [1.1649] 
2024-10-15 15:53:38.941 | INFO     | trainer_1:_train_one_epoch:201 - validate 20 cost time 14.05s, result: {'hit@1': 0.0613, 'ndcg@1': 0.0613, 'hit@5': 0.1777, 'ndcg@5': 0.0904, 'hit@10': 0.2454, 'ndcg@10': 0.1077, 'hit@15': 0.289, 'ndcg@15': 0.1173, 'hit@20': 0.3229, 'ndcg@20': 0.124, 'hit@40': 0.4096, 'ndcg@40': 0.1395} 
2024-10-15 15:53:48.062 | INFO     | trainer_1:_train_one_epoch:209 - test 20 cost time 9.12s, result: {'hit@1': 0.0335, 'ndcg@1': 0.0335, 'hit@5': 0.1056, 'ndcg@5': 0.0683, 'hit@10': 0.1498, 'ndcg@10': 0.0822, 'hit@15': 0.1809, 'ndcg@15': 0.0901, 'hit@20': 0.2057, 'ndcg@20': 0.0958, 'hit@40': 0.2707, 'ndcg@40': 0.1088} 
2024-10-15 15:54:06.266 | INFO     | trainer_1:_train_one_epoch:193 - epoch 21 10.10s Train loss is [1.1689] 
2024-10-15 15:54:19.632 | INFO     | trainer_1:_train_one_epoch:201 - validate 21 cost time 13.37s, result: {'hit@1': 0.0609, 'ndcg@1': 0.0609, 'hit@5': 0.1775, 'ndcg@5': 0.0902, 'hit@10': 0.2428, 'ndcg@10': 0.1071, 'hit@15': 0.2877, 'ndcg@15': 0.1167, 'hit@20': 0.3212, 'ndcg@20': 0.1235, 'hit@40': 0.4096, 'ndcg@40': 0.1392} 
2024-10-15 15:54:29.365 | INFO     | trainer_1:_train_one_epoch:209 - test 21 cost time 9.73s, result: {'hit@1': 0.0337, 'ndcg@1': 0.0337, 'hit@5': 0.1047, 'ndcg@5': 0.0683, 'hit@10': 0.1494, 'ndcg@10': 0.0822, 'hit@15': 0.18, 'ndcg@15': 0.0901, 'hit@20': 0.2039, 'ndcg@20': 0.0956, 'hit@40': 0.2719, 'ndcg@40': 0.1092} 
2024-10-15 15:54:39.487 | INFO     | trainer_1:_train_one_epoch:193 - epoch 22 10.12s Train loss is [1.1628] 
2024-10-15 15:54:52.960 | INFO     | trainer_1:_train_one_epoch:201 - validate 22 cost time 13.47s, result: {'hit@1': 0.06, 'ndcg@1': 0.06, 'hit@5': 0.1768, 'ndcg@5': 0.0898, 'hit@10': 0.2428, 'ndcg@10': 0.1067, 'hit@15': 0.2869, 'ndcg@15': 0.1164, 'hit@20': 0.3209, 'ndcg@20': 0.1231, 'hit@40': 0.4086, 'ndcg@40': 0.1387} 
2024-10-15 15:55:01.130 | INFO     | trainer_1:_train_one_epoch:209 - test 22 cost time 8.17s, result: {'hit@1': 0.0349, 'ndcg@1': 0.0349, 'hit@5': 0.1049, 'ndcg@5': 0.0688, 'hit@10': 0.1495, 'ndcg@10': 0.0828, 'hit@15': 0.1802, 'ndcg@15': 0.0906, 'hit@20': 0.2048, 'ndcg@20': 0.0963, 'hit@40': 0.2724, 'ndcg@40': 0.1098} 
2024-10-15 15:55:11.030 | INFO     | trainer_1:_train_one_epoch:193 - epoch 23 9.90s Train loss is [1.1589] 
2024-10-15 15:55:20.758 | INFO     | trainer_1:_train_one_epoch:201 - validate 23 cost time 9.73s, result: {'hit@1': 0.0614, 'ndcg@1': 0.0614, 'hit@5': 0.177, 'ndcg@5': 0.0903, 'hit@10': 0.2447, 'ndcg@10': 0.1076, 'hit@15': 0.289, 'ndcg@15': 0.1173, 'hit@20': 0.3231, 'ndcg@20': 0.1241, 'hit@40': 0.4122, 'ndcg@40': 0.1401} 
2024-10-15 15:55:27.592 | INFO     | trainer_1:_train_one_epoch:209 - test 23 cost time 6.83s, result: {'hit@1': 0.0346, 'ndcg@1': 0.0346, 'hit@5': 0.1055, 'ndcg@5': 0.0691, 'hit@10': 0.151, 'ndcg@10': 0.0833, 'hit@15': 0.1808, 'ndcg@15': 0.0909, 'hit@20': 0.2052, 'ndcg@20': 0.0966, 'hit@40': 0.2731, 'ndcg@40': 0.1101} 
2024-10-15 15:55:45.889 | INFO     | trainer_1:_train_one_epoch:193 - epoch 24 9.77s Train loss is [1.1619] 
2024-10-15 15:56:04.342 | INFO     | trainer_1:_train_one_epoch:201 - validate 24 cost time 18.45s, result: {'hit@1': 0.0624, 'ndcg@1': 0.0624, 'hit@5': 0.1778, 'ndcg@5': 0.0909, 'hit@10': 0.247, 'ndcg@10': 0.1086, 'hit@15': 0.2904, 'ndcg@15': 0.1181, 'hit@20': 0.3241, 'ndcg@20': 0.1247, 'hit@40': 0.4126, 'ndcg@40': 0.1407} 
2024-10-15 15:56:17.523 | INFO     | trainer_1:_train_one_epoch:209 - test 24 cost time 13.18s, result: {'hit@1': 0.0344, 'ndcg@1': 0.0344, 'hit@5': 0.108, 'ndcg@5': 0.0699, 'hit@10': 0.1526, 'ndcg@10': 0.0838, 'hit@15': 0.1839, 'ndcg@15': 0.0919, 'hit@20': 0.2084, 'ndcg@20': 0.0975, 'hit@40': 0.2776, 'ndcg@40': 0.1114} 
2024-10-15 15:56:35.961 | INFO     | trainer_1:_train_one_epoch:193 - epoch 25 9.89s Train loss is [1.1614] 
2024-10-15 15:56:54.426 | INFO     | trainer_1:_train_one_epoch:201 - validate 25 cost time 18.46s, result: {'hit@1': 0.0608, 'ndcg@1': 0.0608, 'hit@5': 0.1766, 'ndcg@5': 0.09, 'hit@10': 0.2446, 'ndcg@10': 0.1074, 'hit@15': 0.2894, 'ndcg@15': 0.1172, 'hit@20': 0.3229, 'ndcg@20': 0.1238, 'hit@40': 0.4107, 'ndcg@40': 0.1396} 
2024-10-15 15:57:07.584 | INFO     | trainer_1:_train_one_epoch:209 - test 25 cost time 13.16s, result: {'hit@1': 0.0347, 'ndcg@1': 0.0347, 'hit@5': 0.107, 'ndcg@5': 0.0695, 'hit@10': 0.1524, 'ndcg@10': 0.0838, 'hit@15': 0.1841, 'ndcg@15': 0.0919, 'hit@20': 0.2086, 'ndcg@20': 0.0976, 'hit@40': 0.2738, 'ndcg@40': 0.1107} 
2024-10-15 15:57:17.422 | INFO     | trainer_1:_train_one_epoch:193 - epoch 26 9.84s Train loss is [1.1626] 
2024-10-15 15:57:35.874 | INFO     | trainer_1:_train_one_epoch:201 - validate 26 cost time 18.45s, result: {'hit@1': 0.0612, 'ndcg@1': 0.0612, 'hit@5': 0.1761, 'ndcg@5': 0.0899, 'hit@10': 0.2445, 'ndcg@10': 0.1073, 'hit@15': 0.2886, 'ndcg@15': 0.1171, 'hit@20': 0.3241, 'ndcg@20': 0.124, 'hit@40': 0.4114, 'ndcg@40': 0.1397} 
2024-10-15 15:57:49.064 | INFO     | trainer_1:_train_one_epoch:209 - test 26 cost time 13.19s, result: {'hit@1': 0.0333, 'ndcg@1': 0.0333, 'hit@5': 0.1056, 'ndcg@5': 0.0682, 'hit@10': 0.1516, 'ndcg@10': 0.0826, 'hit@15': 0.1812, 'ndcg@15': 0.0902, 'hit@20': 0.2071, 'ndcg@20': 0.0961, 'hit@40': 0.275, 'ndcg@40': 0.1098} 
2024-10-15 15:57:58.384 | INFO     | trainer_1:_train_one_epoch:193 - epoch 27 9.32s Train loss is [1.1617] 
2024-10-15 15:58:16.836 | INFO     | trainer_1:_train_one_epoch:201 - validate 27 cost time 18.45s, result: {'hit@1': 0.0608, 'ndcg@1': 0.0608, 'hit@5': 0.1748, 'ndcg@5': 0.0896, 'hit@10': 0.2442, 'ndcg@10': 0.1075, 'hit@15': 0.2887, 'ndcg@15': 0.1172, 'hit@20': 0.323, 'ndcg@20': 0.1239, 'hit@40': 0.4117, 'ndcg@40': 0.1396} 
2024-10-15 15:58:30.028 | INFO     | trainer_1:_train_one_epoch:209 - test 27 cost time 13.19s, result: {'hit@1': 0.0339, 'ndcg@1': 0.0339, 'hit@5': 0.1044, 'ndcg@5': 0.0682, 'hit@10': 0.1509, 'ndcg@10': 0.0828, 'hit@15': 0.1827, 'ndcg@15': 0.0909, 'hit@20': 0.2077, 'ndcg@20': 0.0967, 'hit@40': 0.2747, 'ndcg@40': 0.1101} 
2024-10-15 15:58:39.210 | INFO     | trainer_1:_train_one_epoch:193 - epoch 28 9.18s Train loss is [1.1552] 
2024-10-15 15:58:57.699 | INFO     | trainer_1:_train_one_epoch:201 - validate 28 cost time 18.49s, result: {'hit@1': 0.0613, 'ndcg@1': 0.0613, 'hit@5': 0.1746, 'ndcg@5': 0.0895, 'hit@10': 0.2436, 'ndcg@10': 0.1073, 'hit@15': 0.2878, 'ndcg@15': 0.1169, 'hit@20': 0.3224, 'ndcg@20': 0.1237, 'hit@40': 0.4131, 'ndcg@40': 0.1398} 
2024-10-15 15:59:10.892 | INFO     | trainer_1:_train_one_epoch:209 - test 28 cost time 13.19s, result: {'hit@1': 0.0337, 'ndcg@1': 0.0337, 'hit@5': 0.1058, 'ndcg@5': 0.0689, 'hit@10': 0.1497, 'ndcg@10': 0.0826, 'hit@15': 0.1816, 'ndcg@15': 0.0907, 'hit@20': 0.2068, 'ndcg@20': 0.0965, 'hit@40': 0.2753, 'ndcg@40': 0.1102} 
2024-10-15 15:59:20.077 | INFO     | trainer_1:_train_one_epoch:193 - epoch 29 9.18s Train loss is [1.1554] 
2024-10-15 15:59:38.511 | INFO     | trainer_1:_train_one_epoch:201 - validate 29 cost time 18.43s, result: {'hit@1': 0.0617, 'ndcg@1': 0.0617, 'hit@5': 0.1776, 'ndcg@5': 0.0907, 'hit@10': 0.2459, 'ndcg@10': 0.1084, 'hit@15': 0.2902, 'ndcg@15': 0.1179, 'hit@20': 0.3241, 'ndcg@20': 0.1246, 'hit@40': 0.4134, 'ndcg@40': 0.1406} 
2024-10-15 15:59:51.708 | INFO     | trainer_1:_train_one_epoch:209 - test 29 cost time 13.20s, result: {'hit@1': 0.0345, 'ndcg@1': 0.0345, 'hit@5': 0.1058, 'ndcg@5': 0.0689, 'hit@10': 0.1503, 'ndcg@10': 0.0828, 'hit@15': 0.1825, 'ndcg@15': 0.0912, 'hit@20': 0.207, 'ndcg@20': 0.0968, 'hit@40': 0.2771, 'ndcg@40': 0.1108} 
2024-10-15 15:59:51.724 | INFO     | trainer_1:train_model:163 - training end, best iteration 24, results: {'hit@1': 0.0624, 'ndcg@1': 0.0624, 'hit@5': 0.1778, 'ndcg@5': 0.0909, 'hit@10': 0.247, 'ndcg@10': 0.1086, 'hit@15': 0.2904, 'ndcg@15': 0.1181, 'hit@20': 0.3241, 'ndcg@20': 0.1247, 'hit@40': 0.4126, 'ndcg@40': 0.1407}
2024-10-15 15:59:51.724 | INFO     | trainer_1:train_model:166 - final test result is:  {'hit@1': 0.0344, 'ndcg@1': 0.0344, 'hit@5': 0.108, 'ndcg@5': 0.0699, 'hit@10': 0.1526, 'ndcg@10': 0.0838, 'hit@15': 0.1839, 'ndcg@15': 0.0919, 'hit@20': 0.2084, 'ndcg@20': 0.0975, 'hit@40': 0.2776, 'ndcg@40': 0.1114}
2024-10-15 15:59:51.979 | INFO     | __main__:<module>:119 - train end total cost time: 1538.4389667510986
