2024-10-08 19:38:47.626 | INFO     | __main__:<module>:105 - Namespace(TIME='2024-10-08 19_38_15', batch_size=1024, behaviors=['view', 'cart', 'buy'], check_point='model_pre_1_2024-10-08 11_17_41.pth', data_name='beibei', data_path='./data/beibei', decay=0.001, device='cuda:1', dim_qk=32, dim_v=64, distill_layers=2, distill_thres=0.5, distill_topK=20, distill_userK=2, embedding_size=64, epochs=100, gpu_no=1, if_load_model=True, ii_lambda=200, initializer_range=0.02, layers=2, loss_type='bpr', lr=0.001, message_dropout=0.25, metrics=['hit', 'ndcg'], min_epoch=5, model_name='main_1', model_path='./check_point', node_dropout=0.75, omega=1, pt_loop=50, reg_weight=0.001, test_batch_size=1024, testbatch=1024, topk=[1, 5, 10, 15, 20, 40], uu_lambda=100)
2024-10-08 19:38:47.627 | INFO     | __main__:<module>:106 - BIPN(
  (message_dropout): Dropout(p=0.25, inplace=False)
  (user_embedding): Embedding(21717, 64, padding_idx=0)
  (item_embedding): Embedding(7978, 64, padding_idx=0)
  (global_Graph): LightGCN()
  (Graph_encoder): ModuleDict(
    (view): GraphEncoder(
      (light): LightGCN()
      (dropout): Dropout(p=0.75, inplace=False)
    )
    (cart): GraphEncoder(
      (light): LightGCN()
      (dropout): Dropout(p=0.75, inplace=False)
    )
    (buy): GraphEncoder(
      (light): LightGCN()
      (dropout): Dropout(p=0.75, inplace=False)
    )
  )
  (attention): Mutual_Attention()
  (bpr_loss): BPRLoss()
  (emb_loss): EmbLoss()
  (f): Sigmoid()
)
2024-10-08 19:45:19.722 | INFO     | trainer_1:_train_one_epoch:193 - epoch 1 8.91s Train loss is [0.9420] 
2024-10-08 19:45:29.672 | INFO     | trainer_1:_train_one_epoch:201 - validate 1 cost time 9.95s, result: {'hit@1': 0.0066, 'ndcg@1': 0.0066, 'hit@5': 0.0278, 'ndcg@5': 0.0171, 'hit@10': 0.0499, 'ndcg@10': 0.0242, 'hit@15': 0.069, 'ndcg@15': 0.0292, 'hit@20': 0.0863, 'ndcg@20': 0.0333, 'hit@40': 0.1482, 'ndcg@40': 0.0459} 
2024-10-08 19:45:39.420 | INFO     | trainer_1:_train_one_epoch:209 - test 1 cost time 9.75s, result: {'hit@1': 0.0041, 'ndcg@1': 0.0041, 'hit@5': 0.0178, 'ndcg@5': 0.0107, 'hit@10': 0.035, 'ndcg@10': 0.0162, 'hit@15': 0.0485, 'ndcg@15': 0.0198, 'hit@20': 0.0622, 'ndcg@20': 0.023, 'hit@40': 0.1137, 'ndcg@40': 0.0335} 
2024-10-08 19:45:58.889 | INFO     | trainer_1:_train_one_epoch:193 - epoch 2 8.96s Train loss is [0.7164] 
2024-10-08 19:46:08.809 | INFO     | trainer_1:_train_one_epoch:201 - validate 2 cost time 9.92s, result: {'hit@1': 0.0094, 'ndcg@1': 0.0094, 'hit@5': 0.0345, 'ndcg@5': 0.0217, 'hit@10': 0.0606, 'ndcg@10': 0.03, 'hit@15': 0.0826, 'ndcg@15': 0.0358, 'hit@20': 0.1012, 'ndcg@20': 0.0402, 'hit@40': 0.1667, 'ndcg@40': 0.0536} 
2024-10-08 19:46:18.545 | INFO     | trainer_1:_train_one_epoch:209 - test 2 cost time 9.74s, result: {'hit@1': 0.0049, 'ndcg@1': 0.0049, 'hit@5': 0.0223, 'ndcg@5': 0.0133, 'hit@10': 0.0405, 'ndcg@10': 0.0192, 'hit@15': 0.0569, 'ndcg@15': 0.0236, 'hit@20': 0.0724, 'ndcg@20': 0.0272, 'hit@40': 0.1212, 'ndcg@40': 0.0371} 
2024-10-08 19:46:38.662 | INFO     | trainer_1:_train_one_epoch:193 - epoch 3 9.62s Train loss is [0.6397] 
2024-10-08 19:46:48.583 | INFO     | trainer_1:_train_one_epoch:201 - validate 3 cost time 9.92s, result: {'hit@1': 0.0078, 'ndcg@1': 0.0078, 'hit@5': 0.0323, 'ndcg@5': 0.0198, 'hit@10': 0.0589, 'ndcg@10': 0.0282, 'hit@15': 0.0832, 'ndcg@15': 0.0347, 'hit@20': 0.1035, 'ndcg@20': 0.0395, 'hit@40': 0.1756, 'ndcg@40': 0.0542} 
2024-10-08 19:46:58.266 | INFO     | trainer_1:_train_one_epoch:209 - test 3 cost time 9.68s, result: {'hit@1': 0.0043, 'ndcg@1': 0.0043, 'hit@5': 0.0199, 'ndcg@5': 0.0119, 'hit@10': 0.0385, 'ndcg@10': 0.0178, 'hit@15': 0.0556, 'ndcg@15': 0.0224, 'hit@20': 0.0715, 'ndcg@20': 0.0261, 'hit@40': 0.1263, 'ndcg@40': 0.0373} 
2024-10-08 19:47:07.890 | INFO     | trainer_1:_train_one_epoch:193 - epoch 4 9.62s Train loss is [0.5891] 
2024-10-08 19:47:17.806 | INFO     | trainer_1:_train_one_epoch:201 - validate 4 cost time 9.92s, result: {'hit@1': 0.008, 'ndcg@1': 0.008, 'hit@5': 0.0317, 'ndcg@5': 0.0197, 'hit@10': 0.0573, 'ndcg@10': 0.0278, 'hit@15': 0.0794, 'ndcg@15': 0.0337, 'hit@20': 0.1002, 'ndcg@20': 0.0386, 'hit@40': 0.1656, 'ndcg@40': 0.0519} 
2024-10-08 19:47:27.496 | INFO     | trainer_1:_train_one_epoch:209 - test 4 cost time 9.69s, result: {'hit@1': 0.0043, 'ndcg@1': 0.0043, 'hit@5': 0.018, 'ndcg@5': 0.0111, 'hit@10': 0.0342, 'ndcg@10': 0.0163, 'hit@15': 0.0513, 'ndcg@15': 0.0208, 'hit@20': 0.0668, 'ndcg@20': 0.0244, 'hit@40': 0.1171, 'ndcg@40': 0.0346} 
2024-10-08 19:47:37.113 | INFO     | trainer_1:_train_one_epoch:193 - epoch 5 9.62s Train loss is [0.5499] 
2024-10-08 19:47:47.022 | INFO     | trainer_1:_train_one_epoch:201 - validate 5 cost time 9.91s, result: {'hit@1': 0.0129, 'ndcg@1': 0.0129, 'hit@5': 0.0383, 'ndcg@5': 0.0254, 'hit@10': 0.0657, 'ndcg@10': 0.0341, 'hit@15': 0.0905, 'ndcg@15': 0.0407, 'hit@20': 0.1104, 'ndcg@20': 0.0454, 'hit@40': 0.1793, 'ndcg@40': 0.0594} 
2024-10-08 19:47:56.692 | INFO     | trainer_1:_train_one_epoch:209 - test 5 cost time 9.67s, result: {'hit@1': 0.0062, 'ndcg@1': 0.0062, 'hit@5': 0.0216, 'ndcg@5': 0.0137, 'hit@10': 0.0398, 'ndcg@10': 0.0195, 'hit@15': 0.0574, 'ndcg@15': 0.0242, 'hit@20': 0.0714, 'ndcg@20': 0.0275, 'hit@40': 0.1212, 'ndcg@40': 0.0376} 
2024-10-08 19:48:06.314 | INFO     | trainer_1:_train_one_epoch:193 - epoch 6 9.62s Train loss is [0.5269] 
2024-10-08 19:48:16.207 | INFO     | trainer_1:_train_one_epoch:201 - validate 6 cost time 9.89s, result: {'hit@1': 0.0128, 'ndcg@1': 0.0128, 'hit@5': 0.0415, 'ndcg@5': 0.027, 'hit@10': 0.0669, 'ndcg@10': 0.0352, 'hit@15': 0.0927, 'ndcg@15': 0.042, 'hit@20': 0.1151, 'ndcg@20': 0.0472, 'hit@40': 0.1867, 'ndcg@40': 0.0618} 
2024-10-08 19:48:25.870 | INFO     | trainer_1:_train_one_epoch:209 - test 6 cost time 9.66s, result: {'hit@1': 0.007, 'ndcg@1': 0.007, 'hit@5': 0.0245, 'ndcg@5': 0.0156, 'hit@10': 0.0429, 'ndcg@10': 0.0214, 'hit@15': 0.0601, 'ndcg@15': 0.026, 'hit@20': 0.0749, 'ndcg@20': 0.0294, 'hit@40': 0.1266, 'ndcg@40': 0.04} 
2024-10-08 19:48:44.915 | INFO     | trainer_1:_train_one_epoch:193 - epoch 7 8.48s Train loss is [0.5247] 
2024-10-08 19:48:54.756 | INFO     | trainer_1:_train_one_epoch:201 - validate 7 cost time 9.84s, result: {'hit@1': 0.0116, 'ndcg@1': 0.0116, 'hit@5': 0.0424, 'ndcg@5': 0.0268, 'hit@10': 0.0719, 'ndcg@10': 0.0363, 'hit@15': 0.0995, 'ndcg@15': 0.0436, 'hit@20': 0.1235, 'ndcg@20': 0.0492, 'hit@40': 0.1954, 'ndcg@40': 0.0639} 
2024-10-08 19:49:04.422 | INFO     | trainer_1:_train_one_epoch:209 - test 7 cost time 9.67s, result: {'hit@1': 0.0067, 'ndcg@1': 0.0067, 'hit@5': 0.0243, 'ndcg@5': 0.0155, 'hit@10': 0.0425, 'ndcg@10': 0.0214, 'hit@15': 0.0607, 'ndcg@15': 0.0262, 'hit@20': 0.0781, 'ndcg@20': 0.0303, 'hit@40': 0.1348, 'ndcg@40': 0.0418} 
2024-10-08 19:49:12.850 | INFO     | trainer_1:_train_one_epoch:193 - epoch 8 8.43s Train loss is [0.4919] 
2024-10-08 19:49:22.696 | INFO     | trainer_1:_train_one_epoch:201 - validate 8 cost time 9.85s, result: {'hit@1': 0.0093, 'ndcg@1': 0.0093, 'hit@5': 0.0387, 'ndcg@5': 0.0238, 'hit@10': 0.0685, 'ndcg@10': 0.0333, 'hit@15': 0.0945, 'ndcg@15': 0.0402, 'hit@20': 0.1195, 'ndcg@20': 0.046, 'hit@40': 0.1986, 'ndcg@40': 0.0621} 
2024-10-08 19:49:32.363 | INFO     | trainer_1:_train_one_epoch:209 - test 8 cost time 9.67s, result: {'hit@1': 0.0054, 'ndcg@1': 0.0054, 'hit@5': 0.0232, 'ndcg@5': 0.0143, 'hit@10': 0.0425, 'ndcg@10': 0.0204, 'hit@15': 0.0602, 'ndcg@15': 0.0251, 'hit@20': 0.0773, 'ndcg@20': 0.0291, 'hit@40': 0.1367, 'ndcg@40': 0.0412} 
2024-10-08 19:49:40.913 | INFO     | trainer_1:_train_one_epoch:193 - epoch 9 8.55s Train loss is [0.4783] 
2024-10-08 19:49:50.762 | INFO     | trainer_1:_train_one_epoch:201 - validate 9 cost time 9.85s, result: {'hit@1': 0.0122, 'ndcg@1': 0.0122, 'hit@5': 0.0446, 'ndcg@5': 0.0282, 'hit@10': 0.0775, 'ndcg@10': 0.0387, 'hit@15': 0.1047, 'ndcg@15': 0.0459, 'hit@20': 0.1298, 'ndcg@20': 0.0518, 'hit@40': 0.2082, 'ndcg@40': 0.0678} 
2024-10-08 19:50:00.425 | INFO     | trainer_1:_train_one_epoch:209 - test 9 cost time 9.66s, result: {'hit@1': 0.007, 'ndcg@1': 0.007, 'hit@5': 0.0262, 'ndcg@5': 0.0165, 'hit@10': 0.0467, 'ndcg@10': 0.023, 'hit@15': 0.0674, 'ndcg@15': 0.0285, 'hit@20': 0.0851, 'ndcg@20': 0.0326, 'hit@40': 0.1443, 'ndcg@40': 0.0447} 
2024-10-08 19:50:19.275 | INFO     | trainer_1:_train_one_epoch:193 - epoch 10 8.45s Train loss is [0.4697] 
2024-10-08 19:50:29.110 | INFO     | trainer_1:_train_one_epoch:201 - validate 10 cost time 9.83s, result: {'hit@1': 0.013, 'ndcg@1': 0.013, 'hit@5': 0.0464, 'ndcg@5': 0.0296, 'hit@10': 0.0788, 'ndcg@10': 0.04, 'hit@15': 0.105, 'ndcg@15': 0.0469, 'hit@20': 0.1276, 'ndcg@20': 0.0522, 'hit@40': 0.2104, 'ndcg@40': 0.0691} 
2024-10-08 19:50:38.772 | INFO     | trainer_1:_train_one_epoch:209 - test 10 cost time 9.66s, result: {'hit@1': 0.0073, 'ndcg@1': 0.0073, 'hit@5': 0.0278, 'ndcg@5': 0.0175, 'hit@10': 0.0498, 'ndcg@10': 0.0245, 'hit@15': 0.0688, 'ndcg@15': 0.0295, 'hit@20': 0.0857, 'ndcg@20': 0.0335, 'hit@40': 0.1453, 'ndcg@40': 0.0456} 
2024-10-08 19:50:57.659 | INFO     | trainer_1:_train_one_epoch:193 - epoch 11 8.52s Train loss is [0.4635] 
2024-10-08 19:51:07.528 | INFO     | trainer_1:_train_one_epoch:201 - validate 11 cost time 9.87s, result: {'hit@1': 0.0106, 'ndcg@1': 0.0106, 'hit@5': 0.0419, 'ndcg@5': 0.0263, 'hit@10': 0.0701, 'ndcg@10': 0.0354, 'hit@15': 0.0958, 'ndcg@15': 0.0421, 'hit@20': 0.1189, 'ndcg@20': 0.0476, 'hit@40': 0.1908, 'ndcg@40': 0.0622} 
2024-10-08 19:51:17.206 | INFO     | trainer_1:_train_one_epoch:209 - test 11 cost time 9.68s, result: {'hit@1': 0.0067, 'ndcg@1': 0.0067, 'hit@5': 0.0263, 'ndcg@5': 0.0163, 'hit@10': 0.0473, 'ndcg@10': 0.023, 'hit@15': 0.0642, 'ndcg@15': 0.0275, 'hit@20': 0.0803, 'ndcg@20': 0.0313, 'hit@40': 0.1355, 'ndcg@40': 0.0425} 
2024-10-08 19:51:25.639 | INFO     | trainer_1:_train_one_epoch:193 - epoch 12 8.43s Train loss is [0.4607] 
2024-10-08 19:51:35.512 | INFO     | trainer_1:_train_one_epoch:201 - validate 12 cost time 9.87s, result: {'hit@1': 0.0101, 'ndcg@1': 0.0101, 'hit@5': 0.0408, 'ndcg@5': 0.0253, 'hit@10': 0.0706, 'ndcg@10': 0.0349, 'hit@15': 0.0969, 'ndcg@15': 0.0418, 'hit@20': 0.1199, 'ndcg@20': 0.0473, 'hit@40': 0.2019, 'ndcg@40': 0.0639} 
2024-10-08 19:51:45.200 | INFO     | trainer_1:_train_one_epoch:209 - test 12 cost time 9.69s, result: {'hit@1': 0.0076, 'ndcg@1': 0.0076, 'hit@5': 0.0266, 'ndcg@5': 0.0167, 'hit@10': 0.0477, 'ndcg@10': 0.0234, 'hit@15': 0.0661, 'ndcg@15': 0.0283, 'hit@20': 0.0841, 'ndcg@20': 0.0325, 'hit@40': 0.1429, 'ndcg@40': 0.0445} 
2024-10-08 19:51:53.743 | INFO     | trainer_1:_train_one_epoch:193 - epoch 13 8.54s Train loss is [0.4427] 
2024-10-08 19:52:03.615 | INFO     | trainer_1:_train_one_epoch:201 - validate 13 cost time 9.87s, result: {'hit@1': 0.0122, 'ndcg@1': 0.0122, 'hit@5': 0.0454, 'ndcg@5': 0.0287, 'hit@10': 0.0755, 'ndcg@10': 0.0383, 'hit@15': 0.1013, 'ndcg@15': 0.0451, 'hit@20': 0.1254, 'ndcg@20': 0.0508, 'hit@40': 0.2027, 'ndcg@40': 0.0666} 
2024-10-08 19:52:13.292 | INFO     | trainer_1:_train_one_epoch:209 - test 13 cost time 9.68s, result: {'hit@1': 0.0075, 'ndcg@1': 0.0075, 'hit@5': 0.0284, 'ndcg@5': 0.0178, 'hit@10': 0.0495, 'ndcg@10': 0.0245, 'hit@15': 0.0679, 'ndcg@15': 0.0294, 'hit@20': 0.0848, 'ndcg@20': 0.0334, 'hit@40': 0.1469, 'ndcg@40': 0.046} 
2024-10-08 19:52:21.760 | INFO     | trainer_1:_train_one_epoch:193 - epoch 14 8.47s Train loss is [0.4397] 
2024-10-08 19:52:31.640 | INFO     | trainer_1:_train_one_epoch:201 - validate 14 cost time 9.88s, result: {'hit@1': 0.0125, 'ndcg@1': 0.0125, 'hit@5': 0.0454, 'ndcg@5': 0.0287, 'hit@10': 0.077, 'ndcg@10': 0.0389, 'hit@15': 0.1015, 'ndcg@15': 0.0454, 'hit@20': 0.1267, 'ndcg@20': 0.0513, 'hit@40': 0.2081, 'ndcg@40': 0.0679} 
2024-10-08 19:52:41.354 | INFO     | trainer_1:_train_one_epoch:209 - test 14 cost time 9.71s, result: {'hit@1': 0.0079, 'ndcg@1': 0.0079, 'hit@5': 0.0297, 'ndcg@5': 0.0187, 'hit@10': 0.0512, 'ndcg@10': 0.0256, 'hit@15': 0.0709, 'ndcg@15': 0.0308, 'hit@20': 0.0869, 'ndcg@20': 0.0346, 'hit@40': 0.1446, 'ndcg@40': 0.0463} 
2024-10-08 19:53:00.255 | INFO     | trainer_1:_train_one_epoch:193 - epoch 15 8.56s Train loss is [0.4233] 
2024-10-08 19:53:07.877 | INFO     | trainer_1:_train_one_epoch:201 - validate 15 cost time 7.62s, result: {'hit@1': 0.0113, 'ndcg@1': 0.0113, 'hit@5': 0.0466, 'ndcg@5': 0.029, 'hit@10': 0.0778, 'ndcg@10': 0.0391, 'hit@15': 0.1051, 'ndcg@15': 0.0463, 'hit@20': 0.1292, 'ndcg@20': 0.052, 'hit@40': 0.2064, 'ndcg@40': 0.0677} 
2024-10-08 19:53:15.338 | INFO     | trainer_1:_train_one_epoch:209 - test 15 cost time 7.46s, result: {'hit@1': 0.0076, 'ndcg@1': 0.0076, 'hit@5': 0.0297, 'ndcg@5': 0.0186, 'hit@10': 0.0521, 'ndcg@10': 0.0258, 'hit@15': 0.0702, 'ndcg@15': 0.0306, 'hit@20': 0.088, 'ndcg@20': 0.0348, 'hit@40': 0.1497, 'ndcg@40': 0.0473} 
2024-10-08 19:53:34.596 | INFO     | trainer_1:_train_one_epoch:193 - epoch 16 8.40s Train loss is [0.4271] 
2024-10-08 19:53:41.762 | INFO     | trainer_1:_train_one_epoch:201 - validate 16 cost time 7.17s, result: {'hit@1': 0.0128, 'ndcg@1': 0.0128, 'hit@5': 0.0478, 'ndcg@5': 0.0303, 'hit@10': 0.0799, 'ndcg@10': 0.0406, 'hit@15': 0.1084, 'ndcg@15': 0.0481, 'hit@20': 0.1325, 'ndcg@20': 0.0538, 'hit@40': 0.2152, 'ndcg@40': 0.0706} 
2024-10-08 19:53:50.675 | INFO     | trainer_1:_train_one_epoch:209 - test 16 cost time 8.91s, result: {'hit@1': 0.0078, 'ndcg@1': 0.0078, 'hit@5': 0.0302, 'ndcg@5': 0.0189, 'hit@10': 0.0526, 'ndcg@10': 0.026, 'hit@15': 0.0708, 'ndcg@15': 0.0308, 'hit@20': 0.0907, 'ndcg@20': 0.0355, 'hit@40': 0.1531, 'ndcg@40': 0.0482} 
2024-10-08 19:54:09.277 | INFO     | trainer_1:_train_one_epoch:193 - epoch 17 8.23s Train loss is [0.4133] 
2024-10-08 19:54:15.307 | INFO     | trainer_1:_train_one_epoch:201 - validate 17 cost time 6.03s, result: {'hit@1': 0.0123, 'ndcg@1': 0.0123, 'hit@5': 0.0452, 'ndcg@5': 0.0286, 'hit@10': 0.0749, 'ndcg@10': 0.0381, 'hit@15': 0.0989, 'ndcg@15': 0.0444, 'hit@20': 0.1224, 'ndcg@20': 0.05, 'hit@40': 0.2009, 'ndcg@40': 0.0659} 
2024-10-08 19:54:21.556 | INFO     | trainer_1:_train_one_epoch:209 - test 17 cost time 6.25s, result: {'hit@1': 0.0069, 'ndcg@1': 0.0069, 'hit@5': 0.0285, 'ndcg@5': 0.0176, 'hit@10': 0.0484, 'ndcg@10': 0.024, 'hit@15': 0.0661, 'ndcg@15': 0.0287, 'hit@20': 0.0835, 'ndcg@20': 0.0328, 'hit@40': 0.141, 'ndcg@40': 0.0445} 
2024-10-08 19:54:29.991 | INFO     | trainer_1:_train_one_epoch:193 - epoch 18 8.43s Train loss is [0.4032] 
2024-10-08 19:54:37.716 | INFO     | trainer_1:_train_one_epoch:201 - validate 18 cost time 7.72s, result: {'hit@1': 0.0143, 'ndcg@1': 0.0143, 'hit@5': 0.0501, 'ndcg@5': 0.0322, 'hit@10': 0.0835, 'ndcg@10': 0.043, 'hit@15': 0.1114, 'ndcg@15': 0.0503, 'hit@20': 0.1368, 'ndcg@20': 0.0563, 'hit@40': 0.2203, 'ndcg@40': 0.0733} 
2024-10-08 19:54:44.604 | INFO     | trainer_1:_train_one_epoch:209 - test 18 cost time 6.89s, result: {'hit@1': 0.0074, 'ndcg@1': 0.0074, 'hit@5': 0.0322, 'ndcg@5': 0.0199, 'hit@10': 0.0573, 'ndcg@10': 0.0279, 'hit@15': 0.0778, 'ndcg@15': 0.0333, 'hit@20': 0.095, 'ndcg@20': 0.0374, 'hit@40': 0.16, 'ndcg@40': 0.0506} 
2024-10-08 19:55:03.577 | INFO     | trainer_1:_train_one_epoch:193 - epoch 19 8.45s Train loss is [0.4057] 
2024-10-08 19:55:11.262 | INFO     | trainer_1:_train_one_epoch:201 - validate 19 cost time 7.68s, result: {'hit@1': 0.015, 'ndcg@1': 0.015, 'hit@5': 0.0521, 'ndcg@5': 0.0334, 'hit@10': 0.0861, 'ndcg@10': 0.0444, 'hit@15': 0.1148, 'ndcg@15': 0.052, 'hit@20': 0.1407, 'ndcg@20': 0.0581, 'hit@40': 0.2288, 'ndcg@40': 0.076} 
2024-10-08 19:55:18.792 | INFO     | trainer_1:_train_one_epoch:209 - test 19 cost time 7.53s, result: {'hit@1': 0.0087, 'ndcg@1': 0.0087, 'hit@5': 0.0343, 'ndcg@5': 0.0215, 'hit@10': 0.058, 'ndcg@10': 0.0291, 'hit@15': 0.0785, 'ndcg@15': 0.0345, 'hit@20': 0.0973, 'ndcg@20': 0.0389, 'hit@40': 0.1635, 'ndcg@40': 0.0524} 
2024-10-08 19:55:37.703 | INFO     | trainer_1:_train_one_epoch:193 - epoch 20 8.39s Train loss is [0.3895] 
2024-10-08 19:55:44.544 | INFO     | trainer_1:_train_one_epoch:201 - validate 20 cost time 6.84s, result: {'hit@1': 0.014, 'ndcg@1': 0.014, 'hit@5': 0.0506, 'ndcg@5': 0.0324, 'hit@10': 0.0865, 'ndcg@10': 0.0439, 'hit@15': 0.1176, 'ndcg@15': 0.0521, 'hit@20': 0.1431, 'ndcg@20': 0.0581, 'hit@40': 0.2282, 'ndcg@40': 0.0754} 
2024-10-08 19:55:52.062 | INFO     | trainer_1:_train_one_epoch:209 - test 20 cost time 7.52s, result: {'hit@1': 0.0099, 'ndcg@1': 0.0099, 'hit@5': 0.0344, 'ndcg@5': 0.0222, 'hit@10': 0.0582, 'ndcg@10': 0.0298, 'hit@15': 0.0802, 'ndcg@15': 0.0356, 'hit@20': 0.0994, 'ndcg@20': 0.0401, 'hit@40': 0.1633, 'ndcg@40': 0.0531} 
2024-10-08 19:56:10.623 | INFO     | trainer_1:_train_one_epoch:193 - epoch 21 8.25s Train loss is [0.3938] 
2024-10-08 19:56:16.983 | INFO     | trainer_1:_train_one_epoch:201 - validate 21 cost time 6.36s, result: {'hit@1': 0.0152, 'ndcg@1': 0.0152, 'hit@5': 0.0548, 'ndcg@5': 0.0351, 'hit@10': 0.0916, 'ndcg@10': 0.0469, 'hit@15': 0.1212, 'ndcg@15': 0.0547, 'hit@20': 0.1482, 'ndcg@20': 0.0611, 'hit@40': 0.2325, 'ndcg@40': 0.0782} 
2024-10-08 19:56:23.934 | INFO     | trainer_1:_train_one_epoch:209 - test 21 cost time 6.95s, result: {'hit@1': 0.0091, 'ndcg@1': 0.0091, 'hit@5': 0.0354, 'ndcg@5': 0.0222, 'hit@10': 0.0603, 'ndcg@10': 0.0302, 'hit@15': 0.0825, 'ndcg@15': 0.0361, 'hit@20': 0.1008, 'ndcg@20': 0.0404, 'hit@40': 0.1638, 'ndcg@40': 0.0533} 
2024-10-08 19:56:42.683 | INFO     | trainer_1:_train_one_epoch:193 - epoch 22 8.30s Train loss is [0.3922] 
2024-10-08 19:56:48.030 | INFO     | trainer_1:_train_one_epoch:201 - validate 22 cost time 5.35s, result: {'hit@1': 0.0158, 'ndcg@1': 0.0158, 'hit@5': 0.0556, 'ndcg@5': 0.0356, 'hit@10': 0.09, 'ndcg@10': 0.0466, 'hit@15': 0.1196, 'ndcg@15': 0.0544, 'hit@20': 0.1448, 'ndcg@20': 0.0603, 'hit@40': 0.2286, 'ndcg@40': 0.0774} 
2024-10-08 19:56:54.246 | INFO     | trainer_1:_train_one_epoch:209 - test 22 cost time 6.22s, result: {'hit@1': 0.0089, 'ndcg@1': 0.0089, 'hit@5': 0.0351, 'ndcg@5': 0.0219, 'hit@10': 0.0624, 'ndcg@10': 0.0306, 'hit@15': 0.0829, 'ndcg@15': 0.0361, 'hit@20': 0.1013, 'ndcg@20': 0.0404, 'hit@40': 0.1634, 'ndcg@40': 0.053} 
2024-10-08 19:57:12.970 | INFO     | trainer_1:_train_one_epoch:193 - epoch 23 8.40s Train loss is [0.3858] 
2024-10-08 19:57:18.597 | INFO     | trainer_1:_train_one_epoch:201 - validate 23 cost time 5.63s, result: {'hit@1': 0.0156, 'ndcg@1': 0.0156, 'hit@5': 0.0551, 'ndcg@5': 0.0355, 'hit@10': 0.0915, 'ndcg@10': 0.0471, 'hit@15': 0.1217, 'ndcg@15': 0.055, 'hit@20': 0.1497, 'ndcg@20': 0.0617, 'hit@40': 0.2378, 'ndcg@40': 0.0795} 
2024-10-08 19:57:23.469 | INFO     | trainer_1:_train_one_epoch:209 - test 23 cost time 4.87s, result: {'hit@1': 0.0084, 'ndcg@1': 0.0084, 'hit@5': 0.0367, 'ndcg@5': 0.0225, 'hit@10': 0.0619, 'ndcg@10': 0.0306, 'hit@15': 0.0843, 'ndcg@15': 0.0365, 'hit@20': 0.1059, 'ndcg@20': 0.0416, 'hit@40': 0.1701, 'ndcg@40': 0.0547} 
2024-10-08 19:57:32.016 | INFO     | trainer_1:_train_one_epoch:193 - epoch 24 8.55s Train loss is [0.3796] 
2024-10-08 19:57:39.473 | INFO     | trainer_1:_train_one_epoch:201 - validate 24 cost time 7.46s, result: {'hit@1': 0.0158, 'ndcg@1': 0.0158, 'hit@5': 0.0577, 'ndcg@5': 0.0369, 'hit@10': 0.0956, 'ndcg@10': 0.049, 'hit@15': 0.1264, 'ndcg@15': 0.0571, 'hit@20': 0.1525, 'ndcg@20': 0.0633, 'hit@40': 0.2385, 'ndcg@40': 0.0808} 
2024-10-08 19:57:47.027 | INFO     | trainer_1:_train_one_epoch:209 - test 24 cost time 7.55s, result: {'hit@1': 0.0099, 'ndcg@1': 0.0099, 'hit@5': 0.0373, 'ndcg@5': 0.0236, 'hit@10': 0.0623, 'ndcg@10': 0.0316, 'hit@15': 0.0846, 'ndcg@15': 0.0375, 'hit@20': 0.105, 'ndcg@20': 0.0423, 'hit@40': 0.1686, 'ndcg@40': 0.0553} 
2024-10-08 19:57:55.479 | INFO     | trainer_1:_train_one_epoch:193 - epoch 25 8.45s Train loss is [0.3800] 
2024-10-08 19:58:00.557 | INFO     | trainer_1:_train_one_epoch:201 - validate 25 cost time 5.08s, result: {'hit@1': 0.0167, 'ndcg@1': 0.0167, 'hit@5': 0.0576, 'ndcg@5': 0.0372, 'hit@10': 0.0934, 'ndcg@10': 0.0487, 'hit@15': 0.1235, 'ndcg@15': 0.0567, 'hit@20': 0.1498, 'ndcg@20': 0.0629, 'hit@40': 0.236, 'ndcg@40': 0.0804} 
2024-10-08 19:58:05.779 | INFO     | trainer_1:_train_one_epoch:209 - test 25 cost time 5.22s, result: {'hit@1': 0.0109, 'ndcg@1': 0.0109, 'hit@5': 0.0374, 'ndcg@5': 0.024, 'hit@10': 0.0634, 'ndcg@10': 0.0324, 'hit@15': 0.0852, 'ndcg@15': 0.0381, 'hit@20': 0.1048, 'ndcg@20': 0.0427, 'hit@40': 0.1699, 'ndcg@40': 0.056} 
2024-10-08 19:58:24.565 | INFO     | trainer_1:_train_one_epoch:193 - epoch 26 8.40s Train loss is [0.3824] 
2024-10-08 19:58:33.559 | INFO     | trainer_1:_train_one_epoch:201 - validate 26 cost time 8.99s, result: {'hit@1': 0.0179, 'ndcg@1': 0.0179, 'hit@5': 0.0572, 'ndcg@5': 0.0374, 'hit@10': 0.0942, 'ndcg@10': 0.0493, 'hit@15': 0.1247, 'ndcg@15': 0.0573, 'hit@20': 0.151, 'ndcg@20': 0.0636, 'hit@40': 0.2356, 'ndcg@40': 0.0808} 
2024-10-08 19:58:41.110 | INFO     | trainer_1:_train_one_epoch:209 - test 26 cost time 7.55s, result: {'hit@1': 0.0104, 'ndcg@1': 0.0104, 'hit@5': 0.0373, 'ndcg@5': 0.0239, 'hit@10': 0.0616, 'ndcg@10': 0.0317, 'hit@15': 0.0814, 'ndcg@15': 0.0369, 'hit@20': 0.1007, 'ndcg@20': 0.0414, 'hit@40': 0.1667, 'ndcg@40': 0.0549} 
2024-10-08 19:58:49.481 | INFO     | trainer_1:_train_one_epoch:193 - epoch 27 8.37s Train loss is [0.3679] 
2024-10-08 19:58:55.782 | INFO     | trainer_1:_train_one_epoch:201 - validate 27 cost time 6.30s, result: {'hit@1': 0.0168, 'ndcg@1': 0.0168, 'hit@5': 0.0578, 'ndcg@5': 0.0374, 'hit@10': 0.0949, 'ndcg@10': 0.0493, 'hit@15': 0.1259, 'ndcg@15': 0.0574, 'hit@20': 0.1512, 'ndcg@20': 0.0634, 'hit@40': 0.2381, 'ndcg@40': 0.0811} 
2024-10-08 19:59:02.843 | INFO     | trainer_1:_train_one_epoch:209 - test 27 cost time 7.06s, result: {'hit@1': 0.0113, 'ndcg@1': 0.0113, 'hit@5': 0.0384, 'ndcg@5': 0.0248, 'hit@10': 0.0641, 'ndcg@10': 0.0331, 'hit@15': 0.0869, 'ndcg@15': 0.0391, 'hit@20': 0.105, 'ndcg@20': 0.0433, 'hit@40': 0.1687, 'ndcg@40': 0.0563} 
2024-10-08 19:59:22.346 | INFO     | trainer_1:_train_one_epoch:193 - epoch 28 8.43s Train loss is [0.3643] 
2024-10-08 19:59:29.171 | INFO     | trainer_1:_train_one_epoch:201 - validate 28 cost time 6.82s, result: {'hit@1': 0.0163, 'ndcg@1': 0.0163, 'hit@5': 0.0562, 'ndcg@5': 0.0364, 'hit@10': 0.0941, 'ndcg@10': 0.0486, 'hit@15': 0.1271, 'ndcg@15': 0.0573, 'hit@20': 0.1531, 'ndcg@20': 0.0634, 'hit@40': 0.2392, 'ndcg@40': 0.0809} 
2024-10-08 19:59:36.738 | INFO     | trainer_1:_train_one_epoch:209 - test 28 cost time 7.57s, result: {'hit@1': 0.0102, 'ndcg@1': 0.0102, 'hit@5': 0.0363, 'ndcg@5': 0.0233, 'hit@10': 0.0637, 'ndcg@10': 0.032, 'hit@15': 0.0868, 'ndcg@15': 0.0381, 'hit@20': 0.1066, 'ndcg@20': 0.0428, 'hit@40': 0.1714, 'ndcg@40': 0.0559} 
2024-10-08 19:59:45.141 | INFO     | trainer_1:_train_one_epoch:193 - epoch 29 8.40s Train loss is [0.3704] 
2024-10-08 19:59:51.492 | INFO     | trainer_1:_train_one_epoch:201 - validate 29 cost time 6.35s, result: {'hit@1': 0.0166, 'ndcg@1': 0.0166, 'hit@5': 0.0564, 'ndcg@5': 0.0366, 'hit@10': 0.093, 'ndcg@10': 0.0483, 'hit@15': 0.1241, 'ndcg@15': 0.0565, 'hit@20': 0.1504, 'ndcg@20': 0.0627, 'hit@40': 0.2373, 'ndcg@40': 0.0804} 
2024-10-08 19:59:56.379 | INFO     | trainer_1:_train_one_epoch:209 - test 29 cost time 4.89s, result: {'hit@1': 0.0104, 'ndcg@1': 0.0104, 'hit@5': 0.0344, 'ndcg@5': 0.0223, 'hit@10': 0.0602, 'ndcg@10': 0.0306, 'hit@15': 0.0825, 'ndcg@15': 0.0364, 'hit@20': 0.102, 'ndcg@20': 0.041, 'hit@40': 0.1657, 'ndcg@40': 0.054} 
2024-10-08 20:00:04.863 | INFO     | trainer_1:_train_one_epoch:193 - epoch 30 8.48s Train loss is [0.3717] 
2024-10-08 20:00:11.965 | INFO     | trainer_1:_train_one_epoch:201 - validate 30 cost time 7.10s, result: {'hit@1': 0.0172, 'ndcg@1': 0.0172, 'hit@5': 0.0578, 'ndcg@5': 0.0375, 'hit@10': 0.0957, 'ndcg@10': 0.0497, 'hit@15': 0.1289, 'ndcg@15': 0.0584, 'hit@20': 0.1576, 'ndcg@20': 0.0652, 'hit@40': 0.2442, 'ndcg@40': 0.0828} 
2024-10-08 20:00:19.396 | INFO     | trainer_1:_train_one_epoch:209 - test 30 cost time 7.43s, result: {'hit@1': 0.0111, 'ndcg@1': 0.0111, 'hit@5': 0.0373, 'ndcg@5': 0.0242, 'hit@10': 0.0645, 'ndcg@10': 0.0329, 'hit@15': 0.0883, 'ndcg@15': 0.0392, 'hit@20': 0.1084, 'ndcg@20': 0.0439, 'hit@40': 0.1787, 'ndcg@40': 0.0582} 
2024-10-08 20:00:39.619 | INFO     | trainer_1:_train_one_epoch:193 - epoch 31 9.10s Train loss is [0.3595] 
2024-10-08 20:00:47.252 | INFO     | trainer_1:_train_one_epoch:201 - validate 31 cost time 7.63s, result: {'hit@1': 0.0162, 'ndcg@1': 0.0162, 'hit@5': 0.0578, 'ndcg@5': 0.037, 'hit@10': 0.0957, 'ndcg@10': 0.0491, 'hit@15': 0.1276, 'ndcg@15': 0.0575, 'hit@20': 0.1557, 'ndcg@20': 0.0642, 'hit@40': 0.2474, 'ndcg@40': 0.0829} 
2024-10-08 20:00:54.641 | INFO     | trainer_1:_train_one_epoch:209 - test 31 cost time 7.39s, result: {'hit@1': 0.0099, 'ndcg@1': 0.0099, 'hit@5': 0.0379, 'ndcg@5': 0.0238, 'hit@10': 0.0641, 'ndcg@10': 0.0322, 'hit@15': 0.0864, 'ndcg@15': 0.038, 'hit@20': 0.1083, 'ndcg@20': 0.0432, 'hit@40': 0.1752, 'ndcg@40': 0.0568} 
2024-10-08 20:01:03.279 | INFO     | trainer_1:_train_one_epoch:193 - epoch 32 8.64s Train loss is [0.3621] 
2024-10-08 20:01:09.652 | INFO     | trainer_1:_train_one_epoch:201 - validate 32 cost time 6.37s, result: {'hit@1': 0.0162, 'ndcg@1': 0.0162, 'hit@5': 0.0588, 'ndcg@5': 0.0374, 'hit@10': 0.0972, 'ndcg@10': 0.0497, 'hit@15': 0.129, 'ndcg@15': 0.0581, 'hit@20': 0.1556, 'ndcg@20': 0.0644, 'hit@40': 0.2423, 'ndcg@40': 0.082} 
2024-10-08 20:01:17.868 | INFO     | trainer_1:_train_one_epoch:209 - test 32 cost time 8.22s, result: {'hit@1': 0.0106, 'ndcg@1': 0.0106, 'hit@5': 0.038, 'ndcg@5': 0.0243, 'hit@10': 0.0646, 'ndcg@10': 0.0328, 'hit@15': 0.0858, 'ndcg@15': 0.0384, 'hit@20': 0.106, 'ndcg@20': 0.0432, 'hit@40': 0.1731, 'ndcg@40': 0.0568} 
2024-10-08 20:01:37.265 | INFO     | trainer_1:_train_one_epoch:193 - epoch 33 8.40s Train loss is [0.3567] 
2024-10-08 20:01:42.468 | INFO     | trainer_1:_train_one_epoch:201 - validate 33 cost time 5.20s, result: {'hit@1': 0.0165, 'ndcg@1': 0.0165, 'hit@5': 0.062, 'ndcg@5': 0.0393, 'hit@10': 0.1014, 'ndcg@10': 0.052, 'hit@15': 0.1311, 'ndcg@15': 0.0598, 'hit@20': 0.1606, 'ndcg@20': 0.0667, 'hit@40': 0.2534, 'ndcg@40': 0.0856} 
2024-10-08 20:01:48.645 | INFO     | trainer_1:_train_one_epoch:209 - test 33 cost time 6.18s, result: {'hit@1': 0.011, 'ndcg@1': 0.011, 'hit@5': 0.0388, 'ndcg@5': 0.0247, 'hit@10': 0.0656, 'ndcg@10': 0.0333, 'hit@15': 0.089, 'ndcg@15': 0.0394, 'hit@20': 0.1098, 'ndcg@20': 0.0444, 'hit@40': 0.1786, 'ndcg@40': 0.0584} 
2024-10-08 20:02:07.864 | INFO     | trainer_1:_train_one_epoch:193 - epoch 34 8.47s Train loss is [0.3569] 
2024-10-08 20:02:16.111 | INFO     | trainer_1:_train_one_epoch:201 - validate 34 cost time 8.25s, result: {'hit@1': 0.0159, 'ndcg@1': 0.0159, 'hit@5': 0.0608, 'ndcg@5': 0.0385, 'hit@10': 0.1024, 'ndcg@10': 0.0518, 'hit@15': 0.1338, 'ndcg@15': 0.0601, 'hit@20': 0.1619, 'ndcg@20': 0.0667, 'hit@40': 0.2519, 'ndcg@40': 0.085} 
2024-10-08 20:02:22.397 | INFO     | trainer_1:_train_one_epoch:209 - test 34 cost time 6.29s, result: {'hit@1': 0.0111, 'ndcg@1': 0.0111, 'hit@5': 0.0389, 'ndcg@5': 0.0248, 'hit@10': 0.0661, 'ndcg@10': 0.0335, 'hit@15': 0.0882, 'ndcg@15': 0.0394, 'hit@20': 0.1103, 'ndcg@20': 0.0446, 'hit@40': 0.1786, 'ndcg@40': 0.0585} 
2024-10-08 20:02:41.565 | INFO     | trainer_1:_train_one_epoch:193 - epoch 35 8.40s Train loss is [0.3575] 
2024-10-08 20:02:49.101 | INFO     | trainer_1:_train_one_epoch:201 - validate 35 cost time 7.54s, result: {'hit@1': 0.0171, 'ndcg@1': 0.0171, 'hit@5': 0.0613, 'ndcg@5': 0.0392, 'hit@10': 0.1007, 'ndcg@10': 0.0518, 'hit@15': 0.1349, 'ndcg@15': 0.0608, 'hit@20': 0.1648, 'ndcg@20': 0.0679, 'hit@40': 0.2568, 'ndcg@40': 0.0867} 
2024-10-08 20:02:55.363 | INFO     | trainer_1:_train_one_epoch:209 - test 35 cost time 6.26s, result: {'hit@1': 0.0118, 'ndcg@1': 0.0118, 'hit@5': 0.0389, 'ndcg@5': 0.0252, 'hit@10': 0.0666, 'ndcg@10': 0.034, 'hit@15': 0.0901, 'ndcg@15': 0.0402, 'hit@20': 0.1122, 'ndcg@20': 0.0454, 'hit@40': 0.1828, 'ndcg@40': 0.0597} 
2024-10-08 20:03:14.498 | INFO     | trainer_1:_train_one_epoch:193 - epoch 36 8.43s Train loss is [0.3621] 
2024-10-08 20:03:21.034 | INFO     | trainer_1:_train_one_epoch:201 - validate 36 cost time 6.54s, result: {'hit@1': 0.0162, 'ndcg@1': 0.0162, 'hit@5': 0.0597, 'ndcg@5': 0.0379, 'hit@10': 0.0977, 'ndcg@10': 0.0501, 'hit@15': 0.1285, 'ndcg@15': 0.0582, 'hit@20': 0.1592, 'ndcg@20': 0.0655, 'hit@40': 0.2489, 'ndcg@40': 0.0837} 
2024-10-08 20:03:29.051 | INFO     | trainer_1:_train_one_epoch:209 - test 36 cost time 8.02s, result: {'hit@1': 0.0111, 'ndcg@1': 0.0111, 'hit@5': 0.0376, 'ndcg@5': 0.0243, 'hit@10': 0.0649, 'ndcg@10': 0.0331, 'hit@15': 0.0882, 'ndcg@15': 0.0392, 'hit@20': 0.1094, 'ndcg@20': 0.0442, 'hit@40': 0.1783, 'ndcg@40': 0.0582} 
2024-10-08 20:03:37.527 | INFO     | trainer_1:_train_one_epoch:193 - epoch 37 8.48s Train loss is [0.3537] 
2024-10-08 20:03:46.671 | INFO     | trainer_1:_train_one_epoch:201 - validate 37 cost time 9.14s, result: {'hit@1': 0.0165, 'ndcg@1': 0.0165, 'hit@5': 0.0615, 'ndcg@5': 0.0387, 'hit@10': 0.0985, 'ndcg@10': 0.0506, 'hit@15': 0.13, 'ndcg@15': 0.0589, 'hit@20': 0.1573, 'ndcg@20': 0.0653, 'hit@40': 0.2482, 'ndcg@40': 0.0839} 
2024-10-08 20:03:52.784 | INFO     | trainer_1:_train_one_epoch:209 - test 37 cost time 6.11s, result: {'hit@1': 0.0112, 'ndcg@1': 0.0112, 'hit@5': 0.0383, 'ndcg@5': 0.0248, 'hit@10': 0.0647, 'ndcg@10': 0.0333, 'hit@15': 0.0883, 'ndcg@15': 0.0395, 'hit@20': 0.1096, 'ndcg@20': 0.0445, 'hit@40': 0.178, 'ndcg@40': 0.0584} 
2024-10-08 20:04:01.164 | INFO     | trainer_1:_train_one_epoch:193 - epoch 38 8.38s Train loss is [0.3457] 
2024-10-08 20:04:07.581 | INFO     | trainer_1:_train_one_epoch:201 - validate 38 cost time 6.42s, result: {'hit@1': 0.0165, 'ndcg@1': 0.0165, 'hit@5': 0.0613, 'ndcg@5': 0.0388, 'hit@10': 0.098, 'ndcg@10': 0.0506, 'hit@15': 0.1305, 'ndcg@15': 0.0592, 'hit@20': 0.1599, 'ndcg@20': 0.0661, 'hit@40': 0.25, 'ndcg@40': 0.0845} 
2024-10-08 20:04:15.027 | INFO     | trainer_1:_train_one_epoch:209 - test 38 cost time 7.45s, result: {'hit@1': 0.0114, 'ndcg@1': 0.0114, 'hit@5': 0.0396, 'ndcg@5': 0.0253, 'hit@10': 0.0675, 'ndcg@10': 0.0342, 'hit@15': 0.0895, 'ndcg@15': 0.04, 'hit@20': 0.1101, 'ndcg@20': 0.0449, 'hit@40': 0.1802, 'ndcg@40': 0.0592} 
2024-10-08 20:04:34.089 | INFO     | trainer_1:_train_one_epoch:193 - epoch 39 8.49s Train loss is [0.3435] 
2024-10-08 20:04:42.124 | INFO     | trainer_1:_train_one_epoch:201 - validate 39 cost time 8.03s, result: {'hit@1': 0.0162, 'ndcg@1': 0.0162, 'hit@5': 0.0577, 'ndcg@5': 0.0371, 'hit@10': 0.0959, 'ndcg@10': 0.0493, 'hit@15': 0.1271, 'ndcg@15': 0.0576, 'hit@20': 0.1577, 'ndcg@20': 0.0648, 'hit@40': 0.249, 'ndcg@40': 0.0834} 
2024-10-08 20:04:51.018 | INFO     | trainer_1:_train_one_epoch:209 - test 39 cost time 8.89s, result: {'hit@1': 0.0107, 'ndcg@1': 0.0107, 'hit@5': 0.037, 'ndcg@5': 0.0238, 'hit@10': 0.0632, 'ndcg@10': 0.0321, 'hit@15': 0.0869, 'ndcg@15': 0.0384, 'hit@20': 0.1073, 'ndcg@20': 0.0432, 'hit@40': 0.1781, 'ndcg@40': 0.0576} 
2024-10-08 20:04:59.485 | INFO     | trainer_1:_train_one_epoch:193 - epoch 40 8.47s Train loss is [0.3429] 
2024-10-08 20:05:06.886 | INFO     | trainer_1:_train_one_epoch:201 - validate 40 cost time 7.40s, result: {'hit@1': 0.0173, 'ndcg@1': 0.0173, 'hit@5': 0.0597, 'ndcg@5': 0.0383, 'hit@10': 0.0963, 'ndcg@10': 0.0501, 'hit@15': 0.1294, 'ndcg@15': 0.0588, 'hit@20': 0.1609, 'ndcg@20': 0.0663, 'hit@40': 0.253, 'ndcg@40': 0.085} 
2024-10-08 20:05:13.277 | INFO     | trainer_1:_train_one_epoch:209 - test 40 cost time 6.39s, result: {'hit@1': 0.0114, 'ndcg@1': 0.0114, 'hit@5': 0.0378, 'ndcg@5': 0.0243, 'hit@10': 0.0646, 'ndcg@10': 0.0329, 'hit@15': 0.0868, 'ndcg@15': 0.0388, 'hit@20': 0.1078, 'ndcg@20': 0.0438, 'hit@40': 0.1801, 'ndcg@40': 0.0584} 
2024-10-08 20:05:21.694 | INFO     | trainer_1:_train_one_epoch:193 - epoch 41 8.42s Train loss is [0.3514] 
2024-10-08 20:05:29.274 | INFO     | trainer_1:_train_one_epoch:201 - validate 41 cost time 7.58s, result: {'hit@1': 0.0158, 'ndcg@1': 0.0158, 'hit@5': 0.058, 'ndcg@5': 0.0371, 'hit@10': 0.0989, 'ndcg@10': 0.0502, 'hit@15': 0.1318, 'ndcg@15': 0.0589, 'hit@20': 0.1597, 'ndcg@20': 0.0655, 'hit@40': 0.2537, 'ndcg@40': 0.0846} 
2024-10-08 20:05:36.500 | INFO     | trainer_1:_train_one_epoch:209 - test 41 cost time 7.23s, result: {'hit@1': 0.0117, 'ndcg@1': 0.0117, 'hit@5': 0.0398, 'ndcg@5': 0.0255, 'hit@10': 0.0665, 'ndcg@10': 0.034, 'hit@15': 0.0903, 'ndcg@15': 0.0403, 'hit@20': 0.1115, 'ndcg@20': 0.0453, 'hit@40': 0.1811, 'ndcg@40': 0.0595} 
2024-10-08 20:05:45.025 | INFO     | trainer_1:_train_one_epoch:193 - epoch 42 8.52s Train loss is [0.3481] 
2024-10-08 20:05:52.748 | INFO     | trainer_1:_train_one_epoch:201 - validate 42 cost time 7.72s, result: {'hit@1': 0.0165, 'ndcg@1': 0.0165, 'hit@5': 0.0604, 'ndcg@5': 0.0387, 'hit@10': 0.1008, 'ndcg@10': 0.0516, 'hit@15': 0.1329, 'ndcg@15': 0.0601, 'hit@20': 0.1614, 'ndcg@20': 0.0668, 'hit@40': 0.2572, 'ndcg@40': 0.0863} 
2024-10-08 20:06:00.201 | INFO     | trainer_1:_train_one_epoch:209 - test 42 cost time 7.45s, result: {'hit@1': 0.0114, 'ndcg@1': 0.0114, 'hit@5': 0.0393, 'ndcg@5': 0.0252, 'hit@10': 0.0668, 'ndcg@10': 0.034, 'hit@15': 0.0911, 'ndcg@15': 0.0404, 'hit@20': 0.1129, 'ndcg@20': 0.0455, 'hit@40': 0.1858, 'ndcg@40': 0.0604} 
2024-10-08 20:06:08.545 | INFO     | trainer_1:_train_one_epoch:193 - epoch 43 8.34s Train loss is [0.3530] 
2024-10-08 20:06:13.569 | INFO     | trainer_1:_train_one_epoch:201 - validate 43 cost time 5.02s, result: {'hit@1': 0.017, 'ndcg@1': 0.017, 'hit@5': 0.0624, 'ndcg@5': 0.0398, 'hit@10': 0.1024, 'ndcg@10': 0.0527, 'hit@15': 0.1364, 'ndcg@15': 0.0617, 'hit@20': 0.1677, 'ndcg@20': 0.0691, 'hit@40': 0.2637, 'ndcg@40': 0.0886} 
2024-10-08 20:06:19.123 | INFO     | trainer_1:_train_one_epoch:209 - test 43 cost time 5.55s, result: {'hit@1': 0.0114, 'ndcg@1': 0.0114, 'hit@5': 0.0429, 'ndcg@5': 0.027, 'hit@10': 0.0722, 'ndcg@10': 0.0364, 'hit@15': 0.0966, 'ndcg@15': 0.0428, 'hit@20': 0.1211, 'ndcg@20': 0.0486, 'hit@40': 0.1939, 'ndcg@40': 0.0635} 
2024-10-08 20:06:38.057 | INFO     | trainer_1:_train_one_epoch:193 - epoch 44 8.41s Train loss is [0.3424] 
2024-10-08 20:06:45.827 | INFO     | trainer_1:_train_one_epoch:201 - validate 44 cost time 7.77s, result: {'hit@1': 0.0159, 'ndcg@1': 0.0159, 'hit@5': 0.0599, 'ndcg@5': 0.0382, 'hit@10': 0.101, 'ndcg@10': 0.0514, 'hit@15': 0.1329, 'ndcg@15': 0.0598, 'hit@20': 0.1625, 'ndcg@20': 0.0668, 'hit@40': 0.2572, 'ndcg@40': 0.0861} 
2024-10-08 20:06:52.111 | INFO     | trainer_1:_train_one_epoch:209 - test 44 cost time 6.28s, result: {'hit@1': 0.011, 'ndcg@1': 0.011, 'hit@5': 0.0389, 'ndcg@5': 0.0248, 'hit@10': 0.0653, 'ndcg@10': 0.0333, 'hit@15': 0.0903, 'ndcg@15': 0.0399, 'hit@20': 0.114, 'ndcg@20': 0.0455, 'hit@40': 0.1864, 'ndcg@40': 0.0602} 
2024-10-08 20:07:00.531 | INFO     | trainer_1:_train_one_epoch:193 - epoch 45 8.42s Train loss is [0.3381] 
2024-10-08 20:07:08.209 | INFO     | trainer_1:_train_one_epoch:201 - validate 45 cost time 7.68s, result: {'hit@1': 0.0169, 'ndcg@1': 0.0169, 'hit@5': 0.0612, 'ndcg@5': 0.0394, 'hit@10': 0.1043, 'ndcg@10': 0.0533, 'hit@15': 0.1379, 'ndcg@15': 0.0622, 'hit@20': 0.1675, 'ndcg@20': 0.0692, 'hit@40': 0.2642, 'ndcg@40': 0.0888} 
2024-10-08 20:07:15.742 | INFO     | trainer_1:_train_one_epoch:209 - test 45 cost time 7.53s, result: {'hit@1': 0.0111, 'ndcg@1': 0.0111, 'hit@5': 0.0405, 'ndcg@5': 0.0258, 'hit@10': 0.0676, 'ndcg@10': 0.0344, 'hit@15': 0.0932, 'ndcg@15': 0.0412, 'hit@20': 0.1148, 'ndcg@20': 0.0463, 'hit@40': 0.187, 'ndcg@40': 0.0609} 
2024-10-08 20:07:24.244 | INFO     | trainer_1:_train_one_epoch:193 - epoch 46 8.50s Train loss is [0.3367] 
2024-10-08 20:07:31.139 | INFO     | trainer_1:_train_one_epoch:201 - validate 46 cost time 6.89s, result: {'hit@1': 0.0172, 'ndcg@1': 0.0172, 'hit@5': 0.0607, 'ndcg@5': 0.039, 'hit@10': 0.0988, 'ndcg@10': 0.0513, 'hit@15': 0.1326, 'ndcg@15': 0.0602, 'hit@20': 0.1617, 'ndcg@20': 0.0671, 'hit@40': 0.2517, 'ndcg@40': 0.0854} 
2024-10-08 20:07:38.667 | INFO     | trainer_1:_train_one_epoch:209 - test 46 cost time 7.53s, result: {'hit@1': 0.0113, 'ndcg@1': 0.0113, 'hit@5': 0.0398, 'ndcg@5': 0.0254, 'hit@10': 0.0671, 'ndcg@10': 0.0341, 'hit@15': 0.0889, 'ndcg@15': 0.0399, 'hit@20': 0.1113, 'ndcg@20': 0.0452, 'hit@40': 0.1807, 'ndcg@40': 0.0593} 
2024-10-08 20:07:47.082 | INFO     | trainer_1:_train_one_epoch:193 - epoch 47 8.41s Train loss is [0.3419] 
2024-10-08 20:07:54.019 | INFO     | trainer_1:_train_one_epoch:201 - validate 47 cost time 6.94s, result: {'hit@1': 0.0169, 'ndcg@1': 0.0169, 'hit@5': 0.0619, 'ndcg@5': 0.0394, 'hit@10': 0.1039, 'ndcg@10': 0.0529, 'hit@15': 0.1377, 'ndcg@15': 0.0618, 'hit@20': 0.1662, 'ndcg@20': 0.0685, 'hit@40': 0.2569, 'ndcg@40': 0.087} 
2024-10-08 20:08:00.278 | INFO     | trainer_1:_train_one_epoch:209 - test 47 cost time 6.26s, result: {'hit@1': 0.011, 'ndcg@1': 0.011, 'hit@5': 0.0414, 'ndcg@5': 0.026, 'hit@10': 0.0688, 'ndcg@10': 0.0347, 'hit@15': 0.094, 'ndcg@15': 0.0413, 'hit@20': 0.1146, 'ndcg@20': 0.0462, 'hit@40': 0.1846, 'ndcg@40': 0.0604} 
2024-10-08 20:08:08.640 | INFO     | trainer_1:_train_one_epoch:193 - epoch 48 8.36s Train loss is [0.3459] 
2024-10-08 20:08:16.262 | INFO     | trainer_1:_train_one_epoch:201 - validate 48 cost time 7.62s, result: {'hit@1': 0.0171, 'ndcg@1': 0.0171, 'hit@5': 0.0619, 'ndcg@5': 0.0395, 'hit@10': 0.1031, 'ndcg@10': 0.0527, 'hit@15': 0.1378, 'ndcg@15': 0.0619, 'hit@20': 0.1651, 'ndcg@20': 0.0683, 'hit@40': 0.2558, 'ndcg@40': 0.0867} 
2024-10-08 20:08:23.574 | INFO     | trainer_1:_train_one_epoch:209 - test 48 cost time 7.31s, result: {'hit@1': 0.011, 'ndcg@1': 0.011, 'hit@5': 0.0413, 'ndcg@5': 0.0261, 'hit@10': 0.0697, 'ndcg@10': 0.0351, 'hit@15': 0.0921, 'ndcg@15': 0.041, 'hit@20': 0.1143, 'ndcg@20': 0.0463, 'hit@40': 0.1841, 'ndcg@40': 0.0605} 
2024-10-08 20:08:32.134 | INFO     | trainer_1:_train_one_epoch:193 - epoch 49 8.56s Train loss is [0.3244] 
2024-10-08 20:08:39.880 | INFO     | trainer_1:_train_one_epoch:201 - validate 49 cost time 7.75s, result: {'hit@1': 0.0169, 'ndcg@1': 0.0169, 'hit@5': 0.0609, 'ndcg@5': 0.0391, 'hit@10': 0.102, 'ndcg@10': 0.0522, 'hit@15': 0.1347, 'ndcg@15': 0.0608, 'hit@20': 0.1641, 'ndcg@20': 0.0678, 'hit@40': 0.2581, 'ndcg@40': 0.0869} 
2024-10-08 20:08:47.370 | INFO     | trainer_1:_train_one_epoch:209 - test 49 cost time 7.49s, result: {'hit@1': 0.0103, 'ndcg@1': 0.0103, 'hit@5': 0.0402, 'ndcg@5': 0.0253, 'hit@10': 0.0683, 'ndcg@10': 0.0343, 'hit@15': 0.0919, 'ndcg@15': 0.0405, 'hit@20': 0.1146, 'ndcg@20': 0.0459, 'hit@40': 0.185, 'ndcg@40': 0.0602} 
2024-10-08 20:08:55.706 | INFO     | trainer_1:_train_one_epoch:193 - epoch 50 8.34s Train loss is [0.3391] 
2024-10-08 20:09:00.732 | INFO     | trainer_1:_train_one_epoch:201 - validate 50 cost time 5.03s, result: {'hit@1': 0.0169, 'ndcg@1': 0.0169, 'hit@5': 0.062, 'ndcg@5': 0.0394, 'hit@10': 0.1041, 'ndcg@10': 0.0529, 'hit@15': 0.1384, 'ndcg@15': 0.0619, 'hit@20': 0.1675, 'ndcg@20': 0.0688, 'hit@40': 0.2616, 'ndcg@40': 0.0879} 
2024-10-08 20:09:05.805 | INFO     | trainer_1:_train_one_epoch:209 - test 50 cost time 5.07s, result: {'hit@1': 0.0114, 'ndcg@1': 0.0114, 'hit@5': 0.0423, 'ndcg@5': 0.0267, 'hit@10': 0.0704, 'ndcg@10': 0.0357, 'hit@15': 0.0961, 'ndcg@15': 0.0425, 'hit@20': 0.1176, 'ndcg@20': 0.0475, 'hit@40': 0.1892, 'ndcg@40': 0.0621} 
2024-10-08 20:09:05.816 | INFO     | trainer_1:train_model:163 - training end, best iteration 45, results: {'hit@1': 0.017, 'ndcg@1': 0.017, 'hit@5': 0.0624, 'ndcg@5': 0.0398, 'hit@10': 0.1024, 'ndcg@10': 0.0527, 'hit@15': 0.1364, 'ndcg@15': 0.0617, 'hit@20': 0.1677, 'ndcg@20': 0.0691, 'hit@40': 0.2637, 'ndcg@40': 0.0886}
2024-10-08 20:09:05.817 | INFO     | trainer_1:train_model:166 - final test result is:  {'hit@1': 0.0114, 'ndcg@1': 0.0114, 'hit@5': 0.0429, 'ndcg@5': 0.027, 'hit@10': 0.0722, 'ndcg@10': 0.0364, 'hit@15': 0.0966, 'ndcg@15': 0.0428, 'hit@20': 0.1211, 'ndcg@20': 0.0486, 'hit@40': 0.1939, 'ndcg@40': 0.0635}
2024-10-08 20:09:06.108 | INFO     | __main__:<module>:119 - train end total cost time: 1850.523843050003
