2024-10-09 01:37:06.394 | INFO     | __main__:<module>:105 - Namespace(TIME='2024-10-09 01_36_34', batch_size=1024, behaviors=['view', 'cart', 'buy'], check_point='model_pre_1_2024-10-08 11_17_41.pth', data_name='beibei', data_path='./data/beibei', decay=0.001, device='cuda:1', dim_qk=32, dim_v=64, distill_layers=2, distill_thres=0.5, distill_topK=40, distill_userK=8, embedding_size=64, epochs=100, gpu_no=1, if_load_model=True, ii_lambda=200, initializer_range=0.02, layers=2, loss_type='bpr', lr=0.001, message_dropout=0.25, metrics=['hit', 'ndcg'], min_epoch=5, model_name='main_1', model_path='./check_point', node_dropout=0.75, omega=1, pt_loop=50, reg_weight=0.001, test_batch_size=1024, testbatch=1024, topk=[1, 5, 10, 15, 20, 40], uu_lambda=100)
2024-10-09 01:37:06.395 | INFO     | __main__:<module>:106 - BIPN(
  (message_dropout): Dropout(p=0.25, inplace=False)
  (user_embedding): Embedding(21717, 64, padding_idx=0)
  (item_embedding): Embedding(7978, 64, padding_idx=0)
  (global_Graph): LightGCN()
  (Graph_encoder): ModuleDict(
    (view): GraphEncoder(
      (light): LightGCN()
      (dropout): Dropout(p=0.75, inplace=False)
    )
    (cart): GraphEncoder(
      (light): LightGCN()
      (dropout): Dropout(p=0.75, inplace=False)
    )
    (buy): GraphEncoder(
      (light): LightGCN()
      (dropout): Dropout(p=0.75, inplace=False)
    )
  )
  (attention): Mutual_Attention()
  (bpr_loss): BPRLoss()
  (emb_loss): EmbLoss()
  (f): Sigmoid()
)
2024-10-09 02:10:20.445 | INFO     | trainer_1:_train_one_epoch:193 - epoch 1 6.73s Train loss is [0.9486] 
2024-10-09 02:10:29.502 | INFO     | trainer_1:_train_one_epoch:201 - validate 1 cost time 9.06s, result: {'hit@1': 0.0066, 'ndcg@1': 0.0066, 'hit@5': 0.0279, 'ndcg@5': 0.0171, 'hit@10': 0.0488, 'ndcg@10': 0.0238, 'hit@15': 0.068, 'ndcg@15': 0.0289, 'hit@20': 0.0862, 'ndcg@20': 0.0332, 'hit@40': 0.1486, 'ndcg@40': 0.0459} 
2024-10-09 02:10:38.518 | INFO     | trainer_1:_train_one_epoch:209 - test 1 cost time 9.02s, result: {'hit@1': 0.0041, 'ndcg@1': 0.0041, 'hit@5': 0.0173, 'ndcg@5': 0.0105, 'hit@10': 0.0346, 'ndcg@10': 0.016, 'hit@15': 0.0484, 'ndcg@15': 0.0197, 'hit@20': 0.0616, 'ndcg@20': 0.0228, 'hit@40': 0.1132, 'ndcg@40': 0.0332} 
2024-10-09 02:10:55.787 | INFO     | trainer_1:_train_one_epoch:193 - epoch 2 6.48s Train loss is [0.7220] 
2024-10-09 02:11:02.940 | INFO     | trainer_1:_train_one_epoch:201 - validate 2 cost time 7.15s, result: {'hit@1': 0.0095, 'ndcg@1': 0.0095, 'hit@5': 0.0348, 'ndcg@5': 0.0219, 'hit@10': 0.0608, 'ndcg@10': 0.0302, 'hit@15': 0.0824, 'ndcg@15': 0.0359, 'hit@20': 0.102, 'ndcg@20': 0.0406, 'hit@40': 0.1676, 'ndcg@40': 0.0539} 
2024-10-09 02:11:09.970 | INFO     | trainer_1:_train_one_epoch:209 - test 2 cost time 7.03s, result: {'hit@1': 0.0049, 'ndcg@1': 0.0049, 'hit@5': 0.0223, 'ndcg@5': 0.0134, 'hit@10': 0.0413, 'ndcg@10': 0.0195, 'hit@15': 0.0571, 'ndcg@15': 0.0236, 'hit@20': 0.0728, 'ndcg@20': 0.0273, 'hit@40': 0.1214, 'ndcg@40': 0.0372} 
2024-10-09 02:11:27.278 | INFO     | trainer_1:_train_one_epoch:193 - epoch 3 6.52s Train loss is [0.6439] 
2024-10-09 02:11:34.388 | INFO     | trainer_1:_train_one_epoch:201 - validate 3 cost time 7.11s, result: {'hit@1': 0.0076, 'ndcg@1': 0.0076, 'hit@5': 0.0319, 'ndcg@5': 0.0195, 'hit@10': 0.0589, 'ndcg@10': 0.0281, 'hit@15': 0.0839, 'ndcg@15': 0.0347, 'hit@20': 0.1039, 'ndcg@20': 0.0394, 'hit@40': 0.1751, 'ndcg@40': 0.054} 
2024-10-09 02:11:41.573 | INFO     | trainer_1:_train_one_epoch:209 - test 3 cost time 7.18s, result: {'hit@1': 0.0042, 'ndcg@1': 0.0042, 'hit@5': 0.0199, 'ndcg@5': 0.0119, 'hit@10': 0.0386, 'ndcg@10': 0.0179, 'hit@15': 0.0562, 'ndcg@15': 0.0225, 'hit@20': 0.0717, 'ndcg@20': 0.0262, 'hit@40': 0.1263, 'ndcg@40': 0.0373} 
2024-10-09 02:11:47.764 | INFO     | trainer_1:_train_one_epoch:193 - epoch 4 6.19s Train loss is [0.5928] 
2024-10-09 02:11:55.263 | INFO     | trainer_1:_train_one_epoch:201 - validate 4 cost time 7.50s, result: {'hit@1': 0.0083, 'ndcg@1': 0.0083, 'hit@5': 0.0317, 'ndcg@5': 0.0198, 'hit@10': 0.0565, 'ndcg@10': 0.0277, 'hit@15': 0.0789, 'ndcg@15': 0.0337, 'hit@20': 0.0991, 'ndcg@20': 0.0384, 'hit@40': 0.1651, 'ndcg@40': 0.0519} 
2024-10-09 02:12:02.490 | INFO     | trainer_1:_train_one_epoch:209 - test 4 cost time 7.23s, result: {'hit@1': 0.0042, 'ndcg@1': 0.0042, 'hit@5': 0.018, 'ndcg@5': 0.011, 'hit@10': 0.0343, 'ndcg@10': 0.0162, 'hit@15': 0.0504, 'ndcg@15': 0.0204, 'hit@20': 0.0669, 'ndcg@20': 0.0243, 'hit@40': 0.1162, 'ndcg@40': 0.0343} 
2024-10-09 02:12:09.036 | INFO     | trainer_1:_train_one_epoch:193 - epoch 5 6.54s Train loss is [0.5534] 
2024-10-09 02:12:16.350 | INFO     | trainer_1:_train_one_epoch:201 - validate 5 cost time 7.31s, result: {'hit@1': 0.0129, 'ndcg@1': 0.0129, 'hit@5': 0.0384, 'ndcg@5': 0.0254, 'hit@10': 0.0653, 'ndcg@10': 0.034, 'hit@15': 0.0904, 'ndcg@15': 0.0407, 'hit@20': 0.1107, 'ndcg@20': 0.0454, 'hit@40': 0.1784, 'ndcg@40': 0.0592} 
2024-10-09 02:12:23.389 | INFO     | trainer_1:_train_one_epoch:209 - test 5 cost time 7.04s, result: {'hit@1': 0.0063, 'ndcg@1': 0.0063, 'hit@5': 0.0218, 'ndcg@5': 0.0138, 'hit@10': 0.0405, 'ndcg@10': 0.0198, 'hit@15': 0.057, 'ndcg@15': 0.0241, 'hit@20': 0.0709, 'ndcg@20': 0.0274, 'hit@40': 0.1201, 'ndcg@40': 0.0374} 
2024-10-09 02:12:29.637 | INFO     | trainer_1:_train_one_epoch:193 - epoch 6 6.25s Train loss is [0.5299] 
2024-10-09 02:12:34.567 | INFO     | trainer_1:_train_one_epoch:201 - validate 6 cost time 4.93s, result: {'hit@1': 0.0129, 'ndcg@1': 0.0129, 'hit@5': 0.0414, 'ndcg@5': 0.027, 'hit@10': 0.0669, 'ndcg@10': 0.0352, 'hit@15': 0.0927, 'ndcg@15': 0.042, 'hit@20': 0.1151, 'ndcg@20': 0.0472, 'hit@40': 0.186, 'ndcg@40': 0.0616} 
2024-10-09 02:12:40.703 | INFO     | trainer_1:_train_one_epoch:209 - test 6 cost time 6.14s, result: {'hit@1': 0.0067, 'ndcg@1': 0.0067, 'hit@5': 0.0246, 'ndcg@5': 0.0154, 'hit@10': 0.0423, 'ndcg@10': 0.0211, 'hit@15': 0.0589, 'ndcg@15': 0.0254, 'hit@20': 0.0744, 'ndcg@20': 0.0291, 'hit@40': 0.1265, 'ndcg@40': 0.0397} 
2024-10-09 02:12:57.425 | INFO     | trainer_1:_train_one_epoch:193 - epoch 7 6.22s Train loss is [0.5278] 
2024-10-09 02:13:04.822 | INFO     | trainer_1:_train_one_epoch:201 - validate 7 cost time 7.40s, result: {'hit@1': 0.0118, 'ndcg@1': 0.0118, 'hit@5': 0.0425, 'ndcg@5': 0.027, 'hit@10': 0.072, 'ndcg@10': 0.0364, 'hit@15': 0.0985, 'ndcg@15': 0.0434, 'hit@20': 0.1227, 'ndcg@20': 0.0491, 'hit@40': 0.195, 'ndcg@40': 0.0639} 
2024-10-09 02:13:10.781 | INFO     | trainer_1:_train_one_epoch:209 - test 7 cost time 5.96s, result: {'hit@1': 0.0066, 'ndcg@1': 0.0066, 'hit@5': 0.0245, 'ndcg@5': 0.0154, 'hit@10': 0.0423, 'ndcg@10': 0.0212, 'hit@15': 0.0609, 'ndcg@15': 0.0261, 'hit@20': 0.0784, 'ndcg@20': 0.0302, 'hit@40': 0.1336, 'ndcg@40': 0.0414} 
2024-10-09 02:13:17.131 | INFO     | trainer_1:_train_one_epoch:193 - epoch 8 6.35s Train loss is [0.4945] 
2024-10-09 02:13:23.513 | INFO     | trainer_1:_train_one_epoch:201 - validate 8 cost time 6.38s, result: {'hit@1': 0.0095, 'ndcg@1': 0.0095, 'hit@5': 0.0383, 'ndcg@5': 0.0237, 'hit@10': 0.0681, 'ndcg@10': 0.0331, 'hit@15': 0.0942, 'ndcg@15': 0.04, 'hit@20': 0.1197, 'ndcg@20': 0.046, 'hit@40': 0.1991, 'ndcg@40': 0.0622} 
2024-10-09 02:13:29.924 | INFO     | trainer_1:_train_one_epoch:209 - test 8 cost time 6.41s, result: {'hit@1': 0.0054, 'ndcg@1': 0.0054, 'hit@5': 0.0227, 'ndcg@5': 0.014, 'hit@10': 0.0421, 'ndcg@10': 0.0202, 'hit@15': 0.0598, 'ndcg@15': 0.0249, 'hit@20': 0.0778, 'ndcg@20': 0.0292, 'hit@40': 0.1354, 'ndcg@40': 0.0409} 
2024-10-09 02:13:36.574 | INFO     | trainer_1:_train_one_epoch:193 - epoch 9 6.65s Train loss is [0.4809] 
2024-10-09 02:13:44.283 | INFO     | trainer_1:_train_one_epoch:201 - validate 9 cost time 7.71s, result: {'hit@1': 0.0118, 'ndcg@1': 0.0118, 'hit@5': 0.0448, 'ndcg@5': 0.028, 'hit@10': 0.0772, 'ndcg@10': 0.0384, 'hit@15': 0.1046, 'ndcg@15': 0.0456, 'hit@20': 0.1287, 'ndcg@20': 0.0513, 'hit@40': 0.2068, 'ndcg@40': 0.0672} 
2024-10-09 02:13:51.725 | INFO     | trainer_1:_train_one_epoch:209 - test 9 cost time 7.44s, result: {'hit@1': 0.0068, 'ndcg@1': 0.0068, 'hit@5': 0.0259, 'ndcg@5': 0.0162, 'hit@10': 0.046, 'ndcg@10': 0.0226, 'hit@15': 0.0667, 'ndcg@15': 0.0281, 'hit@20': 0.0844, 'ndcg@20': 0.0323, 'hit@40': 0.1441, 'ndcg@40': 0.0444} 
2024-10-09 02:14:08.196 | INFO     | trainer_1:_train_one_epoch:193 - epoch 10 6.13s Train loss is [0.4717] 
2024-10-09 02:14:13.908 | INFO     | trainer_1:_train_one_epoch:201 - validate 10 cost time 5.71s, result: {'hit@1': 0.013, 'ndcg@1': 0.013, 'hit@5': 0.046, 'ndcg@5': 0.0294, 'hit@10': 0.0778, 'ndcg@10': 0.0396, 'hit@15': 0.1045, 'ndcg@15': 0.0467, 'hit@20': 0.1269, 'ndcg@20': 0.0519, 'hit@40': 0.2097, 'ndcg@40': 0.0688} 
2024-10-09 02:14:19.592 | INFO     | trainer_1:_train_one_epoch:209 - test 10 cost time 5.68s, result: {'hit@1': 0.0075, 'ndcg@1': 0.0075, 'hit@5': 0.0279, 'ndcg@5': 0.0175, 'hit@10': 0.0493, 'ndcg@10': 0.0243, 'hit@15': 0.0678, 'ndcg@15': 0.0292, 'hit@20': 0.0854, 'ndcg@20': 0.0334, 'hit@40': 0.1445, 'ndcg@40': 0.0454} 
2024-10-09 02:14:36.507 | INFO     | trainer_1:_train_one_epoch:193 - epoch 11 6.52s Train loss is [0.4649] 
2024-10-09 02:14:44.748 | INFO     | trainer_1:_train_one_epoch:201 - validate 11 cost time 8.24s, result: {'hit@1': 0.0106, 'ndcg@1': 0.0106, 'hit@5': 0.0408, 'ndcg@5': 0.0257, 'hit@10': 0.0695, 'ndcg@10': 0.0349, 'hit@15': 0.0957, 'ndcg@15': 0.0418, 'hit@20': 0.1174, 'ndcg@20': 0.0469, 'hit@40': 0.1897, 'ndcg@40': 0.0616} 
2024-10-09 02:14:51.406 | INFO     | trainer_1:_train_one_epoch:209 - test 11 cost time 6.66s, result: {'hit@1': 0.0065, 'ndcg@1': 0.0065, 'hit@5': 0.0256, 'ndcg@5': 0.0158, 'hit@10': 0.0462, 'ndcg@10': 0.0225, 'hit@15': 0.0636, 'ndcg@15': 0.0271, 'hit@20': 0.0797, 'ndcg@20': 0.0309, 'hit@40': 0.1342, 'ndcg@40': 0.042} 
2024-10-09 02:14:58.235 | INFO     | trainer_1:_train_one_epoch:193 - epoch 12 6.83s Train loss is [0.4618] 
2024-10-09 02:15:07.360 | INFO     | trainer_1:_train_one_epoch:201 - validate 12 cost time 9.12s, result: {'hit@1': 0.0099, 'ndcg@1': 0.0099, 'hit@5': 0.04, 'ndcg@5': 0.0249, 'hit@10': 0.0703, 'ndcg@10': 0.0346, 'hit@15': 0.0953, 'ndcg@15': 0.0412, 'hit@20': 0.1181, 'ndcg@20': 0.0466, 'hit@40': 0.2003, 'ndcg@40': 0.0633} 
2024-10-09 02:15:16.278 | INFO     | trainer_1:_train_one_epoch:209 - test 12 cost time 8.92s, result: {'hit@1': 0.0073, 'ndcg@1': 0.0073, 'hit@5': 0.0259, 'ndcg@5': 0.0163, 'hit@10': 0.0474, 'ndcg@10': 0.0232, 'hit@15': 0.0659, 'ndcg@15': 0.0281, 'hit@20': 0.0831, 'ndcg@20': 0.0321, 'hit@40': 0.1416, 'ndcg@40': 0.044} 
2024-10-09 02:15:22.924 | INFO     | trainer_1:_train_one_epoch:193 - epoch 13 6.65s Train loss is [0.4447] 
2024-10-09 02:15:29.761 | INFO     | trainer_1:_train_one_epoch:201 - validate 13 cost time 6.84s, result: {'hit@1': 0.0117, 'ndcg@1': 0.0117, 'hit@5': 0.0449, 'ndcg@5': 0.0283, 'hit@10': 0.0751, 'ndcg@10': 0.038, 'hit@15': 0.1, 'ndcg@15': 0.0446, 'hit@20': 0.1248, 'ndcg@20': 0.0504, 'hit@40': 0.2035, 'ndcg@40': 0.0664} 
2024-10-09 02:15:36.975 | INFO     | trainer_1:_train_one_epoch:209 - test 13 cost time 7.21s, result: {'hit@1': 0.0071, 'ndcg@1': 0.0071, 'hit@5': 0.028, 'ndcg@5': 0.0174, 'hit@10': 0.0498, 'ndcg@10': 0.0245, 'hit@15': 0.0677, 'ndcg@15': 0.0292, 'hit@20': 0.0849, 'ndcg@20': 0.0332, 'hit@40': 0.146, 'ndcg@40': 0.0457} 
2024-10-09 02:15:54.028 | INFO     | trainer_1:_train_one_epoch:193 - epoch 14 6.72s Train loss is [0.4404] 
2024-10-09 02:16:00.022 | INFO     | trainer_1:_train_one_epoch:201 - validate 14 cost time 5.99s, result: {'hit@1': 0.0124, 'ndcg@1': 0.0124, 'hit@5': 0.0453, 'ndcg@5': 0.0287, 'hit@10': 0.0772, 'ndcg@10': 0.0389, 'hit@15': 0.1003, 'ndcg@15': 0.045, 'hit@20': 0.1254, 'ndcg@20': 0.0509, 'hit@40': 0.2058, 'ndcg@40': 0.0673} 
2024-10-09 02:16:05.876 | INFO     | trainer_1:_train_one_epoch:209 - test 14 cost time 5.85s, result: {'hit@1': 0.0077, 'ndcg@1': 0.0077, 'hit@5': 0.0294, 'ndcg@5': 0.0185, 'hit@10': 0.0505, 'ndcg@10': 0.0252, 'hit@15': 0.0702, 'ndcg@15': 0.0304, 'hit@20': 0.0867, 'ndcg@20': 0.0343, 'hit@40': 0.1451, 'ndcg@40': 0.0462} 
2024-10-09 02:16:23.267 | INFO     | trainer_1:_train_one_epoch:193 - epoch 15 6.67s Train loss is [0.4247] 
2024-10-09 02:16:29.765 | INFO     | trainer_1:_train_one_epoch:201 - validate 15 cost time 6.50s, result: {'hit@1': 0.0114, 'ndcg@1': 0.0114, 'hit@5': 0.0462, 'ndcg@5': 0.0288, 'hit@10': 0.0772, 'ndcg@10': 0.0388, 'hit@15': 0.1037, 'ndcg@15': 0.0458, 'hit@20': 0.1286, 'ndcg@20': 0.0517, 'hit@40': 0.2068, 'ndcg@40': 0.0676} 
2024-10-09 02:16:35.633 | INFO     | trainer_1:_train_one_epoch:209 - test 15 cost time 5.87s, result: {'hit@1': 0.0077, 'ndcg@1': 0.0077, 'hit@5': 0.03, 'ndcg@5': 0.0188, 'hit@10': 0.0513, 'ndcg@10': 0.0256, 'hit@15': 0.0703, 'ndcg@15': 0.0306, 'hit@20': 0.0879, 'ndcg@20': 0.0347, 'hit@40': 0.1499, 'ndcg@40': 0.0474} 
2024-10-09 02:16:52.668 | INFO     | trainer_1:_train_one_epoch:193 - epoch 16 6.46s Train loss is [0.4276] 
2024-10-09 02:16:59.997 | INFO     | trainer_1:_train_one_epoch:201 - validate 16 cost time 7.33s, result: {'hit@1': 0.0128, 'ndcg@1': 0.0128, 'hit@5': 0.0473, 'ndcg@5': 0.03, 'hit@10': 0.0787, 'ndcg@10': 0.0401, 'hit@15': 0.1065, 'ndcg@15': 0.0474, 'hit@20': 0.1313, 'ndcg@20': 0.0533, 'hit@40': 0.2151, 'ndcg@40': 0.0703} 
2024-10-09 02:17:05.790 | INFO     | trainer_1:_train_one_epoch:209 - test 16 cost time 5.79s, result: {'hit@1': 0.0075, 'ndcg@1': 0.0075, 'hit@5': 0.0297, 'ndcg@5': 0.0186, 'hit@10': 0.0524, 'ndcg@10': 0.0258, 'hit@15': 0.0718, 'ndcg@15': 0.0309, 'hit@20': 0.0898, 'ndcg@20': 0.0352, 'hit@40': 0.1533, 'ndcg@40': 0.0481} 
2024-10-09 02:17:22.727 | INFO     | trainer_1:_train_one_epoch:193 - epoch 17 6.65s Train loss is [0.4133] 
2024-10-09 02:17:31.730 | INFO     | trainer_1:_train_one_epoch:201 - validate 17 cost time 9.00s, result: {'hit@1': 0.0123, 'ndcg@1': 0.0123, 'hit@5': 0.0453, 'ndcg@5': 0.0286, 'hit@10': 0.0742, 'ndcg@10': 0.0379, 'hit@15': 0.0994, 'ndcg@15': 0.0446, 'hit@20': 0.1218, 'ndcg@20': 0.0499, 'hit@40': 0.2009, 'ndcg@40': 0.066} 
2024-10-09 02:17:39.363 | INFO     | trainer_1:_train_one_epoch:209 - test 17 cost time 7.63s, result: {'hit@1': 0.007, 'ndcg@1': 0.007, 'hit@5': 0.0286, 'ndcg@5': 0.0177, 'hit@10': 0.0486, 'ndcg@10': 0.0242, 'hit@15': 0.0664, 'ndcg@15': 0.0289, 'hit@20': 0.0839, 'ndcg@20': 0.033, 'hit@40': 0.1407, 'ndcg@40': 0.0445} 
2024-10-09 02:17:46.165 | INFO     | trainer_1:_train_one_epoch:193 - epoch 18 6.80s Train loss is [0.4033] 
2024-10-09 02:17:54.335 | INFO     | trainer_1:_train_one_epoch:201 - validate 18 cost time 8.17s, result: {'hit@1': 0.0147, 'ndcg@1': 0.0147, 'hit@5': 0.049, 'ndcg@5': 0.0318, 'hit@10': 0.0837, 'ndcg@10': 0.043, 'hit@15': 0.1106, 'ndcg@15': 0.0501, 'hit@20': 0.1358, 'ndcg@20': 0.056, 'hit@40': 0.22, 'ndcg@40': 0.0731} 
2024-10-09 02:18:03.336 | INFO     | trainer_1:_train_one_epoch:209 - test 18 cost time 9.00s, result: {'hit@1': 0.0075, 'ndcg@1': 0.0075, 'hit@5': 0.0326, 'ndcg@5': 0.0201, 'hit@10': 0.0564, 'ndcg@10': 0.0277, 'hit@15': 0.0778, 'ndcg@15': 0.0334, 'hit@20': 0.0962, 'ndcg@20': 0.0377, 'hit@40': 0.1614, 'ndcg@40': 0.0509} 
2024-10-09 02:18:20.217 | INFO     | trainer_1:_train_one_epoch:193 - epoch 19 6.41s Train loss is [0.4057] 
2024-10-09 02:18:26.562 | INFO     | trainer_1:_train_one_epoch:201 - validate 19 cost time 6.35s, result: {'hit@1': 0.0149, 'ndcg@1': 0.0149, 'hit@5': 0.052, 'ndcg@5': 0.0334, 'hit@10': 0.0852, 'ndcg@10': 0.044, 'hit@15': 0.1159, 'ndcg@15': 0.0521, 'hit@20': 0.1396, 'ndcg@20': 0.0577, 'hit@40': 0.2284, 'ndcg@40': 0.0758} 
2024-10-09 02:18:34.206 | INFO     | trainer_1:_train_one_epoch:209 - test 19 cost time 7.64s, result: {'hit@1': 0.0087, 'ndcg@1': 0.0087, 'hit@5': 0.0334, 'ndcg@5': 0.0211, 'hit@10': 0.0582, 'ndcg@10': 0.029, 'hit@15': 0.0787, 'ndcg@15': 0.0344, 'hit@20': 0.0977, 'ndcg@20': 0.0389, 'hit@40': 0.1646, 'ndcg@40': 0.0525} 
2024-10-09 02:18:51.219 | INFO     | trainer_1:_train_one_epoch:193 - epoch 20 6.61s Train loss is [0.3898] 
2024-10-09 02:18:58.043 | INFO     | trainer_1:_train_one_epoch:201 - validate 20 cost time 6.82s, result: {'hit@1': 0.0139, 'ndcg@1': 0.0139, 'hit@5': 0.0507, 'ndcg@5': 0.0324, 'hit@10': 0.0858, 'ndcg@10': 0.0437, 'hit@15': 0.1164, 'ndcg@15': 0.0518, 'hit@20': 0.1429, 'ndcg@20': 0.0581, 'hit@40': 0.228, 'ndcg@40': 0.0753} 
2024-10-09 02:19:07.046 | INFO     | trainer_1:_train_one_epoch:209 - test 20 cost time 9.00s, result: {'hit@1': 0.01, 'ndcg@1': 0.01, 'hit@5': 0.0341, 'ndcg@5': 0.0219, 'hit@10': 0.0588, 'ndcg@10': 0.0298, 'hit@15': 0.0795, 'ndcg@15': 0.0353, 'hit@20': 0.0989, 'ndcg@20': 0.0399, 'hit@40': 0.1628, 'ndcg@40': 0.0529} 
2024-10-09 02:19:24.011 | INFO     | trainer_1:_train_one_epoch:193 - epoch 21 6.59s Train loss is [0.3932] 
2024-10-09 02:19:30.772 | INFO     | trainer_1:_train_one_epoch:201 - validate 21 cost time 6.76s, result: {'hit@1': 0.0152, 'ndcg@1': 0.0152, 'hit@5': 0.0547, 'ndcg@5': 0.035, 'hit@10': 0.0915, 'ndcg@10': 0.0468, 'hit@15': 0.1197, 'ndcg@15': 0.0542, 'hit@20': 0.1473, 'ndcg@20': 0.0607, 'hit@40': 0.2313, 'ndcg@40': 0.0778} 
2024-10-09 02:19:39.426 | INFO     | trainer_1:_train_one_epoch:209 - test 21 cost time 8.65s, result: {'hit@1': 0.0093, 'ndcg@1': 0.0093, 'hit@5': 0.0351, 'ndcg@5': 0.0221, 'hit@10': 0.0601, 'ndcg@10': 0.0302, 'hit@15': 0.0817, 'ndcg@15': 0.0359, 'hit@20': 0.1009, 'ndcg@20': 0.0404, 'hit@40': 0.1643, 'ndcg@40': 0.0533} 
2024-10-09 02:19:56.377 | INFO     | trainer_1:_train_one_epoch:193 - epoch 22 6.64s Train loss is [0.3935] 
2024-10-09 02:20:03.197 | INFO     | trainer_1:_train_one_epoch:201 - validate 22 cost time 6.82s, result: {'hit@1': 0.0162, 'ndcg@1': 0.0162, 'hit@5': 0.0558, 'ndcg@5': 0.0358, 'hit@10': 0.0907, 'ndcg@10': 0.047, 'hit@15': 0.1185, 'ndcg@15': 0.0543, 'hit@20': 0.1443, 'ndcg@20': 0.0604, 'hit@40': 0.228, 'ndcg@40': 0.0775} 
2024-10-09 02:20:11.450 | INFO     | trainer_1:_train_one_epoch:209 - test 22 cost time 8.25s, result: {'hit@1': 0.0088, 'ndcg@1': 0.0088, 'hit@5': 0.0351, 'ndcg@5': 0.0219, 'hit@10': 0.0615, 'ndcg@10': 0.0303, 'hit@15': 0.0827, 'ndcg@15': 0.0359, 'hit@20': 0.1022, 'ndcg@20': 0.0405, 'hit@40': 0.1642, 'ndcg@40': 0.0531} 
2024-10-09 02:20:29.325 | INFO     | trainer_1:_train_one_epoch:193 - epoch 23 6.92s Train loss is [0.3871] 
2024-10-09 02:20:36.111 | INFO     | trainer_1:_train_one_epoch:201 - validate 23 cost time 6.79s, result: {'hit@1': 0.016, 'ndcg@1': 0.016, 'hit@5': 0.055, 'ndcg@5': 0.0357, 'hit@10': 0.091, 'ndcg@10': 0.0472, 'hit@15': 0.1217, 'ndcg@15': 0.0553, 'hit@20': 0.149, 'ndcg@20': 0.0617, 'hit@40': 0.2377, 'ndcg@40': 0.0798} 
2024-10-09 02:20:44.312 | INFO     | trainer_1:_train_one_epoch:209 - test 23 cost time 8.20s, result: {'hit@1': 0.0081, 'ndcg@1': 0.0081, 'hit@5': 0.0376, 'ndcg@5': 0.0227, 'hit@10': 0.0627, 'ndcg@10': 0.0307, 'hit@15': 0.0847, 'ndcg@15': 0.0365, 'hit@20': 0.1056, 'ndcg@20': 0.0414, 'hit@40': 0.1715, 'ndcg@40': 0.0548} 
2024-10-09 02:21:01.366 | INFO     | trainer_1:_train_one_epoch:193 - epoch 24 6.59s Train loss is [0.3814] 
2024-10-09 02:21:08.175 | INFO     | trainer_1:_train_one_epoch:201 - validate 24 cost time 6.81s, result: {'hit@1': 0.0154, 'ndcg@1': 0.0154, 'hit@5': 0.0569, 'ndcg@5': 0.0363, 'hit@10': 0.0944, 'ndcg@10': 0.0483, 'hit@15': 0.1263, 'ndcg@15': 0.0568, 'hit@20': 0.151, 'ndcg@20': 0.0626, 'hit@40': 0.2365, 'ndcg@40': 0.08} 
2024-10-09 02:21:16.104 | INFO     | trainer_1:_train_one_epoch:209 - test 24 cost time 7.93s, result: {'hit@1': 0.0098, 'ndcg@1': 0.0098, 'hit@5': 0.0369, 'ndcg@5': 0.0232, 'hit@10': 0.063, 'ndcg@10': 0.0316, 'hit@15': 0.0845, 'ndcg@15': 0.0373, 'hit@20': 0.1039, 'ndcg@20': 0.0419, 'hit@40': 0.1673, 'ndcg@40': 0.0548} 
2024-10-09 02:21:33.222 | INFO     | trainer_1:_train_one_epoch:193 - epoch 25 6.52s Train loss is [0.3811] 
2024-10-09 02:21:38.859 | INFO     | trainer_1:_train_one_epoch:201 - validate 25 cost time 5.64s, result: {'hit@1': 0.016, 'ndcg@1': 0.016, 'hit@5': 0.0573, 'ndcg@5': 0.0368, 'hit@10': 0.0935, 'ndcg@10': 0.0485, 'hit@15': 0.1242, 'ndcg@15': 0.0566, 'hit@20': 0.1486, 'ndcg@20': 0.0623, 'hit@40': 0.2349, 'ndcg@40': 0.0799} 
2024-10-09 02:21:44.568 | INFO     | trainer_1:_train_one_epoch:209 - test 25 cost time 5.71s, result: {'hit@1': 0.0108, 'ndcg@1': 0.0108, 'hit@5': 0.0374, 'ndcg@5': 0.024, 'hit@10': 0.063, 'ndcg@10': 0.0322, 'hit@15': 0.0862, 'ndcg@15': 0.0383, 'hit@20': 0.105, 'ndcg@20': 0.0428, 'hit@40': 0.171, 'ndcg@40': 0.0562} 
2024-10-09 02:21:53.311 | INFO     | trainer_1:_train_one_epoch:193 - epoch 26 8.74s Train loss is [0.3838] 
2024-10-09 02:21:58.754 | INFO     | trainer_1:_train_one_epoch:201 - validate 26 cost time 5.44s, result: {'hit@1': 0.0175, 'ndcg@1': 0.0175, 'hit@5': 0.0574, 'ndcg@5': 0.0374, 'hit@10': 0.0951, 'ndcg@10': 0.0495, 'hit@15': 0.1247, 'ndcg@15': 0.0573, 'hit@20': 0.1509, 'ndcg@20': 0.0634, 'hit@40': 0.2355, 'ndcg@40': 0.0807} 
2024-10-09 02:22:03.661 | INFO     | trainer_1:_train_one_epoch:209 - test 26 cost time 4.91s, result: {'hit@1': 0.01, 'ndcg@1': 0.01, 'hit@5': 0.0369, 'ndcg@5': 0.0236, 'hit@10': 0.0622, 'ndcg@10': 0.0317, 'hit@15': 0.0822, 'ndcg@15': 0.037, 'hit@20': 0.1016, 'ndcg@20': 0.0416, 'hit@40': 0.167, 'ndcg@40': 0.0549} 
2024-10-09 02:22:12.624 | INFO     | trainer_1:_train_one_epoch:193 - epoch 27 8.96s Train loss is [0.3681] 
2024-10-09 02:22:22.445 | INFO     | trainer_1:_train_one_epoch:201 - validate 27 cost time 9.82s, result: {'hit@1': 0.0172, 'ndcg@1': 0.0172, 'hit@5': 0.0583, 'ndcg@5': 0.0378, 'hit@10': 0.0946, 'ndcg@10': 0.0494, 'hit@15': 0.1257, 'ndcg@15': 0.0576, 'hit@20': 0.1528, 'ndcg@20': 0.064, 'hit@40': 0.2378, 'ndcg@40': 0.0813} 
2024-10-09 02:22:32.097 | INFO     | trainer_1:_train_one_epoch:209 - test 27 cost time 9.65s, result: {'hit@1': 0.0112, 'ndcg@1': 0.0112, 'hit@5': 0.038, 'ndcg@5': 0.0247, 'hit@10': 0.0633, 'ndcg@10': 0.0327, 'hit@15': 0.0868, 'ndcg@15': 0.0389, 'hit@20': 0.1055, 'ndcg@20': 0.0433, 'hit@40': 0.1692, 'ndcg@40': 0.0563} 
2024-10-09 02:22:52.281 | INFO     | trainer_1:_train_one_epoch:193 - epoch 28 8.55s Train loss is [0.3642] 
2024-10-09 02:23:02.153 | INFO     | trainer_1:_train_one_epoch:201 - validate 28 cost time 9.87s, result: {'hit@1': 0.0163, 'ndcg@1': 0.0163, 'hit@5': 0.0557, 'ndcg@5': 0.0363, 'hit@10': 0.094, 'ndcg@10': 0.0486, 'hit@15': 0.1263, 'ndcg@15': 0.0571, 'hit@20': 0.1526, 'ndcg@20': 0.0633, 'hit@40': 0.2386, 'ndcg@40': 0.0808} 
2024-10-09 02:23:11.805 | INFO     | trainer_1:_train_one_epoch:209 - test 28 cost time 9.65s, result: {'hit@1': 0.01, 'ndcg@1': 0.01, 'hit@5': 0.0364, 'ndcg@5': 0.0232, 'hit@10': 0.0641, 'ndcg@10': 0.032, 'hit@15': 0.0866, 'ndcg@15': 0.038, 'hit@20': 0.1061, 'ndcg@20': 0.0426, 'hit@40': 0.171, 'ndcg@40': 0.0558} 
2024-10-09 02:23:30.966 | INFO     | trainer_1:_train_one_epoch:193 - epoch 29 8.64s Train loss is [0.3710] 
2024-10-09 02:23:40.788 | INFO     | trainer_1:_train_one_epoch:201 - validate 29 cost time 9.82s, result: {'hit@1': 0.0162, 'ndcg@1': 0.0162, 'hit@5': 0.0556, 'ndcg@5': 0.0359, 'hit@10': 0.0921, 'ndcg@10': 0.0476, 'hit@15': 0.1232, 'ndcg@15': 0.0558, 'hit@20': 0.1491, 'ndcg@20': 0.0619, 'hit@40': 0.2366, 'ndcg@40': 0.0797} 
2024-10-09 02:23:50.429 | INFO     | trainer_1:_train_one_epoch:209 - test 29 cost time 9.64s, result: {'hit@1': 0.0103, 'ndcg@1': 0.0103, 'hit@5': 0.0348, 'ndcg@5': 0.0224, 'hit@10': 0.0589, 'ndcg@10': 0.0301, 'hit@15': 0.0816, 'ndcg@15': 0.0361, 'hit@20': 0.1012, 'ndcg@20': 0.0407, 'hit@40': 0.1657, 'ndcg@40': 0.0538} 
2024-10-09 02:23:59.023 | INFO     | trainer_1:_train_one_epoch:193 - epoch 30 8.59s Train loss is [0.3728] 
2024-10-09 02:24:08.839 | INFO     | trainer_1:_train_one_epoch:201 - validate 30 cost time 9.82s, result: {'hit@1': 0.0166, 'ndcg@1': 0.0166, 'hit@5': 0.0579, 'ndcg@5': 0.0373, 'hit@10': 0.0947, 'ndcg@10': 0.0491, 'hit@15': 0.1268, 'ndcg@15': 0.0576, 'hit@20': 0.1556, 'ndcg@20': 0.0644, 'hit@40': 0.2441, 'ndcg@40': 0.0824} 
2024-10-09 02:24:18.489 | INFO     | trainer_1:_train_one_epoch:209 - test 30 cost time 9.65s, result: {'hit@1': 0.0107, 'ndcg@1': 0.0107, 'hit@5': 0.0374, 'ndcg@5': 0.0241, 'hit@10': 0.0634, 'ndcg@10': 0.0324, 'hit@15': 0.088, 'ndcg@15': 0.0389, 'hit@20': 0.1083, 'ndcg@20': 0.0437, 'hit@40': 0.1781, 'ndcg@40': 0.0579} 
2024-10-09 02:24:27.111 | INFO     | trainer_1:_train_one_epoch:193 - epoch 31 8.62s Train loss is [0.3607] 
2024-10-09 02:24:36.931 | INFO     | trainer_1:_train_one_epoch:201 - validate 31 cost time 9.82s, result: {'hit@1': 0.0159, 'ndcg@1': 0.0159, 'hit@5': 0.0582, 'ndcg@5': 0.0369, 'hit@10': 0.0955, 'ndcg@10': 0.0489, 'hit@15': 0.1268, 'ndcg@15': 0.0571, 'hit@20': 0.1543, 'ndcg@20': 0.0636, 'hit@40': 0.2453, 'ndcg@40': 0.0822} 
2024-10-09 02:24:46.576 | INFO     | trainer_1:_train_one_epoch:209 - test 31 cost time 9.64s, result: {'hit@1': 0.0097, 'ndcg@1': 0.0097, 'hit@5': 0.037, 'ndcg@5': 0.0233, 'hit@10': 0.0634, 'ndcg@10': 0.0317, 'hit@15': 0.0873, 'ndcg@15': 0.038, 'hit@20': 0.1074, 'ndcg@20': 0.0428, 'hit@40': 0.1739, 'ndcg@40': 0.0563} 
2024-10-09 02:24:55.231 | INFO     | trainer_1:_train_one_epoch:193 - epoch 32 8.65s Train loss is [0.3628] 
2024-10-09 02:25:05.053 | INFO     | trainer_1:_train_one_epoch:201 - validate 32 cost time 9.82s, result: {'hit@1': 0.0162, 'ndcg@1': 0.0162, 'hit@5': 0.0573, 'ndcg@5': 0.0368, 'hit@10': 0.096, 'ndcg@10': 0.0491, 'hit@15': 0.1265, 'ndcg@15': 0.0572, 'hit@20': 0.154, 'ndcg@20': 0.0637, 'hit@40': 0.2406, 'ndcg@40': 0.0813} 
2024-10-09 02:25:14.693 | INFO     | trainer_1:_train_one_epoch:209 - test 32 cost time 9.64s, result: {'hit@1': 0.0102, 'ndcg@1': 0.0102, 'hit@5': 0.0379, 'ndcg@5': 0.024, 'hit@10': 0.063, 'ndcg@10': 0.0321, 'hit@15': 0.0866, 'ndcg@15': 0.0383, 'hit@20': 0.1055, 'ndcg@20': 0.0428, 'hit@40': 0.1725, 'ndcg@40': 0.0564} 
2024-10-09 02:25:23.232 | INFO     | trainer_1:_train_one_epoch:193 - epoch 33 8.54s Train loss is [0.3578] 
2024-10-09 02:25:33.085 | INFO     | trainer_1:_train_one_epoch:201 - validate 33 cost time 9.85s, result: {'hit@1': 0.0163, 'ndcg@1': 0.0163, 'hit@5': 0.0619, 'ndcg@5': 0.0392, 'hit@10': 0.1014, 'ndcg@10': 0.0518, 'hit@15': 0.1297, 'ndcg@15': 0.0593, 'hit@20': 0.1576, 'ndcg@20': 0.0658, 'hit@40': 0.25, 'ndcg@40': 0.0847} 
2024-10-09 02:25:42.833 | INFO     | trainer_1:_train_one_epoch:209 - test 33 cost time 9.75s, result: {'hit@1': 0.0112, 'ndcg@1': 0.0112, 'hit@5': 0.0388, 'ndcg@5': 0.0247, 'hit@10': 0.0659, 'ndcg@10': 0.0334, 'hit@15': 0.0874, 'ndcg@15': 0.039, 'hit@20': 0.1087, 'ndcg@20': 0.044, 'hit@40': 0.1779, 'ndcg@40': 0.0582} 
2024-10-09 02:26:01.665 | INFO     | trainer_1:_train_one_epoch:193 - epoch 34 8.37s Train loss is [0.3584] 
2024-10-09 02:26:08.181 | INFO     | trainer_1:_train_one_epoch:201 - validate 34 cost time 6.51s, result: {'hit@1': 0.0168, 'ndcg@1': 0.0168, 'hit@5': 0.0608, 'ndcg@5': 0.0387, 'hit@10': 0.1011, 'ndcg@10': 0.0517, 'hit@15': 0.1328, 'ndcg@15': 0.06, 'hit@20': 0.1613, 'ndcg@20': 0.0668, 'hit@40': 0.2506, 'ndcg@40': 0.0849} 
2024-10-09 02:26:16.460 | INFO     | trainer_1:_train_one_epoch:209 - test 34 cost time 8.28s, result: {'hit@1': 0.0112, 'ndcg@1': 0.0112, 'hit@5': 0.038, 'ndcg@5': 0.0244, 'hit@10': 0.0655, 'ndcg@10': 0.0333, 'hit@15': 0.088, 'ndcg@15': 0.0392, 'hit@20': 0.11, 'ndcg@20': 0.0444, 'hit@40': 0.1789, 'ndcg@40': 0.0584} 
2024-10-09 02:26:24.845 | INFO     | trainer_1:_train_one_epoch:193 - epoch 35 8.38s Train loss is [0.3586] 
2024-10-09 02:26:33.984 | INFO     | trainer_1:_train_one_epoch:201 - validate 35 cost time 9.14s, result: {'hit@1': 0.0171, 'ndcg@1': 0.0171, 'hit@5': 0.0609, 'ndcg@5': 0.0391, 'hit@10': 0.1008, 'ndcg@10': 0.0518, 'hit@15': 0.135, 'ndcg@15': 0.0608, 'hit@20': 0.1634, 'ndcg@20': 0.0676, 'hit@40': 0.2562, 'ndcg@40': 0.0865} 
2024-10-09 02:26:39.774 | INFO     | trainer_1:_train_one_epoch:209 - test 35 cost time 5.79s, result: {'hit@1': 0.0119, 'ndcg@1': 0.0119, 'hit@5': 0.0392, 'ndcg@5': 0.0253, 'hit@10': 0.0667, 'ndcg@10': 0.0341, 'hit@15': 0.0914, 'ndcg@15': 0.0406, 'hit@20': 0.1117, 'ndcg@20': 0.0454, 'hit@40': 0.1836, 'ndcg@40': 0.06} 
2024-10-09 02:26:58.747 | INFO     | trainer_1:_train_one_epoch:193 - epoch 36 8.51s Train loss is [0.3626] 
2024-10-09 02:27:06.621 | INFO     | trainer_1:_train_one_epoch:201 - validate 36 cost time 7.87s, result: {'hit@1': 0.016, 'ndcg@1': 0.016, 'hit@5': 0.059, 'ndcg@5': 0.0376, 'hit@10': 0.0963, 'ndcg@10': 0.0495, 'hit@15': 0.128, 'ndcg@15': 0.0579, 'hit@20': 0.1578, 'ndcg@20': 0.065, 'hit@40': 0.2474, 'ndcg@40': 0.0832} 
2024-10-09 02:27:14.356 | INFO     | trainer_1:_train_one_epoch:209 - test 36 cost time 7.74s, result: {'hit@1': 0.0103, 'ndcg@1': 0.0103, 'hit@5': 0.0383, 'ndcg@5': 0.0242, 'hit@10': 0.0648, 'ndcg@10': 0.0327, 'hit@15': 0.0881, 'ndcg@15': 0.0388, 'hit@20': 0.1078, 'ndcg@20': 0.0435, 'hit@40': 0.1773, 'ndcg@40': 0.0576} 
2024-10-09 02:27:22.667 | INFO     | trainer_1:_train_one_epoch:193 - epoch 37 8.31s Train loss is [0.3545] 
2024-10-09 02:27:28.228 | INFO     | trainer_1:_train_one_epoch:201 - validate 37 cost time 5.56s, result: {'hit@1': 0.0163, 'ndcg@1': 0.0163, 'hit@5': 0.0607, 'ndcg@5': 0.0384, 'hit@10': 0.0988, 'ndcg@10': 0.0506, 'hit@15': 0.1301, 'ndcg@15': 0.0589, 'hit@20': 0.1586, 'ndcg@20': 0.0656, 'hit@40': 0.2483, 'ndcg@40': 0.0838} 
2024-10-09 02:27:34.471 | INFO     | trainer_1:_train_one_epoch:209 - test 37 cost time 6.24s, result: {'hit@1': 0.0109, 'ndcg@1': 0.0109, 'hit@5': 0.0389, 'ndcg@5': 0.0247, 'hit@10': 0.0646, 'ndcg@10': 0.033, 'hit@15': 0.0883, 'ndcg@15': 0.0392, 'hit@20': 0.1089, 'ndcg@20': 0.0441, 'hit@40': 0.1782, 'ndcg@40': 0.0582} 
2024-10-09 02:27:42.852 | INFO     | trainer_1:_train_one_epoch:193 - epoch 38 8.38s Train loss is [0.3471] 
2024-10-09 02:27:50.584 | INFO     | trainer_1:_train_one_epoch:201 - validate 38 cost time 7.73s, result: {'hit@1': 0.0163, 'ndcg@1': 0.0163, 'hit@5': 0.0609, 'ndcg@5': 0.0385, 'hit@10': 0.0966, 'ndcg@10': 0.05, 'hit@15': 0.1286, 'ndcg@15': 0.0585, 'hit@20': 0.1591, 'ndcg@20': 0.0657, 'hit@40': 0.2479, 'ndcg@40': 0.0837} 
2024-10-09 02:27:58.318 | INFO     | trainer_1:_train_one_epoch:209 - test 38 cost time 7.73s, result: {'hit@1': 0.011, 'ndcg@1': 0.011, 'hit@5': 0.0387, 'ndcg@5': 0.0247, 'hit@10': 0.0653, 'ndcg@10': 0.0333, 'hit@15': 0.0892, 'ndcg@15': 0.0396, 'hit@20': 0.1097, 'ndcg@20': 0.0444, 'hit@40': 0.1793, 'ndcg@40': 0.0586} 
2024-10-09 02:28:06.572 | INFO     | trainer_1:_train_one_epoch:193 - epoch 39 8.25s Train loss is [0.3435] 
2024-10-09 02:28:12.859 | INFO     | trainer_1:_train_one_epoch:201 - validate 39 cost time 6.29s, result: {'hit@1': 0.0161, 'ndcg@1': 0.0161, 'hit@5': 0.0564, 'ndcg@5': 0.0365, 'hit@10': 0.0955, 'ndcg@10': 0.0489, 'hit@15': 0.127, 'ndcg@15': 0.0572, 'hit@20': 0.1563, 'ndcg@20': 0.0641, 'hit@40': 0.2445, 'ndcg@40': 0.082} 
2024-10-09 02:28:19.481 | INFO     | trainer_1:_train_one_epoch:209 - test 39 cost time 6.62s, result: {'hit@1': 0.0105, 'ndcg@1': 0.0105, 'hit@5': 0.0365, 'ndcg@5': 0.0235, 'hit@10': 0.0622, 'ndcg@10': 0.0317, 'hit@15': 0.0856, 'ndcg@15': 0.0379, 'hit@20': 0.1049, 'ndcg@20': 0.0424, 'hit@40': 0.1766, 'ndcg@40': 0.057} 
2024-10-09 02:28:27.795 | INFO     | trainer_1:_train_one_epoch:193 - epoch 40 8.31s Train loss is [0.3433] 
2024-10-09 02:28:35.741 | INFO     | trainer_1:_train_one_epoch:201 - validate 40 cost time 7.95s, result: {'hit@1': 0.0168, 'ndcg@1': 0.0168, 'hit@5': 0.0589, 'ndcg@5': 0.0379, 'hit@10': 0.0962, 'ndcg@10': 0.0498, 'hit@15': 0.1287, 'ndcg@15': 0.0584, 'hit@20': 0.1592, 'ndcg@20': 0.0656, 'hit@40': 0.25, 'ndcg@40': 0.084} 
2024-10-09 02:28:42.148 | INFO     | trainer_1:_train_one_epoch:209 - test 40 cost time 6.41s, result: {'hit@1': 0.0111, 'ndcg@1': 0.0111, 'hit@5': 0.0376, 'ndcg@5': 0.0242, 'hit@10': 0.0638, 'ndcg@10': 0.0325, 'hit@15': 0.0855, 'ndcg@15': 0.0383, 'hit@20': 0.1066, 'ndcg@20': 0.0433, 'hit@40': 0.1776, 'ndcg@40': 0.0577} 
2024-10-09 02:28:42.159 | INFO     | trainer_1:train_model:163 - training end, best iteration 35, results: {'hit@1': 0.0171, 'ndcg@1': 0.0171, 'hit@5': 0.0609, 'ndcg@5': 0.0391, 'hit@10': 0.1008, 'ndcg@10': 0.0518, 'hit@15': 0.135, 'ndcg@15': 0.0608, 'hit@20': 0.1634, 'ndcg@20': 0.0676, 'hit@40': 0.2562, 'ndcg@40': 0.0865}
2024-10-09 02:28:42.159 | INFO     | trainer_1:train_model:166 - final test result is:  {'hit@1': 0.0119, 'ndcg@1': 0.0119, 'hit@5': 0.0392, 'ndcg@5': 0.0253, 'hit@10': 0.0667, 'ndcg@10': 0.0341, 'hit@15': 0.0914, 'ndcg@15': 0.0406, 'hit@20': 0.1117, 'ndcg@20': 0.0454, 'hit@40': 0.1836, 'ndcg@40': 0.06}
2024-10-09 02:28:42.455 | INFO     | __main__:<module>:119 - train end total cost time: 3127.763567686081
