2024-10-09 03:25:21.454 | INFO     | __main__:<module>:105 - Namespace(TIME='2024-10-09 03_24_49', batch_size=1024, behaviors=['view', 'cart', 'buy'], check_point='model_pre_1_2024-10-08 11_17_41.pth', data_name='beibei', data_path='./data/beibei', decay=0.001, device='cuda:1', dim_qk=32, dim_v=64, distill_layers=2, distill_thres=0.5, distill_topK=60, distill_userK=2, embedding_size=64, epochs=100, gpu_no=1, if_load_model=True, ii_lambda=200, initializer_range=0.02, layers=2, loss_type='bpr', lr=0.001, message_dropout=0.25, metrics=['hit', 'ndcg'], min_epoch=5, model_name='main_1', model_path='./check_point', node_dropout=0.75, omega=1, pt_loop=50, reg_weight=0.001, test_batch_size=1024, testbatch=1024, topk=[1, 5, 10, 15, 20, 40], uu_lambda=100)
2024-10-09 03:25:21.455 | INFO     | __main__:<module>:106 - BIPN(
  (message_dropout): Dropout(p=0.25, inplace=False)
  (user_embedding): Embedding(21717, 64, padding_idx=0)
  (item_embedding): Embedding(7978, 64, padding_idx=0)
  (global_Graph): LightGCN()
  (Graph_encoder): ModuleDict(
    (view): GraphEncoder(
      (light): LightGCN()
      (dropout): Dropout(p=0.75, inplace=False)
    )
    (cart): GraphEncoder(
      (light): LightGCN()
      (dropout): Dropout(p=0.75, inplace=False)
    )
    (buy): GraphEncoder(
      (light): LightGCN()
      (dropout): Dropout(p=0.75, inplace=False)
    )
  )
  (attention): Mutual_Attention()
  (bpr_loss): BPRLoss()
  (emb_loss): EmbLoss()
  (f): Sigmoid()
)
2024-10-09 03:32:55.783 | INFO     | trainer_1:_train_one_epoch:193 - epoch 1 6.27s Train loss is [0.9423] 
2024-10-09 03:33:05.577 | INFO     | trainer_1:_train_one_epoch:201 - validate 1 cost time 9.79s, result: {'hit@1': 0.0064, 'ndcg@1': 0.0064, 'hit@5': 0.028, 'ndcg@5': 0.0171, 'hit@10': 0.0498, 'ndcg@10': 0.024, 'hit@15': 0.0688, 'ndcg@15': 0.0291, 'hit@20': 0.0862, 'ndcg@20': 0.0332, 'hit@40': 0.1483, 'ndcg@40': 0.0458} 
2024-10-09 03:33:15.291 | INFO     | trainer_1:_train_one_epoch:209 - test 1 cost time 9.71s, result: {'hit@1': 0.0041, 'ndcg@1': 0.0041, 'hit@5': 0.0176, 'ndcg@5': 0.0106, 'hit@10': 0.0346, 'ndcg@10': 0.0161, 'hit@15': 0.0486, 'ndcg@15': 0.0198, 'hit@20': 0.0618, 'ndcg@20': 0.0229, 'hit@40': 0.1129, 'ndcg@40': 0.0333} 
2024-10-09 03:33:32.203 | INFO     | trainer_1:_train_one_epoch:193 - epoch 2 6.33s Train loss is [0.7165] 
2024-10-09 03:33:42.020 | INFO     | trainer_1:_train_one_epoch:201 - validate 2 cost time 9.82s, result: {'hit@1': 0.0094, 'ndcg@1': 0.0094, 'hit@5': 0.0341, 'ndcg@5': 0.0215, 'hit@10': 0.0607, 'ndcg@10': 0.03, 'hit@15': 0.0828, 'ndcg@15': 0.0359, 'hit@20': 0.1012, 'ndcg@20': 0.0402, 'hit@40': 0.1667, 'ndcg@40': 0.0536} 
2024-10-09 03:33:51.736 | INFO     | trainer_1:_train_one_epoch:209 - test 2 cost time 9.72s, result: {'hit@1': 0.005, 'ndcg@1': 0.005, 'hit@5': 0.0225, 'ndcg@5': 0.0134, 'hit@10': 0.0406, 'ndcg@10': 0.0193, 'hit@15': 0.0569, 'ndcg@15': 0.0236, 'hit@20': 0.0723, 'ndcg@20': 0.0272, 'hit@40': 0.1212, 'ndcg@40': 0.0372} 
2024-10-09 03:34:08.285 | INFO     | trainer_1:_train_one_epoch:193 - epoch 3 6.28s Train loss is [0.6401] 
2024-10-09 03:34:18.076 | INFO     | trainer_1:_train_one_epoch:201 - validate 3 cost time 9.79s, result: {'hit@1': 0.0077, 'ndcg@1': 0.0077, 'hit@5': 0.0322, 'ndcg@5': 0.0197, 'hit@10': 0.0594, 'ndcg@10': 0.0284, 'hit@15': 0.0833, 'ndcg@15': 0.0347, 'hit@20': 0.1035, 'ndcg@20': 0.0395, 'hit@40': 0.1754, 'ndcg@40': 0.0541} 
2024-10-09 03:34:27.774 | INFO     | trainer_1:_train_one_epoch:209 - test 3 cost time 9.70s, result: {'hit@1': 0.0043, 'ndcg@1': 0.0043, 'hit@5': 0.0197, 'ndcg@5': 0.0118, 'hit@10': 0.0387, 'ndcg@10': 0.0179, 'hit@15': 0.0559, 'ndcg@15': 0.0224, 'hit@20': 0.0713, 'ndcg@20': 0.0261, 'hit@40': 0.1268, 'ndcg@40': 0.0374} 
2024-10-09 03:34:34.079 | INFO     | trainer_1:_train_one_epoch:193 - epoch 4 6.30s Train loss is [0.5893] 
2024-10-09 03:34:43.861 | INFO     | trainer_1:_train_one_epoch:201 - validate 4 cost time 9.78s, result: {'hit@1': 0.0079, 'ndcg@1': 0.0079, 'hit@5': 0.0321, 'ndcg@5': 0.0198, 'hit@10': 0.0574, 'ndcg@10': 0.0279, 'hit@15': 0.0794, 'ndcg@15': 0.0337, 'hit@20': 0.1005, 'ndcg@20': 0.0387, 'hit@40': 0.1653, 'ndcg@40': 0.0519} 
2024-10-09 03:34:53.538 | INFO     | trainer_1:_train_one_epoch:209 - test 4 cost time 9.68s, result: {'hit@1': 0.0045, 'ndcg@1': 0.0045, 'hit@5': 0.0183, 'ndcg@5': 0.0112, 'hit@10': 0.034, 'ndcg@10': 0.0163, 'hit@15': 0.0511, 'ndcg@15': 0.0208, 'hit@20': 0.067, 'ndcg@20': 0.0245, 'hit@40': 0.1172, 'ndcg@40': 0.0347} 
2024-10-09 03:34:59.804 | INFO     | trainer_1:_train_one_epoch:193 - epoch 5 6.27s Train loss is [0.5504] 
2024-10-09 03:35:09.565 | INFO     | trainer_1:_train_one_epoch:201 - validate 5 cost time 9.76s, result: {'hit@1': 0.0128, 'ndcg@1': 0.0128, 'hit@5': 0.038, 'ndcg@5': 0.0252, 'hit@10': 0.0657, 'ndcg@10': 0.0341, 'hit@15': 0.0905, 'ndcg@15': 0.0406, 'hit@20': 0.1101, 'ndcg@20': 0.0452, 'hit@40': 0.1791, 'ndcg@40': 0.0593} 
2024-10-09 03:35:19.244 | INFO     | trainer_1:_train_one_epoch:209 - test 5 cost time 9.68s, result: {'hit@1': 0.0061, 'ndcg@1': 0.0061, 'hit@5': 0.0213, 'ndcg@5': 0.0135, 'hit@10': 0.0396, 'ndcg@10': 0.0194, 'hit@15': 0.0573, 'ndcg@15': 0.0241, 'hit@20': 0.0716, 'ndcg@20': 0.0274, 'hit@40': 0.1212, 'ndcg@40': 0.0375} 
2024-10-09 03:35:25.530 | INFO     | trainer_1:_train_one_epoch:193 - epoch 6 6.29s Train loss is [0.5273] 
2024-10-09 03:35:35.289 | INFO     | trainer_1:_train_one_epoch:201 - validate 6 cost time 9.76s, result: {'hit@1': 0.0127, 'ndcg@1': 0.0127, 'hit@5': 0.0417, 'ndcg@5': 0.0271, 'hit@10': 0.067, 'ndcg@10': 0.0352, 'hit@15': 0.0927, 'ndcg@15': 0.042, 'hit@20': 0.1151, 'ndcg@20': 0.0473, 'hit@40': 0.1862, 'ndcg@40': 0.0617} 
2024-10-09 03:35:44.971 | INFO     | trainer_1:_train_one_epoch:209 - test 6 cost time 9.68s, result: {'hit@1': 0.007, 'ndcg@1': 0.007, 'hit@5': 0.0244, 'ndcg@5': 0.0155, 'hit@10': 0.043, 'ndcg@10': 0.0215, 'hit@15': 0.0596, 'ndcg@15': 0.0258, 'hit@20': 0.0748, 'ndcg@20': 0.0294, 'hit@40': 0.1263, 'ndcg@40': 0.0399} 
2024-10-09 03:36:01.419 | INFO     | trainer_1:_train_one_epoch:193 - epoch 7 6.11s Train loss is [0.5251] 
2024-10-09 03:36:11.178 | INFO     | trainer_1:_train_one_epoch:201 - validate 7 cost time 9.76s, result: {'hit@1': 0.0117, 'ndcg@1': 0.0117, 'hit@5': 0.0422, 'ndcg@5': 0.0268, 'hit@10': 0.072, 'ndcg@10': 0.0364, 'hit@15': 0.0994, 'ndcg@15': 0.0436, 'hit@20': 0.1236, 'ndcg@20': 0.0493, 'hit@40': 0.1952, 'ndcg@40': 0.0639} 
2024-10-09 03:36:20.862 | INFO     | trainer_1:_train_one_epoch:209 - test 7 cost time 9.68s, result: {'hit@1': 0.0067, 'ndcg@1': 0.0067, 'hit@5': 0.0245, 'ndcg@5': 0.0156, 'hit@10': 0.0421, 'ndcg@10': 0.0212, 'hit@15': 0.0612, 'ndcg@15': 0.0263, 'hit@20': 0.0781, 'ndcg@20': 0.0303, 'hit@40': 0.1343, 'ndcg@40': 0.0417} 
2024-10-09 03:36:27.073 | INFO     | trainer_1:_train_one_epoch:193 - epoch 8 6.21s Train loss is [0.4924] 
2024-10-09 03:36:36.849 | INFO     | trainer_1:_train_one_epoch:201 - validate 8 cost time 9.78s, result: {'hit@1': 0.0094, 'ndcg@1': 0.0094, 'hit@5': 0.0387, 'ndcg@5': 0.0238, 'hit@10': 0.0686, 'ndcg@10': 0.0333, 'hit@15': 0.0939, 'ndcg@15': 0.04, 'hit@20': 0.1193, 'ndcg@20': 0.046, 'hit@40': 0.1981, 'ndcg@40': 0.062} 
2024-10-09 03:36:46.530 | INFO     | trainer_1:_train_one_epoch:209 - test 8 cost time 9.68s, result: {'hit@1': 0.0056, 'ndcg@1': 0.0056, 'hit@5': 0.0231, 'ndcg@5': 0.0143, 'hit@10': 0.0426, 'ndcg@10': 0.0205, 'hit@15': 0.0604, 'ndcg@15': 0.0252, 'hit@20': 0.0776, 'ndcg@20': 0.0292, 'hit@40': 0.1364, 'ndcg@40': 0.0412} 
2024-10-09 03:36:52.730 | INFO     | trainer_1:_train_one_epoch:193 - epoch 9 6.20s Train loss is [0.4784] 
2024-10-09 03:37:02.481 | INFO     | trainer_1:_train_one_epoch:201 - validate 9 cost time 9.75s, result: {'hit@1': 0.0122, 'ndcg@1': 0.0122, 'hit@5': 0.0445, 'ndcg@5': 0.0281, 'hit@10': 0.0774, 'ndcg@10': 0.0387, 'hit@15': 0.1047, 'ndcg@15': 0.0459, 'hit@20': 0.1298, 'ndcg@20': 0.0518, 'hit@40': 0.2083, 'ndcg@40': 0.0678} 
2024-10-09 03:37:12.144 | INFO     | trainer_1:_train_one_epoch:209 - test 9 cost time 9.66s, result: {'hit@1': 0.0069, 'ndcg@1': 0.0069, 'hit@5': 0.0262, 'ndcg@5': 0.0164, 'hit@10': 0.046, 'ndcg@10': 0.0228, 'hit@15': 0.0672, 'ndcg@15': 0.0284, 'hit@20': 0.0851, 'ndcg@20': 0.0326, 'hit@40': 0.1449, 'ndcg@40': 0.0447} 
2024-10-09 03:37:28.641 | INFO     | trainer_1:_train_one_epoch:193 - epoch 10 6.20s Train loss is [0.4700] 
2024-10-09 03:37:38.413 | INFO     | trainer_1:_train_one_epoch:201 - validate 10 cost time 9.77s, result: {'hit@1': 0.013, 'ndcg@1': 0.013, 'hit@5': 0.0464, 'ndcg@5': 0.0296, 'hit@10': 0.0786, 'ndcg@10': 0.0399, 'hit@15': 0.1046, 'ndcg@15': 0.0467, 'hit@20': 0.1272, 'ndcg@20': 0.0521, 'hit@40': 0.2099, 'ndcg@40': 0.0689} 
2024-10-09 03:37:48.105 | INFO     | trainer_1:_train_one_epoch:209 - test 10 cost time 9.69s, result: {'hit@1': 0.0073, 'ndcg@1': 0.0073, 'hit@5': 0.0278, 'ndcg@5': 0.0175, 'hit@10': 0.0498, 'ndcg@10': 0.0245, 'hit@15': 0.0686, 'ndcg@15': 0.0295, 'hit@20': 0.0854, 'ndcg@20': 0.0334, 'hit@40': 0.1447, 'ndcg@40': 0.0455} 
2024-10-09 03:38:04.631 | INFO     | trainer_1:_train_one_epoch:193 - epoch 11 6.16s Train loss is [0.4637] 
2024-10-09 03:38:14.380 | INFO     | trainer_1:_train_one_epoch:201 - validate 11 cost time 9.75s, result: {'hit@1': 0.0105, 'ndcg@1': 0.0105, 'hit@5': 0.0413, 'ndcg@5': 0.026, 'hit@10': 0.0708, 'ndcg@10': 0.0355, 'hit@15': 0.0966, 'ndcg@15': 0.0423, 'hit@20': 0.119, 'ndcg@20': 0.0476, 'hit@40': 0.1915, 'ndcg@40': 0.0623} 
2024-10-09 03:38:24.052 | INFO     | trainer_1:_train_one_epoch:209 - test 11 cost time 9.67s, result: {'hit@1': 0.0067, 'ndcg@1': 0.0067, 'hit@5': 0.0264, 'ndcg@5': 0.0163, 'hit@10': 0.047, 'ndcg@10': 0.0229, 'hit@15': 0.064, 'ndcg@15': 0.0274, 'hit@20': 0.0804, 'ndcg@20': 0.0313, 'hit@40': 0.1342, 'ndcg@40': 0.0423} 
2024-10-09 03:38:30.158 | INFO     | trainer_1:_train_one_epoch:193 - epoch 12 6.10s Train loss is [0.4610] 
2024-10-09 03:38:39.915 | INFO     | trainer_1:_train_one_epoch:201 - validate 12 cost time 9.76s, result: {'hit@1': 0.0101, 'ndcg@1': 0.0101, 'hit@5': 0.0409, 'ndcg@5': 0.0254, 'hit@10': 0.0708, 'ndcg@10': 0.0349, 'hit@15': 0.0972, 'ndcg@15': 0.0419, 'hit@20': 0.1195, 'ndcg@20': 0.0471, 'hit@40': 0.202, 'ndcg@40': 0.0639} 
2024-10-09 03:38:49.593 | INFO     | trainer_1:_train_one_epoch:209 - test 12 cost time 9.68s, result: {'hit@1': 0.0074, 'ndcg@1': 0.0074, 'hit@5': 0.0265, 'ndcg@5': 0.0166, 'hit@10': 0.0475, 'ndcg@10': 0.0233, 'hit@15': 0.0659, 'ndcg@15': 0.0281, 'hit@20': 0.0835, 'ndcg@20': 0.0323, 'hit@40': 0.1428, 'ndcg@40': 0.0444} 
2024-10-09 03:38:55.782 | INFO     | trainer_1:_train_one_epoch:193 - epoch 13 6.19s Train loss is [0.4430] 
2024-10-09 03:39:05.527 | INFO     | trainer_1:_train_one_epoch:201 - validate 13 cost time 9.74s, result: {'hit@1': 0.0122, 'ndcg@1': 0.0122, 'hit@5': 0.0453, 'ndcg@5': 0.0287, 'hit@10': 0.075, 'ndcg@10': 0.0382, 'hit@15': 0.1012, 'ndcg@15': 0.0451, 'hit@20': 0.1256, 'ndcg@20': 0.0509, 'hit@40': 0.203, 'ndcg@40': 0.0666} 
2024-10-09 03:39:15.189 | INFO     | trainer_1:_train_one_epoch:209 - test 13 cost time 9.66s, result: {'hit@1': 0.0073, 'ndcg@1': 0.0073, 'hit@5': 0.0284, 'ndcg@5': 0.0177, 'hit@10': 0.0499, 'ndcg@10': 0.0247, 'hit@15': 0.068, 'ndcg@15': 0.0294, 'hit@20': 0.0844, 'ndcg@20': 0.0333, 'hit@40': 0.1462, 'ndcg@40': 0.0459} 
2024-10-09 03:39:31.568 | INFO     | trainer_1:_train_one_epoch:193 - epoch 14 6.17s Train loss is [0.4398] 
2024-10-09 03:39:41.338 | INFO     | trainer_1:_train_one_epoch:201 - validate 14 cost time 9.77s, result: {'hit@1': 0.0123, 'ndcg@1': 0.0123, 'hit@5': 0.0456, 'ndcg@5': 0.0288, 'hit@10': 0.0772, 'ndcg@10': 0.0389, 'hit@15': 0.1013, 'ndcg@15': 0.0453, 'hit@20': 0.1269, 'ndcg@20': 0.0513, 'hit@40': 0.2081, 'ndcg@40': 0.0678} 
2024-10-09 03:39:51.028 | INFO     | trainer_1:_train_one_epoch:209 - test 14 cost time 9.69s, result: {'hit@1': 0.0077, 'ndcg@1': 0.0077, 'hit@5': 0.0301, 'ndcg@5': 0.0188, 'hit@10': 0.0515, 'ndcg@10': 0.0257, 'hit@15': 0.0705, 'ndcg@15': 0.0307, 'hit@20': 0.0876, 'ndcg@20': 0.0347, 'hit@40': 0.1444, 'ndcg@40': 0.0462} 
2024-10-09 03:40:08.191 | INFO     | trainer_1:_train_one_epoch:193 - epoch 15 6.29s Train loss is [0.4237] 
2024-10-09 03:40:17.955 | INFO     | trainer_1:_train_one_epoch:201 - validate 15 cost time 9.76s, result: {'hit@1': 0.0114, 'ndcg@1': 0.0114, 'hit@5': 0.0468, 'ndcg@5': 0.0292, 'hit@10': 0.078, 'ndcg@10': 0.0392, 'hit@15': 0.1057, 'ndcg@15': 0.0465, 'hit@20': 0.1289, 'ndcg@20': 0.052, 'hit@40': 0.2067, 'ndcg@40': 0.0678} 
2024-10-09 03:40:27.618 | INFO     | trainer_1:_train_one_epoch:209 - test 15 cost time 9.66s, result: {'hit@1': 0.0077, 'ndcg@1': 0.0077, 'hit@5': 0.0297, 'ndcg@5': 0.0187, 'hit@10': 0.0523, 'ndcg@10': 0.0259, 'hit@15': 0.0707, 'ndcg@15': 0.0308, 'hit@20': 0.0876, 'ndcg@20': 0.0348, 'hit@40': 0.15, 'ndcg@40': 0.0475} 
2024-10-09 03:40:44.317 | INFO     | trainer_1:_train_one_epoch:193 - epoch 16 6.28s Train loss is [0.4274] 
2024-10-09 03:40:54.084 | INFO     | trainer_1:_train_one_epoch:201 - validate 16 cost time 9.77s, result: {'hit@1': 0.0127, 'ndcg@1': 0.0127, 'hit@5': 0.0478, 'ndcg@5': 0.0302, 'hit@10': 0.0799, 'ndcg@10': 0.0405, 'hit@15': 0.1081, 'ndcg@15': 0.048, 'hit@20': 0.1324, 'ndcg@20': 0.0537, 'hit@40': 0.2147, 'ndcg@40': 0.0705} 
2024-10-09 03:41:03.781 | INFO     | trainer_1:_train_one_epoch:209 - test 16 cost time 9.70s, result: {'hit@1': 0.0077, 'ndcg@1': 0.0077, 'hit@5': 0.0299, 'ndcg@5': 0.0187, 'hit@10': 0.0524, 'ndcg@10': 0.0259, 'hit@15': 0.0711, 'ndcg@15': 0.0308, 'hit@20': 0.09, 'ndcg@20': 0.0353, 'hit@40': 0.1535, 'ndcg@40': 0.0482} 
2024-10-09 03:41:20.774 | INFO     | trainer_1:_train_one_epoch:193 - epoch 17 6.38s Train loss is [0.4137] 
2024-10-09 03:41:27.945 | INFO     | trainer_1:_train_one_epoch:201 - validate 17 cost time 7.17s, result: {'hit@1': 0.0122, 'ndcg@1': 0.0122, 'hit@5': 0.0452, 'ndcg@5': 0.0285, 'hit@10': 0.0745, 'ndcg@10': 0.0379, 'hit@15': 0.0992, 'ndcg@15': 0.0444, 'hit@20': 0.1222, 'ndcg@20': 0.0498, 'hit@40': 0.2006, 'ndcg@40': 0.0657} 
2024-10-09 03:41:35.389 | INFO     | trainer_1:_train_one_epoch:209 - test 17 cost time 7.44s, result: {'hit@1': 0.0069, 'ndcg@1': 0.0069, 'hit@5': 0.0283, 'ndcg@5': 0.0175, 'hit@10': 0.0482, 'ndcg@10': 0.0239, 'hit@15': 0.0661, 'ndcg@15': 0.0286, 'hit@20': 0.0833, 'ndcg@20': 0.0327, 'hit@40': 0.1407, 'ndcg@40': 0.0444} 
2024-10-09 03:41:41.537 | INFO     | trainer_1:_train_one_epoch:193 - epoch 18 6.15s Train loss is [0.4035] 
2024-10-09 03:41:48.424 | INFO     | trainer_1:_train_one_epoch:201 - validate 18 cost time 6.89s, result: {'hit@1': 0.0142, 'ndcg@1': 0.0142, 'hit@5': 0.0497, 'ndcg@5': 0.0319, 'hit@10': 0.0836, 'ndcg@10': 0.0428, 'hit@15': 0.1106, 'ndcg@15': 0.05, 'hit@20': 0.136, 'ndcg@20': 0.056, 'hit@40': 0.2198, 'ndcg@40': 0.073} 
2024-10-09 03:41:53.242 | INFO     | trainer_1:_train_one_epoch:209 - test 18 cost time 4.82s, result: {'hit@1': 0.0073, 'ndcg@1': 0.0073, 'hit@5': 0.0324, 'ndcg@5': 0.02, 'hit@10': 0.0577, 'ndcg@10': 0.028, 'hit@15': 0.0776, 'ndcg@15': 0.0333, 'hit@20': 0.0946, 'ndcg@20': 0.0373, 'hit@40': 0.1603, 'ndcg@40': 0.0507} 
2024-10-09 03:42:10.371 | INFO     | trainer_1:_train_one_epoch:193 - epoch 19 6.49s Train loss is [0.4058] 
2024-10-09 03:42:17.911 | INFO     | trainer_1:_train_one_epoch:201 - validate 19 cost time 7.54s, result: {'hit@1': 0.015, 'ndcg@1': 0.015, 'hit@5': 0.0523, 'ndcg@5': 0.0335, 'hit@10': 0.0864, 'ndcg@10': 0.0445, 'hit@15': 0.1151, 'ndcg@15': 0.0521, 'hit@20': 0.1415, 'ndcg@20': 0.0583, 'hit@40': 0.2284, 'ndcg@40': 0.0759} 
2024-10-09 03:42:25.327 | INFO     | trainer_1:_train_one_epoch:209 - test 19 cost time 7.42s, result: {'hit@1': 0.0087, 'ndcg@1': 0.0087, 'hit@5': 0.0341, 'ndcg@5': 0.0214, 'hit@10': 0.0578, 'ndcg@10': 0.029, 'hit@15': 0.0788, 'ndcg@15': 0.0346, 'hit@20': 0.0977, 'ndcg@20': 0.039, 'hit@40': 0.1637, 'ndcg@40': 0.0524} 
2024-10-09 03:42:41.900 | INFO     | trainer_1:_train_one_epoch:193 - epoch 20 6.18s Train loss is [0.3897] 
2024-10-09 03:42:48.532 | INFO     | trainer_1:_train_one_epoch:201 - validate 20 cost time 6.63s, result: {'hit@1': 0.0139, 'ndcg@1': 0.0139, 'hit@5': 0.0507, 'ndcg@5': 0.0324, 'hit@10': 0.0863, 'ndcg@10': 0.0438, 'hit@15': 0.1168, 'ndcg@15': 0.0519, 'hit@20': 0.1432, 'ndcg@20': 0.0581, 'hit@40': 0.2276, 'ndcg@40': 0.0753} 
2024-10-09 03:42:55.992 | INFO     | trainer_1:_train_one_epoch:209 - test 20 cost time 7.46s, result: {'hit@1': 0.0098, 'ndcg@1': 0.0098, 'hit@5': 0.0344, 'ndcg@5': 0.0221, 'hit@10': 0.0585, 'ndcg@10': 0.0298, 'hit@15': 0.0798, 'ndcg@15': 0.0354, 'hit@20': 0.0991, 'ndcg@20': 0.0399, 'hit@40': 0.163, 'ndcg@40': 0.0529} 
2024-10-09 03:43:12.716 | INFO     | trainer_1:_train_one_epoch:193 - epoch 21 6.16s Train loss is [0.3938] 
2024-10-09 03:43:17.933 | INFO     | trainer_1:_train_one_epoch:201 - validate 21 cost time 5.22s, result: {'hit@1': 0.0153, 'ndcg@1': 0.0153, 'hit@5': 0.055, 'ndcg@5': 0.0352, 'hit@10': 0.0913, 'ndcg@10': 0.0468, 'hit@15': 0.1206, 'ndcg@15': 0.0545, 'hit@20': 0.148, 'ndcg@20': 0.061, 'hit@40': 0.2319, 'ndcg@40': 0.0781} 
2024-10-09 03:43:24.524 | INFO     | trainer_1:_train_one_epoch:209 - test 21 cost time 6.59s, result: {'hit@1': 0.0095, 'ndcg@1': 0.0095, 'hit@5': 0.035, 'ndcg@5': 0.0222, 'hit@10': 0.0604, 'ndcg@10': 0.0304, 'hit@15': 0.0823, 'ndcg@15': 0.0362, 'hit@20': 0.1005, 'ndcg@20': 0.0405, 'hit@40': 0.1631, 'ndcg@40': 0.0533} 
2024-10-09 03:43:41.279 | INFO     | trainer_1:_train_one_epoch:193 - epoch 22 6.36s Train loss is [0.3923] 
2024-10-09 03:43:48.806 | INFO     | trainer_1:_train_one_epoch:201 - validate 22 cost time 7.53s, result: {'hit@1': 0.0161, 'ndcg@1': 0.0161, 'hit@5': 0.0556, 'ndcg@5': 0.0357, 'hit@10': 0.0898, 'ndcg@10': 0.0467, 'hit@15': 0.1195, 'ndcg@15': 0.0545, 'hit@20': 0.1439, 'ndcg@20': 0.0603, 'hit@40': 0.2286, 'ndcg@40': 0.0775} 
2024-10-09 03:43:53.609 | INFO     | trainer_1:_train_one_epoch:209 - test 22 cost time 4.80s, result: {'hit@1': 0.0091, 'ndcg@1': 0.0091, 'hit@5': 0.0356, 'ndcg@5': 0.0221, 'hit@10': 0.0627, 'ndcg@10': 0.0308, 'hit@15': 0.0828, 'ndcg@15': 0.0361, 'hit@20': 0.1008, 'ndcg@20': 0.0403, 'hit@40': 0.1627, 'ndcg@40': 0.0529} 
2024-10-09 03:44:10.473 | INFO     | trainer_1:_train_one_epoch:193 - epoch 23 6.50s Train loss is [0.3859] 
2024-10-09 03:44:17.993 | INFO     | trainer_1:_train_one_epoch:201 - validate 23 cost time 7.52s, result: {'hit@1': 0.0157, 'ndcg@1': 0.0157, 'hit@5': 0.0551, 'ndcg@5': 0.0356, 'hit@10': 0.0915, 'ndcg@10': 0.0471, 'hit@15': 0.1215, 'ndcg@15': 0.0551, 'hit@20': 0.1486, 'ndcg@20': 0.0615, 'hit@40': 0.2364, 'ndcg@40': 0.0794} 
2024-10-09 03:44:25.392 | INFO     | trainer_1:_train_one_epoch:209 - test 23 cost time 7.40s, result: {'hit@1': 0.0083, 'ndcg@1': 0.0083, 'hit@5': 0.0365, 'ndcg@5': 0.0224, 'hit@10': 0.0619, 'ndcg@10': 0.0306, 'hit@15': 0.0839, 'ndcg@15': 0.0364, 'hit@20': 0.105, 'ndcg@20': 0.0414, 'hit@40': 0.1701, 'ndcg@40': 0.0546} 
2024-10-09 03:44:31.771 | INFO     | trainer_1:_train_one_epoch:193 - epoch 24 6.38s Train loss is [0.3800] 
2024-10-09 03:44:36.640 | INFO     | trainer_1:_train_one_epoch:201 - validate 24 cost time 4.87s, result: {'hit@1': 0.0157, 'ndcg@1': 0.0157, 'hit@5': 0.0576, 'ndcg@5': 0.0368, 'hit@10': 0.0954, 'ndcg@10': 0.0489, 'hit@15': 0.1258, 'ndcg@15': 0.0569, 'hit@20': 0.1513, 'ndcg@20': 0.0629, 'hit@40': 0.2375, 'ndcg@40': 0.0805} 
2024-10-09 03:44:42.099 | INFO     | trainer_1:_train_one_epoch:209 - test 24 cost time 5.46s, result: {'hit@1': 0.0096, 'ndcg@1': 0.0096, 'hit@5': 0.0367, 'ndcg@5': 0.0231, 'hit@10': 0.0622, 'ndcg@10': 0.0313, 'hit@15': 0.0848, 'ndcg@15': 0.0373, 'hit@20': 0.1049, 'ndcg@20': 0.042, 'hit@40': 0.1683, 'ndcg@40': 0.0549} 
2024-10-09 03:44:48.945 | INFO     | trainer_1:_train_one_epoch:193 - epoch 25 6.85s Train loss is [0.3803] 
2024-10-09 03:44:56.161 | INFO     | trainer_1:_train_one_epoch:201 - validate 25 cost time 7.22s, result: {'hit@1': 0.0164, 'ndcg@1': 0.0164, 'hit@5': 0.0571, 'ndcg@5': 0.0369, 'hit@10': 0.0934, 'ndcg@10': 0.0486, 'hit@15': 0.1242, 'ndcg@15': 0.0567, 'hit@20': 0.1489, 'ndcg@20': 0.0626, 'hit@40': 0.236, 'ndcg@40': 0.0803} 
2024-10-09 03:45:03.587 | INFO     | trainer_1:_train_one_epoch:209 - test 25 cost time 7.43s, result: {'hit@1': 0.0108, 'ndcg@1': 0.0108, 'hit@5': 0.0371, 'ndcg@5': 0.0239, 'hit@10': 0.0629, 'ndcg@10': 0.0322, 'hit@15': 0.0846, 'ndcg@15': 0.0379, 'hit@20': 0.1045, 'ndcg@20': 0.0426, 'hit@40': 0.1703, 'ndcg@40': 0.056} 
2024-10-09 03:45:20.705 | INFO     | trainer_1:_train_one_epoch:193 - epoch 26 6.60s Train loss is [0.3830] 
2024-10-09 03:45:27.902 | INFO     | trainer_1:_train_one_epoch:201 - validate 26 cost time 7.20s, result: {'hit@1': 0.0175, 'ndcg@1': 0.0175, 'hit@5': 0.0573, 'ndcg@5': 0.0373, 'hit@10': 0.0943, 'ndcg@10': 0.0491, 'hit@15': 0.1247, 'ndcg@15': 0.0571, 'hit@20': 0.1509, 'ndcg@20': 0.0633, 'hit@40': 0.235, 'ndcg@40': 0.0805} 
2024-10-09 03:45:35.369 | INFO     | trainer_1:_train_one_epoch:209 - test 26 cost time 7.47s, result: {'hit@1': 0.0103, 'ndcg@1': 0.0103, 'hit@5': 0.0376, 'ndcg@5': 0.0239, 'hit@10': 0.0618, 'ndcg@10': 0.0317, 'hit@15': 0.0818, 'ndcg@15': 0.0369, 'hit@20': 0.1005, 'ndcg@20': 0.0414, 'hit@40': 0.166, 'ndcg@40': 0.0547} 
2024-10-09 03:45:41.730 | INFO     | trainer_1:_train_one_epoch:193 - epoch 27 6.36s Train loss is [0.3682] 
2024-10-09 03:45:48.442 | INFO     | trainer_1:_train_one_epoch:201 - validate 27 cost time 6.71s, result: {'hit@1': 0.0169, 'ndcg@1': 0.0169, 'hit@5': 0.0576, 'ndcg@5': 0.0374, 'hit@10': 0.0945, 'ndcg@10': 0.0492, 'hit@15': 0.1259, 'ndcg@15': 0.0574, 'hit@20': 0.1516, 'ndcg@20': 0.0635, 'hit@40': 0.2377, 'ndcg@40': 0.081} 
2024-10-09 03:45:53.257 | INFO     | trainer_1:_train_one_epoch:209 - test 27 cost time 4.81s, result: {'hit@1': 0.0113, 'ndcg@1': 0.0113, 'hit@5': 0.0383, 'ndcg@5': 0.0248, 'hit@10': 0.0637, 'ndcg@10': 0.0329, 'hit@15': 0.087, 'ndcg@15': 0.0391, 'hit@20': 0.1048, 'ndcg@20': 0.0432, 'hit@40': 0.1681, 'ndcg@40': 0.0561} 
2024-10-09 03:46:09.954 | INFO     | trainer_1:_train_one_epoch:193 - epoch 28 6.42s Train loss is [0.3646] 
2024-10-09 03:46:17.477 | INFO     | trainer_1:_train_one_epoch:201 - validate 28 cost time 7.52s, result: {'hit@1': 0.0163, 'ndcg@1': 0.0163, 'hit@5': 0.056, 'ndcg@5': 0.0363, 'hit@10': 0.0938, 'ndcg@10': 0.0484, 'hit@15': 0.1265, 'ndcg@15': 0.0571, 'hit@20': 0.1523, 'ndcg@20': 0.0632, 'hit@40': 0.239, 'ndcg@40': 0.0808} 
2024-10-09 03:46:24.917 | INFO     | trainer_1:_train_one_epoch:209 - test 28 cost time 7.44s, result: {'hit@1': 0.0101, 'ndcg@1': 0.0101, 'hit@5': 0.0366, 'ndcg@5': 0.0234, 'hit@10': 0.064, 'ndcg@10': 0.0321, 'hit@15': 0.0863, 'ndcg@15': 0.038, 'hit@20': 0.1072, 'ndcg@20': 0.0429, 'hit@40': 0.1713, 'ndcg@40': 0.0559} 
2024-10-09 03:46:41.872 | INFO     | trainer_1:_train_one_epoch:193 - epoch 29 6.54s Train loss is [0.3703] 
2024-10-09 03:46:49.339 | INFO     | trainer_1:_train_one_epoch:201 - validate 29 cost time 7.47s, result: {'hit@1': 0.0161, 'ndcg@1': 0.0161, 'hit@5': 0.0562, 'ndcg@5': 0.0363, 'hit@10': 0.0927, 'ndcg@10': 0.048, 'hit@15': 0.1237, 'ndcg@15': 0.0562, 'hit@20': 0.1503, 'ndcg@20': 0.0624, 'hit@40': 0.2368, 'ndcg@40': 0.08} 
2024-10-09 03:46:56.684 | INFO     | trainer_1:_train_one_epoch:209 - test 29 cost time 7.34s, result: {'hit@1': 0.0103, 'ndcg@1': 0.0103, 'hit@5': 0.0345, 'ndcg@5': 0.0224, 'hit@10': 0.0606, 'ndcg@10': 0.0306, 'hit@15': 0.0821, 'ndcg@15': 0.0363, 'hit@20': 0.1012, 'ndcg@20': 0.0408, 'hit@40': 0.1659, 'ndcg@40': 0.054} 
2024-10-09 03:47:02.933 | INFO     | trainer_1:_train_one_epoch:193 - epoch 30 6.25s Train loss is [0.3717] 
2024-10-09 03:47:07.980 | INFO     | trainer_1:_train_one_epoch:201 - validate 30 cost time 5.05s, result: {'hit@1': 0.017, 'ndcg@1': 0.017, 'hit@5': 0.0577, 'ndcg@5': 0.0374, 'hit@10': 0.0959, 'ndcg@10': 0.0496, 'hit@15': 0.1288, 'ndcg@15': 0.0583, 'hit@20': 0.1579, 'ndcg@20': 0.0652, 'hit@40': 0.244, 'ndcg@40': 0.0827} 
2024-10-09 03:47:12.990 | INFO     | trainer_1:_train_one_epoch:209 - test 30 cost time 5.01s, result: {'hit@1': 0.0111, 'ndcg@1': 0.0111, 'hit@5': 0.0371, 'ndcg@5': 0.0241, 'hit@10': 0.0642, 'ndcg@10': 0.0328, 'hit@15': 0.0882, 'ndcg@15': 0.0391, 'hit@20': 0.1084, 'ndcg@20': 0.0439, 'hit@40': 0.1784, 'ndcg@40': 0.0582} 
2024-10-09 03:47:30.397 | INFO     | trainer_1:_train_one_epoch:193 - epoch 31 6.44s Train loss is [0.3597] 
2024-10-09 03:47:37.875 | INFO     | trainer_1:_train_one_epoch:201 - validate 31 cost time 7.48s, result: {'hit@1': 0.0162, 'ndcg@1': 0.0162, 'hit@5': 0.0575, 'ndcg@5': 0.0368, 'hit@10': 0.0951, 'ndcg@10': 0.0488, 'hit@15': 0.1266, 'ndcg@15': 0.0572, 'hit@20': 0.1559, 'ndcg@20': 0.0641, 'hit@40': 0.2471, 'ndcg@40': 0.0827} 
2024-10-09 03:47:45.458 | INFO     | trainer_1:_train_one_epoch:209 - test 31 cost time 7.58s, result: {'hit@1': 0.0102, 'ndcg@1': 0.0102, 'hit@5': 0.0379, 'ndcg@5': 0.0238, 'hit@10': 0.0647, 'ndcg@10': 0.0323, 'hit@15': 0.0861, 'ndcg@15': 0.038, 'hit@20': 0.1073, 'ndcg@20': 0.043, 'hit@40': 0.175, 'ndcg@40': 0.0567} 
2024-10-09 03:48:02.559 | INFO     | trainer_1:_train_one_epoch:193 - epoch 32 6.59s Train loss is [0.3619] 
2024-10-09 03:48:10.107 | INFO     | trainer_1:_train_one_epoch:201 - validate 32 cost time 7.55s, result: {'hit@1': 0.0162, 'ndcg@1': 0.0162, 'hit@5': 0.059, 'ndcg@5': 0.0375, 'hit@10': 0.0967, 'ndcg@10': 0.0495, 'hit@15': 0.1278, 'ndcg@15': 0.0577, 'hit@20': 0.1554, 'ndcg@20': 0.0642, 'hit@40': 0.2417, 'ndcg@40': 0.0818} 
2024-10-09 03:48:17.571 | INFO     | trainer_1:_train_one_epoch:209 - test 32 cost time 7.46s, result: {'hit@1': 0.0107, 'ndcg@1': 0.0107, 'hit@5': 0.038, 'ndcg@5': 0.0243, 'hit@10': 0.0642, 'ndcg@10': 0.0327, 'hit@15': 0.0857, 'ndcg@15': 0.0383, 'hit@20': 0.1058, 'ndcg@20': 0.0431, 'hit@40': 0.1737, 'ndcg@40': 0.0569} 
2024-10-09 03:48:23.797 | INFO     | trainer_1:_train_one_epoch:193 - epoch 33 6.22s Train loss is [0.3570] 
2024-10-09 03:48:28.678 | INFO     | trainer_1:_train_one_epoch:201 - validate 33 cost time 4.88s, result: {'hit@1': 0.0161, 'ndcg@1': 0.0161, 'hit@5': 0.0614, 'ndcg@5': 0.0389, 'hit@10': 0.1011, 'ndcg@10': 0.0516, 'hit@15': 0.1309, 'ndcg@15': 0.0595, 'hit@20': 0.1605, 'ndcg@20': 0.0665, 'hit@40': 0.2519, 'ndcg@40': 0.0851} 
2024-10-09 03:48:34.805 | INFO     | trainer_1:_train_one_epoch:209 - test 33 cost time 6.13s, result: {'hit@1': 0.011, 'ndcg@1': 0.011, 'hit@5': 0.0391, 'ndcg@5': 0.0248, 'hit@10': 0.0655, 'ndcg@10': 0.0333, 'hit@15': 0.0878, 'ndcg@15': 0.0392, 'hit@20': 0.1096, 'ndcg@20': 0.0443, 'hit@40': 0.1792, 'ndcg@40': 0.0585} 
2024-10-09 03:48:51.787 | INFO     | trainer_1:_train_one_epoch:193 - epoch 34 6.32s Train loss is [0.3570] 
2024-10-09 03:48:59.302 | INFO     | trainer_1:_train_one_epoch:201 - validate 34 cost time 7.51s, result: {'hit@1': 0.016, 'ndcg@1': 0.016, 'hit@5': 0.0603, 'ndcg@5': 0.0382, 'hit@10': 0.1017, 'ndcg@10': 0.0516, 'hit@15': 0.1334, 'ndcg@15': 0.0599, 'hit@20': 0.1616, 'ndcg@20': 0.0666, 'hit@40': 0.2512, 'ndcg@40': 0.0848} 
2024-10-09 03:49:06.277 | INFO     | trainer_1:_train_one_epoch:209 - test 34 cost time 6.97s, result: {'hit@1': 0.011, 'ndcg@1': 0.011, 'hit@5': 0.0381, 'ndcg@5': 0.0243, 'hit@10': 0.0659, 'ndcg@10': 0.0333, 'hit@15': 0.0877, 'ndcg@15': 0.039, 'hit@20': 0.1099, 'ndcg@20': 0.0443, 'hit@40': 0.1778, 'ndcg@40': 0.0581} 
2024-10-09 03:49:23.016 | INFO     | trainer_1:_train_one_epoch:193 - epoch 35 6.28s Train loss is [0.3579] 
2024-10-09 03:49:30.468 | INFO     | trainer_1:_train_one_epoch:201 - validate 35 cost time 7.45s, result: {'hit@1': 0.0169, 'ndcg@1': 0.0169, 'hit@5': 0.0611, 'ndcg@5': 0.0391, 'hit@10': 0.1008, 'ndcg@10': 0.0518, 'hit@15': 0.1355, 'ndcg@15': 0.0609, 'hit@20': 0.1646, 'ndcg@20': 0.0677, 'hit@40': 0.2576, 'ndcg@40': 0.0867} 
2024-10-09 03:49:37.705 | INFO     | trainer_1:_train_one_epoch:209 - test 35 cost time 7.24s, result: {'hit@1': 0.0118, 'ndcg@1': 0.0118, 'hit@5': 0.0388, 'ndcg@5': 0.0252, 'hit@10': 0.0668, 'ndcg@10': 0.0341, 'hit@15': 0.0909, 'ndcg@15': 0.0404, 'hit@20': 0.1122, 'ndcg@20': 0.0454, 'hit@40': 0.1824, 'ndcg@40': 0.0597} 
2024-10-09 03:49:55.129 | INFO     | trainer_1:_train_one_epoch:193 - epoch 36 6.75s Train loss is [0.3623] 
2024-10-09 03:50:02.393 | INFO     | trainer_1:_train_one_epoch:201 - validate 36 cost time 7.26s, result: {'hit@1': 0.0163, 'ndcg@1': 0.0163, 'hit@5': 0.0592, 'ndcg@5': 0.0377, 'hit@10': 0.098, 'ndcg@10': 0.0501, 'hit@15': 0.128, 'ndcg@15': 0.058, 'hit@20': 0.1586, 'ndcg@20': 0.0652, 'hit@40': 0.2483, 'ndcg@40': 0.0835} 
2024-10-09 03:50:09.875 | INFO     | trainer_1:_train_one_epoch:209 - test 36 cost time 7.48s, result: {'hit@1': 0.0108, 'ndcg@1': 0.0108, 'hit@5': 0.0378, 'ndcg@5': 0.0242, 'hit@10': 0.0647, 'ndcg@10': 0.0328, 'hit@15': 0.0879, 'ndcg@15': 0.039, 'hit@20': 0.1081, 'ndcg@20': 0.0437, 'hit@40': 0.1775, 'ndcg@40': 0.0579} 
2024-10-09 03:50:16.186 | INFO     | trainer_1:_train_one_epoch:193 - epoch 37 6.31s Train loss is [0.3539] 
2024-10-09 03:50:22.723 | INFO     | trainer_1:_train_one_epoch:201 - validate 37 cost time 6.54s, result: {'hit@1': 0.0164, 'ndcg@1': 0.0164, 'hit@5': 0.0612, 'ndcg@5': 0.0386, 'hit@10': 0.0982, 'ndcg@10': 0.0505, 'hit@15': 0.13, 'ndcg@15': 0.0589, 'hit@20': 0.1578, 'ndcg@20': 0.0654, 'hit@40': 0.248, 'ndcg@40': 0.0838} 
2024-10-09 03:50:27.553 | INFO     | trainer_1:_train_one_epoch:209 - test 37 cost time 4.83s, result: {'hit@1': 0.0113, 'ndcg@1': 0.0113, 'hit@5': 0.0379, 'ndcg@5': 0.0246, 'hit@10': 0.0647, 'ndcg@10': 0.0332, 'hit@15': 0.0882, 'ndcg@15': 0.0394, 'hit@20': 0.1093, 'ndcg@20': 0.0444, 'hit@40': 0.178, 'ndcg@40': 0.0584} 
2024-10-09 03:50:34.145 | INFO     | trainer_1:_train_one_epoch:193 - epoch 38 6.59s Train loss is [0.3460] 
2024-10-09 03:50:40.781 | INFO     | trainer_1:_train_one_epoch:201 - validate 38 cost time 6.64s, result: {'hit@1': 0.0166, 'ndcg@1': 0.0166, 'hit@5': 0.0612, 'ndcg@5': 0.0389, 'hit@10': 0.098, 'ndcg@10': 0.0506, 'hit@15': 0.1302, 'ndcg@15': 0.0591, 'hit@20': 0.1592, 'ndcg@20': 0.066, 'hit@40': 0.2501, 'ndcg@40': 0.0845} 
2024-10-09 03:50:48.029 | INFO     | trainer_1:_train_one_epoch:209 - test 38 cost time 7.25s, result: {'hit@1': 0.0112, 'ndcg@1': 0.0112, 'hit@5': 0.039, 'ndcg@5': 0.025, 'hit@10': 0.0672, 'ndcg@10': 0.0341, 'hit@15': 0.09, 'ndcg@15': 0.0401, 'hit@20': 0.1105, 'ndcg@20': 0.0449, 'hit@40': 0.1807, 'ndcg@40': 0.0592} 
2024-10-09 03:51:05.095 | INFO     | trainer_1:_train_one_epoch:193 - epoch 39 6.44s Train loss is [0.3437] 
2024-10-09 03:51:11.746 | INFO     | trainer_1:_train_one_epoch:201 - validate 39 cost time 6.65s, result: {'hit@1': 0.0162, 'ndcg@1': 0.0162, 'hit@5': 0.0578, 'ndcg@5': 0.0372, 'hit@10': 0.0957, 'ndcg@10': 0.0492, 'hit@15': 0.1277, 'ndcg@15': 0.0577, 'hit@20': 0.1572, 'ndcg@20': 0.0646, 'hit@40': 0.2483, 'ndcg@40': 0.0832} 
2024-10-09 03:51:19.090 | INFO     | trainer_1:_train_one_epoch:209 - test 39 cost time 7.34s, result: {'hit@1': 0.0105, 'ndcg@1': 0.0105, 'hit@5': 0.037, 'ndcg@5': 0.0237, 'hit@10': 0.0628, 'ndcg@10': 0.0319, 'hit@15': 0.0868, 'ndcg@15': 0.0383, 'hit@20': 0.1073, 'ndcg@20': 0.0431, 'hit@40': 0.1784, 'ndcg@40': 0.0576} 
2024-10-09 03:51:25.217 | INFO     | trainer_1:_train_one_epoch:193 - epoch 40 6.13s Train loss is [0.3431] 
2024-10-09 03:51:32.700 | INFO     | trainer_1:_train_one_epoch:201 - validate 40 cost time 7.48s, result: {'hit@1': 0.0172, 'ndcg@1': 0.0172, 'hit@5': 0.059, 'ndcg@5': 0.038, 'hit@10': 0.096, 'ndcg@10': 0.0499, 'hit@15': 0.1296, 'ndcg@15': 0.0588, 'hit@20': 0.1603, 'ndcg@20': 0.066, 'hit@40': 0.2521, 'ndcg@40': 0.0847} 
2024-10-09 03:51:39.598 | INFO     | trainer_1:_train_one_epoch:209 - test 40 cost time 6.90s, result: {'hit@1': 0.0116, 'ndcg@1': 0.0116, 'hit@5': 0.0377, 'ndcg@5': 0.0244, 'hit@10': 0.0645, 'ndcg@10': 0.033, 'hit@15': 0.0866, 'ndcg@15': 0.0388, 'hit@20': 0.1074, 'ndcg@20': 0.0437, 'hit@40': 0.1787, 'ndcg@40': 0.0582} 
2024-10-09 03:51:46.257 | INFO     | trainer_1:_train_one_epoch:193 - epoch 41 6.66s Train loss is [0.3513] 
2024-10-09 03:51:53.544 | INFO     | trainer_1:_train_one_epoch:201 - validate 41 cost time 7.29s, result: {'hit@1': 0.0157, 'ndcg@1': 0.0157, 'hit@5': 0.0574, 'ndcg@5': 0.0366, 'hit@10': 0.0987, 'ndcg@10': 0.0499, 'hit@15': 0.1314, 'ndcg@15': 0.0585, 'hit@20': 0.1601, 'ndcg@20': 0.0653, 'hit@40': 0.2535, 'ndcg@40': 0.0843} 
2024-10-09 03:52:01.012 | INFO     | trainer_1:_train_one_epoch:209 - test 41 cost time 7.47s, result: {'hit@1': 0.0117, 'ndcg@1': 0.0117, 'hit@5': 0.0393, 'ndcg@5': 0.0253, 'hit@10': 0.0662, 'ndcg@10': 0.0338, 'hit@15': 0.0902, 'ndcg@15': 0.0402, 'hit@20': 0.1115, 'ndcg@20': 0.0452, 'hit@40': 0.1816, 'ndcg@40': 0.0594} 
2024-10-09 03:52:07.189 | INFO     | trainer_1:_train_one_epoch:193 - epoch 42 6.18s Train loss is [0.3482] 
2024-10-09 03:52:14.268 | INFO     | trainer_1:_train_one_epoch:201 - validate 42 cost time 7.08s, result: {'hit@1': 0.0164, 'ndcg@1': 0.0164, 'hit@5': 0.0601, 'ndcg@5': 0.0385, 'hit@10': 0.101, 'ndcg@10': 0.0516, 'hit@15': 0.134, 'ndcg@15': 0.0603, 'hit@20': 0.1619, 'ndcg@20': 0.0668, 'hit@40': 0.2573, 'ndcg@40': 0.0863} 
2024-10-09 03:52:20.796 | INFO     | trainer_1:_train_one_epoch:209 - test 42 cost time 6.53s, result: {'hit@1': 0.0112, 'ndcg@1': 0.0112, 'hit@5': 0.0392, 'ndcg@5': 0.0251, 'hit@10': 0.0662, 'ndcg@10': 0.0337, 'hit@15': 0.0911, 'ndcg@15': 0.0403, 'hit@20': 0.1126, 'ndcg@20': 0.0453, 'hit@40': 0.1853, 'ndcg@40': 0.0602} 
2024-10-09 03:52:27.288 | INFO     | trainer_1:_train_one_epoch:193 - epoch 43 6.49s Train loss is [0.3532] 
2024-10-09 03:52:34.806 | INFO     | trainer_1:_train_one_epoch:201 - validate 43 cost time 7.52s, result: {'hit@1': 0.0169, 'ndcg@1': 0.0169, 'hit@5': 0.0625, 'ndcg@5': 0.0398, 'hit@10': 0.103, 'ndcg@10': 0.0527, 'hit@15': 0.1365, 'ndcg@15': 0.0615, 'hit@20': 0.1661, 'ndcg@20': 0.0685, 'hit@40': 0.2628, 'ndcg@40': 0.0882} 
2024-10-09 03:52:42.235 | INFO     | trainer_1:_train_one_epoch:209 - test 43 cost time 7.43s, result: {'hit@1': 0.0117, 'ndcg@1': 0.0117, 'hit@5': 0.0425, 'ndcg@5': 0.0269, 'hit@10': 0.0718, 'ndcg@10': 0.0363, 'hit@15': 0.0969, 'ndcg@15': 0.0429, 'hit@20': 0.1213, 'ndcg@20': 0.0486, 'hit@40': 0.194, 'ndcg@40': 0.0634} 
2024-10-09 03:52:58.942 | INFO     | trainer_1:_train_one_epoch:193 - epoch 44 6.26s Train loss is [0.3424] 
2024-10-09 03:53:05.585 | INFO     | trainer_1:_train_one_epoch:201 - validate 44 cost time 6.64s, result: {'hit@1': 0.0159, 'ndcg@1': 0.0159, 'hit@5': 0.0595, 'ndcg@5': 0.038, 'hit@10': 0.1017, 'ndcg@10': 0.0515, 'hit@15': 0.1334, 'ndcg@15': 0.0598, 'hit@20': 0.1622, 'ndcg@20': 0.0666, 'hit@40': 0.2579, 'ndcg@40': 0.0861} 
2024-10-09 03:53:13.056 | INFO     | trainer_1:_train_one_epoch:209 - test 44 cost time 7.47s, result: {'hit@1': 0.0111, 'ndcg@1': 0.0111, 'hit@5': 0.0386, 'ndcg@5': 0.0247, 'hit@10': 0.0652, 'ndcg@10': 0.0332, 'hit@15': 0.0912, 'ndcg@15': 0.04, 'hit@20': 0.114, 'ndcg@20': 0.0454, 'hit@40': 0.1866, 'ndcg@40': 0.0602} 
2024-10-09 03:53:19.167 | INFO     | trainer_1:_train_one_epoch:193 - epoch 45 6.11s Train loss is [0.3384] 
2024-10-09 03:53:26.820 | INFO     | trainer_1:_train_one_epoch:201 - validate 45 cost time 7.65s, result: {'hit@1': 0.0171, 'ndcg@1': 0.0171, 'hit@5': 0.0609, 'ndcg@5': 0.0394, 'hit@10': 0.1042, 'ndcg@10': 0.0533, 'hit@15': 0.1377, 'ndcg@15': 0.0621, 'hit@20': 0.1681, 'ndcg@20': 0.0693, 'hit@40': 0.2638, 'ndcg@40': 0.0888} 
2024-10-09 03:53:33.613 | INFO     | trainer_1:_train_one_epoch:209 - test 45 cost time 6.79s, result: {'hit@1': 0.0108, 'ndcg@1': 0.0108, 'hit@5': 0.0406, 'ndcg@5': 0.0257, 'hit@10': 0.067, 'ndcg@10': 0.0342, 'hit@15': 0.0926, 'ndcg@15': 0.0409, 'hit@20': 0.1148, 'ndcg@20': 0.0462, 'hit@40': 0.1862, 'ndcg@40': 0.0607} 
2024-10-09 03:53:39.919 | INFO     | trainer_1:_train_one_epoch:193 - epoch 46 6.30s Train loss is [0.3367] 
2024-10-09 03:53:47.279 | INFO     | trainer_1:_train_one_epoch:201 - validate 46 cost time 7.36s, result: {'hit@1': 0.0172, 'ndcg@1': 0.0172, 'hit@5': 0.0606, 'ndcg@5': 0.0389, 'hit@10': 0.0985, 'ndcg@10': 0.0511, 'hit@15': 0.133, 'ndcg@15': 0.0602, 'hit@20': 0.1615, 'ndcg@20': 0.0669, 'hit@40': 0.2511, 'ndcg@40': 0.0852} 
2024-10-09 03:53:54.706 | INFO     | trainer_1:_train_one_epoch:209 - test 46 cost time 7.43s, result: {'hit@1': 0.011, 'ndcg@1': 0.011, 'hit@5': 0.0404, 'ndcg@5': 0.0255, 'hit@10': 0.0663, 'ndcg@10': 0.0338, 'hit@15': 0.0897, 'ndcg@15': 0.04, 'hit@20': 0.1113, 'ndcg@20': 0.0451, 'hit@40': 0.18, 'ndcg@40': 0.0591} 
2024-10-09 03:54:00.907 | INFO     | trainer_1:_train_one_epoch:193 - epoch 47 6.20s Train loss is [0.3420] 
2024-10-09 03:54:07.915 | INFO     | trainer_1:_train_one_epoch:201 - validate 47 cost time 7.01s, result: {'hit@1': 0.0169, 'ndcg@1': 0.0169, 'hit@5': 0.062, 'ndcg@5': 0.0394, 'hit@10': 0.1039, 'ndcg@10': 0.0528, 'hit@15': 0.1377, 'ndcg@15': 0.0617, 'hit@20': 0.167, 'ndcg@20': 0.0687, 'hit@40': 0.2575, 'ndcg@40': 0.0871} 
2024-10-09 03:54:14.476 | INFO     | trainer_1:_train_one_epoch:209 - test 47 cost time 6.56s, result: {'hit@1': 0.0111, 'ndcg@1': 0.0111, 'hit@5': 0.0412, 'ndcg@5': 0.026, 'hit@10': 0.0688, 'ndcg@10': 0.0348, 'hit@15': 0.0937, 'ndcg@15': 0.0413, 'hit@20': 0.1148, 'ndcg@20': 0.0463, 'hit@40': 0.1843, 'ndcg@40': 0.0605} 
2024-10-09 03:54:20.565 | INFO     | trainer_1:_train_one_epoch:193 - epoch 48 6.09s Train loss is [0.3462] 
2024-10-09 03:54:28.079 | INFO     | trainer_1:_train_one_epoch:201 - validate 48 cost time 7.51s, result: {'hit@1': 0.0171, 'ndcg@1': 0.0171, 'hit@5': 0.0613, 'ndcg@5': 0.0391, 'hit@10': 0.1024, 'ndcg@10': 0.0523, 'hit@15': 0.1375, 'ndcg@15': 0.0615, 'hit@20': 0.1649, 'ndcg@20': 0.068, 'hit@40': 0.2549, 'ndcg@40': 0.0863} 
2024-10-09 03:54:35.523 | INFO     | trainer_1:_train_one_epoch:209 - test 48 cost time 7.44s, result: {'hit@1': 0.0109, 'ndcg@1': 0.0109, 'hit@5': 0.0413, 'ndcg@5': 0.026, 'hit@10': 0.0691, 'ndcg@10': 0.0349, 'hit@15': 0.0926, 'ndcg@15': 0.0411, 'hit@20': 0.1139, 'ndcg@20': 0.0461, 'hit@40': 0.1841, 'ndcg@40': 0.0604} 
2024-10-09 03:54:41.608 | INFO     | trainer_1:_train_one_epoch:193 - epoch 49 6.08s Train loss is [0.3244] 
2024-10-09 03:54:48.248 | INFO     | trainer_1:_train_one_epoch:201 - validate 49 cost time 6.64s, result: {'hit@1': 0.0169, 'ndcg@1': 0.0169, 'hit@5': 0.061, 'ndcg@5': 0.039, 'hit@10': 0.1007, 'ndcg@10': 0.0517, 'hit@15': 0.1356, 'ndcg@15': 0.0609, 'hit@20': 0.1638, 'ndcg@20': 0.0676, 'hit@40': 0.2568, 'ndcg@40': 0.0865} 
2024-10-09 03:54:55.298 | INFO     | trainer_1:_train_one_epoch:209 - test 49 cost time 7.05s, result: {'hit@1': 0.0103, 'ndcg@1': 0.0103, 'hit@5': 0.0396, 'ndcg@5': 0.025, 'hit@10': 0.0677, 'ndcg@10': 0.034, 'hit@15': 0.092, 'ndcg@15': 0.0404, 'hit@20': 0.1149, 'ndcg@20': 0.0459, 'hit@40': 0.1847, 'ndcg@40': 0.0601} 
2024-10-09 03:55:01.482 | INFO     | trainer_1:_train_one_epoch:193 - epoch 50 6.18s Train loss is [0.3392] 
2024-10-09 03:55:08.896 | INFO     | trainer_1:_train_one_epoch:201 - validate 50 cost time 7.41s, result: {'hit@1': 0.0168, 'ndcg@1': 0.0168, 'hit@5': 0.0621, 'ndcg@5': 0.0394, 'hit@10': 0.1029, 'ndcg@10': 0.0525, 'hit@15': 0.1379, 'ndcg@15': 0.0617, 'hit@20': 0.1662, 'ndcg@20': 0.0684, 'hit@40': 0.2621, 'ndcg@40': 0.0879} 
2024-10-09 03:55:16.083 | INFO     | trainer_1:_train_one_epoch:209 - test 50 cost time 7.19s, result: {'hit@1': 0.0115, 'ndcg@1': 0.0115, 'hit@5': 0.0417, 'ndcg@5': 0.0265, 'hit@10': 0.0703, 'ndcg@10': 0.0357, 'hit@15': 0.0953, 'ndcg@15': 0.0423, 'hit@20': 0.1168, 'ndcg@20': 0.0473, 'hit@40': 0.189, 'ndcg@40': 0.062} 
2024-10-09 03:55:16.093 | INFO     | trainer_1:train_model:163 - training end, best iteration 45, results: {'hit@1': 0.0169, 'ndcg@1': 0.0169, 'hit@5': 0.0625, 'ndcg@5': 0.0398, 'hit@10': 0.103, 'ndcg@10': 0.0527, 'hit@15': 0.1365, 'ndcg@15': 0.0615, 'hit@20': 0.1661, 'ndcg@20': 0.0685, 'hit@40': 0.2628, 'ndcg@40': 0.0882}
2024-10-09 03:55:16.093 | INFO     | trainer_1:train_model:166 - final test result is:  {'hit@1': 0.0117, 'ndcg@1': 0.0117, 'hit@5': 0.0425, 'ndcg@5': 0.0269, 'hit@10': 0.0718, 'ndcg@10': 0.0363, 'hit@15': 0.0969, 'ndcg@15': 0.0429, 'hit@20': 0.1213, 'ndcg@20': 0.0486, 'hit@40': 0.194, 'ndcg@40': 0.0634}
2024-10-09 03:55:16.390 | INFO     | __main__:<module>:119 - train end total cost time: 1826.6981434822083
