2024-10-08 20:58:11.924 | INFO     | __main__:<module>:105 - Namespace(TIME='2024-10-08 20_57_40', batch_size=1024, behaviors=['view', 'cart', 'buy'], check_point='model_pre_1_2024-10-08 11_17_41.pth', data_name='beibei', data_path='./data/beibei', decay=0.001, device='cuda:1', dim_qk=32, dim_v=64, distill_layers=2, distill_thres=0.5, distill_topK=20, distill_userK=6, embedding_size=64, epochs=100, gpu_no=1, if_load_model=True, ii_lambda=200, initializer_range=0.02, layers=2, loss_type='bpr', lr=0.001, message_dropout=0.25, metrics=['hit', 'ndcg'], min_epoch=5, model_name='main_1', model_path='./check_point', node_dropout=0.75, omega=1, pt_loop=50, reg_weight=0.001, test_batch_size=1024, testbatch=1024, topk=[1, 5, 10, 15, 20, 40], uu_lambda=100)
2024-10-08 20:58:11.925 | INFO     | __main__:<module>:106 - BIPN(
  (message_dropout): Dropout(p=0.25, inplace=False)
  (user_embedding): Embedding(21717, 64, padding_idx=0)
  (item_embedding): Embedding(7978, 64, padding_idx=0)
  (global_Graph): LightGCN()
  (Graph_encoder): ModuleDict(
    (view): GraphEncoder(
      (light): LightGCN()
      (dropout): Dropout(p=0.75, inplace=False)
    )
    (cart): GraphEncoder(
      (light): LightGCN()
      (dropout): Dropout(p=0.75, inplace=False)
    )
    (buy): GraphEncoder(
      (light): LightGCN()
      (dropout): Dropout(p=0.75, inplace=False)
    )
  )
  (attention): Mutual_Attention()
  (bpr_loss): BPRLoss()
  (emb_loss): EmbLoss()
  (f): Sigmoid()
)
2024-10-08 21:23:08.369 | INFO     | trainer_1:_train_one_epoch:193 - epoch 1 6.62s Train loss is [0.9447] 
2024-10-08 21:23:17.414 | INFO     | trainer_1:_train_one_epoch:201 - validate 1 cost time 9.04s, result: {'hit@1': 0.0065, 'ndcg@1': 0.0065, 'hit@5': 0.028, 'ndcg@5': 0.0171, 'hit@10': 0.0496, 'ndcg@10': 0.0241, 'hit@15': 0.0693, 'ndcg@15': 0.0293, 'hit@20': 0.087, 'ndcg@20': 0.0334, 'hit@40': 0.1484, 'ndcg@40': 0.0459} 
2024-10-08 21:23:26.128 | INFO     | trainer_1:_train_one_epoch:209 - test 1 cost time 8.71s, result: {'hit@1': 0.0041, 'ndcg@1': 0.0041, 'hit@5': 0.0177, 'ndcg@5': 0.0107, 'hit@10': 0.0347, 'ndcg@10': 0.0161, 'hit@15': 0.0488, 'ndcg@15': 0.0198, 'hit@20': 0.0618, 'ndcg@20': 0.0229, 'hit@40': 0.1131, 'ndcg@40': 0.0333} 
2024-10-08 21:23:43.607 | INFO     | trainer_1:_train_one_epoch:193 - epoch 2 6.73s Train loss is [0.7188] 
2024-10-08 21:23:50.193 | INFO     | trainer_1:_train_one_epoch:201 - validate 2 cost time 6.59s, result: {'hit@1': 0.0094, 'ndcg@1': 0.0094, 'hit@5': 0.0346, 'ndcg@5': 0.0218, 'hit@10': 0.0608, 'ndcg@10': 0.0302, 'hit@15': 0.0827, 'ndcg@15': 0.0359, 'hit@20': 0.1014, 'ndcg@20': 0.0404, 'hit@40': 0.1668, 'ndcg@40': 0.0537} 
2024-10-08 21:23:57.498 | INFO     | trainer_1:_train_one_epoch:209 - test 2 cost time 7.30s, result: {'hit@1': 0.0051, 'ndcg@1': 0.0051, 'hit@5': 0.0224, 'ndcg@5': 0.0135, 'hit@10': 0.0414, 'ndcg@10': 0.0196, 'hit@15': 0.0575, 'ndcg@15': 0.0238, 'hit@20': 0.0728, 'ndcg@20': 0.0275, 'hit@40': 0.1212, 'ndcg@40': 0.0373} 
2024-10-08 21:24:14.614 | INFO     | trainer_1:_train_one_epoch:193 - epoch 3 6.68s Train loss is [0.6415] 
2024-10-08 21:24:20.728 | INFO     | trainer_1:_train_one_epoch:201 - validate 3 cost time 6.11s, result: {'hit@1': 0.0078, 'ndcg@1': 0.0078, 'hit@5': 0.032, 'ndcg@5': 0.0197, 'hit@10': 0.0593, 'ndcg@10': 0.0283, 'hit@15': 0.0836, 'ndcg@15': 0.0348, 'hit@20': 0.1035, 'ndcg@20': 0.0395, 'hit@40': 0.1759, 'ndcg@40': 0.0542} 
2024-10-08 21:24:28.093 | INFO     | trainer_1:_train_one_epoch:209 - test 3 cost time 7.36s, result: {'hit@1': 0.0041, 'ndcg@1': 0.0041, 'hit@5': 0.0197, 'ndcg@5': 0.0118, 'hit@10': 0.0386, 'ndcg@10': 0.0178, 'hit@15': 0.0561, 'ndcg@15': 0.0225, 'hit@20': 0.0717, 'ndcg@20': 0.0261, 'hit@40': 0.126, 'ndcg@40': 0.0372} 
2024-10-08 21:24:34.572 | INFO     | trainer_1:_train_one_epoch:193 - epoch 4 6.48s Train loss is [0.5908] 
2024-10-08 21:24:41.971 | INFO     | trainer_1:_train_one_epoch:201 - validate 4 cost time 7.40s, result: {'hit@1': 0.0079, 'ndcg@1': 0.0079, 'hit@5': 0.0317, 'ndcg@5': 0.0197, 'hit@10': 0.0571, 'ndcg@10': 0.0278, 'hit@15': 0.0789, 'ndcg@15': 0.0336, 'hit@20': 0.0998, 'ndcg@20': 0.0385, 'hit@40': 0.1655, 'ndcg@40': 0.0519} 
2024-10-08 21:24:47.076 | INFO     | trainer_1:_train_one_epoch:209 - test 4 cost time 5.10s, result: {'hit@1': 0.0043, 'ndcg@1': 0.0043, 'hit@5': 0.018, 'ndcg@5': 0.011, 'hit@10': 0.0344, 'ndcg@10': 0.0163, 'hit@15': 0.0507, 'ndcg@15': 0.0206, 'hit@20': 0.067, 'ndcg@20': 0.0244, 'hit@40': 0.1174, 'ndcg@40': 0.0346} 
2024-10-08 21:24:53.651 | INFO     | trainer_1:_train_one_epoch:193 - epoch 5 6.57s Train loss is [0.5514] 
2024-10-08 21:25:00.261 | INFO     | trainer_1:_train_one_epoch:201 - validate 5 cost time 6.61s, result: {'hit@1': 0.0131, 'ndcg@1': 0.0131, 'hit@5': 0.0383, 'ndcg@5': 0.0255, 'hit@10': 0.0662, 'ndcg@10': 0.0344, 'hit@15': 0.0907, 'ndcg@15': 0.0409, 'hit@20': 0.1109, 'ndcg@20': 0.0456, 'hit@40': 0.1797, 'ndcg@40': 0.0596} 
2024-10-08 21:25:06.612 | INFO     | trainer_1:_train_one_epoch:209 - test 5 cost time 6.35s, result: {'hit@1': 0.0062, 'ndcg@1': 0.0062, 'hit@5': 0.0218, 'ndcg@5': 0.0138, 'hit@10': 0.0399, 'ndcg@10': 0.0196, 'hit@15': 0.0575, 'ndcg@15': 0.0242, 'hit@20': 0.0716, 'ndcg@20': 0.0276, 'hit@40': 0.121, 'ndcg@40': 0.0376} 
2024-10-08 21:25:13.249 | INFO     | trainer_1:_train_one_epoch:193 - epoch 6 6.64s Train loss is [0.5281] 
2024-10-08 21:25:22.239 | INFO     | trainer_1:_train_one_epoch:201 - validate 6 cost time 8.99s, result: {'hit@1': 0.0131, 'ndcg@1': 0.0131, 'hit@5': 0.0416, 'ndcg@5': 0.0272, 'hit@10': 0.0673, 'ndcg@10': 0.0354, 'hit@15': 0.0924, 'ndcg@15': 0.042, 'hit@20': 0.115, 'ndcg@20': 0.0474, 'hit@40': 0.1867, 'ndcg@40': 0.0619} 
2024-10-08 21:25:30.713 | INFO     | trainer_1:_train_one_epoch:209 - test 6 cost time 8.47s, result: {'hit@1': 0.007, 'ndcg@1': 0.007, 'hit@5': 0.0242, 'ndcg@5': 0.0154, 'hit@10': 0.0425, 'ndcg@10': 0.0213, 'hit@15': 0.0596, 'ndcg@15': 0.0258, 'hit@20': 0.0745, 'ndcg@20': 0.0293, 'hit@40': 0.1264, 'ndcg@40': 0.0398} 
2024-10-08 21:25:48.197 | INFO     | trainer_1:_train_one_epoch:193 - epoch 7 6.97s Train loss is [0.5257] 
2024-10-08 21:25:56.299 | INFO     | trainer_1:_train_one_epoch:201 - validate 7 cost time 8.10s, result: {'hit@1': 0.0118, 'ndcg@1': 0.0118, 'hit@5': 0.0426, 'ndcg@5': 0.0271, 'hit@10': 0.0714, 'ndcg@10': 0.0363, 'hit@15': 0.0988, 'ndcg@15': 0.0435, 'hit@20': 0.1235, 'ndcg@20': 0.0493, 'hit@40': 0.1959, 'ndcg@40': 0.0641} 
2024-10-08 21:26:05.319 | INFO     | trainer_1:_train_one_epoch:209 - test 7 cost time 9.02s, result: {'hit@1': 0.0068, 'ndcg@1': 0.0068, 'hit@5': 0.0245, 'ndcg@5': 0.0156, 'hit@10': 0.0426, 'ndcg@10': 0.0214, 'hit@15': 0.0613, 'ndcg@15': 0.0263, 'hit@20': 0.0786, 'ndcg@20': 0.0304, 'hit@40': 0.1348, 'ndcg@40': 0.0418} 
2024-10-08 21:26:22.335 | INFO     | trainer_1:_train_one_epoch:193 - epoch 8 6.60s Train loss is [0.4928] 
2024-10-08 21:26:28.706 | INFO     | trainer_1:_train_one_epoch:201 - validate 8 cost time 6.37s, result: {'hit@1': 0.0094, 'ndcg@1': 0.0094, 'hit@5': 0.0386, 'ndcg@5': 0.0238, 'hit@10': 0.0688, 'ndcg@10': 0.0334, 'hit@15': 0.0945, 'ndcg@15': 0.0402, 'hit@20': 0.1195, 'ndcg@20': 0.0461, 'hit@40': 0.1993, 'ndcg@40': 0.0623} 
2024-10-08 21:26:36.101 | INFO     | trainer_1:_train_one_epoch:209 - test 8 cost time 7.39s, result: {'hit@1': 0.0053, 'ndcg@1': 0.0053, 'hit@5': 0.0229, 'ndcg@5': 0.0141, 'hit@10': 0.0424, 'ndcg@10': 0.0204, 'hit@15': 0.0605, 'ndcg@15': 0.0251, 'hit@20': 0.0777, 'ndcg@20': 0.0292, 'hit@40': 0.1365, 'ndcg@40': 0.0411} 
2024-10-08 21:26:42.706 | INFO     | trainer_1:_train_one_epoch:193 - epoch 9 6.60s Train loss is [0.4793] 
2024-10-08 21:26:51.489 | INFO     | trainer_1:_train_one_epoch:201 - validate 9 cost time 8.78s, result: {'hit@1': 0.0117, 'ndcg@1': 0.0117, 'hit@5': 0.0447, 'ndcg@5': 0.028, 'hit@10': 0.077, 'ndcg@10': 0.0384, 'hit@15': 0.1046, 'ndcg@15': 0.0457, 'hit@20': 0.1294, 'ndcg@20': 0.0515, 'hit@40': 0.2076, 'ndcg@40': 0.0675} 
2024-10-08 21:26:58.211 | INFO     | trainer_1:_train_one_epoch:209 - test 9 cost time 6.72s, result: {'hit@1': 0.0067, 'ndcg@1': 0.0067, 'hit@5': 0.0264, 'ndcg@5': 0.0165, 'hit@10': 0.0465, 'ndcg@10': 0.0228, 'hit@15': 0.0671, 'ndcg@15': 0.0283, 'hit@20': 0.0848, 'ndcg@20': 0.0325, 'hit@40': 0.1449, 'ndcg@40': 0.0447} 
2024-10-08 21:27:15.523 | INFO     | trainer_1:_train_one_epoch:193 - epoch 10 6.78s Train loss is [0.4705] 
2024-10-08 21:27:22.894 | INFO     | trainer_1:_train_one_epoch:201 - validate 10 cost time 7.37s, result: {'hit@1': 0.013, 'ndcg@1': 0.013, 'hit@5': 0.0461, 'ndcg@5': 0.0295, 'hit@10': 0.0787, 'ndcg@10': 0.0399, 'hit@15': 0.1048, 'ndcg@15': 0.0468, 'hit@20': 0.1278, 'ndcg@20': 0.0522, 'hit@40': 0.2101, 'ndcg@40': 0.069} 
2024-10-08 21:27:28.989 | INFO     | trainer_1:_train_one_epoch:209 - test 10 cost time 6.09s, result: {'hit@1': 0.0074, 'ndcg@1': 0.0074, 'hit@5': 0.0281, 'ndcg@5': 0.0176, 'hit@10': 0.0492, 'ndcg@10': 0.0244, 'hit@15': 0.0682, 'ndcg@15': 0.0294, 'hit@20': 0.0858, 'ndcg@20': 0.0335, 'hit@40': 0.1447, 'ndcg@40': 0.0455} 
2024-10-08 21:27:45.651 | INFO     | trainer_1:_train_one_epoch:193 - epoch 11 6.40s Train loss is [0.4640] 
2024-10-08 21:27:52.993 | INFO     | trainer_1:_train_one_epoch:201 - validate 11 cost time 7.34s, result: {'hit@1': 0.0105, 'ndcg@1': 0.0105, 'hit@5': 0.0411, 'ndcg@5': 0.0259, 'hit@10': 0.0708, 'ndcg@10': 0.0354, 'hit@15': 0.0959, 'ndcg@15': 0.042, 'hit@20': 0.1188, 'ndcg@20': 0.0474, 'hit@40': 0.1913, 'ndcg@40': 0.0621} 
2024-10-08 21:27:59.936 | INFO     | trainer_1:_train_one_epoch:209 - test 11 cost time 6.94s, result: {'hit@1': 0.0065, 'ndcg@1': 0.0065, 'hit@5': 0.0264, 'ndcg@5': 0.0163, 'hit@10': 0.0472, 'ndcg@10': 0.0229, 'hit@15': 0.0642, 'ndcg@15': 0.0274, 'hit@20': 0.0806, 'ndcg@20': 0.0313, 'hit@40': 0.1344, 'ndcg@40': 0.0422} 
2024-10-08 21:28:06.367 | INFO     | trainer_1:_train_one_epoch:193 - epoch 12 6.43s Train loss is [0.4604] 
2024-10-08 21:28:13.840 | INFO     | trainer_1:_train_one_epoch:201 - validate 12 cost time 7.47s, result: {'hit@1': 0.0101, 'ndcg@1': 0.0101, 'hit@5': 0.0411, 'ndcg@5': 0.0255, 'hit@10': 0.0709, 'ndcg@10': 0.035, 'hit@15': 0.0966, 'ndcg@15': 0.0418, 'hit@20': 0.1196, 'ndcg@20': 0.0472, 'hit@40': 0.202, 'ndcg@40': 0.064} 
2024-10-08 21:28:22.837 | INFO     | trainer_1:_train_one_epoch:209 - test 12 cost time 9.00s, result: {'hit@1': 0.0074, 'ndcg@1': 0.0074, 'hit@5': 0.0264, 'ndcg@5': 0.0166, 'hit@10': 0.0478, 'ndcg@10': 0.0234, 'hit@15': 0.0659, 'ndcg@15': 0.0282, 'hit@20': 0.0839, 'ndcg@20': 0.0324, 'hit@40': 0.1423, 'ndcg@40': 0.0443} 
2024-10-08 21:28:29.200 | INFO     | trainer_1:_train_one_epoch:193 - epoch 13 6.36s Train loss is [0.4433] 
2024-10-08 21:28:36.513 | INFO     | trainer_1:_train_one_epoch:201 - validate 13 cost time 7.31s, result: {'hit@1': 0.0119, 'ndcg@1': 0.0119, 'hit@5': 0.0453, 'ndcg@5': 0.0286, 'hit@10': 0.0758, 'ndcg@10': 0.0384, 'hit@15': 0.1008, 'ndcg@15': 0.045, 'hit@20': 0.1254, 'ndcg@20': 0.0508, 'hit@40': 0.204, 'ndcg@40': 0.0667} 
2024-10-08 21:28:42.375 | INFO     | trainer_1:_train_one_epoch:209 - test 13 cost time 5.86s, result: {'hit@1': 0.0074, 'ndcg@1': 0.0074, 'hit@5': 0.0284, 'ndcg@5': 0.0177, 'hit@10': 0.0496, 'ndcg@10': 0.0245, 'hit@15': 0.0681, 'ndcg@15': 0.0294, 'hit@20': 0.0852, 'ndcg@20': 0.0335, 'hit@40': 0.147, 'ndcg@40': 0.046} 
2024-10-08 21:28:59.790 | INFO     | trainer_1:_train_one_epoch:193 - epoch 14 6.37s Train loss is [0.4396] 
2024-10-08 21:29:08.832 | INFO     | trainer_1:_train_one_epoch:201 - validate 14 cost time 9.04s, result: {'hit@1': 0.0122, 'ndcg@1': 0.0122, 'hit@5': 0.0453, 'ndcg@5': 0.0286, 'hit@10': 0.0771, 'ndcg@10': 0.0389, 'hit@15': 0.1013, 'ndcg@15': 0.0453, 'hit@20': 0.1271, 'ndcg@20': 0.0513, 'hit@40': 0.2075, 'ndcg@40': 0.0677} 
2024-10-08 21:29:16.192 | INFO     | trainer_1:_train_one_epoch:209 - test 14 cost time 7.36s, result: {'hit@1': 0.0076, 'ndcg@1': 0.0076, 'hit@5': 0.0299, 'ndcg@5': 0.0187, 'hit@10': 0.0509, 'ndcg@10': 0.0254, 'hit@15': 0.0711, 'ndcg@15': 0.0307, 'hit@20': 0.087, 'ndcg@20': 0.0345, 'hit@40': 0.1447, 'ndcg@40': 0.0462} 
2024-10-08 21:29:33.294 | INFO     | trainer_1:_train_one_epoch:193 - epoch 15 6.42s Train loss is [0.4235] 
2024-10-08 21:29:40.606 | INFO     | trainer_1:_train_one_epoch:201 - validate 15 cost time 7.31s, result: {'hit@1': 0.0115, 'ndcg@1': 0.0115, 'hit@5': 0.0468, 'ndcg@5': 0.0291, 'hit@10': 0.0779, 'ndcg@10': 0.0391, 'hit@15': 0.1052, 'ndcg@15': 0.0463, 'hit@20': 0.1296, 'ndcg@20': 0.0521, 'hit@40': 0.2066, 'ndcg@40': 0.0678} 
2024-10-08 21:29:47.410 | INFO     | trainer_1:_train_one_epoch:209 - test 15 cost time 6.80s, result: {'hit@1': 0.0075, 'ndcg@1': 0.0075, 'hit@5': 0.0299, 'ndcg@5': 0.0187, 'hit@10': 0.0518, 'ndcg@10': 0.0257, 'hit@15': 0.0709, 'ndcg@15': 0.0308, 'hit@20': 0.0885, 'ndcg@20': 0.0349, 'hit@40': 0.1503, 'ndcg@40': 0.0475} 
2024-10-08 21:30:04.353 | INFO     | trainer_1:_train_one_epoch:193 - epoch 16 6.49s Train loss is [0.4270] 
2024-10-08 21:30:13.365 | INFO     | trainer_1:_train_one_epoch:201 - validate 16 cost time 9.01s, result: {'hit@1': 0.0129, 'ndcg@1': 0.0129, 'hit@5': 0.0481, 'ndcg@5': 0.0304, 'hit@10': 0.0798, 'ndcg@10': 0.0405, 'hit@15': 0.1082, 'ndcg@15': 0.048, 'hit@20': 0.1323, 'ndcg@20': 0.0537, 'hit@40': 0.2162, 'ndcg@40': 0.0708} 
2024-10-08 21:30:22.312 | INFO     | trainer_1:_train_one_epoch:209 - test 16 cost time 8.95s, result: {'hit@1': 0.0078, 'ndcg@1': 0.0078, 'hit@5': 0.0301, 'ndcg@5': 0.0189, 'hit@10': 0.0533, 'ndcg@10': 0.0263, 'hit@15': 0.0718, 'ndcg@15': 0.0312, 'hit@20': 0.0907, 'ndcg@20': 0.0356, 'hit@40': 0.1531, 'ndcg@40': 0.0483} 
2024-10-08 21:30:39.637 | INFO     | trainer_1:_train_one_epoch:193 - epoch 17 6.76s Train loss is [0.4127] 
2024-10-08 21:30:47.078 | INFO     | trainer_1:_train_one_epoch:201 - validate 17 cost time 7.44s, result: {'hit@1': 0.0127, 'ndcg@1': 0.0127, 'hit@5': 0.0453, 'ndcg@5': 0.0287, 'hit@10': 0.0753, 'ndcg@10': 0.0384, 'hit@15': 0.0992, 'ndcg@15': 0.0447, 'hit@20': 0.1224, 'ndcg@20': 0.0502, 'hit@40': 0.2005, 'ndcg@40': 0.0661} 
2024-10-08 21:30:56.077 | INFO     | trainer_1:_train_one_epoch:209 - test 17 cost time 9.00s, result: {'hit@1': 0.0069, 'ndcg@1': 0.0069, 'hit@5': 0.0287, 'ndcg@5': 0.0178, 'hit@10': 0.049, 'ndcg@10': 0.0243, 'hit@15': 0.0662, 'ndcg@15': 0.0288, 'hit@20': 0.084, 'ndcg@20': 0.033, 'hit@40': 0.1415, 'ndcg@40': 0.0447} 
2024-10-08 21:31:02.730 | INFO     | trainer_1:_train_one_epoch:193 - epoch 18 6.65s Train loss is [0.4029] 
2024-10-08 21:31:11.462 | INFO     | trainer_1:_train_one_epoch:201 - validate 18 cost time 8.73s, result: {'hit@1': 0.0145, 'ndcg@1': 0.0145, 'hit@5': 0.05, 'ndcg@5': 0.0323, 'hit@10': 0.0851, 'ndcg@10': 0.0435, 'hit@15': 0.111, 'ndcg@15': 0.0503, 'hit@20': 0.1363, 'ndcg@20': 0.0563, 'hit@40': 0.2201, 'ndcg@40': 0.0734} 
2024-10-08 21:31:18.219 | INFO     | trainer_1:_train_one_epoch:209 - test 18 cost time 6.76s, result: {'hit@1': 0.0075, 'ndcg@1': 0.0075, 'hit@5': 0.0326, 'ndcg@5': 0.0202, 'hit@10': 0.0574, 'ndcg@10': 0.0281, 'hit@15': 0.0775, 'ndcg@15': 0.0334, 'hit@20': 0.0963, 'ndcg@20': 0.0378, 'hit@40': 0.1615, 'ndcg@40': 0.0511} 
2024-10-08 21:31:35.111 | INFO     | trainer_1:_train_one_epoch:193 - epoch 19 6.33s Train loss is [0.4051] 
2024-10-08 21:31:42.625 | INFO     | trainer_1:_train_one_epoch:201 - validate 19 cost time 7.51s, result: {'hit@1': 0.0151, 'ndcg@1': 0.0151, 'hit@5': 0.0519, 'ndcg@5': 0.0335, 'hit@10': 0.086, 'ndcg@10': 0.0445, 'hit@15': 0.1153, 'ndcg@15': 0.0522, 'hit@20': 0.1403, 'ndcg@20': 0.0581, 'hit@40': 0.2291, 'ndcg@40': 0.0762} 
2024-10-08 21:31:47.781 | INFO     | trainer_1:_train_one_epoch:209 - test 19 cost time 5.16s, result: {'hit@1': 0.0086, 'ndcg@1': 0.0086, 'hit@5': 0.0338, 'ndcg@5': 0.0213, 'hit@10': 0.0579, 'ndcg@10': 0.029, 'hit@15': 0.0791, 'ndcg@15': 0.0346, 'hit@20': 0.0985, 'ndcg@20': 0.0392, 'hit@40': 0.1645, 'ndcg@40': 0.0526} 
2024-10-08 21:32:04.800 | INFO     | trainer_1:_train_one_epoch:193 - epoch 20 6.61s Train loss is [0.3894] 
2024-10-08 21:32:12.204 | INFO     | trainer_1:_train_one_epoch:201 - validate 20 cost time 7.40s, result: {'hit@1': 0.0142, 'ndcg@1': 0.0142, 'hit@5': 0.0511, 'ndcg@5': 0.0327, 'hit@10': 0.0867, 'ndcg@10': 0.0441, 'hit@15': 0.1171, 'ndcg@15': 0.0522, 'hit@20': 0.1443, 'ndcg@20': 0.0586, 'hit@40': 0.2284, 'ndcg@40': 0.0757} 
2024-10-08 21:32:19.455 | INFO     | trainer_1:_train_one_epoch:209 - test 20 cost time 7.25s, result: {'hit@1': 0.0105, 'ndcg@1': 0.0105, 'hit@5': 0.0344, 'ndcg@5': 0.0223, 'hit@10': 0.0593, 'ndcg@10': 0.0303, 'hit@15': 0.0798, 'ndcg@15': 0.0357, 'hit@20': 0.0992, 'ndcg@20': 0.0403, 'hit@40': 0.1633, 'ndcg@40': 0.0533} 
2024-10-08 21:32:36.329 | INFO     | trainer_1:_train_one_epoch:193 - epoch 21 6.36s Train loss is [0.3934] 
2024-10-08 21:32:42.297 | INFO     | trainer_1:_train_one_epoch:201 - validate 21 cost time 5.97s, result: {'hit@1': 0.0153, 'ndcg@1': 0.0153, 'hit@5': 0.0545, 'ndcg@5': 0.035, 'hit@10': 0.0918, 'ndcg@10': 0.047, 'hit@15': 0.121, 'ndcg@15': 0.0547, 'hit@20': 0.148, 'ndcg@20': 0.0611, 'hit@40': 0.2323, 'ndcg@40': 0.0782} 
2024-10-08 21:32:48.611 | INFO     | trainer_1:_train_one_epoch:209 - test 21 cost time 6.31s, result: {'hit@1': 0.0096, 'ndcg@1': 0.0096, 'hit@5': 0.0357, 'ndcg@5': 0.0226, 'hit@10': 0.0609, 'ndcg@10': 0.0307, 'hit@15': 0.0818, 'ndcg@15': 0.0362, 'hit@20': 0.1013, 'ndcg@20': 0.0408, 'hit@40': 0.1646, 'ndcg@40': 0.0537} 
2024-10-08 21:33:06.009 | INFO     | trainer_1:_train_one_epoch:193 - epoch 22 6.42s Train loss is [0.3924] 
2024-10-08 21:33:11.958 | INFO     | trainer_1:_train_one_epoch:201 - validate 22 cost time 5.95s, result: {'hit@1': 0.0158, 'ndcg@1': 0.0158, 'hit@5': 0.0558, 'ndcg@5': 0.0356, 'hit@10': 0.0907, 'ndcg@10': 0.0468, 'hit@15': 0.1198, 'ndcg@15': 0.0545, 'hit@20': 0.1447, 'ndcg@20': 0.0604, 'hit@40': 0.2288, 'ndcg@40': 0.0775} 
2024-10-08 21:33:17.756 | INFO     | trainer_1:_train_one_epoch:209 - test 22 cost time 5.80s, result: {'hit@1': 0.009, 'ndcg@1': 0.009, 'hit@5': 0.0354, 'ndcg@5': 0.0221, 'hit@10': 0.0625, 'ndcg@10': 0.0307, 'hit@15': 0.0832, 'ndcg@15': 0.0362, 'hit@20': 0.1019, 'ndcg@20': 0.0406, 'hit@40': 0.163, 'ndcg@40': 0.0531} 
2024-10-08 21:33:34.995 | INFO     | trainer_1:_train_one_epoch:193 - epoch 23 6.42s Train loss is [0.3862] 
2024-10-08 21:33:41.038 | INFO     | trainer_1:_train_one_epoch:201 - validate 23 cost time 6.04s, result: {'hit@1': 0.0161, 'ndcg@1': 0.0161, 'hit@5': 0.0556, 'ndcg@5': 0.0359, 'hit@10': 0.0918, 'ndcg@10': 0.0474, 'hit@15': 0.1219, 'ndcg@15': 0.0554, 'hit@20': 0.1499, 'ndcg@20': 0.062, 'hit@40': 0.2374, 'ndcg@40': 0.0798} 
2024-10-08 21:33:46.918 | INFO     | trainer_1:_train_one_epoch:209 - test 23 cost time 5.88s, result: {'hit@1': 0.0085, 'ndcg@1': 0.0085, 'hit@5': 0.0368, 'ndcg@5': 0.0226, 'hit@10': 0.0629, 'ndcg@10': 0.031, 'hit@15': 0.0844, 'ndcg@15': 0.0366, 'hit@20': 0.1059, 'ndcg@20': 0.0417, 'hit@40': 0.1705, 'ndcg@40': 0.0548} 
2024-10-08 21:34:04.009 | INFO     | trainer_1:_train_one_epoch:193 - epoch 24 6.47s Train loss is [0.3802] 
2024-10-08 21:34:10.678 | INFO     | trainer_1:_train_one_epoch:201 - validate 24 cost time 6.67s, result: {'hit@1': 0.0155, 'ndcg@1': 0.0155, 'hit@5': 0.0577, 'ndcg@5': 0.0367, 'hit@10': 0.0958, 'ndcg@10': 0.0489, 'hit@15': 0.1272, 'ndcg@15': 0.0572, 'hit@20': 0.1522, 'ndcg@20': 0.0631, 'hit@40': 0.2389, 'ndcg@40': 0.0807} 
2024-10-08 21:34:16.572 | INFO     | trainer_1:_train_one_epoch:209 - test 24 cost time 5.89s, result: {'hit@1': 0.01, 'ndcg@1': 0.01, 'hit@5': 0.0372, 'ndcg@5': 0.0235, 'hit@10': 0.0629, 'ndcg@10': 0.0317, 'hit@15': 0.0849, 'ndcg@15': 0.0376, 'hit@20': 0.1048, 'ndcg@20': 0.0423, 'hit@40': 0.168, 'ndcg@40': 0.0551} 
2024-10-08 21:34:22.848 | INFO     | trainer_1:_train_one_epoch:193 - epoch 25 6.28s Train loss is [0.3799] 
2024-10-08 21:34:30.256 | INFO     | trainer_1:_train_one_epoch:201 - validate 25 cost time 7.41s, result: {'hit@1': 0.0164, 'ndcg@1': 0.0164, 'hit@5': 0.058, 'ndcg@5': 0.0373, 'hit@10': 0.0941, 'ndcg@10': 0.0489, 'hit@15': 0.1238, 'ndcg@15': 0.0568, 'hit@20': 0.1501, 'ndcg@20': 0.0629, 'hit@40': 0.2353, 'ndcg@40': 0.0803} 
2024-10-08 21:34:37.465 | INFO     | trainer_1:_train_one_epoch:209 - test 25 cost time 7.21s, result: {'hit@1': 0.0109, 'ndcg@1': 0.0109, 'hit@5': 0.0373, 'ndcg@5': 0.0241, 'hit@10': 0.0631, 'ndcg@10': 0.0323, 'hit@15': 0.0857, 'ndcg@15': 0.0383, 'hit@20': 0.1046, 'ndcg@20': 0.0428, 'hit@40': 0.1708, 'ndcg@40': 0.0563} 
2024-10-08 21:34:54.732 | INFO     | trainer_1:_train_one_epoch:193 - epoch 26 6.41s Train loss is [0.3829] 
2024-10-08 21:35:02.076 | INFO     | trainer_1:_train_one_epoch:201 - validate 26 cost time 7.34s, result: {'hit@1': 0.0175, 'ndcg@1': 0.0175, 'hit@5': 0.0578, 'ndcg@5': 0.0376, 'hit@10': 0.0946, 'ndcg@10': 0.0494, 'hit@15': 0.1257, 'ndcg@15': 0.0577, 'hit@20': 0.1519, 'ndcg@20': 0.0638, 'hit@40': 0.2357, 'ndcg@40': 0.0809} 
2024-10-08 21:35:09.285 | INFO     | trainer_1:_train_one_epoch:209 - test 26 cost time 7.21s, result: {'hit@1': 0.0104, 'ndcg@1': 0.0104, 'hit@5': 0.0372, 'ndcg@5': 0.0239, 'hit@10': 0.0623, 'ndcg@10': 0.0319, 'hit@15': 0.0823, 'ndcg@15': 0.0372, 'hit@20': 0.1017, 'ndcg@20': 0.0418, 'hit@40': 0.1668, 'ndcg@40': 0.055} 
2024-10-08 21:35:15.515 | INFO     | trainer_1:_train_one_epoch:193 - epoch 27 6.23s Train loss is [0.3675] 
2024-10-08 21:35:21.745 | INFO     | trainer_1:_train_one_epoch:201 - validate 27 cost time 6.23s, result: {'hit@1': 0.0171, 'ndcg@1': 0.0171, 'hit@5': 0.0587, 'ndcg@5': 0.0379, 'hit@10': 0.0954, 'ndcg@10': 0.0497, 'hit@15': 0.1265, 'ndcg@15': 0.0579, 'hit@20': 0.1524, 'ndcg@20': 0.064, 'hit@40': 0.2386, 'ndcg@40': 0.0815} 
2024-10-08 21:35:27.625 | INFO     | trainer_1:_train_one_epoch:209 - test 27 cost time 5.88s, result: {'hit@1': 0.0114, 'ndcg@1': 0.0114, 'hit@5': 0.0383, 'ndcg@5': 0.0249, 'hit@10': 0.0641, 'ndcg@10': 0.0332, 'hit@15': 0.0869, 'ndcg@15': 0.0392, 'hit@20': 0.1055, 'ndcg@20': 0.0436, 'hit@40': 0.1692, 'ndcg@40': 0.0565} 
2024-10-08 21:35:44.731 | INFO     | trainer_1:_train_one_epoch:193 - epoch 28 6.44s Train loss is [0.3639] 
2024-10-08 21:35:51.426 | INFO     | trainer_1:_train_one_epoch:201 - validate 28 cost time 6.69s, result: {'hit@1': 0.0166, 'ndcg@1': 0.0166, 'hit@5': 0.0554, 'ndcg@5': 0.0363, 'hit@10': 0.0948, 'ndcg@10': 0.049, 'hit@15': 0.1268, 'ndcg@15': 0.0574, 'hit@20': 0.1534, 'ndcg@20': 0.0637, 'hit@40': 0.2401, 'ndcg@40': 0.0813} 
2024-10-08 21:35:57.268 | INFO     | trainer_1:_train_one_epoch:209 - test 28 cost time 5.84s, result: {'hit@1': 0.0104, 'ndcg@1': 0.0104, 'hit@5': 0.0368, 'ndcg@5': 0.0236, 'hit@10': 0.0648, 'ndcg@10': 0.0325, 'hit@15': 0.0875, 'ndcg@15': 0.0385, 'hit@20': 0.1063, 'ndcg@20': 0.0429, 'hit@40': 0.1714, 'ndcg@40': 0.0561} 
2024-10-08 21:36:14.239 | INFO     | trainer_1:_train_one_epoch:193 - epoch 29 6.34s Train loss is [0.3707] 
2024-10-08 21:36:21.537 | INFO     | trainer_1:_train_one_epoch:201 - validate 29 cost time 7.30s, result: {'hit@1': 0.0167, 'ndcg@1': 0.0167, 'hit@5': 0.0569, 'ndcg@5': 0.0367, 'hit@10': 0.0932, 'ndcg@10': 0.0483, 'hit@15': 0.1247, 'ndcg@15': 0.0567, 'hit@20': 0.1507, 'ndcg@20': 0.0628, 'hit@40': 0.2372, 'ndcg@40': 0.0804} 
2024-10-08 21:36:27.414 | INFO     | trainer_1:_train_one_epoch:209 - test 29 cost time 5.88s, result: {'hit@1': 0.0103, 'ndcg@1': 0.0103, 'hit@5': 0.035, 'ndcg@5': 0.0226, 'hit@10': 0.0604, 'ndcg@10': 0.0307, 'hit@15': 0.0825, 'ndcg@15': 0.0365, 'hit@20': 0.1014, 'ndcg@20': 0.041, 'hit@40': 0.1661, 'ndcg@40': 0.0541} 
2024-10-08 21:36:33.834 | INFO     | trainer_1:_train_one_epoch:193 - epoch 30 6.42s Train loss is [0.3721] 
2024-10-08 21:36:41.343 | INFO     | trainer_1:_train_one_epoch:201 - validate 30 cost time 7.51s, result: {'hit@1': 0.0173, 'ndcg@1': 0.0173, 'hit@5': 0.0587, 'ndcg@5': 0.0379, 'hit@10': 0.0955, 'ndcg@10': 0.0496, 'hit@15': 0.1278, 'ndcg@15': 0.0581, 'hit@20': 0.1572, 'ndcg@20': 0.0651, 'hit@40': 0.244, 'ndcg@40': 0.0828} 
2024-10-08 21:36:48.605 | INFO     | trainer_1:_train_one_epoch:209 - test 30 cost time 7.26s, result: {'hit@1': 0.0108, 'ndcg@1': 0.0108, 'hit@5': 0.0376, 'ndcg@5': 0.0242, 'hit@10': 0.0638, 'ndcg@10': 0.0326, 'hit@15': 0.0885, 'ndcg@15': 0.0391, 'hit@20': 0.1084, 'ndcg@20': 0.0438, 'hit@40': 0.1788, 'ndcg@40': 0.0581} 
2024-10-08 21:36:55.121 | INFO     | trainer_1:_train_one_epoch:193 - epoch 31 6.52s Train loss is [0.3597] 
2024-10-08 21:37:01.347 | INFO     | trainer_1:_train_one_epoch:201 - validate 31 cost time 6.23s, result: {'hit@1': 0.0161, 'ndcg@1': 0.0161, 'hit@5': 0.0579, 'ndcg@5': 0.0369, 'hit@10': 0.0963, 'ndcg@10': 0.0492, 'hit@15': 0.1284, 'ndcg@15': 0.0577, 'hit@20': 0.1551, 'ndcg@20': 0.064, 'hit@40': 0.2465, 'ndcg@40': 0.0827} 
2024-10-08 21:37:07.228 | INFO     | trainer_1:_train_one_epoch:209 - test 31 cost time 5.88s, result: {'hit@1': 0.01, 'ndcg@1': 0.01, 'hit@5': 0.0378, 'ndcg@5': 0.0238, 'hit@10': 0.0645, 'ndcg@10': 0.0323, 'hit@15': 0.0875, 'ndcg@15': 0.0384, 'hit@20': 0.1072, 'ndcg@20': 0.043, 'hit@40': 0.1737, 'ndcg@40': 0.0566} 
2024-10-08 21:37:13.638 | INFO     | trainer_1:_train_one_epoch:193 - epoch 32 6.41s Train loss is [0.3624] 
2024-10-08 21:37:21.075 | INFO     | trainer_1:_train_one_epoch:201 - validate 32 cost time 7.44s, result: {'hit@1': 0.0163, 'ndcg@1': 0.0163, 'hit@5': 0.0591, 'ndcg@5': 0.0376, 'hit@10': 0.0968, 'ndcg@10': 0.0497, 'hit@15': 0.1274, 'ndcg@15': 0.0577, 'hit@20': 0.1538, 'ndcg@20': 0.0639, 'hit@40': 0.2425, 'ndcg@40': 0.082} 
2024-10-08 21:37:28.367 | INFO     | trainer_1:_train_one_epoch:209 - test 32 cost time 7.29s, result: {'hit@1': 0.0105, 'ndcg@1': 0.0105, 'hit@5': 0.0383, 'ndcg@5': 0.0244, 'hit@10': 0.0643, 'ndcg@10': 0.0327, 'hit@15': 0.0864, 'ndcg@15': 0.0385, 'hit@20': 0.1062, 'ndcg@20': 0.0432, 'hit@40': 0.1726, 'ndcg@40': 0.0567} 
2024-10-08 21:37:34.655 | INFO     | trainer_1:_train_one_epoch:193 - epoch 33 6.29s Train loss is [0.3568] 
2024-10-08 21:37:40.598 | INFO     | trainer_1:_train_one_epoch:201 - validate 33 cost time 5.94s, result: {'hit@1': 0.0163, 'ndcg@1': 0.0163, 'hit@5': 0.0624, 'ndcg@5': 0.0395, 'hit@10': 0.101, 'ndcg@10': 0.0519, 'hit@15': 0.1309, 'ndcg@15': 0.0598, 'hit@20': 0.1602, 'ndcg@20': 0.0667, 'hit@40': 0.2523, 'ndcg@40': 0.0855} 
2024-10-08 21:37:46.853 | INFO     | trainer_1:_train_one_epoch:209 - test 33 cost time 6.25s, result: {'hit@1': 0.0111, 'ndcg@1': 0.0111, 'hit@5': 0.0391, 'ndcg@5': 0.0248, 'hit@10': 0.0654, 'ndcg@10': 0.0332, 'hit@15': 0.0882, 'ndcg@15': 0.0393, 'hit@20': 0.1092, 'ndcg@20': 0.0443, 'hit@40': 0.1789, 'ndcg@40': 0.0585} 
2024-10-08 21:38:03.956 | INFO     | trainer_1:_train_one_epoch:193 - epoch 34 6.39s Train loss is [0.3577] 
2024-10-08 21:38:09.937 | INFO     | trainer_1:_train_one_epoch:201 - validate 34 cost time 5.98s, result: {'hit@1': 0.0163, 'ndcg@1': 0.0163, 'hit@5': 0.0613, 'ndcg@5': 0.0388, 'hit@10': 0.1024, 'ndcg@10': 0.052, 'hit@15': 0.1331, 'ndcg@15': 0.0602, 'hit@20': 0.1627, 'ndcg@20': 0.0671, 'hit@40': 0.252, 'ndcg@40': 0.0853} 
2024-10-08 21:38:15.832 | INFO     | trainer_1:_train_one_epoch:209 - test 34 cost time 5.89s, result: {'hit@1': 0.0111, 'ndcg@1': 0.0111, 'hit@5': 0.0396, 'ndcg@5': 0.0252, 'hit@10': 0.0666, 'ndcg@10': 0.0338, 'hit@15': 0.089, 'ndcg@15': 0.0397, 'hit@20': 0.1107, 'ndcg@20': 0.0448, 'hit@40': 0.1793, 'ndcg@40': 0.0588} 
2024-10-08 21:38:32.703 | INFO     | trainer_1:_train_one_epoch:193 - epoch 35 6.42s Train loss is [0.3577] 
2024-10-08 21:38:38.922 | INFO     | trainer_1:_train_one_epoch:201 - validate 35 cost time 6.22s, result: {'hit@1': 0.0173, 'ndcg@1': 0.0173, 'hit@5': 0.0618, 'ndcg@5': 0.0395, 'hit@10': 0.1007, 'ndcg@10': 0.052, 'hit@15': 0.1352, 'ndcg@15': 0.0611, 'hit@20': 0.1643, 'ndcg@20': 0.068, 'hit@40': 0.2573, 'ndcg@40': 0.0869} 
2024-10-08 21:38:44.823 | INFO     | trainer_1:_train_one_epoch:209 - test 35 cost time 5.90s, result: {'hit@1': 0.0117, 'ndcg@1': 0.0117, 'hit@5': 0.0391, 'ndcg@5': 0.0252, 'hit@10': 0.0663, 'ndcg@10': 0.0339, 'hit@15': 0.0909, 'ndcg@15': 0.0404, 'hit@20': 0.1111, 'ndcg@20': 0.0451, 'hit@40': 0.1832, 'ndcg@40': 0.0598} 
2024-10-08 21:38:51.171 | INFO     | trainer_1:_train_one_epoch:193 - epoch 36 6.35s Train loss is [0.3621] 
2024-10-08 21:38:58.544 | INFO     | trainer_1:_train_one_epoch:201 - validate 36 cost time 7.37s, result: {'hit@1': 0.0163, 'ndcg@1': 0.0163, 'hit@5': 0.0591, 'ndcg@5': 0.0378, 'hit@10': 0.0971, 'ndcg@10': 0.05, 'hit@15': 0.1287, 'ndcg@15': 0.0583, 'hit@20': 0.1591, 'ndcg@20': 0.0655, 'hit@40': 0.2484, 'ndcg@40': 0.0837} 
2024-10-08 21:39:05.721 | INFO     | trainer_1:_train_one_epoch:209 - test 36 cost time 7.18s, result: {'hit@1': 0.011, 'ndcg@1': 0.011, 'hit@5': 0.0378, 'ndcg@5': 0.0243, 'hit@10': 0.0649, 'ndcg@10': 0.033, 'hit@15': 0.0887, 'ndcg@15': 0.0393, 'hit@20': 0.1086, 'ndcg@20': 0.044, 'hit@40': 0.1786, 'ndcg@40': 0.0583} 
2024-10-08 21:39:12.026 | INFO     | trainer_1:_train_one_epoch:193 - epoch 37 6.30s Train loss is [0.3543] 
2024-10-08 21:39:17.982 | INFO     | trainer_1:_train_one_epoch:201 - validate 37 cost time 5.96s, result: {'hit@1': 0.0165, 'ndcg@1': 0.0165, 'hit@5': 0.0611, 'ndcg@5': 0.0386, 'hit@10': 0.0984, 'ndcg@10': 0.0506, 'hit@15': 0.131, 'ndcg@15': 0.0592, 'hit@20': 0.1582, 'ndcg@20': 0.0656, 'hit@40': 0.2491, 'ndcg@40': 0.0842} 
2024-10-08 21:39:24.247 | INFO     | trainer_1:_train_one_epoch:209 - test 37 cost time 6.26s, result: {'hit@1': 0.0114, 'ndcg@1': 0.0114, 'hit@5': 0.0387, 'ndcg@5': 0.025, 'hit@10': 0.0651, 'ndcg@10': 0.0334, 'hit@15': 0.0886, 'ndcg@15': 0.0397, 'hit@20': 0.1091, 'ndcg@20': 0.0445, 'hit@40': 0.1782, 'ndcg@40': 0.0586} 
2024-10-08 21:39:30.434 | INFO     | trainer_1:_train_one_epoch:193 - epoch 38 6.19s Train loss is [0.3458] 
2024-10-08 21:39:37.852 | INFO     | trainer_1:_train_one_epoch:201 - validate 38 cost time 7.42s, result: {'hit@1': 0.0163, 'ndcg@1': 0.0163, 'hit@5': 0.0609, 'ndcg@5': 0.0386, 'hit@10': 0.0982, 'ndcg@10': 0.0506, 'hit@15': 0.1304, 'ndcg@15': 0.0591, 'hit@20': 0.1604, 'ndcg@20': 0.0662, 'hit@40': 0.2502, 'ndcg@40': 0.0845} 
2024-10-08 21:39:45.287 | INFO     | trainer_1:_train_one_epoch:209 - test 38 cost time 7.44s, result: {'hit@1': 0.0113, 'ndcg@1': 0.0113, 'hit@5': 0.0399, 'ndcg@5': 0.0255, 'hit@10': 0.0668, 'ndcg@10': 0.034, 'hit@15': 0.0897, 'ndcg@15': 0.0401, 'hit@20': 0.1109, 'ndcg@20': 0.0451, 'hit@40': 0.1812, 'ndcg@40': 0.0594} 
2024-10-08 21:40:02.286 | INFO     | trainer_1:_train_one_epoch:193 - epoch 39 6.39s Train loss is [0.3433] 
2024-10-08 21:40:09.773 | INFO     | trainer_1:_train_one_epoch:201 - validate 39 cost time 7.49s, result: {'hit@1': 0.0161, 'ndcg@1': 0.0161, 'hit@5': 0.0571, 'ndcg@5': 0.0368, 'hit@10': 0.0963, 'ndcg@10': 0.0494, 'hit@15': 0.1284, 'ndcg@15': 0.0578, 'hit@20': 0.1576, 'ndcg@20': 0.0647, 'hit@40': 0.2475, 'ndcg@40': 0.083} 
2024-10-08 21:40:17.154 | INFO     | trainer_1:_train_one_epoch:209 - test 39 cost time 7.38s, result: {'hit@1': 0.0108, 'ndcg@1': 0.0108, 'hit@5': 0.0371, 'ndcg@5': 0.0239, 'hit@10': 0.0631, 'ndcg@10': 0.0322, 'hit@15': 0.0865, 'ndcg@15': 0.0384, 'hit@20': 0.1069, 'ndcg@20': 0.0432, 'hit@40': 0.1775, 'ndcg@40': 0.0576} 
2024-10-08 21:40:23.468 | INFO     | trainer_1:_train_one_epoch:193 - epoch 40 6.31s Train loss is [0.3429] 
2024-10-08 21:40:29.377 | INFO     | trainer_1:_train_one_epoch:201 - validate 40 cost time 5.91s, result: {'hit@1': 0.017, 'ndcg@1': 0.017, 'hit@5': 0.0592, 'ndcg@5': 0.0381, 'hit@10': 0.0979, 'ndcg@10': 0.0505, 'hit@15': 0.1309, 'ndcg@15': 0.0592, 'hit@20': 0.1603, 'ndcg@20': 0.0661, 'hit@40': 0.2529, 'ndcg@40': 0.085} 
2024-10-08 21:40:35.727 | INFO     | trainer_1:_train_one_epoch:209 - test 40 cost time 6.35s, result: {'hit@1': 0.0115, 'ndcg@1': 0.0115, 'hit@5': 0.0382, 'ndcg@5': 0.0247, 'hit@10': 0.0645, 'ndcg@10': 0.0331, 'hit@15': 0.0868, 'ndcg@15': 0.039, 'hit@20': 0.1079, 'ndcg@20': 0.044, 'hit@40': 0.1796, 'ndcg@40': 0.0586} 
2024-10-08 21:40:42.028 | INFO     | trainer_1:_train_one_epoch:193 - epoch 41 6.30s Train loss is [0.3520] 
2024-10-08 21:40:49.494 | INFO     | trainer_1:_train_one_epoch:201 - validate 41 cost time 7.46s, result: {'hit@1': 0.0157, 'ndcg@1': 0.0157, 'hit@5': 0.0587, 'ndcg@5': 0.0374, 'hit@10': 0.0984, 'ndcg@10': 0.0501, 'hit@15': 0.1319, 'ndcg@15': 0.059, 'hit@20': 0.1597, 'ndcg@20': 0.0656, 'hit@40': 0.2548, 'ndcg@40': 0.0849} 
2024-10-08 21:40:56.863 | INFO     | trainer_1:_train_one_epoch:209 - test 41 cost time 7.37s, result: {'hit@1': 0.012, 'ndcg@1': 0.012, 'hit@5': 0.04, 'ndcg@5': 0.0257, 'hit@10': 0.0665, 'ndcg@10': 0.0342, 'hit@15': 0.0907, 'ndcg@15': 0.0405, 'hit@20': 0.112, 'ndcg@20': 0.0456, 'hit@40': 0.1818, 'ndcg@40': 0.0598} 
2024-10-08 21:41:03.231 | INFO     | trainer_1:_train_one_epoch:193 - epoch 42 6.37s Train loss is [0.3484] 
2024-10-08 21:41:09.220 | INFO     | trainer_1:_train_one_epoch:201 - validate 42 cost time 5.99s, result: {'hit@1': 0.0167, 'ndcg@1': 0.0167, 'hit@5': 0.0603, 'ndcg@5': 0.0387, 'hit@10': 0.1011, 'ndcg@10': 0.0518, 'hit@15': 0.1335, 'ndcg@15': 0.0604, 'hit@20': 0.1618, 'ndcg@20': 0.067, 'hit@40': 0.2571, 'ndcg@40': 0.0865} 
2024-10-08 21:41:16.516 | INFO     | trainer_1:_train_one_epoch:209 - test 42 cost time 7.30s, result: {'hit@1': 0.0114, 'ndcg@1': 0.0114, 'hit@5': 0.0396, 'ndcg@5': 0.0253, 'hit@10': 0.0663, 'ndcg@10': 0.0338, 'hit@15': 0.0915, 'ndcg@15': 0.0405, 'hit@20': 0.1135, 'ndcg@20': 0.0457, 'hit@40': 0.1853, 'ndcg@40': 0.0603} 
2024-10-08 21:41:22.891 | INFO     | trainer_1:_train_one_epoch:193 - epoch 43 6.37s Train loss is [0.3532] 
2024-10-08 21:41:30.391 | INFO     | trainer_1:_train_one_epoch:201 - validate 43 cost time 7.50s, result: {'hit@1': 0.0172, 'ndcg@1': 0.0172, 'hit@5': 0.0628, 'ndcg@5': 0.0399, 'hit@10': 0.1032, 'ndcg@10': 0.0529, 'hit@15': 0.1365, 'ndcg@15': 0.0617, 'hit@20': 0.1689, 'ndcg@20': 0.0694, 'hit@40': 0.2631, 'ndcg@40': 0.0885} 
2024-10-08 21:41:36.598 | INFO     | trainer_1:_train_one_epoch:209 - test 43 cost time 6.21s, result: {'hit@1': 0.0111, 'ndcg@1': 0.0111, 'hit@5': 0.0438, 'ndcg@5': 0.0273, 'hit@10': 0.0722, 'ndcg@10': 0.0363, 'hit@15': 0.0962, 'ndcg@15': 0.0427, 'hit@20': 0.1216, 'ndcg@20': 0.0487, 'hit@40': 0.1934, 'ndcg@40': 0.0633} 
2024-10-08 21:41:53.430 | INFO     | trainer_1:_train_one_epoch:193 - epoch 44 6.30s Train loss is [0.3427] 
2024-10-08 21:42:00.712 | INFO     | trainer_1:_train_one_epoch:201 - validate 44 cost time 7.28s, result: {'hit@1': 0.0163, 'ndcg@1': 0.0163, 'hit@5': 0.0602, 'ndcg@5': 0.0384, 'hit@10': 0.1006, 'ndcg@10': 0.0513, 'hit@15': 0.1334, 'ndcg@15': 0.06, 'hit@20': 0.1629, 'ndcg@20': 0.0669, 'hit@40': 0.2575, 'ndcg@40': 0.0862} 
2024-10-08 21:42:07.741 | INFO     | trainer_1:_train_one_epoch:209 - test 44 cost time 7.03s, result: {'hit@1': 0.0112, 'ndcg@1': 0.0112, 'hit@5': 0.0383, 'ndcg@5': 0.0246, 'hit@10': 0.0655, 'ndcg@10': 0.0333, 'hit@15': 0.0908, 'ndcg@15': 0.04, 'hit@20': 0.1134, 'ndcg@20': 0.0453, 'hit@40': 0.1865, 'ndcg@40': 0.0603} 
2024-10-08 21:42:14.101 | INFO     | trainer_1:_train_one_epoch:193 - epoch 45 6.36s Train loss is [0.3381] 
2024-10-08 21:42:20.250 | INFO     | trainer_1:_train_one_epoch:201 - validate 45 cost time 6.15s, result: {'hit@1': 0.0172, 'ndcg@1': 0.0172, 'hit@5': 0.0618, 'ndcg@5': 0.0398, 'hit@10': 0.1039, 'ndcg@10': 0.0534, 'hit@15': 0.1374, 'ndcg@15': 0.0622, 'hit@20': 0.1682, 'ndcg@20': 0.0695, 'hit@40': 0.2632, 'ndcg@40': 0.0889} 
2024-10-08 21:42:27.540 | INFO     | trainer_1:_train_one_epoch:209 - test 45 cost time 7.29s, result: {'hit@1': 0.0111, 'ndcg@1': 0.0111, 'hit@5': 0.0405, 'ndcg@5': 0.0257, 'hit@10': 0.0678, 'ndcg@10': 0.0345, 'hit@15': 0.0929, 'ndcg@15': 0.0411, 'hit@20': 0.1152, 'ndcg@20': 0.0464, 'hit@40': 0.1876, 'ndcg@40': 0.0611} 
2024-10-08 21:42:33.801 | INFO     | trainer_1:_train_one_epoch:193 - epoch 46 6.26s Train loss is [0.3371] 
2024-10-08 21:42:41.145 | INFO     | trainer_1:_train_one_epoch:201 - validate 46 cost time 7.34s, result: {'hit@1': 0.0173, 'ndcg@1': 0.0173, 'hit@5': 0.0608, 'ndcg@5': 0.0391, 'hit@10': 0.0992, 'ndcg@10': 0.0514, 'hit@15': 0.1331, 'ndcg@15': 0.0604, 'hit@20': 0.1617, 'ndcg@20': 0.0671, 'hit@40': 0.2525, 'ndcg@40': 0.0856} 
2024-10-08 21:42:47.190 | INFO     | trainer_1:_train_one_epoch:209 - test 46 cost time 6.04s, result: {'hit@1': 0.0113, 'ndcg@1': 0.0113, 'hit@5': 0.0403, 'ndcg@5': 0.0256, 'hit@10': 0.0666, 'ndcg@10': 0.0341, 'hit@15': 0.0894, 'ndcg@15': 0.0401, 'hit@20': 0.111, 'ndcg@20': 0.0452, 'hit@40': 0.1801, 'ndcg@40': 0.0592} 
2024-10-08 21:42:53.510 | INFO     | trainer_1:_train_one_epoch:193 - epoch 47 6.32s Train loss is [0.3422] 
2024-10-08 21:43:00.470 | INFO     | trainer_1:_train_one_epoch:201 - validate 47 cost time 6.96s, result: {'hit@1': 0.0171, 'ndcg@1': 0.0171, 'hit@5': 0.0615, 'ndcg@5': 0.0394, 'hit@10': 0.1046, 'ndcg@10': 0.0532, 'hit@15': 0.1374, 'ndcg@15': 0.0618, 'hit@20': 0.1665, 'ndcg@20': 0.0687, 'hit@40': 0.2565, 'ndcg@40': 0.087} 
2024-10-08 21:43:07.769 | INFO     | trainer_1:_train_one_epoch:209 - test 47 cost time 7.30s, result: {'hit@1': 0.011, 'ndcg@1': 0.011, 'hit@5': 0.0411, 'ndcg@5': 0.0259, 'hit@10': 0.0685, 'ndcg@10': 0.0347, 'hit@15': 0.0933, 'ndcg@15': 0.0412, 'hit@20': 0.1147, 'ndcg@20': 0.0463, 'hit@40': 0.1853, 'ndcg@40': 0.0606} 
2024-10-08 21:43:14.068 | INFO     | trainer_1:_train_one_epoch:193 - epoch 48 6.30s Train loss is [0.3463] 
2024-10-08 21:43:20.163 | INFO     | trainer_1:_train_one_epoch:201 - validate 48 cost time 6.09s, result: {'hit@1': 0.0168, 'ndcg@1': 0.0168, 'hit@5': 0.0609, 'ndcg@5': 0.039, 'hit@10': 0.1029, 'ndcg@10': 0.0525, 'hit@15': 0.138, 'ndcg@15': 0.0618, 'hit@20': 0.1658, 'ndcg@20': 0.0683, 'hit@40': 0.255, 'ndcg@40': 0.0865} 
2024-10-08 21:43:24.991 | INFO     | trainer_1:_train_one_epoch:209 - test 48 cost time 4.83s, result: {'hit@1': 0.0105, 'ndcg@1': 0.0105, 'hit@5': 0.042, 'ndcg@5': 0.0262, 'hit@10': 0.0696, 'ndcg@10': 0.0351, 'hit@15': 0.093, 'ndcg@15': 0.0412, 'hit@20': 0.1145, 'ndcg@20': 0.0463, 'hit@40': 0.1844, 'ndcg@40': 0.0605} 
2024-10-08 21:43:31.288 | INFO     | trainer_1:_train_one_epoch:193 - epoch 49 6.30s Train loss is [0.3246] 
2024-10-08 21:43:37.223 | INFO     | trainer_1:_train_one_epoch:201 - validate 49 cost time 5.93s, result: {'hit@1': 0.017, 'ndcg@1': 0.017, 'hit@5': 0.0613, 'ndcg@5': 0.0393, 'hit@10': 0.1017, 'ndcg@10': 0.0523, 'hit@15': 0.136, 'ndcg@15': 0.0613, 'hit@20': 0.1655, 'ndcg@20': 0.0683, 'hit@40': 0.2566, 'ndcg@40': 0.0868} 
2024-10-08 21:43:44.176 | INFO     | trainer_1:_train_one_epoch:209 - test 49 cost time 6.95s, result: {'hit@1': 0.0104, 'ndcg@1': 0.0104, 'hit@5': 0.0397, 'ndcg@5': 0.0251, 'hit@10': 0.0688, 'ndcg@10': 0.0344, 'hit@15': 0.0921, 'ndcg@15': 0.0406, 'hit@20': 0.1152, 'ndcg@20': 0.046, 'hit@40': 0.1854, 'ndcg@40': 0.0603} 
2024-10-08 21:43:50.401 | INFO     | trainer_1:_train_one_epoch:193 - epoch 50 6.22s Train loss is [0.3390] 
2024-10-08 21:43:57.712 | INFO     | trainer_1:_train_one_epoch:201 - validate 50 cost time 7.31s, result: {'hit@1': 0.0171, 'ndcg@1': 0.0171, 'hit@5': 0.063, 'ndcg@5': 0.04, 'hit@10': 0.1049, 'ndcg@10': 0.0534, 'hit@15': 0.1381, 'ndcg@15': 0.0622, 'hit@20': 0.1677, 'ndcg@20': 0.0692, 'hit@40': 0.2612, 'ndcg@40': 0.0882} 
2024-10-08 21:44:04.317 | INFO     | trainer_1:_train_one_epoch:209 - test 50 cost time 6.60s, result: {'hit@1': 0.0114, 'ndcg@1': 0.0114, 'hit@5': 0.0425, 'ndcg@5': 0.027, 'hit@10': 0.0706, 'ndcg@10': 0.036, 'hit@15': 0.0962, 'ndcg@15': 0.0427, 'hit@20': 0.1172, 'ndcg@20': 0.0477, 'hit@40': 0.1897, 'ndcg@40': 0.0625} 
2024-10-08 21:44:10.615 | INFO     | trainer_1:_train_one_epoch:193 - epoch 51 6.30s Train loss is [0.3336] 
2024-10-08 21:44:17.027 | INFO     | trainer_1:_train_one_epoch:201 - validate 51 cost time 6.41s, result: {'hit@1': 0.0168, 'ndcg@1': 0.0168, 'hit@5': 0.0612, 'ndcg@5': 0.039, 'hit@10': 0.1023, 'ndcg@10': 0.0521, 'hit@15': 0.1352, 'ndcg@15': 0.0608, 'hit@20': 0.1637, 'ndcg@20': 0.0675, 'hit@40': 0.2531, 'ndcg@40': 0.0857} 
2024-10-08 21:44:24.485 | INFO     | trainer_1:_train_one_epoch:209 - test 51 cost time 7.46s, result: {'hit@1': 0.0111, 'ndcg@1': 0.0111, 'hit@5': 0.0409, 'ndcg@5': 0.0261, 'hit@10': 0.0684, 'ndcg@10': 0.0348, 'hit@15': 0.0926, 'ndcg@15': 0.0412, 'hit@20': 0.1133, 'ndcg@20': 0.0461, 'hit@40': 0.1824, 'ndcg@40': 0.0601} 
2024-10-08 21:44:30.724 | INFO     | trainer_1:_train_one_epoch:193 - epoch 52 6.24s Train loss is [0.3394] 
2024-10-08 21:44:38.090 | INFO     | trainer_1:_train_one_epoch:201 - validate 52 cost time 7.37s, result: {'hit@1': 0.0174, 'ndcg@1': 0.0174, 'hit@5': 0.0635, 'ndcg@5': 0.0406, 'hit@10': 0.1068, 'ndcg@10': 0.0544, 'hit@15': 0.1396, 'ndcg@15': 0.0631, 'hit@20': 0.1707, 'ndcg@20': 0.0704, 'hit@40': 0.2654, 'ndcg@40': 0.0897} 
2024-10-08 21:44:43.971 | INFO     | trainer_1:_train_one_epoch:209 - test 52 cost time 5.88s, result: {'hit@1': 0.0107, 'ndcg@1': 0.0107, 'hit@5': 0.0394, 'ndcg@5': 0.0252, 'hit@10': 0.0688, 'ndcg@10': 0.0346, 'hit@15': 0.0954, 'ndcg@15': 0.0416, 'hit@20': 0.1174, 'ndcg@20': 0.0468, 'hit@40': 0.1903, 'ndcg@40': 0.0616} 
2024-10-08 21:44:50.360 | INFO     | trainer_1:_train_one_epoch:193 - epoch 53 6.39s Train loss is [0.3354] 
2024-10-08 21:44:57.823 | INFO     | trainer_1:_train_one_epoch:201 - validate 53 cost time 7.46s, result: {'hit@1': 0.0161, 'ndcg@1': 0.0161, 'hit@5': 0.0601, 'ndcg@5': 0.0383, 'hit@10': 0.1007, 'ndcg@10': 0.0512, 'hit@15': 0.1325, 'ndcg@15': 0.0596, 'hit@20': 0.162, 'ndcg@20': 0.0666, 'hit@40': 0.2517, 'ndcg@40': 0.0849} 
2024-10-08 21:45:05.221 | INFO     | trainer_1:_train_one_epoch:209 - test 53 cost time 7.40s, result: {'hit@1': 0.0107, 'ndcg@1': 0.0107, 'hit@5': 0.0389, 'ndcg@5': 0.0248, 'hit@10': 0.0667, 'ndcg@10': 0.0337, 'hit@15': 0.0915, 'ndcg@15': 0.0402, 'hit@20': 0.113, 'ndcg@20': 0.0453, 'hit@40': 0.1842, 'ndcg@40': 0.0598} 
2024-10-08 21:45:11.475 | INFO     | trainer_1:_train_one_epoch:193 - epoch 54 6.25s Train loss is [0.3273] 
2024-10-08 21:45:17.873 | INFO     | trainer_1:_train_one_epoch:201 - validate 54 cost time 6.40s, result: {'hit@1': 0.017, 'ndcg@1': 0.017, 'hit@5': 0.0606, 'ndcg@5': 0.0389, 'hit@10': 0.1008, 'ndcg@10': 0.0518, 'hit@15': 0.135, 'ndcg@15': 0.0607, 'hit@20': 0.1653, 'ndcg@20': 0.0679, 'hit@40': 0.2552, 'ndcg@40': 0.0862} 
2024-10-08 21:45:23.742 | INFO     | trainer_1:_train_one_epoch:209 - test 54 cost time 5.87s, result: {'hit@1': 0.0106, 'ndcg@1': 0.0106, 'hit@5': 0.0391, 'ndcg@5': 0.0247, 'hit@10': 0.0666, 'ndcg@10': 0.0335, 'hit@15': 0.0923, 'ndcg@15': 0.0403, 'hit@20': 0.1126, 'ndcg@20': 0.045, 'hit@40': 0.1862, 'ndcg@40': 0.06} 
2024-10-08 21:45:30.047 | INFO     | trainer_1:_train_one_epoch:193 - epoch 55 6.30s Train loss is [0.3302] 
2024-10-08 21:45:37.714 | INFO     | trainer_1:_train_one_epoch:201 - validate 55 cost time 7.67s, result: {'hit@1': 0.0161, 'ndcg@1': 0.0161, 'hit@5': 0.0584, 'ndcg@5': 0.0372, 'hit@10': 0.0967, 'ndcg@10': 0.0495, 'hit@15': 0.1306, 'ndcg@15': 0.0585, 'hit@20': 0.1616, 'ndcg@20': 0.0657, 'hit@40': 0.2517, 'ndcg@40': 0.0841} 
2024-10-08 21:45:44.922 | INFO     | trainer_1:_train_one_epoch:209 - test 55 cost time 7.21s, result: {'hit@1': 0.011, 'ndcg@1': 0.011, 'hit@5': 0.0385, 'ndcg@5': 0.0246, 'hit@10': 0.066, 'ndcg@10': 0.0334, 'hit@15': 0.0895, 'ndcg@15': 0.0396, 'hit@20': 0.1105, 'ndcg@20': 0.0446, 'hit@40': 0.1807, 'ndcg@40': 0.0589} 
2024-10-08 21:45:51.219 | INFO     | trainer_1:_train_one_epoch:193 - epoch 56 6.30s Train loss is [0.3326] 
2024-10-08 21:45:57.188 | INFO     | trainer_1:_train_one_epoch:201 - validate 56 cost time 5.97s, result: {'hit@1': 0.0166, 'ndcg@1': 0.0166, 'hit@5': 0.063, 'ndcg@5': 0.0398, 'hit@10': 0.1022, 'ndcg@10': 0.0523, 'hit@15': 0.1371, 'ndcg@15': 0.0615, 'hit@20': 0.1674, 'ndcg@20': 0.0687, 'hit@40': 0.2628, 'ndcg@40': 0.0881} 
2024-10-08 21:46:03.209 | INFO     | trainer_1:_train_one_epoch:209 - test 56 cost time 6.02s, result: {'hit@1': 0.0109, 'ndcg@1': 0.0109, 'hit@5': 0.0397, 'ndcg@5': 0.025, 'hit@10': 0.0686, 'ndcg@10': 0.0344, 'hit@15': 0.0941, 'ndcg@15': 0.0411, 'hit@20': 0.1167, 'ndcg@20': 0.0464, 'hit@40': 0.1906, 'ndcg@40': 0.0614} 
2024-10-08 21:46:09.440 | INFO     | trainer_1:_train_one_epoch:193 - epoch 57 6.23s Train loss is [0.3241] 
2024-10-08 21:46:16.829 | INFO     | trainer_1:_train_one_epoch:201 - validate 57 cost time 7.39s, result: {'hit@1': 0.0176, 'ndcg@1': 0.0176, 'hit@5': 0.0631, 'ndcg@5': 0.0404, 'hit@10': 0.1035, 'ndcg@10': 0.0534, 'hit@15': 0.1364, 'ndcg@15': 0.0621, 'hit@20': 0.1682, 'ndcg@20': 0.0696, 'hit@40': 0.2594, 'ndcg@40': 0.0881} 
2024-10-08 21:46:24.184 | INFO     | trainer_1:_train_one_epoch:209 - test 57 cost time 7.35s, result: {'hit@1': 0.0108, 'ndcg@1': 0.0108, 'hit@5': 0.0416, 'ndcg@5': 0.0258, 'hit@10': 0.0701, 'ndcg@10': 0.035, 'hit@15': 0.0948, 'ndcg@15': 0.0415, 'hit@20': 0.1176, 'ndcg@20': 0.0469, 'hit@40': 0.1921, 'ndcg@40': 0.0621} 
2024-10-08 21:46:24.194 | INFO     | trainer_1:train_model:163 - training end, best iteration 52, results: {'hit@1': 0.0172, 'ndcg@1': 0.0172, 'hit@5': 0.0628, 'ndcg@5': 0.0399, 'hit@10': 0.1032, 'ndcg@10': 0.0529, 'hit@15': 0.1365, 'ndcg@15': 0.0617, 'hit@20': 0.1689, 'ndcg@20': 0.0694, 'hit@40': 0.2631, 'ndcg@40': 0.0885}
2024-10-08 21:46:24.195 | INFO     | trainer_1:train_model:166 - final test result is:  {'hit@1': 0.0111, 'ndcg@1': 0.0111, 'hit@5': 0.0438, 'ndcg@5': 0.0273, 'hit@10': 0.0722, 'ndcg@10': 0.0363, 'hit@15': 0.0962, 'ndcg@15': 0.0427, 'hit@20': 0.1216, 'ndcg@20': 0.0487, 'hit@40': 0.1934, 'ndcg@40': 0.0633}
2024-10-08 21:46:24.515 | INFO     | __main__:<module>:119 - train end total cost time: 2924.355177640915
