2024-10-08 17:47:14.136 | INFO     | __main__:<module>:105 - Namespace(TIME='2024-10-08 17_46_40', batch_size=1024, behaviors=['view', 'cart', 'buy'], check_point='model_pre_1_2024-10-08 11_17_41.pth', data_name='beibei', data_path='./data/beibei', decay=0.001, device='cuda:1', dim_qk=32, dim_v=64, distill_layers=2, distill_thres=0.5, distill_topK=10, distill_userK=8, embedding_size=64, epochs=100, gpu_no=1, if_load_model=True, ii_lambda=200, initializer_range=0.02, layers=2, loss_type='bpr', lr=0.001, message_dropout=0.25, metrics=['hit', 'ndcg'], min_epoch=5, model_name='main_1', model_path='./check_point', node_dropout=0.75, omega=1, pt_loop=50, reg_weight=0.001, test_batch_size=1024, testbatch=1024, topk=[1, 5, 10, 15, 20, 40], uu_lambda=100)
2024-10-08 17:47:14.136 | INFO     | __main__:<module>:106 - BIPN(
  (message_dropout): Dropout(p=0.25, inplace=False)
  (user_embedding): Embedding(21717, 64, padding_idx=0)
  (item_embedding): Embedding(7978, 64, padding_idx=0)
  (global_Graph): LightGCN()
  (Graph_encoder): ModuleDict(
    (view): GraphEncoder(
      (light): LightGCN()
      (dropout): Dropout(p=0.75, inplace=False)
    )
    (cart): GraphEncoder(
      (light): LightGCN()
      (dropout): Dropout(p=0.75, inplace=False)
    )
    (buy): GraphEncoder(
      (light): LightGCN()
      (dropout): Dropout(p=0.75, inplace=False)
    )
  )
  (attention): Mutual_Attention()
  (bpr_loss): BPRLoss()
  (emb_loss): EmbLoss()
  (f): Sigmoid()
)
2024-10-08 18:09:19.606 | INFO     | trainer_1:_train_one_epoch:193 - epoch 1 6.49s Train loss is [0.9457] 
2024-10-08 18:09:25.145 | INFO     | trainer_1:_train_one_epoch:201 - validate 1 cost time 5.54s, result: {'hit@1': 0.0066, 'ndcg@1': 0.0066, 'hit@5': 0.028, 'ndcg@5': 0.0171, 'hit@10': 0.0496, 'ndcg@10': 0.0241, 'hit@15': 0.0682, 'ndcg@15': 0.029, 'hit@20': 0.0866, 'ndcg@20': 0.0333, 'hit@40': 0.1481, 'ndcg@40': 0.0459} 
2024-10-08 18:09:30.101 | INFO     | trainer_1:_train_one_epoch:209 - test 1 cost time 4.96s, result: {'hit@1': 0.004, 'ndcg@1': 0.004, 'hit@5': 0.0177, 'ndcg@5': 0.0106, 'hit@10': 0.0346, 'ndcg@10': 0.016, 'hit@15': 0.0489, 'ndcg@15': 0.0198, 'hit@20': 0.0618, 'ndcg@20': 0.0228, 'hit@40': 0.1129, 'ndcg@40': 0.0332} 
2024-10-08 18:09:46.613 | INFO     | trainer_1:_train_one_epoch:193 - epoch 2 6.38s Train loss is [0.7199] 
2024-10-08 18:09:54.054 | INFO     | trainer_1:_train_one_epoch:201 - validate 2 cost time 7.44s, result: {'hit@1': 0.0093, 'ndcg@1': 0.0093, 'hit@5': 0.0348, 'ndcg@5': 0.0219, 'hit@10': 0.0607, 'ndcg@10': 0.0302, 'hit@15': 0.0819, 'ndcg@15': 0.0357, 'hit@20': 0.1017, 'ndcg@20': 0.0404, 'hit@40': 0.1668, 'ndcg@40': 0.0537} 
2024-10-08 18:10:01.766 | INFO     | trainer_1:_train_one_epoch:209 - test 2 cost time 7.71s, result: {'hit@1': 0.0051, 'ndcg@1': 0.0051, 'hit@5': 0.0221, 'ndcg@5': 0.0133, 'hit@10': 0.0413, 'ndcg@10': 0.0195, 'hit@15': 0.057, 'ndcg@15': 0.0237, 'hit@20': 0.0729, 'ndcg@20': 0.0274, 'hit@40': 0.1217, 'ndcg@40': 0.0374} 
2024-10-08 18:10:18.780 | INFO     | trainer_1:_train_one_epoch:193 - epoch 3 6.47s Train loss is [0.6421] 
2024-10-08 18:10:27.908 | INFO     | trainer_1:_train_one_epoch:201 - validate 3 cost time 9.13s, result: {'hit@1': 0.0077, 'ndcg@1': 0.0077, 'hit@5': 0.0319, 'ndcg@5': 0.0196, 'hit@10': 0.0595, 'ndcg@10': 0.0284, 'hit@15': 0.0839, 'ndcg@15': 0.0348, 'hit@20': 0.1033, 'ndcg@20': 0.0394, 'hit@40': 0.1751, 'ndcg@40': 0.0541} 
2024-10-08 18:10:36.860 | INFO     | trainer_1:_train_one_epoch:209 - test 3 cost time 8.95s, result: {'hit@1': 0.0044, 'ndcg@1': 0.0044, 'hit@5': 0.02, 'ndcg@5': 0.012, 'hit@10': 0.0389, 'ndcg@10': 0.0181, 'hit@15': 0.0561, 'ndcg@15': 0.0226, 'hit@20': 0.0722, 'ndcg@20': 0.0264, 'hit@40': 0.1273, 'ndcg@40': 0.0376} 
2024-10-08 18:10:43.597 | INFO     | trainer_1:_train_one_epoch:193 - epoch 4 6.74s Train loss is [0.5915] 
2024-10-08 18:10:50.406 | INFO     | trainer_1:_train_one_epoch:201 - validate 4 cost time 6.81s, result: {'hit@1': 0.0081, 'ndcg@1': 0.0081, 'hit@5': 0.0315, 'ndcg@5': 0.0196, 'hit@10': 0.0567, 'ndcg@10': 0.0277, 'hit@15': 0.0792, 'ndcg@15': 0.0336, 'hit@20': 0.0997, 'ndcg@20': 0.0385, 'hit@40': 0.1647, 'ndcg@40': 0.0517} 
2024-10-08 18:10:57.299 | INFO     | trainer_1:_train_one_epoch:209 - test 4 cost time 6.89s, result: {'hit@1': 0.0042, 'ndcg@1': 0.0042, 'hit@5': 0.0179, 'ndcg@5': 0.011, 'hit@10': 0.0342, 'ndcg@10': 0.0162, 'hit@15': 0.0507, 'ndcg@15': 0.0206, 'hit@20': 0.0668, 'ndcg@20': 0.0244, 'hit@40': 0.1174, 'ndcg@40': 0.0346} 
2024-10-08 18:11:04.042 | INFO     | trainer_1:_train_one_epoch:193 - epoch 5 6.74s Train loss is [0.5518] 
2024-10-08 18:11:11.490 | INFO     | trainer_1:_train_one_epoch:201 - validate 5 cost time 7.45s, result: {'hit@1': 0.0129, 'ndcg@1': 0.0129, 'hit@5': 0.0384, 'ndcg@5': 0.0254, 'hit@10': 0.0657, 'ndcg@10': 0.0342, 'hit@15': 0.0909, 'ndcg@15': 0.0408, 'hit@20': 0.1103, 'ndcg@20': 0.0454, 'hit@40': 0.1797, 'ndcg@40': 0.0595} 
2024-10-08 18:11:18.920 | INFO     | trainer_1:_train_one_epoch:209 - test 5 cost time 7.43s, result: {'hit@1': 0.0062, 'ndcg@1': 0.0062, 'hit@5': 0.0217, 'ndcg@5': 0.0138, 'hit@10': 0.0402, 'ndcg@10': 0.0197, 'hit@15': 0.0572, 'ndcg@15': 0.0242, 'hit@20': 0.0717, 'ndcg@20': 0.0276, 'hit@40': 0.1206, 'ndcg@40': 0.0376} 
2024-10-08 18:11:25.396 | INFO     | trainer_1:_train_one_epoch:193 - epoch 6 6.48s Train loss is [0.5287] 
2024-10-08 18:11:31.594 | INFO     | trainer_1:_train_one_epoch:201 - validate 6 cost time 6.20s, result: {'hit@1': 0.0127, 'ndcg@1': 0.0127, 'hit@5': 0.0413, 'ndcg@5': 0.0269, 'hit@10': 0.0675, 'ndcg@10': 0.0353, 'hit@15': 0.0926, 'ndcg@15': 0.0419, 'hit@20': 0.1149, 'ndcg@20': 0.0472, 'hit@40': 0.187, 'ndcg@40': 0.0618} 
2024-10-08 18:11:38.327 | INFO     | trainer_1:_train_one_epoch:209 - test 6 cost time 6.73s, result: {'hit@1': 0.0071, 'ndcg@1': 0.0071, 'hit@5': 0.0241, 'ndcg@5': 0.0155, 'hit@10': 0.0425, 'ndcg@10': 0.0213, 'hit@15': 0.0597, 'ndcg@15': 0.0258, 'hit@20': 0.0744, 'ndcg@20': 0.0293, 'hit@40': 0.1269, 'ndcg@40': 0.04} 
2024-10-08 18:11:55.686 | INFO     | trainer_1:_train_one_epoch:193 - epoch 7 6.90s Train loss is [0.5261] 
2024-10-08 18:12:04.002 | INFO     | trainer_1:_train_one_epoch:201 - validate 7 cost time 8.32s, result: {'hit@1': 0.0118, 'ndcg@1': 0.0118, 'hit@5': 0.0429, 'ndcg@5': 0.0272, 'hit@10': 0.072, 'ndcg@10': 0.0365, 'hit@15': 0.0987, 'ndcg@15': 0.0435, 'hit@20': 0.123, 'ndcg@20': 0.0492, 'hit@40': 0.196, 'ndcg@40': 0.0641} 
2024-10-08 18:12:10.710 | INFO     | trainer_1:_train_one_epoch:209 - test 7 cost time 6.71s, result: {'hit@1': 0.0067, 'ndcg@1': 0.0067, 'hit@5': 0.0246, 'ndcg@5': 0.0155, 'hit@10': 0.043, 'ndcg@10': 0.0214, 'hit@15': 0.0612, 'ndcg@15': 0.0262, 'hit@20': 0.0783, 'ndcg@20': 0.0302, 'hit@40': 0.1335, 'ndcg@40': 0.0414} 
2024-10-08 18:12:28.054 | INFO     | trainer_1:_train_one_epoch:193 - epoch 8 6.87s Train loss is [0.4934] 
2024-10-08 18:12:35.370 | INFO     | trainer_1:_train_one_epoch:201 - validate 8 cost time 7.32s, result: {'hit@1': 0.0096, 'ndcg@1': 0.0096, 'hit@5': 0.0387, 'ndcg@5': 0.0239, 'hit@10': 0.0686, 'ndcg@10': 0.0334, 'hit@15': 0.0946, 'ndcg@15': 0.0402, 'hit@20': 0.12, 'ndcg@20': 0.0462, 'hit@40': 0.1989, 'ndcg@40': 0.0623} 
2024-10-08 18:12:40.209 | INFO     | trainer_1:_train_one_epoch:209 - test 8 cost time 4.84s, result: {'hit@1': 0.0054, 'ndcg@1': 0.0054, 'hit@5': 0.023, 'ndcg@5': 0.0141, 'hit@10': 0.042, 'ndcg@10': 0.0202, 'hit@15': 0.0605, 'ndcg@15': 0.0251, 'hit@20': 0.0781, 'ndcg@20': 0.0292, 'hit@40': 0.1364, 'ndcg@40': 0.0411} 
2024-10-08 18:12:47.177 | INFO     | trainer_1:_train_one_epoch:193 - epoch 9 6.97s Train loss is [0.4799] 
2024-10-08 18:12:53.995 | INFO     | trainer_1:_train_one_epoch:201 - validate 9 cost time 6.82s, result: {'hit@1': 0.0116, 'ndcg@1': 0.0116, 'hit@5': 0.0447, 'ndcg@5': 0.028, 'hit@10': 0.0773, 'ndcg@10': 0.0384, 'hit@15': 0.1045, 'ndcg@15': 0.0456, 'hit@20': 0.1286, 'ndcg@20': 0.0513, 'hit@40': 0.2079, 'ndcg@40': 0.0674} 
2024-10-08 18:13:02.074 | INFO     | trainer_1:_train_one_epoch:209 - test 9 cost time 8.08s, result: {'hit@1': 0.0068, 'ndcg@1': 0.0068, 'hit@5': 0.0262, 'ndcg@5': 0.0164, 'hit@10': 0.0459, 'ndcg@10': 0.0226, 'hit@15': 0.0676, 'ndcg@15': 0.0284, 'hit@20': 0.0847, 'ndcg@20': 0.0324, 'hit@40': 0.1443, 'ndcg@40': 0.0445} 
2024-10-08 18:13:19.737 | INFO     | trainer_1:_train_one_epoch:193 - epoch 10 7.26s Train loss is [0.4708] 
2024-10-08 18:13:26.575 | INFO     | trainer_1:_train_one_epoch:201 - validate 10 cost time 6.84s, result: {'hit@1': 0.0134, 'ndcg@1': 0.0134, 'hit@5': 0.047, 'ndcg@5': 0.0299, 'hit@10': 0.0779, 'ndcg@10': 0.0399, 'hit@15': 0.1046, 'ndcg@15': 0.0469, 'hit@20': 0.1271, 'ndcg@20': 0.0522, 'hit@40': 0.2099, 'ndcg@40': 0.0691} 
2024-10-08 18:13:34.572 | INFO     | trainer_1:_train_one_epoch:209 - test 10 cost time 8.00s, result: {'hit@1': 0.0072, 'ndcg@1': 0.0072, 'hit@5': 0.0276, 'ndcg@5': 0.0173, 'hit@10': 0.0491, 'ndcg@10': 0.0242, 'hit@15': 0.0679, 'ndcg@15': 0.0292, 'hit@20': 0.0857, 'ndcg@20': 0.0334, 'hit@40': 0.1444, 'ndcg@40': 0.0453} 
2024-10-08 18:13:52.055 | INFO     | trainer_1:_train_one_epoch:193 - epoch 11 7.03s Train loss is [0.4642] 
2024-10-08 18:13:57.815 | INFO     | trainer_1:_train_one_epoch:201 - validate 11 cost time 5.76s, result: {'hit@1': 0.0106, 'ndcg@1': 0.0106, 'hit@5': 0.0412, 'ndcg@5': 0.026, 'hit@10': 0.0698, 'ndcg@10': 0.0352, 'hit@15': 0.0956, 'ndcg@15': 0.042, 'hit@20': 0.1181, 'ndcg@20': 0.0473, 'hit@40': 0.1909, 'ndcg@40': 0.0621} 
2024-10-08 18:14:04.484 | INFO     | trainer_1:_train_one_epoch:209 - test 11 cost time 6.67s, result: {'hit@1': 0.0064, 'ndcg@1': 0.0064, 'hit@5': 0.0261, 'ndcg@5': 0.0162, 'hit@10': 0.0471, 'ndcg@10': 0.0229, 'hit@15': 0.0641, 'ndcg@15': 0.0273, 'hit@20': 0.0808, 'ndcg@20': 0.0313, 'hit@40': 0.1342, 'ndcg@40': 0.0422} 
2024-10-08 18:14:11.510 | INFO     | trainer_1:_train_one_epoch:193 - epoch 12 7.03s Train loss is [0.4611] 
2024-10-08 18:14:20.636 | INFO     | trainer_1:_train_one_epoch:201 - validate 12 cost time 9.13s, result: {'hit@1': 0.01, 'ndcg@1': 0.01, 'hit@5': 0.0406, 'ndcg@5': 0.0252, 'hit@10': 0.0701, 'ndcg@10': 0.0347, 'hit@15': 0.0956, 'ndcg@15': 0.0414, 'hit@20': 0.1192, 'ndcg@20': 0.047, 'hit@40': 0.2007, 'ndcg@40': 0.0636} 
2024-10-08 18:14:29.547 | INFO     | trainer_1:_train_one_epoch:209 - test 12 cost time 8.91s, result: {'hit@1': 0.0073, 'ndcg@1': 0.0073, 'hit@5': 0.0262, 'ndcg@5': 0.0165, 'hit@10': 0.0477, 'ndcg@10': 0.0233, 'hit@15': 0.0659, 'ndcg@15': 0.0281, 'hit@20': 0.0839, 'ndcg@20': 0.0324, 'hit@40': 0.1421, 'ndcg@40': 0.0442} 
2024-10-08 18:14:36.572 | INFO     | trainer_1:_train_one_epoch:193 - epoch 13 7.02s Train loss is [0.4440] 
2024-10-08 18:14:42.482 | INFO     | trainer_1:_train_one_epoch:201 - validate 13 cost time 5.91s, result: {'hit@1': 0.0121, 'ndcg@1': 0.0121, 'hit@5': 0.0448, 'ndcg@5': 0.0285, 'hit@10': 0.0753, 'ndcg@10': 0.0383, 'hit@15': 0.1012, 'ndcg@15': 0.0451, 'hit@20': 0.1257, 'ndcg@20': 0.0509, 'hit@40': 0.2042, 'ndcg@40': 0.0668} 
2024-10-08 18:14:48.329 | INFO     | trainer_1:_train_one_epoch:209 - test 13 cost time 5.85s, result: {'hit@1': 0.0075, 'ndcg@1': 0.0075, 'hit@5': 0.0284, 'ndcg@5': 0.0178, 'hit@10': 0.0498, 'ndcg@10': 0.0247, 'hit@15': 0.0676, 'ndcg@15': 0.0294, 'hit@20': 0.0858, 'ndcg@20': 0.0337, 'hit@40': 0.1461, 'ndcg@40': 0.0459} 
2024-10-08 18:15:05.545 | INFO     | trainer_1:_train_one_epoch:193 - epoch 14 6.78s Train loss is [0.4401] 
2024-10-08 18:15:12.976 | INFO     | trainer_1:_train_one_epoch:201 - validate 14 cost time 7.43s, result: {'hit@1': 0.0128, 'ndcg@1': 0.0128, 'hit@5': 0.0454, 'ndcg@5': 0.0289, 'hit@10': 0.0763, 'ndcg@10': 0.0389, 'hit@15': 0.1008, 'ndcg@15': 0.0454, 'hit@20': 0.1259, 'ndcg@20': 0.0513, 'hit@40': 0.2057, 'ndcg@40': 0.0675} 
2024-10-08 18:15:19.655 | INFO     | trainer_1:_train_one_epoch:209 - test 14 cost time 6.68s, result: {'hit@1': 0.0078, 'ndcg@1': 0.0078, 'hit@5': 0.03, 'ndcg@5': 0.0188, 'hit@10': 0.0506, 'ndcg@10': 0.0254, 'hit@15': 0.0708, 'ndcg@15': 0.0307, 'hit@20': 0.0867, 'ndcg@20': 0.0345, 'hit@40': 0.1448, 'ndcg@40': 0.0462} 
2024-10-08 18:15:37.466 | INFO     | trainer_1:_train_one_epoch:193 - epoch 15 6.87s Train loss is [0.4238] 
2024-10-08 18:15:45.114 | INFO     | trainer_1:_train_one_epoch:201 - validate 15 cost time 7.65s, result: {'hit@1': 0.0116, 'ndcg@1': 0.0116, 'hit@5': 0.0466, 'ndcg@5': 0.0292, 'hit@10': 0.0772, 'ndcg@10': 0.0391, 'hit@15': 0.1052, 'ndcg@15': 0.0465, 'hit@20': 0.1292, 'ndcg@20': 0.0521, 'hit@40': 0.2066, 'ndcg@40': 0.0679} 
2024-10-08 18:15:51.761 | INFO     | trainer_1:_train_one_epoch:209 - test 15 cost time 6.65s, result: {'hit@1': 0.0078, 'ndcg@1': 0.0078, 'hit@5': 0.0295, 'ndcg@5': 0.0186, 'hit@10': 0.0515, 'ndcg@10': 0.0257, 'hit@15': 0.0705, 'ndcg@15': 0.0307, 'hit@20': 0.088, 'ndcg@20': 0.0348, 'hit@40': 0.15, 'ndcg@40': 0.0474} 
2024-10-08 18:16:09.150 | INFO     | trainer_1:_train_one_epoch:193 - epoch 16 6.84s Train loss is [0.4273] 
2024-10-08 18:16:17.275 | INFO     | trainer_1:_train_one_epoch:201 - validate 16 cost time 8.12s, result: {'hit@1': 0.0126, 'ndcg@1': 0.0126, 'hit@5': 0.0477, 'ndcg@5': 0.0301, 'hit@10': 0.0793, 'ndcg@10': 0.0402, 'hit@15': 0.1073, 'ndcg@15': 0.0477, 'hit@20': 0.1326, 'ndcg@20': 0.0536, 'hit@40': 0.2157, 'ndcg@40': 0.0705} 
2024-10-08 18:16:23.974 | INFO     | trainer_1:_train_one_epoch:209 - test 16 cost time 6.70s, result: {'hit@1': 0.0078, 'ndcg@1': 0.0078, 'hit@5': 0.0306, 'ndcg@5': 0.0191, 'hit@10': 0.0527, 'ndcg@10': 0.0262, 'hit@15': 0.0711, 'ndcg@15': 0.031, 'hit@20': 0.0898, 'ndcg@20': 0.0354, 'hit@40': 0.1531, 'ndcg@40': 0.0483} 
2024-10-08 18:16:41.783 | INFO     | trainer_1:_train_one_epoch:193 - epoch 17 7.21s Train loss is [0.4126] 
2024-10-08 18:16:50.189 | INFO     | trainer_1:_train_one_epoch:201 - validate 17 cost time 8.41s, result: {'hit@1': 0.0129, 'ndcg@1': 0.0129, 'hit@5': 0.0451, 'ndcg@5': 0.0287, 'hit@10': 0.0752, 'ndcg@10': 0.0384, 'hit@15': 0.0996, 'ndcg@15': 0.0448, 'hit@20': 0.1224, 'ndcg@20': 0.0502, 'hit@40': 0.201, 'ndcg@40': 0.0662} 
2024-10-08 18:16:56.847 | INFO     | trainer_1:_train_one_epoch:209 - test 17 cost time 6.66s, result: {'hit@1': 0.0068, 'ndcg@1': 0.0068, 'hit@5': 0.0286, 'ndcg@5': 0.0177, 'hit@10': 0.049, 'ndcg@10': 0.0243, 'hit@15': 0.0666, 'ndcg@15': 0.0289, 'hit@20': 0.0842, 'ndcg@20': 0.0331, 'hit@40': 0.1416, 'ndcg@40': 0.0447} 
2024-10-08 18:17:03.988 | INFO     | trainer_1:_train_one_epoch:193 - epoch 18 7.14s Train loss is [0.4029] 
2024-10-08 18:17:13.081 | INFO     | trainer_1:_train_one_epoch:201 - validate 18 cost time 9.09s, result: {'hit@1': 0.0146, 'ndcg@1': 0.0146, 'hit@5': 0.0501, 'ndcg@5': 0.0323, 'hit@10': 0.0844, 'ndcg@10': 0.0433, 'hit@15': 0.1116, 'ndcg@15': 0.0504, 'hit@20': 0.1362, 'ndcg@20': 0.0562, 'hit@40': 0.2202, 'ndcg@40': 0.0734} 
2024-10-08 18:17:21.969 | INFO     | trainer_1:_train_one_epoch:209 - test 18 cost time 8.89s, result: {'hit@1': 0.0076, 'ndcg@1': 0.0076, 'hit@5': 0.0326, 'ndcg@5': 0.0202, 'hit@10': 0.0573, 'ndcg@10': 0.0281, 'hit@15': 0.078, 'ndcg@15': 0.0335, 'hit@20': 0.0969, 'ndcg@20': 0.038, 'hit@40': 0.1619, 'ndcg@40': 0.0512} 
2024-10-08 18:17:39.491 | INFO     | trainer_1:_train_one_epoch:193 - epoch 19 6.99s Train loss is [0.4052] 
2024-10-08 18:17:48.595 | INFO     | trainer_1:_train_one_epoch:201 - validate 19 cost time 9.10s, result: {'hit@1': 0.0147, 'ndcg@1': 0.0147, 'hit@5': 0.0514, 'ndcg@5': 0.0332, 'hit@10': 0.0857, 'ndcg@10': 0.0442, 'hit@15': 0.1161, 'ndcg@15': 0.0522, 'hit@20': 0.1395, 'ndcg@20': 0.0578, 'hit@40': 0.2287, 'ndcg@40': 0.0759} 
2024-10-08 18:17:57.511 | INFO     | trainer_1:_train_one_epoch:209 - test 19 cost time 8.92s, result: {'hit@1': 0.0087, 'ndcg@1': 0.0087, 'hit@5': 0.0336, 'ndcg@5': 0.0211, 'hit@10': 0.0576, 'ndcg@10': 0.0288, 'hit@15': 0.0787, 'ndcg@15': 0.0344, 'hit@20': 0.0986, 'ndcg@20': 0.0391, 'hit@40': 0.1641, 'ndcg@40': 0.0524} 
2024-10-08 18:18:15.031 | INFO     | trainer_1:_train_one_epoch:193 - epoch 20 7.03s Train loss is [0.3894] 
2024-10-08 18:18:23.545 | INFO     | trainer_1:_train_one_epoch:201 - validate 20 cost time 8.51s, result: {'hit@1': 0.0142, 'ndcg@1': 0.0142, 'hit@5': 0.0511, 'ndcg@5': 0.0327, 'hit@10': 0.0869, 'ndcg@10': 0.0442, 'hit@15': 0.1177, 'ndcg@15': 0.0523, 'hit@20': 0.144, 'ndcg@20': 0.0585, 'hit@40': 0.2291, 'ndcg@40': 0.0758} 
2024-10-08 18:18:32.552 | INFO     | trainer_1:_train_one_epoch:209 - test 20 cost time 9.01s, result: {'hit@1': 0.0102, 'ndcg@1': 0.0102, 'hit@5': 0.0345, 'ndcg@5': 0.0222, 'hit@10': 0.0589, 'ndcg@10': 0.03, 'hit@15': 0.0796, 'ndcg@15': 0.0355, 'hit@20': 0.0994, 'ndcg@20': 0.0401, 'hit@40': 0.1638, 'ndcg@40': 0.0532} 
2024-10-08 18:18:49.503 | INFO     | trainer_1:_train_one_epoch:193 - epoch 21 6.59s Train loss is [0.3933] 
2024-10-08 18:18:54.649 | INFO     | trainer_1:_train_one_epoch:201 - validate 21 cost time 5.15s, result: {'hit@1': 0.0155, 'ndcg@1': 0.0155, 'hit@5': 0.0549, 'ndcg@5': 0.0351, 'hit@10': 0.0918, 'ndcg@10': 0.047, 'hit@15': 0.121, 'ndcg@15': 0.0547, 'hit@20': 0.148, 'ndcg@20': 0.0611, 'hit@40': 0.231, 'ndcg@40': 0.078} 
2024-10-08 18:18:59.942 | INFO     | trainer_1:_train_one_epoch:209 - test 21 cost time 5.29s, result: {'hit@1': 0.0096, 'ndcg@1': 0.0096, 'hit@5': 0.0353, 'ndcg@5': 0.0223, 'hit@10': 0.0603, 'ndcg@10': 0.0304, 'hit@15': 0.0819, 'ndcg@15': 0.0361, 'hit@20': 0.1015, 'ndcg@20': 0.0407, 'hit@40': 0.1643, 'ndcg@40': 0.0535} 
2024-10-08 18:19:18.908 | INFO     | trainer_1:_train_one_epoch:193 - epoch 22 6.58s Train loss is [0.3926] 
2024-10-08 18:19:27.677 | INFO     | trainer_1:_train_one_epoch:201 - validate 22 cost time 8.77s, result: {'hit@1': 0.0159, 'ndcg@1': 0.0159, 'hit@5': 0.0552, 'ndcg@5': 0.0355, 'hit@10': 0.0906, 'ndcg@10': 0.0469, 'hit@15': 0.1197, 'ndcg@15': 0.0545, 'hit@20': 0.145, 'ndcg@20': 0.0605, 'hit@40': 0.229, 'ndcg@40': 0.0776} 
2024-10-08 18:19:37.373 | INFO     | trainer_1:_train_one_epoch:209 - test 22 cost time 9.69s, result: {'hit@1': 0.0089, 'ndcg@1': 0.0089, 'hit@5': 0.0358, 'ndcg@5': 0.0222, 'hit@10': 0.0619, 'ndcg@10': 0.0305, 'hit@15': 0.0835, 'ndcg@15': 0.0363, 'hit@20': 0.1031, 'ndcg@20': 0.0409, 'hit@40': 0.1645, 'ndcg@40': 0.0533} 
2024-10-08 18:19:54.774 | INFO     | trainer_1:_train_one_epoch:193 - epoch 23 6.64s Train loss is [0.3866] 
2024-10-08 18:20:04.556 | INFO     | trainer_1:_train_one_epoch:201 - validate 23 cost time 9.78s, result: {'hit@1': 0.0159, 'ndcg@1': 0.0159, 'hit@5': 0.0557, 'ndcg@5': 0.036, 'hit@10': 0.0913, 'ndcg@10': 0.0473, 'hit@15': 0.1224, 'ndcg@15': 0.0556, 'hit@20': 0.1493, 'ndcg@20': 0.0619, 'hit@40': 0.2378, 'ndcg@40': 0.0799} 
2024-10-08 18:20:14.241 | INFO     | trainer_1:_train_one_epoch:209 - test 23 cost time 9.68s, result: {'hit@1': 0.0084, 'ndcg@1': 0.0084, 'hit@5': 0.0366, 'ndcg@5': 0.0225, 'hit@10': 0.0626, 'ndcg@10': 0.0309, 'hit@15': 0.0844, 'ndcg@15': 0.0366, 'hit@20': 0.1062, 'ndcg@20': 0.0418, 'hit@40': 0.1707, 'ndcg@40': 0.0549} 
2024-10-08 18:20:31.969 | INFO     | trainer_1:_train_one_epoch:193 - epoch 24 6.38s Train loss is [0.3806] 
2024-10-08 18:20:41.743 | INFO     | trainer_1:_train_one_epoch:201 - validate 24 cost time 9.77s, result: {'hit@1': 0.0157, 'ndcg@1': 0.0157, 'hit@5': 0.0576, 'ndcg@5': 0.0368, 'hit@10': 0.0947, 'ndcg@10': 0.0487, 'hit@15': 0.1273, 'ndcg@15': 0.0573, 'hit@20': 0.1531, 'ndcg@20': 0.0634, 'hit@40': 0.2385, 'ndcg@40': 0.0808} 
2024-10-08 18:20:51.411 | INFO     | trainer_1:_train_one_epoch:209 - test 24 cost time 9.67s, result: {'hit@1': 0.0096, 'ndcg@1': 0.0096, 'hit@5': 0.0374, 'ndcg@5': 0.0235, 'hit@10': 0.0629, 'ndcg@10': 0.0316, 'hit@15': 0.0854, 'ndcg@15': 0.0376, 'hit@20': 0.1052, 'ndcg@20': 0.0423, 'hit@40': 0.1684, 'ndcg@40': 0.0551} 
2024-10-08 18:21:08.860 | INFO     | trainer_1:_train_one_epoch:193 - epoch 25 6.56s Train loss is [0.3801] 
2024-10-08 18:21:18.603 | INFO     | trainer_1:_train_one_epoch:201 - validate 25 cost time 9.74s, result: {'hit@1': 0.0161, 'ndcg@1': 0.0161, 'hit@5': 0.0578, 'ndcg@5': 0.0372, 'hit@10': 0.0938, 'ndcg@10': 0.0487, 'hit@15': 0.1241, 'ndcg@15': 0.0567, 'hit@20': 0.1499, 'ndcg@20': 0.0628, 'hit@40': 0.236, 'ndcg@40': 0.0803} 
2024-10-08 18:21:28.285 | INFO     | trainer_1:_train_one_epoch:209 - test 25 cost time 9.68s, result: {'hit@1': 0.0112, 'ndcg@1': 0.0112, 'hit@5': 0.0376, 'ndcg@5': 0.0243, 'hit@10': 0.0637, 'ndcg@10': 0.0327, 'hit@15': 0.086, 'ndcg@15': 0.0385, 'hit@20': 0.105, 'ndcg@20': 0.043, 'hit@40': 0.1712, 'ndcg@40': 0.0565} 
2024-10-08 18:21:45.555 | INFO     | trainer_1:_train_one_epoch:193 - epoch 26 6.50s Train loss is [0.3828] 
2024-10-08 18:21:55.303 | INFO     | trainer_1:_train_one_epoch:201 - validate 26 cost time 9.75s, result: {'hit@1': 0.0175, 'ndcg@1': 0.0175, 'hit@5': 0.0577, 'ndcg@5': 0.0375, 'hit@10': 0.0951, 'ndcg@10': 0.0495, 'hit@15': 0.1253, 'ndcg@15': 0.0575, 'hit@20': 0.1514, 'ndcg@20': 0.0636, 'hit@40': 0.236, 'ndcg@40': 0.0809} 
2024-10-08 18:22:04.968 | INFO     | trainer_1:_train_one_epoch:209 - test 26 cost time 9.66s, result: {'hit@1': 0.0101, 'ndcg@1': 0.0101, 'hit@5': 0.0373, 'ndcg@5': 0.0239, 'hit@10': 0.0622, 'ndcg@10': 0.0319, 'hit@15': 0.0823, 'ndcg@15': 0.0372, 'hit@20': 0.1015, 'ndcg@20': 0.0417, 'hit@40': 0.1666, 'ndcg@40': 0.055} 
2024-10-08 18:22:11.594 | INFO     | trainer_1:_train_one_epoch:193 - epoch 27 6.63s Train loss is [0.3674] 
2024-10-08 18:22:21.334 | INFO     | trainer_1:_train_one_epoch:201 - validate 27 cost time 9.74s, result: {'hit@1': 0.0173, 'ndcg@1': 0.0173, 'hit@5': 0.0587, 'ndcg@5': 0.038, 'hit@10': 0.0947, 'ndcg@10': 0.0496, 'hit@15': 0.1247, 'ndcg@15': 0.0574, 'hit@20': 0.1525, 'ndcg@20': 0.064, 'hit@40': 0.2374, 'ndcg@40': 0.0813} 
2024-10-08 18:22:30.999 | INFO     | trainer_1:_train_one_epoch:209 - test 27 cost time 9.66s, result: {'hit@1': 0.0114, 'ndcg@1': 0.0114, 'hit@5': 0.0385, 'ndcg@5': 0.025, 'hit@10': 0.0648, 'ndcg@10': 0.0334, 'hit@15': 0.0872, 'ndcg@15': 0.0393, 'hit@20': 0.1053, 'ndcg@20': 0.0436, 'hit@40': 0.1686, 'ndcg@40': 0.0564} 
2024-10-08 18:22:48.247 | INFO     | trainer_1:_train_one_epoch:193 - epoch 28 6.49s Train loss is [0.3643] 
2024-10-08 18:22:57.986 | INFO     | trainer_1:_train_one_epoch:201 - validate 28 cost time 9.74s, result: {'hit@1': 0.0165, 'ndcg@1': 0.0165, 'hit@5': 0.0566, 'ndcg@5': 0.0367, 'hit@10': 0.0955, 'ndcg@10': 0.0492, 'hit@15': 0.1272, 'ndcg@15': 0.0576, 'hit@20': 0.1528, 'ndcg@20': 0.0636, 'hit@40': 0.2396, 'ndcg@40': 0.0813} 
2024-10-08 18:23:07.647 | INFO     | trainer_1:_train_one_epoch:209 - test 28 cost time 9.66s, result: {'hit@1': 0.0105, 'ndcg@1': 0.0105, 'hit@5': 0.037, 'ndcg@5': 0.0237, 'hit@10': 0.0649, 'ndcg@10': 0.0326, 'hit@15': 0.0876, 'ndcg@15': 0.0386, 'hit@20': 0.1066, 'ndcg@20': 0.0431, 'hit@40': 0.1718, 'ndcg@40': 0.0563} 
2024-10-08 18:23:24.757 | INFO     | trainer_1:_train_one_epoch:193 - epoch 29 6.51s Train loss is [0.3708] 
2024-10-08 18:23:34.485 | INFO     | trainer_1:_train_one_epoch:201 - validate 29 cost time 9.73s, result: {'hit@1': 0.0163, 'ndcg@1': 0.0163, 'hit@5': 0.0569, 'ndcg@5': 0.0366, 'hit@10': 0.0928, 'ndcg@10': 0.0481, 'hit@15': 0.1243, 'ndcg@15': 0.0564, 'hit@20': 0.1506, 'ndcg@20': 0.0626, 'hit@40': 0.2372, 'ndcg@40': 0.0802} 
2024-10-08 18:23:44.131 | INFO     | trainer_1:_train_one_epoch:209 - test 29 cost time 9.65s, result: {'hit@1': 0.0105, 'ndcg@1': 0.0105, 'hit@5': 0.035, 'ndcg@5': 0.0227, 'hit@10': 0.0605, 'ndcg@10': 0.0307, 'hit@15': 0.0819, 'ndcg@15': 0.0364, 'hit@20': 0.1013, 'ndcg@20': 0.041, 'hit@40': 0.1653, 'ndcg@40': 0.054} 
2024-10-08 18:23:50.543 | INFO     | trainer_1:_train_one_epoch:193 - epoch 30 6.41s Train loss is [0.3722] 
2024-10-08 18:24:00.307 | INFO     | trainer_1:_train_one_epoch:201 - validate 30 cost time 9.76s, result: {'hit@1': 0.0174, 'ndcg@1': 0.0174, 'hit@5': 0.0584, 'ndcg@5': 0.0379, 'hit@10': 0.0949, 'ndcg@10': 0.0496, 'hit@15': 0.1286, 'ndcg@15': 0.0585, 'hit@20': 0.1576, 'ndcg@20': 0.0653, 'hit@40': 0.2444, 'ndcg@40': 0.083} 
2024-10-08 18:24:09.973 | INFO     | trainer_1:_train_one_epoch:209 - test 30 cost time 9.67s, result: {'hit@1': 0.0111, 'ndcg@1': 0.0111, 'hit@5': 0.0381, 'ndcg@5': 0.0246, 'hit@10': 0.0649, 'ndcg@10': 0.0331, 'hit@15': 0.089, 'ndcg@15': 0.0395, 'hit@20': 0.1093, 'ndcg@20': 0.0443, 'hit@40': 0.1789, 'ndcg@40': 0.0584} 
2024-10-08 18:24:16.409 | INFO     | trainer_1:_train_one_epoch:193 - epoch 31 6.44s Train loss is [0.3598] 
2024-10-08 18:24:26.143 | INFO     | trainer_1:_train_one_epoch:201 - validate 31 cost time 9.73s, result: {'hit@1': 0.0165, 'ndcg@1': 0.0165, 'hit@5': 0.0587, 'ndcg@5': 0.0375, 'hit@10': 0.0966, 'ndcg@10': 0.0496, 'hit@15': 0.1284, 'ndcg@15': 0.058, 'hit@20': 0.1555, 'ndcg@20': 0.0644, 'hit@40': 0.2466, 'ndcg@40': 0.083} 
2024-10-08 18:24:35.794 | INFO     | trainer_1:_train_one_epoch:209 - test 31 cost time 9.65s, result: {'hit@1': 0.0099, 'ndcg@1': 0.0099, 'hit@5': 0.0379, 'ndcg@5': 0.0239, 'hit@10': 0.0643, 'ndcg@10': 0.0323, 'hit@15': 0.0876, 'ndcg@15': 0.0385, 'hit@20': 0.1076, 'ndcg@20': 0.0432, 'hit@40': 0.1742, 'ndcg@40': 0.0568} 
2024-10-08 18:24:42.075 | INFO     | trainer_1:_train_one_epoch:193 - epoch 32 6.28s Train loss is [0.3627] 
2024-10-08 18:24:51.810 | INFO     | trainer_1:_train_one_epoch:201 - validate 32 cost time 9.74s, result: {'hit@1': 0.0163, 'ndcg@1': 0.0163, 'hit@5': 0.059, 'ndcg@5': 0.0376, 'hit@10': 0.0967, 'ndcg@10': 0.0497, 'hit@15': 0.1266, 'ndcg@15': 0.0576, 'hit@20': 0.1549, 'ndcg@20': 0.0642, 'hit@40': 0.2416, 'ndcg@40': 0.0819} 
2024-10-08 18:25:01.452 | INFO     | trainer_1:_train_one_epoch:209 - test 32 cost time 9.64s, result: {'hit@1': 0.0105, 'ndcg@1': 0.0105, 'hit@5': 0.0384, 'ndcg@5': 0.0245, 'hit@10': 0.0646, 'ndcg@10': 0.0328, 'hit@15': 0.0858, 'ndcg@15': 0.0384, 'hit@20': 0.1064, 'ndcg@20': 0.0433, 'hit@40': 0.1726, 'ndcg@40': 0.0567} 
2024-10-08 18:25:07.894 | INFO     | trainer_1:_train_one_epoch:193 - epoch 33 6.44s Train loss is [0.3572] 
2024-10-08 18:25:17.618 | INFO     | trainer_1:_train_one_epoch:201 - validate 33 cost time 9.72s, result: {'hit@1': 0.0167, 'ndcg@1': 0.0167, 'hit@5': 0.0629, 'ndcg@5': 0.0398, 'hit@10': 0.101, 'ndcg@10': 0.052, 'hit@15': 0.1304, 'ndcg@15': 0.0598, 'hit@20': 0.1606, 'ndcg@20': 0.0669, 'hit@40': 0.253, 'ndcg@40': 0.0858} 
2024-10-08 18:25:27.259 | INFO     | trainer_1:_train_one_epoch:209 - test 33 cost time 9.64s, result: {'hit@1': 0.0112, 'ndcg@1': 0.0112, 'hit@5': 0.0396, 'ndcg@5': 0.0252, 'hit@10': 0.0659, 'ndcg@10': 0.0336, 'hit@15': 0.089, 'ndcg@15': 0.0397, 'hit@20': 0.1097, 'ndcg@20': 0.0446, 'hit@40': 0.1791, 'ndcg@40': 0.0587} 
2024-10-08 18:25:44.106 | INFO     | trainer_1:_train_one_epoch:193 - epoch 34 6.33s Train loss is [0.3578] 
2024-10-08 18:25:53.862 | INFO     | trainer_1:_train_one_epoch:201 - validate 34 cost time 9.76s, result: {'hit@1': 0.0167, 'ndcg@1': 0.0167, 'hit@5': 0.0615, 'ndcg@5': 0.0391, 'hit@10': 0.102, 'ndcg@10': 0.0521, 'hit@15': 0.1331, 'ndcg@15': 0.0603, 'hit@20': 0.162, 'ndcg@20': 0.0672, 'hit@40': 0.2505, 'ndcg@40': 0.0852} 
2024-10-08 18:26:03.525 | INFO     | trainer_1:_train_one_epoch:209 - test 34 cost time 9.66s, result: {'hit@1': 0.0114, 'ndcg@1': 0.0114, 'hit@5': 0.0388, 'ndcg@5': 0.0249, 'hit@10': 0.066, 'ndcg@10': 0.0336, 'hit@15': 0.0887, 'ndcg@15': 0.0396, 'hit@20': 0.1106, 'ndcg@20': 0.0448, 'hit@40': 0.1804, 'ndcg@40': 0.059} 
2024-10-08 18:26:20.374 | INFO     | trainer_1:_train_one_epoch:193 - epoch 35 6.35s Train loss is [0.3578] 
2024-10-08 18:26:30.096 | INFO     | trainer_1:_train_one_epoch:201 - validate 35 cost time 9.72s, result: {'hit@1': 0.017, 'ndcg@1': 0.017, 'hit@5': 0.0622, 'ndcg@5': 0.0397, 'hit@10': 0.1016, 'ndcg@10': 0.0523, 'hit@15': 0.1355, 'ndcg@15': 0.0612, 'hit@20': 0.1635, 'ndcg@20': 0.0678, 'hit@40': 0.257, 'ndcg@40': 0.0869} 
2024-10-08 18:26:39.730 | INFO     | trainer_1:_train_one_epoch:209 - test 35 cost time 9.63s, result: {'hit@1': 0.0119, 'ndcg@1': 0.0119, 'hit@5': 0.0391, 'ndcg@5': 0.0253, 'hit@10': 0.0667, 'ndcg@10': 0.0342, 'hit@15': 0.0918, 'ndcg@15': 0.0408, 'hit@20': 0.1116, 'ndcg@20': 0.0454, 'hit@40': 0.1832, 'ndcg@40': 0.06} 
2024-10-08 18:26:56.487 | INFO     | trainer_1:_train_one_epoch:193 - epoch 36 6.41s Train loss is [0.3619] 
2024-10-08 18:27:06.249 | INFO     | trainer_1:_train_one_epoch:201 - validate 36 cost time 9.76s, result: {'hit@1': 0.0161, 'ndcg@1': 0.0161, 'hit@5': 0.0592, 'ndcg@5': 0.0377, 'hit@10': 0.0965, 'ndcg@10': 0.0497, 'hit@15': 0.1283, 'ndcg@15': 0.0581, 'hit@20': 0.1593, 'ndcg@20': 0.0654, 'hit@40': 0.2486, 'ndcg@40': 0.0836} 
2024-10-08 18:27:15.911 | INFO     | trainer_1:_train_one_epoch:209 - test 36 cost time 9.66s, result: {'hit@1': 0.011, 'ndcg@1': 0.011, 'hit@5': 0.0387, 'ndcg@5': 0.0247, 'hit@10': 0.0645, 'ndcg@10': 0.033, 'hit@15': 0.0887, 'ndcg@15': 0.0394, 'hit@20': 0.1091, 'ndcg@20': 0.0442, 'hit@40': 0.1792, 'ndcg@40': 0.0584} 
2024-10-08 18:27:22.416 | INFO     | trainer_1:_train_one_epoch:193 - epoch 37 6.50s Train loss is [0.3543] 
2024-10-08 18:27:32.148 | INFO     | trainer_1:_train_one_epoch:201 - validate 37 cost time 9.73s, result: {'hit@1': 0.0163, 'ndcg@1': 0.0163, 'hit@5': 0.061, 'ndcg@5': 0.0386, 'hit@10': 0.0989, 'ndcg@10': 0.0507, 'hit@15': 0.1302, 'ndcg@15': 0.059, 'hit@20': 0.1581, 'ndcg@20': 0.0656, 'hit@40': 0.2485, 'ndcg@40': 0.084} 
2024-10-08 18:27:41.793 | INFO     | trainer_1:_train_one_epoch:209 - test 37 cost time 9.65s, result: {'hit@1': 0.0112, 'ndcg@1': 0.0112, 'hit@5': 0.0391, 'ndcg@5': 0.025, 'hit@10': 0.0647, 'ndcg@10': 0.0332, 'hit@15': 0.0894, 'ndcg@15': 0.0397, 'hit@20': 0.109, 'ndcg@20': 0.0443, 'hit@40': 0.1771, 'ndcg@40': 0.0582} 
2024-10-08 18:27:48.111 | INFO     | trainer_1:_train_one_epoch:193 - epoch 38 6.32s Train loss is [0.3461] 
2024-10-08 18:27:57.843 | INFO     | trainer_1:_train_one_epoch:201 - validate 38 cost time 9.73s, result: {'hit@1': 0.0159, 'ndcg@1': 0.0159, 'hit@5': 0.061, 'ndcg@5': 0.0385, 'hit@10': 0.0978, 'ndcg@10': 0.0503, 'hit@15': 0.1302, 'ndcg@15': 0.0588, 'hit@20': 0.1602, 'ndcg@20': 0.0659, 'hit@40': 0.2499, 'ndcg@40': 0.0842} 
2024-10-08 18:28:07.495 | INFO     | trainer_1:_train_one_epoch:209 - test 38 cost time 9.65s, result: {'hit@1': 0.0113, 'ndcg@1': 0.0113, 'hit@5': 0.0396, 'ndcg@5': 0.0253, 'hit@10': 0.0669, 'ndcg@10': 0.034, 'hit@15': 0.091, 'ndcg@15': 0.0403, 'hit@20': 0.1103, 'ndcg@20': 0.0449, 'hit@40': 0.1807, 'ndcg@40': 0.0592} 
2024-10-08 18:28:25.144 | INFO     | trainer_1:_train_one_epoch:193 - epoch 39 6.49s Train loss is [0.3433] 
2024-10-08 18:28:34.884 | INFO     | trainer_1:_train_one_epoch:201 - validate 39 cost time 9.74s, result: {'hit@1': 0.016, 'ndcg@1': 0.016, 'hit@5': 0.0574, 'ndcg@5': 0.037, 'hit@10': 0.0961, 'ndcg@10': 0.0493, 'hit@15': 0.1285, 'ndcg@15': 0.0579, 'hit@20': 0.1582, 'ndcg@20': 0.0649, 'hit@40': 0.2473, 'ndcg@40': 0.083} 
2024-10-08 18:28:44.533 | INFO     | trainer_1:_train_one_epoch:209 - test 39 cost time 9.65s, result: {'hit@1': 0.0105, 'ndcg@1': 0.0105, 'hit@5': 0.0374, 'ndcg@5': 0.0239, 'hit@10': 0.0627, 'ndcg@10': 0.0321, 'hit@15': 0.0878, 'ndcg@15': 0.0387, 'hit@20': 0.1068, 'ndcg@20': 0.0432, 'hit@40': 0.1777, 'ndcg@40': 0.0576} 
2024-10-08 18:28:50.935 | INFO     | trainer_1:_train_one_epoch:193 - epoch 40 6.40s Train loss is [0.3427] 
2024-10-08 18:29:00.670 | INFO     | trainer_1:_train_one_epoch:201 - validate 40 cost time 9.73s, result: {'hit@1': 0.0167, 'ndcg@1': 0.0167, 'hit@5': 0.0593, 'ndcg@5': 0.038, 'hit@10': 0.0968, 'ndcg@10': 0.05, 'hit@15': 0.1298, 'ndcg@15': 0.0587, 'hit@20': 0.16, 'ndcg@20': 0.0658, 'hit@40': 0.2525, 'ndcg@40': 0.0846} 
2024-10-08 18:29:10.327 | INFO     | trainer_1:_train_one_epoch:209 - test 40 cost time 9.66s, result: {'hit@1': 0.0112, 'ndcg@1': 0.0112, 'hit@5': 0.0384, 'ndcg@5': 0.0248, 'hit@10': 0.0643, 'ndcg@10': 0.0331, 'hit@15': 0.087, 'ndcg@15': 0.039, 'hit@20': 0.1084, 'ndcg@20': 0.0441, 'hit@40': 0.1796, 'ndcg@40': 0.0586} 
2024-10-08 18:29:16.831 | INFO     | trainer_1:_train_one_epoch:193 - epoch 41 6.50s Train loss is [0.3523] 
2024-10-08 18:29:26.565 | INFO     | trainer_1:_train_one_epoch:201 - validate 41 cost time 9.73s, result: {'hit@1': 0.0158, 'ndcg@1': 0.0158, 'hit@5': 0.0584, 'ndcg@5': 0.0373, 'hit@10': 0.0995, 'ndcg@10': 0.0504, 'hit@15': 0.1324, 'ndcg@15': 0.0591, 'hit@20': 0.1604, 'ndcg@20': 0.0657, 'hit@40': 0.2546, 'ndcg@40': 0.0849} 
2024-10-08 18:29:36.203 | INFO     | trainer_1:_train_one_epoch:209 - test 41 cost time 9.64s, result: {'hit@1': 0.0123, 'ndcg@1': 0.0123, 'hit@5': 0.0397, 'ndcg@5': 0.0258, 'hit@10': 0.0669, 'ndcg@10': 0.0344, 'hit@15': 0.0908, 'ndcg@15': 0.0407, 'hit@20': 0.1114, 'ndcg@20': 0.0456, 'hit@40': 0.1827, 'ndcg@40': 0.0601} 
2024-10-08 18:29:42.704 | INFO     | trainer_1:_train_one_epoch:193 - epoch 42 6.50s Train loss is [0.3487] 
2024-10-08 18:29:52.433 | INFO     | trainer_1:_train_one_epoch:201 - validate 42 cost time 9.73s, result: {'hit@1': 0.0167, 'ndcg@1': 0.0167, 'hit@5': 0.0606, 'ndcg@5': 0.0388, 'hit@10': 0.1011, 'ndcg@10': 0.0517, 'hit@15': 0.1343, 'ndcg@15': 0.0605, 'hit@20': 0.1616, 'ndcg@20': 0.0669, 'hit@40': 0.2566, 'ndcg@40': 0.0863} 
2024-10-08 18:30:02.068 | INFO     | trainer_1:_train_one_epoch:209 - test 42 cost time 9.63s, result: {'hit@1': 0.0118, 'ndcg@1': 0.0118, 'hit@5': 0.0398, 'ndcg@5': 0.0255, 'hit@10': 0.0665, 'ndcg@10': 0.0341, 'hit@15': 0.0919, 'ndcg@15': 0.0408, 'hit@20': 0.1136, 'ndcg@20': 0.0459, 'hit@40': 0.1853, 'ndcg@40': 0.0605} 
2024-10-08 18:30:08.506 | INFO     | trainer_1:_train_one_epoch:193 - epoch 43 6.44s Train loss is [0.3531] 
2024-10-08 18:30:18.247 | INFO     | trainer_1:_train_one_epoch:201 - validate 43 cost time 9.74s, result: {'hit@1': 0.0172, 'ndcg@1': 0.0172, 'hit@5': 0.062, 'ndcg@5': 0.0397, 'hit@10': 0.1039, 'ndcg@10': 0.0531, 'hit@15': 0.137, 'ndcg@15': 0.0619, 'hit@20': 0.1679, 'ndcg@20': 0.0691, 'hit@40': 0.263, 'ndcg@40': 0.0885} 
2024-10-08 18:30:27.911 | INFO     | trainer_1:_train_one_epoch:209 - test 43 cost time 9.66s, result: {'hit@1': 0.0112, 'ndcg@1': 0.0112, 'hit@5': 0.0437, 'ndcg@5': 0.0272, 'hit@10': 0.0721, 'ndcg@10': 0.0363, 'hit@15': 0.0973, 'ndcg@15': 0.043, 'hit@20': 0.1213, 'ndcg@20': 0.0486, 'hit@40': 0.1945, 'ndcg@40': 0.0635} 
2024-10-08 18:30:45.085 | INFO     | trainer_1:_train_one_epoch:193 - epoch 44 6.46s Train loss is [0.3427] 
2024-10-08 18:30:54.819 | INFO     | trainer_1:_train_one_epoch:201 - validate 44 cost time 9.73s, result: {'hit@1': 0.0161, 'ndcg@1': 0.0161, 'hit@5': 0.0599, 'ndcg@5': 0.0382, 'hit@10': 0.1007, 'ndcg@10': 0.0513, 'hit@15': 0.134, 'ndcg@15': 0.0601, 'hit@20': 0.1626, 'ndcg@20': 0.0668, 'hit@40': 0.2567, 'ndcg@40': 0.086} 
2024-10-08 18:31:04.470 | INFO     | trainer_1:_train_one_epoch:209 - test 44 cost time 9.65s, result: {'hit@1': 0.011, 'ndcg@1': 0.011, 'hit@5': 0.0384, 'ndcg@5': 0.0245, 'hit@10': 0.0657, 'ndcg@10': 0.0333, 'hit@15': 0.09, 'ndcg@15': 0.0397, 'hit@20': 0.1135, 'ndcg@20': 0.0453, 'hit@40': 0.1876, 'ndcg@40': 0.0604} 
2024-10-08 18:31:10.930 | INFO     | trainer_1:_train_one_epoch:193 - epoch 45 6.46s Train loss is [0.3383] 
2024-10-08 18:31:20.665 | INFO     | trainer_1:_train_one_epoch:201 - validate 45 cost time 9.74s, result: {'hit@1': 0.0175, 'ndcg@1': 0.0175, 'hit@5': 0.0624, 'ndcg@5': 0.0403, 'hit@10': 0.1045, 'ndcg@10': 0.0538, 'hit@15': 0.139, 'ndcg@15': 0.0629, 'hit@20': 0.168, 'ndcg@20': 0.0697, 'hit@40': 0.2645, 'ndcg@40': 0.0894} 
2024-10-08 18:31:30.330 | INFO     | trainer_1:_train_one_epoch:209 - test 45 cost time 9.66s, result: {'hit@1': 0.0114, 'ndcg@1': 0.0114, 'hit@5': 0.0409, 'ndcg@5': 0.0261, 'hit@10': 0.0682, 'ndcg@10': 0.0349, 'hit@15': 0.0932, 'ndcg@15': 0.0414, 'hit@20': 0.116, 'ndcg@20': 0.0468, 'hit@40': 0.1877, 'ndcg@40': 0.0614} 
2024-10-08 18:31:36.813 | INFO     | trainer_1:_train_one_epoch:193 - epoch 46 6.48s Train loss is [0.3369] 
2024-10-08 18:31:46.544 | INFO     | trainer_1:_train_one_epoch:201 - validate 46 cost time 9.73s, result: {'hit@1': 0.0177, 'ndcg@1': 0.0177, 'hit@5': 0.0605, 'ndcg@5': 0.0392, 'hit@10': 0.0996, 'ndcg@10': 0.0518, 'hit@15': 0.1331, 'ndcg@15': 0.0606, 'hit@20': 0.1628, 'ndcg@20': 0.0676, 'hit@40': 0.2517, 'ndcg@40': 0.0857} 
2024-10-08 18:31:56.199 | INFO     | trainer_1:_train_one_epoch:209 - test 46 cost time 9.65s, result: {'hit@1': 0.0113, 'ndcg@1': 0.0113, 'hit@5': 0.0405, 'ndcg@5': 0.0258, 'hit@10': 0.0668, 'ndcg@10': 0.0342, 'hit@15': 0.0895, 'ndcg@15': 0.0402, 'hit@20': 0.111, 'ndcg@20': 0.0453, 'hit@40': 0.1811, 'ndcg@40': 0.0596} 
2024-10-08 18:32:02.573 | INFO     | trainer_1:_train_one_epoch:193 - epoch 47 6.37s Train loss is [0.3420] 
2024-10-08 18:32:12.304 | INFO     | trainer_1:_train_one_epoch:201 - validate 47 cost time 9.73s, result: {'hit@1': 0.0173, 'ndcg@1': 0.0173, 'hit@5': 0.0626, 'ndcg@5': 0.0399, 'hit@10': 0.1048, 'ndcg@10': 0.0534, 'hit@15': 0.138, 'ndcg@15': 0.0621, 'hit@20': 0.1661, 'ndcg@20': 0.0688, 'hit@40': 0.2566, 'ndcg@40': 0.0872} 
2024-10-08 18:32:21.958 | INFO     | trainer_1:_train_one_epoch:209 - test 47 cost time 9.65s, result: {'hit@1': 0.0113, 'ndcg@1': 0.0113, 'hit@5': 0.0417, 'ndcg@5': 0.0263, 'hit@10': 0.0687, 'ndcg@10': 0.0349, 'hit@15': 0.0935, 'ndcg@15': 0.0414, 'hit@20': 0.1154, 'ndcg@20': 0.0466, 'hit@40': 0.1853, 'ndcg@40': 0.0608} 
2024-10-08 18:32:28.270 | INFO     | trainer_1:_train_one_epoch:193 - epoch 48 6.31s Train loss is [0.3465] 
2024-10-08 18:32:38.007 | INFO     | trainer_1:_train_one_epoch:201 - validate 48 cost time 9.74s, result: {'hit@1': 0.0176, 'ndcg@1': 0.0176, 'hit@5': 0.0616, 'ndcg@5': 0.0396, 'hit@10': 0.1022, 'ndcg@10': 0.0526, 'hit@15': 0.1376, 'ndcg@15': 0.062, 'hit@20': 0.1661, 'ndcg@20': 0.0687, 'hit@40': 0.2546, 'ndcg@40': 0.0866} 
2024-10-08 18:32:47.652 | INFO     | trainer_1:_train_one_epoch:209 - test 48 cost time 9.64s, result: {'hit@1': 0.0106, 'ndcg@1': 0.0106, 'hit@5': 0.0418, 'ndcg@5': 0.0261, 'hit@10': 0.0696, 'ndcg@10': 0.035, 'hit@15': 0.0935, 'ndcg@15': 0.0413, 'hit@20': 0.1149, 'ndcg@20': 0.0464, 'hit@40': 0.1842, 'ndcg@40': 0.0605} 
2024-10-08 18:32:54.074 | INFO     | trainer_1:_train_one_epoch:193 - epoch 49 6.42s Train loss is [0.3245] 
2024-10-08 18:33:03.801 | INFO     | trainer_1:_train_one_epoch:201 - validate 49 cost time 9.73s, result: {'hit@1': 0.0172, 'ndcg@1': 0.0172, 'hit@5': 0.0609, 'ndcg@5': 0.0392, 'hit@10': 0.1017, 'ndcg@10': 0.0523, 'hit@15': 0.1356, 'ndcg@15': 0.0612, 'hit@20': 0.1658, 'ndcg@20': 0.0683, 'hit@40': 0.2563, 'ndcg@40': 0.0867} 
2024-10-08 18:33:13.460 | INFO     | trainer_1:_train_one_epoch:209 - test 49 cost time 9.66s, result: {'hit@1': 0.0107, 'ndcg@1': 0.0107, 'hit@5': 0.0398, 'ndcg@5': 0.0253, 'hit@10': 0.0681, 'ndcg@10': 0.0344, 'hit@15': 0.0919, 'ndcg@15': 0.0406, 'hit@20': 0.1142, 'ndcg@20': 0.0459, 'hit@40': 0.1859, 'ndcg@40': 0.0605} 
2024-10-08 18:33:19.769 | INFO     | trainer_1:_train_one_epoch:193 - epoch 50 6.31s Train loss is [0.3395] 
2024-10-08 18:33:29.501 | INFO     | trainer_1:_train_one_epoch:201 - validate 50 cost time 9.73s, result: {'hit@1': 0.0168, 'ndcg@1': 0.0168, 'hit@5': 0.0629, 'ndcg@5': 0.0399, 'hit@10': 0.1052, 'ndcg@10': 0.0534, 'hit@15': 0.139, 'ndcg@15': 0.0623, 'hit@20': 0.1685, 'ndcg@20': 0.0693, 'hit@40': 0.2618, 'ndcg@40': 0.0883} 
2024-10-08 18:33:39.167 | INFO     | trainer_1:_train_one_epoch:209 - test 50 cost time 9.67s, result: {'hit@1': 0.0117, 'ndcg@1': 0.0117, 'hit@5': 0.0429, 'ndcg@5': 0.0271, 'hit@10': 0.0707, 'ndcg@10': 0.0361, 'hit@15': 0.0962, 'ndcg@15': 0.0428, 'hit@20': 0.1173, 'ndcg@20': 0.0478, 'hit@40': 0.1904, 'ndcg@40': 0.0627} 
2024-10-08 18:33:45.674 | INFO     | trainer_1:_train_one_epoch:193 - epoch 51 6.51s Train loss is [0.3334] 
2024-10-08 18:33:55.405 | INFO     | trainer_1:_train_one_epoch:201 - validate 51 cost time 9.73s, result: {'hit@1': 0.0169, 'ndcg@1': 0.0169, 'hit@5': 0.0618, 'ndcg@5': 0.0393, 'hit@10': 0.1023, 'ndcg@10': 0.0523, 'hit@15': 0.1344, 'ndcg@15': 0.0608, 'hit@20': 0.1627, 'ndcg@20': 0.0674, 'hit@40': 0.2525, 'ndcg@40': 0.0858} 
2024-10-08 18:34:05.057 | INFO     | trainer_1:_train_one_epoch:209 - test 51 cost time 9.65s, result: {'hit@1': 0.0112, 'ndcg@1': 0.0112, 'hit@5': 0.0419, 'ndcg@5': 0.0264, 'hit@10': 0.0679, 'ndcg@10': 0.0347, 'hit@15': 0.0921, 'ndcg@15': 0.0411, 'hit@20': 0.1134, 'ndcg@20': 0.0461, 'hit@40': 0.1823, 'ndcg@40': 0.0601} 
2024-10-08 18:34:11.401 | INFO     | trainer_1:_train_one_epoch:193 - epoch 52 6.34s Train loss is [0.3394] 
2024-10-08 18:34:21.132 | INFO     | trainer_1:_train_one_epoch:201 - validate 52 cost time 9.73s, result: {'hit@1': 0.0175, 'ndcg@1': 0.0175, 'hit@5': 0.0631, 'ndcg@5': 0.0405, 'hit@10': 0.1061, 'ndcg@10': 0.0544, 'hit@15': 0.1392, 'ndcg@15': 0.0631, 'hit@20': 0.1699, 'ndcg@20': 0.0704, 'hit@40': 0.2652, 'ndcg@40': 0.0898} 
2024-10-08 18:34:30.751 | INFO     | trainer_1:_train_one_epoch:209 - test 52 cost time 9.62s, result: {'hit@1': 0.0111, 'ndcg@1': 0.0111, 'hit@5': 0.04, 'ndcg@5': 0.0255, 'hit@10': 0.0692, 'ndcg@10': 0.0349, 'hit@15': 0.0949, 'ndcg@15': 0.0416, 'hit@20': 0.1171, 'ndcg@20': 0.0469, 'hit@40': 0.1901, 'ndcg@40': 0.0617} 
2024-10-08 18:34:37.165 | INFO     | trainer_1:_train_one_epoch:193 - epoch 53 6.41s Train loss is [0.3357] 
2024-10-08 18:34:46.909 | INFO     | trainer_1:_train_one_epoch:201 - validate 53 cost time 9.74s, result: {'hit@1': 0.0169, 'ndcg@1': 0.0169, 'hit@5': 0.0609, 'ndcg@5': 0.0389, 'hit@10': 0.1004, 'ndcg@10': 0.0515, 'hit@15': 0.1331, 'ndcg@15': 0.0602, 'hit@20': 0.1628, 'ndcg@20': 0.0672, 'hit@40': 0.2533, 'ndcg@40': 0.0856} 
2024-10-08 18:34:56.563 | INFO     | trainer_1:_train_one_epoch:209 - test 53 cost time 9.65s, result: {'hit@1': 0.0108, 'ndcg@1': 0.0108, 'hit@5': 0.0386, 'ndcg@5': 0.0247, 'hit@10': 0.0674, 'ndcg@10': 0.0339, 'hit@15': 0.0917, 'ndcg@15': 0.0403, 'hit@20': 0.1136, 'ndcg@20': 0.0455, 'hit@40': 0.1849, 'ndcg@40': 0.06} 
2024-10-08 18:35:02.989 | INFO     | trainer_1:_train_one_epoch:193 - epoch 54 6.42s Train loss is [0.3276] 
2024-10-08 18:35:12.708 | INFO     | trainer_1:_train_one_epoch:201 - validate 54 cost time 9.72s, result: {'hit@1': 0.0171, 'ndcg@1': 0.0171, 'hit@5': 0.0602, 'ndcg@5': 0.0389, 'hit@10': 0.1005, 'ndcg@10': 0.0518, 'hit@15': 0.1345, 'ndcg@15': 0.0608, 'hit@20': 0.1649, 'ndcg@20': 0.0679, 'hit@40': 0.2551, 'ndcg@40': 0.0863} 
2024-10-08 18:35:22.346 | INFO     | trainer_1:_train_one_epoch:209 - test 54 cost time 9.64s, result: {'hit@1': 0.011, 'ndcg@1': 0.011, 'hit@5': 0.0391, 'ndcg@5': 0.0249, 'hit@10': 0.0671, 'ndcg@10': 0.0339, 'hit@15': 0.0915, 'ndcg@15': 0.0404, 'hit@20': 0.1127, 'ndcg@20': 0.0454, 'hit@40': 0.1857, 'ndcg@40': 0.0602} 
2024-10-08 18:35:28.661 | INFO     | trainer_1:_train_one_epoch:193 - epoch 55 6.31s Train loss is [0.3303] 
2024-10-08 18:35:38.392 | INFO     | trainer_1:_train_one_epoch:201 - validate 55 cost time 9.73s, result: {'hit@1': 0.016, 'ndcg@1': 0.016, 'hit@5': 0.0578, 'ndcg@5': 0.0371, 'hit@10': 0.0969, 'ndcg@10': 0.0496, 'hit@15': 0.1314, 'ndcg@15': 0.0587, 'hit@20': 0.1614, 'ndcg@20': 0.0658, 'hit@40': 0.2519, 'ndcg@40': 0.0842} 
2024-10-08 18:35:48.050 | INFO     | trainer_1:_train_one_epoch:209 - test 55 cost time 9.66s, result: {'hit@1': 0.0111, 'ndcg@1': 0.0111, 'hit@5': 0.0382, 'ndcg@5': 0.0245, 'hit@10': 0.0666, 'ndcg@10': 0.0336, 'hit@15': 0.0896, 'ndcg@15': 0.0396, 'hit@20': 0.111, 'ndcg@20': 0.0447, 'hit@40': 0.1814, 'ndcg@40': 0.059} 
2024-10-08 18:35:54.457 | INFO     | trainer_1:_train_one_epoch:193 - epoch 56 6.41s Train loss is [0.3328] 
2024-10-08 18:36:04.190 | INFO     | trainer_1:_train_one_epoch:201 - validate 56 cost time 9.73s, result: {'hit@1': 0.0167, 'ndcg@1': 0.0167, 'hit@5': 0.0633, 'ndcg@5': 0.0399, 'hit@10': 0.1021, 'ndcg@10': 0.0523, 'hit@15': 0.1374, 'ndcg@15': 0.0616, 'hit@20': 0.169, 'ndcg@20': 0.069, 'hit@40': 0.2643, 'ndcg@40': 0.0884} 
2024-10-08 18:36:13.841 | INFO     | trainer_1:_train_one_epoch:209 - test 56 cost time 9.65s, result: {'hit@1': 0.0107, 'ndcg@1': 0.0107, 'hit@5': 0.04, 'ndcg@5': 0.0252, 'hit@10': 0.0686, 'ndcg@10': 0.0344, 'hit@15': 0.0941, 'ndcg@15': 0.0411, 'hit@20': 0.116, 'ndcg@20': 0.0463, 'hit@40': 0.1913, 'ndcg@40': 0.0616} 
2024-10-08 18:36:20.167 | INFO     | trainer_1:_train_one_epoch:193 - epoch 57 6.32s Train loss is [0.3243] 
2024-10-08 18:36:29.894 | INFO     | trainer_1:_train_one_epoch:201 - validate 57 cost time 9.73s, result: {'hit@1': 0.0175, 'ndcg@1': 0.0175, 'hit@5': 0.0627, 'ndcg@5': 0.0403, 'hit@10': 0.1038, 'ndcg@10': 0.0535, 'hit@15': 0.1378, 'ndcg@15': 0.0624, 'hit@20': 0.169, 'ndcg@20': 0.0698, 'hit@40': 0.2603, 'ndcg@40': 0.0884} 
2024-10-08 18:36:39.547 | INFO     | trainer_1:_train_one_epoch:209 - test 57 cost time 9.65s, result: {'hit@1': 0.0108, 'ndcg@1': 0.0108, 'hit@5': 0.041, 'ndcg@5': 0.0256, 'hit@10': 0.0704, 'ndcg@10': 0.035, 'hit@15': 0.0954, 'ndcg@15': 0.0416, 'hit@20': 0.1186, 'ndcg@20': 0.0471, 'hit@40': 0.1929, 'ndcg@40': 0.0622} 
2024-10-08 18:36:39.558 | INFO     | trainer_1:train_model:163 - training end, best iteration 52, results: {'hit@1': 0.0172, 'ndcg@1': 0.0172, 'hit@5': 0.062, 'ndcg@5': 0.0397, 'hit@10': 0.1039, 'ndcg@10': 0.0531, 'hit@15': 0.137, 'ndcg@15': 0.0619, 'hit@20': 0.1679, 'ndcg@20': 0.0691, 'hit@40': 0.263, 'ndcg@40': 0.0885}
2024-10-08 18:36:39.558 | INFO     | trainer_1:train_model:166 - final test result is:  {'hit@1': 0.0112, 'ndcg@1': 0.0112, 'hit@5': 0.0437, 'ndcg@5': 0.0272, 'hit@10': 0.0721, 'ndcg@10': 0.0363, 'hit@15': 0.0973, 'ndcg@15': 0.043, 'hit@20': 0.1213, 'ndcg@20': 0.0486, 'hit@40': 0.1945, 'ndcg@40': 0.0635}
2024-10-08 18:36:39.894 | INFO     | __main__:<module>:119 - train end total cost time: 2999.077564716339
