2024-10-08 16:07:10.525 | INFO     | __main__:<module>:105 - Namespace(TIME='2024-10-08 16_06_38', batch_size=1024, behaviors=['view', 'cart', 'buy'], check_point='model_pre_1_2024-10-08 11_17_41.pth', data_name='beibei', data_path='./data/beibei', decay=0.001, device='cuda:1', dim_qk=32, dim_v=64, distill_layers=2, distill_thres=0.5, distill_topK=10, distill_userK=4, embedding_size=64, epochs=100, gpu_no=1, if_load_model=True, ii_lambda=200, initializer_range=0.02, layers=2, loss_type='bpr', lr=0.001, message_dropout=0.25, metrics=['hit', 'ndcg'], min_epoch=5, model_name='main_1', model_path='./check_point', node_dropout=0.75, omega=1, pt_loop=50, reg_weight=0.001, test_batch_size=1024, testbatch=1024, topk=[1, 5, 10, 15, 20, 40], uu_lambda=100)
2024-10-08 16:07:10.526 | INFO     | __main__:<module>:106 - BIPN(
  (message_dropout): Dropout(p=0.25, inplace=False)
  (user_embedding): Embedding(21717, 64, padding_idx=0)
  (item_embedding): Embedding(7978, 64, padding_idx=0)
  (global_Graph): LightGCN()
  (Graph_encoder): ModuleDict(
    (view): GraphEncoder(
      (light): LightGCN()
      (dropout): Dropout(p=0.75, inplace=False)
    )
    (cart): GraphEncoder(
      (light): LightGCN()
      (dropout): Dropout(p=0.75, inplace=False)
    )
    (buy): GraphEncoder(
      (light): LightGCN()
      (dropout): Dropout(p=0.75, inplace=False)
    )
  )
  (attention): Mutual_Attention()
  (bpr_loss): BPRLoss()
  (emb_loss): EmbLoss()
  (f): Sigmoid()
)
2024-10-08 16:22:34.976 | INFO     | trainer_1:_train_one_epoch:193 - epoch 1 6.25s Train loss is [0.9434] 
2024-10-08 16:22:44.756 | INFO     | trainer_1:_train_one_epoch:201 - validate 1 cost time 9.78s, result: {'hit@1': 0.0068, 'ndcg@1': 0.0068, 'hit@5': 0.0276, 'ndcg@5': 0.0171, 'hit@10': 0.0497, 'ndcg@10': 0.0242, 'hit@15': 0.0687, 'ndcg@15': 0.0292, 'hit@20': 0.0862, 'ndcg@20': 0.0333, 'hit@40': 0.1483, 'ndcg@40': 0.046} 
2024-10-08 16:22:54.445 | INFO     | trainer_1:_train_one_epoch:209 - test 1 cost time 9.69s, result: {'hit@1': 0.0041, 'ndcg@1': 0.0041, 'hit@5': 0.0177, 'ndcg@5': 0.0107, 'hit@10': 0.0348, 'ndcg@10': 0.0162, 'hit@15': 0.0486, 'ndcg@15': 0.0198, 'hit@20': 0.0616, 'ndcg@20': 0.0229, 'hit@40': 0.1131, 'ndcg@40': 0.0333} 
2024-10-08 16:23:10.567 | INFO     | trainer_1:_train_one_epoch:193 - epoch 2 6.08s Train loss is [0.7177] 
2024-10-08 16:23:20.367 | INFO     | trainer_1:_train_one_epoch:201 - validate 2 cost time 9.80s, result: {'hit@1': 0.0095, 'ndcg@1': 0.0095, 'hit@5': 0.0345, 'ndcg@5': 0.0218, 'hit@10': 0.0606, 'ndcg@10': 0.0302, 'hit@15': 0.0821, 'ndcg@15': 0.0359, 'hit@20': 0.1013, 'ndcg@20': 0.0404, 'hit@40': 0.1662, 'ndcg@40': 0.0536} 
2024-10-08 16:23:30.431 | INFO     | trainer_1:_train_one_epoch:209 - test 2 cost time 10.06s, result: {'hit@1': 0.0052, 'ndcg@1': 0.0052, 'hit@5': 0.0222, 'ndcg@5': 0.0135, 'hit@10': 0.0409, 'ndcg@10': 0.0195, 'hit@15': 0.0566, 'ndcg@15': 0.0236, 'hit@20': 0.0728, 'ndcg@20': 0.0274, 'hit@40': 0.1213, 'ndcg@40': 0.0373} 
2024-10-08 16:23:46.999 | INFO     | trainer_1:_train_one_epoch:193 - epoch 3 6.25s Train loss is [0.6408] 
2024-10-08 16:23:57.162 | INFO     | trainer_1:_train_one_epoch:201 - validate 3 cost time 10.16s, result: {'hit@1': 0.0077, 'ndcg@1': 0.0077, 'hit@5': 0.032, 'ndcg@5': 0.0197, 'hit@10': 0.0589, 'ndcg@10': 0.0282, 'hit@15': 0.0836, 'ndcg@15': 0.0347, 'hit@20': 0.1037, 'ndcg@20': 0.0395, 'hit@40': 0.1754, 'ndcg@40': 0.0541} 
2024-10-08 16:24:07.221 | INFO     | trainer_1:_train_one_epoch:209 - test 3 cost time 10.06s, result: {'hit@1': 0.0043, 'ndcg@1': 0.0043, 'hit@5': 0.0197, 'ndcg@5': 0.0119, 'hit@10': 0.0385, 'ndcg@10': 0.0179, 'hit@15': 0.0558, 'ndcg@15': 0.0225, 'hit@20': 0.0717, 'ndcg@20': 0.0262, 'hit@40': 0.1261, 'ndcg@40': 0.0373} 
2024-10-08 16:24:13.725 | INFO     | trainer_1:_train_one_epoch:193 - epoch 4 6.50s Train loss is [0.5902] 
2024-10-08 16:24:23.858 | INFO     | trainer_1:_train_one_epoch:201 - validate 4 cost time 10.13s, result: {'hit@1': 0.0077, 'ndcg@1': 0.0077, 'hit@5': 0.0318, 'ndcg@5': 0.0196, 'hit@10': 0.0572, 'ndcg@10': 0.0277, 'hit@15': 0.0792, 'ndcg@15': 0.0335, 'hit@20': 0.1002, 'ndcg@20': 0.0385, 'hit@40': 0.1661, 'ndcg@40': 0.0519} 
2024-10-08 16:24:33.905 | INFO     | trainer_1:_train_one_epoch:209 - test 4 cost time 10.05s, result: {'hit@1': 0.0043, 'ndcg@1': 0.0043, 'hit@5': 0.0182, 'ndcg@5': 0.0111, 'hit@10': 0.0346, 'ndcg@10': 0.0163, 'hit@15': 0.051, 'ndcg@15': 0.0207, 'hit@20': 0.0668, 'ndcg@20': 0.0244, 'hit@40': 0.1171, 'ndcg@40': 0.0346} 
2024-10-08 16:24:40.206 | INFO     | trainer_1:_train_one_epoch:193 - epoch 5 6.30s Train loss is [0.5505] 
2024-10-08 16:24:49.947 | INFO     | trainer_1:_train_one_epoch:201 - validate 5 cost time 9.74s, result: {'hit@1': 0.0129, 'ndcg@1': 0.0129, 'hit@5': 0.0381, 'ndcg@5': 0.0253, 'hit@10': 0.0663, 'ndcg@10': 0.0343, 'hit@15': 0.0908, 'ndcg@15': 0.0408, 'hit@20': 0.1101, 'ndcg@20': 0.0453, 'hit@40': 0.1795, 'ndcg@40': 0.0595} 
2024-10-08 16:24:59.614 | INFO     | trainer_1:_train_one_epoch:209 - test 5 cost time 9.67s, result: {'hit@1': 0.0062, 'ndcg@1': 0.0062, 'hit@5': 0.0218, 'ndcg@5': 0.0138, 'hit@10': 0.0398, 'ndcg@10': 0.0196, 'hit@15': 0.0575, 'ndcg@15': 0.0242, 'hit@20': 0.0716, 'ndcg@20': 0.0275, 'hit@40': 0.1209, 'ndcg@40': 0.0376} 
2024-10-08 16:25:05.852 | INFO     | trainer_1:_train_one_epoch:193 - epoch 6 6.24s Train loss is [0.5276] 
2024-10-08 16:25:15.574 | INFO     | trainer_1:_train_one_epoch:201 - validate 6 cost time 9.72s, result: {'hit@1': 0.013, 'ndcg@1': 0.013, 'hit@5': 0.0414, 'ndcg@5': 0.0271, 'hit@10': 0.0669, 'ndcg@10': 0.0353, 'hit@15': 0.0921, 'ndcg@15': 0.0419, 'hit@20': 0.1148, 'ndcg@20': 0.0473, 'hit@40': 0.1863, 'ndcg@40': 0.0618} 
2024-10-08 16:25:25.210 | INFO     | trainer_1:_train_one_epoch:209 - test 6 cost time 9.64s, result: {'hit@1': 0.0069, 'ndcg@1': 0.0069, 'hit@5': 0.0242, 'ndcg@5': 0.0154, 'hit@10': 0.0423, 'ndcg@10': 0.0212, 'hit@15': 0.0599, 'ndcg@15': 0.0259, 'hit@20': 0.075, 'ndcg@20': 0.0294, 'hit@40': 0.126, 'ndcg@40': 0.0398} 
2024-10-08 16:25:41.681 | INFO     | trainer_1:_train_one_epoch:193 - epoch 7 6.20s Train loss is [0.5251] 
2024-10-08 16:25:51.425 | INFO     | trainer_1:_train_one_epoch:201 - validate 7 cost time 9.74s, result: {'hit@1': 0.0116, 'ndcg@1': 0.0116, 'hit@5': 0.0429, 'ndcg@5': 0.0271, 'hit@10': 0.0713, 'ndcg@10': 0.0362, 'hit@15': 0.0986, 'ndcg@15': 0.0434, 'hit@20': 0.1236, 'ndcg@20': 0.0493, 'hit@40': 0.1959, 'ndcg@40': 0.064} 
2024-10-08 16:26:01.083 | INFO     | trainer_1:_train_one_epoch:209 - test 7 cost time 9.66s, result: {'hit@1': 0.0067, 'ndcg@1': 0.0067, 'hit@5': 0.0245, 'ndcg@5': 0.0155, 'hit@10': 0.0425, 'ndcg@10': 0.0213, 'hit@15': 0.0613, 'ndcg@15': 0.0263, 'hit@20': 0.0783, 'ndcg@20': 0.0303, 'hit@40': 0.1346, 'ndcg@40': 0.0417} 
2024-10-08 16:26:17.789 | INFO     | trainer_1:_train_one_epoch:193 - epoch 8 6.43s Train loss is [0.4925] 
2024-10-08 16:26:27.939 | INFO     | trainer_1:_train_one_epoch:201 - validate 8 cost time 10.15s, result: {'hit@1': 0.0097, 'ndcg@1': 0.0097, 'hit@5': 0.0388, 'ndcg@5': 0.024, 'hit@10': 0.0688, 'ndcg@10': 0.0335, 'hit@15': 0.0947, 'ndcg@15': 0.0404, 'hit@20': 0.1195, 'ndcg@20': 0.0462, 'hit@40': 0.1991, 'ndcg@40': 0.0624} 
2024-10-08 16:26:38.047 | INFO     | trainer_1:_train_one_epoch:209 - test 8 cost time 10.11s, result: {'hit@1': 0.0051, 'ndcg@1': 0.0051, 'hit@5': 0.0229, 'ndcg@5': 0.014, 'hit@10': 0.0423, 'ndcg@10': 0.0202, 'hit@15': 0.0601, 'ndcg@15': 0.0249, 'hit@20': 0.0777, 'ndcg@20': 0.0291, 'hit@40': 0.1362, 'ndcg@40': 0.0409} 
2024-10-08 16:26:44.490 | INFO     | trainer_1:_train_one_epoch:193 - epoch 9 6.44s Train loss is [0.4789] 
2024-10-08 16:26:54.653 | INFO     | trainer_1:_train_one_epoch:201 - validate 9 cost time 10.16s, result: {'hit@1': 0.0118, 'ndcg@1': 0.0118, 'hit@5': 0.0446, 'ndcg@5': 0.028, 'hit@10': 0.0774, 'ndcg@10': 0.0385, 'hit@15': 0.1044, 'ndcg@15': 0.0456, 'hit@20': 0.1294, 'ndcg@20': 0.0516, 'hit@40': 0.2085, 'ndcg@40': 0.0677} 
2024-10-08 16:27:04.740 | INFO     | trainer_1:_train_one_epoch:209 - test 9 cost time 10.09s, result: {'hit@1': 0.007, 'ndcg@1': 0.007, 'hit@5': 0.0264, 'ndcg@5': 0.0166, 'hit@10': 0.0461, 'ndcg@10': 0.0228, 'hit@15': 0.0675, 'ndcg@15': 0.0285, 'hit@20': 0.0849, 'ndcg@20': 0.0326, 'hit@40': 0.1446, 'ndcg@40': 0.0447} 
2024-10-08 16:27:21.270 | INFO     | trainer_1:_train_one_epoch:193 - epoch 10 6.22s Train loss is [0.4700] 
2024-10-08 16:27:27.931 | INFO     | trainer_1:_train_one_epoch:201 - validate 10 cost time 6.66s, result: {'hit@1': 0.0133, 'ndcg@1': 0.0133, 'hit@5': 0.0467, 'ndcg@5': 0.0298, 'hit@10': 0.0783, 'ndcg@10': 0.0399, 'hit@15': 0.1046, 'ndcg@15': 0.0469, 'hit@20': 0.1276, 'ndcg@20': 0.0523, 'hit@40': 0.2099, 'ndcg@40': 0.0691} 
2024-10-08 16:27:34.963 | INFO     | trainer_1:_train_one_epoch:209 - test 10 cost time 7.03s, result: {'hit@1': 0.0072, 'ndcg@1': 0.0072, 'hit@5': 0.0275, 'ndcg@5': 0.0174, 'hit@10': 0.0494, 'ndcg@10': 0.0243, 'hit@15': 0.068, 'ndcg@15': 0.0293, 'hit@20': 0.0857, 'ndcg@20': 0.0334, 'hit@40': 0.1451, 'ndcg@40': 0.0455} 
2024-10-08 16:27:51.148 | INFO     | trainer_1:_train_one_epoch:193 - epoch 11 6.11s Train loss is [0.4636] 
2024-10-08 16:27:56.008 | INFO     | trainer_1:_train_one_epoch:201 - validate 11 cost time 4.86s, result: {'hit@1': 0.0108, 'ndcg@1': 0.0108, 'hit@5': 0.0416, 'ndcg@5': 0.0263, 'hit@10': 0.071, 'ndcg@10': 0.0357, 'hit@15': 0.0959, 'ndcg@15': 0.0422, 'hit@20': 0.1184, 'ndcg@20': 0.0476, 'hit@40': 0.1911, 'ndcg@40': 0.0623} 
2024-10-08 16:28:01.446 | INFO     | trainer_1:_train_one_epoch:209 - test 11 cost time 5.44s, result: {'hit@1': 0.0065, 'ndcg@1': 0.0065, 'hit@5': 0.0258, 'ndcg@5': 0.0161, 'hit@10': 0.0467, 'ndcg@10': 0.0228, 'hit@15': 0.0638, 'ndcg@15': 0.0273, 'hit@20': 0.0804, 'ndcg@20': 0.0312, 'hit@40': 0.1351, 'ndcg@40': 0.0423} 
2024-10-08 16:28:07.541 | INFO     | trainer_1:_train_one_epoch:193 - epoch 12 6.09s Train loss is [0.4607] 
2024-10-08 16:28:14.734 | INFO     | trainer_1:_train_one_epoch:201 - validate 12 cost time 7.19s, result: {'hit@1': 0.01, 'ndcg@1': 0.01, 'hit@5': 0.0406, 'ndcg@5': 0.0252, 'hit@10': 0.0711, 'ndcg@10': 0.035, 'hit@15': 0.0967, 'ndcg@15': 0.0418, 'hit@20': 0.1195, 'ndcg@20': 0.0471, 'hit@40': 0.2016, 'ndcg@40': 0.0639} 
2024-10-08 16:28:22.205 | INFO     | trainer_1:_train_one_epoch:209 - test 12 cost time 7.47s, result: {'hit@1': 0.0075, 'ndcg@1': 0.0075, 'hit@5': 0.0262, 'ndcg@5': 0.0166, 'hit@10': 0.0475, 'ndcg@10': 0.0233, 'hit@15': 0.0655, 'ndcg@15': 0.0281, 'hit@20': 0.0841, 'ndcg@20': 0.0325, 'hit@40': 0.1424, 'ndcg@40': 0.0443} 
2024-10-08 16:28:28.229 | INFO     | trainer_1:_train_one_epoch:193 - epoch 13 6.02s Train loss is [0.4432] 
2024-10-08 16:28:35.091 | INFO     | trainer_1:_train_one_epoch:201 - validate 13 cost time 6.86s, result: {'hit@1': 0.0122, 'ndcg@1': 0.0122, 'hit@5': 0.0451, 'ndcg@5': 0.0286, 'hit@10': 0.0749, 'ndcg@10': 0.0382, 'hit@15': 0.1017, 'ndcg@15': 0.0452, 'hit@20': 0.126, 'ndcg@20': 0.051, 'hit@40': 0.2031, 'ndcg@40': 0.0666} 
2024-10-08 16:28:39.885 | INFO     | trainer_1:_train_one_epoch:209 - test 13 cost time 4.79s, result: {'hit@1': 0.0076, 'ndcg@1': 0.0076, 'hit@5': 0.0281, 'ndcg@5': 0.0178, 'hit@10': 0.0497, 'ndcg@10': 0.0247, 'hit@15': 0.0678, 'ndcg@15': 0.0295, 'hit@20': 0.0851, 'ndcg@20': 0.0336, 'hit@40': 0.1464, 'ndcg@40': 0.0461} 
2024-10-08 16:28:56.347 | INFO     | trainer_1:_train_one_epoch:193 - epoch 14 6.15s Train loss is [0.4397] 
2024-10-08 16:29:03.815 | INFO     | trainer_1:_train_one_epoch:201 - validate 14 cost time 7.47s, result: {'hit@1': 0.0124, 'ndcg@1': 0.0124, 'hit@5': 0.0455, 'ndcg@5': 0.0289, 'hit@10': 0.077, 'ndcg@10': 0.039, 'hit@15': 0.1015, 'ndcg@15': 0.0454, 'hit@20': 0.1277, 'ndcg@20': 0.0516, 'hit@40': 0.2083, 'ndcg@40': 0.068} 
2024-10-08 16:29:11.162 | INFO     | trainer_1:_train_one_epoch:209 - test 14 cost time 7.35s, result: {'hit@1': 0.0079, 'ndcg@1': 0.0079, 'hit@5': 0.03, 'ndcg@5': 0.0188, 'hit@10': 0.0511, 'ndcg@10': 0.0256, 'hit@15': 0.071, 'ndcg@15': 0.0308, 'hit@20': 0.0872, 'ndcg@20': 0.0347, 'hit@40': 0.1451, 'ndcg@40': 0.0464} 
2024-10-08 16:29:28.242 | INFO     | trainer_1:_train_one_epoch:193 - epoch 15 6.23s Train loss is [0.4233] 
2024-10-08 16:29:34.900 | INFO     | trainer_1:_train_one_epoch:201 - validate 15 cost time 6.66s, result: {'hit@1': 0.0113, 'ndcg@1': 0.0113, 'hit@5': 0.0465, 'ndcg@5': 0.0289, 'hit@10': 0.0781, 'ndcg@10': 0.0391, 'hit@15': 0.1046, 'ndcg@15': 0.0461, 'hit@20': 0.1292, 'ndcg@20': 0.0519, 'hit@40': 0.2062, 'ndcg@40': 0.0676} 
2024-10-08 16:29:42.371 | INFO     | trainer_1:_train_one_epoch:209 - test 15 cost time 7.47s, result: {'hit@1': 0.0078, 'ndcg@1': 0.0078, 'hit@5': 0.0292, 'ndcg@5': 0.0185, 'hit@10': 0.0515, 'ndcg@10': 0.0257, 'hit@15': 0.0705, 'ndcg@15': 0.0307, 'hit@20': 0.0882, 'ndcg@20': 0.0349, 'hit@40': 0.1497, 'ndcg@40': 0.0474} 
2024-10-08 16:29:58.635 | INFO     | trainer_1:_train_one_epoch:193 - epoch 16 5.93s Train loss is [0.4271] 
2024-10-08 16:30:03.708 | INFO     | trainer_1:_train_one_epoch:201 - validate 16 cost time 5.07s, result: {'hit@1': 0.0129, 'ndcg@1': 0.0129, 'hit@5': 0.0476, 'ndcg@5': 0.0302, 'hit@10': 0.0796, 'ndcg@10': 0.0405, 'hit@15': 0.1084, 'ndcg@15': 0.0481, 'hit@20': 0.1326, 'ndcg@20': 0.0538, 'hit@40': 0.2158, 'ndcg@40': 0.0708} 
2024-10-08 16:30:10.293 | INFO     | trainer_1:_train_one_epoch:209 - test 16 cost time 6.58s, result: {'hit@1': 0.0078, 'ndcg@1': 0.0078, 'hit@5': 0.0302, 'ndcg@5': 0.0189, 'hit@10': 0.0527, 'ndcg@10': 0.0261, 'hit@15': 0.0711, 'ndcg@15': 0.0309, 'hit@20': 0.0904, 'ndcg@20': 0.0355, 'hit@40': 0.1535, 'ndcg@40': 0.0483} 
2024-10-08 16:30:27.082 | INFO     | trainer_1:_train_one_epoch:193 - epoch 17 6.27s Train loss is [0.4129] 
2024-10-08 16:30:34.701 | INFO     | trainer_1:_train_one_epoch:201 - validate 17 cost time 7.62s, result: {'hit@1': 0.0127, 'ndcg@1': 0.0127, 'hit@5': 0.0453, 'ndcg@5': 0.0288, 'hit@10': 0.0748, 'ndcg@10': 0.0383, 'hit@15': 0.0987, 'ndcg@15': 0.0446, 'hit@20': 0.1227, 'ndcg@20': 0.0503, 'hit@40': 0.2003, 'ndcg@40': 0.066} 
2024-10-08 16:30:39.462 | INFO     | trainer_1:_train_one_epoch:209 - test 17 cost time 4.76s, result: {'hit@1': 0.0069, 'ndcg@1': 0.0069, 'hit@5': 0.0286, 'ndcg@5': 0.0177, 'hit@10': 0.0492, 'ndcg@10': 0.0243, 'hit@15': 0.0661, 'ndcg@15': 0.0288, 'hit@20': 0.0833, 'ndcg@20': 0.0329, 'hit@40': 0.141, 'ndcg@40': 0.0446} 
2024-10-08 16:30:45.653 | INFO     | trainer_1:_train_one_epoch:193 - epoch 18 6.19s Train loss is [0.4029] 
2024-10-08 16:30:52.302 | INFO     | trainer_1:_train_one_epoch:201 - validate 18 cost time 6.65s, result: {'hit@1': 0.0145, 'ndcg@1': 0.0145, 'hit@5': 0.0496, 'ndcg@5': 0.0321, 'hit@10': 0.0841, 'ndcg@10': 0.0432, 'hit@15': 0.1115, 'ndcg@15': 0.0504, 'hit@20': 0.137, 'ndcg@20': 0.0564, 'hit@40': 0.2202, 'ndcg@40': 0.0734} 
2024-10-08 16:30:59.590 | INFO     | trainer_1:_train_one_epoch:209 - test 18 cost time 7.29s, result: {'hit@1': 0.0075, 'ndcg@1': 0.0075, 'hit@5': 0.0321, 'ndcg@5': 0.02, 'hit@10': 0.0571, 'ndcg@10': 0.028, 'hit@15': 0.0776, 'ndcg@15': 0.0334, 'hit@20': 0.0956, 'ndcg@20': 0.0376, 'hit@40': 0.1619, 'ndcg@40': 0.0511} 
2024-10-08 16:31:16.108 | INFO     | trainer_1:_train_one_epoch:193 - epoch 19 6.10s Train loss is [0.4053] 
2024-10-08 16:31:21.677 | INFO     | trainer_1:_train_one_epoch:201 - validate 19 cost time 5.57s, result: {'hit@1': 0.0152, 'ndcg@1': 0.0152, 'hit@5': 0.052, 'ndcg@5': 0.0335, 'hit@10': 0.0862, 'ndcg@10': 0.0445, 'hit@15': 0.115, 'ndcg@15': 0.0521, 'hit@20': 0.1409, 'ndcg@20': 0.0582, 'hit@40': 0.2293, 'ndcg@40': 0.0762} 
2024-10-08 16:31:29.080 | INFO     | trainer_1:_train_one_epoch:209 - test 19 cost time 7.40s, result: {'hit@1': 0.0083, 'ndcg@1': 0.0083, 'hit@5': 0.0345, 'ndcg@5': 0.0214, 'hit@10': 0.0581, 'ndcg@10': 0.029, 'hit@15': 0.0787, 'ndcg@15': 0.0344, 'hit@20': 0.0972, 'ndcg@20': 0.0388, 'hit@40': 0.1635, 'ndcg@40': 0.0522} 
2024-10-08 16:31:45.811 | INFO     | trainer_1:_train_one_epoch:193 - epoch 20 6.52s Train loss is [0.3895] 
2024-10-08 16:31:54.819 | INFO     | trainer_1:_train_one_epoch:201 - validate 20 cost time 9.01s, result: {'hit@1': 0.0144, 'ndcg@1': 0.0144, 'hit@5': 0.0509, 'ndcg@5': 0.0327, 'hit@10': 0.0864, 'ndcg@10': 0.044, 'hit@15': 0.1177, 'ndcg@15': 0.0523, 'hit@20': 0.1436, 'ndcg@20': 0.0584, 'hit@40': 0.2285, 'ndcg@40': 0.0757} 
2024-10-08 16:32:00.226 | INFO     | trainer_1:_train_one_epoch:209 - test 20 cost time 5.41s, result: {'hit@1': 0.0102, 'ndcg@1': 0.0102, 'hit@5': 0.0341, 'ndcg@5': 0.0221, 'hit@10': 0.0585, 'ndcg@10': 0.0299, 'hit@15': 0.0801, 'ndcg@15': 0.0356, 'hit@20': 0.0989, 'ndcg@20': 0.04, 'hit@40': 0.1637, 'ndcg@40': 0.0532} 
2024-10-08 16:32:17.004 | INFO     | trainer_1:_train_one_epoch:193 - epoch 21 6.38s Train loss is [0.3937] 
2024-10-08 16:32:24.619 | INFO     | trainer_1:_train_one_epoch:201 - validate 21 cost time 7.62s, result: {'hit@1': 0.0151, 'ndcg@1': 0.0151, 'hit@5': 0.0549, 'ndcg@5': 0.0351, 'hit@10': 0.0917, 'ndcg@10': 0.0469, 'hit@15': 0.1212, 'ndcg@15': 0.0547, 'hit@20': 0.1476, 'ndcg@20': 0.0609, 'hit@40': 0.2314, 'ndcg@40': 0.078} 
2024-10-08 16:32:32.084 | INFO     | trainer_1:_train_one_epoch:209 - test 21 cost time 7.46s, result: {'hit@1': 0.0094, 'ndcg@1': 0.0094, 'hit@5': 0.0356, 'ndcg@5': 0.0224, 'hit@10': 0.0605, 'ndcg@10': 0.0303, 'hit@15': 0.0821, 'ndcg@15': 0.0361, 'hit@20': 0.1004, 'ndcg@20': 0.0404, 'hit@40': 0.1647, 'ndcg@40': 0.0535} 
2024-10-08 16:32:48.711 | INFO     | trainer_1:_train_one_epoch:193 - epoch 22 6.41s Train loss is [0.3920] 
2024-10-08 16:32:56.475 | INFO     | trainer_1:_train_one_epoch:201 - validate 22 cost time 7.76s, result: {'hit@1': 0.0157, 'ndcg@1': 0.0157, 'hit@5': 0.0556, 'ndcg@5': 0.0355, 'hit@10': 0.0903, 'ndcg@10': 0.0466, 'hit@15': 0.12, 'ndcg@15': 0.0545, 'hit@20': 0.1452, 'ndcg@20': 0.0604, 'hit@40': 0.2288, 'ndcg@40': 0.0775} 
2024-10-08 16:33:04.054 | INFO     | trainer_1:_train_one_epoch:209 - test 22 cost time 7.58s, result: {'hit@1': 0.0088, 'ndcg@1': 0.0088, 'hit@5': 0.0356, 'ndcg@5': 0.0221, 'hit@10': 0.062, 'ndcg@10': 0.0305, 'hit@15': 0.0835, 'ndcg@15': 0.0362, 'hit@20': 0.102, 'ndcg@20': 0.0406, 'hit@40': 0.1633, 'ndcg@40': 0.053} 
2024-10-08 16:33:20.713 | INFO     | trainer_1:_train_one_epoch:193 - epoch 23 6.31s Train loss is [0.3859] 
2024-10-08 16:33:27.326 | INFO     | trainer_1:_train_one_epoch:201 - validate 23 cost time 6.61s, result: {'hit@1': 0.0155, 'ndcg@1': 0.0155, 'hit@5': 0.055, 'ndcg@5': 0.0354, 'hit@10': 0.0913, 'ndcg@10': 0.047, 'hit@15': 0.1219, 'ndcg@15': 0.0551, 'hit@20': 0.1492, 'ndcg@20': 0.0615, 'hit@40': 0.2372, 'ndcg@40': 0.0794} 
2024-10-08 16:33:34.432 | INFO     | trainer_1:_train_one_epoch:209 - test 23 cost time 7.10s, result: {'hit@1': 0.0087, 'ndcg@1': 0.0087, 'hit@5': 0.0364, 'ndcg@5': 0.0226, 'hit@10': 0.0624, 'ndcg@10': 0.0309, 'hit@15': 0.0839, 'ndcg@15': 0.0366, 'hit@20': 0.1061, 'ndcg@20': 0.0418, 'hit@40': 0.1696, 'ndcg@40': 0.0547} 
2024-10-08 16:33:51.737 | INFO     | trainer_1:_train_one_epoch:193 - epoch 24 6.57s Train loss is [0.3799] 
2024-10-08 16:33:59.169 | INFO     | trainer_1:_train_one_epoch:201 - validate 24 cost time 7.43s, result: {'hit@1': 0.016, 'ndcg@1': 0.016, 'hit@5': 0.0577, 'ndcg@5': 0.0369, 'hit@10': 0.0949, 'ndcg@10': 0.0489, 'hit@15': 0.1267, 'ndcg@15': 0.0573, 'hit@20': 0.1529, 'ndcg@20': 0.0635, 'hit@40': 0.238, 'ndcg@40': 0.0808} 
2024-10-08 16:34:07.800 | INFO     | trainer_1:_train_one_epoch:209 - test 24 cost time 8.63s, result: {'hit@1': 0.0099, 'ndcg@1': 0.0099, 'hit@5': 0.0366, 'ndcg@5': 0.0232, 'hit@10': 0.0629, 'ndcg@10': 0.0316, 'hit@15': 0.0856, 'ndcg@15': 0.0376, 'hit@20': 0.1058, 'ndcg@20': 0.0424, 'hit@40': 0.1687, 'ndcg@40': 0.0552} 
2024-10-08 16:34:24.633 | INFO     | trainer_1:_train_one_epoch:193 - epoch 25 6.28s Train loss is [0.3796] 
2024-10-08 16:34:29.638 | INFO     | trainer_1:_train_one_epoch:201 - validate 25 cost time 5.01s, result: {'hit@1': 0.0166, 'ndcg@1': 0.0166, 'hit@5': 0.0578, 'ndcg@5': 0.0373, 'hit@10': 0.0942, 'ndcg@10': 0.049, 'hit@15': 0.1228, 'ndcg@15': 0.0565, 'hit@20': 0.1503, 'ndcg@20': 0.0631, 'hit@40': 0.235, 'ndcg@40': 0.0803} 
2024-10-08 16:34:36.208 | INFO     | trainer_1:_train_one_epoch:209 - test 25 cost time 6.57s, result: {'hit@1': 0.0108, 'ndcg@1': 0.0108, 'hit@5': 0.0373, 'ndcg@5': 0.024, 'hit@10': 0.0632, 'ndcg@10': 0.0323, 'hit@15': 0.0851, 'ndcg@15': 0.0381, 'hit@20': 0.105, 'ndcg@20': 0.0428, 'hit@40': 0.1707, 'ndcg@40': 0.0561} 
2024-10-08 16:34:52.868 | INFO     | trainer_1:_train_one_epoch:193 - epoch 26 6.32s Train loss is [0.3826] 
2024-10-08 16:35:01.859 | INFO     | trainer_1:_train_one_epoch:201 - validate 26 cost time 8.99s, result: {'hit@1': 0.0178, 'ndcg@1': 0.0178, 'hit@5': 0.0584, 'ndcg@5': 0.038, 'hit@10': 0.0947, 'ndcg@10': 0.0496, 'hit@15': 0.1253, 'ndcg@15': 0.0577, 'hit@20': 0.1508, 'ndcg@20': 0.0637, 'hit@40': 0.2353, 'ndcg@40': 0.0809} 
2024-10-08 16:35:09.200 | INFO     | trainer_1:_train_one_epoch:209 - test 26 cost time 7.34s, result: {'hit@1': 0.0104, 'ndcg@1': 0.0104, 'hit@5': 0.0371, 'ndcg@5': 0.0238, 'hit@10': 0.0624, 'ndcg@10': 0.0319, 'hit@15': 0.082, 'ndcg@15': 0.0371, 'hit@20': 0.1015, 'ndcg@20': 0.0417, 'hit@40': 0.167, 'ndcg@40': 0.055} 
2024-10-08 16:35:16.062 | INFO     | trainer_1:_train_one_epoch:193 - epoch 27 6.86s Train loss is [0.3675] 
2024-10-08 16:35:25.137 | INFO     | trainer_1:_train_one_epoch:201 - validate 27 cost time 9.07s, result: {'hit@1': 0.017, 'ndcg@1': 0.017, 'hit@5': 0.0584, 'ndcg@5': 0.0378, 'hit@10': 0.0946, 'ndcg@10': 0.0493, 'hit@15': 0.1259, 'ndcg@15': 0.0576, 'hit@20': 0.1526, 'ndcg@20': 0.0639, 'hit@40': 0.2378, 'ndcg@40': 0.0812} 
2024-10-08 16:35:34.008 | INFO     | trainer_1:_train_one_epoch:209 - test 27 cost time 8.87s, result: {'hit@1': 0.0111, 'ndcg@1': 0.0111, 'hit@5': 0.0381, 'ndcg@5': 0.0247, 'hit@10': 0.0641, 'ndcg@10': 0.033, 'hit@15': 0.087, 'ndcg@15': 0.0391, 'hit@20': 0.1052, 'ndcg@20': 0.0434, 'hit@40': 0.1688, 'ndcg@40': 0.0563} 
2024-10-08 16:35:50.660 | INFO     | trainer_1:_train_one_epoch:193 - epoch 28 6.15s Train loss is [0.3643] 
2024-10-08 16:35:59.731 | INFO     | trainer_1:_train_one_epoch:201 - validate 28 cost time 9.07s, result: {'hit@1': 0.0165, 'ndcg@1': 0.0165, 'hit@5': 0.056, 'ndcg@5': 0.0364, 'hit@10': 0.0946, 'ndcg@10': 0.0488, 'hit@15': 0.1268, 'ndcg@15': 0.0573, 'hit@20': 0.1536, 'ndcg@20': 0.0637, 'hit@40': 0.2394, 'ndcg@40': 0.0811} 
2024-10-08 16:36:08.614 | INFO     | trainer_1:_train_one_epoch:209 - test 28 cost time 8.88s, result: {'hit@1': 0.0105, 'ndcg@1': 0.0105, 'hit@5': 0.0365, 'ndcg@5': 0.0234, 'hit@10': 0.0647, 'ndcg@10': 0.0324, 'hit@15': 0.0875, 'ndcg@15': 0.0384, 'hit@20': 0.107, 'ndcg@20': 0.043, 'hit@40': 0.1712, 'ndcg@40': 0.0561} 
2024-10-08 16:36:25.539 | INFO     | trainer_1:_train_one_epoch:193 - epoch 29 6.56s Train loss is [0.3704] 
2024-10-08 16:36:33.028 | INFO     | trainer_1:_train_one_epoch:201 - validate 29 cost time 7.49s, result: {'hit@1': 0.0164, 'ndcg@1': 0.0164, 'hit@5': 0.0565, 'ndcg@5': 0.0365, 'hit@10': 0.0928, 'ndcg@10': 0.0482, 'hit@15': 0.1245, 'ndcg@15': 0.0566, 'hit@20': 0.1512, 'ndcg@20': 0.0629, 'hit@40': 0.2367, 'ndcg@40': 0.0803} 
2024-10-08 16:36:41.793 | INFO     | trainer_1:_train_one_epoch:209 - test 29 cost time 8.76s, result: {'hit@1': 0.0104, 'ndcg@1': 0.0104, 'hit@5': 0.0345, 'ndcg@5': 0.0224, 'hit@10': 0.06, 'ndcg@10': 0.0305, 'hit@15': 0.0814, 'ndcg@15': 0.0362, 'hit@20': 0.1018, 'ndcg@20': 0.041, 'hit@40': 0.1661, 'ndcg@40': 0.054} 
2024-10-08 16:36:48.193 | INFO     | trainer_1:_train_one_epoch:193 - epoch 30 6.40s Train loss is [0.3719] 
2024-10-08 16:36:57.069 | INFO     | trainer_1:_train_one_epoch:201 - validate 30 cost time 8.88s, result: {'hit@1': 0.0172, 'ndcg@1': 0.0172, 'hit@5': 0.0585, 'ndcg@5': 0.0379, 'hit@10': 0.0958, 'ndcg@10': 0.0498, 'hit@15': 0.1287, 'ndcg@15': 0.0585, 'hit@20': 0.158, 'ndcg@20': 0.0654, 'hit@40': 0.2443, 'ndcg@40': 0.083} 
2024-10-08 16:37:04.934 | INFO     | trainer_1:_train_one_epoch:209 - test 30 cost time 7.87s, result: {'hit@1': 0.0111, 'ndcg@1': 0.0111, 'hit@5': 0.0377, 'ndcg@5': 0.0244, 'hit@10': 0.0642, 'ndcg@10': 0.0329, 'hit@15': 0.0888, 'ndcg@15': 0.0394, 'hit@20': 0.1085, 'ndcg@20': 0.044, 'hit@40': 0.1784, 'ndcg@40': 0.0582} 
2024-10-08 16:37:11.486 | INFO     | trainer_1:_train_one_epoch:193 - epoch 31 6.55s Train loss is [0.3595] 
2024-10-08 16:37:19.073 | INFO     | trainer_1:_train_one_epoch:201 - validate 31 cost time 7.59s, result: {'hit@1': 0.0166, 'ndcg@1': 0.0166, 'hit@5': 0.0579, 'ndcg@5': 0.0371, 'hit@10': 0.0969, 'ndcg@10': 0.0496, 'hit@15': 0.1274, 'ndcg@15': 0.0577, 'hit@20': 0.1557, 'ndcg@20': 0.0644, 'hit@40': 0.2471, 'ndcg@40': 0.083} 
2024-10-08 16:37:26.525 | INFO     | trainer_1:_train_one_epoch:209 - test 31 cost time 7.45s, result: {'hit@1': 0.0099, 'ndcg@1': 0.0099, 'hit@5': 0.0379, 'ndcg@5': 0.0238, 'hit@10': 0.0647, 'ndcg@10': 0.0323, 'hit@15': 0.0867, 'ndcg@15': 0.0381, 'hit@20': 0.108, 'ndcg@20': 0.0431, 'hit@40': 0.1743, 'ndcg@40': 0.0566} 
2024-10-08 16:37:32.760 | INFO     | trainer_1:_train_one_epoch:193 - epoch 32 6.23s Train loss is [0.3620] 
2024-10-08 16:37:39.602 | INFO     | trainer_1:_train_one_epoch:201 - validate 32 cost time 6.84s, result: {'hit@1': 0.0164, 'ndcg@1': 0.0164, 'hit@5': 0.0591, 'ndcg@5': 0.0378, 'hit@10': 0.0974, 'ndcg@10': 0.05, 'hit@15': 0.1277, 'ndcg@15': 0.058, 'hit@20': 0.155, 'ndcg@20': 0.0644, 'hit@40': 0.2423, 'ndcg@40': 0.0822} 
2024-10-08 16:37:46.125 | INFO     | trainer_1:_train_one_epoch:209 - test 32 cost time 6.52s, result: {'hit@1': 0.0105, 'ndcg@1': 0.0105, 'hit@5': 0.038, 'ndcg@5': 0.0243, 'hit@10': 0.0641, 'ndcg@10': 0.0326, 'hit@15': 0.0862, 'ndcg@15': 0.0384, 'hit@20': 0.1058, 'ndcg@20': 0.043, 'hit@40': 0.173, 'ndcg@40': 0.0567} 
2024-10-08 16:37:52.634 | INFO     | trainer_1:_train_one_epoch:193 - epoch 33 6.51s Train loss is [0.3567] 
2024-10-08 16:38:00.287 | INFO     | trainer_1:_train_one_epoch:201 - validate 33 cost time 7.65s, result: {'hit@1': 0.0166, 'ndcg@1': 0.0166, 'hit@5': 0.0615, 'ndcg@5': 0.0391, 'hit@10': 0.1002, 'ndcg@10': 0.0515, 'hit@15': 0.1302, 'ndcg@15': 0.0595, 'hit@20': 0.1595, 'ndcg@20': 0.0664, 'hit@40': 0.2524, 'ndcg@40': 0.0853} 
2024-10-08 16:38:07.756 | INFO     | trainer_1:_train_one_epoch:209 - test 33 cost time 7.47s, result: {'hit@1': 0.0111, 'ndcg@1': 0.0111, 'hit@5': 0.0386, 'ndcg@5': 0.0246, 'hit@10': 0.0661, 'ndcg@10': 0.0334, 'hit@15': 0.0887, 'ndcg@15': 0.0393, 'hit@20': 0.1098, 'ndcg@20': 0.0443, 'hit@40': 0.1783, 'ndcg@40': 0.0583} 
2024-10-08 16:38:24.711 | INFO     | trainer_1:_train_one_epoch:193 - epoch 34 6.49s Train loss is [0.3572] 
2024-10-08 16:38:32.736 | INFO     | trainer_1:_train_one_epoch:201 - validate 34 cost time 8.03s, result: {'hit@1': 0.0163, 'ndcg@1': 0.0163, 'hit@5': 0.0612, 'ndcg@5': 0.0388, 'hit@10': 0.1027, 'ndcg@10': 0.0521, 'hit@15': 0.1343, 'ndcg@15': 0.0604, 'hit@20': 0.1621, 'ndcg@20': 0.067, 'hit@40': 0.2512, 'ndcg@40': 0.0851} 
2024-10-08 16:38:41.726 | INFO     | trainer_1:_train_one_epoch:209 - test 34 cost time 8.99s, result: {'hit@1': 0.0111, 'ndcg@1': 0.0111, 'hit@5': 0.0391, 'ndcg@5': 0.0249, 'hit@10': 0.066, 'ndcg@10': 0.0335, 'hit@15': 0.0886, 'ndcg@15': 0.0395, 'hit@20': 0.1106, 'ndcg@20': 0.0447, 'hit@40': 0.1795, 'ndcg@40': 0.0587} 
2024-10-08 16:38:48.034 | INFO     | trainer_1:_train_one_epoch:193 - epoch 35 6.31s Train loss is [0.3573] 
2024-10-08 16:38:55.465 | INFO     | trainer_1:_train_one_epoch:201 - validate 35 cost time 7.43s, result: {'hit@1': 0.0167, 'ndcg@1': 0.0167, 'hit@5': 0.0615, 'ndcg@5': 0.0392, 'hit@10': 0.101, 'ndcg@10': 0.0519, 'hit@15': 0.1353, 'ndcg@15': 0.0609, 'hit@20': 0.1649, 'ndcg@20': 0.0679, 'hit@40': 0.2577, 'ndcg@40': 0.0868} 
2024-10-08 16:39:02.022 | INFO     | trainer_1:_train_one_epoch:209 - test 35 cost time 6.56s, result: {'hit@1': 0.0119, 'ndcg@1': 0.0119, 'hit@5': 0.0389, 'ndcg@5': 0.0252, 'hit@10': 0.0665, 'ndcg@10': 0.034, 'hit@15': 0.0914, 'ndcg@15': 0.0406, 'hit@20': 0.1117, 'ndcg@20': 0.0454, 'hit@40': 0.1823, 'ndcg@40': 0.0597} 
2024-10-08 16:39:18.426 | INFO     | trainer_1:_train_one_epoch:193 - epoch 36 6.12s Train loss is [0.3621] 
2024-10-08 16:39:26.012 | INFO     | trainer_1:_train_one_epoch:201 - validate 36 cost time 7.59s, result: {'hit@1': 0.0161, 'ndcg@1': 0.0161, 'hit@5': 0.0599, 'ndcg@5': 0.0381, 'hit@10': 0.0976, 'ndcg@10': 0.0501, 'hit@15': 0.1287, 'ndcg@15': 0.0583, 'hit@20': 0.159, 'ndcg@20': 0.0654, 'hit@40': 0.2482, 'ndcg@40': 0.0836} 
2024-10-08 16:39:32.651 | INFO     | trainer_1:_train_one_epoch:209 - test 36 cost time 6.64s, result: {'hit@1': 0.0108, 'ndcg@1': 0.0108, 'hit@5': 0.0375, 'ndcg@5': 0.0242, 'hit@10': 0.0655, 'ndcg@10': 0.0332, 'hit@15': 0.0886, 'ndcg@15': 0.0393, 'hit@20': 0.109, 'ndcg@20': 0.0441, 'hit@40': 0.178, 'ndcg@40': 0.0581} 
2024-10-08 16:39:38.694 | INFO     | trainer_1:_train_one_epoch:193 - epoch 37 6.04s Train loss is [0.3540] 
2024-10-08 16:39:46.391 | INFO     | trainer_1:_train_one_epoch:201 - validate 37 cost time 7.70s, result: {'hit@1': 0.0167, 'ndcg@1': 0.0167, 'hit@5': 0.0616, 'ndcg@5': 0.0389, 'hit@10': 0.0979, 'ndcg@10': 0.0505, 'hit@15': 0.1296, 'ndcg@15': 0.0589, 'hit@20': 0.1576, 'ndcg@20': 0.0655, 'hit@40': 0.249, 'ndcg@40': 0.0841} 
2024-10-08 16:39:53.909 | INFO     | trainer_1:_train_one_epoch:209 - test 37 cost time 7.52s, result: {'hit@1': 0.0112, 'ndcg@1': 0.0112, 'hit@5': 0.0387, 'ndcg@5': 0.0249, 'hit@10': 0.0646, 'ndcg@10': 0.0332, 'hit@15': 0.0885, 'ndcg@15': 0.0395, 'hit@20': 0.1101, 'ndcg@20': 0.0446, 'hit@40': 0.1774, 'ndcg@40': 0.0583} 
2024-10-08 16:40:00.007 | INFO     | trainer_1:_train_one_epoch:193 - epoch 38 6.10s Train loss is [0.3461] 
2024-10-08 16:40:07.824 | INFO     | trainer_1:_train_one_epoch:201 - validate 38 cost time 7.82s, result: {'hit@1': 0.0165, 'ndcg@1': 0.0165, 'hit@5': 0.0616, 'ndcg@5': 0.0389, 'hit@10': 0.0989, 'ndcg@10': 0.0508, 'hit@15': 0.1302, 'ndcg@15': 0.0591, 'hit@20': 0.159, 'ndcg@20': 0.0659, 'hit@40': 0.2497, 'ndcg@40': 0.0844} 
2024-10-08 16:40:15.497 | INFO     | trainer_1:_train_one_epoch:209 - test 38 cost time 7.67s, result: {'hit@1': 0.0113, 'ndcg@1': 0.0113, 'hit@5': 0.0397, 'ndcg@5': 0.0254, 'hit@10': 0.0674, 'ndcg@10': 0.0342, 'hit@15': 0.0903, 'ndcg@15': 0.0403, 'hit@20': 0.1099, 'ndcg@20': 0.0449, 'hit@40': 0.1812, 'ndcg@40': 0.0594} 
2024-10-08 16:40:32.320 | INFO     | trainer_1:_train_one_epoch:193 - epoch 39 6.39s Train loss is [0.3435] 
2024-10-08 16:40:38.940 | INFO     | trainer_1:_train_one_epoch:201 - validate 39 cost time 6.62s, result: {'hit@1': 0.0161, 'ndcg@1': 0.0161, 'hit@5': 0.0574, 'ndcg@5': 0.037, 'hit@10': 0.0962, 'ndcg@10': 0.0494, 'hit@15': 0.1278, 'ndcg@15': 0.0577, 'hit@20': 0.1579, 'ndcg@20': 0.0649, 'hit@40': 0.2482, 'ndcg@40': 0.0832} 
2024-10-08 16:40:45.742 | INFO     | trainer_1:_train_one_epoch:209 - test 39 cost time 6.80s, result: {'hit@1': 0.0105, 'ndcg@1': 0.0105, 'hit@5': 0.0371, 'ndcg@5': 0.0238, 'hit@10': 0.0636, 'ndcg@10': 0.0322, 'hit@15': 0.0871, 'ndcg@15': 0.0384, 'hit@20': 0.1074, 'ndcg@20': 0.0432, 'hit@40': 0.1777, 'ndcg@40': 0.0575} 
2024-10-08 16:40:52.064 | INFO     | trainer_1:_train_one_epoch:193 - epoch 40 6.32s Train loss is [0.3429] 
2024-10-08 16:40:59.566 | INFO     | trainer_1:_train_one_epoch:201 - validate 40 cost time 7.50s, result: {'hit@1': 0.0166, 'ndcg@1': 0.0166, 'hit@5': 0.0591, 'ndcg@5': 0.038, 'hit@10': 0.0967, 'ndcg@10': 0.05, 'hit@15': 0.1301, 'ndcg@15': 0.0588, 'hit@20': 0.16, 'ndcg@20': 0.0659, 'hit@40': 0.253, 'ndcg@40': 0.0848} 
2024-10-08 16:41:06.982 | INFO     | trainer_1:_train_one_epoch:209 - test 40 cost time 7.42s, result: {'hit@1': 0.0113, 'ndcg@1': 0.0113, 'hit@5': 0.0381, 'ndcg@5': 0.0246, 'hit@10': 0.0647, 'ndcg@10': 0.0331, 'hit@15': 0.0869, 'ndcg@15': 0.0389, 'hit@20': 0.1092, 'ndcg@20': 0.0442, 'hit@40': 0.1806, 'ndcg@40': 0.0587} 
2024-10-08 16:41:13.006 | INFO     | trainer_1:_train_one_epoch:193 - epoch 41 6.02s Train loss is [0.3518] 
2024-10-08 16:41:18.534 | INFO     | trainer_1:_train_one_epoch:201 - validate 41 cost time 5.53s, result: {'hit@1': 0.0157, 'ndcg@1': 0.0157, 'hit@5': 0.0581, 'ndcg@5': 0.0371, 'hit@10': 0.0991, 'ndcg@10': 0.0503, 'hit@15': 0.1311, 'ndcg@15': 0.0588, 'hit@20': 0.1598, 'ndcg@20': 0.0656, 'hit@40': 0.2538, 'ndcg@40': 0.0847} 
2024-10-08 16:41:25.099 | INFO     | trainer_1:_train_one_epoch:209 - test 41 cost time 6.56s, result: {'hit@1': 0.012, 'ndcg@1': 0.012, 'hit@5': 0.0398, 'ndcg@5': 0.0257, 'hit@10': 0.0667, 'ndcg@10': 0.0343, 'hit@15': 0.0909, 'ndcg@15': 0.0407, 'hit@20': 0.1116, 'ndcg@20': 0.0456, 'hit@40': 0.1822, 'ndcg@40': 0.0599} 
2024-10-08 16:41:31.629 | INFO     | trainer_1:_train_one_epoch:193 - epoch 42 6.53s Train loss is [0.3485] 
2024-10-08 16:41:41.233 | INFO     | trainer_1:_train_one_epoch:201 - validate 42 cost time 9.60s, result: {'hit@1': 0.0165, 'ndcg@1': 0.0165, 'hit@5': 0.0603, 'ndcg@5': 0.0387, 'hit@10': 0.1014, 'ndcg@10': 0.0518, 'hit@15': 0.134, 'ndcg@15': 0.0604, 'hit@20': 0.1616, 'ndcg@20': 0.0669, 'hit@40': 0.2567, 'ndcg@40': 0.0863} 
2024-10-08 16:41:50.084 | INFO     | trainer_1:_train_one_epoch:209 - test 42 cost time 8.85s, result: {'hit@1': 0.0113, 'ndcg@1': 0.0113, 'hit@5': 0.0396, 'ndcg@5': 0.0253, 'hit@10': 0.0662, 'ndcg@10': 0.0339, 'hit@15': 0.0917, 'ndcg@15': 0.0406, 'hit@20': 0.1136, 'ndcg@20': 0.0457, 'hit@40': 0.1856, 'ndcg@40': 0.0604} 
2024-10-08 16:41:56.733 | INFO     | trainer_1:_train_one_epoch:193 - epoch 43 6.65s Train loss is [0.3529] 
2024-10-08 16:42:04.305 | INFO     | trainer_1:_train_one_epoch:201 - validate 43 cost time 7.57s, result: {'hit@1': 0.0171, 'ndcg@1': 0.0171, 'hit@5': 0.0624, 'ndcg@5': 0.0398, 'hit@10': 0.1023, 'ndcg@10': 0.0526, 'hit@15': 0.1367, 'ndcg@15': 0.0617, 'hit@20': 0.1675, 'ndcg@20': 0.0689, 'hit@40': 0.2633, 'ndcg@40': 0.0884} 
2024-10-08 16:42:13.247 | INFO     | trainer_1:_train_one_epoch:209 - test 43 cost time 8.94s, result: {'hit@1': 0.0111, 'ndcg@1': 0.0111, 'hit@5': 0.0434, 'ndcg@5': 0.0271, 'hit@10': 0.0724, 'ndcg@10': 0.0363, 'hit@15': 0.097, 'ndcg@15': 0.0428, 'hit@20': 0.1217, 'ndcg@20': 0.0486, 'hit@40': 0.1945, 'ndcg@40': 0.0635} 
2024-10-08 16:42:29.762 | INFO     | trainer_1:_train_one_epoch:193 - epoch 44 6.12s Train loss is [0.3427] 
2024-10-08 16:42:34.989 | INFO     | trainer_1:_train_one_epoch:201 - validate 44 cost time 5.23s, result: {'hit@1': 0.0159, 'ndcg@1': 0.0159, 'hit@5': 0.0595, 'ndcg@5': 0.038, 'hit@10': 0.1006, 'ndcg@10': 0.0512, 'hit@15': 0.1336, 'ndcg@15': 0.0599, 'hit@20': 0.1624, 'ndcg@20': 0.0667, 'hit@40': 0.2579, 'ndcg@40': 0.0861} 
2024-10-08 16:42:41.521 | INFO     | trainer_1:_train_one_epoch:209 - test 44 cost time 6.53s, result: {'hit@1': 0.0111, 'ndcg@1': 0.0111, 'hit@5': 0.0386, 'ndcg@5': 0.0247, 'hit@10': 0.0659, 'ndcg@10': 0.0334, 'hit@15': 0.0904, 'ndcg@15': 0.0399, 'hit@20': 0.1127, 'ndcg@20': 0.0452, 'hit@40': 0.1859, 'ndcg@40': 0.0601} 
2024-10-08 16:42:47.908 | INFO     | trainer_1:_train_one_epoch:193 - epoch 45 6.39s Train loss is [0.3381] 
2024-10-08 16:42:55.570 | INFO     | trainer_1:_train_one_epoch:201 - validate 45 cost time 7.66s, result: {'hit@1': 0.0173, 'ndcg@1': 0.0173, 'hit@5': 0.0612, 'ndcg@5': 0.0397, 'hit@10': 0.1042, 'ndcg@10': 0.0535, 'hit@15': 0.1376, 'ndcg@15': 0.0623, 'hit@20': 0.1681, 'ndcg@20': 0.0695, 'hit@40': 0.2634, 'ndcg@40': 0.0889} 
2024-10-08 16:43:03.013 | INFO     | trainer_1:_train_one_epoch:209 - test 45 cost time 7.44s, result: {'hit@1': 0.0111, 'ndcg@1': 0.0111, 'hit@5': 0.0409, 'ndcg@5': 0.0259, 'hit@10': 0.0682, 'ndcg@10': 0.0346, 'hit@15': 0.0929, 'ndcg@15': 0.0411, 'hit@20': 0.1155, 'ndcg@20': 0.0464, 'hit@40': 0.1863, 'ndcg@40': 0.0608} 
2024-10-08 16:43:09.377 | INFO     | trainer_1:_train_one_epoch:193 - epoch 46 6.36s Train loss is [0.3367] 
2024-10-08 16:43:15.980 | INFO     | trainer_1:_train_one_epoch:201 - validate 46 cost time 6.60s, result: {'hit@1': 0.0172, 'ndcg@1': 0.0172, 'hit@5': 0.0605, 'ndcg@5': 0.0391, 'hit@10': 0.0993, 'ndcg@10': 0.0516, 'hit@15': 0.1332, 'ndcg@15': 0.0605, 'hit@20': 0.1618, 'ndcg@20': 0.0673, 'hit@40': 0.2512, 'ndcg@40': 0.0855} 
2024-10-08 16:43:22.961 | INFO     | trainer_1:_train_one_epoch:209 - test 46 cost time 6.98s, result: {'hit@1': 0.0113, 'ndcg@1': 0.0113, 'hit@5': 0.0398, 'ndcg@5': 0.0254, 'hit@10': 0.067, 'ndcg@10': 0.0342, 'hit@15': 0.0894, 'ndcg@15': 0.0401, 'hit@20': 0.1113, 'ndcg@20': 0.0453, 'hit@40': 0.1811, 'ndcg@40': 0.0595} 
2024-10-08 16:43:29.068 | INFO     | trainer_1:_train_one_epoch:193 - epoch 47 6.11s Train loss is [0.3420] 
2024-10-08 16:43:36.556 | INFO     | trainer_1:_train_one_epoch:201 - validate 47 cost time 7.49s, result: {'hit@1': 0.0172, 'ndcg@1': 0.0172, 'hit@5': 0.0619, 'ndcg@5': 0.0395, 'hit@10': 0.1036, 'ndcg@10': 0.0529, 'hit@15': 0.1378, 'ndcg@15': 0.0619, 'hit@20': 0.1659, 'ndcg@20': 0.0685, 'hit@40': 0.2569, 'ndcg@40': 0.0871} 
2024-10-08 16:43:43.819 | INFO     | trainer_1:_train_one_epoch:209 - test 47 cost time 7.26s, result: {'hit@1': 0.0111, 'ndcg@1': 0.0111, 'hit@5': 0.0411, 'ndcg@5': 0.0259, 'hit@10': 0.0692, 'ndcg@10': 0.0348, 'hit@15': 0.0932, 'ndcg@15': 0.0412, 'hit@20': 0.1143, 'ndcg@20': 0.0461, 'hit@40': 0.1842, 'ndcg@40': 0.0604} 
2024-10-08 16:43:50.644 | INFO     | trainer_1:_train_one_epoch:193 - epoch 48 6.82s Train loss is [0.3462] 
2024-10-08 16:43:58.863 | INFO     | trainer_1:_train_one_epoch:201 - validate 48 cost time 8.22s, result: {'hit@1': 0.0172, 'ndcg@1': 0.0172, 'hit@5': 0.0614, 'ndcg@5': 0.0394, 'hit@10': 0.1022, 'ndcg@10': 0.0525, 'hit@15': 0.1378, 'ndcg@15': 0.0619, 'hit@20': 0.1655, 'ndcg@20': 0.0684, 'hit@40': 0.2555, 'ndcg@40': 0.0867} 
2024-10-08 16:44:07.830 | INFO     | trainer_1:_train_one_epoch:209 - test 48 cost time 8.97s, result: {'hit@1': 0.0107, 'ndcg@1': 0.0107, 'hit@5': 0.0418, 'ndcg@5': 0.0262, 'hit@10': 0.0697, 'ndcg@10': 0.0351, 'hit@15': 0.0929, 'ndcg@15': 0.0412, 'hit@20': 0.1143, 'ndcg@20': 0.0462, 'hit@40': 0.1846, 'ndcg@40': 0.0605} 
2024-10-08 16:44:14.295 | INFO     | trainer_1:_train_one_epoch:193 - epoch 49 6.46s Train loss is [0.3244] 
2024-10-08 16:44:22.898 | INFO     | trainer_1:_train_one_epoch:201 - validate 49 cost time 8.60s, result: {'hit@1': 0.0173, 'ndcg@1': 0.0173, 'hit@5': 0.0612, 'ndcg@5': 0.0394, 'hit@10': 0.1011, 'ndcg@10': 0.0522, 'hit@15': 0.1359, 'ndcg@15': 0.0614, 'hit@20': 0.1652, 'ndcg@20': 0.0683, 'hit@40': 0.2563, 'ndcg@40': 0.0868} 
2024-10-08 16:44:30.298 | INFO     | trainer_1:_train_one_epoch:209 - test 49 cost time 7.40s, result: {'hit@1': 0.0103, 'ndcg@1': 0.0103, 'hit@5': 0.0397, 'ndcg@5': 0.0252, 'hit@10': 0.069, 'ndcg@10': 0.0345, 'hit@15': 0.0921, 'ndcg@15': 0.0406, 'hit@20': 0.1143, 'ndcg@20': 0.0459, 'hit@40': 0.1851, 'ndcg@40': 0.0603} 
2024-10-08 16:44:36.917 | INFO     | trainer_1:_train_one_epoch:193 - epoch 50 6.62s Train loss is [0.3391] 
2024-10-08 16:44:45.974 | INFO     | trainer_1:_train_one_epoch:201 - validate 50 cost time 9.06s, result: {'hit@1': 0.0169, 'ndcg@1': 0.0169, 'hit@5': 0.0627, 'ndcg@5': 0.0399, 'hit@10': 0.1043, 'ndcg@10': 0.0532, 'hit@15': 0.1382, 'ndcg@15': 0.0621, 'hit@20': 0.1667, 'ndcg@20': 0.0689, 'hit@40': 0.2617, 'ndcg@40': 0.0882} 
2024-10-08 16:44:54.811 | INFO     | trainer_1:_train_one_epoch:209 - test 50 cost time 8.84s, result: {'hit@1': 0.0115, 'ndcg@1': 0.0115, 'hit@5': 0.0425, 'ndcg@5': 0.0269, 'hit@10': 0.0703, 'ndcg@10': 0.0358, 'hit@15': 0.0956, 'ndcg@15': 0.0425, 'hit@20': 0.1166, 'ndcg@20': 0.0474, 'hit@40': 0.1891, 'ndcg@40': 0.0622} 
2024-10-08 16:45:01.350 | INFO     | trainer_1:_train_one_epoch:193 - epoch 51 6.54s Train loss is [0.3334] 
2024-10-08 16:45:08.827 | INFO     | trainer_1:_train_one_epoch:201 - validate 51 cost time 7.48s, result: {'hit@1': 0.0166, 'ndcg@1': 0.0166, 'hit@5': 0.0604, 'ndcg@5': 0.0387, 'hit@10': 0.1019, 'ndcg@10': 0.0519, 'hit@15': 0.1337, 'ndcg@15': 0.0604, 'hit@20': 0.1638, 'ndcg@20': 0.0675, 'hit@40': 0.2534, 'ndcg@40': 0.0857} 
2024-10-08 16:45:17.556 | INFO     | trainer_1:_train_one_epoch:209 - test 51 cost time 8.73s, result: {'hit@1': 0.0108, 'ndcg@1': 0.0108, 'hit@5': 0.0414, 'ndcg@5': 0.0261, 'hit@10': 0.0682, 'ndcg@10': 0.0346, 'hit@15': 0.0926, 'ndcg@15': 0.041, 'hit@20': 0.1128, 'ndcg@20': 0.0458, 'hit@40': 0.1824, 'ndcg@40': 0.0599} 
2024-10-08 16:45:23.916 | INFO     | trainer_1:_train_one_epoch:193 - epoch 52 6.36s Train loss is [0.3394] 
2024-10-08 16:45:31.417 | INFO     | trainer_1:_train_one_epoch:201 - validate 52 cost time 7.50s, result: {'hit@1': 0.0176, 'ndcg@1': 0.0176, 'hit@5': 0.0634, 'ndcg@5': 0.0407, 'hit@10': 0.1055, 'ndcg@10': 0.0542, 'hit@15': 0.1399, 'ndcg@15': 0.0633, 'hit@20': 0.1702, 'ndcg@20': 0.0704, 'hit@40': 0.2656, 'ndcg@40': 0.0898} 
2024-10-08 16:45:38.326 | INFO     | trainer_1:_train_one_epoch:209 - test 52 cost time 6.91s, result: {'hit@1': 0.011, 'ndcg@1': 0.011, 'hit@5': 0.0393, 'ndcg@5': 0.0252, 'hit@10': 0.0689, 'ndcg@10': 0.0347, 'hit@15': 0.095, 'ndcg@15': 0.0416, 'hit@20': 0.1169, 'ndcg@20': 0.0467, 'hit@40': 0.19, 'ndcg@40': 0.0616} 
2024-10-08 16:45:44.507 | INFO     | trainer_1:_train_one_epoch:193 - epoch 53 6.18s Train loss is [0.3352] 
2024-10-08 16:45:53.294 | INFO     | trainer_1:_train_one_epoch:201 - validate 53 cost time 8.79s, result: {'hit@1': 0.0165, 'ndcg@1': 0.0165, 'hit@5': 0.0606, 'ndcg@5': 0.0386, 'hit@10': 0.0999, 'ndcg@10': 0.0511, 'hit@15': 0.1323, 'ndcg@15': 0.0597, 'hit@20': 0.1621, 'ndcg@20': 0.0667, 'hit@40': 0.2529, 'ndcg@40': 0.0852} 
2024-10-08 16:46:02.268 | INFO     | trainer_1:_train_one_epoch:209 - test 53 cost time 8.97s, result: {'hit@1': 0.0105, 'ndcg@1': 0.0105, 'hit@5': 0.0388, 'ndcg@5': 0.0246, 'hit@10': 0.0675, 'ndcg@10': 0.0338, 'hit@15': 0.0922, 'ndcg@15': 0.0403, 'hit@20': 0.1136, 'ndcg@20': 0.0453, 'hit@40': 0.1839, 'ndcg@40': 0.0596} 
2024-10-08 16:46:08.665 | INFO     | trainer_1:_train_one_epoch:193 - epoch 54 6.40s Train loss is [0.3271] 
2024-10-08 16:46:16.669 | INFO     | trainer_1:_train_one_epoch:201 - validate 54 cost time 8.00s, result: {'hit@1': 0.017, 'ndcg@1': 0.017, 'hit@5': 0.0609, 'ndcg@5': 0.0391, 'hit@10': 0.1001, 'ndcg@10': 0.0516, 'hit@15': 0.1349, 'ndcg@15': 0.0608, 'hit@20': 0.1653, 'ndcg@20': 0.068, 'hit@40': 0.2552, 'ndcg@40': 0.0863} 
2024-10-08 16:46:24.115 | INFO     | trainer_1:_train_one_epoch:209 - test 54 cost time 7.45s, result: {'hit@1': 0.0109, 'ndcg@1': 0.0109, 'hit@5': 0.0387, 'ndcg@5': 0.0247, 'hit@10': 0.0672, 'ndcg@10': 0.0339, 'hit@15': 0.0922, 'ndcg@15': 0.0405, 'hit@20': 0.1133, 'ndcg@20': 0.0454, 'hit@40': 0.1863, 'ndcg@40': 0.0603} 
2024-10-08 16:46:30.339 | INFO     | trainer_1:_train_one_epoch:193 - epoch 55 6.22s Train loss is [0.3301] 
2024-10-08 16:46:37.875 | INFO     | trainer_1:_train_one_epoch:201 - validate 55 cost time 7.54s, result: {'hit@1': 0.0162, 'ndcg@1': 0.0162, 'hit@5': 0.0579, 'ndcg@5': 0.0371, 'hit@10': 0.0963, 'ndcg@10': 0.0494, 'hit@15': 0.13, 'ndcg@15': 0.0583, 'hit@20': 0.1617, 'ndcg@20': 0.0657, 'hit@40': 0.2515, 'ndcg@40': 0.084} 
2024-10-08 16:46:45.335 | INFO     | trainer_1:_train_one_epoch:209 - test 55 cost time 7.46s, result: {'hit@1': 0.0108, 'ndcg@1': 0.0108, 'hit@5': 0.0375, 'ndcg@5': 0.0241, 'hit@10': 0.0663, 'ndcg@10': 0.0333, 'hit@15': 0.0895, 'ndcg@15': 0.0394, 'hit@20': 0.1095, 'ndcg@20': 0.0442, 'hit@40': 0.1809, 'ndcg@40': 0.0587} 
2024-10-08 16:46:51.385 | INFO     | trainer_1:_train_one_epoch:193 - epoch 56 6.05s Train loss is [0.3323] 
2024-10-08 16:46:58.008 | INFO     | trainer_1:_train_one_epoch:201 - validate 56 cost time 6.62s, result: {'hit@1': 0.017, 'ndcg@1': 0.017, 'hit@5': 0.0628, 'ndcg@5': 0.0398, 'hit@10': 0.1016, 'ndcg@10': 0.0522, 'hit@15': 0.1375, 'ndcg@15': 0.0617, 'hit@20': 0.1681, 'ndcg@20': 0.0689, 'hit@40': 0.2636, 'ndcg@40': 0.0883} 
2024-10-08 16:47:05.590 | INFO     | trainer_1:_train_one_epoch:209 - test 56 cost time 7.58s, result: {'hit@1': 0.0105, 'ndcg@1': 0.0105, 'hit@5': 0.0395, 'ndcg@5': 0.0249, 'hit@10': 0.0692, 'ndcg@10': 0.0344, 'hit@15': 0.0944, 'ndcg@15': 0.041, 'hit@20': 0.1164, 'ndcg@20': 0.0462, 'hit@40': 0.19, 'ndcg@40': 0.0612} 
2024-10-08 16:47:11.712 | INFO     | trainer_1:_train_one_epoch:193 - epoch 57 6.12s Train loss is [0.3240] 
2024-10-08 16:47:20.702 | INFO     | trainer_1:_train_one_epoch:201 - validate 57 cost time 8.99s, result: {'hit@1': 0.0171, 'ndcg@1': 0.0171, 'hit@5': 0.0627, 'ndcg@5': 0.0401, 'hit@10': 0.1028, 'ndcg@10': 0.053, 'hit@15': 0.1372, 'ndcg@15': 0.062, 'hit@20': 0.1683, 'ndcg@20': 0.0694, 'hit@40': 0.259, 'ndcg@40': 0.0878} 
2024-10-08 16:47:27.293 | INFO     | trainer_1:_train_one_epoch:209 - test 57 cost time 6.59s, result: {'hit@1': 0.0109, 'ndcg@1': 0.0109, 'hit@5': 0.0415, 'ndcg@5': 0.0259, 'hit@10': 0.0708, 'ndcg@10': 0.0352, 'hit@15': 0.0956, 'ndcg@15': 0.0417, 'hit@20': 0.1174, 'ndcg@20': 0.0469, 'hit@40': 0.1923, 'ndcg@40': 0.0621} 
2024-10-08 16:47:27.304 | INFO     | trainer_1:train_model:163 - training end, best iteration 52, results: {'hit@1': 0.0171, 'ndcg@1': 0.0171, 'hit@5': 0.0624, 'ndcg@5': 0.0398, 'hit@10': 0.1023, 'ndcg@10': 0.0526, 'hit@15': 0.1367, 'ndcg@15': 0.0617, 'hit@20': 0.1675, 'ndcg@20': 0.0689, 'hit@40': 0.2633, 'ndcg@40': 0.0884}
2024-10-08 16:47:27.304 | INFO     | trainer_1:train_model:166 - final test result is:  {'hit@1': 0.0111, 'ndcg@1': 0.0111, 'hit@5': 0.0434, 'ndcg@5': 0.0271, 'hit@10': 0.0724, 'ndcg@10': 0.0363, 'hit@15': 0.097, 'ndcg@15': 0.0428, 'hit@20': 0.1217, 'ndcg@20': 0.0486, 'hit@40': 0.1945, 'ndcg@40': 0.0635}
2024-10-08 16:47:27.589 | INFO     | __main__:<module>:119 - train end total cost time: 2448.816956281662
