2024-10-09 03:55:51.876 | INFO     | __main__:<module>:105 - Namespace(TIME='2024-10-09 03_55_19', batch_size=1024, behaviors=['view', 'cart', 'buy'], check_point='model_pre_1_2024-10-08 11_17_41.pth', data_name='beibei', data_path='./data/beibei', decay=0.001, device='cuda:1', dim_qk=32, dim_v=64, distill_layers=2, distill_thres=0.5, distill_topK=60, distill_userK=4, embedding_size=64, epochs=100, gpu_no=1, if_load_model=True, ii_lambda=200, initializer_range=0.02, layers=2, loss_type='bpr', lr=0.001, message_dropout=0.25, metrics=['hit', 'ndcg'], min_epoch=5, model_name='main_1', model_path='./check_point', node_dropout=0.75, omega=1, pt_loop=50, reg_weight=0.001, test_batch_size=1024, testbatch=1024, topk=[1, 5, 10, 15, 20, 40], uu_lambda=100)
2024-10-09 03:55:51.877 | INFO     | __main__:<module>:106 - BIPN(
  (message_dropout): Dropout(p=0.25, inplace=False)
  (user_embedding): Embedding(21717, 64, padding_idx=0)
  (item_embedding): Embedding(7978, 64, padding_idx=0)
  (global_Graph): LightGCN()
  (Graph_encoder): ModuleDict(
    (view): GraphEncoder(
      (light): LightGCN()
      (dropout): Dropout(p=0.75, inplace=False)
    )
    (cart): GraphEncoder(
      (light): LightGCN()
      (dropout): Dropout(p=0.75, inplace=False)
    )
    (buy): GraphEncoder(
      (light): LightGCN()
      (dropout): Dropout(p=0.75, inplace=False)
    )
  )
  (attention): Mutual_Attention()
  (bpr_loss): BPRLoss()
  (emb_loss): EmbLoss()
  (f): Sigmoid()
)
2024-10-09 04:12:28.374 | INFO     | trainer_1:_train_one_epoch:193 - epoch 1 9.16s Train loss is [0.9443] 
2024-10-09 04:12:38.365 | INFO     | trainer_1:_train_one_epoch:201 - validate 1 cost time 9.99s, result: {'hit@1': 0.0065, 'ndcg@1': 0.0065, 'hit@5': 0.0278, 'ndcg@5': 0.017, 'hit@10': 0.0499, 'ndcg@10': 0.0241, 'hit@15': 0.0688, 'ndcg@15': 0.0291, 'hit@20': 0.0862, 'ndcg@20': 0.0332, 'hit@40': 0.1489, 'ndcg@40': 0.046} 
2024-10-09 04:12:48.132 | INFO     | trainer_1:_train_one_epoch:209 - test 1 cost time 9.77s, result: {'hit@1': 0.0042, 'ndcg@1': 0.0042, 'hit@5': 0.0175, 'ndcg@5': 0.0106, 'hit@10': 0.0349, 'ndcg@10': 0.0162, 'hit@15': 0.0485, 'ndcg@15': 0.0198, 'hit@20': 0.0614, 'ndcg@20': 0.0229, 'hit@40': 0.1129, 'ndcg@40': 0.0333} 
2024-10-09 04:13:09.395 | INFO     | trainer_1:_train_one_epoch:193 - epoch 2 10.18s Train loss is [0.7182] 
2024-10-09 04:13:19.451 | INFO     | trainer_1:_train_one_epoch:201 - validate 2 cost time 10.05s, result: {'hit@1': 0.0096, 'ndcg@1': 0.0096, 'hit@5': 0.0345, 'ndcg@5': 0.0218, 'hit@10': 0.0605, 'ndcg@10': 0.0301, 'hit@15': 0.0821, 'ndcg@15': 0.0359, 'hit@20': 0.1011, 'ndcg@20': 0.0404, 'hit@40': 0.1671, 'ndcg@40': 0.0538} 
2024-10-09 04:13:29.231 | INFO     | trainer_1:_train_one_epoch:209 - test 2 cost time 9.78s, result: {'hit@1': 0.0049, 'ndcg@1': 0.0049, 'hit@5': 0.0221, 'ndcg@5': 0.0133, 'hit@10': 0.0409, 'ndcg@10': 0.0193, 'hit@15': 0.0568, 'ndcg@15': 0.0235, 'hit@20': 0.0729, 'ndcg@20': 0.0273, 'hit@40': 0.1218, 'ndcg@40': 0.0373} 
2024-10-09 04:13:50.081 | INFO     | trainer_1:_train_one_epoch:193 - epoch 3 10.08s Train loss is [0.6414] 
2024-10-09 04:14:00.086 | INFO     | trainer_1:_train_one_epoch:201 - validate 3 cost time 10.01s, result: {'hit@1': 0.0079, 'ndcg@1': 0.0079, 'hit@5': 0.0321, 'ndcg@5': 0.0197, 'hit@10': 0.0589, 'ndcg@10': 0.0283, 'hit@15': 0.0835, 'ndcg@15': 0.0347, 'hit@20': 0.1033, 'ndcg@20': 0.0394, 'hit@40': 0.1754, 'ndcg@40': 0.0541} 
2024-10-09 04:14:09.831 | INFO     | trainer_1:_train_one_epoch:209 - test 3 cost time 9.74s, result: {'hit@1': 0.0041, 'ndcg@1': 0.0041, 'hit@5': 0.0197, 'ndcg@5': 0.0118, 'hit@10': 0.0384, 'ndcg@10': 0.0178, 'hit@15': 0.056, 'ndcg@15': 0.0224, 'hit@20': 0.0716, 'ndcg@20': 0.0261, 'hit@40': 0.1263, 'ndcg@40': 0.0372} 
2024-10-09 04:14:19.868 | INFO     | trainer_1:_train_one_epoch:193 - epoch 4 10.04s Train loss is [0.5907] 
2024-10-09 04:14:29.876 | INFO     | trainer_1:_train_one_epoch:201 - validate 4 cost time 10.01s, result: {'hit@1': 0.0078, 'ndcg@1': 0.0078, 'hit@5': 0.0317, 'ndcg@5': 0.0196, 'hit@10': 0.057, 'ndcg@10': 0.0277, 'hit@15': 0.0791, 'ndcg@15': 0.0335, 'hit@20': 0.0998, 'ndcg@20': 0.0384, 'hit@40': 0.1652, 'ndcg@40': 0.0517} 
2024-10-09 04:14:39.640 | INFO     | trainer_1:_train_one_epoch:209 - test 4 cost time 9.76s, result: {'hit@1': 0.0043, 'ndcg@1': 0.0043, 'hit@5': 0.018, 'ndcg@5': 0.0111, 'hit@10': 0.0341, 'ndcg@10': 0.0162, 'hit@15': 0.0507, 'ndcg@15': 0.0206, 'hit@20': 0.0667, 'ndcg@20': 0.0244, 'hit@40': 0.117, 'ndcg@40': 0.0345} 
2024-10-09 04:14:49.747 | INFO     | trainer_1:_train_one_epoch:193 - epoch 5 10.11s Train loss is [0.5515] 
2024-10-09 04:14:59.740 | INFO     | trainer_1:_train_one_epoch:201 - validate 5 cost time 9.99s, result: {'hit@1': 0.0126, 'ndcg@1': 0.0126, 'hit@5': 0.0383, 'ndcg@5': 0.0253, 'hit@10': 0.0662, 'ndcg@10': 0.0342, 'hit@15': 0.0905, 'ndcg@15': 0.0406, 'hit@20': 0.1101, 'ndcg@20': 0.0452, 'hit@40': 0.1785, 'ndcg@40': 0.0592} 
2024-10-09 04:15:09.468 | INFO     | trainer_1:_train_one_epoch:209 - test 5 cost time 9.73s, result: {'hit@1': 0.0061, 'ndcg@1': 0.0061, 'hit@5': 0.0215, 'ndcg@5': 0.0136, 'hit@10': 0.0395, 'ndcg@10': 0.0194, 'hit@15': 0.0572, 'ndcg@15': 0.0241, 'hit@20': 0.0714, 'ndcg@20': 0.0274, 'hit@40': 0.1211, 'ndcg@40': 0.0375} 
2024-10-09 04:15:19.488 | INFO     | trainer_1:_train_one_epoch:193 - epoch 6 10.02s Train loss is [0.5282] 
2024-10-09 04:15:29.445 | INFO     | trainer_1:_train_one_epoch:201 - validate 6 cost time 9.96s, result: {'hit@1': 0.0128, 'ndcg@1': 0.0128, 'hit@5': 0.0414, 'ndcg@5': 0.027, 'hit@10': 0.0668, 'ndcg@10': 0.0351, 'hit@15': 0.0929, 'ndcg@15': 0.042, 'hit@20': 0.1146, 'ndcg@20': 0.0471, 'hit@40': 0.1859, 'ndcg@40': 0.0616} 
2024-10-09 04:15:39.187 | INFO     | trainer_1:_train_one_epoch:209 - test 6 cost time 9.74s, result: {'hit@1': 0.0068, 'ndcg@1': 0.0068, 'hit@5': 0.0243, 'ndcg@5': 0.0154, 'hit@10': 0.0425, 'ndcg@10': 0.0212, 'hit@15': 0.0596, 'ndcg@15': 0.0257, 'hit@20': 0.0746, 'ndcg@20': 0.0292, 'hit@40': 0.126, 'ndcg@40': 0.0397} 
2024-10-09 04:15:59.764 | INFO     | trainer_1:_train_one_epoch:193 - epoch 7 9.93s Train loss is [0.5261] 
2024-10-09 04:16:09.742 | INFO     | trainer_1:_train_one_epoch:201 - validate 7 cost time 9.98s, result: {'hit@1': 0.0118, 'ndcg@1': 0.0118, 'hit@5': 0.0427, 'ndcg@5': 0.0271, 'hit@10': 0.0722, 'ndcg@10': 0.0365, 'hit@15': 0.0986, 'ndcg@15': 0.0435, 'hit@20': 0.1231, 'ndcg@20': 0.0493, 'hit@40': 0.1958, 'ndcg@40': 0.0641} 
2024-10-09 04:16:19.465 | INFO     | trainer_1:_train_one_epoch:209 - test 7 cost time 9.72s, result: {'hit@1': 0.0067, 'ndcg@1': 0.0067, 'hit@5': 0.0247, 'ndcg@5': 0.0156, 'hit@10': 0.0426, 'ndcg@10': 0.0214, 'hit@15': 0.0608, 'ndcg@15': 0.0262, 'hit@20': 0.0783, 'ndcg@20': 0.0303, 'hit@40': 0.1342, 'ndcg@40': 0.0416} 
2024-10-09 04:16:40.084 | INFO     | trainer_1:_train_one_epoch:193 - epoch 8 10.15s Train loss is [0.4931] 
2024-10-09 04:16:50.042 | INFO     | trainer_1:_train_one_epoch:201 - validate 8 cost time 9.96s, result: {'hit@1': 0.0096, 'ndcg@1': 0.0096, 'hit@5': 0.0386, 'ndcg@5': 0.0239, 'hit@10': 0.0686, 'ndcg@10': 0.0334, 'hit@15': 0.0942, 'ndcg@15': 0.0402, 'hit@20': 0.1192, 'ndcg@20': 0.0461, 'hit@40': 0.1982, 'ndcg@40': 0.0622} 
2024-10-09 04:16:59.718 | INFO     | trainer_1:_train_one_epoch:209 - test 8 cost time 9.67s, result: {'hit@1': 0.0055, 'ndcg@1': 0.0055, 'hit@5': 0.0228, 'ndcg@5': 0.0142, 'hit@10': 0.0421, 'ndcg@10': 0.0203, 'hit@15': 0.0596, 'ndcg@15': 0.0249, 'hit@20': 0.0774, 'ndcg@20': 0.0291, 'hit@40': 0.1358, 'ndcg@40': 0.041} 
2024-10-09 04:17:09.578 | INFO     | trainer_1:_train_one_epoch:193 - epoch 9 9.86s Train loss is [0.4793] 
2024-10-09 04:17:19.505 | INFO     | trainer_1:_train_one_epoch:201 - validate 9 cost time 9.93s, result: {'hit@1': 0.0119, 'ndcg@1': 0.0119, 'hit@5': 0.0448, 'ndcg@5': 0.0282, 'hit@10': 0.0776, 'ndcg@10': 0.0387, 'hit@15': 0.1046, 'ndcg@15': 0.0458, 'hit@20': 0.1291, 'ndcg@20': 0.0516, 'hit@40': 0.2083, 'ndcg@40': 0.0677} 
2024-10-09 04:17:29.187 | INFO     | trainer_1:_train_one_epoch:209 - test 9 cost time 9.68s, result: {'hit@1': 0.0067, 'ndcg@1': 0.0067, 'hit@5': 0.0263, 'ndcg@5': 0.0164, 'hit@10': 0.0461, 'ndcg@10': 0.0227, 'hit@15': 0.0673, 'ndcg@15': 0.0283, 'hit@20': 0.0846, 'ndcg@20': 0.0324, 'hit@40': 0.1446, 'ndcg@40': 0.0446} 
2024-10-09 04:17:48.550 | INFO     | trainer_1:_train_one_epoch:193 - epoch 10 8.98s Train loss is [0.4704] 
2024-10-09 04:17:58.452 | INFO     | trainer_1:_train_one_epoch:201 - validate 10 cost time 9.90s, result: {'hit@1': 0.013, 'ndcg@1': 0.013, 'hit@5': 0.0457, 'ndcg@5': 0.0293, 'hit@10': 0.0785, 'ndcg@10': 0.0398, 'hit@15': 0.1048, 'ndcg@15': 0.0468, 'hit@20': 0.1276, 'ndcg@20': 0.0521, 'hit@40': 0.2095, 'ndcg@40': 0.0688} 
2024-10-09 04:18:08.156 | INFO     | trainer_1:_train_one_epoch:209 - test 10 cost time 9.70s, result: {'hit@1': 0.0074, 'ndcg@1': 0.0074, 'hit@5': 0.028, 'ndcg@5': 0.0176, 'hit@10': 0.0495, 'ndcg@10': 0.0244, 'hit@15': 0.0683, 'ndcg@15': 0.0294, 'hit@20': 0.0854, 'ndcg@20': 0.0334, 'hit@40': 0.145, 'ndcg@40': 0.0455} 
2024-10-09 04:18:27.099 | INFO     | trainer_1:_train_one_epoch:193 - epoch 11 8.61s Train loss is [0.4640] 
2024-10-09 04:18:36.948 | INFO     | trainer_1:_train_one_epoch:201 - validate 11 cost time 9.85s, result: {'hit@1': 0.0105, 'ndcg@1': 0.0105, 'hit@5': 0.0412, 'ndcg@5': 0.0259, 'hit@10': 0.0706, 'ndcg@10': 0.0353, 'hit@15': 0.0956, 'ndcg@15': 0.0419, 'hit@20': 0.1186, 'ndcg@20': 0.0474, 'hit@40': 0.191, 'ndcg@40': 0.062} 
2024-10-09 04:18:46.604 | INFO     | trainer_1:_train_one_epoch:209 - test 11 cost time 9.66s, result: {'hit@1': 0.0064, 'ndcg@1': 0.0064, 'hit@5': 0.0264, 'ndcg@5': 0.0162, 'hit@10': 0.0471, 'ndcg@10': 0.0228, 'hit@15': 0.0639, 'ndcg@15': 0.0273, 'hit@20': 0.0802, 'ndcg@20': 0.0311, 'hit@40': 0.1346, 'ndcg@40': 0.0422} 
2024-10-09 04:18:55.047 | INFO     | trainer_1:_train_one_epoch:193 - epoch 12 8.44s Train loss is [0.4611] 
2024-10-09 04:19:04.897 | INFO     | trainer_1:_train_one_epoch:201 - validate 12 cost time 9.85s, result: {'hit@1': 0.0097, 'ndcg@1': 0.0097, 'hit@5': 0.0405, 'ndcg@5': 0.0251, 'hit@10': 0.0705, 'ndcg@10': 0.0346, 'hit@15': 0.0968, 'ndcg@15': 0.0416, 'hit@20': 0.1195, 'ndcg@20': 0.047, 'hit@40': 0.2022, 'ndcg@40': 0.0638} 
2024-10-09 04:19:14.563 | INFO     | trainer_1:_train_one_epoch:209 - test 12 cost time 9.67s, result: {'hit@1': 0.0073, 'ndcg@1': 0.0073, 'hit@5': 0.0261, 'ndcg@5': 0.0164, 'hit@10': 0.0477, 'ndcg@10': 0.0233, 'hit@15': 0.0659, 'ndcg@15': 0.0281, 'hit@20': 0.0841, 'ndcg@20': 0.0324, 'hit@40': 0.1421, 'ndcg@40': 0.0442} 
2024-10-09 04:19:23.138 | INFO     | trainer_1:_train_one_epoch:193 - epoch 13 8.57s Train loss is [0.4436] 
2024-10-09 04:19:33.010 | INFO     | trainer_1:_train_one_epoch:201 - validate 13 cost time 9.87s, result: {'hit@1': 0.012, 'ndcg@1': 0.012, 'hit@5': 0.0451, 'ndcg@5': 0.0285, 'hit@10': 0.0753, 'ndcg@10': 0.0382, 'hit@15': 0.1013, 'ndcg@15': 0.045, 'hit@20': 0.1254, 'ndcg@20': 0.0507, 'hit@40': 0.2026, 'ndcg@40': 0.0664} 
2024-10-09 04:19:42.694 | INFO     | trainer_1:_train_one_epoch:209 - test 13 cost time 9.68s, result: {'hit@1': 0.0074, 'ndcg@1': 0.0074, 'hit@5': 0.0281, 'ndcg@5': 0.0177, 'hit@10': 0.0499, 'ndcg@10': 0.0247, 'hit@15': 0.0676, 'ndcg@15': 0.0294, 'hit@20': 0.0849, 'ndcg@20': 0.0335, 'hit@40': 0.1467, 'ndcg@40': 0.046} 
2024-10-09 04:20:02.108 | INFO     | trainer_1:_train_one_epoch:193 - epoch 14 8.50s Train loss is [0.4399] 
2024-10-09 04:20:11.962 | INFO     | trainer_1:_train_one_epoch:201 - validate 14 cost time 9.85s, result: {'hit@1': 0.0123, 'ndcg@1': 0.0123, 'hit@5': 0.0455, 'ndcg@5': 0.0287, 'hit@10': 0.0769, 'ndcg@10': 0.0388, 'hit@15': 0.101, 'ndcg@15': 0.0452, 'hit@20': 0.1269, 'ndcg@20': 0.0513, 'hit@40': 0.2076, 'ndcg@40': 0.0677} 
2024-10-09 04:20:21.632 | INFO     | trainer_1:_train_one_epoch:209 - test 14 cost time 9.67s, result: {'hit@1': 0.0077, 'ndcg@1': 0.0077, 'hit@5': 0.0302, 'ndcg@5': 0.0189, 'hit@10': 0.0513, 'ndcg@10': 0.0256, 'hit@15': 0.0705, 'ndcg@15': 0.0307, 'hit@20': 0.0874, 'ndcg@20': 0.0347, 'hit@40': 0.1448, 'ndcg@40': 0.0463} 
2024-10-09 04:20:40.594 | INFO     | trainer_1:_train_one_epoch:193 - epoch 15 8.39s Train loss is [0.4241] 
2024-10-09 04:20:50.441 | INFO     | trainer_1:_train_one_epoch:201 - validate 15 cost time 9.85s, result: {'hit@1': 0.0116, 'ndcg@1': 0.0116, 'hit@5': 0.0469, 'ndcg@5': 0.0292, 'hit@10': 0.0776, 'ndcg@10': 0.039, 'hit@15': 0.1049, 'ndcg@15': 0.0462, 'hit@20': 0.1282, 'ndcg@20': 0.0518, 'hit@40': 0.2077, 'ndcg@40': 0.0679} 
2024-10-09 04:21:00.094 | INFO     | trainer_1:_train_one_epoch:209 - test 15 cost time 9.65s, result: {'hit@1': 0.0079, 'ndcg@1': 0.0079, 'hit@5': 0.0293, 'ndcg@5': 0.0186, 'hit@10': 0.052, 'ndcg@10': 0.0259, 'hit@15': 0.0705, 'ndcg@15': 0.0308, 'hit@20': 0.0878, 'ndcg@20': 0.0349, 'hit@40': 0.15, 'ndcg@40': 0.0475} 
2024-10-09 04:21:18.914 | INFO     | trainer_1:_train_one_epoch:193 - epoch 16 8.41s Train loss is [0.4275] 
2024-10-09 04:21:28.772 | INFO     | trainer_1:_train_one_epoch:201 - validate 16 cost time 9.86s, result: {'hit@1': 0.0127, 'ndcg@1': 0.0127, 'hit@5': 0.0472, 'ndcg@5': 0.03, 'hit@10': 0.0793, 'ndcg@10': 0.0403, 'hit@15': 0.1075, 'ndcg@15': 0.0478, 'hit@20': 0.1326, 'ndcg@20': 0.0537, 'hit@40': 0.2151, 'ndcg@40': 0.0705} 
2024-10-09 04:21:38.444 | INFO     | trainer_1:_train_one_epoch:209 - test 16 cost time 9.67s, result: {'hit@1': 0.0075, 'ndcg@1': 0.0075, 'hit@5': 0.0305, 'ndcg@5': 0.0189, 'hit@10': 0.0525, 'ndcg@10': 0.0259, 'hit@15': 0.0714, 'ndcg@15': 0.0309, 'hit@20': 0.0902, 'ndcg@20': 0.0353, 'hit@40': 0.1536, 'ndcg@40': 0.0482} 
2024-10-09 04:21:57.327 | INFO     | trainer_1:_train_one_epoch:193 - epoch 17 8.37s Train loss is [0.4133] 
2024-10-09 04:22:07.162 | INFO     | trainer_1:_train_one_epoch:201 - validate 17 cost time 9.84s, result: {'hit@1': 0.0125, 'ndcg@1': 0.0125, 'hit@5': 0.0456, 'ndcg@5': 0.0288, 'hit@10': 0.0746, 'ndcg@10': 0.0381, 'hit@15': 0.099, 'ndcg@15': 0.0445, 'hit@20': 0.1222, 'ndcg@20': 0.05, 'hit@40': 0.2007, 'ndcg@40': 0.066} 
2024-10-09 04:22:16.812 | INFO     | trainer_1:_train_one_epoch:209 - test 17 cost time 9.65s, result: {'hit@1': 0.0068, 'ndcg@1': 0.0068, 'hit@5': 0.0286, 'ndcg@5': 0.0177, 'hit@10': 0.0487, 'ndcg@10': 0.0241, 'hit@15': 0.066, 'ndcg@15': 0.0287, 'hit@20': 0.0838, 'ndcg@20': 0.0329, 'hit@40': 0.1413, 'ndcg@40': 0.0445} 
2024-10-09 04:22:25.173 | INFO     | trainer_1:_train_one_epoch:193 - epoch 18 8.36s Train loss is [0.4034] 
2024-10-09 04:22:30.180 | INFO     | trainer_1:_train_one_epoch:201 - validate 18 cost time 5.01s, result: {'hit@1': 0.0144, 'ndcg@1': 0.0144, 'hit@5': 0.0499, 'ndcg@5': 0.0321, 'hit@10': 0.083, 'ndcg@10': 0.0428, 'hit@15': 0.1105, 'ndcg@15': 0.05, 'hit@20': 0.1359, 'ndcg@20': 0.056, 'hit@40': 0.2203, 'ndcg@40': 0.0732} 
2024-10-09 04:22:36.255 | INFO     | trainer_1:_train_one_epoch:209 - test 18 cost time 6.07s, result: {'hit@1': 0.0075, 'ndcg@1': 0.0075, 'hit@5': 0.0322, 'ndcg@5': 0.02, 'hit@10': 0.0571, 'ndcg@10': 0.0279, 'hit@15': 0.0776, 'ndcg@15': 0.0333, 'hit@20': 0.0955, 'ndcg@20': 0.0375, 'hit@40': 0.1614, 'ndcg@40': 0.051} 
2024-10-09 04:22:55.383 | INFO     | trainer_1:_train_one_epoch:193 - epoch 19 8.58s Train loss is [0.4058] 
2024-10-09 04:23:02.840 | INFO     | trainer_1:_train_one_epoch:201 - validate 19 cost time 7.46s, result: {'hit@1': 0.0149, 'ndcg@1': 0.0149, 'hit@5': 0.0521, 'ndcg@5': 0.0334, 'hit@10': 0.0857, 'ndcg@10': 0.0442, 'hit@15': 0.1154, 'ndcg@15': 0.052, 'hit@20': 0.14, 'ndcg@20': 0.0578, 'hit@40': 0.2282, 'ndcg@40': 0.0758} 
2024-10-09 04:23:10.216 | INFO     | trainer_1:_train_one_epoch:209 - test 19 cost time 7.38s, result: {'hit@1': 0.0083, 'ndcg@1': 0.0083, 'hit@5': 0.0337, 'ndcg@5': 0.0211, 'hit@10': 0.0578, 'ndcg@10': 0.0288, 'hit@15': 0.0786, 'ndcg@15': 0.0343, 'hit@20': 0.0977, 'ndcg@20': 0.0388, 'hit@40': 0.1639, 'ndcg@40': 0.0523} 
2024-10-09 04:23:29.782 | INFO     | trainer_1:_train_one_epoch:193 - epoch 20 9.23s Train loss is [0.3897] 
2024-10-09 04:23:37.926 | INFO     | trainer_1:_train_one_epoch:201 - validate 20 cost time 8.14s, result: {'hit@1': 0.0143, 'ndcg@1': 0.0143, 'hit@5': 0.0507, 'ndcg@5': 0.0325, 'hit@10': 0.0866, 'ndcg@10': 0.044, 'hit@15': 0.1169, 'ndcg@15': 0.052, 'hit@20': 0.1432, 'ndcg@20': 0.0582, 'hit@40': 0.2279, 'ndcg@40': 0.0754} 
2024-10-09 04:23:45.478 | INFO     | trainer_1:_train_one_epoch:209 - test 20 cost time 7.55s, result: {'hit@1': 0.0099, 'ndcg@1': 0.0099, 'hit@5': 0.0341, 'ndcg@5': 0.022, 'hit@10': 0.0583, 'ndcg@10': 0.0297, 'hit@15': 0.0792, 'ndcg@15': 0.0352, 'hit@20': 0.0989, 'ndcg@20': 0.0399, 'hit@40': 0.1623, 'ndcg@40': 0.0528} 
2024-10-09 04:24:04.101 | INFO     | trainer_1:_train_one_epoch:193 - epoch 21 8.14s Train loss is [0.3936] 
2024-10-09 04:24:12.130 | INFO     | trainer_1:_train_one_epoch:201 - validate 21 cost time 8.03s, result: {'hit@1': 0.0152, 'ndcg@1': 0.0152, 'hit@5': 0.0544, 'ndcg@5': 0.0349, 'hit@10': 0.0911, 'ndcg@10': 0.0466, 'hit@15': 0.1212, 'ndcg@15': 0.0546, 'hit@20': 0.1469, 'ndcg@20': 0.0606, 'hit@40': 0.2313, 'ndcg@40': 0.0778} 
2024-10-09 04:24:19.954 | INFO     | trainer_1:_train_one_epoch:209 - test 21 cost time 7.82s, result: {'hit@1': 0.0095, 'ndcg@1': 0.0095, 'hit@5': 0.035, 'ndcg@5': 0.0222, 'hit@10': 0.06, 'ndcg@10': 0.0302, 'hit@15': 0.0822, 'ndcg@15': 0.0361, 'hit@20': 0.1009, 'ndcg@20': 0.0405, 'hit@40': 0.164, 'ndcg@40': 0.0534} 
2024-10-09 04:24:39.096 | INFO     | trainer_1:_train_one_epoch:193 - epoch 22 8.28s Train loss is [0.3927] 
2024-10-09 04:24:44.116 | INFO     | trainer_1:_train_one_epoch:201 - validate 22 cost time 5.02s, result: {'hit@1': 0.0162, 'ndcg@1': 0.0162, 'hit@5': 0.0562, 'ndcg@5': 0.036, 'hit@10': 0.0894, 'ndcg@10': 0.0466, 'hit@15': 0.1202, 'ndcg@15': 0.0548, 'hit@20': 0.1444, 'ndcg@20': 0.0605, 'hit@40': 0.2282, 'ndcg@40': 0.0776} 
2024-10-09 04:24:50.357 | INFO     | trainer_1:_train_one_epoch:209 - test 22 cost time 6.24s, result: {'hit@1': 0.0089, 'ndcg@1': 0.0089, 'hit@5': 0.0356, 'ndcg@5': 0.0221, 'hit@10': 0.0627, 'ndcg@10': 0.0308, 'hit@15': 0.0831, 'ndcg@15': 0.0361, 'hit@20': 0.1017, 'ndcg@20': 0.0405, 'hit@40': 0.1636, 'ndcg@40': 0.0531} 
2024-10-09 04:25:09.682 | INFO     | trainer_1:_train_one_epoch:193 - epoch 23 8.57s Train loss is [0.3862] 
2024-10-09 04:25:17.232 | INFO     | trainer_1:_train_one_epoch:201 - validate 23 cost time 7.55s, result: {'hit@1': 0.016, 'ndcg@1': 0.016, 'hit@5': 0.0546, 'ndcg@5': 0.0354, 'hit@10': 0.0911, 'ndcg@10': 0.0471, 'hit@15': 0.1215, 'ndcg@15': 0.0551, 'hit@20': 0.1489, 'ndcg@20': 0.0615, 'hit@40': 0.2373, 'ndcg@40': 0.0795} 
2024-10-09 04:25:24.776 | INFO     | trainer_1:_train_one_epoch:209 - test 23 cost time 7.54s, result: {'hit@1': 0.0086, 'ndcg@1': 0.0086, 'hit@5': 0.0363, 'ndcg@5': 0.0224, 'hit@10': 0.0625, 'ndcg@10': 0.0308, 'hit@15': 0.0834, 'ndcg@15': 0.0363, 'hit@20': 0.1057, 'ndcg@20': 0.0415, 'hit@40': 0.17, 'ndcg@40': 0.0546} 
2024-10-09 04:25:32.862 | INFO     | trainer_1:_train_one_epoch:193 - epoch 24 8.09s Train loss is [0.3807] 
2024-10-09 04:25:40.502 | INFO     | trainer_1:_train_one_epoch:201 - validate 24 cost time 7.64s, result: {'hit@1': 0.0157, 'ndcg@1': 0.0157, 'hit@5': 0.0573, 'ndcg@5': 0.0366, 'hit@10': 0.0953, 'ndcg@10': 0.0487, 'hit@15': 0.1262, 'ndcg@15': 0.0569, 'hit@20': 0.1513, 'ndcg@20': 0.0628, 'hit@40': 0.2369, 'ndcg@40': 0.0803} 
2024-10-09 04:25:48.154 | INFO     | trainer_1:_train_one_epoch:209 - test 24 cost time 7.65s, result: {'hit@1': 0.0096, 'ndcg@1': 0.0096, 'hit@5': 0.0366, 'ndcg@5': 0.0231, 'hit@10': 0.0629, 'ndcg@10': 0.0316, 'hit@15': 0.0845, 'ndcg@15': 0.0373, 'hit@20': 0.1051, 'ndcg@20': 0.0421, 'hit@40': 0.1677, 'ndcg@40': 0.0548} 
2024-10-09 04:26:07.127 | INFO     | trainer_1:_train_one_epoch:193 - epoch 25 8.30s Train loss is [0.3802] 
2024-10-09 04:26:12.702 | INFO     | trainer_1:_train_one_epoch:201 - validate 25 cost time 5.57s, result: {'hit@1': 0.0162, 'ndcg@1': 0.0162, 'hit@5': 0.0571, 'ndcg@5': 0.0368, 'hit@10': 0.0944, 'ndcg@10': 0.0488, 'hit@15': 0.124, 'ndcg@15': 0.0566, 'hit@20': 0.1493, 'ndcg@20': 0.0626, 'hit@40': 0.2352, 'ndcg@40': 0.0801} 
2024-10-09 04:26:17.807 | INFO     | trainer_1:_train_one_epoch:209 - test 25 cost time 5.10s, result: {'hit@1': 0.0108, 'ndcg@1': 0.0108, 'hit@5': 0.0368, 'ndcg@5': 0.0238, 'hit@10': 0.0636, 'ndcg@10': 0.0324, 'hit@15': 0.0852, 'ndcg@15': 0.0381, 'hit@20': 0.1043, 'ndcg@20': 0.0426, 'hit@40': 0.1706, 'ndcg@40': 0.0561} 
2024-10-09 04:26:37.449 | INFO     | trainer_1:_train_one_epoch:193 - epoch 26 9.04s Train loss is [0.3833] 
2024-10-09 04:26:45.000 | INFO     | trainer_1:_train_one_epoch:201 - validate 26 cost time 7.55s, result: {'hit@1': 0.0176, 'ndcg@1': 0.0176, 'hit@5': 0.0577, 'ndcg@5': 0.0375, 'hit@10': 0.0947, 'ndcg@10': 0.0494, 'hit@15': 0.1247, 'ndcg@15': 0.0573, 'hit@20': 0.1503, 'ndcg@20': 0.0633, 'hit@40': 0.2359, 'ndcg@40': 0.0808} 
2024-10-09 04:26:52.375 | INFO     | trainer_1:_train_one_epoch:209 - test 26 cost time 7.37s, result: {'hit@1': 0.0103, 'ndcg@1': 0.0103, 'hit@5': 0.037, 'ndcg@5': 0.0237, 'hit@10': 0.0622, 'ndcg@10': 0.0318, 'hit@15': 0.0816, 'ndcg@15': 0.0369, 'hit@20': 0.1008, 'ndcg@20': 0.0414, 'hit@40': 0.1665, 'ndcg@40': 0.0548} 
2024-10-09 04:27:01.182 | INFO     | trainer_1:_train_one_epoch:193 - epoch 27 8.81s Train loss is [0.3680] 
2024-10-09 04:27:09.096 | INFO     | trainer_1:_train_one_epoch:201 - validate 27 cost time 7.91s, result: {'hit@1': 0.0169, 'ndcg@1': 0.0169, 'hit@5': 0.058, 'ndcg@5': 0.0376, 'hit@10': 0.0943, 'ndcg@10': 0.0492, 'hit@15': 0.1259, 'ndcg@15': 0.0576, 'hit@20': 0.1526, 'ndcg@20': 0.0639, 'hit@40': 0.2384, 'ndcg@40': 0.0813} 
2024-10-09 04:27:16.806 | INFO     | trainer_1:_train_one_epoch:209 - test 27 cost time 7.71s, result: {'hit@1': 0.0112, 'ndcg@1': 0.0112, 'hit@5': 0.0378, 'ndcg@5': 0.0246, 'hit@10': 0.0637, 'ndcg@10': 0.0329, 'hit@15': 0.0862, 'ndcg@15': 0.0388, 'hit@20': 0.1052, 'ndcg@20': 0.0433, 'hit@40': 0.168, 'ndcg@40': 0.0561} 
2024-10-09 04:27:35.722 | INFO     | trainer_1:_train_one_epoch:193 - epoch 28 8.21s Train loss is [0.3644] 
2024-10-09 04:27:41.071 | INFO     | trainer_1:_train_one_epoch:201 - validate 28 cost time 5.35s, result: {'hit@1': 0.0162, 'ndcg@1': 0.0162, 'hit@5': 0.0559, 'ndcg@5': 0.0362, 'hit@10': 0.0943, 'ndcg@10': 0.0486, 'hit@15': 0.1259, 'ndcg@15': 0.0569, 'hit@20': 0.1526, 'ndcg@20': 0.0632, 'hit@40': 0.2386, 'ndcg@40': 0.0807} 
2024-10-09 04:27:48.785 | INFO     | trainer_1:_train_one_epoch:209 - test 28 cost time 7.71s, result: {'hit@1': 0.0103, 'ndcg@1': 0.0103, 'hit@5': 0.0368, 'ndcg@5': 0.0235, 'hit@10': 0.064, 'ndcg@10': 0.0322, 'hit@15': 0.0869, 'ndcg@15': 0.0382, 'hit@20': 0.1066, 'ndcg@20': 0.0428, 'hit@40': 0.1713, 'ndcg@40': 0.056} 
2024-10-09 04:28:07.629 | INFO     | trainer_1:_train_one_epoch:193 - epoch 29 8.33s Train loss is [0.3704] 
2024-10-09 04:28:15.381 | INFO     | trainer_1:_train_one_epoch:201 - validate 29 cost time 7.75s, result: {'hit@1': 0.0164, 'ndcg@1': 0.0164, 'hit@5': 0.0558, 'ndcg@5': 0.0362, 'hit@10': 0.093, 'ndcg@10': 0.0481, 'hit@15': 0.124, 'ndcg@15': 0.0563, 'hit@20': 0.1498, 'ndcg@20': 0.0624, 'hit@40': 0.2365, 'ndcg@40': 0.08} 
2024-10-09 04:28:22.970 | INFO     | trainer_1:_train_one_epoch:209 - test 29 cost time 7.59s, result: {'hit@1': 0.0105, 'ndcg@1': 0.0105, 'hit@5': 0.0352, 'ndcg@5': 0.0226, 'hit@10': 0.0606, 'ndcg@10': 0.0307, 'hit@15': 0.0815, 'ndcg@15': 0.0362, 'hit@20': 0.1011, 'ndcg@20': 0.0409, 'hit@40': 0.1655, 'ndcg@40': 0.0539} 
2024-10-09 04:28:31.970 | INFO     | trainer_1:_train_one_epoch:193 - epoch 30 9.00s Train loss is [0.3720] 
2024-10-09 04:28:39.914 | INFO     | trainer_1:_train_one_epoch:201 - validate 30 cost time 7.94s, result: {'hit@1': 0.0169, 'ndcg@1': 0.0169, 'hit@5': 0.0584, 'ndcg@5': 0.0377, 'hit@10': 0.096, 'ndcg@10': 0.0497, 'hit@15': 0.1283, 'ndcg@15': 0.0582, 'hit@20': 0.1569, 'ndcg@20': 0.065, 'hit@40': 0.2441, 'ndcg@40': 0.0827} 
2024-10-09 04:28:47.349 | INFO     | trainer_1:_train_one_epoch:209 - test 30 cost time 7.44s, result: {'hit@1': 0.0109, 'ndcg@1': 0.0109, 'hit@5': 0.0372, 'ndcg@5': 0.0241, 'hit@10': 0.0638, 'ndcg@10': 0.0326, 'hit@15': 0.0879, 'ndcg@15': 0.039, 'hit@20': 0.108, 'ndcg@20': 0.0437, 'hit@40': 0.1779, 'ndcg@40': 0.058} 
2024-10-09 04:28:55.688 | INFO     | trainer_1:_train_one_epoch:193 - epoch 31 8.34s Train loss is [0.3600] 
2024-10-09 04:29:00.849 | INFO     | trainer_1:_train_one_epoch:201 - validate 31 cost time 5.16s, result: {'hit@1': 0.0157, 'ndcg@1': 0.0157, 'hit@5': 0.0575, 'ndcg@5': 0.0365, 'hit@10': 0.0955, 'ndcg@10': 0.0487, 'hit@15': 0.1271, 'ndcg@15': 0.0571, 'hit@20': 0.155, 'ndcg@20': 0.0637, 'hit@40': 0.2459, 'ndcg@40': 0.0822} 
2024-10-09 04:29:06.034 | INFO     | trainer_1:_train_one_epoch:209 - test 31 cost time 5.18s, result: {'hit@1': 0.0097, 'ndcg@1': 0.0097, 'hit@5': 0.0377, 'ndcg@5': 0.0236, 'hit@10': 0.0635, 'ndcg@10': 0.0319, 'hit@15': 0.0871, 'ndcg@15': 0.0381, 'hit@20': 0.1078, 'ndcg@20': 0.043, 'hit@40': 0.1745, 'ndcg@40': 0.0566} 
2024-10-09 04:29:14.670 | INFO     | trainer_1:_train_one_epoch:193 - epoch 32 8.63s Train loss is [0.3620] 
2024-10-09 04:29:22.793 | INFO     | trainer_1:_train_one_epoch:201 - validate 32 cost time 8.12s, result: {'hit@1': 0.0165, 'ndcg@1': 0.0165, 'hit@5': 0.0586, 'ndcg@5': 0.0375, 'hit@10': 0.0963, 'ndcg@10': 0.0496, 'hit@15': 0.1273, 'ndcg@15': 0.0577, 'hit@20': 0.1541, 'ndcg@20': 0.0641, 'hit@40': 0.242, 'ndcg@40': 0.082} 
2024-10-09 04:29:30.282 | INFO     | trainer_1:_train_one_epoch:209 - test 32 cost time 7.49s, result: {'hit@1': 0.0105, 'ndcg@1': 0.0105, 'hit@5': 0.0378, 'ndcg@5': 0.024, 'hit@10': 0.0634, 'ndcg@10': 0.0322, 'hit@15': 0.086, 'ndcg@15': 0.0382, 'hit@20': 0.1051, 'ndcg@20': 0.0427, 'hit@40': 0.1723, 'ndcg@40': 0.0564} 
2024-10-09 04:29:38.539 | INFO     | trainer_1:_train_one_epoch:193 - epoch 33 8.26s Train loss is [0.3573] 
2024-10-09 04:29:46.293 | INFO     | trainer_1:_train_one_epoch:201 - validate 33 cost time 7.75s, result: {'hit@1': 0.0163, 'ndcg@1': 0.0163, 'hit@5': 0.0612, 'ndcg@5': 0.0388, 'hit@10': 0.1004, 'ndcg@10': 0.0514, 'hit@15': 0.1296, 'ndcg@15': 0.0591, 'hit@20': 0.1586, 'ndcg@20': 0.066, 'hit@40': 0.2515, 'ndcg@40': 0.0849} 
2024-10-09 04:29:54.165 | INFO     | trainer_1:_train_one_epoch:209 - test 33 cost time 7.87s, result: {'hit@1': 0.011, 'ndcg@1': 0.011, 'hit@5': 0.0385, 'ndcg@5': 0.0245, 'hit@10': 0.0659, 'ndcg@10': 0.0333, 'hit@15': 0.0878, 'ndcg@15': 0.0391, 'hit@20': 0.1094, 'ndcg@20': 0.0441, 'hit@40': 0.1775, 'ndcg@40': 0.058} 
2024-10-09 04:30:13.254 | INFO     | trainer_1:_train_one_epoch:193 - epoch 34 8.40s Train loss is [0.3576] 
2024-10-09 04:30:20.945 | INFO     | trainer_1:_train_one_epoch:201 - validate 34 cost time 7.69s, result: {'hit@1': 0.0159, 'ndcg@1': 0.0159, 'hit@5': 0.0602, 'ndcg@5': 0.0381, 'hit@10': 0.1008, 'ndcg@10': 0.0512, 'hit@15': 0.1338, 'ndcg@15': 0.06, 'hit@20': 0.1612, 'ndcg@20': 0.0664, 'hit@40': 0.2512, 'ndcg@40': 0.0847} 
2024-10-09 04:30:28.738 | INFO     | trainer_1:_train_one_epoch:209 - test 34 cost time 7.79s, result: {'hit@1': 0.0112, 'ndcg@1': 0.0112, 'hit@5': 0.0384, 'ndcg@5': 0.0245, 'hit@10': 0.0662, 'ndcg@10': 0.0334, 'hit@15': 0.0881, 'ndcg@15': 0.0392, 'hit@20': 0.1102, 'ndcg@20': 0.0444, 'hit@40': 0.1778, 'ndcg@40': 0.0582} 
2024-10-09 04:30:47.641 | INFO     | trainer_1:_train_one_epoch:193 - epoch 35 8.33s Train loss is [0.3578] 
2024-10-09 04:30:55.429 | INFO     | trainer_1:_train_one_epoch:201 - validate 35 cost time 7.79s, result: {'hit@1': 0.0168, 'ndcg@1': 0.0168, 'hit@5': 0.0612, 'ndcg@5': 0.039, 'hit@10': 0.1005, 'ndcg@10': 0.0516, 'hit@15': 0.1348, 'ndcg@15': 0.0607, 'hit@20': 0.1638, 'ndcg@20': 0.0675, 'hit@40': 0.2575, 'ndcg@40': 0.0866} 
2024-10-09 04:31:00.887 | INFO     | trainer_1:_train_one_epoch:209 - test 35 cost time 5.46s, result: {'hit@1': 0.0119, 'ndcg@1': 0.0119, 'hit@5': 0.0394, 'ndcg@5': 0.0254, 'hit@10': 0.0674, 'ndcg@10': 0.0343, 'hit@15': 0.0907, 'ndcg@15': 0.0404, 'hit@20': 0.1115, 'ndcg@20': 0.0453, 'hit@40': 0.1821, 'ndcg@40': 0.0597} 
2024-10-09 04:31:20.180 | INFO     | trainer_1:_train_one_epoch:193 - epoch 36 8.97s Train loss is [0.3624] 
2024-10-09 04:31:28.072 | INFO     | trainer_1:_train_one_epoch:201 - validate 36 cost time 7.89s, result: {'hit@1': 0.0161, 'ndcg@1': 0.0161, 'hit@5': 0.0592, 'ndcg@5': 0.0378, 'hit@10': 0.0969, 'ndcg@10': 0.0498, 'hit@15': 0.1284, 'ndcg@15': 0.0581, 'hit@20': 0.158, 'ndcg@20': 0.0651, 'hit@40': 0.2484, 'ndcg@40': 0.0836} 
2024-10-09 04:31:35.490 | INFO     | trainer_1:_train_one_epoch:209 - test 36 cost time 7.42s, result: {'hit@1': 0.0109, 'ndcg@1': 0.0109, 'hit@5': 0.0378, 'ndcg@5': 0.0243, 'hit@10': 0.0652, 'ndcg@10': 0.0331, 'hit@15': 0.0882, 'ndcg@15': 0.0392, 'hit@20': 0.1082, 'ndcg@20': 0.0439, 'hit@40': 0.1778, 'ndcg@40': 0.058} 
2024-10-09 04:31:43.881 | INFO     | trainer_1:_train_one_epoch:193 - epoch 37 8.39s Train loss is [0.3546] 
2024-10-09 04:31:48.920 | INFO     | trainer_1:_train_one_epoch:201 - validate 37 cost time 5.04s, result: {'hit@1': 0.0165, 'ndcg@1': 0.0165, 'hit@5': 0.0606, 'ndcg@5': 0.0385, 'hit@10': 0.0983, 'ndcg@10': 0.0505, 'hit@15': 0.1296, 'ndcg@15': 0.0588, 'hit@20': 0.1581, 'ndcg@20': 0.0655, 'hit@40': 0.2477, 'ndcg@40': 0.0838} 
2024-10-09 04:31:54.557 | INFO     | trainer_1:_train_one_epoch:209 - test 37 cost time 5.64s, result: {'hit@1': 0.0113, 'ndcg@1': 0.0113, 'hit@5': 0.0385, 'ndcg@5': 0.0249, 'hit@10': 0.065, 'ndcg@10': 0.0333, 'hit@15': 0.0884, 'ndcg@15': 0.0395, 'hit@20': 0.1096, 'ndcg@20': 0.0445, 'hit@40': 0.1787, 'ndcg@40': 0.0586} 
2024-10-09 04:32:03.285 | INFO     | trainer_1:_train_one_epoch:193 - epoch 38 8.73s Train loss is [0.3465] 
2024-10-09 04:32:11.342 | INFO     | trainer_1:_train_one_epoch:201 - validate 38 cost time 8.06s, result: {'hit@1': 0.0166, 'ndcg@1': 0.0166, 'hit@5': 0.0611, 'ndcg@5': 0.0387, 'hit@10': 0.0974, 'ndcg@10': 0.0504, 'hit@15': 0.1299, 'ndcg@15': 0.059, 'hit@20': 0.1589, 'ndcg@20': 0.0658, 'hit@40': 0.2486, 'ndcg@40': 0.0841} 
2024-10-09 04:32:18.795 | INFO     | trainer_1:_train_one_epoch:209 - test 38 cost time 7.45s, result: {'hit@1': 0.0112, 'ndcg@1': 0.0112, 'hit@5': 0.0392, 'ndcg@5': 0.025, 'hit@10': 0.0663, 'ndcg@10': 0.0336, 'hit@15': 0.0895, 'ndcg@15': 0.0398, 'hit@20': 0.111, 'ndcg@20': 0.0448, 'hit@40': 0.1805, 'ndcg@40': 0.059} 
2024-10-09 04:32:27.069 | INFO     | trainer_1:_train_one_epoch:193 - epoch 39 8.27s Train loss is [0.3439] 
2024-10-09 04:32:33.417 | INFO     | trainer_1:_train_one_epoch:201 - validate 39 cost time 6.35s, result: {'hit@1': 0.016, 'ndcg@1': 0.016, 'hit@5': 0.057, 'ndcg@5': 0.0368, 'hit@10': 0.096, 'ndcg@10': 0.0492, 'hit@15': 0.1269, 'ndcg@15': 0.0573, 'hit@20': 0.1574, 'ndcg@20': 0.0645, 'hit@40': 0.2467, 'ndcg@40': 0.0827} 
2024-10-09 04:32:38.291 | INFO     | trainer_1:_train_one_epoch:209 - test 39 cost time 4.87s, result: {'hit@1': 0.0106, 'ndcg@1': 0.0106, 'hit@5': 0.0371, 'ndcg@5': 0.0237, 'hit@10': 0.063, 'ndcg@10': 0.0321, 'hit@15': 0.0868, 'ndcg@15': 0.0384, 'hit@20': 0.107, 'ndcg@20': 0.0431, 'hit@40': 0.177, 'ndcg@40': 0.0574} 
2024-10-09 04:32:47.229 | INFO     | trainer_1:_train_one_epoch:193 - epoch 40 8.94s Train loss is [0.3434] 
2024-10-09 04:32:55.227 | INFO     | trainer_1:_train_one_epoch:201 - validate 40 cost time 8.00s, result: {'hit@1': 0.0169, 'ndcg@1': 0.0169, 'hit@5': 0.0588, 'ndcg@5': 0.0378, 'hit@10': 0.0968, 'ndcg@10': 0.0499, 'hit@15': 0.1301, 'ndcg@15': 0.0587, 'hit@20': 0.1592, 'ndcg@20': 0.0656, 'hit@40': 0.2517, 'ndcg@40': 0.0844} 
2024-10-09 04:33:02.784 | INFO     | trainer_1:_train_one_epoch:209 - test 40 cost time 7.56s, result: {'hit@1': 0.011, 'ndcg@1': 0.011, 'hit@5': 0.0378, 'ndcg@5': 0.0242, 'hit@10': 0.064, 'ndcg@10': 0.0326, 'hit@15': 0.0863, 'ndcg@15': 0.0385, 'hit@20': 0.1076, 'ndcg@20': 0.0435, 'hit@40': 0.1785, 'ndcg@40': 0.0579} 
2024-10-09 04:33:02.796 | INFO     | trainer_1:train_model:163 - training end, best iteration 35, results: {'hit@1': 0.0168, 'ndcg@1': 0.0168, 'hit@5': 0.0612, 'ndcg@5': 0.039, 'hit@10': 0.1005, 'ndcg@10': 0.0516, 'hit@15': 0.1348, 'ndcg@15': 0.0607, 'hit@20': 0.1638, 'ndcg@20': 0.0675, 'hit@40': 0.2575, 'ndcg@40': 0.0866}
2024-10-09 04:33:02.796 | INFO     | trainer_1:train_model:166 - final test result is:  {'hit@1': 0.0119, 'ndcg@1': 0.0119, 'hit@5': 0.0394, 'ndcg@5': 0.0254, 'hit@10': 0.0674, 'ndcg@10': 0.0343, 'hit@15': 0.0907, 'ndcg@15': 0.0404, 'hit@20': 0.1115, 'ndcg@20': 0.0453, 'hit@40': 0.1821, 'ndcg@40': 0.0597}
2024-10-09 04:33:03.090 | INFO     | __main__:<module>:119 - train end total cost time: 2263.94633102417
