2024-10-09 00:22:49.461 | INFO     | __main__:<module>:105 - Namespace(TIME='2024-10-09 00_22_16', batch_size=1024, behaviors=['view', 'cart', 'buy'], check_point='model_pre_1_2024-10-08 11_17_41.pth', data_name='beibei', data_path='./data/beibei', decay=0.001, device='cuda:1', dim_qk=32, dim_v=64, distill_layers=2, distill_thres=0.5, distill_topK=40, distill_userK=4, embedding_size=64, epochs=100, gpu_no=1, if_load_model=True, ii_lambda=200, initializer_range=0.02, layers=2, loss_type='bpr', lr=0.001, message_dropout=0.25, metrics=['hit', 'ndcg'], min_epoch=5, model_name='main_1', model_path='./check_point', node_dropout=0.75, omega=1, pt_loop=50, reg_weight=0.001, test_batch_size=1024, testbatch=1024, topk=[1, 5, 10, 15, 20, 40], uu_lambda=100)
2024-10-09 00:22:49.462 | INFO     | __main__:<module>:106 - BIPN(
  (message_dropout): Dropout(p=0.25, inplace=False)
  (user_embedding): Embedding(21717, 64, padding_idx=0)
  (item_embedding): Embedding(7978, 64, padding_idx=0)
  (global_Graph): LightGCN()
  (Graph_encoder): ModuleDict(
    (view): GraphEncoder(
      (light): LightGCN()
      (dropout): Dropout(p=0.75, inplace=False)
    )
    (cart): GraphEncoder(
      (light): LightGCN()
      (dropout): Dropout(p=0.75, inplace=False)
    )
    (buy): GraphEncoder(
      (light): LightGCN()
      (dropout): Dropout(p=0.75, inplace=False)
    )
  )
  (attention): Mutual_Attention()
  (bpr_loss): BPRLoss()
  (emb_loss): EmbLoss()
  (f): Sigmoid()
)
2024-10-09 00:35:56.429 | INFO     | trainer_1:_train_one_epoch:193 - epoch 1 7.86s Train loss is [0.9446] 
2024-10-09 00:36:04.270 | INFO     | trainer_1:_train_one_epoch:201 - validate 1 cost time 7.84s, result: {'hit@1': 0.0065, 'ndcg@1': 0.0065, 'hit@5': 0.0278, 'ndcg@5': 0.017, 'hit@10': 0.0499, 'ndcg@10': 0.0241, 'hit@15': 0.0683, 'ndcg@15': 0.029, 'hit@20': 0.0864, 'ndcg@20': 0.0332, 'hit@40': 0.1485, 'ndcg@40': 0.0459} 
2024-10-09 00:36:11.178 | INFO     | trainer_1:_train_one_epoch:209 - test 1 cost time 6.91s, result: {'hit@1': 0.0042, 'ndcg@1': 0.0042, 'hit@5': 0.0175, 'ndcg@5': 0.0106, 'hit@10': 0.0346, 'ndcg@10': 0.0161, 'hit@15': 0.0487, 'ndcg@15': 0.0198, 'hit@20': 0.0616, 'ndcg@20': 0.0229, 'hit@40': 0.1131, 'ndcg@40': 0.0333} 
2024-10-09 00:36:29.314 | INFO     | trainer_1:_train_one_epoch:193 - epoch 2 8.07s Train loss is [0.7186] 
2024-10-09 00:36:37.254 | INFO     | trainer_1:_train_one_epoch:201 - validate 2 cost time 7.94s, result: {'hit@1': 0.0094, 'ndcg@1': 0.0094, 'hit@5': 0.0348, 'ndcg@5': 0.0219, 'hit@10': 0.0607, 'ndcg@10': 0.0302, 'hit@15': 0.0822, 'ndcg@15': 0.0358, 'hit@20': 0.101, 'ndcg@20': 0.0403, 'hit@40': 0.1673, 'ndcg@40': 0.0538} 
2024-10-09 00:36:43.848 | INFO     | trainer_1:_train_one_epoch:209 - test 2 cost time 6.59s, result: {'hit@1': 0.0051, 'ndcg@1': 0.0051, 'hit@5': 0.0221, 'ndcg@5': 0.0134, 'hit@10': 0.0406, 'ndcg@10': 0.0193, 'hit@15': 0.0567, 'ndcg@15': 0.0236, 'hit@20': 0.0727, 'ndcg@20': 0.0273, 'hit@40': 0.1218, 'ndcg@40': 0.0373} 
2024-10-09 00:37:02.164 | INFO     | trainer_1:_train_one_epoch:193 - epoch 3 7.75s Train loss is [0.6416] 
2024-10-09 00:37:08.564 | INFO     | trainer_1:_train_one_epoch:201 - validate 3 cost time 6.40s, result: {'hit@1': 0.0078, 'ndcg@1': 0.0078, 'hit@5': 0.0321, 'ndcg@5': 0.0197, 'hit@10': 0.0589, 'ndcg@10': 0.0282, 'hit@15': 0.0833, 'ndcg@15': 0.0347, 'hit@20': 0.1033, 'ndcg@20': 0.0394, 'hit@40': 0.1752, 'ndcg@40': 0.054} 
2024-10-09 00:37:13.506 | INFO     | trainer_1:_train_one_epoch:209 - test 3 cost time 4.94s, result: {'hit@1': 0.0041, 'ndcg@1': 0.0041, 'hit@5': 0.0198, 'ndcg@5': 0.0119, 'hit@10': 0.0384, 'ndcg@10': 0.0178, 'hit@15': 0.056, 'ndcg@15': 0.0224, 'hit@20': 0.0717, 'ndcg@20': 0.0261, 'hit@40': 0.1263, 'ndcg@40': 0.0372} 
2024-10-09 00:37:21.546 | INFO     | trainer_1:_train_one_epoch:193 - epoch 4 8.04s Train loss is [0.5908] 
2024-10-09 00:37:28.832 | INFO     | trainer_1:_train_one_epoch:201 - validate 4 cost time 7.29s, result: {'hit@1': 0.0078, 'ndcg@1': 0.0078, 'hit@5': 0.0317, 'ndcg@5': 0.0196, 'hit@10': 0.0568, 'ndcg@10': 0.0277, 'hit@15': 0.0787, 'ndcg@15': 0.0334, 'hit@20': 0.0997, 'ndcg@20': 0.0384, 'hit@40': 0.165, 'ndcg@40': 0.0517} 
2024-10-09 00:37:36.362 | INFO     | trainer_1:_train_one_epoch:209 - test 4 cost time 7.53s, result: {'hit@1': 0.0043, 'ndcg@1': 0.0043, 'hit@5': 0.0182, 'ndcg@5': 0.0111, 'hit@10': 0.0344, 'ndcg@10': 0.0163, 'hit@15': 0.0508, 'ndcg@15': 0.0206, 'hit@20': 0.0666, 'ndcg@20': 0.0243, 'hit@40': 0.1169, 'ndcg@40': 0.0345} 
2024-10-09 00:37:44.147 | INFO     | trainer_1:_train_one_epoch:193 - epoch 5 7.78s Train loss is [0.5515] 
2024-10-09 00:37:50.576 | INFO     | trainer_1:_train_one_epoch:201 - validate 5 cost time 6.43s, result: {'hit@1': 0.0128, 'ndcg@1': 0.0128, 'hit@5': 0.0383, 'ndcg@5': 0.0253, 'hit@10': 0.0661, 'ndcg@10': 0.0342, 'hit@15': 0.0907, 'ndcg@15': 0.0407, 'hit@20': 0.11, 'ndcg@20': 0.0452, 'hit@40': 0.1784, 'ndcg@40': 0.0592} 
2024-10-09 00:37:55.517 | INFO     | trainer_1:_train_one_epoch:209 - test 5 cost time 4.94s, result: {'hit@1': 0.0062, 'ndcg@1': 0.0062, 'hit@5': 0.0216, 'ndcg@5': 0.0137, 'hit@10': 0.0397, 'ndcg@10': 0.0195, 'hit@15': 0.0574, 'ndcg@15': 0.0242, 'hit@20': 0.0714, 'ndcg@20': 0.0275, 'hit@40': 0.1211, 'ndcg@40': 0.0376} 
2024-10-09 00:38:03.716 | INFO     | trainer_1:_train_one_epoch:193 - epoch 6 8.20s Train loss is [0.5282] 
2024-10-09 00:38:10.962 | INFO     | trainer_1:_train_one_epoch:201 - validate 6 cost time 7.25s, result: {'hit@1': 0.013, 'ndcg@1': 0.013, 'hit@5': 0.0415, 'ndcg@5': 0.0271, 'hit@10': 0.0669, 'ndcg@10': 0.0352, 'hit@15': 0.0927, 'ndcg@15': 0.042, 'hit@20': 0.1146, 'ndcg@20': 0.0472, 'hit@40': 0.1857, 'ndcg@40': 0.0617} 
2024-10-09 00:38:18.480 | INFO     | trainer_1:_train_one_epoch:209 - test 6 cost time 7.52s, result: {'hit@1': 0.0068, 'ndcg@1': 0.0068, 'hit@5': 0.0245, 'ndcg@5': 0.0155, 'hit@10': 0.0425, 'ndcg@10': 0.0212, 'hit@15': 0.0596, 'ndcg@15': 0.0257, 'hit@20': 0.0746, 'ndcg@20': 0.0293, 'hit@40': 0.1258, 'ndcg@40': 0.0397} 
2024-10-09 00:38:37.074 | INFO     | trainer_1:_train_one_epoch:193 - epoch 7 8.19s Train loss is [0.5260] 
2024-10-09 00:38:45.845 | INFO     | trainer_1:_train_one_epoch:201 - validate 7 cost time 8.77s, result: {'hit@1': 0.0117, 'ndcg@1': 0.0117, 'hit@5': 0.0425, 'ndcg@5': 0.027, 'hit@10': 0.0718, 'ndcg@10': 0.0364, 'hit@15': 0.0985, 'ndcg@15': 0.0434, 'hit@20': 0.1232, 'ndcg@20': 0.0492, 'hit@40': 0.1959, 'ndcg@40': 0.064} 
2024-10-09 00:38:54.780 | INFO     | trainer_1:_train_one_epoch:209 - test 7 cost time 8.93s, result: {'hit@1': 0.0067, 'ndcg@1': 0.0067, 'hit@5': 0.0247, 'ndcg@5': 0.0156, 'hit@10': 0.0425, 'ndcg@10': 0.0214, 'hit@15': 0.061, 'ndcg@15': 0.0262, 'hit@20': 0.0783, 'ndcg@20': 0.0303, 'hit@40': 0.134, 'ndcg@40': 0.0416} 
2024-10-09 00:39:02.622 | INFO     | trainer_1:_train_one_epoch:193 - epoch 8 7.84s Train loss is [0.4932] 
2024-10-09 00:39:10.097 | INFO     | trainer_1:_train_one_epoch:201 - validate 8 cost time 7.47s, result: {'hit@1': 0.0096, 'ndcg@1': 0.0096, 'hit@5': 0.0387, 'ndcg@5': 0.0239, 'hit@10': 0.068, 'ndcg@10': 0.0332, 'hit@15': 0.0941, 'ndcg@15': 0.0402, 'hit@20': 0.1194, 'ndcg@20': 0.0461, 'hit@40': 0.1993, 'ndcg@40': 0.0623} 
2024-10-09 00:39:16.832 | INFO     | trainer_1:_train_one_epoch:209 - test 8 cost time 6.73s, result: {'hit@1': 0.0054, 'ndcg@1': 0.0054, 'hit@5': 0.0229, 'ndcg@5': 0.0141, 'hit@10': 0.0423, 'ndcg@10': 0.0203, 'hit@15': 0.0595, 'ndcg@15': 0.0249, 'hit@20': 0.0774, 'ndcg@20': 0.0291, 'hit@40': 0.1361, 'ndcg@40': 0.041} 
2024-10-09 00:39:24.671 | INFO     | trainer_1:_train_one_epoch:193 - epoch 9 7.84s Train loss is [0.4794] 
2024-10-09 00:39:32.371 | INFO     | trainer_1:_train_one_epoch:201 - validate 9 cost time 7.70s, result: {'hit@1': 0.0121, 'ndcg@1': 0.0121, 'hit@5': 0.0446, 'ndcg@5': 0.0281, 'hit@10': 0.0771, 'ndcg@10': 0.0385, 'hit@15': 0.1046, 'ndcg@15': 0.0458, 'hit@20': 0.1293, 'ndcg@20': 0.0516, 'hit@40': 0.2077, 'ndcg@40': 0.0676} 
2024-10-09 00:39:39.881 | INFO     | trainer_1:_train_one_epoch:209 - test 9 cost time 7.51s, result: {'hit@1': 0.0069, 'ndcg@1': 0.0069, 'hit@5': 0.0263, 'ndcg@5': 0.0165, 'hit@10': 0.0461, 'ndcg@10': 0.0228, 'hit@15': 0.0675, 'ndcg@15': 0.0284, 'hit@20': 0.0847, 'ndcg@20': 0.0325, 'hit@40': 0.1446, 'ndcg@40': 0.0447} 
2024-10-09 00:39:58.042 | INFO     | trainer_1:_train_one_epoch:193 - epoch 10 7.82s Train loss is [0.4704] 
2024-10-09 00:40:05.766 | INFO     | trainer_1:_train_one_epoch:201 - validate 10 cost time 7.72s, result: {'hit@1': 0.0129, 'ndcg@1': 0.0129, 'hit@5': 0.0461, 'ndcg@5': 0.0294, 'hit@10': 0.0785, 'ndcg@10': 0.0398, 'hit@15': 0.1047, 'ndcg@15': 0.0467, 'hit@20': 0.1282, 'ndcg@20': 0.0522, 'hit@40': 0.2097, 'ndcg@40': 0.0688} 
2024-10-09 00:40:12.978 | INFO     | trainer_1:_train_one_epoch:209 - test 10 cost time 7.21s, result: {'hit@1': 0.0074, 'ndcg@1': 0.0074, 'hit@5': 0.0278, 'ndcg@5': 0.0175, 'hit@10': 0.0491, 'ndcg@10': 0.0243, 'hit@15': 0.0684, 'ndcg@15': 0.0294, 'hit@20': 0.0855, 'ndcg@20': 0.0335, 'hit@40': 0.1454, 'ndcg@40': 0.0456} 
2024-10-09 00:40:31.222 | INFO     | trainer_1:_train_one_epoch:193 - epoch 11 7.79s Train loss is [0.4641] 
2024-10-09 00:40:39.030 | INFO     | trainer_1:_train_one_epoch:201 - validate 11 cost time 7.81s, result: {'hit@1': 0.0105, 'ndcg@1': 0.0105, 'hit@5': 0.0408, 'ndcg@5': 0.0258, 'hit@10': 0.0703, 'ndcg@10': 0.0352, 'hit@15': 0.0956, 'ndcg@15': 0.0419, 'hit@20': 0.1185, 'ndcg@20': 0.0473, 'hit@40': 0.1912, 'ndcg@40': 0.0621} 
2024-10-09 00:40:46.078 | INFO     | trainer_1:_train_one_epoch:209 - test 11 cost time 7.05s, result: {'hit@1': 0.0065, 'ndcg@1': 0.0065, 'hit@5': 0.0262, 'ndcg@5': 0.0162, 'hit@10': 0.0468, 'ndcg@10': 0.0227, 'hit@15': 0.0643, 'ndcg@15': 0.0274, 'hit@20': 0.0806, 'ndcg@20': 0.0312, 'hit@40': 0.1343, 'ndcg@40': 0.0421} 
2024-10-09 00:40:54.130 | INFO     | trainer_1:_train_one_epoch:193 - epoch 12 8.05s Train loss is [0.4611] 
2024-10-09 00:41:03.207 | INFO     | trainer_1:_train_one_epoch:201 - validate 12 cost time 9.08s, result: {'hit@1': 0.0097, 'ndcg@1': 0.0097, 'hit@5': 0.0402, 'ndcg@5': 0.0249, 'hit@10': 0.0711, 'ndcg@10': 0.0348, 'hit@15': 0.0967, 'ndcg@15': 0.0416, 'hit@20': 0.1191, 'ndcg@20': 0.0468, 'hit@40': 0.2013, 'ndcg@40': 0.0636} 
2024-10-09 00:41:12.031 | INFO     | trainer_1:_train_one_epoch:209 - test 12 cost time 8.82s, result: {'hit@1': 0.0073, 'ndcg@1': 0.0073, 'hit@5': 0.0261, 'ndcg@5': 0.0164, 'hit@10': 0.0474, 'ndcg@10': 0.0232, 'hit@15': 0.0661, 'ndcg@15': 0.0281, 'hit@20': 0.0842, 'ndcg@20': 0.0324, 'hit@40': 0.1421, 'ndcg@40': 0.0442} 
2024-10-09 00:41:19.854 | INFO     | trainer_1:_train_one_epoch:193 - epoch 13 7.82s Train loss is [0.4437] 
2024-10-09 00:41:26.831 | INFO     | trainer_1:_train_one_epoch:201 - validate 13 cost time 6.98s, result: {'hit@1': 0.0122, 'ndcg@1': 0.0122, 'hit@5': 0.0449, 'ndcg@5': 0.0285, 'hit@10': 0.0747, 'ndcg@10': 0.038, 'hit@15': 0.1012, 'ndcg@15': 0.045, 'hit@20': 0.1252, 'ndcg@20': 0.0507, 'hit@40': 0.2027, 'ndcg@40': 0.0664} 
2024-10-09 00:41:33.790 | INFO     | trainer_1:_train_one_epoch:209 - test 13 cost time 6.96s, result: {'hit@1': 0.0074, 'ndcg@1': 0.0074, 'hit@5': 0.0281, 'ndcg@5': 0.0177, 'hit@10': 0.0499, 'ndcg@10': 0.0247, 'hit@15': 0.0678, 'ndcg@15': 0.0294, 'hit@20': 0.0848, 'ndcg@20': 0.0334, 'hit@40': 0.1471, 'ndcg@40': 0.0461} 
2024-10-09 00:41:52.125 | INFO     | trainer_1:_train_one_epoch:193 - epoch 14 7.90s Train loss is [0.4399] 
2024-10-09 00:41:58.804 | INFO     | trainer_1:_train_one_epoch:201 - validate 14 cost time 6.68s, result: {'hit@1': 0.0124, 'ndcg@1': 0.0124, 'hit@5': 0.0454, 'ndcg@5': 0.0287, 'hit@10': 0.0774, 'ndcg@10': 0.039, 'hit@15': 0.101, 'ndcg@15': 0.0452, 'hit@20': 0.127, 'ndcg@20': 0.0513, 'hit@40': 0.2082, 'ndcg@40': 0.0678} 
2024-10-09 00:42:06.298 | INFO     | trainer_1:_train_one_epoch:209 - test 14 cost time 7.49s, result: {'hit@1': 0.0076, 'ndcg@1': 0.0076, 'hit@5': 0.0298, 'ndcg@5': 0.0187, 'hit@10': 0.0512, 'ndcg@10': 0.0255, 'hit@15': 0.0707, 'ndcg@15': 0.0307, 'hit@20': 0.0872, 'ndcg@20': 0.0346, 'hit@40': 0.1449, 'ndcg@40': 0.0463} 
2024-10-09 00:42:25.298 | INFO     | trainer_1:_train_one_epoch:193 - epoch 15 8.15s Train loss is [0.4240] 
2024-10-09 00:42:33.052 | INFO     | trainer_1:_train_one_epoch:201 - validate 15 cost time 7.75s, result: {'hit@1': 0.0115, 'ndcg@1': 0.0115, 'hit@5': 0.0465, 'ndcg@5': 0.029, 'hit@10': 0.0778, 'ndcg@10': 0.039, 'hit@15': 0.1052, 'ndcg@15': 0.0463, 'hit@20': 0.1284, 'ndcg@20': 0.0518, 'hit@40': 0.2071, 'ndcg@40': 0.0678} 
2024-10-09 00:42:41.972 | INFO     | trainer_1:_train_one_epoch:209 - test 15 cost time 8.92s, result: {'hit@1': 0.0074, 'ndcg@1': 0.0074, 'hit@5': 0.0294, 'ndcg@5': 0.0185, 'hit@10': 0.0519, 'ndcg@10': 0.0257, 'hit@15': 0.0705, 'ndcg@15': 0.0306, 'hit@20': 0.0872, 'ndcg@20': 0.0345, 'hit@40': 0.1502, 'ndcg@40': 0.0473} 
2024-10-09 00:43:00.741 | INFO     | trainer_1:_train_one_epoch:193 - epoch 16 8.20s Train loss is [0.4275] 
2024-10-09 00:43:08.839 | INFO     | trainer_1:_train_one_epoch:201 - validate 16 cost time 8.10s, result: {'hit@1': 0.0127, 'ndcg@1': 0.0127, 'hit@5': 0.0472, 'ndcg@5': 0.03, 'hit@10': 0.0794, 'ndcg@10': 0.0403, 'hit@15': 0.1075, 'ndcg@15': 0.0478, 'hit@20': 0.1329, 'ndcg@20': 0.0538, 'hit@40': 0.2157, 'ndcg@40': 0.0706} 
2024-10-09 00:43:17.759 | INFO     | trainer_1:_train_one_epoch:209 - test 16 cost time 8.92s, result: {'hit@1': 0.0077, 'ndcg@1': 0.0077, 'hit@5': 0.03, 'ndcg@5': 0.0188, 'hit@10': 0.0529, 'ndcg@10': 0.0261, 'hit@15': 0.0717, 'ndcg@15': 0.031, 'hit@20': 0.0898, 'ndcg@20': 0.0353, 'hit@40': 0.1541, 'ndcg@40': 0.0484} 
2024-10-09 00:43:36.577 | INFO     | trainer_1:_train_one_epoch:193 - epoch 17 8.25s Train loss is [0.4132] 
2024-10-09 00:43:44.994 | INFO     | trainer_1:_train_one_epoch:201 - validate 17 cost time 8.42s, result: {'hit@1': 0.0125, 'ndcg@1': 0.0125, 'hit@5': 0.0453, 'ndcg@5': 0.0286, 'hit@10': 0.0746, 'ndcg@10': 0.038, 'hit@15': 0.0987, 'ndcg@15': 0.0444, 'hit@20': 0.1219, 'ndcg@20': 0.0499, 'hit@40': 0.2004, 'ndcg@40': 0.0659} 
2024-10-09 00:43:53.904 | INFO     | trainer_1:_train_one_epoch:209 - test 17 cost time 8.91s, result: {'hit@1': 0.0068, 'ndcg@1': 0.0068, 'hit@5': 0.0284, 'ndcg@5': 0.0176, 'hit@10': 0.0486, 'ndcg@10': 0.0241, 'hit@15': 0.0658, 'ndcg@15': 0.0286, 'hit@20': 0.084, 'ndcg@20': 0.0329, 'hit@40': 0.1416, 'ndcg@40': 0.0446} 
2024-10-09 00:44:01.698 | INFO     | trainer_1:_train_one_epoch:193 - epoch 18 7.79s Train loss is [0.4032] 
2024-10-09 00:44:08.697 | INFO     | trainer_1:_train_one_epoch:201 - validate 18 cost time 7.00s, result: {'hit@1': 0.014, 'ndcg@1': 0.014, 'hit@5': 0.05, 'ndcg@5': 0.032, 'hit@10': 0.083, 'ndcg@10': 0.0426, 'hit@15': 0.1107, 'ndcg@15': 0.0499, 'hit@20': 0.1358, 'ndcg@20': 0.0559, 'hit@40': 0.2201, 'ndcg@40': 0.0731} 
2024-10-09 00:44:13.638 | INFO     | trainer_1:_train_one_epoch:209 - test 18 cost time 4.94s, result: {'hit@1': 0.0075, 'ndcg@1': 0.0075, 'hit@5': 0.0321, 'ndcg@5': 0.0199, 'hit@10': 0.0569, 'ndcg@10': 0.0279, 'hit@15': 0.0773, 'ndcg@15': 0.0332, 'hit@20': 0.0957, 'ndcg@20': 0.0376, 'hit@40': 0.1611, 'ndcg@40': 0.0509} 
2024-10-09 00:44:34.470 | INFO     | trainer_1:_train_one_epoch:193 - epoch 19 9.46s Train loss is [0.4059] 
2024-10-09 00:44:39.537 | INFO     | trainer_1:_train_one_epoch:201 - validate 19 cost time 5.07s, result: {'hit@1': 0.0148, 'ndcg@1': 0.0148, 'hit@5': 0.0522, 'ndcg@5': 0.0334, 'hit@10': 0.0858, 'ndcg@10': 0.0442, 'hit@15': 0.1159, 'ndcg@15': 0.0521, 'hit@20': 0.1406, 'ndcg@20': 0.0579, 'hit@40': 0.2282, 'ndcg@40': 0.0758} 
2024-10-09 00:44:44.480 | INFO     | trainer_1:_train_one_epoch:209 - test 19 cost time 4.94s, result: {'hit@1': 0.0083, 'ndcg@1': 0.0083, 'hit@5': 0.0338, 'ndcg@5': 0.0212, 'hit@10': 0.0577, 'ndcg@10': 0.0288, 'hit@15': 0.0785, 'ndcg@15': 0.0343, 'hit@20': 0.0973, 'ndcg@20': 0.0387, 'hit@40': 0.1636, 'ndcg@40': 0.0522} 
2024-10-09 00:45:03.552 | INFO     | trainer_1:_train_one_epoch:193 - epoch 20 8.05s Train loss is [0.3897] 
2024-10-09 00:45:13.416 | INFO     | trainer_1:_train_one_epoch:201 - validate 20 cost time 9.86s, result: {'hit@1': 0.0144, 'ndcg@1': 0.0144, 'hit@5': 0.0501, 'ndcg@5': 0.0323, 'hit@10': 0.0864, 'ndcg@10': 0.044, 'hit@15': 0.1166, 'ndcg@15': 0.0519, 'hit@20': 0.1431, 'ndcg@20': 0.0582, 'hit@40': 0.2279, 'ndcg@40': 0.0754} 
2024-10-09 00:45:23.106 | INFO     | trainer_1:_train_one_epoch:209 - test 20 cost time 9.69s, result: {'hit@1': 0.0099, 'ndcg@1': 0.0099, 'hit@5': 0.0338, 'ndcg@5': 0.0219, 'hit@10': 0.0586, 'ndcg@10': 0.0298, 'hit@15': 0.0792, 'ndcg@15': 0.0353, 'hit@20': 0.0986, 'ndcg@20': 0.0399, 'hit@40': 0.1627, 'ndcg@40': 0.0529} 
2024-10-09 00:45:41.905 | INFO     | trainer_1:_train_one_epoch:193 - epoch 21 7.99s Train loss is [0.3935] 
2024-10-09 00:45:51.731 | INFO     | trainer_1:_train_one_epoch:201 - validate 21 cost time 9.82s, result: {'hit@1': 0.0152, 'ndcg@1': 0.0152, 'hit@5': 0.0543, 'ndcg@5': 0.0349, 'hit@10': 0.0912, 'ndcg@10': 0.0467, 'hit@15': 0.1213, 'ndcg@15': 0.0546, 'hit@20': 0.1476, 'ndcg@20': 0.0608, 'hit@40': 0.2318, 'ndcg@40': 0.078} 
2024-10-09 00:46:01.420 | INFO     | trainer_1:_train_one_epoch:209 - test 21 cost time 9.69s, result: {'hit@1': 0.0094, 'ndcg@1': 0.0094, 'hit@5': 0.0351, 'ndcg@5': 0.0222, 'hit@10': 0.0604, 'ndcg@10': 0.0303, 'hit@15': 0.0822, 'ndcg@15': 0.0361, 'hit@20': 0.1004, 'ndcg@20': 0.0404, 'hit@40': 0.1635, 'ndcg@40': 0.0532} 
2024-10-09 00:46:20.082 | INFO     | trainer_1:_train_one_epoch:193 - epoch 22 7.93s Train loss is [0.3926] 
2024-10-09 00:46:29.912 | INFO     | trainer_1:_train_one_epoch:201 - validate 22 cost time 9.83s, result: {'hit@1': 0.0163, 'ndcg@1': 0.0163, 'hit@5': 0.0557, 'ndcg@5': 0.0358, 'hit@10': 0.0895, 'ndcg@10': 0.0467, 'hit@15': 0.1197, 'ndcg@15': 0.0547, 'hit@20': 0.1448, 'ndcg@20': 0.0606, 'hit@40': 0.2281, 'ndcg@40': 0.0775} 
2024-10-09 00:46:39.602 | INFO     | trainer_1:_train_one_epoch:209 - test 22 cost time 9.69s, result: {'hit@1': 0.0088, 'ndcg@1': 0.0088, 'hit@5': 0.0354, 'ndcg@5': 0.022, 'hit@10': 0.0624, 'ndcg@10': 0.0306, 'hit@15': 0.0831, 'ndcg@15': 0.0361, 'hit@20': 0.1017, 'ndcg@20': 0.0405, 'hit@40': 0.1637, 'ndcg@40': 0.0531} 
2024-10-09 00:46:58.063 | INFO     | trainer_1:_train_one_epoch:193 - epoch 23 7.88s Train loss is [0.3863] 
2024-10-09 00:47:07.887 | INFO     | trainer_1:_train_one_epoch:201 - validate 23 cost time 9.82s, result: {'hit@1': 0.0157, 'ndcg@1': 0.0157, 'hit@5': 0.055, 'ndcg@5': 0.0354, 'hit@10': 0.0912, 'ndcg@10': 0.0469, 'hit@15': 0.1215, 'ndcg@15': 0.0549, 'hit@20': 0.1487, 'ndcg@20': 0.0614, 'hit@40': 0.2377, 'ndcg@40': 0.0795} 
2024-10-09 00:47:17.579 | INFO     | trainer_1:_train_one_epoch:209 - test 23 cost time 9.69s, result: {'hit@1': 0.0083, 'ndcg@1': 0.0083, 'hit@5': 0.0363, 'ndcg@5': 0.0223, 'hit@10': 0.0626, 'ndcg@10': 0.0307, 'hit@15': 0.0836, 'ndcg@15': 0.0363, 'hit@20': 0.1055, 'ndcg@20': 0.0415, 'hit@40': 0.1699, 'ndcg@40': 0.0545} 
2024-10-09 00:47:36.076 | INFO     | trainer_1:_train_one_epoch:193 - epoch 24 7.88s Train loss is [0.3807] 
2024-10-09 00:47:45.912 | INFO     | trainer_1:_train_one_epoch:201 - validate 24 cost time 9.84s, result: {'hit@1': 0.0158, 'ndcg@1': 0.0158, 'hit@5': 0.0573, 'ndcg@5': 0.0366, 'hit@10': 0.0946, 'ndcg@10': 0.0486, 'hit@15': 0.1255, 'ndcg@15': 0.0567, 'hit@20': 0.1517, 'ndcg@20': 0.0629, 'hit@40': 0.2363, 'ndcg@40': 0.0802} 
2024-10-09 00:47:55.600 | INFO     | trainer_1:_train_one_epoch:209 - test 24 cost time 9.69s, result: {'hit@1': 0.0097, 'ndcg@1': 0.0097, 'hit@5': 0.0367, 'ndcg@5': 0.0232, 'hit@10': 0.0629, 'ndcg@10': 0.0316, 'hit@15': 0.0843, 'ndcg@15': 0.0372, 'hit@20': 0.1052, 'ndcg@20': 0.0422, 'hit@40': 0.1678, 'ndcg@40': 0.0549} 
2024-10-09 00:48:14.027 | INFO     | trainer_1:_train_one_epoch:193 - epoch 25 7.89s Train loss is [0.3801] 
2024-10-09 00:48:23.849 | INFO     | trainer_1:_train_one_epoch:201 - validate 25 cost time 9.82s, result: {'hit@1': 0.0163, 'ndcg@1': 0.0163, 'hit@5': 0.0573, 'ndcg@5': 0.0369, 'hit@10': 0.0942, 'ndcg@10': 0.0488, 'hit@15': 0.124, 'ndcg@15': 0.0566, 'hit@20': 0.1492, 'ndcg@20': 0.0626, 'hit@40': 0.235, 'ndcg@40': 0.0801} 
2024-10-09 00:48:33.525 | INFO     | trainer_1:_train_one_epoch:209 - test 25 cost time 9.68s, result: {'hit@1': 0.0107, 'ndcg@1': 0.0107, 'hit@5': 0.037, 'ndcg@5': 0.0238, 'hit@10': 0.0632, 'ndcg@10': 0.0322, 'hit@15': 0.0856, 'ndcg@15': 0.0381, 'hit@20': 0.104, 'ndcg@20': 0.0424, 'hit@40': 0.1705, 'ndcg@40': 0.056} 
2024-10-09 00:48:51.891 | INFO     | trainer_1:_train_one_epoch:193 - epoch 26 7.90s Train loss is [0.3831] 
2024-10-09 00:49:01.719 | INFO     | trainer_1:_train_one_epoch:201 - validate 26 cost time 9.83s, result: {'hit@1': 0.0175, 'ndcg@1': 0.0175, 'hit@5': 0.0577, 'ndcg@5': 0.0375, 'hit@10': 0.0942, 'ndcg@10': 0.0493, 'hit@15': 0.1248, 'ndcg@15': 0.0574, 'hit@20': 0.1503, 'ndcg@20': 0.0634, 'hit@40': 0.2354, 'ndcg@40': 0.0807} 
2024-10-09 00:49:11.382 | INFO     | trainer_1:_train_one_epoch:209 - test 26 cost time 9.66s, result: {'hit@1': 0.0102, 'ndcg@1': 0.0102, 'hit@5': 0.0372, 'ndcg@5': 0.0237, 'hit@10': 0.0618, 'ndcg@10': 0.0316, 'hit@15': 0.082, 'ndcg@15': 0.037, 'hit@20': 0.1013, 'ndcg@20': 0.0415, 'hit@40': 0.1666, 'ndcg@40': 0.0548} 
2024-10-09 00:49:19.235 | INFO     | trainer_1:_train_one_epoch:193 - epoch 27 7.85s Train loss is [0.3680] 
2024-10-09 00:49:29.081 | INFO     | trainer_1:_train_one_epoch:201 - validate 27 cost time 9.85s, result: {'hit@1': 0.0169, 'ndcg@1': 0.0169, 'hit@5': 0.0576, 'ndcg@5': 0.0374, 'hit@10': 0.0947, 'ndcg@10': 0.0493, 'hit@15': 0.1257, 'ndcg@15': 0.0575, 'hit@20': 0.153, 'ndcg@20': 0.0639, 'hit@40': 0.2383, 'ndcg@40': 0.0813} 
2024-10-09 00:49:38.775 | INFO     | trainer_1:_train_one_epoch:209 - test 27 cost time 9.69s, result: {'hit@1': 0.0113, 'ndcg@1': 0.0113, 'hit@5': 0.0379, 'ndcg@5': 0.0247, 'hit@10': 0.0636, 'ndcg@10': 0.0329, 'hit@15': 0.0864, 'ndcg@15': 0.0389, 'hit@20': 0.1053, 'ndcg@20': 0.0434, 'hit@40': 0.1684, 'ndcg@40': 0.0562} 
2024-10-09 00:49:57.090 | INFO     | trainer_1:_train_one_epoch:193 - epoch 28 7.84s Train loss is [0.3644] 
2024-10-09 00:50:06.908 | INFO     | trainer_1:_train_one_epoch:201 - validate 28 cost time 9.82s, result: {'hit@1': 0.0162, 'ndcg@1': 0.0162, 'hit@5': 0.0559, 'ndcg@5': 0.0363, 'hit@10': 0.0941, 'ndcg@10': 0.0485, 'hit@15': 0.1259, 'ndcg@15': 0.057, 'hit@20': 0.1528, 'ndcg@20': 0.0633, 'hit@40': 0.2385, 'ndcg@40': 0.0808} 
2024-10-09 00:50:16.567 | INFO     | trainer_1:_train_one_epoch:209 - test 28 cost time 9.66s, result: {'hit@1': 0.0104, 'ndcg@1': 0.0104, 'hit@5': 0.0365, 'ndcg@5': 0.0234, 'hit@10': 0.0643, 'ndcg@10': 0.0323, 'hit@15': 0.087, 'ndcg@15': 0.0383, 'hit@20': 0.1066, 'ndcg@20': 0.0429, 'hit@40': 0.1713, 'ndcg@40': 0.056} 
2024-10-09 00:50:35.255 | INFO     | trainer_1:_train_one_epoch:193 - epoch 29 7.92s Train loss is [0.3705] 
2024-10-09 00:50:45.098 | INFO     | trainer_1:_train_one_epoch:201 - validate 29 cost time 9.84s, result: {'hit@1': 0.0166, 'ndcg@1': 0.0166, 'hit@5': 0.0561, 'ndcg@5': 0.0364, 'hit@10': 0.0929, 'ndcg@10': 0.0482, 'hit@15': 0.1241, 'ndcg@15': 0.0564, 'hit@20': 0.1501, 'ndcg@20': 0.0625, 'hit@40': 0.2365, 'ndcg@40': 0.0801} 
2024-10-09 00:50:54.779 | INFO     | trainer_1:_train_one_epoch:209 - test 29 cost time 9.68s, result: {'hit@1': 0.0101, 'ndcg@1': 0.0101, 'hit@5': 0.0348, 'ndcg@5': 0.0224, 'hit@10': 0.0606, 'ndcg@10': 0.0305, 'hit@15': 0.0815, 'ndcg@15': 0.0361, 'hit@20': 0.101, 'ndcg@20': 0.0407, 'hit@40': 0.1653, 'ndcg@40': 0.0537} 
2024-10-09 00:51:02.674 | INFO     | trainer_1:_train_one_epoch:193 - epoch 30 7.89s Train loss is [0.3720] 
2024-10-09 00:51:12.493 | INFO     | trainer_1:_train_one_epoch:201 - validate 30 cost time 9.82s, result: {'hit@1': 0.0169, 'ndcg@1': 0.0169, 'hit@5': 0.0583, 'ndcg@5': 0.0377, 'hit@10': 0.0957, 'ndcg@10': 0.0496, 'hit@15': 0.1278, 'ndcg@15': 0.0581, 'hit@20': 0.1566, 'ndcg@20': 0.0649, 'hit@40': 0.2434, 'ndcg@40': 0.0825} 
2024-10-09 00:51:22.151 | INFO     | trainer_1:_train_one_epoch:209 - test 30 cost time 9.66s, result: {'hit@1': 0.0111, 'ndcg@1': 0.0111, 'hit@5': 0.037, 'ndcg@5': 0.0241, 'hit@10': 0.0636, 'ndcg@10': 0.0326, 'hit@15': 0.0879, 'ndcg@15': 0.039, 'hit@20': 0.1082, 'ndcg@20': 0.0438, 'hit@40': 0.1777, 'ndcg@40': 0.058} 
2024-10-09 00:51:29.886 | INFO     | trainer_1:_train_one_epoch:193 - epoch 31 7.73s Train loss is [0.3600] 
2024-10-09 00:51:39.705 | INFO     | trainer_1:_train_one_epoch:201 - validate 31 cost time 9.82s, result: {'hit@1': 0.0157, 'ndcg@1': 0.0157, 'hit@5': 0.0573, 'ndcg@5': 0.0365, 'hit@10': 0.0951, 'ndcg@10': 0.0486, 'hit@15': 0.1274, 'ndcg@15': 0.0572, 'hit@20': 0.1548, 'ndcg@20': 0.0637, 'hit@40': 0.2465, 'ndcg@40': 0.0824} 
2024-10-09 00:51:49.369 | INFO     | trainer_1:_train_one_epoch:209 - test 31 cost time 9.66s, result: {'hit@1': 0.0099, 'ndcg@1': 0.0099, 'hit@5': 0.0374, 'ndcg@5': 0.0236, 'hit@10': 0.0638, 'ndcg@10': 0.032, 'hit@15': 0.0868, 'ndcg@15': 0.0381, 'hit@20': 0.1072, 'ndcg@20': 0.0429, 'hit@40': 0.1751, 'ndcg@40': 0.0567} 
2024-10-09 00:51:57.246 | INFO     | trainer_1:_train_one_epoch:193 - epoch 32 7.88s Train loss is [0.3622] 
2024-10-09 00:52:07.077 | INFO     | trainer_1:_train_one_epoch:201 - validate 32 cost time 9.83s, result: {'hit@1': 0.0165, 'ndcg@1': 0.0165, 'hit@5': 0.0588, 'ndcg@5': 0.0376, 'hit@10': 0.0963, 'ndcg@10': 0.0496, 'hit@15': 0.1274, 'ndcg@15': 0.0578, 'hit@20': 0.1542, 'ndcg@20': 0.0641, 'hit@40': 0.2419, 'ndcg@40': 0.082} 
2024-10-09 00:52:16.744 | INFO     | trainer_1:_train_one_epoch:209 - test 32 cost time 9.67s, result: {'hit@1': 0.0103, 'ndcg@1': 0.0103, 'hit@5': 0.0376, 'ndcg@5': 0.0239, 'hit@10': 0.0636, 'ndcg@10': 0.0322, 'hit@15': 0.0857, 'ndcg@15': 0.0381, 'hit@20': 0.1052, 'ndcg@20': 0.0427, 'hit@40': 0.1725, 'ndcg@40': 0.0564} 
2024-10-09 00:52:24.552 | INFO     | trainer_1:_train_one_epoch:193 - epoch 33 7.81s Train loss is [0.3572] 
2024-10-09 00:52:34.374 | INFO     | trainer_1:_train_one_epoch:201 - validate 33 cost time 9.82s, result: {'hit@1': 0.0163, 'ndcg@1': 0.0163, 'hit@5': 0.0612, 'ndcg@5': 0.0388, 'hit@10': 0.1006, 'ndcg@10': 0.0514, 'hit@15': 0.1293, 'ndcg@15': 0.059, 'hit@20': 0.1586, 'ndcg@20': 0.066, 'hit@40': 0.2516, 'ndcg@40': 0.0849} 
2024-10-09 00:52:44.041 | INFO     | trainer_1:_train_one_epoch:209 - test 33 cost time 9.67s, result: {'hit@1': 0.0112, 'ndcg@1': 0.0112, 'hit@5': 0.0388, 'ndcg@5': 0.0247, 'hit@10': 0.0657, 'ndcg@10': 0.0333, 'hit@15': 0.088, 'ndcg@15': 0.0391, 'hit@20': 0.1092, 'ndcg@20': 0.0441, 'hit@40': 0.1777, 'ndcg@40': 0.0581} 
2024-10-09 00:53:02.433 | INFO     | trainer_1:_train_one_epoch:193 - epoch 34 7.87s Train loss is [0.3576] 
2024-10-09 00:53:12.259 | INFO     | trainer_1:_train_one_epoch:201 - validate 34 cost time 9.83s, result: {'hit@1': 0.0161, 'ndcg@1': 0.0161, 'hit@5': 0.0602, 'ndcg@5': 0.0382, 'hit@10': 0.1012, 'ndcg@10': 0.0514, 'hit@15': 0.134, 'ndcg@15': 0.0601, 'hit@20': 0.162, 'ndcg@20': 0.0667, 'hit@40': 0.2516, 'ndcg@40': 0.0849} 
2024-10-09 00:53:21.924 | INFO     | trainer_1:_train_one_epoch:209 - test 34 cost time 9.66s, result: {'hit@1': 0.0113, 'ndcg@1': 0.0113, 'hit@5': 0.0383, 'ndcg@5': 0.0246, 'hit@10': 0.0659, 'ndcg@10': 0.0334, 'hit@15': 0.0882, 'ndcg@15': 0.0393, 'hit@20': 0.11, 'ndcg@20': 0.0444, 'hit@40': 0.1783, 'ndcg@40': 0.0584} 
2024-10-09 00:53:40.300 | INFO     | trainer_1:_train_one_epoch:193 - epoch 35 7.89s Train loss is [0.3579] 
2024-10-09 00:53:50.118 | INFO     | trainer_1:_train_one_epoch:201 - validate 35 cost time 9.82s, result: {'hit@1': 0.017, 'ndcg@1': 0.017, 'hit@5': 0.0608, 'ndcg@5': 0.039, 'hit@10': 0.1011, 'ndcg@10': 0.0519, 'hit@15': 0.1353, 'ndcg@15': 0.0609, 'hit@20': 0.164, 'ndcg@20': 0.0677, 'hit@40': 0.2571, 'ndcg@40': 0.0867} 
2024-10-09 00:53:59.771 | INFO     | trainer_1:_train_one_epoch:209 - test 35 cost time 9.65s, result: {'hit@1': 0.0117, 'ndcg@1': 0.0117, 'hit@5': 0.0394, 'ndcg@5': 0.0253, 'hit@10': 0.0671, 'ndcg@10': 0.0342, 'hit@15': 0.0906, 'ndcg@15': 0.0404, 'hit@20': 0.1119, 'ndcg@20': 0.0454, 'hit@40': 0.1818, 'ndcg@40': 0.0596} 
2024-10-09 00:54:17.979 | INFO     | trainer_1:_train_one_epoch:193 - epoch 36 7.86s Train loss is [0.3625] 
2024-10-09 00:54:27.789 | INFO     | trainer_1:_train_one_epoch:201 - validate 36 cost time 9.81s, result: {'hit@1': 0.0163, 'ndcg@1': 0.0163, 'hit@5': 0.0592, 'ndcg@5': 0.0378, 'hit@10': 0.0977, 'ndcg@10': 0.0502, 'hit@15': 0.1281, 'ndcg@15': 0.0582, 'hit@20': 0.1579, 'ndcg@20': 0.0652, 'hit@40': 0.2482, 'ndcg@40': 0.0836} 
2024-10-09 00:54:37.445 | INFO     | trainer_1:_train_one_epoch:209 - test 36 cost time 9.66s, result: {'hit@1': 0.0108, 'ndcg@1': 0.0108, 'hit@5': 0.0378, 'ndcg@5': 0.0242, 'hit@10': 0.0649, 'ndcg@10': 0.033, 'hit@15': 0.0886, 'ndcg@15': 0.0392, 'hit@20': 0.108, 'ndcg@20': 0.0438, 'hit@40': 0.1771, 'ndcg@40': 0.0579} 
2024-10-09 00:54:45.270 | INFO     | trainer_1:_train_one_epoch:193 - epoch 37 7.82s Train loss is [0.3544] 
2024-10-09 00:54:55.101 | INFO     | trainer_1:_train_one_epoch:201 - validate 37 cost time 9.83s, result: {'hit@1': 0.0166, 'ndcg@1': 0.0166, 'hit@5': 0.0611, 'ndcg@5': 0.0387, 'hit@10': 0.0983, 'ndcg@10': 0.0506, 'hit@15': 0.1291, 'ndcg@15': 0.0587, 'hit@20': 0.1588, 'ndcg@20': 0.0657, 'hit@40': 0.2478, 'ndcg@40': 0.0838} 
2024-10-09 00:55:04.785 | INFO     | trainer_1:_train_one_epoch:209 - test 37 cost time 9.68s, result: {'hit@1': 0.0112, 'ndcg@1': 0.0112, 'hit@5': 0.0381, 'ndcg@5': 0.0247, 'hit@10': 0.0649, 'ndcg@10': 0.0333, 'hit@15': 0.0883, 'ndcg@15': 0.0395, 'hit@20': 0.1096, 'ndcg@20': 0.0445, 'hit@40': 0.1781, 'ndcg@40': 0.0584} 
2024-10-09 00:55:12.678 | INFO     | trainer_1:_train_one_epoch:193 - epoch 38 7.89s Train loss is [0.3467] 
2024-10-09 00:55:22.497 | INFO     | trainer_1:_train_one_epoch:201 - validate 38 cost time 9.82s, result: {'hit@1': 0.0163, 'ndcg@1': 0.0163, 'hit@5': 0.0607, 'ndcg@5': 0.0385, 'hit@10': 0.0974, 'ndcg@10': 0.0503, 'hit@15': 0.1296, 'ndcg@15': 0.0588, 'hit@20': 0.1589, 'ndcg@20': 0.0657, 'hit@40': 0.2481, 'ndcg@40': 0.0839} 
2024-10-09 00:55:32.157 | INFO     | trainer_1:_train_one_epoch:209 - test 38 cost time 9.66s, result: {'hit@1': 0.011, 'ndcg@1': 0.011, 'hit@5': 0.0387, 'ndcg@5': 0.0247, 'hit@10': 0.0658, 'ndcg@10': 0.0334, 'hit@15': 0.0896, 'ndcg@15': 0.0398, 'hit@20': 0.1105, 'ndcg@20': 0.0447, 'hit@40': 0.1806, 'ndcg@40': 0.0589} 
2024-10-09 00:55:39.898 | INFO     | trainer_1:_train_one_epoch:193 - epoch 39 7.74s Train loss is [0.3438] 
2024-10-09 00:55:49.713 | INFO     | trainer_1:_train_one_epoch:201 - validate 39 cost time 9.81s, result: {'hit@1': 0.0159, 'ndcg@1': 0.0159, 'hit@5': 0.0569, 'ndcg@5': 0.0367, 'hit@10': 0.0959, 'ndcg@10': 0.0491, 'hit@15': 0.1268, 'ndcg@15': 0.0573, 'hit@20': 0.157, 'ndcg@20': 0.0644, 'hit@40': 0.2465, 'ndcg@40': 0.0826} 
2024-10-09 00:55:59.376 | INFO     | trainer_1:_train_one_epoch:209 - test 39 cost time 9.66s, result: {'hit@1': 0.0107, 'ndcg@1': 0.0107, 'hit@5': 0.037, 'ndcg@5': 0.0237, 'hit@10': 0.0634, 'ndcg@10': 0.0322, 'hit@15': 0.0869, 'ndcg@15': 0.0384, 'hit@20': 0.1069, 'ndcg@20': 0.0431, 'hit@40': 0.1773, 'ndcg@40': 0.0574} 
2024-10-09 00:56:07.107 | INFO     | trainer_1:_train_one_epoch:193 - epoch 40 7.73s Train loss is [0.3433] 
2024-10-09 00:56:16.926 | INFO     | trainer_1:_train_one_epoch:201 - validate 40 cost time 9.82s, result: {'hit@1': 0.0168, 'ndcg@1': 0.0168, 'hit@5': 0.0589, 'ndcg@5': 0.0378, 'hit@10': 0.0965, 'ndcg@10': 0.0498, 'hit@15': 0.13, 'ndcg@15': 0.0587, 'hit@20': 0.1592, 'ndcg@20': 0.0656, 'hit@40': 0.2523, 'ndcg@40': 0.0845} 
2024-10-09 00:56:26.597 | INFO     | trainer_1:_train_one_epoch:209 - test 40 cost time 9.67s, result: {'hit@1': 0.0111, 'ndcg@1': 0.0111, 'hit@5': 0.0379, 'ndcg@5': 0.0243, 'hit@10': 0.0642, 'ndcg@10': 0.0327, 'hit@15': 0.0863, 'ndcg@15': 0.0385, 'hit@20': 0.1082, 'ndcg@20': 0.0437, 'hit@40': 0.1795, 'ndcg@40': 0.0582} 
2024-10-09 00:56:26.607 | INFO     | trainer_1:train_model:163 - training end, best iteration 35, results: {'hit@1': 0.017, 'ndcg@1': 0.017, 'hit@5': 0.0608, 'ndcg@5': 0.039, 'hit@10': 0.1011, 'ndcg@10': 0.0519, 'hit@15': 0.1353, 'ndcg@15': 0.0609, 'hit@20': 0.164, 'ndcg@20': 0.0677, 'hit@40': 0.2571, 'ndcg@40': 0.0867}
2024-10-09 00:56:26.608 | INFO     | trainer_1:train_model:166 - final test result is:  {'hit@1': 0.0117, 'ndcg@1': 0.0117, 'hit@5': 0.0394, 'ndcg@5': 0.0253, 'hit@10': 0.0671, 'ndcg@10': 0.0342, 'hit@15': 0.0906, 'ndcg@15': 0.0404, 'hit@20': 0.1119, 'ndcg@20': 0.0454, 'hit@40': 0.1818, 'ndcg@40': 0.0596}
2024-10-09 00:56:26.933 | INFO     | __main__:<module>:119 - train end total cost time: 2050.9258127212524
