2024-10-09 00:57:01.652 | INFO     | __main__:<module>:105 - Namespace(TIME='2024-10-09 00_56_29', batch_size=1024, behaviors=['view', 'cart', 'buy'], check_point='model_pre_1_2024-10-08 11_17_41.pth', data_name='beibei', data_path='./data/beibei', decay=0.001, device='cuda:1', dim_qk=32, dim_v=64, distill_layers=2, distill_thres=0.5, distill_topK=40, distill_userK=6, embedding_size=64, epochs=100, gpu_no=1, if_load_model=True, ii_lambda=200, initializer_range=0.02, layers=2, loss_type='bpr', lr=0.001, message_dropout=0.25, metrics=['hit', 'ndcg'], min_epoch=5, model_name='main_1', model_path='./check_point', node_dropout=0.75, omega=1, pt_loop=50, reg_weight=0.001, test_batch_size=1024, testbatch=1024, topk=[1, 5, 10, 15, 20, 40], uu_lambda=100)
2024-10-09 00:57:01.652 | INFO     | __main__:<module>:106 - BIPN(
  (message_dropout): Dropout(p=0.25, inplace=False)
  (user_embedding): Embedding(21717, 64, padding_idx=0)
  (item_embedding): Embedding(7978, 64, padding_idx=0)
  (global_Graph): LightGCN()
  (Graph_encoder): ModuleDict(
    (view): GraphEncoder(
      (light): LightGCN()
      (dropout): Dropout(p=0.75, inplace=False)
    )
    (cart): GraphEncoder(
      (light): LightGCN()
      (dropout): Dropout(p=0.75, inplace=False)
    )
    (buy): GraphEncoder(
      (light): LightGCN()
      (dropout): Dropout(p=0.75, inplace=False)
    )
  )
  (attention): Mutual_Attention()
  (bpr_loss): BPRLoss()
  (emb_loss): EmbLoss()
  (f): Sigmoid()
)
2024-10-09 01:16:08.129 | INFO     | trainer_1:_train_one_epoch:193 - epoch 1 8.25s Train loss is [0.9464] 
2024-10-09 01:16:14.847 | INFO     | trainer_1:_train_one_epoch:201 - validate 1 cost time 6.72s, result: {'hit@1': 0.0065, 'ndcg@1': 0.0065, 'hit@5': 0.0279, 'ndcg@5': 0.0171, 'hit@10': 0.0497, 'ndcg@10': 0.0241, 'hit@15': 0.0688, 'ndcg@15': 0.0291, 'hit@20': 0.0862, 'ndcg@20': 0.0332, 'hit@40': 0.1487, 'ndcg@40': 0.046} 
2024-10-09 01:16:22.313 | INFO     | trainer_1:_train_one_epoch:209 - test 1 cost time 7.47s, result: {'hit@1': 0.0042, 'ndcg@1': 0.0042, 'hit@5': 0.0176, 'ndcg@5': 0.0107, 'hit@10': 0.0347, 'ndcg@10': 0.0161, 'hit@15': 0.0491, 'ndcg@15': 0.0199, 'hit@20': 0.0616, 'ndcg@20': 0.0228, 'hit@40': 0.1129, 'ndcg@40': 0.0333} 
2024-10-09 01:16:41.624 | INFO     | trainer_1:_train_one_epoch:193 - epoch 2 8.37s Train loss is [0.7201] 
2024-10-09 01:16:48.896 | INFO     | trainer_1:_train_one_epoch:201 - validate 2 cost time 7.27s, result: {'hit@1': 0.0093, 'ndcg@1': 0.0093, 'hit@5': 0.0346, 'ndcg@5': 0.0218, 'hit@10': 0.0606, 'ndcg@10': 0.0301, 'hit@15': 0.0823, 'ndcg@15': 0.0358, 'hit@20': 0.1016, 'ndcg@20': 0.0404, 'hit@40': 0.1669, 'ndcg@40': 0.0536} 
2024-10-09 01:16:56.772 | INFO     | trainer_1:_train_one_epoch:209 - test 2 cost time 7.88s, result: {'hit@1': 0.0051, 'ndcg@1': 0.0051, 'hit@5': 0.022, 'ndcg@5': 0.0133, 'hit@10': 0.041, 'ndcg@10': 0.0195, 'hit@15': 0.0573, 'ndcg@15': 0.0238, 'hit@20': 0.0732, 'ndcg@20': 0.0275, 'hit@40': 0.1213, 'ndcg@40': 0.0373} 
2024-10-09 01:17:15.567 | INFO     | trainer_1:_train_one_epoch:193 - epoch 3 8.08s Train loss is [0.6426] 
2024-10-09 01:17:22.280 | INFO     | trainer_1:_train_one_epoch:201 - validate 3 cost time 6.71s, result: {'hit@1': 0.0077, 'ndcg@1': 0.0077, 'hit@5': 0.0318, 'ndcg@5': 0.0196, 'hit@10': 0.0587, 'ndcg@10': 0.0281, 'hit@15': 0.0836, 'ndcg@15': 0.0347, 'hit@20': 0.1029, 'ndcg@20': 0.0393, 'hit@40': 0.1753, 'ndcg@40': 0.054} 
2024-10-09 01:17:29.861 | INFO     | trainer_1:_train_one_epoch:209 - test 3 cost time 7.58s, result: {'hit@1': 0.0041, 'ndcg@1': 0.0041, 'hit@5': 0.0195, 'ndcg@5': 0.0117, 'hit@10': 0.0385, 'ndcg@10': 0.0178, 'hit@15': 0.0561, 'ndcg@15': 0.0224, 'hit@20': 0.0715, 'ndcg@20': 0.0261, 'hit@40': 0.1262, 'ndcg@40': 0.0372} 
2024-10-09 01:17:38.143 | INFO     | trainer_1:_train_one_epoch:193 - epoch 4 8.28s Train loss is [0.5918] 
2024-10-09 01:17:46.437 | INFO     | trainer_1:_train_one_epoch:201 - validate 4 cost time 8.29s, result: {'hit@1': 0.0079, 'ndcg@1': 0.0079, 'hit@5': 0.0316, 'ndcg@5': 0.0196, 'hit@10': 0.0566, 'ndcg@10': 0.0277, 'hit@15': 0.0789, 'ndcg@15': 0.0335, 'hit@20': 0.0998, 'ndcg@20': 0.0384, 'hit@40': 0.1648, 'ndcg@40': 0.0517} 
2024-10-09 01:17:53.205 | INFO     | trainer_1:_train_one_epoch:209 - test 4 cost time 6.77s, result: {'hit@1': 0.0042, 'ndcg@1': 0.0042, 'hit@5': 0.0181, 'ndcg@5': 0.011, 'hit@10': 0.0343, 'ndcg@10': 0.0162, 'hit@15': 0.051, 'ndcg@15': 0.0206, 'hit@20': 0.0668, 'ndcg@20': 0.0243, 'hit@40': 0.1166, 'ndcg@40': 0.0344} 
2024-10-09 01:18:01.606 | INFO     | trainer_1:_train_one_epoch:193 - epoch 5 8.40s Train loss is [0.5525] 
2024-10-09 01:18:09.643 | INFO     | trainer_1:_train_one_epoch:201 - validate 5 cost time 8.04s, result: {'hit@1': 0.0128, 'ndcg@1': 0.0128, 'hit@5': 0.0384, 'ndcg@5': 0.0253, 'hit@10': 0.0662, 'ndcg@10': 0.0342, 'hit@15': 0.0901, 'ndcg@15': 0.0405, 'hit@20': 0.1102, 'ndcg@20': 0.0453, 'hit@40': 0.1786, 'ndcg@40': 0.0592} 
2024-10-09 01:18:17.448 | INFO     | trainer_1:_train_one_epoch:209 - test 5 cost time 7.80s, result: {'hit@1': 0.0063, 'ndcg@1': 0.0063, 'hit@5': 0.0219, 'ndcg@5': 0.0139, 'hit@10': 0.0396, 'ndcg@10': 0.0195, 'hit@15': 0.0573, 'ndcg@15': 0.0242, 'hit@20': 0.0713, 'ndcg@20': 0.0275, 'hit@40': 0.1207, 'ndcg@40': 0.0376} 
2024-10-09 01:18:25.666 | INFO     | trainer_1:_train_one_epoch:193 - epoch 6 8.22s Train loss is [0.5289] 
2024-10-09 01:18:32.419 | INFO     | trainer_1:_train_one_epoch:201 - validate 6 cost time 6.75s, result: {'hit@1': 0.0127, 'ndcg@1': 0.0127, 'hit@5': 0.0411, 'ndcg@5': 0.0269, 'hit@10': 0.0671, 'ndcg@10': 0.0352, 'hit@15': 0.0927, 'ndcg@15': 0.0419, 'hit@20': 0.1149, 'ndcg@20': 0.0471, 'hit@40': 0.1859, 'ndcg@40': 0.0615} 
2024-10-09 01:18:40.332 | INFO     | trainer_1:_train_one_epoch:209 - test 6 cost time 7.91s, result: {'hit@1': 0.0069, 'ndcg@1': 0.0069, 'hit@5': 0.0246, 'ndcg@5': 0.0155, 'hit@10': 0.0425, 'ndcg@10': 0.0212, 'hit@15': 0.059, 'ndcg@15': 0.0256, 'hit@20': 0.0744, 'ndcg@20': 0.0292, 'hit@40': 0.1265, 'ndcg@40': 0.0398} 
2024-10-09 01:18:59.529 | INFO     | trainer_1:_train_one_epoch:193 - epoch 7 8.46s Train loss is [0.5268] 
2024-10-09 01:19:07.142 | INFO     | trainer_1:_train_one_epoch:201 - validate 7 cost time 7.61s, result: {'hit@1': 0.0117, 'ndcg@1': 0.0117, 'hit@5': 0.0423, 'ndcg@5': 0.0269, 'hit@10': 0.0716, 'ndcg@10': 0.0363, 'hit@15': 0.0981, 'ndcg@15': 0.0433, 'hit@20': 0.1228, 'ndcg@20': 0.0491, 'hit@40': 0.1951, 'ndcg@40': 0.0639} 
2024-10-09 01:19:15.010 | INFO     | trainer_1:_train_one_epoch:209 - test 7 cost time 7.87s, result: {'hit@1': 0.0067, 'ndcg@1': 0.0067, 'hit@5': 0.0245, 'ndcg@5': 0.0155, 'hit@10': 0.0421, 'ndcg@10': 0.0212, 'hit@15': 0.0608, 'ndcg@15': 0.0261, 'hit@20': 0.0783, 'ndcg@20': 0.0303, 'hit@40': 0.1341, 'ndcg@40': 0.0416} 
2024-10-09 01:19:23.153 | INFO     | trainer_1:_train_one_epoch:193 - epoch 8 8.14s Train loss is [0.4937] 
2024-10-09 01:19:28.995 | INFO     | trainer_1:_train_one_epoch:201 - validate 8 cost time 5.84s, result: {'hit@1': 0.0096, 'ndcg@1': 0.0096, 'hit@5': 0.0385, 'ndcg@5': 0.0238, 'hit@10': 0.0684, 'ndcg@10': 0.0333, 'hit@15': 0.0942, 'ndcg@15': 0.0401, 'hit@20': 0.1194, 'ndcg@20': 0.0461, 'hit@40': 0.1989, 'ndcg@40': 0.0622} 
2024-10-09 01:19:33.941 | INFO     | trainer_1:_train_one_epoch:209 - test 8 cost time 4.95s, result: {'hit@1': 0.0053, 'ndcg@1': 0.0053, 'hit@5': 0.0232, 'ndcg@5': 0.0142, 'hit@10': 0.0423, 'ndcg@10': 0.0203, 'hit@15': 0.0595, 'ndcg@15': 0.0248, 'hit@20': 0.078, 'ndcg@20': 0.0292, 'hit@40': 0.1358, 'ndcg@40': 0.041} 
2024-10-09 01:19:42.415 | INFO     | trainer_1:_train_one_epoch:193 - epoch 9 8.47s Train loss is [0.4801] 
2024-10-09 01:19:50.074 | INFO     | trainer_1:_train_one_epoch:201 - validate 9 cost time 7.66s, result: {'hit@1': 0.0118, 'ndcg@1': 0.0118, 'hit@5': 0.0448, 'ndcg@5': 0.0281, 'hit@10': 0.0769, 'ndcg@10': 0.0384, 'hit@15': 0.1047, 'ndcg@15': 0.0457, 'hit@20': 0.1292, 'ndcg@20': 0.0515, 'hit@40': 0.2075, 'ndcg@40': 0.0674} 
2024-10-09 01:19:57.848 | INFO     | trainer_1:_train_one_epoch:209 - test 9 cost time 7.77s, result: {'hit@1': 0.0066, 'ndcg@1': 0.0066, 'hit@5': 0.0262, 'ndcg@5': 0.0164, 'hit@10': 0.0462, 'ndcg@10': 0.0227, 'hit@15': 0.0673, 'ndcg@15': 0.0283, 'hit@20': 0.0844, 'ndcg@20': 0.0323, 'hit@40': 0.1445, 'ndcg@40': 0.0446} 
2024-10-09 01:20:16.978 | INFO     | trainer_1:_train_one_epoch:193 - epoch 10 8.42s Train loss is [0.4711] 
2024-10-09 01:20:24.923 | INFO     | trainer_1:_train_one_epoch:201 - validate 10 cost time 7.94s, result: {'hit@1': 0.013, 'ndcg@1': 0.013, 'hit@5': 0.0461, 'ndcg@5': 0.0294, 'hit@10': 0.0785, 'ndcg@10': 0.0397, 'hit@15': 0.1045, 'ndcg@15': 0.0466, 'hit@20': 0.1273, 'ndcg@20': 0.052, 'hit@40': 0.2099, 'ndcg@40': 0.0688} 
2024-10-09 01:20:32.629 | INFO     | trainer_1:_train_one_epoch:209 - test 10 cost time 7.71s, result: {'hit@1': 0.0074, 'ndcg@1': 0.0074, 'hit@5': 0.028, 'ndcg@5': 0.0175, 'hit@10': 0.0493, 'ndcg@10': 0.0243, 'hit@15': 0.068, 'ndcg@15': 0.0292, 'hit@20': 0.0853, 'ndcg@20': 0.0333, 'hit@40': 0.1443, 'ndcg@40': 0.0453} 
2024-10-09 01:20:51.641 | INFO     | trainer_1:_train_one_epoch:193 - epoch 11 8.30s Train loss is [0.4646] 
2024-10-09 01:20:59.589 | INFO     | trainer_1:_train_one_epoch:201 - validate 11 cost time 7.95s, result: {'hit@1': 0.0104, 'ndcg@1': 0.0104, 'hit@5': 0.0408, 'ndcg@5': 0.0257, 'hit@10': 0.0705, 'ndcg@10': 0.0352, 'hit@15': 0.0955, 'ndcg@15': 0.0417, 'hit@20': 0.1181, 'ndcg@20': 0.0471, 'hit@40': 0.1912, 'ndcg@40': 0.0619} 
2024-10-09 01:21:07.520 | INFO     | trainer_1:_train_one_epoch:209 - test 11 cost time 7.93s, result: {'hit@1': 0.0066, 'ndcg@1': 0.0066, 'hit@5': 0.0262, 'ndcg@5': 0.0162, 'hit@10': 0.0469, 'ndcg@10': 0.0228, 'hit@15': 0.0637, 'ndcg@15': 0.0272, 'hit@20': 0.0808, 'ndcg@20': 0.0313, 'hit@40': 0.1343, 'ndcg@40': 0.0421} 
2024-10-09 01:21:15.762 | INFO     | trainer_1:_train_one_epoch:193 - epoch 12 8.24s Train loss is [0.4611] 
2024-10-09 01:21:22.681 | INFO     | trainer_1:_train_one_epoch:201 - validate 12 cost time 6.92s, result: {'hit@1': 0.0098, 'ndcg@1': 0.0098, 'hit@5': 0.0405, 'ndcg@5': 0.025, 'hit@10': 0.0706, 'ndcg@10': 0.0347, 'hit@15': 0.0959, 'ndcg@15': 0.0414, 'hit@20': 0.1191, 'ndcg@20': 0.0468, 'hit@40': 0.2012, 'ndcg@40': 0.0635} 
2024-10-09 01:21:30.498 | INFO     | trainer_1:_train_one_epoch:209 - test 12 cost time 7.82s, result: {'hit@1': 0.0072, 'ndcg@1': 0.0072, 'hit@5': 0.0264, 'ndcg@5': 0.0165, 'hit@10': 0.0473, 'ndcg@10': 0.0232, 'hit@15': 0.0654, 'ndcg@15': 0.028, 'hit@20': 0.0839, 'ndcg@20': 0.0323, 'hit@40': 0.1421, 'ndcg@40': 0.0442} 
2024-10-09 01:21:38.710 | INFO     | trainer_1:_train_one_epoch:193 - epoch 13 8.21s Train loss is [0.4438] 
2024-10-09 01:21:45.997 | INFO     | trainer_1:_train_one_epoch:201 - validate 13 cost time 7.29s, result: {'hit@1': 0.0117, 'ndcg@1': 0.0117, 'hit@5': 0.0449, 'ndcg@5': 0.0283, 'hit@10': 0.0754, 'ndcg@10': 0.0381, 'hit@15': 0.1006, 'ndcg@15': 0.0447, 'hit@20': 0.1247, 'ndcg@20': 0.0504, 'hit@40': 0.2031, 'ndcg@40': 0.0664} 
2024-10-09 01:21:50.896 | INFO     | trainer_1:_train_one_epoch:209 - test 13 cost time 4.90s, result: {'hit@1': 0.0071, 'ndcg@1': 0.0071, 'hit@5': 0.028, 'ndcg@5': 0.0175, 'hit@10': 0.0497, 'ndcg@10': 0.0245, 'hit@15': 0.0674, 'ndcg@15': 0.0292, 'hit@20': 0.0846, 'ndcg@20': 0.0332, 'hit@40': 0.1463, 'ndcg@40': 0.0458} 
2024-10-09 01:22:09.914 | INFO     | trainer_1:_train_one_epoch:193 - epoch 14 8.20s Train loss is [0.4400] 
2024-10-09 01:22:17.865 | INFO     | trainer_1:_train_one_epoch:201 - validate 14 cost time 7.95s, result: {'hit@1': 0.0121, 'ndcg@1': 0.0121, 'hit@5': 0.0455, 'ndcg@5': 0.0286, 'hit@10': 0.0771, 'ndcg@10': 0.0388, 'hit@15': 0.1002, 'ndcg@15': 0.0449, 'hit@20': 0.127, 'ndcg@20': 0.0512, 'hit@40': 0.207, 'ndcg@40': 0.0674} 
2024-10-09 01:22:25.941 | INFO     | trainer_1:_train_one_epoch:209 - test 14 cost time 8.08s, result: {'hit@1': 0.0076, 'ndcg@1': 0.0076, 'hit@5': 0.0299, 'ndcg@5': 0.0187, 'hit@10': 0.0509, 'ndcg@10': 0.0254, 'hit@15': 0.0706, 'ndcg@15': 0.0306, 'hit@20': 0.0873, 'ndcg@20': 0.0345, 'hit@40': 0.145, 'ndcg@40': 0.0462} 
2024-10-09 01:22:45.459 | INFO     | trainer_1:_train_one_epoch:193 - epoch 15 8.24s Train loss is [0.4244] 
2024-10-09 01:22:53.541 | INFO     | trainer_1:_train_one_epoch:201 - validate 15 cost time 8.08s, result: {'hit@1': 0.0116, 'ndcg@1': 0.0116, 'hit@5': 0.0467, 'ndcg@5': 0.0291, 'hit@10': 0.0775, 'ndcg@10': 0.039, 'hit@15': 0.1051, 'ndcg@15': 0.0463, 'hit@20': 0.1284, 'ndcg@20': 0.0518, 'hit@40': 0.2066, 'ndcg@40': 0.0677} 
2024-10-09 01:23:00.948 | INFO     | trainer_1:_train_one_epoch:209 - test 15 cost time 7.41s, result: {'hit@1': 0.0077, 'ndcg@1': 0.0077, 'hit@5': 0.0298, 'ndcg@5': 0.0187, 'hit@10': 0.0517, 'ndcg@10': 0.0258, 'hit@15': 0.0706, 'ndcg@15': 0.0307, 'hit@20': 0.0879, 'ndcg@20': 0.0348, 'hit@40': 0.1501, 'ndcg@40': 0.0475} 
2024-10-09 01:23:19.917 | INFO     | trainer_1:_train_one_epoch:193 - epoch 16 8.15s Train loss is [0.4276] 
2024-10-09 01:23:28.059 | INFO     | trainer_1:_train_one_epoch:201 - validate 16 cost time 8.14s, result: {'hit@1': 0.013, 'ndcg@1': 0.013, 'hit@5': 0.047, 'ndcg@5': 0.0299, 'hit@10': 0.0794, 'ndcg@10': 0.0403, 'hit@15': 0.1077, 'ndcg@15': 0.0478, 'hit@20': 0.1318, 'ndcg@20': 0.0535, 'hit@40': 0.2156, 'ndcg@40': 0.0705} 
2024-10-09 01:23:34.730 | INFO     | trainer_1:_train_one_epoch:209 - test 16 cost time 6.67s, result: {'hit@1': 0.0076, 'ndcg@1': 0.0076, 'hit@5': 0.03, 'ndcg@5': 0.0187, 'hit@10': 0.0526, 'ndcg@10': 0.0259, 'hit@15': 0.0713, 'ndcg@15': 0.0309, 'hit@20': 0.0903, 'ndcg@20': 0.0353, 'hit@40': 0.1533, 'ndcg@40': 0.0481} 
2024-10-09 01:23:53.916 | INFO     | trainer_1:_train_one_epoch:193 - epoch 17 8.17s Train loss is [0.4132] 
2024-10-09 01:24:01.222 | INFO     | trainer_1:_train_one_epoch:201 - validate 17 cost time 7.31s, result: {'hit@1': 0.0124, 'ndcg@1': 0.0124, 'hit@5': 0.0452, 'ndcg@5': 0.0286, 'hit@10': 0.0744, 'ndcg@10': 0.038, 'hit@15': 0.0992, 'ndcg@15': 0.0446, 'hit@20': 0.1216, 'ndcg@20': 0.0498, 'hit@40': 0.2014, 'ndcg@40': 0.0661} 
2024-10-09 01:24:07.726 | INFO     | trainer_1:_train_one_epoch:209 - test 17 cost time 6.50s, result: {'hit@1': 0.0067, 'ndcg@1': 0.0067, 'hit@5': 0.0287, 'ndcg@5': 0.0177, 'hit@10': 0.0488, 'ndcg@10': 0.0242, 'hit@15': 0.0659, 'ndcg@15': 0.0287, 'hit@20': 0.084, 'ndcg@20': 0.033, 'hit@40': 0.1412, 'ndcg@40': 0.0446} 
2024-10-09 01:24:15.801 | INFO     | trainer_1:_train_one_epoch:193 - epoch 18 8.07s Train loss is [0.4033] 
2024-10-09 01:24:23.677 | INFO     | trainer_1:_train_one_epoch:201 - validate 18 cost time 7.88s, result: {'hit@1': 0.0144, 'ndcg@1': 0.0144, 'hit@5': 0.0493, 'ndcg@5': 0.0319, 'hit@10': 0.0835, 'ndcg@10': 0.0429, 'hit@15': 0.1106, 'ndcg@15': 0.05, 'hit@20': 0.136, 'ndcg@20': 0.056, 'hit@40': 0.2199, 'ndcg@40': 0.0731} 
2024-10-09 01:24:31.612 | INFO     | trainer_1:_train_one_epoch:209 - test 18 cost time 7.93s, result: {'hit@1': 0.0077, 'ndcg@1': 0.0077, 'hit@5': 0.0325, 'ndcg@5': 0.0202, 'hit@10': 0.057, 'ndcg@10': 0.028, 'hit@15': 0.0772, 'ndcg@15': 0.0333, 'hit@20': 0.0961, 'ndcg@20': 0.0378, 'hit@40': 0.1617, 'ndcg@40': 0.0511} 
2024-10-09 01:24:51.072 | INFO     | trainer_1:_train_one_epoch:193 - epoch 19 8.35s Train loss is [0.4058] 
2024-10-09 01:24:56.117 | INFO     | trainer_1:_train_one_epoch:201 - validate 19 cost time 5.04s, result: {'hit@1': 0.0146, 'ndcg@1': 0.0146, 'hit@5': 0.0518, 'ndcg@5': 0.0331, 'hit@10': 0.0858, 'ndcg@10': 0.0441, 'hit@15': 0.1155, 'ndcg@15': 0.0519, 'hit@20': 0.1397, 'ndcg@20': 0.0576, 'hit@40': 0.229, 'ndcg@40': 0.0758} 
2024-10-09 01:25:01.044 | INFO     | trainer_1:_train_one_epoch:209 - test 19 cost time 4.93s, result: {'hit@1': 0.0084, 'ndcg@1': 0.0084, 'hit@5': 0.0337, 'ndcg@5': 0.0212, 'hit@10': 0.0578, 'ndcg@10': 0.0289, 'hit@15': 0.0788, 'ndcg@15': 0.0344, 'hit@20': 0.0982, 'ndcg@20': 0.039, 'hit@40': 0.1642, 'ndcg@40': 0.0524} 
2024-10-09 01:25:19.934 | INFO     | trainer_1:_train_one_epoch:193 - epoch 20 8.17s Train loss is [0.3896] 
2024-10-09 01:25:29.730 | INFO     | trainer_1:_train_one_epoch:201 - validate 20 cost time 9.80s, result: {'hit@1': 0.0142, 'ndcg@1': 0.0142, 'hit@5': 0.0509, 'ndcg@5': 0.0326, 'hit@10': 0.0859, 'ndcg@10': 0.0438, 'hit@15': 0.1167, 'ndcg@15': 0.052, 'hit@20': 0.1437, 'ndcg@20': 0.0583, 'hit@40': 0.2283, 'ndcg@40': 0.0755} 
2024-10-09 01:25:39.379 | INFO     | trainer_1:_train_one_epoch:209 - test 20 cost time 9.65s, result: {'hit@1': 0.0102, 'ndcg@1': 0.0102, 'hit@5': 0.0338, 'ndcg@5': 0.0219, 'hit@10': 0.0587, 'ndcg@10': 0.0299, 'hit@15': 0.0793, 'ndcg@15': 0.0353, 'hit@20': 0.0985, 'ndcg@20': 0.0399, 'hit@40': 0.1626, 'ndcg@40': 0.0529} 
2024-10-09 01:25:58.393 | INFO     | trainer_1:_train_one_epoch:193 - epoch 21 8.23s Train loss is [0.3935] 
2024-10-09 01:26:08.212 | INFO     | trainer_1:_train_one_epoch:201 - validate 21 cost time 9.82s, result: {'hit@1': 0.0149, 'ndcg@1': 0.0149, 'hit@5': 0.0546, 'ndcg@5': 0.0349, 'hit@10': 0.0912, 'ndcg@10': 0.0466, 'hit@15': 0.121, 'ndcg@15': 0.0545, 'hit@20': 0.1474, 'ndcg@20': 0.0607, 'hit@40': 0.2321, 'ndcg@40': 0.0779} 
2024-10-09 01:26:17.853 | INFO     | trainer_1:_train_one_epoch:209 - test 21 cost time 9.64s, result: {'hit@1': 0.0096, 'ndcg@1': 0.0096, 'hit@5': 0.0353, 'ndcg@5': 0.0223, 'hit@10': 0.0606, 'ndcg@10': 0.0304, 'hit@15': 0.0822, 'ndcg@15': 0.0361, 'hit@20': 0.1009, 'ndcg@20': 0.0406, 'hit@40': 0.1645, 'ndcg@40': 0.0535} 
2024-10-09 01:26:36.778 | INFO     | trainer_1:_train_one_epoch:193 - epoch 22 8.28s Train loss is [0.3931] 
2024-10-09 01:26:46.607 | INFO     | trainer_1:_train_one_epoch:201 - validate 22 cost time 9.83s, result: {'hit@1': 0.016, 'ndcg@1': 0.016, 'hit@5': 0.0554, 'ndcg@5': 0.0356, 'hit@10': 0.0904, 'ndcg@10': 0.0468, 'hit@15': 0.1191, 'ndcg@15': 0.0544, 'hit@20': 0.1434, 'ndcg@20': 0.0601, 'hit@40': 0.2279, 'ndcg@40': 0.0774} 
2024-10-09 01:26:56.280 | INFO     | trainer_1:_train_one_epoch:209 - test 22 cost time 9.67s, result: {'hit@1': 0.0087, 'ndcg@1': 0.0087, 'hit@5': 0.0354, 'ndcg@5': 0.022, 'hit@10': 0.0621, 'ndcg@10': 0.0305, 'hit@15': 0.0827, 'ndcg@15': 0.036, 'hit@20': 0.1018, 'ndcg@20': 0.0405, 'hit@40': 0.1633, 'ndcg@40': 0.053} 
2024-10-09 01:27:15.491 | INFO     | trainer_1:_train_one_epoch:193 - epoch 23 8.27s Train loss is [0.3867] 
2024-10-09 01:27:25.295 | INFO     | trainer_1:_train_one_epoch:201 - validate 23 cost time 9.80s, result: {'hit@1': 0.0159, 'ndcg@1': 0.0159, 'hit@5': 0.0547, 'ndcg@5': 0.0354, 'hit@10': 0.0913, 'ndcg@10': 0.0471, 'hit@15': 0.1212, 'ndcg@15': 0.055, 'hit@20': 0.1487, 'ndcg@20': 0.0615, 'hit@40': 0.2374, 'ndcg@40': 0.0796} 
2024-10-09 01:27:34.934 | INFO     | trainer_1:_train_one_epoch:209 - test 23 cost time 9.64s, result: {'hit@1': 0.0083, 'ndcg@1': 0.0083, 'hit@5': 0.0367, 'ndcg@5': 0.0225, 'hit@10': 0.0628, 'ndcg@10': 0.0308, 'hit@15': 0.0843, 'ndcg@15': 0.0365, 'hit@20': 0.1054, 'ndcg@20': 0.0415, 'hit@40': 0.1702, 'ndcg@40': 0.0546} 
2024-10-09 01:27:53.756 | INFO     | trainer_1:_train_one_epoch:193 - epoch 24 8.27s Train loss is [0.3811] 
2024-10-09 01:28:03.590 | INFO     | trainer_1:_train_one_epoch:201 - validate 24 cost time 9.83s, result: {'hit@1': 0.0154, 'ndcg@1': 0.0154, 'hit@5': 0.0574, 'ndcg@5': 0.0365, 'hit@10': 0.0948, 'ndcg@10': 0.0485, 'hit@15': 0.1259, 'ndcg@15': 0.0567, 'hit@20': 0.1514, 'ndcg@20': 0.0627, 'hit@40': 0.2372, 'ndcg@40': 0.0802} 
2024-10-09 01:28:13.247 | INFO     | trainer_1:_train_one_epoch:209 - test 24 cost time 9.66s, result: {'hit@1': 0.0099, 'ndcg@1': 0.0099, 'hit@5': 0.0371, 'ndcg@5': 0.0233, 'hit@10': 0.063, 'ndcg@10': 0.0316, 'hit@15': 0.0846, 'ndcg@15': 0.0373, 'hit@20': 0.1043, 'ndcg@20': 0.042, 'hit@40': 0.1678, 'ndcg@40': 0.0549} 
2024-10-09 01:28:32.828 | INFO     | trainer_1:_train_one_epoch:193 - epoch 25 8.24s Train loss is [0.3804] 
2024-10-09 01:28:42.635 | INFO     | trainer_1:_train_one_epoch:201 - validate 25 cost time 9.81s, result: {'hit@1': 0.016, 'ndcg@1': 0.016, 'hit@5': 0.0573, 'ndcg@5': 0.0368, 'hit@10': 0.0939, 'ndcg@10': 0.0486, 'hit@15': 0.1238, 'ndcg@15': 0.0565, 'hit@20': 0.1497, 'ndcg@20': 0.0626, 'hit@40': 0.2349, 'ndcg@40': 0.0799} 
2024-10-09 01:28:52.283 | INFO     | trainer_1:_train_one_epoch:209 - test 25 cost time 9.65s, result: {'hit@1': 0.0105, 'ndcg@1': 0.0105, 'hit@5': 0.0373, 'ndcg@5': 0.0238, 'hit@10': 0.0629, 'ndcg@10': 0.032, 'hit@15': 0.0856, 'ndcg@15': 0.038, 'hit@20': 0.1052, 'ndcg@20': 0.0426, 'hit@40': 0.1713, 'ndcg@40': 0.0561} 
2024-10-09 01:29:00.547 | INFO     | trainer_1:_train_one_epoch:193 - epoch 26 8.26s Train loss is [0.3835] 
2024-10-09 01:29:10.375 | INFO     | trainer_1:_train_one_epoch:201 - validate 26 cost time 9.83s, result: {'hit@1': 0.0176, 'ndcg@1': 0.0176, 'hit@5': 0.0567, 'ndcg@5': 0.0371, 'hit@10': 0.0945, 'ndcg@10': 0.0493, 'hit@15': 0.1247, 'ndcg@15': 0.0572, 'hit@20': 0.1503, 'ndcg@20': 0.0633, 'hit@40': 0.2349, 'ndcg@40': 0.0806} 
2024-10-09 01:29:20.031 | INFO     | trainer_1:_train_one_epoch:209 - test 26 cost time 9.66s, result: {'hit@1': 0.0099, 'ndcg@1': 0.0099, 'hit@5': 0.0366, 'ndcg@5': 0.0234, 'hit@10': 0.0622, 'ndcg@10': 0.0317, 'hit@15': 0.0824, 'ndcg@15': 0.037, 'hit@20': 0.1009, 'ndcg@20': 0.0414, 'hit@40': 0.1663, 'ndcg@40': 0.0547} 
2024-10-09 01:29:28.322 | INFO     | trainer_1:_train_one_epoch:193 - epoch 27 8.29s Train loss is [0.3680] 
2024-10-09 01:29:38.133 | INFO     | trainer_1:_train_one_epoch:201 - validate 27 cost time 9.81s, result: {'hit@1': 0.0172, 'ndcg@1': 0.0172, 'hit@5': 0.0578, 'ndcg@5': 0.0376, 'hit@10': 0.0943, 'ndcg@10': 0.0493, 'hit@15': 0.1253, 'ndcg@15': 0.0575, 'hit@20': 0.1522, 'ndcg@20': 0.0638, 'hit@40': 0.2375, 'ndcg@40': 0.0812} 
2024-10-09 01:29:47.785 | INFO     | trainer_1:_train_one_epoch:209 - test 27 cost time 9.65s, result: {'hit@1': 0.0111, 'ndcg@1': 0.0111, 'hit@5': 0.0378, 'ndcg@5': 0.0246, 'hit@10': 0.0635, 'ndcg@10': 0.0328, 'hit@15': 0.0865, 'ndcg@15': 0.0389, 'hit@20': 0.1058, 'ndcg@20': 0.0434, 'hit@40': 0.1684, 'ndcg@40': 0.0562} 
2024-10-09 01:30:07.054 | INFO     | trainer_1:_train_one_epoch:193 - epoch 28 8.30s Train loss is [0.3643] 
2024-10-09 01:30:16.879 | INFO     | trainer_1:_train_one_epoch:201 - validate 28 cost time 9.82s, result: {'hit@1': 0.0163, 'ndcg@1': 0.0163, 'hit@5': 0.0556, 'ndcg@5': 0.0361, 'hit@10': 0.0943, 'ndcg@10': 0.0485, 'hit@15': 0.1256, 'ndcg@15': 0.0568, 'hit@20': 0.153, 'ndcg@20': 0.0633, 'hit@40': 0.2379, 'ndcg@40': 0.0806} 
2024-10-09 01:30:26.540 | INFO     | trainer_1:_train_one_epoch:209 - test 28 cost time 9.66s, result: {'hit@1': 0.0103, 'ndcg@1': 0.0103, 'hit@5': 0.0368, 'ndcg@5': 0.0234, 'hit@10': 0.0644, 'ndcg@10': 0.0322, 'hit@15': 0.0867, 'ndcg@15': 0.0381, 'hit@20': 0.1066, 'ndcg@20': 0.0428, 'hit@40': 0.1712, 'ndcg@40': 0.0559} 
2024-10-09 01:30:45.770 | INFO     | trainer_1:_train_one_epoch:193 - epoch 29 8.26s Train loss is [0.3708] 
2024-10-09 01:30:55.579 | INFO     | trainer_1:_train_one_epoch:201 - validate 29 cost time 9.81s, result: {'hit@1': 0.0164, 'ndcg@1': 0.0164, 'hit@5': 0.0559, 'ndcg@5': 0.0362, 'hit@10': 0.0927, 'ndcg@10': 0.048, 'hit@15': 0.1235, 'ndcg@15': 0.0561, 'hit@20': 0.1499, 'ndcg@20': 0.0623, 'hit@40': 0.2363, 'ndcg@40': 0.0799} 
2024-10-09 01:31:05.230 | INFO     | trainer_1:_train_one_epoch:209 - test 29 cost time 9.65s, result: {'hit@1': 0.0103, 'ndcg@1': 0.0103, 'hit@5': 0.0348, 'ndcg@5': 0.0224, 'hit@10': 0.06, 'ndcg@10': 0.0304, 'hit@15': 0.0823, 'ndcg@15': 0.0363, 'hit@20': 0.1016, 'ndcg@20': 0.0408, 'hit@40': 0.1655, 'ndcg@40': 0.0538} 
2024-10-09 01:31:13.452 | INFO     | trainer_1:_train_one_epoch:193 - epoch 30 8.22s Train loss is [0.3724] 
2024-10-09 01:31:23.280 | INFO     | trainer_1:_train_one_epoch:201 - validate 30 cost time 9.83s, result: {'hit@1': 0.0169, 'ndcg@1': 0.0169, 'hit@5': 0.0578, 'ndcg@5': 0.0373, 'hit@10': 0.0954, 'ndcg@10': 0.0494, 'hit@15': 0.1272, 'ndcg@15': 0.0578, 'hit@20': 0.1562, 'ndcg@20': 0.0646, 'hit@40': 0.2429, 'ndcg@40': 0.0823} 
2024-10-09 01:31:32.945 | INFO     | trainer_1:_train_one_epoch:209 - test 30 cost time 9.66s, result: {'hit@1': 0.0106, 'ndcg@1': 0.0106, 'hit@5': 0.0376, 'ndcg@5': 0.0241, 'hit@10': 0.0642, 'ndcg@10': 0.0327, 'hit@15': 0.0882, 'ndcg@15': 0.039, 'hit@20': 0.1087, 'ndcg@20': 0.0438, 'hit@40': 0.1775, 'ndcg@40': 0.0578} 
2024-10-09 01:31:41.236 | INFO     | trainer_1:_train_one_epoch:193 - epoch 31 8.29s Train loss is [0.3602] 
2024-10-09 01:31:51.040 | INFO     | trainer_1:_train_one_epoch:201 - validate 31 cost time 9.80s, result: {'hit@1': 0.0157, 'ndcg@1': 0.0157, 'hit@5': 0.0577, 'ndcg@5': 0.0366, 'hit@10': 0.095, 'ndcg@10': 0.0486, 'hit@15': 0.1274, 'ndcg@15': 0.0571, 'hit@20': 0.1538, 'ndcg@20': 0.0634, 'hit@40': 0.2453, 'ndcg@40': 0.0821} 
2024-10-09 01:32:00.686 | INFO     | trainer_1:_train_one_epoch:209 - test 31 cost time 9.65s, result: {'hit@1': 0.0096, 'ndcg@1': 0.0096, 'hit@5': 0.0375, 'ndcg@5': 0.0235, 'hit@10': 0.0633, 'ndcg@10': 0.0317, 'hit@15': 0.0871, 'ndcg@15': 0.038, 'hit@20': 0.1074, 'ndcg@20': 0.0428, 'hit@40': 0.1742, 'ndcg@40': 0.0564} 
2024-10-09 01:32:08.899 | INFO     | trainer_1:_train_one_epoch:193 - epoch 32 8.21s Train loss is [0.3625] 
2024-10-09 01:32:18.717 | INFO     | trainer_1:_train_one_epoch:201 - validate 32 cost time 9.82s, result: {'hit@1': 0.0161, 'ndcg@1': 0.0161, 'hit@5': 0.0581, 'ndcg@5': 0.037, 'hit@10': 0.0957, 'ndcg@10': 0.0491, 'hit@15': 0.127, 'ndcg@15': 0.0573, 'hit@20': 0.1531, 'ndcg@20': 0.0635, 'hit@40': 0.2404, 'ndcg@40': 0.0813} 
2024-10-09 01:32:28.378 | INFO     | trainer_1:_train_one_epoch:209 - test 32 cost time 9.66s, result: {'hit@1': 0.0105, 'ndcg@1': 0.0105, 'hit@5': 0.0379, 'ndcg@5': 0.0241, 'hit@10': 0.0635, 'ndcg@10': 0.0323, 'hit@15': 0.0867, 'ndcg@15': 0.0384, 'hit@20': 0.1052, 'ndcg@20': 0.0427, 'hit@40': 0.1725, 'ndcg@40': 0.0565} 
2024-10-09 01:32:36.667 | INFO     | trainer_1:_train_one_epoch:193 - epoch 33 8.29s Train loss is [0.3574] 
2024-10-09 01:32:46.476 | INFO     | trainer_1:_train_one_epoch:201 - validate 33 cost time 9.81s, result: {'hit@1': 0.0162, 'ndcg@1': 0.0162, 'hit@5': 0.0616, 'ndcg@5': 0.039, 'hit@10': 0.1006, 'ndcg@10': 0.0515, 'hit@15': 0.1296, 'ndcg@15': 0.0592, 'hit@20': 0.1588, 'ndcg@20': 0.0661, 'hit@40': 0.2514, 'ndcg@40': 0.0849} 
2024-10-09 01:32:56.117 | INFO     | trainer_1:_train_one_epoch:209 - test 33 cost time 9.64s, result: {'hit@1': 0.011, 'ndcg@1': 0.011, 'hit@5': 0.0389, 'ndcg@5': 0.0246, 'hit@10': 0.0659, 'ndcg@10': 0.0333, 'hit@15': 0.0879, 'ndcg@15': 0.0391, 'hit@20': 0.1085, 'ndcg@20': 0.0439, 'hit@40': 0.1779, 'ndcg@40': 0.0581} 
2024-10-09 01:33:15.307 | INFO     | trainer_1:_train_one_epoch:193 - epoch 34 8.28s Train loss is [0.3582] 
2024-10-09 01:33:25.121 | INFO     | trainer_1:_train_one_epoch:201 - validate 34 cost time 9.81s, result: {'hit@1': 0.0164, 'ndcg@1': 0.0164, 'hit@5': 0.0605, 'ndcg@5': 0.0385, 'hit@10': 0.1021, 'ndcg@10': 0.0519, 'hit@15': 0.1321, 'ndcg@15': 0.0598, 'hit@20': 0.1614, 'ndcg@20': 0.0667, 'hit@40': 0.2508, 'ndcg@40': 0.0849} 
2024-10-09 01:33:34.773 | INFO     | trainer_1:_train_one_epoch:209 - test 34 cost time 9.65s, result: {'hit@1': 0.0109, 'ndcg@1': 0.0109, 'hit@5': 0.0385, 'ndcg@5': 0.0245, 'hit@10': 0.0659, 'ndcg@10': 0.0333, 'hit@15': 0.0888, 'ndcg@15': 0.0394, 'hit@20': 0.1098, 'ndcg@20': 0.0443, 'hit@40': 0.1789, 'ndcg@40': 0.0584} 
2024-10-09 01:33:43.050 | INFO     | trainer_1:_train_one_epoch:193 - epoch 35 8.28s Train loss is [0.3583] 
2024-10-09 01:33:52.843 | INFO     | trainer_1:_train_one_epoch:201 - validate 35 cost time 9.79s, result: {'hit@1': 0.0169, 'ndcg@1': 0.0169, 'hit@5': 0.0617, 'ndcg@5': 0.0392, 'hit@10': 0.1006, 'ndcg@10': 0.0517, 'hit@15': 0.1348, 'ndcg@15': 0.0607, 'hit@20': 0.164, 'ndcg@20': 0.0676, 'hit@40': 0.2561, 'ndcg@40': 0.0864} 
2024-10-09 01:34:02.482 | INFO     | trainer_1:_train_one_epoch:209 - test 35 cost time 9.64s, result: {'hit@1': 0.0117, 'ndcg@1': 0.0117, 'hit@5': 0.039, 'ndcg@5': 0.0251, 'hit@10': 0.0666, 'ndcg@10': 0.034, 'hit@15': 0.0906, 'ndcg@15': 0.0403, 'hit@20': 0.1113, 'ndcg@20': 0.0452, 'hit@40': 0.183, 'ndcg@40': 0.0598} 
2024-10-09 01:34:21.592 | INFO     | trainer_1:_train_one_epoch:193 - epoch 36 8.30s Train loss is [0.3625] 
2024-10-09 01:34:31.408 | INFO     | trainer_1:_train_one_epoch:201 - validate 36 cost time 9.82s, result: {'hit@1': 0.0164, 'ndcg@1': 0.0164, 'hit@5': 0.0584, 'ndcg@5': 0.0374, 'hit@10': 0.0969, 'ndcg@10': 0.0498, 'hit@15': 0.1283, 'ndcg@15': 0.0581, 'hit@20': 0.1584, 'ndcg@20': 0.0652, 'hit@40': 0.2474, 'ndcg@40': 0.0833} 
2024-10-09 01:34:41.054 | INFO     | trainer_1:_train_one_epoch:209 - test 36 cost time 9.64s, result: {'hit@1': 0.011, 'ndcg@1': 0.011, 'hit@5': 0.038, 'ndcg@5': 0.0244, 'hit@10': 0.0647, 'ndcg@10': 0.033, 'hit@15': 0.089, 'ndcg@15': 0.0394, 'hit@20': 0.1079, 'ndcg@20': 0.0438, 'hit@40': 0.1773, 'ndcg@40': 0.058} 
2024-10-09 01:34:49.286 | INFO     | trainer_1:_train_one_epoch:193 - epoch 37 8.23s Train loss is [0.3544] 
2024-10-09 01:34:59.077 | INFO     | trainer_1:_train_one_epoch:201 - validate 37 cost time 9.79s, result: {'hit@1': 0.0163, 'ndcg@1': 0.0163, 'hit@5': 0.0607, 'ndcg@5': 0.0384, 'hit@10': 0.0982, 'ndcg@10': 0.0504, 'hit@15': 0.1297, 'ndcg@15': 0.0587, 'hit@20': 0.1585, 'ndcg@20': 0.0655, 'hit@40': 0.248, 'ndcg@40': 0.0838} 
2024-10-09 01:35:08.715 | INFO     | trainer_1:_train_one_epoch:209 - test 37 cost time 9.64s, result: {'hit@1': 0.0111, 'ndcg@1': 0.0111, 'hit@5': 0.0382, 'ndcg@5': 0.0247, 'hit@10': 0.0649, 'ndcg@10': 0.0332, 'hit@15': 0.0883, 'ndcg@15': 0.0394, 'hit@20': 0.109, 'ndcg@20': 0.0443, 'hit@40': 0.1785, 'ndcg@40': 0.0584} 
2024-10-09 01:35:16.889 | INFO     | trainer_1:_train_one_epoch:193 - epoch 38 8.17s Train loss is [0.3465] 
2024-10-09 01:35:26.682 | INFO     | trainer_1:_train_one_epoch:201 - validate 38 cost time 9.79s, result: {'hit@1': 0.0163, 'ndcg@1': 0.0163, 'hit@5': 0.0606, 'ndcg@5': 0.0384, 'hit@10': 0.0971, 'ndcg@10': 0.0501, 'hit@15': 0.1299, 'ndcg@15': 0.0588, 'hit@20': 0.1592, 'ndcg@20': 0.0657, 'hit@40': 0.249, 'ndcg@40': 0.084} 
2024-10-09 01:35:36.328 | INFO     | trainer_1:_train_one_epoch:209 - test 38 cost time 9.65s, result: {'hit@1': 0.0113, 'ndcg@1': 0.0113, 'hit@5': 0.0388, 'ndcg@5': 0.0249, 'hit@10': 0.0656, 'ndcg@10': 0.0335, 'hit@15': 0.0896, 'ndcg@15': 0.0398, 'hit@20': 0.1106, 'ndcg@20': 0.0448, 'hit@40': 0.1797, 'ndcg@40': 0.0589} 
2024-10-09 01:35:44.536 | INFO     | trainer_1:_train_one_epoch:193 - epoch 39 8.21s Train loss is [0.3436] 
2024-10-09 01:35:54.329 | INFO     | trainer_1:_train_one_epoch:201 - validate 39 cost time 9.79s, result: {'hit@1': 0.0161, 'ndcg@1': 0.0161, 'hit@5': 0.0567, 'ndcg@5': 0.0366, 'hit@10': 0.0952, 'ndcg@10': 0.0488, 'hit@15': 0.128, 'ndcg@15': 0.0575, 'hit@20': 0.156, 'ndcg@20': 0.0641, 'hit@40': 0.2457, 'ndcg@40': 0.0824} 
2024-10-09 01:36:03.967 | INFO     | trainer_1:_train_one_epoch:209 - test 39 cost time 9.64s, result: {'hit@1': 0.0105, 'ndcg@1': 0.0105, 'hit@5': 0.0373, 'ndcg@5': 0.0238, 'hit@10': 0.0624, 'ndcg@10': 0.0319, 'hit@15': 0.0866, 'ndcg@15': 0.0382, 'hit@20': 0.106, 'ndcg@20': 0.0428, 'hit@40': 0.177, 'ndcg@40': 0.0573} 
2024-10-09 01:36:12.100 | INFO     | trainer_1:_train_one_epoch:193 - epoch 40 8.13s Train loss is [0.3434] 
2024-10-09 01:36:21.898 | INFO     | trainer_1:_train_one_epoch:201 - validate 40 cost time 9.80s, result: {'hit@1': 0.0169, 'ndcg@1': 0.0169, 'hit@5': 0.0591, 'ndcg@5': 0.038, 'hit@10': 0.0973, 'ndcg@10': 0.0502, 'hit@15': 0.1296, 'ndcg@15': 0.0587, 'hit@20': 0.1591, 'ndcg@20': 0.0657, 'hit@40': 0.2517, 'ndcg@40': 0.0845} 
2024-10-09 01:36:31.545 | INFO     | trainer_1:_train_one_epoch:209 - test 40 cost time 9.65s, result: {'hit@1': 0.0115, 'ndcg@1': 0.0115, 'hit@5': 0.0376, 'ndcg@5': 0.0243, 'hit@10': 0.0647, 'ndcg@10': 0.033, 'hit@15': 0.0858, 'ndcg@15': 0.0386, 'hit@20': 0.1078, 'ndcg@20': 0.0438, 'hit@40': 0.1787, 'ndcg@40': 0.0582} 
2024-10-09 01:36:31.556 | INFO     | trainer_1:train_model:163 - training end, best iteration 35, results: {'hit@1': 0.0169, 'ndcg@1': 0.0169, 'hit@5': 0.0617, 'ndcg@5': 0.0392, 'hit@10': 0.1006, 'ndcg@10': 0.0517, 'hit@15': 0.1348, 'ndcg@15': 0.0607, 'hit@20': 0.164, 'ndcg@20': 0.0676, 'hit@40': 0.2561, 'ndcg@40': 0.0864}
2024-10-09 01:36:31.557 | INFO     | trainer_1:train_model:166 - final test result is:  {'hit@1': 0.0117, 'ndcg@1': 0.0117, 'hit@5': 0.039, 'ndcg@5': 0.0251, 'hit@10': 0.0666, 'ndcg@10': 0.034, 'hit@15': 0.0906, 'ndcg@15': 0.0403, 'hit@20': 0.1113, 'ndcg@20': 0.0452, 'hit@40': 0.183, 'ndcg@40': 0.0598}
2024-10-09 01:36:31.879 | INFO     | __main__:<module>:119 - train end total cost time: 2402.098811149597
