2024-10-09 04:33:37.907 | INFO     | __main__:<module>:105 - Namespace(TIME='2024-10-09 04_33_06', batch_size=1024, behaviors=['view', 'cart', 'buy'], check_point='model_pre_1_2024-10-08 11_17_41.pth', data_name='beibei', data_path='./data/beibei', decay=0.001, device='cuda:1', dim_qk=32, dim_v=64, distill_layers=2, distill_thres=0.5, distill_topK=60, distill_userK=6, embedding_size=64, epochs=100, gpu_no=1, if_load_model=True, ii_lambda=200, initializer_range=0.02, layers=2, loss_type='bpr', lr=0.001, message_dropout=0.25, metrics=['hit', 'ndcg'], min_epoch=5, model_name='main_1', model_path='./check_point', node_dropout=0.75, omega=1, pt_loop=50, reg_weight=0.001, test_batch_size=1024, testbatch=1024, topk=[1, 5, 10, 15, 20, 40], uu_lambda=100)
2024-10-09 04:33:37.908 | INFO     | __main__:<module>:106 - BIPN(
  (message_dropout): Dropout(p=0.25, inplace=False)
  (user_embedding): Embedding(21717, 64, padding_idx=0)
  (item_embedding): Embedding(7978, 64, padding_idx=0)
  (global_Graph): LightGCN()
  (Graph_encoder): ModuleDict(
    (view): GraphEncoder(
      (light): LightGCN()
      (dropout): Dropout(p=0.75, inplace=False)
    )
    (cart): GraphEncoder(
      (light): LightGCN()
      (dropout): Dropout(p=0.75, inplace=False)
    )
    (buy): GraphEncoder(
      (light): LightGCN()
      (dropout): Dropout(p=0.75, inplace=False)
    )
  )
  (attention): Mutual_Attention()
  (bpr_loss): BPRLoss()
  (emb_loss): EmbLoss()
  (f): Sigmoid()
)
2024-10-09 04:57:19.175 | INFO     | trainer_1:_train_one_epoch:193 - epoch 1 7.08s Train loss is [0.9458] 
2024-10-09 04:57:26.579 | INFO     | trainer_1:_train_one_epoch:201 - validate 1 cost time 7.40s, result: {'hit@1': 0.0064, 'ndcg@1': 0.0064, 'hit@5': 0.0281, 'ndcg@5': 0.0171, 'hit@10': 0.0499, 'ndcg@10': 0.0241, 'hit@15': 0.0691, 'ndcg@15': 0.0292, 'hit@20': 0.0863, 'ndcg@20': 0.0332, 'hit@40': 0.1486, 'ndcg@40': 0.0459} 
2024-10-09 04:57:33.804 | INFO     | trainer_1:_train_one_epoch:209 - test 1 cost time 7.22s, result: {'hit@1': 0.0041, 'ndcg@1': 0.0041, 'hit@5': 0.0174, 'ndcg@5': 0.0105, 'hit@10': 0.0345, 'ndcg@10': 0.016, 'hit@15': 0.049, 'ndcg@15': 0.0198, 'hit@20': 0.0621, 'ndcg@20': 0.0229, 'hit@40': 0.113, 'ndcg@40': 0.0332} 
2024-10-09 04:57:50.285 | INFO     | trainer_1:_train_one_epoch:193 - epoch 2 6.18s Train loss is [0.7196] 
2024-10-09 04:57:55.306 | INFO     | trainer_1:_train_one_epoch:201 - validate 2 cost time 5.02s, result: {'hit@1': 0.0093, 'ndcg@1': 0.0093, 'hit@5': 0.0347, 'ndcg@5': 0.0218, 'hit@10': 0.0603, 'ndcg@10': 0.03, 'hit@15': 0.0827, 'ndcg@15': 0.0359, 'hit@20': 0.1011, 'ndcg@20': 0.0403, 'hit@40': 0.1668, 'ndcg@40': 0.0537} 
2024-10-09 04:58:00.261 | INFO     | trainer_1:_train_one_epoch:209 - test 2 cost time 4.95s, result: {'hit@1': 0.0051, 'ndcg@1': 0.0051, 'hit@5': 0.0221, 'ndcg@5': 0.0133, 'hit@10': 0.0409, 'ndcg@10': 0.0194, 'hit@15': 0.0569, 'ndcg@15': 0.0236, 'hit@20': 0.0728, 'ndcg@20': 0.0274, 'hit@40': 0.1212, 'ndcg@40': 0.0372} 
2024-10-09 04:58:18.071 | INFO     | trainer_1:_train_one_epoch:193 - epoch 3 6.48s Train loss is [0.6424] 
2024-10-09 04:58:26.882 | INFO     | trainer_1:_train_one_epoch:201 - validate 3 cost time 8.81s, result: {'hit@1': 0.0077, 'ndcg@1': 0.0077, 'hit@5': 0.0318, 'ndcg@5': 0.0195, 'hit@10': 0.0592, 'ndcg@10': 0.0283, 'hit@15': 0.0835, 'ndcg@15': 0.0347, 'hit@20': 0.1031, 'ndcg@20': 0.0393, 'hit@40': 0.1753, 'ndcg@40': 0.054} 
2024-10-09 04:58:36.539 | INFO     | trainer_1:_train_one_epoch:209 - test 3 cost time 9.66s, result: {'hit@1': 0.0042, 'ndcg@1': 0.0042, 'hit@5': 0.0197, 'ndcg@5': 0.0118, 'hit@10': 0.0386, 'ndcg@10': 0.0179, 'hit@15': 0.056, 'ndcg@15': 0.0225, 'hit@20': 0.0714, 'ndcg@20': 0.0261, 'hit@40': 0.126, 'ndcg@40': 0.0372} 
2024-10-09 04:58:43.038 | INFO     | trainer_1:_train_one_epoch:193 - epoch 4 6.50s Train loss is [0.5917] 
2024-10-09 04:58:52.790 | INFO     | trainer_1:_train_one_epoch:201 - validate 4 cost time 9.75s, result: {'hit@1': 0.0078, 'ndcg@1': 0.0078, 'hit@5': 0.0315, 'ndcg@5': 0.0196, 'hit@10': 0.0566, 'ndcg@10': 0.0276, 'hit@15': 0.079, 'ndcg@15': 0.0335, 'hit@20': 0.0995, 'ndcg@20': 0.0383, 'hit@40': 0.1646, 'ndcg@40': 0.0516} 
2024-10-09 04:59:02.456 | INFO     | trainer_1:_train_one_epoch:209 - test 4 cost time 9.67s, result: {'hit@1': 0.0043, 'ndcg@1': 0.0043, 'hit@5': 0.0181, 'ndcg@5': 0.0111, 'hit@10': 0.0339, 'ndcg@10': 0.0161, 'hit@15': 0.0505, 'ndcg@15': 0.0205, 'hit@20': 0.0666, 'ndcg@20': 0.0243, 'hit@40': 0.1168, 'ndcg@40': 0.0345} 
2024-10-09 04:59:09.036 | INFO     | trainer_1:_train_one_epoch:193 - epoch 5 6.58s Train loss is [0.5524] 
2024-10-09 04:59:18.828 | INFO     | trainer_1:_train_one_epoch:201 - validate 5 cost time 9.79s, result: {'hit@1': 0.0128, 'ndcg@1': 0.0128, 'hit@5': 0.0386, 'ndcg@5': 0.0254, 'hit@10': 0.0663, 'ndcg@10': 0.0343, 'hit@15': 0.0903, 'ndcg@15': 0.0406, 'hit@20': 0.1102, 'ndcg@20': 0.0453, 'hit@40': 0.1789, 'ndcg@40': 0.0593} 
2024-10-09 04:59:28.505 | INFO     | trainer_1:_train_one_epoch:209 - test 5 cost time 9.68s, result: {'hit@1': 0.0063, 'ndcg@1': 0.0063, 'hit@5': 0.0219, 'ndcg@5': 0.0139, 'hit@10': 0.0397, 'ndcg@10': 0.0196, 'hit@15': 0.0572, 'ndcg@15': 0.0242, 'hit@20': 0.0712, 'ndcg@20': 0.0275, 'hit@40': 0.1206, 'ndcg@40': 0.0375} 
2024-10-09 04:59:35.208 | INFO     | trainer_1:_train_one_epoch:193 - epoch 6 6.70s Train loss is [0.5289] 
2024-10-09 04:59:44.958 | INFO     | trainer_1:_train_one_epoch:201 - validate 6 cost time 9.75s, result: {'hit@1': 0.0128, 'ndcg@1': 0.0128, 'hit@5': 0.041, 'ndcg@5': 0.0269, 'hit@10': 0.067, 'ndcg@10': 0.0352, 'hit@15': 0.0928, 'ndcg@15': 0.042, 'hit@20': 0.1148, 'ndcg@20': 0.0472, 'hit@40': 0.1861, 'ndcg@40': 0.0617} 
2024-10-09 04:59:54.617 | INFO     | trainer_1:_train_one_epoch:209 - test 6 cost time 9.66s, result: {'hit@1': 0.0068, 'ndcg@1': 0.0068, 'hit@5': 0.0245, 'ndcg@5': 0.0155, 'hit@10': 0.0424, 'ndcg@10': 0.0212, 'hit@15': 0.0592, 'ndcg@15': 0.0256, 'hit@20': 0.0743, 'ndcg@20': 0.0292, 'hit@40': 0.1266, 'ndcg@40': 0.0398} 
2024-10-09 05:00:11.794 | INFO     | trainer_1:_train_one_epoch:193 - epoch 7 6.65s Train loss is [0.5269] 
2024-10-09 05:00:21.574 | INFO     | trainer_1:_train_one_epoch:201 - validate 7 cost time 9.78s, result: {'hit@1': 0.0117, 'ndcg@1': 0.0117, 'hit@5': 0.0425, 'ndcg@5': 0.027, 'hit@10': 0.0714, 'ndcg@10': 0.0363, 'hit@15': 0.0983, 'ndcg@15': 0.0434, 'hit@20': 0.1225, 'ndcg@20': 0.0491, 'hit@40': 0.1954, 'ndcg@40': 0.0639} 
2024-10-09 05:00:31.230 | INFO     | trainer_1:_train_one_epoch:209 - test 7 cost time 9.66s, result: {'hit@1': 0.0067, 'ndcg@1': 0.0067, 'hit@5': 0.0244, 'ndcg@5': 0.0155, 'hit@10': 0.0423, 'ndcg@10': 0.0213, 'hit@15': 0.0608, 'ndcg@15': 0.0261, 'hit@20': 0.0783, 'ndcg@20': 0.0303, 'hit@40': 0.134, 'ndcg@40': 0.0416} 
2024-10-09 05:00:37.946 | INFO     | trainer_1:_train_one_epoch:193 - epoch 8 6.72s Train loss is [0.4936] 
2024-10-09 05:00:47.697 | INFO     | trainer_1:_train_one_epoch:201 - validate 8 cost time 9.75s, result: {'hit@1': 0.0097, 'ndcg@1': 0.0097, 'hit@5': 0.0386, 'ndcg@5': 0.0239, 'hit@10': 0.0684, 'ndcg@10': 0.0334, 'hit@15': 0.0941, 'ndcg@15': 0.0401, 'hit@20': 0.1198, 'ndcg@20': 0.0462, 'hit@40': 0.199, 'ndcg@40': 0.0623} 
2024-10-09 05:00:57.343 | INFO     | trainer_1:_train_one_epoch:209 - test 8 cost time 9.65s, result: {'hit@1': 0.0052, 'ndcg@1': 0.0052, 'hit@5': 0.0233, 'ndcg@5': 0.0142, 'hit@10': 0.042, 'ndcg@10': 0.0202, 'hit@15': 0.0599, 'ndcg@15': 0.0249, 'hit@20': 0.0777, 'ndcg@20': 0.0291, 'hit@40': 0.1355, 'ndcg@40': 0.0409} 
2024-10-09 05:01:06.439 | INFO     | trainer_1:_train_one_epoch:193 - epoch 9 9.10s Train loss is [0.4799] 
2024-10-09 05:01:16.618 | INFO     | trainer_1:_train_one_epoch:201 - validate 9 cost time 10.18s, result: {'hit@1': 0.0118, 'ndcg@1': 0.0118, 'hit@5': 0.0447, 'ndcg@5': 0.028, 'hit@10': 0.0772, 'ndcg@10': 0.0385, 'hit@15': 0.1049, 'ndcg@15': 0.0458, 'hit@20': 0.1291, 'ndcg@20': 0.0515, 'hit@40': 0.2078, 'ndcg@40': 0.0675} 
2024-10-09 05:01:26.692 | INFO     | trainer_1:_train_one_epoch:209 - test 9 cost time 10.07s, result: {'hit@1': 0.0065, 'ndcg@1': 0.0065, 'hit@5': 0.0263, 'ndcg@5': 0.0164, 'hit@10': 0.0463, 'ndcg@10': 0.0227, 'hit@15': 0.0673, 'ndcg@15': 0.0283, 'hit@20': 0.0844, 'ndcg@20': 0.0323, 'hit@40': 0.1449, 'ndcg@40': 0.0446} 
2024-10-09 05:01:44.006 | INFO     | trainer_1:_train_one_epoch:193 - epoch 10 6.86s Train loss is [0.4710] 
2024-10-09 05:01:53.747 | INFO     | trainer_1:_train_one_epoch:201 - validate 10 cost time 9.74s, result: {'hit@1': 0.0129, 'ndcg@1': 0.0129, 'hit@5': 0.0461, 'ndcg@5': 0.0293, 'hit@10': 0.0784, 'ndcg@10': 0.0396, 'hit@15': 0.1047, 'ndcg@15': 0.0466, 'hit@20': 0.1273, 'ndcg@20': 0.0519, 'hit@40': 0.2099, 'ndcg@40': 0.0687} 
2024-10-09 05:02:03.384 | INFO     | trainer_1:_train_one_epoch:209 - test 10 cost time 9.64s, result: {'hit@1': 0.0074, 'ndcg@1': 0.0074, 'hit@5': 0.0278, 'ndcg@5': 0.0175, 'hit@10': 0.0495, 'ndcg@10': 0.0244, 'hit@15': 0.0683, 'ndcg@15': 0.0293, 'hit@20': 0.0854, 'ndcg@20': 0.0333, 'hit@40': 0.1443, 'ndcg@40': 0.0453} 
2024-10-09 05:02:20.627 | INFO     | trainer_1:_train_one_epoch:193 - epoch 11 6.98s Train loss is [0.4645] 
2024-10-09 05:02:30.802 | INFO     | trainer_1:_train_one_epoch:201 - validate 11 cost time 10.18s, result: {'hit@1': 0.0104, 'ndcg@1': 0.0104, 'hit@5': 0.041, 'ndcg@5': 0.0258, 'hit@10': 0.0704, 'ndcg@10': 0.0352, 'hit@15': 0.0959, 'ndcg@15': 0.0419, 'hit@20': 0.1182, 'ndcg@20': 0.0472, 'hit@40': 0.1916, 'ndcg@40': 0.0621} 
2024-10-09 05:02:40.867 | INFO     | trainer_1:_train_one_epoch:209 - test 11 cost time 10.06s, result: {'hit@1': 0.0066, 'ndcg@1': 0.0066, 'hit@5': 0.0265, 'ndcg@5': 0.0163, 'hit@10': 0.0472, 'ndcg@10': 0.0229, 'hit@15': 0.0639, 'ndcg@15': 0.0273, 'hit@20': 0.0805, 'ndcg@20': 0.0313, 'hit@40': 0.1343, 'ndcg@40': 0.0422} 
2024-10-09 05:02:47.791 | INFO     | trainer_1:_train_one_epoch:193 - epoch 12 6.92s Train loss is [0.4613] 
2024-10-09 05:02:57.944 | INFO     | trainer_1:_train_one_epoch:201 - validate 12 cost time 10.15s, result: {'hit@1': 0.0096, 'ndcg@1': 0.0096, 'hit@5': 0.0411, 'ndcg@5': 0.0252, 'hit@10': 0.0707, 'ndcg@10': 0.0347, 'hit@15': 0.0959, 'ndcg@15': 0.0413, 'hit@20': 0.1192, 'ndcg@20': 0.0468, 'hit@40': 0.2019, 'ndcg@40': 0.0636} 
2024-10-09 05:03:08.006 | INFO     | trainer_1:_train_one_epoch:209 - test 12 cost time 10.06s, result: {'hit@1': 0.0072, 'ndcg@1': 0.0072, 'hit@5': 0.0261, 'ndcg@5': 0.0164, 'hit@10': 0.0475, 'ndcg@10': 0.0232, 'hit@15': 0.0659, 'ndcg@15': 0.0281, 'hit@20': 0.0838, 'ndcg@20': 0.0323, 'hit@40': 0.1422, 'ndcg@40': 0.0442} 
2024-10-09 05:03:14.515 | INFO     | trainer_1:_train_one_epoch:193 - epoch 13 6.51s Train loss is [0.4438] 
2024-10-09 05:03:24.250 | INFO     | trainer_1:_train_one_epoch:201 - validate 13 cost time 9.73s, result: {'hit@1': 0.0117, 'ndcg@1': 0.0117, 'hit@5': 0.0452, 'ndcg@5': 0.0284, 'hit@10': 0.0754, 'ndcg@10': 0.0381, 'hit@15': 0.1009, 'ndcg@15': 0.0448, 'hit@20': 0.1248, 'ndcg@20': 0.0505, 'hit@40': 0.2031, 'ndcg@40': 0.0664} 
2024-10-09 05:03:33.905 | INFO     | trainer_1:_train_one_epoch:209 - test 13 cost time 9.65s, result: {'hit@1': 0.0071, 'ndcg@1': 0.0071, 'hit@5': 0.0281, 'ndcg@5': 0.0175, 'hit@10': 0.0498, 'ndcg@10': 0.0245, 'hit@15': 0.0674, 'ndcg@15': 0.0291, 'hit@20': 0.0849, 'ndcg@20': 0.0333, 'hit@40': 0.1464, 'ndcg@40': 0.0458} 
2024-10-09 05:03:52.046 | INFO     | trainer_1:_train_one_epoch:193 - epoch 14 7.59s Train loss is [0.4401] 
2024-10-09 05:04:01.777 | INFO     | trainer_1:_train_one_epoch:201 - validate 14 cost time 9.73s, result: {'hit@1': 0.0123, 'ndcg@1': 0.0123, 'hit@5': 0.0451, 'ndcg@5': 0.0286, 'hit@10': 0.0767, 'ndcg@10': 0.0388, 'hit@15': 0.1004, 'ndcg@15': 0.045, 'hit@20': 0.1266, 'ndcg@20': 0.0512, 'hit@40': 0.2067, 'ndcg@40': 0.0675} 
2024-10-09 05:04:11.407 | INFO     | trainer_1:_train_one_epoch:209 - test 14 cost time 9.63s, result: {'hit@1': 0.0076, 'ndcg@1': 0.0076, 'hit@5': 0.0298, 'ndcg@5': 0.0186, 'hit@10': 0.051, 'ndcg@10': 0.0254, 'hit@15': 0.0706, 'ndcg@15': 0.0306, 'hit@20': 0.0876, 'ndcg@20': 0.0346, 'hit@40': 0.1451, 'ndcg@40': 0.0462} 
2024-10-09 05:04:28.689 | INFO     | trainer_1:_train_one_epoch:193 - epoch 15 6.40s Train loss is [0.4245] 
2024-10-09 05:04:38.430 | INFO     | trainer_1:_train_one_epoch:201 - validate 15 cost time 9.74s, result: {'hit@1': 0.0117, 'ndcg@1': 0.0117, 'hit@5': 0.0469, 'ndcg@5': 0.0292, 'hit@10': 0.0777, 'ndcg@10': 0.0391, 'hit@15': 0.1055, 'ndcg@15': 0.0464, 'hit@20': 0.1291, 'ndcg@20': 0.052, 'hit@40': 0.2069, 'ndcg@40': 0.0678} 
2024-10-09 05:04:48.073 | INFO     | trainer_1:_train_one_epoch:209 - test 15 cost time 9.64s, result: {'hit@1': 0.0077, 'ndcg@1': 0.0077, 'hit@5': 0.0298, 'ndcg@5': 0.0188, 'hit@10': 0.0519, 'ndcg@10': 0.0259, 'hit@15': 0.0705, 'ndcg@15': 0.0308, 'hit@20': 0.0882, 'ndcg@20': 0.0349, 'hit@40': 0.1506, 'ndcg@40': 0.0476} 
2024-10-09 05:05:05.539 | INFO     | trainer_1:_train_one_epoch:193 - epoch 16 6.76s Train loss is [0.4277] 
2024-10-09 05:05:15.251 | INFO     | trainer_1:_train_one_epoch:201 - validate 16 cost time 9.71s, result: {'hit@1': 0.0128, 'ndcg@1': 0.0128, 'hit@5': 0.0472, 'ndcg@5': 0.03, 'hit@10': 0.0791, 'ndcg@10': 0.0402, 'hit@15': 0.1074, 'ndcg@15': 0.0477, 'hit@20': 0.1315, 'ndcg@20': 0.0534, 'hit@40': 0.2156, 'ndcg@40': 0.0705} 
2024-10-09 05:05:24.877 | INFO     | trainer_1:_train_one_epoch:209 - test 16 cost time 9.63s, result: {'hit@1': 0.0074, 'ndcg@1': 0.0074, 'hit@5': 0.0303, 'ndcg@5': 0.0188, 'hit@10': 0.0524, 'ndcg@10': 0.0258, 'hit@15': 0.0714, 'ndcg@15': 0.0308, 'hit@20': 0.0901, 'ndcg@20': 0.0353, 'hit@40': 0.1532, 'ndcg@40': 0.0481} 
2024-10-09 05:05:42.191 | INFO     | trainer_1:_train_one_epoch:193 - epoch 17 6.70s Train loss is [0.4132] 
2024-10-09 05:05:51.938 | INFO     | trainer_1:_train_one_epoch:201 - validate 17 cost time 9.75s, result: {'hit@1': 0.0123, 'ndcg@1': 0.0123, 'hit@5': 0.0452, 'ndcg@5': 0.0285, 'hit@10': 0.0743, 'ndcg@10': 0.0379, 'hit@15': 0.0996, 'ndcg@15': 0.0446, 'hit@20': 0.1219, 'ndcg@20': 0.0498, 'hit@40': 0.201, 'ndcg@40': 0.0659} 
2024-10-09 05:06:01.568 | INFO     | trainer_1:_train_one_epoch:209 - test 17 cost time 9.63s, result: {'hit@1': 0.0067, 'ndcg@1': 0.0067, 'hit@5': 0.0288, 'ndcg@5': 0.0178, 'hit@10': 0.0487, 'ndcg@10': 0.0241, 'hit@15': 0.0663, 'ndcg@15': 0.0288, 'hit@20': 0.0839, 'ndcg@20': 0.0329, 'hit@40': 0.1417, 'ndcg@40': 0.0447} 
2024-10-09 05:06:08.320 | INFO     | trainer_1:_train_one_epoch:193 - epoch 18 6.75s Train loss is [0.4033] 
2024-10-09 05:06:18.050 | INFO     | trainer_1:_train_one_epoch:201 - validate 18 cost time 9.73s, result: {'hit@1': 0.0145, 'ndcg@1': 0.0145, 'hit@5': 0.0489, 'ndcg@5': 0.0318, 'hit@10': 0.0837, 'ndcg@10': 0.043, 'hit@15': 0.1105, 'ndcg@15': 0.0501, 'hit@20': 0.1364, 'ndcg@20': 0.0561, 'hit@40': 0.2202, 'ndcg@40': 0.0732} 
2024-10-09 05:06:27.688 | INFO     | trainer_1:_train_one_epoch:209 - test 18 cost time 9.64s, result: {'hit@1': 0.0076, 'ndcg@1': 0.0076, 'hit@5': 0.0325, 'ndcg@5': 0.0201, 'hit@10': 0.0574, 'ndcg@10': 0.0281, 'hit@15': 0.0778, 'ndcg@15': 0.0334, 'hit@20': 0.0959, 'ndcg@20': 0.0377, 'hit@40': 0.1617, 'ndcg@40': 0.0511} 
2024-10-09 05:06:45.091 | INFO     | trainer_1:_train_one_epoch:193 - epoch 19 6.71s Train loss is [0.4057] 
2024-10-09 05:06:55.279 | INFO     | trainer_1:_train_one_epoch:201 - validate 19 cost time 10.19s, result: {'hit@1': 0.0146, 'ndcg@1': 0.0146, 'hit@5': 0.0514, 'ndcg@5': 0.033, 'hit@10': 0.0854, 'ndcg@10': 0.044, 'hit@15': 0.1157, 'ndcg@15': 0.052, 'hit@20': 0.14, 'ndcg@20': 0.0577, 'hit@40': 0.2287, 'ndcg@40': 0.0758} 
2024-10-09 05:07:05.325 | INFO     | trainer_1:_train_one_epoch:209 - test 19 cost time 10.05s, result: {'hit@1': 0.0085, 'ndcg@1': 0.0085, 'hit@5': 0.0338, 'ndcg@5': 0.0212, 'hit@10': 0.0581, 'ndcg@10': 0.029, 'hit@15': 0.0791, 'ndcg@15': 0.0345, 'hit@20': 0.0978, 'ndcg@20': 0.0389, 'hit@40': 0.1644, 'ndcg@40': 0.0525} 
2024-10-09 05:07:22.783 | INFO     | trainer_1:_train_one_epoch:193 - epoch 20 6.70s Train loss is [0.3897] 
2024-10-09 05:07:32.522 | INFO     | trainer_1:_train_one_epoch:201 - validate 20 cost time 9.74s, result: {'hit@1': 0.0139, 'ndcg@1': 0.0139, 'hit@5': 0.0511, 'ndcg@5': 0.0326, 'hit@10': 0.0862, 'ndcg@10': 0.0438, 'hit@15': 0.1166, 'ndcg@15': 0.0519, 'hit@20': 0.1434, 'ndcg@20': 0.0582, 'hit@40': 0.228, 'ndcg@40': 0.0754} 
2024-10-09 05:07:42.166 | INFO     | trainer_1:_train_one_epoch:209 - test 20 cost time 9.64s, result: {'hit@1': 0.0101, 'ndcg@1': 0.0101, 'hit@5': 0.0341, 'ndcg@5': 0.022, 'hit@10': 0.0589, 'ndcg@10': 0.03, 'hit@15': 0.0788, 'ndcg@15': 0.0352, 'hit@20': 0.0991, 'ndcg@20': 0.04, 'hit@40': 0.162, 'ndcg@40': 0.0528} 
2024-10-09 05:07:59.774 | INFO     | trainer_1:_train_one_epoch:193 - epoch 21 6.88s Train loss is [0.3935] 
2024-10-09 05:08:09.521 | INFO     | trainer_1:_train_one_epoch:201 - validate 21 cost time 9.75s, result: {'hit@1': 0.0151, 'ndcg@1': 0.0151, 'hit@5': 0.0541, 'ndcg@5': 0.0347, 'hit@10': 0.0909, 'ndcg@10': 0.0466, 'hit@15': 0.1214, 'ndcg@15': 0.0546, 'hit@20': 0.1471, 'ndcg@20': 0.0607, 'hit@40': 0.2316, 'ndcg@40': 0.0778} 
2024-10-09 05:08:19.149 | INFO     | trainer_1:_train_one_epoch:209 - test 21 cost time 9.63s, result: {'hit@1': 0.0093, 'ndcg@1': 0.0093, 'hit@5': 0.035, 'ndcg@5': 0.0222, 'hit@10': 0.0603, 'ndcg@10': 0.0303, 'hit@15': 0.0819, 'ndcg@15': 0.036, 'hit@20': 0.1007, 'ndcg@20': 0.0405, 'hit@40': 0.1648, 'ndcg@40': 0.0535} 
2024-10-09 05:08:36.894 | INFO     | trainer_1:_train_one_epoch:193 - epoch 22 7.15s Train loss is [0.3931] 
2024-10-09 05:08:47.072 | INFO     | trainer_1:_train_one_epoch:201 - validate 22 cost time 10.18s, result: {'hit@1': 0.0159, 'ndcg@1': 0.0159, 'hit@5': 0.0555, 'ndcg@5': 0.0356, 'hit@10': 0.0903, 'ndcg@10': 0.0468, 'hit@15': 0.1197, 'ndcg@15': 0.0545, 'hit@20': 0.1443, 'ndcg@20': 0.0603, 'hit@40': 0.228, 'ndcg@40': 0.0774} 
2024-10-09 05:08:57.138 | INFO     | trainer_1:_train_one_epoch:209 - test 22 cost time 10.07s, result: {'hit@1': 0.0088, 'ndcg@1': 0.0088, 'hit@5': 0.0357, 'ndcg@5': 0.0221, 'hit@10': 0.0623, 'ndcg@10': 0.0306, 'hit@15': 0.0829, 'ndcg@15': 0.036, 'hit@20': 0.1016, 'ndcg@20': 0.0404, 'hit@40': 0.1634, 'ndcg@40': 0.053} 
2024-10-09 05:09:15.057 | INFO     | trainer_1:_train_one_epoch:193 - epoch 23 7.20s Train loss is [0.3867] 
2024-10-09 05:09:25.223 | INFO     | trainer_1:_train_one_epoch:201 - validate 23 cost time 10.17s, result: {'hit@1': 0.0157, 'ndcg@1': 0.0157, 'hit@5': 0.0551, 'ndcg@5': 0.0355, 'hit@10': 0.0914, 'ndcg@10': 0.0471, 'hit@15': 0.1213, 'ndcg@15': 0.055, 'hit@20': 0.1494, 'ndcg@20': 0.0616, 'hit@40': 0.2372, 'ndcg@40': 0.0795} 
2024-10-09 05:09:35.263 | INFO     | trainer_1:_train_one_epoch:209 - test 23 cost time 10.04s, result: {'hit@1': 0.0085, 'ndcg@1': 0.0085, 'hit@5': 0.0367, 'ndcg@5': 0.0225, 'hit@10': 0.0628, 'ndcg@10': 0.0309, 'hit@15': 0.0842, 'ndcg@15': 0.0365, 'hit@20': 0.105, 'ndcg@20': 0.0414, 'hit@40': 0.1707, 'ndcg@40': 0.0548} 
2024-10-09 05:09:52.644 | INFO     | trainer_1:_train_one_epoch:193 - epoch 24 6.96s Train loss is [0.3811] 
2024-10-09 05:10:02.401 | INFO     | trainer_1:_train_one_epoch:201 - validate 24 cost time 9.76s, result: {'hit@1': 0.0154, 'ndcg@1': 0.0154, 'hit@5': 0.0572, 'ndcg@5': 0.0364, 'hit@10': 0.0949, 'ndcg@10': 0.0485, 'hit@15': 0.1257, 'ndcg@15': 0.0566, 'hit@20': 0.151, 'ndcg@20': 0.0626, 'hit@40': 0.2373, 'ndcg@40': 0.0802} 
2024-10-09 05:10:12.042 | INFO     | trainer_1:_train_one_epoch:209 - test 24 cost time 9.64s, result: {'hit@1': 0.0098, 'ndcg@1': 0.0098, 'hit@5': 0.0373, 'ndcg@5': 0.0234, 'hit@10': 0.0628, 'ndcg@10': 0.0316, 'hit@15': 0.0845, 'ndcg@15': 0.0373, 'hit@20': 0.1043, 'ndcg@20': 0.042, 'hit@40': 0.1683, 'ndcg@40': 0.055} 
2024-10-09 05:10:18.993 | INFO     | trainer_1:_train_one_epoch:193 - epoch 25 6.95s Train loss is [0.3804] 
2024-10-09 05:10:28.729 | INFO     | trainer_1:_train_one_epoch:201 - validate 25 cost time 9.74s, result: {'hit@1': 0.0157, 'ndcg@1': 0.0157, 'hit@5': 0.0567, 'ndcg@5': 0.0365, 'hit@10': 0.0942, 'ndcg@10': 0.0485, 'hit@15': 0.1237, 'ndcg@15': 0.0563, 'hit@20': 0.1495, 'ndcg@20': 0.0624, 'hit@40': 0.235, 'ndcg@40': 0.0798} 
2024-10-09 05:10:38.363 | INFO     | trainer_1:_train_one_epoch:209 - test 25 cost time 9.63s, result: {'hit@1': 0.0107, 'ndcg@1': 0.0107, 'hit@5': 0.0372, 'ndcg@5': 0.0239, 'hit@10': 0.0629, 'ndcg@10': 0.0322, 'hit@15': 0.0854, 'ndcg@15': 0.0381, 'hit@20': 0.1049, 'ndcg@20': 0.0427, 'hit@40': 0.171, 'ndcg@40': 0.0561} 
2024-10-09 05:10:55.628 | INFO     | trainer_1:_train_one_epoch:193 - epoch 26 6.74s Train loss is [0.3837] 
2024-10-09 05:11:05.373 | INFO     | trainer_1:_train_one_epoch:201 - validate 26 cost time 9.74s, result: {'hit@1': 0.0175, 'ndcg@1': 0.0175, 'hit@5': 0.0573, 'ndcg@5': 0.0373, 'hit@10': 0.0947, 'ndcg@10': 0.0494, 'hit@15': 0.1251, 'ndcg@15': 0.0574, 'hit@20': 0.1506, 'ndcg@20': 0.0634, 'hit@40': 0.2356, 'ndcg@40': 0.0807} 
2024-10-09 05:11:14.952 | INFO     | trainer_1:_train_one_epoch:209 - test 26 cost time 9.58s, result: {'hit@1': 0.0101, 'ndcg@1': 0.0101, 'hit@5': 0.0369, 'ndcg@5': 0.0236, 'hit@10': 0.0626, 'ndcg@10': 0.0318, 'hit@15': 0.0817, 'ndcg@15': 0.0369, 'hit@20': 0.1009, 'ndcg@20': 0.0414, 'hit@40': 0.167, 'ndcg@40': 0.0548} 
2024-10-09 05:11:21.420 | INFO     | trainer_1:_train_one_epoch:193 - epoch 27 6.47s Train loss is [0.3680] 
2024-10-09 05:11:31.152 | INFO     | trainer_1:_train_one_epoch:201 - validate 27 cost time 9.73s, result: {'hit@1': 0.0171, 'ndcg@1': 0.0171, 'hit@5': 0.0577, 'ndcg@5': 0.0375, 'hit@10': 0.0945, 'ndcg@10': 0.0493, 'hit@15': 0.1253, 'ndcg@15': 0.0574, 'hit@20': 0.1524, 'ndcg@20': 0.0638, 'hit@40': 0.2376, 'ndcg@40': 0.0812} 
2024-10-09 05:11:40.786 | INFO     | trainer_1:_train_one_epoch:209 - test 27 cost time 9.63s, result: {'hit@1': 0.0113, 'ndcg@1': 0.0113, 'hit@5': 0.0377, 'ndcg@5': 0.0246, 'hit@10': 0.0636, 'ndcg@10': 0.0329, 'hit@15': 0.0871, 'ndcg@15': 0.0391, 'hit@20': 0.1052, 'ndcg@20': 0.0434, 'hit@40': 0.1684, 'ndcg@40': 0.0562} 
2024-10-09 05:11:57.903 | INFO     | trainer_1:_train_one_epoch:193 - epoch 28 6.59s Train loss is [0.3644] 
2024-10-09 05:12:08.055 | INFO     | trainer_1:_train_one_epoch:201 - validate 28 cost time 10.15s, result: {'hit@1': 0.0164, 'ndcg@1': 0.0164, 'hit@5': 0.0559, 'ndcg@5': 0.0363, 'hit@10': 0.0944, 'ndcg@10': 0.0486, 'hit@15': 0.1257, 'ndcg@15': 0.0569, 'hit@20': 0.153, 'ndcg@20': 0.0634, 'hit@40': 0.2377, 'ndcg@40': 0.0806} 
2024-10-09 05:12:18.122 | INFO     | trainer_1:_train_one_epoch:209 - test 28 cost time 10.07s, result: {'hit@1': 0.0102, 'ndcg@1': 0.0102, 'hit@5': 0.0367, 'ndcg@5': 0.0234, 'hit@10': 0.0643, 'ndcg@10': 0.0322, 'hit@15': 0.0869, 'ndcg@15': 0.0381, 'hit@20': 0.1063, 'ndcg@20': 0.0427, 'hit@40': 0.1711, 'ndcg@40': 0.0559} 
2024-10-09 05:12:35.404 | INFO     | trainer_1:_train_one_epoch:193 - epoch 29 6.73s Train loss is [0.3706] 
2024-10-09 05:12:45.550 | INFO     | trainer_1:_train_one_epoch:201 - validate 29 cost time 10.15s, result: {'hit@1': 0.0163, 'ndcg@1': 0.0163, 'hit@5': 0.0554, 'ndcg@5': 0.036, 'hit@10': 0.0926, 'ndcg@10': 0.0479, 'hit@15': 0.1241, 'ndcg@15': 0.0562, 'hit@20': 0.1498, 'ndcg@20': 0.0623, 'hit@40': 0.2361, 'ndcg@40': 0.0798} 
2024-10-09 05:12:55.602 | INFO     | trainer_1:_train_one_epoch:209 - test 29 cost time 10.05s, result: {'hit@1': 0.0102, 'ndcg@1': 0.0102, 'hit@5': 0.0347, 'ndcg@5': 0.0224, 'hit@10': 0.06, 'ndcg@10': 0.0304, 'hit@15': 0.0821, 'ndcg@15': 0.0363, 'hit@20': 0.1012, 'ndcg@20': 0.0408, 'hit@40': 0.1658, 'ndcg@40': 0.0539} 
2024-10-09 05:13:02.270 | INFO     | trainer_1:_train_one_epoch:193 - epoch 30 6.67s Train loss is [0.3724] 
2024-10-09 05:13:12.417 | INFO     | trainer_1:_train_one_epoch:201 - validate 30 cost time 10.15s, result: {'hit@1': 0.0169, 'ndcg@1': 0.0169, 'hit@5': 0.0583, 'ndcg@5': 0.0375, 'hit@10': 0.0948, 'ndcg@10': 0.0492, 'hit@15': 0.1276, 'ndcg@15': 0.0579, 'hit@20': 0.1567, 'ndcg@20': 0.0647, 'hit@40': 0.2431, 'ndcg@40': 0.0823} 
2024-10-09 05:13:22.475 | INFO     | trainer_1:_train_one_epoch:209 - test 30 cost time 10.06s, result: {'hit@1': 0.0106, 'ndcg@1': 0.0106, 'hit@5': 0.0376, 'ndcg@5': 0.0241, 'hit@10': 0.0642, 'ndcg@10': 0.0327, 'hit@15': 0.0882, 'ndcg@15': 0.039, 'hit@20': 0.1085, 'ndcg@20': 0.0438, 'hit@40': 0.178, 'ndcg@40': 0.0579} 
2024-10-09 05:13:29.220 | INFO     | trainer_1:_train_one_epoch:193 - epoch 31 6.74s Train loss is [0.3603] 
2024-10-09 05:13:39.372 | INFO     | trainer_1:_train_one_epoch:201 - validate 31 cost time 10.15s, result: {'hit@1': 0.0156, 'ndcg@1': 0.0156, 'hit@5': 0.0577, 'ndcg@5': 0.0366, 'hit@10': 0.0956, 'ndcg@10': 0.0487, 'hit@15': 0.1275, 'ndcg@15': 0.0572, 'hit@20': 0.1541, 'ndcg@20': 0.0635, 'hit@40': 0.2462, 'ndcg@40': 0.0822} 
2024-10-09 05:13:49.424 | INFO     | trainer_1:_train_one_epoch:209 - test 31 cost time 10.05s, result: {'hit@1': 0.0096, 'ndcg@1': 0.0096, 'hit@5': 0.0377, 'ndcg@5': 0.0236, 'hit@10': 0.0638, 'ndcg@10': 0.0319, 'hit@15': 0.087, 'ndcg@15': 0.038, 'hit@20': 0.1077, 'ndcg@20': 0.0429, 'hit@40': 0.1741, 'ndcg@40': 0.0564} 
2024-10-09 05:13:56.102 | INFO     | trainer_1:_train_one_epoch:193 - epoch 32 6.68s Train loss is [0.3624] 
2024-10-09 05:14:06.254 | INFO     | trainer_1:_train_one_epoch:201 - validate 32 cost time 10.15s, result: {'hit@1': 0.0161, 'ndcg@1': 0.0161, 'hit@5': 0.0578, 'ndcg@5': 0.0369, 'hit@10': 0.096, 'ndcg@10': 0.0491, 'hit@15': 0.1272, 'ndcg@15': 0.0574, 'hit@20': 0.1532, 'ndcg@20': 0.0635, 'hit@40': 0.2404, 'ndcg@40': 0.0813} 
2024-10-09 05:14:16.326 | INFO     | trainer_1:_train_one_epoch:209 - test 32 cost time 10.07s, result: {'hit@1': 0.0103, 'ndcg@1': 0.0103, 'hit@5': 0.0381, 'ndcg@5': 0.0241, 'hit@10': 0.0631, 'ndcg@10': 0.0321, 'hit@15': 0.0859, 'ndcg@15': 0.0381, 'hit@20': 0.1052, 'ndcg@20': 0.0427, 'hit@40': 0.1724, 'ndcg@40': 0.0563} 
2024-10-09 05:14:22.903 | INFO     | trainer_1:_train_one_epoch:193 - epoch 33 6.58s Train loss is [0.3574] 
2024-10-09 05:14:33.074 | INFO     | trainer_1:_train_one_epoch:201 - validate 33 cost time 10.17s, result: {'hit@1': 0.016, 'ndcg@1': 0.016, 'hit@5': 0.0617, 'ndcg@5': 0.039, 'hit@10': 0.1008, 'ndcg@10': 0.0515, 'hit@15': 0.1302, 'ndcg@15': 0.0593, 'hit@20': 0.1581, 'ndcg@20': 0.0659, 'hit@40': 0.2511, 'ndcg@40': 0.0848} 
2024-10-09 05:14:43.157 | INFO     | trainer_1:_train_one_epoch:209 - test 33 cost time 10.08s, result: {'hit@1': 0.0109, 'ndcg@1': 0.0109, 'hit@5': 0.0389, 'ndcg@5': 0.0246, 'hit@10': 0.0657, 'ndcg@10': 0.0332, 'hit@15': 0.0875, 'ndcg@15': 0.0389, 'hit@20': 0.1083, 'ndcg@20': 0.0439, 'hit@40': 0.178, 'ndcg@40': 0.0581} 
2024-10-09 05:15:00.953 | INFO     | trainer_1:_train_one_epoch:193 - epoch 34 6.54s Train loss is [0.3581] 
2024-10-09 05:15:08.444 | INFO     | trainer_1:_train_one_epoch:201 - validate 34 cost time 7.49s, result: {'hit@1': 0.0165, 'ndcg@1': 0.0165, 'hit@5': 0.0607, 'ndcg@5': 0.0386, 'hit@10': 0.1014, 'ndcg@10': 0.0517, 'hit@15': 0.1326, 'ndcg@15': 0.06, 'hit@20': 0.1617, 'ndcg@20': 0.0668, 'hit@40': 0.2504, 'ndcg@40': 0.0849} 
2024-10-09 05:15:17.043 | INFO     | trainer_1:_train_one_epoch:209 - test 34 cost time 8.60s, result: {'hit@1': 0.0108, 'ndcg@1': 0.0108, 'hit@5': 0.0387, 'ndcg@5': 0.0246, 'hit@10': 0.0658, 'ndcg@10': 0.0333, 'hit@15': 0.0886, 'ndcg@15': 0.0393, 'hit@20': 0.1101, 'ndcg@20': 0.0444, 'hit@40': 0.1783, 'ndcg@40': 0.0583} 
2024-10-09 05:15:34.803 | INFO     | trainer_1:_train_one_epoch:193 - epoch 35 7.11s Train loss is [0.3583] 
2024-10-09 05:15:40.756 | INFO     | trainer_1:_train_one_epoch:201 - validate 35 cost time 5.95s, result: {'hit@1': 0.0169, 'ndcg@1': 0.0169, 'hit@5': 0.0621, 'ndcg@5': 0.0394, 'hit@10': 0.101, 'ndcg@10': 0.0518, 'hit@15': 0.135, 'ndcg@15': 0.0608, 'hit@20': 0.1643, 'ndcg@20': 0.0677, 'hit@40': 0.2566, 'ndcg@40': 0.0865} 
2024-10-09 05:15:47.862 | INFO     | trainer_1:_train_one_epoch:209 - test 35 cost time 7.11s, result: {'hit@1': 0.0118, 'ndcg@1': 0.0118, 'hit@5': 0.0388, 'ndcg@5': 0.0251, 'hit@10': 0.0667, 'ndcg@10': 0.034, 'hit@15': 0.0905, 'ndcg@15': 0.0403, 'hit@20': 0.1109, 'ndcg@20': 0.0451, 'hit@40': 0.183, 'ndcg@40': 0.0598} 
2024-10-09 05:16:05.894 | INFO     | trainer_1:_train_one_epoch:193 - epoch 36 7.22s Train loss is [0.3625] 
2024-10-09 05:16:13.055 | INFO     | trainer_1:_train_one_epoch:201 - validate 36 cost time 7.16s, result: {'hit@1': 0.0162, 'ndcg@1': 0.0162, 'hit@5': 0.0591, 'ndcg@5': 0.0376, 'hit@10': 0.0965, 'ndcg@10': 0.0496, 'hit@15': 0.1287, 'ndcg@15': 0.0581, 'hit@20': 0.1581, 'ndcg@20': 0.0651, 'hit@40': 0.2474, 'ndcg@40': 0.0832} 
2024-10-09 05:16:18.654 | INFO     | trainer_1:_train_one_epoch:209 - test 36 cost time 5.60s, result: {'hit@1': 0.011, 'ndcg@1': 0.011, 'hit@5': 0.0381, 'ndcg@5': 0.0244, 'hit@10': 0.0649, 'ndcg@10': 0.033, 'hit@15': 0.0884, 'ndcg@15': 0.0392, 'hit@20': 0.1078, 'ndcg@20': 0.0438, 'hit@40': 0.1771, 'ndcg@40': 0.0579} 
2024-10-09 05:16:26.212 | INFO     | trainer_1:_train_one_epoch:193 - epoch 37 7.56s Train loss is [0.3546] 
2024-10-09 05:16:34.343 | INFO     | trainer_1:_train_one_epoch:201 - validate 37 cost time 8.13s, result: {'hit@1': 0.0164, 'ndcg@1': 0.0164, 'hit@5': 0.0606, 'ndcg@5': 0.0384, 'hit@10': 0.098, 'ndcg@10': 0.0504, 'hit@15': 0.1303, 'ndcg@15': 0.059, 'hit@20': 0.1585, 'ndcg@20': 0.0656, 'hit@40': 0.2486, 'ndcg@40': 0.084} 
2024-10-09 05:16:43.367 | INFO     | trainer_1:_train_one_epoch:209 - test 37 cost time 9.02s, result: {'hit@1': 0.0111, 'ndcg@1': 0.0111, 'hit@5': 0.0385, 'ndcg@5': 0.0248, 'hit@10': 0.0649, 'ndcg@10': 0.0332, 'hit@15': 0.0881, 'ndcg@15': 0.0393, 'hit@20': 0.1092, 'ndcg@20': 0.0443, 'hit@40': 0.1783, 'ndcg@40': 0.0584} 
2024-10-09 05:16:50.583 | INFO     | trainer_1:_train_one_epoch:193 - epoch 38 7.22s Train loss is [0.3463] 
2024-10-09 05:16:56.987 | INFO     | trainer_1:_train_one_epoch:201 - validate 38 cost time 6.40s, result: {'hit@1': 0.0164, 'ndcg@1': 0.0164, 'hit@5': 0.0608, 'ndcg@5': 0.0386, 'hit@10': 0.0968, 'ndcg@10': 0.0501, 'hit@15': 0.13, 'ndcg@15': 0.0589, 'hit@20': 0.159, 'ndcg@20': 0.0657, 'hit@40': 0.2489, 'ndcg@40': 0.084} 
2024-10-09 05:17:01.888 | INFO     | trainer_1:_train_one_epoch:209 - test 38 cost time 4.90s, result: {'hit@1': 0.0112, 'ndcg@1': 0.0112, 'hit@5': 0.0391, 'ndcg@5': 0.025, 'hit@10': 0.0656, 'ndcg@10': 0.0335, 'hit@15': 0.0899, 'ndcg@15': 0.0399, 'hit@20': 0.1101, 'ndcg@20': 0.0447, 'hit@40': 0.1798, 'ndcg@40': 0.0589} 
2024-10-09 05:17:08.864 | INFO     | trainer_1:_train_one_epoch:193 - epoch 39 6.98s Train loss is [0.3437] 
2024-10-09 05:17:15.197 | INFO     | trainer_1:_train_one_epoch:201 - validate 39 cost time 6.33s, result: {'hit@1': 0.0163, 'ndcg@1': 0.0163, 'hit@5': 0.0565, 'ndcg@5': 0.0367, 'hit@10': 0.0954, 'ndcg@10': 0.0491, 'hit@15': 0.1276, 'ndcg@15': 0.0576, 'hit@20': 0.1561, 'ndcg@20': 0.0643, 'hit@40': 0.2457, 'ndcg@40': 0.0825} 
2024-10-09 05:17:22.414 | INFO     | trainer_1:_train_one_epoch:209 - test 39 cost time 7.22s, result: {'hit@1': 0.0104, 'ndcg@1': 0.0104, 'hit@5': 0.0372, 'ndcg@5': 0.0238, 'hit@10': 0.0627, 'ndcg@10': 0.0319, 'hit@15': 0.0861, 'ndcg@15': 0.0381, 'hit@20': 0.106, 'ndcg@20': 0.0428, 'hit@40': 0.1763, 'ndcg@40': 0.0571} 
2024-10-09 05:17:29.116 | INFO     | trainer_1:_train_one_epoch:193 - epoch 40 6.70s Train loss is [0.3434] 
2024-10-09 05:17:36.727 | INFO     | trainer_1:_train_one_epoch:201 - validate 40 cost time 7.61s, result: {'hit@1': 0.0169, 'ndcg@1': 0.0169, 'hit@5': 0.059, 'ndcg@5': 0.0379, 'hit@10': 0.0966, 'ndcg@10': 0.0499, 'hit@15': 0.13, 'ndcg@15': 0.0588, 'hit@20': 0.1594, 'ndcg@20': 0.0657, 'hit@40': 0.2515, 'ndcg@40': 0.0844} 
2024-10-09 05:17:42.203 | INFO     | trainer_1:_train_one_epoch:209 - test 40 cost time 5.48s, result: {'hit@1': 0.0112, 'ndcg@1': 0.0112, 'hit@5': 0.0375, 'ndcg@5': 0.0242, 'hit@10': 0.0645, 'ndcg@10': 0.0328, 'hit@15': 0.0857, 'ndcg@15': 0.0384, 'hit@20': 0.1069, 'ndcg@20': 0.0434, 'hit@40': 0.1777, 'ndcg@40': 0.0579} 
2024-10-09 05:17:42.213 | INFO     | trainer_1:train_model:163 - training end, best iteration 35, results: {'hit@1': 0.0169, 'ndcg@1': 0.0169, 'hit@5': 0.0621, 'ndcg@5': 0.0394, 'hit@10': 0.101, 'ndcg@10': 0.0518, 'hit@15': 0.135, 'ndcg@15': 0.0608, 'hit@20': 0.1643, 'ndcg@20': 0.0677, 'hit@40': 0.2566, 'ndcg@40': 0.0865}
2024-10-09 05:17:42.213 | INFO     | trainer_1:train_model:166 - final test result is:  {'hit@1': 0.0118, 'ndcg@1': 0.0118, 'hit@5': 0.0388, 'ndcg@5': 0.0251, 'hit@10': 0.0667, 'ndcg@10': 0.034, 'hit@15': 0.0905, 'ndcg@15': 0.0403, 'hit@20': 0.1109, 'ndcg@20': 0.0451, 'hit@40': 0.183, 'ndcg@40': 0.0598}
2024-10-09 05:17:42.541 | INFO     | __main__:<module>:119 - train end total cost time: 2676.5296585559845
