2024-10-08 22:48:30.555 | INFO     | __main__:<module>:105 - Namespace(TIME='2024-10-08 22_47_58', batch_size=1024, behaviors=['view', 'cart', 'buy'], check_point='model_pre_1_2024-10-08 11_17_41.pth', data_name='beibei', data_path='./data/beibei', decay=0.001, device='cuda:1', dim_qk=32, dim_v=64, distill_layers=2, distill_thres=0.5, distill_topK=20, distill_userK=10, embedding_size=64, epochs=100, gpu_no=1, if_load_model=True, ii_lambda=200, initializer_range=0.02, layers=2, loss_type='bpr', lr=0.001, message_dropout=0.25, metrics=['hit', 'ndcg'], min_epoch=5, model_name='main_1', model_path='./check_point', node_dropout=0.75, omega=1, pt_loop=50, reg_weight=0.001, test_batch_size=1024, testbatch=1024, topk=[1, 5, 10, 15, 20, 40], uu_lambda=100)
2024-10-08 22:48:30.556 | INFO     | __main__:<module>:106 - BIPN(
  (message_dropout): Dropout(p=0.25, inplace=False)
  (user_embedding): Embedding(21717, 64, padding_idx=0)
  (item_embedding): Embedding(7978, 64, padding_idx=0)
  (global_Graph): LightGCN()
  (Graph_encoder): ModuleDict(
    (view): GraphEncoder(
      (light): LightGCN()
      (dropout): Dropout(p=0.75, inplace=False)
    )
    (cart): GraphEncoder(
      (light): LightGCN()
      (dropout): Dropout(p=0.75, inplace=False)
    )
    (buy): GraphEncoder(
      (light): LightGCN()
      (dropout): Dropout(p=0.75, inplace=False)
    )
  )
  (attention): Mutual_Attention()
  (bpr_loss): BPRLoss()
  (emb_loss): EmbLoss()
  (f): Sigmoid()
)
2024-10-08 23:25:22.589 | INFO     | trainer_1:_train_one_epoch:193 - epoch 1 8.78s Train loss is [0.9474] 
2024-10-08 23:25:31.217 | INFO     | trainer_1:_train_one_epoch:201 - validate 1 cost time 8.63s, result: {'hit@1': 0.0065, 'ndcg@1': 0.0065, 'hit@5': 0.028, 'ndcg@5': 0.0171, 'hit@10': 0.0495, 'ndcg@10': 0.024, 'hit@15': 0.0685, 'ndcg@15': 0.029, 'hit@20': 0.0869, 'ndcg@20': 0.0333, 'hit@40': 0.1486, 'ndcg@40': 0.0459} 
2024-10-08 23:25:40.172 | INFO     | trainer_1:_train_one_epoch:209 - test 1 cost time 8.95s, result: {'hit@1': 0.0042, 'ndcg@1': 0.0042, 'hit@5': 0.0175, 'ndcg@5': 0.0106, 'hit@10': 0.0344, 'ndcg@10': 0.0161, 'hit@15': 0.0484, 'ndcg@15': 0.0198, 'hit@20': 0.0615, 'ndcg@20': 0.0229, 'hit@40': 0.1127, 'ndcg@40': 0.0333} 
2024-10-08 23:25:59.478 | INFO     | trainer_1:_train_one_epoch:193 - epoch 2 8.44s Train loss is [0.7214] 
2024-10-08 23:26:08.131 | INFO     | trainer_1:_train_one_epoch:201 - validate 2 cost time 8.65s, result: {'hit@1': 0.0095, 'ndcg@1': 0.0095, 'hit@5': 0.0347, 'ndcg@5': 0.0219, 'hit@10': 0.0607, 'ndcg@10': 0.0302, 'hit@15': 0.0826, 'ndcg@15': 0.036, 'hit@20': 0.1022, 'ndcg@20': 0.0406, 'hit@40': 0.1674, 'ndcg@40': 0.0539} 
2024-10-08 23:26:15.930 | INFO     | trainer_1:_train_one_epoch:209 - test 2 cost time 7.80s, result: {'hit@1': 0.0051, 'ndcg@1': 0.0051, 'hit@5': 0.0225, 'ndcg@5': 0.0136, 'hit@10': 0.0415, 'ndcg@10': 0.0197, 'hit@15': 0.0575, 'ndcg@15': 0.0239, 'hit@20': 0.073, 'ndcg@20': 0.0275, 'hit@40': 0.1222, 'ndcg@40': 0.0376} 
2024-10-08 23:26:37.015 | INFO     | trainer_1:_train_one_epoch:193 - epoch 3 9.66s Train loss is [0.6432] 
2024-10-08 23:26:45.772 | INFO     | trainer_1:_train_one_epoch:201 - validate 3 cost time 8.76s, result: {'hit@1': 0.0076, 'ndcg@1': 0.0076, 'hit@5': 0.0323, 'ndcg@5': 0.0197, 'hit@10': 0.0591, 'ndcg@10': 0.0282, 'hit@15': 0.0841, 'ndcg@15': 0.0348, 'hit@20': 0.1044, 'ndcg@20': 0.0396, 'hit@40': 0.1755, 'ndcg@40': 0.0541} 
2024-10-08 23:26:54.690 | INFO     | trainer_1:_train_one_epoch:209 - test 3 cost time 8.92s, result: {'hit@1': 0.0041, 'ndcg@1': 0.0041, 'hit@5': 0.0201, 'ndcg@5': 0.012, 'hit@10': 0.0388, 'ndcg@10': 0.0179, 'hit@15': 0.0561, 'ndcg@15': 0.0225, 'hit@20': 0.0718, 'ndcg@20': 0.0262, 'hit@40': 0.1269, 'ndcg@40': 0.0374} 
2024-10-08 23:27:04.072 | INFO     | trainer_1:_train_one_epoch:193 - epoch 4 9.38s Train loss is [0.5923] 
2024-10-08 23:27:10.551 | INFO     | trainer_1:_train_one_epoch:201 - validate 4 cost time 6.48s, result: {'hit@1': 0.0082, 'ndcg@1': 0.0082, 'hit@5': 0.0317, 'ndcg@5': 0.0198, 'hit@10': 0.057, 'ndcg@10': 0.0279, 'hit@15': 0.0795, 'ndcg@15': 0.0338, 'hit@20': 0.1001, 'ndcg@20': 0.0387, 'hit@40': 0.1656, 'ndcg@40': 0.052} 
2024-10-08 23:27:17.893 | INFO     | trainer_1:_train_one_epoch:209 - test 4 cost time 7.34s, result: {'hit@1': 0.0043, 'ndcg@1': 0.0043, 'hit@5': 0.0181, 'ndcg@5': 0.0112, 'hit@10': 0.0339, 'ndcg@10': 0.0162, 'hit@15': 0.0508, 'ndcg@15': 0.0207, 'hit@20': 0.067, 'ndcg@20': 0.0245, 'hit@40': 0.1172, 'ndcg@40': 0.0347} 
2024-10-08 23:27:27.360 | INFO     | trainer_1:_train_one_epoch:193 - epoch 5 9.47s Train loss is [0.5526] 
2024-10-08 23:27:36.444 | INFO     | trainer_1:_train_one_epoch:201 - validate 5 cost time 9.08s, result: {'hit@1': 0.013, 'ndcg@1': 0.013, 'hit@5': 0.0384, 'ndcg@5': 0.0255, 'hit@10': 0.0663, 'ndcg@10': 0.0344, 'hit@15': 0.0903, 'ndcg@15': 0.0407, 'hit@20': 0.1107, 'ndcg@20': 0.0455, 'hit@40': 0.1796, 'ndcg@40': 0.0595} 
2024-10-08 23:27:42.880 | INFO     | trainer_1:_train_one_epoch:209 - test 5 cost time 6.44s, result: {'hit@1': 0.0063, 'ndcg@1': 0.0063, 'hit@5': 0.0216, 'ndcg@5': 0.0138, 'hit@10': 0.0402, 'ndcg@10': 0.0197, 'hit@15': 0.0576, 'ndcg@15': 0.0243, 'hit@20': 0.0715, 'ndcg@20': 0.0276, 'hit@40': 0.1211, 'ndcg@40': 0.0377} 
2024-10-08 23:27:52.498 | INFO     | trainer_1:_train_one_epoch:193 - epoch 6 9.62s Train loss is [0.5294] 
2024-10-08 23:27:59.284 | INFO     | trainer_1:_train_one_epoch:201 - validate 6 cost time 6.79s, result: {'hit@1': 0.0129, 'ndcg@1': 0.0129, 'hit@5': 0.0419, 'ndcg@5': 0.0272, 'hit@10': 0.0673, 'ndcg@10': 0.0353, 'hit@15': 0.0927, 'ndcg@15': 0.042, 'hit@20': 0.1151, 'ndcg@20': 0.0473, 'hit@40': 0.1866, 'ndcg@40': 0.0618} 
2024-10-08 23:28:07.130 | INFO     | trainer_1:_train_one_epoch:209 - test 6 cost time 7.85s, result: {'hit@1': 0.0071, 'ndcg@1': 0.0071, 'hit@5': 0.0241, 'ndcg@5': 0.0154, 'hit@10': 0.0426, 'ndcg@10': 0.0213, 'hit@15': 0.0595, 'ndcg@15': 0.0258, 'hit@20': 0.0746, 'ndcg@20': 0.0294, 'hit@40': 0.1266, 'ndcg@40': 0.0399} 
2024-10-08 23:28:27.311 | INFO     | trainer_1:_train_one_epoch:193 - epoch 7 9.31s Train loss is [0.5268] 
2024-10-08 23:28:35.137 | INFO     | trainer_1:_train_one_epoch:201 - validate 7 cost time 7.83s, result: {'hit@1': 0.0118, 'ndcg@1': 0.0118, 'hit@5': 0.0425, 'ndcg@5': 0.0269, 'hit@10': 0.0723, 'ndcg@10': 0.0365, 'hit@15': 0.0985, 'ndcg@15': 0.0434, 'hit@20': 0.1235, 'ndcg@20': 0.0493, 'hit@40': 0.196, 'ndcg@40': 0.064} 
2024-10-08 23:28:42.669 | INFO     | trainer_1:_train_one_epoch:209 - test 7 cost time 7.53s, result: {'hit@1': 0.0067, 'ndcg@1': 0.0067, 'hit@5': 0.0246, 'ndcg@5': 0.0156, 'hit@10': 0.0428, 'ndcg@10': 0.0214, 'hit@15': 0.0612, 'ndcg@15': 0.0262, 'hit@20': 0.0784, 'ndcg@20': 0.0303, 'hit@40': 0.1331, 'ndcg@40': 0.0414} 
2024-10-08 23:29:02.146 | INFO     | trainer_1:_train_one_epoch:193 - epoch 8 8.92s Train loss is [0.4938] 
2024-10-08 23:29:10.090 | INFO     | trainer_1:_train_one_epoch:201 - validate 8 cost time 7.94s, result: {'hit@1': 0.0094, 'ndcg@1': 0.0094, 'hit@5': 0.0382, 'ndcg@5': 0.0236, 'hit@10': 0.0685, 'ndcg@10': 0.0333, 'hit@15': 0.0944, 'ndcg@15': 0.0401, 'hit@20': 0.1193, 'ndcg@20': 0.046, 'hit@40': 0.1993, 'ndcg@40': 0.0622} 
2024-10-08 23:29:17.947 | INFO     | trainer_1:_train_one_epoch:209 - test 8 cost time 7.86s, result: {'hit@1': 0.0055, 'ndcg@1': 0.0055, 'hit@5': 0.0231, 'ndcg@5': 0.0142, 'hit@10': 0.042, 'ndcg@10': 0.0203, 'hit@15': 0.0603, 'ndcg@15': 0.0251, 'hit@20': 0.0779, 'ndcg@20': 0.0293, 'hit@40': 0.1361, 'ndcg@40': 0.0411} 
2024-10-08 23:29:26.840 | INFO     | trainer_1:_train_one_epoch:193 - epoch 9 8.89s Train loss is [0.4804] 
2024-10-08 23:29:34.092 | INFO     | trainer_1:_train_one_epoch:201 - validate 9 cost time 7.25s, result: {'hit@1': 0.0116, 'ndcg@1': 0.0116, 'hit@5': 0.0449, 'ndcg@5': 0.028, 'hit@10': 0.0771, 'ndcg@10': 0.0383, 'hit@15': 0.1043, 'ndcg@15': 0.0455, 'hit@20': 0.1282, 'ndcg@20': 0.0511, 'hit@40': 0.2075, 'ndcg@40': 0.0673} 
2024-10-08 23:29:41.702 | INFO     | trainer_1:_train_one_epoch:209 - test 9 cost time 7.61s, result: {'hit@1': 0.007, 'ndcg@1': 0.007, 'hit@5': 0.026, 'ndcg@5': 0.0164, 'hit@10': 0.0462, 'ndcg@10': 0.0228, 'hit@15': 0.0669, 'ndcg@15': 0.0283, 'hit@20': 0.0845, 'ndcg@20': 0.0325, 'hit@40': 0.1439, 'ndcg@40': 0.0445} 
2024-10-08 23:30:01.797 | INFO     | trainer_1:_train_one_epoch:193 - epoch 10 9.49s Train loss is [0.4711] 
2024-10-08 23:30:09.816 | INFO     | trainer_1:_train_one_epoch:201 - validate 10 cost time 8.02s, result: {'hit@1': 0.013, 'ndcg@1': 0.013, 'hit@5': 0.0462, 'ndcg@5': 0.0295, 'hit@10': 0.0782, 'ndcg@10': 0.0397, 'hit@15': 0.105, 'ndcg@15': 0.0468, 'hit@20': 0.1269, 'ndcg@20': 0.0519, 'hit@40': 0.2098, 'ndcg@40': 0.0688} 
2024-10-08 23:30:17.633 | INFO     | trainer_1:_train_one_epoch:209 - test 10 cost time 7.82s, result: {'hit@1': 0.0073, 'ndcg@1': 0.0073, 'hit@5': 0.0282, 'ndcg@5': 0.0176, 'hit@10': 0.0493, 'ndcg@10': 0.0243, 'hit@15': 0.068, 'ndcg@15': 0.0293, 'hit@20': 0.0847, 'ndcg@20': 0.0332, 'hit@40': 0.1447, 'ndcg@40': 0.0454} 
2024-10-08 23:30:37.566 | INFO     | trainer_1:_train_one_epoch:193 - epoch 11 9.55s Train loss is [0.4645] 
2024-10-08 23:30:45.357 | INFO     | trainer_1:_train_one_epoch:201 - validate 11 cost time 7.79s, result: {'hit@1': 0.0108, 'ndcg@1': 0.0108, 'hit@5': 0.0411, 'ndcg@5': 0.026, 'hit@10': 0.0695, 'ndcg@10': 0.0351, 'hit@15': 0.0957, 'ndcg@15': 0.0421, 'hit@20': 0.1182, 'ndcg@20': 0.0474, 'hit@40': 0.1911, 'ndcg@40': 0.0622} 
2024-10-08 23:30:53.097 | INFO     | trainer_1:_train_one_epoch:209 - test 11 cost time 7.74s, result: {'hit@1': 0.0066, 'ndcg@1': 0.0066, 'hit@5': 0.0263, 'ndcg@5': 0.0162, 'hit@10': 0.047, 'ndcg@10': 0.0229, 'hit@15': 0.0643, 'ndcg@15': 0.0274, 'hit@20': 0.0804, 'ndcg@20': 0.0312, 'hit@40': 0.1346, 'ndcg@40': 0.0422} 
2024-10-08 23:31:02.072 | INFO     | trainer_1:_train_one_epoch:193 - epoch 12 8.97s Train loss is [0.4608] 
2024-10-08 23:31:08.682 | INFO     | trainer_1:_train_one_epoch:201 - validate 12 cost time 6.61s, result: {'hit@1': 0.0099, 'ndcg@1': 0.0099, 'hit@5': 0.0406, 'ndcg@5': 0.0252, 'hit@10': 0.0705, 'ndcg@10': 0.0348, 'hit@15': 0.0962, 'ndcg@15': 0.0416, 'hit@20': 0.1195, 'ndcg@20': 0.047, 'hit@40': 0.201, 'ndcg@40': 0.0636} 
2024-10-08 23:31:15.906 | INFO     | trainer_1:_train_one_epoch:209 - test 12 cost time 7.22s, result: {'hit@1': 0.0073, 'ndcg@1': 0.0073, 'hit@5': 0.0262, 'ndcg@5': 0.0165, 'hit@10': 0.0472, 'ndcg@10': 0.0232, 'hit@15': 0.0659, 'ndcg@15': 0.0281, 'hit@20': 0.0831, 'ndcg@20': 0.0322, 'hit@40': 0.1427, 'ndcg@40': 0.0443} 
2024-10-08 23:31:24.990 | INFO     | trainer_1:_train_one_epoch:193 - epoch 13 9.08s Train loss is [0.4441] 
2024-10-08 23:31:33.144 | INFO     | trainer_1:_train_one_epoch:201 - validate 13 cost time 8.15s, result: {'hit@1': 0.0118, 'ndcg@1': 0.0118, 'hit@5': 0.0451, 'ndcg@5': 0.0285, 'hit@10': 0.0753, 'ndcg@10': 0.0382, 'hit@15': 0.1015, 'ndcg@15': 0.0451, 'hit@20': 0.1248, 'ndcg@20': 0.0506, 'hit@40': 0.2041, 'ndcg@40': 0.0667} 
2024-10-08 23:31:39.438 | INFO     | trainer_1:_train_one_epoch:209 - test 13 cost time 6.29s, result: {'hit@1': 0.0075, 'ndcg@1': 0.0075, 'hit@5': 0.0284, 'ndcg@5': 0.0178, 'hit@10': 0.0495, 'ndcg@10': 0.0246, 'hit@15': 0.0676, 'ndcg@15': 0.0294, 'hit@20': 0.0856, 'ndcg@20': 0.0336, 'hit@40': 0.1465, 'ndcg@40': 0.046} 
2024-10-08 23:31:58.922 | INFO     | trainer_1:_train_one_epoch:193 - epoch 14 8.95s Train loss is [0.4398] 
2024-10-08 23:32:05.737 | INFO     | trainer_1:_train_one_epoch:201 - validate 14 cost time 6.82s, result: {'hit@1': 0.0124, 'ndcg@1': 0.0124, 'hit@5': 0.045, 'ndcg@5': 0.0287, 'hit@10': 0.0774, 'ndcg@10': 0.0391, 'hit@15': 0.1011, 'ndcg@15': 0.0453, 'hit@20': 0.1259, 'ndcg@20': 0.0511, 'hit@40': 0.206, 'ndcg@40': 0.0674} 
2024-10-08 23:32:12.565 | INFO     | trainer_1:_train_one_epoch:209 - test 14 cost time 6.83s, result: {'hit@1': 0.0076, 'ndcg@1': 0.0076, 'hit@5': 0.0298, 'ndcg@5': 0.0187, 'hit@10': 0.0511, 'ndcg@10': 0.0255, 'hit@15': 0.0707, 'ndcg@15': 0.0306, 'hit@20': 0.087, 'ndcg@20': 0.0345, 'hit@40': 0.1442, 'ndcg@40': 0.0461} 
2024-10-08 23:32:32.199 | INFO     | trainer_1:_train_one_epoch:193 - epoch 15 8.53s Train loss is [0.4235] 
2024-10-08 23:32:39.112 | INFO     | trainer_1:_train_one_epoch:201 - validate 15 cost time 6.91s, result: {'hit@1': 0.0114, 'ndcg@1': 0.0114, 'hit@5': 0.0466, 'ndcg@5': 0.029, 'hit@10': 0.0775, 'ndcg@10': 0.0389, 'hit@15': 0.1047, 'ndcg@15': 0.0461, 'hit@20': 0.1298, 'ndcg@20': 0.052, 'hit@40': 0.2071, 'ndcg@40': 0.0678} 
2024-10-08 23:32:46.726 | INFO     | trainer_1:_train_one_epoch:209 - test 15 cost time 7.61s, result: {'hit@1': 0.0076, 'ndcg@1': 0.0076, 'hit@5': 0.0298, 'ndcg@5': 0.0188, 'hit@10': 0.0517, 'ndcg@10': 0.0258, 'hit@15': 0.0709, 'ndcg@15': 0.0308, 'hit@20': 0.0889, 'ndcg@20': 0.0351, 'hit@40': 0.1506, 'ndcg@40': 0.0476} 
2024-10-08 23:33:05.739 | INFO     | trainer_1:_train_one_epoch:193 - epoch 16 8.49s Train loss is [0.4270] 
2024-10-08 23:33:13.562 | INFO     | trainer_1:_train_one_epoch:201 - validate 16 cost time 7.82s, result: {'hit@1': 0.0127, 'ndcg@1': 0.0127, 'hit@5': 0.0479, 'ndcg@5': 0.0303, 'hit@10': 0.0793, 'ndcg@10': 0.0404, 'hit@15': 0.1075, 'ndcg@15': 0.0478, 'hit@20': 0.1326, 'ndcg@20': 0.0538, 'hit@40': 0.2162, 'ndcg@40': 0.0707} 
2024-10-08 23:33:21.124 | INFO     | trainer_1:_train_one_epoch:209 - test 16 cost time 7.56s, result: {'hit@1': 0.0077, 'ndcg@1': 0.0077, 'hit@5': 0.0303, 'ndcg@5': 0.019, 'hit@10': 0.0529, 'ndcg@10': 0.0262, 'hit@15': 0.0722, 'ndcg@15': 0.0312, 'hit@20': 0.0901, 'ndcg@20': 0.0355, 'hit@40': 0.1549, 'ndcg@40': 0.0486} 
2024-10-08 23:33:40.106 | INFO     | trainer_1:_train_one_epoch:193 - epoch 17 8.32s Train loss is [0.4124] 
2024-10-08 23:33:46.965 | INFO     | trainer_1:_train_one_epoch:201 - validate 17 cost time 6.86s, result: {'hit@1': 0.0124, 'ndcg@1': 0.0124, 'hit@5': 0.0453, 'ndcg@5': 0.0287, 'hit@10': 0.075, 'ndcg@10': 0.0382, 'hit@15': 0.0996, 'ndcg@15': 0.0447, 'hit@20': 0.1221, 'ndcg@20': 0.05, 'hit@40': 0.2012, 'ndcg@40': 0.0661} 
2024-10-08 23:33:54.686 | INFO     | trainer_1:_train_one_epoch:209 - test 17 cost time 7.72s, result: {'hit@1': 0.0069, 'ndcg@1': 0.0069, 'hit@5': 0.0287, 'ndcg@5': 0.0178, 'hit@10': 0.0488, 'ndcg@10': 0.0242, 'hit@15': 0.0667, 'ndcg@15': 0.029, 'hit@20': 0.0841, 'ndcg@20': 0.0331, 'hit@40': 0.1416, 'ndcg@40': 0.0448} 
2024-10-08 23:34:02.994 | INFO     | trainer_1:_train_one_epoch:193 - epoch 18 8.31s Train loss is [0.4021] 
2024-10-08 23:34:10.311 | INFO     | trainer_1:_train_one_epoch:201 - validate 18 cost time 7.32s, result: {'hit@1': 0.0147, 'ndcg@1': 0.0147, 'hit@5': 0.0497, 'ndcg@5': 0.0322, 'hit@10': 0.0845, 'ndcg@10': 0.0434, 'hit@15': 0.111, 'ndcg@15': 0.0504, 'hit@20': 0.1368, 'ndcg@20': 0.0564, 'hit@40': 0.22, 'ndcg@40': 0.0734} 
2024-10-08 23:34:16.637 | INFO     | trainer_1:_train_one_epoch:209 - test 18 cost time 6.33s, result: {'hit@1': 0.0076, 'ndcg@1': 0.0076, 'hit@5': 0.0328, 'ndcg@5': 0.0204, 'hit@10': 0.0569, 'ndcg@10': 0.028, 'hit@15': 0.078, 'ndcg@15': 0.0336, 'hit@20': 0.0962, 'ndcg@20': 0.0379, 'hit@40': 0.1626, 'ndcg@40': 0.0514} 
2024-10-08 23:34:35.688 | INFO     | trainer_1:_train_one_epoch:193 - epoch 19 8.42s Train loss is [0.4048] 
2024-10-08 23:34:42.246 | INFO     | trainer_1:_train_one_epoch:201 - validate 19 cost time 6.56s, result: {'hit@1': 0.015, 'ndcg@1': 0.015, 'hit@5': 0.0518, 'ndcg@5': 0.0335, 'hit@10': 0.0865, 'ndcg@10': 0.0446, 'hit@15': 0.1156, 'ndcg@15': 0.0523, 'hit@20': 0.141, 'ndcg@20': 0.0583, 'hit@40': 0.2294, 'ndcg@40': 0.0763} 
2024-10-08 23:34:49.629 | INFO     | trainer_1:_train_one_epoch:209 - test 19 cost time 7.38s, result: {'hit@1': 0.0088, 'ndcg@1': 0.0088, 'hit@5': 0.0344, 'ndcg@5': 0.0216, 'hit@10': 0.0581, 'ndcg@10': 0.0292, 'hit@15': 0.079, 'ndcg@15': 0.0347, 'hit@20': 0.0985, 'ndcg@20': 0.0394, 'hit@40': 0.1644, 'ndcg@40': 0.0527} 
2024-10-08 23:35:08.426 | INFO     | trainer_1:_train_one_epoch:193 - epoch 20 8.44s Train loss is [0.3897] 
2024-10-08 23:35:15.664 | INFO     | trainer_1:_train_one_epoch:201 - validate 20 cost time 7.24s, result: {'hit@1': 0.0141, 'ndcg@1': 0.0141, 'hit@5': 0.0519, 'ndcg@5': 0.0331, 'hit@10': 0.0869, 'ndcg@10': 0.0443, 'hit@15': 0.1177, 'ndcg@15': 0.0524, 'hit@20': 0.145, 'ndcg@20': 0.0588, 'hit@40': 0.2298, 'ndcg@40': 0.0761} 
2024-10-08 23:35:23.438 | INFO     | trainer_1:_train_one_epoch:209 - test 20 cost time 7.77s, result: {'hit@1': 0.0103, 'ndcg@1': 0.0103, 'hit@5': 0.035, 'ndcg@5': 0.0225, 'hit@10': 0.0593, 'ndcg@10': 0.0303, 'hit@15': 0.0806, 'ndcg@15': 0.0359, 'hit@20': 0.0998, 'ndcg@20': 0.0404, 'hit@40': 0.1639, 'ndcg@40': 0.0535} 
2024-10-08 23:35:42.525 | INFO     | trainer_1:_train_one_epoch:193 - epoch 21 8.45s Train loss is [0.3934] 
2024-10-08 23:35:50.433 | INFO     | trainer_1:_train_one_epoch:201 - validate 21 cost time 7.91s, result: {'hit@1': 0.0154, 'ndcg@1': 0.0154, 'hit@5': 0.0558, 'ndcg@5': 0.0355, 'hit@10': 0.092, 'ndcg@10': 0.0472, 'hit@15': 0.1212, 'ndcg@15': 0.0549, 'hit@20': 0.1485, 'ndcg@20': 0.0613, 'hit@40': 0.2321, 'ndcg@40': 0.0783} 
2024-10-08 23:35:58.112 | INFO     | trainer_1:_train_one_epoch:209 - test 21 cost time 7.68s, result: {'hit@1': 0.0095, 'ndcg@1': 0.0095, 'hit@5': 0.0353, 'ndcg@5': 0.0223, 'hit@10': 0.0612, 'ndcg@10': 0.0306, 'hit@15': 0.0825, 'ndcg@15': 0.0362, 'hit@20': 0.1017, 'ndcg@20': 0.0407, 'hit@40': 0.1654, 'ndcg@40': 0.0537} 
2024-10-08 23:36:16.930 | INFO     | trainer_1:_train_one_epoch:193 - epoch 22 8.44s Train loss is [0.3925] 
2024-10-08 23:36:24.816 | INFO     | trainer_1:_train_one_epoch:201 - validate 22 cost time 7.89s, result: {'hit@1': 0.0159, 'ndcg@1': 0.0159, 'hit@5': 0.056, 'ndcg@5': 0.0359, 'hit@10': 0.0911, 'ndcg@10': 0.0471, 'hit@15': 0.1193, 'ndcg@15': 0.0545, 'hit@20': 0.1449, 'ndcg@20': 0.0606, 'hit@40': 0.2289, 'ndcg@40': 0.0777} 
2024-10-08 23:36:32.634 | INFO     | trainer_1:_train_one_epoch:209 - test 22 cost time 7.82s, result: {'hit@1': 0.0091, 'ndcg@1': 0.0091, 'hit@5': 0.0358, 'ndcg@5': 0.0223, 'hit@10': 0.0629, 'ndcg@10': 0.0309, 'hit@15': 0.0832, 'ndcg@15': 0.0363, 'hit@20': 0.1022, 'ndcg@20': 0.0408, 'hit@40': 0.1651, 'ndcg@40': 0.0536} 
2024-10-08 23:36:51.629 | INFO     | trainer_1:_train_one_epoch:193 - epoch 23 8.44s Train loss is [0.3866] 
2024-10-08 23:36:59.543 | INFO     | trainer_1:_train_one_epoch:201 - validate 23 cost time 7.91s, result: {'hit@1': 0.0161, 'ndcg@1': 0.0161, 'hit@5': 0.0555, 'ndcg@5': 0.036, 'hit@10': 0.0914, 'ndcg@10': 0.0474, 'hit@15': 0.1222, 'ndcg@15': 0.0556, 'hit@20': 0.1498, 'ndcg@20': 0.0621, 'hit@40': 0.2381, 'ndcg@40': 0.0801} 
2024-10-08 23:37:07.239 | INFO     | trainer_1:_train_one_epoch:209 - test 23 cost time 7.70s, result: {'hit@1': 0.0085, 'ndcg@1': 0.0085, 'hit@5': 0.0374, 'ndcg@5': 0.0229, 'hit@10': 0.0626, 'ndcg@10': 0.0309, 'hit@15': 0.0844, 'ndcg@15': 0.0367, 'hit@20': 0.1061, 'ndcg@20': 0.0418, 'hit@40': 0.1714, 'ndcg@40': 0.0551} 
2024-10-08 23:37:15.698 | INFO     | trainer_1:_train_one_epoch:193 - epoch 24 8.46s Train loss is [0.3802] 
2024-10-08 23:37:23.561 | INFO     | trainer_1:_train_one_epoch:201 - validate 24 cost time 7.86s, result: {'hit@1': 0.0157, 'ndcg@1': 0.0157, 'hit@5': 0.0581, 'ndcg@5': 0.0369, 'hit@10': 0.0957, 'ndcg@10': 0.049, 'hit@15': 0.1272, 'ndcg@15': 0.0573, 'hit@20': 0.1526, 'ndcg@20': 0.0633, 'hit@40': 0.2387, 'ndcg@40': 0.0808} 
2024-10-08 23:37:31.136 | INFO     | trainer_1:_train_one_epoch:209 - test 24 cost time 7.57s, result: {'hit@1': 0.0099, 'ndcg@1': 0.0099, 'hit@5': 0.0374, 'ndcg@5': 0.0236, 'hit@10': 0.063, 'ndcg@10': 0.0318, 'hit@15': 0.0849, 'ndcg@15': 0.0376, 'hit@20': 0.1053, 'ndcg@20': 0.0424, 'hit@40': 0.1679, 'ndcg@40': 0.0551} 
2024-10-08 23:37:50.706 | INFO     | trainer_1:_train_one_epoch:193 - epoch 25 8.48s Train loss is [0.3800] 
2024-10-08 23:37:58.571 | INFO     | trainer_1:_train_one_epoch:201 - validate 25 cost time 7.86s, result: {'hit@1': 0.0163, 'ndcg@1': 0.0163, 'hit@5': 0.0582, 'ndcg@5': 0.0373, 'hit@10': 0.0946, 'ndcg@10': 0.049, 'hit@15': 0.1241, 'ndcg@15': 0.0568, 'hit@20': 0.1501, 'ndcg@20': 0.063, 'hit@40': 0.2362, 'ndcg@40': 0.0805} 
2024-10-08 23:38:06.331 | INFO     | trainer_1:_train_one_epoch:209 - test 25 cost time 7.76s, result: {'hit@1': 0.0111, 'ndcg@1': 0.0111, 'hit@5': 0.038, 'ndcg@5': 0.0245, 'hit@10': 0.0641, 'ndcg@10': 0.0328, 'hit@15': 0.0861, 'ndcg@15': 0.0386, 'hit@20': 0.1051, 'ndcg@20': 0.0431, 'hit@40': 0.1705, 'ndcg@40': 0.0564} 
2024-10-08 23:38:25.393 | INFO     | trainer_1:_train_one_epoch:193 - epoch 26 8.40s Train loss is [0.3832] 
2024-10-08 23:38:30.489 | INFO     | trainer_1:_train_one_epoch:201 - validate 26 cost time 5.10s, result: {'hit@1': 0.0172, 'ndcg@1': 0.0172, 'hit@5': 0.0578, 'ndcg@5': 0.0375, 'hit@10': 0.0953, 'ndcg@10': 0.0495, 'hit@15': 0.1256, 'ndcg@15': 0.0576, 'hit@20': 0.1517, 'ndcg@20': 0.0637, 'hit@40': 0.2368, 'ndcg@40': 0.0811} 
2024-10-08 23:38:35.442 | INFO     | trainer_1:_train_one_epoch:209 - test 26 cost time 4.95s, result: {'hit@1': 0.0104, 'ndcg@1': 0.0104, 'hit@5': 0.0374, 'ndcg@5': 0.0239, 'hit@10': 0.0627, 'ndcg@10': 0.0321, 'hit@15': 0.0821, 'ndcg@15': 0.0372, 'hit@20': 0.1017, 'ndcg@20': 0.0418, 'hit@40': 0.1677, 'ndcg@40': 0.0552} 
2024-10-08 23:38:43.728 | INFO     | trainer_1:_train_one_epoch:193 - epoch 27 8.29s Train loss is [0.3679] 
2024-10-08 23:38:48.764 | INFO     | trainer_1:_train_one_epoch:201 - validate 27 cost time 5.04s, result: {'hit@1': 0.0172, 'ndcg@1': 0.0172, 'hit@5': 0.0585, 'ndcg@5': 0.038, 'hit@10': 0.0954, 'ndcg@10': 0.0498, 'hit@15': 0.1274, 'ndcg@15': 0.0582, 'hit@20': 0.1528, 'ndcg@20': 0.0642, 'hit@40': 0.2388, 'ndcg@40': 0.0817} 
2024-10-08 23:38:57.091 | INFO     | trainer_1:_train_one_epoch:209 - test 27 cost time 8.33s, result: {'hit@1': 0.0117, 'ndcg@1': 0.0117, 'hit@5': 0.0382, 'ndcg@5': 0.025, 'hit@10': 0.0652, 'ndcg@10': 0.0337, 'hit@15': 0.0874, 'ndcg@15': 0.0395, 'hit@20': 0.1056, 'ndcg@20': 0.0438, 'hit@40': 0.1702, 'ndcg@40': 0.057} 
2024-10-08 23:39:16.194 | INFO     | trainer_1:_train_one_epoch:193 - epoch 28 8.38s Train loss is [0.3639] 
2024-10-08 23:39:26.067 | INFO     | trainer_1:_train_one_epoch:201 - validate 28 cost time 9.87s, result: {'hit@1': 0.0169, 'ndcg@1': 0.0169, 'hit@5': 0.056, 'ndcg@5': 0.0367, 'hit@10': 0.0955, 'ndcg@10': 0.0493, 'hit@15': 0.1275, 'ndcg@15': 0.0578, 'hit@20': 0.1545, 'ndcg@20': 0.0642, 'hit@40': 0.2407, 'ndcg@40': 0.0817} 
2024-10-08 23:39:35.750 | INFO     | trainer_1:_train_one_epoch:209 - test 28 cost time 9.68s, result: {'hit@1': 0.0102, 'ndcg@1': 0.0102, 'hit@5': 0.0372, 'ndcg@5': 0.0238, 'hit@10': 0.0647, 'ndcg@10': 0.0325, 'hit@15': 0.0874, 'ndcg@15': 0.0385, 'hit@20': 0.1068, 'ndcg@20': 0.0431, 'hit@40': 0.1719, 'ndcg@40': 0.0563} 
2024-10-08 23:39:44.120 | INFO     | trainer_1:_train_one_epoch:193 - epoch 29 8.37s Train loss is [0.3714] 
2024-10-08 23:39:54.008 | INFO     | trainer_1:_train_one_epoch:201 - validate 29 cost time 9.89s, result: {'hit@1': 0.0168, 'ndcg@1': 0.0168, 'hit@5': 0.0565, 'ndcg@5': 0.0366, 'hit@10': 0.0927, 'ndcg@10': 0.0482, 'hit@15': 0.1244, 'ndcg@15': 0.0566, 'hit@20': 0.1505, 'ndcg@20': 0.0628, 'hit@40': 0.2368, 'ndcg@40': 0.0803} 
2024-10-08 23:40:03.698 | INFO     | trainer_1:_train_one_epoch:209 - test 29 cost time 9.69s, result: {'hit@1': 0.0103, 'ndcg@1': 0.0103, 'hit@5': 0.035, 'ndcg@5': 0.0226, 'hit@10': 0.0603, 'ndcg@10': 0.0307, 'hit@15': 0.082, 'ndcg@15': 0.0364, 'hit@20': 0.1017, 'ndcg@20': 0.041, 'hit@40': 0.1655, 'ndcg@40': 0.054} 
2024-10-08 23:40:12.140 | INFO     | trainer_1:_train_one_epoch:193 - epoch 30 8.44s Train loss is [0.3722] 
2024-10-08 23:40:22.004 | INFO     | trainer_1:_train_one_epoch:201 - validate 30 cost time 9.86s, result: {'hit@1': 0.017, 'ndcg@1': 0.017, 'hit@5': 0.0586, 'ndcg@5': 0.0378, 'hit@10': 0.0948, 'ndcg@10': 0.0494, 'hit@15': 0.1287, 'ndcg@15': 0.0583, 'hit@20': 0.1573, 'ndcg@20': 0.0651, 'hit@40': 0.244, 'ndcg@40': 0.0828} 
2024-10-08 23:40:31.685 | INFO     | trainer_1:_train_one_epoch:209 - test 30 cost time 9.68s, result: {'hit@1': 0.0109, 'ndcg@1': 0.0109, 'hit@5': 0.0377, 'ndcg@5': 0.0243, 'hit@10': 0.0638, 'ndcg@10': 0.0327, 'hit@15': 0.0888, 'ndcg@15': 0.0393, 'hit@20': 0.1089, 'ndcg@20': 0.044, 'hit@40': 0.1788, 'ndcg@40': 0.0582} 
2024-10-08 23:40:40.009 | INFO     | trainer_1:_train_one_epoch:193 - epoch 31 8.32s Train loss is [0.3596] 
2024-10-08 23:40:49.887 | INFO     | trainer_1:_train_one_epoch:201 - validate 31 cost time 9.88s, result: {'hit@1': 0.0163, 'ndcg@1': 0.0163, 'hit@5': 0.0589, 'ndcg@5': 0.0375, 'hit@10': 0.0964, 'ndcg@10': 0.0495, 'hit@15': 0.1282, 'ndcg@15': 0.0579, 'hit@20': 0.1559, 'ndcg@20': 0.0644, 'hit@40': 0.2471, 'ndcg@40': 0.083} 
2024-10-08 23:40:59.579 | INFO     | trainer_1:_train_one_epoch:209 - test 31 cost time 9.69s, result: {'hit@1': 0.0097, 'ndcg@1': 0.0097, 'hit@5': 0.038, 'ndcg@5': 0.0238, 'hit@10': 0.0644, 'ndcg@10': 0.0323, 'hit@15': 0.088, 'ndcg@15': 0.0385, 'hit@20': 0.108, 'ndcg@20': 0.0432, 'hit@40': 0.174, 'ndcg@40': 0.0566} 
2024-10-08 23:41:08.074 | INFO     | trainer_1:_train_one_epoch:193 - epoch 32 8.49s Train loss is [0.3626] 
2024-10-08 23:41:17.938 | INFO     | trainer_1:_train_one_epoch:201 - validate 32 cost time 9.86s, result: {'hit@1': 0.016, 'ndcg@1': 0.016, 'hit@5': 0.0581, 'ndcg@5': 0.0372, 'hit@10': 0.0973, 'ndcg@10': 0.0497, 'hit@15': 0.1281, 'ndcg@15': 0.0579, 'hit@20': 0.1548, 'ndcg@20': 0.0642, 'hit@40': 0.2428, 'ndcg@40': 0.0821} 
2024-10-08 23:41:27.624 | INFO     | trainer_1:_train_one_epoch:209 - test 32 cost time 9.69s, result: {'hit@1': 0.0107, 'ndcg@1': 0.0107, 'hit@5': 0.0387, 'ndcg@5': 0.0247, 'hit@10': 0.0641, 'ndcg@10': 0.0328, 'hit@15': 0.0863, 'ndcg@15': 0.0386, 'hit@20': 0.1066, 'ndcg@20': 0.0434, 'hit@40': 0.1733, 'ndcg@40': 0.057} 
2024-10-08 23:41:35.931 | INFO     | trainer_1:_train_one_epoch:193 - epoch 33 8.31s Train loss is [0.3569] 
2024-10-08 23:41:45.796 | INFO     | trainer_1:_train_one_epoch:201 - validate 33 cost time 9.86s, result: {'hit@1': 0.0169, 'ndcg@1': 0.0169, 'hit@5': 0.0624, 'ndcg@5': 0.0397, 'hit@10': 0.1016, 'ndcg@10': 0.0523, 'hit@15': 0.1307, 'ndcg@15': 0.06, 'hit@20': 0.1598, 'ndcg@20': 0.0669, 'hit@40': 0.2519, 'ndcg@40': 0.0857} 
2024-10-08 23:41:55.485 | INFO     | trainer_1:_train_one_epoch:209 - test 33 cost time 9.69s, result: {'hit@1': 0.0114, 'ndcg@1': 0.0114, 'hit@5': 0.0392, 'ndcg@5': 0.025, 'hit@10': 0.0658, 'ndcg@10': 0.0336, 'hit@15': 0.0888, 'ndcg@15': 0.0396, 'hit@20': 0.1107, 'ndcg@20': 0.0448, 'hit@40': 0.1793, 'ndcg@40': 0.0588} 
2024-10-08 23:42:14.585 | INFO     | trainer_1:_train_one_epoch:193 - epoch 34 8.43s Train loss is [0.3579] 
2024-10-08 23:42:24.462 | INFO     | trainer_1:_train_one_epoch:201 - validate 34 cost time 9.88s, result: {'hit@1': 0.0167, 'ndcg@1': 0.0167, 'hit@5': 0.0616, 'ndcg@5': 0.0392, 'hit@10': 0.1023, 'ndcg@10': 0.0522, 'hit@15': 0.1334, 'ndcg@15': 0.0605, 'hit@20': 0.1621, 'ndcg@20': 0.0672, 'hit@40': 0.2521, 'ndcg@40': 0.0855} 
2024-10-08 23:42:34.143 | INFO     | trainer_1:_train_one_epoch:209 - test 34 cost time 9.68s, result: {'hit@1': 0.0113, 'ndcg@1': 0.0113, 'hit@5': 0.039, 'ndcg@5': 0.025, 'hit@10': 0.0666, 'ndcg@10': 0.0338, 'hit@15': 0.0892, 'ndcg@15': 0.0398, 'hit@20': 0.1103, 'ndcg@20': 0.0448, 'hit@40': 0.1796, 'ndcg@40': 0.0589} 
2024-10-08 23:42:52.977 | INFO     | trainer_1:_train_one_epoch:193 - epoch 35 8.41s Train loss is [0.3581] 
2024-10-08 23:43:02.854 | INFO     | trainer_1:_train_one_epoch:201 - validate 35 cost time 9.88s, result: {'hit@1': 0.0175, 'ndcg@1': 0.0175, 'hit@5': 0.0618, 'ndcg@5': 0.0396, 'hit@10': 0.1012, 'ndcg@10': 0.0522, 'hit@15': 0.1348, 'ndcg@15': 0.0611, 'hit@20': 0.1649, 'ndcg@20': 0.0682, 'hit@40': 0.257, 'ndcg@40': 0.087} 
2024-10-08 23:43:12.551 | INFO     | trainer_1:_train_one_epoch:209 - test 35 cost time 9.70s, result: {'hit@1': 0.0117, 'ndcg@1': 0.0117, 'hit@5': 0.0392, 'ndcg@5': 0.0253, 'hit@10': 0.0669, 'ndcg@10': 0.0342, 'hit@15': 0.0911, 'ndcg@15': 0.0406, 'hit@20': 0.1121, 'ndcg@20': 0.0455, 'hit@40': 0.1836, 'ndcg@40': 0.0601} 
2024-10-08 23:43:31.591 | INFO     | trainer_1:_train_one_epoch:193 - epoch 36 8.44s Train loss is [0.3619] 
2024-10-08 23:43:41.456 | INFO     | trainer_1:_train_one_epoch:201 - validate 36 cost time 9.86s, result: {'hit@1': 0.0162, 'ndcg@1': 0.0162, 'hit@5': 0.0591, 'ndcg@5': 0.0376, 'hit@10': 0.0977, 'ndcg@10': 0.05, 'hit@15': 0.1293, 'ndcg@15': 0.0583, 'hit@20': 0.1595, 'ndcg@20': 0.0655, 'hit@40': 0.2487, 'ndcg@40': 0.0836} 
2024-10-08 23:43:51.130 | INFO     | trainer_1:_train_one_epoch:209 - test 36 cost time 9.67s, result: {'hit@1': 0.0107, 'ndcg@1': 0.0107, 'hit@5': 0.0381, 'ndcg@5': 0.0245, 'hit@10': 0.0658, 'ndcg@10': 0.0333, 'hit@15': 0.0891, 'ndcg@15': 0.0395, 'hit@20': 0.109, 'ndcg@20': 0.0442, 'hit@40': 0.179, 'ndcg@40': 0.0584} 
2024-10-08 23:43:59.510 | INFO     | trainer_1:_train_one_epoch:193 - epoch 37 8.38s Train loss is [0.3547] 
2024-10-08 23:44:09.380 | INFO     | trainer_1:_train_one_epoch:201 - validate 37 cost time 9.87s, result: {'hit@1': 0.0167, 'ndcg@1': 0.0167, 'hit@5': 0.0618, 'ndcg@5': 0.039, 'hit@10': 0.099, 'ndcg@10': 0.0508, 'hit@15': 0.1308, 'ndcg@15': 0.0592, 'hit@20': 0.1594, 'ndcg@20': 0.066, 'hit@40': 0.249, 'ndcg@40': 0.0842} 
2024-10-08 23:44:19.080 | INFO     | trainer_1:_train_one_epoch:209 - test 37 cost time 9.70s, result: {'hit@1': 0.0113, 'ndcg@1': 0.0113, 'hit@5': 0.039, 'ndcg@5': 0.0251, 'hit@10': 0.0653, 'ndcg@10': 0.0335, 'hit@15': 0.0889, 'ndcg@15': 0.0397, 'hit@20': 0.1097, 'ndcg@20': 0.0446, 'hit@40': 0.1783, 'ndcg@40': 0.0586} 
2024-10-08 23:44:27.604 | INFO     | trainer_1:_train_one_epoch:193 - epoch 38 8.52s Train loss is [0.3464] 
2024-10-08 23:44:37.467 | INFO     | trainer_1:_train_one_epoch:201 - validate 38 cost time 9.86s, result: {'hit@1': 0.0164, 'ndcg@1': 0.0164, 'hit@5': 0.0613, 'ndcg@5': 0.0388, 'hit@10': 0.0979, 'ndcg@10': 0.0506, 'hit@15': 0.1301, 'ndcg@15': 0.0591, 'hit@20': 0.16, 'ndcg@20': 0.0661, 'hit@40': 0.2496, 'ndcg@40': 0.0844} 
2024-10-08 23:44:47.152 | INFO     | trainer_1:_train_one_epoch:209 - test 38 cost time 9.68s, result: {'hit@1': 0.0118, 'ndcg@1': 0.0118, 'hit@5': 0.0397, 'ndcg@5': 0.0257, 'hit@10': 0.0674, 'ndcg@10': 0.0345, 'hit@15': 0.09, 'ndcg@15': 0.0404, 'hit@20': 0.1105, 'ndcg@20': 0.0453, 'hit@40': 0.1806, 'ndcg@40': 0.0595} 
2024-10-08 23:45:06.091 | INFO     | trainer_1:_train_one_epoch:193 - epoch 39 8.43s Train loss is [0.3429] 
2024-10-08 23:45:15.939 | INFO     | trainer_1:_train_one_epoch:201 - validate 39 cost time 9.85s, result: {'hit@1': 0.0163, 'ndcg@1': 0.0163, 'hit@5': 0.0573, 'ndcg@5': 0.037, 'hit@10': 0.0959, 'ndcg@10': 0.0493, 'hit@15': 0.129, 'ndcg@15': 0.058, 'hit@20': 0.1578, 'ndcg@20': 0.0648, 'hit@40': 0.2472, 'ndcg@40': 0.083} 
2024-10-08 23:45:26.085 | INFO     | trainer_1:_train_one_epoch:209 - test 39 cost time 10.15s, result: {'hit@1': 0.0107, 'ndcg@1': 0.0107, 'hit@5': 0.0368, 'ndcg@5': 0.0237, 'hit@10': 0.0631, 'ndcg@10': 0.0322, 'hit@15': 0.0869, 'ndcg@15': 0.0385, 'hit@20': 0.1065, 'ndcg@20': 0.0431, 'hit@40': 0.1776, 'ndcg@40': 0.0575} 
2024-10-08 23:45:34.570 | INFO     | trainer_1:_train_one_epoch:193 - epoch 40 8.48s Train loss is [0.3427] 
2024-10-08 23:45:44.472 | INFO     | trainer_1:_train_one_epoch:201 - validate 40 cost time 9.90s, result: {'hit@1': 0.0169, 'ndcg@1': 0.0169, 'hit@5': 0.0591, 'ndcg@5': 0.0381, 'hit@10': 0.0974, 'ndcg@10': 0.0503, 'hit@15': 0.1306, 'ndcg@15': 0.0591, 'hit@20': 0.159, 'ndcg@20': 0.0658, 'hit@40': 0.2531, 'ndcg@40': 0.085} 
2024-10-08 23:45:54.194 | INFO     | trainer_1:_train_one_epoch:209 - test 40 cost time 9.72s, result: {'hit@1': 0.0117, 'ndcg@1': 0.0117, 'hit@5': 0.0383, 'ndcg@5': 0.0248, 'hit@10': 0.0648, 'ndcg@10': 0.0332, 'hit@15': 0.0868, 'ndcg@15': 0.039, 'hit@20': 0.1085, 'ndcg@20': 0.0442, 'hit@40': 0.1794, 'ndcg@40': 0.0586} 
2024-10-08 23:46:02.599 | INFO     | trainer_1:_train_one_epoch:193 - epoch 41 8.40s Train loss is [0.3524] 
2024-10-08 23:46:12.592 | INFO     | trainer_1:_train_one_epoch:201 - validate 41 cost time 9.99s, result: {'hit@1': 0.0161, 'ndcg@1': 0.0161, 'hit@5': 0.0579, 'ndcg@5': 0.0373, 'hit@10': 0.0997, 'ndcg@10': 0.0507, 'hit@15': 0.1324, 'ndcg@15': 0.0593, 'hit@20': 0.1607, 'ndcg@20': 0.066, 'hit@40': 0.2546, 'ndcg@40': 0.0851} 
2024-10-08 23:46:22.340 | INFO     | trainer_1:_train_one_epoch:209 - test 41 cost time 9.75s, result: {'hit@1': 0.0118, 'ndcg@1': 0.0118, 'hit@5': 0.0396, 'ndcg@5': 0.0255, 'hit@10': 0.0667, 'ndcg@10': 0.0342, 'hit@15': 0.0902, 'ndcg@15': 0.0404, 'hit@20': 0.1113, 'ndcg@20': 0.0453, 'hit@40': 0.1819, 'ndcg@40': 0.0597} 
2024-10-08 23:46:30.842 | INFO     | trainer_1:_train_one_epoch:193 - epoch 42 8.50s Train loss is [0.3485] 
2024-10-08 23:46:40.767 | INFO     | trainer_1:_train_one_epoch:201 - validate 42 cost time 9.93s, result: {'hit@1': 0.0168, 'ndcg@1': 0.0168, 'hit@5': 0.0604, 'ndcg@5': 0.0388, 'hit@10': 0.1009, 'ndcg@10': 0.0517, 'hit@15': 0.134, 'ndcg@15': 0.0605, 'hit@20': 0.162, 'ndcg@20': 0.0671, 'hit@40': 0.2571, 'ndcg@40': 0.0865} 
2024-10-08 23:46:50.504 | INFO     | trainer_1:_train_one_epoch:209 - test 42 cost time 9.74s, result: {'hit@1': 0.0116, 'ndcg@1': 0.0116, 'hit@5': 0.0395, 'ndcg@5': 0.0253, 'hit@10': 0.0667, 'ndcg@10': 0.034, 'hit@15': 0.0909, 'ndcg@15': 0.0404, 'hit@20': 0.1139, 'ndcg@20': 0.0458, 'hit@40': 0.1854, 'ndcg@40': 0.0604} 
2024-10-08 23:46:58.832 | INFO     | trainer_1:_train_one_epoch:193 - epoch 43 8.33s Train loss is [0.3534] 
2024-10-08 23:47:04.199 | INFO     | trainer_1:_train_one_epoch:201 - validate 43 cost time 5.37s, result: {'hit@1': 0.0175, 'ndcg@1': 0.0175, 'hit@5': 0.063, 'ndcg@5': 0.0403, 'hit@10': 0.104, 'ndcg@10': 0.0534, 'hit@15': 0.1377, 'ndcg@15': 0.0623, 'hit@20': 0.1696, 'ndcg@20': 0.0698, 'hit@40': 0.2649, 'ndcg@40': 0.0892} 
2024-10-08 23:47:10.426 | INFO     | trainer_1:_train_one_epoch:209 - test 43 cost time 6.23s, result: {'hit@1': 0.0113, 'ndcg@1': 0.0113, 'hit@5': 0.0441, 'ndcg@5': 0.0275, 'hit@10': 0.0722, 'ndcg@10': 0.0365, 'hit@15': 0.0976, 'ndcg@15': 0.0432, 'hit@20': 0.1211, 'ndcg@20': 0.0487, 'hit@40': 0.195, 'ndcg@40': 0.0638} 
2024-10-08 23:47:29.574 | INFO     | trainer_1:_train_one_epoch:193 - epoch 44 8.45s Train loss is [0.3429] 
2024-10-08 23:47:34.856 | INFO     | trainer_1:_train_one_epoch:201 - validate 44 cost time 5.28s, result: {'hit@1': 0.0165, 'ndcg@1': 0.0165, 'hit@5': 0.0594, 'ndcg@5': 0.0382, 'hit@10': 0.1004, 'ndcg@10': 0.0513, 'hit@15': 0.134, 'ndcg@15': 0.0602, 'hit@20': 0.1627, 'ndcg@20': 0.067, 'hit@40': 0.2575, 'ndcg@40': 0.0863} 
2024-10-08 23:47:39.969 | INFO     | trainer_1:_train_one_epoch:209 - test 44 cost time 5.11s, result: {'hit@1': 0.0111, 'ndcg@1': 0.0111, 'hit@5': 0.0386, 'ndcg@5': 0.0247, 'hit@10': 0.0654, 'ndcg@10': 0.0332, 'hit@15': 0.0906, 'ndcg@15': 0.0399, 'hit@20': 0.114, 'ndcg@20': 0.0454, 'hit@40': 0.1877, 'ndcg@40': 0.0604} 
2024-10-08 23:47:48.429 | INFO     | trainer_1:_train_one_epoch:193 - epoch 45 8.46s Train loss is [0.3386] 
2024-10-08 23:47:56.919 | INFO     | trainer_1:_train_one_epoch:201 - validate 45 cost time 8.49s, result: {'hit@1': 0.0167, 'ndcg@1': 0.0167, 'hit@5': 0.0623, 'ndcg@5': 0.0399, 'hit@10': 0.1042, 'ndcg@10': 0.0533, 'hit@15': 0.1384, 'ndcg@15': 0.0624, 'hit@20': 0.1682, 'ndcg@20': 0.0694, 'hit@40': 0.264, 'ndcg@40': 0.0889} 
2024-10-08 23:48:05.819 | INFO     | trainer_1:_train_one_epoch:209 - test 45 cost time 8.90s, result: {'hit@1': 0.0112, 'ndcg@1': 0.0112, 'hit@5': 0.0412, 'ndcg@5': 0.0262, 'hit@10': 0.0683, 'ndcg@10': 0.0348, 'hit@15': 0.0935, 'ndcg@15': 0.0415, 'hit@20': 0.1155, 'ndcg@20': 0.0466, 'hit@40': 0.1873, 'ndcg@40': 0.0612} 
2024-10-08 23:48:14.086 | INFO     | trainer_1:_train_one_epoch:193 - epoch 46 8.27s Train loss is [0.3372] 
2024-10-08 23:48:20.033 | INFO     | trainer_1:_train_one_epoch:201 - validate 46 cost time 5.95s, result: {'hit@1': 0.0175, 'ndcg@1': 0.0175, 'hit@5': 0.061, 'ndcg@5': 0.0394, 'hit@10': 0.0988, 'ndcg@10': 0.0516, 'hit@15': 0.1337, 'ndcg@15': 0.0608, 'hit@20': 0.1622, 'ndcg@20': 0.0675, 'hit@40': 0.2534, 'ndcg@40': 0.086} 
2024-10-08 23:48:25.048 | INFO     | trainer_1:_train_one_epoch:209 - test 46 cost time 5.01s, result: {'hit@1': 0.0112, 'ndcg@1': 0.0112, 'hit@5': 0.0406, 'ndcg@5': 0.0258, 'hit@10': 0.0672, 'ndcg@10': 0.0343, 'hit@15': 0.0894, 'ndcg@15': 0.0402, 'hit@20': 0.1107, 'ndcg@20': 0.0452, 'hit@40': 0.1806, 'ndcg@40': 0.0594} 
2024-10-08 23:48:33.433 | INFO     | trainer_1:_train_one_epoch:193 - epoch 47 8.38s Train loss is [0.3424] 
2024-10-08 23:48:40.551 | INFO     | trainer_1:_train_one_epoch:201 - validate 47 cost time 7.12s, result: {'hit@1': 0.0174, 'ndcg@1': 0.0174, 'hit@5': 0.0618, 'ndcg@5': 0.0396, 'hit@10': 0.1045, 'ndcg@10': 0.0533, 'hit@15': 0.1381, 'ndcg@15': 0.0621, 'hit@20': 0.1666, 'ndcg@20': 0.0689, 'hit@40': 0.2574, 'ndcg@40': 0.0874} 
2024-10-08 23:48:47.875 | INFO     | trainer_1:_train_one_epoch:209 - test 47 cost time 7.32s, result: {'hit@1': 0.0111, 'ndcg@1': 0.0111, 'hit@5': 0.042, 'ndcg@5': 0.0263, 'hit@10': 0.0685, 'ndcg@10': 0.0348, 'hit@15': 0.0932, 'ndcg@15': 0.0413, 'hit@20': 0.1147, 'ndcg@20': 0.0464, 'hit@40': 0.1854, 'ndcg@40': 0.0608} 
2024-10-08 23:48:56.320 | INFO     | trainer_1:_train_one_epoch:193 - epoch 48 8.44s Train loss is [0.3466] 
2024-10-08 23:49:01.593 | INFO     | trainer_1:_train_one_epoch:201 - validate 48 cost time 5.27s, result: {'hit@1': 0.0174, 'ndcg@1': 0.0174, 'hit@5': 0.0615, 'ndcg@5': 0.0395, 'hit@10': 0.1028, 'ndcg@10': 0.0528, 'hit@15': 0.1381, 'ndcg@15': 0.0621, 'hit@20': 0.1666, 'ndcg@20': 0.0688, 'hit@40': 0.2564, 'ndcg@40': 0.087} 
2024-10-08 23:49:06.605 | INFO     | trainer_1:_train_one_epoch:209 - test 48 cost time 5.01s, result: {'hit@1': 0.0107, 'ndcg@1': 0.0107, 'hit@5': 0.042, 'ndcg@5': 0.0263, 'hit@10': 0.0689, 'ndcg@10': 0.0349, 'hit@15': 0.0924, 'ndcg@15': 0.0411, 'hit@20': 0.1152, 'ndcg@20': 0.0465, 'hit@40': 0.1851, 'ndcg@40': 0.0607} 
2024-10-08 23:49:14.920 | INFO     | trainer_1:_train_one_epoch:193 - epoch 49 8.31s Train loss is [0.3248] 
2024-10-08 23:49:22.978 | INFO     | trainer_1:_train_one_epoch:201 - validate 49 cost time 8.06s, result: {'hit@1': 0.0166, 'ndcg@1': 0.0166, 'hit@5': 0.0611, 'ndcg@5': 0.0391, 'hit@10': 0.102, 'ndcg@10': 0.0521, 'hit@15': 0.1372, 'ndcg@15': 0.0614, 'hit@20': 0.1655, 'ndcg@20': 0.0681, 'hit@40': 0.257, 'ndcg@40': 0.0867} 
2024-10-08 23:49:31.877 | INFO     | trainer_1:_train_one_epoch:209 - test 49 cost time 8.90s, result: {'hit@1': 0.0106, 'ndcg@1': 0.0106, 'hit@5': 0.0397, 'ndcg@5': 0.0252, 'hit@10': 0.0691, 'ndcg@10': 0.0346, 'hit@15': 0.0918, 'ndcg@15': 0.0406, 'hit@20': 0.1151, 'ndcg@20': 0.0461, 'hit@40': 0.1861, 'ndcg@40': 0.0606} 
2024-10-08 23:49:40.230 | INFO     | trainer_1:_train_one_epoch:193 - epoch 50 8.35s Train loss is [0.3393] 
2024-10-08 23:49:46.724 | INFO     | trainer_1:_train_one_epoch:201 - validate 50 cost time 6.49s, result: {'hit@1': 0.0168, 'ndcg@1': 0.0168, 'hit@5': 0.0629, 'ndcg@5': 0.0399, 'hit@10': 0.1053, 'ndcg@10': 0.0535, 'hit@15': 0.1392, 'ndcg@15': 0.0624, 'hit@20': 0.1679, 'ndcg@20': 0.0692, 'hit@40': 0.2626, 'ndcg@40': 0.0885} 
2024-10-08 23:49:51.621 | INFO     | trainer_1:_train_one_epoch:209 - test 50 cost time 4.90s, result: {'hit@1': 0.0114, 'ndcg@1': 0.0114, 'hit@5': 0.0426, 'ndcg@5': 0.027, 'hit@10': 0.0708, 'ndcg@10': 0.0361, 'hit@15': 0.0961, 'ndcg@15': 0.0427, 'hit@20': 0.1167, 'ndcg@20': 0.0476, 'hit@40': 0.1908, 'ndcg@40': 0.0627} 
2024-10-08 23:50:00.107 | INFO     | trainer_1:_train_one_epoch:193 - epoch 51 8.49s Train loss is [0.3338] 
2024-10-08 23:50:07.957 | INFO     | trainer_1:_train_one_epoch:201 - validate 51 cost time 7.85s, result: {'hit@1': 0.0171, 'ndcg@1': 0.0171, 'hit@5': 0.0608, 'ndcg@5': 0.039, 'hit@10': 0.1027, 'ndcg@10': 0.0524, 'hit@15': 0.1344, 'ndcg@15': 0.0607, 'hit@20': 0.1636, 'ndcg@20': 0.0676, 'hit@40': 0.2537, 'ndcg@40': 0.086} 
2024-10-08 23:50:16.852 | INFO     | trainer_1:_train_one_epoch:209 - test 51 cost time 8.89s, result: {'hit@1': 0.0113, 'ndcg@1': 0.0113, 'hit@5': 0.0417, 'ndcg@5': 0.0264, 'hit@10': 0.0678, 'ndcg@10': 0.0348, 'hit@15': 0.0922, 'ndcg@15': 0.0412, 'hit@20': 0.1129, 'ndcg@20': 0.0461, 'hit@40': 0.1824, 'ndcg@40': 0.0602} 
2024-10-08 23:50:25.169 | INFO     | trainer_1:_train_one_epoch:193 - epoch 52 8.32s Train loss is [0.3394] 
2024-10-08 23:50:32.053 | INFO     | trainer_1:_train_one_epoch:201 - validate 52 cost time 6.88s, result: {'hit@1': 0.0176, 'ndcg@1': 0.0176, 'hit@5': 0.0639, 'ndcg@5': 0.0408, 'hit@10': 0.1058, 'ndcg@10': 0.0543, 'hit@15': 0.1399, 'ndcg@15': 0.0633, 'hit@20': 0.1712, 'ndcg@20': 0.0707, 'hit@40': 0.2661, 'ndcg@40': 0.09} 
2024-10-08 23:50:36.940 | INFO     | trainer_1:_train_one_epoch:209 - test 52 cost time 4.89s, result: {'hit@1': 0.0112, 'ndcg@1': 0.0112, 'hit@5': 0.04, 'ndcg@5': 0.0256, 'hit@10': 0.0691, 'ndcg@10': 0.035, 'hit@15': 0.0954, 'ndcg@15': 0.042, 'hit@20': 0.1171, 'ndcg@20': 0.0471, 'hit@40': 0.1904, 'ndcg@40': 0.062} 
2024-10-08 23:50:45.406 | INFO     | trainer_1:_train_one_epoch:193 - epoch 53 8.46s Train loss is [0.3359] 
2024-10-08 23:50:53.162 | INFO     | trainer_1:_train_one_epoch:201 - validate 53 cost time 7.76s, result: {'hit@1': 0.0166, 'ndcg@1': 0.0166, 'hit@5': 0.0612, 'ndcg@5': 0.0389, 'hit@10': 0.1004, 'ndcg@10': 0.0515, 'hit@15': 0.1332, 'ndcg@15': 0.0602, 'hit@20': 0.1638, 'ndcg@20': 0.0674, 'hit@40': 0.2538, 'ndcg@40': 0.0857} 
2024-10-08 23:51:02.046 | INFO     | trainer_1:_train_one_epoch:209 - test 53 cost time 8.88s, result: {'hit@1': 0.0108, 'ndcg@1': 0.0108, 'hit@5': 0.0396, 'ndcg@5': 0.0251, 'hit@10': 0.0671, 'ndcg@10': 0.0339, 'hit@15': 0.0913, 'ndcg@15': 0.0403, 'hit@20': 0.1143, 'ndcg@20': 0.0457, 'hit@40': 0.1846, 'ndcg@40': 0.06} 
2024-10-08 23:51:10.450 | INFO     | trainer_1:_train_one_epoch:193 - epoch 54 8.40s Train loss is [0.3276] 
2024-10-08 23:51:17.434 | INFO     | trainer_1:_train_one_epoch:201 - validate 54 cost time 6.98s, result: {'hit@1': 0.0173, 'ndcg@1': 0.0173, 'hit@5': 0.0615, 'ndcg@5': 0.0395, 'hit@10': 0.0998, 'ndcg@10': 0.0517, 'hit@15': 0.134, 'ndcg@15': 0.0608, 'hit@20': 0.1651, 'ndcg@20': 0.0681, 'hit@40': 0.2553, 'ndcg@40': 0.0864} 
2024-10-08 23:51:22.312 | INFO     | trainer_1:_train_one_epoch:209 - test 54 cost time 4.88s, result: {'hit@1': 0.0106, 'ndcg@1': 0.0106, 'hit@5': 0.0392, 'ndcg@5': 0.0247, 'hit@10': 0.067, 'ndcg@10': 0.0337, 'hit@15': 0.0917, 'ndcg@15': 0.0402, 'hit@20': 0.1129, 'ndcg@20': 0.0452, 'hit@40': 0.1854, 'ndcg@40': 0.0599} 
2024-10-08 23:51:30.706 | INFO     | trainer_1:_train_one_epoch:193 - epoch 55 8.39s Train loss is [0.3307] 
2024-10-08 23:51:38.502 | INFO     | trainer_1:_train_one_epoch:201 - validate 55 cost time 7.80s, result: {'hit@1': 0.016, 'ndcg@1': 0.016, 'hit@5': 0.0587, 'ndcg@5': 0.0374, 'hit@10': 0.0965, 'ndcg@10': 0.0495, 'hit@15': 0.1308, 'ndcg@15': 0.0585, 'hit@20': 0.1628, 'ndcg@20': 0.066, 'hit@40': 0.2517, 'ndcg@40': 0.0841} 
2024-10-08 23:51:47.399 | INFO     | trainer_1:_train_one_epoch:209 - test 55 cost time 8.90s, result: {'hit@1': 0.0111, 'ndcg@1': 0.0111, 'hit@5': 0.0392, 'ndcg@5': 0.0251, 'hit@10': 0.0661, 'ndcg@10': 0.0337, 'hit@15': 0.0897, 'ndcg@15': 0.0399, 'hit@20': 0.1112, 'ndcg@20': 0.045, 'hit@40': 0.1814, 'ndcg@40': 0.0593} 
2024-10-08 23:51:55.860 | INFO     | trainer_1:_train_one_epoch:193 - epoch 56 8.46s Train loss is [0.3329] 
2024-10-08 23:52:02.761 | INFO     | trainer_1:_train_one_epoch:201 - validate 56 cost time 6.90s, result: {'hit@1': 0.0164, 'ndcg@1': 0.0164, 'hit@5': 0.0635, 'ndcg@5': 0.0399, 'hit@10': 0.103, 'ndcg@10': 0.0525, 'hit@15': 0.1374, 'ndcg@15': 0.0615, 'hit@20': 0.1691, 'ndcg@20': 0.069, 'hit@40': 0.2645, 'ndcg@40': 0.0884} 
2024-10-08 23:52:07.667 | INFO     | trainer_1:_train_one_epoch:209 - test 56 cost time 4.91s, result: {'hit@1': 0.011, 'ndcg@1': 0.011, 'hit@5': 0.0402, 'ndcg@5': 0.0254, 'hit@10': 0.0696, 'ndcg@10': 0.0349, 'hit@15': 0.0944, 'ndcg@15': 0.0414, 'hit@20': 0.1165, 'ndcg@20': 0.0466, 'hit@40': 0.1911, 'ndcg@40': 0.0618} 
2024-10-08 23:52:15.984 | INFO     | trainer_1:_train_one_epoch:193 - epoch 57 8.32s Train loss is [0.3241] 
2024-10-08 23:52:23.570 | INFO     | trainer_1:_train_one_epoch:201 - validate 57 cost time 7.59s, result: {'hit@1': 0.0171, 'ndcg@1': 0.0171, 'hit@5': 0.0638, 'ndcg@5': 0.0405, 'hit@10': 0.1036, 'ndcg@10': 0.0533, 'hit@15': 0.138, 'ndcg@15': 0.0623, 'hit@20': 0.169, 'ndcg@20': 0.0697, 'hit@40': 0.2595, 'ndcg@40': 0.0881} 
2024-10-08 23:52:32.461 | INFO     | trainer_1:_train_one_epoch:209 - test 57 cost time 8.89s, result: {'hit@1': 0.0107, 'ndcg@1': 0.0107, 'hit@5': 0.0415, 'ndcg@5': 0.0258, 'hit@10': 0.0707, 'ndcg@10': 0.0352, 'hit@15': 0.0955, 'ndcg@15': 0.0417, 'hit@20': 0.1186, 'ndcg@20': 0.0472, 'hit@40': 0.1926, 'ndcg@40': 0.0622} 
2024-10-08 23:52:32.472 | INFO     | trainer_1:train_model:163 - training end, best iteration 52, results: {'hit@1': 0.0175, 'ndcg@1': 0.0175, 'hit@5': 0.063, 'ndcg@5': 0.0403, 'hit@10': 0.104, 'ndcg@10': 0.0534, 'hit@15': 0.1377, 'ndcg@15': 0.0623, 'hit@20': 0.1696, 'ndcg@20': 0.0698, 'hit@40': 0.2649, 'ndcg@40': 0.0892}
2024-10-08 23:52:32.473 | INFO     | trainer_1:train_model:166 - final test result is:  {'hit@1': 0.0113, 'ndcg@1': 0.0113, 'hit@5': 0.0441, 'ndcg@5': 0.0275, 'hit@10': 0.0722, 'ndcg@10': 0.0365, 'hit@15': 0.0976, 'ndcg@15': 0.0432, 'hit@20': 0.1211, 'ndcg@20': 0.0487, 'hit@40': 0.195, 'ndcg@40': 0.0638}
2024-10-08 23:52:32.764 | INFO     | __main__:<module>:119 - train end total cost time: 3874.5609974861145
