2024-10-08 23:53:07.160 | INFO     | __main__:<module>:105 - Namespace(TIME='2024-10-08 23_52_35', batch_size=1024, behaviors=['view', 'cart', 'buy'], check_point='model_pre_1_2024-10-08 11_17_41.pth', data_name='beibei', data_path='./data/beibei', decay=0.001, device='cuda:1', dim_qk=32, dim_v=64, distill_layers=2, distill_thres=0.5, distill_topK=40, distill_userK=2, embedding_size=64, epochs=100, gpu_no=1, if_load_model=True, ii_lambda=200, initializer_range=0.02, layers=2, loss_type='bpr', lr=0.001, message_dropout=0.25, metrics=['hit', 'ndcg'], min_epoch=5, model_name='main_1', model_path='./check_point', node_dropout=0.75, omega=1, pt_loop=50, reg_weight=0.001, test_batch_size=1024, testbatch=1024, topk=[1, 5, 10, 15, 20, 40], uu_lambda=100)
2024-10-08 23:53:07.160 | INFO     | __main__:<module>:106 - BIPN(
  (message_dropout): Dropout(p=0.25, inplace=False)
  (user_embedding): Embedding(21717, 64, padding_idx=0)
  (item_embedding): Embedding(7978, 64, padding_idx=0)
  (global_Graph): LightGCN()
  (Graph_encoder): ModuleDict(
    (view): GraphEncoder(
      (light): LightGCN()
      (dropout): Dropout(p=0.75, inplace=False)
    )
    (cart): GraphEncoder(
      (light): LightGCN()
      (dropout): Dropout(p=0.75, inplace=False)
    )
    (buy): GraphEncoder(
      (light): LightGCN()
      (dropout): Dropout(p=0.75, inplace=False)
    )
  )
  (attention): Mutual_Attention()
  (bpr_loss): BPRLoss()
  (emb_loss): EmbLoss()
  (f): Sigmoid()
)
2024-10-08 23:59:07.287 | INFO     | trainer_1:_train_one_epoch:193 - epoch 1 6.17s Train loss is [0.9425] 
2024-10-08 23:59:13.237 | INFO     | trainer_1:_train_one_epoch:201 - validate 1 cost time 5.95s, result: {'hit@1': 0.0064, 'ndcg@1': 0.0064, 'hit@5': 0.0278, 'ndcg@5': 0.017, 'hit@10': 0.0498, 'ndcg@10': 0.0241, 'hit@15': 0.0687, 'ndcg@15': 0.029, 'hit@20': 0.0862, 'ndcg@20': 0.0332, 'hit@40': 0.1481, 'ndcg@40': 0.0458} 
2024-10-08 23:59:19.527 | INFO     | trainer_1:_train_one_epoch:209 - test 1 cost time 6.29s, result: {'hit@1': 0.0041, 'ndcg@1': 0.0041, 'hit@5': 0.0176, 'ndcg@5': 0.0107, 'hit@10': 0.0347, 'ndcg@10': 0.0162, 'hit@15': 0.0489, 'ndcg@15': 0.0199, 'hit@20': 0.0618, 'ndcg@20': 0.0229, 'hit@40': 0.113, 'ndcg@40': 0.0333} 
2024-10-08 23:59:36.037 | INFO     | trainer_1:_train_one_epoch:193 - epoch 2 6.45s Train loss is [0.7168] 
2024-10-08 23:59:41.972 | INFO     | trainer_1:_train_one_epoch:201 - validate 2 cost time 5.93s, result: {'hit@1': 0.0093, 'ndcg@1': 0.0093, 'hit@5': 0.0342, 'ndcg@5': 0.0216, 'hit@10': 0.0606, 'ndcg@10': 0.03, 'hit@15': 0.0824, 'ndcg@15': 0.0358, 'hit@20': 0.101, 'ndcg@20': 0.0402, 'hit@40': 0.1672, 'ndcg@40': 0.0536} 
2024-10-08 23:59:47.828 | INFO     | trainer_1:_train_one_epoch:209 - test 2 cost time 5.86s, result: {'hit@1': 0.005, 'ndcg@1': 0.005, 'hit@5': 0.0225, 'ndcg@5': 0.0134, 'hit@10': 0.0403, 'ndcg@10': 0.0192, 'hit@15': 0.0568, 'ndcg@15': 0.0235, 'hit@20': 0.0725, 'ndcg@20': 0.0272, 'hit@40': 0.121, 'ndcg@40': 0.0371} 
2024-10-09 00:00:04.210 | INFO     | trainer_1:_train_one_epoch:193 - epoch 3 6.17s Train loss is [0.6401] 
2024-10-09 00:00:10.881 | INFO     | trainer_1:_train_one_epoch:201 - validate 3 cost time 6.67s, result: {'hit@1': 0.0077, 'ndcg@1': 0.0077, 'hit@5': 0.0321, 'ndcg@5': 0.0197, 'hit@10': 0.059, 'ndcg@10': 0.0283, 'hit@15': 0.0835, 'ndcg@15': 0.0347, 'hit@20': 0.1039, 'ndcg@20': 0.0396, 'hit@40': 0.1756, 'ndcg@40': 0.0541} 
2024-10-09 00:00:16.669 | INFO     | trainer_1:_train_one_epoch:209 - test 3 cost time 5.79s, result: {'hit@1': 0.0043, 'ndcg@1': 0.0043, 'hit@5': 0.0197, 'ndcg@5': 0.0118, 'hit@10': 0.0386, 'ndcg@10': 0.0179, 'hit@15': 0.056, 'ndcg@15': 0.0225, 'hit@20': 0.0717, 'ndcg@20': 0.0261, 'hit@40': 0.1268, 'ndcg@40': 0.0374} 
2024-10-09 00:00:22.779 | INFO     | trainer_1:_train_one_epoch:193 - epoch 4 6.11s Train loss is [0.5894] 
2024-10-09 00:00:30.377 | INFO     | trainer_1:_train_one_epoch:201 - validate 4 cost time 7.60s, result: {'hit@1': 0.0079, 'ndcg@1': 0.0079, 'hit@5': 0.0318, 'ndcg@5': 0.0197, 'hit@10': 0.0573, 'ndcg@10': 0.0278, 'hit@15': 0.0793, 'ndcg@15': 0.0337, 'hit@20': 0.1005, 'ndcg@20': 0.0386, 'hit@40': 0.1656, 'ndcg@40': 0.0519} 
2024-10-09 00:00:37.739 | INFO     | trainer_1:_train_one_epoch:209 - test 4 cost time 7.36s, result: {'hit@1': 0.0045, 'ndcg@1': 0.0045, 'hit@5': 0.0181, 'ndcg@5': 0.0112, 'hit@10': 0.0338, 'ndcg@10': 0.0162, 'hit@15': 0.0511, 'ndcg@15': 0.0208, 'hit@20': 0.0669, 'ndcg@20': 0.0245, 'hit@40': 0.1171, 'ndcg@40': 0.0347} 
2024-10-09 00:00:43.936 | INFO     | trainer_1:_train_one_epoch:193 - epoch 5 6.20s Train loss is [0.5504] 
2024-10-09 00:00:49.796 | INFO     | trainer_1:_train_one_epoch:201 - validate 5 cost time 5.86s, result: {'hit@1': 0.0127, 'ndcg@1': 0.0127, 'hit@5': 0.0381, 'ndcg@5': 0.0252, 'hit@10': 0.0659, 'ndcg@10': 0.0341, 'hit@15': 0.0904, 'ndcg@15': 0.0406, 'hit@20': 0.1104, 'ndcg@20': 0.0453, 'hit@40': 0.1791, 'ndcg@40': 0.0593} 
2024-10-09 00:00:55.597 | INFO     | trainer_1:_train_one_epoch:209 - test 5 cost time 5.80s, result: {'hit@1': 0.0061, 'ndcg@1': 0.0061, 'hit@5': 0.0215, 'ndcg@5': 0.0136, 'hit@10': 0.0398, 'ndcg@10': 0.0194, 'hit@15': 0.0576, 'ndcg@15': 0.0241, 'hit@20': 0.0715, 'ndcg@20': 0.0274, 'hit@40': 0.1216, 'ndcg@40': 0.0376} 
2024-10-09 00:01:01.769 | INFO     | trainer_1:_train_one_epoch:193 - epoch 6 6.17s Train loss is [0.5273] 
2024-10-09 00:01:09.429 | INFO     | trainer_1:_train_one_epoch:201 - validate 6 cost time 7.66s, result: {'hit@1': 0.0128, 'ndcg@1': 0.0128, 'hit@5': 0.0416, 'ndcg@5': 0.027, 'hit@10': 0.067, 'ndcg@10': 0.0352, 'hit@15': 0.0927, 'ndcg@15': 0.042, 'hit@20': 0.1151, 'ndcg@20': 0.0473, 'hit@40': 0.1864, 'ndcg@40': 0.0617} 
2024-10-09 00:01:16.886 | INFO     | trainer_1:_train_one_epoch:209 - test 6 cost time 7.46s, result: {'hit@1': 0.007, 'ndcg@1': 0.007, 'hit@5': 0.0243, 'ndcg@5': 0.0155, 'hit@10': 0.043, 'ndcg@10': 0.0214, 'hit@15': 0.0596, 'ndcg@15': 0.0258, 'hit@20': 0.0746, 'ndcg@20': 0.0293, 'hit@40': 0.1267, 'ndcg@40': 0.04} 
2024-10-09 00:01:33.772 | INFO     | trainer_1:_train_one_epoch:193 - epoch 7 6.54s Train loss is [0.5250] 
2024-10-09 00:01:41.340 | INFO     | trainer_1:_train_one_epoch:201 - validate 7 cost time 7.57s, result: {'hit@1': 0.0116, 'ndcg@1': 0.0116, 'hit@5': 0.0424, 'ndcg@5': 0.0269, 'hit@10': 0.0717, 'ndcg@10': 0.0363, 'hit@15': 0.0992, 'ndcg@15': 0.0436, 'hit@20': 0.1235, 'ndcg@20': 0.0493, 'hit@40': 0.1952, 'ndcg@40': 0.0639} 
2024-10-09 00:01:48.652 | INFO     | trainer_1:_train_one_epoch:209 - test 7 cost time 7.31s, result: {'hit@1': 0.0067, 'ndcg@1': 0.0067, 'hit@5': 0.0243, 'ndcg@5': 0.0155, 'hit@10': 0.0421, 'ndcg@10': 0.0213, 'hit@15': 0.0608, 'ndcg@15': 0.0262, 'hit@20': 0.078, 'ndcg@20': 0.0303, 'hit@40': 0.1343, 'ndcg@40': 0.0417} 
2024-10-09 00:01:55.226 | INFO     | trainer_1:_train_one_epoch:193 - epoch 8 6.57s Train loss is [0.4924] 
2024-10-09 00:02:01.056 | INFO     | trainer_1:_train_one_epoch:201 - validate 8 cost time 5.83s, result: {'hit@1': 0.0093, 'ndcg@1': 0.0093, 'hit@5': 0.0386, 'ndcg@5': 0.0238, 'hit@10': 0.0684, 'ndcg@10': 0.0333, 'hit@15': 0.0944, 'ndcg@15': 0.0401, 'hit@20': 0.1195, 'ndcg@20': 0.046, 'hit@40': 0.1986, 'ndcg@40': 0.0621} 
2024-10-09 00:02:06.864 | INFO     | trainer_1:_train_one_epoch:209 - test 8 cost time 5.81s, result: {'hit@1': 0.0055, 'ndcg@1': 0.0055, 'hit@5': 0.023, 'ndcg@5': 0.0142, 'hit@10': 0.0426, 'ndcg@10': 0.0205, 'hit@15': 0.0601, 'ndcg@15': 0.0251, 'hit@20': 0.0776, 'ndcg@20': 0.0292, 'hit@40': 0.1365, 'ndcg@40': 0.0412} 
2024-10-09 00:02:13.324 | INFO     | trainer_1:_train_one_epoch:193 - epoch 9 6.46s Train loss is [0.4785] 
2024-10-09 00:02:21.023 | INFO     | trainer_1:_train_one_epoch:201 - validate 9 cost time 7.70s, result: {'hit@1': 0.0121, 'ndcg@1': 0.0121, 'hit@5': 0.0446, 'ndcg@5': 0.0281, 'hit@10': 0.0772, 'ndcg@10': 0.0386, 'hit@15': 0.1048, 'ndcg@15': 0.0459, 'hit@20': 0.13, 'ndcg@20': 0.0518, 'hit@40': 0.2086, 'ndcg@40': 0.0678} 
2024-10-09 00:02:28.471 | INFO     | trainer_1:_train_one_epoch:209 - test 9 cost time 7.45s, result: {'hit@1': 0.0069, 'ndcg@1': 0.0069, 'hit@5': 0.0262, 'ndcg@5': 0.0164, 'hit@10': 0.0462, 'ndcg@10': 0.0228, 'hit@15': 0.067, 'ndcg@15': 0.0283, 'hit@20': 0.0849, 'ndcg@20': 0.0325, 'hit@40': 0.1448, 'ndcg@40': 0.0447} 
2024-10-09 00:02:45.457 | INFO     | trainer_1:_train_one_epoch:193 - epoch 10 6.55s Train loss is [0.4700] 
2024-10-09 00:02:51.283 | INFO     | trainer_1:_train_one_epoch:201 - validate 10 cost time 5.83s, result: {'hit@1': 0.0131, 'ndcg@1': 0.0131, 'hit@5': 0.0464, 'ndcg@5': 0.0296, 'hit@10': 0.0788, 'ndcg@10': 0.04, 'hit@15': 0.1046, 'ndcg@15': 0.0468, 'hit@20': 0.1276, 'ndcg@20': 0.0522, 'hit@40': 0.2098, 'ndcg@40': 0.069} 
2024-10-09 00:02:58.478 | INFO     | trainer_1:_train_one_epoch:209 - test 10 cost time 7.19s, result: {'hit@1': 0.0071, 'ndcg@1': 0.0071, 'hit@5': 0.0277, 'ndcg@5': 0.0174, 'hit@10': 0.0499, 'ndcg@10': 0.0245, 'hit@15': 0.0687, 'ndcg@15': 0.0294, 'hit@20': 0.0855, 'ndcg@20': 0.0334, 'hit@40': 0.1447, 'ndcg@40': 0.0454} 
2024-10-09 00:03:15.050 | INFO     | trainer_1:_train_one_epoch:193 - epoch 11 6.47s Train loss is [0.4638] 
2024-10-09 00:03:20.929 | INFO     | trainer_1:_train_one_epoch:201 - validate 11 cost time 5.88s, result: {'hit@1': 0.0106, 'ndcg@1': 0.0106, 'hit@5': 0.0412, 'ndcg@5': 0.026, 'hit@10': 0.0706, 'ndcg@10': 0.0355, 'hit@15': 0.0962, 'ndcg@15': 0.0422, 'hit@20': 0.119, 'ndcg@20': 0.0476, 'hit@40': 0.1909, 'ndcg@40': 0.0622} 
2024-10-09 00:03:27.477 | INFO     | trainer_1:_train_one_epoch:209 - test 11 cost time 6.55s, result: {'hit@1': 0.0067, 'ndcg@1': 0.0067, 'hit@5': 0.0263, 'ndcg@5': 0.0163, 'hit@10': 0.0469, 'ndcg@10': 0.0228, 'hit@15': 0.0642, 'ndcg@15': 0.0274, 'hit@20': 0.0804, 'ndcg@20': 0.0312, 'hit@40': 0.1345, 'ndcg@40': 0.0423} 
2024-10-09 00:03:33.769 | INFO     | trainer_1:_train_one_epoch:193 - epoch 12 6.29s Train loss is [0.4610] 
2024-10-09 00:03:41.255 | INFO     | trainer_1:_train_one_epoch:201 - validate 12 cost time 7.49s, result: {'hit@1': 0.01, 'ndcg@1': 0.01, 'hit@5': 0.0408, 'ndcg@5': 0.0253, 'hit@10': 0.0708, 'ndcg@10': 0.0349, 'hit@15': 0.0969, 'ndcg@15': 0.0418, 'hit@20': 0.1197, 'ndcg@20': 0.0471, 'hit@40': 0.2019, 'ndcg@40': 0.0639} 
2024-10-09 00:03:48.331 | INFO     | trainer_1:_train_one_epoch:209 - test 12 cost time 7.08s, result: {'hit@1': 0.0074, 'ndcg@1': 0.0074, 'hit@5': 0.0263, 'ndcg@5': 0.0166, 'hit@10': 0.0474, 'ndcg@10': 0.0233, 'hit@15': 0.0658, 'ndcg@15': 0.0282, 'hit@20': 0.0839, 'ndcg@20': 0.0324, 'hit@40': 0.1428, 'ndcg@40': 0.0444} 
2024-10-09 00:03:54.772 | INFO     | trainer_1:_train_one_epoch:193 - epoch 13 6.44s Train loss is [0.4430] 
2024-10-09 00:04:00.688 | INFO     | trainer_1:_train_one_epoch:201 - validate 13 cost time 5.92s, result: {'hit@1': 0.012, 'ndcg@1': 0.012, 'hit@5': 0.0452, 'ndcg@5': 0.0286, 'hit@10': 0.0751, 'ndcg@10': 0.0382, 'hit@15': 0.101, 'ndcg@15': 0.045, 'hit@20': 0.1253, 'ndcg@20': 0.0507, 'hit@40': 0.2026, 'ndcg@40': 0.0665} 
2024-10-09 00:04:08.292 | INFO     | trainer_1:_train_one_epoch:209 - test 13 cost time 7.60s, result: {'hit@1': 0.0075, 'ndcg@1': 0.0075, 'hit@5': 0.0282, 'ndcg@5': 0.0177, 'hit@10': 0.0498, 'ndcg@10': 0.0247, 'hit@15': 0.0682, 'ndcg@15': 0.0295, 'hit@20': 0.0844, 'ndcg@20': 0.0334, 'hit@40': 0.1464, 'ndcg@40': 0.046} 
2024-10-09 00:04:14.579 | INFO     | trainer_1:_train_one_epoch:193 - epoch 14 6.29s Train loss is [0.4397] 
2024-10-09 00:04:22.026 | INFO     | trainer_1:_train_one_epoch:201 - validate 14 cost time 7.45s, result: {'hit@1': 0.0124, 'ndcg@1': 0.0124, 'hit@5': 0.0454, 'ndcg@5': 0.0287, 'hit@10': 0.077, 'ndcg@10': 0.0389, 'hit@15': 0.1014, 'ndcg@15': 0.0453, 'hit@20': 0.127, 'ndcg@20': 0.0513, 'hit@40': 0.2082, 'ndcg@40': 0.0678} 
2024-10-09 00:04:28.073 | INFO     | trainer_1:_train_one_epoch:209 - test 14 cost time 6.05s, result: {'hit@1': 0.008, 'ndcg@1': 0.008, 'hit@5': 0.0299, 'ndcg@5': 0.0188, 'hit@10': 0.0513, 'ndcg@10': 0.0257, 'hit@15': 0.0705, 'ndcg@15': 0.0307, 'hit@20': 0.0871, 'ndcg@20': 0.0346, 'hit@40': 0.1447, 'ndcg@40': 0.0463} 
2024-10-09 00:04:44.643 | INFO     | trainer_1:_train_one_epoch:193 - epoch 15 6.31s Train loss is [0.4236] 
2024-10-09 00:04:52.193 | INFO     | trainer_1:_train_one_epoch:201 - validate 15 cost time 7.55s, result: {'hit@1': 0.0114, 'ndcg@1': 0.0114, 'hit@5': 0.0465, 'ndcg@5': 0.029, 'hit@10': 0.0775, 'ndcg@10': 0.039, 'hit@15': 0.1053, 'ndcg@15': 0.0463, 'hit@20': 0.1291, 'ndcg@20': 0.052, 'hit@40': 0.2068, 'ndcg@40': 0.0678} 
2024-10-09 00:04:59.515 | INFO     | trainer_1:_train_one_epoch:209 - test 15 cost time 7.32s, result: {'hit@1': 0.0076, 'ndcg@1': 0.0076, 'hit@5': 0.0297, 'ndcg@5': 0.0187, 'hit@10': 0.0521, 'ndcg@10': 0.0258, 'hit@15': 0.0708, 'ndcg@15': 0.0307, 'hit@20': 0.0876, 'ndcg@20': 0.0347, 'hit@40': 0.1501, 'ndcg@40': 0.0474} 
2024-10-09 00:05:16.673 | INFO     | trainer_1:_train_one_epoch:193 - epoch 16 6.47s Train loss is [0.4274] 
2024-10-09 00:05:24.292 | INFO     | trainer_1:_train_one_epoch:201 - validate 16 cost time 7.62s, result: {'hit@1': 0.0129, 'ndcg@1': 0.0129, 'hit@5': 0.0477, 'ndcg@5': 0.0303, 'hit@10': 0.0795, 'ndcg@10': 0.0405, 'hit@15': 0.1081, 'ndcg@15': 0.048, 'hit@20': 0.1326, 'ndcg@20': 0.0538, 'hit@40': 0.2146, 'ndcg@40': 0.0705} 
2024-10-09 00:05:31.674 | INFO     | trainer_1:_train_one_epoch:209 - test 16 cost time 7.38s, result: {'hit@1': 0.0077, 'ndcg@1': 0.0077, 'hit@5': 0.0297, 'ndcg@5': 0.0186, 'hit@10': 0.0525, 'ndcg@10': 0.0259, 'hit@15': 0.0713, 'ndcg@15': 0.0309, 'hit@20': 0.0904, 'ndcg@20': 0.0354, 'hit@40': 0.1535, 'ndcg@40': 0.0482} 
2024-10-09 00:05:48.693 | INFO     | trainer_1:_train_one_epoch:193 - epoch 17 6.46s Train loss is [0.4136] 
2024-10-09 00:05:56.304 | INFO     | trainer_1:_train_one_epoch:201 - validate 17 cost time 7.61s, result: {'hit@1': 0.0123, 'ndcg@1': 0.0123, 'hit@5': 0.0451, 'ndcg@5': 0.0284, 'hit@10': 0.0747, 'ndcg@10': 0.0379, 'hit@15': 0.099, 'ndcg@15': 0.0444, 'hit@20': 0.1228, 'ndcg@20': 0.05, 'hit@40': 0.2005, 'ndcg@40': 0.0657} 
2024-10-09 00:06:03.752 | INFO     | trainer_1:_train_one_epoch:209 - test 17 cost time 7.45s, result: {'hit@1': 0.0068, 'ndcg@1': 0.0068, 'hit@5': 0.0283, 'ndcg@5': 0.0175, 'hit@10': 0.0481, 'ndcg@10': 0.0238, 'hit@15': 0.066, 'ndcg@15': 0.0286, 'hit@20': 0.0836, 'ndcg@20': 0.0327, 'hit@40': 0.1407, 'ndcg@40': 0.0443} 
2024-10-09 00:06:10.185 | INFO     | trainer_1:_train_one_epoch:193 - epoch 18 6.43s Train loss is [0.4034] 
2024-10-09 00:06:16.100 | INFO     | trainer_1:_train_one_epoch:201 - validate 18 cost time 5.91s, result: {'hit@1': 0.0143, 'ndcg@1': 0.0143, 'hit@5': 0.0498, 'ndcg@5': 0.032, 'hit@10': 0.0832, 'ndcg@10': 0.0428, 'hit@15': 0.1108, 'ndcg@15': 0.0501, 'hit@20': 0.1358, 'ndcg@20': 0.056, 'hit@40': 0.22, 'ndcg@40': 0.0731} 
2024-10-09 00:06:21.870 | INFO     | trainer_1:_train_one_epoch:209 - test 18 cost time 5.77s, result: {'hit@1': 0.0074, 'ndcg@1': 0.0074, 'hit@5': 0.0325, 'ndcg@5': 0.02, 'hit@10': 0.0575, 'ndcg@10': 0.028, 'hit@15': 0.0773, 'ndcg@15': 0.0332, 'hit@20': 0.0949, 'ndcg@20': 0.0373, 'hit@40': 0.1603, 'ndcg@40': 0.0507} 
2024-10-09 00:06:38.805 | INFO     | trainer_1:_train_one_epoch:193 - epoch 19 6.55s Train loss is [0.4059] 
2024-10-09 00:06:45.217 | INFO     | trainer_1:_train_one_epoch:201 - validate 19 cost time 6.41s, result: {'hit@1': 0.015, 'ndcg@1': 0.015, 'hit@5': 0.0524, 'ndcg@5': 0.0335, 'hit@10': 0.0864, 'ndcg@10': 0.0444, 'hit@15': 0.1149, 'ndcg@15': 0.052, 'hit@20': 0.1409, 'ndcg@20': 0.0581, 'hit@40': 0.229, 'ndcg@40': 0.076} 
2024-10-09 00:06:50.980 | INFO     | trainer_1:_train_one_epoch:209 - test 19 cost time 5.76s, result: {'hit@1': 0.0087, 'ndcg@1': 0.0087, 'hit@5': 0.034, 'ndcg@5': 0.0214, 'hit@10': 0.0577, 'ndcg@10': 0.0289, 'hit@15': 0.0788, 'ndcg@15': 0.0345, 'hit@20': 0.0977, 'ndcg@20': 0.039, 'hit@40': 0.1634, 'ndcg@40': 0.0523} 
2024-10-09 00:07:07.942 | INFO     | trainer_1:_train_one_epoch:193 - epoch 20 6.42s Train loss is [0.3897] 
2024-10-09 00:07:15.078 | INFO     | trainer_1:_train_one_epoch:201 - validate 20 cost time 7.14s, result: {'hit@1': 0.0138, 'ndcg@1': 0.0138, 'hit@5': 0.0508, 'ndcg@5': 0.0324, 'hit@10': 0.0863, 'ndcg@10': 0.0438, 'hit@15': 0.1171, 'ndcg@15': 0.0519, 'hit@20': 0.1428, 'ndcg@20': 0.058, 'hit@40': 0.2282, 'ndcg@40': 0.0753} 
2024-10-09 00:07:20.874 | INFO     | trainer_1:_train_one_epoch:209 - test 20 cost time 5.80s, result: {'hit@1': 0.0098, 'ndcg@1': 0.0098, 'hit@5': 0.0343, 'ndcg@5': 0.0221, 'hit@10': 0.0581, 'ndcg@10': 0.0296, 'hit@15': 0.0794, 'ndcg@15': 0.0353, 'hit@20': 0.0992, 'ndcg@20': 0.0399, 'hit@40': 0.1625, 'ndcg@40': 0.0528} 
2024-10-09 00:07:37.530 | INFO     | trainer_1:_train_one_epoch:193 - epoch 21 6.31s Train loss is [0.3937] 
2024-10-09 00:07:44.900 | INFO     | trainer_1:_train_one_epoch:201 - validate 21 cost time 7.37s, result: {'hit@1': 0.0151, 'ndcg@1': 0.0151, 'hit@5': 0.0552, 'ndcg@5': 0.0352, 'hit@10': 0.0915, 'ndcg@10': 0.0468, 'hit@15': 0.1207, 'ndcg@15': 0.0545, 'hit@20': 0.148, 'ndcg@20': 0.061, 'hit@40': 0.2321, 'ndcg@40': 0.078} 
2024-10-09 00:07:51.198 | INFO     | trainer_1:_train_one_epoch:209 - test 21 cost time 6.30s, result: {'hit@1': 0.0094, 'ndcg@1': 0.0094, 'hit@5': 0.0352, 'ndcg@5': 0.0223, 'hit@10': 0.0601, 'ndcg@10': 0.0303, 'hit@15': 0.0823, 'ndcg@15': 0.0362, 'hit@20': 0.1004, 'ndcg@20': 0.0404, 'hit@40': 0.1635, 'ndcg@40': 0.0533} 
2024-10-09 00:08:08.005 | INFO     | trainer_1:_train_one_epoch:193 - epoch 22 6.23s Train loss is [0.3924] 
2024-10-09 00:08:15.694 | INFO     | trainer_1:_train_one_epoch:201 - validate 22 cost time 7.69s, result: {'hit@1': 0.016, 'ndcg@1': 0.016, 'hit@5': 0.0558, 'ndcg@5': 0.0358, 'hit@10': 0.0897, 'ndcg@10': 0.0466, 'hit@15': 0.1195, 'ndcg@15': 0.0545, 'hit@20': 0.1438, 'ndcg@20': 0.0602, 'hit@40': 0.2285, 'ndcg@40': 0.0775} 
2024-10-09 00:08:23.299 | INFO     | trainer_1:_train_one_epoch:209 - test 22 cost time 7.60s, result: {'hit@1': 0.009, 'ndcg@1': 0.009, 'hit@5': 0.0355, 'ndcg@5': 0.0221, 'hit@10': 0.0628, 'ndcg@10': 0.0308, 'hit@15': 0.0825, 'ndcg@15': 0.036, 'hit@20': 0.1013, 'ndcg@20': 0.0404, 'hit@40': 0.1626, 'ndcg@40': 0.0529} 
2024-10-09 00:08:40.805 | INFO     | trainer_1:_train_one_epoch:193 - epoch 23 6.98s Train loss is [0.3859] 
2024-10-09 00:08:46.218 | INFO     | trainer_1:_train_one_epoch:201 - validate 23 cost time 5.41s, result: {'hit@1': 0.0157, 'ndcg@1': 0.0157, 'hit@5': 0.0549, 'ndcg@5': 0.0355, 'hit@10': 0.0916, 'ndcg@10': 0.0472, 'hit@15': 0.1216, 'ndcg@15': 0.0551, 'hit@20': 0.1485, 'ndcg@20': 0.0614, 'hit@40': 0.2366, 'ndcg@40': 0.0793} 
2024-10-09 00:08:51.218 | INFO     | trainer_1:_train_one_epoch:209 - test 23 cost time 5.00s, result: {'hit@1': 0.0084, 'ndcg@1': 0.0084, 'hit@5': 0.0365, 'ndcg@5': 0.0224, 'hit@10': 0.0614, 'ndcg@10': 0.0304, 'hit@15': 0.0842, 'ndcg@15': 0.0365, 'hit@20': 0.1052, 'ndcg@20': 0.0414, 'hit@40': 0.17, 'ndcg@40': 0.0546} 
2024-10-09 00:09:00.182 | INFO     | trainer_1:_train_one_epoch:193 - epoch 24 8.96s Train loss is [0.3800] 
2024-10-09 00:09:05.745 | INFO     | trainer_1:_train_one_epoch:201 - validate 24 cost time 5.56s, result: {'hit@1': 0.0158, 'ndcg@1': 0.0158, 'hit@5': 0.0575, 'ndcg@5': 0.0368, 'hit@10': 0.095, 'ndcg@10': 0.0488, 'hit@15': 0.1256, 'ndcg@15': 0.0569, 'hit@20': 0.1513, 'ndcg@20': 0.0629, 'hit@40': 0.2378, 'ndcg@40': 0.0805} 
2024-10-09 00:09:15.380 | INFO     | trainer_1:_train_one_epoch:209 - test 24 cost time 9.63s, result: {'hit@1': 0.0096, 'ndcg@1': 0.0096, 'hit@5': 0.0367, 'ndcg@5': 0.0232, 'hit@10': 0.0623, 'ndcg@10': 0.0315, 'hit@15': 0.0844, 'ndcg@15': 0.0373, 'hit@20': 0.1049, 'ndcg@20': 0.0421, 'hit@40': 0.1683, 'ndcg@40': 0.055} 
2024-10-09 00:09:23.854 | INFO     | trainer_1:_train_one_epoch:193 - epoch 25 8.47s Train loss is [0.3802] 
2024-10-09 00:09:33.681 | INFO     | trainer_1:_train_one_epoch:201 - validate 25 cost time 9.83s, result: {'hit@1': 0.0164, 'ndcg@1': 0.0164, 'hit@5': 0.057, 'ndcg@5': 0.0369, 'hit@10': 0.0937, 'ndcg@10': 0.0487, 'hit@15': 0.1238, 'ndcg@15': 0.0566, 'hit@20': 0.149, 'ndcg@20': 0.0626, 'hit@40': 0.2357, 'ndcg@40': 0.0803} 
2024-10-09 00:09:43.320 | INFO     | trainer_1:_train_one_epoch:209 - test 25 cost time 9.64s, result: {'hit@1': 0.0107, 'ndcg@1': 0.0107, 'hit@5': 0.0372, 'ndcg@5': 0.0239, 'hit@10': 0.0629, 'ndcg@10': 0.0321, 'hit@15': 0.085, 'ndcg@15': 0.0379, 'hit@20': 0.105, 'ndcg@20': 0.0426, 'hit@40': 0.1703, 'ndcg@40': 0.0559} 
2024-10-09 00:10:03.146 | INFO     | trainer_1:_train_one_epoch:193 - epoch 26 8.37s Train loss is [0.3828] 
2024-10-09 00:10:12.975 | INFO     | trainer_1:_train_one_epoch:201 - validate 26 cost time 9.83s, result: {'hit@1': 0.0173, 'ndcg@1': 0.0173, 'hit@5': 0.0571, 'ndcg@5': 0.0372, 'hit@10': 0.0941, 'ndcg@10': 0.049, 'hit@15': 0.1245, 'ndcg@15': 0.0571, 'hit@20': 0.1506, 'ndcg@20': 0.0632, 'hit@40': 0.2348, 'ndcg@40': 0.0804} 
2024-10-09 00:10:22.611 | INFO     | trainer_1:_train_one_epoch:209 - test 26 cost time 9.64s, result: {'hit@1': 0.0105, 'ndcg@1': 0.0105, 'hit@5': 0.0375, 'ndcg@5': 0.024, 'hit@10': 0.062, 'ndcg@10': 0.0318, 'hit@15': 0.0818, 'ndcg@15': 0.037, 'hit@20': 0.1003, 'ndcg@20': 0.0414, 'hit@40': 0.1659, 'ndcg@40': 0.0547} 
2024-10-09 00:10:30.938 | INFO     | trainer_1:_train_one_epoch:193 - epoch 27 8.33s Train loss is [0.3682] 
2024-10-09 00:10:40.762 | INFO     | trainer_1:_train_one_epoch:201 - validate 27 cost time 9.82s, result: {'hit@1': 0.0168, 'ndcg@1': 0.0168, 'hit@5': 0.058, 'ndcg@5': 0.0375, 'hit@10': 0.0946, 'ndcg@10': 0.0491, 'hit@15': 0.1259, 'ndcg@15': 0.0574, 'hit@20': 0.1515, 'ndcg@20': 0.0634, 'hit@40': 0.2383, 'ndcg@40': 0.0811} 
2024-10-09 00:10:50.385 | INFO     | trainer_1:_train_one_epoch:209 - test 27 cost time 9.62s, result: {'hit@1': 0.0113, 'ndcg@1': 0.0113, 'hit@5': 0.0382, 'ndcg@5': 0.0247, 'hit@10': 0.0634, 'ndcg@10': 0.0328, 'hit@15': 0.0869, 'ndcg@15': 0.039, 'hit@20': 0.1046, 'ndcg@20': 0.0431, 'hit@40': 0.1684, 'ndcg@40': 0.0561} 
2024-10-09 00:11:10.218 | INFO     | trainer_1:_train_one_epoch:193 - epoch 28 9.02s Train loss is [0.3645] 
2024-10-09 00:11:20.109 | INFO     | trainer_1:_train_one_epoch:201 - validate 28 cost time 9.89s, result: {'hit@1': 0.0163, 'ndcg@1': 0.0163, 'hit@5': 0.0562, 'ndcg@5': 0.0364, 'hit@10': 0.0937, 'ndcg@10': 0.0484, 'hit@15': 0.1268, 'ndcg@15': 0.0571, 'hit@20': 0.1528, 'ndcg@20': 0.0633, 'hit@40': 0.2388, 'ndcg@40': 0.0808} 
2024-10-09 00:11:29.744 | INFO     | trainer_1:_train_one_epoch:209 - test 28 cost time 9.64s, result: {'hit@1': 0.0101, 'ndcg@1': 0.0101, 'hit@5': 0.0365, 'ndcg@5': 0.0233, 'hit@10': 0.0637, 'ndcg@10': 0.032, 'hit@15': 0.0862, 'ndcg@15': 0.038, 'hit@20': 0.1066, 'ndcg@20': 0.0428, 'hit@40': 0.1712, 'ndcg@40': 0.0559} 
2024-10-09 00:11:49.467 | INFO     | trainer_1:_train_one_epoch:193 - epoch 29 8.92s Train loss is [0.3703] 
2024-10-09 00:11:59.294 | INFO     | trainer_1:_train_one_epoch:201 - validate 29 cost time 9.83s, result: {'hit@1': 0.0163, 'ndcg@1': 0.0163, 'hit@5': 0.0562, 'ndcg@5': 0.0363, 'hit@10': 0.0925, 'ndcg@10': 0.0479, 'hit@15': 0.1237, 'ndcg@15': 0.0562, 'hit@20': 0.15, 'ndcg@20': 0.0624, 'hit@40': 0.2365, 'ndcg@40': 0.08} 
2024-10-09 00:12:08.922 | INFO     | trainer_1:_train_one_epoch:209 - test 29 cost time 9.63s, result: {'hit@1': 0.0102, 'ndcg@1': 0.0102, 'hit@5': 0.0343, 'ndcg@5': 0.0222, 'hit@10': 0.0603, 'ndcg@10': 0.0305, 'hit@15': 0.0823, 'ndcg@15': 0.0363, 'hit@20': 0.1014, 'ndcg@20': 0.0408, 'hit@40': 0.1662, 'ndcg@40': 0.054} 
2024-10-09 00:12:17.858 | INFO     | trainer_1:_train_one_epoch:193 - epoch 30 8.94s Train loss is [0.3717] 
2024-10-09 00:12:27.681 | INFO     | trainer_1:_train_one_epoch:201 - validate 30 cost time 9.82s, result: {'hit@1': 0.0169, 'ndcg@1': 0.0169, 'hit@5': 0.0577, 'ndcg@5': 0.0374, 'hit@10': 0.0961, 'ndcg@10': 0.0497, 'hit@15': 0.1284, 'ndcg@15': 0.0582, 'hit@20': 0.1576, 'ndcg@20': 0.0651, 'hit@40': 0.2438, 'ndcg@40': 0.0826} 
2024-10-09 00:12:37.296 | INFO     | trainer_1:_train_one_epoch:209 - test 30 cost time 9.61s, result: {'hit@1': 0.0111, 'ndcg@1': 0.0111, 'hit@5': 0.0374, 'ndcg@5': 0.0243, 'hit@10': 0.0642, 'ndcg@10': 0.0328, 'hit@15': 0.088, 'ndcg@15': 0.0391, 'hit@20': 0.1084, 'ndcg@20': 0.0439, 'hit@40': 0.1788, 'ndcg@40': 0.0582} 
2024-10-09 00:12:56.585 | INFO     | trainer_1:_train_one_epoch:193 - epoch 31 8.75s Train loss is [0.3598] 
2024-10-09 00:13:06.409 | INFO     | trainer_1:_train_one_epoch:201 - validate 31 cost time 9.82s, result: {'hit@1': 0.0161, 'ndcg@1': 0.0161, 'hit@5': 0.0575, 'ndcg@5': 0.0367, 'hit@10': 0.0951, 'ndcg@10': 0.0488, 'hit@15': 0.127, 'ndcg@15': 0.0573, 'hit@20': 0.1556, 'ndcg@20': 0.064, 'hit@40': 0.2471, 'ndcg@40': 0.0827} 
2024-10-09 00:13:16.029 | INFO     | trainer_1:_train_one_epoch:209 - test 31 cost time 9.62s, result: {'hit@1': 0.0099, 'ndcg@1': 0.0099, 'hit@5': 0.0376, 'ndcg@5': 0.0236, 'hit@10': 0.0646, 'ndcg@10': 0.0322, 'hit@15': 0.0861, 'ndcg@15': 0.0379, 'hit@20': 0.1072, 'ndcg@20': 0.0429, 'hit@40': 0.1752, 'ndcg@40': 0.0567} 
2024-10-09 00:13:35.594 | INFO     | trainer_1:_train_one_epoch:193 - epoch 32 8.46s Train loss is [0.3621] 
2024-10-09 00:13:45.411 | INFO     | trainer_1:_train_one_epoch:201 - validate 32 cost time 9.82s, result: {'hit@1': 0.0162, 'ndcg@1': 0.0162, 'hit@5': 0.0587, 'ndcg@5': 0.0374, 'hit@10': 0.0965, 'ndcg@10': 0.0495, 'hit@15': 0.1278, 'ndcg@15': 0.0578, 'hit@20': 0.1553, 'ndcg@20': 0.0642, 'hit@40': 0.2419, 'ndcg@40': 0.0819} 
2024-10-09 00:13:55.036 | INFO     | trainer_1:_train_one_epoch:209 - test 32 cost time 9.63s, result: {'hit@1': 0.0108, 'ndcg@1': 0.0108, 'hit@5': 0.0379, 'ndcg@5': 0.0243, 'hit@10': 0.0644, 'ndcg@10': 0.0328, 'hit@15': 0.0859, 'ndcg@15': 0.0385, 'hit@20': 0.1062, 'ndcg@20': 0.0432, 'hit@40': 0.1731, 'ndcg@40': 0.0568} 
2024-10-09 00:14:03.445 | INFO     | trainer_1:_train_one_epoch:193 - epoch 33 8.41s Train loss is [0.3570] 
2024-10-09 00:14:13.234 | INFO     | trainer_1:_train_one_epoch:201 - validate 33 cost time 9.79s, result: {'hit@1': 0.0164, 'ndcg@1': 0.0164, 'hit@5': 0.0618, 'ndcg@5': 0.0391, 'hit@10': 0.1008, 'ndcg@10': 0.0517, 'hit@15': 0.1307, 'ndcg@15': 0.0596, 'hit@20': 0.1604, 'ndcg@20': 0.0666, 'hit@40': 0.252, 'ndcg@40': 0.0852} 
2024-10-09 00:14:22.844 | INFO     | trainer_1:_train_one_epoch:209 - test 33 cost time 9.61s, result: {'hit@1': 0.0109, 'ndcg@1': 0.0109, 'hit@5': 0.0393, 'ndcg@5': 0.0249, 'hit@10': 0.0657, 'ndcg@10': 0.0333, 'hit@15': 0.0882, 'ndcg@15': 0.0392, 'hit@20': 0.1097, 'ndcg@20': 0.0443, 'hit@40': 0.1793, 'ndcg@40': 0.0584} 
2024-10-09 00:14:41.947 | INFO     | trainer_1:_train_one_epoch:193 - epoch 34 8.32s Train loss is [0.3571] 
2024-10-09 00:14:51.752 | INFO     | trainer_1:_train_one_epoch:201 - validate 34 cost time 9.80s, result: {'hit@1': 0.0158, 'ndcg@1': 0.0158, 'hit@5': 0.0607, 'ndcg@5': 0.0383, 'hit@10': 0.1018, 'ndcg@10': 0.0515, 'hit@15': 0.1336, 'ndcg@15': 0.0599, 'hit@20': 0.1614, 'ndcg@20': 0.0665, 'hit@40': 0.2507, 'ndcg@40': 0.0846} 
2024-10-09 00:15:01.375 | INFO     | trainer_1:_train_one_epoch:209 - test 34 cost time 9.62s, result: {'hit@1': 0.0111, 'ndcg@1': 0.0111, 'hit@5': 0.0381, 'ndcg@5': 0.0244, 'hit@10': 0.0659, 'ndcg@10': 0.0333, 'hit@15': 0.0878, 'ndcg@15': 0.0391, 'hit@20': 0.1099, 'ndcg@20': 0.0443, 'hit@40': 0.178, 'ndcg@40': 0.0582} 
2024-10-09 00:15:20.499 | INFO     | trainer_1:_train_one_epoch:193 - epoch 35 8.30s Train loss is [0.3579] 
2024-10-09 00:15:30.283 | INFO     | trainer_1:_train_one_epoch:201 - validate 35 cost time 9.78s, result: {'hit@1': 0.017, 'ndcg@1': 0.017, 'hit@5': 0.0609, 'ndcg@5': 0.039, 'hit@10': 0.1007, 'ndcg@10': 0.0518, 'hit@15': 0.1355, 'ndcg@15': 0.0609, 'hit@20': 0.1644, 'ndcg@20': 0.0677, 'hit@40': 0.2571, 'ndcg@40': 0.0866} 
2024-10-09 00:15:39.890 | INFO     | trainer_1:_train_one_epoch:209 - test 35 cost time 9.61s, result: {'hit@1': 0.0117, 'ndcg@1': 0.0117, 'hit@5': 0.039, 'ndcg@5': 0.0252, 'hit@10': 0.067, 'ndcg@10': 0.0341, 'hit@15': 0.0909, 'ndcg@15': 0.0404, 'hit@20': 0.1123, 'ndcg@20': 0.0455, 'hit@40': 0.183, 'ndcg@40': 0.0598} 
2024-10-09 00:15:59.218 | INFO     | trainer_1:_train_one_epoch:193 - epoch 36 8.73s Train loss is [0.3623] 
2024-10-09 00:16:09.041 | INFO     | trainer_1:_train_one_epoch:201 - validate 36 cost time 9.82s, result: {'hit@1': 0.0162, 'ndcg@1': 0.0162, 'hit@5': 0.0594, 'ndcg@5': 0.0378, 'hit@10': 0.0977, 'ndcg@10': 0.05, 'hit@15': 0.1281, 'ndcg@15': 0.0581, 'hit@20': 0.1583, 'ndcg@20': 0.0652, 'hit@40': 0.2481, 'ndcg@40': 0.0835} 
2024-10-09 00:16:18.652 | INFO     | trainer_1:_train_one_epoch:209 - test 36 cost time 9.61s, result: {'hit@1': 0.0107, 'ndcg@1': 0.0107, 'hit@5': 0.0379, 'ndcg@5': 0.0242, 'hit@10': 0.0646, 'ndcg@10': 0.0328, 'hit@15': 0.0882, 'ndcg@15': 0.0391, 'hit@20': 0.1083, 'ndcg@20': 0.0438, 'hit@40': 0.1774, 'ndcg@40': 0.0579} 
2024-10-09 00:16:27.378 | INFO     | trainer_1:_train_one_epoch:193 - epoch 37 8.73s Train loss is [0.3538] 
2024-10-09 00:16:37.127 | INFO     | trainer_1:_train_one_epoch:201 - validate 37 cost time 9.75s, result: {'hit@1': 0.0164, 'ndcg@1': 0.0164, 'hit@5': 0.0614, 'ndcg@5': 0.0387, 'hit@10': 0.0984, 'ndcg@10': 0.0505, 'hit@15': 0.13, 'ndcg@15': 0.0589, 'hit@20': 0.1578, 'ndcg@20': 0.0654, 'hit@40': 0.2473, 'ndcg@40': 0.0837} 
2024-10-09 00:16:46.749 | INFO     | trainer_1:_train_one_epoch:209 - test 37 cost time 9.62s, result: {'hit@1': 0.0112, 'ndcg@1': 0.0112, 'hit@5': 0.0379, 'ndcg@5': 0.0246, 'hit@10': 0.0642, 'ndcg@10': 0.0331, 'hit@15': 0.0883, 'ndcg@15': 0.0394, 'hit@20': 0.109, 'ndcg@20': 0.0443, 'hit@40': 0.1779, 'ndcg@40': 0.0583} 
2024-10-09 00:16:55.430 | INFO     | trainer_1:_train_one_epoch:193 - epoch 38 8.68s Train loss is [0.3460] 
2024-10-09 00:17:05.258 | INFO     | trainer_1:_train_one_epoch:201 - validate 38 cost time 9.83s, result: {'hit@1': 0.0167, 'ndcg@1': 0.0167, 'hit@5': 0.0611, 'ndcg@5': 0.0389, 'hit@10': 0.0982, 'ndcg@10': 0.0507, 'hit@15': 0.1302, 'ndcg@15': 0.0592, 'hit@20': 0.1593, 'ndcg@20': 0.066, 'hit@40': 0.2498, 'ndcg@40': 0.0845} 
2024-10-09 00:17:14.881 | INFO     | trainer_1:_train_one_epoch:209 - test 38 cost time 9.62s, result: {'hit@1': 0.0112, 'ndcg@1': 0.0112, 'hit@5': 0.0389, 'ndcg@5': 0.025, 'hit@10': 0.0671, 'ndcg@10': 0.034, 'hit@15': 0.0899, 'ndcg@15': 0.04, 'hit@20': 0.1106, 'ndcg@20': 0.0449, 'hit@40': 0.1807, 'ndcg@40': 0.0592} 
2024-10-09 00:17:34.303 | INFO     | trainer_1:_train_one_epoch:193 - epoch 39 8.70s Train loss is [0.3436] 
2024-10-09 00:17:44.128 | INFO     | trainer_1:_train_one_epoch:201 - validate 39 cost time 9.83s, result: {'hit@1': 0.0161, 'ndcg@1': 0.0161, 'hit@5': 0.0576, 'ndcg@5': 0.037, 'hit@10': 0.0957, 'ndcg@10': 0.0492, 'hit@15': 0.1273, 'ndcg@15': 0.0575, 'hit@20': 0.1572, 'ndcg@20': 0.0646, 'hit@40': 0.2487, 'ndcg@40': 0.0832} 
2024-10-09 00:17:53.750 | INFO     | trainer_1:_train_one_epoch:209 - test 39 cost time 9.62s, result: {'hit@1': 0.0103, 'ndcg@1': 0.0103, 'hit@5': 0.0369, 'ndcg@5': 0.0235, 'hit@10': 0.0628, 'ndcg@10': 0.0318, 'hit@15': 0.0871, 'ndcg@15': 0.0382, 'hit@20': 0.1072, 'ndcg@20': 0.043, 'hit@40': 0.1777, 'ndcg@40': 0.0573} 
2024-10-09 00:18:02.026 | INFO     | trainer_1:_train_one_epoch:193 - epoch 40 8.28s Train loss is [0.3431] 
2024-10-09 00:18:11.846 | INFO     | trainer_1:_train_one_epoch:201 - validate 40 cost time 9.82s, result: {'hit@1': 0.017, 'ndcg@1': 0.017, 'hit@5': 0.0593, 'ndcg@5': 0.038, 'hit@10': 0.0963, 'ndcg@10': 0.0499, 'hit@15': 0.1292, 'ndcg@15': 0.0586, 'hit@20': 0.1604, 'ndcg@20': 0.066, 'hit@40': 0.2521, 'ndcg@40': 0.0846} 
2024-10-09 00:18:21.480 | INFO     | trainer_1:_train_one_epoch:209 - test 40 cost time 9.63s, result: {'hit@1': 0.0116, 'ndcg@1': 0.0116, 'hit@5': 0.0374, 'ndcg@5': 0.0243, 'hit@10': 0.0648, 'ndcg@10': 0.0331, 'hit@15': 0.0864, 'ndcg@15': 0.0388, 'hit@20': 0.1077, 'ndcg@20': 0.0438, 'hit@40': 0.1792, 'ndcg@40': 0.0583} 
2024-10-09 00:18:29.770 | INFO     | trainer_1:_train_one_epoch:193 - epoch 41 8.29s Train loss is [0.3514] 
2024-10-09 00:18:39.571 | INFO     | trainer_1:_train_one_epoch:201 - validate 41 cost time 9.80s, result: {'hit@1': 0.0155, 'ndcg@1': 0.0155, 'hit@5': 0.0573, 'ndcg@5': 0.0366, 'hit@10': 0.0986, 'ndcg@10': 0.0498, 'hit@15': 0.1315, 'ndcg@15': 0.0585, 'hit@20': 0.1598, 'ndcg@20': 0.0652, 'hit@40': 0.2541, 'ndcg@40': 0.0844} 
2024-10-09 00:18:47.321 | INFO     | trainer_1:_train_one_epoch:209 - test 41 cost time 7.75s, result: {'hit@1': 0.0117, 'ndcg@1': 0.0117, 'hit@5': 0.0393, 'ndcg@5': 0.0253, 'hit@10': 0.066, 'ndcg@10': 0.0338, 'hit@15': 0.0903, 'ndcg@15': 0.0402, 'hit@20': 0.1112, 'ndcg@20': 0.0451, 'hit@40': 0.1816, 'ndcg@40': 0.0595} 
2024-10-09 00:18:55.393 | INFO     | trainer_1:_train_one_epoch:193 - epoch 42 8.07s Train loss is [0.3481] 
2024-10-09 00:19:02.010 | INFO     | trainer_1:_train_one_epoch:201 - validate 42 cost time 6.62s, result: {'hit@1': 0.0166, 'ndcg@1': 0.0166, 'hit@5': 0.0601, 'ndcg@5': 0.0385, 'hit@10': 0.1007, 'ndcg@10': 0.0515, 'hit@15': 0.1334, 'ndcg@15': 0.0601, 'hit@20': 0.1614, 'ndcg@20': 0.0667, 'hit@40': 0.2576, 'ndcg@40': 0.0864} 
2024-10-09 00:19:09.605 | INFO     | trainer_1:_train_one_epoch:209 - test 42 cost time 7.59s, result: {'hit@1': 0.0113, 'ndcg@1': 0.0113, 'hit@5': 0.0393, 'ndcg@5': 0.0251, 'hit@10': 0.0661, 'ndcg@10': 0.0337, 'hit@15': 0.0911, 'ndcg@15': 0.0403, 'hit@20': 0.1127, 'ndcg@20': 0.0454, 'hit@40': 0.1855, 'ndcg@40': 0.0603} 
2024-10-09 00:19:17.932 | INFO     | trainer_1:_train_one_epoch:193 - epoch 43 8.33s Train loss is [0.3532] 
2024-10-09 00:19:25.281 | INFO     | trainer_1:_train_one_epoch:201 - validate 43 cost time 7.35s, result: {'hit@1': 0.0169, 'ndcg@1': 0.0169, 'hit@5': 0.0626, 'ndcg@5': 0.0398, 'hit@10': 0.1029, 'ndcg@10': 0.0527, 'hit@15': 0.1363, 'ndcg@15': 0.0615, 'hit@20': 0.1667, 'ndcg@20': 0.0687, 'hit@40': 0.2631, 'ndcg@40': 0.0883} 
2024-10-09 00:19:30.091 | INFO     | trainer_1:_train_one_epoch:209 - test 43 cost time 4.81s, result: {'hit@1': 0.0116, 'ndcg@1': 0.0116, 'hit@5': 0.0424, 'ndcg@5': 0.0268, 'hit@10': 0.0722, 'ndcg@10': 0.0363, 'hit@15': 0.0969, 'ndcg@15': 0.0428, 'hit@20': 0.1209, 'ndcg@20': 0.0485, 'hit@40': 0.1941, 'ndcg@40': 0.0634} 
2024-10-09 00:19:48.965 | INFO     | trainer_1:_train_one_epoch:193 - epoch 44 8.34s Train loss is [0.3424] 
2024-10-09 00:19:56.640 | INFO     | trainer_1:_train_one_epoch:201 - validate 44 cost time 7.68s, result: {'hit@1': 0.016, 'ndcg@1': 0.016, 'hit@5': 0.0594, 'ndcg@5': 0.038, 'hit@10': 0.1011, 'ndcg@10': 0.0513, 'hit@15': 0.1335, 'ndcg@15': 0.0598, 'hit@20': 0.1622, 'ndcg@20': 0.0666, 'hit@40': 0.2577, 'ndcg@40': 0.0861} 
2024-10-09 00:20:04.265 | INFO     | trainer_1:_train_one_epoch:209 - test 44 cost time 7.62s, result: {'hit@1': 0.011, 'ndcg@1': 0.011, 'hit@5': 0.0384, 'ndcg@5': 0.0246, 'hit@10': 0.0653, 'ndcg@10': 0.0332, 'hit@15': 0.0906, 'ndcg@15': 0.0399, 'hit@20': 0.1136, 'ndcg@20': 0.0453, 'hit@40': 0.1863, 'ndcg@40': 0.0601} 
2024-10-09 00:20:12.310 | INFO     | trainer_1:_train_one_epoch:193 - epoch 45 8.04s Train loss is [0.3385] 
2024-10-09 00:20:18.551 | INFO     | trainer_1:_train_one_epoch:201 - validate 45 cost time 6.24s, result: {'hit@1': 0.0169, 'ndcg@1': 0.0169, 'hit@5': 0.0611, 'ndcg@5': 0.0393, 'hit@10': 0.1041, 'ndcg@10': 0.0532, 'hit@15': 0.1376, 'ndcg@15': 0.062, 'hit@20': 0.1681, 'ndcg@20': 0.0692, 'hit@40': 0.2641, 'ndcg@40': 0.0887} 
2024-10-09 00:20:25.231 | INFO     | trainer_1:_train_one_epoch:209 - test 45 cost time 6.68s, result: {'hit@1': 0.0108, 'ndcg@1': 0.0108, 'hit@5': 0.0402, 'ndcg@5': 0.0256, 'hit@10': 0.067, 'ndcg@10': 0.0342, 'hit@15': 0.0927, 'ndcg@15': 0.041, 'hit@20': 0.1148, 'ndcg@20': 0.0462, 'hit@40': 0.1871, 'ndcg@40': 0.0609} 
2024-10-09 00:20:33.554 | INFO     | trainer_1:_train_one_epoch:193 - epoch 46 8.32s Train loss is [0.3367] 
2024-10-09 00:20:41.207 | INFO     | trainer_1:_train_one_epoch:201 - validate 46 cost time 7.65s, result: {'hit@1': 0.0174, 'ndcg@1': 0.0174, 'hit@5': 0.0605, 'ndcg@5': 0.039, 'hit@10': 0.0986, 'ndcg@10': 0.0512, 'hit@15': 0.1329, 'ndcg@15': 0.0602, 'hit@20': 0.1612, 'ndcg@20': 0.0669, 'hit@40': 0.2508, 'ndcg@40': 0.0852} 
2024-10-09 00:20:47.319 | INFO     | trainer_1:_train_one_epoch:209 - test 46 cost time 6.11s, result: {'hit@1': 0.0111, 'ndcg@1': 0.0111, 'hit@5': 0.0402, 'ndcg@5': 0.0255, 'hit@10': 0.0664, 'ndcg@10': 0.0339, 'hit@15': 0.0894, 'ndcg@15': 0.04, 'hit@20': 0.1112, 'ndcg@20': 0.0451, 'hit@40': 0.1806, 'ndcg@40': 0.0592} 
2024-10-09 00:20:55.607 | INFO     | trainer_1:_train_one_epoch:193 - epoch 47 8.29s Train loss is [0.3420] 
2024-10-09 00:21:02.031 | INFO     | trainer_1:_train_one_epoch:201 - validate 47 cost time 6.42s, result: {'hit@1': 0.0168, 'ndcg@1': 0.0168, 'hit@5': 0.0618, 'ndcg@5': 0.0392, 'hit@10': 0.1035, 'ndcg@10': 0.0526, 'hit@15': 0.138, 'ndcg@15': 0.0617, 'hit@20': 0.1669, 'ndcg@20': 0.0686, 'hit@40': 0.2575, 'ndcg@40': 0.087} 
2024-10-09 00:21:09.278 | INFO     | trainer_1:_train_one_epoch:209 - test 47 cost time 7.25s, result: {'hit@1': 0.0111, 'ndcg@1': 0.0111, 'hit@5': 0.0415, 'ndcg@5': 0.0261, 'hit@10': 0.0692, 'ndcg@10': 0.0349, 'hit@15': 0.0937, 'ndcg@15': 0.0414, 'hit@20': 0.1152, 'ndcg@20': 0.0464, 'hit@40': 0.1846, 'ndcg@40': 0.0605} 
2024-10-09 00:21:17.587 | INFO     | trainer_1:_train_one_epoch:193 - epoch 48 8.31s Train loss is [0.3461] 
2024-10-09 00:21:25.316 | INFO     | trainer_1:_train_one_epoch:201 - validate 48 cost time 7.73s, result: {'hit@1': 0.0171, 'ndcg@1': 0.0171, 'hit@5': 0.0608, 'ndcg@5': 0.0389, 'hit@10': 0.1028, 'ndcg@10': 0.0524, 'hit@15': 0.1373, 'ndcg@15': 0.0615, 'hit@20': 0.1655, 'ndcg@20': 0.0681, 'hit@40': 0.2554, 'ndcg@40': 0.0864} 
2024-10-09 00:21:30.214 | INFO     | trainer_1:_train_one_epoch:209 - test 48 cost time 4.90s, result: {'hit@1': 0.0109, 'ndcg@1': 0.0109, 'hit@5': 0.0409, 'ndcg@5': 0.0259, 'hit@10': 0.0693, 'ndcg@10': 0.0349, 'hit@15': 0.0926, 'ndcg@15': 0.0411, 'hit@20': 0.1141, 'ndcg@20': 0.0461, 'hit@40': 0.1846, 'ndcg@40': 0.0605} 
2024-10-09 00:21:38.536 | INFO     | trainer_1:_train_one_epoch:193 - epoch 49 8.32s Train loss is [0.3244] 
2024-10-09 00:21:45.186 | INFO     | trainer_1:_train_one_epoch:201 - validate 49 cost time 6.65s, result: {'hit@1': 0.0167, 'ndcg@1': 0.0167, 'hit@5': 0.061, 'ndcg@5': 0.039, 'hit@10': 0.101, 'ndcg@10': 0.0518, 'hit@15': 0.1352, 'ndcg@15': 0.0608, 'hit@20': 0.1638, 'ndcg@20': 0.0675, 'hit@40': 0.2572, 'ndcg@40': 0.0865} 
2024-10-09 00:21:52.707 | INFO     | trainer_1:_train_one_epoch:209 - test 49 cost time 7.52s, result: {'hit@1': 0.0103, 'ndcg@1': 0.0103, 'hit@5': 0.0395, 'ndcg@5': 0.0249, 'hit@10': 0.0679, 'ndcg@10': 0.0341, 'hit@15': 0.092, 'ndcg@15': 0.0404, 'hit@20': 0.1145, 'ndcg@20': 0.0458, 'hit@40': 0.1849, 'ndcg@40': 0.0601} 
2024-10-09 00:22:01.099 | INFO     | trainer_1:_train_one_epoch:193 - epoch 50 8.39s Train loss is [0.3392] 
2024-10-09 00:22:07.935 | INFO     | trainer_1:_train_one_epoch:201 - validate 50 cost time 6.84s, result: {'hit@1': 0.0169, 'ndcg@1': 0.0169, 'hit@5': 0.0623, 'ndcg@5': 0.0395, 'hit@10': 0.1032, 'ndcg@10': 0.0526, 'hit@15': 0.1384, 'ndcg@15': 0.0619, 'hit@20': 0.1662, 'ndcg@20': 0.0684, 'hit@40': 0.2615, 'ndcg@40': 0.0878} 
2024-10-09 00:22:12.748 | INFO     | trainer_1:_train_one_epoch:209 - test 50 cost time 4.81s, result: {'hit@1': 0.0114, 'ndcg@1': 0.0114, 'hit@5': 0.0419, 'ndcg@5': 0.0265, 'hit@10': 0.0705, 'ndcg@10': 0.0357, 'hit@15': 0.0958, 'ndcg@15': 0.0424, 'hit@20': 0.117, 'ndcg@20': 0.0474, 'hit@40': 0.1887, 'ndcg@40': 0.062} 
2024-10-09 00:22:12.759 | INFO     | trainer_1:train_model:163 - training end, best iteration 45, results: {'hit@1': 0.0169, 'ndcg@1': 0.0169, 'hit@5': 0.0626, 'ndcg@5': 0.0398, 'hit@10': 0.1029, 'ndcg@10': 0.0527, 'hit@15': 0.1363, 'ndcg@15': 0.0615, 'hit@20': 0.1667, 'ndcg@20': 0.0687, 'hit@40': 0.2631, 'ndcg@40': 0.0883}
2024-10-09 00:22:12.759 | INFO     | trainer_1:train_model:166 - final test result is:  {'hit@1': 0.0116, 'ndcg@1': 0.0116, 'hit@5': 0.0424, 'ndcg@5': 0.0268, 'hit@10': 0.0722, 'ndcg@10': 0.0363, 'hit@15': 0.0969, 'ndcg@15': 0.0428, 'hit@20': 0.1209, 'ndcg@20': 0.0485, 'hit@40': 0.1941, 'ndcg@40': 0.0634}
2024-10-09 00:22:13.050 | INFO     | __main__:<module>:119 - train end total cost time: 1777.39834690094
