2024-10-08 20:09:42.445 | INFO     | __main__:<module>:105 - Namespace(TIME='2024-10-08 20_09_09', batch_size=1024, behaviors=['view', 'cart', 'buy'], check_point='model_pre_1_2024-10-08 11_17_41.pth', data_name='beibei', data_path='./data/beibei', decay=0.001, device='cuda:1', dim_qk=32, dim_v=64, distill_layers=2, distill_thres=0.5, distill_topK=20, distill_userK=4, embedding_size=64, epochs=100, gpu_no=1, if_load_model=True, ii_lambda=200, initializer_range=0.02, layers=2, loss_type='bpr', lr=0.001, message_dropout=0.25, metrics=['hit', 'ndcg'], min_epoch=5, model_name='main_1', model_path='./check_point', node_dropout=0.75, omega=1, pt_loop=50, reg_weight=0.001, test_batch_size=1024, testbatch=1024, topk=[1, 5, 10, 15, 20, 40], uu_lambda=100)
2024-10-08 20:09:42.445 | INFO     | __main__:<module>:106 - BIPN(
  (message_dropout): Dropout(p=0.25, inplace=False)
  (user_embedding): Embedding(21717, 64, padding_idx=0)
  (item_embedding): Embedding(7978, 64, padding_idx=0)
  (global_Graph): LightGCN()
  (Graph_encoder): ModuleDict(
    (view): GraphEncoder(
      (light): LightGCN()
      (dropout): Dropout(p=0.75, inplace=False)
    )
    (cart): GraphEncoder(
      (light): LightGCN()
      (dropout): Dropout(p=0.75, inplace=False)
    )
    (buy): GraphEncoder(
      (light): LightGCN()
      (dropout): Dropout(p=0.75, inplace=False)
    )
  )
  (attention): Mutual_Attention()
  (bpr_loss): BPRLoss()
  (emb_loss): EmbLoss()
  (f): Sigmoid()
)
2024-10-08 20:34:15.698 | INFO     | trainer_1:_train_one_epoch:193 - epoch 1 7.72s Train loss is [0.9435] 
2024-10-08 20:34:20.722 | INFO     | trainer_1:_train_one_epoch:201 - validate 1 cost time 5.02s, result: {'hit@1': 0.0065, 'ndcg@1': 0.0065, 'hit@5': 0.0279, 'ndcg@5': 0.017, 'hit@10': 0.0498, 'ndcg@10': 0.0241, 'hit@15': 0.0688, 'ndcg@15': 0.0291, 'hit@20': 0.0865, 'ndcg@20': 0.0333, 'hit@40': 0.1487, 'ndcg@40': 0.0459} 
2024-10-08 20:34:26.639 | INFO     | trainer_1:_train_one_epoch:209 - test 1 cost time 5.92s, result: {'hit@1': 0.0042, 'ndcg@1': 0.0042, 'hit@5': 0.0177, 'ndcg@5': 0.0107, 'hit@10': 0.0347, 'ndcg@10': 0.0162, 'hit@15': 0.0484, 'ndcg@15': 0.0198, 'hit@20': 0.0617, 'ndcg@20': 0.0229, 'hit@40': 0.113, 'ndcg@40': 0.0333} 
2024-10-08 20:34:44.957 | INFO     | trainer_1:_train_one_epoch:193 - epoch 2 7.69s Train loss is [0.7177] 
2024-10-08 20:34:52.900 | INFO     | trainer_1:_train_one_epoch:201 - validate 2 cost time 7.94s, result: {'hit@1': 0.0095, 'ndcg@1': 0.0095, 'hit@5': 0.0345, 'ndcg@5': 0.0218, 'hit@10': 0.0608, 'ndcg@10': 0.0302, 'hit@15': 0.0826, 'ndcg@15': 0.0359, 'hit@20': 0.1008, 'ndcg@20': 0.0402, 'hit@40': 0.1667, 'ndcg@40': 0.0537} 
2024-10-08 20:34:57.818 | INFO     | trainer_1:_train_one_epoch:209 - test 2 cost time 4.92s, result: {'hit@1': 0.0051, 'ndcg@1': 0.0051, 'hit@5': 0.022, 'ndcg@5': 0.0133, 'hit@10': 0.041, 'ndcg@10': 0.0194, 'hit@15': 0.0571, 'ndcg@15': 0.0237, 'hit@20': 0.0731, 'ndcg@20': 0.0274, 'hit@40': 0.1215, 'ndcg@40': 0.0373} 
2024-10-08 20:35:16.302 | INFO     | trainer_1:_train_one_epoch:193 - epoch 3 7.84s Train loss is [0.6408] 
2024-10-08 20:35:23.928 | INFO     | trainer_1:_train_one_epoch:201 - validate 3 cost time 7.63s, result: {'hit@1': 0.0078, 'ndcg@1': 0.0078, 'hit@5': 0.0322, 'ndcg@5': 0.0197, 'hit@10': 0.0589, 'ndcg@10': 0.0282, 'hit@15': 0.0832, 'ndcg@15': 0.0346, 'hit@20': 0.1032, 'ndcg@20': 0.0394, 'hit@40': 0.1756, 'ndcg@40': 0.0541} 
2024-10-08 20:35:31.465 | INFO     | trainer_1:_train_one_epoch:209 - test 3 cost time 7.54s, result: {'hit@1': 0.0042, 'ndcg@1': 0.0042, 'hit@5': 0.0198, 'ndcg@5': 0.0119, 'hit@10': 0.0385, 'ndcg@10': 0.0178, 'hit@15': 0.0558, 'ndcg@15': 0.0224, 'hit@20': 0.0713, 'ndcg@20': 0.0261, 'hit@40': 0.1264, 'ndcg@40': 0.0373} 
2024-10-08 20:35:38.981 | INFO     | trainer_1:_train_one_epoch:193 - epoch 4 7.52s Train loss is [0.5901] 
2024-10-08 20:35:44.050 | INFO     | trainer_1:_train_one_epoch:201 - validate 4 cost time 5.07s, result: {'hit@1': 0.0078, 'ndcg@1': 0.0078, 'hit@5': 0.0319, 'ndcg@5': 0.0197, 'hit@10': 0.0571, 'ndcg@10': 0.0278, 'hit@15': 0.0789, 'ndcg@15': 0.0335, 'hit@20': 0.1, 'ndcg@20': 0.0385, 'hit@40': 0.1655, 'ndcg@40': 0.0518} 
2024-10-08 20:35:50.308 | INFO     | trainer_1:_train_one_epoch:209 - test 4 cost time 6.26s, result: {'hit@1': 0.0043, 'ndcg@1': 0.0043, 'hit@5': 0.0182, 'ndcg@5': 0.0111, 'hit@10': 0.0344, 'ndcg@10': 0.0163, 'hit@15': 0.0511, 'ndcg@15': 0.0207, 'hit@20': 0.0667, 'ndcg@20': 0.0244, 'hit@40': 0.1171, 'ndcg@40': 0.0346} 
2024-10-08 20:35:58.175 | INFO     | trainer_1:_train_one_epoch:193 - epoch 5 7.87s Train loss is [0.5506] 
2024-10-08 20:36:05.826 | INFO     | trainer_1:_train_one_epoch:201 - validate 5 cost time 7.65s, result: {'hit@1': 0.013, 'ndcg@1': 0.013, 'hit@5': 0.0379, 'ndcg@5': 0.0253, 'hit@10': 0.066, 'ndcg@10': 0.0342, 'hit@15': 0.0906, 'ndcg@15': 0.0407, 'hit@20': 0.1103, 'ndcg@20': 0.0454, 'hit@40': 0.1792, 'ndcg@40': 0.0594} 
2024-10-08 20:36:13.420 | INFO     | trainer_1:_train_one_epoch:209 - test 5 cost time 7.59s, result: {'hit@1': 0.0063, 'ndcg@1': 0.0063, 'hit@5': 0.0217, 'ndcg@5': 0.0138, 'hit@10': 0.0396, 'ndcg@10': 0.0195, 'hit@15': 0.0575, 'ndcg@15': 0.0242, 'hit@20': 0.0716, 'ndcg@20': 0.0276, 'hit@40': 0.1209, 'ndcg@40': 0.0376} 
2024-10-08 20:36:21.058 | INFO     | trainer_1:_train_one_epoch:193 - epoch 6 7.64s Train loss is [0.5276] 
2024-10-08 20:36:26.064 | INFO     | trainer_1:_train_one_epoch:201 - validate 6 cost time 5.01s, result: {'hit@1': 0.013, 'ndcg@1': 0.013, 'hit@5': 0.0415, 'ndcg@5': 0.0271, 'hit@10': 0.0667, 'ndcg@10': 0.0352, 'hit@15': 0.0922, 'ndcg@15': 0.0419, 'hit@20': 0.115, 'ndcg@20': 0.0473, 'hit@40': 0.1865, 'ndcg@40': 0.0618} 
2024-10-08 20:36:32.309 | INFO     | trainer_1:_train_one_epoch:209 - test 6 cost time 6.24s, result: {'hit@1': 0.0069, 'ndcg@1': 0.0069, 'hit@5': 0.024, 'ndcg@5': 0.0153, 'hit@10': 0.0424, 'ndcg@10': 0.0212, 'hit@15': 0.0596, 'ndcg@15': 0.0257, 'hit@20': 0.0748, 'ndcg@20': 0.0293, 'hit@40': 0.1266, 'ndcg@40': 0.0398} 
2024-10-08 20:36:50.446 | INFO     | trainer_1:_train_one_epoch:193 - epoch 7 7.70s Train loss is [0.5252] 
2024-10-08 20:36:57.415 | INFO     | trainer_1:_train_one_epoch:201 - validate 7 cost time 6.97s, result: {'hit@1': 0.0114, 'ndcg@1': 0.0114, 'hit@5': 0.0428, 'ndcg@5': 0.027, 'hit@10': 0.0715, 'ndcg@10': 0.0362, 'hit@15': 0.0988, 'ndcg@15': 0.0434, 'hit@20': 0.1235, 'ndcg@20': 0.0492, 'hit@40': 0.1961, 'ndcg@40': 0.064} 
2024-10-08 20:37:02.300 | INFO     | trainer_1:_train_one_epoch:209 - test 7 cost time 4.88s, result: {'hit@1': 0.0066, 'ndcg@1': 0.0066, 'hit@5': 0.0245, 'ndcg@5': 0.0156, 'hit@10': 0.0427, 'ndcg@10': 0.0214, 'hit@15': 0.0614, 'ndcg@15': 0.0263, 'hit@20': 0.0784, 'ndcg@20': 0.0303, 'hit@40': 0.1347, 'ndcg@40': 0.0417} 
2024-10-08 20:37:20.583 | INFO     | trainer_1:_train_one_epoch:193 - epoch 8 7.84s Train loss is [0.4926] 
2024-10-08 20:37:28.106 | INFO     | trainer_1:_train_one_epoch:201 - validate 8 cost time 7.52s, result: {'hit@1': 0.0096, 'ndcg@1': 0.0096, 'hit@5': 0.0387, 'ndcg@5': 0.0239, 'hit@10': 0.0687, 'ndcg@10': 0.0335, 'hit@15': 0.0943, 'ndcg@15': 0.0402, 'hit@20': 0.1192, 'ndcg@20': 0.0461, 'hit@40': 0.1992, 'ndcg@40': 0.0624} 
2024-10-08 20:37:35.809 | INFO     | trainer_1:_train_one_epoch:209 - test 8 cost time 7.70s, result: {'hit@1': 0.0052, 'ndcg@1': 0.0052, 'hit@5': 0.0231, 'ndcg@5': 0.0141, 'hit@10': 0.0425, 'ndcg@10': 0.0203, 'hit@15': 0.0599, 'ndcg@15': 0.0249, 'hit@20': 0.0775, 'ndcg@20': 0.0291, 'hit@40': 0.1363, 'ndcg@40': 0.0411} 
2024-10-08 20:37:43.654 | INFO     | trainer_1:_train_one_epoch:193 - epoch 9 7.84s Train loss is [0.4789] 
2024-10-08 20:37:50.438 | INFO     | trainer_1:_train_one_epoch:201 - validate 9 cost time 6.78s, result: {'hit@1': 0.0118, 'ndcg@1': 0.0118, 'hit@5': 0.0447, 'ndcg@5': 0.0281, 'hit@10': 0.0775, 'ndcg@10': 0.0386, 'hit@15': 0.1042, 'ndcg@15': 0.0456, 'hit@20': 0.129, 'ndcg@20': 0.0515, 'hit@40': 0.2081, 'ndcg@40': 0.0676} 
2024-10-08 20:37:57.906 | INFO     | trainer_1:_train_one_epoch:209 - test 9 cost time 7.47s, result: {'hit@1': 0.007, 'ndcg@1': 0.007, 'hit@5': 0.0262, 'ndcg@5': 0.0165, 'hit@10': 0.0464, 'ndcg@10': 0.0229, 'hit@15': 0.0674, 'ndcg@15': 0.0285, 'hit@20': 0.0849, 'ndcg@20': 0.0326, 'hit@40': 0.145, 'ndcg@40': 0.0448} 
2024-10-08 20:38:16.303 | INFO     | trainer_1:_train_one_epoch:193 - epoch 10 7.98s Train loss is [0.4701] 
2024-10-08 20:38:23.651 | INFO     | trainer_1:_train_one_epoch:201 - validate 10 cost time 7.35s, result: {'hit@1': 0.0129, 'ndcg@1': 0.0129, 'hit@5': 0.0466, 'ndcg@5': 0.0297, 'hit@10': 0.0786, 'ndcg@10': 0.0399, 'hit@15': 0.105, 'ndcg@15': 0.0469, 'hit@20': 0.1278, 'ndcg@20': 0.0522, 'hit@40': 0.2104, 'ndcg@40': 0.069} 
2024-10-08 20:38:31.135 | INFO     | trainer_1:_train_one_epoch:209 - test 10 cost time 7.48s, result: {'hit@1': 0.0073, 'ndcg@1': 0.0073, 'hit@5': 0.0278, 'ndcg@5': 0.0175, 'hit@10': 0.0495, 'ndcg@10': 0.0244, 'hit@15': 0.0683, 'ndcg@15': 0.0294, 'hit@20': 0.0853, 'ndcg@20': 0.0334, 'hit@40': 0.1451, 'ndcg@40': 0.0455} 
2024-10-08 20:38:49.106 | INFO     | trainer_1:_train_one_epoch:193 - epoch 11 7.58s Train loss is [0.4636] 
2024-10-08 20:38:55.592 | INFO     | trainer_1:_train_one_epoch:201 - validate 11 cost time 6.49s, result: {'hit@1': 0.0105, 'ndcg@1': 0.0105, 'hit@5': 0.0412, 'ndcg@5': 0.0259, 'hit@10': 0.0707, 'ndcg@10': 0.0354, 'hit@15': 0.0957, 'ndcg@15': 0.042, 'hit@20': 0.1186, 'ndcg@20': 0.0474, 'hit@40': 0.1911, 'ndcg@40': 0.0621} 
2024-10-08 20:39:02.840 | INFO     | trainer_1:_train_one_epoch:209 - test 11 cost time 7.25s, result: {'hit@1': 0.0066, 'ndcg@1': 0.0066, 'hit@5': 0.026, 'ndcg@5': 0.0162, 'hit@10': 0.0469, 'ndcg@10': 0.0228, 'hit@15': 0.0641, 'ndcg@15': 0.0274, 'hit@20': 0.0802, 'ndcg@20': 0.0312, 'hit@40': 0.1346, 'ndcg@40': 0.0423} 
2024-10-08 20:39:10.582 | INFO     | trainer_1:_train_one_epoch:193 - epoch 12 7.74s Train loss is [0.4606] 
2024-10-08 20:39:18.443 | INFO     | trainer_1:_train_one_epoch:201 - validate 12 cost time 7.86s, result: {'hit@1': 0.0099, 'ndcg@1': 0.0099, 'hit@5': 0.0406, 'ndcg@5': 0.0252, 'hit@10': 0.0706, 'ndcg@10': 0.0348, 'hit@15': 0.0972, 'ndcg@15': 0.0419, 'hit@20': 0.1197, 'ndcg@20': 0.0472, 'hit@40': 0.2022, 'ndcg@40': 0.0639} 
2024-10-08 20:39:24.058 | INFO     | trainer_1:_train_one_epoch:209 - test 12 cost time 5.61s, result: {'hit@1': 0.0074, 'ndcg@1': 0.0074, 'hit@5': 0.0263, 'ndcg@5': 0.0165, 'hit@10': 0.0477, 'ndcg@10': 0.0234, 'hit@15': 0.0661, 'ndcg@15': 0.0282, 'hit@20': 0.0842, 'ndcg@20': 0.0325, 'hit@40': 0.1423, 'ndcg@40': 0.0443} 
2024-10-08 20:39:31.748 | INFO     | trainer_1:_train_one_epoch:193 - epoch 13 7.69s Train loss is [0.4431] 
2024-10-08 20:39:38.223 | INFO     | trainer_1:_train_one_epoch:201 - validate 13 cost time 6.47s, result: {'hit@1': 0.0122, 'ndcg@1': 0.0122, 'hit@5': 0.0454, 'ndcg@5': 0.0288, 'hit@10': 0.0753, 'ndcg@10': 0.0383, 'hit@15': 0.1016, 'ndcg@15': 0.0453, 'hit@20': 0.126, 'ndcg@20': 0.051, 'hit@40': 0.2028, 'ndcg@40': 0.0666} 
2024-10-08 20:39:45.580 | INFO     | trainer_1:_train_one_epoch:209 - test 13 cost time 7.36s, result: {'hit@1': 0.0076, 'ndcg@1': 0.0076, 'hit@5': 0.0281, 'ndcg@5': 0.0177, 'hit@10': 0.0498, 'ndcg@10': 0.0247, 'hit@15': 0.0679, 'ndcg@15': 0.0295, 'hit@20': 0.0852, 'ndcg@20': 0.0336, 'hit@40': 0.1469, 'ndcg@40': 0.0461} 
2024-10-08 20:40:03.917 | INFO     | trainer_1:_train_one_epoch:193 - epoch 14 7.87s Train loss is [0.4397] 
2024-10-08 20:40:10.785 | INFO     | trainer_1:_train_one_epoch:201 - validate 14 cost time 6.87s, result: {'hit@1': 0.0126, 'ndcg@1': 0.0126, 'hit@5': 0.0454, 'ndcg@5': 0.0288, 'hit@10': 0.0774, 'ndcg@10': 0.0391, 'hit@15': 0.1017, 'ndcg@15': 0.0455, 'hit@20': 0.1276, 'ndcg@20': 0.0516, 'hit@40': 0.2083, 'ndcg@40': 0.068} 
2024-10-08 20:40:18.283 | INFO     | trainer_1:_train_one_epoch:209 - test 14 cost time 7.50s, result: {'hit@1': 0.0077, 'ndcg@1': 0.0077, 'hit@5': 0.0298, 'ndcg@5': 0.0188, 'hit@10': 0.0512, 'ndcg@10': 0.0256, 'hit@15': 0.0707, 'ndcg@15': 0.0307, 'hit@20': 0.087, 'ndcg@20': 0.0346, 'hit@40': 0.1451, 'ndcg@40': 0.0464} 
2024-10-08 20:40:36.779 | INFO     | trainer_1:_train_one_epoch:193 - epoch 15 7.47s Train loss is [0.4233] 
2024-10-08 20:40:43.230 | INFO     | trainer_1:_train_one_epoch:201 - validate 15 cost time 6.45s, result: {'hit@1': 0.0115, 'ndcg@1': 0.0115, 'hit@5': 0.0472, 'ndcg@5': 0.0293, 'hit@10': 0.0781, 'ndcg@10': 0.0392, 'hit@15': 0.1047, 'ndcg@15': 0.0462, 'hit@20': 0.1294, 'ndcg@20': 0.0521, 'hit@40': 0.207, 'ndcg@40': 0.0679} 
2024-10-08 20:40:50.210 | INFO     | trainer_1:_train_one_epoch:209 - test 15 cost time 6.98s, result: {'hit@1': 0.0075, 'ndcg@1': 0.0075, 'hit@5': 0.0296, 'ndcg@5': 0.0186, 'hit@10': 0.0519, 'ndcg@10': 0.0257, 'hit@15': 0.0702, 'ndcg@15': 0.0306, 'hit@20': 0.0876, 'ndcg@20': 0.0347, 'hit@40': 0.1496, 'ndcg@40': 0.0473} 
2024-10-08 20:41:08.515 | INFO     | trainer_1:_train_one_epoch:193 - epoch 16 7.83s Train loss is [0.4271] 
2024-10-08 20:41:14.973 | INFO     | trainer_1:_train_one_epoch:201 - validate 16 cost time 6.46s, result: {'hit@1': 0.0128, 'ndcg@1': 0.0128, 'hit@5': 0.0479, 'ndcg@5': 0.0303, 'hit@10': 0.0793, 'ndcg@10': 0.0404, 'hit@15': 0.1081, 'ndcg@15': 0.048, 'hit@20': 0.1327, 'ndcg@20': 0.0538, 'hit@40': 0.2161, 'ndcg@40': 0.0708} 
2024-10-08 20:41:22.378 | INFO     | trainer_1:_train_one_epoch:209 - test 16 cost time 7.41s, result: {'hit@1': 0.0078, 'ndcg@1': 0.0078, 'hit@5': 0.0303, 'ndcg@5': 0.0189, 'hit@10': 0.0527, 'ndcg@10': 0.0261, 'hit@15': 0.0713, 'ndcg@15': 0.031, 'hit@20': 0.0907, 'ndcg@20': 0.0356, 'hit@40': 0.1538, 'ndcg@40': 0.0484} 
2024-10-08 20:41:40.460 | INFO     | trainer_1:_train_one_epoch:193 - epoch 17 7.46s Train loss is [0.4129] 
2024-10-08 20:41:46.500 | INFO     | trainer_1:_train_one_epoch:201 - validate 17 cost time 6.04s, result: {'hit@1': 0.0124, 'ndcg@1': 0.0124, 'hit@5': 0.0454, 'ndcg@5': 0.0287, 'hit@10': 0.0752, 'ndcg@10': 0.0383, 'hit@15': 0.0988, 'ndcg@15': 0.0445, 'hit@20': 0.1221, 'ndcg@20': 0.05, 'hit@40': 0.2006, 'ndcg@40': 0.066} 
2024-10-08 20:41:53.094 | INFO     | trainer_1:_train_one_epoch:209 - test 17 cost time 6.59s, result: {'hit@1': 0.0068, 'ndcg@1': 0.0068, 'hit@5': 0.0285, 'ndcg@5': 0.0176, 'hit@10': 0.0493, 'ndcg@10': 0.0242, 'hit@15': 0.0659, 'ndcg@15': 0.0286, 'hit@20': 0.0833, 'ndcg@20': 0.0328, 'hit@40': 0.141, 'ndcg@40': 0.0445} 
2024-10-08 20:42:00.735 | INFO     | trainer_1:_train_one_epoch:193 - epoch 18 7.64s Train loss is [0.4029] 
2024-10-08 20:42:08.274 | INFO     | trainer_1:_train_one_epoch:201 - validate 18 cost time 7.54s, result: {'hit@1': 0.0142, 'ndcg@1': 0.0142, 'hit@5': 0.0496, 'ndcg@5': 0.032, 'hit@10': 0.0841, 'ndcg@10': 0.0431, 'hit@15': 0.1111, 'ndcg@15': 0.0502, 'hit@20': 0.1368, 'ndcg@20': 0.0562, 'hit@40': 0.2202, 'ndcg@40': 0.0732} 
2024-10-08 20:42:15.517 | INFO     | trainer_1:_train_one_epoch:209 - test 18 cost time 7.24s, result: {'hit@1': 0.0074, 'ndcg@1': 0.0074, 'hit@5': 0.0321, 'ndcg@5': 0.0199, 'hit@10': 0.0571, 'ndcg@10': 0.0279, 'hit@15': 0.0778, 'ndcg@15': 0.0334, 'hit@20': 0.0959, 'ndcg@20': 0.0377, 'hit@40': 0.1612, 'ndcg@40': 0.0509} 
2024-10-08 20:42:34.151 | INFO     | trainer_1:_train_one_epoch:193 - epoch 19 8.06s Train loss is [0.4053] 
2024-10-08 20:42:41.605 | INFO     | trainer_1:_train_one_epoch:201 - validate 19 cost time 7.45s, result: {'hit@1': 0.0151, 'ndcg@1': 0.0151, 'hit@5': 0.0521, 'ndcg@5': 0.0335, 'hit@10': 0.0861, 'ndcg@10': 0.0445, 'hit@15': 0.1153, 'ndcg@15': 0.0522, 'hit@20': 0.1409, 'ndcg@20': 0.0582, 'hit@40': 0.2293, 'ndcg@40': 0.0762} 
2024-10-08 20:42:48.912 | INFO     | trainer_1:_train_one_epoch:209 - test 19 cost time 7.31s, result: {'hit@1': 0.0085, 'ndcg@1': 0.0085, 'hit@5': 0.0343, 'ndcg@5': 0.0214, 'hit@10': 0.0587, 'ndcg@10': 0.0292, 'hit@15': 0.0787, 'ndcg@15': 0.0345, 'hit@20': 0.0974, 'ndcg@20': 0.0389, 'hit@40': 0.1635, 'ndcg@40': 0.0523} 
2024-10-08 20:43:07.073 | INFO     | trainer_1:_train_one_epoch:193 - epoch 20 7.75s Train loss is [0.3894] 
2024-10-08 20:43:13.480 | INFO     | trainer_1:_train_one_epoch:201 - validate 20 cost time 6.41s, result: {'hit@1': 0.0146, 'ndcg@1': 0.0146, 'hit@5': 0.0507, 'ndcg@5': 0.0327, 'hit@10': 0.087, 'ndcg@10': 0.0443, 'hit@15': 0.1174, 'ndcg@15': 0.0523, 'hit@20': 0.1439, 'ndcg@20': 0.0585, 'hit@40': 0.2284, 'ndcg@40': 0.0757} 
2024-10-08 20:43:20.694 | INFO     | trainer_1:_train_one_epoch:209 - test 20 cost time 7.21s, result: {'hit@1': 0.0101, 'ndcg@1': 0.0101, 'hit@5': 0.0342, 'ndcg@5': 0.0221, 'hit@10': 0.0584, 'ndcg@10': 0.0299, 'hit@15': 0.0796, 'ndcg@15': 0.0355, 'hit@20': 0.0989, 'ndcg@20': 0.04, 'hit@40': 0.1638, 'ndcg@40': 0.0533} 
2024-10-08 20:43:28.435 | INFO     | trainer_1:_train_one_epoch:193 - epoch 21 7.74s Train loss is [0.3935] 
2024-10-08 20:43:36.095 | INFO     | trainer_1:_train_one_epoch:201 - validate 21 cost time 7.66s, result: {'hit@1': 0.0154, 'ndcg@1': 0.0154, 'hit@5': 0.0547, 'ndcg@5': 0.0351, 'hit@10': 0.0915, 'ndcg@10': 0.0469, 'hit@15': 0.1216, 'ndcg@15': 0.0549, 'hit@20': 0.1478, 'ndcg@20': 0.0611, 'hit@40': 0.2318, 'ndcg@40': 0.0782} 
2024-10-08 20:43:42.581 | INFO     | trainer_1:_train_one_epoch:209 - test 21 cost time 6.49s, result: {'hit@1': 0.0095, 'ndcg@1': 0.0095, 'hit@5': 0.0355, 'ndcg@5': 0.0224, 'hit@10': 0.0606, 'ndcg@10': 0.0304, 'hit@15': 0.0818, 'ndcg@15': 0.0361, 'hit@20': 0.101, 'ndcg@20': 0.0406, 'hit@40': 0.1642, 'ndcg@40': 0.0535} 
2024-10-08 20:44:00.901 | INFO     | trainer_1:_train_one_epoch:193 - epoch 22 7.72s Train loss is [0.3921] 
2024-10-08 20:44:08.770 | INFO     | trainer_1:_train_one_epoch:201 - validate 22 cost time 7.87s, result: {'hit@1': 0.0161, 'ndcg@1': 0.0161, 'hit@5': 0.0556, 'ndcg@5': 0.0357, 'hit@10': 0.0901, 'ndcg@10': 0.0468, 'hit@15': 0.1199, 'ndcg@15': 0.0546, 'hit@20': 0.145, 'ndcg@20': 0.0606, 'hit@40': 0.2284, 'ndcg@40': 0.0776} 
2024-10-08 20:44:15.056 | INFO     | trainer_1:_train_one_epoch:209 - test 22 cost time 6.29s, result: {'hit@1': 0.009, 'ndcg@1': 0.009, 'hit@5': 0.0353, 'ndcg@5': 0.022, 'hit@10': 0.0619, 'ndcg@10': 0.0306, 'hit@15': 0.0834, 'ndcg@15': 0.0362, 'hit@20': 0.1021, 'ndcg@20': 0.0406, 'hit@40': 0.1635, 'ndcg@40': 0.0531} 
2024-10-08 20:44:33.360 | INFO     | trainer_1:_train_one_epoch:193 - epoch 23 7.80s Train loss is [0.3860] 
2024-10-08 20:44:40.344 | INFO     | trainer_1:_train_one_epoch:201 - validate 23 cost time 6.98s, result: {'hit@1': 0.0157, 'ndcg@1': 0.0157, 'hit@5': 0.0552, 'ndcg@5': 0.0355, 'hit@10': 0.0914, 'ndcg@10': 0.047, 'hit@15': 0.1221, 'ndcg@15': 0.0552, 'hit@20': 0.1494, 'ndcg@20': 0.0616, 'hit@40': 0.2378, 'ndcg@40': 0.0796} 
2024-10-08 20:44:45.191 | INFO     | trainer_1:_train_one_epoch:209 - test 23 cost time 4.85s, result: {'hit@1': 0.0085, 'ndcg@1': 0.0085, 'hit@5': 0.0368, 'ndcg@5': 0.0226, 'hit@10': 0.0633, 'ndcg@10': 0.0311, 'hit@15': 0.0839, 'ndcg@15': 0.0365, 'hit@20': 0.1058, 'ndcg@20': 0.0417, 'hit@40': 0.1702, 'ndcg@40': 0.0548} 
2024-10-08 20:45:03.880 | INFO     | trainer_1:_train_one_epoch:193 - epoch 24 7.74s Train loss is [0.3799] 
2024-10-08 20:45:11.436 | INFO     | trainer_1:_train_one_epoch:201 - validate 24 cost time 7.56s, result: {'hit@1': 0.016, 'ndcg@1': 0.016, 'hit@5': 0.0577, 'ndcg@5': 0.0369, 'hit@10': 0.0958, 'ndcg@10': 0.0492, 'hit@15': 0.1267, 'ndcg@15': 0.0573, 'hit@20': 0.1528, 'ndcg@20': 0.0635, 'hit@40': 0.2384, 'ndcg@40': 0.0809} 
2024-10-08 20:45:19.102 | INFO     | trainer_1:_train_one_epoch:209 - test 24 cost time 7.67s, result: {'hit@1': 0.0099, 'ndcg@1': 0.0099, 'hit@5': 0.0367, 'ndcg@5': 0.0233, 'hit@10': 0.0632, 'ndcg@10': 0.0318, 'hit@15': 0.0851, 'ndcg@15': 0.0375, 'hit@20': 0.1057, 'ndcg@20': 0.0424, 'hit@40': 0.1687, 'ndcg@40': 0.0552} 
2024-10-08 20:45:26.994 | INFO     | trainer_1:_train_one_epoch:193 - epoch 25 7.89s Train loss is [0.3798] 
2024-10-08 20:45:33.978 | INFO     | trainer_1:_train_one_epoch:201 - validate 25 cost time 6.98s, result: {'hit@1': 0.0169, 'ndcg@1': 0.0169, 'hit@5': 0.058, 'ndcg@5': 0.0374, 'hit@10': 0.0938, 'ndcg@10': 0.049, 'hit@15': 0.124, 'ndcg@15': 0.0569, 'hit@20': 0.1503, 'ndcg@20': 0.0631, 'hit@40': 0.2355, 'ndcg@40': 0.0805} 
2024-10-08 20:45:41.432 | INFO     | trainer_1:_train_one_epoch:209 - test 25 cost time 7.45s, result: {'hit@1': 0.0107, 'ndcg@1': 0.0107, 'hit@5': 0.0371, 'ndcg@5': 0.0239, 'hit@10': 0.063, 'ndcg@10': 0.0322, 'hit@15': 0.085, 'ndcg@15': 0.038, 'hit@20': 0.1048, 'ndcg@20': 0.0427, 'hit@40': 0.1708, 'ndcg@40': 0.0562} 
2024-10-08 20:45:49.139 | INFO     | trainer_1:_train_one_epoch:193 - epoch 26 7.71s Train loss is [0.3827] 
2024-10-08 20:45:56.419 | INFO     | trainer_1:_train_one_epoch:201 - validate 26 cost time 7.28s, result: {'hit@1': 0.0177, 'ndcg@1': 0.0177, 'hit@5': 0.0579, 'ndcg@5': 0.0378, 'hit@10': 0.0946, 'ndcg@10': 0.0495, 'hit@15': 0.1247, 'ndcg@15': 0.0575, 'hit@20': 0.1514, 'ndcg@20': 0.0638, 'hit@40': 0.236, 'ndcg@40': 0.0811} 
2024-10-08 20:46:02.712 | INFO     | trainer_1:_train_one_epoch:209 - test 26 cost time 6.29s, result: {'hit@1': 0.0104, 'ndcg@1': 0.0104, 'hit@5': 0.0368, 'ndcg@5': 0.0237, 'hit@10': 0.0626, 'ndcg@10': 0.032, 'hit@15': 0.0822, 'ndcg@15': 0.0371, 'hit@20': 0.1014, 'ndcg@20': 0.0417, 'hit@40': 0.167, 'ndcg@40': 0.055} 
2024-10-08 20:46:10.383 | INFO     | trainer_1:_train_one_epoch:193 - epoch 27 7.67s Train loss is [0.3676] 
2024-10-08 20:46:17.936 | INFO     | trainer_1:_train_one_epoch:201 - validate 27 cost time 7.55s, result: {'hit@1': 0.0169, 'ndcg@1': 0.0169, 'hit@5': 0.0583, 'ndcg@5': 0.0377, 'hit@10': 0.095, 'ndcg@10': 0.0495, 'hit@15': 0.1262, 'ndcg@15': 0.0577, 'hit@20': 0.1524, 'ndcg@20': 0.0639, 'hit@40': 0.2388, 'ndcg@40': 0.0815} 
2024-10-08 20:46:25.627 | INFO     | trainer_1:_train_one_epoch:209 - test 27 cost time 7.69s, result: {'hit@1': 0.0113, 'ndcg@1': 0.0113, 'hit@5': 0.0383, 'ndcg@5': 0.0249, 'hit@10': 0.0636, 'ndcg@10': 0.033, 'hit@15': 0.0869, 'ndcg@15': 0.0391, 'hit@20': 0.1054, 'ndcg@20': 0.0435, 'hit@40': 0.1686, 'ndcg@40': 0.0563} 
2024-10-08 20:46:44.175 | INFO     | trainer_1:_train_one_epoch:193 - epoch 28 7.69s Train loss is [0.3641] 
2024-10-08 20:46:51.680 | INFO     | trainer_1:_train_one_epoch:201 - validate 28 cost time 7.50s, result: {'hit@1': 0.0165, 'ndcg@1': 0.0165, 'hit@5': 0.056, 'ndcg@5': 0.0365, 'hit@10': 0.0944, 'ndcg@10': 0.0488, 'hit@15': 0.1268, 'ndcg@15': 0.0574, 'hit@20': 0.1538, 'ndcg@20': 0.0638, 'hit@40': 0.2391, 'ndcg@40': 0.0811} 
2024-10-08 20:46:59.209 | INFO     | trainer_1:_train_one_epoch:209 - test 28 cost time 7.53s, result: {'hit@1': 0.0101, 'ndcg@1': 0.0101, 'hit@5': 0.0365, 'ndcg@5': 0.0234, 'hit@10': 0.0642, 'ndcg@10': 0.0322, 'hit@15': 0.0877, 'ndcg@15': 0.0384, 'hit@20': 0.1068, 'ndcg@20': 0.0429, 'hit@40': 0.1716, 'ndcg@40': 0.0561} 
2024-10-08 20:47:17.375 | INFO     | trainer_1:_train_one_epoch:193 - epoch 29 7.70s Train loss is [0.3705] 
2024-10-08 20:47:25.000 | INFO     | trainer_1:_train_one_epoch:201 - validate 29 cost time 7.62s, result: {'hit@1': 0.0167, 'ndcg@1': 0.0167, 'hit@5': 0.0566, 'ndcg@5': 0.0367, 'hit@10': 0.0932, 'ndcg@10': 0.0485, 'hit@15': 0.1242, 'ndcg@15': 0.0566, 'hit@20': 0.1509, 'ndcg@20': 0.0629, 'hit@40': 0.2376, 'ndcg@40': 0.0805} 
2024-10-08 20:47:32.588 | INFO     | trainer_1:_train_one_epoch:209 - test 29 cost time 7.59s, result: {'hit@1': 0.0103, 'ndcg@1': 0.0103, 'hit@5': 0.0348, 'ndcg@5': 0.0224, 'hit@10': 0.0604, 'ndcg@10': 0.0306, 'hit@15': 0.0819, 'ndcg@15': 0.0362, 'hit@20': 0.1016, 'ndcg@20': 0.0409, 'hit@40': 0.1657, 'ndcg@40': 0.0539} 
2024-10-08 20:47:40.520 | INFO     | trainer_1:_train_one_epoch:193 - epoch 30 7.93s Train loss is [0.3718] 
2024-10-08 20:47:47.710 | INFO     | trainer_1:_train_one_epoch:201 - validate 30 cost time 7.19s, result: {'hit@1': 0.0172, 'ndcg@1': 0.0172, 'hit@5': 0.0583, 'ndcg@5': 0.0378, 'hit@10': 0.0957, 'ndcg@10': 0.0498, 'hit@15': 0.1279, 'ndcg@15': 0.0583, 'hit@20': 0.1573, 'ndcg@20': 0.0652, 'hit@40': 0.2439, 'ndcg@40': 0.0829} 
2024-10-08 20:47:55.086 | INFO     | trainer_1:_train_one_epoch:209 - test 30 cost time 7.38s, result: {'hit@1': 0.011, 'ndcg@1': 0.011, 'hit@5': 0.0379, 'ndcg@5': 0.0244, 'hit@10': 0.0642, 'ndcg@10': 0.0328, 'hit@15': 0.0885, 'ndcg@15': 0.0392, 'hit@20': 0.1085, 'ndcg@20': 0.044, 'hit@40': 0.1786, 'ndcg@40': 0.0582} 
2024-10-08 20:48:02.762 | INFO     | trainer_1:_train_one_epoch:193 - epoch 31 7.67s Train loss is [0.3597] 
2024-10-08 20:48:09.747 | INFO     | trainer_1:_train_one_epoch:201 - validate 31 cost time 6.99s, result: {'hit@1': 0.0162, 'ndcg@1': 0.0162, 'hit@5': 0.0579, 'ndcg@5': 0.037, 'hit@10': 0.0962, 'ndcg@10': 0.0492, 'hit@15': 0.1281, 'ndcg@15': 0.0577, 'hit@20': 0.1561, 'ndcg@20': 0.0643, 'hit@40': 0.2471, 'ndcg@40': 0.0829} 
2024-10-08 20:48:16.072 | INFO     | trainer_1:_train_one_epoch:209 - test 31 cost time 6.32s, result: {'hit@1': 0.01, 'ndcg@1': 0.01, 'hit@5': 0.038, 'ndcg@5': 0.0239, 'hit@10': 0.0645, 'ndcg@10': 0.0323, 'hit@15': 0.0868, 'ndcg@15': 0.0382, 'hit@20': 0.1079, 'ndcg@20': 0.0432, 'hit@40': 0.1753, 'ndcg@40': 0.0569} 
2024-10-08 20:48:34.324 | INFO     | trainer_1:_train_one_epoch:193 - epoch 32 7.66s Train loss is [0.3621] 
2024-10-08 20:48:39.311 | INFO     | trainer_1:_train_one_epoch:201 - validate 32 cost time 4.99s, result: {'hit@1': 0.0166, 'ndcg@1': 0.0166, 'hit@5': 0.0591, 'ndcg@5': 0.0378, 'hit@10': 0.097, 'ndcg@10': 0.0499, 'hit@15': 0.1279, 'ndcg@15': 0.058, 'hit@20': 0.1553, 'ndcg@20': 0.0645, 'hit@40': 0.2423, 'ndcg@40': 0.0822} 
2024-10-08 20:48:44.196 | INFO     | trainer_1:_train_one_epoch:209 - test 32 cost time 4.88s, result: {'hit@1': 0.0105, 'ndcg@1': 0.0105, 'hit@5': 0.0384, 'ndcg@5': 0.0243, 'hit@10': 0.064, 'ndcg@10': 0.0325, 'hit@15': 0.0865, 'ndcg@15': 0.0385, 'hit@20': 0.1062, 'ndcg@20': 0.0431, 'hit@40': 0.1729, 'ndcg@40': 0.0567} 
2024-10-08 20:48:51.984 | INFO     | trainer_1:_train_one_epoch:193 - epoch 33 7.79s Train loss is [0.3568] 
2024-10-08 20:48:57.014 | INFO     | trainer_1:_train_one_epoch:201 - validate 33 cost time 5.03s, result: {'hit@1': 0.0163, 'ndcg@1': 0.0163, 'hit@5': 0.0614, 'ndcg@5': 0.039, 'hit@10': 0.1002, 'ndcg@10': 0.0515, 'hit@15': 0.1307, 'ndcg@15': 0.0596, 'hit@20': 0.1598, 'ndcg@20': 0.0664, 'hit@40': 0.2532, 'ndcg@40': 0.0854} 
2024-10-08 20:49:01.958 | INFO     | trainer_1:_train_one_epoch:209 - test 33 cost time 4.94s, result: {'hit@1': 0.011, 'ndcg@1': 0.011, 'hit@5': 0.0389, 'ndcg@5': 0.0247, 'hit@10': 0.0657, 'ndcg@10': 0.0333, 'hit@15': 0.0885, 'ndcg@15': 0.0393, 'hit@20': 0.1097, 'ndcg@20': 0.0443, 'hit@40': 0.1788, 'ndcg@40': 0.0584} 
2024-10-08 20:49:20.128 | INFO     | trainer_1:_train_one_epoch:193 - epoch 34 7.61s Train loss is [0.3573] 
2024-10-08 20:49:29.917 | INFO     | trainer_1:_train_one_epoch:201 - validate 34 cost time 9.79s, result: {'hit@1': 0.016, 'ndcg@1': 0.016, 'hit@5': 0.0614, 'ndcg@5': 0.0387, 'hit@10': 0.1021, 'ndcg@10': 0.0518, 'hit@15': 0.1341, 'ndcg@15': 0.0602, 'hit@20': 0.1622, 'ndcg@20': 0.0669, 'hit@40': 0.252, 'ndcg@40': 0.0851} 
2024-10-08 20:49:39.580 | INFO     | trainer_1:_train_one_epoch:209 - test 34 cost time 9.66s, result: {'hit@1': 0.0111, 'ndcg@1': 0.0111, 'hit@5': 0.0392, 'ndcg@5': 0.0249, 'hit@10': 0.0665, 'ndcg@10': 0.0336, 'hit@15': 0.0885, 'ndcg@15': 0.0394, 'hit@20': 0.1111, 'ndcg@20': 0.0448, 'hit@40': 0.1801, 'ndcg@40': 0.0588} 
2024-10-08 20:49:57.787 | INFO     | trainer_1:_train_one_epoch:193 - epoch 35 7.65s Train loss is [0.3574] 
2024-10-08 20:50:07.597 | INFO     | trainer_1:_train_one_epoch:201 - validate 35 cost time 9.81s, result: {'hit@1': 0.0172, 'ndcg@1': 0.0172, 'hit@5': 0.0617, 'ndcg@5': 0.0394, 'hit@10': 0.1004, 'ndcg@10': 0.0519, 'hit@15': 0.1353, 'ndcg@15': 0.0611, 'hit@20': 0.1649, 'ndcg@20': 0.0681, 'hit@40': 0.2572, 'ndcg@40': 0.0869} 
2024-10-08 20:50:17.239 | INFO     | trainer_1:_train_one_epoch:209 - test 35 cost time 9.64s, result: {'hit@1': 0.0118, 'ndcg@1': 0.0118, 'hit@5': 0.039, 'ndcg@5': 0.0252, 'hit@10': 0.0669, 'ndcg@10': 0.0341, 'hit@15': 0.0912, 'ndcg@15': 0.0405, 'hit@20': 0.112, 'ndcg@20': 0.0454, 'hit@40': 0.1825, 'ndcg@40': 0.0598} 
2024-10-08 20:50:35.851 | INFO     | trainer_1:_train_one_epoch:193 - epoch 36 7.65s Train loss is [0.3620] 
2024-10-08 20:50:45.661 | INFO     | trainer_1:_train_one_epoch:201 - validate 36 cost time 9.81s, result: {'hit@1': 0.0164, 'ndcg@1': 0.0164, 'hit@5': 0.0594, 'ndcg@5': 0.038, 'hit@10': 0.0979, 'ndcg@10': 0.0503, 'hit@15': 0.128, 'ndcg@15': 0.0583, 'hit@20': 0.1588, 'ndcg@20': 0.0655, 'hit@40': 0.2488, 'ndcg@40': 0.0839} 
2024-10-08 20:50:55.315 | INFO     | trainer_1:_train_one_epoch:209 - test 36 cost time 9.65s, result: {'hit@1': 0.0111, 'ndcg@1': 0.0111, 'hit@5': 0.0377, 'ndcg@5': 0.0244, 'hit@10': 0.0647, 'ndcg@10': 0.0331, 'hit@15': 0.0886, 'ndcg@15': 0.0394, 'hit@20': 0.1091, 'ndcg@20': 0.0442, 'hit@40': 0.1784, 'ndcg@40': 0.0583} 
2024-10-08 20:51:03.060 | INFO     | trainer_1:_train_one_epoch:193 - epoch 37 7.74s Train loss is [0.3541] 
2024-10-08 20:51:12.868 | INFO     | trainer_1:_train_one_epoch:201 - validate 37 cost time 9.81s, result: {'hit@1': 0.0166, 'ndcg@1': 0.0166, 'hit@5': 0.0616, 'ndcg@5': 0.0389, 'hit@10': 0.0976, 'ndcg@10': 0.0505, 'hit@15': 0.1298, 'ndcg@15': 0.059, 'hit@20': 0.1579, 'ndcg@20': 0.0656, 'hit@40': 0.248, 'ndcg@40': 0.084} 
2024-10-08 20:51:22.517 | INFO     | trainer_1:_train_one_epoch:209 - test 37 cost time 9.65s, result: {'hit@1': 0.0111, 'ndcg@1': 0.0111, 'hit@5': 0.0382, 'ndcg@5': 0.0247, 'hit@10': 0.0649, 'ndcg@10': 0.0333, 'hit@15': 0.0883, 'ndcg@15': 0.0395, 'hit@20': 0.1101, 'ndcg@20': 0.0446, 'hit@40': 0.1778, 'ndcg@40': 0.0584} 
2024-10-08 20:51:30.133 | INFO     | trainer_1:_train_one_epoch:193 - epoch 38 7.62s Train loss is [0.3460] 
2024-10-08 20:51:39.926 | INFO     | trainer_1:_train_one_epoch:201 - validate 38 cost time 9.79s, result: {'hit@1': 0.0164, 'ndcg@1': 0.0164, 'hit@5': 0.0614, 'ndcg@5': 0.0388, 'hit@10': 0.0977, 'ndcg@10': 0.0505, 'hit@15': 0.1307, 'ndcg@15': 0.0593, 'hit@20': 0.1596, 'ndcg@20': 0.066, 'hit@40': 0.2495, 'ndcg@40': 0.0844} 
2024-10-08 20:51:49.578 | INFO     | trainer_1:_train_one_epoch:209 - test 38 cost time 9.65s, result: {'hit@1': 0.0114, 'ndcg@1': 0.0114, 'hit@5': 0.0394, 'ndcg@5': 0.0253, 'hit@10': 0.067, 'ndcg@10': 0.0341, 'hit@15': 0.09, 'ndcg@15': 0.0402, 'hit@20': 0.1104, 'ndcg@20': 0.045, 'hit@40': 0.1807, 'ndcg@40': 0.0593} 
2024-10-08 20:52:08.134 | INFO     | trainer_1:_train_one_epoch:193 - epoch 39 7.64s Train loss is [0.3435] 
2024-10-08 20:52:17.932 | INFO     | trainer_1:_train_one_epoch:201 - validate 39 cost time 9.80s, result: {'hit@1': 0.0162, 'ndcg@1': 0.0162, 'hit@5': 0.0572, 'ndcg@5': 0.037, 'hit@10': 0.0961, 'ndcg@10': 0.0494, 'hit@15': 0.1277, 'ndcg@15': 0.0578, 'hit@20': 0.1583, 'ndcg@20': 0.065, 'hit@40': 0.2482, 'ndcg@40': 0.0833} 
2024-10-08 20:52:27.568 | INFO     | trainer_1:_train_one_epoch:209 - test 39 cost time 9.64s, result: {'hit@1': 0.0108, 'ndcg@1': 0.0108, 'hit@5': 0.0369, 'ndcg@5': 0.0238, 'hit@10': 0.0634, 'ndcg@10': 0.0323, 'hit@15': 0.0871, 'ndcg@15': 0.0386, 'hit@20': 0.1072, 'ndcg@20': 0.0433, 'hit@40': 0.1767, 'ndcg@40': 0.0575} 
2024-10-08 20:52:35.164 | INFO     | trainer_1:_train_one_epoch:193 - epoch 40 7.60s Train loss is [0.3430] 
2024-10-08 20:52:44.956 | INFO     | trainer_1:_train_one_epoch:201 - validate 40 cost time 9.79s, result: {'hit@1': 0.017, 'ndcg@1': 0.017, 'hit@5': 0.0592, 'ndcg@5': 0.0381, 'hit@10': 0.0969, 'ndcg@10': 0.0502, 'hit@15': 0.1304, 'ndcg@15': 0.059, 'hit@20': 0.1598, 'ndcg@20': 0.0659, 'hit@40': 0.2521, 'ndcg@40': 0.0848} 
2024-10-08 20:52:54.612 | INFO     | trainer_1:_train_one_epoch:209 - test 40 cost time 9.66s, result: {'hit@1': 0.0111, 'ndcg@1': 0.0111, 'hit@5': 0.0378, 'ndcg@5': 0.0244, 'hit@10': 0.0649, 'ndcg@10': 0.033, 'hit@15': 0.0868, 'ndcg@15': 0.0388, 'hit@20': 0.1089, 'ndcg@20': 0.044, 'hit@40': 0.18, 'ndcg@40': 0.0585} 
2024-10-08 20:53:02.291 | INFO     | trainer_1:_train_one_epoch:193 - epoch 41 7.68s Train loss is [0.3518] 
2024-10-08 20:53:12.096 | INFO     | trainer_1:_train_one_epoch:201 - validate 41 cost time 9.81s, result: {'hit@1': 0.0161, 'ndcg@1': 0.0161, 'hit@5': 0.0588, 'ndcg@5': 0.0376, 'hit@10': 0.0991, 'ndcg@10': 0.0505, 'hit@15': 0.1317, 'ndcg@15': 0.0591, 'hit@20': 0.1599, 'ndcg@20': 0.0658, 'hit@40': 0.2547, 'ndcg@40': 0.0851} 
2024-10-08 20:53:21.734 | INFO     | trainer_1:_train_one_epoch:209 - test 41 cost time 9.64s, result: {'hit@1': 0.012, 'ndcg@1': 0.012, 'hit@5': 0.0396, 'ndcg@5': 0.0257, 'hit@10': 0.0666, 'ndcg@10': 0.0343, 'hit@15': 0.0907, 'ndcg@15': 0.0406, 'hit@20': 0.1121, 'ndcg@20': 0.0457, 'hit@40': 0.1818, 'ndcg@40': 0.0598} 
2024-10-08 20:53:29.491 | INFO     | trainer_1:_train_one_epoch:193 - epoch 42 7.76s Train loss is [0.3483] 
2024-10-08 20:53:39.286 | INFO     | trainer_1:_train_one_epoch:201 - validate 42 cost time 9.79s, result: {'hit@1': 0.017, 'ndcg@1': 0.017, 'hit@5': 0.0603, 'ndcg@5': 0.0389, 'hit@10': 0.1013, 'ndcg@10': 0.052, 'hit@15': 0.1334, 'ndcg@15': 0.0605, 'hit@20': 0.162, 'ndcg@20': 0.0672, 'hit@40': 0.2574, 'ndcg@40': 0.0866} 
2024-10-08 20:53:48.926 | INFO     | trainer_1:_train_one_epoch:209 - test 42 cost time 9.64s, result: {'hit@1': 0.0112, 'ndcg@1': 0.0112, 'hit@5': 0.0397, 'ndcg@5': 0.0253, 'hit@10': 0.0663, 'ndcg@10': 0.0338, 'hit@15': 0.0916, 'ndcg@15': 0.0405, 'hit@20': 0.1136, 'ndcg@20': 0.0457, 'hit@40': 0.1854, 'ndcg@40': 0.0603} 
2024-10-08 20:53:56.582 | INFO     | trainer_1:_train_one_epoch:193 - epoch 43 7.66s Train loss is [0.3529] 
2024-10-08 20:54:06.393 | INFO     | trainer_1:_train_one_epoch:201 - validate 43 cost time 9.81s, result: {'hit@1': 0.017, 'ndcg@1': 0.017, 'hit@5': 0.0625, 'ndcg@5': 0.0398, 'hit@10': 0.1029, 'ndcg@10': 0.0527, 'hit@15': 0.136, 'ndcg@15': 0.0615, 'hit@20': 0.1678, 'ndcg@20': 0.069, 'hit@40': 0.2642, 'ndcg@40': 0.0886} 
2024-10-08 20:54:16.048 | INFO     | trainer_1:_train_one_epoch:209 - test 43 cost time 9.65s, result: {'hit@1': 0.0111, 'ndcg@1': 0.0111, 'hit@5': 0.0431, 'ndcg@5': 0.027, 'hit@10': 0.0723, 'ndcg@10': 0.0363, 'hit@15': 0.0973, 'ndcg@15': 0.0429, 'hit@20': 0.1213, 'ndcg@20': 0.0486, 'hit@40': 0.1944, 'ndcg@40': 0.0635} 
2024-10-08 20:54:34.606 | INFO     | trainer_1:_train_one_epoch:193 - epoch 44 7.71s Train loss is [0.3427] 
2024-10-08 20:54:44.412 | INFO     | trainer_1:_train_one_epoch:201 - validate 44 cost time 9.81s, result: {'hit@1': 0.0162, 'ndcg@1': 0.0162, 'hit@5': 0.0598, 'ndcg@5': 0.0382, 'hit@10': 0.1005, 'ndcg@10': 0.0512, 'hit@15': 0.1335, 'ndcg@15': 0.0599, 'hit@20': 0.1626, 'ndcg@20': 0.0668, 'hit@40': 0.257, 'ndcg@40': 0.086} 
2024-10-08 20:54:54.070 | INFO     | trainer_1:_train_one_epoch:209 - test 44 cost time 9.66s, result: {'hit@1': 0.011, 'ndcg@1': 0.011, 'hit@5': 0.0385, 'ndcg@5': 0.0246, 'hit@10': 0.0654, 'ndcg@10': 0.0332, 'hit@15': 0.0906, 'ndcg@15': 0.0399, 'hit@20': 0.1141, 'ndcg@20': 0.0454, 'hit@40': 0.1859, 'ndcg@40': 0.0601} 
2024-10-08 20:55:01.762 | INFO     | trainer_1:_train_one_epoch:193 - epoch 45 7.69s Train loss is [0.3381] 
2024-10-08 20:55:11.586 | INFO     | trainer_1:_train_one_epoch:201 - validate 45 cost time 9.82s, result: {'hit@1': 0.0173, 'ndcg@1': 0.0173, 'hit@5': 0.0615, 'ndcg@5': 0.0398, 'hit@10': 0.1046, 'ndcg@10': 0.0537, 'hit@15': 0.1381, 'ndcg@15': 0.0625, 'hit@20': 0.1687, 'ndcg@20': 0.0697, 'hit@40': 0.2633, 'ndcg@40': 0.089} 
2024-10-08 20:55:21.240 | INFO     | trainer_1:_train_one_epoch:209 - test 45 cost time 9.65s, result: {'hit@1': 0.0109, 'ndcg@1': 0.0109, 'hit@5': 0.0409, 'ndcg@5': 0.0259, 'hit@10': 0.0684, 'ndcg@10': 0.0347, 'hit@15': 0.0927, 'ndcg@15': 0.0411, 'hit@20': 0.1152, 'ndcg@20': 0.0464, 'hit@40': 0.1865, 'ndcg@40': 0.0609} 
2024-10-08 20:55:28.987 | INFO     | trainer_1:_train_one_epoch:193 - epoch 46 7.75s Train loss is [0.3368] 
2024-10-08 20:55:38.785 | INFO     | trainer_1:_train_one_epoch:201 - validate 46 cost time 9.80s, result: {'hit@1': 0.0175, 'ndcg@1': 0.0175, 'hit@5': 0.0606, 'ndcg@5': 0.0392, 'hit@10': 0.0989, 'ndcg@10': 0.0515, 'hit@15': 0.1325, 'ndcg@15': 0.0604, 'hit@20': 0.1614, 'ndcg@20': 0.0672, 'hit@40': 0.2515, 'ndcg@40': 0.0855} 
2024-10-08 20:55:48.424 | INFO     | trainer_1:_train_one_epoch:209 - test 46 cost time 9.64s, result: {'hit@1': 0.0114, 'ndcg@1': 0.0114, 'hit@5': 0.0398, 'ndcg@5': 0.0255, 'hit@10': 0.067, 'ndcg@10': 0.0342, 'hit@15': 0.0893, 'ndcg@15': 0.0401, 'hit@20': 0.1113, 'ndcg@20': 0.0453, 'hit@40': 0.1804, 'ndcg@40': 0.0593} 
2024-10-08 20:55:56.088 | INFO     | trainer_1:_train_one_epoch:193 - epoch 47 7.66s Train loss is [0.3420] 
2024-10-08 20:56:05.903 | INFO     | trainer_1:_train_one_epoch:201 - validate 47 cost time 9.81s, result: {'hit@1': 0.0171, 'ndcg@1': 0.0171, 'hit@5': 0.0613, 'ndcg@5': 0.0392, 'hit@10': 0.1043, 'ndcg@10': 0.053, 'hit@15': 0.1375, 'ndcg@15': 0.0618, 'hit@20': 0.1663, 'ndcg@20': 0.0686, 'hit@40': 0.2568, 'ndcg@40': 0.087} 
2024-10-08 20:56:15.572 | INFO     | trainer_1:_train_one_epoch:209 - test 47 cost time 9.67s, result: {'hit@1': 0.0111, 'ndcg@1': 0.0111, 'hit@5': 0.0413, 'ndcg@5': 0.026, 'hit@10': 0.0688, 'ndcg@10': 0.0348, 'hit@15': 0.0939, 'ndcg@15': 0.0414, 'hit@20': 0.115, 'ndcg@20': 0.0464, 'hit@40': 0.1843, 'ndcg@40': 0.0605} 
2024-10-08 20:56:23.355 | INFO     | trainer_1:_train_one_epoch:193 - epoch 48 7.78s Train loss is [0.3460] 
2024-10-08 20:56:33.144 | INFO     | trainer_1:_train_one_epoch:201 - validate 48 cost time 9.79s, result: {'hit@1': 0.0172, 'ndcg@1': 0.0172, 'hit@5': 0.0613, 'ndcg@5': 0.0393, 'hit@10': 0.1028, 'ndcg@10': 0.0526, 'hit@15': 0.1383, 'ndcg@15': 0.062, 'hit@20': 0.1657, 'ndcg@20': 0.0684, 'hit@40': 0.256, 'ndcg@40': 0.0868} 
2024-10-08 20:56:42.782 | INFO     | trainer_1:_train_one_epoch:209 - test 48 cost time 9.64s, result: {'hit@1': 0.0109, 'ndcg@1': 0.0109, 'hit@5': 0.0419, 'ndcg@5': 0.0263, 'hit@10': 0.0694, 'ndcg@10': 0.0351, 'hit@15': 0.0931, 'ndcg@15': 0.0413, 'hit@20': 0.114, 'ndcg@20': 0.0462, 'hit@40': 0.1849, 'ndcg@40': 0.0607} 
2024-10-08 20:56:50.419 | INFO     | trainer_1:_train_one_epoch:193 - epoch 49 7.64s Train loss is [0.3245] 
2024-10-08 20:57:00.223 | INFO     | trainer_1:_train_one_epoch:201 - validate 49 cost time 9.80s, result: {'hit@1': 0.0171, 'ndcg@1': 0.0171, 'hit@5': 0.062, 'ndcg@5': 0.0396, 'hit@10': 0.1014, 'ndcg@10': 0.0522, 'hit@15': 0.1361, 'ndcg@15': 0.0614, 'hit@20': 0.1648, 'ndcg@20': 0.0682, 'hit@40': 0.257, 'ndcg@40': 0.0869} 
2024-10-08 20:57:09.881 | INFO     | trainer_1:_train_one_epoch:209 - test 49 cost time 9.66s, result: {'hit@1': 0.0102, 'ndcg@1': 0.0102, 'hit@5': 0.0403, 'ndcg@5': 0.0254, 'hit@10': 0.0691, 'ndcg@10': 0.0346, 'hit@15': 0.0923, 'ndcg@15': 0.0407, 'hit@20': 0.1149, 'ndcg@20': 0.046, 'hit@40': 0.1857, 'ndcg@40': 0.0605} 
2024-10-08 20:57:17.611 | INFO     | trainer_1:_train_one_epoch:193 - epoch 50 7.73s Train loss is [0.3390] 
2024-10-08 20:57:27.410 | INFO     | trainer_1:_train_one_epoch:201 - validate 50 cost time 9.80s, result: {'hit@1': 0.0169, 'ndcg@1': 0.0169, 'hit@5': 0.0619, 'ndcg@5': 0.0395, 'hit@10': 0.1044, 'ndcg@10': 0.0532, 'hit@15': 0.1384, 'ndcg@15': 0.0622, 'hit@20': 0.167, 'ndcg@20': 0.0689, 'hit@40': 0.2616, 'ndcg@40': 0.0882} 
2024-10-08 20:57:37.054 | INFO     | trainer_1:_train_one_epoch:209 - test 50 cost time 9.64s, result: {'hit@1': 0.0116, 'ndcg@1': 0.0116, 'hit@5': 0.0421, 'ndcg@5': 0.0268, 'hit@10': 0.0705, 'ndcg@10': 0.036, 'hit@15': 0.096, 'ndcg@15': 0.0427, 'hit@20': 0.1172, 'ndcg@20': 0.0477, 'hit@40': 0.1894, 'ndcg@40': 0.0624} 
2024-10-08 20:57:37.065 | INFO     | trainer_1:train_model:163 - training end, best iteration 45, results: {'hit@1': 0.017, 'ndcg@1': 0.017, 'hit@5': 0.0625, 'ndcg@5': 0.0398, 'hit@10': 0.1029, 'ndcg@10': 0.0527, 'hit@15': 0.136, 'ndcg@15': 0.0615, 'hit@20': 0.1678, 'ndcg@20': 0.069, 'hit@40': 0.2642, 'ndcg@40': 0.0886}
2024-10-08 20:57:37.065 | INFO     | trainer_1:train_model:166 - final test result is:  {'hit@1': 0.0111, 'ndcg@1': 0.0111, 'hit@5': 0.0431, 'ndcg@5': 0.027, 'hit@10': 0.0723, 'ndcg@10': 0.0363, 'hit@15': 0.0973, 'ndcg@15': 0.0429, 'hit@20': 0.1213, 'ndcg@20': 0.0486, 'hit@40': 0.1944, 'ndcg@40': 0.0635}
2024-10-08 20:57:37.354 | INFO     | __main__:<module>:119 - train end total cost time: 2908.2745180130005
