2024-10-08 15:41:56.124 | INFO     | __main__:<module>:105 - Namespace(TIME='2024-10-08 15_41_24', batch_size=1024, behaviors=['view', 'cart', 'buy'], check_point='model_pre_1_2024-10-08 11_17_41.pth', data_name='beibei', data_path='./data/beibei', decay=0.001, device='cuda:1', dim_qk=32, dim_v=64, distill_layers=2, distill_thres=0.5, distill_topK=10, distill_userK=2, embedding_size=64, epochs=100, gpu_no=1, if_load_model=True, ii_lambda=200, initializer_range=0.02, layers=2, loss_type='bpr', lr=0.001, message_dropout=0.25, metrics=['hit', 'ndcg'], min_epoch=5, model_name='main_1', model_path='./check_point', node_dropout=0.75, omega=1, pt_loop=50, reg_weight=0.001, test_batch_size=1024, testbatch=1024, topk=[1, 5, 10, 15, 20, 40], uu_lambda=100)
2024-10-08 15:41:56.124 | INFO     | __main__:<module>:106 - BIPN(
  (message_dropout): Dropout(p=0.25, inplace=False)
  (user_embedding): Embedding(21717, 64, padding_idx=0)
  (item_embedding): Embedding(7978, 64, padding_idx=0)
  (global_Graph): LightGCN()
  (Graph_encoder): ModuleDict(
    (view): GraphEncoder(
      (light): LightGCN()
      (dropout): Dropout(p=0.75, inplace=False)
    )
    (cart): GraphEncoder(
      (light): LightGCN()
      (dropout): Dropout(p=0.75, inplace=False)
    )
    (buy): GraphEncoder(
      (light): LightGCN()
      (dropout): Dropout(p=0.75, inplace=False)
    )
  )
  (attention): Mutual_Attention()
  (bpr_loss): BPRLoss()
  (emb_loss): EmbLoss()
  (f): Sigmoid()
)
2024-10-08 15:44:52.651 | INFO     | trainer_1:_train_one_epoch:193 - epoch 1 6.29s Train loss is [0.9420] 
2024-10-08 15:44:57.562 | INFO     | trainer_1:_train_one_epoch:201 - validate 1 cost time 4.91s, result: {'hit@1': 0.0065, 'ndcg@1': 0.0065, 'hit@5': 0.0277, 'ndcg@5': 0.017, 'hit@10': 0.0497, 'ndcg@10': 0.0241, 'hit@15': 0.0689, 'ndcg@15': 0.0291, 'hit@20': 0.0867, 'ndcg@20': 0.0333, 'hit@40': 0.1481, 'ndcg@40': 0.0459} 
2024-10-08 15:45:02.435 | INFO     | trainer_1:_train_one_epoch:209 - test 1 cost time 4.87s, result: {'hit@1': 0.0041, 'ndcg@1': 0.0041, 'hit@5': 0.0178, 'ndcg@5': 0.0107, 'hit@10': 0.0349, 'ndcg@10': 0.0162, 'hit@15': 0.0485, 'ndcg@15': 0.0198, 'hit@20': 0.0622, 'ndcg@20': 0.023, 'hit@40': 0.1134, 'ndcg@40': 0.0334} 
2024-10-08 15:45:19.685 | INFO     | trainer_1:_train_one_epoch:193 - epoch 2 6.52s Train loss is [0.7164] 
2024-10-08 15:45:25.353 | INFO     | trainer_1:_train_one_epoch:201 - validate 2 cost time 5.67s, result: {'hit@1': 0.0093, 'ndcg@1': 0.0093, 'hit@5': 0.0345, 'ndcg@5': 0.0217, 'hit@10': 0.0607, 'ndcg@10': 0.03, 'hit@15': 0.0825, 'ndcg@15': 0.0358, 'hit@20': 0.1012, 'ndcg@20': 0.0402, 'hit@40': 0.1667, 'ndcg@40': 0.0535} 
2024-10-08 15:45:30.973 | INFO     | trainer_1:_train_one_epoch:209 - test 2 cost time 5.62s, result: {'hit@1': 0.0049, 'ndcg@1': 0.0049, 'hit@5': 0.0223, 'ndcg@5': 0.0134, 'hit@10': 0.0408, 'ndcg@10': 0.0193, 'hit@15': 0.0568, 'ndcg@15': 0.0235, 'hit@20': 0.0724, 'ndcg@20': 0.0272, 'hit@40': 0.1215, 'ndcg@40': 0.0372} 
2024-10-08 15:45:48.460 | INFO     | trainer_1:_train_one_epoch:193 - epoch 3 6.72s Train loss is [0.6396] 
2024-10-08 15:45:54.086 | INFO     | trainer_1:_train_one_epoch:201 - validate 3 cost time 5.63s, result: {'hit@1': 0.0077, 'ndcg@1': 0.0077, 'hit@5': 0.0321, 'ndcg@5': 0.0197, 'hit@10': 0.0592, 'ndcg@10': 0.0283, 'hit@15': 0.0833, 'ndcg@15': 0.0347, 'hit@20': 0.1037, 'ndcg@20': 0.0395, 'hit@40': 0.1758, 'ndcg@40': 0.0542} 
2024-10-08 15:45:59.650 | INFO     | trainer_1:_train_one_epoch:209 - test 3 cost time 5.56s, result: {'hit@1': 0.0043, 'ndcg@1': 0.0043, 'hit@5': 0.0198, 'ndcg@5': 0.0119, 'hit@10': 0.0386, 'ndcg@10': 0.0179, 'hit@15': 0.0559, 'ndcg@15': 0.0225, 'hit@20': 0.0717, 'ndcg@20': 0.0262, 'hit@40': 0.1265, 'ndcg@40': 0.0374} 
2024-10-08 15:46:06.334 | INFO     | trainer_1:_train_one_epoch:193 - epoch 4 6.68s Train loss is [0.5891] 
2024-10-08 15:46:11.950 | INFO     | trainer_1:_train_one_epoch:201 - validate 4 cost time 5.62s, result: {'hit@1': 0.008, 'ndcg@1': 0.008, 'hit@5': 0.0317, 'ndcg@5': 0.0197, 'hit@10': 0.0573, 'ndcg@10': 0.0279, 'hit@15': 0.0795, 'ndcg@15': 0.0337, 'hit@20': 0.1003, 'ndcg@20': 0.0386, 'hit@40': 0.1657, 'ndcg@40': 0.0519} 
2024-10-08 15:46:17.509 | INFO     | trainer_1:_train_one_epoch:209 - test 4 cost time 5.56s, result: {'hit@1': 0.0043, 'ndcg@1': 0.0043, 'hit@5': 0.0181, 'ndcg@5': 0.0111, 'hit@10': 0.0344, 'ndcg@10': 0.0163, 'hit@15': 0.0513, 'ndcg@15': 0.0208, 'hit@20': 0.067, 'ndcg@20': 0.0245, 'hit@40': 0.1167, 'ndcg@40': 0.0345} 
2024-10-08 15:46:24.179 | INFO     | trainer_1:_train_one_epoch:193 - epoch 5 6.67s Train loss is [0.5499] 
2024-10-08 15:46:29.792 | INFO     | trainer_1:_train_one_epoch:201 - validate 5 cost time 5.61s, result: {'hit@1': 0.0129, 'ndcg@1': 0.0129, 'hit@5': 0.0382, 'ndcg@5': 0.0253, 'hit@10': 0.0657, 'ndcg@10': 0.0341, 'hit@15': 0.0908, 'ndcg@15': 0.0408, 'hit@20': 0.1106, 'ndcg@20': 0.0454, 'hit@40': 0.1793, 'ndcg@40': 0.0594} 
2024-10-08 15:46:35.347 | INFO     | trainer_1:_train_one_epoch:209 - test 5 cost time 5.55s, result: {'hit@1': 0.0063, 'ndcg@1': 0.0063, 'hit@5': 0.0216, 'ndcg@5': 0.0137, 'hit@10': 0.04, 'ndcg@10': 0.0196, 'hit@15': 0.0577, 'ndcg@15': 0.0243, 'hit@20': 0.0717, 'ndcg@20': 0.0276, 'hit@40': 0.1212, 'ndcg@40': 0.0376} 
2024-10-08 15:46:42.137 | INFO     | trainer_1:_train_one_epoch:193 - epoch 6 6.79s Train loss is [0.5270] 
2024-10-08 15:46:47.906 | INFO     | trainer_1:_train_one_epoch:201 - validate 6 cost time 5.77s, result: {'hit@1': 0.0128, 'ndcg@1': 0.0128, 'hit@5': 0.0416, 'ndcg@5': 0.0271, 'hit@10': 0.0669, 'ndcg@10': 0.0352, 'hit@15': 0.0921, 'ndcg@15': 0.0418, 'hit@20': 0.1152, 'ndcg@20': 0.0473, 'hit@40': 0.1862, 'ndcg@40': 0.0617} 
2024-10-08 15:46:53.530 | INFO     | trainer_1:_train_one_epoch:209 - test 6 cost time 5.62s, result: {'hit@1': 0.007, 'ndcg@1': 0.007, 'hit@5': 0.0244, 'ndcg@5': 0.0156, 'hit@10': 0.043, 'ndcg@10': 0.0215, 'hit@15': 0.0597, 'ndcg@15': 0.0259, 'hit@20': 0.0748, 'ndcg@20': 0.0294, 'hit@40': 0.1265, 'ndcg@40': 0.04} 
2024-10-08 15:47:10.659 | INFO     | trainer_1:_train_one_epoch:193 - epoch 7 6.43s Train loss is [0.5246] 
2024-10-08 15:47:16.223 | INFO     | trainer_1:_train_one_epoch:201 - validate 7 cost time 5.56s, result: {'hit@1': 0.0116, 'ndcg@1': 0.0116, 'hit@5': 0.0425, 'ndcg@5': 0.0269, 'hit@10': 0.0722, 'ndcg@10': 0.0364, 'hit@15': 0.0993, 'ndcg@15': 0.0436, 'hit@20': 0.1235, 'ndcg@20': 0.0492, 'hit@40': 0.1957, 'ndcg@40': 0.064} 
2024-10-08 15:47:25.879 | INFO     | trainer_1:_train_one_epoch:209 - test 7 cost time 9.66s, result: {'hit@1': 0.0067, 'ndcg@1': 0.0067, 'hit@5': 0.0246, 'ndcg@5': 0.0156, 'hit@10': 0.0427, 'ndcg@10': 0.0214, 'hit@15': 0.0612, 'ndcg@15': 0.0263, 'hit@20': 0.0782, 'ndcg@20': 0.0303, 'hit@40': 0.1351, 'ndcg@40': 0.0419} 
2024-10-08 15:47:32.435 | INFO     | trainer_1:_train_one_epoch:193 - epoch 8 6.56s Train loss is [0.4919] 
2024-10-08 15:47:42.625 | INFO     | trainer_1:_train_one_epoch:201 - validate 8 cost time 10.19s, result: {'hit@1': 0.0093, 'ndcg@1': 0.0093, 'hit@5': 0.0386, 'ndcg@5': 0.0238, 'hit@10': 0.0686, 'ndcg@10': 0.0333, 'hit@15': 0.0945, 'ndcg@15': 0.0402, 'hit@20': 0.1195, 'ndcg@20': 0.0461, 'hit@40': 0.1985, 'ndcg@40': 0.0621} 
2024-10-08 15:47:52.717 | INFO     | trainer_1:_train_one_epoch:209 - test 8 cost time 10.09s, result: {'hit@1': 0.0053, 'ndcg@1': 0.0053, 'hit@5': 0.0233, 'ndcg@5': 0.0143, 'hit@10': 0.0422, 'ndcg@10': 0.0203, 'hit@15': 0.0605, 'ndcg@15': 0.0251, 'hit@20': 0.0773, 'ndcg@20': 0.0291, 'hit@40': 0.1367, 'ndcg@40': 0.0412} 
2024-10-08 15:47:59.548 | INFO     | trainer_1:_train_one_epoch:193 - epoch 9 6.83s Train loss is [0.4782] 
2024-10-08 15:48:09.302 | INFO     | trainer_1:_train_one_epoch:201 - validate 9 cost time 9.75s, result: {'hit@1': 0.0121, 'ndcg@1': 0.0121, 'hit@5': 0.0446, 'ndcg@5': 0.0281, 'hit@10': 0.0773, 'ndcg@10': 0.0386, 'hit@15': 0.1045, 'ndcg@15': 0.0458, 'hit@20': 0.1298, 'ndcg@20': 0.0518, 'hit@40': 0.2085, 'ndcg@40': 0.0678} 
2024-10-08 15:48:18.979 | INFO     | trainer_1:_train_one_epoch:209 - test 9 cost time 9.68s, result: {'hit@1': 0.0071, 'ndcg@1': 0.0071, 'hit@5': 0.0261, 'ndcg@5': 0.0165, 'hit@10': 0.0465, 'ndcg@10': 0.023, 'hit@15': 0.0674, 'ndcg@15': 0.0285, 'hit@20': 0.085, 'ndcg@20': 0.0327, 'hit@40': 0.1446, 'ndcg@40': 0.0448} 
2024-10-08 15:48:36.052 | INFO     | trainer_1:_train_one_epoch:193 - epoch 10 6.46s Train loss is [0.4697] 
2024-10-08 15:48:45.819 | INFO     | trainer_1:_train_one_epoch:201 - validate 10 cost time 9.77s, result: {'hit@1': 0.0133, 'ndcg@1': 0.0133, 'hit@5': 0.0465, 'ndcg@5': 0.0297, 'hit@10': 0.0787, 'ndcg@10': 0.04, 'hit@15': 0.105, 'ndcg@15': 0.047, 'hit@20': 0.1276, 'ndcg@20': 0.0523, 'hit@40': 0.2104, 'ndcg@40': 0.0692} 
2024-10-08 15:48:55.511 | INFO     | trainer_1:_train_one_epoch:209 - test 10 cost time 9.69s, result: {'hit@1': 0.0072, 'ndcg@1': 0.0072, 'hit@5': 0.0277, 'ndcg@5': 0.0174, 'hit@10': 0.0497, 'ndcg@10': 0.0245, 'hit@15': 0.0682, 'ndcg@15': 0.0293, 'hit@20': 0.0855, 'ndcg@20': 0.0334, 'hit@40': 0.1451, 'ndcg@40': 0.0455} 
2024-10-08 15:49:12.795 | INFO     | trainer_1:_train_one_epoch:193 - epoch 11 6.66s Train loss is [0.4634] 
2024-10-08 15:49:22.954 | INFO     | trainer_1:_train_one_epoch:201 - validate 11 cost time 10.16s, result: {'hit@1': 0.0107, 'ndcg@1': 0.0107, 'hit@5': 0.0419, 'ndcg@5': 0.0263, 'hit@10': 0.0704, 'ndcg@10': 0.0355, 'hit@15': 0.0962, 'ndcg@15': 0.0423, 'hit@20': 0.1189, 'ndcg@20': 0.0476, 'hit@40': 0.1907, 'ndcg@40': 0.0623} 
2024-10-08 15:49:33.026 | INFO     | trainer_1:_train_one_epoch:209 - test 11 cost time 10.07s, result: {'hit@1': 0.0067, 'ndcg@1': 0.0067, 'hit@5': 0.0259, 'ndcg@5': 0.0162, 'hit@10': 0.0471, 'ndcg@10': 0.023, 'hit@15': 0.0643, 'ndcg@15': 0.0275, 'hit@20': 0.0801, 'ndcg@20': 0.0312, 'hit@40': 0.1357, 'ndcg@40': 0.0425} 
2024-10-08 15:49:39.560 | INFO     | trainer_1:_train_one_epoch:193 - epoch 12 6.53s Train loss is [0.4606] 
2024-10-08 15:49:49.322 | INFO     | trainer_1:_train_one_epoch:201 - validate 12 cost time 9.76s, result: {'hit@1': 0.0102, 'ndcg@1': 0.0102, 'hit@5': 0.0404, 'ndcg@5': 0.0252, 'hit@10': 0.0704, 'ndcg@10': 0.0348, 'hit@15': 0.0972, 'ndcg@15': 0.0419, 'hit@20': 0.1198, 'ndcg@20': 0.0472, 'hit@40': 0.2019, 'ndcg@40': 0.064} 
2024-10-08 15:49:59.014 | INFO     | trainer_1:_train_one_epoch:209 - test 12 cost time 9.69s, result: {'hit@1': 0.0076, 'ndcg@1': 0.0076, 'hit@5': 0.0267, 'ndcg@5': 0.0167, 'hit@10': 0.0473, 'ndcg@10': 0.0233, 'hit@15': 0.0657, 'ndcg@15': 0.0282, 'hit@20': 0.0842, 'ndcg@20': 0.0325, 'hit@40': 0.1426, 'ndcg@40': 0.0444} 
2024-10-08 15:50:05.477 | INFO     | trainer_1:_train_one_epoch:193 - epoch 13 6.46s Train loss is [0.4427] 
2024-10-08 15:50:15.216 | INFO     | trainer_1:_train_one_epoch:201 - validate 13 cost time 9.74s, result: {'hit@1': 0.0121, 'ndcg@1': 0.0121, 'hit@5': 0.0455, 'ndcg@5': 0.0287, 'hit@10': 0.0749, 'ndcg@10': 0.0381, 'hit@15': 0.1013, 'ndcg@15': 0.0451, 'hit@20': 0.1256, 'ndcg@20': 0.0508, 'hit@40': 0.2028, 'ndcg@40': 0.0665} 
2024-10-08 15:50:24.918 | INFO     | trainer_1:_train_one_epoch:209 - test 13 cost time 9.70s, result: {'hit@1': 0.0075, 'ndcg@1': 0.0075, 'hit@5': 0.0287, 'ndcg@5': 0.0179, 'hit@10': 0.0495, 'ndcg@10': 0.0246, 'hit@15': 0.068, 'ndcg@15': 0.0295, 'hit@20': 0.0851, 'ndcg@20': 0.0335, 'hit@40': 0.1463, 'ndcg@40': 0.046} 
2024-10-08 15:50:31.199 | INFO     | trainer_1:_train_one_epoch:193 - epoch 14 6.28s Train loss is [0.4397] 
2024-10-08 15:50:41.065 | INFO     | trainer_1:_train_one_epoch:201 - validate 14 cost time 9.87s, result: {'hit@1': 0.0124, 'ndcg@1': 0.0124, 'hit@5': 0.0452, 'ndcg@5': 0.0287, 'hit@10': 0.077, 'ndcg@10': 0.0389, 'hit@15': 0.1014, 'ndcg@15': 0.0453, 'hit@20': 0.1266, 'ndcg@20': 0.0513, 'hit@40': 0.2083, 'ndcg@40': 0.0679} 
2024-10-08 15:50:50.776 | INFO     | trainer_1:_train_one_epoch:209 - test 14 cost time 9.71s, result: {'hit@1': 0.0079, 'ndcg@1': 0.0079, 'hit@5': 0.0297, 'ndcg@5': 0.0187, 'hit@10': 0.0512, 'ndcg@10': 0.0256, 'hit@15': 0.071, 'ndcg@15': 0.0308, 'hit@20': 0.0869, 'ndcg@20': 0.0345, 'hit@40': 0.1448, 'ndcg@40': 0.0463} 
2024-10-08 15:51:08.420 | INFO     | trainer_1:_train_one_epoch:193 - epoch 15 7.00s Train loss is [0.4233] 
2024-10-08 15:51:15.392 | INFO     | trainer_1:_train_one_epoch:201 - validate 15 cost time 6.97s, result: {'hit@1': 0.0112, 'ndcg@1': 0.0112, 'hit@5': 0.0469, 'ndcg@5': 0.0291, 'hit@10': 0.0779, 'ndcg@10': 0.0391, 'hit@15': 0.1057, 'ndcg@15': 0.0464, 'hit@20': 0.1295, 'ndcg@20': 0.052, 'hit@40': 0.2065, 'ndcg@40': 0.0677} 
2024-10-08 15:51:22.871 | INFO     | trainer_1:_train_one_epoch:209 - test 15 cost time 7.48s, result: {'hit@1': 0.0076, 'ndcg@1': 0.0076, 'hit@5': 0.0293, 'ndcg@5': 0.0185, 'hit@10': 0.0518, 'ndcg@10': 0.0257, 'hit@15': 0.0704, 'ndcg@15': 0.0306, 'hit@20': 0.0879, 'ndcg@20': 0.0347, 'hit@40': 0.1494, 'ndcg@40': 0.0473} 
2024-10-08 15:51:40.228 | INFO     | trainer_1:_train_one_epoch:193 - epoch 16 6.39s Train loss is [0.4272] 
2024-10-08 15:51:46.550 | INFO     | trainer_1:_train_one_epoch:201 - validate 16 cost time 6.32s, result: {'hit@1': 0.0128, 'ndcg@1': 0.0128, 'hit@5': 0.0479, 'ndcg@5': 0.0304, 'hit@10': 0.08, 'ndcg@10': 0.0407, 'hit@15': 0.108, 'ndcg@15': 0.0481, 'hit@20': 0.1328, 'ndcg@20': 0.0539, 'hit@40': 0.215, 'ndcg@40': 0.0706} 
2024-10-08 15:51:53.294 | INFO     | trainer_1:_train_one_epoch:209 - test 16 cost time 6.74s, result: {'hit@1': 0.0079, 'ndcg@1': 0.0079, 'hit@5': 0.0299, 'ndcg@5': 0.0188, 'hit@10': 0.0525, 'ndcg@10': 0.026, 'hit@15': 0.0711, 'ndcg@15': 0.0309, 'hit@20': 0.0907, 'ndcg@20': 0.0355, 'hit@40': 0.1536, 'ndcg@40': 0.0483} 
2024-10-08 15:52:10.631 | INFO     | trainer_1:_train_one_epoch:193 - epoch 17 6.56s Train loss is [0.4134] 
2024-10-08 15:52:15.480 | INFO     | trainer_1:_train_one_epoch:201 - validate 17 cost time 4.85s, result: {'hit@1': 0.0125, 'ndcg@1': 0.0125, 'hit@5': 0.0455, 'ndcg@5': 0.0287, 'hit@10': 0.0747, 'ndcg@10': 0.0381, 'hit@15': 0.0989, 'ndcg@15': 0.0445, 'hit@20': 0.1227, 'ndcg@20': 0.0501, 'hit@40': 0.2007, 'ndcg@40': 0.0659} 
2024-10-08 15:52:20.969 | INFO     | trainer_1:_train_one_epoch:209 - test 17 cost time 5.49s, result: {'hit@1': 0.0068, 'ndcg@1': 0.0068, 'hit@5': 0.0286, 'ndcg@5': 0.0176, 'hit@10': 0.0484, 'ndcg@10': 0.024, 'hit@15': 0.066, 'ndcg@15': 0.0287, 'hit@20': 0.0836, 'ndcg@20': 0.0328, 'hit@40': 0.1409, 'ndcg@40': 0.0445} 
2024-10-08 15:52:27.798 | INFO     | trainer_1:_train_one_epoch:193 - epoch 18 6.83s Train loss is [0.4032] 
2024-10-08 15:52:35.124 | INFO     | trainer_1:_train_one_epoch:201 - validate 18 cost time 7.33s, result: {'hit@1': 0.0145, 'ndcg@1': 0.0145, 'hit@5': 0.0499, 'ndcg@5': 0.0323, 'hit@10': 0.084, 'ndcg@10': 0.0432, 'hit@15': 0.1118, 'ndcg@15': 0.0505, 'hit@20': 0.137, 'ndcg@20': 0.0565, 'hit@40': 0.2213, 'ndcg@40': 0.0736} 
2024-10-08 15:52:42.540 | INFO     | trainer_1:_train_one_epoch:209 - test 18 cost time 7.42s, result: {'hit@1': 0.0074, 'ndcg@1': 0.0074, 'hit@5': 0.0323, 'ndcg@5': 0.02, 'hit@10': 0.0573, 'ndcg@10': 0.028, 'hit@15': 0.0776, 'ndcg@15': 0.0333, 'hit@20': 0.0949, 'ndcg@20': 0.0374, 'hit@40': 0.1606, 'ndcg@40': 0.0508} 
2024-10-08 15:52:59.669 | INFO     | trainer_1:_train_one_epoch:193 - epoch 19 6.50s Train loss is [0.4057] 
2024-10-08 15:53:07.273 | INFO     | trainer_1:_train_one_epoch:201 - validate 19 cost time 7.60s, result: {'hit@1': 0.015, 'ndcg@1': 0.015, 'hit@5': 0.0526, 'ndcg@5': 0.0336, 'hit@10': 0.086, 'ndcg@10': 0.0444, 'hit@15': 0.1153, 'ndcg@15': 0.0521, 'hit@20': 0.1405, 'ndcg@20': 0.058, 'hit@40': 0.2282, 'ndcg@40': 0.0759} 
2024-10-08 15:53:15.698 | INFO     | trainer_1:_train_one_epoch:209 - test 19 cost time 8.42s, result: {'hit@1': 0.0088, 'ndcg@1': 0.0088, 'hit@5': 0.0344, 'ndcg@5': 0.0216, 'hit@10': 0.0582, 'ndcg@10': 0.0291, 'hit@15': 0.0789, 'ndcg@15': 0.0346, 'hit@20': 0.097, 'ndcg@20': 0.0389, 'hit@40': 0.1635, 'ndcg@40': 0.0524} 
2024-10-08 15:53:33.164 | INFO     | trainer_1:_train_one_epoch:193 - epoch 20 6.81s Train loss is [0.3895] 
2024-10-08 15:53:39.194 | INFO     | trainer_1:_train_one_epoch:201 - validate 20 cost time 6.03s, result: {'hit@1': 0.014, 'ndcg@1': 0.014, 'hit@5': 0.051, 'ndcg@5': 0.0326, 'hit@10': 0.0866, 'ndcg@10': 0.044, 'hit@15': 0.1176, 'ndcg@15': 0.0522, 'hit@20': 0.1433, 'ndcg@20': 0.0582, 'hit@40': 0.2287, 'ndcg@40': 0.0756} 
2024-10-08 15:53:46.623 | INFO     | trainer_1:_train_one_epoch:209 - test 20 cost time 7.43s, result: {'hit@1': 0.0099, 'ndcg@1': 0.0099, 'hit@5': 0.0343, 'ndcg@5': 0.0221, 'hit@10': 0.058, 'ndcg@10': 0.0297, 'hit@15': 0.0803, 'ndcg@15': 0.0356, 'hit@20': 0.099, 'ndcg@20': 0.04, 'hit@40': 0.1636, 'ndcg@40': 0.0532} 
2024-10-08 15:53:53.702 | INFO     | trainer_1:_train_one_epoch:193 - epoch 21 7.08s Train loss is [0.3938] 
2024-10-08 15:54:02.775 | INFO     | trainer_1:_train_one_epoch:201 - validate 21 cost time 9.07s, result: {'hit@1': 0.0152, 'ndcg@1': 0.0152, 'hit@5': 0.055, 'ndcg@5': 0.0352, 'hit@10': 0.0917, 'ndcg@10': 0.047, 'hit@15': 0.1216, 'ndcg@15': 0.0548, 'hit@20': 0.1481, 'ndcg@20': 0.0611, 'hit@40': 0.2324, 'ndcg@40': 0.0782} 
2024-10-08 15:54:11.602 | INFO     | trainer_1:_train_one_epoch:209 - test 21 cost time 8.83s, result: {'hit@1': 0.009, 'ndcg@1': 0.009, 'hit@5': 0.0353, 'ndcg@5': 0.0222, 'hit@10': 0.0605, 'ndcg@10': 0.0302, 'hit@15': 0.0826, 'ndcg@15': 0.0361, 'hit@20': 0.1003, 'ndcg@20': 0.0403, 'hit@40': 0.1634, 'ndcg@40': 0.0531} 
2024-10-08 15:54:29.641 | INFO     | trainer_1:_train_one_epoch:193 - epoch 22 7.34s Train loss is [0.3921] 
2024-10-08 15:54:37.962 | INFO     | trainer_1:_train_one_epoch:201 - validate 22 cost time 8.32s, result: {'hit@1': 0.0157, 'ndcg@1': 0.0157, 'hit@5': 0.0559, 'ndcg@5': 0.0357, 'hit@10': 0.0899, 'ndcg@10': 0.0465, 'hit@15': 0.1199, 'ndcg@15': 0.0544, 'hit@20': 0.1448, 'ndcg@20': 0.0603, 'hit@40': 0.2284, 'ndcg@40': 0.0774} 
2024-10-08 15:54:46.906 | INFO     | trainer_1:_train_one_epoch:209 - test 22 cost time 8.94s, result: {'hit@1': 0.0088, 'ndcg@1': 0.0088, 'hit@5': 0.0352, 'ndcg@5': 0.0219, 'hit@10': 0.0628, 'ndcg@10': 0.0307, 'hit@15': 0.0832, 'ndcg@15': 0.0361, 'hit@20': 0.1012, 'ndcg@20': 0.0404, 'hit@40': 0.163, 'ndcg@40': 0.0529} 
2024-10-08 15:55:04.172 | INFO     | trainer_1:_train_one_epoch:193 - epoch 23 6.84s Train loss is [0.3857] 
2024-10-08 15:55:11.711 | INFO     | trainer_1:_train_one_epoch:201 - validate 23 cost time 7.54s, result: {'hit@1': 0.0156, 'ndcg@1': 0.0156, 'hit@5': 0.0554, 'ndcg@5': 0.0356, 'hit@10': 0.0913, 'ndcg@10': 0.0471, 'hit@15': 0.1218, 'ndcg@15': 0.0551, 'hit@20': 0.1491, 'ndcg@20': 0.0616, 'hit@40': 0.2381, 'ndcg@40': 0.0796} 
2024-10-08 15:55:20.032 | INFO     | trainer_1:_train_one_epoch:209 - test 23 cost time 8.32s, result: {'hit@1': 0.0084, 'ndcg@1': 0.0084, 'hit@5': 0.0365, 'ndcg@5': 0.0225, 'hit@10': 0.0618, 'ndcg@10': 0.0306, 'hit@15': 0.0843, 'ndcg@15': 0.0365, 'hit@20': 0.1056, 'ndcg@20': 0.0416, 'hit@40': 0.17, 'ndcg@40': 0.0546} 
2024-10-08 15:55:26.969 | INFO     | trainer_1:_train_one_epoch:193 - epoch 24 6.94s Train loss is [0.3797] 
2024-10-08 15:55:35.870 | INFO     | trainer_1:_train_one_epoch:201 - validate 24 cost time 8.90s, result: {'hit@1': 0.0158, 'ndcg@1': 0.0158, 'hit@5': 0.0577, 'ndcg@5': 0.0369, 'hit@10': 0.0957, 'ndcg@10': 0.0491, 'hit@15': 0.1263, 'ndcg@15': 0.0571, 'hit@20': 0.1521, 'ndcg@20': 0.0632, 'hit@40': 0.2385, 'ndcg@40': 0.0808} 
2024-10-08 15:55:43.186 | INFO     | trainer_1:_train_one_epoch:209 - test 24 cost time 7.32s, result: {'hit@1': 0.01, 'ndcg@1': 0.01, 'hit@5': 0.0369, 'ndcg@5': 0.0234, 'hit@10': 0.0626, 'ndcg@10': 0.0316, 'hit@15': 0.0848, 'ndcg@15': 0.0375, 'hit@20': 0.1045, 'ndcg@20': 0.0422, 'hit@40': 0.169, 'ndcg@40': 0.0553} 
2024-10-08 15:55:49.784 | INFO     | trainer_1:_train_one_epoch:193 - epoch 25 6.60s Train loss is [0.3800] 
2024-10-08 15:55:57.305 | INFO     | trainer_1:_train_one_epoch:201 - validate 25 cost time 7.52s, result: {'hit@1': 0.0167, 'ndcg@1': 0.0167, 'hit@5': 0.0582, 'ndcg@5': 0.0375, 'hit@10': 0.0935, 'ndcg@10': 0.0488, 'hit@15': 0.1233, 'ndcg@15': 0.0567, 'hit@20': 0.15, 'ndcg@20': 0.063, 'hit@40': 0.2357, 'ndcg@40': 0.0805} 
2024-10-08 15:56:05.627 | INFO     | trainer_1:_train_one_epoch:209 - test 25 cost time 8.32s, result: {'hit@1': 0.0109, 'ndcg@1': 0.0109, 'hit@5': 0.0374, 'ndcg@5': 0.024, 'hit@10': 0.0635, 'ndcg@10': 0.0324, 'hit@15': 0.0854, 'ndcg@15': 0.0381, 'hit@20': 0.1053, 'ndcg@20': 0.0428, 'hit@40': 0.17, 'ndcg@40': 0.056} 
2024-10-08 15:56:23.658 | INFO     | trainer_1:_train_one_epoch:193 - epoch 26 7.31s Train loss is [0.3822] 
2024-10-08 15:56:31.311 | INFO     | trainer_1:_train_one_epoch:201 - validate 26 cost time 7.65s, result: {'hit@1': 0.0176, 'ndcg@1': 0.0176, 'hit@5': 0.0574, 'ndcg@5': 0.0374, 'hit@10': 0.094, 'ndcg@10': 0.0492, 'hit@15': 0.1252, 'ndcg@15': 0.0574, 'hit@20': 0.1504, 'ndcg@20': 0.0634, 'hit@40': 0.2352, 'ndcg@40': 0.0807} 
2024-10-08 15:56:40.252 | INFO     | trainer_1:_train_one_epoch:209 - test 26 cost time 8.94s, result: {'hit@1': 0.0105, 'ndcg@1': 0.0105, 'hit@5': 0.0374, 'ndcg@5': 0.0239, 'hit@10': 0.062, 'ndcg@10': 0.0318, 'hit@15': 0.0815, 'ndcg@15': 0.0369, 'hit@20': 0.1008, 'ndcg@20': 0.0415, 'hit@40': 0.1664, 'ndcg@40': 0.0548} 
2024-10-08 15:56:47.291 | INFO     | trainer_1:_train_one_epoch:193 - epoch 27 7.04s Train loss is [0.3679] 
2024-10-08 15:56:56.260 | INFO     | trainer_1:_train_one_epoch:201 - validate 27 cost time 8.97s, result: {'hit@1': 0.0168, 'ndcg@1': 0.0168, 'hit@5': 0.0581, 'ndcg@5': 0.0375, 'hit@10': 0.0942, 'ndcg@10': 0.0491, 'hit@15': 0.1254, 'ndcg@15': 0.0573, 'hit@20': 0.1512, 'ndcg@20': 0.0634, 'hit@40': 0.2377, 'ndcg@40': 0.081} 
2024-10-08 15:57:01.857 | INFO     | trainer_1:_train_one_epoch:209 - test 27 cost time 5.60s, result: {'hit@1': 0.0115, 'ndcg@1': 0.0115, 'hit@5': 0.0381, 'ndcg@5': 0.0248, 'hit@10': 0.0638, 'ndcg@10': 0.033, 'hit@15': 0.0868, 'ndcg@15': 0.0391, 'hit@20': 0.1054, 'ndcg@20': 0.0434, 'hit@40': 0.1689, 'ndcg@40': 0.0563} 
2024-10-08 15:57:19.981 | INFO     | trainer_1:_train_one_epoch:193 - epoch 28 7.60s Train loss is [0.3645] 
2024-10-08 15:57:29.046 | INFO     | trainer_1:_train_one_epoch:201 - validate 28 cost time 9.07s, result: {'hit@1': 0.016, 'ndcg@1': 0.016, 'hit@5': 0.0565, 'ndcg@5': 0.0364, 'hit@10': 0.0942, 'ndcg@10': 0.0485, 'hit@15': 0.1275, 'ndcg@15': 0.0572, 'hit@20': 0.1532, 'ndcg@20': 0.0633, 'hit@40': 0.2392, 'ndcg@40': 0.0808} 
2024-10-08 15:57:37.873 | INFO     | trainer_1:_train_one_epoch:209 - test 28 cost time 8.83s, result: {'hit@1': 0.0103, 'ndcg@1': 0.0103, 'hit@5': 0.0366, 'ndcg@5': 0.0234, 'hit@10': 0.064, 'ndcg@10': 0.0321, 'hit@15': 0.0872, 'ndcg@15': 0.0382, 'hit@20': 0.1063, 'ndcg@20': 0.0427, 'hit@40': 0.1717, 'ndcg@40': 0.056} 
2024-10-08 15:57:56.155 | INFO     | trainer_1:_train_one_epoch:193 - epoch 29 7.46s Train loss is [0.3703] 
2024-10-08 15:58:04.405 | INFO     | trainer_1:_train_one_epoch:201 - validate 29 cost time 8.25s, result: {'hit@1': 0.0162, 'ndcg@1': 0.0162, 'hit@5': 0.0566, 'ndcg@5': 0.0365, 'hit@10': 0.0932, 'ndcg@10': 0.0482, 'hit@15': 0.1241, 'ndcg@15': 0.0563, 'hit@20': 0.1508, 'ndcg@20': 0.0626, 'hit@40': 0.2377, 'ndcg@40': 0.0803} 
2024-10-08 15:58:13.361 | INFO     | trainer_1:_train_one_epoch:209 - test 29 cost time 8.96s, result: {'hit@1': 0.0104, 'ndcg@1': 0.0104, 'hit@5': 0.0346, 'ndcg@5': 0.0224, 'hit@10': 0.0604, 'ndcg@10': 0.0306, 'hit@15': 0.0824, 'ndcg@15': 0.0364, 'hit@20': 0.1019, 'ndcg@20': 0.041, 'hit@40': 0.1657, 'ndcg@40': 0.054} 
2024-10-08 15:58:20.184 | INFO     | trainer_1:_train_one_epoch:193 - epoch 30 6.82s Train loss is [0.3717] 
2024-10-08 15:58:28.564 | INFO     | trainer_1:_train_one_epoch:201 - validate 30 cost time 8.38s, result: {'hit@1': 0.0171, 'ndcg@1': 0.0171, 'hit@5': 0.0579, 'ndcg@5': 0.0375, 'hit@10': 0.0956, 'ndcg@10': 0.0496, 'hit@15': 0.1291, 'ndcg@15': 0.0584, 'hit@20': 0.1578, 'ndcg@20': 0.0652, 'hit@40': 0.2446, 'ndcg@40': 0.0829} 
2024-10-08 15:58:36.006 | INFO     | trainer_1:_train_one_epoch:209 - test 30 cost time 7.44s, result: {'hit@1': 0.0111, 'ndcg@1': 0.0111, 'hit@5': 0.0374, 'ndcg@5': 0.0243, 'hit@10': 0.0653, 'ndcg@10': 0.0332, 'hit@15': 0.0886, 'ndcg@15': 0.0393, 'hit@20': 0.1085, 'ndcg@20': 0.044, 'hit@40': 0.1786, 'ndcg@40': 0.0583} 
2024-10-08 15:58:53.511 | INFO     | trainer_1:_train_one_epoch:193 - epoch 31 6.72s Train loss is [0.3595] 
2024-10-08 15:59:00.410 | INFO     | trainer_1:_train_one_epoch:201 - validate 31 cost time 6.90s, result: {'hit@1': 0.0163, 'ndcg@1': 0.0163, 'hit@5': 0.058, 'ndcg@5': 0.0371, 'hit@10': 0.0961, 'ndcg@10': 0.0493, 'hit@15': 0.1279, 'ndcg@15': 0.0577, 'hit@20': 0.1561, 'ndcg@20': 0.0644, 'hit@40': 0.2482, 'ndcg@40': 0.0832} 
2024-10-08 15:59:06.955 | INFO     | trainer_1:_train_one_epoch:209 - test 31 cost time 6.54s, result: {'hit@1': 0.01, 'ndcg@1': 0.01, 'hit@5': 0.0378, 'ndcg@5': 0.0238, 'hit@10': 0.0647, 'ndcg@10': 0.0323, 'hit@15': 0.0864, 'ndcg@15': 0.0381, 'hit@20': 0.1084, 'ndcg@20': 0.0432, 'hit@40': 0.1752, 'ndcg@40': 0.0568} 
2024-10-08 15:59:13.625 | INFO     | trainer_1:_train_one_epoch:193 - epoch 32 6.67s Train loss is [0.3620] 
2024-10-08 15:59:21.107 | INFO     | trainer_1:_train_one_epoch:201 - validate 32 cost time 7.48s, result: {'hit@1': 0.0164, 'ndcg@1': 0.0164, 'hit@5': 0.0589, 'ndcg@5': 0.0375, 'hit@10': 0.097, 'ndcg@10': 0.0497, 'hit@15': 0.1283, 'ndcg@15': 0.058, 'hit@20': 0.1557, 'ndcg@20': 0.0644, 'hit@40': 0.2428, 'ndcg@40': 0.0822} 
2024-10-08 15:59:28.679 | INFO     | trainer_1:_train_one_epoch:209 - test 32 cost time 7.57s, result: {'hit@1': 0.0108, 'ndcg@1': 0.0108, 'hit@5': 0.0382, 'ndcg@5': 0.0244, 'hit@10': 0.0647, 'ndcg@10': 0.0329, 'hit@15': 0.0863, 'ndcg@15': 0.0386, 'hit@20': 0.106, 'ndcg@20': 0.0432, 'hit@40': 0.1731, 'ndcg@40': 0.0568} 
2024-10-08 15:59:35.259 | INFO     | trainer_1:_train_one_epoch:193 - epoch 33 6.58s Train loss is [0.3567] 
2024-10-08 15:59:42.035 | INFO     | trainer_1:_train_one_epoch:201 - validate 33 cost time 6.78s, result: {'hit@1': 0.0165, 'ndcg@1': 0.0165, 'hit@5': 0.0619, 'ndcg@5': 0.0393, 'hit@10': 0.1011, 'ndcg@10': 0.0519, 'hit@15': 0.1311, 'ndcg@15': 0.0598, 'hit@20': 0.1605, 'ndcg@20': 0.0667, 'hit@40': 0.2532, 'ndcg@40': 0.0856} 
2024-10-08 15:59:49.522 | INFO     | trainer_1:_train_one_epoch:209 - test 33 cost time 7.49s, result: {'hit@1': 0.0111, 'ndcg@1': 0.0111, 'hit@5': 0.039, 'ndcg@5': 0.0248, 'hit@10': 0.0658, 'ndcg@10': 0.0334, 'hit@15': 0.0889, 'ndcg@15': 0.0395, 'hit@20': 0.1101, 'ndcg@20': 0.0445, 'hit@40': 0.1783, 'ndcg@40': 0.0584} 
2024-10-08 16:00:07.125 | INFO     | trainer_1:_train_one_epoch:193 - epoch 34 6.85s Train loss is [0.3570] 
2024-10-08 16:00:14.104 | INFO     | trainer_1:_train_one_epoch:201 - validate 34 cost time 6.98s, result: {'hit@1': 0.0157, 'ndcg@1': 0.0157, 'hit@5': 0.061, 'ndcg@5': 0.0385, 'hit@10': 0.1022, 'ndcg@10': 0.0518, 'hit@15': 0.134, 'ndcg@15': 0.0602, 'hit@20': 0.1616, 'ndcg@20': 0.0667, 'hit@40': 0.2515, 'ndcg@40': 0.085} 
2024-10-08 16:00:21.587 | INFO     | trainer_1:_train_one_epoch:209 - test 34 cost time 7.48s, result: {'hit@1': 0.0111, 'ndcg@1': 0.0111, 'hit@5': 0.039, 'ndcg@5': 0.0248, 'hit@10': 0.0656, 'ndcg@10': 0.0334, 'hit@15': 0.0882, 'ndcg@15': 0.0394, 'hit@20': 0.1101, 'ndcg@20': 0.0445, 'hit@40': 0.1792, 'ndcg@40': 0.0586} 
2024-10-08 16:00:28.018 | INFO     | trainer_1:_train_one_epoch:193 - epoch 35 6.43s Train loss is [0.3574] 
2024-10-08 16:00:35.522 | INFO     | trainer_1:_train_one_epoch:201 - validate 35 cost time 7.50s, result: {'hit@1': 0.0169, 'ndcg@1': 0.0169, 'hit@5': 0.0613, 'ndcg@5': 0.0392, 'hit@10': 0.1009, 'ndcg@10': 0.0518, 'hit@15': 0.1358, 'ndcg@15': 0.061, 'hit@20': 0.1648, 'ndcg@20': 0.0678, 'hit@40': 0.2571, 'ndcg@40': 0.0866} 
2024-10-08 16:00:42.030 | INFO     | trainer_1:_train_one_epoch:209 - test 35 cost time 6.51s, result: {'hit@1': 0.0117, 'ndcg@1': 0.0117, 'hit@5': 0.0387, 'ndcg@5': 0.0251, 'hit@10': 0.0664, 'ndcg@10': 0.0339, 'hit@15': 0.0906, 'ndcg@15': 0.0403, 'hit@20': 0.1122, 'ndcg@20': 0.0454, 'hit@40': 0.1825, 'ndcg@40': 0.0597} 
2024-10-08 16:00:59.518 | INFO     | trainer_1:_train_one_epoch:193 - epoch 36 6.76s Train loss is [0.3622] 
2024-10-08 16:01:06.733 | INFO     | trainer_1:_train_one_epoch:201 - validate 36 cost time 7.21s, result: {'hit@1': 0.0162, 'ndcg@1': 0.0162, 'hit@5': 0.0594, 'ndcg@5': 0.0378, 'hit@10': 0.0976, 'ndcg@10': 0.05, 'hit@15': 0.1284, 'ndcg@15': 0.0581, 'hit@20': 0.159, 'ndcg@20': 0.0653, 'hit@40': 0.2489, 'ndcg@40': 0.0837} 
2024-10-08 16:01:11.523 | INFO     | trainer_1:_train_one_epoch:209 - test 36 cost time 4.79s, result: {'hit@1': 0.0109, 'ndcg@1': 0.0109, 'hit@5': 0.0373, 'ndcg@5': 0.0241, 'hit@10': 0.0651, 'ndcg@10': 0.0331, 'hit@15': 0.088, 'ndcg@15': 0.0391, 'hit@20': 0.1091, 'ndcg@20': 0.0441, 'hit@40': 0.1786, 'ndcg@40': 0.0582} 
2024-10-08 16:01:18.345 | INFO     | trainer_1:_train_one_epoch:193 - epoch 37 6.82s Train loss is [0.3536] 
2024-10-08 16:01:25.009 | INFO     | trainer_1:_train_one_epoch:201 - validate 37 cost time 6.66s, result: {'hit@1': 0.0165, 'ndcg@1': 0.0165, 'hit@5': 0.0614, 'ndcg@5': 0.0387, 'hit@10': 0.0988, 'ndcg@10': 0.0507, 'hit@15': 0.1294, 'ndcg@15': 0.0588, 'hit@20': 0.1569, 'ndcg@20': 0.0653, 'hit@40': 0.2479, 'ndcg@40': 0.0838} 
2024-10-08 16:01:32.313 | INFO     | trainer_1:_train_one_epoch:209 - test 37 cost time 7.30s, result: {'hit@1': 0.0113, 'ndcg@1': 0.0113, 'hit@5': 0.0385, 'ndcg@5': 0.0249, 'hit@10': 0.0647, 'ndcg@10': 0.0333, 'hit@15': 0.0879, 'ndcg@15': 0.0394, 'hit@20': 0.1096, 'ndcg@20': 0.0445, 'hit@40': 0.1783, 'ndcg@40': 0.0585} 
2024-10-08 16:01:39.051 | INFO     | trainer_1:_train_one_epoch:193 - epoch 38 6.74s Train loss is [0.3457] 
2024-10-08 16:01:48.040 | INFO     | trainer_1:_train_one_epoch:201 - validate 38 cost time 8.99s, result: {'hit@1': 0.0162, 'ndcg@1': 0.0162, 'hit@5': 0.0614, 'ndcg@5': 0.0388, 'hit@10': 0.0987, 'ndcg@10': 0.0507, 'hit@15': 0.1304, 'ndcg@15': 0.059, 'hit@20': 0.1606, 'ndcg@20': 0.0662, 'hit@40': 0.25, 'ndcg@40': 0.0844} 
2024-10-08 16:01:55.838 | INFO     | trainer_1:_train_one_epoch:209 - test 38 cost time 7.80s, result: {'hit@1': 0.0115, 'ndcg@1': 0.0115, 'hit@5': 0.0395, 'ndcg@5': 0.0253, 'hit@10': 0.0676, 'ndcg@10': 0.0343, 'hit@15': 0.0901, 'ndcg@15': 0.0402, 'hit@20': 0.1101, 'ndcg@20': 0.045, 'hit@40': 0.1806, 'ndcg@40': 0.0593} 
2024-10-08 16:02:13.275 | INFO     | trainer_1:_train_one_epoch:193 - epoch 39 6.73s Train loss is [0.3435] 
2024-10-08 16:02:20.904 | INFO     | trainer_1:_train_one_epoch:201 - validate 39 cost time 7.63s, result: {'hit@1': 0.0162, 'ndcg@1': 0.0162, 'hit@5': 0.0575, 'ndcg@5': 0.037, 'hit@10': 0.0962, 'ndcg@10': 0.0494, 'hit@15': 0.127, 'ndcg@15': 0.0576, 'hit@20': 0.1579, 'ndcg@20': 0.0648, 'hit@40': 0.2488, 'ndcg@40': 0.0833} 
2024-10-08 16:02:27.630 | INFO     | trainer_1:_train_one_epoch:209 - test 39 cost time 6.73s, result: {'hit@1': 0.0107, 'ndcg@1': 0.0107, 'hit@5': 0.0367, 'ndcg@5': 0.0237, 'hit@10': 0.0631, 'ndcg@10': 0.0321, 'hit@15': 0.0873, 'ndcg@15': 0.0385, 'hit@20': 0.1072, 'ndcg@20': 0.0432, 'hit@40': 0.1781, 'ndcg@40': 0.0577} 
2024-10-08 16:02:34.726 | INFO     | trainer_1:_train_one_epoch:193 - epoch 40 7.10s Train loss is [0.3430] 
2024-10-08 16:02:42.221 | INFO     | trainer_1:_train_one_epoch:201 - validate 40 cost time 7.49s, result: {'hit@1': 0.0169, 'ndcg@1': 0.0169, 'hit@5': 0.0594, 'ndcg@5': 0.0382, 'hit@10': 0.0964, 'ndcg@10': 0.05, 'hit@15': 0.1293, 'ndcg@15': 0.0587, 'hit@20': 0.1608, 'ndcg@20': 0.0662, 'hit@40': 0.2531, 'ndcg@40': 0.0849} 
2024-10-08 16:02:49.559 | INFO     | trainer_1:_train_one_epoch:209 - test 40 cost time 7.34s, result: {'hit@1': 0.0113, 'ndcg@1': 0.0113, 'hit@5': 0.0378, 'ndcg@5': 0.0244, 'hit@10': 0.0646, 'ndcg@10': 0.033, 'hit@15': 0.0871, 'ndcg@15': 0.0389, 'hit@20': 0.108, 'ndcg@20': 0.0438, 'hit@40': 0.1801, 'ndcg@40': 0.0585} 
2024-10-08 16:02:56.342 | INFO     | trainer_1:_train_one_epoch:193 - epoch 41 6.78s Train loss is [0.3515] 
2024-10-08 16:03:03.916 | INFO     | trainer_1:_train_one_epoch:201 - validate 41 cost time 7.57s, result: {'hit@1': 0.016, 'ndcg@1': 0.016, 'hit@5': 0.0584, 'ndcg@5': 0.0373, 'hit@10': 0.0985, 'ndcg@10': 0.0502, 'hit@15': 0.132, 'ndcg@15': 0.059, 'hit@20': 0.1602, 'ndcg@20': 0.0657, 'hit@40': 0.2544, 'ndcg@40': 0.0849} 
2024-10-08 16:03:11.919 | INFO     | trainer_1:_train_one_epoch:209 - test 41 cost time 8.00s, result: {'hit@1': 0.0117, 'ndcg@1': 0.0117, 'hit@5': 0.0398, 'ndcg@5': 0.0255, 'hit@10': 0.0662, 'ndcg@10': 0.0339, 'hit@15': 0.09, 'ndcg@15': 0.0402, 'hit@20': 0.1116, 'ndcg@20': 0.0453, 'hit@40': 0.1818, 'ndcg@40': 0.0596} 
2024-10-08 16:03:18.804 | INFO     | trainer_1:_train_one_epoch:193 - epoch 42 6.88s Train loss is [0.3482] 
2024-10-08 16:03:26.282 | INFO     | trainer_1:_train_one_epoch:201 - validate 42 cost time 7.48s, result: {'hit@1': 0.0164, 'ndcg@1': 0.0164, 'hit@5': 0.0606, 'ndcg@5': 0.0386, 'hit@10': 0.101, 'ndcg@10': 0.0515, 'hit@15': 0.1337, 'ndcg@15': 0.0602, 'hit@20': 0.1617, 'ndcg@20': 0.0668, 'hit@40': 0.2569, 'ndcg@40': 0.0862} 
2024-10-08 16:03:33.454 | INFO     | trainer_1:_train_one_epoch:209 - test 42 cost time 7.17s, result: {'hit@1': 0.0113, 'ndcg@1': 0.0113, 'hit@5': 0.0396, 'ndcg@5': 0.0253, 'hit@10': 0.0669, 'ndcg@10': 0.034, 'hit@15': 0.0913, 'ndcg@15': 0.0404, 'hit@20': 0.1131, 'ndcg@20': 0.0456, 'hit@40': 0.1858, 'ndcg@40': 0.0604} 
2024-10-08 16:03:40.594 | INFO     | trainer_1:_train_one_epoch:193 - epoch 43 7.14s Train loss is [0.3530] 
2024-10-08 16:03:49.155 | INFO     | trainer_1:_train_one_epoch:201 - validate 43 cost time 8.56s, result: {'hit@1': 0.017, 'ndcg@1': 0.017, 'hit@5': 0.0622, 'ndcg@5': 0.0396, 'hit@10': 0.1027, 'ndcg@10': 0.0526, 'hit@15': 0.1367, 'ndcg@15': 0.0616, 'hit@20': 0.1673, 'ndcg@20': 0.0688, 'hit@40': 0.2642, 'ndcg@40': 0.0886} 
2024-10-08 16:03:58.105 | INFO     | trainer_1:_train_one_epoch:209 - test 43 cost time 8.95s, result: {'hit@1': 0.0114, 'ndcg@1': 0.0114, 'hit@5': 0.0431, 'ndcg@5': 0.0271, 'hit@10': 0.0723, 'ndcg@10': 0.0364, 'hit@15': 0.0963, 'ndcg@15': 0.0428, 'hit@20': 0.1212, 'ndcg@20': 0.0486, 'hit@40': 0.1939, 'ndcg@40': 0.0635} 
2024-10-08 16:04:16.694 | INFO     | trainer_1:_train_one_epoch:193 - epoch 44 7.30s Train loss is [0.3425] 
2024-10-08 16:04:24.218 | INFO     | trainer_1:_train_one_epoch:201 - validate 44 cost time 7.52s, result: {'hit@1': 0.016, 'ndcg@1': 0.016, 'hit@5': 0.06, 'ndcg@5': 0.0383, 'hit@10': 0.1011, 'ndcg@10': 0.0515, 'hit@15': 0.1335, 'ndcg@15': 0.06, 'hit@20': 0.1632, 'ndcg@20': 0.067, 'hit@40': 0.2579, 'ndcg@40': 0.0863} 
2024-10-08 16:04:31.621 | INFO     | trainer_1:_train_one_epoch:209 - test 44 cost time 7.40s, result: {'hit@1': 0.0109, 'ndcg@1': 0.0109, 'hit@5': 0.039, 'ndcg@5': 0.0248, 'hit@10': 0.0655, 'ndcg@10': 0.0333, 'hit@15': 0.0905, 'ndcg@15': 0.0399, 'hit@20': 0.1138, 'ndcg@20': 0.0454, 'hit@40': 0.1866, 'ndcg@40': 0.0602} 
2024-10-08 16:04:38.270 | INFO     | trainer_1:_train_one_epoch:193 - epoch 45 6.65s Train loss is [0.3380] 
2024-10-08 16:04:44.677 | INFO     | trainer_1:_train_one_epoch:201 - validate 45 cost time 6.41s, result: {'hit@1': 0.0172, 'ndcg@1': 0.0172, 'hit@5': 0.0617, 'ndcg@5': 0.0398, 'hit@10': 0.104, 'ndcg@10': 0.0534, 'hit@15': 0.1381, 'ndcg@15': 0.0624, 'hit@20': 0.1682, 'ndcg@20': 0.0695, 'hit@40': 0.264, 'ndcg@40': 0.089} 
2024-10-08 16:04:50.643 | INFO     | trainer_1:_train_one_epoch:209 - test 45 cost time 5.97s, result: {'hit@1': 0.0111, 'ndcg@1': 0.0111, 'hit@5': 0.0406, 'ndcg@5': 0.0258, 'hit@10': 0.0677, 'ndcg@10': 0.0344, 'hit@15': 0.093, 'ndcg@15': 0.0411, 'hit@20': 0.1152, 'ndcg@20': 0.0463, 'hit@40': 0.187, 'ndcg@40': 0.0609} 
2024-10-08 16:04:57.865 | INFO     | trainer_1:_train_one_epoch:193 - epoch 46 7.22s Train loss is [0.3366] 
2024-10-08 16:05:05.098 | INFO     | trainer_1:_train_one_epoch:201 - validate 46 cost time 7.23s, result: {'hit@1': 0.0173, 'ndcg@1': 0.0173, 'hit@5': 0.0606, 'ndcg@5': 0.0391, 'hit@10': 0.0991, 'ndcg@10': 0.0514, 'hit@15': 0.1329, 'ndcg@15': 0.0603, 'hit@20': 0.1614, 'ndcg@20': 0.067, 'hit@40': 0.252, 'ndcg@40': 0.0855} 
2024-10-08 16:05:12.604 | INFO     | trainer_1:_train_one_epoch:209 - test 46 cost time 7.50s, result: {'hit@1': 0.0113, 'ndcg@1': 0.0113, 'hit@5': 0.0394, 'ndcg@5': 0.0253, 'hit@10': 0.0672, 'ndcg@10': 0.0342, 'hit@15': 0.0894, 'ndcg@15': 0.0401, 'hit@20': 0.1114, 'ndcg@20': 0.0452, 'hit@40': 0.1811, 'ndcg@40': 0.0594} 
2024-10-08 16:05:19.059 | INFO     | trainer_1:_train_one_epoch:193 - epoch 47 6.46s Train loss is [0.3418] 
2024-10-08 16:05:26.177 | INFO     | trainer_1:_train_one_epoch:201 - validate 47 cost time 7.12s, result: {'hit@1': 0.0171, 'ndcg@1': 0.0171, 'hit@5': 0.0618, 'ndcg@5': 0.0394, 'hit@10': 0.1037, 'ndcg@10': 0.0529, 'hit@15': 0.1375, 'ndcg@15': 0.0618, 'hit@20': 0.1657, 'ndcg@20': 0.0684, 'hit@40': 0.2571, 'ndcg@40': 0.0871} 
2024-10-08 16:05:32.752 | INFO     | trainer_1:_train_one_epoch:209 - test 47 cost time 6.58s, result: {'hit@1': 0.0109, 'ndcg@1': 0.0109, 'hit@5': 0.0412, 'ndcg@5': 0.0258, 'hit@10': 0.0687, 'ndcg@10': 0.0346, 'hit@15': 0.0937, 'ndcg@15': 0.0412, 'hit@20': 0.1148, 'ndcg@20': 0.0462, 'hit@40': 0.1839, 'ndcg@40': 0.0602} 
2024-10-08 16:05:39.293 | INFO     | trainer_1:_train_one_epoch:193 - epoch 48 6.54s Train loss is [0.3459] 
2024-10-08 16:05:46.820 | INFO     | trainer_1:_train_one_epoch:201 - validate 48 cost time 7.53s, result: {'hit@1': 0.0174, 'ndcg@1': 0.0174, 'hit@5': 0.0621, 'ndcg@5': 0.0397, 'hit@10': 0.1026, 'ndcg@10': 0.0527, 'hit@15': 0.1373, 'ndcg@15': 0.0618, 'hit@20': 0.1645, 'ndcg@20': 0.0683, 'hit@40': 0.2548, 'ndcg@40': 0.0866} 
2024-10-08 16:05:54.287 | INFO     | trainer_1:_train_one_epoch:209 - test 48 cost time 7.47s, result: {'hit@1': 0.0109, 'ndcg@1': 0.0109, 'hit@5': 0.0413, 'ndcg@5': 0.026, 'hit@10': 0.0693, 'ndcg@10': 0.035, 'hit@15': 0.0921, 'ndcg@15': 0.041, 'hit@20': 0.1145, 'ndcg@20': 0.0463, 'hit@40': 0.184, 'ndcg@40': 0.0604} 
2024-10-08 16:06:00.855 | INFO     | trainer_1:_train_one_epoch:193 - epoch 49 6.57s Train loss is [0.3243] 
2024-10-08 16:06:07.467 | INFO     | trainer_1:_train_one_epoch:201 - validate 49 cost time 6.61s, result: {'hit@1': 0.0166, 'ndcg@1': 0.0166, 'hit@5': 0.0608, 'ndcg@5': 0.0389, 'hit@10': 0.1015, 'ndcg@10': 0.0519, 'hit@15': 0.1348, 'ndcg@15': 0.0607, 'hit@20': 0.1645, 'ndcg@20': 0.0677, 'hit@40': 0.256, 'ndcg@40': 0.0863} 
2024-10-08 16:06:14.729 | INFO     | trainer_1:_train_one_epoch:209 - test 49 cost time 7.26s, result: {'hit@1': 0.0105, 'ndcg@1': 0.0105, 'hit@5': 0.0401, 'ndcg@5': 0.0253, 'hit@10': 0.0682, 'ndcg@10': 0.0343, 'hit@15': 0.0915, 'ndcg@15': 0.0404, 'hit@20': 0.1144, 'ndcg@20': 0.0458, 'hit@40': 0.1847, 'ndcg@40': 0.0602} 
2024-10-08 16:06:21.298 | INFO     | trainer_1:_train_one_epoch:193 - epoch 50 6.57s Train loss is [0.3390] 
2024-10-08 16:06:28.829 | INFO     | trainer_1:_train_one_epoch:201 - validate 50 cost time 7.53s, result: {'hit@1': 0.0168, 'ndcg@1': 0.0168, 'hit@5': 0.0614, 'ndcg@5': 0.0392, 'hit@10': 0.1039, 'ndcg@10': 0.0528, 'hit@15': 0.1381, 'ndcg@15': 0.0618, 'hit@20': 0.1676, 'ndcg@20': 0.0687, 'hit@40': 0.2617, 'ndcg@40': 0.0879} 
2024-10-08 16:06:35.721 | INFO     | trainer_1:_train_one_epoch:209 - test 50 cost time 6.89s, result: {'hit@1': 0.0114, 'ndcg@1': 0.0114, 'hit@5': 0.0417, 'ndcg@5': 0.0264, 'hit@10': 0.0706, 'ndcg@10': 0.0357, 'hit@15': 0.096, 'ndcg@15': 0.0424, 'hit@20': 0.1172, 'ndcg@20': 0.0474, 'hit@40': 0.1888, 'ndcg@40': 0.062} 
2024-10-08 16:06:35.731 | INFO     | trainer_1:train_model:163 - training end, best iteration 45, results: {'hit@1': 0.017, 'ndcg@1': 0.017, 'hit@5': 0.0622, 'ndcg@5': 0.0396, 'hit@10': 0.1027, 'ndcg@10': 0.0526, 'hit@15': 0.1367, 'ndcg@15': 0.0616, 'hit@20': 0.1673, 'ndcg@20': 0.0688, 'hit@40': 0.2642, 'ndcg@40': 0.0886}
2024-10-08 16:06:35.732 | INFO     | trainer_1:train_model:166 - final test result is:  {'hit@1': 0.0114, 'ndcg@1': 0.0114, 'hit@5': 0.0431, 'ndcg@5': 0.0271, 'hit@10': 0.0723, 'ndcg@10': 0.0364, 'hit@15': 0.0963, 'ndcg@15': 0.0428, 'hit@20': 0.1212, 'ndcg@20': 0.0486, 'hit@40': 0.1939, 'ndcg@40': 0.0635}
2024-10-08 16:06:36.019 | INFO     | __main__:<module>:119 - train end total cost time: 1511.672080039978
