2024-10-08 18:37:15.493 | INFO     | __main__:<module>:105 - Namespace(TIME='2024-10-08 18_36_42', batch_size=1024, behaviors=['view', 'cart', 'buy'], check_point='model_pre_1_2024-10-08 11_17_41.pth', data_name='beibei', data_path='./data/beibei', decay=0.001, device='cuda:1', dim_qk=32, dim_v=64, distill_layers=2, distill_thres=0.5, distill_topK=10, distill_userK=10, embedding_size=64, epochs=100, gpu_no=1, if_load_model=True, ii_lambda=200, initializer_range=0.02, layers=2, loss_type='bpr', lr=0.001, message_dropout=0.25, metrics=['hit', 'ndcg'], min_epoch=5, model_name='main_1', model_path='./check_point', node_dropout=0.75, omega=1, pt_loop=50, reg_weight=0.001, test_batch_size=1024, testbatch=1024, topk=[1, 5, 10, 15, 20, 40], uu_lambda=100)
2024-10-08 18:37:15.494 | INFO     | __main__:<module>:106 - BIPN(
  (message_dropout): Dropout(p=0.25, inplace=False)
  (user_embedding): Embedding(21717, 64, padding_idx=0)
  (item_embedding): Embedding(7978, 64, padding_idx=0)
  (global_Graph): LightGCN()
  (Graph_encoder): ModuleDict(
    (view): GraphEncoder(
      (light): LightGCN()
      (dropout): Dropout(p=0.75, inplace=False)
    )
    (cart): GraphEncoder(
      (light): LightGCN()
      (dropout): Dropout(p=0.75, inplace=False)
    )
    (buy): GraphEncoder(
      (light): LightGCN()
      (dropout): Dropout(p=0.75, inplace=False)
    )
  )
  (attention): Mutual_Attention()
  (bpr_loss): BPRLoss()
  (emb_loss): EmbLoss()
  (f): Sigmoid()
)
2024-10-08 19:14:32.820 | INFO     | trainer_1:_train_one_epoch:193 - epoch 1 6.76s Train loss is [0.9464] 
2024-10-08 19:14:40.310 | INFO     | trainer_1:_train_one_epoch:201 - validate 1 cost time 7.49s, result: {'hit@1': 0.0066, 'ndcg@1': 0.0066, 'hit@5': 0.0278, 'ndcg@5': 0.0171, 'hit@10': 0.0496, 'ndcg@10': 0.0241, 'hit@15': 0.0684, 'ndcg@15': 0.029, 'hit@20': 0.0867, 'ndcg@20': 0.0334, 'hit@40': 0.1487, 'ndcg@40': 0.046} 
2024-10-08 19:14:47.792 | INFO     | trainer_1:_train_one_epoch:209 - test 1 cost time 7.48s, result: {'hit@1': 0.0041, 'ndcg@1': 0.0041, 'hit@5': 0.0176, 'ndcg@5': 0.0106, 'hit@10': 0.0347, 'ndcg@10': 0.0161, 'hit@15': 0.0488, 'ndcg@15': 0.0198, 'hit@20': 0.0618, 'ndcg@20': 0.0229, 'hit@40': 0.1129, 'ndcg@40': 0.0333} 
2024-10-08 19:15:05.023 | INFO     | trainer_1:_train_one_epoch:193 - epoch 2 6.48s Train loss is [0.7208] 
2024-10-08 19:15:12.593 | INFO     | trainer_1:_train_one_epoch:201 - validate 2 cost time 7.57s, result: {'hit@1': 0.0092, 'ndcg@1': 0.0092, 'hit@5': 0.0349, 'ndcg@5': 0.0219, 'hit@10': 0.0604, 'ndcg@10': 0.03, 'hit@15': 0.0822, 'ndcg@15': 0.0358, 'hit@20': 0.1019, 'ndcg@20': 0.0404, 'hit@40': 0.1668, 'ndcg@40': 0.0536} 
2024-10-08 19:15:20.031 | INFO     | trainer_1:_train_one_epoch:209 - test 2 cost time 7.44s, result: {'hit@1': 0.0052, 'ndcg@1': 0.0052, 'hit@5': 0.022, 'ndcg@5': 0.0134, 'hit@10': 0.0415, 'ndcg@10': 0.0197, 'hit@15': 0.0571, 'ndcg@15': 0.0238, 'hit@20': 0.0729, 'ndcg@20': 0.0275, 'hit@40': 0.1219, 'ndcg@40': 0.0375} 
2024-10-08 19:15:37.512 | INFO     | trainer_1:_train_one_epoch:193 - epoch 3 6.88s Train loss is [0.6427] 
2024-10-08 19:15:44.955 | INFO     | trainer_1:_train_one_epoch:201 - validate 3 cost time 7.44s, result: {'hit@1': 0.0079, 'ndcg@1': 0.0079, 'hit@5': 0.0321, 'ndcg@5': 0.0197, 'hit@10': 0.0598, 'ndcg@10': 0.0286, 'hit@15': 0.0839, 'ndcg@15': 0.035, 'hit@20': 0.1037, 'ndcg@20': 0.0396, 'hit@40': 0.1749, 'ndcg@40': 0.0541} 
2024-10-08 19:15:52.301 | INFO     | trainer_1:_train_one_epoch:209 - test 3 cost time 7.35s, result: {'hit@1': 0.0044, 'ndcg@1': 0.0044, 'hit@5': 0.0199, 'ndcg@5': 0.012, 'hit@10': 0.0389, 'ndcg@10': 0.0181, 'hit@15': 0.0563, 'ndcg@15': 0.0227, 'hit@20': 0.0726, 'ndcg@20': 0.0265, 'hit@40': 0.1274, 'ndcg@40': 0.0376} 
2024-10-08 19:15:58.890 | INFO     | trainer_1:_train_one_epoch:193 - epoch 4 6.59s Train loss is [0.5922] 
2024-10-08 19:16:03.907 | INFO     | trainer_1:_train_one_epoch:201 - validate 4 cost time 5.02s, result: {'hit@1': 0.0082, 'ndcg@1': 0.0082, 'hit@5': 0.0317, 'ndcg@5': 0.0198, 'hit@10': 0.057, 'ndcg@10': 0.0279, 'hit@15': 0.0791, 'ndcg@15': 0.0337, 'hit@20': 0.0998, 'ndcg@20': 0.0386, 'hit@40': 0.1649, 'ndcg@40': 0.0518} 
2024-10-08 19:16:09.016 | INFO     | trainer_1:_train_one_epoch:209 - test 4 cost time 5.11s, result: {'hit@1': 0.0043, 'ndcg@1': 0.0043, 'hit@5': 0.018, 'ndcg@5': 0.0111, 'hit@10': 0.0343, 'ndcg@10': 0.0163, 'hit@15': 0.0509, 'ndcg@15': 0.0207, 'hit@20': 0.067, 'ndcg@20': 0.0245, 'hit@40': 0.1179, 'ndcg@40': 0.0348} 
2024-10-08 19:16:15.548 | INFO     | trainer_1:_train_one_epoch:193 - epoch 5 6.53s Train loss is [0.5524] 
2024-10-08 19:16:21.232 | INFO     | trainer_1:_train_one_epoch:201 - validate 5 cost time 5.68s, result: {'hit@1': 0.0128, 'ndcg@1': 0.0128, 'hit@5': 0.0382, 'ndcg@5': 0.0253, 'hit@10': 0.0658, 'ndcg@10': 0.0342, 'hit@15': 0.0906, 'ndcg@15': 0.0408, 'hit@20': 0.1105, 'ndcg@20': 0.0455, 'hit@40': 0.1796, 'ndcg@40': 0.0595} 
2024-10-08 19:16:26.945 | INFO     | trainer_1:_train_one_epoch:209 - test 5 cost time 5.71s, result: {'hit@1': 0.0064, 'ndcg@1': 0.0064, 'hit@5': 0.0219, 'ndcg@5': 0.0139, 'hit@10': 0.0402, 'ndcg@10': 0.0198, 'hit@15': 0.0577, 'ndcg@15': 0.0244, 'hit@20': 0.0718, 'ndcg@20': 0.0277, 'hit@40': 0.1207, 'ndcg@40': 0.0377} 
2024-10-08 19:16:33.664 | INFO     | trainer_1:_train_one_epoch:193 - epoch 6 6.72s Train loss is [0.5293] 
2024-10-08 19:16:39.976 | INFO     | trainer_1:_train_one_epoch:201 - validate 6 cost time 6.31s, result: {'hit@1': 0.0127, 'ndcg@1': 0.0127, 'hit@5': 0.0412, 'ndcg@5': 0.0269, 'hit@10': 0.0673, 'ndcg@10': 0.0352, 'hit@15': 0.093, 'ndcg@15': 0.042, 'hit@20': 0.1146, 'ndcg@20': 0.0471, 'hit@40': 0.1863, 'ndcg@40': 0.0617} 
2024-10-08 19:16:50.071 | INFO     | trainer_1:_train_one_epoch:209 - test 6 cost time 10.09s, result: {'hit@1': 0.0072, 'ndcg@1': 0.0072, 'hit@5': 0.0239, 'ndcg@5': 0.0154, 'hit@10': 0.0425, 'ndcg@10': 0.0213, 'hit@15': 0.0596, 'ndcg@15': 0.0259, 'hit@20': 0.0745, 'ndcg@20': 0.0294, 'hit@40': 0.1262, 'ndcg@40': 0.0399} 
2024-10-08 19:17:07.899 | INFO     | trainer_1:_train_one_epoch:193 - epoch 7 7.14s Train loss is [0.5265] 
2024-10-08 19:17:18.088 | INFO     | trainer_1:_train_one_epoch:201 - validate 7 cost time 10.19s, result: {'hit@1': 0.0119, 'ndcg@1': 0.0119, 'hit@5': 0.0428, 'ndcg@5': 0.0271, 'hit@10': 0.072, 'ndcg@10': 0.0364, 'hit@15': 0.0987, 'ndcg@15': 0.0435, 'hit@20': 0.1232, 'ndcg@20': 0.0492, 'hit@40': 0.1962, 'ndcg@40': 0.0641} 
2024-10-08 19:17:28.180 | INFO     | trainer_1:_train_one_epoch:209 - test 7 cost time 10.09s, result: {'hit@1': 0.0066, 'ndcg@1': 0.0066, 'hit@5': 0.0247, 'ndcg@5': 0.0156, 'hit@10': 0.0428, 'ndcg@10': 0.0213, 'hit@15': 0.0612, 'ndcg@15': 0.0262, 'hit@20': 0.0781, 'ndcg@20': 0.0302, 'hit@40': 0.134, 'ndcg@40': 0.0415} 
2024-10-08 19:17:45.811 | INFO     | trainer_1:_train_one_epoch:193 - epoch 8 7.14s Train loss is [0.4938] 
2024-10-08 19:17:56.009 | INFO     | trainer_1:_train_one_epoch:201 - validate 8 cost time 10.20s, result: {'hit@1': 0.0098, 'ndcg@1': 0.0098, 'hit@5': 0.0388, 'ndcg@5': 0.024, 'hit@10': 0.0684, 'ndcg@10': 0.0334, 'hit@15': 0.0944, 'ndcg@15': 0.0403, 'hit@20': 0.1194, 'ndcg@20': 0.0461, 'hit@40': 0.199, 'ndcg@40': 0.0623} 
2024-10-08 19:18:06.110 | INFO     | trainer_1:_train_one_epoch:209 - test 8 cost time 10.10s, result: {'hit@1': 0.0054, 'ndcg@1': 0.0054, 'hit@5': 0.0232, 'ndcg@5': 0.0142, 'hit@10': 0.0419, 'ndcg@10': 0.0202, 'hit@15': 0.0604, 'ndcg@15': 0.0251, 'hit@20': 0.077, 'ndcg@20': 0.029, 'hit@40': 0.1366, 'ndcg@40': 0.0411} 
2024-10-08 19:18:13.335 | INFO     | trainer_1:_train_one_epoch:193 - epoch 9 7.22s Train loss is [0.4804] 
2024-10-08 19:18:23.426 | INFO     | trainer_1:_train_one_epoch:201 - validate 9 cost time 10.09s, result: {'hit@1': 0.0117, 'ndcg@1': 0.0117, 'hit@5': 0.0448, 'ndcg@5': 0.028, 'hit@10': 0.0771, 'ndcg@10': 0.0384, 'hit@15': 0.104, 'ndcg@15': 0.0455, 'hit@20': 0.1288, 'ndcg@20': 0.0513, 'hit@40': 0.2082, 'ndcg@40': 0.0675} 
2024-10-08 19:18:33.116 | INFO     | trainer_1:_train_one_epoch:209 - test 9 cost time 9.69s, result: {'hit@1': 0.0068, 'ndcg@1': 0.0068, 'hit@5': 0.0262, 'ndcg@5': 0.0164, 'hit@10': 0.0463, 'ndcg@10': 0.0228, 'hit@15': 0.0669, 'ndcg@15': 0.0282, 'hit@20': 0.0847, 'ndcg@20': 0.0324, 'hit@40': 0.1443, 'ndcg@40': 0.0445} 
2024-10-08 19:18:50.454 | INFO     | trainer_1:_train_one_epoch:193 - epoch 10 6.70s Train loss is [0.4710] 
2024-10-08 19:19:00.249 | INFO     | trainer_1:_train_one_epoch:201 - validate 10 cost time 9.80s, result: {'hit@1': 0.0134, 'ndcg@1': 0.0134, 'hit@5': 0.0469, 'ndcg@5': 0.03, 'hit@10': 0.0781, 'ndcg@10': 0.04, 'hit@15': 0.1039, 'ndcg@15': 0.0468, 'hit@20': 0.1266, 'ndcg@20': 0.0521, 'hit@40': 0.21, 'ndcg@40': 0.0691} 
2024-10-08 19:19:09.953 | INFO     | trainer_1:_train_one_epoch:209 - test 10 cost time 9.70s, result: {'hit@1': 0.0071, 'ndcg@1': 0.0071, 'hit@5': 0.0277, 'ndcg@5': 0.0174, 'hit@10': 0.049, 'ndcg@10': 0.0242, 'hit@15': 0.0682, 'ndcg@15': 0.0293, 'hit@20': 0.0857, 'ndcg@20': 0.0335, 'hit@40': 0.1443, 'ndcg@40': 0.0454} 
2024-10-08 19:19:27.148 | INFO     | trainer_1:_train_one_epoch:193 - epoch 11 6.60s Train loss is [0.4647] 
2024-10-08 19:19:37.044 | INFO     | trainer_1:_train_one_epoch:201 - validate 11 cost time 9.90s, result: {'hit@1': 0.0107, 'ndcg@1': 0.0107, 'hit@5': 0.041, 'ndcg@5': 0.026, 'hit@10': 0.0699, 'ndcg@10': 0.0352, 'hit@15': 0.0954, 'ndcg@15': 0.0419, 'hit@20': 0.1181, 'ndcg@20': 0.0473, 'hit@40': 0.191, 'ndcg@40': 0.0621} 
2024-10-08 19:19:46.769 | INFO     | trainer_1:_train_one_epoch:209 - test 11 cost time 9.72s, result: {'hit@1': 0.0063, 'ndcg@1': 0.0063, 'hit@5': 0.0263, 'ndcg@5': 0.0162, 'hit@10': 0.0472, 'ndcg@10': 0.0229, 'hit@15': 0.0641, 'ndcg@15': 0.0273, 'hit@20': 0.0809, 'ndcg@20': 0.0313, 'hit@40': 0.135, 'ndcg@40': 0.0423} 
2024-10-08 19:19:53.285 | INFO     | trainer_1:_train_one_epoch:193 - epoch 12 6.51s Train loss is [0.4611] 
2024-10-08 19:19:58.440 | INFO     | trainer_1:_train_one_epoch:201 - validate 12 cost time 5.15s, result: {'hit@1': 0.01, 'ndcg@1': 0.01, 'hit@5': 0.0407, 'ndcg@5': 0.0252, 'hit@10': 0.0706, 'ndcg@10': 0.0348, 'hit@15': 0.0959, 'ndcg@15': 0.0415, 'hit@20': 0.1194, 'ndcg@20': 0.047, 'hit@40': 0.2008, 'ndcg@40': 0.0636} 
2024-10-08 19:20:04.823 | INFO     | trainer_1:_train_one_epoch:209 - test 12 cost time 6.38s, result: {'hit@1': 0.0074, 'ndcg@1': 0.0074, 'hit@5': 0.0263, 'ndcg@5': 0.0166, 'hit@10': 0.0479, 'ndcg@10': 0.0235, 'hit@15': 0.066, 'ndcg@15': 0.0282, 'hit@20': 0.084, 'ndcg@20': 0.0325, 'hit@40': 0.1424, 'ndcg@40': 0.0443} 
2024-10-08 19:20:11.545 | INFO     | trainer_1:_train_one_epoch:193 - epoch 13 6.72s Train loss is [0.4444] 
2024-10-08 19:20:18.980 | INFO     | trainer_1:_train_one_epoch:201 - validate 13 cost time 7.43s, result: {'hit@1': 0.0119, 'ndcg@1': 0.0119, 'hit@5': 0.0449, 'ndcg@5': 0.0285, 'hit@10': 0.0748, 'ndcg@10': 0.0381, 'hit@15': 0.101, 'ndcg@15': 0.045, 'hit@20': 0.1247, 'ndcg@20': 0.0506, 'hit@40': 0.2038, 'ndcg@40': 0.0666} 
2024-10-08 19:20:26.429 | INFO     | trainer_1:_train_one_epoch:209 - test 13 cost time 7.45s, result: {'hit@1': 0.0076, 'ndcg@1': 0.0076, 'hit@5': 0.0281, 'ndcg@5': 0.0177, 'hit@10': 0.0497, 'ndcg@10': 0.0247, 'hit@15': 0.0677, 'ndcg@15': 0.0294, 'hit@20': 0.0856, 'ndcg@20': 0.0336, 'hit@40': 0.1469, 'ndcg@40': 0.0461} 
2024-10-08 19:20:43.896 | INFO     | trainer_1:_train_one_epoch:193 - epoch 14 6.77s Train loss is [0.4401] 
2024-10-08 19:20:50.793 | INFO     | trainer_1:_train_one_epoch:201 - validate 14 cost time 6.90s, result: {'hit@1': 0.0126, 'ndcg@1': 0.0126, 'hit@5': 0.0451, 'ndcg@5': 0.0288, 'hit@10': 0.0767, 'ndcg@10': 0.0389, 'hit@15': 0.1006, 'ndcg@15': 0.0452, 'hit@20': 0.1259, 'ndcg@20': 0.0512, 'hit@40': 0.2058, 'ndcg@40': 0.0675} 
2024-10-08 19:20:58.113 | INFO     | trainer_1:_train_one_epoch:209 - test 14 cost time 7.32s, result: {'hit@1': 0.0076, 'ndcg@1': 0.0076, 'hit@5': 0.03, 'ndcg@5': 0.0188, 'hit@10': 0.0506, 'ndcg@10': 0.0254, 'hit@15': 0.0703, 'ndcg@15': 0.0306, 'hit@20': 0.0868, 'ndcg@20': 0.0345, 'hit@40': 0.1446, 'ndcg@40': 0.0462} 
2024-10-08 19:21:15.927 | INFO     | trainer_1:_train_one_epoch:193 - epoch 15 6.53s Train loss is [0.4237] 
2024-10-08 19:21:22.282 | INFO     | trainer_1:_train_one_epoch:201 - validate 15 cost time 6.35s, result: {'hit@1': 0.0116, 'ndcg@1': 0.0116, 'hit@5': 0.0465, 'ndcg@5': 0.0291, 'hit@10': 0.0771, 'ndcg@10': 0.0389, 'hit@15': 0.1053, 'ndcg@15': 0.0464, 'hit@20': 0.1296, 'ndcg@20': 0.0521, 'hit@40': 0.2067, 'ndcg@40': 0.0678} 
2024-10-08 19:21:28.972 | INFO     | trainer_1:_train_one_epoch:209 - test 15 cost time 6.69s, result: {'hit@1': 0.0076, 'ndcg@1': 0.0076, 'hit@5': 0.0297, 'ndcg@5': 0.0186, 'hit@10': 0.0517, 'ndcg@10': 0.0257, 'hit@15': 0.071, 'ndcg@15': 0.0308, 'hit@20': 0.0886, 'ndcg@20': 0.035, 'hit@40': 0.1501, 'ndcg@40': 0.0474} 
2024-10-08 19:21:46.305 | INFO     | trainer_1:_train_one_epoch:193 - epoch 16 6.62s Train loss is [0.4274] 
2024-10-08 19:21:51.945 | INFO     | trainer_1:_train_one_epoch:201 - validate 16 cost time 5.64s, result: {'hit@1': 0.0126, 'ndcg@1': 0.0126, 'hit@5': 0.0482, 'ndcg@5': 0.0304, 'hit@10': 0.0789, 'ndcg@10': 0.0402, 'hit@15': 0.1074, 'ndcg@15': 0.0477, 'hit@20': 0.1322, 'ndcg@20': 0.0536, 'hit@40': 0.2157, 'ndcg@40': 0.0706} 
2024-10-08 19:21:58.756 | INFO     | trainer_1:_train_one_epoch:209 - test 16 cost time 6.81s, result: {'hit@1': 0.0076, 'ndcg@1': 0.0076, 'hit@5': 0.0307, 'ndcg@5': 0.0191, 'hit@10': 0.0529, 'ndcg@10': 0.0261, 'hit@15': 0.0718, 'ndcg@15': 0.0311, 'hit@20': 0.0899, 'ndcg@20': 0.0354, 'hit@40': 0.1543, 'ndcg@40': 0.0485} 
2024-10-08 19:22:16.480 | INFO     | trainer_1:_train_one_epoch:193 - epoch 17 6.93s Train loss is [0.4127] 
2024-10-08 19:22:23.842 | INFO     | trainer_1:_train_one_epoch:201 - validate 17 cost time 7.36s, result: {'hit@1': 0.0128, 'ndcg@1': 0.0128, 'hit@5': 0.0457, 'ndcg@5': 0.029, 'hit@10': 0.0746, 'ndcg@10': 0.0382, 'hit@15': 0.0996, 'ndcg@15': 0.0448, 'hit@20': 0.1224, 'ndcg@20': 0.0502, 'hit@40': 0.201, 'ndcg@40': 0.0662} 
2024-10-08 19:22:28.725 | INFO     | trainer_1:_train_one_epoch:209 - test 17 cost time 4.88s, result: {'hit@1': 0.0067, 'ndcg@1': 0.0067, 'hit@5': 0.029, 'ndcg@5': 0.0179, 'hit@10': 0.049, 'ndcg@10': 0.0243, 'hit@15': 0.0663, 'ndcg@15': 0.0289, 'hit@20': 0.0841, 'ndcg@20': 0.0331, 'hit@40': 0.141, 'ndcg@40': 0.0446} 
2024-10-08 19:22:35.799 | INFO     | trainer_1:_train_one_epoch:193 - epoch 18 7.07s Train loss is [0.4026] 
2024-10-08 19:22:42.148 | INFO     | trainer_1:_train_one_epoch:201 - validate 18 cost time 6.35s, result: {'hit@1': 0.0147, 'ndcg@1': 0.0147, 'hit@5': 0.0498, 'ndcg@5': 0.0322, 'hit@10': 0.0843, 'ndcg@10': 0.0433, 'hit@15': 0.1119, 'ndcg@15': 0.0505, 'hit@20': 0.1372, 'ndcg@20': 0.0565, 'hit@40': 0.2208, 'ndcg@40': 0.0735} 
2024-10-08 19:22:49.560 | INFO     | trainer_1:_train_one_epoch:209 - test 18 cost time 7.41s, result: {'hit@1': 0.0076, 'ndcg@1': 0.0076, 'hit@5': 0.0326, 'ndcg@5': 0.0202, 'hit@10': 0.0573, 'ndcg@10': 0.0281, 'hit@15': 0.0783, 'ndcg@15': 0.0336, 'hit@20': 0.0966, 'ndcg@20': 0.0379, 'hit@40': 0.162, 'ndcg@40': 0.0512} 
2024-10-08 19:23:06.969 | INFO     | trainer_1:_train_one_epoch:193 - epoch 19 6.76s Train loss is [0.4052] 
2024-10-08 19:23:13.508 | INFO     | trainer_1:_train_one_epoch:201 - validate 19 cost time 6.54s, result: {'hit@1': 0.015, 'ndcg@1': 0.015, 'hit@5': 0.0513, 'ndcg@5': 0.0332, 'hit@10': 0.0855, 'ndcg@10': 0.0442, 'hit@15': 0.1154, 'ndcg@15': 0.0521, 'hit@20': 0.1399, 'ndcg@20': 0.0579, 'hit@40': 0.2282, 'ndcg@40': 0.0759} 
2024-10-08 19:23:20.898 | INFO     | trainer_1:_train_one_epoch:209 - test 19 cost time 7.39s, result: {'hit@1': 0.0088, 'ndcg@1': 0.0088, 'hit@5': 0.0338, 'ndcg@5': 0.0213, 'hit@10': 0.0573, 'ndcg@10': 0.0289, 'hit@15': 0.079, 'ndcg@15': 0.0346, 'hit@20': 0.0982, 'ndcg@20': 0.0391, 'hit@40': 0.1639, 'ndcg@40': 0.0525} 
2024-10-08 19:23:28.004 | INFO     | trainer_1:_train_one_epoch:193 - epoch 20 7.11s Train loss is [0.3897] 
2024-10-08 19:23:36.942 | INFO     | trainer_1:_train_one_epoch:201 - validate 20 cost time 8.94s, result: {'hit@1': 0.0141, 'ndcg@1': 0.0141, 'hit@5': 0.0516, 'ndcg@5': 0.0329, 'hit@10': 0.087, 'ndcg@10': 0.0442, 'hit@15': 0.1174, 'ndcg@15': 0.0522, 'hit@20': 0.1444, 'ndcg@20': 0.0586, 'hit@40': 0.2293, 'ndcg@40': 0.0758} 
2024-10-08 19:23:45.572 | INFO     | trainer_1:_train_one_epoch:209 - test 20 cost time 8.63s, result: {'hit@1': 0.0104, 'ndcg@1': 0.0104, 'hit@5': 0.0348, 'ndcg@5': 0.0224, 'hit@10': 0.0593, 'ndcg@10': 0.0302, 'hit@15': 0.0798, 'ndcg@15': 0.0356, 'hit@20': 0.0994, 'ndcg@20': 0.0403, 'hit@40': 0.1633, 'ndcg@40': 0.0533} 
2024-10-08 19:24:03.569 | INFO     | trainer_1:_train_one_epoch:193 - epoch 21 7.11s Train loss is [0.3937] 
2024-10-08 19:24:11.074 | INFO     | trainer_1:_train_one_epoch:201 - validate 21 cost time 7.50s, result: {'hit@1': 0.0156, 'ndcg@1': 0.0156, 'hit@5': 0.0556, 'ndcg@5': 0.0355, 'hit@10': 0.0915, 'ndcg@10': 0.047, 'hit@15': 0.1212, 'ndcg@15': 0.0548, 'hit@20': 0.148, 'ndcg@20': 0.0612, 'hit@40': 0.2317, 'ndcg@40': 0.0782} 
2024-10-08 19:24:18.400 | INFO     | trainer_1:_train_one_epoch:209 - test 21 cost time 7.33s, result: {'hit@1': 0.0095, 'ndcg@1': 0.0095, 'hit@5': 0.0352, 'ndcg@5': 0.0222, 'hit@10': 0.0606, 'ndcg@10': 0.0304, 'hit@15': 0.0822, 'ndcg@15': 0.0361, 'hit@20': 0.1017, 'ndcg@20': 0.0407, 'hit@40': 0.1645, 'ndcg@40': 0.0535} 
2024-10-08 19:24:35.409 | INFO     | trainer_1:_train_one_epoch:193 - epoch 22 6.21s Train loss is [0.3926] 
2024-10-08 19:24:41.235 | INFO     | trainer_1:_train_one_epoch:201 - validate 22 cost time 5.83s, result: {'hit@1': 0.0158, 'ndcg@1': 0.0158, 'hit@5': 0.0561, 'ndcg@5': 0.0359, 'hit@10': 0.0906, 'ndcg@10': 0.0469, 'hit@15': 0.1195, 'ndcg@15': 0.0545, 'hit@20': 0.1449, 'ndcg@20': 0.0605, 'hit@40': 0.2296, 'ndcg@40': 0.0778} 
2024-10-08 19:24:47.088 | INFO     | trainer_1:_train_one_epoch:209 - test 22 cost time 5.85s, result: {'hit@1': 0.0089, 'ndcg@1': 0.0089, 'hit@5': 0.0363, 'ndcg@5': 0.0224, 'hit@10': 0.0624, 'ndcg@10': 0.0307, 'hit@15': 0.0835, 'ndcg@15': 0.0363, 'hit@20': 0.1021, 'ndcg@20': 0.0407, 'hit@40': 0.164, 'ndcg@40': 0.0533} 
2024-10-08 19:25:04.116 | INFO     | trainer_1:_train_one_epoch:193 - epoch 23 6.48s Train loss is [0.3867] 
2024-10-08 19:25:10.637 | INFO     | trainer_1:_train_one_epoch:201 - validate 23 cost time 6.52s, result: {'hit@1': 0.0158, 'ndcg@1': 0.0158, 'hit@5': 0.0553, 'ndcg@5': 0.0357, 'hit@10': 0.0915, 'ndcg@10': 0.0473, 'hit@15': 0.122, 'ndcg@15': 0.0554, 'hit@20': 0.15, 'ndcg@20': 0.062, 'hit@40': 0.2378, 'ndcg@40': 0.0799} 
2024-10-08 19:25:16.442 | INFO     | trainer_1:_train_one_epoch:209 - test 23 cost time 5.80s, result: {'hit@1': 0.0086, 'ndcg@1': 0.0086, 'hit@5': 0.0369, 'ndcg@5': 0.0227, 'hit@10': 0.0627, 'ndcg@10': 0.031, 'hit@15': 0.085, 'ndcg@15': 0.0369, 'hit@20': 0.1061, 'ndcg@20': 0.0418, 'hit@40': 0.1712, 'ndcg@40': 0.055} 
2024-10-08 19:25:34.111 | INFO     | trainer_1:_train_one_epoch:193 - epoch 24 6.48s Train loss is [0.3806] 
2024-10-08 19:25:40.903 | INFO     | trainer_1:_train_one_epoch:201 - validate 24 cost time 6.79s, result: {'hit@1': 0.0157, 'ndcg@1': 0.0157, 'hit@5': 0.0577, 'ndcg@5': 0.037, 'hit@10': 0.0956, 'ndcg@10': 0.0491, 'hit@15': 0.1277, 'ndcg@15': 0.0576, 'hit@20': 0.1532, 'ndcg@20': 0.0635, 'hit@40': 0.2387, 'ndcg@40': 0.0809} 
2024-10-08 19:25:45.741 | INFO     | trainer_1:_train_one_epoch:209 - test 24 cost time 4.84s, result: {'hit@1': 0.01, 'ndcg@1': 0.01, 'hit@5': 0.0375, 'ndcg@5': 0.0237, 'hit@10': 0.063, 'ndcg@10': 0.0319, 'hit@15': 0.0843, 'ndcg@15': 0.0375, 'hit@20': 0.1054, 'ndcg@20': 0.0425, 'hit@40': 0.1682, 'ndcg@40': 0.0552} 
2024-10-08 19:26:03.085 | INFO     | trainer_1:_train_one_epoch:193 - epoch 25 6.57s Train loss is [0.3799] 
2024-10-08 19:26:10.501 | INFO     | trainer_1:_train_one_epoch:201 - validate 25 cost time 7.42s, result: {'hit@1': 0.0163, 'ndcg@1': 0.0163, 'hit@5': 0.0576, 'ndcg@5': 0.0372, 'hit@10': 0.094, 'ndcg@10': 0.0489, 'hit@15': 0.1242, 'ndcg@15': 0.0569, 'hit@20': 0.1498, 'ndcg@20': 0.0629, 'hit@40': 0.2363, 'ndcg@40': 0.0805} 
2024-10-08 19:26:17.744 | INFO     | trainer_1:_train_one_epoch:209 - test 25 cost time 7.24s, result: {'hit@1': 0.0112, 'ndcg@1': 0.0112, 'hit@5': 0.0376, 'ndcg@5': 0.0243, 'hit@10': 0.0638, 'ndcg@10': 0.0327, 'hit@15': 0.0858, 'ndcg@15': 0.0385, 'hit@20': 0.1048, 'ndcg@20': 0.043, 'hit@40': 0.1707, 'ndcg@40': 0.0564} 
2024-10-08 19:26:34.924 | INFO     | trainer_1:_train_one_epoch:193 - epoch 26 6.49s Train loss is [0.3830] 
2024-10-08 19:26:40.793 | INFO     | trainer_1:_train_one_epoch:201 - validate 26 cost time 5.87s, result: {'hit@1': 0.0175, 'ndcg@1': 0.0175, 'hit@5': 0.0576, 'ndcg@5': 0.0375, 'hit@10': 0.0952, 'ndcg@10': 0.0496, 'hit@15': 0.1261, 'ndcg@15': 0.0577, 'hit@20': 0.1517, 'ndcg@20': 0.0637, 'hit@40': 0.2366, 'ndcg@40': 0.0811} 
2024-10-08 19:26:47.168 | INFO     | trainer_1:_train_one_epoch:209 - test 26 cost time 6.37s, result: {'hit@1': 0.0105, 'ndcg@1': 0.0105, 'hit@5': 0.0376, 'ndcg@5': 0.0241, 'hit@10': 0.0623, 'ndcg@10': 0.0321, 'hit@15': 0.0825, 'ndcg@15': 0.0374, 'hit@20': 0.1018, 'ndcg@20': 0.0419, 'hit@40': 0.1672, 'ndcg@40': 0.0552} 
2024-10-08 19:26:53.740 | INFO     | trainer_1:_train_one_epoch:193 - epoch 27 6.57s Train loss is [0.3676] 
2024-10-08 19:27:01.120 | INFO     | trainer_1:_train_one_epoch:201 - validate 27 cost time 7.38s, result: {'hit@1': 0.0175, 'ndcg@1': 0.0175, 'hit@5': 0.0591, 'ndcg@5': 0.0383, 'hit@10': 0.0951, 'ndcg@10': 0.0498, 'hit@15': 0.1257, 'ndcg@15': 0.0578, 'hit@20': 0.1529, 'ndcg@20': 0.0643, 'hit@40': 0.2388, 'ndcg@40': 0.0818} 
2024-10-08 19:27:08.226 | INFO     | trainer_1:_train_one_epoch:209 - test 27 cost time 7.11s, result: {'hit@1': 0.0114, 'ndcg@1': 0.0114, 'hit@5': 0.0383, 'ndcg@5': 0.0249, 'hit@10': 0.0647, 'ndcg@10': 0.0334, 'hit@15': 0.0875, 'ndcg@15': 0.0394, 'hit@20': 0.106, 'ndcg@20': 0.0438, 'hit@40': 0.1699, 'ndcg@40': 0.0568} 
2024-10-08 19:27:25.586 | INFO     | trainer_1:_train_one_epoch:193 - epoch 28 6.57s Train loss is [0.3645] 
2024-10-08 19:27:33.094 | INFO     | trainer_1:_train_one_epoch:201 - validate 28 cost time 7.51s, result: {'hit@1': 0.0169, 'ndcg@1': 0.0169, 'hit@5': 0.0567, 'ndcg@5': 0.0369, 'hit@10': 0.096, 'ndcg@10': 0.0494, 'hit@15': 0.1273, 'ndcg@15': 0.0577, 'hit@20': 0.1535, 'ndcg@20': 0.0639, 'hit@40': 0.2392, 'ndcg@40': 0.0813} 
2024-10-08 19:27:40.553 | INFO     | trainer_1:_train_one_epoch:209 - test 28 cost time 7.46s, result: {'hit@1': 0.0106, 'ndcg@1': 0.0106, 'hit@5': 0.0372, 'ndcg@5': 0.0239, 'hit@10': 0.0643, 'ndcg@10': 0.0325, 'hit@15': 0.0877, 'ndcg@15': 0.0387, 'hit@20': 0.1068, 'ndcg@20': 0.0432, 'hit@40': 0.1716, 'ndcg@40': 0.0564} 
2024-10-08 19:27:47.173 | INFO     | trainer_1:_train_one_epoch:193 - epoch 29 6.62s Train loss is [0.3713] 
2024-10-08 19:27:53.132 | INFO     | trainer_1:_train_one_epoch:201 - validate 29 cost time 5.96s, result: {'hit@1': 0.0164, 'ndcg@1': 0.0164, 'hit@5': 0.0563, 'ndcg@5': 0.0363, 'hit@10': 0.0931, 'ndcg@10': 0.0481, 'hit@15': 0.124, 'ndcg@15': 0.0563, 'hit@20': 0.1506, 'ndcg@20': 0.0626, 'hit@40': 0.2369, 'ndcg@40': 0.0801} 
2024-10-08 19:27:59.826 | INFO     | trainer_1:_train_one_epoch:209 - test 29 cost time 6.69s, result: {'hit@1': 0.0104, 'ndcg@1': 0.0104, 'hit@5': 0.0351, 'ndcg@5': 0.0227, 'hit@10': 0.0602, 'ndcg@10': 0.0307, 'hit@15': 0.0823, 'ndcg@15': 0.0365, 'hit@20': 0.101, 'ndcg@20': 0.0409, 'hit@40': 0.1654, 'ndcg@40': 0.054} 
2024-10-08 19:28:06.346 | INFO     | trainer_1:_train_one_epoch:193 - epoch 30 6.52s Train loss is [0.3722] 
2024-10-08 19:28:13.741 | INFO     | trainer_1:_train_one_epoch:201 - validate 30 cost time 7.39s, result: {'hit@1': 0.0169, 'ndcg@1': 0.0169, 'hit@5': 0.0582, 'ndcg@5': 0.0376, 'hit@10': 0.0949, 'ndcg@10': 0.0493, 'hit@15': 0.1291, 'ndcg@15': 0.0584, 'hit@20': 0.1575, 'ndcg@20': 0.0651, 'hit@40': 0.2448, 'ndcg@40': 0.0829} 
2024-10-08 19:28:20.614 | INFO     | trainer_1:_train_one_epoch:209 - test 30 cost time 6.87s, result: {'hit@1': 0.0111, 'ndcg@1': 0.0111, 'hit@5': 0.0379, 'ndcg@5': 0.0244, 'hit@10': 0.0642, 'ndcg@10': 0.0329, 'hit@15': 0.089, 'ndcg@15': 0.0394, 'hit@20': 0.1091, 'ndcg@20': 0.0441, 'hit@40': 0.1779, 'ndcg@40': 0.0581} 
2024-10-08 19:28:27.126 | INFO     | trainer_1:_train_one_epoch:193 - epoch 31 6.51s Train loss is [0.3597] 
2024-10-08 19:28:33.473 | INFO     | trainer_1:_train_one_epoch:201 - validate 31 cost time 6.35s, result: {'hit@1': 0.0163, 'ndcg@1': 0.0163, 'hit@5': 0.0591, 'ndcg@5': 0.0376, 'hit@10': 0.0962, 'ndcg@10': 0.0495, 'hit@15': 0.1277, 'ndcg@15': 0.0579, 'hit@20': 0.1562, 'ndcg@20': 0.0646, 'hit@40': 0.247, 'ndcg@40': 0.0831} 
2024-10-08 19:28:40.811 | INFO     | trainer_1:_train_one_epoch:209 - test 31 cost time 7.34s, result: {'hit@1': 0.01, 'ndcg@1': 0.01, 'hit@5': 0.0379, 'ndcg@5': 0.0239, 'hit@10': 0.0647, 'ndcg@10': 0.0324, 'hit@15': 0.0876, 'ndcg@15': 0.0385, 'hit@20': 0.1088, 'ndcg@20': 0.0435, 'hit@40': 0.1734, 'ndcg@40': 0.0566} 
2024-10-08 19:28:47.321 | INFO     | trainer_1:_train_one_epoch:193 - epoch 32 6.51s Train loss is [0.3627] 
2024-10-08 19:28:54.664 | INFO     | trainer_1:_train_one_epoch:201 - validate 32 cost time 7.34s, result: {'hit@1': 0.0163, 'ndcg@1': 0.0163, 'hit@5': 0.059, 'ndcg@5': 0.0376, 'hit@10': 0.0962, 'ndcg@10': 0.0495, 'hit@15': 0.1274, 'ndcg@15': 0.0578, 'hit@20': 0.1552, 'ndcg@20': 0.0643, 'hit@40': 0.2423, 'ndcg@40': 0.082} 
2024-10-08 19:28:59.492 | INFO     | trainer_1:_train_one_epoch:209 - test 32 cost time 4.83s, result: {'hit@1': 0.0107, 'ndcg@1': 0.0107, 'hit@5': 0.0384, 'ndcg@5': 0.0245, 'hit@10': 0.0643, 'ndcg@10': 0.0328, 'hit@15': 0.0859, 'ndcg@15': 0.0385, 'hit@20': 0.106, 'ndcg@20': 0.0432, 'hit@40': 0.1733, 'ndcg@40': 0.0569} 
2024-10-08 19:29:05.938 | INFO     | trainer_1:_train_one_epoch:193 - epoch 33 6.45s Train loss is [0.3572] 
2024-10-08 19:29:11.857 | INFO     | trainer_1:_train_one_epoch:201 - validate 33 cost time 5.92s, result: {'hit@1': 0.017, 'ndcg@1': 0.017, 'hit@5': 0.0623, 'ndcg@5': 0.0397, 'hit@10': 0.1014, 'ndcg@10': 0.0523, 'hit@15': 0.1303, 'ndcg@15': 0.0599, 'hit@20': 0.1597, 'ndcg@20': 0.0669, 'hit@40': 0.2525, 'ndcg@40': 0.0858} 
2024-10-08 19:29:18.249 | INFO     | trainer_1:_train_one_epoch:209 - test 33 cost time 6.39s, result: {'hit@1': 0.0115, 'ndcg@1': 0.0115, 'hit@5': 0.0399, 'ndcg@5': 0.0254, 'hit@10': 0.0664, 'ndcg@10': 0.0338, 'hit@15': 0.0893, 'ndcg@15': 0.0399, 'hit@20': 0.11, 'ndcg@20': 0.0447, 'hit@40': 0.1788, 'ndcg@40': 0.0588} 
2024-10-08 19:29:35.470 | INFO     | trainer_1:_train_one_epoch:193 - epoch 34 6.53s Train loss is [0.3578] 
2024-10-08 19:29:41.408 | INFO     | trainer_1:_train_one_epoch:201 - validate 34 cost time 5.94s, result: {'hit@1': 0.0168, 'ndcg@1': 0.0168, 'hit@5': 0.0612, 'ndcg@5': 0.0391, 'hit@10': 0.1023, 'ndcg@10': 0.0523, 'hit@15': 0.1329, 'ndcg@15': 0.0603, 'hit@20': 0.1622, 'ndcg@20': 0.0673, 'hit@40': 0.2506, 'ndcg@40': 0.0853} 
2024-10-08 19:29:47.497 | INFO     | trainer_1:_train_one_epoch:209 - test 34 cost time 6.09s, result: {'hit@1': 0.0113, 'ndcg@1': 0.0113, 'hit@5': 0.0385, 'ndcg@5': 0.0248, 'hit@10': 0.0662, 'ndcg@10': 0.0337, 'hit@15': 0.0881, 'ndcg@15': 0.0395, 'hit@20': 0.1101, 'ndcg@20': 0.0447, 'hit@40': 0.1802, 'ndcg@40': 0.0589} 
2024-10-08 19:29:53.957 | INFO     | trainer_1:_train_one_epoch:193 - epoch 35 6.46s Train loss is [0.3578] 
2024-10-08 19:30:01.301 | INFO     | trainer_1:_train_one_epoch:201 - validate 35 cost time 7.34s, result: {'hit@1': 0.0169, 'ndcg@1': 0.0169, 'hit@5': 0.0624, 'ndcg@5': 0.0397, 'hit@10': 0.1014, 'ndcg@10': 0.0521, 'hit@15': 0.1352, 'ndcg@15': 0.0611, 'hit@20': 0.1637, 'ndcg@20': 0.0678, 'hit@40': 0.2583, 'ndcg@40': 0.0871} 
2024-10-08 19:30:08.629 | INFO     | trainer_1:_train_one_epoch:209 - test 35 cost time 7.33s, result: {'hit@1': 0.0119, 'ndcg@1': 0.0119, 'hit@5': 0.0387, 'ndcg@5': 0.0252, 'hit@10': 0.0667, 'ndcg@10': 0.0342, 'hit@15': 0.0908, 'ndcg@15': 0.0405, 'hit@20': 0.1107, 'ndcg@20': 0.0452, 'hit@40': 0.1832, 'ndcg@40': 0.06} 
2024-10-08 19:30:25.961 | INFO     | trainer_1:_train_one_epoch:193 - epoch 36 6.56s Train loss is [0.3619] 
2024-10-08 19:30:33.355 | INFO     | trainer_1:_train_one_epoch:201 - validate 36 cost time 7.39s, result: {'hit@1': 0.0161, 'ndcg@1': 0.0161, 'hit@5': 0.0591, 'ndcg@5': 0.0376, 'hit@10': 0.0973, 'ndcg@10': 0.0499, 'hit@15': 0.1288, 'ndcg@15': 0.0582, 'hit@20': 0.1597, 'ndcg@20': 0.0655, 'hit@40': 0.2477, 'ndcg@40': 0.0834} 
2024-10-08 19:30:40.669 | INFO     | trainer_1:_train_one_epoch:209 - test 36 cost time 7.31s, result: {'hit@1': 0.0107, 'ndcg@1': 0.0107, 'hit@5': 0.0385, 'ndcg@5': 0.0246, 'hit@10': 0.0651, 'ndcg@10': 0.0331, 'hit@15': 0.089, 'ndcg@15': 0.0394, 'hit@20': 0.1091, 'ndcg@20': 0.0442, 'hit@40': 0.1786, 'ndcg@40': 0.0583} 
2024-10-08 19:30:47.107 | INFO     | trainer_1:_train_one_epoch:193 - epoch 37 6.44s Train loss is [0.3545] 
2024-10-08 19:30:53.066 | INFO     | trainer_1:_train_one_epoch:201 - validate 37 cost time 5.96s, result: {'hit@1': 0.017, 'ndcg@1': 0.017, 'hit@5': 0.0614, 'ndcg@5': 0.039, 'hit@10': 0.099, 'ndcg@10': 0.051, 'hit@15': 0.1306, 'ndcg@15': 0.0593, 'hit@20': 0.1586, 'ndcg@20': 0.0659, 'hit@40': 0.2486, 'ndcg@40': 0.0843} 
2024-10-08 19:30:59.622 | INFO     | trainer_1:_train_one_epoch:209 - test 37 cost time 6.55s, result: {'hit@1': 0.0111, 'ndcg@1': 0.0111, 'hit@5': 0.0387, 'ndcg@5': 0.0249, 'hit@10': 0.0653, 'ndcg@10': 0.0334, 'hit@15': 0.0893, 'ndcg@15': 0.0397, 'hit@20': 0.1085, 'ndcg@20': 0.0443, 'hit@40': 0.1776, 'ndcg@40': 0.0583} 
2024-10-08 19:31:06.208 | INFO     | trainer_1:_train_one_epoch:193 - epoch 38 6.59s Train loss is [0.3462] 
2024-10-08 19:31:13.678 | INFO     | trainer_1:_train_one_epoch:201 - validate 38 cost time 7.47s, result: {'hit@1': 0.0162, 'ndcg@1': 0.0162, 'hit@5': 0.0612, 'ndcg@5': 0.0386, 'hit@10': 0.0979, 'ndcg@10': 0.0504, 'hit@15': 0.1306, 'ndcg@15': 0.059, 'hit@20': 0.1603, 'ndcg@20': 0.066, 'hit@40': 0.2492, 'ndcg@40': 0.0841} 
2024-10-08 19:31:20.714 | INFO     | trainer_1:_train_one_epoch:209 - test 38 cost time 7.04s, result: {'hit@1': 0.0114, 'ndcg@1': 0.0114, 'hit@5': 0.0395, 'ndcg@5': 0.0253, 'hit@10': 0.0669, 'ndcg@10': 0.034, 'hit@15': 0.0904, 'ndcg@15': 0.0402, 'hit@20': 0.1107, 'ndcg@20': 0.045, 'hit@40': 0.1801, 'ndcg@40': 0.0592} 
2024-10-08 19:31:37.962 | INFO     | trainer_1:_train_one_epoch:193 - epoch 39 6.56s Train loss is [0.3431] 
2024-10-08 19:31:45.385 | INFO     | trainer_1:_train_one_epoch:201 - validate 39 cost time 7.42s, result: {'hit@1': 0.0162, 'ndcg@1': 0.0162, 'hit@5': 0.0571, 'ndcg@5': 0.0369, 'hit@10': 0.0957, 'ndcg@10': 0.0492, 'hit@15': 0.1288, 'ndcg@15': 0.058, 'hit@20': 0.1578, 'ndcg@20': 0.0648, 'hit@40': 0.2479, 'ndcg@40': 0.0831} 
2024-10-08 19:31:52.916 | INFO     | trainer_1:_train_one_epoch:209 - test 39 cost time 7.53s, result: {'hit@1': 0.0107, 'ndcg@1': 0.0107, 'hit@5': 0.0371, 'ndcg@5': 0.0238, 'hit@10': 0.0629, 'ndcg@10': 0.0321, 'hit@15': 0.0872, 'ndcg@15': 0.0385, 'hit@20': 0.1068, 'ndcg@20': 0.0432, 'hit@40': 0.1777, 'ndcg@40': 0.0576} 
2024-10-08 19:31:59.244 | INFO     | trainer_1:_train_one_epoch:193 - epoch 40 6.33s Train loss is [0.3424] 
2024-10-08 19:32:05.204 | INFO     | trainer_1:_train_one_epoch:201 - validate 40 cost time 5.96s, result: {'hit@1': 0.017, 'ndcg@1': 0.017, 'hit@5': 0.0594, 'ndcg@5': 0.0381, 'hit@10': 0.0966, 'ndcg@10': 0.0501, 'hit@15': 0.1294, 'ndcg@15': 0.0588, 'hit@20': 0.1593, 'ndcg@20': 0.0658, 'hit@40': 0.2529, 'ndcg@40': 0.0849} 
2024-10-08 19:32:12.207 | INFO     | trainer_1:_train_one_epoch:209 - test 40 cost time 7.00s, result: {'hit@1': 0.0112, 'ndcg@1': 0.0112, 'hit@5': 0.0382, 'ndcg@5': 0.0246, 'hit@10': 0.0642, 'ndcg@10': 0.0329, 'hit@15': 0.0877, 'ndcg@15': 0.0391, 'hit@20': 0.1087, 'ndcg@20': 0.0441, 'hit@40': 0.1799, 'ndcg@40': 0.0585} 
2024-10-08 19:32:18.713 | INFO     | trainer_1:_train_one_epoch:193 - epoch 41 6.50s Train loss is [0.3524] 
2024-10-08 19:32:26.078 | INFO     | trainer_1:_train_one_epoch:201 - validate 41 cost time 7.36s, result: {'hit@1': 0.0157, 'ndcg@1': 0.0157, 'hit@5': 0.0585, 'ndcg@5': 0.0373, 'hit@10': 0.0995, 'ndcg@10': 0.0504, 'hit@15': 0.1321, 'ndcg@15': 0.059, 'hit@20': 0.1608, 'ndcg@20': 0.0658, 'hit@40': 0.2549, 'ndcg@40': 0.085} 
2024-10-08 19:32:32.559 | INFO     | trainer_1:_train_one_epoch:209 - test 41 cost time 6.48s, result: {'hit@1': 0.0119, 'ndcg@1': 0.0119, 'hit@5': 0.0396, 'ndcg@5': 0.0255, 'hit@10': 0.0671, 'ndcg@10': 0.0343, 'hit@15': 0.0898, 'ndcg@15': 0.0403, 'hit@20': 0.1117, 'ndcg@20': 0.0455, 'hit@40': 0.1821, 'ndcg@40': 0.0598} 
2024-10-08 19:32:50.360 | INFO     | trainer_1:_train_one_epoch:193 - epoch 42 6.51s Train loss is [0.3488] 
2024-10-08 19:32:57.814 | INFO     | trainer_1:_train_one_epoch:201 - validate 42 cost time 7.45s, result: {'hit@1': 0.0167, 'ndcg@1': 0.0167, 'hit@5': 0.0601, 'ndcg@5': 0.0386, 'hit@10': 0.1014, 'ndcg@10': 0.0519, 'hit@15': 0.1342, 'ndcg@15': 0.0605, 'hit@20': 0.1623, 'ndcg@20': 0.0671, 'hit@40': 0.2576, 'ndcg@40': 0.0865} 
2024-10-08 19:33:04.884 | INFO     | trainer_1:_train_one_epoch:209 - test 42 cost time 7.07s, result: {'hit@1': 0.0117, 'ndcg@1': 0.0117, 'hit@5': 0.0399, 'ndcg@5': 0.0255, 'hit@10': 0.0666, 'ndcg@10': 0.034, 'hit@15': 0.0908, 'ndcg@15': 0.0404, 'hit@20': 0.1133, 'ndcg@20': 0.0457, 'hit@40': 0.1854, 'ndcg@40': 0.0604} 
2024-10-08 19:33:11.186 | INFO     | trainer_1:_train_one_epoch:193 - epoch 43 6.30s Train loss is [0.3533] 
2024-10-08 19:33:17.494 | INFO     | trainer_1:_train_one_epoch:201 - validate 43 cost time 6.31s, result: {'hit@1': 0.0172, 'ndcg@1': 0.0172, 'hit@5': 0.0619, 'ndcg@5': 0.0397, 'hit@10': 0.1036, 'ndcg@10': 0.0531, 'hit@15': 0.1375, 'ndcg@15': 0.062, 'hit@20': 0.1684, 'ndcg@20': 0.0693, 'hit@40': 0.2637, 'ndcg@40': 0.0887} 
2024-10-08 19:33:24.904 | INFO     | trainer_1:_train_one_epoch:209 - test 43 cost time 7.41s, result: {'hit@1': 0.0112, 'ndcg@1': 0.0112, 'hit@5': 0.0438, 'ndcg@5': 0.0273, 'hit@10': 0.0723, 'ndcg@10': 0.0364, 'hit@15': 0.098, 'ndcg@15': 0.0432, 'hit@20': 0.1214, 'ndcg@20': 0.0487, 'hit@40': 0.1945, 'ndcg@40': 0.0636} 
2024-10-08 19:33:42.072 | INFO     | trainer_1:_train_one_epoch:193 - epoch 44 6.25s Train loss is [0.3430] 
2024-10-08 19:33:47.689 | INFO     | trainer_1:_train_one_epoch:201 - validate 44 cost time 5.62s, result: {'hit@1': 0.0159, 'ndcg@1': 0.0159, 'hit@5': 0.0599, 'ndcg@5': 0.0382, 'hit@10': 0.1008, 'ndcg@10': 0.0513, 'hit@15': 0.135, 'ndcg@15': 0.0603, 'hit@20': 0.1631, 'ndcg@20': 0.0669, 'hit@40': 0.2575, 'ndcg@40': 0.0861} 
2024-10-08 19:33:53.503 | INFO     | trainer_1:_train_one_epoch:209 - test 44 cost time 5.81s, result: {'hit@1': 0.0109, 'ndcg@1': 0.0109, 'hit@5': 0.0383, 'ndcg@5': 0.0245, 'hit@10': 0.0655, 'ndcg@10': 0.0332, 'hit@15': 0.0907, 'ndcg@15': 0.0399, 'hit@20': 0.1137, 'ndcg@20': 0.0453, 'hit@40': 0.1874, 'ndcg@40': 0.0603} 
2024-10-08 19:34:00.037 | INFO     | trainer_1:_train_one_epoch:193 - epoch 45 6.53s Train loss is [0.3387] 
2024-10-08 19:34:07.560 | INFO     | trainer_1:_train_one_epoch:201 - validate 45 cost time 7.52s, result: {'hit@1': 0.0171, 'ndcg@1': 0.0171, 'hit@5': 0.0622, 'ndcg@5': 0.04, 'hit@10': 0.1045, 'ndcg@10': 0.0536, 'hit@15': 0.1383, 'ndcg@15': 0.0625, 'hit@20': 0.1688, 'ndcg@20': 0.0697, 'hit@40': 0.2641, 'ndcg@40': 0.0891} 
2024-10-08 19:34:14.984 | INFO     | trainer_1:_train_one_epoch:209 - test 45 cost time 7.42s, result: {'hit@1': 0.0112, 'ndcg@1': 0.0112, 'hit@5': 0.041, 'ndcg@5': 0.0261, 'hit@10': 0.0681, 'ndcg@10': 0.0347, 'hit@15': 0.0927, 'ndcg@15': 0.0412, 'hit@20': 0.1156, 'ndcg@20': 0.0466, 'hit@40': 0.1876, 'ndcg@40': 0.0613} 
2024-10-08 19:34:21.488 | INFO     | trainer_1:_train_one_epoch:193 - epoch 46 6.50s Train loss is [0.3370] 
2024-10-08 19:34:27.385 | INFO     | trainer_1:_train_one_epoch:201 - validate 46 cost time 5.90s, result: {'hit@1': 0.0173, 'ndcg@1': 0.0173, 'hit@5': 0.0609, 'ndcg@5': 0.0393, 'hit@10': 0.0988, 'ndcg@10': 0.0515, 'hit@15': 0.1332, 'ndcg@15': 0.0606, 'hit@20': 0.1622, 'ndcg@20': 0.0674, 'hit@40': 0.2529, 'ndcg@40': 0.0859} 
2024-10-08 19:34:33.478 | INFO     | trainer_1:_train_one_epoch:209 - test 46 cost time 6.09s, result: {'hit@1': 0.0112, 'ndcg@1': 0.0112, 'hit@5': 0.0403, 'ndcg@5': 0.0257, 'hit@10': 0.0673, 'ndcg@10': 0.0343, 'hit@15': 0.0885, 'ndcg@15': 0.0399, 'hit@20': 0.1109, 'ndcg@20': 0.0452, 'hit@40': 0.1814, 'ndcg@40': 0.0595} 
2024-10-08 19:34:40.041 | INFO     | trainer_1:_train_one_epoch:193 - epoch 47 6.56s Train loss is [0.3420] 
2024-10-08 19:34:47.433 | INFO     | trainer_1:_train_one_epoch:201 - validate 47 cost time 7.39s, result: {'hit@1': 0.0175, 'ndcg@1': 0.0175, 'hit@5': 0.0625, 'ndcg@5': 0.0399, 'hit@10': 0.1037, 'ndcg@10': 0.0531, 'hit@15': 0.1377, 'ndcg@15': 0.0621, 'hit@20': 0.167, 'ndcg@20': 0.069, 'hit@40': 0.2571, 'ndcg@40': 0.0874} 
2024-10-08 19:34:54.850 | INFO     | trainer_1:_train_one_epoch:209 - test 47 cost time 7.42s, result: {'hit@1': 0.0112, 'ndcg@1': 0.0112, 'hit@5': 0.041, 'ndcg@5': 0.026, 'hit@10': 0.0681, 'ndcg@10': 0.0347, 'hit@15': 0.0935, 'ndcg@15': 0.0414, 'hit@20': 0.1152, 'ndcg@20': 0.0465, 'hit@40': 0.1847, 'ndcg@40': 0.0607} 
2024-10-08 19:35:01.386 | INFO     | trainer_1:_train_one_epoch:193 - epoch 48 6.53s Train loss is [0.3467] 
2024-10-08 19:35:07.255 | INFO     | trainer_1:_train_one_epoch:201 - validate 48 cost time 5.87s, result: {'hit@1': 0.0176, 'ndcg@1': 0.0176, 'hit@5': 0.0618, 'ndcg@5': 0.0397, 'hit@10': 0.1025, 'ndcg@10': 0.0527, 'hit@15': 0.1372, 'ndcg@15': 0.0619, 'hit@20': 0.1655, 'ndcg@20': 0.0685, 'hit@40': 0.2554, 'ndcg@40': 0.0868} 
2024-10-08 19:35:14.301 | INFO     | trainer_1:_train_one_epoch:209 - test 48 cost time 7.05s, result: {'hit@1': 0.0107, 'ndcg@1': 0.0107, 'hit@5': 0.0415, 'ndcg@5': 0.0261, 'hit@10': 0.0693, 'ndcg@10': 0.035, 'hit@15': 0.0927, 'ndcg@15': 0.0412, 'hit@20': 0.114, 'ndcg@20': 0.0462, 'hit@40': 0.1839, 'ndcg@40': 0.0605} 
2024-10-08 19:35:20.820 | INFO     | trainer_1:_train_one_epoch:193 - epoch 49 6.52s Train loss is [0.3246] 
2024-10-08 19:35:28.288 | INFO     | trainer_1:_train_one_epoch:201 - validate 49 cost time 7.47s, result: {'hit@1': 0.0169, 'ndcg@1': 0.0169, 'hit@5': 0.0614, 'ndcg@5': 0.0394, 'hit@10': 0.102, 'ndcg@10': 0.0524, 'hit@15': 0.1361, 'ndcg@15': 0.0613, 'hit@20': 0.1654, 'ndcg@20': 0.0683, 'hit@40': 0.2577, 'ndcg@40': 0.087} 
2024-10-08 19:35:34.732 | INFO     | trainer_1:_train_one_epoch:209 - test 49 cost time 6.44s, result: {'hit@1': 0.0106, 'ndcg@1': 0.0106, 'hit@5': 0.0392, 'ndcg@5': 0.0249, 'hit@10': 0.0688, 'ndcg@10': 0.0344, 'hit@15': 0.0919, 'ndcg@15': 0.0406, 'hit@20': 0.114, 'ndcg@20': 0.0458, 'hit@40': 0.186, 'ndcg@40': 0.0605} 
2024-10-08 19:35:41.256 | INFO     | trainer_1:_train_one_epoch:193 - epoch 50 6.52s Train loss is [0.3396] 
2024-10-08 19:35:47.872 | INFO     | trainer_1:_train_one_epoch:201 - validate 50 cost time 6.62s, result: {'hit@1': 0.0169, 'ndcg@1': 0.0169, 'hit@5': 0.0626, 'ndcg@5': 0.0399, 'hit@10': 0.1049, 'ndcg@10': 0.0534, 'hit@15': 0.1393, 'ndcg@15': 0.0625, 'hit@20': 0.1678, 'ndcg@20': 0.0692, 'hit@40': 0.2632, 'ndcg@40': 0.0887} 
2024-10-08 19:35:55.250 | INFO     | trainer_1:_train_one_epoch:209 - test 50 cost time 7.38s, result: {'hit@1': 0.0117, 'ndcg@1': 0.0117, 'hit@5': 0.0421, 'ndcg@5': 0.0269, 'hit@10': 0.0699, 'ndcg@10': 0.0358, 'hit@15': 0.0965, 'ndcg@15': 0.0429, 'hit@20': 0.1177, 'ndcg@20': 0.0479, 'hit@40': 0.1908, 'ndcg@40': 0.0628} 
2024-10-08 19:36:01.728 | INFO     | trainer_1:_train_one_epoch:193 - epoch 51 6.48s Train loss is [0.3336] 
2024-10-08 19:36:08.798 | INFO     | trainer_1:_train_one_epoch:201 - validate 51 cost time 7.07s, result: {'hit@1': 0.0172, 'ndcg@1': 0.0172, 'hit@5': 0.0618, 'ndcg@5': 0.0395, 'hit@10': 0.1026, 'ndcg@10': 0.0525, 'hit@15': 0.1346, 'ndcg@15': 0.061, 'hit@20': 0.1628, 'ndcg@20': 0.0677, 'hit@40': 0.2529, 'ndcg@40': 0.086} 
2024-10-08 19:36:14.680 | INFO     | trainer_1:_train_one_epoch:209 - test 51 cost time 5.88s, result: {'hit@1': 0.0113, 'ndcg@1': 0.0113, 'hit@5': 0.0422, 'ndcg@5': 0.0265, 'hit@10': 0.0677, 'ndcg@10': 0.0347, 'hit@15': 0.0926, 'ndcg@15': 0.0413, 'hit@20': 0.1133, 'ndcg@20': 0.0462, 'hit@40': 0.1821, 'ndcg@40': 0.0601} 
2024-10-08 19:36:21.394 | INFO     | trainer_1:_train_one_epoch:193 - epoch 52 6.71s Train loss is [0.3395] 
2024-10-08 19:36:29.006 | INFO     | trainer_1:_train_one_epoch:201 - validate 52 cost time 7.61s, result: {'hit@1': 0.0178, 'ndcg@1': 0.0178, 'hit@5': 0.0635, 'ndcg@5': 0.0409, 'hit@10': 0.1061, 'ndcg@10': 0.0545, 'hit@15': 0.1398, 'ndcg@15': 0.0635, 'hit@20': 0.1702, 'ndcg@20': 0.0706, 'hit@40': 0.2662, 'ndcg@40': 0.0902} 
2024-10-08 19:36:36.390 | INFO     | trainer_1:_train_one_epoch:209 - test 52 cost time 7.38s, result: {'hit@1': 0.011, 'ndcg@1': 0.011, 'hit@5': 0.0401, 'ndcg@5': 0.0255, 'hit@10': 0.0691, 'ndcg@10': 0.0348, 'hit@15': 0.0954, 'ndcg@15': 0.0417, 'hit@20': 0.1166, 'ndcg@20': 0.0468, 'hit@40': 0.1898, 'ndcg@40': 0.0616} 
2024-10-08 19:36:42.914 | INFO     | trainer_1:_train_one_epoch:193 - epoch 53 6.52s Train loss is [0.3361] 
2024-10-08 19:36:47.880 | INFO     | trainer_1:_train_one_epoch:201 - validate 53 cost time 4.97s, result: {'hit@1': 0.0169, 'ndcg@1': 0.0169, 'hit@5': 0.061, 'ndcg@5': 0.039, 'hit@10': 0.1003, 'ndcg@10': 0.0516, 'hit@15': 0.1331, 'ndcg@15': 0.0602, 'hit@20': 0.1637, 'ndcg@20': 0.0675, 'hit@40': 0.2537, 'ndcg@40': 0.0858} 
2024-10-08 19:36:52.848 | INFO     | trainer_1:_train_one_epoch:209 - test 53 cost time 4.97s, result: {'hit@1': 0.0111, 'ndcg@1': 0.0111, 'hit@5': 0.0391, 'ndcg@5': 0.025, 'hit@10': 0.0664, 'ndcg@10': 0.0338, 'hit@15': 0.0915, 'ndcg@15': 0.0404, 'hit@20': 0.1134, 'ndcg@20': 0.0455, 'hit@40': 0.1845, 'ndcg@40': 0.06} 
2024-10-08 19:36:59.202 | INFO     | trainer_1:_train_one_epoch:193 - epoch 54 6.35s Train loss is [0.3277] 
2024-10-08 19:37:05.311 | INFO     | trainer_1:_train_one_epoch:201 - validate 54 cost time 6.11s, result: {'hit@1': 0.0171, 'ndcg@1': 0.0171, 'hit@5': 0.0609, 'ndcg@5': 0.0393, 'hit@10': 0.1007, 'ndcg@10': 0.052, 'hit@15': 0.1347, 'ndcg@15': 0.061, 'hit@20': 0.1646, 'ndcg@20': 0.068, 'hit@40': 0.2551, 'ndcg@40': 0.0865} 
2024-10-08 19:37:12.664 | INFO     | trainer_1:_train_one_epoch:209 - test 54 cost time 7.35s, result: {'hit@1': 0.0108, 'ndcg@1': 0.0108, 'hit@5': 0.039, 'ndcg@5': 0.0247, 'hit@10': 0.0671, 'ndcg@10': 0.0337, 'hit@15': 0.0914, 'ndcg@15': 0.0401, 'hit@20': 0.1119, 'ndcg@20': 0.045, 'hit@40': 0.1851, 'ndcg@40': 0.0599} 
2024-10-08 19:37:19.133 | INFO     | trainer_1:_train_one_epoch:193 - epoch 55 6.47s Train loss is [0.3305] 
2024-10-08 19:37:26.570 | INFO     | trainer_1:_train_one_epoch:201 - validate 55 cost time 7.44s, result: {'hit@1': 0.0161, 'ndcg@1': 0.0161, 'hit@5': 0.0579, 'ndcg@5': 0.0372, 'hit@10': 0.0972, 'ndcg@10': 0.0498, 'hit@15': 0.1317, 'ndcg@15': 0.0588, 'hit@20': 0.1627, 'ndcg@20': 0.0661, 'hit@40': 0.2514, 'ndcg@40': 0.0842} 
2024-10-08 19:37:32.490 | INFO     | trainer_1:_train_one_epoch:209 - test 55 cost time 5.92s, result: {'hit@1': 0.011, 'ndcg@1': 0.011, 'hit@5': 0.0385, 'ndcg@5': 0.0246, 'hit@10': 0.0662, 'ndcg@10': 0.0335, 'hit@15': 0.0902, 'ndcg@15': 0.0398, 'hit@20': 0.1108, 'ndcg@20': 0.0447, 'hit@40': 0.1816, 'ndcg@40': 0.0591} 
2024-10-08 19:37:39.159 | INFO     | trainer_1:_train_one_epoch:193 - epoch 56 6.67s Train loss is [0.3331] 
2024-10-08 19:37:46.428 | INFO     | trainer_1:_train_one_epoch:201 - validate 56 cost time 7.27s, result: {'hit@1': 0.0162, 'ndcg@1': 0.0162, 'hit@5': 0.0635, 'ndcg@5': 0.0398, 'hit@10': 0.1024, 'ndcg@10': 0.0522, 'hit@15': 0.1366, 'ndcg@15': 0.0612, 'hit@20': 0.1691, 'ndcg@20': 0.0689, 'hit@40': 0.2642, 'ndcg@40': 0.0883} 
2024-10-08 19:37:53.732 | INFO     | trainer_1:_train_one_epoch:209 - test 56 cost time 7.30s, result: {'hit@1': 0.011, 'ndcg@1': 0.011, 'hit@5': 0.0401, 'ndcg@5': 0.0254, 'hit@10': 0.0686, 'ndcg@10': 0.0345, 'hit@15': 0.0945, 'ndcg@15': 0.0414, 'hit@20': 0.1168, 'ndcg@20': 0.0466, 'hit@40': 0.1906, 'ndcg@40': 0.0616} 
2024-10-08 19:38:00.199 | INFO     | trainer_1:_train_one_epoch:193 - epoch 57 6.47s Train loss is [0.3241] 
2024-10-08 19:38:06.578 | INFO     | trainer_1:_train_one_epoch:201 - validate 57 cost time 6.38s, result: {'hit@1': 0.0175, 'ndcg@1': 0.0175, 'hit@5': 0.0629, 'ndcg@5': 0.0403, 'hit@10': 0.1043, 'ndcg@10': 0.0537, 'hit@15': 0.1383, 'ndcg@15': 0.0626, 'hit@20': 0.1693, 'ndcg@20': 0.0699, 'hit@40': 0.2599, 'ndcg@40': 0.0883} 
2024-10-08 19:38:12.439 | INFO     | trainer_1:_train_one_epoch:209 - test 57 cost time 5.86s, result: {'hit@1': 0.0109, 'ndcg@1': 0.0109, 'hit@5': 0.0416, 'ndcg@5': 0.0259, 'hit@10': 0.0704, 'ndcg@10': 0.0351, 'hit@15': 0.0949, 'ndcg@15': 0.0416, 'hit@20': 0.1184, 'ndcg@20': 0.0472, 'hit@40': 0.1922, 'ndcg@40': 0.0622} 
2024-10-08 19:38:12.450 | INFO     | trainer_1:train_model:163 - training end, best iteration 52, results: {'hit@1': 0.0172, 'ndcg@1': 0.0172, 'hit@5': 0.0619, 'ndcg@5': 0.0397, 'hit@10': 0.1036, 'ndcg@10': 0.0531, 'hit@15': 0.1375, 'ndcg@15': 0.062, 'hit@20': 0.1684, 'ndcg@20': 0.0693, 'hit@40': 0.2637, 'ndcg@40': 0.0887}
2024-10-08 19:38:12.450 | INFO     | trainer_1:train_model:166 - final test result is:  {'hit@1': 0.0112, 'ndcg@1': 0.0112, 'hit@5': 0.0438, 'ndcg@5': 0.0273, 'hit@10': 0.0723, 'ndcg@10': 0.0364, 'hit@15': 0.098, 'ndcg@15': 0.0432, 'hit@20': 0.1214, 'ndcg@20': 0.0487, 'hit@40': 0.1945, 'ndcg@40': 0.0636}
2024-10-08 19:38:12.741 | INFO     | __main__:<module>:119 - train end total cost time: 3690.0502560138702
