2024-10-08 21:46:59.575 | INFO     | __main__:<module>:105 - Namespace(TIME='2024-10-08 21_46_27', batch_size=1024, behaviors=['view', 'cart', 'buy'], check_point='model_pre_1_2024-10-08 11_17_41.pth', data_name='beibei', data_path='./data/beibei', decay=0.001, device='cuda:1', dim_qk=32, dim_v=64, distill_layers=2, distill_thres=0.5, distill_topK=20, distill_userK=8, embedding_size=64, epochs=100, gpu_no=1, if_load_model=True, ii_lambda=200, initializer_range=0.02, layers=2, loss_type='bpr', lr=0.001, message_dropout=0.25, metrics=['hit', 'ndcg'], min_epoch=5, model_name='main_1', model_path='./check_point', node_dropout=0.75, omega=1, pt_loop=50, reg_weight=0.001, test_batch_size=1024, testbatch=1024, topk=[1, 5, 10, 15, 20, 40], uu_lambda=100)
2024-10-08 21:46:59.575 | INFO     | __main__:<module>:106 - BIPN(
  (message_dropout): Dropout(p=0.25, inplace=False)
  (user_embedding): Embedding(21717, 64, padding_idx=0)
  (item_embedding): Embedding(7978, 64, padding_idx=0)
  (global_Graph): LightGCN()
  (Graph_encoder): ModuleDict(
    (view): GraphEncoder(
      (light): LightGCN()
      (dropout): Dropout(p=0.75, inplace=False)
    )
    (cart): GraphEncoder(
      (light): LightGCN()
      (dropout): Dropout(p=0.75, inplace=False)
    )
    (buy): GraphEncoder(
      (light): LightGCN()
      (dropout): Dropout(p=0.75, inplace=False)
    )
  )
  (attention): Mutual_Attention()
  (bpr_loss): BPRLoss()
  (emb_loss): EmbLoss()
  (f): Sigmoid()
)
2024-10-08 22:29:43.122 | INFO     | trainer_1:_train_one_epoch:193 - epoch 1 6.37s Train loss is [0.9465] 
2024-10-08 22:29:53.023 | INFO     | trainer_1:_train_one_epoch:201 - validate 1 cost time 9.90s, result: {'hit@1': 0.0064, 'ndcg@1': 0.0064, 'hit@5': 0.0278, 'ndcg@5': 0.017, 'hit@10': 0.0496, 'ndcg@10': 0.024, 'hit@15': 0.0683, 'ndcg@15': 0.0289, 'hit@20': 0.086, 'ndcg@20': 0.0331, 'hit@40': 0.149, 'ndcg@40': 0.0459} 
2024-10-08 22:30:02.793 | INFO     | trainer_1:_train_one_epoch:209 - test 1 cost time 9.77s, result: {'hit@1': 0.0041, 'ndcg@1': 0.0041, 'hit@5': 0.0177, 'ndcg@5': 0.0107, 'hit@10': 0.0345, 'ndcg@10': 0.0161, 'hit@15': 0.0485, 'ndcg@15': 0.0198, 'hit@20': 0.0613, 'ndcg@20': 0.0228, 'hit@40': 0.1131, 'ndcg@40': 0.0333} 
2024-10-08 22:30:19.239 | INFO     | trainer_1:_train_one_epoch:193 - epoch 2 6.27s Train loss is [0.7204] 
2024-10-08 22:30:29.143 | INFO     | trainer_1:_train_one_epoch:201 - validate 2 cost time 9.90s, result: {'hit@1': 0.0094, 'ndcg@1': 0.0094, 'hit@5': 0.0348, 'ndcg@5': 0.0219, 'hit@10': 0.0604, 'ndcg@10': 0.0301, 'hit@15': 0.0825, 'ndcg@15': 0.036, 'hit@20': 0.1022, 'ndcg@20': 0.0406, 'hit@40': 0.1669, 'ndcg@40': 0.0538} 
2024-10-08 22:30:38.946 | INFO     | trainer_1:_train_one_epoch:209 - test 2 cost time 9.80s, result: {'hit@1': 0.0051, 'ndcg@1': 0.0051, 'hit@5': 0.0221, 'ndcg@5': 0.0134, 'hit@10': 0.041, 'ndcg@10': 0.0195, 'hit@15': 0.0573, 'ndcg@15': 0.0238, 'hit@20': 0.0725, 'ndcg@20': 0.0273, 'hit@40': 0.1218, 'ndcg@40': 0.0374} 
2024-10-08 22:30:56.178 | INFO     | trainer_1:_train_one_epoch:193 - epoch 3 6.28s Train loss is [0.6425] 
2024-10-08 22:31:06.018 | INFO     | trainer_1:_train_one_epoch:201 - validate 3 cost time 9.84s, result: {'hit@1': 0.0076, 'ndcg@1': 0.0076, 'hit@5': 0.0321, 'ndcg@5': 0.0196, 'hit@10': 0.0591, 'ndcg@10': 0.0282, 'hit@15': 0.0839, 'ndcg@15': 0.0348, 'hit@20': 0.1037, 'ndcg@20': 0.0394, 'hit@40': 0.1754, 'ndcg@40': 0.054} 
2024-10-08 22:31:15.775 | INFO     | trainer_1:_train_one_epoch:209 - test 3 cost time 9.76s, result: {'hit@1': 0.0042, 'ndcg@1': 0.0042, 'hit@5': 0.0199, 'ndcg@5': 0.012, 'hit@10': 0.0387, 'ndcg@10': 0.0179, 'hit@15': 0.0559, 'ndcg@15': 0.0225, 'hit@20': 0.0718, 'ndcg@20': 0.0262, 'hit@40': 0.1265, 'ndcg@40': 0.0374} 
2024-10-08 22:31:22.001 | INFO     | trainer_1:_train_one_epoch:193 - epoch 4 6.23s Train loss is [0.5916] 
2024-10-08 22:31:31.843 | INFO     | trainer_1:_train_one_epoch:201 - validate 4 cost time 9.84s, result: {'hit@1': 0.0081, 'ndcg@1': 0.0081, 'hit@5': 0.0318, 'ndcg@5': 0.0198, 'hit@10': 0.0568, 'ndcg@10': 0.0278, 'hit@15': 0.0794, 'ndcg@15': 0.0337, 'hit@20': 0.1, 'ndcg@20': 0.0386, 'hit@40': 0.1655, 'ndcg@40': 0.0519} 
2024-10-08 22:31:41.596 | INFO     | trainer_1:_train_one_epoch:209 - test 4 cost time 9.75s, result: {'hit@1': 0.0043, 'ndcg@1': 0.0043, 'hit@5': 0.018, 'ndcg@5': 0.0111, 'hit@10': 0.0342, 'ndcg@10': 0.0162, 'hit@15': 0.0506, 'ndcg@15': 0.0206, 'hit@20': 0.0669, 'ndcg@20': 0.0244, 'hit@40': 0.1171, 'ndcg@40': 0.0346} 
2024-10-08 22:31:47.964 | INFO     | trainer_1:_train_one_epoch:193 - epoch 5 6.37s Train loss is [0.5520] 
2024-10-08 22:31:57.801 | INFO     | trainer_1:_train_one_epoch:201 - validate 5 cost time 9.84s, result: {'hit@1': 0.0128, 'ndcg@1': 0.0128, 'hit@5': 0.0381, 'ndcg@5': 0.0253, 'hit@10': 0.0659, 'ndcg@10': 0.0341, 'hit@15': 0.0903, 'ndcg@15': 0.0406, 'hit@20': 0.1107, 'ndcg@20': 0.0454, 'hit@40': 0.1791, 'ndcg@40': 0.0593} 
2024-10-08 22:32:07.130 | INFO     | trainer_1:_train_one_epoch:209 - test 5 cost time 9.33s, result: {'hit@1': 0.0063, 'ndcg@1': 0.0063, 'hit@5': 0.0216, 'ndcg@5': 0.0137, 'hit@10': 0.0402, 'ndcg@10': 0.0197, 'hit@15': 0.0575, 'ndcg@15': 0.0242, 'hit@20': 0.0713, 'ndcg@20': 0.0275, 'hit@40': 0.1206, 'ndcg@40': 0.0375} 
2024-10-08 22:32:13.285 | INFO     | trainer_1:_train_one_epoch:193 - epoch 6 6.15s Train loss is [0.5287] 
2024-10-08 22:32:19.180 | INFO     | trainer_1:_train_one_epoch:201 - validate 6 cost time 5.89s, result: {'hit@1': 0.013, 'ndcg@1': 0.013, 'hit@5': 0.0415, 'ndcg@5': 0.0272, 'hit@10': 0.0674, 'ndcg@10': 0.0354, 'hit@15': 0.0928, 'ndcg@15': 0.0421, 'hit@20': 0.115, 'ndcg@20': 0.0473, 'hit@40': 0.1872, 'ndcg@40': 0.062} 
2024-10-08 22:32:25.631 | INFO     | trainer_1:_train_one_epoch:209 - test 6 cost time 6.45s, result: {'hit@1': 0.0071, 'ndcg@1': 0.0071, 'hit@5': 0.0243, 'ndcg@5': 0.0155, 'hit@10': 0.0426, 'ndcg@10': 0.0214, 'hit@15': 0.0592, 'ndcg@15': 0.0257, 'hit@20': 0.0745, 'ndcg@20': 0.0294, 'hit@40': 0.1266, 'ndcg@40': 0.04} 
2024-10-08 22:32:42.429 | INFO     | trainer_1:_train_one_epoch:193 - epoch 7 6.28s Train loss is [0.5263] 
2024-10-08 22:32:49.579 | INFO     | trainer_1:_train_one_epoch:201 - validate 7 cost time 7.15s, result: {'hit@1': 0.0119, 'ndcg@1': 0.0119, 'hit@5': 0.0429, 'ndcg@5': 0.0272, 'hit@10': 0.0722, 'ndcg@10': 0.0365, 'hit@15': 0.0987, 'ndcg@15': 0.0435, 'hit@20': 0.1237, 'ndcg@20': 0.0494, 'hit@40': 0.1958, 'ndcg@40': 0.0641} 
2024-10-08 22:32:54.522 | INFO     | trainer_1:_train_one_epoch:209 - test 7 cost time 4.94s, result: {'hit@1': 0.0066, 'ndcg@1': 0.0066, 'hit@5': 0.0244, 'ndcg@5': 0.0155, 'hit@10': 0.043, 'ndcg@10': 0.0214, 'hit@15': 0.0615, 'ndcg@15': 0.0263, 'hit@20': 0.0785, 'ndcg@20': 0.0303, 'hit@40': 0.134, 'ndcg@40': 0.0415} 
2024-10-08 22:33:11.597 | INFO     | trainer_1:_train_one_epoch:193 - epoch 8 6.31s Train loss is [0.4933] 
2024-10-08 22:33:20.585 | INFO     | trainer_1:_train_one_epoch:201 - validate 8 cost time 8.99s, result: {'hit@1': 0.0093, 'ndcg@1': 0.0093, 'hit@5': 0.0385, 'ndcg@5': 0.0236, 'hit@10': 0.0683, 'ndcg@10': 0.0332, 'hit@15': 0.0943, 'ndcg@15': 0.04, 'hit@20': 0.1197, 'ndcg@20': 0.046, 'hit@40': 0.199, 'ndcg@40': 0.0621} 
2024-10-08 22:33:29.419 | INFO     | trainer_1:_train_one_epoch:209 - test 8 cost time 8.83s, result: {'hit@1': 0.0054, 'ndcg@1': 0.0054, 'hit@5': 0.0229, 'ndcg@5': 0.0141, 'hit@10': 0.0421, 'ndcg@10': 0.0203, 'hit@15': 0.0602, 'ndcg@15': 0.0251, 'hit@20': 0.0779, 'ndcg@20': 0.0292, 'hit@40': 0.1366, 'ndcg@40': 0.0411} 
2024-10-08 22:33:35.467 | INFO     | trainer_1:_train_one_epoch:193 - epoch 9 6.05s Train loss is [0.4799] 
2024-10-08 22:33:40.432 | INFO     | trainer_1:_train_one_epoch:201 - validate 9 cost time 4.96s, result: {'hit@1': 0.0117, 'ndcg@1': 0.0117, 'hit@5': 0.0448, 'ndcg@5': 0.028, 'hit@10': 0.0773, 'ndcg@10': 0.0384, 'hit@15': 0.1042, 'ndcg@15': 0.0455, 'hit@20': 0.1287, 'ndcg@20': 0.0513, 'hit@40': 0.2076, 'ndcg@40': 0.0674} 
2024-10-08 22:33:46.566 | INFO     | trainer_1:_train_one_epoch:209 - test 9 cost time 6.13s, result: {'hit@1': 0.0069, 'ndcg@1': 0.0069, 'hit@5': 0.0261, 'ndcg@5': 0.0164, 'hit@10': 0.046, 'ndcg@10': 0.0227, 'hit@15': 0.0673, 'ndcg@15': 0.0284, 'hit@20': 0.0849, 'ndcg@20': 0.0325, 'hit@40': 0.1443, 'ndcg@40': 0.0446} 
2024-10-08 22:34:04.173 | INFO     | trainer_1:_train_one_epoch:193 - epoch 10 7.00s Train loss is [0.4709] 
2024-10-08 22:34:11.604 | INFO     | trainer_1:_train_one_epoch:201 - validate 10 cost time 7.43s, result: {'hit@1': 0.0131, 'ndcg@1': 0.0131, 'hit@5': 0.0461, 'ndcg@5': 0.0295, 'hit@10': 0.0787, 'ndcg@10': 0.0399, 'hit@15': 0.1047, 'ndcg@15': 0.0468, 'hit@20': 0.1272, 'ndcg@20': 0.0521, 'hit@40': 0.2101, 'ndcg@40': 0.069} 
2024-10-08 22:34:16.482 | INFO     | trainer_1:_train_one_epoch:209 - test 10 cost time 4.88s, result: {'hit@1': 0.0073, 'ndcg@1': 0.0073, 'hit@5': 0.028, 'ndcg@5': 0.0175, 'hit@10': 0.049, 'ndcg@10': 0.0242, 'hit@15': 0.0683, 'ndcg@15': 0.0293, 'hit@20': 0.0852, 'ndcg@20': 0.0333, 'hit@40': 0.1443, 'ndcg@40': 0.0453} 
2024-10-08 22:34:33.451 | INFO     | trainer_1:_train_one_epoch:193 - epoch 11 6.48s Train loss is [0.4642] 
2024-10-08 22:34:42.432 | INFO     | trainer_1:_train_one_epoch:201 - validate 11 cost time 8.98s, result: {'hit@1': 0.0107, 'ndcg@1': 0.0107, 'hit@5': 0.0409, 'ndcg@5': 0.0259, 'hit@10': 0.07, 'ndcg@10': 0.0353, 'hit@15': 0.0957, 'ndcg@15': 0.042, 'hit@20': 0.1184, 'ndcg@20': 0.0474, 'hit@40': 0.1906, 'ndcg@40': 0.0621} 
2024-10-08 22:34:51.245 | INFO     | trainer_1:_train_one_epoch:209 - test 11 cost time 8.81s, result: {'hit@1': 0.0065, 'ndcg@1': 0.0065, 'hit@5': 0.0262, 'ndcg@5': 0.0162, 'hit@10': 0.0471, 'ndcg@10': 0.0229, 'hit@15': 0.0639, 'ndcg@15': 0.0273, 'hit@20': 0.0801, 'ndcg@20': 0.0311, 'hit@40': 0.1343, 'ndcg@40': 0.0422} 
2024-10-08 22:34:57.657 | INFO     | trainer_1:_train_one_epoch:193 - epoch 12 6.41s Train loss is [0.4608] 
2024-10-08 22:35:02.618 | INFO     | trainer_1:_train_one_epoch:201 - validate 12 cost time 4.96s, result: {'hit@1': 0.0101, 'ndcg@1': 0.0101, 'hit@5': 0.0406, 'ndcg@5': 0.0253, 'hit@10': 0.0708, 'ndcg@10': 0.0349, 'hit@15': 0.096, 'ndcg@15': 0.0416, 'hit@20': 0.1195, 'ndcg@20': 0.0471, 'hit@40': 0.2014, 'ndcg@40': 0.0638} 
2024-10-08 22:35:08.089 | INFO     | trainer_1:_train_one_epoch:209 - test 12 cost time 5.47s, result: {'hit@1': 0.0073, 'ndcg@1': 0.0073, 'hit@5': 0.0263, 'ndcg@5': 0.0165, 'hit@10': 0.0474, 'ndcg@10': 0.0232, 'hit@15': 0.066, 'ndcg@15': 0.0281, 'hit@20': 0.0834, 'ndcg@20': 0.0322, 'hit@40': 0.1419, 'ndcg@40': 0.0442} 
2024-10-08 22:35:14.527 | INFO     | trainer_1:_train_one_epoch:193 - epoch 13 6.44s Train loss is [0.4438] 
2024-10-08 22:35:22.425 | INFO     | trainer_1:_train_one_epoch:201 - validate 13 cost time 7.90s, result: {'hit@1': 0.0119, 'ndcg@1': 0.0119, 'hit@5': 0.045, 'ndcg@5': 0.0285, 'hit@10': 0.0756, 'ndcg@10': 0.0383, 'hit@15': 0.1011, 'ndcg@15': 0.045, 'hit@20': 0.1253, 'ndcg@20': 0.0507, 'hit@40': 0.2035, 'ndcg@40': 0.0666} 
2024-10-08 22:35:31.319 | INFO     | trainer_1:_train_one_epoch:209 - test 13 cost time 8.89s, result: {'hit@1': 0.0075, 'ndcg@1': 0.0075, 'hit@5': 0.0284, 'ndcg@5': 0.0178, 'hit@10': 0.0499, 'ndcg@10': 0.0247, 'hit@15': 0.0674, 'ndcg@15': 0.0293, 'hit@20': 0.0854, 'ndcg@20': 0.0336, 'hit@40': 0.1466, 'ndcg@40': 0.046} 
2024-10-08 22:35:48.008 | INFO     | trainer_1:_train_one_epoch:193 - epoch 14 6.21s Train loss is [0.4398] 
2024-10-08 22:35:53.920 | INFO     | trainer_1:_train_one_epoch:201 - validate 14 cost time 5.91s, result: {'hit@1': 0.0126, 'ndcg@1': 0.0126, 'hit@5': 0.0449, 'ndcg@5': 0.0287, 'hit@10': 0.0772, 'ndcg@10': 0.039, 'hit@15': 0.101, 'ndcg@15': 0.0453, 'hit@20': 0.1261, 'ndcg@20': 0.0512, 'hit@40': 0.2063, 'ndcg@40': 0.0675} 
2024-10-08 22:36:00.190 | INFO     | trainer_1:_train_one_epoch:209 - test 14 cost time 6.27s, result: {'hit@1': 0.0078, 'ndcg@1': 0.0078, 'hit@5': 0.03, 'ndcg@5': 0.0188, 'hit@10': 0.0506, 'ndcg@10': 0.0254, 'hit@15': 0.0706, 'ndcg@15': 0.0307, 'hit@20': 0.087, 'ndcg@20': 0.0346, 'hit@40': 0.1448, 'ndcg@40': 0.0463} 
2024-10-08 22:36:17.428 | INFO     | trainer_1:_train_one_epoch:193 - epoch 15 6.24s Train loss is [0.4238] 
2024-10-08 22:36:23.503 | INFO     | trainer_1:_train_one_epoch:201 - validate 15 cost time 6.08s, result: {'hit@1': 0.0114, 'ndcg@1': 0.0114, 'hit@5': 0.0466, 'ndcg@5': 0.029, 'hit@10': 0.0773, 'ndcg@10': 0.0389, 'hit@15': 0.105, 'ndcg@15': 0.0462, 'hit@20': 0.1293, 'ndcg@20': 0.052, 'hit@40': 0.2069, 'ndcg@40': 0.0678} 
2024-10-08 22:36:29.315 | INFO     | trainer_1:_train_one_epoch:209 - test 15 cost time 5.81s, result: {'hit@1': 0.0077, 'ndcg@1': 0.0077, 'hit@5': 0.0297, 'ndcg@5': 0.0187, 'hit@10': 0.0519, 'ndcg@10': 0.0258, 'hit@15': 0.0704, 'ndcg@15': 0.0307, 'hit@20': 0.0883, 'ndcg@20': 0.0349, 'hit@40': 0.15, 'ndcg@40': 0.0474} 
2024-10-08 22:36:45.900 | INFO     | trainer_1:_train_one_epoch:193 - epoch 16 6.18s Train loss is [0.4269] 
2024-10-08 22:36:52.938 | INFO     | trainer_1:_train_one_epoch:201 - validate 16 cost time 7.04s, result: {'hit@1': 0.0128, 'ndcg@1': 0.0128, 'hit@5': 0.0478, 'ndcg@5': 0.0303, 'hit@10': 0.0795, 'ndcg@10': 0.0404, 'hit@15': 0.1076, 'ndcg@15': 0.0479, 'hit@20': 0.1324, 'ndcg@20': 0.0537, 'hit@40': 0.2161, 'ndcg@40': 0.0707} 
2024-10-08 22:36:57.782 | INFO     | trainer_1:_train_one_epoch:209 - test 16 cost time 4.84s, result: {'hit@1': 0.0076, 'ndcg@1': 0.0076, 'hit@5': 0.0303, 'ndcg@5': 0.019, 'hit@10': 0.0529, 'ndcg@10': 0.0261, 'hit@15': 0.0717, 'ndcg@15': 0.0311, 'hit@20': 0.0902, 'ndcg@20': 0.0355, 'hit@40': 0.1532, 'ndcg@40': 0.0483} 
2024-10-08 22:37:14.800 | INFO     | trainer_1:_train_one_epoch:193 - epoch 17 6.25s Train loss is [0.4125] 
2024-10-08 22:37:22.177 | INFO     | trainer_1:_train_one_epoch:201 - validate 17 cost time 7.38s, result: {'hit@1': 0.0124, 'ndcg@1': 0.0124, 'hit@5': 0.0453, 'ndcg@5': 0.0287, 'hit@10': 0.0751, 'ndcg@10': 0.0383, 'hit@15': 0.1004, 'ndcg@15': 0.045, 'hit@20': 0.1226, 'ndcg@20': 0.0502, 'hit@40': 0.2014, 'ndcg@40': 0.0662} 
2024-10-08 22:37:29.345 | INFO     | trainer_1:_train_one_epoch:209 - test 17 cost time 7.17s, result: {'hit@1': 0.0069, 'ndcg@1': 0.0069, 'hit@5': 0.029, 'ndcg@5': 0.0179, 'hit@10': 0.0487, 'ndcg@10': 0.0242, 'hit@15': 0.0663, 'ndcg@15': 0.0289, 'hit@20': 0.0844, 'ndcg@20': 0.0332, 'hit@40': 0.1416, 'ndcg@40': 0.0448} 
2024-10-08 22:37:35.485 | INFO     | trainer_1:_train_one_epoch:193 - epoch 18 6.14s Train loss is [0.4026] 
2024-10-08 22:37:41.680 | INFO     | trainer_1:_train_one_epoch:201 - validate 18 cost time 6.19s, result: {'hit@1': 0.0145, 'ndcg@1': 0.0145, 'hit@5': 0.0497, 'ndcg@5': 0.0321, 'hit@10': 0.0845, 'ndcg@10': 0.0433, 'hit@15': 0.1106, 'ndcg@15': 0.0502, 'hit@20': 0.1366, 'ndcg@20': 0.0563, 'hit@40': 0.2196, 'ndcg@40': 0.0732} 
2024-10-08 22:37:47.577 | INFO     | trainer_1:_train_one_epoch:209 - test 18 cost time 5.90s, result: {'hit@1': 0.0075, 'ndcg@1': 0.0075, 'hit@5': 0.0326, 'ndcg@5': 0.0202, 'hit@10': 0.0571, 'ndcg@10': 0.028, 'hit@15': 0.0774, 'ndcg@15': 0.0334, 'hit@20': 0.0964, 'ndcg@20': 0.0379, 'hit@40': 0.1618, 'ndcg@40': 0.0512} 
2024-10-08 22:38:04.395 | INFO     | trainer_1:_train_one_epoch:193 - epoch 19 6.35s Train loss is [0.4050] 
2024-10-08 22:38:10.970 | INFO     | trainer_1:_train_one_epoch:201 - validate 19 cost time 6.58s, result: {'hit@1': 0.0152, 'ndcg@1': 0.0152, 'hit@5': 0.0519, 'ndcg@5': 0.0336, 'hit@10': 0.086, 'ndcg@10': 0.0445, 'hit@15': 0.1157, 'ndcg@15': 0.0524, 'hit@20': 0.1402, 'ndcg@20': 0.0582, 'hit@40': 0.2299, 'ndcg@40': 0.0764} 
2024-10-08 22:38:15.818 | INFO     | trainer_1:_train_one_epoch:209 - test 19 cost time 4.85s, result: {'hit@1': 0.0086, 'ndcg@1': 0.0086, 'hit@5': 0.0338, 'ndcg@5': 0.0213, 'hit@10': 0.0583, 'ndcg@10': 0.0292, 'hit@15': 0.0792, 'ndcg@15': 0.0347, 'hit@20': 0.0985, 'ndcg@20': 0.0392, 'hit@40': 0.1644, 'ndcg@40': 0.0526} 
2024-10-08 22:38:32.547 | INFO     | trainer_1:_train_one_epoch:193 - epoch 20 6.30s Train loss is [0.3894] 
2024-10-08 22:38:39.906 | INFO     | trainer_1:_train_one_epoch:201 - validate 20 cost time 7.36s, result: {'hit@1': 0.0141, 'ndcg@1': 0.0141, 'hit@5': 0.0513, 'ndcg@5': 0.0328, 'hit@10': 0.0865, 'ndcg@10': 0.0441, 'hit@15': 0.1169, 'ndcg@15': 0.0521, 'hit@20': 0.1445, 'ndcg@20': 0.0586, 'hit@40': 0.2289, 'ndcg@40': 0.0758} 
2024-10-08 22:38:47.084 | INFO     | trainer_1:_train_one_epoch:209 - test 20 cost time 7.18s, result: {'hit@1': 0.0102, 'ndcg@1': 0.0102, 'hit@5': 0.0348, 'ndcg@5': 0.0224, 'hit@10': 0.0588, 'ndcg@10': 0.03, 'hit@15': 0.0802, 'ndcg@15': 0.0357, 'hit@20': 0.0989, 'ndcg@20': 0.0401, 'hit@40': 0.1642, 'ndcg@40': 0.0534} 
2024-10-08 22:39:03.813 | INFO     | trainer_1:_train_one_epoch:193 - epoch 21 6.33s Train loss is [0.3931] 
2024-10-08 22:39:09.806 | INFO     | trainer_1:_train_one_epoch:201 - validate 21 cost time 5.99s, result: {'hit@1': 0.0155, 'ndcg@1': 0.0155, 'hit@5': 0.0553, 'ndcg@5': 0.0354, 'hit@10': 0.0922, 'ndcg@10': 0.0472, 'hit@15': 0.121, 'ndcg@15': 0.0548, 'hit@20': 0.148, 'ndcg@20': 0.0612, 'hit@40': 0.2318, 'ndcg@40': 0.0782} 
2024-10-08 22:39:16.232 | INFO     | trainer_1:_train_one_epoch:209 - test 21 cost time 6.42s, result: {'hit@1': 0.0094, 'ndcg@1': 0.0094, 'hit@5': 0.0357, 'ndcg@5': 0.0225, 'hit@10': 0.0606, 'ndcg@10': 0.0304, 'hit@15': 0.082, 'ndcg@15': 0.0361, 'hit@20': 0.1013, 'ndcg@20': 0.0407, 'hit@40': 0.1654, 'ndcg@40': 0.0537} 
2024-10-08 22:39:32.976 | INFO     | trainer_1:_train_one_epoch:193 - epoch 22 6.37s Train loss is [0.3925] 
2024-10-08 22:39:37.872 | INFO     | trainer_1:_train_one_epoch:201 - validate 22 cost time 4.90s, result: {'hit@1': 0.0161, 'ndcg@1': 0.0161, 'hit@5': 0.0556, 'ndcg@5': 0.0358, 'hit@10': 0.0909, 'ndcg@10': 0.0471, 'hit@15': 0.1196, 'ndcg@15': 0.0547, 'hit@20': 0.1452, 'ndcg@20': 0.0607, 'hit@40': 0.2284, 'ndcg@40': 0.0777} 
2024-10-08 22:39:43.249 | INFO     | trainer_1:_train_one_epoch:209 - test 22 cost time 5.38s, result: {'hit@1': 0.009, 'ndcg@1': 0.009, 'hit@5': 0.0357, 'ndcg@5': 0.0222, 'hit@10': 0.0627, 'ndcg@10': 0.0308, 'hit@15': 0.0833, 'ndcg@15': 0.0363, 'hit@20': 0.1026, 'ndcg@20': 0.0408, 'hit@40': 0.1638, 'ndcg@40': 0.0532} 
2024-10-08 22:40:00.081 | INFO     | trainer_1:_train_one_epoch:193 - epoch 23 6.51s Train loss is [0.3864] 
2024-10-08 22:40:07.416 | INFO     | trainer_1:_train_one_epoch:201 - validate 23 cost time 7.33s, result: {'hit@1': 0.016, 'ndcg@1': 0.016, 'hit@5': 0.0556, 'ndcg@5': 0.0359, 'hit@10': 0.0914, 'ndcg@10': 0.0474, 'hit@15': 0.1224, 'ndcg@15': 0.0556, 'hit@20': 0.1494, 'ndcg@20': 0.0619, 'hit@40': 0.2379, 'ndcg@40': 0.0799} 
2024-10-08 22:40:14.829 | INFO     | trainer_1:_train_one_epoch:209 - test 23 cost time 7.41s, result: {'hit@1': 0.0085, 'ndcg@1': 0.0085, 'hit@5': 0.0373, 'ndcg@5': 0.0228, 'hit@10': 0.0628, 'ndcg@10': 0.031, 'hit@15': 0.0845, 'ndcg@15': 0.0367, 'hit@20': 0.1061, 'ndcg@20': 0.0418, 'hit@40': 0.1713, 'ndcg@40': 0.0551} 
2024-10-08 22:40:32.303 | INFO     | trainer_1:_train_one_epoch:193 - epoch 24 6.39s Train loss is [0.3803] 
2024-10-08 22:40:39.696 | INFO     | trainer_1:_train_one_epoch:201 - validate 24 cost time 7.39s, result: {'hit@1': 0.0158, 'ndcg@1': 0.0158, 'hit@5': 0.0574, 'ndcg@5': 0.0367, 'hit@10': 0.0953, 'ndcg@10': 0.0489, 'hit@15': 0.127, 'ndcg@15': 0.0572, 'hit@20': 0.153, 'ndcg@20': 0.0634, 'hit@40': 0.2387, 'ndcg@40': 0.0808} 
2024-10-08 22:40:46.968 | INFO     | trainer_1:_train_one_epoch:209 - test 24 cost time 7.27s, result: {'hit@1': 0.01, 'ndcg@1': 0.01, 'hit@5': 0.0369, 'ndcg@5': 0.0234, 'hit@10': 0.0635, 'ndcg@10': 0.032, 'hit@15': 0.0853, 'ndcg@15': 0.0377, 'hit@20': 0.1054, 'ndcg@20': 0.0425, 'hit@40': 0.1681, 'ndcg@40': 0.0552} 
2024-10-08 22:41:03.820 | INFO     | trainer_1:_train_one_epoch:193 - epoch 25 6.36s Train loss is [0.3803] 
2024-10-08 22:41:09.844 | INFO     | trainer_1:_train_one_epoch:201 - validate 25 cost time 6.02s, result: {'hit@1': 0.0164, 'ndcg@1': 0.0164, 'hit@5': 0.0578, 'ndcg@5': 0.0373, 'hit@10': 0.0943, 'ndcg@10': 0.049, 'hit@15': 0.1241, 'ndcg@15': 0.0569, 'hit@20': 0.1496, 'ndcg@20': 0.0629, 'hit@40': 0.236, 'ndcg@40': 0.0805} 
2024-10-08 22:41:16.771 | INFO     | trainer_1:_train_one_epoch:209 - test 25 cost time 6.93s, result: {'hit@1': 0.0112, 'ndcg@1': 0.0112, 'hit@5': 0.0375, 'ndcg@5': 0.0244, 'hit@10': 0.0639, 'ndcg@10': 0.0328, 'hit@15': 0.0861, 'ndcg@15': 0.0387, 'hit@20': 0.105, 'ndcg@20': 0.0431, 'hit@40': 0.1714, 'ndcg@40': 0.0566} 
2024-10-08 22:41:33.646 | INFO     | trainer_1:_train_one_epoch:193 - epoch 26 6.22s Train loss is [0.3829] 
2024-10-08 22:41:38.532 | INFO     | trainer_1:_train_one_epoch:201 - validate 26 cost time 4.89s, result: {'hit@1': 0.0173, 'ndcg@1': 0.0173, 'hit@5': 0.0579, 'ndcg@5': 0.0376, 'hit@10': 0.0957, 'ndcg@10': 0.0497, 'hit@15': 0.1259, 'ndcg@15': 0.0576, 'hit@20': 0.1515, 'ndcg@20': 0.0637, 'hit@40': 0.2358, 'ndcg@40': 0.0809} 
2024-10-08 22:41:44.399 | INFO     | trainer_1:_train_one_epoch:209 - test 26 cost time 5.87s, result: {'hit@1': 0.0102, 'ndcg@1': 0.0102, 'hit@5': 0.0373, 'ndcg@5': 0.0239, 'hit@10': 0.0623, 'ndcg@10': 0.0319, 'hit@15': 0.0825, 'ndcg@15': 0.0372, 'hit@20': 0.1016, 'ndcg@20': 0.0417, 'hit@40': 0.1678, 'ndcg@40': 0.0552} 
2024-10-08 22:41:50.814 | INFO     | trainer_1:_train_one_epoch:193 - epoch 27 6.41s Train loss is [0.3676] 
2024-10-08 22:41:58.016 | INFO     | trainer_1:_train_one_epoch:201 - validate 27 cost time 7.20s, result: {'hit@1': 0.0171, 'ndcg@1': 0.0171, 'hit@5': 0.0585, 'ndcg@5': 0.0379, 'hit@10': 0.0947, 'ndcg@10': 0.0496, 'hit@15': 0.126, 'ndcg@15': 0.0578, 'hit@20': 0.1524, 'ndcg@20': 0.0641, 'hit@40': 0.238, 'ndcg@40': 0.0815} 
2024-10-08 22:42:05.290 | INFO     | trainer_1:_train_one_epoch:209 - test 27 cost time 7.27s, result: {'hit@1': 0.0116, 'ndcg@1': 0.0116, 'hit@5': 0.0384, 'ndcg@5': 0.025, 'hit@10': 0.0644, 'ndcg@10': 0.0334, 'hit@15': 0.0869, 'ndcg@15': 0.0393, 'hit@20': 0.1053, 'ndcg@20': 0.0436, 'hit@40': 0.1692, 'ndcg@40': 0.0566} 
2024-10-08 22:42:22.878 | INFO     | trainer_1:_train_one_epoch:193 - epoch 28 6.93s Train loss is [0.3638] 
2024-10-08 22:42:31.210 | INFO     | trainer_1:_train_one_epoch:201 - validate 28 cost time 8.33s, result: {'hit@1': 0.0165, 'ndcg@1': 0.0165, 'hit@5': 0.0559, 'ndcg@5': 0.0365, 'hit@10': 0.0952, 'ndcg@10': 0.0491, 'hit@15': 0.1272, 'ndcg@15': 0.0575, 'hit@20': 0.1528, 'ndcg@20': 0.0636, 'hit@40': 0.2402, 'ndcg@40': 0.0814} 
2024-10-08 22:42:40.191 | INFO     | trainer_1:_train_one_epoch:209 - test 28 cost time 8.98s, result: {'hit@1': 0.0104, 'ndcg@1': 0.0104, 'hit@5': 0.037, 'ndcg@5': 0.0237, 'hit@10': 0.0647, 'ndcg@10': 0.0325, 'hit@15': 0.0873, 'ndcg@15': 0.0385, 'hit@20': 0.1067, 'ndcg@20': 0.043, 'hit@40': 0.1719, 'ndcg@40': 0.0563} 
2024-10-08 22:42:57.582 | INFO     | trainer_1:_train_one_epoch:193 - epoch 29 7.02s Train loss is [0.3709] 
2024-10-08 22:43:05.500 | INFO     | trainer_1:_train_one_epoch:201 - validate 29 cost time 7.92s, result: {'hit@1': 0.0169, 'ndcg@1': 0.0169, 'hit@5': 0.0567, 'ndcg@5': 0.0367, 'hit@10': 0.0924, 'ndcg@10': 0.0481, 'hit@15': 0.1242, 'ndcg@15': 0.0565, 'hit@20': 0.1502, 'ndcg@20': 0.0626, 'hit@40': 0.2369, 'ndcg@40': 0.0803} 
2024-10-08 22:43:14.495 | INFO     | trainer_1:_train_one_epoch:209 - test 29 cost time 8.99s, result: {'hit@1': 0.0102, 'ndcg@1': 0.0102, 'hit@5': 0.035, 'ndcg@5': 0.0225, 'hit@10': 0.0605, 'ndcg@10': 0.0306, 'hit@15': 0.0818, 'ndcg@15': 0.0363, 'hit@20': 0.1016, 'ndcg@20': 0.0409, 'hit@40': 0.165, 'ndcg@40': 0.0538} 
2024-10-08 22:43:21.059 | INFO     | trainer_1:_train_one_epoch:193 - epoch 30 6.56s Train loss is [0.3723] 
2024-10-08 22:43:27.903 | INFO     | trainer_1:_train_one_epoch:201 - validate 30 cost time 6.84s, result: {'hit@1': 0.0171, 'ndcg@1': 0.0171, 'hit@5': 0.0585, 'ndcg@5': 0.0378, 'hit@10': 0.0953, 'ndcg@10': 0.0496, 'hit@15': 0.1283, 'ndcg@15': 0.0584, 'hit@20': 0.1573, 'ndcg@20': 0.0652, 'hit@40': 0.2445, 'ndcg@40': 0.0829} 
2024-10-08 22:43:33.782 | INFO     | trainer_1:_train_one_epoch:209 - test 30 cost time 5.88s, result: {'hit@1': 0.011, 'ndcg@1': 0.011, 'hit@5': 0.0377, 'ndcg@5': 0.0243, 'hit@10': 0.0643, 'ndcg@10': 0.0328, 'hit@15': 0.0888, 'ndcg@15': 0.0393, 'hit@20': 0.1089, 'ndcg@20': 0.044, 'hit@40': 0.1788, 'ndcg@40': 0.0583} 
2024-10-08 22:43:40.150 | INFO     | trainer_1:_train_one_epoch:193 - epoch 31 6.37s Train loss is [0.3598] 
2024-10-08 22:43:47.480 | INFO     | trainer_1:_train_one_epoch:201 - validate 31 cost time 7.33s, result: {'hit@1': 0.0161, 'ndcg@1': 0.0161, 'hit@5': 0.0586, 'ndcg@5': 0.0374, 'hit@10': 0.0959, 'ndcg@10': 0.0493, 'hit@15': 0.1281, 'ndcg@15': 0.0578, 'hit@20': 0.1555, 'ndcg@20': 0.0643, 'hit@40': 0.2471, 'ndcg@40': 0.083} 
2024-10-08 22:43:54.667 | INFO     | trainer_1:_train_one_epoch:209 - test 31 cost time 7.19s, result: {'hit@1': 0.0099, 'ndcg@1': 0.0099, 'hit@5': 0.0379, 'ndcg@5': 0.0238, 'hit@10': 0.0648, 'ndcg@10': 0.0324, 'hit@15': 0.0873, 'ndcg@15': 0.0383, 'hit@20': 0.1075, 'ndcg@20': 0.0431, 'hit@40': 0.1747, 'ndcg@40': 0.0568} 
2024-10-08 22:44:11.596 | INFO     | trainer_1:_train_one_epoch:193 - epoch 32 6.47s Train loss is [0.3626] 
2024-10-08 22:44:18.467 | INFO     | trainer_1:_train_one_epoch:201 - validate 32 cost time 6.87s, result: {'hit@1': 0.0161, 'ndcg@1': 0.0161, 'hit@5': 0.0584, 'ndcg@5': 0.0374, 'hit@10': 0.097, 'ndcg@10': 0.0497, 'hit@15': 0.1276, 'ndcg@15': 0.0578, 'hit@20': 0.1546, 'ndcg@20': 0.0642, 'hit@40': 0.2419, 'ndcg@40': 0.0819} 
2024-10-08 22:44:26.397 | INFO     | trainer_1:_train_one_epoch:209 - test 32 cost time 7.93s, result: {'hit@1': 0.0107, 'ndcg@1': 0.0107, 'hit@5': 0.0382, 'ndcg@5': 0.0245, 'hit@10': 0.0644, 'ndcg@10': 0.0328, 'hit@15': 0.0871, 'ndcg@15': 0.0388, 'hit@20': 0.106, 'ndcg@20': 0.0433, 'hit@40': 0.1725, 'ndcg@40': 0.0568} 
2024-10-08 22:44:32.846 | INFO     | trainer_1:_train_one_epoch:193 - epoch 33 6.45s Train loss is [0.3571] 
2024-10-08 22:44:40.061 | INFO     | trainer_1:_train_one_epoch:201 - validate 33 cost time 7.21s, result: {'hit@1': 0.0169, 'ndcg@1': 0.0169, 'hit@5': 0.0625, 'ndcg@5': 0.0398, 'hit@10': 0.1019, 'ndcg@10': 0.0524, 'hit@15': 0.1306, 'ndcg@15': 0.06, 'hit@20': 0.1599, 'ndcg@20': 0.0669, 'hit@40': 0.2526, 'ndcg@40': 0.0858} 
2024-10-08 22:44:46.864 | INFO     | trainer_1:_train_one_epoch:209 - test 33 cost time 6.80s, result: {'hit@1': 0.0112, 'ndcg@1': 0.0112, 'hit@5': 0.0389, 'ndcg@5': 0.0249, 'hit@10': 0.0654, 'ndcg@10': 0.0334, 'hit@15': 0.088, 'ndcg@15': 0.0393, 'hit@20': 0.1105, 'ndcg@20': 0.0446, 'hit@40': 0.1789, 'ndcg@40': 0.0586} 
2024-10-08 22:45:03.770 | INFO     | trainer_1:_train_one_epoch:193 - epoch 34 6.34s Train loss is [0.3577] 
2024-10-08 22:45:12.759 | INFO     | trainer_1:_train_one_epoch:201 - validate 34 cost time 8.99s, result: {'hit@1': 0.0167, 'ndcg@1': 0.0167, 'hit@5': 0.0617, 'ndcg@5': 0.0393, 'hit@10': 0.1027, 'ndcg@10': 0.0524, 'hit@15': 0.1336, 'ndcg@15': 0.0606, 'hit@20': 0.1622, 'ndcg@20': 0.0673, 'hit@40': 0.2513, 'ndcg@40': 0.0855} 
2024-10-08 22:45:21.673 | INFO     | trainer_1:_train_one_epoch:209 - test 34 cost time 8.91s, result: {'hit@1': 0.0111, 'ndcg@1': 0.0111, 'hit@5': 0.0392, 'ndcg@5': 0.025, 'hit@10': 0.0665, 'ndcg@10': 0.0337, 'hit@15': 0.0889, 'ndcg@15': 0.0396, 'hit@20': 0.1103, 'ndcg@20': 0.0447, 'hit@40': 0.1795, 'ndcg@40': 0.0588} 
2024-10-08 22:45:38.675 | INFO     | trainer_1:_train_one_epoch:193 - epoch 35 6.52s Train loss is [0.3579] 
2024-10-08 22:45:46.005 | INFO     | trainer_1:_train_one_epoch:201 - validate 35 cost time 7.33s, result: {'hit@1': 0.0172, 'ndcg@1': 0.0172, 'hit@5': 0.0617, 'ndcg@5': 0.0395, 'hit@10': 0.1014, 'ndcg@10': 0.0522, 'hit@15': 0.1349, 'ndcg@15': 0.0611, 'hit@20': 0.1641, 'ndcg@20': 0.0679, 'hit@40': 0.257, 'ndcg@40': 0.0869} 
2024-10-08 22:45:53.163 | INFO     | trainer_1:_train_one_epoch:209 - test 35 cost time 7.16s, result: {'hit@1': 0.0121, 'ndcg@1': 0.0121, 'hit@5': 0.0391, 'ndcg@5': 0.0254, 'hit@10': 0.0669, 'ndcg@10': 0.0343, 'hit@15': 0.0912, 'ndcg@15': 0.0407, 'hit@20': 0.1124, 'ndcg@20': 0.0457, 'hit@40': 0.1838, 'ndcg@40': 0.0602} 
2024-10-08 22:46:10.403 | INFO     | trainer_1:_train_one_epoch:193 - epoch 36 6.36s Train loss is [0.3621] 
2024-10-08 22:46:17.263 | INFO     | trainer_1:_train_one_epoch:201 - validate 36 cost time 6.86s, result: {'hit@1': 0.0159, 'ndcg@1': 0.0159, 'hit@5': 0.0589, 'ndcg@5': 0.0375, 'hit@10': 0.097, 'ndcg@10': 0.0498, 'hit@15': 0.1286, 'ndcg@15': 0.0581, 'hit@20': 0.1586, 'ndcg@20': 0.0652, 'hit@40': 0.2491, 'ndcg@40': 0.0836} 
2024-10-08 22:46:26.038 | INFO     | trainer_1:_train_one_epoch:209 - test 36 cost time 8.77s, result: {'hit@1': 0.0106, 'ndcg@1': 0.0106, 'hit@5': 0.0386, 'ndcg@5': 0.0245, 'hit@10': 0.0648, 'ndcg@10': 0.0329, 'hit@15': 0.0884, 'ndcg@15': 0.0392, 'hit@20': 0.1084, 'ndcg@20': 0.0439, 'hit@40': 0.1784, 'ndcg@40': 0.0581} 
2024-10-08 22:46:32.426 | INFO     | trainer_1:_train_one_epoch:193 - epoch 37 6.39s Train loss is [0.3544] 
2024-10-08 22:46:41.422 | INFO     | trainer_1:_train_one_epoch:201 - validate 37 cost time 9.00s, result: {'hit@1': 0.0164, 'ndcg@1': 0.0164, 'hit@5': 0.0615, 'ndcg@5': 0.0388, 'hit@10': 0.099, 'ndcg@10': 0.0508, 'hit@15': 0.1307, 'ndcg@15': 0.0592, 'hit@20': 0.1592, 'ndcg@20': 0.0659, 'hit@40': 0.2491, 'ndcg@40': 0.0842} 
2024-10-08 22:46:48.811 | INFO     | trainer_1:_train_one_epoch:209 - test 37 cost time 7.39s, result: {'hit@1': 0.0113, 'ndcg@1': 0.0113, 'hit@5': 0.0388, 'ndcg@5': 0.025, 'hit@10': 0.0651, 'ndcg@10': 0.0334, 'hit@15': 0.0887, 'ndcg@15': 0.0397, 'hit@20': 0.1093, 'ndcg@20': 0.0445, 'hit@40': 0.1786, 'ndcg@40': 0.0586} 
2024-10-08 22:46:55.471 | INFO     | trainer_1:_train_one_epoch:193 - epoch 38 6.66s Train loss is [0.3463] 
2024-10-08 22:47:04.061 | INFO     | trainer_1:_train_one_epoch:201 - validate 38 cost time 8.59s, result: {'hit@1': 0.0162, 'ndcg@1': 0.0162, 'hit@5': 0.0607, 'ndcg@5': 0.0385, 'hit@10': 0.0982, 'ndcg@10': 0.0505, 'hit@15': 0.1313, 'ndcg@15': 0.0592, 'hit@20': 0.16, 'ndcg@20': 0.066, 'hit@40': 0.2495, 'ndcg@40': 0.0842} 
2024-10-08 22:47:13.057 | INFO     | trainer_1:_train_one_epoch:209 - test 38 cost time 9.00s, result: {'hit@1': 0.0114, 'ndcg@1': 0.0114, 'hit@5': 0.0394, 'ndcg@5': 0.0253, 'hit@10': 0.0669, 'ndcg@10': 0.0341, 'hit@15': 0.0894, 'ndcg@15': 0.04, 'hit@20': 0.1106, 'ndcg@20': 0.045, 'hit@40': 0.1801, 'ndcg@40': 0.0592} 
2024-10-08 22:47:19.569 | INFO     | trainer_1:_train_one_epoch:193 - epoch 39 6.51s Train loss is [0.3432] 
2024-10-08 22:47:27.230 | INFO     | trainer_1:_train_one_epoch:201 - validate 39 cost time 7.66s, result: {'hit@1': 0.0161, 'ndcg@1': 0.0161, 'hit@5': 0.0573, 'ndcg@5': 0.0369, 'hit@10': 0.0967, 'ndcg@10': 0.0495, 'hit@15': 0.1288, 'ndcg@15': 0.058, 'hit@20': 0.1579, 'ndcg@20': 0.0648, 'hit@40': 0.2475, 'ndcg@40': 0.083} 
2024-10-08 22:47:33.991 | INFO     | trainer_1:_train_one_epoch:209 - test 39 cost time 6.76s, result: {'hit@1': 0.0106, 'ndcg@1': 0.0106, 'hit@5': 0.0369, 'ndcg@5': 0.0237, 'hit@10': 0.0625, 'ndcg@10': 0.032, 'hit@15': 0.0866, 'ndcg@15': 0.0383, 'hit@20': 0.1069, 'ndcg@20': 0.0431, 'hit@40': 0.1767, 'ndcg@40': 0.0574} 
2024-10-08 22:47:40.534 | INFO     | trainer_1:_train_one_epoch:193 - epoch 40 6.54s Train loss is [0.3428] 
2024-10-08 22:47:47.894 | INFO     | trainer_1:_train_one_epoch:201 - validate 40 cost time 7.36s, result: {'hit@1': 0.0164, 'ndcg@1': 0.0164, 'hit@5': 0.0594, 'ndcg@5': 0.038, 'hit@10': 0.0971, 'ndcg@10': 0.05, 'hit@15': 0.1302, 'ndcg@15': 0.0588, 'hit@20': 0.1602, 'ndcg@20': 0.0658, 'hit@40': 0.2525, 'ndcg@40': 0.0846} 
2024-10-08 22:47:55.143 | INFO     | trainer_1:_train_one_epoch:209 - test 40 cost time 7.25s, result: {'hit@1': 0.0114, 'ndcg@1': 0.0114, 'hit@5': 0.0381, 'ndcg@5': 0.0246, 'hit@10': 0.0643, 'ndcg@10': 0.033, 'hit@15': 0.0872, 'ndcg@15': 0.0391, 'hit@20': 0.1081, 'ndcg@20': 0.044, 'hit@40': 0.1793, 'ndcg@40': 0.0585} 
2024-10-08 22:47:55.153 | INFO     | trainer_1:train_model:163 - training end, best iteration 35, results: {'hit@1': 0.0172, 'ndcg@1': 0.0172, 'hit@5': 0.0617, 'ndcg@5': 0.0395, 'hit@10': 0.1014, 'ndcg@10': 0.0522, 'hit@15': 0.1349, 'ndcg@15': 0.0611, 'hit@20': 0.1641, 'ndcg@20': 0.0679, 'hit@40': 0.257, 'ndcg@40': 0.0869}
2024-10-08 22:47:55.153 | INFO     | trainer_1:train_model:166 - final test result is:  {'hit@1': 0.0121, 'ndcg@1': 0.0121, 'hit@5': 0.0391, 'ndcg@5': 0.0254, 'hit@10': 0.0669, 'ndcg@10': 0.0343, 'hit@15': 0.0912, 'ndcg@15': 0.0407, 'hit@20': 0.1124, 'ndcg@20': 0.0457, 'hit@40': 0.1838, 'ndcg@40': 0.0602}
2024-10-08 22:47:55.448 | INFO     | __main__:<module>:119 - train end total cost time: 3688.067826986313
