2024-10-09 05:18:18.102 | INFO     | __main__:<module>:105 - Namespace(TIME='2024-10-09 05_17_45', batch_size=1024, behaviors=['view', 'cart', 'buy'], check_point='model_pre_1_2024-10-08 11_17_41.pth', data_name='beibei', data_path='./data/beibei', decay=0.001, device='cuda:1', dim_qk=32, dim_v=64, distill_layers=2, distill_thres=0.5, distill_topK=60, distill_userK=8, embedding_size=64, epochs=100, gpu_no=1, if_load_model=True, ii_lambda=200, initializer_range=0.02, layers=2, loss_type='bpr', lr=0.001, message_dropout=0.25, metrics=['hit', 'ndcg'], min_epoch=5, model_name='main_1', model_path='./check_point', node_dropout=0.75, omega=1, pt_loop=50, reg_weight=0.001, test_batch_size=1024, testbatch=1024, topk=[1, 5, 10, 15, 20, 40], uu_lambda=100)
2024-10-09 05:18:18.103 | INFO     | __main__:<module>:106 - BIPN(
  (message_dropout): Dropout(p=0.25, inplace=False)
  (user_embedding): Embedding(21717, 64, padding_idx=0)
  (item_embedding): Embedding(7978, 64, padding_idx=0)
  (global_Graph): LightGCN()
  (Graph_encoder): ModuleDict(
    (view): GraphEncoder(
      (light): LightGCN()
      (dropout): Dropout(p=0.75, inplace=False)
    )
    (cart): GraphEncoder(
      (light): LightGCN()
      (dropout): Dropout(p=0.75, inplace=False)
    )
    (buy): GraphEncoder(
      (light): LightGCN()
      (dropout): Dropout(p=0.75, inplace=False)
    )
  )
  (attention): Mutual_Attention()
  (bpr_loss): BPRLoss()
  (emb_loss): EmbLoss()
  (f): Sigmoid()
)
2024-10-09 05:42:24.936 | INFO     | trainer_1:_train_one_epoch:193 - epoch 1 8.44s Train loss is [0.9480] 
2024-10-09 05:42:33.867 | INFO     | trainer_1:_train_one_epoch:201 - validate 1 cost time 8.93s, result: {'hit@1': 0.0066, 'ndcg@1': 0.0066, 'hit@5': 0.0277, 'ndcg@5': 0.017, 'hit@10': 0.049, 'ndcg@10': 0.0239, 'hit@15': 0.0685, 'ndcg@15': 0.029, 'hit@20': 0.0863, 'ndcg@20': 0.0333, 'hit@40': 0.1491, 'ndcg@40': 0.046} 
2024-10-09 05:42:42.815 | INFO     | trainer_1:_train_one_epoch:209 - test 1 cost time 8.95s, result: {'hit@1': 0.0041, 'ndcg@1': 0.0041, 'hit@5': 0.0174, 'ndcg@5': 0.0105, 'hit@10': 0.0345, 'ndcg@10': 0.016, 'hit@15': 0.0485, 'ndcg@15': 0.0197, 'hit@20': 0.0618, 'ndcg@20': 0.0228, 'hit@40': 0.1133, 'ndcg@40': 0.0333} 
2024-10-09 05:43:01.699 | INFO     | trainer_1:_train_one_epoch:193 - epoch 2 8.77s Train loss is [0.7214] 
2024-10-09 05:43:10.603 | INFO     | trainer_1:_train_one_epoch:201 - validate 2 cost time 8.90s, result: {'hit@1': 0.0094, 'ndcg@1': 0.0094, 'hit@5': 0.0349, 'ndcg@5': 0.0219, 'hit@10': 0.0604, 'ndcg@10': 0.0301, 'hit@15': 0.0827, 'ndcg@15': 0.036, 'hit@20': 0.1022, 'ndcg@20': 0.0406, 'hit@40': 0.1671, 'ndcg@40': 0.0538} 
2024-10-09 05:43:19.526 | INFO     | trainer_1:_train_one_epoch:209 - test 2 cost time 8.92s, result: {'hit@1': 0.0048, 'ndcg@1': 0.0048, 'hit@5': 0.0221, 'ndcg@5': 0.0132, 'hit@10': 0.0411, 'ndcg@10': 0.0194, 'hit@15': 0.0569, 'ndcg@15': 0.0235, 'hit@20': 0.0728, 'ndcg@20': 0.0273, 'hit@40': 0.1212, 'ndcg@40': 0.0371} 
2024-10-09 05:43:38.152 | INFO     | trainer_1:_train_one_epoch:193 - epoch 3 8.37s Train loss is [0.6437] 
2024-10-09 05:43:47.070 | INFO     | trainer_1:_train_one_epoch:201 - validate 3 cost time 8.92s, result: {'hit@1': 0.0077, 'ndcg@1': 0.0077, 'hit@5': 0.0319, 'ndcg@5': 0.0195, 'hit@10': 0.0587, 'ndcg@10': 0.0281, 'hit@15': 0.0843, 'ndcg@15': 0.0348, 'hit@20': 0.1035, 'ndcg@20': 0.0394, 'hit@40': 0.1748, 'ndcg@40': 0.0539} 
2024-10-09 05:43:56.023 | INFO     | trainer_1:_train_one_epoch:209 - test 3 cost time 8.95s, result: {'hit@1': 0.0041, 'ndcg@1': 0.0041, 'hit@5': 0.0198, 'ndcg@5': 0.0118, 'hit@10': 0.0383, 'ndcg@10': 0.0177, 'hit@15': 0.0562, 'ndcg@15': 0.0225, 'hit@20': 0.0717, 'ndcg@20': 0.0261, 'hit@40': 0.1263, 'ndcg@40': 0.0372} 
2024-10-09 05:44:04.605 | INFO     | trainer_1:_train_one_epoch:193 - epoch 4 8.58s Train loss is [0.5927] 
2024-10-09 05:44:09.554 | INFO     | trainer_1:_train_one_epoch:201 - validate 4 cost time 4.95s, result: {'hit@1': 0.0083, 'ndcg@1': 0.0083, 'hit@5': 0.0318, 'ndcg@5': 0.0199, 'hit@10': 0.0566, 'ndcg@10': 0.0278, 'hit@15': 0.0789, 'ndcg@15': 0.0337, 'hit@20': 0.0996, 'ndcg@20': 0.0385, 'hit@40': 0.1649, 'ndcg@40': 0.0518} 
2024-10-09 05:44:14.362 | INFO     | trainer_1:_train_one_epoch:209 - test 4 cost time 4.81s, result: {'hit@1': 0.0042, 'ndcg@1': 0.0042, 'hit@5': 0.018, 'ndcg@5': 0.011, 'hit@10': 0.034, 'ndcg@10': 0.0161, 'hit@15': 0.0502, 'ndcg@15': 0.0204, 'hit@20': 0.0666, 'ndcg@20': 0.0242, 'hit@40': 0.1164, 'ndcg@40': 0.0343} 
2024-10-09 05:44:23.033 | INFO     | trainer_1:_train_one_epoch:193 - epoch 5 8.67s Train loss is [0.5534] 
2024-10-09 05:44:27.963 | INFO     | trainer_1:_train_one_epoch:201 - validate 5 cost time 4.93s, result: {'hit@1': 0.0128, 'ndcg@1': 0.0128, 'hit@5': 0.0386, 'ndcg@5': 0.0255, 'hit@10': 0.0653, 'ndcg@10': 0.034, 'hit@15': 0.0904, 'ndcg@15': 0.0406, 'hit@20': 0.1105, 'ndcg@20': 0.0454, 'hit@40': 0.1788, 'ndcg@40': 0.0593} 
2024-10-09 05:44:32.756 | INFO     | trainer_1:_train_one_epoch:209 - test 5 cost time 4.79s, result: {'hit@1': 0.0062, 'ndcg@1': 0.0062, 'hit@5': 0.0217, 'ndcg@5': 0.0137, 'hit@10': 0.0401, 'ndcg@10': 0.0196, 'hit@15': 0.0567, 'ndcg@15': 0.024, 'hit@20': 0.0711, 'ndcg@20': 0.0274, 'hit@40': 0.12, 'ndcg@40': 0.0373} 
2024-10-09 05:44:41.320 | INFO     | trainer_1:_train_one_epoch:193 - epoch 6 8.56s Train loss is [0.5298] 
2024-10-09 05:44:46.240 | INFO     | trainer_1:_train_one_epoch:201 - validate 6 cost time 4.92s, result: {'hit@1': 0.013, 'ndcg@1': 0.013, 'hit@5': 0.0414, 'ndcg@5': 0.0271, 'hit@10': 0.0669, 'ndcg@10': 0.0352, 'hit@15': 0.093, 'ndcg@15': 0.0421, 'hit@20': 0.1151, 'ndcg@20': 0.0473, 'hit@40': 0.1859, 'ndcg@40': 0.0617} 
2024-10-09 05:44:51.023 | INFO     | trainer_1:_train_one_epoch:209 - test 6 cost time 4.78s, result: {'hit@1': 0.0068, 'ndcg@1': 0.0068, 'hit@5': 0.0241, 'ndcg@5': 0.0152, 'hit@10': 0.0425, 'ndcg@10': 0.0211, 'hit@15': 0.0589, 'ndcg@15': 0.0254, 'hit@20': 0.0746, 'ndcg@20': 0.0291, 'hit@40': 0.1263, 'ndcg@40': 0.0397} 
2024-10-09 05:45:10.006 | INFO     | trainer_1:_train_one_epoch:193 - epoch 7 8.59s Train loss is [0.5278] 
2024-10-09 05:45:14.950 | INFO     | trainer_1:_train_one_epoch:201 - validate 7 cost time 4.94s, result: {'hit@1': 0.0118, 'ndcg@1': 0.0118, 'hit@5': 0.0424, 'ndcg@5': 0.027, 'hit@10': 0.0717, 'ndcg@10': 0.0364, 'hit@15': 0.0987, 'ndcg@15': 0.0435, 'hit@20': 0.123, 'ndcg@20': 0.0492, 'hit@40': 0.1955, 'ndcg@40': 0.064} 
2024-10-09 05:45:19.760 | INFO     | trainer_1:_train_one_epoch:209 - test 7 cost time 4.81s, result: {'hit@1': 0.0066, 'ndcg@1': 0.0066, 'hit@5': 0.0243, 'ndcg@5': 0.0154, 'hit@10': 0.0423, 'ndcg@10': 0.0212, 'hit@15': 0.0609, 'ndcg@15': 0.0261, 'hit@20': 0.0783, 'ndcg@20': 0.0302, 'hit@40': 0.1334, 'ndcg@40': 0.0414} 
2024-10-09 05:45:28.317 | INFO     | trainer_1:_train_one_epoch:193 - epoch 8 8.56s Train loss is [0.4945] 
2024-10-09 05:45:33.235 | INFO     | trainer_1:_train_one_epoch:201 - validate 8 cost time 4.92s, result: {'hit@1': 0.0095, 'ndcg@1': 0.0095, 'hit@5': 0.0381, 'ndcg@5': 0.0236, 'hit@10': 0.068, 'ndcg@10': 0.0331, 'hit@15': 0.0947, 'ndcg@15': 0.0401, 'hit@20': 0.1198, 'ndcg@20': 0.0461, 'hit@40': 0.199, 'ndcg@40': 0.0622} 
2024-10-09 05:45:38.030 | INFO     | trainer_1:_train_one_epoch:209 - test 8 cost time 4.80s, result: {'hit@1': 0.0052, 'ndcg@1': 0.0052, 'hit@5': 0.0227, 'ndcg@5': 0.0139, 'hit@10': 0.0423, 'ndcg@10': 0.0202, 'hit@15': 0.0598, 'ndcg@15': 0.0248, 'hit@20': 0.0775, 'ndcg@20': 0.029, 'hit@40': 0.1353, 'ndcg@40': 0.0408} 
2024-10-09 05:45:46.477 | INFO     | trainer_1:_train_one_epoch:193 - epoch 9 8.45s Train loss is [0.4808] 
2024-10-09 05:45:51.397 | INFO     | trainer_1:_train_one_epoch:201 - validate 9 cost time 4.92s, result: {'hit@1': 0.0119, 'ndcg@1': 0.0119, 'hit@5': 0.0449, 'ndcg@5': 0.0281, 'hit@10': 0.0774, 'ndcg@10': 0.0385, 'hit@15': 0.1045, 'ndcg@15': 0.0457, 'hit@20': 0.1288, 'ndcg@20': 0.0514, 'hit@40': 0.2075, 'ndcg@40': 0.0674} 
2024-10-09 05:45:56.190 | INFO     | trainer_1:_train_one_epoch:209 - test 9 cost time 4.79s, result: {'hit@1': 0.0068, 'ndcg@1': 0.0068, 'hit@5': 0.0262, 'ndcg@5': 0.0164, 'hit@10': 0.0462, 'ndcg@10': 0.0228, 'hit@15': 0.0667, 'ndcg@15': 0.0282, 'hit@20': 0.0847, 'ndcg@20': 0.0324, 'hit@40': 0.1442, 'ndcg@40': 0.0445} 
2024-10-09 05:46:15.274 | INFO     | trainer_1:_train_one_epoch:193 - epoch 10 8.83s Train loss is [0.4717] 
2024-10-09 05:46:20.205 | INFO     | trainer_1:_train_one_epoch:201 - validate 10 cost time 4.93s, result: {'hit@1': 0.0131, 'ndcg@1': 0.0131, 'hit@5': 0.046, 'ndcg@5': 0.0294, 'hit@10': 0.0782, 'ndcg@10': 0.0397, 'hit@15': 0.1043, 'ndcg@15': 0.0466, 'hit@20': 0.1267, 'ndcg@20': 0.0519, 'hit@40': 0.2098, 'ndcg@40': 0.0688} 
2024-10-09 05:46:24.995 | INFO     | trainer_1:_train_one_epoch:209 - test 10 cost time 4.79s, result: {'hit@1': 0.0074, 'ndcg@1': 0.0074, 'hit@5': 0.0279, 'ndcg@5': 0.0175, 'hit@10': 0.0494, 'ndcg@10': 0.0243, 'hit@15': 0.0678, 'ndcg@15': 0.0292, 'hit@20': 0.0851, 'ndcg@20': 0.0333, 'hit@40': 0.1436, 'ndcg@40': 0.0452} 
2024-10-09 05:46:44.230 | INFO     | trainer_1:_train_one_epoch:193 - epoch 11 8.56s Train loss is [0.4649] 
2024-10-09 05:46:49.169 | INFO     | trainer_1:_train_one_epoch:201 - validate 11 cost time 4.94s, result: {'hit@1': 0.0104, 'ndcg@1': 0.0104, 'hit@5': 0.0409, 'ndcg@5': 0.0257, 'hit@10': 0.0697, 'ndcg@10': 0.0349, 'hit@15': 0.0956, 'ndcg@15': 0.0417, 'hit@20': 0.1179, 'ndcg@20': 0.047, 'hit@40': 0.1897, 'ndcg@40': 0.0616} 
2024-10-09 05:46:53.947 | INFO     | trainer_1:_train_one_epoch:209 - test 11 cost time 4.78s, result: {'hit@1': 0.0067, 'ndcg@1': 0.0067, 'hit@5': 0.0257, 'ndcg@5': 0.016, 'hit@10': 0.0461, 'ndcg@10': 0.0225, 'hit@15': 0.0637, 'ndcg@15': 0.0272, 'hit@20': 0.0797, 'ndcg@20': 0.031, 'hit@40': 0.1334, 'ndcg@40': 0.0419} 
2024-10-09 05:47:02.562 | INFO     | trainer_1:_train_one_epoch:193 - epoch 12 8.61s Train loss is [0.4620] 
2024-10-09 05:47:07.476 | INFO     | trainer_1:_train_one_epoch:201 - validate 12 cost time 4.91s, result: {'hit@1': 0.0098, 'ndcg@1': 0.0098, 'hit@5': 0.0401, 'ndcg@5': 0.0248, 'hit@10': 0.0701, 'ndcg@10': 0.0345, 'hit@15': 0.0953, 'ndcg@15': 0.0411, 'hit@20': 0.1186, 'ndcg@20': 0.0466, 'hit@40': 0.2003, 'ndcg@40': 0.0632} 
2024-10-09 05:47:12.271 | INFO     | trainer_1:_train_one_epoch:209 - test 12 cost time 4.79s, result: {'hit@1': 0.0073, 'ndcg@1': 0.0073, 'hit@5': 0.0262, 'ndcg@5': 0.0164, 'hit@10': 0.0478, 'ndcg@10': 0.0233, 'hit@15': 0.0664, 'ndcg@15': 0.0282, 'hit@20': 0.0832, 'ndcg@20': 0.0321, 'hit@40': 0.1419, 'ndcg@40': 0.0441} 
2024-10-09 05:47:20.813 | INFO     | trainer_1:_train_one_epoch:193 - epoch 13 8.54s Train loss is [0.4448] 
2024-10-09 05:47:25.761 | INFO     | trainer_1:_train_one_epoch:201 - validate 13 cost time 4.94s, result: {'hit@1': 0.0119, 'ndcg@1': 0.0119, 'hit@5': 0.0453, 'ndcg@5': 0.0285, 'hit@10': 0.0754, 'ndcg@10': 0.0382, 'hit@15': 0.1, 'ndcg@15': 0.0447, 'hit@20': 0.1246, 'ndcg@20': 0.0505, 'hit@40': 0.2034, 'ndcg@40': 0.0665} 
2024-10-09 05:47:30.536 | INFO     | trainer_1:_train_one_epoch:209 - test 13 cost time 4.77s, result: {'hit@1': 0.007, 'ndcg@1': 0.007, 'hit@5': 0.028, 'ndcg@5': 0.0174, 'hit@10': 0.0501, 'ndcg@10': 0.0246, 'hit@15': 0.0677, 'ndcg@15': 0.0292, 'hit@20': 0.0846, 'ndcg@20': 0.0332, 'hit@40': 0.1462, 'ndcg@40': 0.0457} 
2024-10-09 05:47:49.545 | INFO     | trainer_1:_train_one_epoch:193 - epoch 14 8.61s Train loss is [0.4406] 
2024-10-09 05:47:54.442 | INFO     | trainer_1:_train_one_epoch:201 - validate 14 cost time 4.90s, result: {'hit@1': 0.0124, 'ndcg@1': 0.0124, 'hit@5': 0.045, 'ndcg@5': 0.0286, 'hit@10': 0.0771, 'ndcg@10': 0.0389, 'hit@15': 0.1004, 'ndcg@15': 0.045, 'hit@20': 0.1259, 'ndcg@20': 0.051, 'hit@40': 0.2058, 'ndcg@40': 0.0673} 
2024-10-09 05:47:59.210 | INFO     | trainer_1:_train_one_epoch:209 - test 14 cost time 4.77s, result: {'hit@1': 0.0076, 'ndcg@1': 0.0076, 'hit@5': 0.0296, 'ndcg@5': 0.0185, 'hit@10': 0.0509, 'ndcg@10': 0.0253, 'hit@15': 0.0704, 'ndcg@15': 0.0305, 'hit@20': 0.0871, 'ndcg@20': 0.0344, 'hit@40': 0.145, 'ndcg@40': 0.0461} 
2024-10-09 05:48:18.841 | INFO     | trainer_1:_train_one_epoch:193 - epoch 15 8.56s Train loss is [0.4248] 
2024-10-09 05:48:23.737 | INFO     | trainer_1:_train_one_epoch:201 - validate 15 cost time 4.90s, result: {'hit@1': 0.0115, 'ndcg@1': 0.0115, 'hit@5': 0.0464, 'ndcg@5': 0.0289, 'hit@10': 0.0772, 'ndcg@10': 0.0388, 'hit@15': 0.1043, 'ndcg@15': 0.046, 'hit@20': 0.1287, 'ndcg@20': 0.0517, 'hit@40': 0.207, 'ndcg@40': 0.0677} 
2024-10-09 05:48:28.511 | INFO     | trainer_1:_train_one_epoch:209 - test 15 cost time 4.77s, result: {'hit@1': 0.0076, 'ndcg@1': 0.0076, 'hit@5': 0.0298, 'ndcg@5': 0.0187, 'hit@10': 0.0522, 'ndcg@10': 0.0258, 'hit@15': 0.0703, 'ndcg@15': 0.0306, 'hit@20': 0.0873, 'ndcg@20': 0.0346, 'hit@40': 0.1501, 'ndcg@40': 0.0474} 
2024-10-09 05:48:47.644 | INFO     | trainer_1:_train_one_epoch:193 - epoch 16 8.53s Train loss is [0.4278] 
2024-10-09 05:48:52.522 | INFO     | trainer_1:_train_one_epoch:201 - validate 16 cost time 4.88s, result: {'hit@1': 0.0128, 'ndcg@1': 0.0128, 'hit@5': 0.0471, 'ndcg@5': 0.0299, 'hit@10': 0.0789, 'ndcg@10': 0.0401, 'hit@15': 0.1071, 'ndcg@15': 0.0476, 'hit@20': 0.1315, 'ndcg@20': 0.0533, 'hit@40': 0.2149, 'ndcg@40': 0.0703} 
2024-10-09 05:48:57.281 | INFO     | trainer_1:_train_one_epoch:209 - test 16 cost time 4.76s, result: {'hit@1': 0.0075, 'ndcg@1': 0.0075, 'hit@5': 0.0299, 'ndcg@5': 0.0187, 'hit@10': 0.0524, 'ndcg@10': 0.0258, 'hit@15': 0.0722, 'ndcg@15': 0.031, 'hit@20': 0.0898, 'ndcg@20': 0.0352, 'hit@40': 0.1531, 'ndcg@40': 0.048} 
2024-10-09 05:49:16.345 | INFO     | trainer_1:_train_one_epoch:193 - epoch 17 8.49s Train loss is [0.4134] 
2024-10-09 05:49:21.228 | INFO     | trainer_1:_train_one_epoch:201 - validate 17 cost time 4.88s, result: {'hit@1': 0.0122, 'ndcg@1': 0.0122, 'hit@5': 0.045, 'ndcg@5': 0.0285, 'hit@10': 0.0746, 'ndcg@10': 0.038, 'hit@15': 0.0994, 'ndcg@15': 0.0445, 'hit@20': 0.1214, 'ndcg@20': 0.0497, 'hit@40': 0.2007, 'ndcg@40': 0.0659} 
2024-10-09 05:49:25.987 | INFO     | trainer_1:_train_one_epoch:209 - test 17 cost time 4.76s, result: {'hit@1': 0.0067, 'ndcg@1': 0.0067, 'hit@5': 0.0287, 'ndcg@5': 0.0177, 'hit@10': 0.0483, 'ndcg@10': 0.024, 'hit@15': 0.0666, 'ndcg@15': 0.0288, 'hit@20': 0.0835, 'ndcg@20': 0.0328, 'hit@40': 0.1414, 'ndcg@40': 0.0445} 
2024-10-09 05:49:34.453 | INFO     | trainer_1:_train_one_epoch:193 - epoch 18 8.46s Train loss is [0.4033] 
2024-10-09 05:49:39.343 | INFO     | trainer_1:_train_one_epoch:201 - validate 18 cost time 4.89s, result: {'hit@1': 0.0143, 'ndcg@1': 0.0143, 'hit@5': 0.0491, 'ndcg@5': 0.0317, 'hit@10': 0.084, 'ndcg@10': 0.0429, 'hit@15': 0.1108, 'ndcg@15': 0.05, 'hit@20': 0.1363, 'ndcg@20': 0.056, 'hit@40': 0.2201, 'ndcg@40': 0.073} 
2024-10-09 05:49:44.117 | INFO     | trainer_1:_train_one_epoch:209 - test 18 cost time 4.77s, result: {'hit@1': 0.0075, 'ndcg@1': 0.0075, 'hit@5': 0.0326, 'ndcg@5': 0.0201, 'hit@10': 0.0569, 'ndcg@10': 0.0278, 'hit@15': 0.0777, 'ndcg@15': 0.0333, 'hit@20': 0.0966, 'ndcg@20': 0.0377, 'hit@40': 0.162, 'ndcg@40': 0.051} 
2024-10-09 05:50:03.280 | INFO     | trainer_1:_train_one_epoch:193 - epoch 19 8.54s Train loss is [0.4056] 
2024-10-09 05:50:08.157 | INFO     | trainer_1:_train_one_epoch:201 - validate 19 cost time 4.88s, result: {'hit@1': 0.0152, 'ndcg@1': 0.0152, 'hit@5': 0.0524, 'ndcg@5': 0.0336, 'hit@10': 0.0854, 'ndcg@10': 0.0442, 'hit@15': 0.116, 'ndcg@15': 0.0523, 'hit@20': 0.1394, 'ndcg@20': 0.0578, 'hit@40': 0.229, 'ndcg@40': 0.076} 
2024-10-09 05:50:12.903 | INFO     | trainer_1:_train_one_epoch:209 - test 19 cost time 4.75s, result: {'hit@1': 0.0085, 'ndcg@1': 0.0085, 'hit@5': 0.0334, 'ndcg@5': 0.021, 'hit@10': 0.058, 'ndcg@10': 0.0289, 'hit@15': 0.0788, 'ndcg@15': 0.0344, 'hit@20': 0.0982, 'ndcg@20': 0.039, 'hit@40': 0.1648, 'ndcg@40': 0.0525} 
2024-10-09 05:50:31.805 | INFO     | trainer_1:_train_one_epoch:193 - epoch 20 8.57s Train loss is [0.3899] 
2024-10-09 05:50:36.715 | INFO     | trainer_1:_train_one_epoch:201 - validate 20 cost time 4.91s, result: {'hit@1': 0.0139, 'ndcg@1': 0.0139, 'hit@5': 0.0509, 'ndcg@5': 0.0325, 'hit@10': 0.0865, 'ndcg@10': 0.0439, 'hit@15': 0.1169, 'ndcg@15': 0.0519, 'hit@20': 0.1423, 'ndcg@20': 0.0579, 'hit@40': 0.2269, 'ndcg@40': 0.0751} 
2024-10-09 05:50:41.473 | INFO     | trainer_1:_train_one_epoch:209 - test 20 cost time 4.76s, result: {'hit@1': 0.0099, 'ndcg@1': 0.0099, 'hit@5': 0.0342, 'ndcg@5': 0.0219, 'hit@10': 0.0586, 'ndcg@10': 0.0297, 'hit@15': 0.0793, 'ndcg@15': 0.0352, 'hit@20': 0.0992, 'ndcg@20': 0.0399, 'hit@40': 0.1622, 'ndcg@40': 0.0527} 
2024-10-09 05:51:00.565 | INFO     | trainer_1:_train_one_epoch:193 - epoch 21 8.53s Train loss is [0.3932] 
2024-10-09 05:51:05.446 | INFO     | trainer_1:_train_one_epoch:201 - validate 21 cost time 4.88s, result: {'hit@1': 0.0151, 'ndcg@1': 0.0151, 'hit@5': 0.0545, 'ndcg@5': 0.0348, 'hit@10': 0.091, 'ndcg@10': 0.0465, 'hit@15': 0.12, 'ndcg@15': 0.0542, 'hit@20': 0.1471, 'ndcg@20': 0.0606, 'hit@40': 0.2312, 'ndcg@40': 0.0777} 
2024-10-09 05:51:10.194 | INFO     | trainer_1:_train_one_epoch:209 - test 21 cost time 4.75s, result: {'hit@1': 0.0093, 'ndcg@1': 0.0093, 'hit@5': 0.0352, 'ndcg@5': 0.0222, 'hit@10': 0.0601, 'ndcg@10': 0.0302, 'hit@15': 0.082, 'ndcg@15': 0.036, 'hit@20': 0.1009, 'ndcg@20': 0.0404, 'hit@40': 0.1644, 'ndcg@40': 0.0534} 
2024-10-09 05:51:29.103 | INFO     | trainer_1:_train_one_epoch:193 - epoch 22 8.60s Train loss is [0.3938] 
2024-10-09 05:51:34.013 | INFO     | trainer_1:_train_one_epoch:201 - validate 22 cost time 4.91s, result: {'hit@1': 0.0162, 'ndcg@1': 0.0162, 'hit@5': 0.0561, 'ndcg@5': 0.036, 'hit@10': 0.0906, 'ndcg@10': 0.047, 'hit@15': 0.1193, 'ndcg@15': 0.0546, 'hit@20': 0.1446, 'ndcg@20': 0.0605, 'hit@40': 0.2287, 'ndcg@40': 0.0776} 
2024-10-09 05:51:38.775 | INFO     | trainer_1:_train_one_epoch:209 - test 22 cost time 4.76s, result: {'hit@1': 0.0088, 'ndcg@1': 0.0088, 'hit@5': 0.0352, 'ndcg@5': 0.0219, 'hit@10': 0.0619, 'ndcg@10': 0.0305, 'hit@15': 0.0828, 'ndcg@15': 0.036, 'hit@20': 0.102, 'ndcg@20': 0.0405, 'hit@40': 0.1649, 'ndcg@40': 0.0533} 
2024-10-09 05:51:57.734 | INFO     | trainer_1:_train_one_epoch:193 - epoch 23 8.56s Train loss is [0.3871] 
2024-10-09 05:52:02.611 | INFO     | trainer_1:_train_one_epoch:201 - validate 23 cost time 4.88s, result: {'hit@1': 0.0159, 'ndcg@1': 0.0159, 'hit@5': 0.055, 'ndcg@5': 0.0357, 'hit@10': 0.091, 'ndcg@10': 0.0472, 'hit@15': 0.1218, 'ndcg@15': 0.0553, 'hit@20': 0.1489, 'ndcg@20': 0.0617, 'hit@40': 0.2381, 'ndcg@40': 0.0799} 
2024-10-09 05:52:07.360 | INFO     | trainer_1:_train_one_epoch:209 - test 23 cost time 4.75s, result: {'hit@1': 0.0083, 'ndcg@1': 0.0083, 'hit@5': 0.0369, 'ndcg@5': 0.0225, 'hit@10': 0.0625, 'ndcg@10': 0.0307, 'hit@15': 0.0846, 'ndcg@15': 0.0366, 'hit@20': 0.1051, 'ndcg@20': 0.0414, 'hit@40': 0.1709, 'ndcg@40': 0.0548} 
2024-10-09 05:52:26.025 | INFO     | trainer_1:_train_one_epoch:193 - epoch 24 8.52s Train loss is [0.3816] 
2024-10-09 05:52:30.934 | INFO     | trainer_1:_train_one_epoch:201 - validate 24 cost time 4.91s, result: {'hit@1': 0.0155, 'ndcg@1': 0.0155, 'hit@5': 0.0573, 'ndcg@5': 0.0364, 'hit@10': 0.0946, 'ndcg@10': 0.0484, 'hit@15': 0.1259, 'ndcg@15': 0.0567, 'hit@20': 0.1515, 'ndcg@20': 0.0627, 'hit@40': 0.2371, 'ndcg@40': 0.0801} 
2024-10-09 05:52:35.724 | INFO     | trainer_1:_train_one_epoch:209 - test 24 cost time 4.79s, result: {'hit@1': 0.0099, 'ndcg@1': 0.0099, 'hit@5': 0.0371, 'ndcg@5': 0.0234, 'hit@10': 0.0633, 'ndcg@10': 0.0318, 'hit@15': 0.0848, 'ndcg@15': 0.0375, 'hit@20': 0.1034, 'ndcg@20': 0.0418, 'hit@40': 0.1677, 'ndcg@40': 0.0549} 
2024-10-09 05:52:54.536 | INFO     | trainer_1:_train_one_epoch:193 - epoch 25 8.45s Train loss is [0.3812] 
2024-10-09 05:52:59.433 | INFO     | trainer_1:_train_one_epoch:201 - validate 25 cost time 4.90s, result: {'hit@1': 0.016, 'ndcg@1': 0.016, 'hit@5': 0.0575, 'ndcg@5': 0.0369, 'hit@10': 0.094, 'ndcg@10': 0.0487, 'hit@15': 0.1239, 'ndcg@15': 0.0565, 'hit@20': 0.1488, 'ndcg@20': 0.0624, 'hit@40': 0.2348, 'ndcg@40': 0.08} 
2024-10-09 05:53:04.202 | INFO     | trainer_1:_train_one_epoch:209 - test 25 cost time 4.77s, result: {'hit@1': 0.0106, 'ndcg@1': 0.0106, 'hit@5': 0.0377, 'ndcg@5': 0.0241, 'hit@10': 0.0631, 'ndcg@10': 0.0323, 'hit@15': 0.0856, 'ndcg@15': 0.0382, 'hit@20': 0.1052, 'ndcg@20': 0.0428, 'hit@40': 0.1713, 'ndcg@40': 0.0562} 
2024-10-09 05:53:12.612 | INFO     | trainer_1:_train_one_epoch:193 - epoch 26 8.41s Train loss is [0.3840] 
2024-10-09 05:53:17.490 | INFO     | trainer_1:_train_one_epoch:201 - validate 26 cost time 4.88s, result: {'hit@1': 0.0177, 'ndcg@1': 0.0177, 'hit@5': 0.0568, 'ndcg@5': 0.0372, 'hit@10': 0.0956, 'ndcg@10': 0.0497, 'hit@15': 0.125, 'ndcg@15': 0.0574, 'hit@20': 0.1507, 'ndcg@20': 0.0635, 'hit@40': 0.2354, 'ndcg@40': 0.0807} 
2024-10-09 05:53:22.236 | INFO     | trainer_1:_train_one_epoch:209 - test 26 cost time 4.75s, result: {'hit@1': 0.01, 'ndcg@1': 0.01, 'hit@5': 0.0372, 'ndcg@5': 0.0237, 'hit@10': 0.0621, 'ndcg@10': 0.0317, 'hit@15': 0.0818, 'ndcg@15': 0.0369, 'hit@20': 0.1013, 'ndcg@20': 0.0415, 'hit@40': 0.1665, 'ndcg@40': 0.0548} 
2024-10-09 05:53:30.705 | INFO     | trainer_1:_train_one_epoch:193 - epoch 27 8.47s Train loss is [0.3682] 
2024-10-09 05:53:35.611 | INFO     | trainer_1:_train_one_epoch:201 - validate 27 cost time 4.91s, result: {'hit@1': 0.0172, 'ndcg@1': 0.0172, 'hit@5': 0.0578, 'ndcg@5': 0.0377, 'hit@10': 0.0944, 'ndcg@10': 0.0494, 'hit@15': 0.1254, 'ndcg@15': 0.0576, 'hit@20': 0.1524, 'ndcg@20': 0.0639, 'hit@40': 0.2378, 'ndcg@40': 0.0813} 
2024-10-09 05:53:40.387 | INFO     | trainer_1:_train_one_epoch:209 - test 27 cost time 4.78s, result: {'hit@1': 0.011, 'ndcg@1': 0.011, 'hit@5': 0.0379, 'ndcg@5': 0.0246, 'hit@10': 0.0635, 'ndcg@10': 0.0328, 'hit@15': 0.0867, 'ndcg@15': 0.0389, 'hit@20': 0.1053, 'ndcg@20': 0.0433, 'hit@40': 0.1689, 'ndcg@40': 0.0562} 
2024-10-09 05:53:59.297 | INFO     | trainer_1:_train_one_epoch:193 - epoch 28 8.53s Train loss is [0.3644] 
2024-10-09 05:54:04.178 | INFO     | trainer_1:_train_one_epoch:201 - validate 28 cost time 4.88s, result: {'hit@1': 0.0163, 'ndcg@1': 0.0163, 'hit@5': 0.0559, 'ndcg@5': 0.0363, 'hit@10': 0.094, 'ndcg@10': 0.0485, 'hit@15': 0.1266, 'ndcg@15': 0.0572, 'hit@20': 0.1524, 'ndcg@20': 0.0633, 'hit@40': 0.2371, 'ndcg@40': 0.0805} 
2024-10-09 05:54:08.924 | INFO     | trainer_1:_train_one_epoch:209 - test 28 cost time 4.75s, result: {'hit@1': 0.0101, 'ndcg@1': 0.0101, 'hit@5': 0.0367, 'ndcg@5': 0.0234, 'hit@10': 0.064, 'ndcg@10': 0.0321, 'hit@15': 0.0864, 'ndcg@15': 0.038, 'hit@20': 0.1064, 'ndcg@20': 0.0427, 'hit@40': 0.1708, 'ndcg@40': 0.0558} 
2024-10-09 05:54:27.553 | INFO     | trainer_1:_train_one_epoch:193 - epoch 29 8.49s Train loss is [0.3709] 
2024-10-09 05:54:32.803 | INFO     | trainer_1:_train_one_epoch:201 - validate 29 cost time 5.25s, result: {'hit@1': 0.0163, 'ndcg@1': 0.0163, 'hit@5': 0.0556, 'ndcg@5': 0.0359, 'hit@10': 0.0921, 'ndcg@10': 0.0476, 'hit@15': 0.1234, 'ndcg@15': 0.0559, 'hit@20': 0.1492, 'ndcg@20': 0.062, 'hit@40': 0.2367, 'ndcg@40': 0.0798} 
2024-10-09 05:54:37.554 | INFO     | trainer_1:_train_one_epoch:209 - test 29 cost time 4.75s, result: {'hit@1': 0.0101, 'ndcg@1': 0.0101, 'hit@5': 0.0347, 'ndcg@5': 0.0223, 'hit@10': 0.0592, 'ndcg@10': 0.0301, 'hit@15': 0.0814, 'ndcg@15': 0.036, 'hit@20': 0.1014, 'ndcg@20': 0.0407, 'hit@40': 0.1649, 'ndcg@40': 0.0536} 
2024-10-09 05:54:46.072 | INFO     | trainer_1:_train_one_epoch:193 - epoch 30 8.52s Train loss is [0.3727] 
2024-10-09 05:54:50.959 | INFO     | trainer_1:_train_one_epoch:201 - validate 30 cost time 4.89s, result: {'hit@1': 0.0169, 'ndcg@1': 0.0169, 'hit@5': 0.058, 'ndcg@5': 0.0375, 'hit@10': 0.0946, 'ndcg@10': 0.0492, 'hit@15': 0.128, 'ndcg@15': 0.058, 'hit@20': 0.1564, 'ndcg@20': 0.0647, 'hit@40': 0.2432, 'ndcg@40': 0.0824} 
2024-10-09 05:54:55.722 | INFO     | trainer_1:_train_one_epoch:209 - test 30 cost time 4.76s, result: {'hit@1': 0.0106, 'ndcg@1': 0.0106, 'hit@5': 0.0375, 'ndcg@5': 0.0241, 'hit@10': 0.0633, 'ndcg@10': 0.0324, 'hit@15': 0.0879, 'ndcg@15': 0.0389, 'hit@20': 0.1084, 'ndcg@20': 0.0438, 'hit@40': 0.1781, 'ndcg@40': 0.0579} 
2024-10-09 05:55:04.321 | INFO     | trainer_1:_train_one_epoch:193 - epoch 31 8.60s Train loss is [0.3607] 
2024-10-09 05:55:09.196 | INFO     | trainer_1:_train_one_epoch:201 - validate 31 cost time 4.88s, result: {'hit@1': 0.0156, 'ndcg@1': 0.0156, 'hit@5': 0.0583, 'ndcg@5': 0.0369, 'hit@10': 0.0957, 'ndcg@10': 0.0489, 'hit@15': 0.1267, 'ndcg@15': 0.0571, 'hit@20': 0.1543, 'ndcg@20': 0.0636, 'hit@40': 0.2454, 'ndcg@40': 0.0822} 
2024-10-09 05:55:13.942 | INFO     | trainer_1:_train_one_epoch:209 - test 31 cost time 4.75s, result: {'hit@1': 0.0095, 'ndcg@1': 0.0095, 'hit@5': 0.0373, 'ndcg@5': 0.0234, 'hit@10': 0.0635, 'ndcg@10': 0.0318, 'hit@15': 0.0869, 'ndcg@15': 0.038, 'hit@20': 0.1077, 'ndcg@20': 0.0429, 'hit@40': 0.1734, 'ndcg@40': 0.0563} 
2024-10-09 05:55:22.448 | INFO     | trainer_1:_train_one_epoch:193 - epoch 32 8.51s Train loss is [0.3628] 
2024-10-09 05:55:27.320 | INFO     | trainer_1:_train_one_epoch:201 - validate 32 cost time 4.87s, result: {'hit@1': 0.0161, 'ndcg@1': 0.0161, 'hit@5': 0.0578, 'ndcg@5': 0.037, 'hit@10': 0.0959, 'ndcg@10': 0.0492, 'hit@15': 0.1265, 'ndcg@15': 0.0572, 'hit@20': 0.1534, 'ndcg@20': 0.0636, 'hit@40': 0.2406, 'ndcg@40': 0.0814} 
2024-10-09 05:55:32.063 | INFO     | trainer_1:_train_one_epoch:209 - test 32 cost time 4.74s, result: {'hit@1': 0.0105, 'ndcg@1': 0.0105, 'hit@5': 0.0382, 'ndcg@5': 0.0242, 'hit@10': 0.0631, 'ndcg@10': 0.0322, 'hit@15': 0.0858, 'ndcg@15': 0.0382, 'hit@20': 0.1055, 'ndcg@20': 0.0429, 'hit@40': 0.1725, 'ndcg@40': 0.0565} 
2024-10-09 05:55:40.532 | INFO     | trainer_1:_train_one_epoch:193 - epoch 33 8.47s Train loss is [0.3577] 
2024-10-09 05:55:45.408 | INFO     | trainer_1:_train_one_epoch:201 - validate 33 cost time 4.88s, result: {'hit@1': 0.0161, 'ndcg@1': 0.0161, 'hit@5': 0.062, 'ndcg@5': 0.0391, 'hit@10': 0.1008, 'ndcg@10': 0.0516, 'hit@15': 0.1293, 'ndcg@15': 0.0591, 'hit@20': 0.1576, 'ndcg@20': 0.0658, 'hit@40': 0.2506, 'ndcg@40': 0.0848} 
2024-10-09 05:55:50.152 | INFO     | trainer_1:_train_one_epoch:209 - test 33 cost time 4.74s, result: {'hit@1': 0.0111, 'ndcg@1': 0.0111, 'hit@5': 0.0384, 'ndcg@5': 0.0245, 'hit@10': 0.0661, 'ndcg@10': 0.0334, 'hit@15': 0.088, 'ndcg@15': 0.0392, 'hit@20': 0.1088, 'ndcg@20': 0.0441, 'hit@40': 0.1778, 'ndcg@40': 0.0581} 
2024-10-09 05:56:09.138 | INFO     | trainer_1:_train_one_epoch:193 - epoch 34 8.51s Train loss is [0.3583] 
2024-10-09 05:56:14.017 | INFO     | trainer_1:_train_one_epoch:201 - validate 34 cost time 4.88s, result: {'hit@1': 0.0168, 'ndcg@1': 0.0168, 'hit@5': 0.0614, 'ndcg@5': 0.039, 'hit@10': 0.1007, 'ndcg@10': 0.0516, 'hit@15': 0.1326, 'ndcg@15': 0.06, 'hit@20': 0.1615, 'ndcg@20': 0.0668, 'hit@40': 0.2504, 'ndcg@40': 0.0849} 
2024-10-09 05:56:18.767 | INFO     | trainer_1:_train_one_epoch:209 - test 34 cost time 4.75s, result: {'hit@1': 0.0111, 'ndcg@1': 0.0111, 'hit@5': 0.0383, 'ndcg@5': 0.0245, 'hit@10': 0.0661, 'ndcg@10': 0.0335, 'hit@15': 0.0885, 'ndcg@15': 0.0393, 'hit@20': 0.1102, 'ndcg@20': 0.0445, 'hit@40': 0.1789, 'ndcg@40': 0.0584} 
2024-10-09 05:56:27.236 | INFO     | trainer_1:_train_one_epoch:193 - epoch 35 8.47s Train loss is [0.3585] 
2024-10-09 05:56:32.139 | INFO     | trainer_1:_train_one_epoch:201 - validate 35 cost time 4.90s, result: {'hit@1': 0.0172, 'ndcg@1': 0.0172, 'hit@5': 0.0615, 'ndcg@5': 0.0393, 'hit@10': 0.1012, 'ndcg@10': 0.052, 'hit@15': 0.1348, 'ndcg@15': 0.0609, 'hit@20': 0.1634, 'ndcg@20': 0.0676, 'hit@40': 0.2568, 'ndcg@40': 0.0867} 
2024-10-09 05:56:36.912 | INFO     | trainer_1:_train_one_epoch:209 - test 35 cost time 4.77s, result: {'hit@1': 0.012, 'ndcg@1': 0.012, 'hit@5': 0.0391, 'ndcg@5': 0.0253, 'hit@10': 0.0663, 'ndcg@10': 0.034, 'hit@15': 0.0912, 'ndcg@15': 0.0405, 'hit@20': 0.1116, 'ndcg@20': 0.0454, 'hit@40': 0.1835, 'ndcg@40': 0.06} 
2024-10-09 05:56:55.662 | INFO     | trainer_1:_train_one_epoch:193 - epoch 36 8.52s Train loss is [0.3626] 
2024-10-09 05:57:00.582 | INFO     | trainer_1:_train_one_epoch:201 - validate 36 cost time 4.92s, result: {'hit@1': 0.0159, 'ndcg@1': 0.0159, 'hit@5': 0.0589, 'ndcg@5': 0.0374, 'hit@10': 0.0958, 'ndcg@10': 0.0493, 'hit@15': 0.129, 'ndcg@15': 0.0581, 'hit@20': 0.158, 'ndcg@20': 0.0649, 'hit@40': 0.2478, 'ndcg@40': 0.0832} 
2024-10-09 05:57:05.369 | INFO     | trainer_1:_train_one_epoch:209 - test 36 cost time 4.79s, result: {'hit@1': 0.0105, 'ndcg@1': 0.0105, 'hit@5': 0.0386, 'ndcg@5': 0.0244, 'hit@10': 0.0644, 'ndcg@10': 0.0326, 'hit@15': 0.0885, 'ndcg@15': 0.039, 'hit@20': 0.1076, 'ndcg@20': 0.0435, 'hit@40': 0.1777, 'ndcg@40': 0.0577} 
2024-10-09 05:57:13.890 | INFO     | trainer_1:_train_one_epoch:193 - epoch 37 8.52s Train loss is [0.3548] 
2024-10-09 05:57:18.779 | INFO     | trainer_1:_train_one_epoch:201 - validate 37 cost time 4.89s, result: {'hit@1': 0.0165, 'ndcg@1': 0.0165, 'hit@5': 0.0609, 'ndcg@5': 0.0385, 'hit@10': 0.099, 'ndcg@10': 0.0507, 'hit@15': 0.1304, 'ndcg@15': 0.059, 'hit@20': 0.1586, 'ndcg@20': 0.0657, 'hit@40': 0.2489, 'ndcg@40': 0.0841} 
2024-10-09 05:57:23.539 | INFO     | trainer_1:_train_one_epoch:209 - test 37 cost time 4.76s, result: {'hit@1': 0.0111, 'ndcg@1': 0.0111, 'hit@5': 0.0385, 'ndcg@5': 0.0248, 'hit@10': 0.0647, 'ndcg@10': 0.0332, 'hit@15': 0.0887, 'ndcg@15': 0.0395, 'hit@20': 0.1088, 'ndcg@20': 0.0442, 'hit@40': 0.1783, 'ndcg@40': 0.0584} 
2024-10-09 05:57:31.968 | INFO     | trainer_1:_train_one_epoch:193 - epoch 38 8.43s Train loss is [0.3469] 
2024-10-09 05:57:36.859 | INFO     | trainer_1:_train_one_epoch:201 - validate 38 cost time 4.89s, result: {'hit@1': 0.0167, 'ndcg@1': 0.0167, 'hit@5': 0.0609, 'ndcg@5': 0.0387, 'hit@10': 0.0966, 'ndcg@10': 0.0502, 'hit@15': 0.1295, 'ndcg@15': 0.0589, 'hit@20': 0.1592, 'ndcg@20': 0.0659, 'hit@40': 0.2489, 'ndcg@40': 0.0841} 
2024-10-09 05:57:41.626 | INFO     | trainer_1:_train_one_epoch:209 - test 38 cost time 4.77s, result: {'hit@1': 0.0111, 'ndcg@1': 0.0111, 'hit@5': 0.039, 'ndcg@5': 0.0249, 'hit@10': 0.0652, 'ndcg@10': 0.0333, 'hit@15': 0.0894, 'ndcg@15': 0.0397, 'hit@20': 0.11, 'ndcg@20': 0.0446, 'hit@40': 0.1792, 'ndcg@40': 0.0587} 
2024-10-09 05:57:50.024 | INFO     | trainer_1:_train_one_epoch:193 - epoch 39 8.40s Train loss is [0.3436] 
2024-10-09 05:57:54.927 | INFO     | trainer_1:_train_one_epoch:201 - validate 39 cost time 4.90s, result: {'hit@1': 0.0163, 'ndcg@1': 0.0163, 'hit@5': 0.0568, 'ndcg@5': 0.0368, 'hit@10': 0.0955, 'ndcg@10': 0.0491, 'hit@15': 0.1265, 'ndcg@15': 0.0573, 'hit@20': 0.1569, 'ndcg@20': 0.0644, 'hit@40': 0.2448, 'ndcg@40': 0.0823} 
2024-10-09 05:57:59.694 | INFO     | trainer_1:_train_one_epoch:209 - test 39 cost time 4.77s, result: {'hit@1': 0.0102, 'ndcg@1': 0.0102, 'hit@5': 0.0363, 'ndcg@5': 0.0233, 'hit@10': 0.0625, 'ndcg@10': 0.0317, 'hit@15': 0.0856, 'ndcg@15': 0.0377, 'hit@20': 0.1051, 'ndcg@20': 0.0423, 'hit@40': 0.1764, 'ndcg@40': 0.0569} 
2024-10-09 05:58:08.231 | INFO     | trainer_1:_train_one_epoch:193 - epoch 40 8.54s Train loss is [0.3432] 
2024-10-09 05:58:13.140 | INFO     | trainer_1:_train_one_epoch:201 - validate 40 cost time 4.91s, result: {'hit@1': 0.0169, 'ndcg@1': 0.0169, 'hit@5': 0.0591, 'ndcg@5': 0.0381, 'hit@10': 0.0962, 'ndcg@10': 0.0499, 'hit@15': 0.1288, 'ndcg@15': 0.0585, 'hit@20': 0.1594, 'ndcg@20': 0.0657, 'hit@40': 0.2502, 'ndcg@40': 0.0842} 
2024-10-09 05:58:17.905 | INFO     | trainer_1:_train_one_epoch:209 - test 40 cost time 4.77s, result: {'hit@1': 0.0113, 'ndcg@1': 0.0113, 'hit@5': 0.0375, 'ndcg@5': 0.0242, 'hit@10': 0.0639, 'ndcg@10': 0.0326, 'hit@15': 0.0853, 'ndcg@15': 0.0383, 'hit@20': 0.1066, 'ndcg@20': 0.0433, 'hit@40': 0.1777, 'ndcg@40': 0.0578} 
2024-10-09 05:58:17.916 | INFO     | trainer_1:train_model:163 - training end, best iteration 35, results: {'hit@1': 0.0172, 'ndcg@1': 0.0172, 'hit@5': 0.0615, 'ndcg@5': 0.0393, 'hit@10': 0.1012, 'ndcg@10': 0.052, 'hit@15': 0.1348, 'ndcg@15': 0.0609, 'hit@20': 0.1634, 'ndcg@20': 0.0676, 'hit@40': 0.2568, 'ndcg@40': 0.0867}
2024-10-09 05:58:17.916 | INFO     | trainer_1:train_model:166 - final test result is:  {'hit@1': 0.012, 'ndcg@1': 0.012, 'hit@5': 0.0391, 'ndcg@5': 0.0253, 'hit@10': 0.0663, 'ndcg@10': 0.034, 'hit@15': 0.0912, 'ndcg@15': 0.0405, 'hit@20': 0.1116, 'ndcg@20': 0.0454, 'hit@40': 0.1835, 'ndcg@40': 0.06}
2024-10-09 05:58:18.207 | INFO     | __main__:<module>:119 - train end total cost time: 2432.5936217308044
