2024-10-08 16:48:02.423 | INFO     | __main__:<module>:105 - Namespace(TIME='2024-10-08 16_47_30', batch_size=1024, behaviors=['view', 'cart', 'buy'], check_point='model_pre_1_2024-10-08 11_17_41.pth', data_name='beibei', data_path='./data/beibei', decay=0.001, device='cuda:1', dim_qk=32, dim_v=64, distill_layers=2, distill_thres=0.5, distill_topK=10, distill_userK=6, embedding_size=64, epochs=100, gpu_no=1, if_load_model=True, ii_lambda=200, initializer_range=0.02, layers=2, loss_type='bpr', lr=0.001, message_dropout=0.25, metrics=['hit', 'ndcg'], min_epoch=5, model_name='main_1', model_path='./check_point', node_dropout=0.75, omega=1, pt_loop=50, reg_weight=0.001, test_batch_size=1024, testbatch=1024, topk=[1, 5, 10, 15, 20, 40], uu_lambda=100)
2024-10-08 16:48:02.423 | INFO     | __main__:<module>:106 - BIPN(
  (message_dropout): Dropout(p=0.25, inplace=False)
  (user_embedding): Embedding(21717, 64, padding_idx=0)
  (item_embedding): Embedding(7978, 64, padding_idx=0)
  (global_Graph): LightGCN()
  (Graph_encoder): ModuleDict(
    (view): GraphEncoder(
      (light): LightGCN()
      (dropout): Dropout(p=0.75, inplace=False)
    )
    (cart): GraphEncoder(
      (light): LightGCN()
      (dropout): Dropout(p=0.75, inplace=False)
    )
    (buy): GraphEncoder(
      (light): LightGCN()
      (dropout): Dropout(p=0.75, inplace=False)
    )
  )
  (attention): Mutual_Attention()
  (bpr_loss): BPRLoss()
  (emb_loss): EmbLoss()
  (f): Sigmoid()
)
2024-10-08 17:18:56.272 | INFO     | trainer_1:_train_one_epoch:193 - epoch 1 6.34s Train loss is [0.9444] 
2024-10-08 17:19:03.624 | INFO     | trainer_1:_train_one_epoch:201 - validate 1 cost time 7.35s, result: {'hit@1': 0.0066, 'ndcg@1': 0.0066, 'hit@5': 0.0281, 'ndcg@5': 0.0172, 'hit@10': 0.0499, 'ndcg@10': 0.0242, 'hit@15': 0.0691, 'ndcg@15': 0.0293, 'hit@20': 0.0861, 'ndcg@20': 0.0333, 'hit@40': 0.1485, 'ndcg@40': 0.046} 
2024-10-08 17:19:10.591 | INFO     | trainer_1:_train_one_epoch:209 - test 1 cost time 6.97s, result: {'hit@1': 0.0041, 'ndcg@1': 0.0041, 'hit@5': 0.018, 'ndcg@5': 0.0108, 'hit@10': 0.0349, 'ndcg@10': 0.0162, 'hit@15': 0.049, 'ndcg@15': 0.0199, 'hit@20': 0.0624, 'ndcg@20': 0.023, 'hit@40': 0.1129, 'ndcg@40': 0.0333} 
2024-10-08 17:19:32.296 | INFO     | trainer_1:_train_one_epoch:193 - epoch 2 9.95s Train loss is [0.7187] 
2024-10-08 17:19:37.695 | INFO     | trainer_1:_train_one_epoch:201 - validate 2 cost time 5.40s, result: {'hit@1': 0.0093, 'ndcg@1': 0.0093, 'hit@5': 0.0345, 'ndcg@5': 0.0217, 'hit@10': 0.0608, 'ndcg@10': 0.0301, 'hit@15': 0.0824, 'ndcg@15': 0.0358, 'hit@20': 0.1014, 'ndcg@20': 0.0403, 'hit@40': 0.1662, 'ndcg@40': 0.0535} 
2024-10-08 17:19:43.978 | INFO     | trainer_1:_train_one_epoch:209 - test 2 cost time 6.28s, result: {'hit@1': 0.0051, 'ndcg@1': 0.0051, 'hit@5': 0.0222, 'ndcg@5': 0.0134, 'hit@10': 0.0412, 'ndcg@10': 0.0195, 'hit@15': 0.0571, 'ndcg@15': 0.0237, 'hit@20': 0.0732, 'ndcg@20': 0.0275, 'hit@40': 0.1216, 'ndcg@40': 0.0373} 
2024-10-08 17:20:03.075 | INFO     | trainer_1:_train_one_epoch:193 - epoch 3 8.46s Train loss is [0.6414] 
2024-10-08 17:20:10.621 | INFO     | trainer_1:_train_one_epoch:201 - validate 3 cost time 7.54s, result: {'hit@1': 0.0078, 'ndcg@1': 0.0078, 'hit@5': 0.0318, 'ndcg@5': 0.0197, 'hit@10': 0.059, 'ndcg@10': 0.0283, 'hit@15': 0.0834, 'ndcg@15': 0.0348, 'hit@20': 0.1033, 'ndcg@20': 0.0395, 'hit@40': 0.1752, 'ndcg@40': 0.0541} 
2024-10-08 17:20:15.540 | INFO     | trainer_1:_train_one_epoch:209 - test 3 cost time 4.92s, result: {'hit@1': 0.0042, 'ndcg@1': 0.0042, 'hit@5': 0.0198, 'ndcg@5': 0.0119, 'hit@10': 0.039, 'ndcg@10': 0.018, 'hit@15': 0.0562, 'ndcg@15': 0.0225, 'hit@20': 0.0719, 'ndcg@20': 0.0262, 'hit@40': 0.1262, 'ndcg@40': 0.0373} 
2024-10-08 17:20:23.974 | INFO     | trainer_1:_train_one_epoch:193 - epoch 4 8.43s Train loss is [0.5908] 
2024-10-08 17:20:31.526 | INFO     | trainer_1:_train_one_epoch:201 - validate 4 cost time 7.55s, result: {'hit@1': 0.0079, 'ndcg@1': 0.0079, 'hit@5': 0.0314, 'ndcg@5': 0.0195, 'hit@10': 0.0569, 'ndcg@10': 0.0277, 'hit@15': 0.0788, 'ndcg@15': 0.0335, 'hit@20': 0.0994, 'ndcg@20': 0.0383, 'hit@40': 0.165, 'ndcg@40': 0.0517} 
2024-10-08 17:20:40.426 | INFO     | trainer_1:_train_one_epoch:209 - test 4 cost time 8.90s, result: {'hit@1': 0.0044, 'ndcg@1': 0.0044, 'hit@5': 0.0179, 'ndcg@5': 0.011, 'hit@10': 0.0344, 'ndcg@10': 0.0164, 'hit@15': 0.0513, 'ndcg@15': 0.0208, 'hit@20': 0.067, 'ndcg@20': 0.0245, 'hit@40': 0.1174, 'ndcg@40': 0.0347} 
2024-10-08 17:20:48.853 | INFO     | trainer_1:_train_one_epoch:193 - epoch 5 8.43s Train loss is [0.5512] 
2024-10-08 17:20:56.663 | INFO     | trainer_1:_train_one_epoch:201 - validate 5 cost time 7.81s, result: {'hit@1': 0.013, 'ndcg@1': 0.013, 'hit@5': 0.0382, 'ndcg@5': 0.0254, 'hit@10': 0.0662, 'ndcg@10': 0.0343, 'hit@15': 0.0907, 'ndcg@15': 0.0408, 'hit@20': 0.1101, 'ndcg@20': 0.0454, 'hit@40': 0.1792, 'ndcg@40': 0.0595} 
2024-10-08 17:21:02.890 | INFO     | trainer_1:_train_one_epoch:209 - test 5 cost time 6.23s, result: {'hit@1': 0.0063, 'ndcg@1': 0.0063, 'hit@5': 0.0219, 'ndcg@5': 0.0139, 'hit@10': 0.0398, 'ndcg@10': 0.0196, 'hit@15': 0.0576, 'ndcg@15': 0.0243, 'hit@20': 0.0717, 'ndcg@20': 0.0277, 'hit@40': 0.1206, 'ndcg@40': 0.0376} 
2024-10-08 17:21:11.294 | INFO     | trainer_1:_train_one_epoch:193 - epoch 6 8.40s Train loss is [0.5282] 
2024-10-08 17:21:20.256 | INFO     | trainer_1:_train_one_epoch:201 - validate 6 cost time 8.96s, result: {'hit@1': 0.0129, 'ndcg@1': 0.0129, 'hit@5': 0.0412, 'ndcg@5': 0.027, 'hit@10': 0.0673, 'ndcg@10': 0.0353, 'hit@15': 0.0927, 'ndcg@15': 0.042, 'hit@20': 0.1151, 'ndcg@20': 0.0473, 'hit@40': 0.187, 'ndcg@40': 0.0619} 
2024-10-08 17:21:29.208 | INFO     | trainer_1:_train_one_epoch:209 - test 6 cost time 8.95s, result: {'hit@1': 0.007, 'ndcg@1': 0.007, 'hit@5': 0.0242, 'ndcg@5': 0.0155, 'hit@10': 0.0421, 'ndcg@10': 0.0212, 'hit@15': 0.0594, 'ndcg@15': 0.0258, 'hit@20': 0.0746, 'ndcg@20': 0.0293, 'hit@40': 0.1264, 'ndcg@40': 0.0399} 
2024-10-08 17:21:47.933 | INFO     | trainer_1:_train_one_epoch:193 - epoch 7 8.39s Train loss is [0.5256] 
2024-10-08 17:21:56.575 | INFO     | trainer_1:_train_one_epoch:201 - validate 7 cost time 8.64s, result: {'hit@1': 0.0119, 'ndcg@1': 0.0119, 'hit@5': 0.0426, 'ndcg@5': 0.0271, 'hit@10': 0.0716, 'ndcg@10': 0.0364, 'hit@15': 0.0986, 'ndcg@15': 0.0435, 'hit@20': 0.1234, 'ndcg@20': 0.0494, 'hit@40': 0.1958, 'ndcg@40': 0.0641} 
2024-10-08 17:22:05.457 | INFO     | trainer_1:_train_one_epoch:209 - test 7 cost time 8.88s, result: {'hit@1': 0.0069, 'ndcg@1': 0.0069, 'hit@5': 0.0248, 'ndcg@5': 0.0157, 'hit@10': 0.0427, 'ndcg@10': 0.0214, 'hit@15': 0.0611, 'ndcg@15': 0.0263, 'hit@20': 0.0783, 'ndcg@20': 0.0303, 'hit@40': 0.1341, 'ndcg@40': 0.0417} 
2024-10-08 17:22:24.149 | INFO     | trainer_1:_train_one_epoch:193 - epoch 8 8.33s Train loss is [0.4928] 
2024-10-08 17:22:32.103 | INFO     | trainer_1:_train_one_epoch:201 - validate 8 cost time 7.95s, result: {'hit@1': 0.0096, 'ndcg@1': 0.0096, 'hit@5': 0.0386, 'ndcg@5': 0.0239, 'hit@10': 0.0688, 'ndcg@10': 0.0335, 'hit@15': 0.0948, 'ndcg@15': 0.0404, 'hit@20': 0.1196, 'ndcg@20': 0.0462, 'hit@40': 0.1988, 'ndcg@40': 0.0623} 
2024-10-08 17:22:39.763 | INFO     | trainer_1:_train_one_epoch:209 - test 8 cost time 7.66s, result: {'hit@1': 0.0053, 'ndcg@1': 0.0053, 'hit@5': 0.023, 'ndcg@5': 0.0141, 'hit@10': 0.0424, 'ndcg@10': 0.0203, 'hit@15': 0.0606, 'ndcg@15': 0.0251, 'hit@20': 0.0776, 'ndcg@20': 0.0291, 'hit@40': 0.1362, 'ndcg@40': 0.0411} 
2024-10-08 17:22:48.209 | INFO     | trainer_1:_train_one_epoch:193 - epoch 9 8.45s Train loss is [0.4793] 
2024-10-08 17:22:53.229 | INFO     | trainer_1:_train_one_epoch:201 - validate 9 cost time 5.02s, result: {'hit@1': 0.0116, 'ndcg@1': 0.0116, 'hit@5': 0.0448, 'ndcg@5': 0.028, 'hit@10': 0.0771, 'ndcg@10': 0.0384, 'hit@15': 0.105, 'ndcg@15': 0.0458, 'hit@20': 0.1294, 'ndcg@20': 0.0516, 'hit@40': 0.2085, 'ndcg@40': 0.0676} 
2024-10-08 17:22:58.728 | INFO     | trainer_1:_train_one_epoch:209 - test 9 cost time 5.50s, result: {'hit@1': 0.0066, 'ndcg@1': 0.0066, 'hit@5': 0.0262, 'ndcg@5': 0.0164, 'hit@10': 0.0462, 'ndcg@10': 0.0227, 'hit@15': 0.0672, 'ndcg@15': 0.0283, 'hit@20': 0.0846, 'ndcg@20': 0.0324, 'hit@40': 0.1446, 'ndcg@40': 0.0446} 
2024-10-08 17:23:17.386 | INFO     | trainer_1:_train_one_epoch:193 - epoch 10 8.40s Train loss is [0.4704] 
2024-10-08 17:23:26.404 | INFO     | trainer_1:_train_one_epoch:201 - validate 10 cost time 9.02s, result: {'hit@1': 0.0132, 'ndcg@1': 0.0132, 'hit@5': 0.0467, 'ndcg@5': 0.0298, 'hit@10': 0.0783, 'ndcg@10': 0.0399, 'hit@15': 0.1048, 'ndcg@15': 0.0469, 'hit@20': 0.1279, 'ndcg@20': 0.0523, 'hit@40': 0.2103, 'ndcg@40': 0.0691} 
2024-10-08 17:23:33.857 | INFO     | trainer_1:_train_one_epoch:209 - test 10 cost time 7.45s, result: {'hit@1': 0.0073, 'ndcg@1': 0.0073, 'hit@5': 0.0278, 'ndcg@5': 0.0175, 'hit@10': 0.0493, 'ndcg@10': 0.0244, 'hit@15': 0.0679, 'ndcg@15': 0.0293, 'hit@20': 0.0859, 'ndcg@20': 0.0335, 'hit@40': 0.1444, 'ndcg@40': 0.0454} 
2024-10-08 17:23:52.798 | INFO     | trainer_1:_train_one_epoch:193 - epoch 11 8.52s Train loss is [0.4640] 
2024-10-08 17:24:00.822 | INFO     | trainer_1:_train_one_epoch:201 - validate 11 cost time 8.02s, result: {'hit@1': 0.0106, 'ndcg@1': 0.0106, 'hit@5': 0.0414, 'ndcg@5': 0.0261, 'hit@10': 0.0708, 'ndcg@10': 0.0355, 'hit@15': 0.0956, 'ndcg@15': 0.042, 'hit@20': 0.1186, 'ndcg@20': 0.0475, 'hit@40': 0.1917, 'ndcg@40': 0.0623} 
2024-10-08 17:24:06.006 | INFO     | trainer_1:_train_one_epoch:209 - test 11 cost time 5.18s, result: {'hit@1': 0.0064, 'ndcg@1': 0.0064, 'hit@5': 0.0264, 'ndcg@5': 0.0163, 'hit@10': 0.0471, 'ndcg@10': 0.0229, 'hit@15': 0.0639, 'ndcg@15': 0.0273, 'hit@20': 0.0807, 'ndcg@20': 0.0313, 'hit@40': 0.1349, 'ndcg@40': 0.0423} 
2024-10-08 17:24:14.443 | INFO     | trainer_1:_train_one_epoch:193 - epoch 12 8.44s Train loss is [0.4606] 
2024-10-08 17:24:21.030 | INFO     | trainer_1:_train_one_epoch:201 - validate 12 cost time 6.59s, result: {'hit@1': 0.01, 'ndcg@1': 0.01, 'hit@5': 0.0409, 'ndcg@5': 0.0254, 'hit@10': 0.0707, 'ndcg@10': 0.0349, 'hit@15': 0.0964, 'ndcg@15': 0.0417, 'hit@20': 0.1202, 'ndcg@20': 0.0473, 'hit@40': 0.2017, 'ndcg@40': 0.0639} 
2024-10-08 17:24:28.714 | INFO     | trainer_1:_train_one_epoch:209 - test 12 cost time 7.68s, result: {'hit@1': 0.0074, 'ndcg@1': 0.0074, 'hit@5': 0.0266, 'ndcg@5': 0.0167, 'hit@10': 0.0474, 'ndcg@10': 0.0233, 'hit@15': 0.0659, 'ndcg@15': 0.0282, 'hit@20': 0.0839, 'ndcg@20': 0.0324, 'hit@40': 0.1427, 'ndcg@40': 0.0444} 
2024-10-08 17:24:37.291 | INFO     | trainer_1:_train_one_epoch:193 - epoch 13 8.58s Train loss is [0.4433] 
2024-10-08 17:24:44.751 | INFO     | trainer_1:_train_one_epoch:201 - validate 13 cost time 7.46s, result: {'hit@1': 0.0121, 'ndcg@1': 0.0121, 'hit@5': 0.045, 'ndcg@5': 0.0285, 'hit@10': 0.0758, 'ndcg@10': 0.0384, 'hit@15': 0.1008, 'ndcg@15': 0.045, 'hit@20': 0.1258, 'ndcg@20': 0.0509, 'hit@40': 0.2038, 'ndcg@40': 0.0667} 
2024-10-08 17:24:51.016 | INFO     | trainer_1:_train_one_epoch:209 - test 13 cost time 6.26s, result: {'hit@1': 0.0074, 'ndcg@1': 0.0074, 'hit@5': 0.0283, 'ndcg@5': 0.0177, 'hit@10': 0.0499, 'ndcg@10': 0.0247, 'hit@15': 0.0676, 'ndcg@15': 0.0293, 'hit@20': 0.0852, 'ndcg@20': 0.0335, 'hit@40': 0.1466, 'ndcg@40': 0.046} 
2024-10-08 17:25:09.839 | INFO     | trainer_1:_train_one_epoch:193 - epoch 14 8.55s Train loss is [0.4398] 
2024-10-08 17:25:16.391 | INFO     | trainer_1:_train_one_epoch:201 - validate 14 cost time 6.55s, result: {'hit@1': 0.0126, 'ndcg@1': 0.0126, 'hit@5': 0.0459, 'ndcg@5': 0.029, 'hit@10': 0.0767, 'ndcg@10': 0.039, 'hit@15': 0.1016, 'ndcg@15': 0.0455, 'hit@20': 0.127, 'ndcg@20': 0.0515, 'hit@40': 0.2072, 'ndcg@40': 0.0678} 
2024-10-08 17:25:23.372 | INFO     | trainer_1:_train_one_epoch:209 - test 14 cost time 6.98s, result: {'hit@1': 0.0076, 'ndcg@1': 0.0076, 'hit@5': 0.03, 'ndcg@5': 0.0187, 'hit@10': 0.0509, 'ndcg@10': 0.0254, 'hit@15': 0.0712, 'ndcg@15': 0.0308, 'hit@20': 0.0868, 'ndcg@20': 0.0344, 'hit@40': 0.1452, 'ndcg@40': 0.0463} 
2024-10-08 17:25:42.486 | INFO     | trainer_1:_train_one_epoch:193 - epoch 15 8.29s Train loss is [0.4235] 
2024-10-08 17:25:47.920 | INFO     | trainer_1:_train_one_epoch:201 - validate 15 cost time 5.43s, result: {'hit@1': 0.0117, 'ndcg@1': 0.0117, 'hit@5': 0.0467, 'ndcg@5': 0.0292, 'hit@10': 0.078, 'ndcg@10': 0.0393, 'hit@15': 0.1055, 'ndcg@15': 0.0465, 'hit@20': 0.1291, 'ndcg@20': 0.0521, 'hit@40': 0.2066, 'ndcg@40': 0.0679} 
2024-10-08 17:25:54.289 | INFO     | trainer_1:_train_one_epoch:209 - test 15 cost time 6.37s, result: {'hit@1': 0.0079, 'ndcg@1': 0.0079, 'hit@5': 0.0294, 'ndcg@5': 0.0186, 'hit@10': 0.0516, 'ndcg@10': 0.0258, 'hit@15': 0.0705, 'ndcg@15': 0.0308, 'hit@20': 0.0883, 'ndcg@20': 0.035, 'hit@40': 0.1503, 'ndcg@40': 0.0476} 
2024-10-08 17:26:12.985 | INFO     | trainer_1:_train_one_epoch:193 - epoch 16 8.45s Train loss is [0.4272] 
2024-10-08 17:26:19.553 | INFO     | trainer_1:_train_one_epoch:201 - validate 16 cost time 6.57s, result: {'hit@1': 0.0128, 'ndcg@1': 0.0128, 'hit@5': 0.048, 'ndcg@5': 0.0303, 'hit@10': 0.0791, 'ndcg@10': 0.0403, 'hit@15': 0.1079, 'ndcg@15': 0.0479, 'hit@20': 0.1322, 'ndcg@20': 0.0537, 'hit@40': 0.2166, 'ndcg@40': 0.0708} 
2024-10-08 17:26:26.661 | INFO     | trainer_1:_train_one_epoch:209 - test 16 cost time 7.11s, result: {'hit@1': 0.008, 'ndcg@1': 0.008, 'hit@5': 0.0302, 'ndcg@5': 0.0191, 'hit@10': 0.053, 'ndcg@10': 0.0263, 'hit@15': 0.0711, 'ndcg@15': 0.0311, 'hit@20': 0.0902, 'ndcg@20': 0.0356, 'hit@40': 0.1532, 'ndcg@40': 0.0484} 
2024-10-08 17:26:45.388 | INFO     | trainer_1:_train_one_epoch:193 - epoch 17 8.28s Train loss is [0.4127] 
2024-10-08 17:26:50.677 | INFO     | trainer_1:_train_one_epoch:201 - validate 17 cost time 5.29s, result: {'hit@1': 0.0129, 'ndcg@1': 0.0129, 'hit@5': 0.0453, 'ndcg@5': 0.0288, 'hit@10': 0.075, 'ndcg@10': 0.0384, 'hit@15': 0.0992, 'ndcg@15': 0.0448, 'hit@20': 0.1218, 'ndcg@20': 0.0501, 'hit@40': 0.2005, 'ndcg@40': 0.0661} 
2024-10-08 17:26:56.997 | INFO     | trainer_1:_train_one_epoch:209 - test 17 cost time 6.32s, result: {'hit@1': 0.007, 'ndcg@1': 0.007, 'hit@5': 0.0289, 'ndcg@5': 0.0179, 'hit@10': 0.0493, 'ndcg@10': 0.0244, 'hit@15': 0.0668, 'ndcg@15': 0.0291, 'hit@20': 0.0843, 'ndcg@20': 0.0332, 'hit@40': 0.1413, 'ndcg@40': 0.0448} 
2024-10-08 17:27:05.405 | INFO     | trainer_1:_train_one_epoch:193 - epoch 18 8.41s Train loss is [0.4030] 
2024-10-08 17:27:13.158 | INFO     | trainer_1:_train_one_epoch:201 - validate 18 cost time 7.75s, result: {'hit@1': 0.0146, 'ndcg@1': 0.0146, 'hit@5': 0.05, 'ndcg@5': 0.0323, 'hit@10': 0.0845, 'ndcg@10': 0.0434, 'hit@15': 0.1111, 'ndcg@15': 0.0504, 'hit@20': 0.1365, 'ndcg@20': 0.0564, 'hit@40': 0.2206, 'ndcg@40': 0.0735} 
2024-10-08 17:27:20.958 | INFO     | trainer_1:_train_one_epoch:209 - test 18 cost time 7.80s, result: {'hit@1': 0.0076, 'ndcg@1': 0.0076, 'hit@5': 0.0326, 'ndcg@5': 0.0202, 'hit@10': 0.0575, 'ndcg@10': 0.0281, 'hit@15': 0.0773, 'ndcg@15': 0.0334, 'hit@20': 0.0967, 'ndcg@20': 0.0379, 'hit@40': 0.1618, 'ndcg@40': 0.0512} 
2024-10-08 17:27:39.865 | INFO     | trainer_1:_train_one_epoch:193 - epoch 19 8.49s Train loss is [0.4052] 
2024-10-08 17:27:47.697 | INFO     | trainer_1:_train_one_epoch:201 - validate 19 cost time 7.83s, result: {'hit@1': 0.0152, 'ndcg@1': 0.0152, 'hit@5': 0.0514, 'ndcg@5': 0.0333, 'hit@10': 0.0859, 'ndcg@10': 0.0445, 'hit@15': 0.1153, 'ndcg@15': 0.0522, 'hit@20': 0.1401, 'ndcg@20': 0.0581, 'hit@40': 0.229, 'ndcg@40': 0.0762} 
2024-10-08 17:27:54.997 | INFO     | trainer_1:_train_one_epoch:209 - test 19 cost time 7.30s, result: {'hit@1': 0.0085, 'ndcg@1': 0.0085, 'hit@5': 0.034, 'ndcg@5': 0.0213, 'hit@10': 0.0575, 'ndcg@10': 0.0289, 'hit@15': 0.0787, 'ndcg@15': 0.0345, 'hit@20': 0.0984, 'ndcg@20': 0.0391, 'hit@40': 0.1641, 'ndcg@40': 0.0525} 
2024-10-08 17:28:03.394 | INFO     | trainer_1:_train_one_epoch:193 - epoch 20 8.40s Train loss is [0.3895] 
2024-10-08 17:28:11.255 | INFO     | trainer_1:_train_one_epoch:201 - validate 20 cost time 7.86s, result: {'hit@1': 0.0143, 'ndcg@1': 0.0143, 'hit@5': 0.0509, 'ndcg@5': 0.0327, 'hit@10': 0.0871, 'ndcg@10': 0.0442, 'hit@15': 0.1174, 'ndcg@15': 0.0522, 'hit@20': 0.1441, 'ndcg@20': 0.0585, 'hit@40': 0.2281, 'ndcg@40': 0.0756} 
2024-10-08 17:28:18.910 | INFO     | trainer_1:_train_one_epoch:209 - test 20 cost time 7.65s, result: {'hit@1': 0.0103, 'ndcg@1': 0.0103, 'hit@5': 0.0346, 'ndcg@5': 0.0223, 'hit@10': 0.0589, 'ndcg@10': 0.0301, 'hit@15': 0.0804, 'ndcg@15': 0.0358, 'hit@20': 0.0992, 'ndcg@20': 0.0402, 'hit@40': 0.1634, 'ndcg@40': 0.0533} 
2024-10-08 17:28:37.948 | INFO     | trainer_1:_train_one_epoch:193 - epoch 21 8.57s Train loss is [0.3936] 
2024-10-08 17:28:45.735 | INFO     | trainer_1:_train_one_epoch:201 - validate 21 cost time 7.79s, result: {'hit@1': 0.0152, 'ndcg@1': 0.0152, 'hit@5': 0.0553, 'ndcg@5': 0.0353, 'hit@10': 0.0915, 'ndcg@10': 0.0469, 'hit@15': 0.1216, 'ndcg@15': 0.0548, 'hit@20': 0.1478, 'ndcg@20': 0.061, 'hit@40': 0.232, 'ndcg@40': 0.0782} 
2024-10-08 17:28:53.442 | INFO     | trainer_1:_train_one_epoch:209 - test 21 cost time 7.71s, result: {'hit@1': 0.0096, 'ndcg@1': 0.0096, 'hit@5': 0.0356, 'ndcg@5': 0.0224, 'hit@10': 0.0607, 'ndcg@10': 0.0305, 'hit@15': 0.0826, 'ndcg@15': 0.0363, 'hit@20': 0.1009, 'ndcg@20': 0.0406, 'hit@40': 0.1645, 'ndcg@40': 0.0536} 
2024-10-08 17:29:12.220 | INFO     | trainer_1:_train_one_epoch:193 - epoch 22 8.53s Train loss is [0.3925] 
2024-10-08 17:29:20.072 | INFO     | trainer_1:_train_one_epoch:201 - validate 22 cost time 7.85s, result: {'hit@1': 0.0157, 'ndcg@1': 0.0157, 'hit@5': 0.0556, 'ndcg@5': 0.0355, 'hit@10': 0.0903, 'ndcg@10': 0.0467, 'hit@15': 0.1195, 'ndcg@15': 0.0544, 'hit@20': 0.1451, 'ndcg@20': 0.0605, 'hit@40': 0.2294, 'ndcg@40': 0.0776} 
2024-10-08 17:29:27.962 | INFO     | trainer_1:_train_one_epoch:209 - test 22 cost time 7.89s, result: {'hit@1': 0.0088, 'ndcg@1': 0.0088, 'hit@5': 0.0358, 'ndcg@5': 0.0222, 'hit@10': 0.0618, 'ndcg@10': 0.0305, 'hit@15': 0.0833, 'ndcg@15': 0.0362, 'hit@20': 0.1021, 'ndcg@20': 0.0406, 'hit@40': 0.1634, 'ndcg@40': 0.0531} 
2024-10-08 17:29:46.911 | INFO     | trainer_1:_train_one_epoch:193 - epoch 23 8.46s Train loss is [0.3863] 
2024-10-08 17:29:52.095 | INFO     | trainer_1:_train_one_epoch:201 - validate 23 cost time 5.18s, result: {'hit@1': 0.0158, 'ndcg@1': 0.0158, 'hit@5': 0.0555, 'ndcg@5': 0.0358, 'hit@10': 0.0909, 'ndcg@10': 0.0471, 'hit@15': 0.1224, 'ndcg@15': 0.0554, 'hit@20': 0.1492, 'ndcg@20': 0.0617, 'hit@40': 0.2376, 'ndcg@40': 0.0797} 
2024-10-08 17:29:57.038 | INFO     | trainer_1:_train_one_epoch:209 - test 23 cost time 4.94s, result: {'hit@1': 0.0085, 'ndcg@1': 0.0085, 'hit@5': 0.0371, 'ndcg@5': 0.0228, 'hit@10': 0.0629, 'ndcg@10': 0.031, 'hit@15': 0.0847, 'ndcg@15': 0.0368, 'hit@20': 0.1061, 'ndcg@20': 0.0418, 'hit@40': 0.1702, 'ndcg@40': 0.0548} 
2024-10-08 17:30:16.280 | INFO     | trainer_1:_train_one_epoch:193 - epoch 24 8.49s Train loss is [0.3803] 
2024-10-08 17:30:26.110 | INFO     | trainer_1:_train_one_epoch:201 - validate 24 cost time 9.83s, result: {'hit@1': 0.0155, 'ndcg@1': 0.0155, 'hit@5': 0.0573, 'ndcg@5': 0.0366, 'hit@10': 0.0956, 'ndcg@10': 0.0488, 'hit@15': 0.1266, 'ndcg@15': 0.057, 'hit@20': 0.1525, 'ndcg@20': 0.0631, 'hit@40': 0.2386, 'ndcg@40': 0.0807} 
2024-10-08 17:30:35.758 | INFO     | trainer_1:_train_one_epoch:209 - test 24 cost time 9.65s, result: {'hit@1': 0.0099, 'ndcg@1': 0.0099, 'hit@5': 0.0372, 'ndcg@5': 0.0234, 'hit@10': 0.063, 'ndcg@10': 0.0317, 'hit@15': 0.0852, 'ndcg@15': 0.0376, 'hit@20': 0.1053, 'ndcg@20': 0.0423, 'hit@40': 0.1683, 'ndcg@40': 0.0551} 
2024-10-08 17:30:54.902 | INFO     | trainer_1:_train_one_epoch:193 - epoch 25 8.50s Train loss is [0.3798] 
2024-10-08 17:31:04.728 | INFO     | trainer_1:_train_one_epoch:201 - validate 25 cost time 9.83s, result: {'hit@1': 0.0161, 'ndcg@1': 0.0161, 'hit@5': 0.0579, 'ndcg@5': 0.0371, 'hit@10': 0.0943, 'ndcg@10': 0.0488, 'hit@15': 0.1235, 'ndcg@15': 0.0565, 'hit@20': 0.1499, 'ndcg@20': 0.0627, 'hit@40': 0.2356, 'ndcg@40': 0.0802} 
2024-10-08 17:31:14.362 | INFO     | trainer_1:_train_one_epoch:209 - test 25 cost time 9.63s, result: {'hit@1': 0.0111, 'ndcg@1': 0.0111, 'hit@5': 0.0375, 'ndcg@5': 0.0242, 'hit@10': 0.0636, 'ndcg@10': 0.0325, 'hit@15': 0.0857, 'ndcg@15': 0.0383, 'hit@20': 0.1046, 'ndcg@20': 0.0428, 'hit@40': 0.1702, 'ndcg@40': 0.0562} 
2024-10-08 17:31:33.383 | INFO     | trainer_1:_train_one_epoch:193 - epoch 26 8.68s Train loss is [0.3827] 
2024-10-08 17:31:43.231 | INFO     | trainer_1:_train_one_epoch:201 - validate 26 cost time 9.85s, result: {'hit@1': 0.0174, 'ndcg@1': 0.0174, 'hit@5': 0.0574, 'ndcg@5': 0.0374, 'hit@10': 0.095, 'ndcg@10': 0.0494, 'hit@15': 0.1255, 'ndcg@15': 0.0575, 'hit@20': 0.1517, 'ndcg@20': 0.0636, 'hit@40': 0.2354, 'ndcg@40': 0.0807} 
2024-10-08 17:31:52.887 | INFO     | trainer_1:_train_one_epoch:209 - test 26 cost time 9.66s, result: {'hit@1': 0.0102, 'ndcg@1': 0.0102, 'hit@5': 0.0371, 'ndcg@5': 0.0238, 'hit@10': 0.0627, 'ndcg@10': 0.032, 'hit@15': 0.0821, 'ndcg@15': 0.0371, 'hit@20': 0.1021, 'ndcg@20': 0.0419, 'hit@40': 0.1666, 'ndcg@40': 0.055} 
2024-10-08 17:32:01.522 | INFO     | trainer_1:_train_one_epoch:193 - epoch 27 8.63s Train loss is [0.3673] 
2024-10-08 17:32:11.351 | INFO     | trainer_1:_train_one_epoch:201 - validate 27 cost time 9.83s, result: {'hit@1': 0.0172, 'ndcg@1': 0.0172, 'hit@5': 0.0588, 'ndcg@5': 0.038, 'hit@10': 0.0948, 'ndcg@10': 0.0495, 'hit@15': 0.1255, 'ndcg@15': 0.0576, 'hit@20': 0.1524, 'ndcg@20': 0.064, 'hit@40': 0.2382, 'ndcg@40': 0.0814} 
2024-10-08 17:32:20.982 | INFO     | trainer_1:_train_one_epoch:209 - test 27 cost time 9.63s, result: {'hit@1': 0.0114, 'ndcg@1': 0.0114, 'hit@5': 0.0384, 'ndcg@5': 0.0249, 'hit@10': 0.0647, 'ndcg@10': 0.0333, 'hit@15': 0.0874, 'ndcg@15': 0.0393, 'hit@20': 0.1055, 'ndcg@20': 0.0436, 'hit@40': 0.1692, 'ndcg@40': 0.0565} 
2024-10-08 17:32:40.063 | INFO     | trainer_1:_train_one_epoch:193 - epoch 28 8.62s Train loss is [0.3642] 
2024-10-08 17:32:49.893 | INFO     | trainer_1:_train_one_epoch:201 - validate 28 cost time 9.83s, result: {'hit@1': 0.0164, 'ndcg@1': 0.0164, 'hit@5': 0.0557, 'ndcg@5': 0.0362, 'hit@10': 0.0948, 'ndcg@10': 0.0488, 'hit@15': 0.1274, 'ndcg@15': 0.0574, 'hit@20': 0.1531, 'ndcg@20': 0.0635, 'hit@40': 0.2395, 'ndcg@40': 0.0811} 
2024-10-08 17:32:59.540 | INFO     | trainer_1:_train_one_epoch:209 - test 28 cost time 9.65s, result: {'hit@1': 0.0106, 'ndcg@1': 0.0106, 'hit@5': 0.0367, 'ndcg@5': 0.0236, 'hit@10': 0.0652, 'ndcg@10': 0.0327, 'hit@15': 0.0873, 'ndcg@15': 0.0385, 'hit@20': 0.1065, 'ndcg@20': 0.043, 'hit@40': 0.1713, 'ndcg@40': 0.0562} 
2024-10-08 17:33:18.358 | INFO     | trainer_1:_train_one_epoch:193 - epoch 29 8.35s Train loss is [0.3705] 
2024-10-08 17:33:28.175 | INFO     | trainer_1:_train_one_epoch:201 - validate 29 cost time 9.82s, result: {'hit@1': 0.0162, 'ndcg@1': 0.0162, 'hit@5': 0.0565, 'ndcg@5': 0.0365, 'hit@10': 0.0934, 'ndcg@10': 0.0483, 'hit@15': 0.1246, 'ndcg@15': 0.0565, 'hit@20': 0.1507, 'ndcg@20': 0.0626, 'hit@40': 0.2374, 'ndcg@40': 0.0803} 
2024-10-08 17:33:37.813 | INFO     | trainer_1:_train_one_epoch:209 - test 29 cost time 9.64s, result: {'hit@1': 0.0104, 'ndcg@1': 0.0104, 'hit@5': 0.035, 'ndcg@5': 0.0226, 'hit@10': 0.0605, 'ndcg@10': 0.0307, 'hit@15': 0.082, 'ndcg@15': 0.0364, 'hit@20': 0.1014, 'ndcg@20': 0.041, 'hit@40': 0.1657, 'ndcg@40': 0.054} 
2024-10-08 17:33:46.101 | INFO     | trainer_1:_train_one_epoch:193 - epoch 30 8.29s Train loss is [0.3719] 
2024-10-08 17:33:55.932 | INFO     | trainer_1:_train_one_epoch:201 - validate 30 cost time 9.83s, result: {'hit@1': 0.0173, 'ndcg@1': 0.0173, 'hit@5': 0.0585, 'ndcg@5': 0.0378, 'hit@10': 0.096, 'ndcg@10': 0.0498, 'hit@15': 0.1286, 'ndcg@15': 0.0584, 'hit@20': 0.1576, 'ndcg@20': 0.0652, 'hit@40': 0.2448, 'ndcg@40': 0.083} 
2024-10-08 17:34:05.587 | INFO     | trainer_1:_train_one_epoch:209 - test 30 cost time 9.65s, result: {'hit@1': 0.0112, 'ndcg@1': 0.0112, 'hit@5': 0.0375, 'ndcg@5': 0.0243, 'hit@10': 0.0645, 'ndcg@10': 0.033, 'hit@15': 0.0889, 'ndcg@15': 0.0394, 'hit@20': 0.1093, 'ndcg@20': 0.0442, 'hit@40': 0.1783, 'ndcg@40': 0.0582} 
2024-10-08 17:34:14.045 | INFO     | trainer_1:_train_one_epoch:193 - epoch 31 8.46s Train loss is [0.3597] 
2024-10-08 17:34:23.860 | INFO     | trainer_1:_train_one_epoch:201 - validate 31 cost time 9.82s, result: {'hit@1': 0.0163, 'ndcg@1': 0.0163, 'hit@5': 0.0582, 'ndcg@5': 0.0372, 'hit@10': 0.0972, 'ndcg@10': 0.0496, 'hit@15': 0.1283, 'ndcg@15': 0.0579, 'hit@20': 0.1556, 'ndcg@20': 0.0643, 'hit@40': 0.2464, 'ndcg@40': 0.0828} 
2024-10-08 17:34:33.498 | INFO     | trainer_1:_train_one_epoch:209 - test 31 cost time 9.64s, result: {'hit@1': 0.0098, 'ndcg@1': 0.0098, 'hit@5': 0.038, 'ndcg@5': 0.0238, 'hit@10': 0.065, 'ndcg@10': 0.0323, 'hit@15': 0.0869, 'ndcg@15': 0.0381, 'hit@20': 0.1078, 'ndcg@20': 0.0431, 'hit@40': 0.1744, 'ndcg@40': 0.0566} 
2024-10-08 17:34:41.752 | INFO     | trainer_1:_train_one_epoch:193 - epoch 32 8.25s Train loss is [0.3625] 
2024-10-08 17:34:51.571 | INFO     | trainer_1:_train_one_epoch:201 - validate 32 cost time 9.82s, result: {'hit@1': 0.0164, 'ndcg@1': 0.0164, 'hit@5': 0.0592, 'ndcg@5': 0.0377, 'hit@10': 0.0969, 'ndcg@10': 0.0497, 'hit@15': 0.1279, 'ndcg@15': 0.0579, 'hit@20': 0.1543, 'ndcg@20': 0.0641, 'hit@40': 0.2419, 'ndcg@40': 0.082} 
2024-10-08 17:35:01.214 | INFO     | trainer_1:_train_one_epoch:209 - test 32 cost time 9.64s, result: {'hit@1': 0.0106, 'ndcg@1': 0.0106, 'hit@5': 0.0379, 'ndcg@5': 0.0243, 'hit@10': 0.064, 'ndcg@10': 0.0326, 'hit@15': 0.0862, 'ndcg@15': 0.0385, 'hit@20': 0.106, 'ndcg@20': 0.0432, 'hit@40': 0.173, 'ndcg@40': 0.0568} 
2024-10-08 17:35:09.550 | INFO     | trainer_1:_train_one_epoch:193 - epoch 33 8.34s Train loss is [0.3569] 
2024-10-08 17:35:19.363 | INFO     | trainer_1:_train_one_epoch:201 - validate 33 cost time 9.81s, result: {'hit@1': 0.0165, 'ndcg@1': 0.0165, 'hit@5': 0.0623, 'ndcg@5': 0.0395, 'hit@10': 0.1011, 'ndcg@10': 0.052, 'hit@15': 0.1302, 'ndcg@15': 0.0597, 'hit@20': 0.1604, 'ndcg@20': 0.0668, 'hit@40': 0.2528, 'ndcg@40': 0.0856} 
2024-10-08 17:35:28.999 | INFO     | trainer_1:_train_one_epoch:209 - test 33 cost time 9.64s, result: {'hit@1': 0.0112, 'ndcg@1': 0.0112, 'hit@5': 0.0391, 'ndcg@5': 0.0249, 'hit@10': 0.0658, 'ndcg@10': 0.0334, 'hit@15': 0.0888, 'ndcg@15': 0.0395, 'hit@20': 0.109, 'ndcg@20': 0.0443, 'hit@40': 0.1792, 'ndcg@40': 0.0586} 
2024-10-08 17:35:47.629 | INFO     | trainer_1:_train_one_epoch:193 - epoch 34 8.26s Train loss is [0.3579] 
2024-10-08 17:35:57.436 | INFO     | trainer_1:_train_one_epoch:201 - validate 34 cost time 9.81s, result: {'hit@1': 0.0166, 'ndcg@1': 0.0166, 'hit@5': 0.061, 'ndcg@5': 0.0389, 'hit@10': 0.102, 'ndcg@10': 0.0521, 'hit@15': 0.1331, 'ndcg@15': 0.0603, 'hit@20': 0.163, 'ndcg@20': 0.0673, 'hit@40': 0.2513, 'ndcg@40': 0.0853} 
2024-10-08 17:36:07.073 | INFO     | trainer_1:_train_one_epoch:209 - test 34 cost time 9.64s, result: {'hit@1': 0.0112, 'ndcg@1': 0.0112, 'hit@5': 0.039, 'ndcg@5': 0.0249, 'hit@10': 0.0659, 'ndcg@10': 0.0335, 'hit@15': 0.0887, 'ndcg@15': 0.0396, 'hit@20': 0.1102, 'ndcg@20': 0.0446, 'hit@40': 0.1796, 'ndcg@40': 0.0588} 
2024-10-08 17:36:25.742 | INFO     | trainer_1:_train_one_epoch:193 - epoch 35 8.28s Train loss is [0.3576] 
2024-10-08 17:36:35.564 | INFO     | trainer_1:_train_one_epoch:201 - validate 35 cost time 9.82s, result: {'hit@1': 0.0172, 'ndcg@1': 0.0172, 'hit@5': 0.0618, 'ndcg@5': 0.0395, 'hit@10': 0.1003, 'ndcg@10': 0.0519, 'hit@15': 0.1355, 'ndcg@15': 0.0612, 'hit@20': 0.1644, 'ndcg@20': 0.068, 'hit@40': 0.2574, 'ndcg@40': 0.0869} 
2024-10-08 17:36:45.196 | INFO     | trainer_1:_train_one_epoch:209 - test 35 cost time 9.63s, result: {'hit@1': 0.0117, 'ndcg@1': 0.0117, 'hit@5': 0.0386, 'ndcg@5': 0.025, 'hit@10': 0.0666, 'ndcg@10': 0.034, 'hit@15': 0.0914, 'ndcg@15': 0.0405, 'hit@20': 0.1113, 'ndcg@20': 0.0452, 'hit@40': 0.183, 'ndcg@40': 0.0598} 
2024-10-08 17:37:03.786 | INFO     | trainer_1:_train_one_epoch:193 - epoch 36 8.36s Train loss is [0.3620] 
2024-10-08 17:37:13.608 | INFO     | trainer_1:_train_one_epoch:201 - validate 36 cost time 9.82s, result: {'hit@1': 0.0161, 'ndcg@1': 0.0161, 'hit@5': 0.0594, 'ndcg@5': 0.0378, 'hit@10': 0.0969, 'ndcg@10': 0.0498, 'hit@15': 0.1291, 'ndcg@15': 0.0583, 'hit@20': 0.1592, 'ndcg@20': 0.0654, 'hit@40': 0.2483, 'ndcg@40': 0.0835} 
2024-10-08 17:37:23.244 | INFO     | trainer_1:_train_one_epoch:209 - test 36 cost time 9.64s, result: {'hit@1': 0.011, 'ndcg@1': 0.011, 'hit@5': 0.0381, 'ndcg@5': 0.0245, 'hit@10': 0.0654, 'ndcg@10': 0.0333, 'hit@15': 0.0897, 'ndcg@15': 0.0397, 'hit@20': 0.109, 'ndcg@20': 0.0442, 'hit@40': 0.1788, 'ndcg@40': 0.0584} 
2024-10-08 17:37:31.695 | INFO     | trainer_1:_train_one_epoch:193 - epoch 37 8.45s Train loss is [0.3541] 
2024-10-08 17:37:41.512 | INFO     | trainer_1:_train_one_epoch:201 - validate 37 cost time 9.82s, result: {'hit@1': 0.0166, 'ndcg@1': 0.0166, 'hit@5': 0.0617, 'ndcg@5': 0.0389, 'hit@10': 0.0982, 'ndcg@10': 0.0506, 'hit@15': 0.1302, 'ndcg@15': 0.0591, 'hit@20': 0.1584, 'ndcg@20': 0.0657, 'hit@40': 0.249, 'ndcg@40': 0.0842} 
2024-10-08 17:37:51.144 | INFO     | trainer_1:_train_one_epoch:209 - test 37 cost time 9.63s, result: {'hit@1': 0.0114, 'ndcg@1': 0.0114, 'hit@5': 0.0389, 'ndcg@5': 0.025, 'hit@10': 0.0651, 'ndcg@10': 0.0334, 'hit@15': 0.0884, 'ndcg@15': 0.0396, 'hit@20': 0.1091, 'ndcg@20': 0.0445, 'hit@40': 0.1776, 'ndcg@40': 0.0584} 
2024-10-08 17:37:59.446 | INFO     | trainer_1:_train_one_epoch:193 - epoch 38 8.30s Train loss is [0.3458] 
2024-10-08 17:38:09.248 | INFO     | trainer_1:_train_one_epoch:201 - validate 38 cost time 9.80s, result: {'hit@1': 0.0162, 'ndcg@1': 0.0162, 'hit@5': 0.0611, 'ndcg@5': 0.0386, 'hit@10': 0.0979, 'ndcg@10': 0.0504, 'hit@15': 0.1303, 'ndcg@15': 0.059, 'hit@20': 0.1603, 'ndcg@20': 0.066, 'hit@40': 0.2496, 'ndcg@40': 0.0842} 
2024-10-08 17:38:18.870 | INFO     | trainer_1:_train_one_epoch:209 - test 38 cost time 9.62s, result: {'hit@1': 0.0114, 'ndcg@1': 0.0114, 'hit@5': 0.0399, 'ndcg@5': 0.0255, 'hit@10': 0.0673, 'ndcg@10': 0.0342, 'hit@15': 0.0901, 'ndcg@15': 0.0403, 'hit@20': 0.1102, 'ndcg@20': 0.045, 'hit@40': 0.1807, 'ndcg@40': 0.0594} 
2024-10-08 17:38:38.394 | INFO     | trainer_1:_train_one_epoch:193 - epoch 39 8.59s Train loss is [0.3435] 
2024-10-08 17:38:48.222 | INFO     | trainer_1:_train_one_epoch:201 - validate 39 cost time 9.83s, result: {'hit@1': 0.0161, 'ndcg@1': 0.0161, 'hit@5': 0.0572, 'ndcg@5': 0.037, 'hit@10': 0.0967, 'ndcg@10': 0.0495, 'hit@15': 0.1287, 'ndcg@15': 0.058, 'hit@20': 0.1585, 'ndcg@20': 0.065, 'hit@40': 0.2481, 'ndcg@40': 0.0832} 
2024-10-08 17:38:57.854 | INFO     | trainer_1:_train_one_epoch:209 - test 39 cost time 9.63s, result: {'hit@1': 0.0104, 'ndcg@1': 0.0104, 'hit@5': 0.0371, 'ndcg@5': 0.0238, 'hit@10': 0.0635, 'ndcg@10': 0.0322, 'hit@15': 0.0874, 'ndcg@15': 0.0385, 'hit@20': 0.1072, 'ndcg@20': 0.0432, 'hit@40': 0.1778, 'ndcg@40': 0.0576} 
2024-10-08 17:39:06.461 | INFO     | trainer_1:_train_one_epoch:193 - epoch 40 8.61s Train loss is [0.3426] 
2024-10-08 17:39:16.279 | INFO     | trainer_1:_train_one_epoch:201 - validate 40 cost time 9.82s, result: {'hit@1': 0.0169, 'ndcg@1': 0.0169, 'hit@5': 0.0594, 'ndcg@5': 0.0381, 'hit@10': 0.0975, 'ndcg@10': 0.0503, 'hit@15': 0.13, 'ndcg@15': 0.0589, 'hit@20': 0.1605, 'ndcg@20': 0.0661, 'hit@40': 0.2524, 'ndcg@40': 0.0848} 
2024-10-08 17:39:25.901 | INFO     | trainer_1:_train_one_epoch:209 - test 40 cost time 9.62s, result: {'hit@1': 0.0112, 'ndcg@1': 0.0112, 'hit@5': 0.0382, 'ndcg@5': 0.0245, 'hit@10': 0.0646, 'ndcg@10': 0.033, 'hit@15': 0.0868, 'ndcg@15': 0.0389, 'hit@20': 0.1084, 'ndcg@20': 0.044, 'hit@40': 0.1794, 'ndcg@40': 0.0584} 
2024-10-08 17:39:34.445 | INFO     | trainer_1:_train_one_epoch:193 - epoch 41 8.54s Train loss is [0.3519] 
2024-10-08 17:39:44.272 | INFO     | trainer_1:_train_one_epoch:201 - validate 41 cost time 9.83s, result: {'hit@1': 0.0158, 'ndcg@1': 0.0158, 'hit@5': 0.0585, 'ndcg@5': 0.0374, 'hit@10': 0.0992, 'ndcg@10': 0.0504, 'hit@15': 0.1319, 'ndcg@15': 0.0591, 'hit@20': 0.1599, 'ndcg@20': 0.0657, 'hit@40': 0.2547, 'ndcg@40': 0.085} 
2024-10-08 17:39:53.909 | INFO     | trainer_1:_train_one_epoch:209 - test 41 cost time 9.64s, result: {'hit@1': 0.0118, 'ndcg@1': 0.0118, 'hit@5': 0.0402, 'ndcg@5': 0.0258, 'hit@10': 0.0667, 'ndcg@10': 0.0342, 'hit@15': 0.0906, 'ndcg@15': 0.0405, 'hit@20': 0.1122, 'ndcg@20': 0.0456, 'hit@40': 0.1821, 'ndcg@40': 0.0598} 
2024-10-08 17:40:02.637 | INFO     | trainer_1:_train_one_epoch:193 - epoch 42 8.73s Train loss is [0.3487] 
2024-10-08 17:40:12.452 | INFO     | trainer_1:_train_one_epoch:201 - validate 42 cost time 9.82s, result: {'hit@1': 0.0167, 'ndcg@1': 0.0167, 'hit@5': 0.0609, 'ndcg@5': 0.0389, 'hit@10': 0.1012, 'ndcg@10': 0.0518, 'hit@15': 0.135, 'ndcg@15': 0.0607, 'hit@20': 0.161, 'ndcg@20': 0.0669, 'hit@40': 0.2569, 'ndcg@40': 0.0864} 
2024-10-08 17:40:22.081 | INFO     | trainer_1:_train_one_epoch:209 - test 42 cost time 9.63s, result: {'hit@1': 0.0115, 'ndcg@1': 0.0115, 'hit@5': 0.0392, 'ndcg@5': 0.0252, 'hit@10': 0.0663, 'ndcg@10': 0.0339, 'hit@15': 0.0917, 'ndcg@15': 0.0406, 'hit@20': 0.1131, 'ndcg@20': 0.0457, 'hit@40': 0.1854, 'ndcg@40': 0.0604} 
2024-10-08 17:40:30.603 | INFO     | trainer_1:_train_one_epoch:193 - epoch 43 8.52s Train loss is [0.3531] 
2024-10-08 17:40:40.423 | INFO     | trainer_1:_train_one_epoch:201 - validate 43 cost time 9.82s, result: {'hit@1': 0.0169, 'ndcg@1': 0.0169, 'hit@5': 0.0625, 'ndcg@5': 0.0398, 'hit@10': 0.1033, 'ndcg@10': 0.0529, 'hit@15': 0.1369, 'ndcg@15': 0.0618, 'hit@20': 0.1684, 'ndcg@20': 0.0692, 'hit@40': 0.2623, 'ndcg@40': 0.0883} 
2024-10-08 17:40:50.060 | INFO     | trainer_1:_train_one_epoch:209 - test 43 cost time 9.64s, result: {'hit@1': 0.0111, 'ndcg@1': 0.0111, 'hit@5': 0.0435, 'ndcg@5': 0.0271, 'hit@10': 0.0726, 'ndcg@10': 0.0364, 'hit@15': 0.0966, 'ndcg@15': 0.0428, 'hit@20': 0.1212, 'ndcg@20': 0.0486, 'hit@40': 0.1943, 'ndcg@40': 0.0634} 
2024-10-08 17:41:09.099 | INFO     | trainer_1:_train_one_epoch:193 - epoch 44 8.51s Train loss is [0.3428] 
2024-10-08 17:41:18.920 | INFO     | trainer_1:_train_one_epoch:201 - validate 44 cost time 9.82s, result: {'hit@1': 0.0161, 'ndcg@1': 0.0161, 'hit@5': 0.06, 'ndcg@5': 0.0382, 'hit@10': 0.1006, 'ndcg@10': 0.0513, 'hit@15': 0.1341, 'ndcg@15': 0.0601, 'hit@20': 0.1627, 'ndcg@20': 0.0669, 'hit@40': 0.2574, 'ndcg@40': 0.0861} 
2024-10-08 17:41:28.550 | INFO     | trainer_1:_train_one_epoch:209 - test 44 cost time 9.63s, result: {'hit@1': 0.0111, 'ndcg@1': 0.0111, 'hit@5': 0.0382, 'ndcg@5': 0.0245, 'hit@10': 0.0658, 'ndcg@10': 0.0334, 'hit@15': 0.0907, 'ndcg@15': 0.0399, 'hit@20': 0.1133, 'ndcg@20': 0.0453, 'hit@40': 0.1867, 'ndcg@40': 0.0603} 
2024-10-08 17:41:37.021 | INFO     | trainer_1:_train_one_epoch:193 - epoch 45 8.47s Train loss is [0.3381] 
2024-10-08 17:41:46.842 | INFO     | trainer_1:_train_one_epoch:201 - validate 45 cost time 9.82s, result: {'hit@1': 0.0176, 'ndcg@1': 0.0176, 'hit@5': 0.0623, 'ndcg@5': 0.0402, 'hit@10': 0.1048, 'ndcg@10': 0.0538, 'hit@15': 0.138, 'ndcg@15': 0.0626, 'hit@20': 0.1685, 'ndcg@20': 0.0698, 'hit@40': 0.2635, 'ndcg@40': 0.0891} 
2024-10-08 17:41:56.480 | INFO     | trainer_1:_train_one_epoch:209 - test 45 cost time 9.64s, result: {'hit@1': 0.0112, 'ndcg@1': 0.0112, 'hit@5': 0.0409, 'ndcg@5': 0.026, 'hit@10': 0.0673, 'ndcg@10': 0.0344, 'hit@15': 0.0928, 'ndcg@15': 0.0412, 'hit@20': 0.1155, 'ndcg@20': 0.0465, 'hit@40': 0.187, 'ndcg@40': 0.061} 
2024-10-08 17:42:04.851 | INFO     | trainer_1:_train_one_epoch:193 - epoch 46 8.37s Train loss is [0.3369] 
2024-10-08 17:42:14.664 | INFO     | trainer_1:_train_one_epoch:201 - validate 46 cost time 9.81s, result: {'hit@1': 0.0176, 'ndcg@1': 0.0176, 'hit@5': 0.0609, 'ndcg@5': 0.0394, 'hit@10': 0.0991, 'ndcg@10': 0.0516, 'hit@15': 0.1333, 'ndcg@15': 0.0606, 'hit@20': 0.1622, 'ndcg@20': 0.0675, 'hit@40': 0.2525, 'ndcg@40': 0.0858} 
2024-10-08 17:42:24.289 | INFO     | trainer_1:_train_one_epoch:209 - test 46 cost time 9.63s, result: {'hit@1': 0.0113, 'ndcg@1': 0.0113, 'hit@5': 0.0402, 'ndcg@5': 0.0257, 'hit@10': 0.0667, 'ndcg@10': 0.0342, 'hit@15': 0.0894, 'ndcg@15': 0.0402, 'hit@20': 0.1109, 'ndcg@20': 0.0452, 'hit@40': 0.1815, 'ndcg@40': 0.0596} 
2024-10-08 17:42:32.629 | INFO     | trainer_1:_train_one_epoch:193 - epoch 47 8.34s Train loss is [0.3421] 
2024-10-08 17:42:42.437 | INFO     | trainer_1:_train_one_epoch:201 - validate 47 cost time 9.81s, result: {'hit@1': 0.0175, 'ndcg@1': 0.0175, 'hit@5': 0.0627, 'ndcg@5': 0.04, 'hit@10': 0.105, 'ndcg@10': 0.0535, 'hit@15': 0.1376, 'ndcg@15': 0.0621, 'hit@20': 0.1666, 'ndcg@20': 0.0689, 'hit@40': 0.2565, 'ndcg@40': 0.0872} 
2024-10-08 17:42:52.065 | INFO     | trainer_1:_train_one_epoch:209 - test 47 cost time 9.63s, result: {'hit@1': 0.011, 'ndcg@1': 0.011, 'hit@5': 0.0414, 'ndcg@5': 0.026, 'hit@10': 0.0688, 'ndcg@10': 0.0348, 'hit@15': 0.0932, 'ndcg@15': 0.0412, 'hit@20': 0.1144, 'ndcg@20': 0.0462, 'hit@40': 0.1851, 'ndcg@40': 0.0606} 
2024-10-08 17:43:00.321 | INFO     | trainer_1:_train_one_epoch:193 - epoch 48 8.25s Train loss is [0.3463] 
2024-10-08 17:43:10.127 | INFO     | trainer_1:_train_one_epoch:201 - validate 48 cost time 9.81s, result: {'hit@1': 0.0173, 'ndcg@1': 0.0173, 'hit@5': 0.0612, 'ndcg@5': 0.0394, 'hit@10': 0.1026, 'ndcg@10': 0.0527, 'hit@15': 0.1374, 'ndcg@15': 0.0619, 'hit@20': 0.1649, 'ndcg@20': 0.0684, 'hit@40': 0.2546, 'ndcg@40': 0.0866} 
2024-10-08 17:43:19.757 | INFO     | trainer_1:_train_one_epoch:209 - test 48 cost time 9.63s, result: {'hit@1': 0.0107, 'ndcg@1': 0.0107, 'hit@5': 0.0417, 'ndcg@5': 0.0262, 'hit@10': 0.0694, 'ndcg@10': 0.035, 'hit@15': 0.0928, 'ndcg@15': 0.0412, 'hit@20': 0.1147, 'ndcg@20': 0.0463, 'hit@40': 0.1848, 'ndcg@40': 0.0606} 
2024-10-08 17:43:28.165 | INFO     | trainer_1:_train_one_epoch:193 - epoch 49 8.41s Train loss is [0.3244] 
2024-10-08 17:43:37.980 | INFO     | trainer_1:_train_one_epoch:201 - validate 49 cost time 9.81s, result: {'hit@1': 0.017, 'ndcg@1': 0.017, 'hit@5': 0.0612, 'ndcg@5': 0.0394, 'hit@10': 0.1009, 'ndcg@10': 0.0521, 'hit@15': 0.1356, 'ndcg@15': 0.0613, 'hit@20': 0.1654, 'ndcg@20': 0.0683, 'hit@40': 0.2554, 'ndcg@40': 0.0867} 
2024-10-08 17:43:47.610 | INFO     | trainer_1:_train_one_epoch:209 - test 49 cost time 9.63s, result: {'hit@1': 0.0106, 'ndcg@1': 0.0106, 'hit@5': 0.0397, 'ndcg@5': 0.0252, 'hit@10': 0.0687, 'ndcg@10': 0.0345, 'hit@15': 0.0919, 'ndcg@15': 0.0406, 'hit@20': 0.1144, 'ndcg@20': 0.0459, 'hit@40': 0.1851, 'ndcg@40': 0.0603} 
2024-10-08 17:43:55.874 | INFO     | trainer_1:_train_one_epoch:193 - epoch 50 8.26s Train loss is [0.3392] 
2024-10-08 17:44:00.936 | INFO     | trainer_1:_train_one_epoch:201 - validate 50 cost time 5.06s, result: {'hit@1': 0.017, 'ndcg@1': 0.017, 'hit@5': 0.0628, 'ndcg@5': 0.0399, 'hit@10': 0.105, 'ndcg@10': 0.0534, 'hit@15': 0.1386, 'ndcg@15': 0.0623, 'hit@20': 0.1678, 'ndcg@20': 0.0692, 'hit@40': 0.2605, 'ndcg@40': 0.0881} 
2024-10-08 17:44:06.409 | INFO     | trainer_1:_train_one_epoch:209 - test 50 cost time 5.47s, result: {'hit@1': 0.0118, 'ndcg@1': 0.0118, 'hit@5': 0.0426, 'ndcg@5': 0.0271, 'hit@10': 0.0705, 'ndcg@10': 0.036, 'hit@15': 0.0959, 'ndcg@15': 0.0428, 'hit@20': 0.1169, 'ndcg@20': 0.0477, 'hit@40': 0.1895, 'ndcg@40': 0.0625} 
2024-10-08 17:44:14.753 | INFO     | trainer_1:_train_one_epoch:193 - epoch 51 8.34s Train loss is [0.3334] 
2024-10-08 17:44:22.235 | INFO     | trainer_1:_train_one_epoch:201 - validate 51 cost time 7.48s, result: {'hit@1': 0.0169, 'ndcg@1': 0.0169, 'hit@5': 0.0615, 'ndcg@5': 0.0392, 'hit@10': 0.1026, 'ndcg@10': 0.0523, 'hit@15': 0.1351, 'ndcg@15': 0.0609, 'hit@20': 0.1636, 'ndcg@20': 0.0676, 'hit@40': 0.2535, 'ndcg@40': 0.0859} 
2024-10-08 17:44:29.519 | INFO     | trainer_1:_train_one_epoch:209 - test 51 cost time 7.28s, result: {'hit@1': 0.0111, 'ndcg@1': 0.0111, 'hit@5': 0.0414, 'ndcg@5': 0.0262, 'hit@10': 0.068, 'ndcg@10': 0.0346, 'hit@15': 0.0931, 'ndcg@15': 0.0412, 'hit@20': 0.113, 'ndcg@20': 0.0459, 'hit@40': 0.1817, 'ndcg@40': 0.0599} 
2024-10-08 17:44:37.757 | INFO     | trainer_1:_train_one_epoch:193 - epoch 52 8.24s Train loss is [0.3394] 
2024-10-08 17:44:42.746 | INFO     | trainer_1:_train_one_epoch:201 - validate 52 cost time 4.99s, result: {'hit@1': 0.0177, 'ndcg@1': 0.0177, 'hit@5': 0.064, 'ndcg@5': 0.041, 'hit@10': 0.1056, 'ndcg@10': 0.0543, 'hit@15': 0.1393, 'ndcg@15': 0.0632, 'hit@20': 0.1698, 'ndcg@20': 0.0704, 'hit@40': 0.2658, 'ndcg@40': 0.09} 
2024-10-08 17:44:48.613 | INFO     | trainer_1:_train_one_epoch:209 - test 52 cost time 5.87s, result: {'hit@1': 0.011, 'ndcg@1': 0.011, 'hit@5': 0.039, 'ndcg@5': 0.0251, 'hit@10': 0.0693, 'ndcg@10': 0.0348, 'hit@15': 0.0952, 'ndcg@15': 0.0416, 'hit@20': 0.1171, 'ndcg@20': 0.0468, 'hit@40': 0.19, 'ndcg@40': 0.0616} 
2024-10-08 17:44:57.046 | INFO     | trainer_1:_train_one_epoch:193 - epoch 53 8.43s Train loss is [0.3355] 
2024-10-08 17:45:04.525 | INFO     | trainer_1:_train_one_epoch:201 - validate 53 cost time 7.48s, result: {'hit@1': 0.0166, 'ndcg@1': 0.0166, 'hit@5': 0.0606, 'ndcg@5': 0.0387, 'hit@10': 0.1006, 'ndcg@10': 0.0515, 'hit@15': 0.1325, 'ndcg@15': 0.0599, 'hit@20': 0.1623, 'ndcg@20': 0.067, 'hit@40': 0.2519, 'ndcg@40': 0.0852} 
2024-10-08 17:45:11.814 | INFO     | trainer_1:_train_one_epoch:209 - test 53 cost time 7.29s, result: {'hit@1': 0.0105, 'ndcg@1': 0.0105, 'hit@5': 0.0387, 'ndcg@5': 0.0246, 'hit@10': 0.0668, 'ndcg@10': 0.0336, 'hit@15': 0.0918, 'ndcg@15': 0.0402, 'hit@20': 0.1132, 'ndcg@20': 0.0453, 'hit@40': 0.184, 'ndcg@40': 0.0596} 
2024-10-08 17:45:19.976 | INFO     | trainer_1:_train_one_epoch:193 - epoch 54 8.16s Train loss is [0.3272] 
2024-10-08 17:45:25.080 | INFO     | trainer_1:_train_one_epoch:201 - validate 54 cost time 5.10s, result: {'hit@1': 0.0169, 'ndcg@1': 0.0169, 'hit@5': 0.0606, 'ndcg@5': 0.0389, 'hit@10': 0.1004, 'ndcg@10': 0.0516, 'hit@15': 0.1347, 'ndcg@15': 0.0607, 'hit@20': 0.1653, 'ndcg@20': 0.0679, 'hit@40': 0.2552, 'ndcg@40': 0.0862} 
2024-10-08 17:45:31.247 | INFO     | trainer_1:_train_one_epoch:209 - test 54 cost time 6.17s, result: {'hit@1': 0.0109, 'ndcg@1': 0.0109, 'hit@5': 0.039, 'ndcg@5': 0.0248, 'hit@10': 0.0664, 'ndcg@10': 0.0336, 'hit@15': 0.0919, 'ndcg@15': 0.0403, 'hit@20': 0.1119, 'ndcg@20': 0.045, 'hit@40': 0.185, 'ndcg@40': 0.0599} 
2024-10-08 17:45:39.533 | INFO     | trainer_1:_train_one_epoch:193 - epoch 55 8.29s Train loss is [0.3301] 
2024-10-08 17:45:47.108 | INFO     | trainer_1:_train_one_epoch:201 - validate 55 cost time 7.57s, result: {'hit@1': 0.0159, 'ndcg@1': 0.0159, 'hit@5': 0.058, 'ndcg@5': 0.037, 'hit@10': 0.0963, 'ndcg@10': 0.0493, 'hit@15': 0.1312, 'ndcg@15': 0.0585, 'hit@20': 0.1616, 'ndcg@20': 0.0657, 'hit@40': 0.2518, 'ndcg@40': 0.0841} 
2024-10-08 17:45:54.583 | INFO     | trainer_1:_train_one_epoch:209 - test 55 cost time 7.47s, result: {'hit@1': 0.0109, 'ndcg@1': 0.0109, 'hit@5': 0.0381, 'ndcg@5': 0.0244, 'hit@10': 0.0661, 'ndcg@10': 0.0333, 'hit@15': 0.0895, 'ndcg@15': 0.0395, 'hit@20': 0.11, 'ndcg@20': 0.0444, 'hit@40': 0.1807, 'ndcg@40': 0.0587} 
2024-10-08 17:46:02.677 | INFO     | trainer_1:_train_one_epoch:193 - epoch 56 8.09s Train loss is [0.3326] 
2024-10-08 17:46:08.126 | INFO     | trainer_1:_train_one_epoch:201 - validate 56 cost time 5.45s, result: {'hit@1': 0.0165, 'ndcg@1': 0.0165, 'hit@5': 0.063, 'ndcg@5': 0.0397, 'hit@10': 0.1016, 'ndcg@10': 0.0521, 'hit@15': 0.137, 'ndcg@15': 0.0614, 'hit@20': 0.1684, 'ndcg@20': 0.0688, 'hit@40': 0.2636, 'ndcg@40': 0.0882} 
2024-10-08 17:46:14.261 | INFO     | trainer_1:_train_one_epoch:209 - test 56 cost time 6.14s, result: {'hit@1': 0.0107, 'ndcg@1': 0.0107, 'hit@5': 0.0395, 'ndcg@5': 0.0249, 'hit@10': 0.0689, 'ndcg@10': 0.0344, 'hit@15': 0.0944, 'ndcg@15': 0.0411, 'hit@20': 0.1158, 'ndcg@20': 0.0461, 'hit@40': 0.1901, 'ndcg@40': 0.0613} 
2024-10-08 17:46:22.640 | INFO     | trainer_1:_train_one_epoch:193 - epoch 57 8.38s Train loss is [0.3243] 
2024-10-08 17:46:30.047 | INFO     | trainer_1:_train_one_epoch:201 - validate 57 cost time 7.41s, result: {'hit@1': 0.0176, 'ndcg@1': 0.0176, 'hit@5': 0.0629, 'ndcg@5': 0.0404, 'hit@10': 0.1031, 'ndcg@10': 0.0533, 'hit@15': 0.1368, 'ndcg@15': 0.0622, 'hit@20': 0.1686, 'ndcg@20': 0.0697, 'hit@40': 0.2599, 'ndcg@40': 0.0883} 
2024-10-08 17:46:37.503 | INFO     | trainer_1:_train_one_epoch:209 - test 57 cost time 7.46s, result: {'hit@1': 0.0108, 'ndcg@1': 0.0108, 'hit@5': 0.0414, 'ndcg@5': 0.0258, 'hit@10': 0.071, 'ndcg@10': 0.0353, 'hit@15': 0.095, 'ndcg@15': 0.0416, 'hit@20': 0.118, 'ndcg@20': 0.047, 'hit@40': 0.191, 'ndcg@40': 0.0619} 
2024-10-08 17:46:37.515 | INFO     | trainer_1:train_model:163 - training end, best iteration 52, results: {'hit@1': 0.0169, 'ndcg@1': 0.0169, 'hit@5': 0.0625, 'ndcg@5': 0.0398, 'hit@10': 0.1033, 'ndcg@10': 0.0529, 'hit@15': 0.1369, 'ndcg@15': 0.0618, 'hit@20': 0.1684, 'ndcg@20': 0.0692, 'hit@40': 0.2623, 'ndcg@40': 0.0883}
2024-10-08 17:46:37.515 | INFO     | trainer_1:train_model:166 - final test result is:  {'hit@1': 0.0111, 'ndcg@1': 0.0111, 'hit@5': 0.0435, 'ndcg@5': 0.0271, 'hit@10': 0.0726, 'ndcg@10': 0.0364, 'hit@15': 0.0966, 'ndcg@15': 0.0428, 'hit@20': 0.1212, 'ndcg@20': 0.0486, 'hit@40': 0.1943, 'ndcg@40': 0.0634}
2024-10-08 17:46:37.817 | INFO     | __main__:<module>:119 - train end total cost time: 3547.4753801822662
