2024-10-09 09:56:52.301 | INFO     | __main__:<module>:105 - Namespace(TIME='2024-10-09 09_56_19', batch_size=1024, behaviors=['view', 'cart', 'buy'], check_point='model_pre_1_2024-10-08 12_13_12.pth', data_name='beibei', data_path='./data/beibei', decay=0.001, device='cuda:1', dim_qk=32, dim_v=64, distill_layers=2, distill_thres=0.5, distill_topK=10, distill_userK=2, embedding_size=64, epochs=100, gpu_no=1, if_load_model=True, ii_lambda=200, initializer_range=0.02, layers=2, loss_type='bpr', lr=0.001, message_dropout=0.25, metrics=['hit', 'ndcg'], min_epoch=5, model_name='main_1', model_path='./check_point', node_dropout=0.75, omega=1, pt_loop=50, reg_weight=0.001, test_batch_size=1024, testbatch=1024, topk=[1, 5, 10, 15, 20, 40], uu_lambda=100)
2024-10-09 09:56:52.302 | INFO     | __main__:<module>:106 - BIPN(
  (message_dropout): Dropout(p=0.25, inplace=False)
  (user_embedding): Embedding(21717, 64, padding_idx=0)
  (item_embedding): Embedding(7978, 64, padding_idx=0)
  (global_Graph): LightGCN()
  (Graph_encoder): ModuleDict(
    (view): GraphEncoder(
      (light): LightGCN()
      (dropout): Dropout(p=0.75, inplace=False)
    )
    (cart): GraphEncoder(
      (light): LightGCN()
      (dropout): Dropout(p=0.75, inplace=False)
    )
    (buy): GraphEncoder(
      (light): LightGCN()
      (dropout): Dropout(p=0.75, inplace=False)
    )
  )
  (attention): Mutual_Attention()
  (bpr_loss): BPRLoss()
  (emb_loss): EmbLoss()
  (f): Sigmoid()
)
2024-10-09 10:05:20.999 | INFO     | trainer_1:_train_one_epoch:193 - epoch 1 9.19s Train loss is [0.9010] 
2024-10-09 10:05:31.115 | INFO     | trainer_1:_train_one_epoch:201 - validate 1 cost time 10.11s, result: {'hit@1': 0.0076, 'ndcg@1': 0.0076, 'hit@5': 0.0296, 'ndcg@5': 0.0185, 'hit@10': 0.0502, 'ndcg@10': 0.0251, 'hit@15': 0.0688, 'ndcg@15': 0.03, 'hit@20': 0.0858, 'ndcg@20': 0.034, 'hit@40': 0.1439, 'ndcg@40': 0.0458} 
2024-10-09 10:05:40.959 | INFO     | trainer_1:_train_one_epoch:209 - test 1 cost time 9.84s, result: {'hit@1': 0.0041, 'ndcg@1': 0.0041, 'hit@5': 0.0177, 'ndcg@5': 0.0108, 'hit@10': 0.0347, 'ndcg@10': 0.0162, 'hit@15': 0.0494, 'ndcg@15': 0.0201, 'hit@20': 0.0616, 'ndcg@20': 0.023, 'hit@40': 0.1052, 'ndcg@40': 0.0318} 
2024-10-09 10:06:01.915 | INFO     | trainer_1:_train_one_epoch:193 - epoch 2 9.89s Train loss is [0.6776] 
2024-10-09 10:06:10.164 | INFO     | trainer_1:_train_one_epoch:201 - validate 2 cost time 8.25s, result: {'hit@1': 0.0079, 'ndcg@1': 0.0079, 'hit@5': 0.0331, 'ndcg@5': 0.0203, 'hit@10': 0.0571, 'ndcg@10': 0.0281, 'hit@15': 0.077, 'ndcg@15': 0.0333, 'hit@20': 0.0953, 'ndcg@20': 0.0376, 'hit@40': 0.1591, 'ndcg@40': 0.0506} 
2024-10-09 10:06:19.053 | INFO     | trainer_1:_train_one_epoch:209 - test 2 cost time 8.89s, result: {'hit@1': 0.0047, 'ndcg@1': 0.0047, 'hit@5': 0.0202, 'ndcg@5': 0.0124, 'hit@10': 0.0366, 'ndcg@10': 0.0176, 'hit@15': 0.0521, 'ndcg@15': 0.0217, 'hit@20': 0.0661, 'ndcg@20': 0.025, 'hit@40': 0.1146, 'ndcg@40': 0.0349} 
2024-10-09 10:06:38.970 | INFO     | trainer_1:_train_one_epoch:193 - epoch 3 9.56s Train loss is [0.6035] 
2024-10-09 10:06:45.635 | INFO     | trainer_1:_train_one_epoch:201 - validate 3 cost time 6.66s, result: {'hit@1': 0.0095, 'ndcg@1': 0.0095, 'hit@5': 0.0374, 'ndcg@5': 0.0233, 'hit@10': 0.0652, 'ndcg@10': 0.0321, 'hit@15': 0.0909, 'ndcg@15': 0.0389, 'hit@20': 0.1136, 'ndcg@20': 0.0443, 'hit@40': 0.1881, 'ndcg@40': 0.0595} 
2024-10-09 10:06:53.952 | INFO     | trainer_1:_train_one_epoch:209 - test 3 cost time 8.32s, result: {'hit@1': 0.0056, 'ndcg@1': 0.0056, 'hit@5': 0.0237, 'ndcg@5': 0.0143, 'hit@10': 0.0433, 'ndcg@10': 0.0206, 'hit@15': 0.0609, 'ndcg@15': 0.0252, 'hit@20': 0.0759, 'ndcg@20': 0.0288, 'hit@40': 0.1342, 'ndcg@40': 0.0406} 
2024-10-09 10:07:14.363 | INFO     | trainer_1:_train_one_epoch:193 - epoch 4 9.87s Train loss is [0.5723] 
2024-10-09 10:07:20.236 | INFO     | trainer_1:_train_one_epoch:201 - validate 4 cost time 5.87s, result: {'hit@1': 0.0111, 'ndcg@1': 0.0111, 'hit@5': 0.0416, 'ndcg@5': 0.0265, 'hit@10': 0.0713, 'ndcg@10': 0.036, 'hit@15': 0.0973, 'ndcg@15': 0.0429, 'hit@20': 0.1195, 'ndcg@20': 0.0481, 'hit@40': 0.1905, 'ndcg@40': 0.0625} 
2024-10-09 10:07:26.491 | INFO     | trainer_1:_train_one_epoch:209 - test 4 cost time 6.26s, result: {'hit@1': 0.0059, 'ndcg@1': 0.0059, 'hit@5': 0.0229, 'ndcg@5': 0.0145, 'hit@10': 0.0417, 'ndcg@10': 0.0205, 'hit@15': 0.0602, 'ndcg@15': 0.0254, 'hit@20': 0.0757, 'ndcg@20': 0.0291, 'hit@40': 0.1274, 'ndcg@40': 0.0396} 
2024-10-09 10:07:36.478 | INFO     | trainer_1:_train_one_epoch:193 - epoch 5 9.99s Train loss is [0.5359] 
2024-10-09 10:07:44.334 | INFO     | trainer_1:_train_one_epoch:201 - validate 5 cost time 7.86s, result: {'hit@1': 0.0126, 'ndcg@1': 0.0126, 'hit@5': 0.0448, 'ndcg@5': 0.0286, 'hit@10': 0.0747, 'ndcg@10': 0.0382, 'hit@15': 0.1002, 'ndcg@15': 0.0449, 'hit@20': 0.1246, 'ndcg@20': 0.0506, 'hit@40': 0.1968, 'ndcg@40': 0.0654} 
2024-10-09 10:07:51.238 | INFO     | trainer_1:_train_one_epoch:209 - test 5 cost time 6.90s, result: {'hit@1': 0.0072, 'ndcg@1': 0.0072, 'hit@5': 0.0267, 'ndcg@5': 0.0168, 'hit@10': 0.045, 'ndcg@10': 0.0226, 'hit@15': 0.062, 'ndcg@15': 0.0271, 'hit@20': 0.0779, 'ndcg@20': 0.0309, 'hit@40': 0.1327, 'ndcg@40': 0.042} 
2024-10-09 10:08:11.787 | INFO     | trainer_1:_train_one_epoch:193 - epoch 6 10.11s Train loss is [0.5197] 
2024-10-09 10:08:19.979 | INFO     | trainer_1:_train_one_epoch:201 - validate 6 cost time 8.19s, result: {'hit@1': 0.0132, 'ndcg@1': 0.0132, 'hit@5': 0.0445, 'ndcg@5': 0.0286, 'hit@10': 0.0736, 'ndcg@10': 0.0379, 'hit@15': 0.1002, 'ndcg@15': 0.0449, 'hit@20': 0.1233, 'ndcg@20': 0.0504, 'hit@40': 0.1972, 'ndcg@40': 0.0654} 
2024-10-09 10:08:28.124 | INFO     | trainer_1:_train_one_epoch:209 - test 6 cost time 8.14s, result: {'hit@1': 0.0069, 'ndcg@1': 0.0069, 'hit@5': 0.0284, 'ndcg@5': 0.0175, 'hit@10': 0.0485, 'ndcg@10': 0.024, 'hit@15': 0.0673, 'ndcg@15': 0.029, 'hit@20': 0.0834, 'ndcg@20': 0.0328, 'hit@40': 0.1407, 'ndcg@40': 0.0444} 
2024-10-09 10:08:48.592 | INFO     | trainer_1:_train_one_epoch:193 - epoch 7 9.96s Train loss is [0.4894] 
2024-10-09 10:08:56.546 | INFO     | trainer_1:_train_one_epoch:201 - validate 7 cost time 7.95s, result: {'hit@1': 0.0123, 'ndcg@1': 0.0123, 'hit@5': 0.0443, 'ndcg@5': 0.028, 'hit@10': 0.0739, 'ndcg@10': 0.0375, 'hit@15': 0.1012, 'ndcg@15': 0.0447, 'hit@20': 0.1244, 'ndcg@20': 0.0502, 'hit@40': 0.2015, 'ndcg@40': 0.0658} 
2024-10-09 10:09:04.299 | INFO     | trainer_1:_train_one_epoch:209 - test 7 cost time 7.75s, result: {'hit@1': 0.0065, 'ndcg@1': 0.0065, 'hit@5': 0.0275, 'ndcg@5': 0.0167, 'hit@10': 0.0475, 'ndcg@10': 0.0232, 'hit@15': 0.0651, 'ndcg@15': 0.0278, 'hit@20': 0.0821, 'ndcg@20': 0.0318, 'hit@40': 0.1435, 'ndcg@40': 0.0443} 
2024-10-09 10:09:14.135 | INFO     | trainer_1:_train_one_epoch:193 - epoch 8 9.84s Train loss is [0.4898] 
2024-10-09 10:09:20.798 | INFO     | trainer_1:_train_one_epoch:201 - validate 8 cost time 6.66s, result: {'hit@1': 0.0121, 'ndcg@1': 0.0121, 'hit@5': 0.0441, 'ndcg@5': 0.028, 'hit@10': 0.0749, 'ndcg@10': 0.0378, 'hit@15': 0.1001, 'ndcg@15': 0.0445, 'hit@20': 0.1233, 'ndcg@20': 0.05, 'hit@40': 0.1995, 'ndcg@40': 0.0655} 
2024-10-09 10:09:28.311 | INFO     | trainer_1:_train_one_epoch:209 - test 8 cost time 7.51s, result: {'hit@1': 0.0072, 'ndcg@1': 0.0072, 'hit@5': 0.0274, 'ndcg@5': 0.0173, 'hit@10': 0.0478, 'ndcg@10': 0.0238, 'hit@15': 0.0663, 'ndcg@15': 0.0286, 'hit@20': 0.0836, 'ndcg@20': 0.0327, 'hit@40': 0.1418, 'ndcg@40': 0.0446} 
2024-10-09 10:09:37.897 | INFO     | trainer_1:_train_one_epoch:193 - epoch 9 9.59s Train loss is [0.4651] 
2024-10-09 10:09:45.317 | INFO     | trainer_1:_train_one_epoch:201 - validate 9 cost time 7.42s, result: {'hit@1': 0.0104, 'ndcg@1': 0.0104, 'hit@5': 0.044, 'ndcg@5': 0.0273, 'hit@10': 0.0734, 'ndcg@10': 0.0368, 'hit@15': 0.0995, 'ndcg@15': 0.0437, 'hit@20': 0.1233, 'ndcg@20': 0.0493, 'hit@40': 0.1994, 'ndcg@40': 0.0648} 
2024-10-09 10:09:50.320 | INFO     | trainer_1:_train_one_epoch:209 - test 9 cost time 5.00s, result: {'hit@1': 0.0067, 'ndcg@1': 0.0067, 'hit@5': 0.0273, 'ndcg@5': 0.0169, 'hit@10': 0.0456, 'ndcg@10': 0.0228, 'hit@15': 0.0626, 'ndcg@15': 0.0272, 'hit@20': 0.0803, 'ndcg@20': 0.0314, 'hit@40': 0.1391, 'ndcg@40': 0.0434} 
2024-10-09 10:09:59.805 | INFO     | trainer_1:_train_one_epoch:193 - epoch 10 9.48s Train loss is [0.4542] 
2024-10-09 10:10:06.965 | INFO     | trainer_1:_train_one_epoch:201 - validate 10 cost time 7.16s, result: {'hit@1': 0.0119, 'ndcg@1': 0.0119, 'hit@5': 0.0455, 'ndcg@5': 0.0286, 'hit@10': 0.0763, 'ndcg@10': 0.0385, 'hit@15': 0.1049, 'ndcg@15': 0.0461, 'hit@20': 0.13, 'ndcg@20': 0.052, 'hit@40': 0.2089, 'ndcg@40': 0.0681} 
2024-10-09 10:10:14.450 | INFO     | trainer_1:_train_one_epoch:209 - test 10 cost time 7.48s, result: {'hit@1': 0.0067, 'ndcg@1': 0.0067, 'hit@5': 0.0283, 'ndcg@5': 0.0175, 'hit@10': 0.0488, 'ndcg@10': 0.024, 'hit@15': 0.0662, 'ndcg@15': 0.0286, 'hit@20': 0.0835, 'ndcg@20': 0.0327, 'hit@40': 0.145, 'ndcg@40': 0.0452} 
2024-10-09 10:10:32.823 | INFO     | trainer_1:_train_one_epoch:193 - epoch 11 6.51s Train loss is [0.4391] 
2024-10-09 10:10:39.313 | INFO     | trainer_1:_train_one_epoch:201 - validate 11 cost time 6.49s, result: {'hit@1': 0.0111, 'ndcg@1': 0.0111, 'hit@5': 0.0424, 'ndcg@5': 0.0267, 'hit@10': 0.0744, 'ndcg@10': 0.0369, 'hit@15': 0.1015, 'ndcg@15': 0.0441, 'hit@20': 0.1254, 'ndcg@20': 0.0497, 'hit@40': 0.2035, 'ndcg@40': 0.0656} 
2024-10-09 10:10:47.483 | INFO     | trainer_1:_train_one_epoch:209 - test 11 cost time 8.17s, result: {'hit@1': 0.0066, 'ndcg@1': 0.0066, 'hit@5': 0.0271, 'ndcg@5': 0.0167, 'hit@10': 0.0478, 'ndcg@10': 0.0234, 'hit@15': 0.0644, 'ndcg@15': 0.0278, 'hit@20': 0.0819, 'ndcg@20': 0.0319, 'hit@40': 0.1419, 'ndcg@40': 0.0441} 
2024-10-09 10:10:54.045 | INFO     | trainer_1:_train_one_epoch:193 - epoch 12 6.56s Train loss is [0.4469] 
2024-10-09 10:11:01.507 | INFO     | trainer_1:_train_one_epoch:201 - validate 12 cost time 7.46s, result: {'hit@1': 0.0114, 'ndcg@1': 0.0114, 'hit@5': 0.0438, 'ndcg@5': 0.0276, 'hit@10': 0.0747, 'ndcg@10': 0.0375, 'hit@15': 0.1011, 'ndcg@15': 0.0445, 'hit@20': 0.1259, 'ndcg@20': 0.0504, 'hit@40': 0.2019, 'ndcg@40': 0.0659} 
2024-10-09 10:11:08.541 | INFO     | trainer_1:_train_one_epoch:209 - test 12 cost time 7.03s, result: {'hit@1': 0.0073, 'ndcg@1': 0.0073, 'hit@5': 0.0279, 'ndcg@5': 0.0176, 'hit@10': 0.0488, 'ndcg@10': 0.0243, 'hit@15': 0.0653, 'ndcg@15': 0.0287, 'hit@20': 0.081, 'ndcg@20': 0.0323, 'hit@40': 0.1413, 'ndcg@40': 0.0447} 
2024-10-09 10:11:15.386 | INFO     | trainer_1:_train_one_epoch:193 - epoch 13 6.84s Train loss is [0.4463] 
2024-10-09 10:11:22.724 | INFO     | trainer_1:_train_one_epoch:201 - validate 13 cost time 7.34s, result: {'hit@1': 0.0112, 'ndcg@1': 0.0112, 'hit@5': 0.0473, 'ndcg@5': 0.0293, 'hit@10': 0.0817, 'ndcg@10': 0.0403, 'hit@15': 0.111, 'ndcg@15': 0.0481, 'hit@20': 0.1375, 'ndcg@20': 0.0543, 'hit@40': 0.2173, 'ndcg@40': 0.0706} 
2024-10-09 10:11:29.962 | INFO     | trainer_1:_train_one_epoch:209 - test 13 cost time 7.24s, result: {'hit@1': 0.0084, 'ndcg@1': 0.0084, 'hit@5': 0.0306, 'ndcg@5': 0.0194, 'hit@10': 0.0519, 'ndcg@10': 0.0262, 'hit@15': 0.0704, 'ndcg@15': 0.031, 'hit@20': 0.0889, 'ndcg@20': 0.0354, 'hit@40': 0.1516, 'ndcg@40': 0.0481} 
2024-10-09 10:11:48.520 | INFO     | trainer_1:_train_one_epoch:193 - epoch 14 7.15s Train loss is [0.4278] 
2024-10-09 10:11:54.990 | INFO     | trainer_1:_train_one_epoch:201 - validate 14 cost time 6.47s, result: {'hit@1': 0.0126, 'ndcg@1': 0.0126, 'hit@5': 0.0487, 'ndcg@5': 0.0306, 'hit@10': 0.0833, 'ndcg@10': 0.0417, 'hit@15': 0.1131, 'ndcg@15': 0.0496, 'hit@20': 0.1402, 'ndcg@20': 0.0559, 'hit@40': 0.2198, 'ndcg@40': 0.0721} 
2024-10-09 10:12:02.299 | INFO     | trainer_1:_train_one_epoch:209 - test 14 cost time 7.31s, result: {'hit@1': 0.0082, 'ndcg@1': 0.0082, 'hit@5': 0.0306, 'ndcg@5': 0.0193, 'hit@10': 0.0536, 'ndcg@10': 0.0266, 'hit@15': 0.074, 'ndcg@15': 0.032, 'hit@20': 0.0939, 'ndcg@20': 0.0367, 'hit@40': 0.1567, 'ndcg@40': 0.0495} 
2024-10-09 10:12:20.137 | INFO     | trainer_1:_train_one_epoch:193 - epoch 15 7.01s Train loss is [0.4277] 
2024-10-09 10:12:25.908 | INFO     | trainer_1:_train_one_epoch:201 - validate 15 cost time 5.77s, result: {'hit@1': 0.0122, 'ndcg@1': 0.0122, 'hit@5': 0.0481, 'ndcg@5': 0.0302, 'hit@10': 0.0808, 'ndcg@10': 0.0408, 'hit@15': 0.109, 'ndcg@15': 0.0482, 'hit@20': 0.134, 'ndcg@20': 0.0541, 'hit@40': 0.2162, 'ndcg@40': 0.0708} 
2024-10-09 10:12:32.328 | INFO     | trainer_1:_train_one_epoch:209 - test 15 cost time 6.42s, result: {'hit@1': 0.0089, 'ndcg@1': 0.0089, 'hit@5': 0.031, 'ndcg@5': 0.0199, 'hit@10': 0.0527, 'ndcg@10': 0.0269, 'hit@15': 0.0725, 'ndcg@15': 0.0321, 'hit@20': 0.0909, 'ndcg@20': 0.0365, 'hit@40': 0.1531, 'ndcg@40': 0.0491} 
2024-10-09 10:12:39.552 | INFO     | trainer_1:_train_one_epoch:193 - epoch 16 7.22s Train loss is [0.4065] 
2024-10-09 10:12:46.853 | INFO     | trainer_1:_train_one_epoch:201 - validate 16 cost time 7.30s, result: {'hit@1': 0.0138, 'ndcg@1': 0.0138, 'hit@5': 0.0532, 'ndcg@5': 0.0334, 'hit@10': 0.0866, 'ndcg@10': 0.0441, 'hit@15': 0.116, 'ndcg@15': 0.0519, 'hit@20': 0.142, 'ndcg@20': 0.058, 'hit@40': 0.2238, 'ndcg@40': 0.0747} 
2024-10-09 10:12:54.201 | INFO     | trainer_1:_train_one_epoch:209 - test 16 cost time 7.35s, result: {'hit@1': 0.0098, 'ndcg@1': 0.0098, 'hit@5': 0.0355, 'ndcg@5': 0.0225, 'hit@10': 0.0594, 'ndcg@10': 0.0301, 'hit@15': 0.078, 'ndcg@15': 0.035, 'hit@20': 0.096, 'ndcg@20': 0.0393, 'hit@40': 0.1632, 'ndcg@40': 0.0529} 
2024-10-09 10:13:15.531 | INFO     | trainer_1:_train_one_epoch:193 - epoch 17 7.52s Train loss is [0.4090] 
2024-10-09 10:13:23.193 | INFO     | trainer_1:_train_one_epoch:201 - validate 17 cost time 7.66s, result: {'hit@1': 0.0133, 'ndcg@1': 0.0133, 'hit@5': 0.0533, 'ndcg@5': 0.033, 'hit@10': 0.09, 'ndcg@10': 0.0448, 'hit@15': 0.1198, 'ndcg@15': 0.0527, 'hit@20': 0.1487, 'ndcg@20': 0.0595, 'hit@40': 0.2336, 'ndcg@40': 0.0767} 
2024-10-09 10:13:29.918 | INFO     | trainer_1:_train_one_epoch:209 - test 17 cost time 6.72s, result: {'hit@1': 0.0101, 'ndcg@1': 0.0101, 'hit@5': 0.0364, 'ndcg@5': 0.0231, 'hit@10': 0.0607, 'ndcg@10': 0.0309, 'hit@15': 0.0824, 'ndcg@15': 0.0366, 'hit@20': 0.101, 'ndcg@20': 0.041, 'hit@40': 0.1684, 'ndcg@40': 0.0547} 
2024-10-09 10:13:51.657 | INFO     | trainer_1:_train_one_epoch:193 - epoch 18 9.88s Train loss is [0.3990] 
2024-10-09 10:13:56.753 | INFO     | trainer_1:_train_one_epoch:201 - validate 18 cost time 5.10s, result: {'hit@1': 0.0146, 'ndcg@1': 0.0146, 'hit@5': 0.0524, 'ndcg@5': 0.0337, 'hit@10': 0.0882, 'ndcg@10': 0.0451, 'hit@15': 0.1171, 'ndcg@15': 0.0528, 'hit@20': 0.1426, 'ndcg@20': 0.0588, 'hit@40': 0.2282, 'ndcg@40': 0.0762} 
2024-10-09 10:14:02.748 | INFO     | trainer_1:_train_one_epoch:209 - test 18 cost time 5.99s, result: {'hit@1': 0.0098, 'ndcg@1': 0.0098, 'hit@5': 0.0351, 'ndcg@5': 0.0225, 'hit@10': 0.0594, 'ndcg@10': 0.0303, 'hit@15': 0.0794, 'ndcg@15': 0.0356, 'hit@20': 0.0971, 'ndcg@20': 0.0397, 'hit@40': 0.1628, 'ndcg@40': 0.0531} 
2024-10-09 10:14:10.551 | INFO     | trainer_1:_train_one_epoch:193 - epoch 19 7.80s Train loss is [0.3994] 
2024-10-09 10:14:19.645 | INFO     | trainer_1:_train_one_epoch:201 - validate 19 cost time 9.09s, result: {'hit@1': 0.0143, 'ndcg@1': 0.0143, 'hit@5': 0.0502, 'ndcg@5': 0.0323, 'hit@10': 0.0847, 'ndcg@10': 0.0433, 'hit@15': 0.1155, 'ndcg@15': 0.0514, 'hit@20': 0.1406, 'ndcg@20': 0.0574, 'hit@40': 0.2259, 'ndcg@40': 0.0747} 
2024-10-09 10:14:28.521 | INFO     | trainer_1:_train_one_epoch:209 - test 19 cost time 8.88s, result: {'hit@1': 0.0098, 'ndcg@1': 0.0098, 'hit@5': 0.0345, 'ndcg@5': 0.0221, 'hit@10': 0.0586, 'ndcg@10': 0.0297, 'hit@15': 0.0784, 'ndcg@15': 0.0349, 'hit@20': 0.0966, 'ndcg@20': 0.0392, 'hit@40': 0.1591, 'ndcg@40': 0.0519} 
2024-10-09 10:14:38.981 | INFO     | trainer_1:_train_one_epoch:193 - epoch 20 10.46s Train loss is [0.4001] 
2024-10-09 10:14:46.267 | INFO     | trainer_1:_train_one_epoch:201 - validate 20 cost time 7.28s, result: {'hit@1': 0.0156, 'ndcg@1': 0.0156, 'hit@5': 0.0528, 'ndcg@5': 0.0344, 'hit@10': 0.0856, 'ndcg@10': 0.0449, 'hit@15': 0.1158, 'ndcg@15': 0.0529, 'hit@20': 0.1427, 'ndcg@20': 0.0592, 'hit@40': 0.2316, 'ndcg@40': 0.0773} 
2024-10-09 10:14:54.683 | INFO     | trainer_1:_train_one_epoch:209 - test 20 cost time 8.41s, result: {'hit@1': 0.0099, 'ndcg@1': 0.0099, 'hit@5': 0.0371, 'ndcg@5': 0.0234, 'hit@10': 0.061, 'ndcg@10': 0.0311, 'hit@15': 0.0824, 'ndcg@15': 0.0368, 'hit@20': 0.1013, 'ndcg@20': 0.0412, 'hit@40': 0.1677, 'ndcg@40': 0.0547} 
2024-10-09 10:15:15.508 | INFO     | trainer_1:_train_one_epoch:193 - epoch 21 8.87s Train loss is [0.3898] 
2024-10-09 10:15:22.219 | INFO     | trainer_1:_train_one_epoch:201 - validate 21 cost time 6.71s, result: {'hit@1': 0.0148, 'ndcg@1': 0.0148, 'hit@5': 0.0541, 'ndcg@5': 0.0345, 'hit@10': 0.0856, 'ndcg@10': 0.0445, 'hit@15': 0.1153, 'ndcg@15': 0.0523, 'hit@20': 0.1395, 'ndcg@20': 0.058, 'hit@40': 0.2261, 'ndcg@40': 0.0757} 
2024-10-09 10:15:30.198 | INFO     | trainer_1:_train_one_epoch:209 - test 21 cost time 7.98s, result: {'hit@1': 0.0105, 'ndcg@1': 0.0105, 'hit@5': 0.0369, 'ndcg@5': 0.0236, 'hit@10': 0.0603, 'ndcg@10': 0.0311, 'hit@15': 0.0808, 'ndcg@15': 0.0365, 'hit@20': 0.099, 'ndcg@20': 0.0408, 'hit@40': 0.1639, 'ndcg@40': 0.054} 
2024-10-09 10:15:38.980 | INFO     | trainer_1:_train_one_epoch:193 - epoch 22 8.78s Train loss is [0.3987] 
2024-10-09 10:15:47.583 | INFO     | trainer_1:_train_one_epoch:201 - validate 22 cost time 8.60s, result: {'hit@1': 0.0158, 'ndcg@1': 0.0158, 'hit@5': 0.0556, 'ndcg@5': 0.0356, 'hit@10': 0.0882, 'ndcg@10': 0.0461, 'hit@15': 0.1178, 'ndcg@15': 0.0539, 'hit@20': 0.1434, 'ndcg@20': 0.0599, 'hit@40': 0.2274, 'ndcg@40': 0.077} 
2024-10-09 10:15:55.021 | INFO     | trainer_1:_train_one_epoch:209 - test 22 cost time 7.44s, result: {'hit@1': 0.0096, 'ndcg@1': 0.0096, 'hit@5': 0.036, 'ndcg@5': 0.0228, 'hit@10': 0.0607, 'ndcg@10': 0.0308, 'hit@15': 0.081, 'ndcg@15': 0.0361, 'hit@20': 0.0993, 'ndcg@20': 0.0404, 'hit@40': 0.1609, 'ndcg@40': 0.053} 
2024-10-09 10:16:02.268 | INFO     | trainer_1:_train_one_epoch:193 - epoch 23 7.25s Train loss is [0.3872] 
2024-10-09 10:16:11.056 | INFO     | trainer_1:_train_one_epoch:201 - validate 23 cost time 8.79s, result: {'hit@1': 0.016, 'ndcg@1': 0.016, 'hit@5': 0.0587, 'ndcg@5': 0.0374, 'hit@10': 0.0944, 'ndcg@10': 0.0489, 'hit@15': 0.1249, 'ndcg@15': 0.0569, 'hit@20': 0.1513, 'ndcg@20': 0.0631, 'hit@40': 0.2377, 'ndcg@40': 0.0807} 
2024-10-09 10:16:19.855 | INFO     | trainer_1:_train_one_epoch:209 - test 23 cost time 8.80s, result: {'hit@1': 0.0101, 'ndcg@1': 0.0101, 'hit@5': 0.0383, 'ndcg@5': 0.0241, 'hit@10': 0.0641, 'ndcg@10': 0.0324, 'hit@15': 0.083, 'ndcg@15': 0.0374, 'hit@20': 0.1029, 'ndcg@20': 0.0421, 'hit@40': 0.1688, 'ndcg@40': 0.0555} 
2024-10-09 10:16:37.683 | INFO     | trainer_1:_train_one_epoch:193 - epoch 24 6.83s Train loss is [0.3828] 
2024-10-09 10:16:46.681 | INFO     | trainer_1:_train_one_epoch:201 - validate 24 cost time 9.00s, result: {'hit@1': 0.015, 'ndcg@1': 0.015, 'hit@5': 0.0561, 'ndcg@5': 0.0356, 'hit@10': 0.089, 'ndcg@10': 0.0462, 'hit@15': 0.1191, 'ndcg@15': 0.0542, 'hit@20': 0.1465, 'ndcg@20': 0.0606, 'hit@40': 0.2328, 'ndcg@40': 0.0782} 
2024-10-09 10:16:55.158 | INFO     | trainer_1:_train_one_epoch:209 - test 24 cost time 8.48s, result: {'hit@1': 0.0103, 'ndcg@1': 0.0103, 'hit@5': 0.0371, 'ndcg@5': 0.0238, 'hit@10': 0.0607, 'ndcg@10': 0.0314, 'hit@15': 0.0825, 'ndcg@15': 0.0371, 'hit@20': 0.1013, 'ndcg@20': 0.0416, 'hit@40': 0.1661, 'ndcg@40': 0.0548} 
2024-10-09 10:17:03.323 | INFO     | trainer_1:_train_one_epoch:193 - epoch 25 8.16s Train loss is [0.3792] 
2024-10-09 10:17:12.408 | INFO     | trainer_1:_train_one_epoch:201 - validate 25 cost time 9.08s, result: {'hit@1': 0.0157, 'ndcg@1': 0.0157, 'hit@5': 0.0581, 'ndcg@5': 0.0372, 'hit@10': 0.0963, 'ndcg@10': 0.0494, 'hit@15': 0.127, 'ndcg@15': 0.0575, 'hit@20': 0.1546, 'ndcg@20': 0.064, 'hit@40': 0.2407, 'ndcg@40': 0.0815} 
2024-10-09 10:17:21.343 | INFO     | trainer_1:_train_one_epoch:209 - test 25 cost time 8.93s, result: {'hit@1': 0.0113, 'ndcg@1': 0.0113, 'hit@5': 0.04, 'ndcg@5': 0.0256, 'hit@10': 0.0653, 'ndcg@10': 0.0337, 'hit@15': 0.0868, 'ndcg@15': 0.0394, 'hit@20': 0.1072, 'ndcg@20': 0.0442, 'hit@40': 0.1769, 'ndcg@40': 0.0584} 
2024-10-09 10:17:39.146 | INFO     | trainer_1:_train_one_epoch:193 - epoch 26 7.03s Train loss is [0.3725] 
2024-10-09 10:17:47.161 | INFO     | trainer_1:_train_one_epoch:201 - validate 26 cost time 8.01s, result: {'hit@1': 0.0165, 'ndcg@1': 0.0165, 'hit@5': 0.0601, 'ndcg@5': 0.0384, 'hit@10': 0.0966, 'ndcg@10': 0.0501, 'hit@15': 0.1278, 'ndcg@15': 0.0583, 'hit@20': 0.1533, 'ndcg@20': 0.0643, 'hit@40': 0.2395, 'ndcg@40': 0.0818} 
2024-10-09 10:17:54.465 | INFO     | trainer_1:_train_one_epoch:209 - test 26 cost time 7.30s, result: {'hit@1': 0.011, 'ndcg@1': 0.011, 'hit@5': 0.0396, 'ndcg@5': 0.0253, 'hit@10': 0.0641, 'ndcg@10': 0.0332, 'hit@15': 0.0859, 'ndcg@15': 0.0389, 'hit@20': 0.1059, 'ndcg@20': 0.0436, 'hit@40': 0.1718, 'ndcg@40': 0.057} 
2024-10-09 10:18:01.228 | INFO     | trainer_1:_train_one_epoch:193 - epoch 27 6.76s Train loss is [0.3736] 
2024-10-09 10:18:08.663 | INFO     | trainer_1:_train_one_epoch:201 - validate 27 cost time 7.43s, result: {'hit@1': 0.0177, 'ndcg@1': 0.0177, 'hit@5': 0.0604, 'ndcg@5': 0.0393, 'hit@10': 0.0985, 'ndcg@10': 0.0516, 'hit@15': 0.1314, 'ndcg@15': 0.0602, 'hit@20': 0.16, 'ndcg@20': 0.067, 'hit@40': 0.2444, 'ndcg@40': 0.0841} 
2024-10-09 10:18:17.505 | INFO     | trainer_1:_train_one_epoch:209 - test 27 cost time 8.84s, result: {'hit@1': 0.0119, 'ndcg@1': 0.0119, 'hit@5': 0.0398, 'ndcg@5': 0.0259, 'hit@10': 0.0674, 'ndcg@10': 0.0347, 'hit@15': 0.0889, 'ndcg@15': 0.0404, 'hit@20': 0.1098, 'ndcg@20': 0.0453, 'hit@40': 0.1752, 'ndcg@40': 0.0586} 
2024-10-09 10:18:35.863 | INFO     | trainer_1:_train_one_epoch:193 - epoch 28 7.60s Train loss is [0.3776] 
2024-10-09 10:18:44.331 | INFO     | trainer_1:_train_one_epoch:201 - validate 28 cost time 8.47s, result: {'hit@1': 0.0174, 'ndcg@1': 0.0174, 'hit@5': 0.0605, 'ndcg@5': 0.0391, 'hit@10': 0.0987, 'ndcg@10': 0.0513, 'hit@15': 0.1311, 'ndcg@15': 0.0599, 'hit@20': 0.159, 'ndcg@20': 0.0665, 'hit@40': 0.2436, 'ndcg@40': 0.0837} 
2024-10-09 10:18:53.299 | INFO     | trainer_1:_train_one_epoch:209 - test 28 cost time 8.97s, result: {'hit@1': 0.0105, 'ndcg@1': 0.0105, 'hit@5': 0.0386, 'ndcg@5': 0.0245, 'hit@10': 0.0649, 'ndcg@10': 0.0329, 'hit@15': 0.087, 'ndcg@15': 0.0388, 'hit@20': 0.1078, 'ndcg@20': 0.0437, 'hit@40': 0.1747, 'ndcg@40': 0.0573} 
2024-10-09 10:19:00.759 | INFO     | trainer_1:_train_one_epoch:193 - epoch 29 7.46s Train loss is [0.3585] 
2024-10-09 10:19:08.438 | INFO     | trainer_1:_train_one_epoch:201 - validate 29 cost time 7.68s, result: {'hit@1': 0.0162, 'ndcg@1': 0.0162, 'hit@5': 0.0594, 'ndcg@5': 0.0379, 'hit@10': 0.0937, 'ndcg@10': 0.0489, 'hit@15': 0.1259, 'ndcg@15': 0.0574, 'hit@20': 0.1533, 'ndcg@20': 0.0639, 'hit@40': 0.2337, 'ndcg@40': 0.0802} 
2024-10-09 10:19:15.306 | INFO     | trainer_1:_train_one_epoch:209 - test 29 cost time 6.87s, result: {'hit@1': 0.0105, 'ndcg@1': 0.0105, 'hit@5': 0.0378, 'ndcg@5': 0.0241, 'hit@10': 0.0618, 'ndcg@10': 0.0317, 'hit@15': 0.083, 'ndcg@15': 0.0373, 'hit@20': 0.1028, 'ndcg@20': 0.042, 'hit@40': 0.1678, 'ndcg@40': 0.0552} 
2024-10-09 10:19:22.019 | INFO     | trainer_1:_train_one_epoch:193 - epoch 30 6.71s Train loss is [0.3644] 
2024-10-09 10:19:29.532 | INFO     | trainer_1:_train_one_epoch:201 - validate 30 cost time 7.51s, result: {'hit@1': 0.0174, 'ndcg@1': 0.0174, 'hit@5': 0.0582, 'ndcg@5': 0.0379, 'hit@10': 0.0913, 'ndcg@10': 0.0485, 'hit@15': 0.1232, 'ndcg@15': 0.0569, 'hit@20': 0.1502, 'ndcg@20': 0.0633, 'hit@40': 0.2387, 'ndcg@40': 0.0813} 
2024-10-09 10:19:36.899 | INFO     | trainer_1:_train_one_epoch:209 - test 30 cost time 7.37s, result: {'hit@1': 0.0114, 'ndcg@1': 0.0114, 'hit@5': 0.0379, 'ndcg@5': 0.0246, 'hit@10': 0.0624, 'ndcg@10': 0.0324, 'hit@15': 0.0838, 'ndcg@15': 0.0381, 'hit@20': 0.1027, 'ndcg@20': 0.0425, 'hit@40': 0.1691, 'ndcg@40': 0.056} 
2024-10-09 10:19:43.257 | INFO     | trainer_1:_train_one_epoch:193 - epoch 31 6.36s Train loss is [0.3557] 
2024-10-09 10:19:48.499 | INFO     | trainer_1:_train_one_epoch:201 - validate 31 cost time 5.24s, result: {'hit@1': 0.0165, 'ndcg@1': 0.0165, 'hit@5': 0.0595, 'ndcg@5': 0.0382, 'hit@10': 0.0977, 'ndcg@10': 0.0505, 'hit@15': 0.1288, 'ndcg@15': 0.0587, 'hit@20': 0.1569, 'ndcg@20': 0.0653, 'hit@40': 0.2462, 'ndcg@40': 0.0835} 
2024-10-09 10:19:54.286 | INFO     | trainer_1:_train_one_epoch:209 - test 31 cost time 5.79s, result: {'hit@1': 0.0113, 'ndcg@1': 0.0113, 'hit@5': 0.0387, 'ndcg@5': 0.0249, 'hit@10': 0.0665, 'ndcg@10': 0.0338, 'hit@15': 0.088, 'ndcg@15': 0.0395, 'hit@20': 0.1081, 'ndcg@20': 0.0442, 'hit@40': 0.1756, 'ndcg@40': 0.0579} 
2024-10-09 10:20:00.912 | INFO     | trainer_1:_train_one_epoch:193 - epoch 32 6.63s Train loss is [0.3549] 
2024-10-09 10:20:08.379 | INFO     | trainer_1:_train_one_epoch:201 - validate 32 cost time 7.47s, result: {'hit@1': 0.0175, 'ndcg@1': 0.0175, 'hit@5': 0.0613, 'ndcg@5': 0.0397, 'hit@10': 0.1015, 'ndcg@10': 0.0526, 'hit@15': 0.1333, 'ndcg@15': 0.0609, 'hit@20': 0.1605, 'ndcg@20': 0.0673, 'hit@40': 0.2505, 'ndcg@40': 0.0857} 
2024-10-09 10:20:15.666 | INFO     | trainer_1:_train_one_epoch:209 - test 32 cost time 7.29s, result: {'hit@1': 0.0113, 'ndcg@1': 0.0113, 'hit@5': 0.0415, 'ndcg@5': 0.0263, 'hit@10': 0.0663, 'ndcg@10': 0.0342, 'hit@15': 0.0886, 'ndcg@15': 0.0401, 'hit@20': 0.1075, 'ndcg@20': 0.0446, 'hit@40': 0.1763, 'ndcg@40': 0.0586} 
2024-10-09 10:20:22.337 | INFO     | trainer_1:_train_one_epoch:193 - epoch 33 6.67s Train loss is [0.3544] 
2024-10-09 10:20:28.702 | INFO     | trainer_1:_train_one_epoch:201 - validate 33 cost time 6.36s, result: {'hit@1': 0.0166, 'ndcg@1': 0.0166, 'hit@5': 0.0615, 'ndcg@5': 0.0394, 'hit@10': 0.1009, 'ndcg@10': 0.0521, 'hit@15': 0.1313, 'ndcg@15': 0.0601, 'hit@20': 0.1574, 'ndcg@20': 0.0662, 'hit@40': 0.2434, 'ndcg@40': 0.0837} 
2024-10-09 10:20:34.538 | INFO     | trainer_1:_train_one_epoch:209 - test 33 cost time 5.84s, result: {'hit@1': 0.0117, 'ndcg@1': 0.0117, 'hit@5': 0.0395, 'ndcg@5': 0.0256, 'hit@10': 0.0667, 'ndcg@10': 0.0343, 'hit@15': 0.0877, 'ndcg@15': 0.0398, 'hit@20': 0.1068, 'ndcg@20': 0.0444, 'hit@40': 0.1719, 'ndcg@40': 0.0576} 
2024-10-09 10:20:41.012 | INFO     | trainer_1:_train_one_epoch:193 - epoch 34 6.47s Train loss is [0.3458] 
2024-10-09 10:20:49.350 | INFO     | trainer_1:_train_one_epoch:201 - validate 34 cost time 8.34s, result: {'hit@1': 0.0165, 'ndcg@1': 0.0165, 'hit@5': 0.0613, 'ndcg@5': 0.0389, 'hit@10': 0.1004, 'ndcg@10': 0.0514, 'hit@15': 0.1325, 'ndcg@15': 0.0599, 'hit@20': 0.1604, 'ndcg@20': 0.0665, 'hit@40': 0.2484, 'ndcg@40': 0.0844} 
2024-10-09 10:20:57.350 | INFO     | trainer_1:_train_one_epoch:209 - test 34 cost time 8.00s, result: {'hit@1': 0.0121, 'ndcg@1': 0.0121, 'hit@5': 0.0409, 'ndcg@5': 0.0263, 'hit@10': 0.0679, 'ndcg@10': 0.035, 'hit@15': 0.0892, 'ndcg@15': 0.0406, 'hit@20': 0.1097, 'ndcg@20': 0.0454, 'hit@40': 0.1758, 'ndcg@40': 0.0589} 
2024-10-09 10:21:14.216 | INFO     | trainer_1:_train_one_epoch:193 - epoch 35 6.40s Train loss is [0.3516] 
2024-10-09 10:21:21.790 | INFO     | trainer_1:_train_one_epoch:201 - validate 35 cost time 7.57s, result: {'hit@1': 0.0175, 'ndcg@1': 0.0175, 'hit@5': 0.0618, 'ndcg@5': 0.0396, 'hit@10': 0.1018, 'ndcg@10': 0.0524, 'hit@15': 0.1325, 'ndcg@15': 0.0605, 'hit@20': 0.1589, 'ndcg@20': 0.0667, 'hit@40': 0.2446, 'ndcg@40': 0.0842} 
2024-10-09 10:21:29.086 | INFO     | trainer_1:_train_one_epoch:209 - test 35 cost time 7.30s, result: {'hit@1': 0.0123, 'ndcg@1': 0.0123, 'hit@5': 0.0415, 'ndcg@5': 0.0269, 'hit@10': 0.068, 'ndcg@10': 0.0354, 'hit@15': 0.0896, 'ndcg@15': 0.0411, 'hit@20': 0.1078, 'ndcg@20': 0.0454, 'hit@40': 0.1713, 'ndcg@40': 0.0583} 
2024-10-09 10:21:46.809 | INFO     | trainer_1:_train_one_epoch:193 - epoch 36 6.70s Train loss is [0.3531] 
2024-10-09 10:21:52.732 | INFO     | trainer_1:_train_one_epoch:201 - validate 36 cost time 5.92s, result: {'hit@1': 0.0161, 'ndcg@1': 0.0161, 'hit@5': 0.0607, 'ndcg@5': 0.0382, 'hit@10': 0.1005, 'ndcg@10': 0.0511, 'hit@15': 0.1347, 'ndcg@15': 0.0601, 'hit@20': 0.1645, 'ndcg@20': 0.0671, 'hit@40': 0.2564, 'ndcg@40': 0.0858} 
2024-10-09 10:21:58.765 | INFO     | trainer_1:_train_one_epoch:209 - test 36 cost time 6.03s, result: {'hit@1': 0.0109, 'ndcg@1': 0.0109, 'hit@5': 0.0407, 'ndcg@5': 0.0259, 'hit@10': 0.0682, 'ndcg@10': 0.0347, 'hit@15': 0.0898, 'ndcg@15': 0.0404, 'hit@20': 0.1107, 'ndcg@20': 0.0454, 'hit@40': 0.177, 'ndcg@40': 0.0588} 
2024-10-09 10:22:15.922 | INFO     | trainer_1:_train_one_epoch:193 - epoch 37 7.26s Train loss is [0.3549] 
2024-10-09 10:22:21.868 | INFO     | trainer_1:_train_one_epoch:201 - validate 37 cost time 5.95s, result: {'hit@1': 0.0168, 'ndcg@1': 0.0168, 'hit@5': 0.0607, 'ndcg@5': 0.0388, 'hit@10': 0.1006, 'ndcg@10': 0.0516, 'hit@15': 0.1351, 'ndcg@15': 0.0607, 'hit@20': 0.1636, 'ndcg@20': 0.0674, 'hit@40': 0.2538, 'ndcg@40': 0.0858} 
2024-10-09 10:22:27.796 | INFO     | trainer_1:_train_one_epoch:209 - test 37 cost time 5.93s, result: {'hit@1': 0.011, 'ndcg@1': 0.011, 'hit@5': 0.0416, 'ndcg@5': 0.0261, 'hit@10': 0.0695, 'ndcg@10': 0.0351, 'hit@15': 0.0909, 'ndcg@15': 0.0407, 'hit@20': 0.1103, 'ndcg@20': 0.0453, 'hit@40': 0.1801, 'ndcg@40': 0.0594} 
2024-10-09 10:22:44.985 | INFO     | trainer_1:_train_one_epoch:193 - epoch 38 6.77s Train loss is [0.3460] 
2024-10-09 10:22:51.318 | INFO     | trainer_1:_train_one_epoch:201 - validate 38 cost time 6.33s, result: {'hit@1': 0.0168, 'ndcg@1': 0.0168, 'hit@5': 0.0618, 'ndcg@5': 0.0396, 'hit@10': 0.102, 'ndcg@10': 0.0525, 'hit@15': 0.1339, 'ndcg@15': 0.0609, 'hit@20': 0.1621, 'ndcg@20': 0.0676, 'hit@40': 0.2517, 'ndcg@40': 0.0858} 
2024-10-09 10:22:57.017 | INFO     | trainer_1:_train_one_epoch:209 - test 38 cost time 5.70s, result: {'hit@1': 0.0108, 'ndcg@1': 0.0108, 'hit@5': 0.0408, 'ndcg@5': 0.0257, 'hit@10': 0.0688, 'ndcg@10': 0.0346, 'hit@15': 0.0897, 'ndcg@15': 0.0402, 'hit@20': 0.1092, 'ndcg@20': 0.0448, 'hit@40': 0.176, 'ndcg@40': 0.0583} 
2024-10-09 10:23:03.918 | INFO     | trainer_1:_train_one_epoch:193 - epoch 39 6.90s Train loss is [0.3529] 
2024-10-09 10:23:11.216 | INFO     | trainer_1:_train_one_epoch:201 - validate 39 cost time 7.30s, result: {'hit@1': 0.0177, 'ndcg@1': 0.0177, 'hit@5': 0.0644, 'ndcg@5': 0.041, 'hit@10': 0.1041, 'ndcg@10': 0.0538, 'hit@15': 0.1383, 'ndcg@15': 0.0628, 'hit@20': 0.1668, 'ndcg@20': 0.0695, 'hit@40': 0.2613, 'ndcg@40': 0.0888} 
2024-10-09 10:23:18.369 | INFO     | trainer_1:_train_one_epoch:209 - test 39 cost time 7.15s, result: {'hit@1': 0.0108, 'ndcg@1': 0.0108, 'hit@5': 0.0405, 'ndcg@5': 0.0257, 'hit@10': 0.0685, 'ndcg@10': 0.0347, 'hit@15': 0.0919, 'ndcg@15': 0.0409, 'hit@20': 0.1126, 'ndcg@20': 0.0458, 'hit@40': 0.1814, 'ndcg@40': 0.0597} 
2024-10-09 10:23:25.108 | INFO     | trainer_1:_train_one_epoch:193 - epoch 40 6.74s Train loss is [0.3473] 
2024-10-09 10:23:31.200 | INFO     | trainer_1:_train_one_epoch:201 - validate 40 cost time 6.09s, result: {'hit@1': 0.0165, 'ndcg@1': 0.0165, 'hit@5': 0.0623, 'ndcg@5': 0.0395, 'hit@10': 0.1017, 'ndcg@10': 0.0521, 'hit@15': 0.1373, 'ndcg@15': 0.0615, 'hit@20': 0.1672, 'ndcg@20': 0.0686, 'hit@40': 0.2565, 'ndcg@40': 0.0868} 
2024-10-09 10:23:37.826 | INFO     | trainer_1:_train_one_epoch:209 - test 40 cost time 6.63s, result: {'hit@1': 0.0111, 'ndcg@1': 0.0111, 'hit@5': 0.0401, 'ndcg@5': 0.0257, 'hit@10': 0.0679, 'ndcg@10': 0.0346, 'hit@15': 0.0913, 'ndcg@15': 0.0408, 'hit@20': 0.1108, 'ndcg@20': 0.0454, 'hit@40': 0.1806, 'ndcg@40': 0.0596} 
2024-10-09 10:23:44.313 | INFO     | trainer_1:_train_one_epoch:193 - epoch 41 6.49s Train loss is [0.3442] 
2024-10-09 10:23:53.163 | INFO     | trainer_1:_train_one_epoch:201 - validate 41 cost time 8.85s, result: {'hit@1': 0.0163, 'ndcg@1': 0.0163, 'hit@5': 0.0617, 'ndcg@5': 0.0391, 'hit@10': 0.1032, 'ndcg@10': 0.0524, 'hit@15': 0.137, 'ndcg@15': 0.0613, 'hit@20': 0.1671, 'ndcg@20': 0.0684, 'hit@40': 0.2614, 'ndcg@40': 0.0876} 
2024-10-09 10:24:02.092 | INFO     | trainer_1:_train_one_epoch:209 - test 41 cost time 8.93s, result: {'hit@1': 0.0113, 'ndcg@1': 0.0113, 'hit@5': 0.0402, 'ndcg@5': 0.0256, 'hit@10': 0.0681, 'ndcg@10': 0.0346, 'hit@15': 0.0915, 'ndcg@15': 0.0408, 'hit@20': 0.1127, 'ndcg@20': 0.0458, 'hit@40': 0.1826, 'ndcg@40': 0.06} 
2024-10-09 10:24:11.683 | INFO     | trainer_1:_train_one_epoch:193 - epoch 42 9.59s Train loss is [0.3377] 
2024-10-09 10:24:19.727 | INFO     | trainer_1:_train_one_epoch:201 - validate 42 cost time 8.04s, result: {'hit@1': 0.0159, 'ndcg@1': 0.0159, 'hit@5': 0.0602, 'ndcg@5': 0.038, 'hit@10': 0.0984, 'ndcg@10': 0.0502, 'hit@15': 0.1311, 'ndcg@15': 0.0588, 'hit@20': 0.1596, 'ndcg@20': 0.0655, 'hit@40': 0.25, 'ndcg@40': 0.0839} 
2024-10-09 10:24:28.629 | INFO     | trainer_1:_train_one_epoch:209 - test 42 cost time 8.90s, result: {'hit@1': 0.0111, 'ndcg@1': 0.0111, 'hit@5': 0.0379, 'ndcg@5': 0.0245, 'hit@10': 0.0649, 'ndcg@10': 0.0332, 'hit@15': 0.0867, 'ndcg@15': 0.0389, 'hit@20': 0.1069, 'ndcg@20': 0.0437, 'hit@40': 0.1727, 'ndcg@40': 0.0571} 
2024-10-09 10:24:35.965 | INFO     | trainer_1:_train_one_epoch:193 - epoch 43 7.33s Train loss is [0.3433] 
2024-10-09 10:24:43.713 | INFO     | trainer_1:_train_one_epoch:201 - validate 43 cost time 7.75s, result: {'hit@1': 0.0153, 'ndcg@1': 0.0153, 'hit@5': 0.0609, 'ndcg@5': 0.0384, 'hit@10': 0.1016, 'ndcg@10': 0.0514, 'hit@15': 0.1344, 'ndcg@15': 0.0601, 'hit@20': 0.1651, 'ndcg@20': 0.0673, 'hit@40': 0.2613, 'ndcg@40': 0.0869} 
2024-10-09 10:24:48.763 | INFO     | trainer_1:_train_one_epoch:209 - test 43 cost time 5.05s, result: {'hit@1': 0.0113, 'ndcg@1': 0.0113, 'hit@5': 0.039, 'ndcg@5': 0.0252, 'hit@10': 0.0656, 'ndcg@10': 0.0337, 'hit@15': 0.0904, 'ndcg@15': 0.0403, 'hit@20': 0.1119, 'ndcg@20': 0.0453, 'hit@40': 0.1809, 'ndcg@40': 0.0594} 
2024-10-09 10:24:58.338 | INFO     | trainer_1:_train_one_epoch:193 - epoch 44 9.57s Train loss is [0.3383] 
2024-10-09 10:25:03.531 | INFO     | trainer_1:_train_one_epoch:201 - validate 44 cost time 5.19s, result: {'hit@1': 0.0162, 'ndcg@1': 0.0162, 'hit@5': 0.0644, 'ndcg@5': 0.0403, 'hit@10': 0.1079, 'ndcg@10': 0.0543, 'hit@15': 0.1438, 'ndcg@15': 0.0638, 'hit@20': 0.1756, 'ndcg@20': 0.0713, 'hit@40': 0.2721, 'ndcg@40': 0.0909} 
2024-10-09 10:25:08.642 | INFO     | trainer_1:_train_one_epoch:209 - test 44 cost time 5.11s, result: {'hit@1': 0.0128, 'ndcg@1': 0.0128, 'hit@5': 0.0427, 'ndcg@5': 0.0278, 'hit@10': 0.0717, 'ndcg@10': 0.0371, 'hit@15': 0.0959, 'ndcg@15': 0.0435, 'hit@20': 0.1168, 'ndcg@20': 0.0485, 'hit@40': 0.1902, 'ndcg@40': 0.0634} 
2024-10-09 10:25:27.760 | INFO     | trainer_1:_train_one_epoch:193 - epoch 45 7.62s Train loss is [0.3399] 
2024-10-09 10:25:37.678 | INFO     | trainer_1:_train_one_epoch:201 - validate 45 cost time 9.92s, result: {'hit@1': 0.0182, 'ndcg@1': 0.0182, 'hit@5': 0.0637, 'ndcg@5': 0.0411, 'hit@10': 0.1034, 'ndcg@10': 0.0539, 'hit@15': 0.1352, 'ndcg@15': 0.0623, 'hit@20': 0.1643, 'ndcg@20': 0.0692, 'hit@40': 0.2598, 'ndcg@40': 0.0886} 
2024-10-09 10:25:47.570 | INFO     | trainer_1:_train_one_epoch:209 - test 45 cost time 9.89s, result: {'hit@1': 0.0122, 'ndcg@1': 0.0122, 'hit@5': 0.0404, 'ndcg@5': 0.0264, 'hit@10': 0.0662, 'ndcg@10': 0.0347, 'hit@15': 0.0878, 'ndcg@15': 0.0404, 'hit@20': 0.1099, 'ndcg@20': 0.0456, 'hit@40': 0.1789, 'ndcg@40': 0.0596} 
2024-10-09 10:25:57.959 | INFO     | trainer_1:_train_one_epoch:193 - epoch 46 10.39s Train loss is [0.3414] 
2024-10-09 10:26:08.040 | INFO     | trainer_1:_train_one_epoch:201 - validate 46 cost time 10.08s, result: {'hit@1': 0.017, 'ndcg@1': 0.017, 'hit@5': 0.0641, 'ndcg@5': 0.0403, 'hit@10': 0.1024, 'ndcg@10': 0.0526, 'hit@15': 0.1379, 'ndcg@15': 0.062, 'hit@20': 0.1674, 'ndcg@20': 0.069, 'hit@40': 0.264, 'ndcg@40': 0.0887} 
2024-10-09 10:26:17.870 | INFO     | trainer_1:_train_one_epoch:209 - test 46 cost time 9.83s, result: {'hit@1': 0.012, 'ndcg@1': 0.012, 'hit@5': 0.042, 'ndcg@5': 0.0267, 'hit@10': 0.0686, 'ndcg@10': 0.0352, 'hit@15': 0.0911, 'ndcg@15': 0.0412, 'hit@20': 0.1121, 'ndcg@20': 0.0461, 'hit@40': 0.1811, 'ndcg@40': 0.0602} 
2024-10-09 10:26:24.844 | INFO     | trainer_1:_train_one_epoch:193 - epoch 47 6.97s Train loss is [0.3356] 
2024-10-09 10:26:34.638 | INFO     | trainer_1:_train_one_epoch:201 - validate 47 cost time 9.79s, result: {'hit@1': 0.0172, 'ndcg@1': 0.0172, 'hit@5': 0.0639, 'ndcg@5': 0.0405, 'hit@10': 0.1057, 'ndcg@10': 0.0539, 'hit@15': 0.1404, 'ndcg@15': 0.0631, 'hit@20': 0.1707, 'ndcg@20': 0.0702, 'hit@40': 0.2624, 'ndcg@40': 0.0888} 
2024-10-09 10:26:44.329 | INFO     | trainer_1:_train_one_epoch:209 - test 47 cost time 9.69s, result: {'hit@1': 0.0126, 'ndcg@1': 0.0126, 'hit@5': 0.0415, 'ndcg@5': 0.027, 'hit@10': 0.0705, 'ndcg@10': 0.0362, 'hit@15': 0.0928, 'ndcg@15': 0.0421, 'hit@20': 0.1141, 'ndcg@20': 0.0472, 'hit@40': 0.1855, 'ndcg@40': 0.0617} 
2024-10-09 10:26:50.914 | INFO     | trainer_1:_train_one_epoch:193 - epoch 48 6.58s Train loss is [0.3355] 
2024-10-09 10:27:00.703 | INFO     | trainer_1:_train_one_epoch:201 - validate 48 cost time 9.79s, result: {'hit@1': 0.0171, 'ndcg@1': 0.0171, 'hit@5': 0.061, 'ndcg@5': 0.0393, 'hit@10': 0.1022, 'ndcg@10': 0.0524, 'hit@15': 0.1354, 'ndcg@15': 0.0612, 'hit@20': 0.167, 'ndcg@20': 0.0686, 'hit@40': 0.2599, 'ndcg@40': 0.0876} 
2024-10-09 10:27:10.412 | INFO     | trainer_1:_train_one_epoch:209 - test 48 cost time 9.71s, result: {'hit@1': 0.0117, 'ndcg@1': 0.0117, 'hit@5': 0.0407, 'ndcg@5': 0.0261, 'hit@10': 0.0679, 'ndcg@10': 0.0348, 'hit@15': 0.0917, 'ndcg@15': 0.0411, 'hit@20': 0.1123, 'ndcg@20': 0.0459, 'hit@40': 0.1833, 'ndcg@40': 0.0604} 
2024-10-09 10:27:17.014 | INFO     | trainer_1:_train_one_epoch:193 - epoch 49 6.60s Train loss is [0.3366] 
2024-10-09 10:27:26.785 | INFO     | trainer_1:_train_one_epoch:201 - validate 49 cost time 9.77s, result: {'hit@1': 0.0174, 'ndcg@1': 0.0174, 'hit@5': 0.0623, 'ndcg@5': 0.0399, 'hit@10': 0.1043, 'ndcg@10': 0.0535, 'hit@15': 0.1379, 'ndcg@15': 0.0623, 'hit@20': 0.1691, 'ndcg@20': 0.0697, 'hit@40': 0.267, 'ndcg@40': 0.0896} 
2024-10-09 10:27:36.469 | INFO     | trainer_1:_train_one_epoch:209 - test 49 cost time 9.68s, result: {'hit@1': 0.0122, 'ndcg@1': 0.0122, 'hit@5': 0.0431, 'ndcg@5': 0.0276, 'hit@10': 0.0701, 'ndcg@10': 0.0363, 'hit@15': 0.0929, 'ndcg@15': 0.0423, 'hit@20': 0.1146, 'ndcg@20': 0.0474, 'hit@40': 0.1871, 'ndcg@40': 0.0621} 
2024-10-09 10:27:36.481 | INFO     | trainer_1:train_model:163 - training end, best iteration 44, results: {'hit@1': 0.0162, 'ndcg@1': 0.0162, 'hit@5': 0.0644, 'ndcg@5': 0.0403, 'hit@10': 0.1079, 'ndcg@10': 0.0543, 'hit@15': 0.1438, 'ndcg@15': 0.0638, 'hit@20': 0.1756, 'ndcg@20': 0.0713, 'hit@40': 0.2721, 'ndcg@40': 0.0909}
2024-10-09 10:27:36.482 | INFO     | trainer_1:train_model:166 - final test result is:  {'hit@1': 0.0128, 'ndcg@1': 0.0128, 'hit@5': 0.0427, 'ndcg@5': 0.0278, 'hit@10': 0.0717, 'ndcg@10': 0.0371, 'hit@15': 0.0959, 'ndcg@15': 0.0435, 'hit@20': 0.1168, 'ndcg@20': 0.0485, 'hit@40': 0.1902, 'ndcg@40': 0.0634}
2024-10-09 10:27:36.826 | INFO     | __main__:<module>:119 - train end total cost time: 1876.914553642273
