2024-10-09 18:02:18.703 | INFO     | __main__:<module>:105 - Namespace(TIME='2024-10-09 18_01_46', batch_size=1024, behaviors=['view', 'cart', 'buy'], check_point='model_pre_1_2024-10-08 12_13_12.pth', data_name='beibei', data_path='./data/beibei', decay=0.001, device='cuda:1', dim_qk=32, dim_v=64, distill_layers=2, distill_thres=0.5, distill_topK=40, distill_userK=2, embedding_size=64, epochs=100, gpu_no=1, if_load_model=True, ii_lambda=200, initializer_range=0.02, layers=2, loss_type='bpr', lr=0.001, message_dropout=0.25, metrics=['hit', 'ndcg'], min_epoch=5, model_name='main_1', model_path='./check_point', node_dropout=0.75, omega=1, pt_loop=50, reg_weight=0.001, test_batch_size=1024, testbatch=1024, topk=[1, 5, 10, 15, 20, 40], uu_lambda=100)
2024-10-09 18:02:18.704 | INFO     | __main__:<module>:106 - BIPN(
  (message_dropout): Dropout(p=0.25, inplace=False)
  (user_embedding): Embedding(21717, 64, padding_idx=0)
  (item_embedding): Embedding(7978, 64, padding_idx=0)
  (global_Graph): LightGCN()
  (Graph_encoder): ModuleDict(
    (view): GraphEncoder(
      (light): LightGCN()
      (dropout): Dropout(p=0.75, inplace=False)
    )
    (cart): GraphEncoder(
      (light): LightGCN()
      (dropout): Dropout(p=0.75, inplace=False)
    )
    (buy): GraphEncoder(
      (light): LightGCN()
      (dropout): Dropout(p=0.75, inplace=False)
    )
  )
  (attention): Mutual_Attention()
  (bpr_loss): BPRLoss()
  (emb_loss): EmbLoss()
  (f): Sigmoid()
)
2024-10-09 18:08:51.964 | INFO     | trainer_1:_train_one_epoch:193 - epoch 1 8.14s Train loss is [0.9036] 
2024-10-09 18:08:59.724 | INFO     | trainer_1:_train_one_epoch:201 - validate 1 cost time 7.76s, result: {'hit@1': 0.0079, 'ndcg@1': 0.0079, 'hit@5': 0.0297, 'ndcg@5': 0.0187, 'hit@10': 0.0508, 'ndcg@10': 0.0255, 'hit@15': 0.0687, 'ndcg@15': 0.0302, 'hit@20': 0.0858, 'ndcg@20': 0.0342, 'hit@40': 0.1446, 'ndcg@40': 0.0462} 
2024-10-09 18:09:07.344 | INFO     | trainer_1:_train_one_epoch:209 - test 1 cost time 7.62s, result: {'hit@1': 0.0039, 'ndcg@1': 0.0039, 'hit@5': 0.0184, 'ndcg@5': 0.011, 'hit@10': 0.0348, 'ndcg@10': 0.0163, 'hit@15': 0.0494, 'ndcg@15': 0.0201, 'hit@20': 0.0618, 'ndcg@20': 0.023, 'hit@40': 0.1056, 'ndcg@40': 0.0319} 
2024-10-09 18:09:26.154 | INFO     | trainer_1:_train_one_epoch:193 - epoch 2 8.36s Train loss is [0.6802] 
2024-10-09 18:09:33.751 | INFO     | trainer_1:_train_one_epoch:201 - validate 2 cost time 7.60s, result: {'hit@1': 0.0078, 'ndcg@1': 0.0078, 'hit@5': 0.0332, 'ndcg@5': 0.0203, 'hit@10': 0.0572, 'ndcg@10': 0.0281, 'hit@15': 0.0766, 'ndcg@15': 0.0331, 'hit@20': 0.0954, 'ndcg@20': 0.0376, 'hit@40': 0.1596, 'ndcg@40': 0.0506} 
2024-10-09 18:09:41.600 | INFO     | trainer_1:_train_one_epoch:209 - test 2 cost time 7.85s, result: {'hit@1': 0.0047, 'ndcg@1': 0.0047, 'hit@5': 0.02, 'ndcg@5': 0.0122, 'hit@10': 0.0369, 'ndcg@10': 0.0176, 'hit@15': 0.0521, 'ndcg@15': 0.0216, 'hit@20': 0.0658, 'ndcg@20': 0.0249, 'hit@40': 0.1142, 'ndcg@40': 0.0347} 
2024-10-09 18:10:00.749 | INFO     | trainer_1:_train_one_epoch:193 - epoch 3 8.25s Train loss is [0.6056] 
2024-10-09 18:10:08.141 | INFO     | trainer_1:_train_one_epoch:201 - validate 3 cost time 7.39s, result: {'hit@1': 0.0097, 'ndcg@1': 0.0097, 'hit@5': 0.0374, 'ndcg@5': 0.0234, 'hit@10': 0.0648, 'ndcg@10': 0.0322, 'hit@15': 0.0909, 'ndcg@15': 0.0391, 'hit@20': 0.1141, 'ndcg@20': 0.0445, 'hit@40': 0.1887, 'ndcg@40': 0.0597} 
2024-10-09 18:10:15.541 | INFO     | trainer_1:_train_one_epoch:209 - test 3 cost time 7.40s, result: {'hit@1': 0.0058, 'ndcg@1': 0.0058, 'hit@5': 0.0234, 'ndcg@5': 0.0143, 'hit@10': 0.0442, 'ndcg@10': 0.0209, 'hit@15': 0.0612, 'ndcg@15': 0.0254, 'hit@20': 0.0761, 'ndcg@20': 0.0289, 'hit@40': 0.135, 'ndcg@40': 0.0409} 
2024-10-09 18:10:34.598 | INFO     | trainer_1:_train_one_epoch:193 - epoch 4 8.42s Train loss is [0.5744] 
2024-10-09 18:10:42.253 | INFO     | trainer_1:_train_one_epoch:201 - validate 4 cost time 7.65s, result: {'hit@1': 0.011, 'ndcg@1': 0.011, 'hit@5': 0.0422, 'ndcg@5': 0.0266, 'hit@10': 0.0715, 'ndcg@10': 0.036, 'hit@15': 0.0969, 'ndcg@15': 0.0427, 'hit@20': 0.1194, 'ndcg@20': 0.048, 'hit@40': 0.1894, 'ndcg@40': 0.0622} 
2024-10-09 18:10:49.670 | INFO     | trainer_1:_train_one_epoch:209 - test 4 cost time 7.42s, result: {'hit@1': 0.006, 'ndcg@1': 0.006, 'hit@5': 0.0233, 'ndcg@5': 0.0146, 'hit@10': 0.042, 'ndcg@10': 0.0206, 'hit@15': 0.06, 'ndcg@15': 0.0254, 'hit@20': 0.0751, 'ndcg@20': 0.0289, 'hit@40': 0.1273, 'ndcg@40': 0.0395} 
2024-10-09 18:10:57.537 | INFO     | trainer_1:_train_one_epoch:193 - epoch 5 7.87s Train loss is [0.5380] 
2024-10-09 18:11:02.609 | INFO     | trainer_1:_train_one_epoch:201 - validate 5 cost time 5.07s, result: {'hit@1': 0.0123, 'ndcg@1': 0.0123, 'hit@5': 0.0443, 'ndcg@5': 0.0282, 'hit@10': 0.0743, 'ndcg@10': 0.0378, 'hit@15': 0.1001, 'ndcg@15': 0.0446, 'hit@20': 0.1242, 'ndcg@20': 0.0503, 'hit@40': 0.1968, 'ndcg@40': 0.0651} 
2024-10-09 18:11:08.390 | INFO     | trainer_1:_train_one_epoch:209 - test 5 cost time 5.78s, result: {'hit@1': 0.007, 'ndcg@1': 0.007, 'hit@5': 0.0267, 'ndcg@5': 0.0166, 'hit@10': 0.0448, 'ndcg@10': 0.0224, 'hit@15': 0.0621, 'ndcg@15': 0.027, 'hit@20': 0.0781, 'ndcg@20': 0.0307, 'hit@40': 0.1324, 'ndcg@40': 0.0418} 
2024-10-09 18:11:27.196 | INFO     | trainer_1:_train_one_epoch:193 - epoch 6 7.94s Train loss is [0.5218] 
2024-10-09 18:11:34.966 | INFO     | trainer_1:_train_one_epoch:201 - validate 6 cost time 7.77s, result: {'hit@1': 0.0129, 'ndcg@1': 0.0129, 'hit@5': 0.0445, 'ndcg@5': 0.0285, 'hit@10': 0.0738, 'ndcg@10': 0.0378, 'hit@15': 0.1, 'ndcg@15': 0.0448, 'hit@20': 0.1233, 'ndcg@20': 0.0503, 'hit@40': 0.1971, 'ndcg@40': 0.0653} 
2024-10-09 18:11:41.434 | INFO     | trainer_1:_train_one_epoch:209 - test 6 cost time 6.47s, result: {'hit@1': 0.0067, 'ndcg@1': 0.0067, 'hit@5': 0.0285, 'ndcg@5': 0.0175, 'hit@10': 0.0486, 'ndcg@10': 0.0239, 'hit@15': 0.0675, 'ndcg@15': 0.0289, 'hit@20': 0.0838, 'ndcg@20': 0.0328, 'hit@40': 0.1396, 'ndcg@40': 0.0441} 
2024-10-09 18:12:00.246 | INFO     | trainer_1:_train_one_epoch:193 - epoch 7 8.06s Train loss is [0.4915] 
2024-10-09 18:12:07.560 | INFO     | trainer_1:_train_one_epoch:201 - validate 7 cost time 7.31s, result: {'hit@1': 0.0121, 'ndcg@1': 0.0121, 'hit@5': 0.0435, 'ndcg@5': 0.0277, 'hit@10': 0.0737, 'ndcg@10': 0.0373, 'hit@15': 0.1003, 'ndcg@15': 0.0444, 'hit@20': 0.1237, 'ndcg@20': 0.0499, 'hit@40': 0.1998, 'ndcg@40': 0.0653} 
2024-10-09 18:12:14.002 | INFO     | trainer_1:_train_one_epoch:209 - test 7 cost time 6.44s, result: {'hit@1': 0.006, 'ndcg@1': 0.006, 'hit@5': 0.0265, 'ndcg@5': 0.0161, 'hit@10': 0.048, 'ndcg@10': 0.023, 'hit@15': 0.0654, 'ndcg@15': 0.0276, 'hit@20': 0.0815, 'ndcg@20': 0.0314, 'hit@40': 0.143, 'ndcg@40': 0.0438} 
2024-10-09 18:12:21.894 | INFO     | trainer_1:_train_one_epoch:193 - epoch 8 7.89s Train loss is [0.4917] 
2024-10-09 18:12:29.438 | INFO     | trainer_1:_train_one_epoch:201 - validate 8 cost time 7.54s, result: {'hit@1': 0.012, 'ndcg@1': 0.012, 'hit@5': 0.0437, 'ndcg@5': 0.0276, 'hit@10': 0.0744, 'ndcg@10': 0.0375, 'hit@15': 0.1001, 'ndcg@15': 0.0442, 'hit@20': 0.1237, 'ndcg@20': 0.0498, 'hit@40': 0.1988, 'ndcg@40': 0.0651} 
2024-10-09 18:12:37.143 | INFO     | trainer_1:_train_one_epoch:209 - test 8 cost time 7.70s, result: {'hit@1': 0.0074, 'ndcg@1': 0.0074, 'hit@5': 0.0269, 'ndcg@5': 0.0171, 'hit@10': 0.047, 'ndcg@10': 0.0235, 'hit@15': 0.0656, 'ndcg@15': 0.0284, 'hit@20': 0.083, 'ndcg@20': 0.0325, 'hit@40': 0.1416, 'ndcg@40': 0.0445} 
2024-10-09 18:12:45.569 | INFO     | trainer_1:_train_one_epoch:193 - epoch 9 8.42s Train loss is [0.4664] 
2024-10-09 18:12:52.691 | INFO     | trainer_1:_train_one_epoch:201 - validate 9 cost time 7.12s, result: {'hit@1': 0.0107, 'ndcg@1': 0.0107, 'hit@5': 0.0437, 'ndcg@5': 0.0272, 'hit@10': 0.0732, 'ndcg@10': 0.0367, 'hit@15': 0.099, 'ndcg@15': 0.0435, 'hit@20': 0.1223, 'ndcg@20': 0.049, 'hit@40': 0.2002, 'ndcg@40': 0.0649} 
2024-10-09 18:13:00.098 | INFO     | trainer_1:_train_one_epoch:209 - test 9 cost time 7.41s, result: {'hit@1': 0.0069, 'ndcg@1': 0.0069, 'hit@5': 0.0271, 'ndcg@5': 0.0169, 'hit@10': 0.0452, 'ndcg@10': 0.0227, 'hit@15': 0.0624, 'ndcg@15': 0.0273, 'hit@20': 0.0809, 'ndcg@20': 0.0316, 'hit@40': 0.1393, 'ndcg@40': 0.0435} 
2024-10-09 18:13:07.987 | INFO     | trainer_1:_train_one_epoch:193 - epoch 10 7.89s Train loss is [0.4562] 
2024-10-09 18:13:15.267 | INFO     | trainer_1:_train_one_epoch:201 - validate 10 cost time 7.28s, result: {'hit@1': 0.0114, 'ndcg@1': 0.0114, 'hit@5': 0.0455, 'ndcg@5': 0.0284, 'hit@10': 0.0763, 'ndcg@10': 0.0383, 'hit@15': 0.1048, 'ndcg@15': 0.0459, 'hit@20': 0.1291, 'ndcg@20': 0.0516, 'hit@40': 0.2086, 'ndcg@40': 0.0678} 
2024-10-09 18:13:21.788 | INFO     | trainer_1:_train_one_epoch:209 - test 10 cost time 6.52s, result: {'hit@1': 0.0064, 'ndcg@1': 0.0064, 'hit@5': 0.0282, 'ndcg@5': 0.0172, 'hit@10': 0.0487, 'ndcg@10': 0.0238, 'hit@15': 0.0662, 'ndcg@15': 0.0284, 'hit@20': 0.084, 'ndcg@20': 0.0326, 'hit@40': 0.1453, 'ndcg@40': 0.0451} 
2024-10-09 18:13:40.521 | INFO     | trainer_1:_train_one_epoch:193 - epoch 11 7.86s Train loss is [0.4407] 
2024-10-09 18:13:45.772 | INFO     | trainer_1:_train_one_epoch:201 - validate 11 cost time 5.25s, result: {'hit@1': 0.0107, 'ndcg@1': 0.0107, 'hit@5': 0.0424, 'ndcg@5': 0.0265, 'hit@10': 0.0734, 'ndcg@10': 0.0364, 'hit@15': 0.1011, 'ndcg@15': 0.0437, 'hit@20': 0.1249, 'ndcg@20': 0.0493, 'hit@40': 0.2035, 'ndcg@40': 0.0653} 
2024-10-09 18:13:51.094 | INFO     | trainer_1:_train_one_epoch:209 - test 11 cost time 5.32s, result: {'hit@1': 0.0062, 'ndcg@1': 0.0062, 'hit@5': 0.0269, 'ndcg@5': 0.0164, 'hit@10': 0.047, 'ndcg@10': 0.0229, 'hit@15': 0.0654, 'ndcg@15': 0.0277, 'hit@20': 0.0823, 'ndcg@20': 0.0317, 'hit@40': 0.1418, 'ndcg@40': 0.0438} 
2024-10-09 18:13:59.491 | INFO     | trainer_1:_train_one_epoch:193 - epoch 12 8.40s Train loss is [0.4492] 
2024-10-09 18:14:07.187 | INFO     | trainer_1:_train_one_epoch:201 - validate 12 cost time 7.70s, result: {'hit@1': 0.011, 'ndcg@1': 0.011, 'hit@5': 0.0436, 'ndcg@5': 0.0273, 'hit@10': 0.0742, 'ndcg@10': 0.0371, 'hit@15': 0.1009, 'ndcg@15': 0.0442, 'hit@20': 0.1262, 'ndcg@20': 0.0501, 'hit@40': 0.2016, 'ndcg@40': 0.0655} 
2024-10-09 18:14:14.757 | INFO     | trainer_1:_train_one_epoch:209 - test 12 cost time 7.57s, result: {'hit@1': 0.0067, 'ndcg@1': 0.0067, 'hit@5': 0.0279, 'ndcg@5': 0.0173, 'hit@10': 0.0486, 'ndcg@10': 0.024, 'hit@15': 0.0659, 'ndcg@15': 0.0285, 'hit@20': 0.0819, 'ndcg@20': 0.0323, 'hit@40': 0.1414, 'ndcg@40': 0.0444} 
2024-10-09 18:14:22.445 | INFO     | trainer_1:_train_one_epoch:193 - epoch 13 7.69s Train loss is [0.4480] 
2024-10-09 18:14:29.507 | INFO     | trainer_1:_train_one_epoch:201 - validate 13 cost time 7.06s, result: {'hit@1': 0.0117, 'ndcg@1': 0.0117, 'hit@5': 0.047, 'ndcg@5': 0.0292, 'hit@10': 0.0815, 'ndcg@10': 0.0403, 'hit@15': 0.1102, 'ndcg@15': 0.0479, 'hit@20': 0.1371, 'ndcg@20': 0.0542, 'hit@40': 0.2166, 'ndcg@40': 0.0704} 
2024-10-09 18:14:36.086 | INFO     | trainer_1:_train_one_epoch:209 - test 13 cost time 6.58s, result: {'hit@1': 0.0081, 'ndcg@1': 0.0081, 'hit@5': 0.0302, 'ndcg@5': 0.0191, 'hit@10': 0.0514, 'ndcg@10': 0.0259, 'hit@15': 0.0703, 'ndcg@15': 0.0309, 'hit@20': 0.0898, 'ndcg@20': 0.0355, 'hit@40': 0.1526, 'ndcg@40': 0.0482} 
2024-10-09 18:14:55.891 | INFO     | trainer_1:_train_one_epoch:193 - epoch 14 8.21s Train loss is [0.4294] 
2024-10-09 18:15:02.394 | INFO     | trainer_1:_train_one_epoch:201 - validate 14 cost time 6.50s, result: {'hit@1': 0.0124, 'ndcg@1': 0.0124, 'hit@5': 0.0486, 'ndcg@5': 0.0304, 'hit@10': 0.0828, 'ndcg@10': 0.0413, 'hit@15': 0.1121, 'ndcg@15': 0.049, 'hit@20': 0.1387, 'ndcg@20': 0.0553, 'hit@40': 0.2189, 'ndcg@40': 0.0717} 
2024-10-09 18:15:10.712 | INFO     | trainer_1:_train_one_epoch:209 - test 14 cost time 8.32s, result: {'hit@1': 0.008, 'ndcg@1': 0.008, 'hit@5': 0.0307, 'ndcg@5': 0.0192, 'hit@10': 0.0527, 'ndcg@10': 0.0262, 'hit@15': 0.0739, 'ndcg@15': 0.0318, 'hit@20': 0.0927, 'ndcg@20': 0.0362, 'hit@40': 0.1565, 'ndcg@40': 0.0492} 
2024-10-09 18:15:29.405 | INFO     | trainer_1:_train_one_epoch:193 - epoch 15 7.95s Train loss is [0.4292] 
2024-10-09 18:15:35.900 | INFO     | trainer_1:_train_one_epoch:201 - validate 15 cost time 6.49s, result: {'hit@1': 0.0115, 'ndcg@1': 0.0115, 'hit@5': 0.0484, 'ndcg@5': 0.0299, 'hit@10': 0.08, 'ndcg@10': 0.0401, 'hit@15': 0.1077, 'ndcg@15': 0.0474, 'hit@20': 0.133, 'ndcg@20': 0.0534, 'hit@40': 0.2138, 'ndcg@40': 0.0698} 
2024-10-09 18:15:44.351 | INFO     | trainer_1:_train_one_epoch:209 - test 15 cost time 8.45s, result: {'hit@1': 0.0086, 'ndcg@1': 0.0086, 'hit@5': 0.0307, 'ndcg@5': 0.0195, 'hit@10': 0.0513, 'ndcg@10': 0.0261, 'hit@15': 0.072, 'ndcg@15': 0.0316, 'hit@20': 0.0901, 'ndcg@20': 0.0359, 'hit@40': 0.1527, 'ndcg@40': 0.0486} 
2024-10-09 18:15:52.129 | INFO     | trainer_1:_train_one_epoch:193 - epoch 16 7.78s Train loss is [0.4083] 
2024-10-09 18:16:01.091 | INFO     | trainer_1:_train_one_epoch:201 - validate 16 cost time 8.96s, result: {'hit@1': 0.0134, 'ndcg@1': 0.0134, 'hit@5': 0.0516, 'ndcg@5': 0.0324, 'hit@10': 0.0857, 'ndcg@10': 0.0433, 'hit@15': 0.1151, 'ndcg@15': 0.0511, 'hit@20': 0.141, 'ndcg@20': 0.0572, 'hit@40': 0.2235, 'ndcg@40': 0.074} 
2024-10-09 18:16:08.321 | INFO     | trainer_1:_train_one_epoch:209 - test 16 cost time 7.23s, result: {'hit@1': 0.0096, 'ndcg@1': 0.0096, 'hit@5': 0.0351, 'ndcg@5': 0.0222, 'hit@10': 0.0592, 'ndcg@10': 0.0299, 'hit@15': 0.0774, 'ndcg@15': 0.0347, 'hit@20': 0.096, 'ndcg@20': 0.039, 'hit@40': 0.1623, 'ndcg@40': 0.0525} 
2024-10-09 18:16:27.469 | INFO     | trainer_1:_train_one_epoch:193 - epoch 17 7.84s Train loss is [0.4095] 
2024-10-09 18:16:36.530 | INFO     | trainer_1:_train_one_epoch:201 - validate 17 cost time 9.06s, result: {'hit@1': 0.0128, 'ndcg@1': 0.0128, 'hit@5': 0.052, 'ndcg@5': 0.0322, 'hit@10': 0.0887, 'ndcg@10': 0.044, 'hit@15': 0.1195, 'ndcg@15': 0.0521, 'hit@20': 0.1472, 'ndcg@20': 0.0587, 'hit@40': 0.2319, 'ndcg@40': 0.0759} 
2024-10-09 18:16:42.615 | INFO     | trainer_1:_train_one_epoch:209 - test 17 cost time 6.08s, result: {'hit@1': 0.0094, 'ndcg@1': 0.0094, 'hit@5': 0.0354, 'ndcg@5': 0.0224, 'hit@10': 0.06, 'ndcg@10': 0.0303, 'hit@15': 0.0814, 'ndcg@15': 0.036, 'hit@20': 0.1006, 'ndcg@20': 0.0405, 'hit@40': 0.1681, 'ndcg@40': 0.0542} 
2024-10-09 18:17:01.955 | INFO     | trainer_1:_train_one_epoch:193 - epoch 18 8.32s Train loss is [0.4005] 
2024-10-09 18:17:10.995 | INFO     | trainer_1:_train_one_epoch:201 - validate 18 cost time 9.04s, result: {'hit@1': 0.0143, 'ndcg@1': 0.0143, 'hit@5': 0.0514, 'ndcg@5': 0.033, 'hit@10': 0.0875, 'ndcg@10': 0.0446, 'hit@15': 0.116, 'ndcg@15': 0.0521, 'hit@20': 0.1422, 'ndcg@20': 0.0583, 'hit@40': 0.2256, 'ndcg@40': 0.0752} 
2024-10-09 18:17:19.805 | INFO     | trainer_1:_train_one_epoch:209 - test 18 cost time 8.81s, result: {'hit@1': 0.0092, 'ndcg@1': 0.0092, 'hit@5': 0.0354, 'ndcg@5': 0.0223, 'hit@10': 0.0583, 'ndcg@10': 0.0296, 'hit@15': 0.0781, 'ndcg@15': 0.0349, 'hit@20': 0.0984, 'ndcg@20': 0.0396, 'hit@40': 0.1626, 'ndcg@40': 0.0527} 
2024-10-09 18:17:27.636 | INFO     | trainer_1:_train_one_epoch:193 - epoch 19 7.83s Train loss is [0.4005] 
2024-10-09 18:17:34.166 | INFO     | trainer_1:_train_one_epoch:201 - validate 19 cost time 6.53s, result: {'hit@1': 0.0146, 'ndcg@1': 0.0146, 'hit@5': 0.0494, 'ndcg@5': 0.0321, 'hit@10': 0.084, 'ndcg@10': 0.0431, 'hit@15': 0.1137, 'ndcg@15': 0.0509, 'hit@20': 0.1401, 'ndcg@20': 0.0571, 'hit@40': 0.2242, 'ndcg@40': 0.0742} 
2024-10-09 18:17:42.498 | INFO     | trainer_1:_train_one_epoch:209 - test 19 cost time 8.33s, result: {'hit@1': 0.0099, 'ndcg@1': 0.0099, 'hit@5': 0.0338, 'ndcg@5': 0.0217, 'hit@10': 0.0579, 'ndcg@10': 0.0294, 'hit@15': 0.0793, 'ndcg@15': 0.035, 'hit@20': 0.0966, 'ndcg@20': 0.0391, 'hit@40': 0.159, 'ndcg@40': 0.0518} 
2024-10-09 18:17:50.423 | INFO     | trainer_1:_train_one_epoch:193 - epoch 20 7.92s Train loss is [0.4010] 
2024-10-09 18:17:59.372 | INFO     | trainer_1:_train_one_epoch:201 - validate 20 cost time 8.95s, result: {'hit@1': 0.0148, 'ndcg@1': 0.0148, 'hit@5': 0.052, 'ndcg@5': 0.0337, 'hit@10': 0.0847, 'ndcg@10': 0.0442, 'hit@15': 0.115, 'ndcg@15': 0.0522, 'hit@20': 0.1414, 'ndcg@20': 0.0584, 'hit@40': 0.231, 'ndcg@40': 0.0767} 
2024-10-09 18:18:06.713 | INFO     | trainer_1:_train_one_epoch:209 - test 20 cost time 7.34s, result: {'hit@1': 0.0095, 'ndcg@1': 0.0095, 'hit@5': 0.0369, 'ndcg@5': 0.0232, 'hit@10': 0.061, 'ndcg@10': 0.0309, 'hit@15': 0.0823, 'ndcg@15': 0.0365, 'hit@20': 0.1017, 'ndcg@20': 0.0411, 'hit@40': 0.1661, 'ndcg@40': 0.0542} 
2024-10-09 18:18:31.530 | INFO     | trainer_1:_train_one_epoch:193 - epoch 21 11.23s Train loss is [0.3909] 
2024-10-09 18:18:39.807 | INFO     | trainer_1:_train_one_epoch:201 - validate 21 cost time 8.28s, result: {'hit@1': 0.0143, 'ndcg@1': 0.0143, 'hit@5': 0.0529, 'ndcg@5': 0.0337, 'hit@10': 0.0827, 'ndcg@10': 0.0432, 'hit@15': 0.1127, 'ndcg@15': 0.0512, 'hit@20': 0.138, 'ndcg@20': 0.0571, 'hit@40': 0.2253, 'ndcg@40': 0.0749} 
2024-10-09 18:18:46.146 | INFO     | trainer_1:_train_one_epoch:209 - test 21 cost time 6.34s, result: {'hit@1': 0.0104, 'ndcg@1': 0.0104, 'hit@5': 0.0364, 'ndcg@5': 0.0233, 'hit@10': 0.059, 'ndcg@10': 0.0305, 'hit@15': 0.0797, 'ndcg@15': 0.036, 'hit@20': 0.0984, 'ndcg@20': 0.0404, 'hit@40': 0.1614, 'ndcg@40': 0.0532} 
2024-10-09 18:18:57.212 | INFO     | trainer_1:_train_one_epoch:193 - epoch 22 11.07s Train loss is [0.3998] 
2024-10-09 18:19:06.427 | INFO     | trainer_1:_train_one_epoch:201 - validate 22 cost time 9.21s, result: {'hit@1': 0.0151, 'ndcg@1': 0.0151, 'hit@5': 0.0542, 'ndcg@5': 0.0346, 'hit@10': 0.0868, 'ndcg@10': 0.0451, 'hit@15': 0.1174, 'ndcg@15': 0.0531, 'hit@20': 0.1413, 'ndcg@20': 0.0588, 'hit@40': 0.2249, 'ndcg@40': 0.0758} 
2024-10-09 18:19:15.428 | INFO     | trainer_1:_train_one_epoch:209 - test 22 cost time 9.00s, result: {'hit@1': 0.0097, 'ndcg@1': 0.0097, 'hit@5': 0.0356, 'ndcg@5': 0.0226, 'hit@10': 0.0586, 'ndcg@10': 0.03, 'hit@15': 0.0792, 'ndcg@15': 0.0354, 'hit@20': 0.0985, 'ndcg@20': 0.04, 'hit@40': 0.1601, 'ndcg@40': 0.0525} 
2024-10-09 18:19:26.397 | INFO     | trainer_1:_train_one_epoch:193 - epoch 23 10.97s Train loss is [0.3885] 
2024-10-09 18:19:34.239 | INFO     | trainer_1:_train_one_epoch:201 - validate 23 cost time 7.84s, result: {'hit@1': 0.0161, 'ndcg@1': 0.0161, 'hit@5': 0.0574, 'ndcg@5': 0.0368, 'hit@10': 0.093, 'ndcg@10': 0.0482, 'hit@15': 0.1233, 'ndcg@15': 0.0562, 'hit@20': 0.1506, 'ndcg@20': 0.0627, 'hit@40': 0.2372, 'ndcg@40': 0.0803} 
2024-10-09 18:19:43.191 | INFO     | trainer_1:_train_one_epoch:209 - test 23 cost time 8.95s, result: {'hit@1': 0.0099, 'ndcg@1': 0.0099, 'hit@5': 0.0373, 'ndcg@5': 0.0236, 'hit@10': 0.0633, 'ndcg@10': 0.0319, 'hit@15': 0.0831, 'ndcg@15': 0.0371, 'hit@20': 0.1021, 'ndcg@20': 0.0416, 'hit@40': 0.1691, 'ndcg@40': 0.0552} 
2024-10-09 18:20:05.231 | INFO     | trainer_1:_train_one_epoch:193 - epoch 24 10.90s Train loss is [0.3827] 
2024-10-09 18:20:10.439 | INFO     | trainer_1:_train_one_epoch:201 - validate 24 cost time 5.21s, result: {'hit@1': 0.0142, 'ndcg@1': 0.0142, 'hit@5': 0.0546, 'ndcg@5': 0.0345, 'hit@10': 0.0881, 'ndcg@10': 0.0453, 'hit@15': 0.1183, 'ndcg@15': 0.0532, 'hit@20': 0.1458, 'ndcg@20': 0.0597, 'hit@40': 0.2294, 'ndcg@40': 0.0768} 
2024-10-09 18:20:15.384 | INFO     | trainer_1:_train_one_epoch:209 - test 24 cost time 4.95s, result: {'hit@1': 0.0102, 'ndcg@1': 0.0102, 'hit@5': 0.037, 'ndcg@5': 0.0235, 'hit@10': 0.0606, 'ndcg@10': 0.031, 'hit@15': 0.0814, 'ndcg@15': 0.0365, 'hit@20': 0.1003, 'ndcg@20': 0.041, 'hit@40': 0.1653, 'ndcg@40': 0.0542} 
2024-10-09 18:20:26.176 | INFO     | trainer_1:_train_one_epoch:193 - epoch 25 10.79s Train loss is [0.3791] 
2024-10-09 18:20:31.332 | INFO     | trainer_1:_train_one_epoch:201 - validate 25 cost time 5.16s, result: {'hit@1': 0.0157, 'ndcg@1': 0.0157, 'hit@5': 0.057, 'ndcg@5': 0.0366, 'hit@10': 0.0948, 'ndcg@10': 0.0487, 'hit@15': 0.1259, 'ndcg@15': 0.0569, 'hit@20': 0.1533, 'ndcg@20': 0.0633, 'hit@40': 0.2386, 'ndcg@40': 0.0807} 
2024-10-09 18:20:38.760 | INFO     | trainer_1:_train_one_epoch:209 - test 25 cost time 7.43s, result: {'hit@1': 0.011, 'ndcg@1': 0.011, 'hit@5': 0.039, 'ndcg@5': 0.0251, 'hit@10': 0.0648, 'ndcg@10': 0.0334, 'hit@15': 0.0857, 'ndcg@15': 0.0389, 'hit@20': 0.1066, 'ndcg@20': 0.0438, 'hit@40': 0.1743, 'ndcg@40': 0.0576} 
2024-10-09 18:21:01.977 | INFO     | trainer_1:_train_one_epoch:193 - epoch 26 12.23s Train loss is [0.3727] 
2024-10-09 18:21:12.014 | INFO     | trainer_1:_train_one_epoch:201 - validate 26 cost time 10.04s, result: {'hit@1': 0.0157, 'ndcg@1': 0.0157, 'hit@5': 0.0577, 'ndcg@5': 0.0369, 'hit@10': 0.0968, 'ndcg@10': 0.0495, 'hit@15': 0.1259, 'ndcg@15': 0.0571, 'hit@20': 0.1523, 'ndcg@20': 0.0634, 'hit@40': 0.2383, 'ndcg@40': 0.0809} 
2024-10-09 18:21:21.714 | INFO     | trainer_1:_train_one_epoch:209 - test 26 cost time 9.70s, result: {'hit@1': 0.0107, 'ndcg@1': 0.0107, 'hit@5': 0.0378, 'ndcg@5': 0.0244, 'hit@10': 0.0633, 'ndcg@10': 0.0325, 'hit@15': 0.0845, 'ndcg@15': 0.0382, 'hit@20': 0.1038, 'ndcg@20': 0.0427, 'hit@40': 0.1692, 'ndcg@40': 0.0561} 
2024-10-09 18:21:33.735 | INFO     | trainer_1:_train_one_epoch:193 - epoch 27 12.02s Train loss is [0.3733] 
2024-10-09 18:21:43.752 | INFO     | trainer_1:_train_one_epoch:201 - validate 27 cost time 10.02s, result: {'hit@1': 0.0171, 'ndcg@1': 0.0171, 'hit@5': 0.0595, 'ndcg@5': 0.0386, 'hit@10': 0.0971, 'ndcg@10': 0.0506, 'hit@15': 0.1288, 'ndcg@15': 0.059, 'hit@20': 0.1568, 'ndcg@20': 0.0656, 'hit@40': 0.2432, 'ndcg@40': 0.0832} 
2024-10-09 18:21:53.426 | INFO     | trainer_1:_train_one_epoch:209 - test 27 cost time 9.67s, result: {'hit@1': 0.0115, 'ndcg@1': 0.0115, 'hit@5': 0.0396, 'ndcg@5': 0.0255, 'hit@10': 0.0658, 'ndcg@10': 0.0339, 'hit@15': 0.0877, 'ndcg@15': 0.0397, 'hit@20': 0.109, 'ndcg@20': 0.0447, 'hit@40': 0.1736, 'ndcg@40': 0.0578} 
2024-10-09 18:22:15.909 | INFO     | trainer_1:_train_one_epoch:193 - epoch 28 11.61s Train loss is [0.3768] 
2024-10-09 18:22:25.917 | INFO     | trainer_1:_train_one_epoch:201 - validate 28 cost time 10.01s, result: {'hit@1': 0.0166, 'ndcg@1': 0.0166, 'hit@5': 0.0596, 'ndcg@5': 0.0382, 'hit@10': 0.0979, 'ndcg@10': 0.0505, 'hit@15': 0.131, 'ndcg@15': 0.0592, 'hit@20': 0.1573, 'ndcg@20': 0.0654, 'hit@40': 0.243, 'ndcg@40': 0.0829} 
2024-10-09 18:22:35.589 | INFO     | trainer_1:_train_one_epoch:209 - test 28 cost time 9.67s, result: {'hit@1': 0.0106, 'ndcg@1': 0.0106, 'hit@5': 0.0378, 'ndcg@5': 0.0241, 'hit@10': 0.0641, 'ndcg@10': 0.0325, 'hit@15': 0.0877, 'ndcg@15': 0.0387, 'hit@20': 0.1078, 'ndcg@20': 0.0435, 'hit@40': 0.175, 'ndcg@40': 0.0571} 
2024-10-09 18:22:46.476 | INFO     | trainer_1:_train_one_epoch:193 - epoch 29 10.89s Train loss is [0.3584] 
2024-10-09 18:22:56.444 | INFO     | trainer_1:_train_one_epoch:201 - validate 29 cost time 9.97s, result: {'hit@1': 0.0159, 'ndcg@1': 0.0159, 'hit@5': 0.0581, 'ndcg@5': 0.037, 'hit@10': 0.0932, 'ndcg@10': 0.0482, 'hit@15': 0.1249, 'ndcg@15': 0.0566, 'hit@20': 0.1511, 'ndcg@20': 0.0628, 'hit@40': 0.2324, 'ndcg@40': 0.0793} 
2024-10-09 18:23:06.119 | INFO     | trainer_1:_train_one_epoch:209 - test 29 cost time 9.67s, result: {'hit@1': 0.01, 'ndcg@1': 0.01, 'hit@5': 0.0366, 'ndcg@5': 0.0235, 'hit@10': 0.0606, 'ndcg@10': 0.0311, 'hit@15': 0.0825, 'ndcg@15': 0.0369, 'hit@20': 0.1024, 'ndcg@20': 0.0416, 'hit@40': 0.1675, 'ndcg@40': 0.0548} 
2024-10-09 18:23:17.019 | INFO     | trainer_1:_train_one_epoch:193 - epoch 30 10.90s Train loss is [0.3634] 
2024-10-09 18:23:26.982 | INFO     | trainer_1:_train_one_epoch:201 - validate 30 cost time 9.96s, result: {'hit@1': 0.0166, 'ndcg@1': 0.0166, 'hit@5': 0.0569, 'ndcg@5': 0.037, 'hit@10': 0.0915, 'ndcg@10': 0.0481, 'hit@15': 0.1213, 'ndcg@15': 0.0559, 'hit@20': 0.1507, 'ndcg@20': 0.0628, 'hit@40': 0.2385, 'ndcg@40': 0.0807} 
2024-10-09 18:23:36.659 | INFO     | trainer_1:_train_one_epoch:209 - test 30 cost time 9.68s, result: {'hit@1': 0.0114, 'ndcg@1': 0.0114, 'hit@5': 0.0372, 'ndcg@5': 0.0241, 'hit@10': 0.0623, 'ndcg@10': 0.0321, 'hit@15': 0.0828, 'ndcg@15': 0.0376, 'hit@20': 0.1014, 'ndcg@20': 0.0419, 'hit@40': 0.1703, 'ndcg@40': 0.0559} 
2024-10-09 18:23:47.502 | INFO     | trainer_1:_train_one_epoch:193 - epoch 31 10.84s Train loss is [0.3552] 
2024-10-09 18:23:57.453 | INFO     | trainer_1:_train_one_epoch:201 - validate 31 cost time 9.95s, result: {'hit@1': 0.0156, 'ndcg@1': 0.0156, 'hit@5': 0.0581, 'ndcg@5': 0.037, 'hit@10': 0.0971, 'ndcg@10': 0.0495, 'hit@15': 0.1279, 'ndcg@15': 0.0577, 'hit@20': 0.1565, 'ndcg@20': 0.0644, 'hit@40': 0.246, 'ndcg@40': 0.0826} 
2024-10-09 18:24:07.126 | INFO     | trainer_1:_train_one_epoch:209 - test 31 cost time 9.67s, result: {'hit@1': 0.0105, 'ndcg@1': 0.0105, 'hit@5': 0.0385, 'ndcg@5': 0.0244, 'hit@10': 0.0659, 'ndcg@10': 0.0332, 'hit@15': 0.0875, 'ndcg@15': 0.0389, 'hit@20': 0.108, 'ndcg@20': 0.0437, 'hit@40': 0.1745, 'ndcg@40': 0.0573} 
2024-10-09 18:24:28.539 | INFO     | trainer_1:_train_one_epoch:193 - epoch 32 10.80s Train loss is [0.3548] 
2024-10-09 18:24:38.523 | INFO     | trainer_1:_train_one_epoch:201 - validate 32 cost time 9.98s, result: {'hit@1': 0.017, 'ndcg@1': 0.017, 'hit@5': 0.0613, 'ndcg@5': 0.0393, 'hit@10': 0.0996, 'ndcg@10': 0.0516, 'hit@15': 0.1334, 'ndcg@15': 0.0605, 'hit@20': 0.1602, 'ndcg@20': 0.0668, 'hit@40': 0.2482, 'ndcg@40': 0.0847} 
2024-10-09 18:24:48.201 | INFO     | trainer_1:_train_one_epoch:209 - test 32 cost time 9.68s, result: {'hit@1': 0.0111, 'ndcg@1': 0.0111, 'hit@5': 0.0401, 'ndcg@5': 0.0255, 'hit@10': 0.0656, 'ndcg@10': 0.0336, 'hit@15': 0.0885, 'ndcg@15': 0.0397, 'hit@20': 0.1081, 'ndcg@20': 0.0443, 'hit@40': 0.1762, 'ndcg@40': 0.0581} 
2024-10-09 18:24:59.062 | INFO     | trainer_1:_train_one_epoch:193 - epoch 33 10.86s Train loss is [0.3538] 
2024-10-09 18:25:09.026 | INFO     | trainer_1:_train_one_epoch:201 - validate 33 cost time 9.96s, result: {'hit@1': 0.0166, 'ndcg@1': 0.0166, 'hit@5': 0.0611, 'ndcg@5': 0.039, 'hit@10': 0.1001, 'ndcg@10': 0.0516, 'hit@15': 0.1307, 'ndcg@15': 0.0597, 'hit@20': 0.1565, 'ndcg@20': 0.0657, 'hit@40': 0.2418, 'ndcg@40': 0.0831} 
2024-10-09 18:25:18.697 | INFO     | trainer_1:_train_one_epoch:209 - test 33 cost time 9.67s, result: {'hit@1': 0.0117, 'ndcg@1': 0.0117, 'hit@5': 0.0392, 'ndcg@5': 0.0253, 'hit@10': 0.0662, 'ndcg@10': 0.034, 'hit@15': 0.0871, 'ndcg@15': 0.0395, 'hit@20': 0.1075, 'ndcg@20': 0.0443, 'hit@40': 0.1727, 'ndcg@40': 0.0576} 
2024-10-09 18:25:40.160 | INFO     | trainer_1:_train_one_epoch:193 - epoch 34 10.96s Train loss is [0.3445] 
2024-10-09 18:25:50.132 | INFO     | trainer_1:_train_one_epoch:201 - validate 34 cost time 9.97s, result: {'hit@1': 0.0157, 'ndcg@1': 0.0157, 'hit@5': 0.0605, 'ndcg@5': 0.038, 'hit@10': 0.0991, 'ndcg@10': 0.0503, 'hit@15': 0.1316, 'ndcg@15': 0.0589, 'hit@20': 0.1567, 'ndcg@20': 0.0648, 'hit@40': 0.2458, 'ndcg@40': 0.083} 
2024-10-09 18:25:59.818 | INFO     | trainer_1:_train_one_epoch:209 - test 34 cost time 9.69s, result: {'hit@1': 0.0111, 'ndcg@1': 0.0111, 'hit@5': 0.0402, 'ndcg@5': 0.0256, 'hit@10': 0.0669, 'ndcg@10': 0.0342, 'hit@15': 0.0882, 'ndcg@15': 0.0398, 'hit@20': 0.1084, 'ndcg@20': 0.0446, 'hit@40': 0.1737, 'ndcg@40': 0.0578} 
2024-10-09 18:26:21.723 | INFO     | trainer_1:_train_one_epoch:193 - epoch 35 11.28s Train loss is [0.3500] 
2024-10-09 18:26:31.682 | INFO     | trainer_1:_train_one_epoch:201 - validate 35 cost time 9.96s, result: {'hit@1': 0.0163, 'ndcg@1': 0.0163, 'hit@5': 0.0604, 'ndcg@5': 0.0384, 'hit@10': 0.1007, 'ndcg@10': 0.0513, 'hit@15': 0.1313, 'ndcg@15': 0.0594, 'hit@20': 0.1566, 'ndcg@20': 0.0653, 'hit@40': 0.2415, 'ndcg@40': 0.0826} 
2024-10-09 18:26:41.353 | INFO     | trainer_1:_train_one_epoch:209 - test 35 cost time 9.67s, result: {'hit@1': 0.0119, 'ndcg@1': 0.0119, 'hit@5': 0.0408, 'ndcg@5': 0.0263, 'hit@10': 0.0667, 'ndcg@10': 0.0346, 'hit@15': 0.0882, 'ndcg@15': 0.0403, 'hit@20': 0.1067, 'ndcg@20': 0.0447, 'hit@40': 0.1707, 'ndcg@40': 0.0576} 
2024-10-09 18:26:52.293 | INFO     | trainer_1:_train_one_epoch:193 - epoch 36 10.94s Train loss is [0.3518] 
2024-10-09 18:27:02.297 | INFO     | trainer_1:_train_one_epoch:201 - validate 36 cost time 10.00s, result: {'hit@1': 0.0157, 'ndcg@1': 0.0157, 'hit@5': 0.0602, 'ndcg@5': 0.0377, 'hit@10': 0.1005, 'ndcg@10': 0.0507, 'hit@15': 0.1334, 'ndcg@15': 0.0593, 'hit@20': 0.1619, 'ndcg@20': 0.0661, 'hit@40': 0.254, 'ndcg@40': 0.0848} 
2024-10-09 18:27:11.979 | INFO     | trainer_1:_train_one_epoch:209 - test 36 cost time 9.68s, result: {'hit@1': 0.0109, 'ndcg@1': 0.0109, 'hit@5': 0.0397, 'ndcg@5': 0.0254, 'hit@10': 0.0676, 'ndcg@10': 0.0343, 'hit@15': 0.0902, 'ndcg@15': 0.0403, 'hit@20': 0.1089, 'ndcg@20': 0.0447, 'hit@40': 0.177, 'ndcg@40': 0.0585} 
2024-10-09 18:27:33.599 | INFO     | trainer_1:_train_one_epoch:193 - epoch 37 10.91s Train loss is [0.3541] 
2024-10-09 18:27:43.554 | INFO     | trainer_1:_train_one_epoch:201 - validate 37 cost time 9.95s, result: {'hit@1': 0.0158, 'ndcg@1': 0.0158, 'hit@5': 0.0597, 'ndcg@5': 0.0379, 'hit@10': 0.0992, 'ndcg@10': 0.0506, 'hit@15': 0.134, 'ndcg@15': 0.0598, 'hit@20': 0.1635, 'ndcg@20': 0.0667, 'hit@40': 0.2534, 'ndcg@40': 0.085} 
2024-10-09 18:27:53.230 | INFO     | trainer_1:_train_one_epoch:209 - test 37 cost time 9.68s, result: {'hit@1': 0.0113, 'ndcg@1': 0.0113, 'hit@5': 0.0408, 'ndcg@5': 0.0257, 'hit@10': 0.0691, 'ndcg@10': 0.0348, 'hit@15': 0.0906, 'ndcg@15': 0.0405, 'hit@20': 0.11, 'ndcg@20': 0.045, 'hit@40': 0.1783, 'ndcg@40': 0.0589} 
2024-10-09 18:28:14.830 | INFO     | trainer_1:_train_one_epoch:193 - epoch 38 10.98s Train loss is [0.3467] 
2024-10-09 18:28:24.801 | INFO     | trainer_1:_train_one_epoch:201 - validate 38 cost time 9.97s, result: {'hit@1': 0.0157, 'ndcg@1': 0.0157, 'hit@5': 0.0613, 'ndcg@5': 0.0388, 'hit@10': 0.1015, 'ndcg@10': 0.0517, 'hit@15': 0.1328, 'ndcg@15': 0.06, 'hit@20': 0.161, 'ndcg@20': 0.0666, 'hit@40': 0.2506, 'ndcg@40': 0.0849} 
2024-10-09 18:28:34.468 | INFO     | trainer_1:_train_one_epoch:209 - test 38 cost time 9.67s, result: {'hit@1': 0.0111, 'ndcg@1': 0.0111, 'hit@5': 0.0396, 'ndcg@5': 0.0252, 'hit@10': 0.067, 'ndcg@10': 0.034, 'hit@15': 0.09, 'ndcg@15': 0.0401, 'hit@20': 0.1084, 'ndcg@20': 0.0445, 'hit@40': 0.1746, 'ndcg@40': 0.058} 
2024-10-09 18:28:45.288 | INFO     | trainer_1:_train_one_epoch:193 - epoch 39 10.82s Train loss is [0.3539] 
2024-10-09 18:28:55.257 | INFO     | trainer_1:_train_one_epoch:201 - validate 39 cost time 9.97s, result: {'hit@1': 0.0165, 'ndcg@1': 0.0165, 'hit@5': 0.064, 'ndcg@5': 0.0402, 'hit@10': 0.1049, 'ndcg@10': 0.0533, 'hit@15': 0.1373, 'ndcg@15': 0.0618, 'hit@20': 0.1667, 'ndcg@20': 0.0688, 'hit@40': 0.2603, 'ndcg@40': 0.0878} 
2024-10-09 18:29:04.943 | INFO     | trainer_1:_train_one_epoch:209 - test 39 cost time 9.68s, result: {'hit@1': 0.0104, 'ndcg@1': 0.0104, 'hit@5': 0.0404, 'ndcg@5': 0.0254, 'hit@10': 0.0678, 'ndcg@10': 0.0341, 'hit@15': 0.0914, 'ndcg@15': 0.0403, 'hit@20': 0.1116, 'ndcg@20': 0.0451, 'hit@40': 0.1807, 'ndcg@40': 0.0591} 
2024-10-09 18:29:15.790 | INFO     | trainer_1:_train_one_epoch:193 - epoch 40 10.85s Train loss is [0.3487] 
2024-10-09 18:29:25.747 | INFO     | trainer_1:_train_one_epoch:201 - validate 40 cost time 9.96s, result: {'hit@1': 0.0155, 'ndcg@1': 0.0155, 'hit@5': 0.0628, 'ndcg@5': 0.0391, 'hit@10': 0.1011, 'ndcg@10': 0.0513, 'hit@15': 0.136, 'ndcg@15': 0.0605, 'hit@20': 0.1656, 'ndcg@20': 0.0675, 'hit@40': 0.2562, 'ndcg@40': 0.086} 
2024-10-09 18:29:35.418 | INFO     | trainer_1:_train_one_epoch:209 - test 40 cost time 9.67s, result: {'hit@1': 0.0112, 'ndcg@1': 0.0112, 'hit@5': 0.04, 'ndcg@5': 0.0255, 'hit@10': 0.0676, 'ndcg@10': 0.0344, 'hit@15': 0.0903, 'ndcg@15': 0.0404, 'hit@20': 0.1104, 'ndcg@20': 0.0451, 'hit@40': 0.1804, 'ndcg@40': 0.0593} 
2024-10-09 18:29:46.318 | INFO     | trainer_1:_train_one_epoch:193 - epoch 41 10.90s Train loss is [0.3459] 
2024-10-09 18:29:56.300 | INFO     | trainer_1:_train_one_epoch:201 - validate 41 cost time 9.98s, result: {'hit@1': 0.0153, 'ndcg@1': 0.0153, 'hit@5': 0.0625, 'ndcg@5': 0.039, 'hit@10': 0.1019, 'ndcg@10': 0.0516, 'hit@15': 0.1364, 'ndcg@15': 0.0607, 'hit@20': 0.1656, 'ndcg@20': 0.0676, 'hit@40': 0.2616, 'ndcg@40': 0.0871} 
2024-10-09 18:30:05.994 | INFO     | trainer_1:_train_one_epoch:209 - test 41 cost time 9.69s, result: {'hit@1': 0.0112, 'ndcg@1': 0.0112, 'hit@5': 0.0401, 'ndcg@5': 0.0255, 'hit@10': 0.0686, 'ndcg@10': 0.0346, 'hit@15': 0.0915, 'ndcg@15': 0.0406, 'hit@20': 0.1128, 'ndcg@20': 0.0457, 'hit@40': 0.1812, 'ndcg@40': 0.0596} 
2024-10-09 18:30:16.832 | INFO     | trainer_1:_train_one_epoch:193 - epoch 42 10.84s Train loss is [0.3396] 
2024-10-09 18:30:26.806 | INFO     | trainer_1:_train_one_epoch:201 - validate 42 cost time 9.97s, result: {'hit@1': 0.0151, 'ndcg@1': 0.0151, 'hit@5': 0.0592, 'ndcg@5': 0.0372, 'hit@10': 0.0971, 'ndcg@10': 0.0494, 'hit@15': 0.1292, 'ndcg@15': 0.0579, 'hit@20': 0.1569, 'ndcg@20': 0.0644, 'hit@40': 0.2486, 'ndcg@40': 0.0831} 
2024-10-09 18:30:36.490 | INFO     | trainer_1:_train_one_epoch:209 - test 42 cost time 9.68s, result: {'hit@1': 0.0106, 'ndcg@1': 0.0106, 'hit@5': 0.0382, 'ndcg@5': 0.0244, 'hit@10': 0.0646, 'ndcg@10': 0.0328, 'hit@15': 0.0857, 'ndcg@15': 0.0384, 'hit@20': 0.1071, 'ndcg@20': 0.0434, 'hit@40': 0.1721, 'ndcg@40': 0.0566} 
2024-10-09 18:30:47.199 | INFO     | trainer_1:_train_one_epoch:193 - epoch 43 10.71s Train loss is [0.3455] 
2024-10-09 18:30:57.175 | INFO     | trainer_1:_train_one_epoch:201 - validate 43 cost time 9.98s, result: {'hit@1': 0.0142, 'ndcg@1': 0.0142, 'hit@5': 0.0597, 'ndcg@5': 0.0371, 'hit@10': 0.1005, 'ndcg@10': 0.0502, 'hit@15': 0.1327, 'ndcg@15': 0.0587, 'hit@20': 0.1646, 'ndcg@20': 0.0662, 'hit@40': 0.2618, 'ndcg@40': 0.086} 
2024-10-09 18:31:06.867 | INFO     | trainer_1:_train_one_epoch:209 - test 43 cost time 9.69s, result: {'hit@1': 0.0106, 'ndcg@1': 0.0106, 'hit@5': 0.0385, 'ndcg@5': 0.0246, 'hit@10': 0.0662, 'ndcg@10': 0.0335, 'hit@15': 0.0887, 'ndcg@15': 0.0394, 'hit@20': 0.1106, 'ndcg@20': 0.0446, 'hit@40': 0.1793, 'ndcg@40': 0.0586} 
2024-10-09 18:31:17.811 | INFO     | trainer_1:_train_one_epoch:193 - epoch 44 10.94s Train loss is [0.3399] 
2024-10-09 18:31:27.792 | INFO     | trainer_1:_train_one_epoch:201 - validate 44 cost time 9.98s, result: {'hit@1': 0.0162, 'ndcg@1': 0.0162, 'hit@5': 0.0629, 'ndcg@5': 0.0395, 'hit@10': 0.1056, 'ndcg@10': 0.0532, 'hit@15': 0.1438, 'ndcg@15': 0.0633, 'hit@20': 0.1756, 'ndcg@20': 0.0708, 'hit@40': 0.2693, 'ndcg@40': 0.0898} 
2024-10-09 18:31:37.477 | INFO     | trainer_1:_train_one_epoch:209 - test 44 cost time 9.68s, result: {'hit@1': 0.0122, 'ndcg@1': 0.0122, 'hit@5': 0.0429, 'ndcg@5': 0.0274, 'hit@10': 0.0715, 'ndcg@10': 0.0366, 'hit@15': 0.0953, 'ndcg@15': 0.0429, 'hit@20': 0.1166, 'ndcg@20': 0.0479, 'hit@40': 0.1882, 'ndcg@40': 0.0625} 
2024-10-09 18:31:58.958 | INFO     | trainer_1:_train_one_epoch:193 - epoch 45 10.88s Train loss is [0.3403] 
2024-10-09 18:32:08.936 | INFO     | trainer_1:_train_one_epoch:201 - validate 45 cost time 9.98s, result: {'hit@1': 0.0172, 'ndcg@1': 0.0172, 'hit@5': 0.0635, 'ndcg@5': 0.0404, 'hit@10': 0.1022, 'ndcg@10': 0.0528, 'hit@15': 0.1337, 'ndcg@15': 0.0611, 'hit@20': 0.1632, 'ndcg@20': 0.0681, 'hit@40': 0.257, 'ndcg@40': 0.0872} 
2024-10-09 18:32:18.536 | INFO     | trainer_1:_train_one_epoch:209 - test 45 cost time 9.60s, result: {'hit@1': 0.0117, 'ndcg@1': 0.0117, 'hit@5': 0.0398, 'ndcg@5': 0.0259, 'hit@10': 0.0669, 'ndcg@10': 0.0345, 'hit@15': 0.0882, 'ndcg@15': 0.0401, 'hit@20': 0.1093, 'ndcg@20': 0.0451, 'hit@40': 0.1779, 'ndcg@40': 0.0591} 
2024-10-09 18:32:29.637 | INFO     | trainer_1:_train_one_epoch:193 - epoch 46 11.10s Train loss is [0.3423] 
2024-10-09 18:32:36.691 | INFO     | trainer_1:_train_one_epoch:201 - validate 46 cost time 7.05s, result: {'hit@1': 0.016, 'ndcg@1': 0.016, 'hit@5': 0.0624, 'ndcg@5': 0.0391, 'hit@10': 0.1021, 'ndcg@10': 0.0519, 'hit@15': 0.1373, 'ndcg@15': 0.0612, 'hit@20': 0.1675, 'ndcg@20': 0.0683, 'hit@40': 0.2626, 'ndcg@40': 0.0877} 
2024-10-09 18:32:43.999 | INFO     | trainer_1:_train_one_epoch:209 - test 46 cost time 7.31s, result: {'hit@1': 0.0114, 'ndcg@1': 0.0114, 'hit@5': 0.0408, 'ndcg@5': 0.0259, 'hit@10': 0.0685, 'ndcg@10': 0.0348, 'hit@15': 0.0901, 'ndcg@15': 0.0405, 'hit@20': 0.1116, 'ndcg@20': 0.0456, 'hit@40': 0.1799, 'ndcg@40': 0.0595} 
2024-10-09 18:32:54.789 | INFO     | trainer_1:_train_one_epoch:193 - epoch 47 10.79s Train loss is [0.3366] 
2024-10-09 18:33:02.481 | INFO     | trainer_1:_train_one_epoch:201 - validate 47 cost time 7.69s, result: {'hit@1': 0.0165, 'ndcg@1': 0.0165, 'hit@5': 0.0621, 'ndcg@5': 0.0393, 'hit@10': 0.1054, 'ndcg@10': 0.0532, 'hit@15': 0.1387, 'ndcg@15': 0.062, 'hit@20': 0.1686, 'ndcg@20': 0.069, 'hit@40': 0.2617, 'ndcg@40': 0.088} 
2024-10-09 18:33:07.718 | INFO     | trainer_1:_train_one_epoch:209 - test 47 cost time 5.24s, result: {'hit@1': 0.0121, 'ndcg@1': 0.0121, 'hit@5': 0.041, 'ndcg@5': 0.0265, 'hit@10': 0.0696, 'ndcg@10': 0.0356, 'hit@15': 0.0928, 'ndcg@15': 0.0418, 'hit@20': 0.1135, 'ndcg@20': 0.0466, 'hit@40': 0.1849, 'ndcg@40': 0.0612} 
2024-10-09 18:33:19.100 | INFO     | trainer_1:_train_one_epoch:193 - epoch 48 11.38s Train loss is [0.3363] 
2024-10-09 18:33:26.072 | INFO     | trainer_1:_train_one_epoch:201 - validate 48 cost time 6.97s, result: {'hit@1': 0.0165, 'ndcg@1': 0.0165, 'hit@5': 0.0608, 'ndcg@5': 0.0388, 'hit@10': 0.1021, 'ndcg@10': 0.0521, 'hit@15': 0.1336, 'ndcg@15': 0.0604, 'hit@20': 0.1669, 'ndcg@20': 0.0682, 'hit@40': 0.2591, 'ndcg@40': 0.087} 
2024-10-09 18:33:33.576 | INFO     | trainer_1:_train_one_epoch:209 - test 48 cost time 7.50s, result: {'hit@1': 0.0113, 'ndcg@1': 0.0113, 'hit@5': 0.0406, 'ndcg@5': 0.0258, 'hit@10': 0.0677, 'ndcg@10': 0.0345, 'hit@15': 0.0913, 'ndcg@15': 0.0407, 'hit@20': 0.1131, 'ndcg@20': 0.0458, 'hit@40': 0.1836, 'ndcg@40': 0.0601} 
2024-10-09 18:33:44.318 | INFO     | trainer_1:_train_one_epoch:193 - epoch 49 10.74s Train loss is [0.3379] 
2024-10-09 18:33:51.776 | INFO     | trainer_1:_train_one_epoch:201 - validate 49 cost time 7.46s, result: {'hit@1': 0.0175, 'ndcg@1': 0.0175, 'hit@5': 0.062, 'ndcg@5': 0.0397, 'hit@10': 0.1039, 'ndcg@10': 0.0531, 'hit@15': 0.1381, 'ndcg@15': 0.0622, 'hit@20': 0.1683, 'ndcg@20': 0.0693, 'hit@40': 0.2657, 'ndcg@40': 0.0891} 
2024-10-09 18:33:56.641 | INFO     | trainer_1:_train_one_epoch:209 - test 49 cost time 4.86s, result: {'hit@1': 0.0118, 'ndcg@1': 0.0118, 'hit@5': 0.0437, 'ndcg@5': 0.0275, 'hit@10': 0.069, 'ndcg@10': 0.0356, 'hit@15': 0.0918, 'ndcg@15': 0.0416, 'hit@20': 0.1145, 'ndcg@20': 0.047, 'hit@40': 0.1853, 'ndcg@40': 0.0614} 
2024-10-09 18:33:56.652 | INFO     | trainer_1:train_model:163 - training end, best iteration 44, results: {'hit@1': 0.0162, 'ndcg@1': 0.0162, 'hit@5': 0.0629, 'ndcg@5': 0.0395, 'hit@10': 0.1056, 'ndcg@10': 0.0532, 'hit@15': 0.1438, 'ndcg@15': 0.0633, 'hit@20': 0.1756, 'ndcg@20': 0.0708, 'hit@40': 0.2693, 'ndcg@40': 0.0898}
2024-10-09 18:33:56.652 | INFO     | trainer_1:train_model:166 - final test result is:  {'hit@1': 0.0122, 'ndcg@1': 0.0122, 'hit@5': 0.0429, 'ndcg@5': 0.0274, 'hit@10': 0.0715, 'ndcg@10': 0.0366, 'hit@15': 0.0953, 'ndcg@15': 0.0429, 'hit@20': 0.1166, 'ndcg@20': 0.0479, 'hit@40': 0.1882, 'ndcg@40': 0.0625}
2024-10-09 18:33:56.987 | INFO     | __main__:<module>:119 - train end total cost time: 1930.606770515442
