2024-10-09 23:54:14.219 | INFO     | __main__:<module>:105 - Namespace(TIME='2024-10-09 23_53_42', batch_size=1024, behaviors=['view', 'cart', 'buy'], check_point='model_pre_1_2024-10-08 12_13_12.pth', data_name='beibei', data_path='./data/beibei', decay=0.001, device='cuda:1', dim_qk=32, dim_v=64, distill_layers=2, distill_thres=0.5, distill_topK=60, distill_userK=8, embedding_size=64, epochs=100, gpu_no=1, if_load_model=True, ii_lambda=200, initializer_range=0.02, layers=2, loss_type='bpr', lr=0.001, message_dropout=0.25, metrics=['hit', 'ndcg'], min_epoch=5, model_name='main_1', model_path='./check_point', node_dropout=0.75, omega=1, pt_loop=50, reg_weight=0.001, test_batch_size=1024, testbatch=1024, topk=[1, 5, 10, 15, 20, 40], uu_lambda=100)
2024-10-09 23:54:14.219 | INFO     | __main__:<module>:106 - BIPN(
  (message_dropout): Dropout(p=0.25, inplace=False)
  (user_embedding): Embedding(21717, 64, padding_idx=0)
  (item_embedding): Embedding(7978, 64, padding_idx=0)
  (global_Graph): LightGCN()
  (Graph_encoder): ModuleDict(
    (view): GraphEncoder(
      (light): LightGCN()
      (dropout): Dropout(p=0.75, inplace=False)
    )
    (cart): GraphEncoder(
      (light): LightGCN()
      (dropout): Dropout(p=0.75, inplace=False)
    )
    (buy): GraphEncoder(
      (light): LightGCN()
      (dropout): Dropout(p=0.75, inplace=False)
    )
  )
  (attention): Mutual_Attention()
  (bpr_loss): BPRLoss()
  (emb_loss): EmbLoss()
  (f): Sigmoid()
)
2024-10-10 00:36:56.932 | INFO     | trainer_1:_train_one_epoch:193 - epoch 1 8.19s Train loss is [0.9166] 
2024-10-10 00:37:05.890 | INFO     | trainer_1:_train_one_epoch:201 - validate 1 cost time 8.96s, result: {'hit@1': 0.0078, 'ndcg@1': 0.0078, 'hit@5': 0.0299, 'ndcg@5': 0.0187, 'hit@10': 0.0505, 'ndcg@10': 0.0253, 'hit@15': 0.0695, 'ndcg@15': 0.0303, 'hit@20': 0.0861, 'ndcg@20': 0.0342, 'hit@40': 0.1467, 'ndcg@40': 0.0465} 
2024-10-10 00:37:13.702 | INFO     | trainer_1:_train_one_epoch:209 - test 1 cost time 7.81s, result: {'hit@1': 0.004, 'ndcg@1': 0.004, 'hit@5': 0.0192, 'ndcg@5': 0.0115, 'hit@10': 0.0357, 'ndcg@10': 0.0168, 'hit@15': 0.0494, 'ndcg@15': 0.0204, 'hit@20': 0.0619, 'ndcg@20': 0.0233, 'hit@40': 0.1068, 'ndcg@40': 0.0325} 
2024-10-10 00:37:32.885 | INFO     | trainer_1:_train_one_epoch:193 - epoch 2 8.71s Train loss is [0.6937] 
2024-10-10 00:37:41.652 | INFO     | trainer_1:_train_one_epoch:201 - validate 2 cost time 8.77s, result: {'hit@1': 0.0081, 'ndcg@1': 0.0081, 'hit@5': 0.0327, 'ndcg@5': 0.0202, 'hit@10': 0.058, 'ndcg@10': 0.0283, 'hit@15': 0.0779, 'ndcg@15': 0.0336, 'hit@20': 0.0959, 'ndcg@20': 0.0378, 'hit@40': 0.1607, 'ndcg@40': 0.051} 
2024-10-10 00:37:50.489 | INFO     | trainer_1:_train_one_epoch:209 - test 2 cost time 8.84s, result: {'hit@1': 0.0044, 'ndcg@1': 0.0044, 'hit@5': 0.0198, 'ndcg@5': 0.0119, 'hit@10': 0.0357, 'ndcg@10': 0.0171, 'hit@15': 0.0514, 'ndcg@15': 0.0212, 'hit@20': 0.0667, 'ndcg@20': 0.0248, 'hit@40': 0.1137, 'ndcg@40': 0.0343} 
2024-10-10 00:37:58.883 | INFO     | trainer_1:_train_one_epoch:193 - epoch 3 8.39s Train loss is [0.6179] 
2024-10-10 00:38:04.842 | INFO     | trainer_1:_train_one_epoch:201 - validate 3 cost time 5.96s, result: {'hit@1': 0.009, 'ndcg@1': 0.009, 'hit@5': 0.0366, 'ndcg@5': 0.0227, 'hit@10': 0.0644, 'ndcg@10': 0.0316, 'hit@15': 0.0894, 'ndcg@15': 0.0383, 'hit@20': 0.1129, 'ndcg@20': 0.0438, 'hit@40': 0.187, 'ndcg@40': 0.0589} 
2024-10-10 00:38:09.874 | INFO     | trainer_1:_train_one_epoch:209 - test 3 cost time 5.03s, result: {'hit@1': 0.0055, 'ndcg@1': 0.0055, 'hit@5': 0.023, 'ndcg@5': 0.0141, 'hit@10': 0.0433, 'ndcg@10': 0.0205, 'hit@15': 0.061, 'ndcg@15': 0.0252, 'hit@20': 0.0766, 'ndcg@20': 0.0289, 'hit@40': 0.134, 'ndcg@40': 0.0405} 
2024-10-10 00:38:29.141 | INFO     | trainer_1:_train_one_epoch:193 - epoch 4 8.34s Train loss is [0.5855] 
2024-10-10 00:38:38.077 | INFO     | trainer_1:_train_one_epoch:201 - validate 4 cost time 8.94s, result: {'hit@1': 0.0106, 'ndcg@1': 0.0106, 'hit@5': 0.0422, 'ndcg@5': 0.0263, 'hit@10': 0.0714, 'ndcg@10': 0.0356, 'hit@15': 0.0963, 'ndcg@15': 0.0422, 'hit@20': 0.1187, 'ndcg@20': 0.0475, 'hit@40': 0.1875, 'ndcg@40': 0.0615} 
2024-10-10 00:38:46.997 | INFO     | trainer_1:_train_one_epoch:209 - test 4 cost time 8.92s, result: {'hit@1': 0.006, 'ndcg@1': 0.006, 'hit@5': 0.0226, 'ndcg@5': 0.0143, 'hit@10': 0.0419, 'ndcg@10': 0.0205, 'hit@15': 0.0597, 'ndcg@15': 0.0252, 'hit@20': 0.0752, 'ndcg@20': 0.0288, 'hit@40': 0.1266, 'ndcg@40': 0.0393} 
2024-10-10 00:38:54.721 | INFO     | trainer_1:_train_one_epoch:193 - epoch 5 7.72s Train loss is [0.5497] 
2024-10-10 00:39:00.676 | INFO     | trainer_1:_train_one_epoch:201 - validate 5 cost time 5.95s, result: {'hit@1': 0.0123, 'ndcg@1': 0.0123, 'hit@5': 0.043, 'ndcg@5': 0.0275, 'hit@10': 0.073, 'ndcg@10': 0.0372, 'hit@15': 0.0993, 'ndcg@15': 0.0441, 'hit@20': 0.123, 'ndcg@20': 0.0497, 'hit@40': 0.1952, 'ndcg@40': 0.0644} 
2024-10-10 00:39:06.921 | INFO     | trainer_1:_train_one_epoch:209 - test 5 cost time 6.24s, result: {'hit@1': 0.007, 'ndcg@1': 0.007, 'hit@5': 0.0248, 'ndcg@5': 0.0157, 'hit@10': 0.0443, 'ndcg@10': 0.022, 'hit@15': 0.0623, 'ndcg@15': 0.0267, 'hit@20': 0.0769, 'ndcg@20': 0.0302, 'hit@40': 0.1319, 'ndcg@40': 0.0414} 
2024-10-10 00:39:25.810 | INFO     | trainer_1:_train_one_epoch:193 - epoch 6 7.98s Train loss is [0.5344] 
2024-10-10 00:39:32.516 | INFO     | trainer_1:_train_one_epoch:201 - validate 6 cost time 6.71s, result: {'hit@1': 0.0129, 'ndcg@1': 0.0129, 'hit@5': 0.0442, 'ndcg@5': 0.0283, 'hit@10': 0.074, 'ndcg@10': 0.0379, 'hit@15': 0.1007, 'ndcg@15': 0.0449, 'hit@20': 0.1254, 'ndcg@20': 0.0508, 'hit@40': 0.1999, 'ndcg@40': 0.0659} 
2024-10-10 00:39:37.445 | INFO     | trainer_1:_train_one_epoch:209 - test 6 cost time 4.93s, result: {'hit@1': 0.0066, 'ndcg@1': 0.0066, 'hit@5': 0.0285, 'ndcg@5': 0.0175, 'hit@10': 0.0472, 'ndcg@10': 0.0235, 'hit@15': 0.0655, 'ndcg@15': 0.0283, 'hit@20': 0.0834, 'ndcg@20': 0.0325, 'hit@40': 0.1382, 'ndcg@40': 0.0437} 
2024-10-10 00:39:56.467 | INFO     | trainer_1:_train_one_epoch:193 - epoch 7 8.27s Train loss is [0.5023] 
2024-10-10 00:40:05.398 | INFO     | trainer_1:_train_one_epoch:201 - validate 7 cost time 8.93s, result: {'hit@1': 0.0117, 'ndcg@1': 0.0117, 'hit@5': 0.0406, 'ndcg@5': 0.026, 'hit@10': 0.0704, 'ndcg@10': 0.0356, 'hit@15': 0.0966, 'ndcg@15': 0.0425, 'hit@20': 0.1196, 'ndcg@20': 0.0479, 'hit@40': 0.1974, 'ndcg@40': 0.0637} 
2024-10-10 00:40:14.305 | INFO     | trainer_1:_train_one_epoch:209 - test 7 cost time 8.91s, result: {'hit@1': 0.006, 'ndcg@1': 0.006, 'hit@5': 0.0243, 'ndcg@5': 0.015, 'hit@10': 0.0459, 'ndcg@10': 0.0219, 'hit@15': 0.0626, 'ndcg@15': 0.0263, 'hit@20': 0.079, 'ndcg@20': 0.0301, 'hit@40': 0.1381, 'ndcg@40': 0.0422} 
2024-10-10 00:40:22.028 | INFO     | trainer_1:_train_one_epoch:193 - epoch 8 7.72s Train loss is [0.5015] 
2024-10-10 00:40:27.543 | INFO     | trainer_1:_train_one_epoch:201 - validate 8 cost time 5.51s, result: {'hit@1': 0.0126, 'ndcg@1': 0.0126, 'hit@5': 0.0421, 'ndcg@5': 0.0272, 'hit@10': 0.0739, 'ndcg@10': 0.0374, 'hit@15': 0.1002, 'ndcg@15': 0.0443, 'hit@20': 0.1239, 'ndcg@20': 0.0499, 'hit@40': 0.1992, 'ndcg@40': 0.0652} 
2024-10-10 00:40:33.764 | INFO     | trainer_1:_train_one_epoch:209 - test 8 cost time 6.22s, result: {'hit@1': 0.0076, 'ndcg@1': 0.0076, 'hit@5': 0.0254, 'ndcg@5': 0.0164, 'hit@10': 0.0452, 'ndcg@10': 0.0227, 'hit@15': 0.0641, 'ndcg@15': 0.0277, 'hit@20': 0.0814, 'ndcg@20': 0.0318, 'hit@40': 0.1417, 'ndcg@40': 0.0441} 
2024-10-10 00:40:42.161 | INFO     | trainer_1:_train_one_epoch:193 - epoch 9 8.40s Train loss is [0.4764] 
2024-10-10 00:40:51.159 | INFO     | trainer_1:_train_one_epoch:201 - validate 9 cost time 9.00s, result: {'hit@1': 0.0106, 'ndcg@1': 0.0106, 'hit@5': 0.0433, 'ndcg@5': 0.027, 'hit@10': 0.0744, 'ndcg@10': 0.0369, 'hit@15': 0.1004, 'ndcg@15': 0.0438, 'hit@20': 0.1237, 'ndcg@20': 0.0493, 'hit@40': 0.2024, 'ndcg@40': 0.0653} 
2024-10-10 00:40:59.910 | INFO     | trainer_1:_train_one_epoch:209 - test 9 cost time 8.75s, result: {'hit@1': 0.007, 'ndcg@1': 0.007, 'hit@5': 0.0261, 'ndcg@5': 0.0164, 'hit@10': 0.0455, 'ndcg@10': 0.0227, 'hit@15': 0.063, 'ndcg@15': 0.0273, 'hit@20': 0.0811, 'ndcg@20': 0.0316, 'hit@40': 0.1392, 'ndcg@40': 0.0434} 
2024-10-10 00:41:08.045 | INFO     | trainer_1:_train_one_epoch:193 - epoch 10 8.13s Train loss is [0.4666] 
2024-10-10 00:41:14.459 | INFO     | trainer_1:_train_one_epoch:201 - validate 10 cost time 6.41s, result: {'hit@1': 0.0113, 'ndcg@1': 0.0113, 'hit@5': 0.0438, 'ndcg@5': 0.0275, 'hit@10': 0.0764, 'ndcg@10': 0.038, 'hit@15': 0.103, 'ndcg@15': 0.045, 'hit@20': 0.1286, 'ndcg@20': 0.051, 'hit@40': 0.2071, 'ndcg@40': 0.067} 
2024-10-10 00:41:22.484 | INFO     | trainer_1:_train_one_epoch:209 - test 10 cost time 8.02s, result: {'hit@1': 0.0065, 'ndcg@1': 0.0065, 'hit@5': 0.0269, 'ndcg@5': 0.0167, 'hit@10': 0.0474, 'ndcg@10': 0.0232, 'hit@15': 0.0659, 'ndcg@15': 0.0281, 'hit@20': 0.0844, 'ndcg@20': 0.0324, 'hit@40': 0.1419, 'ndcg@40': 0.0441} 
2024-10-10 00:41:41.248 | INFO     | trainer_1:_train_one_epoch:193 - epoch 11 7.94s Train loss is [0.4513] 
2024-10-10 00:41:46.259 | INFO     | trainer_1:_train_one_epoch:201 - validate 11 cost time 5.01s, result: {'hit@1': 0.0102, 'ndcg@1': 0.0102, 'hit@5': 0.0403, 'ndcg@5': 0.0254, 'hit@10': 0.0716, 'ndcg@10': 0.0354, 'hit@15': 0.0991, 'ndcg@15': 0.0427, 'hit@20': 0.1241, 'ndcg@20': 0.0486, 'hit@40': 0.2019, 'ndcg@40': 0.0644} 
2024-10-10 00:41:52.426 | INFO     | trainer_1:_train_one_epoch:209 - test 11 cost time 6.17s, result: {'hit@1': 0.0059, 'ndcg@1': 0.0059, 'hit@5': 0.0249, 'ndcg@5': 0.0153, 'hit@10': 0.0463, 'ndcg@10': 0.0222, 'hit@15': 0.0644, 'ndcg@15': 0.027, 'hit@20': 0.0806, 'ndcg@20': 0.0308, 'hit@40': 0.1379, 'ndcg@40': 0.0424} 
2024-10-10 00:42:00.854 | INFO     | trainer_1:_train_one_epoch:193 - epoch 12 8.43s Train loss is [0.4591] 
2024-10-10 00:42:09.892 | INFO     | trainer_1:_train_one_epoch:201 - validate 12 cost time 9.04s, result: {'hit@1': 0.0114, 'ndcg@1': 0.0114, 'hit@5': 0.0415, 'ndcg@5': 0.0263, 'hit@10': 0.0727, 'ndcg@10': 0.0363, 'hit@15': 0.0996, 'ndcg@15': 0.0434, 'hit@20': 0.1236, 'ndcg@20': 0.0491, 'hit@40': 0.1984, 'ndcg@40': 0.0643} 
2024-10-10 00:42:18.662 | INFO     | trainer_1:_train_one_epoch:209 - test 12 cost time 8.77s, result: {'hit@1': 0.0064, 'ndcg@1': 0.0064, 'hit@5': 0.026, 'ndcg@5': 0.0161, 'hit@10': 0.0458, 'ndcg@10': 0.0225, 'hit@15': 0.0629, 'ndcg@15': 0.027, 'hit@20': 0.079, 'ndcg@20': 0.0308, 'hit@40': 0.1388, 'ndcg@40': 0.043} 
2024-10-10 00:42:26.474 | INFO     | trainer_1:_train_one_epoch:193 - epoch 13 7.81s Train loss is [0.4544] 
2024-10-10 00:42:32.896 | INFO     | trainer_1:_train_one_epoch:201 - validate 13 cost time 6.42s, result: {'hit@1': 0.0115, 'ndcg@1': 0.0115, 'hit@5': 0.0459, 'ndcg@5': 0.0285, 'hit@10': 0.0789, 'ndcg@10': 0.0391, 'hit@15': 0.1088, 'ndcg@15': 0.047, 'hit@20': 0.1357, 'ndcg@20': 0.0533, 'hit@40': 0.216, 'ndcg@40': 0.0697} 
2024-10-10 00:42:39.955 | INFO     | trainer_1:_train_one_epoch:209 - test 13 cost time 7.06s, result: {'hit@1': 0.0073, 'ndcg@1': 0.0073, 'hit@5': 0.0294, 'ndcg@5': 0.0182, 'hit@10': 0.051, 'ndcg@10': 0.0251, 'hit@15': 0.0696, 'ndcg@15': 0.03, 'hit@20': 0.0883, 'ndcg@20': 0.0344, 'hit@40': 0.1503, 'ndcg@40': 0.047} 
2024-10-10 00:42:59.827 | INFO     | trainer_1:_train_one_epoch:193 - epoch 14 9.08s Train loss is [0.4382] 
2024-10-10 00:43:04.848 | INFO     | trainer_1:_train_one_epoch:201 - validate 14 cost time 5.02s, result: {'hit@1': 0.013, 'ndcg@1': 0.013, 'hit@5': 0.0466, 'ndcg@5': 0.0299, 'hit@10': 0.0806, 'ndcg@10': 0.0408, 'hit@15': 0.1099, 'ndcg@15': 0.0486, 'hit@20': 0.1372, 'ndcg@20': 0.055, 'hit@40': 0.2218, 'ndcg@40': 0.0722} 
2024-10-10 00:43:10.169 | INFO     | trainer_1:_train_one_epoch:209 - test 14 cost time 5.32s, result: {'hit@1': 0.0073, 'ndcg@1': 0.0073, 'hit@5': 0.0303, 'ndcg@5': 0.0186, 'hit@10': 0.0525, 'ndcg@10': 0.0258, 'hit@15': 0.0726, 'ndcg@15': 0.0311, 'hit@20': 0.0922, 'ndcg@20': 0.0357, 'hit@40': 0.1545, 'ndcg@40': 0.0484} 
2024-10-10 00:43:28.956 | INFO     | trainer_1:_train_one_epoch:193 - epoch 15 8.29s Train loss is [0.4384] 
2024-10-10 00:43:36.907 | INFO     | trainer_1:_train_one_epoch:201 - validate 15 cost time 7.95s, result: {'hit@1': 0.0114, 'ndcg@1': 0.0114, 'hit@5': 0.0447, 'ndcg@5': 0.0278, 'hit@10': 0.0759, 'ndcg@10': 0.0378, 'hit@15': 0.1032, 'ndcg@15': 0.045, 'hit@20': 0.1285, 'ndcg@20': 0.0509, 'hit@40': 0.2079, 'ndcg@40': 0.0671} 
2024-10-10 00:43:43.508 | INFO     | trainer_1:_train_one_epoch:209 - test 15 cost time 6.60s, result: {'hit@1': 0.0079, 'ndcg@1': 0.0079, 'hit@5': 0.0283, 'ndcg@5': 0.0179, 'hit@10': 0.0489, 'ndcg@10': 0.0245, 'hit@15': 0.0671, 'ndcg@15': 0.0293, 'hit@20': 0.0858, 'ndcg@20': 0.0337, 'hit@40': 0.1457, 'ndcg@40': 0.0459} 
2024-10-10 00:43:51.647 | INFO     | trainer_1:_train_one_epoch:193 - epoch 16 8.14s Train loss is [0.4174] 
2024-10-10 00:43:58.177 | INFO     | trainer_1:_train_one_epoch:201 - validate 16 cost time 6.53s, result: {'hit@1': 0.012, 'ndcg@1': 0.012, 'hit@5': 0.049, 'ndcg@5': 0.0302, 'hit@10': 0.0807, 'ndcg@10': 0.0404, 'hit@15': 0.109, 'ndcg@15': 0.0478, 'hit@20': 0.1344, 'ndcg@20': 0.0538, 'hit@40': 0.2148, 'ndcg@40': 0.0702} 
2024-10-10 00:44:05.376 | INFO     | trainer_1:_train_one_epoch:209 - test 16 cost time 7.20s, result: {'hit@1': 0.0086, 'ndcg@1': 0.0086, 'hit@5': 0.0318, 'ndcg@5': 0.0201, 'hit@10': 0.0551, 'ndcg@10': 0.0275, 'hit@15': 0.0742, 'ndcg@15': 0.0326, 'hit@20': 0.0914, 'ndcg@20': 0.0366, 'hit@40': 0.1529, 'ndcg@40': 0.0491} 
2024-10-10 00:44:24.745 | INFO     | trainer_1:_train_one_epoch:193 - epoch 17 8.51s Train loss is [0.4180] 
2024-10-10 00:44:31.567 | INFO     | trainer_1:_train_one_epoch:201 - validate 17 cost time 6.82s, result: {'hit@1': 0.0125, 'ndcg@1': 0.0125, 'hit@5': 0.0475, 'ndcg@5': 0.0299, 'hit@10': 0.0848, 'ndcg@10': 0.0419, 'hit@15': 0.1143, 'ndcg@15': 0.0497, 'hit@20': 0.1417, 'ndcg@20': 0.0562, 'hit@40': 0.2261, 'ndcg@40': 0.0733} 
2024-10-10 00:44:39.192 | INFO     | trainer_1:_train_one_epoch:209 - test 17 cost time 7.62s, result: {'hit@1': 0.0087, 'ndcg@1': 0.0087, 'hit@5': 0.0334, 'ndcg@5': 0.021, 'hit@10': 0.0575, 'ndcg@10': 0.0287, 'hit@15': 0.0782, 'ndcg@15': 0.0342, 'hit@20': 0.0956, 'ndcg@20': 0.0383, 'hit@40': 0.1624, 'ndcg@40': 0.0518} 
2024-10-10 00:44:58.158 | INFO     | trainer_1:_train_one_epoch:193 - epoch 18 8.23s Train loss is [0.4096] 
2024-10-10 00:45:05.370 | INFO     | trainer_1:_train_one_epoch:201 - validate 18 cost time 7.21s, result: {'hit@1': 0.0124, 'ndcg@1': 0.0124, 'hit@5': 0.0479, 'ndcg@5': 0.0301, 'hit@10': 0.0819, 'ndcg@10': 0.0409, 'hit@15': 0.1113, 'ndcg@15': 0.0487, 'hit@20': 0.1371, 'ndcg@20': 0.0548, 'hit@40': 0.2203, 'ndcg@40': 0.0717} 
2024-10-10 00:45:12.925 | INFO     | trainer_1:_train_one_epoch:209 - test 18 cost time 7.56s, result: {'hit@1': 0.0081, 'ndcg@1': 0.0081, 'hit@5': 0.0325, 'ndcg@5': 0.0202, 'hit@10': 0.0559, 'ndcg@10': 0.0277, 'hit@15': 0.0756, 'ndcg@15': 0.0329, 'hit@20': 0.0945, 'ndcg@20': 0.0374, 'hit@40': 0.1576, 'ndcg@40': 0.0502} 
2024-10-10 00:45:21.009 | INFO     | trainer_1:_train_one_epoch:193 - epoch 19 8.08s Train loss is [0.4073] 
2024-10-10 00:45:27.953 | INFO     | trainer_1:_train_one_epoch:201 - validate 19 cost time 6.94s, result: {'hit@1': 0.0124, 'ndcg@1': 0.0124, 'hit@5': 0.0453, 'ndcg@5': 0.0288, 'hit@10': 0.0786, 'ndcg@10': 0.0394, 'hit@15': 0.1067, 'ndcg@15': 0.0469, 'hit@20': 0.1331, 'ndcg@20': 0.0531, 'hit@40': 0.2181, 'ndcg@40': 0.0704} 
2024-10-10 00:45:34.305 | INFO     | trainer_1:_train_one_epoch:209 - test 19 cost time 6.35s, result: {'hit@1': 0.0082, 'ndcg@1': 0.0082, 'hit@5': 0.0308, 'ndcg@5': 0.0195, 'hit@10': 0.054, 'ndcg@10': 0.0269, 'hit@15': 0.0754, 'ndcg@15': 0.0325, 'hit@20': 0.0925, 'ndcg@20': 0.0366, 'hit@40': 0.1543, 'ndcg@40': 0.0491} 
2024-10-10 00:45:42.215 | INFO     | trainer_1:_train_one_epoch:193 - epoch 20 7.91s Train loss is [0.4086] 
2024-10-10 00:45:49.763 | INFO     | trainer_1:_train_one_epoch:201 - validate 20 cost time 7.55s, result: {'hit@1': 0.0126, 'ndcg@1': 0.0126, 'hit@5': 0.0487, 'ndcg@5': 0.0308, 'hit@10': 0.0804, 'ndcg@10': 0.0409, 'hit@15': 0.1095, 'ndcg@15': 0.0485, 'hit@20': 0.1352, 'ndcg@20': 0.0546, 'hit@40': 0.2236, 'ndcg@40': 0.0726} 
2024-10-10 00:45:57.509 | INFO     | trainer_1:_train_one_epoch:209 - test 20 cost time 7.75s, result: {'hit@1': 0.0087, 'ndcg@1': 0.0087, 'hit@5': 0.0331, 'ndcg@5': 0.0209, 'hit@10': 0.0574, 'ndcg@10': 0.0286, 'hit@15': 0.0793, 'ndcg@15': 0.0344, 'hit@20': 0.0973, 'ndcg@20': 0.0386, 'hit@40': 0.1642, 'ndcg@40': 0.0523} 
2024-10-10 00:46:05.855 | INFO     | trainer_1:_train_one_epoch:193 - epoch 21 8.34s Train loss is [0.3978] 
2024-10-10 00:46:12.875 | INFO     | trainer_1:_train_one_epoch:201 - validate 21 cost time 7.02s, result: {'hit@1': 0.0123, 'ndcg@1': 0.0123, 'hit@5': 0.0473, 'ndcg@5': 0.03, 'hit@10': 0.0787, 'ndcg@10': 0.04, 'hit@15': 0.1072, 'ndcg@15': 0.0476, 'hit@20': 0.1337, 'ndcg@20': 0.0538, 'hit@40': 0.2166, 'ndcg@40': 0.0706} 
2024-10-10 00:46:20.313 | INFO     | trainer_1:_train_one_epoch:209 - test 21 cost time 7.44s, result: {'hit@1': 0.0093, 'ndcg@1': 0.0093, 'hit@5': 0.033, 'ndcg@5': 0.021, 'hit@10': 0.0555, 'ndcg@10': 0.0282, 'hit@15': 0.0755, 'ndcg@15': 0.0335, 'hit@20': 0.0933, 'ndcg@20': 0.0377, 'hit@40': 0.1556, 'ndcg@40': 0.0503} 
2024-10-10 00:46:28.191 | INFO     | trainer_1:_train_one_epoch:193 - epoch 22 7.88s Train loss is [0.4067] 
2024-10-10 00:46:35.404 | INFO     | trainer_1:_train_one_epoch:201 - validate 22 cost time 7.21s, result: {'hit@1': 0.0133, 'ndcg@1': 0.0133, 'hit@5': 0.0486, 'ndcg@5': 0.031, 'hit@10': 0.0822, 'ndcg@10': 0.0418, 'hit@15': 0.1116, 'ndcg@15': 0.0496, 'hit@20': 0.1361, 'ndcg@20': 0.0553, 'hit@40': 0.219, 'ndcg@40': 0.0722} 
2024-10-10 00:46:41.870 | INFO     | trainer_1:_train_one_epoch:209 - test 22 cost time 6.47s, result: {'hit@1': 0.0082, 'ndcg@1': 0.0082, 'hit@5': 0.0333, 'ndcg@5': 0.0206, 'hit@10': 0.0544, 'ndcg@10': 0.0274, 'hit@15': 0.0755, 'ndcg@15': 0.033, 'hit@20': 0.0938, 'ndcg@20': 0.0373, 'hit@40': 0.155, 'ndcg@40': 0.0497} 
2024-10-10 00:46:41.882 | INFO     | trainer_1:train_model:163 - training end, best iteration 17, results: {'hit@1': 0.0125, 'ndcg@1': 0.0125, 'hit@5': 0.0475, 'ndcg@5': 0.0299, 'hit@10': 0.0848, 'ndcg@10': 0.0419, 'hit@15': 0.1143, 'ndcg@15': 0.0497, 'hit@20': 0.1417, 'ndcg@20': 0.0562, 'hit@40': 0.2261, 'ndcg@40': 0.0733}
2024-10-10 00:46:41.882 | INFO     | trainer_1:train_model:166 - final test result is:  {'hit@1': 0.0087, 'ndcg@1': 0.0087, 'hit@5': 0.0334, 'ndcg@5': 0.021, 'hit@10': 0.0575, 'ndcg@10': 0.0287, 'hit@15': 0.0782, 'ndcg@15': 0.0342, 'hit@20': 0.0956, 'ndcg@20': 0.0383, 'hit@40': 0.1624, 'ndcg@40': 0.0518}
2024-10-10 00:46:42.180 | INFO     | __main__:<module>:119 - train end total cost time: 3180.1476061344147
