2024-10-09 11:08:04.394 | INFO     | __main__:<module>:105 - Namespace(TIME='2024-10-09 11_07_31', batch_size=1024, behaviors=['view', 'cart', 'buy'], check_point='model_pre_1_2024-10-08 12_13_12.pth', data_name='beibei', data_path='./data/beibei', decay=0.001, device='cuda:1', dim_qk=32, dim_v=64, distill_layers=2, distill_thres=0.5, distill_topK=10, distill_userK=6, embedding_size=64, epochs=100, gpu_no=1, if_load_model=True, ii_lambda=200, initializer_range=0.02, layers=2, loss_type='bpr', lr=0.001, message_dropout=0.25, metrics=['hit', 'ndcg'], min_epoch=5, model_name='main_1', model_path='./check_point', node_dropout=0.75, omega=1, pt_loop=50, reg_weight=0.001, test_batch_size=1024, testbatch=1024, topk=[1, 5, 10, 15, 20, 40], uu_lambda=100)
2024-10-09 11:08:04.395 | INFO     | __main__:<module>:106 - BIPN(
  (message_dropout): Dropout(p=0.25, inplace=False)
  (user_embedding): Embedding(21717, 64, padding_idx=0)
  (item_embedding): Embedding(7978, 64, padding_idx=0)
  (global_Graph): LightGCN()
  (Graph_encoder): ModuleDict(
    (view): GraphEncoder(
      (light): LightGCN()
      (dropout): Dropout(p=0.75, inplace=False)
    )
    (cart): GraphEncoder(
      (light): LightGCN()
      (dropout): Dropout(p=0.75, inplace=False)
    )
    (buy): GraphEncoder(
      (light): LightGCN()
      (dropout): Dropout(p=0.75, inplace=False)
    )
  )
  (attention): Mutual_Attention()
  (bpr_loss): BPRLoss()
  (emb_loss): EmbLoss()
  (f): Sigmoid()
)
2024-10-09 11:31:51.747 | INFO     | trainer_1:_train_one_epoch:193 - epoch 1 8.32s Train loss is [0.9066] 
2024-10-09 11:31:59.068 | INFO     | trainer_1:_train_one_epoch:201 - validate 1 cost time 7.32s, result: {'hit@1': 0.0076, 'ndcg@1': 0.0076, 'hit@5': 0.0293, 'ndcg@5': 0.0185, 'hit@10': 0.0501, 'ndcg@10': 0.0252, 'hit@15': 0.0682, 'ndcg@15': 0.03, 'hit@20': 0.086, 'ndcg@20': 0.0342, 'hit@40': 0.1437, 'ndcg@40': 0.0459} 
2024-10-09 11:32:05.794 | INFO     | trainer_1:_train_one_epoch:209 - test 1 cost time 6.73s, result: {'hit@1': 0.0042, 'ndcg@1': 0.0042, 'hit@5': 0.018, 'ndcg@5': 0.011, 'hit@10': 0.0355, 'ndcg@10': 0.0165, 'hit@15': 0.0493, 'ndcg@15': 0.0202, 'hit@20': 0.0617, 'ndcg@20': 0.0231, 'hit@40': 0.1046, 'ndcg@40': 0.0318} 
2024-10-09 11:32:23.188 | INFO     | trainer_1:_train_one_epoch:193 - epoch 2 6.92s Train loss is [0.6826] 
2024-10-09 11:32:32.417 | INFO     | trainer_1:_train_one_epoch:201 - validate 2 cost time 9.23s, result: {'hit@1': 0.0079, 'ndcg@1': 0.0079, 'hit@5': 0.0328, 'ndcg@5': 0.0202, 'hit@10': 0.0571, 'ndcg@10': 0.028, 'hit@15': 0.0769, 'ndcg@15': 0.0333, 'hit@20': 0.0956, 'ndcg@20': 0.0377, 'hit@40': 0.1592, 'ndcg@40': 0.0506} 
2024-10-09 11:32:38.772 | INFO     | trainer_1:_train_one_epoch:209 - test 2 cost time 6.35s, result: {'hit@1': 0.0048, 'ndcg@1': 0.0048, 'hit@5': 0.0201, 'ndcg@5': 0.0123, 'hit@10': 0.0364, 'ndcg@10': 0.0174, 'hit@15': 0.0522, 'ndcg@15': 0.0216, 'hit@20': 0.0657, 'ndcg@20': 0.0248, 'hit@40': 0.115, 'ndcg@40': 0.0348} 
2024-10-09 11:32:58.004 | INFO     | trainer_1:_train_one_epoch:193 - epoch 3 7.83s Train loss is [0.6075] 
2024-10-09 11:33:07.124 | INFO     | trainer_1:_train_one_epoch:201 - validate 3 cost time 9.12s, result: {'hit@1': 0.009, 'ndcg@1': 0.009, 'hit@5': 0.0373, 'ndcg@5': 0.0231, 'hit@10': 0.0643, 'ndcg@10': 0.0318, 'hit@15': 0.0909, 'ndcg@15': 0.0388, 'hit@20': 0.1142, 'ndcg@20': 0.0443, 'hit@40': 0.1875, 'ndcg@40': 0.0592} 
2024-10-09 11:33:16.065 | INFO     | trainer_1:_train_one_epoch:209 - test 3 cost time 8.94s, result: {'hit@1': 0.0056, 'ndcg@1': 0.0056, 'hit@5': 0.0228, 'ndcg@5': 0.014, 'hit@10': 0.0437, 'ndcg@10': 0.0207, 'hit@15': 0.0614, 'ndcg@15': 0.0254, 'hit@20': 0.0755, 'ndcg@20': 0.0287, 'hit@40': 0.1337, 'ndcg@40': 0.0405} 
2024-10-09 11:33:34.922 | INFO     | trainer_1:_train_one_epoch:193 - epoch 4 7.99s Train loss is [0.5765] 
2024-10-09 11:33:42.235 | INFO     | trainer_1:_train_one_epoch:201 - validate 4 cost time 7.31s, result: {'hit@1': 0.0109, 'ndcg@1': 0.0109, 'hit@5': 0.0417, 'ndcg@5': 0.0264, 'hit@10': 0.0698, 'ndcg@10': 0.0354, 'hit@15': 0.0968, 'ndcg@15': 0.0426, 'hit@20': 0.119, 'ndcg@20': 0.0478, 'hit@40': 0.1898, 'ndcg@40': 0.0622} 
2024-10-09 11:33:49.365 | INFO     | trainer_1:_train_one_epoch:209 - test 4 cost time 7.13s, result: {'hit@1': 0.0064, 'ndcg@1': 0.0064, 'hit@5': 0.0228, 'ndcg@5': 0.0146, 'hit@10': 0.0425, 'ndcg@10': 0.0209, 'hit@15': 0.0595, 'ndcg@15': 0.0254, 'hit@20': 0.0752, 'ndcg@20': 0.0291, 'hit@40': 0.1274, 'ndcg@40': 0.0397} 
2024-10-09 11:33:56.410 | INFO     | trainer_1:_train_one_epoch:193 - epoch 5 7.04s Train loss is [0.5394] 
2024-10-09 11:34:02.018 | INFO     | trainer_1:_train_one_epoch:201 - validate 5 cost time 5.61s, result: {'hit@1': 0.0124, 'ndcg@1': 0.0124, 'hit@5': 0.0445, 'ndcg@5': 0.0284, 'hit@10': 0.0743, 'ndcg@10': 0.0379, 'hit@15': 0.0997, 'ndcg@15': 0.0446, 'hit@20': 0.1246, 'ndcg@20': 0.0505, 'hit@40': 0.1969, 'ndcg@40': 0.0652} 
2024-10-09 11:34:09.885 | INFO     | trainer_1:_train_one_epoch:209 - test 5 cost time 7.87s, result: {'hit@1': 0.0072, 'ndcg@1': 0.0072, 'hit@5': 0.0265, 'ndcg@5': 0.0167, 'hit@10': 0.0448, 'ndcg@10': 0.0225, 'hit@15': 0.0624, 'ndcg@15': 0.0272, 'hit@20': 0.0781, 'ndcg@20': 0.0309, 'hit@40': 0.1323, 'ndcg@40': 0.0419} 
2024-10-09 11:34:28.393 | INFO     | trainer_1:_train_one_epoch:193 - epoch 6 7.22s Train loss is [0.5239] 
2024-10-09 11:34:37.428 | INFO     | trainer_1:_train_one_epoch:201 - validate 6 cost time 9.03s, result: {'hit@1': 0.0133, 'ndcg@1': 0.0133, 'hit@5': 0.0449, 'ndcg@5': 0.0288, 'hit@10': 0.074, 'ndcg@10': 0.0381, 'hit@15': 0.0999, 'ndcg@15': 0.045, 'hit@20': 0.1238, 'ndcg@20': 0.0506, 'hit@40': 0.1982, 'ndcg@40': 0.0658} 
2024-10-09 11:34:45.280 | INFO     | trainer_1:_train_one_epoch:209 - test 6 cost time 7.85s, result: {'hit@1': 0.0065, 'ndcg@1': 0.0065, 'hit@5': 0.0291, 'ndcg@5': 0.0177, 'hit@10': 0.0481, 'ndcg@10': 0.0237, 'hit@15': 0.067, 'ndcg@15': 0.0287, 'hit@20': 0.0832, 'ndcg@20': 0.0326, 'hit@40': 0.1404, 'ndcg@40': 0.0442} 
2024-10-09 11:35:04.697 | INFO     | trainer_1:_train_one_epoch:193 - epoch 7 8.34s Train loss is [0.4924] 
2024-10-09 11:35:13.690 | INFO     | trainer_1:_train_one_epoch:201 - validate 7 cost time 8.99s, result: {'hit@1': 0.0118, 'ndcg@1': 0.0118, 'hit@5': 0.0429, 'ndcg@5': 0.0273, 'hit@10': 0.0721, 'ndcg@10': 0.0367, 'hit@15': 0.0988, 'ndcg@15': 0.0437, 'hit@20': 0.1238, 'ndcg@20': 0.0496, 'hit@40': 0.1993, 'ndcg@40': 0.065} 
2024-10-09 11:35:21.274 | INFO     | trainer_1:_train_one_epoch:209 - test 7 cost time 7.58s, result: {'hit@1': 0.0062, 'ndcg@1': 0.0062, 'hit@5': 0.0263, 'ndcg@5': 0.0161, 'hit@10': 0.047, 'ndcg@10': 0.0228, 'hit@15': 0.0639, 'ndcg@15': 0.0272, 'hit@20': 0.0803, 'ndcg@20': 0.0311, 'hit@40': 0.1416, 'ndcg@40': 0.0436} 
2024-10-09 11:35:28.464 | INFO     | trainer_1:_train_one_epoch:193 - epoch 8 7.19s Train loss is [0.4924] 
2024-10-09 11:35:37.725 | INFO     | trainer_1:_train_one_epoch:201 - validate 8 cost time 9.26s, result: {'hit@1': 0.0124, 'ndcg@1': 0.0124, 'hit@5': 0.0434, 'ndcg@5': 0.0278, 'hit@10': 0.074, 'ndcg@10': 0.0377, 'hit@15': 0.0993, 'ndcg@15': 0.0443, 'hit@20': 0.123, 'ndcg@20': 0.05, 'hit@40': 0.1999, 'ndcg@40': 0.0656} 
2024-10-09 11:35:46.809 | INFO     | trainer_1:_train_one_epoch:209 - test 8 cost time 9.08s, result: {'hit@1': 0.0078, 'ndcg@1': 0.0078, 'hit@5': 0.0267, 'ndcg@5': 0.0172, 'hit@10': 0.0476, 'ndcg@10': 0.0238, 'hit@15': 0.0648, 'ndcg@15': 0.0284, 'hit@20': 0.0822, 'ndcg@20': 0.0325, 'hit@40': 0.1422, 'ndcg@40': 0.0447} 
2024-10-09 11:35:53.679 | INFO     | trainer_1:_train_one_epoch:193 - epoch 9 6.87s Train loss is [0.4679] 
2024-10-09 11:36:00.926 | INFO     | trainer_1:_train_one_epoch:201 - validate 9 cost time 7.25s, result: {'hit@1': 0.0107, 'ndcg@1': 0.0107, 'hit@5': 0.0437, 'ndcg@5': 0.0272, 'hit@10': 0.074, 'ndcg@10': 0.037, 'hit@15': 0.1008, 'ndcg@15': 0.0441, 'hit@20': 0.1239, 'ndcg@20': 0.0495, 'hit@40': 0.2005, 'ndcg@40': 0.0651} 
2024-10-09 11:36:09.674 | INFO     | trainer_1:_train_one_epoch:209 - test 9 cost time 8.75s, result: {'hit@1': 0.0067, 'ndcg@1': 0.0067, 'hit@5': 0.0268, 'ndcg@5': 0.0167, 'hit@10': 0.0458, 'ndcg@10': 0.0229, 'hit@15': 0.0633, 'ndcg@15': 0.0275, 'hit@20': 0.0818, 'ndcg@20': 0.0318, 'hit@40': 0.1403, 'ndcg@40': 0.0437} 
2024-10-09 11:36:16.859 | INFO     | trainer_1:_train_one_epoch:193 - epoch 10 7.18s Train loss is [0.4564] 
2024-10-09 11:36:25.989 | INFO     | trainer_1:_train_one_epoch:201 - validate 10 cost time 9.13s, result: {'hit@1': 0.0115, 'ndcg@1': 0.0115, 'hit@5': 0.0456, 'ndcg@5': 0.0284, 'hit@10': 0.0775, 'ndcg@10': 0.0386, 'hit@15': 0.1062, 'ndcg@15': 0.0462, 'hit@20': 0.1289, 'ndcg@20': 0.0515, 'hit@40': 0.2101, 'ndcg@40': 0.0681} 
2024-10-09 11:36:34.206 | INFO     | trainer_1:_train_one_epoch:209 - test 10 cost time 8.22s, result: {'hit@1': 0.0068, 'ndcg@1': 0.0068, 'hit@5': 0.0287, 'ndcg@5': 0.0175, 'hit@10': 0.0483, 'ndcg@10': 0.0238, 'hit@15': 0.0669, 'ndcg@15': 0.0287, 'hit@20': 0.0839, 'ndcg@20': 0.0327, 'hit@40': 0.1445, 'ndcg@40': 0.045} 
2024-10-09 11:36:51.682 | INFO     | trainer_1:_train_one_epoch:193 - epoch 11 6.71s Train loss is [0.4428] 
2024-10-09 11:36:58.865 | INFO     | trainer_1:_train_one_epoch:201 - validate 11 cost time 7.18s, result: {'hit@1': 0.0109, 'ndcg@1': 0.0109, 'hit@5': 0.042, 'ndcg@5': 0.0264, 'hit@10': 0.0731, 'ndcg@10': 0.0364, 'hit@15': 0.1007, 'ndcg@15': 0.0437, 'hit@20': 0.1248, 'ndcg@20': 0.0494, 'hit@40': 0.2031, 'ndcg@40': 0.0653} 
2024-10-09 11:37:05.303 | INFO     | trainer_1:_train_one_epoch:209 - test 11 cost time 6.44s, result: {'hit@1': 0.0066, 'ndcg@1': 0.0066, 'hit@5': 0.0271, 'ndcg@5': 0.0167, 'hit@10': 0.0468, 'ndcg@10': 0.0231, 'hit@15': 0.0641, 'ndcg@15': 0.0276, 'hit@20': 0.0815, 'ndcg@20': 0.0317, 'hit@40': 0.1411, 'ndcg@40': 0.0438} 
2024-10-09 11:37:12.614 | INFO     | trainer_1:_train_one_epoch:193 - epoch 12 7.31s Train loss is [0.4503] 
2024-10-09 11:37:18.101 | INFO     | trainer_1:_train_one_epoch:201 - validate 12 cost time 5.49s, result: {'hit@1': 0.0117, 'ndcg@1': 0.0117, 'hit@5': 0.043, 'ndcg@5': 0.0273, 'hit@10': 0.0735, 'ndcg@10': 0.0371, 'hit@15': 0.1011, 'ndcg@15': 0.0444, 'hit@20': 0.1258, 'ndcg@20': 0.0502, 'hit@40': 0.2014, 'ndcg@40': 0.0656} 
2024-10-09 11:37:23.185 | INFO     | trainer_1:_train_one_epoch:209 - test 12 cost time 5.08s, result: {'hit@1': 0.007, 'ndcg@1': 0.007, 'hit@5': 0.028, 'ndcg@5': 0.0174, 'hit@10': 0.0486, 'ndcg@10': 0.024, 'hit@15': 0.0647, 'ndcg@15': 0.0282, 'hit@20': 0.0816, 'ndcg@20': 0.0322, 'hit@40': 0.1411, 'ndcg@40': 0.0443} 
2024-10-09 11:37:44.741 | INFO     | trainer_1:_train_one_epoch:193 - epoch 13 9.15s Train loss is [0.4485] 
2024-10-09 11:37:54.628 | INFO     | trainer_1:_train_one_epoch:201 - validate 13 cost time 9.89s, result: {'hit@1': 0.0112, 'ndcg@1': 0.0112, 'hit@5': 0.0465, 'ndcg@5': 0.0288, 'hit@10': 0.0822, 'ndcg@10': 0.0403, 'hit@15': 0.1106, 'ndcg@15': 0.0478, 'hit@20': 0.1375, 'ndcg@20': 0.0541, 'hit@40': 0.2181, 'ndcg@40': 0.0705} 
2024-10-09 11:38:04.340 | INFO     | trainer_1:_train_one_epoch:209 - test 13 cost time 9.71s, result: {'hit@1': 0.0082, 'ndcg@1': 0.0082, 'hit@5': 0.0305, 'ndcg@5': 0.0191, 'hit@10': 0.0518, 'ndcg@10': 0.0259, 'hit@15': 0.0706, 'ndcg@15': 0.0309, 'hit@20': 0.0892, 'ndcg@20': 0.0353, 'hit@40': 0.1519, 'ndcg@40': 0.048} 
2024-10-09 11:38:24.734 | INFO     | trainer_1:_train_one_epoch:193 - epoch 14 8.93s Train loss is [0.4303] 
2024-10-09 11:38:34.597 | INFO     | trainer_1:_train_one_epoch:201 - validate 14 cost time 9.86s, result: {'hit@1': 0.0119, 'ndcg@1': 0.0119, 'hit@5': 0.0474, 'ndcg@5': 0.0297, 'hit@10': 0.0821, 'ndcg@10': 0.0408, 'hit@15': 0.1111, 'ndcg@15': 0.0485, 'hit@20': 0.139, 'ndcg@20': 0.0551, 'hit@40': 0.2206, 'ndcg@40': 0.0717} 
2024-10-09 11:38:44.291 | INFO     | trainer_1:_train_one_epoch:209 - test 14 cost time 9.69s, result: {'hit@1': 0.0079, 'ndcg@1': 0.0079, 'hit@5': 0.0303, 'ndcg@5': 0.019, 'hit@10': 0.0532, 'ndcg@10': 0.0263, 'hit@15': 0.0733, 'ndcg@15': 0.0316, 'hit@20': 0.0922, 'ndcg@20': 0.0361, 'hit@40': 0.1558, 'ndcg@40': 0.049} 
2024-10-09 11:39:04.720 | INFO     | trainer_1:_train_one_epoch:193 - epoch 15 9.15s Train loss is [0.4290] 
2024-10-09 11:39:14.605 | INFO     | trainer_1:_train_one_epoch:201 - validate 15 cost time 9.88s, result: {'hit@1': 0.0121, 'ndcg@1': 0.0121, 'hit@5': 0.0486, 'ndcg@5': 0.0302, 'hit@10': 0.0795, 'ndcg@10': 0.0401, 'hit@15': 0.1078, 'ndcg@15': 0.0476, 'hit@20': 0.1339, 'ndcg@20': 0.0537, 'hit@40': 0.2133, 'ndcg@40': 0.0699} 
2024-10-09 11:39:24.297 | INFO     | trainer_1:_train_one_epoch:209 - test 15 cost time 9.69s, result: {'hit@1': 0.0085, 'ndcg@1': 0.0085, 'hit@5': 0.0304, 'ndcg@5': 0.0193, 'hit@10': 0.0522, 'ndcg@10': 0.0263, 'hit@15': 0.071, 'ndcg@15': 0.0312, 'hit@20': 0.0888, 'ndcg@20': 0.0355, 'hit@40': 0.1514, 'ndcg@40': 0.0482} 
2024-10-09 11:39:33.538 | INFO     | trainer_1:_train_one_epoch:193 - epoch 16 9.24s Train loss is [0.4091] 
2024-10-09 11:39:43.425 | INFO     | trainer_1:_train_one_epoch:201 - validate 16 cost time 9.89s, result: {'hit@1': 0.0132, 'ndcg@1': 0.0132, 'hit@5': 0.053, 'ndcg@5': 0.0328, 'hit@10': 0.0862, 'ndcg@10': 0.0435, 'hit@15': 0.115, 'ndcg@15': 0.0511, 'hit@20': 0.1405, 'ndcg@20': 0.0571, 'hit@40': 0.2239, 'ndcg@40': 0.074} 
2024-10-09 11:39:53.095 | INFO     | trainer_1:_train_one_epoch:209 - test 16 cost time 9.67s, result: {'hit@1': 0.01, 'ndcg@1': 0.01, 'hit@5': 0.0354, 'ndcg@5': 0.0225, 'hit@10': 0.0585, 'ndcg@10': 0.0299, 'hit@15': 0.0775, 'ndcg@15': 0.0349, 'hit@20': 0.095, 'ndcg@20': 0.0391, 'hit@40': 0.1601, 'ndcg@40': 0.0523} 
2024-10-09 11:40:13.193 | INFO     | trainer_1:_train_one_epoch:193 - epoch 17 9.05s Train loss is [0.4110] 
2024-10-09 11:40:23.062 | INFO     | trainer_1:_train_one_epoch:201 - validate 17 cost time 9.87s, result: {'hit@1': 0.0132, 'ndcg@1': 0.0132, 'hit@5': 0.0525, 'ndcg@5': 0.0327, 'hit@10': 0.0897, 'ndcg@10': 0.0446, 'hit@15': 0.1189, 'ndcg@15': 0.0523, 'hit@20': 0.146, 'ndcg@20': 0.0587, 'hit@40': 0.2337, 'ndcg@40': 0.0766} 
2024-10-09 11:40:32.713 | INFO     | trainer_1:_train_one_epoch:209 - test 17 cost time 9.65s, result: {'hit@1': 0.0095, 'ndcg@1': 0.0095, 'hit@5': 0.0358, 'ndcg@5': 0.0227, 'hit@10': 0.0601, 'ndcg@10': 0.0304, 'hit@15': 0.0807, 'ndcg@15': 0.0359, 'hit@20': 0.1001, 'ndcg@20': 0.0404, 'hit@40': 0.1657, 'ndcg@40': 0.0538} 
2024-10-09 11:40:52.694 | INFO     | trainer_1:_train_one_epoch:193 - epoch 18 8.90s Train loss is [0.4016] 
2024-10-09 11:41:02.579 | INFO     | trainer_1:_train_one_epoch:201 - validate 18 cost time 9.88s, result: {'hit@1': 0.014, 'ndcg@1': 0.014, 'hit@5': 0.0529, 'ndcg@5': 0.0334, 'hit@10': 0.0867, 'ndcg@10': 0.0443, 'hit@15': 0.1151, 'ndcg@15': 0.0518, 'hit@20': 0.1422, 'ndcg@20': 0.0582, 'hit@40': 0.2272, 'ndcg@40': 0.0754} 
2024-10-09 11:41:12.227 | INFO     | trainer_1:_train_one_epoch:209 - test 18 cost time 9.65s, result: {'hit@1': 0.0096, 'ndcg@1': 0.0096, 'hit@5': 0.0345, 'ndcg@5': 0.0221, 'hit@10': 0.0586, 'ndcg@10': 0.0298, 'hit@15': 0.0786, 'ndcg@15': 0.0351, 'hit@20': 0.0973, 'ndcg@20': 0.0395, 'hit@40': 0.1625, 'ndcg@40': 0.0528} 
2024-10-09 11:41:21.049 | INFO     | trainer_1:_train_one_epoch:193 - epoch 19 8.82s Train loss is [0.4009] 
2024-10-09 11:41:30.896 | INFO     | trainer_1:_train_one_epoch:201 - validate 19 cost time 9.85s, result: {'hit@1': 0.0141, 'ndcg@1': 0.0141, 'hit@5': 0.0493, 'ndcg@5': 0.0319, 'hit@10': 0.0838, 'ndcg@10': 0.0429, 'hit@15': 0.1135, 'ndcg@15': 0.0507, 'hit@20': 0.1399, 'ndcg@20': 0.0569, 'hit@40': 0.2238, 'ndcg@40': 0.074} 
2024-10-09 11:41:40.581 | INFO     | trainer_1:_train_one_epoch:209 - test 19 cost time 9.68s, result: {'hit@1': 0.0097, 'ndcg@1': 0.0097, 'hit@5': 0.0338, 'ndcg@5': 0.0216, 'hit@10': 0.0582, 'ndcg@10': 0.0293, 'hit@15': 0.0784, 'ndcg@15': 0.0347, 'hit@20': 0.0963, 'ndcg@20': 0.0389, 'hit@40': 0.1585, 'ndcg@40': 0.0515} 
2024-10-09 11:41:49.469 | INFO     | trainer_1:_train_one_epoch:193 - epoch 20 8.89s Train loss is [0.4017] 
2024-10-09 11:41:59.304 | INFO     | trainer_1:_train_one_epoch:201 - validate 20 cost time 9.83s, result: {'hit@1': 0.0155, 'ndcg@1': 0.0155, 'hit@5': 0.0519, 'ndcg@5': 0.0339, 'hit@10': 0.0855, 'ndcg@10': 0.0447, 'hit@15': 0.1152, 'ndcg@15': 0.0526, 'hit@20': 0.1418, 'ndcg@20': 0.0588, 'hit@40': 0.2302, 'ndcg@40': 0.0768} 
2024-10-09 11:42:08.968 | INFO     | trainer_1:_train_one_epoch:209 - test 20 cost time 9.66s, result: {'hit@1': 0.0098, 'ndcg@1': 0.0098, 'hit@5': 0.0368, 'ndcg@5': 0.0232, 'hit@10': 0.0608, 'ndcg@10': 0.0309, 'hit@15': 0.0824, 'ndcg@15': 0.0366, 'hit@20': 0.1014, 'ndcg@20': 0.041, 'hit@40': 0.1667, 'ndcg@40': 0.0543} 
2024-10-09 11:42:28.999 | INFO     | trainer_1:_train_one_epoch:193 - epoch 21 9.01s Train loss is [0.3907] 
2024-10-09 11:42:38.851 | INFO     | trainer_1:_train_one_epoch:201 - validate 21 cost time 9.85s, result: {'hit@1': 0.0146, 'ndcg@1': 0.0146, 'hit@5': 0.0528, 'ndcg@5': 0.0339, 'hit@10': 0.0845, 'ndcg@10': 0.044, 'hit@15': 0.1136, 'ndcg@15': 0.0517, 'hit@20': 0.1384, 'ndcg@20': 0.0576, 'hit@40': 0.2257, 'ndcg@40': 0.0753} 
2024-10-09 11:42:48.498 | INFO     | trainer_1:_train_one_epoch:209 - test 21 cost time 9.65s, result: {'hit@1': 0.0106, 'ndcg@1': 0.0106, 'hit@5': 0.0363, 'ndcg@5': 0.0234, 'hit@10': 0.0594, 'ndcg@10': 0.0308, 'hit@15': 0.0797, 'ndcg@15': 0.0362, 'hit@20': 0.0974, 'ndcg@20': 0.0404, 'hit@40': 0.1604, 'ndcg@40': 0.0532} 
2024-10-09 11:42:57.339 | INFO     | trainer_1:_train_one_epoch:193 - epoch 22 8.84s Train loss is [0.3999] 
2024-10-09 11:43:07.196 | INFO     | trainer_1:_train_one_epoch:201 - validate 22 cost time 9.86s, result: {'hit@1': 0.0151, 'ndcg@1': 0.0151, 'hit@5': 0.0539, 'ndcg@5': 0.0346, 'hit@10': 0.0885, 'ndcg@10': 0.0457, 'hit@15': 0.1171, 'ndcg@15': 0.0533, 'hit@20': 0.1421, 'ndcg@20': 0.0591, 'hit@40': 0.2262, 'ndcg@40': 0.0763} 
2024-10-09 11:43:16.861 | INFO     | trainer_1:_train_one_epoch:209 - test 22 cost time 9.67s, result: {'hit@1': 0.0094, 'ndcg@1': 0.0094, 'hit@5': 0.036, 'ndcg@5': 0.0225, 'hit@10': 0.06, 'ndcg@10': 0.0302, 'hit@15': 0.0804, 'ndcg@15': 0.0356, 'hit@20': 0.0982, 'ndcg@20': 0.0397, 'hit@40': 0.1607, 'ndcg@40': 0.0525} 
2024-10-09 11:43:25.704 | INFO     | trainer_1:_train_one_epoch:193 - epoch 23 8.84s Train loss is [0.3885] 
2024-10-09 11:43:35.554 | INFO     | trainer_1:_train_one_epoch:201 - validate 23 cost time 9.85s, result: {'hit@1': 0.0157, 'ndcg@1': 0.0157, 'hit@5': 0.0566, 'ndcg@5': 0.0362, 'hit@10': 0.0938, 'ndcg@10': 0.0482, 'hit@15': 0.1229, 'ndcg@15': 0.0558, 'hit@20': 0.1498, 'ndcg@20': 0.0621, 'hit@40': 0.2371, 'ndcg@40': 0.0799} 
2024-10-09 11:43:45.212 | INFO     | trainer_1:_train_one_epoch:209 - test 23 cost time 9.66s, result: {'hit@1': 0.0098, 'ndcg@1': 0.0098, 'hit@5': 0.0377, 'ndcg@5': 0.0238, 'hit@10': 0.0631, 'ndcg@10': 0.0319, 'hit@15': 0.0828, 'ndcg@15': 0.0371, 'hit@20': 0.1021, 'ndcg@20': 0.0417, 'hit@40': 0.1682, 'ndcg@40': 0.0551} 
2024-10-09 11:44:04.895 | INFO     | trainer_1:_train_one_epoch:193 - epoch 24 8.83s Train loss is [0.3837] 
2024-10-09 11:44:14.726 | INFO     | trainer_1:_train_one_epoch:201 - validate 24 cost time 9.83s, result: {'hit@1': 0.015, 'ndcg@1': 0.015, 'hit@5': 0.055, 'ndcg@5': 0.0351, 'hit@10': 0.089, 'ndcg@10': 0.046, 'hit@15': 0.1177, 'ndcg@15': 0.0536, 'hit@20': 0.1442, 'ndcg@20': 0.0598, 'hit@40': 0.2298, 'ndcg@40': 0.0772} 
2024-10-09 11:44:24.409 | INFO     | trainer_1:_train_one_epoch:209 - test 24 cost time 9.68s, result: {'hit@1': 0.0102, 'ndcg@1': 0.0102, 'hit@5': 0.0378, 'ndcg@5': 0.0237, 'hit@10': 0.0608, 'ndcg@10': 0.031, 'hit@15': 0.0808, 'ndcg@15': 0.0363, 'hit@20': 0.0995, 'ndcg@20': 0.0407, 'hit@40': 0.1645, 'ndcg@40': 0.0539} 
2024-10-09 11:44:33.161 | INFO     | trainer_1:_train_one_epoch:193 - epoch 25 8.75s Train loss is [0.3789] 
2024-10-09 11:44:43.060 | INFO     | trainer_1:_train_one_epoch:201 - validate 25 cost time 9.90s, result: {'hit@1': 0.0157, 'ndcg@1': 0.0157, 'hit@5': 0.0573, 'ndcg@5': 0.0367, 'hit@10': 0.0946, 'ndcg@10': 0.0486, 'hit@15': 0.1258, 'ndcg@15': 0.0568, 'hit@20': 0.1535, 'ndcg@20': 0.0634, 'hit@40': 0.2393, 'ndcg@40': 0.0808} 
2024-10-09 11:44:52.762 | INFO     | trainer_1:_train_one_epoch:209 - test 25 cost time 9.70s, result: {'hit@1': 0.0113, 'ndcg@1': 0.0113, 'hit@5': 0.0388, 'ndcg@5': 0.0251, 'hit@10': 0.0635, 'ndcg@10': 0.033, 'hit@15': 0.0869, 'ndcg@15': 0.0392, 'hit@20': 0.1057, 'ndcg@20': 0.0437, 'hit@40': 0.1738, 'ndcg@40': 0.0575} 
2024-10-09 11:45:12.272 | INFO     | trainer_1:_train_one_epoch:193 - epoch 26 8.68s Train loss is [0.3729] 
2024-10-09 11:45:22.097 | INFO     | trainer_1:_train_one_epoch:201 - validate 26 cost time 9.83s, result: {'hit@1': 0.0163, 'ndcg@1': 0.0163, 'hit@5': 0.0582, 'ndcg@5': 0.0373, 'hit@10': 0.0953, 'ndcg@10': 0.0493, 'hit@15': 0.1244, 'ndcg@15': 0.057, 'hit@20': 0.1505, 'ndcg@20': 0.0632, 'hit@40': 0.2358, 'ndcg@40': 0.0805} 
2024-10-09 11:45:31.737 | INFO     | trainer_1:_train_one_epoch:209 - test 26 cost time 9.64s, result: {'hit@1': 0.0106, 'ndcg@1': 0.0106, 'hit@5': 0.0383, 'ndcg@5': 0.0245, 'hit@10': 0.0634, 'ndcg@10': 0.0325, 'hit@15': 0.084, 'ndcg@15': 0.038, 'hit@20': 0.104, 'ndcg@20': 0.0427, 'hit@40': 0.1697, 'ndcg@40': 0.056} 
2024-10-09 11:45:40.331 | INFO     | trainer_1:_train_one_epoch:193 - epoch 27 8.59s Train loss is [0.3731] 
2024-10-09 11:45:50.164 | INFO     | trainer_1:_train_one_epoch:201 - validate 27 cost time 9.83s, result: {'hit@1': 0.0172, 'ndcg@1': 0.0172, 'hit@5': 0.0594, 'ndcg@5': 0.0384, 'hit@10': 0.0965, 'ndcg@10': 0.0503, 'hit@15': 0.1282, 'ndcg@15': 0.0586, 'hit@20': 0.156, 'ndcg@20': 0.0652, 'hit@40': 0.2407, 'ndcg@40': 0.0825} 
2024-10-09 11:45:59.835 | INFO     | trainer_1:_train_one_epoch:209 - test 27 cost time 9.67s, result: {'hit@1': 0.0117, 'ndcg@1': 0.0117, 'hit@5': 0.0388, 'ndcg@5': 0.0254, 'hit@10': 0.0648, 'ndcg@10': 0.0337, 'hit@15': 0.0868, 'ndcg@15': 0.0395, 'hit@20': 0.107, 'ndcg@20': 0.0443, 'hit@40': 0.1721, 'ndcg@40': 0.0575} 
2024-10-09 11:46:19.247 | INFO     | trainer_1:_train_one_epoch:193 - epoch 28 8.68s Train loss is [0.3766] 
2024-10-09 11:46:29.079 | INFO     | trainer_1:_train_one_epoch:201 - validate 28 cost time 9.83s, result: {'hit@1': 0.0161, 'ndcg@1': 0.0161, 'hit@5': 0.0591, 'ndcg@5': 0.0376, 'hit@10': 0.0963, 'ndcg@10': 0.0495, 'hit@15': 0.1289, 'ndcg@15': 0.0582, 'hit@20': 0.1576, 'ndcg@20': 0.0649, 'hit@40': 0.2423, 'ndcg@40': 0.0822} 
2024-10-09 11:46:38.733 | INFO     | trainer_1:_train_one_epoch:209 - test 28 cost time 9.65s, result: {'hit@1': 0.0103, 'ndcg@1': 0.0103, 'hit@5': 0.0373, 'ndcg@5': 0.0238, 'hit@10': 0.064, 'ndcg@10': 0.0323, 'hit@15': 0.086, 'ndcg@15': 0.0381, 'hit@20': 0.1067, 'ndcg@20': 0.043, 'hit@40': 0.1731, 'ndcg@40': 0.0565} 
2024-10-09 11:46:47.348 | INFO     | trainer_1:_train_one_epoch:193 - epoch 29 8.61s Train loss is [0.3587] 
2024-10-09 11:46:57.187 | INFO     | trainer_1:_train_one_epoch:201 - validate 29 cost time 9.84s, result: {'hit@1': 0.0164, 'ndcg@1': 0.0164, 'hit@5': 0.0582, 'ndcg@5': 0.0375, 'hit@10': 0.0931, 'ndcg@10': 0.0487, 'hit@15': 0.1234, 'ndcg@15': 0.0567, 'hit@20': 0.1502, 'ndcg@20': 0.063, 'hit@40': 0.2329, 'ndcg@40': 0.0798} 
2024-10-09 11:47:06.853 | INFO     | trainer_1:_train_one_epoch:209 - test 29 cost time 9.67s, result: {'hit@1': 0.0105, 'ndcg@1': 0.0105, 'hit@5': 0.0374, 'ndcg@5': 0.0239, 'hit@10': 0.0614, 'ndcg@10': 0.0315, 'hit@15': 0.0821, 'ndcg@15': 0.037, 'hit@20': 0.1005, 'ndcg@20': 0.0413, 'hit@40': 0.1663, 'ndcg@40': 0.0547} 
2024-10-09 11:47:15.647 | INFO     | trainer_1:_train_one_epoch:193 - epoch 30 8.79s Train loss is [0.3639] 
2024-10-09 11:47:25.484 | INFO     | trainer_1:_train_one_epoch:201 - validate 30 cost time 9.84s, result: {'hit@1': 0.0159, 'ndcg@1': 0.0159, 'hit@5': 0.0565, 'ndcg@5': 0.0365, 'hit@10': 0.0907, 'ndcg@10': 0.0475, 'hit@15': 0.1211, 'ndcg@15': 0.0555, 'hit@20': 0.1487, 'ndcg@20': 0.062, 'hit@40': 0.2358, 'ndcg@40': 0.0797} 
2024-10-09 11:47:35.142 | INFO     | trainer_1:_train_one_epoch:209 - test 30 cost time 9.66s, result: {'hit@1': 0.011, 'ndcg@1': 0.011, 'hit@5': 0.0374, 'ndcg@5': 0.0241, 'hit@10': 0.061, 'ndcg@10': 0.0317, 'hit@15': 0.0826, 'ndcg@15': 0.0374, 'hit@20': 0.1005, 'ndcg@20': 0.0416, 'hit@40': 0.1677, 'ndcg@40': 0.0553} 
2024-10-09 11:47:43.837 | INFO     | trainer_1:_train_one_epoch:193 - epoch 31 8.69s Train loss is [0.3556] 
2024-10-09 11:47:53.677 | INFO     | trainer_1:_train_one_epoch:201 - validate 31 cost time 9.84s, result: {'hit@1': 0.0158, 'ndcg@1': 0.0158, 'hit@5': 0.0586, 'ndcg@5': 0.0373, 'hit@10': 0.096, 'ndcg@10': 0.0493, 'hit@15': 0.1287, 'ndcg@15': 0.0579, 'hit@20': 0.1548, 'ndcg@20': 0.0641, 'hit@40': 0.2454, 'ndcg@40': 0.0825} 
2024-10-09 11:48:03.345 | INFO     | trainer_1:_train_one_epoch:209 - test 31 cost time 9.67s, result: {'hit@1': 0.0106, 'ndcg@1': 0.0106, 'hit@5': 0.0383, 'ndcg@5': 0.0244, 'hit@10': 0.0657, 'ndcg@10': 0.0331, 'hit@15': 0.0875, 'ndcg@15': 0.0389, 'hit@20': 0.1072, 'ndcg@20': 0.0436, 'hit@40': 0.1742, 'ndcg@40': 0.0572} 
2024-10-09 11:48:23.107 | INFO     | trainer_1:_train_one_epoch:193 - epoch 32 8.92s Train loss is [0.3546] 
2024-10-09 11:48:32.950 | INFO     | trainer_1:_train_one_epoch:201 - validate 32 cost time 9.84s, result: {'hit@1': 0.0168, 'ndcg@1': 0.0168, 'hit@5': 0.0601, 'ndcg@5': 0.0386, 'hit@10': 0.1009, 'ndcg@10': 0.0517, 'hit@15': 0.1317, 'ndcg@15': 0.0598, 'hit@20': 0.1571, 'ndcg@20': 0.0658, 'hit@40': 0.2486, 'ndcg@40': 0.0845} 
2024-10-09 11:48:42.599 | INFO     | trainer_1:_train_one_epoch:209 - test 32 cost time 9.65s, result: {'hit@1': 0.0113, 'ndcg@1': 0.0113, 'hit@5': 0.0396, 'ndcg@5': 0.0253, 'hit@10': 0.0662, 'ndcg@10': 0.0338, 'hit@15': 0.0875, 'ndcg@15': 0.0395, 'hit@20': 0.1062, 'ndcg@20': 0.0439, 'hit@40': 0.176, 'ndcg@40': 0.0581} 
2024-10-09 11:49:02.664 | INFO     | trainer_1:_train_one_epoch:193 - epoch 33 9.52s Train loss is [0.3529] 
2024-10-09 11:49:12.538 | INFO     | trainer_1:_train_one_epoch:201 - validate 33 cost time 9.87s, result: {'hit@1': 0.0164, 'ndcg@1': 0.0164, 'hit@5': 0.0608, 'ndcg@5': 0.0388, 'hit@10': 0.0985, 'ndcg@10': 0.0508, 'hit@15': 0.1292, 'ndcg@15': 0.0589, 'hit@20': 0.1555, 'ndcg@20': 0.0652, 'hit@40': 0.2423, 'ndcg@40': 0.0828} 
2024-10-09 11:49:22.265 | INFO     | trainer_1:_train_one_epoch:209 - test 33 cost time 9.73s, result: {'hit@1': 0.0115, 'ndcg@1': 0.0115, 'hit@5': 0.0401, 'ndcg@5': 0.0256, 'hit@10': 0.065, 'ndcg@10': 0.0336, 'hit@15': 0.087, 'ndcg@15': 0.0394, 'hit@20': 0.1055, 'ndcg@20': 0.0438, 'hit@40': 0.1711, 'ndcg@40': 0.0571} 
2024-10-09 11:49:32.107 | INFO     | trainer_1:_train_one_epoch:193 - epoch 34 9.84s Train loss is [0.3450] 
2024-10-09 11:49:42.692 | INFO     | trainer_1:_train_one_epoch:201 - validate 34 cost time 10.58s, result: {'hit@1': 0.0161, 'ndcg@1': 0.0161, 'hit@5': 0.0603, 'ndcg@5': 0.0383, 'hit@10': 0.098, 'ndcg@10': 0.0503, 'hit@15': 0.1294, 'ndcg@15': 0.0586, 'hit@20': 0.1563, 'ndcg@20': 0.065, 'hit@40': 0.2453, 'ndcg@40': 0.0831} 
2024-10-09 11:49:52.580 | INFO     | trainer_1:_train_one_epoch:209 - test 34 cost time 9.89s, result: {'hit@1': 0.012, 'ndcg@1': 0.012, 'hit@5': 0.0395, 'ndcg@5': 0.0257, 'hit@10': 0.0664, 'ndcg@10': 0.0343, 'hit@15': 0.089, 'ndcg@15': 0.0403, 'hit@20': 0.1086, 'ndcg@20': 0.0449, 'hit@40': 0.1736, 'ndcg@40': 0.0581} 
2024-10-09 11:50:12.720 | INFO     | trainer_1:_train_one_epoch:193 - epoch 35 8.79s Train loss is [0.3498] 
2024-10-09 11:50:22.615 | INFO     | trainer_1:_train_one_epoch:201 - validate 35 cost time 9.89s, result: {'hit@1': 0.0175, 'ndcg@1': 0.0175, 'hit@5': 0.0604, 'ndcg@5': 0.0389, 'hit@10': 0.0994, 'ndcg@10': 0.0514, 'hit@15': 0.1303, 'ndcg@15': 0.0596, 'hit@20': 0.1556, 'ndcg@20': 0.0656, 'hit@40': 0.2421, 'ndcg@40': 0.0832} 
2024-10-09 11:50:32.330 | INFO     | trainer_1:_train_one_epoch:209 - test 35 cost time 9.71s, result: {'hit@1': 0.0118, 'ndcg@1': 0.0118, 'hit@5': 0.0408, 'ndcg@5': 0.0264, 'hit@10': 0.0665, 'ndcg@10': 0.0347, 'hit@15': 0.0874, 'ndcg@15': 0.0402, 'hit@20': 0.106, 'ndcg@20': 0.0446, 'hit@40': 0.1708, 'ndcg@40': 0.0577} 
2024-10-09 11:50:52.245 | INFO     | trainer_1:_train_one_epoch:193 - epoch 36 9.00s Train loss is [0.3482] 
2024-10-09 11:51:02.170 | INFO     | trainer_1:_train_one_epoch:201 - validate 36 cost time 9.92s, result: {'hit@1': 0.0167, 'ndcg@1': 0.0167, 'hit@5': 0.0589, 'ndcg@5': 0.0377, 'hit@10': 0.0989, 'ndcg@10': 0.0506, 'hit@15': 0.1315, 'ndcg@15': 0.0592, 'hit@20': 0.1607, 'ndcg@20': 0.0661, 'hit@40': 0.2526, 'ndcg@40': 0.0848} 
2024-10-09 11:51:11.889 | INFO     | trainer_1:_train_one_epoch:209 - test 36 cost time 9.72s, result: {'hit@1': 0.0114, 'ndcg@1': 0.0114, 'hit@5': 0.0402, 'ndcg@5': 0.0258, 'hit@10': 0.0665, 'ndcg@10': 0.0342, 'hit@15': 0.0903, 'ndcg@15': 0.0405, 'hit@20': 0.1086, 'ndcg@20': 0.0448, 'hit@40': 0.1766, 'ndcg@40': 0.0586} 
2024-10-09 11:51:20.714 | INFO     | trainer_1:_train_one_epoch:193 - epoch 37 8.82s Train loss is [0.3549] 
2024-10-09 11:51:30.649 | INFO     | trainer_1:_train_one_epoch:201 - validate 37 cost time 9.94s, result: {'hit@1': 0.0163, 'ndcg@1': 0.0163, 'hit@5': 0.0595, 'ndcg@5': 0.038, 'hit@10': 0.0984, 'ndcg@10': 0.0505, 'hit@15': 0.1309, 'ndcg@15': 0.059, 'hit@20': 0.1592, 'ndcg@20': 0.0657, 'hit@40': 0.2516, 'ndcg@40': 0.0845} 
2024-10-09 11:51:40.370 | INFO     | trainer_1:_train_one_epoch:209 - test 37 cost time 9.72s, result: {'hit@1': 0.0112, 'ndcg@1': 0.0112, 'hit@5': 0.0401, 'ndcg@5': 0.0255, 'hit@10': 0.067, 'ndcg@10': 0.0342, 'hit@15': 0.0889, 'ndcg@15': 0.0399, 'hit@20': 0.1073, 'ndcg@20': 0.0443, 'hit@40': 0.1769, 'ndcg@40': 0.0584} 
2024-10-09 11:51:59.990 | INFO     | trainer_1:_train_one_epoch:193 - epoch 38 8.80s Train loss is [0.3475] 
2024-10-09 11:52:09.874 | INFO     | trainer_1:_train_one_epoch:201 - validate 38 cost time 9.88s, result: {'hit@1': 0.0168, 'ndcg@1': 0.0168, 'hit@5': 0.0602, 'ndcg@5': 0.0387, 'hit@10': 0.0997, 'ndcg@10': 0.0513, 'hit@15': 0.1314, 'ndcg@15': 0.0597, 'hit@20': 0.159, 'ndcg@20': 0.0662, 'hit@40': 0.25, 'ndcg@40': 0.0847} 
2024-10-09 11:52:19.567 | INFO     | trainer_1:_train_one_epoch:209 - test 38 cost time 9.69s, result: {'hit@1': 0.0109, 'ndcg@1': 0.0109, 'hit@5': 0.0403, 'ndcg@5': 0.0255, 'hit@10': 0.0668, 'ndcg@10': 0.034, 'hit@15': 0.088, 'ndcg@15': 0.0396, 'hit@20': 0.1082, 'ndcg@20': 0.0443, 'hit@40': 0.1738, 'ndcg@40': 0.0576} 
2024-10-09 11:52:28.406 | INFO     | trainer_1:_train_one_epoch:193 - epoch 39 8.84s Train loss is [0.3563] 
2024-10-09 11:52:38.281 | INFO     | trainer_1:_train_one_epoch:201 - validate 39 cost time 9.87s, result: {'hit@1': 0.0175, 'ndcg@1': 0.0175, 'hit@5': 0.0646, 'ndcg@5': 0.0409, 'hit@10': 0.1031, 'ndcg@10': 0.0532, 'hit@15': 0.1358, 'ndcg@15': 0.0618, 'hit@20': 0.1641, 'ndcg@20': 0.0685, 'hit@40': 0.2588, 'ndcg@40': 0.0878} 
2024-10-09 11:52:47.969 | INFO     | trainer_1:_train_one_epoch:209 - test 39 cost time 9.69s, result: {'hit@1': 0.0107, 'ndcg@1': 0.0107, 'hit@5': 0.0406, 'ndcg@5': 0.0257, 'hit@10': 0.0679, 'ndcg@10': 0.0344, 'hit@15': 0.0904, 'ndcg@15': 0.0404, 'hit@20': 0.1111, 'ndcg@20': 0.0452, 'hit@40': 0.1783, 'ndcg@40': 0.0589} 
2024-10-09 11:53:08.012 | INFO     | trainer_1:_train_one_epoch:193 - epoch 40 9.17s Train loss is [0.3501] 
2024-10-09 11:53:15.966 | INFO     | trainer_1:_train_one_epoch:201 - validate 40 cost time 7.95s, result: {'hit@1': 0.0164, 'ndcg@1': 0.0164, 'hit@5': 0.061, 'ndcg@5': 0.0387, 'hit@10': 0.0996, 'ndcg@10': 0.0511, 'hit@15': 0.1349, 'ndcg@15': 0.0605, 'hit@20': 0.1638, 'ndcg@20': 0.0673, 'hit@40': 0.2549, 'ndcg@40': 0.0858} 
2024-10-09 11:53:23.647 | INFO     | trainer_1:_train_one_epoch:209 - test 40 cost time 7.68s, result: {'hit@1': 0.0111, 'ndcg@1': 0.0111, 'hit@5': 0.0397, 'ndcg@5': 0.0255, 'hit@10': 0.0664, 'ndcg@10': 0.0341, 'hit@15': 0.0888, 'ndcg@15': 0.04, 'hit@20': 0.1082, 'ndcg@20': 0.0446, 'hit@40': 0.1788, 'ndcg@40': 0.0589} 
2024-10-09 11:53:32.524 | INFO     | trainer_1:_train_one_epoch:193 - epoch 41 8.88s Train loss is [0.3459] 
2024-10-09 11:53:37.605 | INFO     | trainer_1:_train_one_epoch:201 - validate 41 cost time 5.08s, result: {'hit@1': 0.0171, 'ndcg@1': 0.0171, 'hit@5': 0.0602, 'ndcg@5': 0.0385, 'hit@10': 0.1006, 'ndcg@10': 0.0515, 'hit@15': 0.1332, 'ndcg@15': 0.0601, 'hit@20': 0.1634, 'ndcg@20': 0.0672, 'hit@40': 0.2574, 'ndcg@40': 0.0864} 
2024-10-09 11:53:44.001 | INFO     | trainer_1:_train_one_epoch:209 - test 41 cost time 6.40s, result: {'hit@1': 0.0105, 'ndcg@1': 0.0105, 'hit@5': 0.0384, 'ndcg@5': 0.0246, 'hit@10': 0.0675, 'ndcg@10': 0.034, 'hit@15': 0.0903, 'ndcg@15': 0.04, 'hit@20': 0.1096, 'ndcg@20': 0.0446, 'hit@40': 0.1793, 'ndcg@40': 0.0587} 
2024-10-09 11:53:53.170 | INFO     | trainer_1:_train_one_epoch:193 - epoch 42 9.17s Train loss is [0.3393] 
2024-10-09 11:54:01.033 | INFO     | trainer_1:_train_one_epoch:201 - validate 42 cost time 7.86s, result: {'hit@1': 0.0158, 'ndcg@1': 0.0158, 'hit@5': 0.0589, 'ndcg@5': 0.0374, 'hit@10': 0.0966, 'ndcg@10': 0.0495, 'hit@15': 0.1283, 'ndcg@15': 0.0579, 'hit@20': 0.1577, 'ndcg@20': 0.0648, 'hit@40': 0.2487, 'ndcg@40': 0.0834} 
2024-10-09 11:54:08.991 | INFO     | trainer_1:_train_one_epoch:209 - test 42 cost time 7.96s, result: {'hit@1': 0.0108, 'ndcg@1': 0.0108, 'hit@5': 0.0378, 'ndcg@5': 0.0244, 'hit@10': 0.0645, 'ndcg@10': 0.033, 'hit@15': 0.0854, 'ndcg@15': 0.0385, 'hit@20': 0.106, 'ndcg@20': 0.0434, 'hit@40': 0.1704, 'ndcg@40': 0.0565} 
2024-10-09 11:54:17.536 | INFO     | trainer_1:_train_one_epoch:193 - epoch 43 8.54s Train loss is [0.3451] 
2024-10-09 11:54:23.837 | INFO     | trainer_1:_train_one_epoch:201 - validate 43 cost time 6.30s, result: {'hit@1': 0.0152, 'ndcg@1': 0.0152, 'hit@5': 0.0597, 'ndcg@5': 0.0375, 'hit@10': 0.0997, 'ndcg@10': 0.0503, 'hit@15': 0.1326, 'ndcg@15': 0.059, 'hit@20': 0.1633, 'ndcg@20': 0.0663, 'hit@40': 0.2593, 'ndcg@40': 0.0858} 
2024-10-09 11:54:30.849 | INFO     | trainer_1:_train_one_epoch:209 - test 43 cost time 7.01s, result: {'hit@1': 0.0112, 'ndcg@1': 0.0112, 'hit@5': 0.0376, 'ndcg@5': 0.0245, 'hit@10': 0.0659, 'ndcg@10': 0.0336, 'hit@15': 0.0897, 'ndcg@15': 0.0398, 'hit@20': 0.1096, 'ndcg@20': 0.0445, 'hit@40': 0.179, 'ndcg@40': 0.0586} 
2024-10-09 11:54:39.578 | INFO     | trainer_1:_train_one_epoch:193 - epoch 44 8.73s Train loss is [0.3392] 
2024-10-09 11:54:48.529 | INFO     | trainer_1:_train_one_epoch:201 - validate 44 cost time 8.95s, result: {'hit@1': 0.0163, 'ndcg@1': 0.0163, 'hit@5': 0.0629, 'ndcg@5': 0.0394, 'hit@10': 0.1062, 'ndcg@10': 0.0533, 'hit@15': 0.1416, 'ndcg@15': 0.0626, 'hit@20': 0.1719, 'ndcg@20': 0.0698, 'hit@40': 0.2686, 'ndcg@40': 0.0895} 
2024-10-09 11:54:55.990 | INFO     | trainer_1:_train_one_epoch:209 - test 44 cost time 7.46s, result: {'hit@1': 0.0126, 'ndcg@1': 0.0126, 'hit@5': 0.042, 'ndcg@5': 0.0272, 'hit@10': 0.071, 'ndcg@10': 0.0364, 'hit@15': 0.0949, 'ndcg@15': 0.0427, 'hit@20': 0.1156, 'ndcg@20': 0.0476, 'hit@40': 0.1861, 'ndcg@40': 0.0619} 
2024-10-09 11:55:16.026 | INFO     | trainer_1:_train_one_epoch:193 - epoch 45 9.23s Train loss is [0.3414] 
2024-10-09 11:55:25.061 | INFO     | trainer_1:_train_one_epoch:201 - validate 45 cost time 9.03s, result: {'hit@1': 0.0175, 'ndcg@1': 0.0175, 'hit@5': 0.0618, 'ndcg@5': 0.0397, 'hit@10': 0.1033, 'ndcg@10': 0.0531, 'hit@15': 0.1346, 'ndcg@15': 0.0613, 'hit@20': 0.162, 'ndcg@20': 0.0678, 'hit@40': 0.2595, 'ndcg@40': 0.0876} 
2024-10-09 11:55:33.839 | INFO     | trainer_1:_train_one_epoch:209 - test 45 cost time 8.78s, result: {'hit@1': 0.0121, 'ndcg@1': 0.0121, 'hit@5': 0.0401, 'ndcg@5': 0.026, 'hit@10': 0.0657, 'ndcg@10': 0.0342, 'hit@15': 0.0869, 'ndcg@15': 0.0398, 'hit@20': 0.1097, 'ndcg@20': 0.0452, 'hit@40': 0.1767, 'ndcg@40': 0.0588} 
2024-10-09 11:55:42.454 | INFO     | trainer_1:_train_one_epoch:193 - epoch 46 8.61s Train loss is [0.3423] 
2024-10-09 11:55:47.546 | INFO     | trainer_1:_train_one_epoch:201 - validate 46 cost time 5.09s, result: {'hit@1': 0.0159, 'ndcg@1': 0.0159, 'hit@5': 0.0613, 'ndcg@5': 0.0388, 'hit@10': 0.1008, 'ndcg@10': 0.0515, 'hit@15': 0.1358, 'ndcg@15': 0.0608, 'hit@20': 0.167, 'ndcg@20': 0.0681, 'hit@40': 0.2613, 'ndcg@40': 0.0873} 
2024-10-09 11:55:53.855 | INFO     | trainer_1:_train_one_epoch:209 - test 46 cost time 6.31s, result: {'hit@1': 0.0119, 'ndcg@1': 0.0119, 'hit@5': 0.0411, 'ndcg@5': 0.0263, 'hit@10': 0.0682, 'ndcg@10': 0.0349, 'hit@15': 0.0901, 'ndcg@15': 0.0407, 'hit@20': 0.1112, 'ndcg@20': 0.0457, 'hit@40': 0.1804, 'ndcg@40': 0.0598} 
2024-10-09 11:56:02.579 | INFO     | trainer_1:_train_one_epoch:193 - epoch 47 8.72s Train loss is [0.3370] 
2024-10-09 11:56:11.600 | INFO     | trainer_1:_train_one_epoch:201 - validate 47 cost time 9.02s, result: {'hit@1': 0.0173, 'ndcg@1': 0.0173, 'hit@5': 0.0627, 'ndcg@5': 0.0399, 'hit@10': 0.1046, 'ndcg@10': 0.0534, 'hit@15': 0.1379, 'ndcg@15': 0.0622, 'hit@20': 0.1672, 'ndcg@20': 0.0691, 'hit@40': 0.2597, 'ndcg@40': 0.088} 
2024-10-09 11:56:20.366 | INFO     | trainer_1:_train_one_epoch:209 - test 47 cost time 8.77s, result: {'hit@1': 0.0123, 'ndcg@1': 0.0123, 'hit@5': 0.0404, 'ndcg@5': 0.0263, 'hit@10': 0.0692, 'ndcg@10': 0.0355, 'hit@15': 0.092, 'ndcg@15': 0.0415, 'hit@20': 0.1131, 'ndcg@20': 0.0465, 'hit@40': 0.1813, 'ndcg@40': 0.0604} 
2024-10-09 11:56:29.027 | INFO     | trainer_1:_train_one_epoch:193 - epoch 48 8.66s Train loss is [0.3362] 
2024-10-09 11:56:34.529 | INFO     | trainer_1:_train_one_epoch:201 - validate 48 cost time 5.50s, result: {'hit@1': 0.0161, 'ndcg@1': 0.0161, 'hit@5': 0.0601, 'ndcg@5': 0.0383, 'hit@10': 0.1006, 'ndcg@10': 0.0513, 'hit@15': 0.1336, 'ndcg@15': 0.06, 'hit@20': 0.1638, 'ndcg@20': 0.0671, 'hit@40': 0.2581, 'ndcg@40': 0.0863} 
2024-10-09 11:56:40.799 | INFO     | trainer_1:_train_one_epoch:209 - test 48 cost time 6.27s, result: {'hit@1': 0.0116, 'ndcg@1': 0.0116, 'hit@5': 0.0398, 'ndcg@5': 0.0256, 'hit@10': 0.0666, 'ndcg@10': 0.0342, 'hit@15': 0.0895, 'ndcg@15': 0.0402, 'hit@20': 0.11, 'ndcg@20': 0.045, 'hit@40': 0.1807, 'ndcg@40': 0.0594} 
2024-10-09 11:56:49.428 | INFO     | trainer_1:_train_one_epoch:193 - epoch 49 8.63s Train loss is [0.3389] 
2024-10-09 11:56:58.343 | INFO     | trainer_1:_train_one_epoch:201 - validate 49 cost time 8.91s, result: {'hit@1': 0.0168, 'ndcg@1': 0.0168, 'hit@5': 0.0618, 'ndcg@5': 0.0392, 'hit@10': 0.104, 'ndcg@10': 0.0528, 'hit@15': 0.139, 'ndcg@15': 0.062, 'hit@20': 0.1692, 'ndcg@20': 0.0691, 'hit@40': 0.2655, 'ndcg@40': 0.0887} 
2024-10-09 11:57:07.248 | INFO     | trainer_1:_train_one_epoch:209 - test 49 cost time 8.90s, result: {'hit@1': 0.0117, 'ndcg@1': 0.0117, 'hit@5': 0.0431, 'ndcg@5': 0.0274, 'hit@10': 0.0685, 'ndcg@10': 0.0355, 'hit@15': 0.0922, 'ndcg@15': 0.0418, 'hit@20': 0.1131, 'ndcg@20': 0.0467, 'hit@40': 0.1831, 'ndcg@40': 0.061} 
2024-10-09 11:57:07.259 | INFO     | trainer_1:train_model:163 - training end, best iteration 44, results: {'hit@1': 0.0163, 'ndcg@1': 0.0163, 'hit@5': 0.0629, 'ndcg@5': 0.0394, 'hit@10': 0.1062, 'ndcg@10': 0.0533, 'hit@15': 0.1416, 'ndcg@15': 0.0626, 'hit@20': 0.1719, 'ndcg@20': 0.0698, 'hit@40': 0.2686, 'ndcg@40': 0.0895}
2024-10-09 11:57:07.260 | INFO     | trainer_1:train_model:166 - final test result is:  {'hit@1': 0.0126, 'ndcg@1': 0.0126, 'hit@5': 0.042, 'ndcg@5': 0.0272, 'hit@10': 0.071, 'ndcg@10': 0.0364, 'hit@15': 0.0949, 'ndcg@15': 0.0427, 'hit@20': 0.1156, 'ndcg@20': 0.0476, 'hit@40': 0.1861, 'ndcg@40': 0.0619}
2024-10-09 11:57:07.555 | INFO     | __main__:<module>:119 - train end total cost time: 2976.158557653427
