2024-10-09 11:57:42.574 | INFO     | __main__:<module>:105 - Namespace(TIME='2024-10-09 11_57_10', batch_size=1024, behaviors=['view', 'cart', 'buy'], check_point='model_pre_1_2024-10-08 12_13_12.pth', data_name='beibei', data_path='./data/beibei', decay=0.001, device='cuda:1', dim_qk=32, dim_v=64, distill_layers=2, distill_thres=0.5, distill_topK=10, distill_userK=8, embedding_size=64, epochs=100, gpu_no=1, if_load_model=True, ii_lambda=200, initializer_range=0.02, layers=2, loss_type='bpr', lr=0.001, message_dropout=0.25, metrics=['hit', 'ndcg'], min_epoch=5, model_name='main_1', model_path='./check_point', node_dropout=0.75, omega=1, pt_loop=50, reg_weight=0.001, test_batch_size=1024, testbatch=1024, topk=[1, 5, 10, 15, 20, 40], uu_lambda=100)
2024-10-09 11:57:42.575 | INFO     | __main__:<module>:106 - BIPN(
  (message_dropout): Dropout(p=0.25, inplace=False)
  (user_embedding): Embedding(21717, 64, padding_idx=0)
  (item_embedding): Embedding(7978, 64, padding_idx=0)
  (global_Graph): LightGCN()
  (Graph_encoder): ModuleDict(
    (view): GraphEncoder(
      (light): LightGCN()
      (dropout): Dropout(p=0.75, inplace=False)
    )
    (cart): GraphEncoder(
      (light): LightGCN()
      (dropout): Dropout(p=0.75, inplace=False)
    )
    (buy): GraphEncoder(
      (light): LightGCN()
      (dropout): Dropout(p=0.75, inplace=False)
    )
  )
  (attention): Mutual_Attention()
  (bpr_loss): BPRLoss()
  (emb_loss): EmbLoss()
  (f): Sigmoid()
)
2024-10-09 12:25:18.592 | INFO     | trainer_1:_train_one_epoch:193 - epoch 1 6.57s Train loss is [0.9085] 
2024-10-09 12:25:28.472 | INFO     | trainer_1:_train_one_epoch:201 - validate 1 cost time 9.88s, result: {'hit@1': 0.0077, 'ndcg@1': 0.0077, 'hit@5': 0.0299, 'ndcg@5': 0.0188, 'hit@10': 0.0501, 'ndcg@10': 0.0252, 'hit@15': 0.0686, 'ndcg@15': 0.0301, 'hit@20': 0.0855, 'ndcg@20': 0.0341, 'hit@40': 0.1441, 'ndcg@40': 0.046} 
2024-10-09 12:25:38.194 | INFO     | trainer_1:_train_one_epoch:209 - test 1 cost time 9.72s, result: {'hit@1': 0.0039, 'ndcg@1': 0.0039, 'hit@5': 0.0182, 'ndcg@5': 0.0109, 'hit@10': 0.0351, 'ndcg@10': 0.0163, 'hit@15': 0.0495, 'ndcg@15': 0.0201, 'hit@20': 0.0616, 'ndcg@20': 0.023, 'hit@40': 0.1054, 'ndcg@40': 0.0319} 
2024-10-09 12:25:54.960 | INFO     | trainer_1:_train_one_epoch:193 - epoch 2 6.35s Train loss is [0.6845] 
2024-10-09 12:26:04.778 | INFO     | trainer_1:_train_one_epoch:201 - validate 2 cost time 9.82s, result: {'hit@1': 0.0078, 'ndcg@1': 0.0078, 'hit@5': 0.0329, 'ndcg@5': 0.0203, 'hit@10': 0.0574, 'ndcg@10': 0.0282, 'hit@15': 0.0772, 'ndcg@15': 0.0334, 'hit@20': 0.0953, 'ndcg@20': 0.0377, 'hit@40': 0.159, 'ndcg@40': 0.0506} 
2024-10-09 12:26:14.582 | INFO     | trainer_1:_train_one_epoch:209 - test 2 cost time 9.80s, result: {'hit@1': 0.0048, 'ndcg@1': 0.0048, 'hit@5': 0.0198, 'ndcg@5': 0.0121, 'hit@10': 0.036, 'ndcg@10': 0.0173, 'hit@15': 0.0523, 'ndcg@15': 0.0216, 'hit@20': 0.0658, 'ndcg@20': 0.0248, 'hit@40': 0.1148, 'ndcg@40': 0.0347} 
2024-10-09 12:26:32.668 | INFO     | trainer_1:_train_one_epoch:193 - epoch 3 6.87s Train loss is [0.6093] 
2024-10-09 12:26:42.471 | INFO     | trainer_1:_train_one_epoch:201 - validate 3 cost time 9.80s, result: {'hit@1': 0.0093, 'ndcg@1': 0.0093, 'hit@5': 0.0372, 'ndcg@5': 0.0231, 'hit@10': 0.065, 'ndcg@10': 0.032, 'hit@15': 0.0904, 'ndcg@15': 0.0387, 'hit@20': 0.1143, 'ndcg@20': 0.0444, 'hit@40': 0.1874, 'ndcg@40': 0.0593} 
2024-10-09 12:26:52.176 | INFO     | trainer_1:_train_one_epoch:209 - test 3 cost time 9.70s, result: {'hit@1': 0.0055, 'ndcg@1': 0.0055, 'hit@5': 0.0233, 'ndcg@5': 0.0143, 'hit@10': 0.0436, 'ndcg@10': 0.0207, 'hit@15': 0.0611, 'ndcg@15': 0.0253, 'hit@20': 0.076, 'ndcg@20': 0.0288, 'hit@40': 0.1335, 'ndcg@40': 0.0405} 
2024-10-09 12:27:10.995 | INFO     | trainer_1:_train_one_epoch:193 - epoch 4 7.89s Train loss is [0.5779] 
2024-10-09 12:27:20.769 | INFO     | trainer_1:_train_one_epoch:201 - validate 4 cost time 9.77s, result: {'hit@1': 0.0109, 'ndcg@1': 0.0109, 'hit@5': 0.0415, 'ndcg@5': 0.0263, 'hit@10': 0.07, 'ndcg@10': 0.0354, 'hit@15': 0.0964, 'ndcg@15': 0.0424, 'hit@20': 0.1186, 'ndcg@20': 0.0477, 'hit@40': 0.1898, 'ndcg@40': 0.0621} 
2024-10-09 12:27:30.452 | INFO     | trainer_1:_train_one_epoch:209 - test 4 cost time 9.68s, result: {'hit@1': 0.0064, 'ndcg@1': 0.0064, 'hit@5': 0.0227, 'ndcg@5': 0.0146, 'hit@10': 0.0428, 'ndcg@10': 0.021, 'hit@15': 0.0594, 'ndcg@15': 0.0253, 'hit@20': 0.0755, 'ndcg@20': 0.0291, 'hit@40': 0.1273, 'ndcg@40': 0.0397} 
2024-10-09 12:27:38.280 | INFO     | trainer_1:_train_one_epoch:193 - epoch 5 7.83s Train loss is [0.5413] 
2024-10-09 12:27:48.142 | INFO     | trainer_1:_train_one_epoch:201 - validate 5 cost time 9.86s, result: {'hit@1': 0.0124, 'ndcg@1': 0.0124, 'hit@5': 0.044, 'ndcg@5': 0.0281, 'hit@10': 0.0749, 'ndcg@10': 0.038, 'hit@15': 0.0999, 'ndcg@15': 0.0446, 'hit@20': 0.1242, 'ndcg@20': 0.0504, 'hit@40': 0.1971, 'ndcg@40': 0.0652} 
2024-10-09 12:27:57.871 | INFO     | trainer_1:_train_one_epoch:209 - test 5 cost time 9.73s, result: {'hit@1': 0.0073, 'ndcg@1': 0.0073, 'hit@5': 0.0264, 'ndcg@5': 0.0166, 'hit@10': 0.0453, 'ndcg@10': 0.0227, 'hit@15': 0.0631, 'ndcg@15': 0.0273, 'hit@20': 0.0779, 'ndcg@20': 0.0308, 'hit@40': 0.132, 'ndcg@40': 0.0418} 
2024-10-09 12:28:15.515 | INFO     | trainer_1:_train_one_epoch:193 - epoch 6 6.95s Train loss is [0.5255] 
2024-10-09 12:28:25.328 | INFO     | trainer_1:_train_one_epoch:201 - validate 6 cost time 9.81s, result: {'hit@1': 0.0131, 'ndcg@1': 0.0131, 'hit@5': 0.0451, 'ndcg@5': 0.0289, 'hit@10': 0.074, 'ndcg@10': 0.0381, 'hit@15': 0.1008, 'ndcg@15': 0.0451, 'hit@20': 0.124, 'ndcg@20': 0.0506, 'hit@40': 0.1993, 'ndcg@40': 0.066} 
2024-10-09 12:28:35.059 | INFO     | trainer_1:_train_one_epoch:209 - test 6 cost time 9.73s, result: {'hit@1': 0.0065, 'ndcg@1': 0.0065, 'hit@5': 0.0285, 'ndcg@5': 0.0175, 'hit@10': 0.0476, 'ndcg@10': 0.0236, 'hit@15': 0.0663, 'ndcg@15': 0.0286, 'hit@20': 0.0826, 'ndcg@20': 0.0324, 'hit@40': 0.1404, 'ndcg@40': 0.0442} 
2024-10-09 12:28:54.428 | INFO     | trainer_1:_train_one_epoch:193 - epoch 7 8.79s Train loss is [0.4940] 
2024-10-09 12:29:04.570 | INFO     | trainer_1:_train_one_epoch:201 - validate 7 cost time 10.14s, result: {'hit@1': 0.0122, 'ndcg@1': 0.0122, 'hit@5': 0.0432, 'ndcg@5': 0.0275, 'hit@10': 0.0722, 'ndcg@10': 0.0368, 'hit@15': 0.0994, 'ndcg@15': 0.044, 'hit@20': 0.1235, 'ndcg@20': 0.0497, 'hit@40': 0.1989, 'ndcg@40': 0.065} 
2024-10-09 12:29:15.327 | INFO     | trainer_1:_train_one_epoch:209 - test 7 cost time 10.76s, result: {'hit@1': 0.0061, 'ndcg@1': 0.0061, 'hit@5': 0.0258, 'ndcg@5': 0.0158, 'hit@10': 0.0472, 'ndcg@10': 0.0227, 'hit@15': 0.064, 'ndcg@15': 0.0271, 'hit@20': 0.08, 'ndcg@20': 0.0309, 'hit@40': 0.1421, 'ndcg@40': 0.0435} 
2024-10-09 12:29:24.435 | INFO     | trainer_1:_train_one_epoch:193 - epoch 8 9.11s Train loss is [0.4933] 
2024-10-09 12:29:34.243 | INFO     | trainer_1:_train_one_epoch:201 - validate 8 cost time 9.81s, result: {'hit@1': 0.0124, 'ndcg@1': 0.0124, 'hit@5': 0.0434, 'ndcg@5': 0.0278, 'hit@10': 0.074, 'ndcg@10': 0.0376, 'hit@15': 0.1001, 'ndcg@15': 0.0445, 'hit@20': 0.1229, 'ndcg@20': 0.0499, 'hit@40': 0.2001, 'ndcg@40': 0.0657} 
2024-10-09 12:29:43.926 | INFO     | trainer_1:_train_one_epoch:209 - test 8 cost time 9.68s, result: {'hit@1': 0.008, 'ndcg@1': 0.008, 'hit@5': 0.0269, 'ndcg@5': 0.0174, 'hit@10': 0.0472, 'ndcg@10': 0.0238, 'hit@15': 0.0647, 'ndcg@15': 0.0284, 'hit@20': 0.0811, 'ndcg@20': 0.0323, 'hit@40': 0.1422, 'ndcg@40': 0.0448} 
2024-10-09 12:29:50.350 | INFO     | trainer_1:_train_one_epoch:193 - epoch 9 6.42s Train loss is [0.4692] 
2024-10-09 12:30:00.222 | INFO     | trainer_1:_train_one_epoch:201 - validate 9 cost time 9.87s, result: {'hit@1': 0.0106, 'ndcg@1': 0.0106, 'hit@5': 0.0437, 'ndcg@5': 0.0272, 'hit@10': 0.0741, 'ndcg@10': 0.037, 'hit@15': 0.1008, 'ndcg@15': 0.0441, 'hit@20': 0.1242, 'ndcg@20': 0.0496, 'hit@40': 0.2023, 'ndcg@40': 0.0654} 
2024-10-09 12:30:09.962 | INFO     | trainer_1:_train_one_epoch:209 - test 9 cost time 9.74s, result: {'hit@1': 0.0069, 'ndcg@1': 0.0069, 'hit@5': 0.0273, 'ndcg@5': 0.017, 'hit@10': 0.0456, 'ndcg@10': 0.0229, 'hit@15': 0.063, 'ndcg@15': 0.0275, 'hit@20': 0.0816, 'ndcg@20': 0.0319, 'hit@40': 0.1402, 'ndcg@40': 0.0438} 
2024-10-09 12:30:16.262 | INFO     | trainer_1:_train_one_epoch:193 - epoch 10 6.30s Train loss is [0.4578] 
2024-10-09 12:30:26.020 | INFO     | trainer_1:_train_one_epoch:201 - validate 10 cost time 9.76s, result: {'hit@1': 0.012, 'ndcg@1': 0.012, 'hit@5': 0.0463, 'ndcg@5': 0.0289, 'hit@10': 0.077, 'ndcg@10': 0.0387, 'hit@15': 0.1055, 'ndcg@15': 0.0463, 'hit@20': 0.1292, 'ndcg@20': 0.0518, 'hit@40': 0.2102, 'ndcg@40': 0.0684} 
2024-10-09 12:30:35.714 | INFO     | trainer_1:_train_one_epoch:209 - test 10 cost time 9.69s, result: {'hit@1': 0.0066, 'ndcg@1': 0.0066, 'hit@5': 0.0287, 'ndcg@5': 0.0175, 'hit@10': 0.0482, 'ndcg@10': 0.0238, 'hit@15': 0.0667, 'ndcg@15': 0.0286, 'hit@20': 0.0839, 'ndcg@20': 0.0327, 'hit@40': 0.1446, 'ndcg@40': 0.045} 
2024-10-09 12:30:53.057 | INFO     | trainer_1:_train_one_epoch:193 - epoch 11 6.29s Train loss is [0.4441] 
2024-10-09 12:31:02.814 | INFO     | trainer_1:_train_one_epoch:201 - validate 11 cost time 9.76s, result: {'hit@1': 0.0111, 'ndcg@1': 0.0111, 'hit@5': 0.0425, 'ndcg@5': 0.0267, 'hit@10': 0.0735, 'ndcg@10': 0.0366, 'hit@15': 0.1017, 'ndcg@15': 0.0441, 'hit@20': 0.1255, 'ndcg@20': 0.0497, 'hit@40': 0.2027, 'ndcg@40': 0.0654} 
2024-10-09 12:31:12.466 | INFO     | trainer_1:_train_one_epoch:209 - test 11 cost time 9.65s, result: {'hit@1': 0.0067, 'ndcg@1': 0.0067, 'hit@5': 0.027, 'ndcg@5': 0.0167, 'hit@10': 0.0466, 'ndcg@10': 0.0231, 'hit@15': 0.0634, 'ndcg@15': 0.0275, 'hit@20': 0.0822, 'ndcg@20': 0.0319, 'hit@40': 0.1399, 'ndcg@40': 0.0436} 
2024-10-09 12:31:18.831 | INFO     | trainer_1:_train_one_epoch:193 - epoch 12 6.36s Train loss is [0.4514] 
2024-10-09 12:31:28.675 | INFO     | trainer_1:_train_one_epoch:201 - validate 12 cost time 9.84s, result: {'hit@1': 0.0117, 'ndcg@1': 0.0117, 'hit@5': 0.0427, 'ndcg@5': 0.0272, 'hit@10': 0.0736, 'ndcg@10': 0.0371, 'hit@15': 0.1006, 'ndcg@15': 0.0442, 'hit@20': 0.127, 'ndcg@20': 0.0505, 'hit@40': 0.2007, 'ndcg@40': 0.0655} 
2024-10-09 12:31:38.366 | INFO     | trainer_1:_train_one_epoch:209 - test 12 cost time 9.69s, result: {'hit@1': 0.007, 'ndcg@1': 0.007, 'hit@5': 0.0281, 'ndcg@5': 0.0174, 'hit@10': 0.0481, 'ndcg@10': 0.0238, 'hit@15': 0.0647, 'ndcg@15': 0.0282, 'hit@20': 0.0817, 'ndcg@20': 0.0322, 'hit@40': 0.1402, 'ndcg@40': 0.0441} 
2024-10-09 12:31:44.654 | INFO     | trainer_1:_train_one_epoch:193 - epoch 13 6.29s Train loss is [0.4494] 
2024-10-09 12:31:54.392 | INFO     | trainer_1:_train_one_epoch:201 - validate 13 cost time 9.74s, result: {'hit@1': 0.0113, 'ndcg@1': 0.0113, 'hit@5': 0.0465, 'ndcg@5': 0.0289, 'hit@10': 0.0829, 'ndcg@10': 0.0406, 'hit@15': 0.1101, 'ndcg@15': 0.0478, 'hit@20': 0.1379, 'ndcg@20': 0.0544, 'hit@40': 0.2186, 'ndcg@40': 0.0708} 
2024-10-09 12:32:04.127 | INFO     | trainer_1:_train_one_epoch:209 - test 13 cost time 9.73s, result: {'hit@1': 0.0081, 'ndcg@1': 0.0081, 'hit@5': 0.0303, 'ndcg@5': 0.0191, 'hit@10': 0.0523, 'ndcg@10': 0.0261, 'hit@15': 0.0704, 'ndcg@15': 0.0309, 'hit@20': 0.0882, 'ndcg@20': 0.0351, 'hit@40': 0.1518, 'ndcg@40': 0.048} 
2024-10-09 12:32:26.004 | INFO     | trainer_1:_train_one_epoch:193 - epoch 14 9.37s Train loss is [0.4317] 
2024-10-09 12:32:35.898 | INFO     | trainer_1:_train_one_epoch:201 - validate 14 cost time 9.89s, result: {'hit@1': 0.0124, 'ndcg@1': 0.0124, 'hit@5': 0.0479, 'ndcg@5': 0.0302, 'hit@10': 0.0823, 'ndcg@10': 0.0412, 'hit@15': 0.1116, 'ndcg@15': 0.0489, 'hit@20': 0.1391, 'ndcg@20': 0.0554, 'hit@40': 0.2197, 'ndcg@40': 0.0718} 
2024-10-09 12:32:45.594 | INFO     | trainer_1:_train_one_epoch:209 - test 14 cost time 9.69s, result: {'hit@1': 0.0081, 'ndcg@1': 0.0081, 'hit@5': 0.0302, 'ndcg@5': 0.0189, 'hit@10': 0.0537, 'ndcg@10': 0.0265, 'hit@15': 0.0734, 'ndcg@15': 0.0317, 'hit@20': 0.0922, 'ndcg@20': 0.0361, 'hit@40': 0.1551, 'ndcg@40': 0.049} 
2024-10-09 12:33:05.564 | INFO     | trainer_1:_train_one_epoch:193 - epoch 15 8.57s Train loss is [0.4308] 
2024-10-09 12:33:15.504 | INFO     | trainer_1:_train_one_epoch:201 - validate 15 cost time 9.94s, result: {'hit@1': 0.0121, 'ndcg@1': 0.0121, 'hit@5': 0.047, 'ndcg@5': 0.0296, 'hit@10': 0.079, 'ndcg@10': 0.0398, 'hit@15': 0.1072, 'ndcg@15': 0.0473, 'hit@20': 0.1335, 'ndcg@20': 0.0535, 'hit@40': 0.2115, 'ndcg@40': 0.0694} 
2024-10-09 12:33:25.174 | INFO     | trainer_1:_train_one_epoch:209 - test 15 cost time 9.67s, result: {'hit@1': 0.0087, 'ndcg@1': 0.0087, 'hit@5': 0.0306, 'ndcg@5': 0.0195, 'hit@10': 0.0523, 'ndcg@10': 0.0264, 'hit@15': 0.0702, 'ndcg@15': 0.0312, 'hit@20': 0.0881, 'ndcg@20': 0.0354, 'hit@40': 0.1504, 'ndcg@40': 0.0481} 
2024-10-09 12:33:33.674 | INFO     | trainer_1:_train_one_epoch:193 - epoch 16 8.50s Train loss is [0.4100] 
2024-10-09 12:33:43.587 | INFO     | trainer_1:_train_one_epoch:201 - validate 16 cost time 9.91s, result: {'hit@1': 0.0134, 'ndcg@1': 0.0134, 'hit@5': 0.0527, 'ndcg@5': 0.0328, 'hit@10': 0.0851, 'ndcg@10': 0.0431, 'hit@15': 0.1137, 'ndcg@15': 0.0507, 'hit@20': 0.1389, 'ndcg@20': 0.0566, 'hit@40': 0.2229, 'ndcg@40': 0.0737} 
2024-10-09 12:33:53.438 | INFO     | trainer_1:_train_one_epoch:209 - test 16 cost time 9.85s, result: {'hit@1': 0.0099, 'ndcg@1': 0.0099, 'hit@5': 0.0353, 'ndcg@5': 0.0224, 'hit@10': 0.0587, 'ndcg@10': 0.0299, 'hit@15': 0.0773, 'ndcg@15': 0.0348, 'hit@20': 0.0944, 'ndcg@20': 0.0388, 'hit@40': 0.1598, 'ndcg@40': 0.0521} 
2024-10-09 12:34:14.194 | INFO     | trainer_1:_train_one_epoch:193 - epoch 17 9.50s Train loss is [0.4122] 
2024-10-09 12:34:24.068 | INFO     | trainer_1:_train_one_epoch:201 - validate 17 cost time 9.87s, result: {'hit@1': 0.0134, 'ndcg@1': 0.0134, 'hit@5': 0.0519, 'ndcg@5': 0.0326, 'hit@10': 0.088, 'ndcg@10': 0.0442, 'hit@15': 0.1181, 'ndcg@15': 0.0522, 'hit@20': 0.1452, 'ndcg@20': 0.0586, 'hit@40': 0.2325, 'ndcg@40': 0.0764} 
2024-10-09 12:34:33.741 | INFO     | trainer_1:_train_one_epoch:209 - test 17 cost time 9.67s, result: {'hit@1': 0.0097, 'ndcg@1': 0.0097, 'hit@5': 0.0355, 'ndcg@5': 0.0226, 'hit@10': 0.0598, 'ndcg@10': 0.0303, 'hit@15': 0.0798, 'ndcg@15': 0.0357, 'hit@20': 0.0993, 'ndcg@20': 0.0403, 'hit@40': 0.165, 'ndcg@40': 0.0536} 
2024-10-09 12:34:54.387 | INFO     | trainer_1:_train_one_epoch:193 - epoch 18 9.48s Train loss is [0.4030] 
2024-10-09 12:35:04.263 | INFO     | trainer_1:_train_one_epoch:201 - validate 18 cost time 9.88s, result: {'hit@1': 0.0142, 'ndcg@1': 0.0142, 'hit@5': 0.052, 'ndcg@5': 0.0331, 'hit@10': 0.0862, 'ndcg@10': 0.0441, 'hit@15': 0.1158, 'ndcg@15': 0.0519, 'hit@20': 0.1415, 'ndcg@20': 0.058, 'hit@40': 0.2263, 'ndcg@40': 0.0752} 
2024-10-09 12:35:13.919 | INFO     | trainer_1:_train_one_epoch:209 - test 18 cost time 9.66s, result: {'hit@1': 0.0093, 'ndcg@1': 0.0093, 'hit@5': 0.0344, 'ndcg@5': 0.0219, 'hit@10': 0.0579, 'ndcg@10': 0.0294, 'hit@15': 0.0786, 'ndcg@15': 0.0349, 'hit@20': 0.0967, 'ndcg@20': 0.0392, 'hit@40': 0.1622, 'ndcg@40': 0.0525} 
2024-10-09 12:35:22.770 | INFO     | trainer_1:_train_one_epoch:193 - epoch 19 8.85s Train loss is [0.4016] 
2024-10-09 12:35:32.669 | INFO     | trainer_1:_train_one_epoch:201 - validate 19 cost time 9.90s, result: {'hit@1': 0.014, 'ndcg@1': 0.014, 'hit@5': 0.049, 'ndcg@5': 0.0317, 'hit@10': 0.0828, 'ndcg@10': 0.0425, 'hit@15': 0.1127, 'ndcg@15': 0.0504, 'hit@20': 0.1384, 'ndcg@20': 0.0564, 'hit@40': 0.2226, 'ndcg@40': 0.0736} 
2024-10-09 12:35:42.355 | INFO     | trainer_1:_train_one_epoch:209 - test 19 cost time 9.69s, result: {'hit@1': 0.01, 'ndcg@1': 0.01, 'hit@5': 0.033, 'ndcg@5': 0.0213, 'hit@10': 0.0578, 'ndcg@10': 0.0293, 'hit@15': 0.0772, 'ndcg@15': 0.0344, 'hit@20': 0.0952, 'ndcg@20': 0.0387, 'hit@40': 0.1584, 'ndcg@40': 0.0515} 
2024-10-09 12:35:50.830 | INFO     | trainer_1:_train_one_epoch:193 - epoch 20 8.47s Train loss is [0.4019] 
2024-10-09 12:36:00.677 | INFO     | trainer_1:_train_one_epoch:201 - validate 20 cost time 9.85s, result: {'hit@1': 0.0152, 'ndcg@1': 0.0152, 'hit@5': 0.0519, 'ndcg@5': 0.0337, 'hit@10': 0.0856, 'ndcg@10': 0.0445, 'hit@15': 0.1147, 'ndcg@15': 0.0522, 'hit@20': 0.1412, 'ndcg@20': 0.0585, 'hit@40': 0.2293, 'ndcg@40': 0.0764} 
2024-10-09 12:36:10.348 | INFO     | trainer_1:_train_one_epoch:209 - test 20 cost time 9.67s, result: {'hit@1': 0.0096, 'ndcg@1': 0.0096, 'hit@5': 0.0363, 'ndcg@5': 0.0229, 'hit@10': 0.0605, 'ndcg@10': 0.0307, 'hit@15': 0.0816, 'ndcg@15': 0.0362, 'hit@20': 0.1009, 'ndcg@20': 0.0408, 'hit@40': 0.1664, 'ndcg@40': 0.0541} 
2024-10-09 12:36:29.802 | INFO     | trainer_1:_train_one_epoch:193 - epoch 21 8.43s Train loss is [0.3919] 
2024-10-09 12:36:39.650 | INFO     | trainer_1:_train_one_epoch:201 - validate 21 cost time 9.85s, result: {'hit@1': 0.0146, 'ndcg@1': 0.0146, 'hit@5': 0.0528, 'ndcg@5': 0.0339, 'hit@10': 0.084, 'ndcg@10': 0.0438, 'hit@15': 0.1137, 'ndcg@15': 0.0517, 'hit@20': 0.1383, 'ndcg@20': 0.0575, 'hit@40': 0.2249, 'ndcg@40': 0.0751} 
2024-10-09 12:36:49.321 | INFO     | trainer_1:_train_one_epoch:209 - test 21 cost time 9.67s, result: {'hit@1': 0.0107, 'ndcg@1': 0.0107, 'hit@5': 0.036, 'ndcg@5': 0.0232, 'hit@10': 0.0594, 'ndcg@10': 0.0308, 'hit@15': 0.0798, 'ndcg@15': 0.0362, 'hit@20': 0.0975, 'ndcg@20': 0.0403, 'hit@40': 0.1605, 'ndcg@40': 0.0531} 
2024-10-09 12:36:57.857 | INFO     | trainer_1:_train_one_epoch:193 - epoch 22 8.53s Train loss is [0.4010] 
2024-10-09 12:37:07.733 | INFO     | trainer_1:_train_one_epoch:201 - validate 22 cost time 9.88s, result: {'hit@1': 0.0153, 'ndcg@1': 0.0153, 'hit@5': 0.0526, 'ndcg@5': 0.0341, 'hit@10': 0.0872, 'ndcg@10': 0.0452, 'hit@15': 0.1163, 'ndcg@15': 0.0529, 'hit@20': 0.141, 'ndcg@20': 0.0587, 'hit@40': 0.2244, 'ndcg@40': 0.0757} 
2024-10-09 12:37:17.396 | INFO     | trainer_1:_train_one_epoch:209 - test 22 cost time 9.66s, result: {'hit@1': 0.0096, 'ndcg@1': 0.0096, 'hit@5': 0.0354, 'ndcg@5': 0.0223, 'hit@10': 0.0594, 'ndcg@10': 0.0301, 'hit@15': 0.0794, 'ndcg@15': 0.0353, 'hit@20': 0.0979, 'ndcg@20': 0.0397, 'hit@40': 0.1598, 'ndcg@40': 0.0523} 
2024-10-09 12:37:25.812 | INFO     | trainer_1:_train_one_epoch:193 - epoch 23 8.42s Train loss is [0.3892] 
2024-10-09 12:37:35.693 | INFO     | trainer_1:_train_one_epoch:201 - validate 23 cost time 9.88s, result: {'hit@1': 0.0163, 'ndcg@1': 0.0163, 'hit@5': 0.0565, 'ndcg@5': 0.0364, 'hit@10': 0.0928, 'ndcg@10': 0.0481, 'hit@15': 0.1213, 'ndcg@15': 0.0556, 'hit@20': 0.1483, 'ndcg@20': 0.062, 'hit@40': 0.2355, 'ndcg@40': 0.0797} 
2024-10-09 12:37:45.403 | INFO     | trainer_1:_train_one_epoch:209 - test 23 cost time 9.71s, result: {'hit@1': 0.0103, 'ndcg@1': 0.0103, 'hit@5': 0.0368, 'ndcg@5': 0.0235, 'hit@10': 0.0629, 'ndcg@10': 0.0319, 'hit@15': 0.0819, 'ndcg@15': 0.0369, 'hit@20': 0.1014, 'ndcg@20': 0.0415, 'hit@40': 0.1678, 'ndcg@40': 0.055} 
2024-10-09 12:38:04.776 | INFO     | trainer_1:_train_one_epoch:193 - epoch 24 8.50s Train loss is [0.3843] 
2024-10-09 12:38:14.627 | INFO     | trainer_1:_train_one_epoch:201 - validate 24 cost time 9.85s, result: {'hit@1': 0.0149, 'ndcg@1': 0.0149, 'hit@5': 0.0545, 'ndcg@5': 0.0348, 'hit@10': 0.0879, 'ndcg@10': 0.0455, 'hit@15': 0.1164, 'ndcg@15': 0.0531, 'hit@20': 0.1423, 'ndcg@20': 0.0592, 'hit@40': 0.2272, 'ndcg@40': 0.0764} 
2024-10-09 12:38:24.343 | INFO     | trainer_1:_train_one_epoch:209 - test 24 cost time 9.72s, result: {'hit@1': 0.0104, 'ndcg@1': 0.0104, 'hit@5': 0.0368, 'ndcg@5': 0.0235, 'hit@10': 0.06, 'ndcg@10': 0.0309, 'hit@15': 0.0795, 'ndcg@15': 0.036, 'hit@20': 0.0982, 'ndcg@20': 0.0405, 'hit@40': 0.1627, 'ndcg@40': 0.0536} 
2024-10-09 12:38:32.951 | INFO     | trainer_1:_train_one_epoch:193 - epoch 25 8.61s Train loss is [0.3795] 
2024-10-09 12:38:42.800 | INFO     | trainer_1:_train_one_epoch:201 - validate 25 cost time 9.85s, result: {'hit@1': 0.0158, 'ndcg@1': 0.0158, 'hit@5': 0.0579, 'ndcg@5': 0.0369, 'hit@10': 0.0941, 'ndcg@10': 0.0485, 'hit@15': 0.1243, 'ndcg@15': 0.0565, 'hit@20': 0.1529, 'ndcg@20': 0.0632, 'hit@40': 0.2397, 'ndcg@40': 0.0809} 
2024-10-09 12:38:52.460 | INFO     | trainer_1:_train_one_epoch:209 - test 25 cost time 9.66s, result: {'hit@1': 0.0113, 'ndcg@1': 0.0113, 'hit@5': 0.0391, 'ndcg@5': 0.0253, 'hit@10': 0.0633, 'ndcg@10': 0.033, 'hit@15': 0.0856, 'ndcg@15': 0.0389, 'hit@20': 0.1052, 'ndcg@20': 0.0436, 'hit@40': 0.1725, 'ndcg@40': 0.0572} 
2024-10-09 12:39:11.803 | INFO     | trainer_1:_train_one_epoch:193 - epoch 26 8.55s Train loss is [0.3734] 
2024-10-09 12:39:21.707 | INFO     | trainer_1:_train_one_epoch:201 - validate 26 cost time 9.90s, result: {'hit@1': 0.0165, 'ndcg@1': 0.0165, 'hit@5': 0.0589, 'ndcg@5': 0.0378, 'hit@10': 0.0951, 'ndcg@10': 0.0494, 'hit@15': 0.1239, 'ndcg@15': 0.057, 'hit@20': 0.1497, 'ndcg@20': 0.0631, 'hit@40': 0.235, 'ndcg@40': 0.0805} 
2024-10-09 12:39:31.386 | INFO     | trainer_1:_train_one_epoch:209 - test 26 cost time 9.68s, result: {'hit@1': 0.0109, 'ndcg@1': 0.0109, 'hit@5': 0.038, 'ndcg@5': 0.0245, 'hit@10': 0.0633, 'ndcg@10': 0.0326, 'hit@15': 0.0836, 'ndcg@15': 0.038, 'hit@20': 0.1042, 'ndcg@20': 0.0428, 'hit@40': 0.169, 'ndcg@40': 0.056} 
2024-10-09 12:39:39.883 | INFO     | trainer_1:_train_one_epoch:193 - epoch 27 8.50s Train loss is [0.3734] 
2024-10-09 12:39:49.740 | INFO     | trainer_1:_train_one_epoch:201 - validate 27 cost time 9.86s, result: {'hit@1': 0.0175, 'ndcg@1': 0.0175, 'hit@5': 0.0599, 'ndcg@5': 0.0389, 'hit@10': 0.0957, 'ndcg@10': 0.0504, 'hit@15': 0.1281, 'ndcg@15': 0.0589, 'hit@20': 0.155, 'ndcg@20': 0.0652, 'hit@40': 0.2394, 'ndcg@40': 0.0824} 
2024-10-09 12:39:59.458 | INFO     | trainer_1:_train_one_epoch:209 - test 27 cost time 9.72s, result: {'hit@1': 0.0117, 'ndcg@1': 0.0117, 'hit@5': 0.0387, 'ndcg@5': 0.0253, 'hit@10': 0.0648, 'ndcg@10': 0.0337, 'hit@15': 0.0867, 'ndcg@15': 0.0395, 'hit@20': 0.1065, 'ndcg@20': 0.0441, 'hit@40': 0.1719, 'ndcg@40': 0.0574} 
2024-10-09 12:40:18.810 | INFO     | trainer_1:_train_one_epoch:193 - epoch 28 8.53s Train loss is [0.3765] 
2024-10-09 12:40:28.654 | INFO     | trainer_1:_train_one_epoch:201 - validate 28 cost time 9.84s, result: {'hit@1': 0.0161, 'ndcg@1': 0.0161, 'hit@5': 0.0588, 'ndcg@5': 0.0375, 'hit@10': 0.0953, 'ndcg@10': 0.0492, 'hit@15': 0.1277, 'ndcg@15': 0.0578, 'hit@20': 0.156, 'ndcg@20': 0.0645, 'hit@40': 0.2409, 'ndcg@40': 0.0818} 
2024-10-09 12:40:38.322 | INFO     | trainer_1:_train_one_epoch:209 - test 28 cost time 9.67s, result: {'hit@1': 0.0105, 'ndcg@1': 0.0105, 'hit@5': 0.0376, 'ndcg@5': 0.024, 'hit@10': 0.0632, 'ndcg@10': 0.0321, 'hit@15': 0.0857, 'ndcg@15': 0.0381, 'hit@20': 0.1064, 'ndcg@20': 0.0429, 'hit@40': 0.1711, 'ndcg@40': 0.0561} 
2024-10-09 12:40:46.818 | INFO     | trainer_1:_train_one_epoch:193 - epoch 29 8.50s Train loss is [0.3591] 
2024-10-09 12:40:51.934 | INFO     | trainer_1:_train_one_epoch:201 - validate 29 cost time 5.12s, result: {'hit@1': 0.0169, 'ndcg@1': 0.0169, 'hit@5': 0.0583, 'ndcg@5': 0.0376, 'hit@10': 0.0937, 'ndcg@10': 0.0489, 'hit@15': 0.1235, 'ndcg@15': 0.0568, 'hit@20': 0.1488, 'ndcg@20': 0.0628, 'hit@40': 0.2325, 'ndcg@40': 0.0798} 
2024-10-09 12:40:57.973 | INFO     | trainer_1:_train_one_epoch:209 - test 29 cost time 6.04s, result: {'hit@1': 0.0106, 'ndcg@1': 0.0106, 'hit@5': 0.0367, 'ndcg@5': 0.0237, 'hit@10': 0.0612, 'ndcg@10': 0.0315, 'hit@15': 0.082, 'ndcg@15': 0.037, 'hit@20': 0.1008, 'ndcg@20': 0.0414, 'hit@40': 0.1654, 'ndcg@40': 0.0546} 
2024-10-09 12:41:07.301 | INFO     | trainer_1:_train_one_epoch:193 - epoch 30 9.33s Train loss is [0.3646] 
2024-10-09 12:41:15.332 | INFO     | trainer_1:_train_one_epoch:201 - validate 30 cost time 8.03s, result: {'hit@1': 0.0166, 'ndcg@1': 0.0166, 'hit@5': 0.0569, 'ndcg@5': 0.0369, 'hit@10': 0.0896, 'ndcg@10': 0.0474, 'hit@15': 0.1202, 'ndcg@15': 0.0554, 'hit@20': 0.1476, 'ndcg@20': 0.0619, 'hit@40': 0.2351, 'ndcg@40': 0.0797} 
2024-10-09 12:41:23.079 | INFO     | trainer_1:_train_one_epoch:209 - test 30 cost time 7.75s, result: {'hit@1': 0.011, 'ndcg@1': 0.011, 'hit@5': 0.0373, 'ndcg@5': 0.0241, 'hit@10': 0.0608, 'ndcg@10': 0.0316, 'hit@15': 0.0825, 'ndcg@15': 0.0373, 'hit@20': 0.0997, 'ndcg@20': 0.0414, 'hit@40': 0.1683, 'ndcg@40': 0.0553} 
2024-10-09 12:41:31.543 | INFO     | trainer_1:_train_one_epoch:193 - epoch 31 8.46s Train loss is [0.3559] 
2024-10-09 12:41:36.647 | INFO     | trainer_1:_train_one_epoch:201 - validate 31 cost time 5.10s, result: {'hit@1': 0.0163, 'ndcg@1': 0.0163, 'hit@5': 0.0587, 'ndcg@5': 0.0375, 'hit@10': 0.096, 'ndcg@10': 0.0494, 'hit@15': 0.1285, 'ndcg@15': 0.058, 'hit@20': 0.155, 'ndcg@20': 0.0642, 'hit@40': 0.246, 'ndcg@40': 0.0827} 
2024-10-09 12:41:42.514 | INFO     | trainer_1:_train_one_epoch:209 - test 31 cost time 5.87s, result: {'hit@1': 0.0108, 'ndcg@1': 0.0108, 'hit@5': 0.0382, 'ndcg@5': 0.0244, 'hit@10': 0.0659, 'ndcg@10': 0.0333, 'hit@15': 0.0863, 'ndcg@15': 0.0387, 'hit@20': 0.1066, 'ndcg@20': 0.0435, 'hit@40': 0.1736, 'ndcg@40': 0.0571} 
2024-10-09 12:42:01.992 | INFO     | trainer_1:_train_one_epoch:193 - epoch 32 8.53s Train loss is [0.3549] 
2024-10-09 12:42:09.695 | INFO     | trainer_1:_train_one_epoch:201 - validate 32 cost time 7.70s, result: {'hit@1': 0.017, 'ndcg@1': 0.017, 'hit@5': 0.0606, 'ndcg@5': 0.0389, 'hit@10': 0.1001, 'ndcg@10': 0.0516, 'hit@15': 0.1302, 'ndcg@15': 0.0595, 'hit@20': 0.1561, 'ndcg@20': 0.0657, 'hit@40': 0.2475, 'ndcg@40': 0.0843} 
2024-10-09 12:42:15.932 | INFO     | trainer_1:_train_one_epoch:209 - test 32 cost time 6.24s, result: {'hit@1': 0.0113, 'ndcg@1': 0.0113, 'hit@5': 0.0392, 'ndcg@5': 0.0251, 'hit@10': 0.0664, 'ndcg@10': 0.0338, 'hit@15': 0.0874, 'ndcg@15': 0.0393, 'hit@20': 0.1072, 'ndcg@20': 0.044, 'hit@40': 0.1761, 'ndcg@40': 0.0579} 
2024-10-09 12:42:36.343 | INFO     | trainer_1:_train_one_epoch:193 - epoch 33 9.47s Train loss is [0.3522] 
2024-10-09 12:42:44.164 | INFO     | trainer_1:_train_one_epoch:201 - validate 33 cost time 7.82s, result: {'hit@1': 0.0162, 'ndcg@1': 0.0162, 'hit@5': 0.0597, 'ndcg@5': 0.0382, 'hit@10': 0.0973, 'ndcg@10': 0.0503, 'hit@15': 0.1282, 'ndcg@15': 0.0585, 'hit@20': 0.1549, 'ndcg@20': 0.0648, 'hit@40': 0.242, 'ndcg@40': 0.0825} 
2024-10-09 12:42:51.827 | INFO     | trainer_1:_train_one_epoch:209 - test 33 cost time 7.66s, result: {'hit@1': 0.0118, 'ndcg@1': 0.0118, 'hit@5': 0.0394, 'ndcg@5': 0.0255, 'hit@10': 0.0643, 'ndcg@10': 0.0335, 'hit@15': 0.0869, 'ndcg@15': 0.0394, 'hit@20': 0.1053, 'ndcg@20': 0.0438, 'hit@40': 0.1704, 'ndcg@40': 0.057} 
2024-10-09 12:43:00.462 | INFO     | trainer_1:_train_one_epoch:193 - epoch 34 8.63s Train loss is [0.3445] 
2024-10-09 12:43:05.584 | INFO     | trainer_1:_train_one_epoch:201 - validate 34 cost time 5.12s, result: {'hit@1': 0.0158, 'ndcg@1': 0.0158, 'hit@5': 0.0604, 'ndcg@5': 0.0382, 'hit@10': 0.0977, 'ndcg@10': 0.0501, 'hit@15': 0.1291, 'ndcg@15': 0.0584, 'hit@20': 0.1556, 'ndcg@20': 0.0646, 'hit@40': 0.2458, 'ndcg@40': 0.083} 
2024-10-09 12:43:11.908 | INFO     | trainer_1:_train_one_epoch:209 - test 34 cost time 6.32s, result: {'hit@1': 0.0119, 'ndcg@1': 0.0119, 'hit@5': 0.039, 'ndcg@5': 0.0256, 'hit@10': 0.0667, 'ndcg@10': 0.0344, 'hit@15': 0.0873, 'ndcg@15': 0.0399, 'hit@20': 0.1083, 'ndcg@20': 0.0448, 'hit@40': 0.1729, 'ndcg@40': 0.0579} 
2024-10-09 12:43:31.567 | INFO     | trainer_1:_train_one_epoch:193 - epoch 35 8.57s Train loss is [0.3490] 
2024-10-09 12:43:39.536 | INFO     | trainer_1:_train_one_epoch:201 - validate 35 cost time 7.97s, result: {'hit@1': 0.0178, 'ndcg@1': 0.0178, 'hit@5': 0.0606, 'ndcg@5': 0.0392, 'hit@10': 0.099, 'ndcg@10': 0.0515, 'hit@15': 0.1306, 'ndcg@15': 0.0598, 'hit@20': 0.1551, 'ndcg@20': 0.0656, 'hit@40': 0.2413, 'ndcg@40': 0.0831} 
2024-10-09 12:43:44.615 | INFO     | trainer_1:_train_one_epoch:209 - test 35 cost time 5.08s, result: {'hit@1': 0.0118, 'ndcg@1': 0.0118, 'hit@5': 0.0402, 'ndcg@5': 0.0261, 'hit@10': 0.0668, 'ndcg@10': 0.0346, 'hit@15': 0.087, 'ndcg@15': 0.04, 'hit@20': 0.1064, 'ndcg@20': 0.0446, 'hit@40': 0.1703, 'ndcg@40': 0.0576} 
2024-10-09 12:44:04.541 | INFO     | trainer_1:_train_one_epoch:193 - epoch 36 9.06s Train loss is [0.3475] 
2024-10-09 12:44:12.389 | INFO     | trainer_1:_train_one_epoch:201 - validate 36 cost time 7.85s, result: {'hit@1': 0.0169, 'ndcg@1': 0.0169, 'hit@5': 0.0593, 'ndcg@5': 0.038, 'hit@10': 0.0983, 'ndcg@10': 0.0505, 'hit@15': 0.1305, 'ndcg@15': 0.059, 'hit@20': 0.16, 'ndcg@20': 0.066, 'hit@40': 0.2506, 'ndcg@40': 0.0844} 
2024-10-09 12:44:19.866 | INFO     | trainer_1:_train_one_epoch:209 - test 36 cost time 7.48s, result: {'hit@1': 0.011, 'ndcg@1': 0.011, 'hit@5': 0.0396, 'ndcg@5': 0.0254, 'hit@10': 0.0667, 'ndcg@10': 0.0341, 'hit@15': 0.0896, 'ndcg@15': 0.0401, 'hit@20': 0.1094, 'ndcg@20': 0.0448, 'hit@40': 0.1758, 'ndcg@40': 0.0583} 
2024-10-09 12:44:28.444 | INFO     | trainer_1:_train_one_epoch:193 - epoch 37 8.58s Train loss is [0.3552] 
2024-10-09 12:44:33.718 | INFO     | trainer_1:_train_one_epoch:201 - validate 37 cost time 5.27s, result: {'hit@1': 0.0161, 'ndcg@1': 0.0161, 'hit@5': 0.0599, 'ndcg@5': 0.038, 'hit@10': 0.0985, 'ndcg@10': 0.0503, 'hit@15': 0.1296, 'ndcg@15': 0.0585, 'hit@20': 0.1577, 'ndcg@20': 0.0651, 'hit@40': 0.2501, 'ndcg@40': 0.0839} 
2024-10-09 12:44:41.785 | INFO     | trainer_1:_train_one_epoch:209 - test 37 cost time 8.07s, result: {'hit@1': 0.0107, 'ndcg@1': 0.0107, 'hit@5': 0.0394, 'ndcg@5': 0.025, 'hit@10': 0.0668, 'ndcg@10': 0.0338, 'hit@15': 0.0878, 'ndcg@15': 0.0394, 'hit@20': 0.108, 'ndcg@20': 0.0441, 'hit@40': 0.1754, 'ndcg@40': 0.0578} 
2024-10-09 12:44:50.764 | INFO     | trainer_1:_train_one_epoch:193 - epoch 38 8.98s Train loss is [0.3489] 
2024-10-09 12:44:58.718 | INFO     | trainer_1:_train_one_epoch:201 - validate 38 cost time 7.95s, result: {'hit@1': 0.0167, 'ndcg@1': 0.0167, 'hit@5': 0.0599, 'ndcg@5': 0.0385, 'hit@10': 0.0988, 'ndcg@10': 0.0511, 'hit@15': 0.1309, 'ndcg@15': 0.0595, 'hit@20': 0.1583, 'ndcg@20': 0.066, 'hit@40': 0.2495, 'ndcg@40': 0.0845} 
2024-10-09 12:45:06.313 | INFO     | trainer_1:_train_one_epoch:209 - test 38 cost time 7.59s, result: {'hit@1': 0.0108, 'ndcg@1': 0.0108, 'hit@5': 0.0406, 'ndcg@5': 0.0256, 'hit@10': 0.066, 'ndcg@10': 0.0337, 'hit@15': 0.0883, 'ndcg@15': 0.0396, 'hit@20': 0.1071, 'ndcg@20': 0.0441, 'hit@40': 0.1737, 'ndcg@40': 0.0576} 
2024-10-09 12:45:14.548 | INFO     | trainer_1:_train_one_epoch:193 - epoch 39 8.23s Train loss is [0.3576] 
2024-10-09 12:45:19.614 | INFO     | trainer_1:_train_one_epoch:201 - validate 39 cost time 5.07s, result: {'hit@1': 0.017, 'ndcg@1': 0.017, 'hit@5': 0.0631, 'ndcg@5': 0.0403, 'hit@10': 0.1026, 'ndcg@10': 0.0529, 'hit@15': 0.135, 'ndcg@15': 0.0614, 'hit@20': 0.1634, 'ndcg@20': 0.0681, 'hit@40': 0.2576, 'ndcg@40': 0.0873} 
2024-10-09 12:45:27.409 | INFO     | trainer_1:_train_one_epoch:209 - test 39 cost time 7.79s, result: {'hit@1': 0.0104, 'ndcg@1': 0.0104, 'hit@5': 0.0402, 'ndcg@5': 0.0253, 'hit@10': 0.0674, 'ndcg@10': 0.034, 'hit@15': 0.0898, 'ndcg@15': 0.0399, 'hit@20': 0.1099, 'ndcg@20': 0.0447, 'hit@40': 0.1792, 'ndcg@40': 0.0588} 
2024-10-09 12:45:47.910 | INFO     | trainer_1:_train_one_epoch:193 - epoch 40 9.47s Train loss is [0.3513] 
2024-10-09 12:45:55.964 | INFO     | trainer_1:_train_one_epoch:201 - validate 40 cost time 8.05s, result: {'hit@1': 0.0161, 'ndcg@1': 0.0161, 'hit@5': 0.0612, 'ndcg@5': 0.0387, 'hit@10': 0.0993, 'ndcg@10': 0.0509, 'hit@15': 0.1338, 'ndcg@15': 0.06, 'hit@20': 0.1632, 'ndcg@20': 0.0669, 'hit@40': 0.2552, 'ndcg@40': 0.0856} 
2024-10-09 12:46:01.255 | INFO     | trainer_1:_train_one_epoch:209 - test 40 cost time 5.29s, result: {'hit@1': 0.0115, 'ndcg@1': 0.0115, 'hit@5': 0.039, 'ndcg@5': 0.0253, 'hit@10': 0.0662, 'ndcg@10': 0.0341, 'hit@15': 0.0887, 'ndcg@15': 0.04, 'hit@20': 0.1084, 'ndcg@20': 0.0447, 'hit@40': 0.1781, 'ndcg@40': 0.0589} 
2024-10-09 12:46:10.684 | INFO     | trainer_1:_train_one_epoch:193 - epoch 41 9.43s Train loss is [0.3469] 
2024-10-09 12:46:18.674 | INFO     | trainer_1:_train_one_epoch:201 - validate 41 cost time 7.99s, result: {'hit@1': 0.017, 'ndcg@1': 0.017, 'hit@5': 0.0605, 'ndcg@5': 0.0386, 'hit@10': 0.0993, 'ndcg@10': 0.051, 'hit@15': 0.1323, 'ndcg@15': 0.0597, 'hit@20': 0.1627, 'ndcg@20': 0.0669, 'hit@40': 0.2578, 'ndcg@40': 0.0863} 
2024-10-09 12:46:25.561 | INFO     | trainer_1:_train_one_epoch:209 - test 41 cost time 6.89s, result: {'hit@1': 0.0109, 'ndcg@1': 0.0109, 'hit@5': 0.0388, 'ndcg@5': 0.0249, 'hit@10': 0.068, 'ndcg@10': 0.0342, 'hit@15': 0.0901, 'ndcg@15': 0.04, 'hit@20': 0.1103, 'ndcg@20': 0.0448, 'hit@40': 0.1783, 'ndcg@40': 0.0586} 
2024-10-09 12:46:45.512 | INFO     | trainer_1:_train_one_epoch:193 - epoch 42 9.29s Train loss is [0.3400] 
2024-10-09 12:46:50.569 | INFO     | trainer_1:_train_one_epoch:201 - validate 42 cost time 5.06s, result: {'hit@1': 0.0164, 'ndcg@1': 0.0164, 'hit@5': 0.0584, 'ndcg@5': 0.0375, 'hit@10': 0.0953, 'ndcg@10': 0.0493, 'hit@15': 0.1286, 'ndcg@15': 0.0581, 'hit@20': 0.1572, 'ndcg@20': 0.0649, 'hit@40': 0.2479, 'ndcg@40': 0.0834} 
2024-10-09 12:46:55.445 | INFO     | trainer_1:_train_one_epoch:209 - test 42 cost time 4.87s, result: {'hit@1': 0.0108, 'ndcg@1': 0.0108, 'hit@5': 0.0376, 'ndcg@5': 0.0243, 'hit@10': 0.065, 'ndcg@10': 0.0331, 'hit@15': 0.086, 'ndcg@15': 0.0386, 'hit@20': 0.1052, 'ndcg@20': 0.0432, 'hit@40': 0.1706, 'ndcg@40': 0.0565} 
2024-10-09 12:47:05.440 | INFO     | trainer_1:_train_one_epoch:193 - epoch 43 9.99s Train loss is [0.3457] 
2024-10-09 12:47:12.329 | INFO     | trainer_1:_train_one_epoch:201 - validate 43 cost time 6.89s, result: {'hit@1': 0.0148, 'ndcg@1': 0.0148, 'hit@5': 0.0586, 'ndcg@5': 0.0369, 'hit@10': 0.099, 'ndcg@10': 0.0499, 'hit@15': 0.1311, 'ndcg@15': 0.0584, 'hit@20': 0.1624, 'ndcg@20': 0.0658, 'hit@40': 0.2584, 'ndcg@40': 0.0853} 
2024-10-09 12:47:20.471 | INFO     | trainer_1:_train_one_epoch:209 - test 43 cost time 8.14s, result: {'hit@1': 0.0113, 'ndcg@1': 0.0113, 'hit@5': 0.0377, 'ndcg@5': 0.0246, 'hit@10': 0.066, 'ndcg@10': 0.0336, 'hit@15': 0.0892, 'ndcg@15': 0.0397, 'hit@20': 0.1085, 'ndcg@20': 0.0443, 'hit@40': 0.1781, 'ndcg@40': 0.0585} 
2024-10-09 12:47:29.706 | INFO     | trainer_1:_train_one_epoch:193 - epoch 44 9.23s Train loss is [0.3397] 
2024-10-09 12:47:38.085 | INFO     | trainer_1:_train_one_epoch:201 - validate 44 cost time 8.38s, result: {'hit@1': 0.0165, 'ndcg@1': 0.0165, 'hit@5': 0.062, 'ndcg@5': 0.0392, 'hit@10': 0.1054, 'ndcg@10': 0.0531, 'hit@15': 0.1407, 'ndcg@15': 0.0624, 'hit@20': 0.1709, 'ndcg@20': 0.0696, 'hit@40': 0.2663, 'ndcg@40': 0.089} 
2024-10-09 12:47:45.517 | INFO     | trainer_1:_train_one_epoch:209 - test 44 cost time 7.43s, result: {'hit@1': 0.0125, 'ndcg@1': 0.0125, 'hit@5': 0.0418, 'ndcg@5': 0.0271, 'hit@10': 0.07, 'ndcg@10': 0.0362, 'hit@15': 0.0944, 'ndcg@15': 0.0426, 'hit@20': 0.1163, 'ndcg@20': 0.0478, 'hit@40': 0.185, 'ndcg@40': 0.0618} 
2024-10-09 12:48:05.453 | INFO     | trainer_1:_train_one_epoch:193 - epoch 45 9.18s Train loss is [0.3416] 
2024-10-09 12:48:13.446 | INFO     | trainer_1:_train_one_epoch:201 - validate 45 cost time 7.99s, result: {'hit@1': 0.0175, 'ndcg@1': 0.0175, 'hit@5': 0.0628, 'ndcg@5': 0.0401, 'hit@10': 0.1019, 'ndcg@10': 0.0527, 'hit@15': 0.1341, 'ndcg@15': 0.0612, 'hit@20': 0.1616, 'ndcg@20': 0.0677, 'hit@40': 0.257, 'ndcg@40': 0.0871} 
2024-10-09 12:48:21.437 | INFO     | trainer_1:_train_one_epoch:209 - test 45 cost time 7.99s, result: {'hit@1': 0.012, 'ndcg@1': 0.012, 'hit@5': 0.0395, 'ndcg@5': 0.0257, 'hit@10': 0.0661, 'ndcg@10': 0.0342, 'hit@15': 0.0872, 'ndcg@15': 0.0398, 'hit@20': 0.1085, 'ndcg@20': 0.0448, 'hit@40': 0.1769, 'ndcg@40': 0.0587} 
2024-10-09 12:48:29.817 | INFO     | trainer_1:_train_one_epoch:193 - epoch 46 8.38s Train loss is [0.3428] 
2024-10-09 12:48:35.882 | INFO     | trainer_1:_train_one_epoch:201 - validate 46 cost time 6.06s, result: {'hit@1': 0.0156, 'ndcg@1': 0.0156, 'hit@5': 0.0612, 'ndcg@5': 0.0386, 'hit@10': 0.1011, 'ndcg@10': 0.0515, 'hit@15': 0.1358, 'ndcg@15': 0.0606, 'hit@20': 0.167, 'ndcg@20': 0.068, 'hit@40': 0.2602, 'ndcg@40': 0.087} 
2024-10-09 12:48:43.177 | INFO     | trainer_1:_train_one_epoch:209 - test 46 cost time 7.29s, result: {'hit@1': 0.0116, 'ndcg@1': 0.0116, 'hit@5': 0.0413, 'ndcg@5': 0.0261, 'hit@10': 0.069, 'ndcg@10': 0.0349, 'hit@15': 0.0908, 'ndcg@15': 0.0407, 'hit@20': 0.1105, 'ndcg@20': 0.0453, 'hit@40': 0.1794, 'ndcg@40': 0.0593} 
2024-10-09 12:48:51.927 | INFO     | trainer_1:_train_one_epoch:193 - epoch 47 8.75s Train loss is [0.3380] 
2024-10-09 12:49:00.090 | INFO     | trainer_1:_train_one_epoch:201 - validate 47 cost time 8.16s, result: {'hit@1': 0.0173, 'ndcg@1': 0.0173, 'hit@5': 0.0627, 'ndcg@5': 0.0399, 'hit@10': 0.1037, 'ndcg@10': 0.0531, 'hit@15': 0.1373, 'ndcg@15': 0.062, 'hit@20': 0.1667, 'ndcg@20': 0.0689, 'hit@40': 0.2594, 'ndcg@40': 0.0878} 
2024-10-09 12:49:08.455 | INFO     | trainer_1:_train_one_epoch:209 - test 47 cost time 8.36s, result: {'hit@1': 0.0121, 'ndcg@1': 0.0121, 'hit@5': 0.0408, 'ndcg@5': 0.0264, 'hit@10': 0.0692, 'ndcg@10': 0.0355, 'hit@15': 0.0912, 'ndcg@15': 0.0413, 'hit@20': 0.1125, 'ndcg@20': 0.0463, 'hit@40': 0.1821, 'ndcg@40': 0.0604} 
2024-10-09 12:49:17.252 | INFO     | trainer_1:_train_one_epoch:193 - epoch 48 8.80s Train loss is [0.3369] 
2024-10-09 12:49:24.713 | INFO     | trainer_1:_train_one_epoch:201 - validate 48 cost time 7.46s, result: {'hit@1': 0.016, 'ndcg@1': 0.016, 'hit@5': 0.0596, 'ndcg@5': 0.038, 'hit@10': 0.1007, 'ndcg@10': 0.0512, 'hit@15': 0.1334, 'ndcg@15': 0.0599, 'hit@20': 0.1627, 'ndcg@20': 0.0668, 'hit@40': 0.2569, 'ndcg@40': 0.086} 
2024-10-09 12:49:31.927 | INFO     | trainer_1:_train_one_epoch:209 - test 48 cost time 7.21s, result: {'hit@1': 0.0111, 'ndcg@1': 0.0111, 'hit@5': 0.0397, 'ndcg@5': 0.0253, 'hit@10': 0.0667, 'ndcg@10': 0.034, 'hit@15': 0.0892, 'ndcg@15': 0.0399, 'hit@20': 0.1094, 'ndcg@20': 0.0447, 'hit@40': 0.1809, 'ndcg@40': 0.0592} 
2024-10-09 12:49:41.219 | INFO     | trainer_1:_train_one_epoch:193 - epoch 49 9.29s Train loss is [0.3394] 
2024-10-09 12:49:48.751 | INFO     | trainer_1:_train_one_epoch:201 - validate 49 cost time 7.53s, result: {'hit@1': 0.0165, 'ndcg@1': 0.0165, 'hit@5': 0.0616, 'ndcg@5': 0.0392, 'hit@10': 0.1042, 'ndcg@10': 0.0527, 'hit@15': 0.1387, 'ndcg@15': 0.0618, 'hit@20': 0.1683, 'ndcg@20': 0.0688, 'hit@40': 0.2634, 'ndcg@40': 0.0882} 
2024-10-09 12:49:55.906 | INFO     | trainer_1:_train_one_epoch:209 - test 49 cost time 7.15s, result: {'hit@1': 0.012, 'ndcg@1': 0.012, 'hit@5': 0.0431, 'ndcg@5': 0.0274, 'hit@10': 0.0684, 'ndcg@10': 0.0355, 'hit@15': 0.0919, 'ndcg@15': 0.0417, 'hit@20': 0.1128, 'ndcg@20': 0.0466, 'hit@40': 0.1835, 'ndcg@40': 0.0611} 
2024-10-09 12:49:55.918 | INFO     | trainer_1:train_model:163 - training end, best iteration 44, results: {'hit@1': 0.0165, 'ndcg@1': 0.0165, 'hit@5': 0.062, 'ndcg@5': 0.0392, 'hit@10': 0.1054, 'ndcg@10': 0.0531, 'hit@15': 0.1407, 'ndcg@15': 0.0624, 'hit@20': 0.1709, 'ndcg@20': 0.0696, 'hit@40': 0.2663, 'ndcg@40': 0.089}
2024-10-09 12:49:55.919 | INFO     | trainer_1:train_model:166 - final test result is:  {'hit@1': 0.0125, 'ndcg@1': 0.0125, 'hit@5': 0.0418, 'ndcg@5': 0.0271, 'hit@10': 0.07, 'ndcg@10': 0.0362, 'hit@15': 0.0944, 'ndcg@15': 0.0426, 'hit@20': 0.1163, 'ndcg@20': 0.0478, 'hit@40': 0.185, 'ndcg@40': 0.0618}
2024-10-09 12:49:56.251 | INFO     | __main__:<module>:119 - train end total cost time: 3165.7755823135376
