2024-10-09 15:46:28.245 | INFO     | __main__:<module>:105 - Namespace(TIME='2024-10-09 15_45_56', batch_size=1024, behaviors=['view', 'cart', 'buy'], check_point='model_pre_1_2024-10-08 12_13_12.pth', data_name='beibei', data_path='./data/beibei', decay=0.001, device='cuda:1', dim_qk=32, dim_v=64, distill_layers=2, distill_thres=0.5, distill_topK=20, distill_userK=8, embedding_size=64, epochs=100, gpu_no=1, if_load_model=True, ii_lambda=200, initializer_range=0.02, layers=2, loss_type='bpr', lr=0.001, message_dropout=0.25, metrics=['hit', 'ndcg'], min_epoch=5, model_name='main_1', model_path='./check_point', node_dropout=0.75, omega=1, pt_loop=50, reg_weight=0.001, test_batch_size=1024, testbatch=1024, topk=[1, 5, 10, 15, 20, 40], uu_lambda=100)
2024-10-09 15:46:28.246 | INFO     | __main__:<module>:106 - BIPN(
  (message_dropout): Dropout(p=0.25, inplace=False)
  (user_embedding): Embedding(21717, 64, padding_idx=0)
  (item_embedding): Embedding(7978, 64, padding_idx=0)
  (global_Graph): LightGCN()
  (Graph_encoder): ModuleDict(
    (view): GraphEncoder(
      (light): LightGCN()
      (dropout): Dropout(p=0.75, inplace=False)
    )
    (cart): GraphEncoder(
      (light): LightGCN()
      (dropout): Dropout(p=0.75, inplace=False)
    )
    (buy): GraphEncoder(
      (light): LightGCN()
      (dropout): Dropout(p=0.75, inplace=False)
    )
  )
  (attention): Mutual_Attention()
  (bpr_loss): BPRLoss()
  (emb_loss): EmbLoss()
  (f): Sigmoid()
)
2024-10-09 16:32:00.617 | INFO     | trainer_1:_train_one_epoch:193 - epoch 1 6.27s Train loss is [0.9111] 
2024-10-09 16:32:09.345 | INFO     | trainer_1:_train_one_epoch:201 - validate 1 cost time 8.73s, result: {'hit@1': 0.0079, 'ndcg@1': 0.0079, 'hit@5': 0.0303, 'ndcg@5': 0.019, 'hit@10': 0.0507, 'ndcg@10': 0.0255, 'hit@15': 0.0694, 'ndcg@15': 0.0304, 'hit@20': 0.0861, 'ndcg@20': 0.0344, 'hit@40': 0.1451, 'ndcg@40': 0.0463} 
2024-10-09 16:32:15.070 | INFO     | trainer_1:_train_one_epoch:209 - test 1 cost time 5.72s, result: {'hit@1': 0.004, 'ndcg@1': 0.004, 'hit@5': 0.0185, 'ndcg@5': 0.0111, 'hit@10': 0.0353, 'ndcg@10': 0.0165, 'hit@15': 0.0493, 'ndcg@15': 0.0202, 'hit@20': 0.0618, 'ndcg@20': 0.0231, 'hit@40': 0.1053, 'ndcg@40': 0.032} 
2024-10-09 16:32:32.875 | INFO     | trainer_1:_train_one_epoch:193 - epoch 2 7.40s Train loss is [0.6877] 
2024-10-09 16:32:40.316 | INFO     | trainer_1:_train_one_epoch:201 - validate 2 cost time 7.44s, result: {'hit@1': 0.0076, 'ndcg@1': 0.0076, 'hit@5': 0.0331, 'ndcg@5': 0.0203, 'hit@10': 0.0579, 'ndcg@10': 0.0283, 'hit@15': 0.0775, 'ndcg@15': 0.0335, 'hit@20': 0.0951, 'ndcg@20': 0.0376, 'hit@40': 0.1602, 'ndcg@40': 0.0509} 
2024-10-09 16:32:47.632 | INFO     | trainer_1:_train_one_epoch:209 - test 2 cost time 7.32s, result: {'hit@1': 0.0046, 'ndcg@1': 0.0046, 'hit@5': 0.02, 'ndcg@5': 0.0121, 'hit@10': 0.0361, 'ndcg@10': 0.0173, 'hit@15': 0.052, 'ndcg@15': 0.0215, 'hit@20': 0.0659, 'ndcg@20': 0.0248, 'hit@40': 0.1146, 'ndcg@40': 0.0347} 
2024-10-09 16:33:04.886 | INFO     | trainer_1:_train_one_epoch:193 - epoch 3 6.82s Train loss is [0.6123] 
2024-10-09 16:33:11.525 | INFO     | trainer_1:_train_one_epoch:201 - validate 3 cost time 6.64s, result: {'hit@1': 0.0093, 'ndcg@1': 0.0093, 'hit@5': 0.0367, 'ndcg@5': 0.023, 'hit@10': 0.0654, 'ndcg@10': 0.0322, 'hit@15': 0.0904, 'ndcg@15': 0.0388, 'hit@20': 0.1143, 'ndcg@20': 0.0445, 'hit@40': 0.1881, 'ndcg@40': 0.0595} 
2024-10-09 16:33:18.911 | INFO     | trainer_1:_train_one_epoch:209 - test 3 cost time 7.39s, result: {'hit@1': 0.0056, 'ndcg@1': 0.0056, 'hit@5': 0.0232, 'ndcg@5': 0.0141, 'hit@10': 0.0439, 'ndcg@10': 0.0207, 'hit@15': 0.0614, 'ndcg@15': 0.0253, 'hit@20': 0.0764, 'ndcg@20': 0.0289, 'hit@40': 0.1338, 'ndcg@40': 0.0405} 
2024-10-09 16:33:36.082 | INFO     | trainer_1:_train_one_epoch:193 - epoch 4 6.63s Train loss is [0.5801] 
2024-10-09 16:33:41.765 | INFO     | trainer_1:_train_one_epoch:201 - validate 4 cost time 5.68s, result: {'hit@1': 0.0109, 'ndcg@1': 0.0109, 'hit@5': 0.0419, 'ndcg@5': 0.0264, 'hit@10': 0.0711, 'ndcg@10': 0.0358, 'hit@15': 0.0962, 'ndcg@15': 0.0424, 'hit@20': 0.1188, 'ndcg@20': 0.0478, 'hit@40': 0.1894, 'ndcg@40': 0.0621} 
2024-10-09 16:33:48.021 | INFO     | trainer_1:_train_one_epoch:209 - test 4 cost time 6.25s, result: {'hit@1': 0.0061, 'ndcg@1': 0.0061, 'hit@5': 0.0233, 'ndcg@5': 0.0146, 'hit@10': 0.0426, 'ndcg@10': 0.0208, 'hit@15': 0.0589, 'ndcg@15': 0.0251, 'hit@20': 0.0755, 'ndcg@20': 0.029, 'hit@40': 0.1273, 'ndcg@40': 0.0395} 
2024-10-09 16:33:54.830 | INFO     | trainer_1:_train_one_epoch:193 - epoch 5 6.81s Train loss is [0.5436] 
2024-10-09 16:34:02.287 | INFO     | trainer_1:_train_one_epoch:201 - validate 5 cost time 7.46s, result: {'hit@1': 0.0126, 'ndcg@1': 0.0126, 'hit@5': 0.0438, 'ndcg@5': 0.0282, 'hit@10': 0.0751, 'ndcg@10': 0.0382, 'hit@15': 0.0997, 'ndcg@15': 0.0447, 'hit@20': 0.1253, 'ndcg@20': 0.0508, 'hit@40': 0.1976, 'ndcg@40': 0.0655} 
2024-10-09 16:34:09.615 | INFO     | trainer_1:_train_one_epoch:209 - test 5 cost time 7.33s, result: {'hit@1': 0.0072, 'ndcg@1': 0.0072, 'hit@5': 0.0262, 'ndcg@5': 0.0165, 'hit@10': 0.045, 'ndcg@10': 0.0225, 'hit@15': 0.0625, 'ndcg@15': 0.0272, 'hit@20': 0.0786, 'ndcg@20': 0.031, 'hit@40': 0.1323, 'ndcg@40': 0.0419} 
2024-10-09 16:34:27.042 | INFO     | trainer_1:_train_one_epoch:193 - epoch 6 7.02s Train loss is [0.5280] 
2024-10-09 16:34:34.108 | INFO     | trainer_1:_train_one_epoch:201 - validate 6 cost time 7.07s, result: {'hit@1': 0.0135, 'ndcg@1': 0.0135, 'hit@5': 0.0452, 'ndcg@5': 0.0291, 'hit@10': 0.0751, 'ndcg@10': 0.0386, 'hit@15': 0.1003, 'ndcg@15': 0.0453, 'hit@20': 0.125, 'ndcg@20': 0.0511, 'hit@40': 0.2004, 'ndcg@40': 0.0664} 
2024-10-09 16:34:43.039 | INFO     | trainer_1:_train_one_epoch:209 - test 6 cost time 8.93s, result: {'hit@1': 0.0067, 'ndcg@1': 0.0067, 'hit@5': 0.0289, 'ndcg@5': 0.0177, 'hit@10': 0.0476, 'ndcg@10': 0.0237, 'hit@15': 0.0662, 'ndcg@15': 0.0286, 'hit@20': 0.083, 'ndcg@20': 0.0326, 'hit@40': 0.1406, 'ndcg@40': 0.0443} 
2024-10-09 16:35:00.109 | INFO     | trainer_1:_train_one_epoch:193 - epoch 7 6.56s Train loss is [0.4965] 
2024-10-09 16:35:05.535 | INFO     | trainer_1:_train_one_epoch:201 - validate 7 cost time 5.43s, result: {'hit@1': 0.0124, 'ndcg@1': 0.0124, 'hit@5': 0.043, 'ndcg@5': 0.0275, 'hit@10': 0.0725, 'ndcg@10': 0.0369, 'hit@15': 0.0991, 'ndcg@15': 0.044, 'hit@20': 0.1231, 'ndcg@20': 0.0496, 'hit@40': 0.1986, 'ndcg@40': 0.065} 
2024-10-09 16:35:11.704 | INFO     | trainer_1:_train_one_epoch:209 - test 7 cost time 6.17s, result: {'hit@1': 0.0061, 'ndcg@1': 0.0061, 'hit@5': 0.0255, 'ndcg@5': 0.0156, 'hit@10': 0.0466, 'ndcg@10': 0.0225, 'hit@15': 0.0647, 'ndcg@15': 0.0272, 'hit@20': 0.0805, 'ndcg@20': 0.0309, 'hit@40': 0.1407, 'ndcg@40': 0.0431} 
2024-10-09 16:35:18.513 | INFO     | trainer_1:_train_one_epoch:193 - epoch 8 6.81s Train loss is [0.4957] 
2024-10-09 16:35:27.550 | INFO     | trainer_1:_train_one_epoch:201 - validate 8 cost time 9.04s, result: {'hit@1': 0.0124, 'ndcg@1': 0.0124, 'hit@5': 0.0437, 'ndcg@5': 0.0279, 'hit@10': 0.0746, 'ndcg@10': 0.0379, 'hit@15': 0.1007, 'ndcg@15': 0.0447, 'hit@20': 0.1235, 'ndcg@20': 0.0501, 'hit@40': 0.2015, 'ndcg@40': 0.066} 
2024-10-09 16:35:36.404 | INFO     | trainer_1:_train_one_epoch:209 - test 8 cost time 8.85s, result: {'hit@1': 0.0079, 'ndcg@1': 0.0079, 'hit@5': 0.0261, 'ndcg@5': 0.017, 'hit@10': 0.0472, 'ndcg@10': 0.0237, 'hit@15': 0.0655, 'ndcg@15': 0.0285, 'hit@20': 0.0819, 'ndcg@20': 0.0324, 'hit@40': 0.142, 'ndcg@40': 0.0447} 
2024-10-09 16:35:42.995 | INFO     | trainer_1:_train_one_epoch:193 - epoch 9 6.59s Train loss is [0.4711] 
2024-10-09 16:35:47.956 | INFO     | trainer_1:_train_one_epoch:201 - validate 9 cost time 4.96s, result: {'hit@1': 0.0109, 'ndcg@1': 0.0109, 'hit@5': 0.0438, 'ndcg@5': 0.0274, 'hit@10': 0.075, 'ndcg@10': 0.0374, 'hit@15': 0.1005, 'ndcg@15': 0.0442, 'hit@20': 0.1252, 'ndcg@20': 0.05, 'hit@40': 0.2034, 'ndcg@40': 0.0659} 
2024-10-09 16:35:53.611 | INFO     | trainer_1:_train_one_epoch:209 - test 9 cost time 5.65s, result: {'hit@1': 0.0072, 'ndcg@1': 0.0072, 'hit@5': 0.0267, 'ndcg@5': 0.0169, 'hit@10': 0.0459, 'ndcg@10': 0.0231, 'hit@15': 0.0628, 'ndcg@15': 0.0275, 'hit@20': 0.0818, 'ndcg@20': 0.032, 'hit@40': 0.1404, 'ndcg@40': 0.0439} 
2024-10-09 16:36:00.672 | INFO     | trainer_1:_train_one_epoch:193 - epoch 10 7.06s Train loss is [0.4603] 
2024-10-09 16:36:09.294 | INFO     | trainer_1:_train_one_epoch:201 - validate 10 cost time 8.62s, result: {'hit@1': 0.0115, 'ndcg@1': 0.0115, 'hit@5': 0.0459, 'ndcg@5': 0.0286, 'hit@10': 0.0767, 'ndcg@10': 0.0384, 'hit@15': 0.1051, 'ndcg@15': 0.046, 'hit@20': 0.1294, 'ndcg@20': 0.0517, 'hit@40': 0.2101, 'ndcg@40': 0.0681} 
2024-10-09 16:36:18.242 | INFO     | trainer_1:_train_one_epoch:209 - test 10 cost time 8.95s, result: {'hit@1': 0.0066, 'ndcg@1': 0.0066, 'hit@5': 0.0279, 'ndcg@5': 0.0172, 'hit@10': 0.0481, 'ndcg@10': 0.0237, 'hit@15': 0.0669, 'ndcg@15': 0.0286, 'hit@20': 0.0844, 'ndcg@20': 0.0327, 'hit@40': 0.1436, 'ndcg@40': 0.0448} 
2024-10-09 16:36:35.072 | INFO     | trainer_1:_train_one_epoch:193 - epoch 11 6.33s Train loss is [0.4463] 
2024-10-09 16:36:41.187 | INFO     | trainer_1:_train_one_epoch:201 - validate 11 cost time 6.11s, result: {'hit@1': 0.0105, 'ndcg@1': 0.0105, 'hit@5': 0.042, 'ndcg@5': 0.0262, 'hit@10': 0.0734, 'ndcg@10': 0.0363, 'hit@15': 0.1009, 'ndcg@15': 0.0435, 'hit@20': 0.1259, 'ndcg@20': 0.0494, 'hit@40': 0.2034, 'ndcg@40': 0.0652} 
2024-10-09 16:36:47.437 | INFO     | trainer_1:_train_one_epoch:209 - test 11 cost time 6.25s, result: {'hit@1': 0.006, 'ndcg@1': 0.006, 'hit@5': 0.0265, 'ndcg@5': 0.0162, 'hit@10': 0.0475, 'ndcg@10': 0.023, 'hit@15': 0.0645, 'ndcg@15': 0.0274, 'hit@20': 0.0816, 'ndcg@20': 0.0315, 'hit@40': 0.1406, 'ndcg@40': 0.0434} 
2024-10-09 16:36:53.562 | INFO     | trainer_1:_train_one_epoch:193 - epoch 12 6.12s Train loss is [0.4534] 
2024-10-09 16:37:00.849 | INFO     | trainer_1:_train_one_epoch:201 - validate 12 cost time 7.29s, result: {'hit@1': 0.0117, 'ndcg@1': 0.0117, 'hit@5': 0.0431, 'ndcg@5': 0.0275, 'hit@10': 0.0732, 'ndcg@10': 0.0371, 'hit@15': 0.1018, 'ndcg@15': 0.0446, 'hit@20': 0.1267, 'ndcg@20': 0.0505, 'hit@40': 0.2007, 'ndcg@40': 0.0656} 
2024-10-09 16:37:08.135 | INFO     | trainer_1:_train_one_epoch:209 - test 12 cost time 7.28s, result: {'hit@1': 0.0066, 'ndcg@1': 0.0066, 'hit@5': 0.0269, 'ndcg@5': 0.0167, 'hit@10': 0.0482, 'ndcg@10': 0.0235, 'hit@15': 0.0651, 'ndcg@15': 0.028, 'hit@20': 0.0818, 'ndcg@20': 0.0319, 'hit@40': 0.1407, 'ndcg@40': 0.0439} 
2024-10-09 16:37:25.636 | INFO     | trainer_1:_train_one_epoch:193 - epoch 13 6.94s Train loss is [0.4505] 
2024-10-09 16:37:33.220 | INFO     | trainer_1:_train_one_epoch:201 - validate 13 cost time 7.58s, result: {'hit@1': 0.0115, 'ndcg@1': 0.0115, 'hit@5': 0.0467, 'ndcg@5': 0.0291, 'hit@10': 0.0829, 'ndcg@10': 0.0407, 'hit@15': 0.1117, 'ndcg@15': 0.0483, 'hit@20': 0.1378, 'ndcg@20': 0.0545, 'hit@40': 0.2184, 'ndcg@40': 0.0709} 
2024-10-09 16:37:42.159 | INFO     | trainer_1:_train_one_epoch:209 - test 13 cost time 8.94s, result: {'hit@1': 0.0077, 'ndcg@1': 0.0077, 'hit@5': 0.03, 'ndcg@5': 0.0188, 'hit@10': 0.0519, 'ndcg@10': 0.0258, 'hit@15': 0.0704, 'ndcg@15': 0.0307, 'hit@20': 0.0899, 'ndcg@20': 0.0353, 'hit@40': 0.153, 'ndcg@40': 0.0481} 
2024-10-09 16:37:58.771 | INFO     | trainer_1:_train_one_epoch:193 - epoch 14 6.02s Train loss is [0.4334] 
2024-10-09 16:38:04.366 | INFO     | trainer_1:_train_one_epoch:201 - validate 14 cost time 5.59s, result: {'hit@1': 0.0125, 'ndcg@1': 0.0125, 'hit@5': 0.0485, 'ndcg@5': 0.0304, 'hit@10': 0.0821, 'ndcg@10': 0.0411, 'hit@15': 0.1114, 'ndcg@15': 0.0489, 'hit@20': 0.1394, 'ndcg@20': 0.0555, 'hit@40': 0.2223, 'ndcg@40': 0.0724} 
2024-10-09 16:38:10.522 | INFO     | trainer_1:_train_one_epoch:209 - test 14 cost time 6.16s, result: {'hit@1': 0.0079, 'ndcg@1': 0.0079, 'hit@5': 0.0304, 'ndcg@5': 0.019, 'hit@10': 0.0534, 'ndcg@10': 0.0264, 'hit@15': 0.0737, 'ndcg@15': 0.0317, 'hit@20': 0.0925, 'ndcg@20': 0.0362, 'hit@40': 0.1547, 'ndcg@40': 0.0489} 
2024-10-09 16:38:27.189 | INFO     | trainer_1:_train_one_epoch:193 - epoch 15 6.19s Train loss is [0.4327] 
2024-10-09 16:38:35.810 | INFO     | trainer_1:_train_one_epoch:201 - validate 15 cost time 8.62s, result: {'hit@1': 0.0121, 'ndcg@1': 0.0121, 'hit@5': 0.0467, 'ndcg@5': 0.0293, 'hit@10': 0.0795, 'ndcg@10': 0.0398, 'hit@15': 0.106, 'ndcg@15': 0.0468, 'hit@20': 0.1315, 'ndcg@20': 0.0529, 'hit@40': 0.2122, 'ndcg@40': 0.0693} 
2024-10-09 16:38:40.674 | INFO     | trainer_1:_train_one_epoch:209 - test 15 cost time 4.86s, result: {'hit@1': 0.0087, 'ndcg@1': 0.0087, 'hit@5': 0.0298, 'ndcg@5': 0.0192, 'hit@10': 0.0518, 'ndcg@10': 0.0262, 'hit@15': 0.0704, 'ndcg@15': 0.0311, 'hit@20': 0.0882, 'ndcg@20': 0.0353, 'hit@40': 0.1496, 'ndcg@40': 0.0478} 
2024-10-09 16:38:46.972 | INFO     | trainer_1:_train_one_epoch:193 - epoch 16 6.30s Train loss is [0.4116] 
2024-10-09 16:38:53.271 | INFO     | trainer_1:_train_one_epoch:201 - validate 16 cost time 6.30s, result: {'hit@1': 0.0133, 'ndcg@1': 0.0133, 'hit@5': 0.0525, 'ndcg@5': 0.0326, 'hit@10': 0.085, 'ndcg@10': 0.043, 'hit@15': 0.1134, 'ndcg@15': 0.0505, 'hit@20': 0.1384, 'ndcg@20': 0.0564, 'hit@40': 0.2222, 'ndcg@40': 0.0734} 
2024-10-09 16:39:01.426 | INFO     | trainer_1:_train_one_epoch:209 - test 16 cost time 8.15s, result: {'hit@1': 0.01, 'ndcg@1': 0.01, 'hit@5': 0.0345, 'ndcg@5': 0.022, 'hit@10': 0.0587, 'ndcg@10': 0.0298, 'hit@15': 0.077, 'ndcg@15': 0.0346, 'hit@20': 0.0944, 'ndcg@20': 0.0387, 'hit@40': 0.1581, 'ndcg@40': 0.0516} 
2024-10-09 16:39:18.689 | INFO     | trainer_1:_train_one_epoch:193 - epoch 17 6.68s Train loss is [0.4130] 
2024-10-09 16:39:25.032 | INFO     | trainer_1:_train_one_epoch:201 - validate 17 cost time 6.34s, result: {'hit@1': 0.0138, 'ndcg@1': 0.0138, 'hit@5': 0.051, 'ndcg@5': 0.0322, 'hit@10': 0.0871, 'ndcg@10': 0.0438, 'hit@15': 0.1175, 'ndcg@15': 0.0519, 'hit@20': 0.1442, 'ndcg@20': 0.0581, 'hit@40': 0.2303, 'ndcg@40': 0.0757} 
2024-10-09 16:39:32.554 | INFO     | trainer_1:_train_one_epoch:209 - test 17 cost time 7.52s, result: {'hit@1': 0.0096, 'ndcg@1': 0.0096, 'hit@5': 0.0351, 'ndcg@5': 0.0224, 'hit@10': 0.0595, 'ndcg@10': 0.0301, 'hit@15': 0.0798, 'ndcg@15': 0.0355, 'hit@20': 0.098, 'ndcg@20': 0.0398, 'hit@40': 0.1658, 'ndcg@40': 0.0536} 
2024-10-09 16:39:49.605 | INFO     | trainer_1:_train_one_epoch:193 - epoch 18 6.69s Train loss is [0.4040] 
2024-10-09 16:39:56.063 | INFO     | trainer_1:_train_one_epoch:201 - validate 18 cost time 6.46s, result: {'hit@1': 0.014, 'ndcg@1': 0.014, 'hit@5': 0.0514, 'ndcg@5': 0.0327, 'hit@10': 0.086, 'ndcg@10': 0.0438, 'hit@15': 0.116, 'ndcg@15': 0.0517, 'hit@20': 0.1413, 'ndcg@20': 0.0577, 'hit@40': 0.2262, 'ndcg@40': 0.0749} 
2024-10-09 16:40:02.859 | INFO     | trainer_1:_train_one_epoch:209 - test 18 cost time 6.80s, result: {'hit@1': 0.0091, 'ndcg@1': 0.0091, 'hit@5': 0.0343, 'ndcg@5': 0.0217, 'hit@10': 0.0582, 'ndcg@10': 0.0294, 'hit@15': 0.0779, 'ndcg@15': 0.0346, 'hit@20': 0.0966, 'ndcg@20': 0.039, 'hit@40': 0.1612, 'ndcg@40': 0.0522} 
2024-10-09 16:40:09.602 | INFO     | trainer_1:_train_one_epoch:193 - epoch 19 6.74s Train loss is [0.4030] 
2024-10-09 16:40:18.537 | INFO     | trainer_1:_train_one_epoch:201 - validate 19 cost time 8.93s, result: {'hit@1': 0.0142, 'ndcg@1': 0.0142, 'hit@5': 0.0483, 'ndcg@5': 0.0312, 'hit@10': 0.0824, 'ndcg@10': 0.0422, 'hit@15': 0.1115, 'ndcg@15': 0.0499, 'hit@20': 0.1381, 'ndcg@20': 0.0561, 'hit@40': 0.2217, 'ndcg@40': 0.0731} 
2024-10-09 16:40:27.530 | INFO     | trainer_1:_train_one_epoch:209 - test 19 cost time 8.99s, result: {'hit@1': 0.0097, 'ndcg@1': 0.0097, 'hit@5': 0.0333, 'ndcg@5': 0.0214, 'hit@10': 0.0575, 'ndcg@10': 0.029, 'hit@15': 0.0775, 'ndcg@15': 0.0343, 'hit@20': 0.0951, 'ndcg@20': 0.0385, 'hit@40': 0.1564, 'ndcg@40': 0.0509} 
2024-10-09 16:40:35.325 | INFO     | trainer_1:_train_one_epoch:193 - epoch 20 7.79s Train loss is [0.4029] 
2024-10-09 16:40:43.520 | INFO     | trainer_1:_train_one_epoch:201 - validate 20 cost time 8.19s, result: {'hit@1': 0.0145, 'ndcg@1': 0.0145, 'hit@5': 0.0519, 'ndcg@5': 0.0334, 'hit@10': 0.0848, 'ndcg@10': 0.0439, 'hit@15': 0.1133, 'ndcg@15': 0.0515, 'hit@20': 0.1398, 'ndcg@20': 0.0577, 'hit@40': 0.2289, 'ndcg@40': 0.0759} 
2024-10-09 16:40:52.428 | INFO     | trainer_1:_train_one_epoch:209 - test 20 cost time 8.91s, result: {'hit@1': 0.0092, 'ndcg@1': 0.0092, 'hit@5': 0.0359, 'ndcg@5': 0.0226, 'hit@10': 0.0601, 'ndcg@10': 0.0303, 'hit@15': 0.0814, 'ndcg@15': 0.036, 'hit@20': 0.0997, 'ndcg@20': 0.0403, 'hit@40': 0.165, 'ndcg@40': 0.0536} 
2024-10-09 16:41:14.874 | INFO     | trainer_1:_train_one_epoch:193 - epoch 21 10.21s Train loss is [0.3928] 
2024-10-09 16:41:22.829 | INFO     | trainer_1:_train_one_epoch:201 - validate 21 cost time 7.95s, result: {'hit@1': 0.0142, 'ndcg@1': 0.0142, 'hit@5': 0.0516, 'ndcg@5': 0.0331, 'hit@10': 0.0833, 'ndcg@10': 0.0432, 'hit@15': 0.1122, 'ndcg@15': 0.0508, 'hit@20': 0.1364, 'ndcg@20': 0.0566, 'hit@40': 0.2236, 'ndcg@40': 0.0743} 
2024-10-09 16:41:30.435 | INFO     | trainer_1:_train_one_epoch:209 - test 21 cost time 7.61s, result: {'hit@1': 0.0107, 'ndcg@1': 0.0107, 'hit@5': 0.0358, 'ndcg@5': 0.0233, 'hit@10': 0.0588, 'ndcg@10': 0.0306, 'hit@15': 0.0793, 'ndcg@15': 0.036, 'hit@20': 0.0958, 'ndcg@20': 0.0399, 'hit@40': 0.1588, 'ndcg@40': 0.0527} 
2024-10-09 16:41:38.964 | INFO     | trainer_1:_train_one_epoch:193 - epoch 22 8.53s Train loss is [0.4022] 
2024-10-09 16:41:44.117 | INFO     | trainer_1:_train_one_epoch:201 - validate 22 cost time 5.15s, result: {'hit@1': 0.0149, 'ndcg@1': 0.0149, 'hit@5': 0.0536, 'ndcg@5': 0.0342, 'hit@10': 0.0862, 'ndcg@10': 0.0447, 'hit@15': 0.1154, 'ndcg@15': 0.0525, 'hit@20': 0.141, 'ndcg@20': 0.0585, 'hit@40': 0.225, 'ndcg@40': 0.0756} 
2024-10-09 16:41:50.022 | INFO     | trainer_1:_train_one_epoch:209 - test 22 cost time 5.90s, result: {'hit@1': 0.0096, 'ndcg@1': 0.0096, 'hit@5': 0.0354, 'ndcg@5': 0.0224, 'hit@10': 0.059, 'ndcg@10': 0.0299, 'hit@15': 0.0793, 'ndcg@15': 0.0353, 'hit@20': 0.0971, 'ndcg@20': 0.0395, 'hit@40': 0.1597, 'ndcg@40': 0.0522} 
2024-10-09 16:41:58.581 | INFO     | trainer_1:_train_one_epoch:193 - epoch 23 8.56s Train loss is [0.3900] 
2024-10-09 16:42:07.675 | INFO     | trainer_1:_train_one_epoch:201 - validate 23 cost time 9.09s, result: {'hit@1': 0.016, 'ndcg@1': 0.016, 'hit@5': 0.0559, 'ndcg@5': 0.0359, 'hit@10': 0.0917, 'ndcg@10': 0.0474, 'hit@15': 0.1208, 'ndcg@15': 0.0551, 'hit@20': 0.1475, 'ndcg@20': 0.0614, 'hit@40': 0.2343, 'ndcg@40': 0.079} 
2024-10-09 16:42:16.479 | INFO     | trainer_1:_train_one_epoch:209 - test 23 cost time 8.80s, result: {'hit@1': 0.0094, 'ndcg@1': 0.0094, 'hit@5': 0.0367, 'ndcg@5': 0.0229, 'hit@10': 0.0619, 'ndcg@10': 0.031, 'hit@15': 0.0827, 'ndcg@15': 0.0365, 'hit@20': 0.1015, 'ndcg@20': 0.0409, 'hit@40': 0.1667, 'ndcg@40': 0.0542} 
2024-10-09 16:42:37.034 | INFO     | trainer_1:_train_one_epoch:193 - epoch 24 8.57s Train loss is [0.3846] 
2024-10-09 16:42:44.337 | INFO     | trainer_1:_train_one_epoch:201 - validate 24 cost time 7.30s, result: {'hit@1': 0.0143, 'ndcg@1': 0.0143, 'hit@5': 0.0536, 'ndcg@5': 0.0339, 'hit@10': 0.0876, 'ndcg@10': 0.0448, 'hit@15': 0.1161, 'ndcg@15': 0.0524, 'hit@20': 0.1414, 'ndcg@20': 0.0583, 'hit@40': 0.2256, 'ndcg@40': 0.0755} 
2024-10-09 16:42:53.242 | INFO     | trainer_1:_train_one_epoch:209 - test 24 cost time 8.90s, result: {'hit@1': 0.0099, 'ndcg@1': 0.0099, 'hit@5': 0.0373, 'ndcg@5': 0.0234, 'hit@10': 0.0594, 'ndcg@10': 0.0305, 'hit@15': 0.0797, 'ndcg@15': 0.0358, 'hit@20': 0.0977, 'ndcg@20': 0.0401, 'hit@40': 0.1622, 'ndcg@40': 0.0532} 
2024-10-09 16:43:02.037 | INFO     | trainer_1:_train_one_epoch:193 - epoch 25 8.79s Train loss is [0.3795] 
2024-10-09 16:43:09.998 | INFO     | trainer_1:_train_one_epoch:201 - validate 25 cost time 7.96s, result: {'hit@1': 0.0156, 'ndcg@1': 0.0156, 'hit@5': 0.057, 'ndcg@5': 0.0364, 'hit@10': 0.0939, 'ndcg@10': 0.0482, 'hit@15': 0.1241, 'ndcg@15': 0.0562, 'hit@20': 0.1523, 'ndcg@20': 0.0628, 'hit@40': 0.2374, 'ndcg@40': 0.0802} 
2024-10-09 16:43:16.281 | INFO     | trainer_1:_train_one_epoch:209 - test 25 cost time 6.28s, result: {'hit@1': 0.0111, 'ndcg@1': 0.0111, 'hit@5': 0.0385, 'ndcg@5': 0.0248, 'hit@10': 0.0629, 'ndcg@10': 0.0327, 'hit@15': 0.0842, 'ndcg@15': 0.0383, 'hit@20': 0.1051, 'ndcg@20': 0.0432, 'hit@40': 0.1732, 'ndcg@40': 0.0571} 
2024-10-09 16:43:37.060 | INFO     | trainer_1:_train_one_epoch:193 - epoch 26 9.77s Train loss is [0.3743] 
2024-10-09 16:43:44.004 | INFO     | trainer_1:_train_one_epoch:201 - validate 26 cost time 6.94s, result: {'hit@1': 0.0154, 'ndcg@1': 0.0154, 'hit@5': 0.0581, 'ndcg@5': 0.0369, 'hit@10': 0.0957, 'ndcg@10': 0.0489, 'hit@15': 0.1245, 'ndcg@15': 0.0565, 'hit@20': 0.1497, 'ndcg@20': 0.0624, 'hit@40': 0.2353, 'ndcg@40': 0.0799} 
2024-10-09 16:43:50.430 | INFO     | trainer_1:_train_one_epoch:209 - test 26 cost time 6.43s, result: {'hit@1': 0.0104, 'ndcg@1': 0.0104, 'hit@5': 0.0367, 'ndcg@5': 0.0237, 'hit@10': 0.0626, 'ndcg@10': 0.032, 'hit@15': 0.0843, 'ndcg@15': 0.0377, 'hit@20': 0.1035, 'ndcg@20': 0.0422, 'hit@40': 0.1686, 'ndcg@40': 0.0555} 
2024-10-09 16:43:59.106 | INFO     | trainer_1:_train_one_epoch:193 - epoch 27 8.68s Train loss is [0.3729] 
2024-10-09 16:44:08.087 | INFO     | trainer_1:_train_one_epoch:201 - validate 27 cost time 8.98s, result: {'hit@1': 0.0168, 'ndcg@1': 0.0168, 'hit@5': 0.0587, 'ndcg@5': 0.0381, 'hit@10': 0.0955, 'ndcg@10': 0.0499, 'hit@15': 0.1279, 'ndcg@15': 0.0584, 'hit@20': 0.1544, 'ndcg@20': 0.0647, 'hit@40': 0.2401, 'ndcg@40': 0.0821} 
2024-10-09 16:44:16.690 | INFO     | trainer_1:_train_one_epoch:209 - test 27 cost time 8.60s, result: {'hit@1': 0.0117, 'ndcg@1': 0.0117, 'hit@5': 0.0394, 'ndcg@5': 0.0255, 'hit@10': 0.0651, 'ndcg@10': 0.0337, 'hit@15': 0.0865, 'ndcg@15': 0.0393, 'hit@20': 0.1061, 'ndcg@20': 0.0439, 'hit@40': 0.1718, 'ndcg@40': 0.0573} 
2024-10-09 16:44:36.206 | INFO     | trainer_1:_train_one_epoch:193 - epoch 28 8.58s Train loss is [0.3765] 
2024-10-09 16:44:45.192 | INFO     | trainer_1:_train_one_epoch:201 - validate 28 cost time 8.99s, result: {'hit@1': 0.0156, 'ndcg@1': 0.0156, 'hit@5': 0.0583, 'ndcg@5': 0.037, 'hit@10': 0.095, 'ndcg@10': 0.0488, 'hit@15': 0.127, 'ndcg@15': 0.0572, 'hit@20': 0.155, 'ndcg@20': 0.0638, 'hit@40': 0.241, 'ndcg@40': 0.0813} 
2024-10-09 16:44:53.555 | INFO     | trainer_1:_train_one_epoch:209 - test 28 cost time 8.36s, result: {'hit@1': 0.0102, 'ndcg@1': 0.0102, 'hit@5': 0.0371, 'ndcg@5': 0.0237, 'hit@10': 0.0628, 'ndcg@10': 0.0319, 'hit@15': 0.0849, 'ndcg@15': 0.0377, 'hit@20': 0.1057, 'ndcg@20': 0.0426, 'hit@40': 0.1716, 'ndcg@40': 0.056} 
2024-10-09 16:45:02.117 | INFO     | trainer_1:_train_one_epoch:193 - epoch 29 8.56s Train loss is [0.3588] 
2024-10-09 16:45:10.781 | INFO     | trainer_1:_train_one_epoch:201 - validate 29 cost time 8.66s, result: {'hit@1': 0.0169, 'ndcg@1': 0.0169, 'hit@5': 0.0572, 'ndcg@5': 0.0372, 'hit@10': 0.0935, 'ndcg@10': 0.0488, 'hit@15': 0.123, 'ndcg@15': 0.0566, 'hit@20': 0.1497, 'ndcg@20': 0.0629, 'hit@40': 0.2308, 'ndcg@40': 0.0794} 
2024-10-09 16:45:19.664 | INFO     | trainer_1:_train_one_epoch:209 - test 29 cost time 8.88s, result: {'hit@1': 0.0104, 'ndcg@1': 0.0104, 'hit@5': 0.0366, 'ndcg@5': 0.0235, 'hit@10': 0.0615, 'ndcg@10': 0.0314, 'hit@15': 0.0823, 'ndcg@15': 0.0369, 'hit@20': 0.101, 'ndcg@20': 0.0413, 'hit@40': 0.1658, 'ndcg@40': 0.0545} 
2024-10-09 16:45:28.097 | INFO     | trainer_1:_train_one_epoch:193 - epoch 30 8.43s Train loss is [0.3634] 
2024-10-09 16:45:33.750 | INFO     | trainer_1:_train_one_epoch:201 - validate 30 cost time 5.65s, result: {'hit@1': 0.0162, 'ndcg@1': 0.0162, 'hit@5': 0.0561, 'ndcg@5': 0.0362, 'hit@10': 0.0897, 'ndcg@10': 0.047, 'hit@15': 0.1204, 'ndcg@15': 0.0551, 'hit@20': 0.1481, 'ndcg@20': 0.0616, 'hit@40': 0.2349, 'ndcg@40': 0.0793} 
2024-10-09 16:45:38.696 | INFO     | trainer_1:_train_one_epoch:209 - test 30 cost time 4.95s, result: {'hit@1': 0.0105, 'ndcg@1': 0.0105, 'hit@5': 0.0367, 'ndcg@5': 0.0236, 'hit@10': 0.0602, 'ndcg@10': 0.0311, 'hit@15': 0.0824, 'ndcg@15': 0.037, 'hit@20': 0.1016, 'ndcg@20': 0.0415, 'hit@40': 0.1682, 'ndcg@40': 0.055} 
2024-10-09 16:45:47.236 | INFO     | trainer_1:_train_one_epoch:193 - epoch 31 8.54s Train loss is [0.3551] 
2024-10-09 16:45:55.534 | INFO     | trainer_1:_train_one_epoch:201 - validate 31 cost time 8.30s, result: {'hit@1': 0.016, 'ndcg@1': 0.016, 'hit@5': 0.0571, 'ndcg@5': 0.0366, 'hit@10': 0.0945, 'ndcg@10': 0.0487, 'hit@15': 0.1257, 'ndcg@15': 0.0569, 'hit@20': 0.1533, 'ndcg@20': 0.0634, 'hit@40': 0.2442, 'ndcg@40': 0.0819} 
2024-10-09 16:46:04.426 | INFO     | trainer_1:_train_one_epoch:209 - test 31 cost time 8.89s, result: {'hit@1': 0.0105, 'ndcg@1': 0.0105, 'hit@5': 0.0377, 'ndcg@5': 0.024, 'hit@10': 0.0659, 'ndcg@10': 0.033, 'hit@15': 0.0863, 'ndcg@15': 0.0384, 'hit@20': 0.1074, 'ndcg@20': 0.0434, 'hit@40': 0.1732, 'ndcg@40': 0.0567} 
2024-10-09 16:46:24.866 | INFO     | trainer_1:_train_one_epoch:193 - epoch 32 9.32s Train loss is [0.3537] 
2024-10-09 16:46:32.742 | INFO     | trainer_1:_train_one_epoch:201 - validate 32 cost time 7.88s, result: {'hit@1': 0.0172, 'ndcg@1': 0.0172, 'hit@5': 0.0593, 'ndcg@5': 0.0385, 'hit@10': 0.0986, 'ndcg@10': 0.0511, 'hit@15': 0.1295, 'ndcg@15': 0.0593, 'hit@20': 0.1579, 'ndcg@20': 0.066, 'hit@40': 0.2476, 'ndcg@40': 0.0842} 
2024-10-09 16:46:40.368 | INFO     | trainer_1:_train_one_epoch:209 - test 32 cost time 7.63s, result: {'hit@1': 0.0107, 'ndcg@1': 0.0107, 'hit@5': 0.0392, 'ndcg@5': 0.0248, 'hit@10': 0.0653, 'ndcg@10': 0.0331, 'hit@15': 0.0865, 'ndcg@15': 0.0387, 'hit@20': 0.1073, 'ndcg@20': 0.0436, 'hit@40': 0.1754, 'ndcg@40': 0.0574} 
2024-10-09 16:46:49.761 | INFO     | trainer_1:_train_one_epoch:193 - epoch 33 9.39s Train loss is [0.3509] 
2024-10-09 16:46:54.953 | INFO     | trainer_1:_train_one_epoch:201 - validate 33 cost time 5.19s, result: {'hit@1': 0.016, 'ndcg@1': 0.016, 'hit@5': 0.059, 'ndcg@5': 0.0376, 'hit@10': 0.0972, 'ndcg@10': 0.0499, 'hit@15': 0.1282, 'ndcg@15': 0.0581, 'hit@20': 0.1547, 'ndcg@20': 0.0643, 'hit@40': 0.24, 'ndcg@40': 0.0817} 
2024-10-09 16:47:01.346 | INFO     | trainer_1:_train_one_epoch:209 - test 33 cost time 6.39s, result: {'hit@1': 0.0114, 'ndcg@1': 0.0114, 'hit@5': 0.0388, 'ndcg@5': 0.025, 'hit@10': 0.0646, 'ndcg@10': 0.0332, 'hit@15': 0.0865, 'ndcg@15': 0.039, 'hit@20': 0.1058, 'ndcg@20': 0.0436, 'hit@40': 0.1701, 'ndcg@40': 0.0567} 
2024-10-09 16:47:10.086 | INFO     | trainer_1:_train_one_epoch:193 - epoch 34 8.74s Train loss is [0.3429] 
2024-10-09 16:47:17.909 | INFO     | trainer_1:_train_one_epoch:201 - validate 34 cost time 7.82s, result: {'hit@1': 0.0157, 'ndcg@1': 0.0157, 'hit@5': 0.0581, 'ndcg@5': 0.037, 'hit@10': 0.0971, 'ndcg@10': 0.0495, 'hit@15': 0.1281, 'ndcg@15': 0.0576, 'hit@20': 0.1553, 'ndcg@20': 0.0641, 'hit@40': 0.2436, 'ndcg@40': 0.082} 
2024-10-09 16:47:25.708 | INFO     | trainer_1:_train_one_epoch:209 - test 34 cost time 7.80s, result: {'hit@1': 0.0116, 'ndcg@1': 0.0116, 'hit@5': 0.0386, 'ndcg@5': 0.0251, 'hit@10': 0.0672, 'ndcg@10': 0.0343, 'hit@15': 0.0863, 'ndcg@15': 0.0393, 'hit@20': 0.108, 'ndcg@20': 0.0444, 'hit@40': 0.1725, 'ndcg@40': 0.0576} 
2024-10-09 16:47:46.569 | INFO     | trainer_1:_train_one_epoch:193 - epoch 35 8.10s Train loss is [0.3465] 
2024-10-09 16:47:55.584 | INFO     | trainer_1:_train_one_epoch:201 - validate 35 cost time 9.01s, result: {'hit@1': 0.0168, 'ndcg@1': 0.0168, 'hit@5': 0.0597, 'ndcg@5': 0.0383, 'hit@10': 0.0982, 'ndcg@10': 0.0506, 'hit@15': 0.1278, 'ndcg@15': 0.0584, 'hit@20': 0.1544, 'ndcg@20': 0.0647, 'hit@40': 0.2405, 'ndcg@40': 0.0822} 
2024-10-09 16:48:03.723 | INFO     | trainer_1:_train_one_epoch:209 - test 35 cost time 8.14s, result: {'hit@1': 0.0114, 'ndcg@1': 0.0114, 'hit@5': 0.0397, 'ndcg@5': 0.0256, 'hit@10': 0.0663, 'ndcg@10': 0.0341, 'hit@15': 0.0867, 'ndcg@15': 0.0395, 'hit@20': 0.1061, 'ndcg@20': 0.0441, 'hit@40': 0.1689, 'ndcg@40': 0.0569} 
2024-10-09 16:48:14.552 | INFO     | trainer_1:_train_one_epoch:193 - epoch 36 10.83s Train loss is [0.3455] 
2024-10-09 16:48:21.264 | INFO     | trainer_1:_train_one_epoch:201 - validate 36 cost time 6.71s, result: {'hit@1': 0.0162, 'ndcg@1': 0.0162, 'hit@5': 0.0587, 'ndcg@5': 0.0373, 'hit@10': 0.0975, 'ndcg@10': 0.0498, 'hit@15': 0.1294, 'ndcg@15': 0.0582, 'hit@20': 0.1596, 'ndcg@20': 0.0653, 'hit@40': 0.2497, 'ndcg@40': 0.0837} 
2024-10-09 16:48:30.089 | INFO     | trainer_1:_train_one_epoch:209 - test 36 cost time 8.82s, result: {'hit@1': 0.0111, 'ndcg@1': 0.0111, 'hit@5': 0.039, 'ndcg@5': 0.0253, 'hit@10': 0.0669, 'ndcg@10': 0.0342, 'hit@15': 0.0886, 'ndcg@15': 0.0399, 'hit@20': 0.1084, 'ndcg@20': 0.0446, 'hit@40': 0.1742, 'ndcg@40': 0.058} 
2024-10-09 16:48:38.943 | INFO     | trainer_1:_train_one_epoch:193 - epoch 37 8.85s Train loss is [0.3556] 
2024-10-09 16:48:47.930 | INFO     | trainer_1:_train_one_epoch:201 - validate 37 cost time 8.99s, result: {'hit@1': 0.016, 'ndcg@1': 0.016, 'hit@5': 0.0595, 'ndcg@5': 0.0379, 'hit@10': 0.0967, 'ndcg@10': 0.0498, 'hit@15': 0.1283, 'ndcg@15': 0.0582, 'hit@20': 0.1568, 'ndcg@20': 0.0649, 'hit@40': 0.2473, 'ndcg@40': 0.0833} 
2024-10-09 16:48:53.101 | INFO     | trainer_1:_train_one_epoch:209 - test 37 cost time 5.17s, result: {'hit@1': 0.0105, 'ndcg@1': 0.0105, 'hit@5': 0.039, 'ndcg@5': 0.0248, 'hit@10': 0.0662, 'ndcg@10': 0.0335, 'hit@15': 0.0874, 'ndcg@15': 0.0391, 'hit@20': 0.1076, 'ndcg@20': 0.0439, 'hit@40': 0.1754, 'ndcg@40': 0.0577} 
2024-10-09 16:49:02.324 | INFO     | trainer_1:_train_one_epoch:193 - epoch 38 9.22s Train loss is [0.3514] 
2024-10-09 16:49:10.121 | INFO     | trainer_1:_train_one_epoch:201 - validate 38 cost time 7.80s, result: {'hit@1': 0.0163, 'ndcg@1': 0.0163, 'hit@5': 0.0593, 'ndcg@5': 0.0379, 'hit@10': 0.0971, 'ndcg@10': 0.05, 'hit@15': 0.129, 'ndcg@15': 0.0585, 'hit@20': 0.1557, 'ndcg@20': 0.0648, 'hit@40': 0.2461, 'ndcg@40': 0.0832} 
2024-10-09 16:49:19.578 | INFO     | trainer_1:_train_one_epoch:209 - test 38 cost time 9.46s, result: {'hit@1': 0.01, 'ndcg@1': 0.01, 'hit@5': 0.0397, 'ndcg@5': 0.0248, 'hit@10': 0.0653, 'ndcg@10': 0.033, 'hit@15': 0.0886, 'ndcg@15': 0.0391, 'hit@20': 0.107, 'ndcg@20': 0.0435, 'hit@40': 0.1731, 'ndcg@40': 0.0568} 
2024-10-09 16:49:29.777 | INFO     | trainer_1:_train_one_epoch:193 - epoch 39 10.20s Train loss is [0.3590] 
2024-10-09 16:49:39.330 | INFO     | trainer_1:_train_one_epoch:201 - validate 39 cost time 9.55s, result: {'hit@1': 0.0165, 'ndcg@1': 0.0165, 'hit@5': 0.0626, 'ndcg@5': 0.0397, 'hit@10': 0.1025, 'ndcg@10': 0.0525, 'hit@15': 0.1342, 'ndcg@15': 0.0608, 'hit@20': 0.1617, 'ndcg@20': 0.0674, 'hit@40': 0.2582, 'ndcg@40': 0.087} 
2024-10-09 16:49:46.559 | INFO     | trainer_1:_train_one_epoch:209 - test 39 cost time 7.23s, result: {'hit@1': 0.0104, 'ndcg@1': 0.0104, 'hit@5': 0.04, 'ndcg@5': 0.0252, 'hit@10': 0.0676, 'ndcg@10': 0.034, 'hit@15': 0.0892, 'ndcg@15': 0.0397, 'hit@20': 0.1098, 'ndcg@20': 0.0446, 'hit@40': 0.1794, 'ndcg@40': 0.0587} 
2024-10-09 16:50:13.091 | INFO     | trainer_1:_train_one_epoch:193 - epoch 40 9.14s Train loss is [0.3526] 
2024-10-09 16:50:18.481 | INFO     | trainer_1:_train_one_epoch:201 - validate 40 cost time 5.39s, result: {'hit@1': 0.0165, 'ndcg@1': 0.0165, 'hit@5': 0.0617, 'ndcg@5': 0.039, 'hit@10': 0.0994, 'ndcg@10': 0.051, 'hit@15': 0.1348, 'ndcg@15': 0.0604, 'hit@20': 0.1643, 'ndcg@20': 0.0673, 'hit@40': 0.2561, 'ndcg@40': 0.086} 
2024-10-09 16:50:24.120 | INFO     | trainer_1:_train_one_epoch:209 - test 40 cost time 5.64s, result: {'hit@1': 0.0108, 'ndcg@1': 0.0108, 'hit@5': 0.0398, 'ndcg@5': 0.0254, 'hit@10': 0.0672, 'ndcg@10': 0.0342, 'hit@15': 0.0891, 'ndcg@15': 0.04, 'hit@20': 0.1088, 'ndcg@20': 0.0447, 'hit@40': 0.1791, 'ndcg@40': 0.059} 
2024-10-09 16:50:33.888 | INFO     | trainer_1:_train_one_epoch:193 - epoch 41 9.77s Train loss is [0.3486] 
2024-10-09 16:50:41.206 | INFO     | trainer_1:_train_one_epoch:201 - validate 41 cost time 7.32s, result: {'hit@1': 0.0166, 'ndcg@1': 0.0166, 'hit@5': 0.0599, 'ndcg@5': 0.038, 'hit@10': 0.0994, 'ndcg@10': 0.0507, 'hit@15': 0.1312, 'ndcg@15': 0.0591, 'hit@20': 0.1618, 'ndcg@20': 0.0663, 'hit@40': 0.2576, 'ndcg@40': 0.0858} 
2024-10-09 16:50:51.212 | INFO     | trainer_1:_train_one_epoch:209 - test 41 cost time 10.00s, result: {'hit@1': 0.0106, 'ndcg@1': 0.0106, 'hit@5': 0.0394, 'ndcg@5': 0.025, 'hit@10': 0.0675, 'ndcg@10': 0.034, 'hit@15': 0.0885, 'ndcg@15': 0.0395, 'hit@20': 0.1103, 'ndcg@20': 0.0447, 'hit@40': 0.1778, 'ndcg@40': 0.0584} 
2024-10-09 16:51:00.284 | INFO     | trainer_1:_train_one_epoch:193 - epoch 42 9.07s Train loss is [0.3411] 
2024-10-09 16:51:10.269 | INFO     | trainer_1:_train_one_epoch:201 - validate 42 cost time 9.98s, result: {'hit@1': 0.0155, 'ndcg@1': 0.0155, 'hit@5': 0.058, 'ndcg@5': 0.0368, 'hit@10': 0.0954, 'ndcg@10': 0.0488, 'hit@15': 0.1259, 'ndcg@15': 0.0568, 'hit@20': 0.1554, 'ndcg@20': 0.0638, 'hit@40': 0.2464, 'ndcg@40': 0.0823} 
2024-10-09 16:51:18.470 | INFO     | trainer_1:_train_one_epoch:209 - test 42 cost time 8.20s, result: {'hit@1': 0.011, 'ndcg@1': 0.011, 'hit@5': 0.0376, 'ndcg@5': 0.0244, 'hit@10': 0.0646, 'ndcg@10': 0.033, 'hit@15': 0.0855, 'ndcg@15': 0.0385, 'hit@20': 0.1038, 'ndcg@20': 0.0428, 'hit@40': 0.1708, 'ndcg@40': 0.0565} 
2024-10-09 16:51:31.970 | INFO     | trainer_1:_train_one_epoch:193 - epoch 43 13.50s Train loss is [0.3478] 
2024-10-09 16:51:42.209 | INFO     | trainer_1:_train_one_epoch:201 - validate 43 cost time 10.24s, result: {'hit@1': 0.0147, 'ndcg@1': 0.0147, 'hit@5': 0.058, 'ndcg@5': 0.0364, 'hit@10': 0.0987, 'ndcg@10': 0.0495, 'hit@15': 0.1314, 'ndcg@15': 0.0581, 'hit@20': 0.162, 'ndcg@20': 0.0653, 'hit@40': 0.2564, 'ndcg@40': 0.0845} 
2024-10-09 16:51:52.995 | INFO     | trainer_1:_train_one_epoch:209 - test 43 cost time 10.79s, result: {'hit@1': 0.0105, 'ndcg@1': 0.0105, 'hit@5': 0.038, 'ndcg@5': 0.0243, 'hit@10': 0.0648, 'ndcg@10': 0.0329, 'hit@15': 0.0883, 'ndcg@15': 0.0391, 'hit@20': 0.1083, 'ndcg@20': 0.0438, 'hit@40': 0.1783, 'ndcg@40': 0.058} 
2024-10-09 16:52:06.040 | INFO     | trainer_1:_train_one_epoch:193 - epoch 44 13.04s Train loss is [0.3421] 
2024-10-09 16:52:15.698 | INFO     | trainer_1:_train_one_epoch:201 - validate 44 cost time 9.66s, result: {'hit@1': 0.0162, 'ndcg@1': 0.0162, 'hit@5': 0.0613, 'ndcg@5': 0.0387, 'hit@10': 0.1046, 'ndcg@10': 0.0526, 'hit@15': 0.1395, 'ndcg@15': 0.0618, 'hit@20': 0.1689, 'ndcg@20': 0.0687, 'hit@40': 0.2641, 'ndcg@40': 0.0881} 
2024-10-09 16:52:28.008 | INFO     | trainer_1:_train_one_epoch:209 - test 44 cost time 12.31s, result: {'hit@1': 0.012, 'ndcg@1': 0.012, 'hit@5': 0.0423, 'ndcg@5': 0.027, 'hit@10': 0.0695, 'ndcg@10': 0.0357, 'hit@15': 0.0937, 'ndcg@15': 0.0421, 'hit@20': 0.1144, 'ndcg@20': 0.047, 'hit@40': 0.1832, 'ndcg@40': 0.061} 
2024-10-09 16:53:03.385 | INFO     | trainer_1:_train_one_epoch:193 - epoch 45 14.76s Train loss is [0.3429] 
2024-10-09 16:53:12.139 | INFO     | trainer_1:_train_one_epoch:201 - validate 45 cost time 8.75s, result: {'hit@1': 0.0175, 'ndcg@1': 0.0175, 'hit@5': 0.0613, 'ndcg@5': 0.0392, 'hit@10': 0.0997, 'ndcg@10': 0.0516, 'hit@15': 0.1324, 'ndcg@15': 0.0602, 'hit@20': 0.1612, 'ndcg@20': 0.067, 'hit@40': 0.2564, 'ndcg@40': 0.0864} 
2024-10-09 16:53:22.437 | INFO     | trainer_1:_train_one_epoch:209 - test 45 cost time 10.29s, result: {'hit@1': 0.012, 'ndcg@1': 0.012, 'hit@5': 0.0393, 'ndcg@5': 0.0256, 'hit@10': 0.0655, 'ndcg@10': 0.034, 'hit@15': 0.0874, 'ndcg@15': 0.0397, 'hit@20': 0.108, 'ndcg@20': 0.0446, 'hit@40': 0.1767, 'ndcg@40': 0.0586} 
2024-10-09 16:53:36.554 | INFO     | trainer_1:_train_one_epoch:193 - epoch 46 14.11s Train loss is [0.3444] 
2024-10-09 16:53:44.603 | INFO     | trainer_1:_train_one_epoch:201 - validate 46 cost time 8.05s, result: {'hit@1': 0.0158, 'ndcg@1': 0.0158, 'hit@5': 0.06, 'ndcg@5': 0.0381, 'hit@10': 0.1015, 'ndcg@10': 0.0515, 'hit@15': 0.1356, 'ndcg@15': 0.0604, 'hit@20': 0.1655, 'ndcg@20': 0.0675, 'hit@40': 0.2588, 'ndcg@40': 0.0865} 
2024-10-09 16:53:52.345 | INFO     | trainer_1:_train_one_epoch:209 - test 46 cost time 7.74s, result: {'hit@1': 0.0116, 'ndcg@1': 0.0116, 'hit@5': 0.0399, 'ndcg@5': 0.0255, 'hit@10': 0.0676, 'ndcg@10': 0.0344, 'hit@15': 0.0899, 'ndcg@15': 0.0403, 'hit@20': 0.1102, 'ndcg@20': 0.0451, 'hit@40': 0.1775, 'ndcg@40': 0.0587} 
2024-10-09 16:54:05.437 | INFO     | trainer_1:_train_one_epoch:193 - epoch 47 13.09s Train loss is [0.3395] 
2024-10-09 16:54:13.035 | INFO     | trainer_1:_train_one_epoch:201 - validate 47 cost time 7.60s, result: {'hit@1': 0.0168, 'ndcg@1': 0.0168, 'hit@5': 0.062, 'ndcg@5': 0.0392, 'hit@10': 0.1037, 'ndcg@10': 0.0526, 'hit@15': 0.1381, 'ndcg@15': 0.0617, 'hit@20': 0.1654, 'ndcg@20': 0.0681, 'hit@40': 0.26, 'ndcg@40': 0.0873} 
2024-10-09 16:54:21.426 | INFO     | trainer_1:_train_one_epoch:209 - test 47 cost time 8.39s, result: {'hit@1': 0.0123, 'ndcg@1': 0.0123, 'hit@5': 0.04, 'ndcg@5': 0.026, 'hit@10': 0.069, 'ndcg@10': 0.0354, 'hit@15': 0.0904, 'ndcg@15': 0.041, 'hit@20': 0.1119, 'ndcg@20': 0.0461, 'hit@40': 0.1814, 'ndcg@40': 0.0602} 
2024-10-09 16:54:35.026 | INFO     | trainer_1:_train_one_epoch:193 - epoch 48 13.60s Train loss is [0.3372] 
2024-10-09 16:54:45.868 | INFO     | trainer_1:_train_one_epoch:201 - validate 48 cost time 10.84s, result: {'hit@1': 0.0155, 'ndcg@1': 0.0155, 'hit@5': 0.0599, 'ndcg@5': 0.0377, 'hit@10': 0.0996, 'ndcg@10': 0.0504, 'hit@15': 0.133, 'ndcg@15': 0.0593, 'hit@20': 0.1626, 'ndcg@20': 0.0663, 'hit@40': 0.256, 'ndcg@40': 0.0853} 
2024-10-09 16:54:54.730 | INFO     | trainer_1:_train_one_epoch:209 - test 48 cost time 8.85s, result: {'hit@1': 0.0113, 'ndcg@1': 0.0113, 'hit@5': 0.0393, 'ndcg@5': 0.0252, 'hit@10': 0.0663, 'ndcg@10': 0.0338, 'hit@15': 0.0886, 'ndcg@15': 0.0397, 'hit@20': 0.1088, 'ndcg@20': 0.0445, 'hit@40': 0.18, 'ndcg@40': 0.059} 
2024-10-09 16:55:08.124 | INFO     | trainer_1:_train_one_epoch:193 - epoch 49 13.39s Train loss is [0.3405] 
2024-10-09 16:55:19.633 | INFO     | trainer_1:_train_one_epoch:201 - validate 49 cost time 11.51s, result: {'hit@1': 0.0163, 'ndcg@1': 0.0163, 'hit@5': 0.0618, 'ndcg@5': 0.0389, 'hit@10': 0.1041, 'ndcg@10': 0.0524, 'hit@15': 0.1374, 'ndcg@15': 0.0612, 'hit@20': 0.1687, 'ndcg@20': 0.0686, 'hit@40': 0.2627, 'ndcg@40': 0.0877} 
2024-10-09 16:55:29.207 | INFO     | trainer_1:_train_one_epoch:209 - test 49 cost time 9.57s, result: {'hit@1': 0.0115, 'ndcg@1': 0.0115, 'hit@5': 0.0424, 'ndcg@5': 0.027, 'hit@10': 0.0683, 'ndcg@10': 0.0353, 'hit@15': 0.0918, 'ndcg@15': 0.0415, 'hit@20': 0.1132, 'ndcg@20': 0.0465, 'hit@40': 0.1833, 'ndcg@40': 0.0608} 
2024-10-09 16:55:29.224 | INFO     | trainer_1:train_model:163 - training end, best iteration 44, results: {'hit@1': 0.0162, 'ndcg@1': 0.0162, 'hit@5': 0.0613, 'ndcg@5': 0.0387, 'hit@10': 0.1046, 'ndcg@10': 0.0526, 'hit@15': 0.1395, 'ndcg@15': 0.0618, 'hit@20': 0.1689, 'ndcg@20': 0.0687, 'hit@40': 0.2641, 'ndcg@40': 0.0881}
2024-10-09 16:55:29.225 | INFO     | trainer_1:train_model:166 - final test result is:  {'hit@1': 0.012, 'ndcg@1': 0.012, 'hit@5': 0.0423, 'ndcg@5': 0.027, 'hit@10': 0.0695, 'ndcg@10': 0.0357, 'hit@15': 0.0937, 'ndcg@15': 0.0421, 'hit@20': 0.1144, 'ndcg@20': 0.047, 'hit@40': 0.1832, 'ndcg@40': 0.061}
2024-10-09 16:55:29.776 | INFO     | __main__:<module>:119 - train end total cost time: 4173.591853380203
