2024-10-09 22:58:05.544 | INFO     | __main__:<module>:105 - Namespace(TIME='2024-10-09 22_57_32', batch_size=1024, behaviors=['view', 'cart', 'buy'], check_point='model_pre_1_2024-10-08 12_13_12.pth', data_name='beibei', data_path='./data/beibei', decay=0.001, device='cuda:1', dim_qk=32, dim_v=64, distill_layers=2, distill_thres=0.5, distill_topK=60, distill_userK=6, embedding_size=64, epochs=100, gpu_no=1, if_load_model=True, ii_lambda=200, initializer_range=0.02, layers=2, loss_type='bpr', lr=0.001, message_dropout=0.25, metrics=['hit', 'ndcg'], min_epoch=5, model_name='main_1', model_path='./check_point', node_dropout=0.75, omega=1, pt_loop=50, reg_weight=0.001, test_batch_size=1024, testbatch=1024, topk=[1, 5, 10, 15, 20, 40], uu_lambda=100)
2024-10-09 22:58:05.544 | INFO     | __main__:<module>:106 - BIPN(
  (message_dropout): Dropout(p=0.25, inplace=False)
  (user_embedding): Embedding(21717, 64, padding_idx=0)
  (item_embedding): Embedding(7978, 64, padding_idx=0)
  (global_Graph): LightGCN()
  (Graph_encoder): ModuleDict(
    (view): GraphEncoder(
      (light): LightGCN()
      (dropout): Dropout(p=0.75, inplace=False)
    )
    (cart): GraphEncoder(
      (light): LightGCN()
      (dropout): Dropout(p=0.75, inplace=False)
    )
    (buy): GraphEncoder(
      (light): LightGCN()
      (dropout): Dropout(p=0.75, inplace=False)
    )
  )
  (attention): Mutual_Attention()
  (bpr_loss): BPRLoss()
  (emb_loss): EmbLoss()
  (f): Sigmoid()
)
2024-10-09 23:30:07.222 | INFO     | trainer_1:_train_one_epoch:193 - epoch 1 9.69s Train loss is [0.9132] 
2024-10-09 23:30:12.433 | INFO     | trainer_1:_train_one_epoch:201 - validate 1 cost time 5.21s, result: {'hit@1': 0.0078, 'ndcg@1': 0.0078, 'hit@5': 0.03, 'ndcg@5': 0.0188, 'hit@10': 0.0511, 'ndcg@10': 0.0255, 'hit@15': 0.0688, 'ndcg@15': 0.0301, 'hit@20': 0.0856, 'ndcg@20': 0.0341, 'hit@40': 0.1464, 'ndcg@40': 0.0465} 
2024-10-09 23:30:19.693 | INFO     | trainer_1:_train_one_epoch:209 - test 1 cost time 7.26s, result: {'hit@1': 0.004, 'ndcg@1': 0.004, 'hit@5': 0.0188, 'ndcg@5': 0.0113, 'hit@10': 0.0356, 'ndcg@10': 0.0166, 'hit@15': 0.0495, 'ndcg@15': 0.0203, 'hit@20': 0.0627, 'ndcg@20': 0.0234, 'hit@40': 0.1066, 'ndcg@40': 0.0323} 
2024-10-09 23:30:39.352 | INFO     | trainer_1:_train_one_epoch:193 - epoch 2 8.69s Train loss is [0.6897] 
2024-10-09 23:30:46.840 | INFO     | trainer_1:_train_one_epoch:201 - validate 2 cost time 7.49s, result: {'hit@1': 0.0076, 'ndcg@1': 0.0076, 'hit@5': 0.0326, 'ndcg@5': 0.02, 'hit@10': 0.057, 'ndcg@10': 0.0279, 'hit@15': 0.0775, 'ndcg@15': 0.0333, 'hit@20': 0.0957, 'ndcg@20': 0.0376, 'hit@40': 0.1615, 'ndcg@40': 0.051} 
2024-10-09 23:30:52.257 | INFO     | trainer_1:_train_one_epoch:209 - test 2 cost time 5.42s, result: {'hit@1': 0.0044, 'ndcg@1': 0.0044, 'hit@5': 0.0199, 'ndcg@5': 0.0121, 'hit@10': 0.036, 'ndcg@10': 0.0172, 'hit@15': 0.0511, 'ndcg@15': 0.0212, 'hit@20': 0.0658, 'ndcg@20': 0.0246, 'hit@40': 0.1144, 'ndcg@40': 0.0345} 
2024-10-09 23:31:12.926 | INFO     | trainer_1:_train_one_epoch:193 - epoch 3 9.74s Train loss is [0.6142] 
2024-10-09 23:31:20.369 | INFO     | trainer_1:_train_one_epoch:201 - validate 3 cost time 7.44s, result: {'hit@1': 0.0092, 'ndcg@1': 0.0092, 'hit@5': 0.0365, 'ndcg@5': 0.0229, 'hit@10': 0.0641, 'ndcg@10': 0.0318, 'hit@15': 0.0897, 'ndcg@15': 0.0385, 'hit@20': 0.1134, 'ndcg@20': 0.0441, 'hit@40': 0.1877, 'ndcg@40': 0.0592} 
2024-10-09 23:31:27.553 | INFO     | trainer_1:_train_one_epoch:209 - test 3 cost time 7.18s, result: {'hit@1': 0.0055, 'ndcg@1': 0.0055, 'hit@5': 0.0224, 'ndcg@5': 0.0138, 'hit@10': 0.0432, 'ndcg@10': 0.0205, 'hit@15': 0.0609, 'ndcg@15': 0.0251, 'hit@20': 0.0764, 'ndcg@20': 0.0288, 'hit@40': 0.1345, 'ndcg@40': 0.0406} 
2024-10-09 23:31:46.787 | INFO     | trainer_1:_train_one_epoch:193 - epoch 4 8.66s Train loss is [0.5825] 
2024-10-09 23:31:54.101 | INFO     | trainer_1:_train_one_epoch:201 - validate 4 cost time 7.31s, result: {'hit@1': 0.0104, 'ndcg@1': 0.0104, 'hit@5': 0.0423, 'ndcg@5': 0.0262, 'hit@10': 0.0708, 'ndcg@10': 0.0354, 'hit@15': 0.0964, 'ndcg@15': 0.0421, 'hit@20': 0.1187, 'ndcg@20': 0.0474, 'hit@40': 0.1874, 'ndcg@40': 0.0614} 
2024-10-09 23:32:01.613 | INFO     | trainer_1:_train_one_epoch:209 - test 4 cost time 7.51s, result: {'hit@1': 0.006, 'ndcg@1': 0.006, 'hit@5': 0.0233, 'ndcg@5': 0.0147, 'hit@10': 0.0414, 'ndcg@10': 0.0205, 'hit@15': 0.0596, 'ndcg@15': 0.0253, 'hit@20': 0.0746, 'ndcg@20': 0.0288, 'hit@40': 0.1276, 'ndcg@40': 0.0396} 
2024-10-09 23:32:10.675 | INFO     | trainer_1:_train_one_epoch:193 - epoch 5 9.06s Train loss is [0.5459] 
2024-10-09 23:32:18.005 | INFO     | trainer_1:_train_one_epoch:201 - validate 5 cost time 7.33s, result: {'hit@1': 0.0124, 'ndcg@1': 0.0124, 'hit@5': 0.0437, 'ndcg@5': 0.0279, 'hit@10': 0.0735, 'ndcg@10': 0.0374, 'hit@15': 0.0994, 'ndcg@15': 0.0443, 'hit@20': 0.1228, 'ndcg@20': 0.0498, 'hit@40': 0.1945, 'ndcg@40': 0.0644} 
2024-10-09 23:32:24.875 | INFO     | trainer_1:_train_one_epoch:209 - test 5 cost time 6.87s, result: {'hit@1': 0.0073, 'ndcg@1': 0.0073, 'hit@5': 0.0252, 'ndcg@5': 0.016, 'hit@10': 0.0448, 'ndcg@10': 0.0223, 'hit@15': 0.062, 'ndcg@15': 0.0268, 'hit@20': 0.0772, 'ndcg@20': 0.0304, 'hit@40': 0.131, 'ndcg@40': 0.0413} 
2024-10-09 23:32:43.733 | INFO     | trainer_1:_train_one_epoch:193 - epoch 6 8.10s Train loss is [0.5304] 
2024-10-09 23:32:51.065 | INFO     | trainer_1:_train_one_epoch:201 - validate 6 cost time 7.33s, result: {'hit@1': 0.0131, 'ndcg@1': 0.0131, 'hit@5': 0.0455, 'ndcg@5': 0.0289, 'hit@10': 0.0745, 'ndcg@10': 0.0382, 'hit@15': 0.1008, 'ndcg@15': 0.0451, 'hit@20': 0.1253, 'ndcg@20': 0.0509, 'hit@40': 0.2006, 'ndcg@40': 0.0662} 
2024-10-09 23:32:58.057 | INFO     | trainer_1:_train_one_epoch:209 - test 6 cost time 6.99s, result: {'hit@1': 0.0066, 'ndcg@1': 0.0066, 'hit@5': 0.0282, 'ndcg@5': 0.0174, 'hit@10': 0.0477, 'ndcg@10': 0.0236, 'hit@15': 0.0658, 'ndcg@15': 0.0284, 'hit@20': 0.0823, 'ndcg@20': 0.0323, 'hit@40': 0.1387, 'ndcg@40': 0.0438} 
2024-10-09 23:33:17.041 | INFO     | trainer_1:_train_one_epoch:193 - epoch 7 8.12s Train loss is [0.4987] 
2024-10-09 23:33:24.370 | INFO     | trainer_1:_train_one_epoch:201 - validate 7 cost time 7.33s, result: {'hit@1': 0.0119, 'ndcg@1': 0.0119, 'hit@5': 0.0417, 'ndcg@5': 0.0265, 'hit@10': 0.0716, 'ndcg@10': 0.036, 'hit@15': 0.0963, 'ndcg@15': 0.0426, 'hit@20': 0.1209, 'ndcg@20': 0.0484, 'hit@40': 0.1966, 'ndcg@40': 0.0638} 
2024-10-09 23:33:31.588 | INFO     | trainer_1:_train_one_epoch:209 - test 7 cost time 7.22s, result: {'hit@1': 0.0062, 'ndcg@1': 0.0062, 'hit@5': 0.0249, 'ndcg@5': 0.0153, 'hit@10': 0.0465, 'ndcg@10': 0.0222, 'hit@15': 0.063, 'ndcg@15': 0.0266, 'hit@20': 0.0784, 'ndcg@20': 0.0302, 'hit@40': 0.1393, 'ndcg@40': 0.0426} 
2024-10-09 23:33:39.427 | INFO     | trainer_1:_train_one_epoch:193 - epoch 8 7.84s Train loss is [0.4987] 
2024-10-09 23:33:45.715 | INFO     | trainer_1:_train_one_epoch:201 - validate 8 cost time 6.29s, result: {'hit@1': 0.0118, 'ndcg@1': 0.0118, 'hit@5': 0.0422, 'ndcg@5': 0.0268, 'hit@10': 0.0744, 'ndcg@10': 0.0372, 'hit@15': 0.0998, 'ndcg@15': 0.0438, 'hit@20': 0.1229, 'ndcg@20': 0.0493, 'hit@40': 0.199, 'ndcg@40': 0.0648} 
2024-10-09 23:33:52.438 | INFO     | trainer_1:_train_one_epoch:209 - test 8 cost time 6.72s, result: {'hit@1': 0.0071, 'ndcg@1': 0.0071, 'hit@5': 0.0257, 'ndcg@5': 0.0163, 'hit@10': 0.0455, 'ndcg@10': 0.0226, 'hit@15': 0.0638, 'ndcg@15': 0.0275, 'hit@20': 0.081, 'ndcg@20': 0.0315, 'hit@40': 0.1409, 'ndcg@40': 0.0437} 
2024-10-09 23:34:00.695 | INFO     | trainer_1:_train_one_epoch:193 - epoch 9 8.26s Train loss is [0.4731] 
2024-10-09 23:34:08.006 | INFO     | trainer_1:_train_one_epoch:201 - validate 9 cost time 7.31s, result: {'hit@1': 0.011, 'ndcg@1': 0.011, 'hit@5': 0.0431, 'ndcg@5': 0.027, 'hit@10': 0.0748, 'ndcg@10': 0.0372, 'hit@15': 0.1007, 'ndcg@15': 0.044, 'hit@20': 0.1236, 'ndcg@20': 0.0494, 'hit@40': 0.2015, 'ndcg@40': 0.0653} 
2024-10-09 23:34:15.170 | INFO     | trainer_1:_train_one_epoch:209 - test 9 cost time 7.16s, result: {'hit@1': 0.0071, 'ndcg@1': 0.0071, 'hit@5': 0.0267, 'ndcg@5': 0.0167, 'hit@10': 0.0452, 'ndcg@10': 0.0227, 'hit@15': 0.0634, 'ndcg@15': 0.0274, 'hit@20': 0.0812, 'ndcg@20': 0.0317, 'hit@40': 0.1395, 'ndcg@40': 0.0435} 
2024-10-09 23:34:24.173 | INFO     | trainer_1:_train_one_epoch:193 - epoch 10 9.00s Train loss is [0.4628] 
2024-10-09 23:34:31.200 | INFO     | trainer_1:_train_one_epoch:201 - validate 10 cost time 7.03s, result: {'hit@1': 0.011, 'ndcg@1': 0.011, 'hit@5': 0.0443, 'ndcg@5': 0.0276, 'hit@10': 0.0765, 'ndcg@10': 0.0379, 'hit@15': 0.1039, 'ndcg@15': 0.0452, 'hit@20': 0.1292, 'ndcg@20': 0.0511, 'hit@40': 0.2081, 'ndcg@40': 0.0672} 
2024-10-09 23:34:38.461 | INFO     | trainer_1:_train_one_epoch:209 - test 10 cost time 7.26s, result: {'hit@1': 0.0061, 'ndcg@1': 0.0061, 'hit@5': 0.027, 'ndcg@5': 0.0165, 'hit@10': 0.0477, 'ndcg@10': 0.0231, 'hit@15': 0.0656, 'ndcg@15': 0.0278, 'hit@20': 0.0841, 'ndcg@20': 0.0322, 'hit@40': 0.1439, 'ndcg@40': 0.0443} 
2024-10-09 23:34:46.554 | INFO     | trainer_1:_train_one_epoch:193 - epoch 11 8.09s Train loss is [0.4483] 
2024-10-09 23:34:53.642 | INFO     | trainer_1:_train_one_epoch:201 - validate 11 cost time 7.09s, result: {'hit@1': 0.0103, 'ndcg@1': 0.0103, 'hit@5': 0.0413, 'ndcg@5': 0.0257, 'hit@10': 0.0719, 'ndcg@10': 0.0355, 'hit@15': 0.0991, 'ndcg@15': 0.0427, 'hit@20': 0.1241, 'ndcg@20': 0.0486, 'hit@40': 0.2012, 'ndcg@40': 0.0643} 
2024-10-09 23:34:58.612 | INFO     | trainer_1:_train_one_epoch:209 - test 11 cost time 4.97s, result: {'hit@1': 0.0058, 'ndcg@1': 0.0058, 'hit@5': 0.0256, 'ndcg@5': 0.0155, 'hit@10': 0.0458, 'ndcg@10': 0.022, 'hit@15': 0.0636, 'ndcg@15': 0.0267, 'hit@20': 0.0822, 'ndcg@20': 0.0311, 'hit@40': 0.1382, 'ndcg@40': 0.0424} 
2024-10-09 23:35:07.443 | INFO     | trainer_1:_train_one_epoch:193 - epoch 12 8.83s Train loss is [0.4564] 
2024-10-09 23:35:14.337 | INFO     | trainer_1:_train_one_epoch:201 - validate 12 cost time 6.89s, result: {'hit@1': 0.0111, 'ndcg@1': 0.0111, 'hit@5': 0.042, 'ndcg@5': 0.0266, 'hit@10': 0.073, 'ndcg@10': 0.0365, 'hit@15': 0.1003, 'ndcg@15': 0.0437, 'hit@20': 0.1252, 'ndcg@20': 0.0495, 'hit@40': 0.2, 'ndcg@40': 0.0648} 
2024-10-09 23:35:21.689 | INFO     | trainer_1:_train_one_epoch:209 - test 12 cost time 7.35s, result: {'hit@1': 0.0064, 'ndcg@1': 0.0064, 'hit@5': 0.0262, 'ndcg@5': 0.0163, 'hit@10': 0.0465, 'ndcg@10': 0.0228, 'hit@15': 0.0632, 'ndcg@15': 0.0272, 'hit@20': 0.0798, 'ndcg@20': 0.0311, 'hit@40': 0.1388, 'ndcg@40': 0.0431} 
2024-10-09 23:35:30.070 | INFO     | trainer_1:_train_one_epoch:193 - epoch 13 8.38s Train loss is [0.4525] 
2024-10-09 23:35:37.449 | INFO     | trainer_1:_train_one_epoch:201 - validate 13 cost time 7.38s, result: {'hit@1': 0.0115, 'ndcg@1': 0.0115, 'hit@5': 0.045, 'ndcg@5': 0.0283, 'hit@10': 0.0799, 'ndcg@10': 0.0394, 'hit@15': 0.1091, 'ndcg@15': 0.0471, 'hit@20': 0.1353, 'ndcg@20': 0.0533, 'hit@40': 0.2164, 'ndcg@40': 0.0699} 
2024-10-09 23:35:42.470 | INFO     | trainer_1:_train_one_epoch:209 - test 13 cost time 5.02s, result: {'hit@1': 0.0073, 'ndcg@1': 0.0073, 'hit@5': 0.0293, 'ndcg@5': 0.0181, 'hit@10': 0.0495, 'ndcg@10': 0.0246, 'hit@15': 0.0696, 'ndcg@15': 0.0299, 'hit@20': 0.088, 'ndcg@20': 0.0342, 'hit@40': 0.1515, 'ndcg@40': 0.0471} 
2024-10-09 23:36:02.236 | INFO     | trainer_1:_train_one_epoch:193 - epoch 14 8.95s Train loss is [0.4358] 
2024-10-09 23:36:09.616 | INFO     | trainer_1:_train_one_epoch:201 - validate 14 cost time 7.38s, result: {'hit@1': 0.0121, 'ndcg@1': 0.0121, 'hit@5': 0.0479, 'ndcg@5': 0.03, 'hit@10': 0.0803, 'ndcg@10': 0.0404, 'hit@15': 0.1096, 'ndcg@15': 0.0481, 'hit@20': 0.1368, 'ndcg@20': 0.0546, 'hit@40': 0.2193, 'ndcg@40': 0.0714} 
2024-10-09 23:36:16.757 | INFO     | trainer_1:_train_one_epoch:209 - test 14 cost time 7.14s, result: {'hit@1': 0.0072, 'ndcg@1': 0.0072, 'hit@5': 0.0297, 'ndcg@5': 0.0184, 'hit@10': 0.0515, 'ndcg@10': 0.0254, 'hit@15': 0.0719, 'ndcg@15': 0.0308, 'hit@20': 0.0914, 'ndcg@20': 0.0354, 'hit@40': 0.1551, 'ndcg@40': 0.0484} 
2024-10-09 23:36:37.440 | INFO     | trainer_1:_train_one_epoch:193 - epoch 15 9.20s Train loss is [0.4349] 
2024-10-09 23:36:44.524 | INFO     | trainer_1:_train_one_epoch:201 - validate 15 cost time 7.08s, result: {'hit@1': 0.0113, 'ndcg@1': 0.0113, 'hit@5': 0.0462, 'ndcg@5': 0.0285, 'hit@10': 0.0775, 'ndcg@10': 0.0385, 'hit@15': 0.1041, 'ndcg@15': 0.0455, 'hit@20': 0.1291, 'ndcg@20': 0.0514, 'hit@40': 0.2089, 'ndcg@40': 0.0677} 
2024-10-09 23:36:51.802 | INFO     | trainer_1:_train_one_epoch:209 - test 15 cost time 7.28s, result: {'hit@1': 0.0078, 'ndcg@1': 0.0078, 'hit@5': 0.0285, 'ndcg@5': 0.0179, 'hit@10': 0.0496, 'ndcg@10': 0.0247, 'hit@15': 0.0679, 'ndcg@15': 0.0295, 'hit@20': 0.0861, 'ndcg@20': 0.0338, 'hit@40': 0.1469, 'ndcg@40': 0.0462} 
2024-10-09 23:37:00.143 | INFO     | trainer_1:_train_one_epoch:193 - epoch 16 8.34s Train loss is [0.4151] 
2024-10-09 23:37:07.069 | INFO     | trainer_1:_train_one_epoch:201 - validate 16 cost time 6.93s, result: {'hit@1': 0.0128, 'ndcg@1': 0.0128, 'hit@5': 0.0503, 'ndcg@5': 0.0312, 'hit@10': 0.0821, 'ndcg@10': 0.0413, 'hit@15': 0.1107, 'ndcg@15': 0.0489, 'hit@20': 0.1367, 'ndcg@20': 0.055, 'hit@40': 0.2163, 'ndcg@40': 0.0712} 
2024-10-09 23:37:12.010 | INFO     | trainer_1:_train_one_epoch:209 - test 16 cost time 4.94s, result: {'hit@1': 0.0092, 'ndcg@1': 0.0092, 'hit@5': 0.0326, 'ndcg@5': 0.0207, 'hit@10': 0.0553, 'ndcg@10': 0.028, 'hit@15': 0.0752, 'ndcg@15': 0.0332, 'hit@20': 0.0926, 'ndcg@20': 0.0373, 'hit@40': 0.1553, 'ndcg@40': 0.05} 
2024-10-09 23:37:31.930 | INFO     | trainer_1:_train_one_epoch:193 - epoch 17 8.71s Train loss is [0.4149] 
2024-10-09 23:37:39.368 | INFO     | trainer_1:_train_one_epoch:201 - validate 17 cost time 7.44s, result: {'hit@1': 0.0125, 'ndcg@1': 0.0125, 'hit@5': 0.0496, 'ndcg@5': 0.031, 'hit@10': 0.0864, 'ndcg@10': 0.0428, 'hit@15': 0.117, 'ndcg@15': 0.0509, 'hit@20': 0.144, 'ndcg@20': 0.0573, 'hit@40': 0.2288, 'ndcg@40': 0.0745} 
2024-10-09 23:37:46.563 | INFO     | trainer_1:_train_one_epoch:209 - test 17 cost time 7.19s, result: {'hit@1': 0.0089, 'ndcg@1': 0.0089, 'hit@5': 0.034, 'ndcg@5': 0.0215, 'hit@10': 0.0584, 'ndcg@10': 0.0293, 'hit@15': 0.0798, 'ndcg@15': 0.0349, 'hit@20': 0.0976, 'ndcg@20': 0.0392, 'hit@40': 0.1626, 'ndcg@40': 0.0524} 
2024-10-09 23:38:06.499 | INFO     | trainer_1:_train_one_epoch:193 - epoch 18 8.79s Train loss is [0.4063] 
2024-10-09 23:38:13.916 | INFO     | trainer_1:_train_one_epoch:201 - validate 18 cost time 7.42s, result: {'hit@1': 0.0127, 'ndcg@1': 0.0127, 'hit@5': 0.049, 'ndcg@5': 0.0309, 'hit@10': 0.0824, 'ndcg@10': 0.0416, 'hit@15': 0.1122, 'ndcg@15': 0.0495, 'hit@20': 0.1393, 'ndcg@20': 0.0559, 'hit@40': 0.2219, 'ndcg@40': 0.0726} 
2024-10-09 23:38:21.098 | INFO     | trainer_1:_train_one_epoch:209 - test 18 cost time 7.18s, result: {'hit@1': 0.0084, 'ndcg@1': 0.0084, 'hit@5': 0.0339, 'ndcg@5': 0.021, 'hit@10': 0.0563, 'ndcg@10': 0.0281, 'hit@15': 0.0758, 'ndcg@15': 0.0333, 'hit@20': 0.0953, 'ndcg@20': 0.0379, 'hit@40': 0.1592, 'ndcg@40': 0.0509} 
2024-10-09 23:38:29.884 | INFO     | trainer_1:_train_one_epoch:193 - epoch 19 8.79s Train loss is [0.4048] 
2024-10-09 23:38:36.761 | INFO     | trainer_1:_train_one_epoch:201 - validate 19 cost time 6.88s, result: {'hit@1': 0.013, 'ndcg@1': 0.013, 'hit@5': 0.0466, 'ndcg@5': 0.0299, 'hit@10': 0.0807, 'ndcg@10': 0.0408, 'hit@15': 0.1084, 'ndcg@15': 0.0481, 'hit@20': 0.1346, 'ndcg@20': 0.0543, 'hit@40': 0.2196, 'ndcg@40': 0.0717} 
2024-10-09 23:38:43.960 | INFO     | trainer_1:_train_one_epoch:209 - test 19 cost time 7.20s, result: {'hit@1': 0.0087, 'ndcg@1': 0.0087, 'hit@5': 0.0322, 'ndcg@5': 0.0203, 'hit@10': 0.0553, 'ndcg@10': 0.0277, 'hit@15': 0.0763, 'ndcg@15': 0.0333, 'hit@20': 0.0932, 'ndcg@20': 0.0373, 'hit@40': 0.1561, 'ndcg@40': 0.0501} 
2024-10-09 23:38:52.151 | INFO     | trainer_1:_train_one_epoch:193 - epoch 20 8.19s Train loss is [0.4066] 
2024-10-09 23:38:59.578 | INFO     | trainer_1:_train_one_epoch:201 - validate 20 cost time 7.43s, result: {'hit@1': 0.0133, 'ndcg@1': 0.0133, 'hit@5': 0.0496, 'ndcg@5': 0.0316, 'hit@10': 0.0824, 'ndcg@10': 0.042, 'hit@15': 0.1109, 'ndcg@15': 0.0496, 'hit@20': 0.1379, 'ndcg@20': 0.0559, 'hit@40': 0.2267, 'ndcg@40': 0.074} 
2024-10-09 23:39:05.016 | INFO     | trainer_1:_train_one_epoch:209 - test 20 cost time 5.44s, result: {'hit@1': 0.0091, 'ndcg@1': 0.0091, 'hit@5': 0.0343, 'ndcg@5': 0.0216, 'hit@10': 0.0586, 'ndcg@10': 0.0294, 'hit@15': 0.0805, 'ndcg@15': 0.0352, 'hit@20': 0.0987, 'ndcg@20': 0.0394, 'hit@40': 0.1659, 'ndcg@40': 0.0531} 
2024-10-09 23:39:27.004 | INFO     | trainer_1:_train_one_epoch:193 - epoch 21 10.77s Train loss is [0.3950] 
2024-10-09 23:39:34.524 | INFO     | trainer_1:_train_one_epoch:201 - validate 21 cost time 7.52s, result: {'hit@1': 0.0127, 'ndcg@1': 0.0127, 'hit@5': 0.0488, 'ndcg@5': 0.031, 'hit@10': 0.0799, 'ndcg@10': 0.0409, 'hit@15': 0.1096, 'ndcg@15': 0.0488, 'hit@20': 0.1342, 'ndcg@20': 0.0546, 'hit@40': 0.22, 'ndcg@40': 0.072} 
2024-10-09 23:39:41.742 | INFO     | trainer_1:_train_one_epoch:209 - test 21 cost time 7.22s, result: {'hit@1': 0.0093, 'ndcg@1': 0.0093, 'hit@5': 0.0332, 'ndcg@5': 0.0213, 'hit@10': 0.056, 'ndcg@10': 0.0287, 'hit@15': 0.0759, 'ndcg@15': 0.0339, 'hit@20': 0.0936, 'ndcg@20': 0.0381, 'hit@40': 0.1564, 'ndcg@40': 0.0509} 
2024-10-09 23:39:49.915 | INFO     | trainer_1:_train_one_epoch:193 - epoch 22 8.17s Train loss is [0.4039] 
2024-10-09 23:39:56.582 | INFO     | trainer_1:_train_one_epoch:201 - validate 22 cost time 6.67s, result: {'hit@1': 0.0134, 'ndcg@1': 0.0134, 'hit@5': 0.0507, 'ndcg@5': 0.0321, 'hit@10': 0.0836, 'ndcg@10': 0.0426, 'hit@15': 0.1127, 'ndcg@15': 0.0503, 'hit@20': 0.1366, 'ndcg@20': 0.0559, 'hit@40': 0.2217, 'ndcg@40': 0.0732} 
2024-10-09 23:40:03.226 | INFO     | trainer_1:_train_one_epoch:209 - test 22 cost time 6.64s, result: {'hit@1': 0.0086, 'ndcg@1': 0.0086, 'hit@5': 0.0335, 'ndcg@5': 0.021, 'hit@10': 0.0558, 'ndcg@10': 0.0281, 'hit@15': 0.0753, 'ndcg@15': 0.0333, 'hit@20': 0.0941, 'ndcg@20': 0.0377, 'hit@40': 0.1565, 'ndcg@40': 0.0504} 
2024-10-09 23:40:11.506 | INFO     | trainer_1:_train_one_epoch:193 - epoch 23 8.28s Train loss is [0.3928] 
2024-10-09 23:40:18.860 | INFO     | trainer_1:_train_one_epoch:201 - validate 23 cost time 7.35s, result: {'hit@1': 0.014, 'ndcg@1': 0.014, 'hit@5': 0.0532, 'ndcg@5': 0.0336, 'hit@10': 0.0885, 'ndcg@10': 0.0449, 'hit@15': 0.1179, 'ndcg@15': 0.0527, 'hit@20': 0.1451, 'ndcg@20': 0.0591, 'hit@40': 0.2317, 'ndcg@40': 0.0767} 
2024-10-09 23:40:26.083 | INFO     | trainer_1:_train_one_epoch:209 - test 23 cost time 7.22s, result: {'hit@1': 0.0092, 'ndcg@1': 0.0092, 'hit@5': 0.0354, 'ndcg@5': 0.0221, 'hit@10': 0.0596, 'ndcg@10': 0.0299, 'hit@15': 0.0798, 'ndcg@15': 0.0352, 'hit@20': 0.0991, 'ndcg@20': 0.0398, 'hit@40': 0.165, 'ndcg@40': 0.0532} 
2024-10-09 23:40:45.636 | INFO     | trainer_1:_train_one_epoch:193 - epoch 24 8.43s Train loss is [0.3860] 
2024-10-09 23:40:53.023 | INFO     | trainer_1:_train_one_epoch:201 - validate 24 cost time 7.39s, result: {'hit@1': 0.013, 'ndcg@1': 0.013, 'hit@5': 0.0511, 'ndcg@5': 0.0322, 'hit@10': 0.0851, 'ndcg@10': 0.0431, 'hit@15': 0.1128, 'ndcg@15': 0.0504, 'hit@20': 0.1392, 'ndcg@20': 0.0566, 'hit@40': 0.223, 'ndcg@40': 0.0737} 
2024-10-09 23:41:00.243 | INFO     | trainer_1:_train_one_epoch:209 - test 24 cost time 7.22s, result: {'hit@1': 0.0092, 'ndcg@1': 0.0092, 'hit@5': 0.0333, 'ndcg@5': 0.0212, 'hit@10': 0.0571, 'ndcg@10': 0.0288, 'hit@15': 0.0778, 'ndcg@15': 0.0343, 'hit@20': 0.0966, 'ndcg@20': 0.0387, 'hit@40': 0.162, 'ndcg@40': 0.052} 
2024-10-09 23:41:08.222 | INFO     | trainer_1:_train_one_epoch:193 - epoch 25 7.98s Train loss is [0.3805] 
2024-10-09 23:41:14.157 | INFO     | trainer_1:_train_one_epoch:201 - validate 25 cost time 5.93s, result: {'hit@1': 0.0146, 'ndcg@1': 0.0146, 'hit@5': 0.0536, 'ndcg@5': 0.0343, 'hit@10': 0.0896, 'ndcg@10': 0.0458, 'hit@15': 0.121, 'ndcg@15': 0.0541, 'hit@20': 0.1477, 'ndcg@20': 0.0604, 'hit@40': 0.2348, 'ndcg@40': 0.0782} 
2024-10-09 23:41:20.809 | INFO     | trainer_1:_train_one_epoch:209 - test 25 cost time 6.65s, result: {'hit@1': 0.0099, 'ndcg@1': 0.0099, 'hit@5': 0.0367, 'ndcg@5': 0.0234, 'hit@10': 0.0601, 'ndcg@10': 0.0309, 'hit@15': 0.0819, 'ndcg@15': 0.0366, 'hit@20': 0.1019, 'ndcg@20': 0.0413, 'hit@40': 0.1688, 'ndcg@40': 0.0549} 
2024-10-09 23:41:40.073 | INFO     | trainer_1:_train_one_epoch:193 - epoch 26 8.22s Train loss is [0.3757] 
2024-10-09 23:41:47.042 | INFO     | trainer_1:_train_one_epoch:201 - validate 26 cost time 6.97s, result: {'hit@1': 0.0146, 'ndcg@1': 0.0146, 'hit@5': 0.0547, 'ndcg@5': 0.0348, 'hit@10': 0.0915, 'ndcg@10': 0.0466, 'hit@15': 0.1207, 'ndcg@15': 0.0544, 'hit@20': 0.1476, 'ndcg@20': 0.0607, 'hit@40': 0.231, 'ndcg@40': 0.0777} 
2024-10-09 23:41:53.751 | INFO     | trainer_1:_train_one_epoch:209 - test 26 cost time 6.71s, result: {'hit@1': 0.0097, 'ndcg@1': 0.0097, 'hit@5': 0.0356, 'ndcg@5': 0.0227, 'hit@10': 0.0602, 'ndcg@10': 0.0306, 'hit@15': 0.0814, 'ndcg@15': 0.0362, 'hit@20': 0.1002, 'ndcg@20': 0.0407, 'hit@40': 0.1674, 'ndcg@40': 0.0543} 
2024-10-09 23:42:12.572 | INFO     | trainer_1:_train_one_epoch:193 - epoch 27 8.07s Train loss is [0.3738] 
2024-10-09 23:42:18.458 | INFO     | trainer_1:_train_one_epoch:201 - validate 27 cost time 5.89s, result: {'hit@1': 0.0159, 'ndcg@1': 0.0159, 'hit@5': 0.0566, 'ndcg@5': 0.0364, 'hit@10': 0.0916, 'ndcg@10': 0.0476, 'hit@15': 0.1234, 'ndcg@15': 0.056, 'hit@20': 0.1504, 'ndcg@20': 0.0624, 'hit@40': 0.2367, 'ndcg@40': 0.08} 
2024-10-09 23:42:23.407 | INFO     | trainer_1:_train_one_epoch:209 - test 27 cost time 4.95s, result: {'hit@1': 0.0109, 'ndcg@1': 0.0109, 'hit@5': 0.0372, 'ndcg@5': 0.024, 'hit@10': 0.0627, 'ndcg@10': 0.0321, 'hit@15': 0.0842, 'ndcg@15': 0.0378, 'hit@20': 0.1042, 'ndcg@20': 0.0425, 'hit@40': 0.17, 'ndcg@40': 0.0559} 
2024-10-09 23:42:43.040 | INFO     | trainer_1:_train_one_epoch:193 - epoch 28 8.37s Train loss is [0.3765] 
2024-10-09 23:42:50.495 | INFO     | trainer_1:_train_one_epoch:201 - validate 28 cost time 7.45s, result: {'hit@1': 0.0153, 'ndcg@1': 0.0153, 'hit@5': 0.0551, 'ndcg@5': 0.0353, 'hit@10': 0.0935, 'ndcg@10': 0.0477, 'hit@15': 0.1253, 'ndcg@15': 0.0561, 'hit@20': 0.152, 'ndcg@20': 0.0624, 'hit@40': 0.2396, 'ndcg@40': 0.0802} 
2024-10-09 23:42:57.674 | INFO     | trainer_1:_train_one_epoch:209 - test 28 cost time 7.18s, result: {'hit@1': 0.01, 'ndcg@1': 0.01, 'hit@5': 0.0361, 'ndcg@5': 0.0229, 'hit@10': 0.0605, 'ndcg@10': 0.0307, 'hit@15': 0.0833, 'ndcg@15': 0.0367, 'hit@20': 0.1037, 'ndcg@20': 0.0415, 'hit@40': 0.1716, 'ndcg@40': 0.0553} 
2024-10-09 23:43:05.568 | INFO     | trainer_1:_train_one_epoch:193 - epoch 29 7.89s Train loss is [0.3587] 
2024-10-09 23:43:11.193 | INFO     | trainer_1:_train_one_epoch:201 - validate 29 cost time 5.62s, result: {'hit@1': 0.0149, 'ndcg@1': 0.0149, 'hit@5': 0.0542, 'ndcg@5': 0.0345, 'hit@10': 0.089, 'ndcg@10': 0.0457, 'hit@15': 0.1193, 'ndcg@15': 0.0537, 'hit@20': 0.1468, 'ndcg@20': 0.0602, 'hit@40': 0.2286, 'ndcg@40': 0.0768} 
2024-10-09 23:43:17.888 | INFO     | trainer_1:_train_one_epoch:209 - test 29 cost time 6.69s, result: {'hit@1': 0.0103, 'ndcg@1': 0.0103, 'hit@5': 0.035, 'ndcg@5': 0.0225, 'hit@10': 0.0583, 'ndcg@10': 0.03, 'hit@15': 0.0792, 'ndcg@15': 0.0355, 'hit@20': 0.0993, 'ndcg@20': 0.0403, 'hit@40': 0.1623, 'ndcg@40': 0.0531} 
2024-10-09 23:43:26.678 | INFO     | trainer_1:_train_one_epoch:193 - epoch 30 8.79s Train loss is [0.3634] 
2024-10-09 23:43:34.092 | INFO     | trainer_1:_train_one_epoch:201 - validate 30 cost time 7.41s, result: {'hit@1': 0.0146, 'ndcg@1': 0.0146, 'hit@5': 0.0528, 'ndcg@5': 0.0337, 'hit@10': 0.0878, 'ndcg@10': 0.0449, 'hit@15': 0.1169, 'ndcg@15': 0.0526, 'hit@20': 0.1453, 'ndcg@20': 0.0593, 'hit@40': 0.2331, 'ndcg@40': 0.0772} 
2024-10-09 23:43:41.181 | INFO     | trainer_1:_train_one_epoch:209 - test 30 cost time 7.09s, result: {'hit@1': 0.0099, 'ndcg@1': 0.0099, 'hit@5': 0.0349, 'ndcg@5': 0.0224, 'hit@10': 0.0588, 'ndcg@10': 0.03, 'hit@15': 0.0803, 'ndcg@15': 0.0357, 'hit@20': 0.0985, 'ndcg@20': 0.04, 'hit@40': 0.1664, 'ndcg@40': 0.0537} 
2024-10-09 23:43:49.237 | INFO     | trainer_1:_train_one_epoch:193 - epoch 31 8.06s Train loss is [0.3543] 
2024-10-09 23:43:54.435 | INFO     | trainer_1:_train_one_epoch:201 - validate 31 cost time 5.20s, result: {'hit@1': 0.0143, 'ndcg@1': 0.0143, 'hit@5': 0.055, 'ndcg@5': 0.0346, 'hit@10': 0.0929, 'ndcg@10': 0.0468, 'hit@15': 0.1235, 'ndcg@15': 0.0548, 'hit@20': 0.1499, 'ndcg@20': 0.0611, 'hit@40': 0.2428, 'ndcg@40': 0.08} 
2024-10-09 23:44:01.034 | INFO     | trainer_1:_train_one_epoch:209 - test 31 cost time 6.60s, result: {'hit@1': 0.0097, 'ndcg@1': 0.0097, 'hit@5': 0.0366, 'ndcg@5': 0.023, 'hit@10': 0.0625, 'ndcg@10': 0.0313, 'hit@15': 0.0849, 'ndcg@15': 0.0372, 'hit@20': 0.1045, 'ndcg@20': 0.0418, 'hit@40': 0.1726, 'ndcg@40': 0.0557} 
2024-10-09 23:44:09.919 | INFO     | trainer_1:_train_one_epoch:193 - epoch 32 8.88s Train loss is [0.3537] 
2024-10-09 23:44:17.392 | INFO     | trainer_1:_train_one_epoch:201 - validate 32 cost time 7.47s, result: {'hit@1': 0.0159, 'ndcg@1': 0.0159, 'hit@5': 0.0583, 'ndcg@5': 0.0371, 'hit@10': 0.0977, 'ndcg@10': 0.0497, 'hit@15': 0.1279, 'ndcg@15': 0.0577, 'hit@20': 0.1567, 'ndcg@20': 0.0645, 'hit@40': 0.2434, 'ndcg@40': 0.0821} 
2024-10-09 23:44:24.590 | INFO     | trainer_1:_train_one_epoch:209 - test 32 cost time 7.20s, result: {'hit@1': 0.0106, 'ndcg@1': 0.0106, 'hit@5': 0.0372, 'ndcg@5': 0.0236, 'hit@10': 0.0634, 'ndcg@10': 0.032, 'hit@15': 0.0854, 'ndcg@15': 0.0378, 'hit@20': 0.1062, 'ndcg@20': 0.0427, 'hit@40': 0.1733, 'ndcg@40': 0.0563} 
2024-10-09 23:44:45.329 | INFO     | trainer_1:_train_one_epoch:193 - epoch 33 9.96s Train loss is [0.3517] 
2024-10-09 23:44:52.963 | INFO     | trainer_1:_train_one_epoch:201 - validate 33 cost time 7.63s, result: {'hit@1': 0.0157, 'ndcg@1': 0.0157, 'hit@5': 0.0572, 'ndcg@5': 0.0363, 'hit@10': 0.0962, 'ndcg@10': 0.0488, 'hit@15': 0.1267, 'ndcg@15': 0.0568, 'hit@20': 0.1515, 'ndcg@20': 0.0627, 'hit@40': 0.2388, 'ndcg@40': 0.0805} 
2024-10-09 23:45:00.445 | INFO     | trainer_1:_train_one_epoch:209 - test 33 cost time 7.48s, result: {'hit@1': 0.0107, 'ndcg@1': 0.0107, 'hit@5': 0.0376, 'ndcg@5': 0.0239, 'hit@10': 0.0636, 'ndcg@10': 0.0322, 'hit@15': 0.0852, 'ndcg@15': 0.0379, 'hit@20': 0.1048, 'ndcg@20': 0.0426, 'hit@40': 0.1691, 'ndcg@40': 0.0556} 
2024-10-09 23:45:18.842 | INFO     | trainer_1:_train_one_epoch:193 - epoch 34 7.94s Train loss is [0.3424] 
2024-10-09 23:45:25.646 | INFO     | trainer_1:_train_one_epoch:201 - validate 34 cost time 6.80s, result: {'hit@1': 0.015, 'ndcg@1': 0.015, 'hit@5': 0.0556, 'ndcg@5': 0.0352, 'hit@10': 0.0936, 'ndcg@10': 0.0475, 'hit@15': 0.1257, 'ndcg@15': 0.0559, 'hit@20': 0.1526, 'ndcg@20': 0.0623, 'hit@40': 0.24, 'ndcg@40': 0.0801} 
2024-10-09 23:45:33.059 | INFO     | trainer_1:_train_one_epoch:209 - test 34 cost time 7.41s, result: {'hit@1': 0.0104, 'ndcg@1': 0.0104, 'hit@5': 0.0372, 'ndcg@5': 0.0236, 'hit@10': 0.0639, 'ndcg@10': 0.0322, 'hit@15': 0.0848, 'ndcg@15': 0.0377, 'hit@20': 0.1057, 'ndcg@20': 0.0426, 'hit@40': 0.1711, 'ndcg@40': 0.0559} 
2024-10-09 23:45:51.951 | INFO     | trainer_1:_train_one_epoch:193 - epoch 35 8.23s Train loss is [0.3469] 
2024-10-09 23:45:58.950 | INFO     | trainer_1:_train_one_epoch:201 - validate 35 cost time 7.00s, result: {'hit@1': 0.0155, 'ndcg@1': 0.0155, 'hit@5': 0.0569, 'ndcg@5': 0.0361, 'hit@10': 0.0962, 'ndcg@10': 0.0486, 'hit@15': 0.1266, 'ndcg@15': 0.0567, 'hit@20': 0.152, 'ndcg@20': 0.0626, 'hit@40': 0.237, 'ndcg@40': 0.0799} 
2024-10-09 23:46:03.786 | INFO     | trainer_1:_train_one_epoch:209 - test 35 cost time 4.84s, result: {'hit@1': 0.0111, 'ndcg@1': 0.0111, 'hit@5': 0.0378, 'ndcg@5': 0.0243, 'hit@10': 0.0645, 'ndcg@10': 0.033, 'hit@15': 0.0852, 'ndcg@15': 0.0384, 'hit@20': 0.1041, 'ndcg@20': 0.0429, 'hit@40': 0.1663, 'ndcg@40': 0.0555} 
2024-10-09 23:46:25.228 | INFO     | trainer_1:_train_one_epoch:193 - epoch 36 10.89s Train loss is [0.3442] 
2024-10-09 23:46:32.969 | INFO     | trainer_1:_train_one_epoch:201 - validate 36 cost time 7.74s, result: {'hit@1': 0.0153, 'ndcg@1': 0.0153, 'hit@5': 0.0568, 'ndcg@5': 0.0358, 'hit@10': 0.0965, 'ndcg@10': 0.0485, 'hit@15': 0.1276, 'ndcg@15': 0.0567, 'hit@20': 0.1563, 'ndcg@20': 0.0635, 'hit@40': 0.2488, 'ndcg@40': 0.0823} 
2024-10-09 23:46:40.410 | INFO     | trainer_1:_train_one_epoch:209 - test 36 cost time 7.44s, result: {'hit@1': 0.0104, 'ndcg@1': 0.0104, 'hit@5': 0.0379, 'ndcg@5': 0.0241, 'hit@10': 0.0645, 'ndcg@10': 0.0326, 'hit@15': 0.0874, 'ndcg@15': 0.0387, 'hit@20': 0.107, 'ndcg@20': 0.0433, 'hit@40': 0.1745, 'ndcg@40': 0.057} 
2024-10-09 23:46:48.950 | INFO     | trainer_1:_train_one_epoch:193 - epoch 37 8.54s Train loss is [0.3547] 
2024-10-09 23:46:56.304 | INFO     | trainer_1:_train_one_epoch:201 - validate 37 cost time 7.35s, result: {'hit@1': 0.0149, 'ndcg@1': 0.0149, 'hit@5': 0.0578, 'ndcg@5': 0.0362, 'hit@10': 0.0949, 'ndcg@10': 0.0481, 'hit@15': 0.1268, 'ndcg@15': 0.0565, 'hit@20': 0.1548, 'ndcg@20': 0.0631, 'hit@40': 0.2448, 'ndcg@40': 0.0814} 
2024-10-09 23:47:03.622 | INFO     | trainer_1:_train_one_epoch:209 - test 37 cost time 7.32s, result: {'hit@1': 0.01, 'ndcg@1': 0.01, 'hit@5': 0.0365, 'ndcg@5': 0.0232, 'hit@10': 0.0641, 'ndcg@10': 0.0321, 'hit@15': 0.0856, 'ndcg@15': 0.0377, 'hit@20': 0.1047, 'ndcg@20': 0.0422, 'hit@40': 0.1744, 'ndcg@40': 0.0564} 
2024-10-09 23:47:12.329 | INFO     | trainer_1:_train_one_epoch:193 - epoch 38 8.71s Train loss is [0.3538] 
2024-10-09 23:47:19.969 | INFO     | trainer_1:_train_one_epoch:201 - validate 38 cost time 7.64s, result: {'hit@1': 0.0154, 'ndcg@1': 0.0154, 'hit@5': 0.0587, 'ndcg@5': 0.037, 'hit@10': 0.0956, 'ndcg@10': 0.0488, 'hit@15': 0.1257, 'ndcg@15': 0.0567, 'hit@20': 0.1528, 'ndcg@20': 0.0631, 'hit@40': 0.2428, 'ndcg@40': 0.0815} 
2024-10-09 23:47:27.301 | INFO     | trainer_1:_train_one_epoch:209 - test 38 cost time 7.33s, result: {'hit@1': 0.0092, 'ndcg@1': 0.0092, 'hit@5': 0.0379, 'ndcg@5': 0.0233, 'hit@10': 0.0645, 'ndcg@10': 0.0318, 'hit@15': 0.0864, 'ndcg@15': 0.0375, 'hit@20': 0.1055, 'ndcg@20': 0.042, 'hit@40': 0.1702, 'ndcg@40': 0.0552} 
2024-10-09 23:47:37.165 | INFO     | trainer_1:_train_one_epoch:193 - epoch 39 9.86s Train loss is [0.3617] 
2024-10-09 23:47:44.836 | INFO     | trainer_1:_train_one_epoch:201 - validate 39 cost time 7.67s, result: {'hit@1': 0.0158, 'ndcg@1': 0.0158, 'hit@5': 0.0613, 'ndcg@5': 0.0385, 'hit@10': 0.0988, 'ndcg@10': 0.0505, 'hit@15': 0.1305, 'ndcg@15': 0.0589, 'hit@20': 0.1605, 'ndcg@20': 0.066, 'hit@40': 0.2535, 'ndcg@40': 0.0849} 
2024-10-09 23:47:52.395 | INFO     | trainer_1:_train_one_epoch:209 - test 39 cost time 7.56s, result: {'hit@1': 0.0096, 'ndcg@1': 0.0096, 'hit@5': 0.0381, 'ndcg@5': 0.0238, 'hit@10': 0.0652, 'ndcg@10': 0.0325, 'hit@15': 0.0875, 'ndcg@15': 0.0384, 'hit@20': 0.1078, 'ndcg@20': 0.0432, 'hit@40': 0.1763, 'ndcg@40': 0.0571} 
2024-10-09 23:48:11.552 | INFO     | trainer_1:_train_one_epoch:193 - epoch 40 8.55s Train loss is [0.3551] 
2024-10-09 23:48:19.056 | INFO     | trainer_1:_train_one_epoch:201 - validate 40 cost time 7.50s, result: {'hit@1': 0.0152, 'ndcg@1': 0.0152, 'hit@5': 0.0598, 'ndcg@5': 0.0375, 'hit@10': 0.0985, 'ndcg@10': 0.05, 'hit@15': 0.1318, 'ndcg@15': 0.0587, 'hit@20': 0.1597, 'ndcg@20': 0.0653, 'hit@40': 0.2523, 'ndcg@40': 0.0842} 
2024-10-09 23:48:26.630 | INFO     | trainer_1:_train_one_epoch:209 - test 40 cost time 7.57s, result: {'hit@1': 0.0101, 'ndcg@1': 0.0101, 'hit@5': 0.0384, 'ndcg@5': 0.0243, 'hit@10': 0.0654, 'ndcg@10': 0.0329, 'hit@15': 0.087, 'ndcg@15': 0.0387, 'hit@20': 0.1066, 'ndcg@20': 0.0433, 'hit@40': 0.1769, 'ndcg@40': 0.0576} 
2024-10-09 23:48:46.109 | INFO     | trainer_1:_train_one_epoch:193 - epoch 41 8.43s Train loss is [0.3520] 
2024-10-09 23:48:51.091 | INFO     | trainer_1:_train_one_epoch:201 - validate 41 cost time 4.98s, result: {'hit@1': 0.0148, 'ndcg@1': 0.0148, 'hit@5': 0.058, 'ndcg@5': 0.0364, 'hit@10': 0.096, 'ndcg@10': 0.0486, 'hit@15': 0.1301, 'ndcg@15': 0.0576, 'hit@20': 0.1595, 'ndcg@20': 0.0645, 'hit@40': 0.2531, 'ndcg@40': 0.0836} 
2024-10-09 23:48:57.217 | INFO     | trainer_1:_train_one_epoch:209 - test 41 cost time 6.13s, result: {'hit@1': 0.0098, 'ndcg@1': 0.0098, 'hit@5': 0.038, 'ndcg@5': 0.0238, 'hit@10': 0.0659, 'ndcg@10': 0.0327, 'hit@15': 0.0878, 'ndcg@15': 0.0385, 'hit@20': 0.1078, 'ndcg@20': 0.0432, 'hit@40': 0.1771, 'ndcg@40': 0.0573} 
2024-10-09 23:49:16.529 | INFO     | trainer_1:_train_one_epoch:193 - epoch 42 8.51s Train loss is [0.3434] 
2024-10-09 23:49:24.116 | INFO     | trainer_1:_train_one_epoch:201 - validate 42 cost time 7.59s, result: {'hit@1': 0.0144, 'ndcg@1': 0.0144, 'hit@5': 0.0567, 'ndcg@5': 0.0354, 'hit@10': 0.0934, 'ndcg@10': 0.0472, 'hit@15': 0.1248, 'ndcg@15': 0.0555, 'hit@20': 0.1544, 'ndcg@20': 0.0625, 'hit@40': 0.244, 'ndcg@40': 0.0807} 
2024-10-09 23:49:31.349 | INFO     | trainer_1:_train_one_epoch:209 - test 42 cost time 7.23s, result: {'hit@1': 0.0099, 'ndcg@1': 0.0099, 'hit@5': 0.037, 'ndcg@5': 0.0235, 'hit@10': 0.0635, 'ndcg@10': 0.0319, 'hit@15': 0.0845, 'ndcg@15': 0.0375, 'hit@20': 0.104, 'ndcg@20': 0.0421, 'hit@40': 0.1696, 'ndcg@40': 0.0554} 
2024-10-09 23:49:39.397 | INFO     | trainer_1:_train_one_epoch:193 - epoch 43 8.05s Train loss is [0.3515] 
2024-10-09 23:49:45.215 | INFO     | trainer_1:_train_one_epoch:201 - validate 43 cost time 5.82s, result: {'hit@1': 0.0139, 'ndcg@1': 0.0139, 'hit@5': 0.0561, 'ndcg@5': 0.0349, 'hit@10': 0.096, 'ndcg@10': 0.0477, 'hit@15': 0.1295, 'ndcg@15': 0.0565, 'hit@20': 0.1604, 'ndcg@20': 0.0638, 'hit@40': 0.2549, 'ndcg@40': 0.083} 
2024-10-09 23:49:52.343 | INFO     | trainer_1:_train_one_epoch:209 - test 43 cost time 7.13s, result: {'hit@1': 0.01, 'ndcg@1': 0.01, 'hit@5': 0.0367, 'ndcg@5': 0.0234, 'hit@10': 0.064, 'ndcg@10': 0.0321, 'hit@15': 0.0868, 'ndcg@15': 0.0381, 'hit@20': 0.1052, 'ndcg@20': 0.0424, 'hit@40': 0.1759, 'ndcg@40': 0.0568} 
2024-10-09 23:50:02.423 | INFO     | trainer_1:_train_one_epoch:193 - epoch 44 10.08s Train loss is [0.3460] 
2024-10-09 23:50:10.025 | INFO     | trainer_1:_train_one_epoch:201 - validate 44 cost time 7.60s, result: {'hit@1': 0.0158, 'ndcg@1': 0.0158, 'hit@5': 0.0592, 'ndcg@5': 0.0373, 'hit@10': 0.1011, 'ndcg@10': 0.0507, 'hit@15': 0.1356, 'ndcg@15': 0.0598, 'hit@20': 0.1668, 'ndcg@20': 0.0672, 'hit@40': 0.2621, 'ndcg@40': 0.0865} 
2024-10-09 23:50:17.371 | INFO     | trainer_1:_train_one_epoch:209 - test 44 cost time 7.35s, result: {'hit@1': 0.0109, 'ndcg@1': 0.0109, 'hit@5': 0.0404, 'ndcg@5': 0.0256, 'hit@10': 0.0681, 'ndcg@10': 0.0345, 'hit@15': 0.091, 'ndcg@15': 0.0406, 'hit@20': 0.1125, 'ndcg@20': 0.0456, 'hit@40': 0.1807, 'ndcg@40': 0.0595} 
2024-10-09 23:50:36.807 | INFO     | trainer_1:_train_one_epoch:193 - epoch 45 8.72s Train loss is [0.3460] 
2024-10-09 23:50:43.404 | INFO     | trainer_1:_train_one_epoch:201 - validate 45 cost time 6.60s, result: {'hit@1': 0.0156, 'ndcg@1': 0.0156, 'hit@5': 0.0598, 'ndcg@5': 0.0375, 'hit@10': 0.0976, 'ndcg@10': 0.0497, 'hit@15': 0.1311, 'ndcg@15': 0.0585, 'hit@20': 0.1584, 'ndcg@20': 0.065, 'hit@40': 0.2533, 'ndcg@40': 0.0843} 
2024-10-09 23:50:50.534 | INFO     | trainer_1:_train_one_epoch:209 - test 45 cost time 7.13s, result: {'hit@1': 0.0108, 'ndcg@1': 0.0108, 'hit@5': 0.0387, 'ndcg@5': 0.0245, 'hit@10': 0.064, 'ndcg@10': 0.0327, 'hit@15': 0.0847, 'ndcg@15': 0.0381, 'hit@20': 0.1059, 'ndcg@20': 0.0431, 'hit@40': 0.174, 'ndcg@40': 0.057} 
2024-10-09 23:50:59.451 | INFO     | trainer_1:_train_one_epoch:193 - epoch 46 8.92s Train loss is [0.3469] 
2024-10-09 23:51:06.984 | INFO     | trainer_1:_train_one_epoch:201 - validate 46 cost time 7.53s, result: {'hit@1': 0.015, 'ndcg@1': 0.015, 'hit@5': 0.0591, 'ndcg@5': 0.037, 'hit@10': 0.0969, 'ndcg@10': 0.0492, 'hit@15': 0.1329, 'ndcg@15': 0.0586, 'hit@20': 0.1623, 'ndcg@20': 0.0656, 'hit@40': 0.2554, 'ndcg@40': 0.0846} 
2024-10-09 23:51:14.229 | INFO     | trainer_1:_train_one_epoch:209 - test 46 cost time 7.24s, result: {'hit@1': 0.0096, 'ndcg@1': 0.0096, 'hit@5': 0.0384, 'ndcg@5': 0.0239, 'hit@10': 0.0654, 'ndcg@10': 0.0326, 'hit@15': 0.0876, 'ndcg@15': 0.0384, 'hit@20': 0.1077, 'ndcg@20': 0.0431, 'hit@40': 0.1761, 'ndcg@40': 0.057} 
2024-10-09 23:51:24.696 | INFO     | trainer_1:_train_one_epoch:193 - epoch 47 10.47s Train loss is [0.3408] 
2024-10-09 23:51:32.109 | INFO     | trainer_1:_train_one_epoch:201 - validate 47 cost time 7.41s, result: {'hit@1': 0.0159, 'ndcg@1': 0.0159, 'hit@5': 0.0599, 'ndcg@5': 0.0377, 'hit@10': 0.1018, 'ndcg@10': 0.0512, 'hit@15': 0.1356, 'ndcg@15': 0.0601, 'hit@20': 0.1609, 'ndcg@20': 0.0661, 'hit@40': 0.2561, 'ndcg@40': 0.0855} 
2024-10-09 23:51:39.401 | INFO     | trainer_1:_train_one_epoch:209 - test 47 cost time 7.29s, result: {'hit@1': 0.0107, 'ndcg@1': 0.0107, 'hit@5': 0.0396, 'ndcg@5': 0.025, 'hit@10': 0.0674, 'ndcg@10': 0.0339, 'hit@15': 0.088, 'ndcg@15': 0.0393, 'hit@20': 0.1105, 'ndcg@20': 0.0446, 'hit@40': 0.1796, 'ndcg@40': 0.0587} 
2024-10-09 23:51:47.507 | INFO     | trainer_1:_train_one_epoch:193 - epoch 48 8.10s Train loss is [0.3399] 
2024-10-09 23:51:54.861 | INFO     | trainer_1:_train_one_epoch:201 - validate 48 cost time 7.35s, result: {'hit@1': 0.0151, 'ndcg@1': 0.0151, 'hit@5': 0.0572, 'ndcg@5': 0.0359, 'hit@10': 0.0979, 'ndcg@10': 0.0489, 'hit@15': 0.1304, 'ndcg@15': 0.0575, 'hit@20': 0.1589, 'ndcg@20': 0.0642, 'hit@40': 0.2521, 'ndcg@40': 0.0832} 
2024-10-09 23:52:02.035 | INFO     | trainer_1:_train_one_epoch:209 - test 48 cost time 7.17s, result: {'hit@1': 0.0098, 'ndcg@1': 0.0098, 'hit@5': 0.0372, 'ndcg@5': 0.0235, 'hit@10': 0.0635, 'ndcg@10': 0.0319, 'hit@15': 0.0865, 'ndcg@15': 0.038, 'hit@20': 0.1074, 'ndcg@20': 0.0429, 'hit@40': 0.176, 'ndcg@40': 0.0568} 
2024-10-09 23:52:12.996 | INFO     | trainer_1:_train_one_epoch:193 - epoch 49 10.96s Train loss is [0.3438] 
2024-10-09 23:52:20.507 | INFO     | trainer_1:_train_one_epoch:201 - validate 49 cost time 7.51s, result: {'hit@1': 0.0156, 'ndcg@1': 0.0156, 'hit@5': 0.0582, 'ndcg@5': 0.0369, 'hit@10': 0.101, 'ndcg@10': 0.0507, 'hit@15': 0.1353, 'ndcg@15': 0.0598, 'hit@20': 0.1653, 'ndcg@20': 0.0668, 'hit@40': 0.2597, 'ndcg@40': 0.086} 
2024-10-09 23:52:27.807 | INFO     | trainer_1:_train_one_epoch:209 - test 49 cost time 7.30s, result: {'hit@1': 0.0106, 'ndcg@1': 0.0106, 'hit@5': 0.0404, 'ndcg@5': 0.0254, 'hit@10': 0.0669, 'ndcg@10': 0.034, 'hit@15': 0.0888, 'ndcg@15': 0.0398, 'hit@20': 0.1111, 'ndcg@20': 0.045, 'hit@40': 0.1798, 'ndcg@40': 0.059} 
2024-10-09 23:52:35.873 | INFO     | trainer_1:_train_one_epoch:193 - epoch 50 8.07s Train loss is [0.3408] 
2024-10-09 23:52:43.222 | INFO     | trainer_1:_train_one_epoch:201 - validate 50 cost time 7.35s, result: {'hit@1': 0.0157, 'ndcg@1': 0.0157, 'hit@5': 0.0582, 'ndcg@5': 0.0365, 'hit@10': 0.0979, 'ndcg@10': 0.0492, 'hit@15': 0.1319, 'ndcg@15': 0.0582, 'hit@20': 0.163, 'ndcg@20': 0.0655, 'hit@40': 0.2566, 'ndcg@40': 0.0846} 
2024-10-09 23:52:50.739 | INFO     | trainer_1:_train_one_epoch:209 - test 50 cost time 7.52s, result: {'hit@1': 0.0108, 'ndcg@1': 0.0108, 'hit@5': 0.0384, 'ndcg@5': 0.0244, 'hit@10': 0.0654, 'ndcg@10': 0.033, 'hit@15': 0.0864, 'ndcg@15': 0.0386, 'hit@20': 0.1093, 'ndcg@20': 0.044, 'hit@40': 0.1796, 'ndcg@40': 0.0583} 
2024-10-09 23:53:01.130 | INFO     | trainer_1:_train_one_epoch:193 - epoch 51 10.39s Train loss is [0.3396] 
2024-10-09 23:53:10.350 | INFO     | trainer_1:_train_one_epoch:201 - validate 51 cost time 9.22s, result: {'hit@1': 0.0156, 'ndcg@1': 0.0156, 'hit@5': 0.059, 'ndcg@5': 0.037, 'hit@10': 0.098, 'ndcg@10': 0.0495, 'hit@15': 0.1301, 'ndcg@15': 0.058, 'hit@20': 0.1602, 'ndcg@20': 0.065, 'hit@40': 0.2543, 'ndcg@40': 0.0842} 
2024-10-09 23:53:19.261 | INFO     | trainer_1:_train_one_epoch:209 - test 51 cost time 8.91s, result: {'hit@1': 0.01, 'ndcg@1': 0.01, 'hit@5': 0.0377, 'ndcg@5': 0.0238, 'hit@10': 0.0637, 'ndcg@10': 0.0322, 'hit@15': 0.0865, 'ndcg@15': 0.0382, 'hit@20': 0.1079, 'ndcg@20': 0.0433, 'hit@40': 0.1749, 'ndcg@40': 0.0569} 
2024-10-09 23:53:27.417 | INFO     | trainer_1:_train_one_epoch:193 - epoch 52 8.15s Train loss is [0.3333] 
2024-10-09 23:53:33.522 | INFO     | trainer_1:_train_one_epoch:201 - validate 52 cost time 6.10s, result: {'hit@1': 0.0157, 'ndcg@1': 0.0157, 'hit@5': 0.0586, 'ndcg@5': 0.0371, 'hit@10': 0.0946, 'ndcg@10': 0.0487, 'hit@15': 0.1276, 'ndcg@15': 0.0574, 'hit@20': 0.1571, 'ndcg@20': 0.0643, 'hit@40': 0.2507, 'ndcg@40': 0.0834} 
2024-10-09 23:53:38.405 | INFO     | trainer_1:_train_one_epoch:209 - test 52 cost time 4.88s, result: {'hit@1': 0.01, 'ndcg@1': 0.01, 'hit@5': 0.038, 'ndcg@5': 0.0238, 'hit@10': 0.0626, 'ndcg@10': 0.0318, 'hit@15': 0.0862, 'ndcg@15': 0.038, 'hit@20': 0.1055, 'ndcg@20': 0.0426, 'hit@40': 0.1754, 'ndcg@40': 0.0568} 
2024-10-09 23:53:38.416 | INFO     | trainer_1:train_model:163 - training end, best iteration 47, results: {'hit@1': 0.0158, 'ndcg@1': 0.0158, 'hit@5': 0.0592, 'ndcg@5': 0.0373, 'hit@10': 0.1011, 'ndcg@10': 0.0507, 'hit@15': 0.1356, 'ndcg@15': 0.0598, 'hit@20': 0.1668, 'ndcg@20': 0.0672, 'hit@40': 0.2621, 'ndcg@40': 0.0865}
2024-10-09 23:53:38.417 | INFO     | trainer_1:train_model:166 - final test result is:  {'hit@1': 0.0109, 'ndcg@1': 0.0109, 'hit@5': 0.0404, 'ndcg@5': 0.0256, 'hit@10': 0.0681, 'ndcg@10': 0.0345, 'hit@15': 0.091, 'ndcg@15': 0.0406, 'hit@20': 0.1125, 'ndcg@20': 0.0456, 'hit@40': 0.1807, 'ndcg@40': 0.0595}
2024-10-09 23:53:38.710 | INFO     | __main__:<module>:119 - train end total cost time: 3365.9630184173584
