2024-10-09 21:00:51.481 | INFO     | __main__:<module>:105 - Namespace(TIME='2024-10-09 21_00_13', batch_size=1024, behaviors=['view', 'cart', 'buy'], check_point='model_pre_1_2024-10-08 12_13_12.pth', data_name='beibei', data_path='./data/beibei', decay=0.001, device='cuda:1', dim_qk=32, dim_v=64, distill_layers=2, distill_thres=0.5, distill_topK=40, distill_userK=10, embedding_size=64, epochs=100, gpu_no=1, if_load_model=True, ii_lambda=200, initializer_range=0.02, layers=2, loss_type='bpr', lr=0.001, message_dropout=0.25, metrics=['hit', 'ndcg'], min_epoch=5, model_name='main_1', model_path='./check_point', node_dropout=0.75, omega=1, pt_loop=50, reg_weight=0.001, test_batch_size=1024, testbatch=1024, topk=[1, 5, 10, 15, 20, 40], uu_lambda=100)
2024-10-09 21:00:51.482 | INFO     | __main__:<module>:106 - BIPN(
  (message_dropout): Dropout(p=0.25, inplace=False)
  (user_embedding): Embedding(21717, 64, padding_idx=0)
  (item_embedding): Embedding(7978, 64, padding_idx=0)
  (global_Graph): LightGCN()
  (Graph_encoder): ModuleDict(
    (view): GraphEncoder(
      (light): LightGCN()
      (dropout): Dropout(p=0.75, inplace=False)
    )
    (cart): GraphEncoder(
      (light): LightGCN()
      (dropout): Dropout(p=0.75, inplace=False)
    )
    (buy): GraphEncoder(
      (light): LightGCN()
      (dropout): Dropout(p=0.75, inplace=False)
    )
  )
  (attention): Mutual_Attention()
  (bpr_loss): BPRLoss()
  (emb_loss): EmbLoss()
  (f): Sigmoid()
)
2024-10-09 21:34:52.032 | INFO     | trainer_1:_train_one_epoch:193 - epoch 1 9.16s Train loss is [0.9196] 
2024-10-09 21:35:01.734 | INFO     | trainer_1:_train_one_epoch:201 - validate 1 cost time 9.70s, result: {'hit@1': 0.0081, 'ndcg@1': 0.0081, 'hit@5': 0.0299, 'ndcg@5': 0.0188, 'hit@10': 0.0507, 'ndcg@10': 0.0255, 'hit@15': 0.0682, 'ndcg@15': 0.0301, 'hit@20': 0.0857, 'ndcg@20': 0.0342, 'hit@40': 0.1475, 'ndcg@40': 0.0468} 
2024-10-09 21:35:11.298 | INFO     | trainer_1:_train_one_epoch:209 - test 1 cost time 9.56s, result: {'hit@1': 0.0041, 'ndcg@1': 0.0041, 'hit@5': 0.0192, 'ndcg@5': 0.0115, 'hit@10': 0.036, 'ndcg@10': 0.0169, 'hit@15': 0.0494, 'ndcg@15': 0.0204, 'hit@20': 0.0625, 'ndcg@20': 0.0235, 'hit@40': 0.1075, 'ndcg@40': 0.0327} 
2024-10-09 21:35:35.714 | INFO     | trainer_1:_train_one_epoch:193 - epoch 2 9.23s Train loss is [0.6968] 
2024-10-09 21:35:44.190 | INFO     | trainer_1:_train_one_epoch:201 - validate 2 cost time 8.47s, result: {'hit@1': 0.008, 'ndcg@1': 0.008, 'hit@5': 0.0328, 'ndcg@5': 0.0203, 'hit@10': 0.0585, 'ndcg@10': 0.0285, 'hit@15': 0.0779, 'ndcg@15': 0.0337, 'hit@20': 0.0962, 'ndcg@20': 0.038, 'hit@40': 0.1597, 'ndcg@40': 0.0509} 
2024-10-09 21:35:54.541 | INFO     | trainer_1:_train_one_epoch:209 - test 2 cost time 10.35s, result: {'hit@1': 0.0043, 'ndcg@1': 0.0043, 'hit@5': 0.0199, 'ndcg@5': 0.012, 'hit@10': 0.0358, 'ndcg@10': 0.017, 'hit@15': 0.0519, 'ndcg@15': 0.0213, 'hit@20': 0.066, 'ndcg@20': 0.0246, 'hit@40': 0.1141, 'ndcg@40': 0.0344} 
2024-10-09 21:36:01.572 | INFO     | trainer_1:_train_one_epoch:193 - epoch 3 7.03s Train loss is [0.6205] 
2024-10-09 21:36:11.117 | INFO     | trainer_1:_train_one_epoch:201 - validate 3 cost time 9.54s, result: {'hit@1': 0.0091, 'ndcg@1': 0.0091, 'hit@5': 0.0367, 'ndcg@5': 0.0227, 'hit@10': 0.0637, 'ndcg@10': 0.0314, 'hit@15': 0.0894, 'ndcg@15': 0.0382, 'hit@20': 0.1132, 'ndcg@20': 0.0438, 'hit@40': 0.1861, 'ndcg@40': 0.0587} 
2024-10-09 21:36:18.071 | INFO     | trainer_1:_train_one_epoch:209 - test 3 cost time 6.95s, result: {'hit@1': 0.0054, 'ndcg@1': 0.0054, 'hit@5': 0.0234, 'ndcg@5': 0.0142, 'hit@10': 0.043, 'ndcg@10': 0.0204, 'hit@15': 0.0601, 'ndcg@15': 0.0249, 'hit@20': 0.0772, 'ndcg@20': 0.029, 'hit@40': 0.1347, 'ndcg@40': 0.0406} 
2024-10-09 21:36:36.776 | INFO     | trainer_1:_train_one_epoch:193 - epoch 4 7.32s Train loss is [0.5882] 
2024-10-09 21:36:46.085 | INFO     | trainer_1:_train_one_epoch:201 - validate 4 cost time 9.31s, result: {'hit@1': 0.011, 'ndcg@1': 0.011, 'hit@5': 0.0426, 'ndcg@5': 0.0265, 'hit@10': 0.0714, 'ndcg@10': 0.0358, 'hit@15': 0.0964, 'ndcg@15': 0.0424, 'hit@20': 0.1185, 'ndcg@20': 0.0476, 'hit@40': 0.1877, 'ndcg@40': 0.0617} 
2024-10-09 21:36:55.728 | INFO     | trainer_1:_train_one_epoch:209 - test 4 cost time 9.64s, result: {'hit@1': 0.0059, 'ndcg@1': 0.0059, 'hit@5': 0.023, 'ndcg@5': 0.0145, 'hit@10': 0.0423, 'ndcg@10': 0.0206, 'hit@15': 0.0602, 'ndcg@15': 0.0254, 'hit@20': 0.0755, 'ndcg@20': 0.029, 'hit@40': 0.1271, 'ndcg@40': 0.0395} 
2024-10-09 21:37:02.763 | INFO     | trainer_1:_train_one_epoch:193 - epoch 5 7.03s Train loss is [0.5521] 
2024-10-09 21:37:11.554 | INFO     | trainer_1:_train_one_epoch:201 - validate 5 cost time 8.79s, result: {'hit@1': 0.0122, 'ndcg@1': 0.0122, 'hit@5': 0.0428, 'ndcg@5': 0.0274, 'hit@10': 0.0739, 'ndcg@10': 0.0374, 'hit@15': 0.0991, 'ndcg@15': 0.0441, 'hit@20': 0.1227, 'ndcg@20': 0.0496, 'hit@40': 0.1951, 'ndcg@40': 0.0644} 
2024-10-09 21:37:21.873 | INFO     | trainer_1:_train_one_epoch:209 - test 5 cost time 10.32s, result: {'hit@1': 0.007, 'ndcg@1': 0.007, 'hit@5': 0.0246, 'ndcg@5': 0.0157, 'hit@10': 0.0445, 'ndcg@10': 0.022, 'hit@15': 0.0626, 'ndcg@15': 0.0268, 'hit@20': 0.0779, 'ndcg@20': 0.0305, 'hit@40': 0.1321, 'ndcg@40': 0.0414} 
2024-10-09 21:37:46.493 | INFO     | trainer_1:_train_one_epoch:193 - epoch 6 6.93s Train loss is [0.5371] 
2024-10-09 21:37:53.872 | INFO     | trainer_1:_train_one_epoch:201 - validate 6 cost time 7.38s, result: {'hit@1': 0.013, 'ndcg@1': 0.013, 'hit@5': 0.0445, 'ndcg@5': 0.0286, 'hit@10': 0.0749, 'ndcg@10': 0.0383, 'hit@15': 0.102, 'ndcg@15': 0.0455, 'hit@20': 0.1253, 'ndcg@20': 0.051, 'hit@40': 0.2002, 'ndcg@40': 0.0662} 
2024-10-09 21:38:03.282 | INFO     | trainer_1:_train_one_epoch:209 - test 6 cost time 9.41s, result: {'hit@1': 0.0066, 'ndcg@1': 0.0066, 'hit@5': 0.0281, 'ndcg@5': 0.0173, 'hit@10': 0.0473, 'ndcg@10': 0.0235, 'hit@15': 0.0653, 'ndcg@15': 0.0282, 'hit@20': 0.0829, 'ndcg@20': 0.0324, 'hit@40': 0.1388, 'ndcg@40': 0.0437} 
2024-10-09 21:38:24.380 | INFO     | trainer_1:_train_one_epoch:193 - epoch 7 7.49s Train loss is [0.5042] 
2024-10-09 21:38:30.971 | INFO     | trainer_1:_train_one_epoch:201 - validate 7 cost time 6.59s, result: {'hit@1': 0.0115, 'ndcg@1': 0.0115, 'hit@5': 0.0399, 'ndcg@5': 0.0255, 'hit@10': 0.0702, 'ndcg@10': 0.0352, 'hit@15': 0.0956, 'ndcg@15': 0.0419, 'hit@20': 0.1198, 'ndcg@20': 0.0476, 'hit@40': 0.1965, 'ndcg@40': 0.0632} 
2024-10-09 21:38:39.572 | INFO     | trainer_1:_train_one_epoch:209 - test 7 cost time 8.60s, result: {'hit@1': 0.0057, 'ndcg@1': 0.0057, 'hit@5': 0.024, 'ndcg@5': 0.0147, 'hit@10': 0.0451, 'ndcg@10': 0.0215, 'hit@15': 0.0619, 'ndcg@15': 0.0259, 'hit@20': 0.0789, 'ndcg@20': 0.0299, 'hit@40': 0.1381, 'ndcg@40': 0.0419} 
2024-10-09 21:38:47.130 | INFO     | trainer_1:_train_one_epoch:193 - epoch 8 7.56s Train loss is [0.5035] 
2024-10-09 21:38:57.352 | INFO     | trainer_1:_train_one_epoch:201 - validate 8 cost time 10.22s, result: {'hit@1': 0.0117, 'ndcg@1': 0.0117, 'hit@5': 0.041, 'ndcg@5': 0.0262, 'hit@10': 0.0732, 'ndcg@10': 0.0366, 'hit@15': 0.1002, 'ndcg@15': 0.0437, 'hit@20': 0.1245, 'ndcg@20': 0.0494, 'hit@40': 0.2003, 'ndcg@40': 0.0648} 
2024-10-09 21:39:04.675 | INFO     | trainer_1:_train_one_epoch:209 - test 8 cost time 7.32s, result: {'hit@1': 0.0075, 'ndcg@1': 0.0075, 'hit@5': 0.0251, 'ndcg@5': 0.0161, 'hit@10': 0.0443, 'ndcg@10': 0.0223, 'hit@15': 0.0638, 'ndcg@15': 0.0275, 'hit@20': 0.0815, 'ndcg@20': 0.0316, 'hit@40': 0.1405, 'ndcg@40': 0.0436} 
2024-10-09 21:39:11.358 | INFO     | trainer_1:_train_one_epoch:193 - epoch 9 6.68s Train loss is [0.4789] 
2024-10-09 21:39:17.592 | INFO     | trainer_1:_train_one_epoch:201 - validate 9 cost time 6.23s, result: {'hit@1': 0.0105, 'ndcg@1': 0.0105, 'hit@5': 0.043, 'ndcg@5': 0.0268, 'hit@10': 0.074, 'ndcg@10': 0.0367, 'hit@15': 0.1007, 'ndcg@15': 0.0438, 'hit@20': 0.1247, 'ndcg@20': 0.0494, 'hit@40': 0.2026, 'ndcg@40': 0.0653} 
2024-10-09 21:39:26.913 | INFO     | trainer_1:_train_one_epoch:209 - test 9 cost time 9.32s, result: {'hit@1': 0.0071, 'ndcg@1': 0.0071, 'hit@5': 0.026, 'ndcg@5': 0.0164, 'hit@10': 0.0448, 'ndcg@10': 0.0224, 'hit@15': 0.0625, 'ndcg@15': 0.0271, 'hit@20': 0.0815, 'ndcg@20': 0.0316, 'hit@40': 0.1394, 'ndcg@40': 0.0434} 
2024-10-09 21:39:35.934 | INFO     | trainer_1:_train_one_epoch:193 - epoch 10 9.02s Train loss is [0.4696] 
2024-10-09 21:39:43.698 | INFO     | trainer_1:_train_one_epoch:201 - validate 10 cost time 7.76s, result: {'hit@1': 0.0111, 'ndcg@1': 0.0111, 'hit@5': 0.0441, 'ndcg@5': 0.0274, 'hit@10': 0.0763, 'ndcg@10': 0.0377, 'hit@15': 0.1039, 'ndcg@15': 0.045, 'hit@20': 0.129, 'ndcg@20': 0.0509, 'hit@40': 0.2077, 'ndcg@40': 0.0669} 
2024-10-09 21:39:49.562 | INFO     | trainer_1:_train_one_epoch:209 - test 10 cost time 5.86s, result: {'hit@1': 0.0063, 'ndcg@1': 0.0063, 'hit@5': 0.0266, 'ndcg@5': 0.0164, 'hit@10': 0.047, 'ndcg@10': 0.0229, 'hit@15': 0.0659, 'ndcg@15': 0.0279, 'hit@20': 0.0834, 'ndcg@20': 0.032, 'hit@40': 0.1417, 'ndcg@40': 0.0439} 
2024-10-09 21:39:57.277 | INFO     | trainer_1:_train_one_epoch:193 - epoch 11 7.71s Train loss is [0.4546] 
2024-10-09 21:40:05.810 | INFO     | trainer_1:_train_one_epoch:201 - validate 11 cost time 8.53s, result: {'hit@1': 0.0101, 'ndcg@1': 0.0101, 'hit@5': 0.0399, 'ndcg@5': 0.025, 'hit@10': 0.072, 'ndcg@10': 0.0353, 'hit@15': 0.0989, 'ndcg@15': 0.0424, 'hit@20': 0.124, 'ndcg@20': 0.0483, 'hit@40': 0.2008, 'ndcg@40': 0.0639} 
2024-10-09 21:40:13.704 | INFO     | trainer_1:_train_one_epoch:209 - test 11 cost time 7.89s, result: {'hit@1': 0.0057, 'ndcg@1': 0.0057, 'hit@5': 0.025, 'ndcg@5': 0.0152, 'hit@10': 0.0456, 'ndcg@10': 0.0218, 'hit@15': 0.0652, 'ndcg@15': 0.027, 'hit@20': 0.0807, 'ndcg@20': 0.0307, 'hit@40': 0.1375, 'ndcg@40': 0.0422} 
2024-10-09 21:40:20.952 | INFO     | trainer_1:_train_one_epoch:193 - epoch 12 7.25s Train loss is [0.4614] 
2024-10-09 21:40:29.284 | INFO     | trainer_1:_train_one_epoch:201 - validate 12 cost time 8.33s, result: {'hit@1': 0.011, 'ndcg@1': 0.011, 'hit@5': 0.0418, 'ndcg@5': 0.0262, 'hit@10': 0.0732, 'ndcg@10': 0.0363, 'hit@15': 0.0989, 'ndcg@15': 0.0431, 'hit@20': 0.1243, 'ndcg@20': 0.049, 'hit@40': 0.198, 'ndcg@40': 0.0641} 
2024-10-09 21:40:34.837 | INFO     | trainer_1:_train_one_epoch:209 - test 12 cost time 5.55s, result: {'hit@1': 0.0061, 'ndcg@1': 0.0061, 'hit@5': 0.0256, 'ndcg@5': 0.0158, 'hit@10': 0.0456, 'ndcg@10': 0.0222, 'hit@15': 0.0628, 'ndcg@15': 0.0268, 'hit@20': 0.0804, 'ndcg@20': 0.0309, 'hit@40': 0.1379, 'ndcg@40': 0.0426} 
2024-10-09 21:40:41.682 | INFO     | trainer_1:_train_one_epoch:193 - epoch 13 6.84s Train loss is [0.4564] 
2024-10-09 21:40:49.609 | INFO     | trainer_1:_train_one_epoch:201 - validate 13 cost time 7.93s, result: {'hit@1': 0.0115, 'ndcg@1': 0.0115, 'hit@5': 0.0448, 'ndcg@5': 0.0281, 'hit@10': 0.08, 'ndcg@10': 0.0393, 'hit@15': 0.109, 'ndcg@15': 0.047, 'hit@20': 0.1347, 'ndcg@20': 0.0531, 'hit@40': 0.2145, 'ndcg@40': 0.0693} 
2024-10-09 21:40:58.836 | INFO     | trainer_1:_train_one_epoch:209 - test 13 cost time 9.23s, result: {'hit@1': 0.0072, 'ndcg@1': 0.0072, 'hit@5': 0.0292, 'ndcg@5': 0.0181, 'hit@10': 0.0505, 'ndcg@10': 0.0249, 'hit@15': 0.069, 'ndcg@15': 0.0297, 'hit@20': 0.088, 'ndcg@20': 0.0342, 'hit@40': 0.1497, 'ndcg@40': 0.0468} 
2024-10-09 21:41:24.846 | INFO     | trainer_1:_train_one_epoch:193 - epoch 14 7.56s Train loss is [0.4404] 
2024-10-09 21:41:30.729 | INFO     | trainer_1:_train_one_epoch:201 - validate 14 cost time 5.88s, result: {'hit@1': 0.0126, 'ndcg@1': 0.0126, 'hit@5': 0.0481, 'ndcg@5': 0.0304, 'hit@10': 0.0802, 'ndcg@10': 0.0407, 'hit@15': 0.1098, 'ndcg@15': 0.0485, 'hit@20': 0.1365, 'ndcg@20': 0.0548, 'hit@40': 0.2214, 'ndcg@40': 0.0721} 
2024-10-09 21:41:36.526 | INFO     | trainer_1:_train_one_epoch:209 - test 14 cost time 5.80s, result: {'hit@1': 0.0068, 'ndcg@1': 0.0068, 'hit@5': 0.0301, 'ndcg@5': 0.0183, 'hit@10': 0.0523, 'ndcg@10': 0.0254, 'hit@15': 0.0721, 'ndcg@15': 0.0306, 'hit@20': 0.0924, 'ndcg@20': 0.0354, 'hit@40': 0.1535, 'ndcg@40': 0.0478} 
2024-10-09 21:41:58.991 | INFO     | trainer_1:_train_one_epoch:193 - epoch 15 7.97s Train loss is [0.4409] 
2024-10-09 21:42:06.660 | INFO     | trainer_1:_train_one_epoch:201 - validate 15 cost time 7.67s, result: {'hit@1': 0.0117, 'ndcg@1': 0.0117, 'hit@5': 0.0447, 'ndcg@5': 0.0279, 'hit@10': 0.0751, 'ndcg@10': 0.0376, 'hit@15': 0.1024, 'ndcg@15': 0.0448, 'hit@20': 0.1271, 'ndcg@20': 0.0506, 'hit@40': 0.2071, 'ndcg@40': 0.0669} 
2024-10-09 21:42:13.880 | INFO     | trainer_1:_train_one_epoch:209 - test 15 cost time 7.22s, result: {'hit@1': 0.0073, 'ndcg@1': 0.0073, 'hit@5': 0.0285, 'ndcg@5': 0.0177, 'hit@10': 0.0481, 'ndcg@10': 0.024, 'hit@15': 0.066, 'ndcg@15': 0.0287, 'hit@20': 0.084, 'ndcg@20': 0.0329, 'hit@40': 0.1449, 'ndcg@40': 0.0453} 
2024-10-09 21:42:21.039 | INFO     | trainer_1:_train_one_epoch:193 - epoch 16 7.16s Train loss is [0.4195] 
2024-10-09 21:42:29.030 | INFO     | trainer_1:_train_one_epoch:201 - validate 16 cost time 7.99s, result: {'hit@1': 0.0123, 'ndcg@1': 0.0123, 'hit@5': 0.048, 'ndcg@5': 0.0299, 'hit@10': 0.0793, 'ndcg@10': 0.0399, 'hit@15': 0.1069, 'ndcg@15': 0.0472, 'hit@20': 0.1324, 'ndcg@20': 0.0532, 'hit@40': 0.2127, 'ndcg@40': 0.0696} 
2024-10-09 21:42:36.456 | INFO     | trainer_1:_train_one_epoch:209 - test 16 cost time 7.42s, result: {'hit@1': 0.0084, 'ndcg@1': 0.0084, 'hit@5': 0.0315, 'ndcg@5': 0.0197, 'hit@10': 0.0545, 'ndcg@10': 0.0271, 'hit@15': 0.0729, 'ndcg@15': 0.0319, 'hit@20': 0.0904, 'ndcg@20': 0.0361, 'hit@40': 0.15, 'ndcg@40': 0.0482} 
2024-10-09 21:42:58.425 | INFO     | trainer_1:_train_one_epoch:193 - epoch 17 8.01s Train loss is [0.4201] 
2024-10-09 21:43:08.149 | INFO     | trainer_1:_train_one_epoch:201 - validate 17 cost time 9.72s, result: {'hit@1': 0.013, 'ndcg@1': 0.013, 'hit@5': 0.0475, 'ndcg@5': 0.0301, 'hit@10': 0.0833, 'ndcg@10': 0.0416, 'hit@15': 0.1143, 'ndcg@15': 0.0497, 'hit@20': 0.14, 'ndcg@20': 0.0558, 'hit@40': 0.225, 'ndcg@40': 0.0731} 
2024-10-09 21:43:17.322 | INFO     | trainer_1:_train_one_epoch:209 - test 17 cost time 9.17s, result: {'hit@1': 0.0089, 'ndcg@1': 0.0089, 'hit@5': 0.0328, 'ndcg@5': 0.0207, 'hit@10': 0.0548, 'ndcg@10': 0.0278, 'hit@15': 0.0768, 'ndcg@15': 0.0336, 'hit@20': 0.0944, 'ndcg@20': 0.0377, 'hit@40': 0.161, 'ndcg@40': 0.0513} 
2024-10-09 21:43:47.158 | INFO     | trainer_1:_train_one_epoch:193 - epoch 18 7.47s Train loss is [0.4113] 
2024-10-09 21:43:56.623 | INFO     | trainer_1:_train_one_epoch:201 - validate 18 cost time 9.46s, result: {'hit@1': 0.0128, 'ndcg@1': 0.0128, 'hit@5': 0.047, 'ndcg@5': 0.0299, 'hit@10': 0.0818, 'ndcg@10': 0.041, 'hit@15': 0.1108, 'ndcg@15': 0.0487, 'hit@20': 0.1349, 'ndcg@20': 0.0544, 'hit@40': 0.2193, 'ndcg@40': 0.0715} 
2024-10-09 21:44:04.728 | INFO     | trainer_1:_train_one_epoch:209 - test 18 cost time 8.10s, result: {'hit@1': 0.0076, 'ndcg@1': 0.0076, 'hit@5': 0.0319, 'ndcg@5': 0.0197, 'hit@10': 0.055, 'ndcg@10': 0.0271, 'hit@15': 0.0749, 'ndcg@15': 0.0324, 'hit@20': 0.0932, 'ndcg@20': 0.0367, 'hit@40': 0.1565, 'ndcg@40': 0.0496} 
2024-10-09 21:44:26.266 | INFO     | trainer_1:_train_one_epoch:193 - epoch 19 6.98s Train loss is [0.4094] 
2024-10-09 21:44:34.254 | INFO     | trainer_1:_train_one_epoch:201 - validate 19 cost time 7.99s, result: {'hit@1': 0.0122, 'ndcg@1': 0.0122, 'hit@5': 0.0455, 'ndcg@5': 0.0287, 'hit@10': 0.0773, 'ndcg@10': 0.0389, 'hit@15': 0.1055, 'ndcg@15': 0.0463, 'hit@20': 0.1328, 'ndcg@20': 0.0528, 'hit@40': 0.2154, 'ndcg@40': 0.0696} 
2024-10-09 21:44:43.790 | INFO     | trainer_1:_train_one_epoch:209 - test 19 cost time 9.53s, result: {'hit@1': 0.008, 'ndcg@1': 0.008, 'hit@5': 0.03, 'ndcg@5': 0.019, 'hit@10': 0.0531, 'ndcg@10': 0.0264, 'hit@15': 0.0735, 'ndcg@15': 0.0318, 'hit@20': 0.0915, 'ndcg@20': 0.036, 'hit@40': 0.1534, 'ndcg@40': 0.0486} 
2024-10-09 21:44:51.695 | INFO     | trainer_1:_train_one_epoch:193 - epoch 20 7.90s Train loss is [0.4110] 
2024-10-09 21:44:57.192 | INFO     | trainer_1:_train_one_epoch:201 - validate 20 cost time 5.50s, result: {'hit@1': 0.0124, 'ndcg@1': 0.0124, 'hit@5': 0.0485, 'ndcg@5': 0.0306, 'hit@10': 0.0787, 'ndcg@10': 0.0402, 'hit@15': 0.1079, 'ndcg@15': 0.0479, 'hit@20': 0.1352, 'ndcg@20': 0.0543, 'hit@40': 0.2232, 'ndcg@40': 0.0723} 
2024-10-09 21:45:04.426 | INFO     | trainer_1:_train_one_epoch:209 - test 20 cost time 7.23s, result: {'hit@1': 0.0087, 'ndcg@1': 0.0087, 'hit@5': 0.0324, 'ndcg@5': 0.0205, 'hit@10': 0.0567, 'ndcg@10': 0.0283, 'hit@15': 0.0778, 'ndcg@15': 0.0339, 'hit@20': 0.0964, 'ndcg@20': 0.0383, 'hit@40': 0.1632, 'ndcg@40': 0.0518} 
2024-10-09 21:45:28.375 | INFO     | trainer_1:_train_one_epoch:193 - epoch 21 8.27s Train loss is [0.4007] 
2024-10-09 21:45:34.165 | INFO     | trainer_1:_train_one_epoch:201 - validate 21 cost time 5.79s, result: {'hit@1': 0.0126, 'ndcg@1': 0.0126, 'hit@5': 0.0462, 'ndcg@5': 0.0295, 'hit@10': 0.0773, 'ndcg@10': 0.0394, 'hit@15': 0.1062, 'ndcg@15': 0.0471, 'hit@20': 0.1321, 'ndcg@20': 0.0532, 'hit@40': 0.2156, 'ndcg@40': 0.0701} 
2024-10-09 21:45:43.303 | INFO     | trainer_1:_train_one_epoch:209 - test 21 cost time 9.14s, result: {'hit@1': 0.0089, 'ndcg@1': 0.0089, 'hit@5': 0.0313, 'ndcg@5': 0.0201, 'hit@10': 0.0544, 'ndcg@10': 0.0275, 'hit@15': 0.0739, 'ndcg@15': 0.0326, 'hit@20': 0.092, 'ndcg@20': 0.0369, 'hit@40': 0.1553, 'ndcg@40': 0.0498} 
2024-10-09 21:45:53.069 | INFO     | trainer_1:_train_one_epoch:193 - epoch 22 9.76s Train loss is [0.4079] 
2024-10-09 21:46:03.825 | INFO     | trainer_1:_train_one_epoch:201 - validate 22 cost time 10.76s, result: {'hit@1': 0.0129, 'ndcg@1': 0.0129, 'hit@5': 0.0484, 'ndcg@5': 0.0307, 'hit@10': 0.0814, 'ndcg@10': 0.0412, 'hit@15': 0.1106, 'ndcg@15': 0.049, 'hit@20': 0.1368, 'ndcg@20': 0.0551, 'hit@40': 0.2175, 'ndcg@40': 0.0715} 
2024-10-09 21:46:14.202 | INFO     | trainer_1:_train_one_epoch:209 - test 22 cost time 10.38s, result: {'hit@1': 0.0079, 'ndcg@1': 0.0079, 'hit@5': 0.0318, 'ndcg@5': 0.0199, 'hit@10': 0.0536, 'ndcg@10': 0.0269, 'hit@15': 0.0737, 'ndcg@15': 0.0322, 'hit@20': 0.0924, 'ndcg@20': 0.0366, 'hit@40': 0.1551, 'ndcg@40': 0.0494} 
2024-10-09 21:46:23.328 | INFO     | trainer_1:_train_one_epoch:193 - epoch 23 9.13s Train loss is [0.3954] 
2024-10-09 21:46:33.479 | INFO     | trainer_1:_train_one_epoch:201 - validate 23 cost time 10.15s, result: {'hit@1': 0.013, 'ndcg@1': 0.013, 'hit@5': 0.0505, 'ndcg@5': 0.0319, 'hit@10': 0.0857, 'ndcg@10': 0.0431, 'hit@15': 0.1148, 'ndcg@15': 0.0508, 'hit@20': 0.1415, 'ndcg@20': 0.0571, 'hit@40': 0.2274, 'ndcg@40': 0.0746} 
2024-10-09 21:46:43.954 | INFO     | trainer_1:_train_one_epoch:209 - test 23 cost time 10.47s, result: {'hit@1': 0.0087, 'ndcg@1': 0.0087, 'hit@5': 0.0341, 'ndcg@5': 0.0211, 'hit@10': 0.0578, 'ndcg@10': 0.0287, 'hit@15': 0.0778, 'ndcg@15': 0.0339, 'hit@20': 0.0964, 'ndcg@20': 0.0383, 'hit@40': 0.1617, 'ndcg@40': 0.0516} 
2024-10-09 21:47:11.814 | INFO     | trainer_1:_train_one_epoch:193 - epoch 24 7.71s Train loss is [0.3883] 
2024-10-09 21:47:21.655 | INFO     | trainer_1:_train_one_epoch:201 - validate 24 cost time 9.84s, result: {'hit@1': 0.0129, 'ndcg@1': 0.0129, 'hit@5': 0.0477, 'ndcg@5': 0.0304, 'hit@10': 0.081, 'ndcg@10': 0.0411, 'hit@15': 0.1087, 'ndcg@15': 0.0484, 'hit@20': 0.1346, 'ndcg@20': 0.0545, 'hit@40': 0.2172, 'ndcg@40': 0.0713} 
2024-10-09 21:47:31.388 | INFO     | trainer_1:_train_one_epoch:209 - test 24 cost time 9.73s, result: {'hit@1': 0.0084, 'ndcg@1': 0.0084, 'hit@5': 0.0332, 'ndcg@5': 0.0207, 'hit@10': 0.0545, 'ndcg@10': 0.0275, 'hit@15': 0.074, 'ndcg@15': 0.0327, 'hit@20': 0.0935, 'ndcg@20': 0.0373, 'hit@40': 0.1549, 'ndcg@40': 0.0497} 
2024-10-09 21:47:39.158 | INFO     | trainer_1:_train_one_epoch:193 - epoch 25 7.77s Train loss is [0.3834] 
2024-10-09 21:47:50.121 | INFO     | trainer_1:_train_one_epoch:201 - validate 25 cost time 10.96s, result: {'hit@1': 0.0142, 'ndcg@1': 0.0142, 'hit@5': 0.0516, 'ndcg@5': 0.0329, 'hit@10': 0.0865, 'ndcg@10': 0.0442, 'hit@15': 0.1167, 'ndcg@15': 0.0521, 'hit@20': 0.1447, 'ndcg@20': 0.0587, 'hit@40': 0.2296, 'ndcg@40': 0.076} 
2024-10-09 21:48:00.419 | INFO     | trainer_1:_train_one_epoch:209 - test 25 cost time 10.30s, result: {'hit@1': 0.0096, 'ndcg@1': 0.0096, 'hit@5': 0.0349, 'ndcg@5': 0.0223, 'hit@10': 0.0582, 'ndcg@10': 0.0297, 'hit@15': 0.0793, 'ndcg@15': 0.0353, 'hit@20': 0.0997, 'ndcg@20': 0.0401, 'hit@40': 0.1663, 'ndcg@40': 0.0536} 
2024-10-09 21:48:21.999 | INFO     | trainer_1:_train_one_epoch:193 - epoch 26 7.95s Train loss is [0.3779] 
2024-10-09 21:48:32.651 | INFO     | trainer_1:_train_one_epoch:201 - validate 26 cost time 10.65s, result: {'hit@1': 0.0142, 'ndcg@1': 0.0142, 'hit@5': 0.0517, 'ndcg@5': 0.033, 'hit@10': 0.0879, 'ndcg@10': 0.0447, 'hit@15': 0.1172, 'ndcg@15': 0.0524, 'hit@20': 0.1441, 'ndcg@20': 0.0588, 'hit@40': 0.2275, 'ndcg@40': 0.0757} 
2024-10-09 21:48:42.931 | INFO     | trainer_1:_train_one_epoch:209 - test 26 cost time 10.28s, result: {'hit@1': 0.0093, 'ndcg@1': 0.0093, 'hit@5': 0.0343, 'ndcg@5': 0.0218, 'hit@10': 0.0569, 'ndcg@10': 0.0291, 'hit@15': 0.0795, 'ndcg@15': 0.035, 'hit@20': 0.0983, 'ndcg@20': 0.0395, 'hit@40': 0.1639, 'ndcg@40': 0.0528} 
2024-10-09 21:48:51.959 | INFO     | trainer_1:_train_one_epoch:193 - epoch 27 9.03s Train loss is [0.3759] 
2024-10-09 21:49:02.571 | INFO     | trainer_1:_train_one_epoch:201 - validate 27 cost time 10.61s, result: {'hit@1': 0.0155, 'ndcg@1': 0.0155, 'hit@5': 0.0549, 'ndcg@5': 0.0352, 'hit@10': 0.0876, 'ndcg@10': 0.0457, 'hit@15': 0.1205, 'ndcg@15': 0.0544, 'hit@20': 0.1481, 'ndcg@20': 0.0609, 'hit@40': 0.2314, 'ndcg@40': 0.0779} 
2024-10-09 21:49:13.023 | INFO     | trainer_1:_train_one_epoch:209 - test 27 cost time 10.45s, result: {'hit@1': 0.01, 'ndcg@1': 0.01, 'hit@5': 0.0355, 'ndcg@5': 0.0227, 'hit@10': 0.06, 'ndcg@10': 0.0305, 'hit@15': 0.081, 'ndcg@15': 0.0361, 'hit@20': 0.1013, 'ndcg@20': 0.0409, 'hit@40': 0.1686, 'ndcg@40': 0.0545} 
2024-10-09 21:49:33.569 | INFO     | trainer_1:_train_one_epoch:193 - epoch 28 8.24s Train loss is [0.3786] 
2024-10-09 21:49:43.494 | INFO     | trainer_1:_train_one_epoch:201 - validate 28 cost time 9.92s, result: {'hit@1': 0.0151, 'ndcg@1': 0.0151, 'hit@5': 0.0542, 'ndcg@5': 0.0345, 'hit@10': 0.0915, 'ndcg@10': 0.0465, 'hit@15': 0.1229, 'ndcg@15': 0.0548, 'hit@20': 0.15, 'ndcg@20': 0.0612, 'hit@40': 0.236, 'ndcg@40': 0.0787} 
2024-10-09 21:49:53.259 | INFO     | trainer_1:_train_one_epoch:209 - test 28 cost time 9.76s, result: {'hit@1': 0.0094, 'ndcg@1': 0.0094, 'hit@5': 0.0343, 'ndcg@5': 0.0219, 'hit@10': 0.0579, 'ndcg@10': 0.0294, 'hit@15': 0.0816, 'ndcg@15': 0.0357, 'hit@20': 0.1009, 'ndcg@20': 0.0402, 'hit@40': 0.1686, 'ndcg@40': 0.054} 
2024-10-09 21:49:59.827 | INFO     | trainer_1:_train_one_epoch:193 - epoch 29 6.57s Train loss is [0.3610] 
2024-10-09 21:50:09.795 | INFO     | trainer_1:_train_one_epoch:201 - validate 29 cost time 9.97s, result: {'hit@1': 0.0146, 'ndcg@1': 0.0146, 'hit@5': 0.0515, 'ndcg@5': 0.033, 'hit@10': 0.0858, 'ndcg@10': 0.044, 'hit@15': 0.1152, 'ndcg@15': 0.0518, 'hit@20': 0.1424, 'ndcg@20': 0.0582, 'hit@40': 0.2237, 'ndcg@40': 0.0748} 
2024-10-09 21:50:20.316 | INFO     | trainer_1:_train_one_epoch:209 - test 29 cost time 10.52s, result: {'hit@1': 0.0094, 'ndcg@1': 0.0094, 'hit@5': 0.0332, 'ndcg@5': 0.0213, 'hit@10': 0.0566, 'ndcg@10': 0.0287, 'hit@15': 0.0763, 'ndcg@15': 0.0339, 'hit@20': 0.0945, 'ndcg@20': 0.0382, 'hit@40': 0.158, 'ndcg@40': 0.0512} 
2024-10-09 21:50:28.979 | INFO     | trainer_1:_train_one_epoch:193 - epoch 30 8.66s Train loss is [0.3638] 
2024-10-09 21:50:39.415 | INFO     | trainer_1:_train_one_epoch:201 - validate 30 cost time 10.44s, result: {'hit@1': 0.0138, 'ndcg@1': 0.0138, 'hit@5': 0.0507, 'ndcg@5': 0.0323, 'hit@10': 0.0823, 'ndcg@10': 0.0425, 'hit@15': 0.1138, 'ndcg@15': 0.0508, 'hit@20': 0.1394, 'ndcg@20': 0.0568, 'hit@40': 0.2261, 'ndcg@40': 0.0745} 
2024-10-09 21:50:49.603 | INFO     | trainer_1:_train_one_epoch:209 - test 30 cost time 10.19s, result: {'hit@1': 0.0088, 'ndcg@1': 0.0088, 'hit@5': 0.033, 'ndcg@5': 0.0209, 'hit@10': 0.0551, 'ndcg@10': 0.028, 'hit@15': 0.0769, 'ndcg@15': 0.0338, 'hit@20': 0.0956, 'ndcg@20': 0.0382, 'hit@40': 0.1607, 'ndcg@40': 0.0514} 
2024-10-09 21:50:58.309 | INFO     | trainer_1:_train_one_epoch:193 - epoch 31 8.71s Train loss is [0.3548] 
2024-10-09 21:51:08.133 | INFO     | trainer_1:_train_one_epoch:201 - validate 31 cost time 9.82s, result: {'hit@1': 0.0135, 'ndcg@1': 0.0135, 'hit@5': 0.0532, 'ndcg@5': 0.0334, 'hit@10': 0.0892, 'ndcg@10': 0.0448, 'hit@15': 0.1195, 'ndcg@15': 0.0529, 'hit@20': 0.1463, 'ndcg@20': 0.0592, 'hit@40': 0.237, 'ndcg@40': 0.0777} 
2024-10-09 21:51:18.356 | INFO     | trainer_1:_train_one_epoch:209 - test 31 cost time 10.22s, result: {'hit@1': 0.0093, 'ndcg@1': 0.0093, 'hit@5': 0.0351, 'ndcg@5': 0.0221, 'hit@10': 0.0606, 'ndcg@10': 0.0302, 'hit@15': 0.0823, 'ndcg@15': 0.036, 'hit@20': 0.102, 'ndcg@20': 0.0407, 'hit@40': 0.1679, 'ndcg@40': 0.054} 
2024-10-09 21:51:40.818 | INFO     | trainer_1:_train_one_epoch:193 - epoch 32 8.98s Train loss is [0.3545] 
2024-10-09 21:51:50.745 | INFO     | trainer_1:_train_one_epoch:201 - validate 32 cost time 9.93s, result: {'hit@1': 0.0157, 'ndcg@1': 0.0157, 'hit@5': 0.0561, 'ndcg@5': 0.0358, 'hit@10': 0.0933, 'ndcg@10': 0.0478, 'hit@15': 0.1247, 'ndcg@15': 0.0561, 'hit@20': 0.153, 'ndcg@20': 0.0628, 'hit@40': 0.2414, 'ndcg@40': 0.0807} 
2024-10-09 21:52:00.476 | INFO     | trainer_1:_train_one_epoch:209 - test 32 cost time 9.73s, result: {'hit@1': 0.0099, 'ndcg@1': 0.0099, 'hit@5': 0.0356, 'ndcg@5': 0.0225, 'hit@10': 0.061, 'ndcg@10': 0.0307, 'hit@15': 0.0837, 'ndcg@15': 0.0367, 'hit@20': 0.104, 'ndcg@20': 0.0415, 'hit@40': 0.1707, 'ndcg@40': 0.055} 
2024-10-09 21:52:29.944 | INFO     | trainer_1:_train_one_epoch:193 - epoch 33 8.60s Train loss is [0.3504] 
2024-10-09 21:52:36.159 | INFO     | trainer_1:_train_one_epoch:201 - validate 33 cost time 6.21s, result: {'hit@1': 0.015, 'ndcg@1': 0.015, 'hit@5': 0.0549, 'ndcg@5': 0.0351, 'hit@10': 0.0916, 'ndcg@10': 0.0469, 'hit@15': 0.1219, 'ndcg@15': 0.0548, 'hit@20': 0.1482, 'ndcg@20': 0.061, 'hit@40': 0.2336, 'ndcg@40': 0.0784} 
2024-10-09 21:52:43.536 | INFO     | trainer_1:_train_one_epoch:209 - test 33 cost time 7.38s, result: {'hit@1': 0.0099, 'ndcg@1': 0.0099, 'hit@5': 0.0359, 'ndcg@5': 0.0227, 'hit@10': 0.0604, 'ndcg@10': 0.0306, 'hit@15': 0.0821, 'ndcg@15': 0.0363, 'hit@20': 0.102, 'ndcg@20': 0.041, 'hit@40': 0.1658, 'ndcg@40': 0.054} 
2024-10-09 21:52:52.767 | INFO     | trainer_1:_train_one_epoch:193 - epoch 34 9.23s Train loss is [0.3413] 
2024-10-09 21:53:00.607 | INFO     | trainer_1:_train_one_epoch:201 - validate 34 cost time 7.84s, result: {'hit@1': 0.014, 'ndcg@1': 0.014, 'hit@5': 0.0542, 'ndcg@5': 0.0341, 'hit@10': 0.0897, 'ndcg@10': 0.0454, 'hit@15': 0.1213, 'ndcg@15': 0.0537, 'hit@20': 0.1479, 'ndcg@20': 0.06, 'hit@40': 0.237, 'ndcg@40': 0.0781} 
2024-10-09 21:53:09.383 | INFO     | trainer_1:_train_one_epoch:209 - test 34 cost time 8.77s, result: {'hit@1': 0.0097, 'ndcg@1': 0.0097, 'hit@5': 0.0364, 'ndcg@5': 0.0229, 'hit@10': 0.0612, 'ndcg@10': 0.0308, 'hit@15': 0.0831, 'ndcg@15': 0.0366, 'hit@20': 0.1037, 'ndcg@20': 0.0414, 'hit@40': 0.1675, 'ndcg@40': 0.0544} 
2024-10-09 21:53:34.899 | INFO     | trainer_1:_train_one_epoch:193 - epoch 35 9.55s Train loss is [0.3446] 
2024-10-09 21:53:44.334 | INFO     | trainer_1:_train_one_epoch:201 - validate 35 cost time 9.44s, result: {'hit@1': 0.015, 'ndcg@1': 0.015, 'hit@5': 0.0551, 'ndcg@5': 0.0351, 'hit@10': 0.0917, 'ndcg@10': 0.0468, 'hit@15': 0.1224, 'ndcg@15': 0.0549, 'hit@20': 0.1476, 'ndcg@20': 0.0609, 'hit@40': 0.2314, 'ndcg@40': 0.078} 
2024-10-09 21:53:53.048 | INFO     | trainer_1:_train_one_epoch:209 - test 35 cost time 8.71s, result: {'hit@1': 0.0093, 'ndcg@1': 0.0093, 'hit@5': 0.0358, 'ndcg@5': 0.0225, 'hit@10': 0.0625, 'ndcg@10': 0.0311, 'hit@15': 0.0825, 'ndcg@15': 0.0364, 'hit@20': 0.1032, 'ndcg@20': 0.0412, 'hit@40': 0.1647, 'ndcg@40': 0.0537} 
2024-10-09 21:54:14.221 | INFO     | trainer_1:_train_one_epoch:193 - epoch 36 9.25s Train loss is [0.3415] 
2024-10-09 21:54:22.642 | INFO     | trainer_1:_train_one_epoch:201 - validate 36 cost time 8.42s, result: {'hit@1': 0.0146, 'ndcg@1': 0.0146, 'hit@5': 0.0549, 'ndcg@5': 0.0346, 'hit@10': 0.0929, 'ndcg@10': 0.0468, 'hit@15': 0.124, 'ndcg@15': 0.0551, 'hit@20': 0.1528, 'ndcg@20': 0.0619, 'hit@40': 0.2441, 'ndcg@40': 0.0804} 
2024-10-09 21:54:31.908 | INFO     | trainer_1:_train_one_epoch:209 - test 36 cost time 9.27s, result: {'hit@1': 0.0097, 'ndcg@1': 0.0097, 'hit@5': 0.0357, 'ndcg@5': 0.0227, 'hit@10': 0.063, 'ndcg@10': 0.0315, 'hit@15': 0.0846, 'ndcg@15': 0.0371, 'hit@20': 0.1047, 'ndcg@20': 0.0419, 'hit@40': 0.1719, 'ndcg@40': 0.0555} 
2024-10-09 21:54:56.930 | INFO     | trainer_1:_train_one_epoch:193 - epoch 37 9.45s Train loss is [0.3544] 
2024-10-09 21:55:05.180 | INFO     | trainer_1:_train_one_epoch:201 - validate 37 cost time 8.25s, result: {'hit@1': 0.0138, 'ndcg@1': 0.0138, 'hit@5': 0.0557, 'ndcg@5': 0.0347, 'hit@10': 0.0919, 'ndcg@10': 0.0463, 'hit@15': 0.1246, 'ndcg@15': 0.0549, 'hit@20': 0.1508, 'ndcg@20': 0.0611, 'hit@40': 0.2412, 'ndcg@40': 0.0795} 
2024-10-09 21:55:12.865 | INFO     | trainer_1:_train_one_epoch:209 - test 37 cost time 7.68s, result: {'hit@1': 0.009, 'ndcg@1': 0.009, 'hit@5': 0.0357, 'ndcg@5': 0.0222, 'hit@10': 0.0617, 'ndcg@10': 0.0306, 'hit@15': 0.0838, 'ndcg@15': 0.0364, 'hit@20': 0.1033, 'ndcg@20': 0.041, 'hit@40': 0.1725, 'ndcg@40': 0.0551} 
2024-10-09 21:55:22.292 | INFO     | trainer_1:_train_one_epoch:193 - epoch 38 9.43s Train loss is [0.3593] 
2024-10-09 21:55:31.530 | INFO     | trainer_1:_train_one_epoch:201 - validate 38 cost time 9.24s, result: {'hit@1': 0.015, 'ndcg@1': 0.015, 'hit@5': 0.0561, 'ndcg@5': 0.0353, 'hit@10': 0.0931, 'ndcg@10': 0.0472, 'hit@15': 0.1229, 'ndcg@15': 0.055, 'hit@20': 0.1503, 'ndcg@20': 0.0615, 'hit@40': 0.2399, 'ndcg@40': 0.0797} 
2024-10-09 21:55:38.292 | INFO     | trainer_1:_train_one_epoch:209 - test 38 cost time 6.76s, result: {'hit@1': 0.0083, 'ndcg@1': 0.0083, 'hit@5': 0.0369, 'ndcg@5': 0.0224, 'hit@10': 0.0617, 'ndcg@10': 0.0304, 'hit@15': 0.0846, 'ndcg@15': 0.0364, 'hit@20': 0.1033, 'ndcg@20': 0.0409, 'hit@40': 0.1675, 'ndcg@40': 0.0539} 
2024-10-09 21:55:45.916 | INFO     | trainer_1:_train_one_epoch:193 - epoch 39 7.62s Train loss is [0.3660] 
2024-10-09 21:55:54.449 | INFO     | trainer_1:_train_one_epoch:201 - validate 39 cost time 8.53s, result: {'hit@1': 0.0146, 'ndcg@1': 0.0146, 'hit@5': 0.0578, 'ndcg@5': 0.0362, 'hit@10': 0.0977, 'ndcg@10': 0.049, 'hit@15': 0.1278, 'ndcg@15': 0.0569, 'hit@20': 0.1571, 'ndcg@20': 0.0639, 'hit@40': 0.2505, 'ndcg@40': 0.0829} 
2024-10-09 21:56:03.451 | INFO     | trainer_1:_train_one_epoch:209 - test 39 cost time 9.00s, result: {'hit@1': 0.0089, 'ndcg@1': 0.0089, 'hit@5': 0.0367, 'ndcg@5': 0.0227, 'hit@10': 0.0635, 'ndcg@10': 0.0312, 'hit@15': 0.0857, 'ndcg@15': 0.0371, 'hit@20': 0.1051, 'ndcg@20': 0.0417, 'hit@40': 0.173, 'ndcg@40': 0.0555} 
2024-10-09 21:56:24.056 | INFO     | trainer_1:_train_one_epoch:193 - epoch 40 6.37s Train loss is [0.3597] 
2024-10-09 21:56:32.286 | INFO     | trainer_1:_train_one_epoch:201 - validate 40 cost time 8.23s, result: {'hit@1': 0.0157, 'ndcg@1': 0.0157, 'hit@5': 0.0583, 'ndcg@5': 0.037, 'hit@10': 0.0959, 'ndcg@10': 0.049, 'hit@15': 0.1278, 'ndcg@15': 0.0574, 'hit@20': 0.1568, 'ndcg@20': 0.0643, 'hit@40': 0.2499, 'ndcg@40': 0.0832} 
2024-10-09 21:56:39.330 | INFO     | trainer_1:_train_one_epoch:209 - test 40 cost time 7.04s, result: {'hit@1': 0.0087, 'ndcg@1': 0.0087, 'hit@5': 0.0382, 'ndcg@5': 0.0233, 'hit@10': 0.0642, 'ndcg@10': 0.0317, 'hit@15': 0.0872, 'ndcg@15': 0.0377, 'hit@20': 0.1064, 'ndcg@20': 0.0423, 'hit@40': 0.1737, 'ndcg@40': 0.056} 
2024-10-09 21:57:01.652 | INFO     | trainer_1:_train_one_epoch:193 - epoch 41 9.53s Train loss is [0.3564] 
2024-10-09 21:57:07.202 | INFO     | trainer_1:_train_one_epoch:201 - validate 41 cost time 5.55s, result: {'hit@1': 0.014, 'ndcg@1': 0.014, 'hit@5': 0.0565, 'ndcg@5': 0.0353, 'hit@10': 0.0942, 'ndcg@10': 0.0473, 'hit@15': 0.1268, 'ndcg@15': 0.0559, 'hit@20': 0.1555, 'ndcg@20': 0.0627, 'hit@40': 0.2488, 'ndcg@40': 0.0817} 
2024-10-09 21:57:13.977 | INFO     | trainer_1:_train_one_epoch:209 - test 41 cost time 6.77s, result: {'hit@1': 0.0089, 'ndcg@1': 0.0089, 'hit@5': 0.0364, 'ndcg@5': 0.0226, 'hit@10': 0.0645, 'ndcg@10': 0.0316, 'hit@15': 0.0863, 'ndcg@15': 0.0373, 'hit@20': 0.1065, 'ndcg@20': 0.0421, 'hit@40': 0.1744, 'ndcg@40': 0.0559} 
2024-10-09 21:57:35.760 | INFO     | trainer_1:_train_one_epoch:193 - epoch 42 7.68s Train loss is [0.3462] 
2024-10-09 21:57:42.580 | INFO     | trainer_1:_train_one_epoch:201 - validate 42 cost time 6.82s, result: {'hit@1': 0.0138, 'ndcg@1': 0.0138, 'hit@5': 0.0552, 'ndcg@5': 0.0344, 'hit@10': 0.0916, 'ndcg@10': 0.0461, 'hit@15': 0.1224, 'ndcg@15': 0.0542, 'hit@20': 0.1511, 'ndcg@20': 0.061, 'hit@40': 0.2409, 'ndcg@40': 0.0793} 
2024-10-09 21:57:48.453 | INFO     | trainer_1:_train_one_epoch:209 - test 42 cost time 5.87s, result: {'hit@1': 0.0087, 'ndcg@1': 0.0087, 'hit@5': 0.0367, 'ndcg@5': 0.0226, 'hit@10': 0.0627, 'ndcg@10': 0.0308, 'hit@15': 0.0836, 'ndcg@15': 0.0364, 'hit@20': 0.102, 'ndcg@20': 0.0407, 'hit@40': 0.1663, 'ndcg@40': 0.0538} 
2024-10-09 21:57:55.623 | INFO     | trainer_1:_train_one_epoch:193 - epoch 43 7.17s Train loss is [0.3550] 
2024-10-09 21:58:03.888 | INFO     | trainer_1:_train_one_epoch:201 - validate 43 cost time 8.26s, result: {'hit@1': 0.0135, 'ndcg@1': 0.0135, 'hit@5': 0.0537, 'ndcg@5': 0.0337, 'hit@10': 0.0928, 'ndcg@10': 0.0462, 'hit@15': 0.1249, 'ndcg@15': 0.0546, 'hit@20': 0.1545, 'ndcg@20': 0.0616, 'hit@40': 0.2478, 'ndcg@40': 0.0807} 
2024-10-09 21:58:11.242 | INFO     | trainer_1:_train_one_epoch:209 - test 43 cost time 7.35s, result: {'hit@1': 0.0095, 'ndcg@1': 0.0095, 'hit@5': 0.0367, 'ndcg@5': 0.0229, 'hit@10': 0.0631, 'ndcg@10': 0.0313, 'hit@15': 0.0846, 'ndcg@15': 0.037, 'hit@20': 0.1035, 'ndcg@20': 0.0414, 'hit@40': 0.1734, 'ndcg@40': 0.0556} 
2024-10-09 21:58:20.476 | INFO     | trainer_1:_train_one_epoch:193 - epoch 44 9.23s Train loss is [0.3501] 
2024-10-09 21:58:30.040 | INFO     | trainer_1:_train_one_epoch:201 - validate 44 cost time 9.56s, result: {'hit@1': 0.0152, 'ndcg@1': 0.0152, 'hit@5': 0.057, 'ndcg@5': 0.0359, 'hit@10': 0.0972, 'ndcg@10': 0.0488, 'hit@15': 0.132, 'ndcg@15': 0.058, 'hit@20': 0.1618, 'ndcg@20': 0.0651, 'hit@40': 0.2561, 'ndcg@40': 0.0843} 
2024-10-09 21:58:38.955 | INFO     | trainer_1:_train_one_epoch:209 - test 44 cost time 8.91s, result: {'hit@1': 0.0104, 'ndcg@1': 0.0104, 'hit@5': 0.039, 'ndcg@5': 0.0245, 'hit@10': 0.0661, 'ndcg@10': 0.0332, 'hit@15': 0.0898, 'ndcg@15': 0.0395, 'hit@20': 0.1097, 'ndcg@20': 0.0442, 'hit@40': 0.1776, 'ndcg@40': 0.058} 
2024-10-09 21:59:04.269 | INFO     | trainer_1:_train_one_epoch:193 - epoch 45 9.43s Train loss is [0.3496] 
2024-10-09 21:59:13.947 | INFO     | trainer_1:_train_one_epoch:201 - validate 45 cost time 9.68s, result: {'hit@1': 0.0155, 'ndcg@1': 0.0155, 'hit@5': 0.057, 'ndcg@5': 0.0362, 'hit@10': 0.0945, 'ndcg@10': 0.0482, 'hit@15': 0.1246, 'ndcg@15': 0.0561, 'hit@20': 0.1542, 'ndcg@20': 0.0631, 'hit@40': 0.2473, 'ndcg@40': 0.0821} 
2024-10-09 21:59:23.922 | INFO     | trainer_1:_train_one_epoch:209 - test 45 cost time 9.97s, result: {'hit@1': 0.0092, 'ndcg@1': 0.0092, 'hit@5': 0.0362, 'ndcg@5': 0.0228, 'hit@10': 0.0615, 'ndcg@10': 0.0309, 'hit@15': 0.0826, 'ndcg@15': 0.0365, 'hit@20': 0.1025, 'ndcg@20': 0.0412, 'hit@40': 0.1699, 'ndcg@40': 0.0549} 
2024-10-09 21:59:30.944 | INFO     | trainer_1:_train_one_epoch:193 - epoch 46 7.02s Train loss is [0.3509] 
2024-10-09 21:59:37.722 | INFO     | trainer_1:_train_one_epoch:201 - validate 46 cost time 6.78s, result: {'hit@1': 0.0148, 'ndcg@1': 0.0148, 'hit@5': 0.0576, 'ndcg@5': 0.0362, 'hit@10': 0.095, 'ndcg@10': 0.0482, 'hit@15': 0.13, 'ndcg@15': 0.0574, 'hit@20': 0.1591, 'ndcg@20': 0.0642, 'hit@40': 0.2537, 'ndcg@40': 0.0835} 
2024-10-09 21:59:42.970 | INFO     | trainer_1:_train_one_epoch:209 - test 46 cost time 5.25s, result: {'hit@1': 0.0101, 'ndcg@1': 0.0101, 'hit@5': 0.038, 'ndcg@5': 0.0238, 'hit@10': 0.0647, 'ndcg@10': 0.0323, 'hit@15': 0.0857, 'ndcg@15': 0.0378, 'hit@20': 0.1046, 'ndcg@20': 0.0423, 'hit@40': 0.1726, 'ndcg@40': 0.0561} 
2024-10-09 21:59:50.758 | INFO     | trainer_1:_train_one_epoch:193 - epoch 47 7.79s Train loss is [0.3441] 
2024-10-09 21:59:57.904 | INFO     | trainer_1:_train_one_epoch:201 - validate 47 cost time 7.15s, result: {'hit@1': 0.015, 'ndcg@1': 0.015, 'hit@5': 0.058, 'ndcg@5': 0.0362, 'hit@10': 0.0991, 'ndcg@10': 0.0495, 'hit@15': 0.1317, 'ndcg@15': 0.058, 'hit@20': 0.1588, 'ndcg@20': 0.0644, 'hit@40': 0.2509, 'ndcg@40': 0.0832} 
2024-10-09 22:00:07.837 | INFO     | trainer_1:_train_one_epoch:209 - test 47 cost time 9.93s, result: {'hit@1': 0.0097, 'ndcg@1': 0.0097, 'hit@5': 0.0377, 'ndcg@5': 0.0237, 'hit@10': 0.0652, 'ndcg@10': 0.0326, 'hit@15': 0.087, 'ndcg@15': 0.0383, 'hit@20': 0.1068, 'ndcg@20': 0.043, 'hit@40': 0.1755, 'ndcg@40': 0.057} 
2024-10-09 22:00:14.366 | INFO     | trainer_1:_train_one_epoch:193 - epoch 48 6.53s Train loss is [0.3419] 
2024-10-09 22:00:22.027 | INFO     | trainer_1:_train_one_epoch:201 - validate 48 cost time 7.66s, result: {'hit@1': 0.0144, 'ndcg@1': 0.0144, 'hit@5': 0.0551, 'ndcg@5': 0.0346, 'hit@10': 0.0927, 'ndcg@10': 0.0466, 'hit@15': 0.1263, 'ndcg@15': 0.0555, 'hit@20': 0.1558, 'ndcg@20': 0.0624, 'hit@40': 0.2499, 'ndcg@40': 0.0816} 
2024-10-09 22:00:27.431 | INFO     | trainer_1:_train_one_epoch:209 - test 48 cost time 5.40s, result: {'hit@1': 0.0089, 'ndcg@1': 0.0089, 'hit@5': 0.0359, 'ndcg@5': 0.0224, 'hit@10': 0.0604, 'ndcg@10': 0.0303, 'hit@15': 0.0834, 'ndcg@15': 0.0364, 'hit@20': 0.1045, 'ndcg@20': 0.0413, 'hit@40': 0.1731, 'ndcg@40': 0.0553} 
2024-10-09 22:00:35.303 | INFO     | trainer_1:_train_one_epoch:193 - epoch 49 7.87s Train loss is [0.3474] 
2024-10-09 22:00:44.527 | INFO     | trainer_1:_train_one_epoch:201 - validate 49 cost time 9.22s, result: {'hit@1': 0.015, 'ndcg@1': 0.015, 'hit@5': 0.0565, 'ndcg@5': 0.0357, 'hit@10': 0.0972, 'ndcg@10': 0.0487, 'hit@15': 0.1311, 'ndcg@15': 0.0577, 'hit@20': 0.1619, 'ndcg@20': 0.0649, 'hit@40': 0.2545, 'ndcg@40': 0.0838} 
2024-10-09 22:00:52.976 | INFO     | trainer_1:_train_one_epoch:209 - test 49 cost time 8.45s, result: {'hit@1': 0.0099, 'ndcg@1': 0.0099, 'hit@5': 0.039, 'ndcg@5': 0.0242, 'hit@10': 0.0655, 'ndcg@10': 0.0328, 'hit@15': 0.087, 'ndcg@15': 0.0384, 'hit@20': 0.1083, 'ndcg@20': 0.0435, 'hit@40': 0.1777, 'ndcg@40': 0.0576} 
2024-10-09 22:01:01.301 | INFO     | trainer_1:_train_one_epoch:193 - epoch 50 8.32s Train loss is [0.3445] 
2024-10-09 22:01:11.512 | INFO     | trainer_1:_train_one_epoch:201 - validate 50 cost time 10.21s, result: {'hit@1': 0.0149, 'ndcg@1': 0.0149, 'hit@5': 0.0562, 'ndcg@5': 0.0352, 'hit@10': 0.0954, 'ndcg@10': 0.0477, 'hit@15': 0.1303, 'ndcg@15': 0.0569, 'hit@20': 0.1591, 'ndcg@20': 0.0637, 'hit@40': 0.253, 'ndcg@40': 0.0828} 
2024-10-09 22:01:20.430 | INFO     | trainer_1:_train_one_epoch:209 - test 50 cost time 8.92s, result: {'hit@1': 0.0105, 'ndcg@1': 0.0105, 'hit@5': 0.0372, 'ndcg@5': 0.0236, 'hit@10': 0.0636, 'ndcg@10': 0.0321, 'hit@15': 0.0847, 'ndcg@15': 0.0377, 'hit@20': 0.1078, 'ndcg@20': 0.0431, 'hit@40': 0.1772, 'ndcg@40': 0.0572} 
2024-10-09 22:01:29.290 | INFO     | trainer_1:_train_one_epoch:193 - epoch 51 8.86s Train loss is [0.3425] 
2024-10-09 22:01:39.500 | INFO     | trainer_1:_train_one_epoch:201 - validate 51 cost time 10.21s, result: {'hit@1': 0.0155, 'ndcg@1': 0.0155, 'hit@5': 0.0568, 'ndcg@5': 0.0359, 'hit@10': 0.0954, 'ndcg@10': 0.0482, 'hit@15': 0.1266, 'ndcg@15': 0.0565, 'hit@20': 0.1576, 'ndcg@20': 0.0638, 'hit@40': 0.2495, 'ndcg@40': 0.0825} 
2024-10-09 22:01:48.889 | INFO     | trainer_1:_train_one_epoch:209 - test 51 cost time 9.39s, result: {'hit@1': 0.0097, 'ndcg@1': 0.0097, 'hit@5': 0.0374, 'ndcg@5': 0.0233, 'hit@10': 0.061, 'ndcg@10': 0.0309, 'hit@15': 0.0837, 'ndcg@15': 0.0369, 'hit@20': 0.1049, 'ndcg@20': 0.0419, 'hit@40': 0.1732, 'ndcg@40': 0.0557} 
2024-10-09 22:01:57.402 | INFO     | trainer_1:_train_one_epoch:193 - epoch 52 8.51s Train loss is [0.3349] 
2024-10-09 22:02:03.861 | INFO     | trainer_1:_train_one_epoch:201 - validate 52 cost time 6.46s, result: {'hit@1': 0.0158, 'ndcg@1': 0.0158, 'hit@5': 0.0565, 'ndcg@5': 0.036, 'hit@10': 0.0933, 'ndcg@10': 0.0478, 'hit@15': 0.1259, 'ndcg@15': 0.0564, 'hit@20': 0.1555, 'ndcg@20': 0.0634, 'hit@40': 0.247, 'ndcg@40': 0.082} 
2024-10-09 22:02:11.085 | INFO     | trainer_1:_train_one_epoch:209 - test 52 cost time 7.22s, result: {'hit@1': 0.0097, 'ndcg@1': 0.0097, 'hit@5': 0.0374, 'ndcg@5': 0.0233, 'hit@10': 0.0618, 'ndcg@10': 0.0311, 'hit@15': 0.0842, 'ndcg@15': 0.037, 'hit@20': 0.1059, 'ndcg@20': 0.0421, 'hit@40': 0.1737, 'ndcg@40': 0.0559} 
2024-10-09 22:02:11.097 | INFO     | trainer_1:train_model:163 - training end, best iteration 47, results: {'hit@1': 0.0152, 'ndcg@1': 0.0152, 'hit@5': 0.057, 'ndcg@5': 0.0359, 'hit@10': 0.0972, 'ndcg@10': 0.0488, 'hit@15': 0.132, 'ndcg@15': 0.058, 'hit@20': 0.1618, 'ndcg@20': 0.0651, 'hit@40': 0.2561, 'ndcg@40': 0.0843}
2024-10-09 22:02:11.098 | INFO     | trainer_1:train_model:166 - final test result is:  {'hit@1': 0.0104, 'ndcg@1': 0.0104, 'hit@5': 0.039, 'ndcg@5': 0.0245, 'hit@10': 0.0661, 'ndcg@10': 0.0332, 'hit@15': 0.0898, 'ndcg@15': 0.0395, 'hit@20': 0.1097, 'ndcg@20': 0.0442, 'hit@40': 0.1776, 'ndcg@40': 0.058}
2024-10-09 22:02:11.476 | INFO     | __main__:<module>:119 - train end total cost time: 3717.7210636138916
