2024-10-09 22:02:55.754 | INFO     | __main__:<module>:105 - Namespace(TIME='2024-10-09 22_02_15', batch_size=1024, behaviors=['view', 'cart', 'buy'], check_point='model_pre_1_2024-10-08 12_13_12.pth', data_name='beibei', data_path='./data/beibei', decay=0.001, device='cuda:1', dim_qk=32, dim_v=64, distill_layers=2, distill_thres=0.5, distill_topK=60, distill_userK=2, embedding_size=64, epochs=100, gpu_no=1, if_load_model=True, ii_lambda=200, initializer_range=0.02, layers=2, loss_type='bpr', lr=0.001, message_dropout=0.25, metrics=['hit', 'ndcg'], min_epoch=5, model_name='main_1', model_path='./check_point', node_dropout=0.75, omega=1, pt_loop=50, reg_weight=0.001, test_batch_size=1024, testbatch=1024, topk=[1, 5, 10, 15, 20, 40], uu_lambda=100)
2024-10-09 22:02:55.755 | INFO     | __main__:<module>:106 - BIPN(
  (message_dropout): Dropout(p=0.25, inplace=False)
  (user_embedding): Embedding(21717, 64, padding_idx=0)
  (item_embedding): Embedding(7978, 64, padding_idx=0)
  (global_Graph): LightGCN()
  (Graph_encoder): ModuleDict(
    (view): GraphEncoder(
      (light): LightGCN()
      (dropout): Dropout(p=0.75, inplace=False)
    )
    (cart): GraphEncoder(
      (light): LightGCN()
      (dropout): Dropout(p=0.75, inplace=False)
    )
    (buy): GraphEncoder(
      (light): LightGCN()
      (dropout): Dropout(p=0.75, inplace=False)
    )
  )
  (attention): Mutual_Attention()
  (bpr_loss): BPRLoss()
  (emb_loss): EmbLoss()
  (f): Sigmoid()
)
2024-10-09 22:09:46.270 | INFO     | trainer_1:_train_one_epoch:193 - epoch 1 9.05s Train loss is [0.9036] 
2024-10-09 22:09:55.384 | INFO     | trainer_1:_train_one_epoch:201 - validate 1 cost time 9.11s, result: {'hit@1': 0.0078, 'ndcg@1': 0.0078, 'hit@5': 0.03, 'ndcg@5': 0.0188, 'hit@10': 0.0503, 'ndcg@10': 0.0253, 'hit@15': 0.0689, 'ndcg@15': 0.0302, 'hit@20': 0.0858, 'ndcg@20': 0.0342, 'hit@40': 0.1445, 'ndcg@40': 0.0461} 
2024-10-09 22:10:03.061 | INFO     | trainer_1:_train_one_epoch:209 - test 1 cost time 7.68s, result: {'hit@1': 0.004, 'ndcg@1': 0.004, 'hit@5': 0.0186, 'ndcg@5': 0.0111, 'hit@10': 0.0348, 'ndcg@10': 0.0163, 'hit@15': 0.049, 'ndcg@15': 0.02, 'hit@20': 0.0618, 'ndcg@20': 0.0231, 'hit@40': 0.1054, 'ndcg@40': 0.0319} 
2024-10-09 22:10:22.855 | INFO     | trainer_1:_train_one_epoch:193 - epoch 2 6.46s Train loss is [0.6802] 
2024-10-09 22:10:30.776 | INFO     | trainer_1:_train_one_epoch:201 - validate 2 cost time 7.92s, result: {'hit@1': 0.0078, 'ndcg@1': 0.0078, 'hit@5': 0.0331, 'ndcg@5': 0.0203, 'hit@10': 0.0573, 'ndcg@10': 0.0281, 'hit@15': 0.0768, 'ndcg@15': 0.0332, 'hit@20': 0.0955, 'ndcg@20': 0.0376, 'hit@40': 0.1596, 'ndcg@40': 0.0507} 
2024-10-09 22:10:39.645 | INFO     | trainer_1:_train_one_epoch:209 - test 2 cost time 8.87s, result: {'hit@1': 0.0047, 'ndcg@1': 0.0047, 'hit@5': 0.0201, 'ndcg@5': 0.0123, 'hit@10': 0.0368, 'ndcg@10': 0.0176, 'hit@15': 0.052, 'ndcg@15': 0.0216, 'hit@20': 0.0659, 'ndcg@20': 0.0249, 'hit@40': 0.1143, 'ndcg@40': 0.0347} 
2024-10-09 22:10:56.744 | INFO     | trainer_1:_train_one_epoch:193 - epoch 3 6.53s Train loss is [0.6056] 
2024-10-09 22:11:02.657 | INFO     | trainer_1:_train_one_epoch:201 - validate 3 cost time 5.91s, result: {'hit@1': 0.0097, 'ndcg@1': 0.0097, 'hit@5': 0.0373, 'ndcg@5': 0.0234, 'hit@10': 0.065, 'ndcg@10': 0.0323, 'hit@15': 0.0911, 'ndcg@15': 0.0392, 'hit@20': 0.1142, 'ndcg@20': 0.0446, 'hit@40': 0.1887, 'ndcg@40': 0.0598} 
2024-10-09 22:11:08.455 | INFO     | trainer_1:_train_one_epoch:209 - test 3 cost time 5.80s, result: {'hit@1': 0.0058, 'ndcg@1': 0.0058, 'hit@5': 0.0235, 'ndcg@5': 0.0144, 'hit@10': 0.044, 'ndcg@10': 0.0209, 'hit@15': 0.061, 'ndcg@15': 0.0254, 'hit@20': 0.0763, 'ndcg@20': 0.029, 'hit@40': 0.1353, 'ndcg@40': 0.041} 
2024-10-09 22:11:25.498 | INFO     | trainer_1:_train_one_epoch:193 - epoch 4 6.57s Train loss is [0.5745] 
2024-10-09 22:11:32.330 | INFO     | trainer_1:_train_one_epoch:201 - validate 4 cost time 6.83s, result: {'hit@1': 0.0109, 'ndcg@1': 0.0109, 'hit@5': 0.0423, 'ndcg@5': 0.0266, 'hit@10': 0.0713, 'ndcg@10': 0.0359, 'hit@15': 0.0971, 'ndcg@15': 0.0427, 'hit@20': 0.1193, 'ndcg@20': 0.0479, 'hit@40': 0.1895, 'ndcg@40': 0.0622} 
2024-10-09 22:11:38.214 | INFO     | trainer_1:_train_one_epoch:209 - test 4 cost time 5.88s, result: {'hit@1': 0.0059, 'ndcg@1': 0.0059, 'hit@5': 0.0232, 'ndcg@5': 0.0146, 'hit@10': 0.0421, 'ndcg@10': 0.0206, 'hit@15': 0.0603, 'ndcg@15': 0.0254, 'hit@20': 0.0752, 'ndcg@20': 0.029, 'hit@40': 0.1271, 'ndcg@40': 0.0395} 
2024-10-09 22:11:45.502 | INFO     | trainer_1:_train_one_epoch:193 - epoch 5 7.29s Train loss is [0.5380] 
2024-10-09 22:11:53.582 | INFO     | trainer_1:_train_one_epoch:201 - validate 5 cost time 8.08s, result: {'hit@1': 0.0122, 'ndcg@1': 0.0122, 'hit@5': 0.0442, 'ndcg@5': 0.0281, 'hit@10': 0.0743, 'ndcg@10': 0.0378, 'hit@15': 0.1001, 'ndcg@15': 0.0446, 'hit@20': 0.124, 'ndcg@20': 0.0502, 'hit@40': 0.197, 'ndcg@40': 0.0651} 
2024-10-09 22:12:01.598 | INFO     | trainer_1:_train_one_epoch:209 - test 5 cost time 8.02s, result: {'hit@1': 0.0071, 'ndcg@1': 0.0071, 'hit@5': 0.0268, 'ndcg@5': 0.0167, 'hit@10': 0.0449, 'ndcg@10': 0.0225, 'hit@15': 0.0623, 'ndcg@15': 0.0271, 'hit@20': 0.078, 'ndcg@20': 0.0308, 'hit@40': 0.1326, 'ndcg@40': 0.0419} 
2024-10-09 22:12:19.113 | INFO     | trainer_1:_train_one_epoch:193 - epoch 6 6.99s Train loss is [0.5218] 
2024-10-09 22:12:27.290 | INFO     | trainer_1:_train_one_epoch:201 - validate 6 cost time 8.18s, result: {'hit@1': 0.0131, 'ndcg@1': 0.0131, 'hit@5': 0.0444, 'ndcg@5': 0.0285, 'hit@10': 0.074, 'ndcg@10': 0.038, 'hit@15': 0.1001, 'ndcg@15': 0.0449, 'hit@20': 0.1232, 'ndcg@20': 0.0503, 'hit@40': 0.1963, 'ndcg@40': 0.0652} 
2024-10-09 22:12:35.153 | INFO     | trainer_1:_train_one_epoch:209 - test 6 cost time 7.86s, result: {'hit@1': 0.0065, 'ndcg@1': 0.0065, 'hit@5': 0.0286, 'ndcg@5': 0.0175, 'hit@10': 0.0487, 'ndcg@10': 0.0239, 'hit@15': 0.0675, 'ndcg@15': 0.0288, 'hit@20': 0.0836, 'ndcg@20': 0.0327, 'hit@40': 0.1394, 'ndcg@40': 0.044} 
2024-10-09 22:12:53.097 | INFO     | trainer_1:_train_one_epoch:193 - epoch 7 7.53s Train loss is [0.4915] 
2024-10-09 22:12:59.012 | INFO     | trainer_1:_train_one_epoch:201 - validate 7 cost time 5.91s, result: {'hit@1': 0.0121, 'ndcg@1': 0.0121, 'hit@5': 0.0435, 'ndcg@5': 0.0277, 'hit@10': 0.0737, 'ndcg@10': 0.0373, 'hit@15': 0.1003, 'ndcg@15': 0.0444, 'hit@20': 0.1238, 'ndcg@20': 0.0499, 'hit@40': 0.1997, 'ndcg@40': 0.0653} 
2024-10-09 22:13:06.094 | INFO     | trainer_1:_train_one_epoch:209 - test 7 cost time 7.08s, result: {'hit@1': 0.006, 'ndcg@1': 0.006, 'hit@5': 0.0266, 'ndcg@5': 0.0161, 'hit@10': 0.0479, 'ndcg@10': 0.0229, 'hit@15': 0.0652, 'ndcg@15': 0.0275, 'hit@20': 0.0816, 'ndcg@20': 0.0314, 'hit@40': 0.1434, 'ndcg@40': 0.0439} 
2024-10-09 22:13:12.845 | INFO     | trainer_1:_train_one_epoch:193 - epoch 8 6.75s Train loss is [0.4917] 
2024-10-09 22:13:20.857 | INFO     | trainer_1:_train_one_epoch:201 - validate 8 cost time 8.01s, result: {'hit@1': 0.0122, 'ndcg@1': 0.0122, 'hit@5': 0.0437, 'ndcg@5': 0.0277, 'hit@10': 0.0747, 'ndcg@10': 0.0376, 'hit@15': 0.1001, 'ndcg@15': 0.0443, 'hit@20': 0.1241, 'ndcg@20': 0.05, 'hit@40': 0.1987, 'ndcg@40': 0.0652} 
2024-10-09 22:13:27.932 | INFO     | trainer_1:_train_one_epoch:209 - test 8 cost time 7.07s, result: {'hit@1': 0.0074, 'ndcg@1': 0.0074, 'hit@5': 0.027, 'ndcg@5': 0.0172, 'hit@10': 0.047, 'ndcg@10': 0.0236, 'hit@15': 0.0659, 'ndcg@15': 0.0286, 'hit@20': 0.0828, 'ndcg@20': 0.0325, 'hit@40': 0.1414, 'ndcg@40': 0.0445} 
2024-10-09 22:13:36.001 | INFO     | trainer_1:_train_one_epoch:193 - epoch 9 8.07s Train loss is [0.4665] 
2024-10-09 22:13:43.480 | INFO     | trainer_1:_train_one_epoch:201 - validate 9 cost time 7.48s, result: {'hit@1': 0.0109, 'ndcg@1': 0.0109, 'hit@5': 0.0437, 'ndcg@5': 0.0273, 'hit@10': 0.073, 'ndcg@10': 0.0368, 'hit@15': 0.0991, 'ndcg@15': 0.0437, 'hit@20': 0.1222, 'ndcg@20': 0.0491, 'hit@40': 0.2002, 'ndcg@40': 0.0651} 
2024-10-09 22:13:51.578 | INFO     | trainer_1:_train_one_epoch:209 - test 9 cost time 8.10s, result: {'hit@1': 0.0067, 'ndcg@1': 0.0067, 'hit@5': 0.0269, 'ndcg@5': 0.0168, 'hit@10': 0.0449, 'ndcg@10': 0.0226, 'hit@15': 0.0629, 'ndcg@15': 0.0273, 'hit@20': 0.081, 'ndcg@20': 0.0316, 'hit@40': 0.1394, 'ndcg@40': 0.0435} 
2024-10-09 22:13:58.070 | INFO     | trainer_1:_train_one_epoch:193 - epoch 10 6.49s Train loss is [0.4563] 
2024-10-09 22:14:04.819 | INFO     | trainer_1:_train_one_epoch:201 - validate 10 cost time 6.75s, result: {'hit@1': 0.0114, 'ndcg@1': 0.0114, 'hit@5': 0.0454, 'ndcg@5': 0.0284, 'hit@10': 0.0764, 'ndcg@10': 0.0384, 'hit@15': 0.1047, 'ndcg@15': 0.0458, 'hit@20': 0.1298, 'ndcg@20': 0.0517, 'hit@40': 0.2087, 'ndcg@40': 0.0678} 
2024-10-09 22:14:09.858 | INFO     | trainer_1:_train_one_epoch:209 - test 10 cost time 5.04s, result: {'hit@1': 0.0063, 'ndcg@1': 0.0063, 'hit@5': 0.0283, 'ndcg@5': 0.0173, 'hit@10': 0.0487, 'ndcg@10': 0.0238, 'hit@15': 0.0662, 'ndcg@15': 0.0284, 'hit@20': 0.0839, 'ndcg@20': 0.0326, 'hit@40': 0.1454, 'ndcg@40': 0.0451} 
2024-10-09 22:14:20.962 | INFO     | trainer_1:_train_one_epoch:193 - epoch 11 11.10s Train loss is [0.4408] 
2024-10-09 22:14:27.943 | INFO     | trainer_1:_train_one_epoch:201 - validate 11 cost time 6.98s, result: {'hit@1': 0.0107, 'ndcg@1': 0.0107, 'hit@5': 0.0425, 'ndcg@5': 0.0265, 'hit@10': 0.0734, 'ndcg@10': 0.0364, 'hit@15': 0.1008, 'ndcg@15': 0.0436, 'hit@20': 0.1251, 'ndcg@20': 0.0494, 'hit@40': 0.2034, 'ndcg@40': 0.0653} 
2024-10-09 22:14:35.865 | INFO     | trainer_1:_train_one_epoch:209 - test 11 cost time 7.92s, result: {'hit@1': 0.0062, 'ndcg@1': 0.0062, 'hit@5': 0.027, 'ndcg@5': 0.0165, 'hit@10': 0.0471, 'ndcg@10': 0.0229, 'hit@15': 0.0654, 'ndcg@15': 0.0278, 'hit@20': 0.0825, 'ndcg@20': 0.0318, 'hit@40': 0.142, 'ndcg@40': 0.0439} 
2024-10-09 22:14:44.727 | INFO     | trainer_1:_train_one_epoch:193 - epoch 12 8.86s Train loss is [0.4493] 
2024-10-09 22:14:52.844 | INFO     | trainer_1:_train_one_epoch:201 - validate 12 cost time 8.12s, result: {'hit@1': 0.0112, 'ndcg@1': 0.0112, 'hit@5': 0.0437, 'ndcg@5': 0.0274, 'hit@10': 0.0743, 'ndcg@10': 0.0372, 'hit@15': 0.1011, 'ndcg@15': 0.0443, 'hit@20': 0.1258, 'ndcg@20': 0.0502, 'hit@40': 0.2016, 'ndcg@40': 0.0656} 
2024-10-09 22:14:59.241 | INFO     | trainer_1:_train_one_epoch:209 - test 12 cost time 6.40s, result: {'hit@1': 0.007, 'ndcg@1': 0.007, 'hit@5': 0.0277, 'ndcg@5': 0.0173, 'hit@10': 0.0488, 'ndcg@10': 0.0241, 'hit@15': 0.0659, 'ndcg@15': 0.0286, 'hit@20': 0.0821, 'ndcg@20': 0.0324, 'hit@40': 0.1414, 'ndcg@40': 0.0445} 
2024-10-09 22:15:20.976 | INFO     | trainer_1:_train_one_epoch:193 - epoch 13 8.92s Train loss is [0.4481] 
2024-10-09 22:15:26.055 | INFO     | trainer_1:_train_one_epoch:201 - validate 13 cost time 5.08s, result: {'hit@1': 0.0115, 'ndcg@1': 0.0115, 'hit@5': 0.0469, 'ndcg@5': 0.0291, 'hit@10': 0.0814, 'ndcg@10': 0.0402, 'hit@15': 0.1099, 'ndcg@15': 0.0477, 'hit@20': 0.1375, 'ndcg@20': 0.0542, 'hit@40': 0.2168, 'ndcg@40': 0.0704} 
2024-10-09 22:15:31.153 | INFO     | trainer_1:_train_one_epoch:209 - test 13 cost time 5.10s, result: {'hit@1': 0.0082, 'ndcg@1': 0.0082, 'hit@5': 0.0303, 'ndcg@5': 0.0192, 'hit@10': 0.0517, 'ndcg@10': 0.026, 'hit@15': 0.0707, 'ndcg@15': 0.031, 'hit@20': 0.0896, 'ndcg@20': 0.0355, 'hit@40': 0.1526, 'ndcg@40': 0.0482} 
2024-10-09 22:15:52.370 | INFO     | trainer_1:_train_one_epoch:193 - epoch 14 9.90s Train loss is [0.4295] 
2024-10-09 22:16:00.410 | INFO     | trainer_1:_train_one_epoch:201 - validate 14 cost time 8.04s, result: {'hit@1': 0.0123, 'ndcg@1': 0.0123, 'hit@5': 0.0487, 'ndcg@5': 0.0304, 'hit@10': 0.0833, 'ndcg@10': 0.0415, 'hit@15': 0.1121, 'ndcg@15': 0.049, 'hit@20': 0.139, 'ndcg@20': 0.0554, 'hit@40': 0.2195, 'ndcg@40': 0.0718} 
2024-10-09 22:16:08.002 | INFO     | trainer_1:_train_one_epoch:209 - test 14 cost time 7.59s, result: {'hit@1': 0.0081, 'ndcg@1': 0.0081, 'hit@5': 0.031, 'ndcg@5': 0.0193, 'hit@10': 0.0529, 'ndcg@10': 0.0264, 'hit@15': 0.0739, 'ndcg@15': 0.0319, 'hit@20': 0.0927, 'ndcg@20': 0.0363, 'hit@40': 0.1564, 'ndcg@40': 0.0493} 
2024-10-09 22:16:29.241 | INFO     | trainer_1:_train_one_epoch:193 - epoch 15 9.74s Train loss is [0.4292] 
2024-10-09 22:16:37.356 | INFO     | trainer_1:_train_one_epoch:201 - validate 15 cost time 8.11s, result: {'hit@1': 0.0117, 'ndcg@1': 0.0117, 'hit@5': 0.048, 'ndcg@5': 0.0298, 'hit@10': 0.0804, 'ndcg@10': 0.0402, 'hit@15': 0.1077, 'ndcg@15': 0.0474, 'hit@20': 0.1335, 'ndcg@20': 0.0535, 'hit@40': 0.2137, 'ndcg@40': 0.0698} 
2024-10-09 22:16:44.739 | INFO     | trainer_1:_train_one_epoch:209 - test 15 cost time 7.38s, result: {'hit@1': 0.0086, 'ndcg@1': 0.0086, 'hit@5': 0.0308, 'ndcg@5': 0.0196, 'hit@10': 0.0511, 'ndcg@10': 0.0261, 'hit@15': 0.0722, 'ndcg@15': 0.0317, 'hit@20': 0.0905, 'ndcg@20': 0.036, 'hit@40': 0.153, 'ndcg@40': 0.0487} 
2024-10-09 22:16:54.778 | INFO     | trainer_1:_train_one_epoch:193 - epoch 16 10.04s Train loss is [0.4083] 
2024-10-09 22:17:02.567 | INFO     | trainer_1:_train_one_epoch:201 - validate 16 cost time 7.79s, result: {'hit@1': 0.0136, 'ndcg@1': 0.0136, 'hit@5': 0.0515, 'ndcg@5': 0.0325, 'hit@10': 0.0857, 'ndcg@10': 0.0434, 'hit@15': 0.1155, 'ndcg@15': 0.0513, 'hit@20': 0.1408, 'ndcg@20': 0.0572, 'hit@40': 0.2235, 'ndcg@40': 0.0741} 
2024-10-09 22:17:10.519 | INFO     | trainer_1:_train_one_epoch:209 - test 16 cost time 7.95s, result: {'hit@1': 0.0098, 'ndcg@1': 0.0098, 'hit@5': 0.0348, 'ndcg@5': 0.0221, 'hit@10': 0.0589, 'ndcg@10': 0.0298, 'hit@15': 0.0777, 'ndcg@15': 0.0348, 'hit@20': 0.0956, 'ndcg@20': 0.039, 'hit@40': 0.1616, 'ndcg@40': 0.0524} 
2024-10-09 22:17:32.300 | INFO     | trainer_1:_train_one_epoch:193 - epoch 17 10.75s Train loss is [0.4096] 
2024-10-09 22:17:40.559 | INFO     | trainer_1:_train_one_epoch:201 - validate 17 cost time 8.26s, result: {'hit@1': 0.0129, 'ndcg@1': 0.0129, 'hit@5': 0.0522, 'ndcg@5': 0.0323, 'hit@10': 0.0892, 'ndcg@10': 0.0442, 'hit@15': 0.1195, 'ndcg@15': 0.0522, 'hit@20': 0.147, 'ndcg@20': 0.0587, 'hit@40': 0.2322, 'ndcg@40': 0.076} 
2024-10-09 22:17:48.557 | INFO     | trainer_1:_train_one_epoch:209 - test 17 cost time 8.00s, result: {'hit@1': 0.0093, 'ndcg@1': 0.0093, 'hit@5': 0.0358, 'ndcg@5': 0.0225, 'hit@10': 0.0606, 'ndcg@10': 0.0304, 'hit@15': 0.0815, 'ndcg@15': 0.036, 'hit@20': 0.1004, 'ndcg@20': 0.0404, 'hit@40': 0.168, 'ndcg@40': 0.0541} 
2024-10-09 22:18:11.150 | INFO     | trainer_1:_train_one_epoch:193 - epoch 18 11.67s Train loss is [0.4007] 
2024-10-09 22:18:19.468 | INFO     | trainer_1:_train_one_epoch:201 - validate 18 cost time 8.32s, result: {'hit@1': 0.014, 'ndcg@1': 0.014, 'hit@5': 0.0515, 'ndcg@5': 0.0329, 'hit@10': 0.0875, 'ndcg@10': 0.0445, 'hit@15': 0.1164, 'ndcg@15': 0.0521, 'hit@20': 0.1426, 'ndcg@20': 0.0583, 'hit@40': 0.2261, 'ndcg@40': 0.0752} 
2024-10-09 22:18:27.408 | INFO     | trainer_1:_train_one_epoch:209 - test 18 cost time 7.94s, result: {'hit@1': 0.0094, 'ndcg@1': 0.0094, 'hit@5': 0.0354, 'ndcg@5': 0.0224, 'hit@10': 0.0582, 'ndcg@10': 0.0297, 'hit@15': 0.0786, 'ndcg@15': 0.0351, 'hit@20': 0.0981, 'ndcg@20': 0.0397, 'hit@40': 0.1624, 'ndcg@40': 0.0528} 
2024-10-09 22:18:37.114 | INFO     | trainer_1:_train_one_epoch:193 - epoch 19 9.71s Train loss is [0.4006] 
2024-10-09 22:18:42.207 | INFO     | trainer_1:_train_one_epoch:201 - validate 19 cost time 5.09s, result: {'hit@1': 0.0144, 'ndcg@1': 0.0144, 'hit@5': 0.0495, 'ndcg@5': 0.032, 'hit@10': 0.084, 'ndcg@10': 0.043, 'hit@15': 0.1136, 'ndcg@15': 0.0508, 'hit@20': 0.1401, 'ndcg@20': 0.0571, 'hit@40': 0.2243, 'ndcg@40': 0.0742} 
2024-10-09 22:18:47.864 | INFO     | trainer_1:_train_one_epoch:209 - test 19 cost time 5.66s, result: {'hit@1': 0.01, 'ndcg@1': 0.01, 'hit@5': 0.0339, 'ndcg@5': 0.0218, 'hit@10': 0.0577, 'ndcg@10': 0.0294, 'hit@15': 0.0786, 'ndcg@15': 0.0349, 'hit@20': 0.0964, 'ndcg@20': 0.0391, 'hit@40': 0.1589, 'ndcg@40': 0.0518} 
2024-10-09 22:18:54.755 | INFO     | trainer_1:_train_one_epoch:193 - epoch 20 6.89s Train loss is [0.4010] 
2024-10-09 22:18:59.656 | INFO     | trainer_1:_train_one_epoch:201 - validate 20 cost time 4.90s, result: {'hit@1': 0.0146, 'ndcg@1': 0.0146, 'hit@5': 0.052, 'ndcg@5': 0.0336, 'hit@10': 0.0852, 'ndcg@10': 0.0443, 'hit@15': 0.1146, 'ndcg@15': 0.0521, 'hit@20': 0.1416, 'ndcg@20': 0.0585, 'hit@40': 0.2307, 'ndcg@40': 0.0766} 
2024-10-09 22:19:04.466 | INFO     | trainer_1:_train_one_epoch:209 - test 20 cost time 4.81s, result: {'hit@1': 0.0099, 'ndcg@1': 0.0099, 'hit@5': 0.0367, 'ndcg@5': 0.0232, 'hit@10': 0.061, 'ndcg@10': 0.031, 'hit@15': 0.0829, 'ndcg@15': 0.0367, 'hit@20': 0.1018, 'ndcg@20': 0.0412, 'hit@40': 0.1662, 'ndcg@40': 0.0543} 
2024-10-09 22:19:28.170 | INFO     | trainer_1:_train_one_epoch:193 - epoch 21 10.86s Train loss is [0.3909] 
2024-10-09 22:19:38.140 | INFO     | trainer_1:_train_one_epoch:201 - validate 21 cost time 9.97s, result: {'hit@1': 0.0144, 'ndcg@1': 0.0144, 'hit@5': 0.053, 'ndcg@5': 0.0337, 'hit@10': 0.083, 'ndcg@10': 0.0433, 'hit@15': 0.1127, 'ndcg@15': 0.0512, 'hit@20': 0.1383, 'ndcg@20': 0.0572, 'hit@40': 0.2254, 'ndcg@40': 0.0749} 
2024-10-09 22:19:47.835 | INFO     | trainer_1:_train_one_epoch:209 - test 21 cost time 9.69s, result: {'hit@1': 0.0105, 'ndcg@1': 0.0105, 'hit@5': 0.0363, 'ndcg@5': 0.0233, 'hit@10': 0.0588, 'ndcg@10': 0.0305, 'hit@15': 0.0796, 'ndcg@15': 0.036, 'hit@20': 0.0981, 'ndcg@20': 0.0404, 'hit@40': 0.161, 'ndcg@40': 0.0532} 
2024-10-09 22:19:56.562 | INFO     | trainer_1:_train_one_epoch:193 - epoch 22 8.73s Train loss is [0.4000] 
2024-10-09 22:20:06.385 | INFO     | trainer_1:_train_one_epoch:201 - validate 22 cost time 9.82s, result: {'hit@1': 0.015, 'ndcg@1': 0.015, 'hit@5': 0.0542, 'ndcg@5': 0.0346, 'hit@10': 0.0868, 'ndcg@10': 0.0451, 'hit@15': 0.1177, 'ndcg@15': 0.0532, 'hit@20': 0.1412, 'ndcg@20': 0.0588, 'hit@40': 0.2243, 'ndcg@40': 0.0757} 
2024-10-09 22:20:16.056 | INFO     | trainer_1:_train_one_epoch:209 - test 22 cost time 9.67s, result: {'hit@1': 0.0096, 'ndcg@1': 0.0096, 'hit@5': 0.0355, 'ndcg@5': 0.0225, 'hit@10': 0.0588, 'ndcg@10': 0.03, 'hit@15': 0.0793, 'ndcg@15': 0.0354, 'hit@20': 0.0981, 'ndcg@20': 0.0399, 'hit@40': 0.1596, 'ndcg@40': 0.0524} 
2024-10-09 22:20:24.678 | INFO     | trainer_1:_train_one_epoch:193 - epoch 23 8.62s Train loss is [0.3885] 
2024-10-09 22:20:34.525 | INFO     | trainer_1:_train_one_epoch:201 - validate 23 cost time 9.85s, result: {'hit@1': 0.0158, 'ndcg@1': 0.0158, 'hit@5': 0.0573, 'ndcg@5': 0.0367, 'hit@10': 0.0929, 'ndcg@10': 0.0481, 'hit@15': 0.123, 'ndcg@15': 0.056, 'hit@20': 0.1503, 'ndcg@20': 0.0624, 'hit@40': 0.2366, 'ndcg@40': 0.08} 
2024-10-09 22:20:44.163 | INFO     | trainer_1:_train_one_epoch:209 - test 23 cost time 9.64s, result: {'hit@1': 0.0099, 'ndcg@1': 0.0099, 'hit@5': 0.0373, 'ndcg@5': 0.0237, 'hit@10': 0.0634, 'ndcg@10': 0.032, 'hit@15': 0.0832, 'ndcg@15': 0.0372, 'hit@20': 0.1016, 'ndcg@20': 0.0415, 'hit@40': 0.1688, 'ndcg@40': 0.0552} 
2024-10-09 22:21:03.679 | INFO     | trainer_1:_train_one_epoch:193 - epoch 24 8.43s Train loss is [0.3827] 
2024-10-09 22:21:13.583 | INFO     | trainer_1:_train_one_epoch:201 - validate 24 cost time 9.90s, result: {'hit@1': 0.0143, 'ndcg@1': 0.0143, 'hit@5': 0.0544, 'ndcg@5': 0.0345, 'hit@10': 0.088, 'ndcg@10': 0.0453, 'hit@15': 0.1188, 'ndcg@15': 0.0534, 'hit@20': 0.1453, 'ndcg@20': 0.0597, 'hit@40': 0.2296, 'ndcg@40': 0.0768} 
2024-10-09 22:21:23.217 | INFO     | trainer_1:_train_one_epoch:209 - test 24 cost time 9.63s, result: {'hit@1': 0.0102, 'ndcg@1': 0.0102, 'hit@5': 0.0371, 'ndcg@5': 0.0235, 'hit@10': 0.0602, 'ndcg@10': 0.0309, 'hit@15': 0.0809, 'ndcg@15': 0.0364, 'hit@20': 0.1003, 'ndcg@20': 0.041, 'hit@40': 0.1654, 'ndcg@40': 0.0542} 
2024-10-09 22:21:31.735 | INFO     | trainer_1:_train_one_epoch:193 - epoch 25 8.52s Train loss is [0.3792] 
2024-10-09 22:21:41.598 | INFO     | trainer_1:_train_one_epoch:201 - validate 25 cost time 9.86s, result: {'hit@1': 0.0155, 'ndcg@1': 0.0155, 'hit@5': 0.057, 'ndcg@5': 0.0365, 'hit@10': 0.0945, 'ndcg@10': 0.0485, 'hit@15': 0.1256, 'ndcg@15': 0.0567, 'hit@20': 0.1532, 'ndcg@20': 0.0632, 'hit@40': 0.2386, 'ndcg@40': 0.0806} 
2024-10-09 22:21:51.268 | INFO     | trainer_1:_train_one_epoch:209 - test 25 cost time 9.67s, result: {'hit@1': 0.0112, 'ndcg@1': 0.0112, 'hit@5': 0.039, 'ndcg@5': 0.0252, 'hit@10': 0.0648, 'ndcg@10': 0.0335, 'hit@15': 0.086, 'ndcg@15': 0.039, 'hit@20': 0.1066, 'ndcg@20': 0.0439, 'hit@40': 0.1744, 'ndcg@40': 0.0577} 
2024-10-09 22:22:11.589 | INFO     | trainer_1:_train_one_epoch:193 - epoch 26 9.48s Train loss is [0.3728] 
2024-10-09 22:22:21.430 | INFO     | trainer_1:_train_one_epoch:201 - validate 26 cost time 9.84s, result: {'hit@1': 0.0157, 'ndcg@1': 0.0157, 'hit@5': 0.0576, 'ndcg@5': 0.0368, 'hit@10': 0.0971, 'ndcg@10': 0.0495, 'hit@15': 0.1264, 'ndcg@15': 0.0572, 'hit@20': 0.1522, 'ndcg@20': 0.0633, 'hit@40': 0.2376, 'ndcg@40': 0.0807} 
2024-10-09 22:22:31.078 | INFO     | trainer_1:_train_one_epoch:209 - test 26 cost time 9.65s, result: {'hit@1': 0.0105, 'ndcg@1': 0.0105, 'hit@5': 0.0377, 'ndcg@5': 0.0242, 'hit@10': 0.0633, 'ndcg@10': 0.0325, 'hit@15': 0.0847, 'ndcg@15': 0.0381, 'hit@20': 0.1038, 'ndcg@20': 0.0426, 'hit@40': 0.169, 'ndcg@40': 0.0559} 
2024-10-09 22:22:40.599 | INFO     | trainer_1:_train_one_epoch:193 - epoch 27 9.52s Train loss is [0.3732] 
2024-10-09 22:22:50.476 | INFO     | trainer_1:_train_one_epoch:201 - validate 27 cost time 9.88s, result: {'hit@1': 0.0171, 'ndcg@1': 0.0171, 'hit@5': 0.0598, 'ndcg@5': 0.0387, 'hit@10': 0.0975, 'ndcg@10': 0.0507, 'hit@15': 0.1288, 'ndcg@15': 0.059, 'hit@20': 0.1566, 'ndcg@20': 0.0655, 'hit@40': 0.2436, 'ndcg@40': 0.0832} 
2024-10-09 22:23:00.095 | INFO     | trainer_1:_train_one_epoch:209 - test 27 cost time 9.62s, result: {'hit@1': 0.0114, 'ndcg@1': 0.0114, 'hit@5': 0.0394, 'ndcg@5': 0.0254, 'hit@10': 0.0656, 'ndcg@10': 0.0338, 'hit@15': 0.0878, 'ndcg@15': 0.0397, 'hit@20': 0.1084, 'ndcg@20': 0.0446, 'hit@40': 0.1737, 'ndcg@40': 0.0578} 
2024-10-09 22:23:20.186 | INFO     | trainer_1:_train_one_epoch:193 - epoch 28 8.90s Train loss is [0.3769] 
2024-10-09 22:23:30.071 | INFO     | trainer_1:_train_one_epoch:201 - validate 28 cost time 9.88s, result: {'hit@1': 0.0167, 'ndcg@1': 0.0167, 'hit@5': 0.0597, 'ndcg@5': 0.0383, 'hit@10': 0.0981, 'ndcg@10': 0.0506, 'hit@15': 0.1305, 'ndcg@15': 0.0592, 'hit@20': 0.1571, 'ndcg@20': 0.0655, 'hit@40': 0.2436, 'ndcg@40': 0.0831} 
2024-10-09 22:23:39.720 | INFO     | trainer_1:_train_one_epoch:209 - test 28 cost time 9.65s, result: {'hit@1': 0.0106, 'ndcg@1': 0.0106, 'hit@5': 0.0378, 'ndcg@5': 0.0241, 'hit@10': 0.0641, 'ndcg@10': 0.0325, 'hit@15': 0.0875, 'ndcg@15': 0.0387, 'hit@20': 0.1081, 'ndcg@20': 0.0435, 'hit@40': 0.1749, 'ndcg@40': 0.0571} 
2024-10-09 22:23:48.389 | INFO     | trainer_1:_train_one_epoch:193 - epoch 29 8.67s Train loss is [0.3583] 
2024-10-09 22:23:58.194 | INFO     | trainer_1:_train_one_epoch:201 - validate 29 cost time 9.80s, result: {'hit@1': 0.016, 'ndcg@1': 0.016, 'hit@5': 0.058, 'ndcg@5': 0.037, 'hit@10': 0.0932, 'ndcg@10': 0.0482, 'hit@15': 0.1255, 'ndcg@15': 0.0568, 'hit@20': 0.1515, 'ndcg@20': 0.0629, 'hit@40': 0.2325, 'ndcg@40': 0.0794} 
2024-10-09 22:24:07.860 | INFO     | trainer_1:_train_one_epoch:209 - test 29 cost time 9.67s, result: {'hit@1': 0.0099, 'ndcg@1': 0.0099, 'hit@5': 0.0366, 'ndcg@5': 0.0234, 'hit@10': 0.0605, 'ndcg@10': 0.031, 'hit@15': 0.0824, 'ndcg@15': 0.0368, 'hit@20': 0.1022, 'ndcg@20': 0.0415, 'hit@40': 0.1672, 'ndcg@40': 0.0547} 
2024-10-09 22:24:16.383 | INFO     | trainer_1:_train_one_epoch:193 - epoch 30 8.52s Train loss is [0.3634] 
2024-10-09 22:24:26.186 | INFO     | trainer_1:_train_one_epoch:201 - validate 30 cost time 9.80s, result: {'hit@1': 0.0165, 'ndcg@1': 0.0165, 'hit@5': 0.0571, 'ndcg@5': 0.037, 'hit@10': 0.0913, 'ndcg@10': 0.048, 'hit@15': 0.1213, 'ndcg@15': 0.0559, 'hit@20': 0.1506, 'ndcg@20': 0.0628, 'hit@40': 0.2386, 'ndcg@40': 0.0807} 
2024-10-09 22:24:35.784 | INFO     | trainer_1:_train_one_epoch:209 - test 30 cost time 9.60s, result: {'hit@1': 0.0115, 'ndcg@1': 0.0115, 'hit@5': 0.0373, 'ndcg@5': 0.0242, 'hit@10': 0.0624, 'ndcg@10': 0.0322, 'hit@15': 0.083, 'ndcg@15': 0.0376, 'hit@20': 0.1012, 'ndcg@20': 0.0419, 'hit@40': 0.1702, 'ndcg@40': 0.0559} 
2024-10-09 22:24:44.105 | INFO     | trainer_1:_train_one_epoch:193 - epoch 31 8.32s Train loss is [0.3553] 
2024-10-09 22:24:53.954 | INFO     | trainer_1:_train_one_epoch:201 - validate 31 cost time 9.85s, result: {'hit@1': 0.0157, 'ndcg@1': 0.0157, 'hit@5': 0.0584, 'ndcg@5': 0.0372, 'hit@10': 0.0975, 'ndcg@10': 0.0497, 'hit@15': 0.1281, 'ndcg@15': 0.0578, 'hit@20': 0.1562, 'ndcg@20': 0.0644, 'hit@40': 0.2461, 'ndcg@40': 0.0828} 
2024-10-09 22:25:03.623 | INFO     | trainer_1:_train_one_epoch:209 - test 31 cost time 9.67s, result: {'hit@1': 0.0104, 'ndcg@1': 0.0104, 'hit@5': 0.0387, 'ndcg@5': 0.0245, 'hit@10': 0.0655, 'ndcg@10': 0.033, 'hit@15': 0.0876, 'ndcg@15': 0.0389, 'hit@20': 0.1082, 'ndcg@20': 0.0437, 'hit@40': 0.1743, 'ndcg@40': 0.0572} 
2024-10-09 22:25:12.160 | INFO     | trainer_1:_train_one_epoch:193 - epoch 32 8.54s Train loss is [0.3546] 
2024-10-09 22:25:21.943 | INFO     | trainer_1:_train_one_epoch:201 - validate 32 cost time 9.78s, result: {'hit@1': 0.0169, 'ndcg@1': 0.0169, 'hit@5': 0.061, 'ndcg@5': 0.0391, 'hit@10': 0.0997, 'ndcg@10': 0.0515, 'hit@15': 0.1332, 'ndcg@15': 0.0604, 'hit@20': 0.1602, 'ndcg@20': 0.0668, 'hit@40': 0.2479, 'ndcg@40': 0.0846} 
2024-10-09 22:25:31.543 | INFO     | trainer_1:_train_one_epoch:209 - test 32 cost time 9.60s, result: {'hit@1': 0.0111, 'ndcg@1': 0.0111, 'hit@5': 0.04, 'ndcg@5': 0.0255, 'hit@10': 0.0658, 'ndcg@10': 0.0337, 'hit@15': 0.0882, 'ndcg@15': 0.0396, 'hit@20': 0.1079, 'ndcg@20': 0.0443, 'hit@40': 0.1753, 'ndcg@40': 0.058} 
2024-10-09 22:25:50.888 | INFO     | trainer_1:_train_one_epoch:193 - epoch 33 8.52s Train loss is [0.3537] 
2024-10-09 22:26:00.722 | INFO     | trainer_1:_train_one_epoch:201 - validate 33 cost time 9.83s, result: {'hit@1': 0.0167, 'ndcg@1': 0.0167, 'hit@5': 0.0611, 'ndcg@5': 0.039, 'hit@10': 0.1, 'ndcg@10': 0.0516, 'hit@15': 0.1306, 'ndcg@15': 0.0596, 'hit@20': 0.1568, 'ndcg@20': 0.0658, 'hit@40': 0.2419, 'ndcg@40': 0.0832} 
2024-10-09 22:26:10.336 | INFO     | trainer_1:_train_one_epoch:209 - test 33 cost time 9.61s, result: {'hit@1': 0.0116, 'ndcg@1': 0.0116, 'hit@5': 0.0392, 'ndcg@5': 0.0253, 'hit@10': 0.0664, 'ndcg@10': 0.0341, 'hit@15': 0.0873, 'ndcg@15': 0.0396, 'hit@20': 0.107, 'ndcg@20': 0.0442, 'hit@40': 0.1723, 'ndcg@40': 0.0575} 
2024-10-09 22:26:29.495 | INFO     | trainer_1:_train_one_epoch:193 - epoch 34 8.53s Train loss is [0.3443] 
2024-10-09 22:26:39.313 | INFO     | trainer_1:_train_one_epoch:201 - validate 34 cost time 9.82s, result: {'hit@1': 0.0156, 'ndcg@1': 0.0156, 'hit@5': 0.0607, 'ndcg@5': 0.0379, 'hit@10': 0.0995, 'ndcg@10': 0.0503, 'hit@15': 0.1317, 'ndcg@15': 0.0588, 'hit@20': 0.1575, 'ndcg@20': 0.0649, 'hit@40': 0.2462, 'ndcg@40': 0.083} 
2024-10-09 22:26:48.913 | INFO     | trainer_1:_train_one_epoch:209 - test 34 cost time 9.60s, result: {'hit@1': 0.0115, 'ndcg@1': 0.0115, 'hit@5': 0.0399, 'ndcg@5': 0.0257, 'hit@10': 0.0668, 'ndcg@10': 0.0343, 'hit@15': 0.088, 'ndcg@15': 0.0399, 'hit@20': 0.1085, 'ndcg@20': 0.0447, 'hit@40': 0.1732, 'ndcg@40': 0.0579} 
2024-10-09 22:27:08.061 | INFO     | trainer_1:_train_one_epoch:193 - epoch 35 8.71s Train loss is [0.3501] 
2024-10-09 22:27:17.934 | INFO     | trainer_1:_train_one_epoch:201 - validate 35 cost time 9.87s, result: {'hit@1': 0.0163, 'ndcg@1': 0.0163, 'hit@5': 0.0604, 'ndcg@5': 0.0384, 'hit@10': 0.1004, 'ndcg@10': 0.0513, 'hit@15': 0.1315, 'ndcg@15': 0.0595, 'hit@20': 0.1567, 'ndcg@20': 0.0654, 'hit@40': 0.2419, 'ndcg@40': 0.0828} 
2024-10-09 22:27:27.605 | INFO     | trainer_1:_train_one_epoch:209 - test 35 cost time 9.67s, result: {'hit@1': 0.0121, 'ndcg@1': 0.0121, 'hit@5': 0.0406, 'ndcg@5': 0.0263, 'hit@10': 0.0667, 'ndcg@10': 0.0347, 'hit@15': 0.0877, 'ndcg@15': 0.0402, 'hit@20': 0.1064, 'ndcg@20': 0.0446, 'hit@40': 0.1711, 'ndcg@40': 0.0578} 
2024-10-09 22:27:36.270 | INFO     | trainer_1:_train_one_epoch:193 - epoch 36 8.66s Train loss is [0.3517] 
2024-10-09 22:27:46.075 | INFO     | trainer_1:_train_one_epoch:201 - validate 36 cost time 9.81s, result: {'hit@1': 0.0156, 'ndcg@1': 0.0156, 'hit@5': 0.0602, 'ndcg@5': 0.0377, 'hit@10': 0.1003, 'ndcg@10': 0.0506, 'hit@15': 0.1333, 'ndcg@15': 0.0593, 'hit@20': 0.1624, 'ndcg@20': 0.0662, 'hit@40': 0.2543, 'ndcg@40': 0.0849} 
2024-10-09 22:27:55.795 | INFO     | trainer_1:_train_one_epoch:209 - test 36 cost time 9.72s, result: {'hit@1': 0.011, 'ndcg@1': 0.011, 'hit@5': 0.0399, 'ndcg@5': 0.0255, 'hit@10': 0.0677, 'ndcg@10': 0.0344, 'hit@15': 0.09, 'ndcg@15': 0.0403, 'hit@20': 0.1085, 'ndcg@20': 0.0447, 'hit@40': 0.1768, 'ndcg@40': 0.0586} 
2024-10-09 22:28:14.922 | INFO     | trainer_1:_train_one_epoch:193 - epoch 37 8.66s Train loss is [0.3540] 
2024-10-09 22:28:24.755 | INFO     | trainer_1:_train_one_epoch:201 - validate 37 cost time 9.83s, result: {'hit@1': 0.0159, 'ndcg@1': 0.0159, 'hit@5': 0.06, 'ndcg@5': 0.038, 'hit@10': 0.0992, 'ndcg@10': 0.0507, 'hit@15': 0.1339, 'ndcg@15': 0.0598, 'hit@20': 0.1632, 'ndcg@20': 0.0667, 'hit@40': 0.2533, 'ndcg@40': 0.0851} 
2024-10-09 22:28:34.386 | INFO     | trainer_1:_train_one_epoch:209 - test 37 cost time 9.63s, result: {'hit@1': 0.0114, 'ndcg@1': 0.0114, 'hit@5': 0.0402, 'ndcg@5': 0.0255, 'hit@10': 0.0688, 'ndcg@10': 0.0347, 'hit@15': 0.0903, 'ndcg@15': 0.0404, 'hit@20': 0.1097, 'ndcg@20': 0.045, 'hit@40': 0.178, 'ndcg@40': 0.0589} 
2024-10-09 22:28:55.327 | INFO     | trainer_1:_train_one_epoch:193 - epoch 38 10.23s Train loss is [0.3468] 
2024-10-09 22:29:02.943 | INFO     | trainer_1:_train_one_epoch:201 - validate 38 cost time 7.61s, result: {'hit@1': 0.0159, 'ndcg@1': 0.0159, 'hit@5': 0.0612, 'ndcg@5': 0.0388, 'hit@10': 0.1016, 'ndcg@10': 0.0518, 'hit@15': 0.133, 'ndcg@15': 0.0601, 'hit@20': 0.1615, 'ndcg@20': 0.0668, 'hit@40': 0.2507, 'ndcg@40': 0.0849} 
2024-10-09 22:29:10.744 | INFO     | trainer_1:_train_one_epoch:209 - test 38 cost time 7.80s, result: {'hit@1': 0.0109, 'ndcg@1': 0.0109, 'hit@5': 0.0394, 'ndcg@5': 0.0251, 'hit@10': 0.0671, 'ndcg@10': 0.034, 'hit@15': 0.0898, 'ndcg@15': 0.04, 'hit@20': 0.1081, 'ndcg@20': 0.0443, 'hit@40': 0.1748, 'ndcg@40': 0.0579} 
2024-10-09 22:29:19.535 | INFO     | trainer_1:_train_one_epoch:193 - epoch 39 8.79s Train loss is [0.3540] 
2024-10-09 22:29:26.918 | INFO     | trainer_1:_train_one_epoch:201 - validate 39 cost time 7.38s, result: {'hit@1': 0.0167, 'ndcg@1': 0.0167, 'hit@5': 0.0635, 'ndcg@5': 0.0401, 'hit@10': 0.1046, 'ndcg@10': 0.0532, 'hit@15': 0.1376, 'ndcg@15': 0.0619, 'hit@20': 0.1664, 'ndcg@20': 0.0687, 'hit@40': 0.26, 'ndcg@40': 0.0878} 
2024-10-09 22:29:31.793 | INFO     | trainer_1:_train_one_epoch:209 - test 39 cost time 4.87s, result: {'hit@1': 0.0107, 'ndcg@1': 0.0107, 'hit@5': 0.0402, 'ndcg@5': 0.0254, 'hit@10': 0.0678, 'ndcg@10': 0.0342, 'hit@15': 0.0912, 'ndcg@15': 0.0404, 'hit@20': 0.1114, 'ndcg@20': 0.0452, 'hit@40': 0.1802, 'ndcg@40': 0.0592} 
2024-10-09 22:29:41.460 | INFO     | trainer_1:_train_one_epoch:193 - epoch 40 9.67s Train loss is [0.3489] 
2024-10-09 22:29:48.413 | INFO     | trainer_1:_train_one_epoch:201 - validate 40 cost time 6.95s, result: {'hit@1': 0.0158, 'ndcg@1': 0.0158, 'hit@5': 0.0635, 'ndcg@5': 0.0395, 'hit@10': 0.1009, 'ndcg@10': 0.0514, 'hit@15': 0.1357, 'ndcg@15': 0.0606, 'hit@20': 0.1655, 'ndcg@20': 0.0677, 'hit@40': 0.2563, 'ndcg@40': 0.0861} 
2024-10-09 22:29:56.143 | INFO     | trainer_1:_train_one_epoch:209 - test 40 cost time 7.73s, result: {'hit@1': 0.0111, 'ndcg@1': 0.0111, 'hit@5': 0.0401, 'ndcg@5': 0.0254, 'hit@10': 0.0675, 'ndcg@10': 0.0342, 'hit@15': 0.09, 'ndcg@15': 0.0402, 'hit@20': 0.1104, 'ndcg@20': 0.045, 'hit@40': 0.1805, 'ndcg@40': 0.0592} 
2024-10-09 22:30:04.847 | INFO     | trainer_1:_train_one_epoch:193 - epoch 41 8.70s Train loss is [0.3460] 
2024-10-09 22:30:12.594 | INFO     | trainer_1:_train_one_epoch:201 - validate 41 cost time 7.75s, result: {'hit@1': 0.0156, 'ndcg@1': 0.0156, 'hit@5': 0.0626, 'ndcg@5': 0.0391, 'hit@10': 0.1017, 'ndcg@10': 0.0516, 'hit@15': 0.1364, 'ndcg@15': 0.0608, 'hit@20': 0.1661, 'ndcg@20': 0.0677, 'hit@40': 0.262, 'ndcg@40': 0.0873} 
2024-10-09 22:30:17.440 | INFO     | trainer_1:_train_one_epoch:209 - test 41 cost time 4.85s, result: {'hit@1': 0.0115, 'ndcg@1': 0.0115, 'hit@5': 0.04, 'ndcg@5': 0.0256, 'hit@10': 0.0685, 'ndcg@10': 0.0347, 'hit@15': 0.0911, 'ndcg@15': 0.0407, 'hit@20': 0.1129, 'ndcg@20': 0.0458, 'hit@40': 0.1807, 'ndcg@40': 0.0596} 
2024-10-09 22:30:26.422 | INFO     | trainer_1:_train_one_epoch:193 - epoch 42 8.98s Train loss is [0.3396] 
2024-10-09 22:30:33.293 | INFO     | trainer_1:_train_one_epoch:201 - validate 42 cost time 6.87s, result: {'hit@1': 0.0153, 'ndcg@1': 0.0153, 'hit@5': 0.0593, 'ndcg@5': 0.0373, 'hit@10': 0.0968, 'ndcg@10': 0.0493, 'hit@15': 0.1285, 'ndcg@15': 0.0577, 'hit@20': 0.1573, 'ndcg@20': 0.0645, 'hit@40': 0.2487, 'ndcg@40': 0.0831} 
2024-10-09 22:30:40.938 | INFO     | trainer_1:_train_one_epoch:209 - test 42 cost time 7.64s, result: {'hit@1': 0.0106, 'ndcg@1': 0.0106, 'hit@5': 0.0384, 'ndcg@5': 0.0245, 'hit@10': 0.0641, 'ndcg@10': 0.0327, 'hit@15': 0.0858, 'ndcg@15': 0.0384, 'hit@20': 0.1063, 'ndcg@20': 0.0433, 'hit@40': 0.1719, 'ndcg@40': 0.0566} 
2024-10-09 22:30:49.543 | INFO     | trainer_1:_train_one_epoch:193 - epoch 43 8.60s Train loss is [0.3456] 
2024-10-09 22:30:57.597 | INFO     | trainer_1:_train_one_epoch:201 - validate 43 cost time 8.05s, result: {'hit@1': 0.0146, 'ndcg@1': 0.0146, 'hit@5': 0.0598, 'ndcg@5': 0.0374, 'hit@10': 0.1007, 'ndcg@10': 0.0505, 'hit@15': 0.1329, 'ndcg@15': 0.0589, 'hit@20': 0.1645, 'ndcg@20': 0.0664, 'hit@40': 0.2617, 'ndcg@40': 0.0862} 
2024-10-09 22:31:02.479 | INFO     | trainer_1:_train_one_epoch:209 - test 43 cost time 4.88s, result: {'hit@1': 0.0106, 'ndcg@1': 0.0106, 'hit@5': 0.039, 'ndcg@5': 0.0248, 'hit@10': 0.0659, 'ndcg@10': 0.0334, 'hit@15': 0.0893, 'ndcg@15': 0.0396, 'hit@20': 0.1112, 'ndcg@20': 0.0447, 'hit@40': 0.1794, 'ndcg@40': 0.0586} 
2024-10-09 22:31:11.554 | INFO     | trainer_1:_train_one_epoch:193 - epoch 44 9.07s Train loss is [0.3398] 
2024-10-09 22:31:18.381 | INFO     | trainer_1:_train_one_epoch:201 - validate 44 cost time 6.83s, result: {'hit@1': 0.016, 'ndcg@1': 0.016, 'hit@5': 0.0632, 'ndcg@5': 0.0395, 'hit@10': 0.1055, 'ndcg@10': 0.0531, 'hit@15': 0.1435, 'ndcg@15': 0.0632, 'hit@20': 0.1753, 'ndcg@20': 0.0707, 'hit@40': 0.2692, 'ndcg@40': 0.0898} 
2024-10-09 22:31:25.914 | INFO     | trainer_1:_train_one_epoch:209 - test 44 cost time 7.53s, result: {'hit@1': 0.0122, 'ndcg@1': 0.0122, 'hit@5': 0.0431, 'ndcg@5': 0.0275, 'hit@10': 0.0711, 'ndcg@10': 0.0365, 'hit@15': 0.0957, 'ndcg@15': 0.043, 'hit@20': 0.1166, 'ndcg@20': 0.0479, 'hit@40': 0.1876, 'ndcg@40': 0.0623} 
2024-10-09 22:31:44.803 | INFO     | trainer_1:_train_one_epoch:193 - epoch 45 8.35s Train loss is [0.3404] 
2024-10-09 22:31:50.959 | INFO     | trainer_1:_train_one_epoch:201 - validate 45 cost time 6.16s, result: {'hit@1': 0.0176, 'ndcg@1': 0.0176, 'hit@5': 0.0634, 'ndcg@5': 0.0405, 'hit@10': 0.1023, 'ndcg@10': 0.053, 'hit@15': 0.1346, 'ndcg@15': 0.0615, 'hit@20': 0.1635, 'ndcg@20': 0.0683, 'hit@40': 0.2577, 'ndcg@40': 0.0875} 
2024-10-09 22:31:58.726 | INFO     | trainer_1:_train_one_epoch:209 - test 45 cost time 7.77s, result: {'hit@1': 0.0117, 'ndcg@1': 0.0117, 'hit@5': 0.0401, 'ndcg@5': 0.026, 'hit@10': 0.0668, 'ndcg@10': 0.0346, 'hit@15': 0.0886, 'ndcg@15': 0.0403, 'hit@20': 0.109, 'ndcg@20': 0.0451, 'hit@40': 0.178, 'ndcg@40': 0.0591} 
2024-10-09 22:32:07.930 | INFO     | trainer_1:_train_one_epoch:193 - epoch 46 9.20s Train loss is [0.3424] 
2024-10-09 22:32:16.047 | INFO     | trainer_1:_train_one_epoch:201 - validate 46 cost time 8.12s, result: {'hit@1': 0.0159, 'ndcg@1': 0.0159, 'hit@5': 0.0626, 'ndcg@5': 0.0392, 'hit@10': 0.1022, 'ndcg@10': 0.0519, 'hit@15': 0.1371, 'ndcg@15': 0.0612, 'hit@20': 0.1677, 'ndcg@20': 0.0684, 'hit@40': 0.2623, 'ndcg@40': 0.0876} 
2024-10-09 22:32:23.878 | INFO     | trainer_1:_train_one_epoch:209 - test 46 cost time 7.83s, result: {'hit@1': 0.0113, 'ndcg@1': 0.0113, 'hit@5': 0.0409, 'ndcg@5': 0.0259, 'hit@10': 0.0683, 'ndcg@10': 0.0347, 'hit@15': 0.0901, 'ndcg@15': 0.0405, 'hit@20': 0.1115, 'ndcg@20': 0.0455, 'hit@40': 0.18, 'ndcg@40': 0.0594} 
2024-10-09 22:32:32.131 | INFO     | trainer_1:_train_one_epoch:193 - epoch 47 8.25s Train loss is [0.3365] 
2024-10-09 22:32:37.559 | INFO     | trainer_1:_train_one_epoch:201 - validate 47 cost time 5.43s, result: {'hit@1': 0.0163, 'ndcg@1': 0.0163, 'hit@5': 0.0625, 'ndcg@5': 0.0394, 'hit@10': 0.1051, 'ndcg@10': 0.0531, 'hit@15': 0.1384, 'ndcg@15': 0.0619, 'hit@20': 0.1687, 'ndcg@20': 0.069, 'hit@40': 0.262, 'ndcg@40': 0.088} 
2024-10-09 22:32:45.645 | INFO     | trainer_1:_train_one_epoch:209 - test 47 cost time 8.09s, result: {'hit@1': 0.0119, 'ndcg@1': 0.0119, 'hit@5': 0.0413, 'ndcg@5': 0.0266, 'hit@10': 0.0696, 'ndcg@10': 0.0356, 'hit@15': 0.0922, 'ndcg@15': 0.0416, 'hit@20': 0.1133, 'ndcg@20': 0.0466, 'hit@40': 0.1851, 'ndcg@40': 0.0611} 
2024-10-09 22:32:54.589 | INFO     | trainer_1:_train_one_epoch:193 - epoch 48 8.94s Train loss is [0.3364] 
2024-10-09 22:33:03.189 | INFO     | trainer_1:_train_one_epoch:201 - validate 48 cost time 8.60s, result: {'hit@1': 0.0163, 'ndcg@1': 0.0163, 'hit@5': 0.0608, 'ndcg@5': 0.0387, 'hit@10': 0.1019, 'ndcg@10': 0.0519, 'hit@15': 0.1345, 'ndcg@15': 0.0605, 'hit@20': 0.1669, 'ndcg@20': 0.0681, 'hit@40': 0.2583, 'ndcg@40': 0.0868} 
2024-10-09 22:33:10.990 | INFO     | trainer_1:_train_one_epoch:209 - test 48 cost time 7.80s, result: {'hit@1': 0.0115, 'ndcg@1': 0.0115, 'hit@5': 0.0404, 'ndcg@5': 0.0258, 'hit@10': 0.0675, 'ndcg@10': 0.0345, 'hit@15': 0.0916, 'ndcg@15': 0.0408, 'hit@20': 0.1132, 'ndcg@20': 0.0459, 'hit@40': 0.1834, 'ndcg@40': 0.0602} 
2024-10-09 22:33:19.334 | INFO     | trainer_1:_train_one_epoch:193 - epoch 49 8.34s Train loss is [0.3380] 
2024-10-09 22:33:24.570 | INFO     | trainer_1:_train_one_epoch:201 - validate 49 cost time 5.24s, result: {'hit@1': 0.0173, 'ndcg@1': 0.0173, 'hit@5': 0.0625, 'ndcg@5': 0.0399, 'hit@10': 0.104, 'ndcg@10': 0.0532, 'hit@15': 0.1381, 'ndcg@15': 0.0622, 'hit@20': 0.1689, 'ndcg@20': 0.0695, 'hit@40': 0.2658, 'ndcg@40': 0.0892} 
2024-10-09 22:33:31.991 | INFO     | trainer_1:_train_one_epoch:209 - test 49 cost time 7.42s, result: {'hit@1': 0.0122, 'ndcg@1': 0.0122, 'hit@5': 0.0436, 'ndcg@5': 0.0275, 'hit@10': 0.0689, 'ndcg@10': 0.0357, 'hit@15': 0.0925, 'ndcg@15': 0.0419, 'hit@20': 0.114, 'ndcg@20': 0.047, 'hit@40': 0.1854, 'ndcg@40': 0.0615} 
2024-10-09 22:33:32.003 | INFO     | trainer_1:train_model:163 - training end, best iteration 44, results: {'hit@1': 0.016, 'ndcg@1': 0.016, 'hit@5': 0.0632, 'ndcg@5': 0.0395, 'hit@10': 0.1055, 'ndcg@10': 0.0531, 'hit@15': 0.1435, 'ndcg@15': 0.0632, 'hit@20': 0.1753, 'ndcg@20': 0.0707, 'hit@40': 0.2692, 'ndcg@40': 0.0898}
2024-10-09 22:33:32.004 | INFO     | trainer_1:train_model:166 - final test result is:  {'hit@1': 0.0122, 'ndcg@1': 0.0122, 'hit@5': 0.0431, 'ndcg@5': 0.0275, 'hit@10': 0.0711, 'ndcg@10': 0.0365, 'hit@15': 0.0957, 'ndcg@15': 0.043, 'hit@20': 0.1166, 'ndcg@20': 0.0479, 'hit@40': 0.1876, 'ndcg@40': 0.0623}
2024-10-09 22:33:32.333 | INFO     | __main__:<module>:119 - train end total cost time: 1876.8609747886658
