2024-10-09 22:34:09.927 | INFO     | __main__:<module>:105 - Namespace(TIME='2024-10-09 22_33_35', batch_size=1024, behaviors=['view', 'cart', 'buy'], check_point='model_pre_1_2024-10-08 12_13_12.pth', data_name='beibei', data_path='./data/beibei', decay=0.001, device='cuda:1', dim_qk=32, dim_v=64, distill_layers=2, distill_thres=0.5, distill_topK=60, distill_userK=4, embedding_size=64, epochs=100, gpu_no=1, if_load_model=True, ii_lambda=200, initializer_range=0.02, layers=2, loss_type='bpr', lr=0.001, message_dropout=0.25, metrics=['hit', 'ndcg'], min_epoch=5, model_name='main_1', model_path='./check_point', node_dropout=0.75, omega=1, pt_loop=50, reg_weight=0.001, test_batch_size=1024, testbatch=1024, topk=[1, 5, 10, 15, 20, 40], uu_lambda=100)
2024-10-09 22:34:09.929 | INFO     | __main__:<module>:106 - BIPN(
  (message_dropout): Dropout(p=0.25, inplace=False)
  (user_embedding): Embedding(21717, 64, padding_idx=0)
  (item_embedding): Embedding(7978, 64, padding_idx=0)
  (global_Graph): LightGCN()
  (Graph_encoder): ModuleDict(
    (view): GraphEncoder(
      (light): LightGCN()
      (dropout): Dropout(p=0.75, inplace=False)
    )
    (cart): GraphEncoder(
      (light): LightGCN()
      (dropout): Dropout(p=0.75, inplace=False)
    )
    (buy): GraphEncoder(
      (light): LightGCN()
      (dropout): Dropout(p=0.75, inplace=False)
    )
  )
  (attention): Mutual_Attention()
  (bpr_loss): BPRLoss()
  (emb_loss): EmbLoss()
  (f): Sigmoid()
)
2024-10-09 22:47:51.116 | INFO     | trainer_1:_train_one_epoch:193 - epoch 1 6.70s Train loss is [0.9084] 
2024-10-09 22:47:58.451 | INFO     | trainer_1:_train_one_epoch:201 - validate 1 cost time 7.33s, result: {'hit@1': 0.0075, 'ndcg@1': 0.0075, 'hit@5': 0.0297, 'ndcg@5': 0.0185, 'hit@10': 0.0509, 'ndcg@10': 0.0253, 'hit@15': 0.0687, 'ndcg@15': 0.03, 'hit@20': 0.0856, 'ndcg@20': 0.034, 'hit@40': 0.1458, 'ndcg@40': 0.0463} 
2024-10-09 22:48:06.088 | INFO     | trainer_1:_train_one_epoch:209 - test 1 cost time 7.64s, result: {'hit@1': 0.0042, 'ndcg@1': 0.0042, 'hit@5': 0.0186, 'ndcg@5': 0.0112, 'hit@10': 0.0351, 'ndcg@10': 0.0165, 'hit@15': 0.049, 'ndcg@15': 0.0202, 'hit@20': 0.0624, 'ndcg@20': 0.0233, 'hit@40': 0.1051, 'ndcg@40': 0.032} 
2024-10-09 22:48:23.797 | INFO     | trainer_1:_train_one_epoch:193 - epoch 2 7.07s Train loss is [0.6851] 
2024-10-09 22:48:31.138 | INFO     | trainer_1:_train_one_epoch:201 - validate 2 cost time 7.34s, result: {'hit@1': 0.0078, 'ndcg@1': 0.0078, 'hit@5': 0.0326, 'ndcg@5': 0.0201, 'hit@10': 0.0565, 'ndcg@10': 0.0278, 'hit@15': 0.0771, 'ndcg@15': 0.0332, 'hit@20': 0.0956, 'ndcg@20': 0.0376, 'hit@40': 0.1602, 'ndcg@40': 0.0507} 
2024-10-09 22:48:38.751 | INFO     | trainer_1:_train_one_epoch:209 - test 2 cost time 7.61s, result: {'hit@1': 0.0046, 'ndcg@1': 0.0046, 'hit@5': 0.0201, 'ndcg@5': 0.0123, 'hit@10': 0.0364, 'ndcg@10': 0.0175, 'hit@15': 0.0509, 'ndcg@15': 0.0213, 'hit@20': 0.0661, 'ndcg@20': 0.0249, 'hit@40': 0.1141, 'ndcg@40': 0.0346} 
2024-10-09 22:48:56.109 | INFO     | trainer_1:_train_one_epoch:193 - epoch 3 6.31s Train loss is [0.6100] 
2024-10-09 22:49:02.794 | INFO     | trainer_1:_train_one_epoch:201 - validate 3 cost time 6.69s, result: {'hit@1': 0.0091, 'ndcg@1': 0.0091, 'hit@5': 0.037, 'ndcg@5': 0.023, 'hit@10': 0.0651, 'ndcg@10': 0.0321, 'hit@15': 0.0903, 'ndcg@15': 0.0387, 'hit@20': 0.114, 'ndcg@20': 0.0443, 'hit@40': 0.1874, 'ndcg@40': 0.0592} 
2024-10-09 22:49:09.578 | INFO     | trainer_1:_train_one_epoch:209 - test 3 cost time 6.78s, result: {'hit@1': 0.0057, 'ndcg@1': 0.0057, 'hit@5': 0.0227, 'ndcg@5': 0.0139, 'hit@10': 0.044, 'ndcg@10': 0.0207, 'hit@15': 0.0611, 'ndcg@15': 0.0252, 'hit@20': 0.0761, 'ndcg@20': 0.0288, 'hit@40': 0.1346, 'ndcg@40': 0.0406} 
2024-10-09 22:49:27.001 | INFO     | trainer_1:_train_one_epoch:193 - epoch 4 6.69s Train loss is [0.5786] 
2024-10-09 22:49:33.727 | INFO     | trainer_1:_train_one_epoch:201 - validate 4 cost time 6.73s, result: {'hit@1': 0.0107, 'ndcg@1': 0.0107, 'hit@5': 0.0421, 'ndcg@5': 0.0263, 'hit@10': 0.0709, 'ndcg@10': 0.0355, 'hit@15': 0.0965, 'ndcg@15': 0.0423, 'hit@20': 0.1181, 'ndcg@20': 0.0474, 'hit@40': 0.1888, 'ndcg@40': 0.0618} 
2024-10-09 22:49:40.991 | INFO     | trainer_1:_train_one_epoch:209 - test 4 cost time 7.26s, result: {'hit@1': 0.0062, 'ndcg@1': 0.0062, 'hit@5': 0.0232, 'ndcg@5': 0.0147, 'hit@10': 0.0414, 'ndcg@10': 0.0205, 'hit@15': 0.0595, 'ndcg@15': 0.0253, 'hit@20': 0.0747, 'ndcg@20': 0.0289, 'hit@40': 0.1264, 'ndcg@40': 0.0394} 
2024-10-09 22:49:47.589 | INFO     | trainer_1:_train_one_epoch:193 - epoch 5 6.60s Train loss is [0.5414] 
2024-10-09 22:49:55.096 | INFO     | trainer_1:_train_one_epoch:201 - validate 5 cost time 7.51s, result: {'hit@1': 0.0122, 'ndcg@1': 0.0122, 'hit@5': 0.0442, 'ndcg@5': 0.028, 'hit@10': 0.0735, 'ndcg@10': 0.0374, 'hit@15': 0.1002, 'ndcg@15': 0.0444, 'hit@20': 0.1237, 'ndcg@20': 0.05, 'hit@40': 0.1964, 'ndcg@40': 0.0648} 
2024-10-09 22:50:02.382 | INFO     | trainer_1:_train_one_epoch:209 - test 5 cost time 7.28s, result: {'hit@1': 0.0071, 'ndcg@1': 0.0071, 'hit@5': 0.0252, 'ndcg@5': 0.016, 'hit@10': 0.0444, 'ndcg@10': 0.0222, 'hit@15': 0.0629, 'ndcg@15': 0.0271, 'hit@20': 0.0775, 'ndcg@20': 0.0305, 'hit@40': 0.1321, 'ndcg@40': 0.0416} 
2024-10-09 22:50:20.346 | INFO     | trainer_1:_train_one_epoch:193 - epoch 6 6.67s Train loss is [0.5260] 
2024-10-09 22:50:27.836 | INFO     | trainer_1:_train_one_epoch:201 - validate 6 cost time 7.49s, result: {'hit@1': 0.0132, 'ndcg@1': 0.0132, 'hit@5': 0.0441, 'ndcg@5': 0.0285, 'hit@10': 0.0745, 'ndcg@10': 0.0382, 'hit@15': 0.1006, 'ndcg@15': 0.0451, 'hit@20': 0.124, 'ndcg@20': 0.0507, 'hit@40': 0.2, 'ndcg@40': 0.0661} 
2024-10-09 22:50:35.395 | INFO     | trainer_1:_train_one_epoch:209 - test 6 cost time 7.56s, result: {'hit@1': 0.0062, 'ndcg@1': 0.0062, 'hit@5': 0.028, 'ndcg@5': 0.0172, 'hit@10': 0.048, 'ndcg@10': 0.0236, 'hit@15': 0.0665, 'ndcg@15': 0.0285, 'hit@20': 0.0839, 'ndcg@20': 0.0326, 'hit@40': 0.1392, 'ndcg@40': 0.0438} 
2024-10-09 22:50:54.354 | INFO     | trainer_1:_train_one_epoch:193 - epoch 7 8.13s Train loss is [0.4951] 
2024-10-09 22:51:01.973 | INFO     | trainer_1:_train_one_epoch:201 - validate 7 cost time 7.62s, result: {'hit@1': 0.0121, 'ndcg@1': 0.0121, 'hit@5': 0.0426, 'ndcg@5': 0.0272, 'hit@10': 0.0716, 'ndcg@10': 0.0364, 'hit@15': 0.0981, 'ndcg@15': 0.0434, 'hit@20': 0.1228, 'ndcg@20': 0.0493, 'hit@40': 0.1991, 'ndcg@40': 0.0648} 
2024-10-09 22:51:09.375 | INFO     | trainer_1:_train_one_epoch:209 - test 7 cost time 7.40s, result: {'hit@1': 0.0063, 'ndcg@1': 0.0063, 'hit@5': 0.026, 'ndcg@5': 0.0159, 'hit@10': 0.0474, 'ndcg@10': 0.0227, 'hit@15': 0.0644, 'ndcg@15': 0.0272, 'hit@20': 0.0798, 'ndcg@20': 0.0308, 'hit@40': 0.1406, 'ndcg@40': 0.0432} 
2024-10-09 22:51:16.291 | INFO     | trainer_1:_train_one_epoch:193 - epoch 8 6.91s Train loss is [0.4956] 
2024-10-09 22:51:22.970 | INFO     | trainer_1:_train_one_epoch:201 - validate 8 cost time 6.68s, result: {'hit@1': 0.0119, 'ndcg@1': 0.0119, 'hit@5': 0.0428, 'ndcg@5': 0.0272, 'hit@10': 0.0744, 'ndcg@10': 0.0374, 'hit@15': 0.0998, 'ndcg@15': 0.0441, 'hit@20': 0.1241, 'ndcg@20': 0.0498, 'hit@40': 0.1995, 'ndcg@40': 0.0652} 
2024-10-09 22:51:30.122 | INFO     | trainer_1:_train_one_epoch:209 - test 8 cost time 7.15s, result: {'hit@1': 0.0072, 'ndcg@1': 0.0072, 'hit@5': 0.0266, 'ndcg@5': 0.0168, 'hit@10': 0.0465, 'ndcg@10': 0.0232, 'hit@15': 0.0646, 'ndcg@15': 0.0279, 'hit@20': 0.0822, 'ndcg@20': 0.0321, 'hit@40': 0.1411, 'ndcg@40': 0.0441} 
2024-10-09 22:51:37.279 | INFO     | trainer_1:_train_one_epoch:193 - epoch 9 7.16s Train loss is [0.4701] 
2024-10-09 22:51:44.758 | INFO     | trainer_1:_train_one_epoch:201 - validate 9 cost time 7.48s, result: {'hit@1': 0.011, 'ndcg@1': 0.011, 'hit@5': 0.0429, 'ndcg@5': 0.0268, 'hit@10': 0.0739, 'ndcg@10': 0.0367, 'hit@15': 0.0996, 'ndcg@15': 0.0435, 'hit@20': 0.1226, 'ndcg@20': 0.049, 'hit@40': 0.2009, 'ndcg@40': 0.0649} 
2024-10-09 22:51:51.772 | INFO     | trainer_1:_train_one_epoch:209 - test 9 cost time 7.01s, result: {'hit@1': 0.0066, 'ndcg@1': 0.0066, 'hit@5': 0.0267, 'ndcg@5': 0.0166, 'hit@10': 0.0449, 'ndcg@10': 0.0225, 'hit@15': 0.0631, 'ndcg@15': 0.0273, 'hit@20': 0.0805, 'ndcg@20': 0.0314, 'hit@40': 0.1399, 'ndcg@40': 0.0435} 
2024-10-09 22:51:58.481 | INFO     | trainer_1:_train_one_epoch:193 - epoch 10 6.71s Train loss is [0.4602] 
2024-10-09 22:52:05.711 | INFO     | trainer_1:_train_one_epoch:201 - validate 10 cost time 7.23s, result: {'hit@1': 0.0109, 'ndcg@1': 0.0109, 'hit@5': 0.0453, 'ndcg@5': 0.028, 'hit@10': 0.0766, 'ndcg@10': 0.038, 'hit@15': 0.1042, 'ndcg@15': 0.0453, 'hit@20': 0.1293, 'ndcg@20': 0.0512, 'hit@40': 0.2086, 'ndcg@40': 0.0674} 
2024-10-09 22:52:13.200 | INFO     | trainer_1:_train_one_epoch:209 - test 10 cost time 7.49s, result: {'hit@1': 0.0062, 'ndcg@1': 0.0062, 'hit@5': 0.0272, 'ndcg@5': 0.0167, 'hit@10': 0.0486, 'ndcg@10': 0.0235, 'hit@15': 0.0656, 'ndcg@15': 0.028, 'hit@20': 0.0837, 'ndcg@20': 0.0322, 'hit@40': 0.1441, 'ndcg@40': 0.0445} 
2024-10-09 22:52:31.724 | INFO     | trainer_1:_train_one_epoch:193 - epoch 11 7.55s Train loss is [0.4444] 
2024-10-09 22:52:39.366 | INFO     | trainer_1:_train_one_epoch:201 - validate 11 cost time 7.64s, result: {'hit@1': 0.0103, 'ndcg@1': 0.0103, 'hit@5': 0.0413, 'ndcg@5': 0.0259, 'hit@10': 0.072, 'ndcg@10': 0.0357, 'hit@15': 0.0996, 'ndcg@15': 0.0429, 'hit@20': 0.1249, 'ndcg@20': 0.0489, 'hit@40': 0.2014, 'ndcg@40': 0.0645} 
2024-10-09 22:52:46.776 | INFO     | trainer_1:_train_one_epoch:209 - test 11 cost time 7.41s, result: {'hit@1': 0.0062, 'ndcg@1': 0.0062, 'hit@5': 0.0262, 'ndcg@5': 0.0161, 'hit@10': 0.0466, 'ndcg@10': 0.0226, 'hit@15': 0.0641, 'ndcg@15': 0.0272, 'hit@20': 0.0827, 'ndcg@20': 0.0316, 'hit@40': 0.1412, 'ndcg@40': 0.0434} 
2024-10-09 22:52:53.175 | INFO     | trainer_1:_train_one_epoch:193 - epoch 12 6.40s Train loss is [0.4531] 
2024-10-09 22:52:59.923 | INFO     | trainer_1:_train_one_epoch:201 - validate 12 cost time 6.75s, result: {'hit@1': 0.0106, 'ndcg@1': 0.0106, 'hit@5': 0.0431, 'ndcg@5': 0.0269, 'hit@10': 0.074, 'ndcg@10': 0.0367, 'hit@15': 0.1006, 'ndcg@15': 0.0438, 'hit@20': 0.1246, 'ndcg@20': 0.0494, 'hit@40': 0.1999, 'ndcg@40': 0.0648} 
2024-10-09 22:53:04.736 | INFO     | trainer_1:_train_one_epoch:209 - test 12 cost time 4.81s, result: {'hit@1': 0.0072, 'ndcg@1': 0.0072, 'hit@5': 0.0264, 'ndcg@5': 0.0167, 'hit@10': 0.0472, 'ndcg@10': 0.0235, 'hit@15': 0.0647, 'ndcg@15': 0.028, 'hit@20': 0.0814, 'ndcg@20': 0.032, 'hit@40': 0.1404, 'ndcg@40': 0.044} 
2024-10-09 22:53:11.505 | INFO     | trainer_1:_train_one_epoch:193 - epoch 13 6.77s Train loss is [0.4504] 
2024-10-09 22:53:18.189 | INFO     | trainer_1:_train_one_epoch:201 - validate 13 cost time 6.68s, result: {'hit@1': 0.0108, 'ndcg@1': 0.0108, 'hit@5': 0.0456, 'ndcg@5': 0.0282, 'hit@10': 0.0805, 'ndcg@10': 0.0393, 'hit@15': 0.1098, 'ndcg@15': 0.0471, 'hit@20': 0.1364, 'ndcg@20': 0.0533, 'hit@40': 0.2166, 'ndcg@40': 0.0697} 
2024-10-09 22:53:25.544 | INFO     | trainer_1:_train_one_epoch:209 - test 13 cost time 7.35s, result: {'hit@1': 0.0075, 'ndcg@1': 0.0075, 'hit@5': 0.0295, 'ndcg@5': 0.0184, 'hit@10': 0.0511, 'ndcg@10': 0.0253, 'hit@15': 0.0701, 'ndcg@15': 0.0303, 'hit@20': 0.0887, 'ndcg@20': 0.0347, 'hit@40': 0.1515, 'ndcg@40': 0.0474} 
2024-10-09 22:53:43.450 | INFO     | trainer_1:_train_one_epoch:193 - epoch 14 6.23s Train loss is [0.4327] 
2024-10-09 22:53:49.237 | INFO     | trainer_1:_train_one_epoch:201 - validate 14 cost time 5.79s, result: {'hit@1': 0.0116, 'ndcg@1': 0.0116, 'hit@5': 0.048, 'ndcg@5': 0.0298, 'hit@10': 0.0815, 'ndcg@10': 0.0406, 'hit@15': 0.1105, 'ndcg@15': 0.0482, 'hit@20': 0.137, 'ndcg@20': 0.0545, 'hit@40': 0.22, 'ndcg@40': 0.0714} 
2024-10-09 22:53:55.815 | INFO     | trainer_1:_train_one_epoch:209 - test 14 cost time 6.58s, result: {'hit@1': 0.0075, 'ndcg@1': 0.0075, 'hit@5': 0.0304, 'ndcg@5': 0.0188, 'hit@10': 0.052, 'ndcg@10': 0.0257, 'hit@15': 0.0727, 'ndcg@15': 0.0311, 'hit@20': 0.0917, 'ndcg@20': 0.0356, 'hit@40': 0.155, 'ndcg@40': 0.0485} 
2024-10-09 22:54:13.031 | INFO     | trainer_1:_train_one_epoch:193 - epoch 15 6.38s Train loss is [0.4315] 
2024-10-09 22:54:20.210 | INFO     | trainer_1:_train_one_epoch:201 - validate 15 cost time 7.18s, result: {'hit@1': 0.0112, 'ndcg@1': 0.0112, 'hit@5': 0.0471, 'ndcg@5': 0.0288, 'hit@10': 0.0788, 'ndcg@10': 0.039, 'hit@15': 0.1057, 'ndcg@15': 0.0461, 'hit@20': 0.1312, 'ndcg@20': 0.0521, 'hit@40': 0.2102, 'ndcg@40': 0.0682} 
2024-10-09 22:54:27.553 | INFO     | trainer_1:_train_one_epoch:209 - test 15 cost time 7.34s, result: {'hit@1': 0.0081, 'ndcg@1': 0.0081, 'hit@5': 0.0298, 'ndcg@5': 0.0188, 'hit@10': 0.0507, 'ndcg@10': 0.0255, 'hit@15': 0.0697, 'ndcg@15': 0.0305, 'hit@20': 0.0876, 'ndcg@20': 0.0347, 'hit@40': 0.1488, 'ndcg@40': 0.0472} 
2024-10-09 22:54:34.902 | INFO     | trainer_1:_train_one_epoch:193 - epoch 16 7.35s Train loss is [0.4116] 
2024-10-09 22:54:44.050 | INFO     | trainer_1:_train_one_epoch:201 - validate 16 cost time 9.15s, result: {'hit@1': 0.0129, 'ndcg@1': 0.0129, 'hit@5': 0.0514, 'ndcg@5': 0.0319, 'hit@10': 0.0835, 'ndcg@10': 0.0421, 'hit@15': 0.1126, 'ndcg@15': 0.0498, 'hit@20': 0.1383, 'ndcg@20': 0.0559, 'hit@40': 0.2202, 'ndcg@40': 0.0725} 
2024-10-09 22:54:52.916 | INFO     | trainer_1:_train_one_epoch:209 - test 16 cost time 8.86s, result: {'hit@1': 0.0097, 'ndcg@1': 0.0097, 'hit@5': 0.0339, 'ndcg@5': 0.0215, 'hit@10': 0.058, 'ndcg@10': 0.0292, 'hit@15': 0.077, 'ndcg@15': 0.0343, 'hit@20': 0.0938, 'ndcg@20': 0.0382, 'hit@40': 0.1572, 'ndcg@40': 0.0511} 
2024-10-09 22:55:11.161 | INFO     | trainer_1:_train_one_epoch:193 - epoch 17 7.08s Train loss is [0.4126] 
2024-10-09 22:55:20.335 | INFO     | trainer_1:_train_one_epoch:201 - validate 17 cost time 9.17s, result: {'hit@1': 0.0131, 'ndcg@1': 0.0131, 'hit@5': 0.0511, 'ndcg@5': 0.0318, 'hit@10': 0.0875, 'ndcg@10': 0.0435, 'hit@15': 0.1185, 'ndcg@15': 0.0517, 'hit@20': 0.1462, 'ndcg@20': 0.0582, 'hit@40': 0.2315, 'ndcg@40': 0.0756} 
2024-10-09 22:55:29.333 | INFO     | trainer_1:_train_one_epoch:209 - test 17 cost time 9.00s, result: {'hit@1': 0.009, 'ndcg@1': 0.009, 'hit@5': 0.0348, 'ndcg@5': 0.022, 'hit@10': 0.0598, 'ndcg@10': 0.0299, 'hit@15': 0.0804, 'ndcg@15': 0.0354, 'hit@20': 0.0992, 'ndcg@20': 0.0398, 'hit@40': 0.166, 'ndcg@40': 0.0534} 
2024-10-09 22:55:47.954 | INFO     | trainer_1:_train_one_epoch:193 - epoch 18 7.23s Train loss is [0.4034] 
2024-10-09 22:55:57.052 | INFO     | trainer_1:_train_one_epoch:201 - validate 18 cost time 9.10s, result: {'hit@1': 0.0127, 'ndcg@1': 0.0127, 'hit@5': 0.0505, 'ndcg@5': 0.0316, 'hit@10': 0.0851, 'ndcg@10': 0.0427, 'hit@15': 0.1136, 'ndcg@15': 0.0503, 'hit@20': 0.1402, 'ndcg@20': 0.0565, 'hit@40': 0.2238, 'ndcg@40': 0.0735} 
2024-10-09 22:56:05.894 | INFO     | trainer_1:_train_one_epoch:209 - test 18 cost time 8.84s, result: {'hit@1': 0.0092, 'ndcg@1': 0.0092, 'hit@5': 0.0349, 'ndcg@5': 0.0219, 'hit@10': 0.0577, 'ndcg@10': 0.0292, 'hit@15': 0.0789, 'ndcg@15': 0.0348, 'hit@20': 0.0973, 'ndcg@20': 0.0391, 'hit@40': 0.1624, 'ndcg@40': 0.0524} 
2024-10-09 22:56:14.757 | INFO     | trainer_1:_train_one_epoch:193 - epoch 19 8.86s Train loss is [0.4025] 
2024-10-09 22:56:23.269 | INFO     | trainer_1:_train_one_epoch:201 - validate 19 cost time 8.51s, result: {'hit@1': 0.0134, 'ndcg@1': 0.0134, 'hit@5': 0.0484, 'ndcg@5': 0.0309, 'hit@10': 0.0817, 'ndcg@10': 0.0416, 'hit@15': 0.1107, 'ndcg@15': 0.0492, 'hit@20': 0.1382, 'ndcg@20': 0.0557, 'hit@40': 0.2218, 'ndcg@40': 0.0727} 
2024-10-09 22:56:32.176 | INFO     | trainer_1:_train_one_epoch:209 - test 19 cost time 8.91s, result: {'hit@1': 0.0093, 'ndcg@1': 0.0093, 'hit@5': 0.0326, 'ndcg@5': 0.0208, 'hit@10': 0.0569, 'ndcg@10': 0.0285, 'hit@15': 0.0773, 'ndcg@15': 0.0339, 'hit@20': 0.0958, 'ndcg@20': 0.0383, 'hit@40': 0.1583, 'ndcg@40': 0.051} 
2024-10-09 22:56:39.101 | INFO     | trainer_1:_train_one_epoch:193 - epoch 20 6.92s Train loss is [0.4037] 
2024-10-09 22:56:48.048 | INFO     | trainer_1:_train_one_epoch:201 - validate 20 cost time 8.95s, result: {'hit@1': 0.014, 'ndcg@1': 0.014, 'hit@5': 0.05, 'ndcg@5': 0.0323, 'hit@10': 0.0838, 'ndcg@10': 0.0431, 'hit@15': 0.1126, 'ndcg@15': 0.0507, 'hit@20': 0.1398, 'ndcg@20': 0.0571, 'hit@40': 0.229, 'ndcg@40': 0.0752} 
2024-10-09 22:56:55.182 | INFO     | trainer_1:_train_one_epoch:209 - test 20 cost time 7.13s, result: {'hit@1': 0.0092, 'ndcg@1': 0.0092, 'hit@5': 0.0356, 'ndcg@5': 0.0224, 'hit@10': 0.0596, 'ndcg@10': 0.0301, 'hit@15': 0.0814, 'ndcg@15': 0.0358, 'hit@20': 0.1004, 'ndcg@20': 0.0403, 'hit@40': 0.166, 'ndcg@40': 0.0536} 
2024-10-09 22:57:02.244 | INFO     | trainer_1:_train_one_epoch:193 - epoch 21 7.06s Train loss is [0.3928] 
2024-10-09 22:57:07.385 | INFO     | trainer_1:_train_one_epoch:201 - validate 21 cost time 5.14s, result: {'hit@1': 0.0131, 'ndcg@1': 0.0131, 'hit@5': 0.0507, 'ndcg@5': 0.0321, 'hit@10': 0.0812, 'ndcg@10': 0.0418, 'hit@15': 0.1123, 'ndcg@15': 0.0501, 'hit@20': 0.1367, 'ndcg@20': 0.0558, 'hit@40': 0.2227, 'ndcg@40': 0.0733} 
2024-10-09 22:57:12.768 | INFO     | trainer_1:_train_one_epoch:209 - test 21 cost time 5.38s, result: {'hit@1': 0.0097, 'ndcg@1': 0.0097, 'hit@5': 0.0352, 'ndcg@5': 0.0224, 'hit@10': 0.0579, 'ndcg@10': 0.0297, 'hit@15': 0.0778, 'ndcg@15': 0.035, 'hit@20': 0.0962, 'ndcg@20': 0.0393, 'hit@40': 0.1587, 'ndcg@40': 0.052} 
2024-10-09 22:57:19.760 | INFO     | trainer_1:_train_one_epoch:193 - epoch 22 6.99s Train loss is [0.4019] 
2024-10-09 22:57:24.809 | INFO     | trainer_1:_train_one_epoch:201 - validate 22 cost time 5.05s, result: {'hit@1': 0.0136, 'ndcg@1': 0.0136, 'hit@5': 0.0522, 'ndcg@5': 0.033, 'hit@10': 0.0849, 'ndcg@10': 0.0434, 'hit@15': 0.115, 'ndcg@15': 0.0514, 'hit@20': 0.1391, 'ndcg@20': 0.057, 'hit@40': 0.2228, 'ndcg@40': 0.074} 
2024-10-09 22:57:29.623 | INFO     | trainer_1:_train_one_epoch:209 - test 22 cost time 4.81s, result: {'hit@1': 0.0088, 'ndcg@1': 0.0088, 'hit@5': 0.0345, 'ndcg@5': 0.0216, 'hit@10': 0.0577, 'ndcg@10': 0.0291, 'hit@15': 0.0774, 'ndcg@15': 0.0343, 'hit@20': 0.0962, 'ndcg@20': 0.0387, 'hit@40': 0.1588, 'ndcg@40': 0.0514} 
2024-10-09 22:57:29.634 | INFO     | trainer_1:train_model:163 - training end, best iteration 17, results: {'hit@1': 0.0131, 'ndcg@1': 0.0131, 'hit@5': 0.0511, 'ndcg@5': 0.0318, 'hit@10': 0.0875, 'ndcg@10': 0.0435, 'hit@15': 0.1185, 'ndcg@15': 0.0517, 'hit@20': 0.1462, 'ndcg@20': 0.0582, 'hit@40': 0.2315, 'ndcg@40': 0.0756}
2024-10-09 22:57:29.635 | INFO     | trainer_1:train_model:166 - final test result is:  {'hit@1': 0.009, 'ndcg@1': 0.009, 'hit@5': 0.0348, 'ndcg@5': 0.022, 'hit@10': 0.0598, 'ndcg@10': 0.0299, 'hit@15': 0.0804, 'ndcg@15': 0.0354, 'hit@20': 0.0992, 'ndcg@20': 0.0398, 'hit@40': 0.166, 'ndcg@40': 0.0534}
2024-10-09 22:57:29.927 | INFO     | __main__:<module>:119 - train end total cost time: 1434.5754272937775
