2024-10-09 14:24:38.043 | INFO     | __main__:<module>:105 - Namespace(TIME='2024-10-09 14_23_58', batch_size=1024, behaviors=['view', 'cart', 'buy'], check_point='model_pre_1_2024-10-08 12_13_12.pth', data_name='beibei', data_path='./data/beibei', decay=0.001, device='cuda:1', dim_qk=32, dim_v=64, distill_layers=2, distill_thres=0.5, distill_topK=20, distill_userK=4, embedding_size=64, epochs=100, gpu_no=1, if_load_model=True, ii_lambda=200, initializer_range=0.02, layers=2, loss_type='bpr', lr=0.001, message_dropout=0.25, metrics=['hit', 'ndcg'], min_epoch=5, model_name='main_1', model_path='./check_point', node_dropout=0.75, omega=1, pt_loop=50, reg_weight=0.001, test_batch_size=1024, testbatch=1024, topk=[1, 5, 10, 15, 20, 40], uu_lambda=100)
2024-10-09 14:24:38.043 | INFO     | __main__:<module>:106 - BIPN(
  (message_dropout): Dropout(p=0.25, inplace=False)
  (user_embedding): Embedding(21717, 64, padding_idx=0)
  (item_embedding): Embedding(7978, 64, padding_idx=0)
  (global_Graph): LightGCN()
  (Graph_encoder): ModuleDict(
    (view): GraphEncoder(
      (light): LightGCN()
      (dropout): Dropout(p=0.75, inplace=False)
    )
    (cart): GraphEncoder(
      (light): LightGCN()
      (dropout): Dropout(p=0.75, inplace=False)
    )
    (buy): GraphEncoder(
      (light): LightGCN()
      (dropout): Dropout(p=0.75, inplace=False)
    )
  )
  (attention): Mutual_Attention()
  (bpr_loss): BPRLoss()
  (emb_loss): EmbLoss()
  (f): Sigmoid()
)
2024-10-09 14:42:35.026 | INFO     | trainer_1:_train_one_epoch:193 - epoch 1 7.21s Train loss is [0.9051] 
2024-10-09 14:42:41.667 | INFO     | trainer_1:_train_one_epoch:201 - validate 1 cost time 6.64s, result: {'hit@1': 0.0076, 'ndcg@1': 0.0076, 'hit@5': 0.0297, 'ndcg@5': 0.0186, 'hit@10': 0.0504, 'ndcg@10': 0.0253, 'hit@15': 0.069, 'ndcg@15': 0.0302, 'hit@20': 0.0862, 'ndcg@20': 0.0342, 'hit@40': 0.1441, 'ndcg@40': 0.046} 
2024-10-09 14:42:48.468 | INFO     | trainer_1:_train_one_epoch:209 - test 1 cost time 6.80s, result: {'hit@1': 0.0042, 'ndcg@1': 0.0042, 'hit@5': 0.018, 'ndcg@5': 0.0109, 'hit@10': 0.0352, 'ndcg@10': 0.0164, 'hit@15': 0.049, 'ndcg@15': 0.0201, 'hit@20': 0.0615, 'ndcg@20': 0.023, 'hit@40': 0.1046, 'ndcg@40': 0.0318} 
2024-10-09 14:43:15.407 | INFO     | trainer_1:_train_one_epoch:193 - epoch 2 9.28s Train loss is [0.6819] 
2024-10-09 14:43:21.687 | INFO     | trainer_1:_train_one_epoch:201 - validate 2 cost time 6.28s, result: {'hit@1': 0.0078, 'ndcg@1': 0.0078, 'hit@5': 0.0331, 'ndcg@5': 0.0203, 'hit@10': 0.057, 'ndcg@10': 0.028, 'hit@15': 0.0772, 'ndcg@15': 0.0333, 'hit@20': 0.0955, 'ndcg@20': 0.0376, 'hit@40': 0.1591, 'ndcg@40': 0.0506} 
2024-10-09 14:43:28.377 | INFO     | trainer_1:_train_one_epoch:209 - test 2 cost time 6.69s, result: {'hit@1': 0.0048, 'ndcg@1': 0.0048, 'hit@5': 0.0198, 'ndcg@5': 0.0122, 'hit@10': 0.0365, 'ndcg@10': 0.0176, 'hit@15': 0.0522, 'ndcg@15': 0.0217, 'hit@20': 0.0658, 'ndcg@20': 0.0249, 'hit@40': 0.1147, 'ndcg@40': 0.0349} 
2024-10-09 14:43:51.793 | INFO     | trainer_1:_train_one_epoch:193 - epoch 3 7.52s Train loss is [0.6070] 
2024-10-09 14:44:00.691 | INFO     | trainer_1:_train_one_epoch:201 - validate 3 cost time 8.90s, result: {'hit@1': 0.0091, 'ndcg@1': 0.0091, 'hit@5': 0.0373, 'ndcg@5': 0.0231, 'hit@10': 0.0648, 'ndcg@10': 0.0319, 'hit@15': 0.0913, 'ndcg@15': 0.0389, 'hit@20': 0.1144, 'ndcg@20': 0.0443, 'hit@40': 0.188, 'ndcg@40': 0.0593} 
2024-10-09 14:44:08.813 | INFO     | trainer_1:_train_one_epoch:209 - test 3 cost time 8.12s, result: {'hit@1': 0.0055, 'ndcg@1': 0.0055, 'hit@5': 0.0231, 'ndcg@5': 0.0141, 'hit@10': 0.0439, 'ndcg@10': 0.0207, 'hit@15': 0.061, 'ndcg@15': 0.0252, 'hit@20': 0.0758, 'ndcg@20': 0.0287, 'hit@40': 0.1343, 'ndcg@40': 0.0406} 
2024-10-09 14:44:33.223 | INFO     | trainer_1:_train_one_epoch:193 - epoch 4 6.61s Train loss is [0.5756] 
2024-10-09 14:44:42.074 | INFO     | trainer_1:_train_one_epoch:201 - validate 4 cost time 8.85s, result: {'hit@1': 0.0109, 'ndcg@1': 0.0109, 'hit@5': 0.0431, 'ndcg@5': 0.0269, 'hit@10': 0.0715, 'ndcg@10': 0.036, 'hit@15': 0.0963, 'ndcg@15': 0.0426, 'hit@20': 0.1185, 'ndcg@20': 0.0478, 'hit@40': 0.19, 'ndcg@40': 0.0623} 
2024-10-09 14:44:52.614 | INFO     | trainer_1:_train_one_epoch:209 - test 4 cost time 10.54s, result: {'hit@1': 0.0064, 'ndcg@1': 0.0064, 'hit@5': 0.0233, 'ndcg@5': 0.0148, 'hit@10': 0.0422, 'ndcg@10': 0.0209, 'hit@15': 0.0597, 'ndcg@15': 0.0255, 'hit@20': 0.0752, 'ndcg@20': 0.0291, 'hit@40': 0.1273, 'ndcg@40': 0.0397} 
2024-10-09 14:45:00.319 | INFO     | trainer_1:_train_one_epoch:193 - epoch 5 7.70s Train loss is [0.5384] 
2024-10-09 14:45:06.528 | INFO     | trainer_1:_train_one_epoch:201 - validate 5 cost time 6.21s, result: {'hit@1': 0.0122, 'ndcg@1': 0.0122, 'hit@5': 0.0446, 'ndcg@5': 0.0283, 'hit@10': 0.0744, 'ndcg@10': 0.0379, 'hit@15': 0.1007, 'ndcg@15': 0.0448, 'hit@20': 0.1251, 'ndcg@20': 0.0506, 'hit@40': 0.1971, 'ndcg@40': 0.0652} 
2024-10-09 14:45:14.011 | INFO     | trainer_1:_train_one_epoch:209 - test 5 cost time 7.48s, result: {'hit@1': 0.007, 'ndcg@1': 0.007, 'hit@5': 0.0264, 'ndcg@5': 0.0166, 'hit@10': 0.0448, 'ndcg@10': 0.0224, 'hit@15': 0.0621, 'ndcg@15': 0.027, 'hit@20': 0.078, 'ndcg@20': 0.0307, 'hit@40': 0.1329, 'ndcg@40': 0.0419} 
2024-10-09 14:45:41.172 | INFO     | trainer_1:_train_one_epoch:193 - epoch 6 7.23s Train loss is [0.5229] 
2024-10-09 14:45:48.470 | INFO     | trainer_1:_train_one_epoch:201 - validate 6 cost time 7.30s, result: {'hit@1': 0.0134, 'ndcg@1': 0.0134, 'hit@5': 0.0447, 'ndcg@5': 0.0288, 'hit@10': 0.0736, 'ndcg@10': 0.0381, 'hit@15': 0.1002, 'ndcg@15': 0.0451, 'hit@20': 0.1235, 'ndcg@20': 0.0506, 'hit@40': 0.1984, 'ndcg@40': 0.0658} 
2024-10-09 14:45:56.462 | INFO     | trainer_1:_train_one_epoch:209 - test 6 cost time 7.99s, result: {'hit@1': 0.0066, 'ndcg@1': 0.0066, 'hit@5': 0.0285, 'ndcg@5': 0.0175, 'hit@10': 0.0485, 'ndcg@10': 0.0239, 'hit@15': 0.0669, 'ndcg@15': 0.0287, 'hit@20': 0.084, 'ndcg@20': 0.0328, 'hit@40': 0.1398, 'ndcg@40': 0.0441} 
2024-10-09 14:46:18.778 | INFO     | trainer_1:_train_one_epoch:193 - epoch 7 7.98s Train loss is [0.4923] 
2024-10-09 14:46:25.979 | INFO     | trainer_1:_train_one_epoch:201 - validate 7 cost time 7.20s, result: {'hit@1': 0.0122, 'ndcg@1': 0.0122, 'hit@5': 0.0432, 'ndcg@5': 0.0275, 'hit@10': 0.0737, 'ndcg@10': 0.0373, 'hit@15': 0.1, 'ndcg@15': 0.0442, 'hit@20': 0.1236, 'ndcg@20': 0.0498, 'hit@40': 0.2008, 'ndcg@40': 0.0655} 
2024-10-09 14:46:34.673 | INFO     | trainer_1:_train_one_epoch:209 - test 7 cost time 8.69s, result: {'hit@1': 0.0064, 'ndcg@1': 0.0064, 'hit@5': 0.0264, 'ndcg@5': 0.0162, 'hit@10': 0.0475, 'ndcg@10': 0.023, 'hit@15': 0.0653, 'ndcg@15': 0.0276, 'hit@20': 0.0811, 'ndcg@20': 0.0314, 'hit@40': 0.1419, 'ndcg@40': 0.0437} 
2024-10-09 14:46:42.291 | INFO     | trainer_1:_train_one_epoch:193 - epoch 8 7.62s Train loss is [0.4928] 
2024-10-09 14:46:53.003 | INFO     | trainer_1:_train_one_epoch:201 - validate 8 cost time 10.71s, result: {'hit@1': 0.012, 'ndcg@1': 0.012, 'hit@5': 0.0437, 'ndcg@5': 0.0278, 'hit@10': 0.0751, 'ndcg@10': 0.0378, 'hit@15': 0.101, 'ndcg@15': 0.0446, 'hit@20': 0.1232, 'ndcg@20': 0.0499, 'hit@40': 0.2002, 'ndcg@40': 0.0656} 
2024-10-09 14:47:02.104 | INFO     | trainer_1:_train_one_epoch:209 - test 8 cost time 9.10s, result: {'hit@1': 0.0076, 'ndcg@1': 0.0076, 'hit@5': 0.027, 'ndcg@5': 0.0172, 'hit@10': 0.0472, 'ndcg@10': 0.0236, 'hit@15': 0.0653, 'ndcg@15': 0.0284, 'hit@20': 0.0824, 'ndcg@20': 0.0324, 'hit@40': 0.1416, 'ndcg@40': 0.0445} 
2024-10-09 14:47:11.150 | INFO     | trainer_1:_train_one_epoch:193 - epoch 9 9.04s Train loss is [0.4676] 
2024-10-09 14:47:18.945 | INFO     | trainer_1:_train_one_epoch:201 - validate 9 cost time 7.79s, result: {'hit@1': 0.0105, 'ndcg@1': 0.0105, 'hit@5': 0.0435, 'ndcg@5': 0.027, 'hit@10': 0.0735, 'ndcg@10': 0.0367, 'hit@15': 0.0998, 'ndcg@15': 0.0436, 'hit@20': 0.1238, 'ndcg@20': 0.0493, 'hit@40': 0.2017, 'ndcg@40': 0.0652} 
2024-10-09 14:47:27.370 | INFO     | trainer_1:_train_one_epoch:209 - test 9 cost time 8.42s, result: {'hit@1': 0.0068, 'ndcg@1': 0.0068, 'hit@5': 0.027, 'ndcg@5': 0.0168, 'hit@10': 0.0454, 'ndcg@10': 0.0227, 'hit@15': 0.0627, 'ndcg@15': 0.0273, 'hit@20': 0.0804, 'ndcg@20': 0.0314, 'hit@40': 0.1399, 'ndcg@40': 0.0436} 
2024-10-09 14:47:34.507 | INFO     | trainer_1:_train_one_epoch:193 - epoch 10 7.14s Train loss is [0.4575] 
2024-10-09 14:47:44.178 | INFO     | trainer_1:_train_one_epoch:201 - validate 10 cost time 9.67s, result: {'hit@1': 0.011, 'ndcg@1': 0.011, 'hit@5': 0.0457, 'ndcg@5': 0.0282, 'hit@10': 0.0769, 'ndcg@10': 0.0382, 'hit@15': 0.1043, 'ndcg@15': 0.0454, 'hit@20': 0.1292, 'ndcg@20': 0.0513, 'hit@40': 0.2103, 'ndcg@40': 0.0678} 
2024-10-09 14:47:52.746 | INFO     | trainer_1:_train_one_epoch:209 - test 10 cost time 8.57s, result: {'hit@1': 0.0068, 'ndcg@1': 0.0068, 'hit@5': 0.028, 'ndcg@5': 0.0173, 'hit@10': 0.0481, 'ndcg@10': 0.0238, 'hit@15': 0.0669, 'ndcg@15': 0.0287, 'hit@20': 0.0837, 'ndcg@20': 0.0326, 'hit@40': 0.1451, 'ndcg@40': 0.0451} 
2024-10-09 14:48:01.689 | INFO     | trainer_1:_train_one_epoch:193 - epoch 11 8.94s Train loss is [0.4422] 
2024-10-09 14:48:09.008 | INFO     | trainer_1:_train_one_epoch:201 - validate 11 cost time 7.32s, result: {'hit@1': 0.0111, 'ndcg@1': 0.0111, 'hit@5': 0.0424, 'ndcg@5': 0.0267, 'hit@10': 0.0736, 'ndcg@10': 0.0367, 'hit@15': 0.1006, 'ndcg@15': 0.0438, 'hit@20': 0.1248, 'ndcg@20': 0.0495, 'hit@40': 0.2029, 'ndcg@40': 0.0655} 
2024-10-09 14:48:16.813 | INFO     | trainer_1:_train_one_epoch:209 - test 11 cost time 7.80s, result: {'hit@1': 0.0064, 'ndcg@1': 0.0064, 'hit@5': 0.0268, 'ndcg@5': 0.0165, 'hit@10': 0.0471, 'ndcg@10': 0.023, 'hit@15': 0.0641, 'ndcg@15': 0.0275, 'hit@20': 0.0822, 'ndcg@20': 0.0317, 'hit@40': 0.1416, 'ndcg@40': 0.0438} 
2024-10-09 14:48:24.314 | INFO     | trainer_1:_train_one_epoch:193 - epoch 12 7.50s Train loss is [0.4501] 
2024-10-09 14:48:34.556 | INFO     | trainer_1:_train_one_epoch:201 - validate 12 cost time 10.24s, result: {'hit@1': 0.0117, 'ndcg@1': 0.0117, 'hit@5': 0.0432, 'ndcg@5': 0.0274, 'hit@10': 0.0744, 'ndcg@10': 0.0374, 'hit@15': 0.1012, 'ndcg@15': 0.0444, 'hit@20': 0.1256, 'ndcg@20': 0.0502, 'hit@40': 0.2029, 'ndcg@40': 0.0659} 
2024-10-09 14:48:44.740 | INFO     | trainer_1:_train_one_epoch:209 - test 12 cost time 10.18s, result: {'hit@1': 0.0073, 'ndcg@1': 0.0073, 'hit@5': 0.0274, 'ndcg@5': 0.0173, 'hit@10': 0.0479, 'ndcg@10': 0.0239, 'hit@15': 0.0648, 'ndcg@15': 0.0283, 'hit@20': 0.0819, 'ndcg@20': 0.0323, 'hit@40': 0.1409, 'ndcg@40': 0.0443} 
2024-10-09 14:48:53.684 | INFO     | trainer_1:_train_one_epoch:193 - epoch 13 8.94s Train loss is [0.4485] 
2024-10-09 14:49:03.273 | INFO     | trainer_1:_train_one_epoch:201 - validate 13 cost time 9.59s, result: {'hit@1': 0.0116, 'ndcg@1': 0.0116, 'hit@5': 0.0462, 'ndcg@5': 0.0289, 'hit@10': 0.0821, 'ndcg@10': 0.0404, 'hit@15': 0.1106, 'ndcg@15': 0.0479, 'hit@20': 0.1371, 'ndcg@20': 0.0542, 'hit@40': 0.217, 'ndcg@40': 0.0705} 
2024-10-09 14:49:13.976 | INFO     | trainer_1:_train_one_epoch:209 - test 13 cost time 10.70s, result: {'hit@1': 0.008, 'ndcg@1': 0.008, 'hit@5': 0.0303, 'ndcg@5': 0.019, 'hit@10': 0.0512, 'ndcg@10': 0.0256, 'hit@15': 0.0706, 'ndcg@15': 0.0307, 'hit@20': 0.0889, 'ndcg@20': 0.0351, 'hit@40': 0.1527, 'ndcg@40': 0.048} 
2024-10-09 14:49:42.393 | INFO     | trainer_1:_train_one_epoch:193 - epoch 14 14.05s Train loss is [0.4299] 
2024-10-09 14:49:51.903 | INFO     | trainer_1:_train_one_epoch:201 - validate 14 cost time 9.51s, result: {'hit@1': 0.0122, 'ndcg@1': 0.0122, 'hit@5': 0.049, 'ndcg@5': 0.0305, 'hit@10': 0.0838, 'ndcg@10': 0.0416, 'hit@15': 0.112, 'ndcg@15': 0.049, 'hit@20': 0.1394, 'ndcg@20': 0.0554, 'hit@40': 0.2219, 'ndcg@40': 0.0722} 
2024-10-09 14:50:01.542 | INFO     | trainer_1:_train_one_epoch:209 - test 14 cost time 9.64s, result: {'hit@1': 0.0078, 'ndcg@1': 0.0078, 'hit@5': 0.031, 'ndcg@5': 0.0192, 'hit@10': 0.053, 'ndcg@10': 0.0262, 'hit@15': 0.073, 'ndcg@15': 0.0315, 'hit@20': 0.0928, 'ndcg@20': 0.0361, 'hit@40': 0.1561, 'ndcg@40': 0.049} 
2024-10-09 14:50:33.017 | INFO     | trainer_1:_train_one_epoch:193 - epoch 15 11.63s Train loss is [0.4290] 
2024-10-09 14:50:43.381 | INFO     | trainer_1:_train_one_epoch:201 - validate 15 cost time 10.36s, result: {'hit@1': 0.0119, 'ndcg@1': 0.0119, 'hit@5': 0.0489, 'ndcg@5': 0.0303, 'hit@10': 0.0807, 'ndcg@10': 0.0404, 'hit@15': 0.1086, 'ndcg@15': 0.0478, 'hit@20': 0.1332, 'ndcg@20': 0.0536, 'hit@40': 0.2148, 'ndcg@40': 0.0702} 
2024-10-09 14:50:53.831 | INFO     | trainer_1:_train_one_epoch:209 - test 15 cost time 10.45s, result: {'hit@1': 0.0087, 'ndcg@1': 0.0087, 'hit@5': 0.0307, 'ndcg@5': 0.0195, 'hit@10': 0.0524, 'ndcg@10': 0.0265, 'hit@15': 0.0722, 'ndcg@15': 0.0317, 'hit@20': 0.0888, 'ndcg@20': 0.0356, 'hit@40': 0.1515, 'ndcg@40': 0.0484} 
2024-10-09 14:51:07.260 | INFO     | trainer_1:_train_one_epoch:193 - epoch 16 13.43s Train loss is [0.4086] 
2024-10-09 14:51:18.266 | INFO     | trainer_1:_train_one_epoch:201 - validate 16 cost time 11.01s, result: {'hit@1': 0.0134, 'ndcg@1': 0.0134, 'hit@5': 0.053, 'ndcg@5': 0.033, 'hit@10': 0.0859, 'ndcg@10': 0.0435, 'hit@15': 0.1152, 'ndcg@15': 0.0512, 'hit@20': 0.1399, 'ndcg@20': 0.0571, 'hit@40': 0.224, 'ndcg@40': 0.0742} 
2024-10-09 14:51:27.725 | INFO     | trainer_1:_train_one_epoch:209 - test 16 cost time 9.46s, result: {'hit@1': 0.0099, 'ndcg@1': 0.0099, 'hit@5': 0.0355, 'ndcg@5': 0.0224, 'hit@10': 0.0592, 'ndcg@10': 0.03, 'hit@15': 0.0779, 'ndcg@15': 0.0349, 'hit@20': 0.0951, 'ndcg@20': 0.039, 'hit@40': 0.1619, 'ndcg@40': 0.0526} 
2024-10-09 14:51:51.864 | INFO     | trainer_1:_train_one_epoch:193 - epoch 17 10.08s Train loss is [0.4105] 
2024-10-09 14:52:02.169 | INFO     | trainer_1:_train_one_epoch:201 - validate 17 cost time 10.30s, result: {'hit@1': 0.0127, 'ndcg@1': 0.0127, 'hit@5': 0.0527, 'ndcg@5': 0.0325, 'hit@10': 0.0897, 'ndcg@10': 0.0444, 'hit@15': 0.1204, 'ndcg@15': 0.0525, 'hit@20': 0.1471, 'ndcg@20': 0.0588, 'hit@40': 0.2327, 'ndcg@40': 0.0762} 
2024-10-09 14:52:10.946 | INFO     | trainer_1:_train_one_epoch:209 - test 17 cost time 8.78s, result: {'hit@1': 0.0098, 'ndcg@1': 0.0098, 'hit@5': 0.0358, 'ndcg@5': 0.0228, 'hit@10': 0.0603, 'ndcg@10': 0.0306, 'hit@15': 0.0816, 'ndcg@15': 0.0362, 'hit@20': 0.0997, 'ndcg@20': 0.0405, 'hit@40': 0.166, 'ndcg@40': 0.054} 
2024-10-09 14:52:49.013 | INFO     | trainer_1:_train_one_epoch:193 - epoch 18 13.56s Train loss is [0.4007] 
2024-10-09 14:52:56.751 | INFO     | trainer_1:_train_one_epoch:201 - validate 18 cost time 7.74s, result: {'hit@1': 0.0139, 'ndcg@1': 0.0139, 'hit@5': 0.0521, 'ndcg@5': 0.0331, 'hit@10': 0.0868, 'ndcg@10': 0.0442, 'hit@15': 0.1156, 'ndcg@15': 0.0518, 'hit@20': 0.1432, 'ndcg@20': 0.0583, 'hit@40': 0.228, 'ndcg@40': 0.0755} 
2024-10-09 14:53:05.769 | INFO     | trainer_1:_train_one_epoch:209 - test 18 cost time 9.02s, result: {'hit@1': 0.0098, 'ndcg@1': 0.0098, 'hit@5': 0.0356, 'ndcg@5': 0.0226, 'hit@10': 0.0589, 'ndcg@10': 0.03, 'hit@15': 0.0791, 'ndcg@15': 0.0354, 'hit@20': 0.0978, 'ndcg@20': 0.0398, 'hit@40': 0.1639, 'ndcg@40': 0.0532} 
2024-10-09 14:53:17.376 | INFO     | trainer_1:_train_one_epoch:193 - epoch 19 11.61s Train loss is [0.4007] 
2024-10-09 14:53:27.883 | INFO     | trainer_1:_train_one_epoch:201 - validate 19 cost time 10.51s, result: {'hit@1': 0.0137, 'ndcg@1': 0.0137, 'hit@5': 0.0501, 'ndcg@5': 0.032, 'hit@10': 0.0831, 'ndcg@10': 0.0425, 'hit@15': 0.1136, 'ndcg@15': 0.0506, 'hit@20': 0.139, 'ndcg@20': 0.0565, 'hit@40': 0.2241, 'ndcg@40': 0.0739} 
2024-10-09 14:53:34.396 | INFO     | trainer_1:_train_one_epoch:209 - test 19 cost time 6.51s, result: {'hit@1': 0.0095, 'ndcg@1': 0.0095, 'hit@5': 0.0339, 'ndcg@5': 0.0215, 'hit@10': 0.0583, 'ndcg@10': 0.0293, 'hit@15': 0.078, 'ndcg@15': 0.0345, 'hit@20': 0.0966, 'ndcg@20': 0.0389, 'hit@40': 0.1585, 'ndcg@40': 0.0514} 
2024-10-09 14:53:47.373 | INFO     | trainer_1:_train_one_epoch:193 - epoch 20 12.98s Train loss is [0.4014] 
2024-10-09 14:53:59.190 | INFO     | trainer_1:_train_one_epoch:201 - validate 20 cost time 11.82s, result: {'hit@1': 0.0151, 'ndcg@1': 0.0151, 'hit@5': 0.0519, 'ndcg@5': 0.0338, 'hit@10': 0.0847, 'ndcg@10': 0.0444, 'hit@15': 0.1148, 'ndcg@15': 0.0523, 'hit@20': 0.1399, 'ndcg@20': 0.0583, 'hit@40': 0.2321, 'ndcg@40': 0.077} 
2024-10-09 14:54:10.090 | INFO     | trainer_1:_train_one_epoch:209 - test 20 cost time 10.90s, result: {'hit@1': 0.0094, 'ndcg@1': 0.0094, 'hit@5': 0.0364, 'ndcg@5': 0.0229, 'hit@10': 0.0608, 'ndcg@10': 0.0307, 'hit@15': 0.0825, 'ndcg@15': 0.0364, 'hit@20': 0.1009, 'ndcg@20': 0.0408, 'hit@40': 0.166, 'ndcg@40': 0.054} 
2024-10-09 14:54:32.106 | INFO     | trainer_1:_train_one_epoch:193 - epoch 21 10.02s Train loss is [0.3907] 
2024-10-09 14:54:41.064 | INFO     | trainer_1:_train_one_epoch:201 - validate 21 cost time 8.96s, result: {'hit@1': 0.0143, 'ndcg@1': 0.0143, 'hit@5': 0.0527, 'ndcg@5': 0.0336, 'hit@10': 0.0844, 'ndcg@10': 0.0437, 'hit@15': 0.1143, 'ndcg@15': 0.0516, 'hit@20': 0.1387, 'ndcg@20': 0.0574, 'hit@40': 0.225, 'ndcg@40': 0.0749} 
2024-10-09 14:54:49.181 | INFO     | trainer_1:_train_one_epoch:209 - test 21 cost time 8.12s, result: {'hit@1': 0.0101, 'ndcg@1': 0.0101, 'hit@5': 0.0364, 'ndcg@5': 0.0232, 'hit@10': 0.0597, 'ndcg@10': 0.0307, 'hit@15': 0.0802, 'ndcg@15': 0.0361, 'hit@20': 0.0977, 'ndcg@20': 0.0402, 'hit@40': 0.161, 'ndcg@40': 0.0531} 
2024-10-09 14:54:58.667 | INFO     | trainer_1:_train_one_epoch:193 - epoch 22 9.49s Train loss is [0.3996] 
2024-10-09 14:55:06.415 | INFO     | trainer_1:_train_one_epoch:201 - validate 22 cost time 7.75s, result: {'hit@1': 0.0145, 'ndcg@1': 0.0145, 'hit@5': 0.0541, 'ndcg@5': 0.0342, 'hit@10': 0.0868, 'ndcg@10': 0.0448, 'hit@15': 0.1175, 'ndcg@15': 0.0528, 'hit@20': 0.142, 'ndcg@20': 0.0586, 'hit@40': 0.2266, 'ndcg@40': 0.0758} 
2024-10-09 14:55:14.633 | INFO     | trainer_1:_train_one_epoch:209 - test 22 cost time 8.22s, result: {'hit@1': 0.0094, 'ndcg@1': 0.0094, 'hit@5': 0.0356, 'ndcg@5': 0.0224, 'hit@10': 0.06, 'ndcg@10': 0.0302, 'hit@15': 0.08, 'ndcg@15': 0.0355, 'hit@20': 0.0976, 'ndcg@20': 0.0396, 'hit@40': 0.1604, 'ndcg@40': 0.0524} 
2024-10-09 14:55:26.816 | INFO     | trainer_1:_train_one_epoch:193 - epoch 23 12.18s Train loss is [0.3892] 
2024-10-09 14:55:36.221 | INFO     | trainer_1:_train_one_epoch:201 - validate 23 cost time 9.40s, result: {'hit@1': 0.0152, 'ndcg@1': 0.0152, 'hit@5': 0.0571, 'ndcg@5': 0.0362, 'hit@10': 0.0911, 'ndcg@10': 0.0471, 'hit@15': 0.1224, 'ndcg@15': 0.0554, 'hit@20': 0.1491, 'ndcg@20': 0.0617, 'hit@40': 0.2364, 'ndcg@40': 0.0794} 
2024-10-09 14:55:43.578 | INFO     | trainer_1:_train_one_epoch:209 - test 23 cost time 7.36s, result: {'hit@1': 0.0094, 'ndcg@1': 0.0094, 'hit@5': 0.0375, 'ndcg@5': 0.0235, 'hit@10': 0.0624, 'ndcg@10': 0.0314, 'hit@15': 0.0828, 'ndcg@15': 0.0368, 'hit@20': 0.1014, 'ndcg@20': 0.0412, 'hit@40': 0.1662, 'ndcg@40': 0.0544} 
2024-10-09 14:56:07.205 | INFO     | trainer_1:_train_one_epoch:193 - epoch 24 10.08s Train loss is [0.3838] 
2024-10-09 14:56:15.620 | INFO     | trainer_1:_train_one_epoch:201 - validate 24 cost time 8.41s, result: {'hit@1': 0.0144, 'ndcg@1': 0.0144, 'hit@5': 0.0552, 'ndcg@5': 0.0348, 'hit@10': 0.0899, 'ndcg@10': 0.0459, 'hit@15': 0.1186, 'ndcg@15': 0.0535, 'hit@20': 0.1442, 'ndcg@20': 0.0595, 'hit@40': 0.2292, 'ndcg@40': 0.0769} 
2024-10-09 14:56:25.569 | INFO     | trainer_1:_train_one_epoch:209 - test 24 cost time 9.95s, result: {'hit@1': 0.0102, 'ndcg@1': 0.0102, 'hit@5': 0.037, 'ndcg@5': 0.0234, 'hit@10': 0.0601, 'ndcg@10': 0.0308, 'hit@15': 0.0805, 'ndcg@15': 0.0362, 'hit@20': 0.1, 'ndcg@20': 0.0408, 'hit@40': 0.164, 'ndcg@40': 0.0538} 
2024-10-09 14:56:39.123 | INFO     | trainer_1:_train_one_epoch:193 - epoch 25 13.55s Train loss is [0.3794] 
2024-10-09 14:56:48.888 | INFO     | trainer_1:_train_one_epoch:201 - validate 25 cost time 9.76s, result: {'hit@1': 0.0158, 'ndcg@1': 0.0158, 'hit@5': 0.0574, 'ndcg@5': 0.0367, 'hit@10': 0.094, 'ndcg@10': 0.0484, 'hit@15': 0.1264, 'ndcg@15': 0.0569, 'hit@20': 0.152, 'ndcg@20': 0.063, 'hit@40': 0.2386, 'ndcg@40': 0.0806} 
2024-10-09 14:56:54.416 | INFO     | trainer_1:_train_one_epoch:209 - test 25 cost time 5.53s, result: {'hit@1': 0.0113, 'ndcg@1': 0.0113, 'hit@5': 0.039, 'ndcg@5': 0.0251, 'hit@10': 0.0639, 'ndcg@10': 0.033, 'hit@15': 0.0861, 'ndcg@15': 0.0389, 'hit@20': 0.1062, 'ndcg@20': 0.0437, 'hit@40': 0.1741, 'ndcg@40': 0.0575} 
2024-10-09 14:57:19.896 | INFO     | trainer_1:_train_one_epoch:193 - epoch 26 10.91s Train loss is [0.3730] 
2024-10-09 14:57:29.186 | INFO     | trainer_1:_train_one_epoch:201 - validate 26 cost time 9.29s, result: {'hit@1': 0.0161, 'ndcg@1': 0.0161, 'hit@5': 0.0583, 'ndcg@5': 0.0372, 'hit@10': 0.0958, 'ndcg@10': 0.0493, 'hit@15': 0.1261, 'ndcg@15': 0.0572, 'hit@20': 0.1516, 'ndcg@20': 0.0633, 'hit@40': 0.2364, 'ndcg@40': 0.0805} 
2024-10-09 14:57:37.557 | INFO     | trainer_1:_train_one_epoch:209 - test 26 cost time 8.37s, result: {'hit@1': 0.0101, 'ndcg@1': 0.0101, 'hit@5': 0.0378, 'ndcg@5': 0.0241, 'hit@10': 0.0635, 'ndcg@10': 0.0323, 'hit@15': 0.0851, 'ndcg@15': 0.038, 'hit@20': 0.1043, 'ndcg@20': 0.0426, 'hit@40': 0.1684, 'ndcg@40': 0.0556} 
2024-10-09 14:57:53.458 | INFO     | trainer_1:_train_one_epoch:193 - epoch 27 15.90s Train loss is [0.3726] 
2024-10-09 14:58:02.445 | INFO     | trainer_1:_train_one_epoch:201 - validate 27 cost time 8.99s, result: {'hit@1': 0.0165, 'ndcg@1': 0.0165, 'hit@5': 0.0594, 'ndcg@5': 0.0382, 'hit@10': 0.0959, 'ndcg@10': 0.0499, 'hit@15': 0.1281, 'ndcg@15': 0.0584, 'hit@20': 0.1545, 'ndcg@20': 0.0646, 'hit@40': 0.2409, 'ndcg@40': 0.0823} 
2024-10-09 14:58:13.632 | INFO     | trainer_1:_train_one_epoch:209 - test 27 cost time 11.19s, result: {'hit@1': 0.0118, 'ndcg@1': 0.0118, 'hit@5': 0.0386, 'ndcg@5': 0.0253, 'hit@10': 0.0653, 'ndcg@10': 0.0338, 'hit@15': 0.0868, 'ndcg@15': 0.0395, 'hit@20': 0.1088, 'ndcg@20': 0.0447, 'hit@40': 0.1731, 'ndcg@40': 0.0578} 
2024-10-09 14:58:38.961 | INFO     | trainer_1:_train_one_epoch:193 - epoch 28 12.42s Train loss is [0.3769] 
2024-10-09 14:58:48.928 | INFO     | trainer_1:_train_one_epoch:201 - validate 28 cost time 9.97s, result: {'hit@1': 0.0163, 'ndcg@1': 0.0163, 'hit@5': 0.0579, 'ndcg@5': 0.0373, 'hit@10': 0.097, 'ndcg@10': 0.0498, 'hit@15': 0.1303, 'ndcg@15': 0.0586, 'hit@20': 0.1567, 'ndcg@20': 0.0649, 'hit@40': 0.2422, 'ndcg@40': 0.0823} 
2024-10-09 14:58:56.904 | INFO     | trainer_1:_train_one_epoch:209 - test 28 cost time 7.97s, result: {'hit@1': 0.0102, 'ndcg@1': 0.0102, 'hit@5': 0.037, 'ndcg@5': 0.0237, 'hit@10': 0.0634, 'ndcg@10': 0.0322, 'hit@15': 0.0858, 'ndcg@15': 0.0381, 'hit@20': 0.1063, 'ndcg@20': 0.0429, 'hit@40': 0.1738, 'ndcg@40': 0.0566} 
2024-10-09 14:59:09.113 | INFO     | trainer_1:_train_one_epoch:193 - epoch 29 12.21s Train loss is [0.3588] 
2024-10-09 14:59:16.850 | INFO     | trainer_1:_train_one_epoch:201 - validate 29 cost time 7.74s, result: {'hit@1': 0.0162, 'ndcg@1': 0.0162, 'hit@5': 0.0582, 'ndcg@5': 0.0372, 'hit@10': 0.0928, 'ndcg@10': 0.0483, 'hit@15': 0.124, 'ndcg@15': 0.0565, 'hit@20': 0.1515, 'ndcg@20': 0.063, 'hit@40': 0.2322, 'ndcg@40': 0.0795} 
2024-10-09 14:59:25.518 | INFO     | trainer_1:_train_one_epoch:209 - test 29 cost time 8.67s, result: {'hit@1': 0.0106, 'ndcg@1': 0.0106, 'hit@5': 0.0369, 'ndcg@5': 0.0236, 'hit@10': 0.0615, 'ndcg@10': 0.0315, 'hit@15': 0.0821, 'ndcg@15': 0.0369, 'hit@20': 0.1015, 'ndcg@20': 0.0415, 'hit@40': 0.1665, 'ndcg@40': 0.0547} 
2024-10-09 14:59:39.012 | INFO     | trainer_1:_train_one_epoch:193 - epoch 30 13.49s Train loss is [0.3638] 
2024-10-09 14:59:47.508 | INFO     | trainer_1:_train_one_epoch:201 - validate 30 cost time 8.50s, result: {'hit@1': 0.0163, 'ndcg@1': 0.0163, 'hit@5': 0.0561, 'ndcg@5': 0.0363, 'hit@10': 0.0903, 'ndcg@10': 0.0473, 'hit@15': 0.1212, 'ndcg@15': 0.0555, 'hit@20': 0.1491, 'ndcg@20': 0.062, 'hit@40': 0.2383, 'ndcg@40': 0.0802} 
2024-10-09 14:59:54.206 | INFO     | trainer_1:_train_one_epoch:209 - test 30 cost time 6.70s, result: {'hit@1': 0.0107, 'ndcg@1': 0.0107, 'hit@5': 0.0373, 'ndcg@5': 0.0238, 'hit@10': 0.0618, 'ndcg@10': 0.0317, 'hit@15': 0.084, 'ndcg@15': 0.0375, 'hit@20': 0.1017, 'ndcg@20': 0.0417, 'hit@40': 0.1691, 'ndcg@40': 0.0554} 
2024-10-09 15:00:02.152 | INFO     | trainer_1:_train_one_epoch:193 - epoch 31 7.94s Train loss is [0.3551] 
2024-10-09 15:00:11.811 | INFO     | trainer_1:_train_one_epoch:201 - validate 31 cost time 9.66s, result: {'hit@1': 0.0157, 'ndcg@1': 0.0157, 'hit@5': 0.0581, 'ndcg@5': 0.0369, 'hit@10': 0.0971, 'ndcg@10': 0.0494, 'hit@15': 0.1285, 'ndcg@15': 0.0577, 'hit@20': 0.1557, 'ndcg@20': 0.0641, 'hit@40': 0.2454, 'ndcg@40': 0.0824} 
2024-10-09 15:00:19.697 | INFO     | trainer_1:_train_one_epoch:209 - test 31 cost time 7.89s, result: {'hit@1': 0.0099, 'ndcg@1': 0.0099, 'hit@5': 0.0386, 'ndcg@5': 0.0241, 'hit@10': 0.0656, 'ndcg@10': 0.0327, 'hit@15': 0.0868, 'ndcg@15': 0.0383, 'hit@20': 0.108, 'ndcg@20': 0.0433, 'hit@40': 0.1742, 'ndcg@40': 0.0568} 
2024-10-09 15:00:47.520 | INFO     | trainer_1:_train_one_epoch:193 - epoch 32 11.52s Train loss is [0.3544] 
2024-10-09 15:00:54.855 | INFO     | trainer_1:_train_one_epoch:201 - validate 32 cost time 7.33s, result: {'hit@1': 0.0169, 'ndcg@1': 0.0169, 'hit@5': 0.061, 'ndcg@5': 0.039, 'hit@10': 0.1, 'ndcg@10': 0.0515, 'hit@15': 0.1313, 'ndcg@15': 0.0598, 'hit@20': 0.1598, 'ndcg@20': 0.0665, 'hit@40': 0.2503, 'ndcg@40': 0.0849} 
2024-10-09 15:01:01.858 | INFO     | trainer_1:_train_one_epoch:209 - test 32 cost time 7.00s, result: {'hit@1': 0.011, 'ndcg@1': 0.011, 'hit@5': 0.0392, 'ndcg@5': 0.0251, 'hit@10': 0.0664, 'ndcg@10': 0.0338, 'hit@15': 0.0882, 'ndcg@15': 0.0395, 'hit@20': 0.1069, 'ndcg@20': 0.0439, 'hit@40': 0.1761, 'ndcg@40': 0.058} 
2024-10-09 15:01:27.689 | INFO     | trainer_1:_train_one_epoch:193 - epoch 33 11.29s Train loss is [0.3537] 
2024-10-09 15:01:38.994 | INFO     | trainer_1:_train_one_epoch:201 - validate 33 cost time 11.30s, result: {'hit@1': 0.0159, 'ndcg@1': 0.0159, 'hit@5': 0.0604, 'ndcg@5': 0.0383, 'hit@10': 0.0997, 'ndcg@10': 0.0509, 'hit@15': 0.13, 'ndcg@15': 0.0589, 'hit@20': 0.1567, 'ndcg@20': 0.0652, 'hit@40': 0.2434, 'ndcg@40': 0.0829} 
2024-10-09 15:01:50.095 | INFO     | trainer_1:_train_one_epoch:209 - test 33 cost time 11.10s, result: {'hit@1': 0.0111, 'ndcg@1': 0.0111, 'hit@5': 0.0386, 'ndcg@5': 0.0247, 'hit@10': 0.0662, 'ndcg@10': 0.0336, 'hit@15': 0.0873, 'ndcg@15': 0.0391, 'hit@20': 0.1066, 'ndcg@20': 0.0437, 'hit@40': 0.1717, 'ndcg@40': 0.0569} 
2024-10-09 15:02:02.403 | INFO     | trainer_1:_train_one_epoch:193 - epoch 34 12.31s Train loss is [0.3446] 
2024-10-09 15:02:12.944 | INFO     | trainer_1:_train_one_epoch:201 - validate 34 cost time 10.54s, result: {'hit@1': 0.0161, 'ndcg@1': 0.0161, 'hit@5': 0.0599, 'ndcg@5': 0.0379, 'hit@10': 0.0981, 'ndcg@10': 0.0501, 'hit@15': 0.1297, 'ndcg@15': 0.0585, 'hit@20': 0.1576, 'ndcg@20': 0.0651, 'hit@40': 0.2465, 'ndcg@40': 0.0831} 
2024-10-09 15:02:24.163 | INFO     | trainer_1:_train_one_epoch:209 - test 34 cost time 11.22s, result: {'hit@1': 0.011, 'ndcg@1': 0.011, 'hit@5': 0.0395, 'ndcg@5': 0.0252, 'hit@10': 0.0671, 'ndcg@10': 0.034, 'hit@15': 0.0878, 'ndcg@15': 0.0395, 'hit@20': 0.1079, 'ndcg@20': 0.0442, 'hit@40': 0.1739, 'ndcg@40': 0.0576} 
2024-10-09 15:02:53.441 | INFO     | trainer_1:_train_one_epoch:193 - epoch 35 10.73s Train loss is [0.3490] 
2024-10-09 15:03:03.443 | INFO     | trainer_1:_train_one_epoch:201 - validate 35 cost time 10.00s, result: {'hit@1': 0.0165, 'ndcg@1': 0.0165, 'hit@5': 0.0602, 'ndcg@5': 0.0383, 'hit@10': 0.0997, 'ndcg@10': 0.051, 'hit@15': 0.1303, 'ndcg@15': 0.0591, 'hit@20': 0.155, 'ndcg@20': 0.0649, 'hit@40': 0.2431, 'ndcg@40': 0.0829} 
2024-10-09 15:03:13.238 | INFO     | trainer_1:_train_one_epoch:209 - test 35 cost time 9.79s, result: {'hit@1': 0.0112, 'ndcg@1': 0.0112, 'hit@5': 0.0396, 'ndcg@5': 0.0255, 'hit@10': 0.0669, 'ndcg@10': 0.0343, 'hit@15': 0.0881, 'ndcg@15': 0.0399, 'hit@20': 0.1056, 'ndcg@20': 0.0441, 'hit@40': 0.1699, 'ndcg@40': 0.0572} 
2024-10-09 15:03:22.753 | INFO     | trainer_1:_train_one_epoch:193 - epoch 36 9.51s Train loss is [0.3489] 
2024-10-09 15:03:33.436 | INFO     | trainer_1:_train_one_epoch:201 - validate 36 cost time 10.68s, result: {'hit@1': 0.0157, 'ndcg@1': 0.0157, 'hit@5': 0.0591, 'ndcg@5': 0.0373, 'hit@10': 0.0994, 'ndcg@10': 0.0503, 'hit@15': 0.1321, 'ndcg@15': 0.0589, 'hit@20': 0.1614, 'ndcg@20': 0.0658, 'hit@40': 0.255, 'ndcg@40': 0.0849} 
2024-10-09 15:03:44.335 | INFO     | trainer_1:_train_one_epoch:209 - test 36 cost time 10.90s, result: {'hit@1': 0.0105, 'ndcg@1': 0.0105, 'hit@5': 0.0397, 'ndcg@5': 0.0252, 'hit@10': 0.0672, 'ndcg@10': 0.034, 'hit@15': 0.0894, 'ndcg@15': 0.0398, 'hit@20': 0.1091, 'ndcg@20': 0.0445, 'hit@40': 0.1766, 'ndcg@40': 0.0582} 
2024-10-09 15:04:14.809 | INFO     | trainer_1:_train_one_epoch:193 - epoch 37 13.37s Train loss is [0.3555] 
2024-10-09 15:04:25.556 | INFO     | trainer_1:_train_one_epoch:201 - validate 37 cost time 10.75s, result: {'hit@1': 0.0159, 'ndcg@1': 0.0159, 'hit@5': 0.0596, 'ndcg@5': 0.0378, 'hit@10': 0.0986, 'ndcg@10': 0.0503, 'hit@15': 0.1312, 'ndcg@15': 0.0589, 'hit@20': 0.1599, 'ndcg@20': 0.0657, 'hit@40': 0.2514, 'ndcg@40': 0.0844} 
2024-10-09 15:04:35.651 | INFO     | trainer_1:_train_one_epoch:209 - test 37 cost time 10.09s, result: {'hit@1': 0.0108, 'ndcg@1': 0.0108, 'hit@5': 0.0396, 'ndcg@5': 0.0251, 'hit@10': 0.0664, 'ndcg@10': 0.0337, 'hit@15': 0.0897, 'ndcg@15': 0.0399, 'hit@20': 0.1087, 'ndcg@20': 0.0444, 'hit@40': 0.1767, 'ndcg@40': 0.0582} 
2024-10-09 15:04:45.277 | INFO     | trainer_1:_train_one_epoch:193 - epoch 38 9.63s Train loss is [0.3482] 
2024-10-09 15:04:55.378 | INFO     | trainer_1:_train_one_epoch:201 - validate 38 cost time 10.10s, result: {'hit@1': 0.0162, 'ndcg@1': 0.0162, 'hit@5': 0.0609, 'ndcg@5': 0.0387, 'hit@10': 0.0992, 'ndcg@10': 0.051, 'hit@15': 0.1314, 'ndcg@15': 0.0595, 'hit@20': 0.1597, 'ndcg@20': 0.0661, 'hit@40': 0.2498, 'ndcg@40': 0.0845} 
2024-10-09 15:05:05.193 | INFO     | trainer_1:_train_one_epoch:209 - test 38 cost time 9.81s, result: {'hit@1': 0.0104, 'ndcg@1': 0.0104, 'hit@5': 0.04, 'ndcg@5': 0.025, 'hit@10': 0.0666, 'ndcg@10': 0.0335, 'hit@15': 0.0896, 'ndcg@15': 0.0396, 'hit@20': 0.1079, 'ndcg@20': 0.0439, 'hit@40': 0.175, 'ndcg@40': 0.0575} 
2024-10-09 15:05:13.838 | INFO     | trainer_1:_train_one_epoch:193 - epoch 39 8.64s Train loss is [0.3562] 
2024-10-09 15:05:24.815 | INFO     | trainer_1:_train_one_epoch:201 - validate 39 cost time 10.98s, result: {'hit@1': 0.0176, 'ndcg@1': 0.0176, 'hit@5': 0.0636, 'ndcg@5': 0.0406, 'hit@10': 0.1025, 'ndcg@10': 0.053, 'hit@15': 0.1355, 'ndcg@15': 0.0617, 'hit@20': 0.1642, 'ndcg@20': 0.0685, 'hit@40': 0.2584, 'ndcg@40': 0.0877} 
2024-10-09 15:05:34.912 | INFO     | trainer_1:_train_one_epoch:209 - test 39 cost time 10.10s, result: {'hit@1': 0.0102, 'ndcg@1': 0.0102, 'hit@5': 0.0402, 'ndcg@5': 0.0252, 'hit@10': 0.0676, 'ndcg@10': 0.0339, 'hit@15': 0.0903, 'ndcg@15': 0.0399, 'hit@20': 0.1102, 'ndcg@20': 0.0446, 'hit@40': 0.1794, 'ndcg@40': 0.0587} 
2024-10-09 15:05:58.447 | INFO     | trainer_1:_train_one_epoch:193 - epoch 40 11.52s Train loss is [0.3488] 
2024-10-09 15:06:08.620 | INFO     | trainer_1:_train_one_epoch:201 - validate 40 cost time 10.17s, result: {'hit@1': 0.0155, 'ndcg@1': 0.0155, 'hit@5': 0.0622, 'ndcg@5': 0.039, 'hit@10': 0.0999, 'ndcg@10': 0.0511, 'hit@15': 0.1359, 'ndcg@15': 0.0606, 'hit@20': 0.1652, 'ndcg@20': 0.0675, 'hit@40': 0.2562, 'ndcg@40': 0.086} 
2024-10-09 15:06:18.405 | INFO     | trainer_1:_train_one_epoch:209 - test 40 cost time 9.78s, result: {'hit@1': 0.0112, 'ndcg@1': 0.0112, 'hit@5': 0.0399, 'ndcg@5': 0.0256, 'hit@10': 0.0671, 'ndcg@10': 0.0343, 'hit@15': 0.0901, 'ndcg@15': 0.0404, 'hit@20': 0.1086, 'ndcg@20': 0.0448, 'hit@40': 0.1799, 'ndcg@40': 0.0593} 
2024-10-09 15:06:29.424 | INFO     | trainer_1:_train_one_epoch:193 - epoch 41 11.02s Train loss is [0.3461] 
2024-10-09 15:06:40.909 | INFO     | trainer_1:_train_one_epoch:201 - validate 41 cost time 11.49s, result: {'hit@1': 0.016, 'ndcg@1': 0.016, 'hit@5': 0.0614, 'ndcg@5': 0.0385, 'hit@10': 0.1002, 'ndcg@10': 0.0509, 'hit@15': 0.1332, 'ndcg@15': 0.0596, 'hit@20': 0.1638, 'ndcg@20': 0.0668, 'hit@40': 0.2601, 'ndcg@40': 0.0865} 
2024-10-09 15:06:52.185 | INFO     | trainer_1:_train_one_epoch:209 - test 41 cost time 11.28s, result: {'hit@1': 0.0111, 'ndcg@1': 0.0111, 'hit@5': 0.0396, 'ndcg@5': 0.0253, 'hit@10': 0.0679, 'ndcg@10': 0.0343, 'hit@15': 0.0904, 'ndcg@15': 0.0402, 'hit@20': 0.111, 'ndcg@20': 0.0451, 'hit@40': 0.1788, 'ndcg@40': 0.0589} 
2024-10-09 15:07:16.983 | INFO     | trainer_1:_train_one_epoch:193 - epoch 42 10.83s Train loss is [0.3398] 
2024-10-09 15:07:26.995 | INFO     | trainer_1:_train_one_epoch:201 - validate 42 cost time 10.01s, result: {'hit@1': 0.0151, 'ndcg@1': 0.0151, 'hit@5': 0.0592, 'ndcg@5': 0.0371, 'hit@10': 0.0959, 'ndcg@10': 0.0488, 'hit@15': 0.1279, 'ndcg@15': 0.0573, 'hit@20': 0.1564, 'ndcg@20': 0.064, 'hit@40': 0.2487, 'ndcg@40': 0.0828} 
2024-10-09 15:07:36.799 | INFO     | trainer_1:_train_one_epoch:209 - test 42 cost time 9.80s, result: {'hit@1': 0.011, 'ndcg@1': 0.011, 'hit@5': 0.0377, 'ndcg@5': 0.0243, 'hit@10': 0.0641, 'ndcg@10': 0.0327, 'hit@15': 0.086, 'ndcg@15': 0.0385, 'hit@20': 0.1055, 'ndcg@20': 0.0431, 'hit@40': 0.1701, 'ndcg@40': 0.0562} 
2024-10-09 15:07:47.845 | INFO     | trainer_1:_train_one_epoch:193 - epoch 43 11.04s Train loss is [0.3453] 
2024-10-09 15:07:58.886 | INFO     | trainer_1:_train_one_epoch:201 - validate 43 cost time 11.04s, result: {'hit@1': 0.0146, 'ndcg@1': 0.0146, 'hit@5': 0.059, 'ndcg@5': 0.0369, 'hit@10': 0.099, 'ndcg@10': 0.0498, 'hit@15': 0.1323, 'ndcg@15': 0.0586, 'hit@20': 0.1639, 'ndcg@20': 0.066, 'hit@40': 0.2589, 'ndcg@40': 0.0853} 
2024-10-09 15:08:10.131 | INFO     | trainer_1:_train_one_epoch:209 - test 43 cost time 11.24s, result: {'hit@1': 0.0109, 'ndcg@1': 0.0109, 'hit@5': 0.0372, 'ndcg@5': 0.0241, 'hit@10': 0.0653, 'ndcg@10': 0.0331, 'hit@15': 0.0886, 'ndcg@15': 0.0393, 'hit@20': 0.11, 'ndcg@20': 0.0443, 'hit@40': 0.179, 'ndcg@40': 0.0583} 
2024-10-09 15:08:19.294 | INFO     | trainer_1:_train_one_epoch:193 - epoch 44 9.16s Train loss is [0.3397] 
2024-10-09 15:08:29.683 | INFO     | trainer_1:_train_one_epoch:201 - validate 44 cost time 10.39s, result: {'hit@1': 0.0158, 'ndcg@1': 0.0158, 'hit@5': 0.0614, 'ndcg@5': 0.0386, 'hit@10': 0.1053, 'ndcg@10': 0.0527, 'hit@15': 0.1414, 'ndcg@15': 0.0623, 'hit@20': 0.1719, 'ndcg@20': 0.0695, 'hit@40': 0.2679, 'ndcg@40': 0.0891} 
2024-10-09 15:08:39.452 | INFO     | trainer_1:_train_one_epoch:209 - test 44 cost time 9.77s, result: {'hit@1': 0.0119, 'ndcg@1': 0.0119, 'hit@5': 0.0419, 'ndcg@5': 0.0269, 'hit@10': 0.0708, 'ndcg@10': 0.0362, 'hit@15': 0.0952, 'ndcg@15': 0.0426, 'hit@20': 0.1152, 'ndcg@20': 0.0473, 'hit@40': 0.1853, 'ndcg@40': 0.0616} 
2024-10-09 15:09:03.879 | INFO     | trainer_1:_train_one_epoch:193 - epoch 45 8.45s Train loss is [0.3409] 
2024-10-09 15:09:13.795 | INFO     | trainer_1:_train_one_epoch:201 - validate 45 cost time 9.92s, result: {'hit@1': 0.0178, 'ndcg@1': 0.0178, 'hit@5': 0.0626, 'ndcg@5': 0.04, 'hit@10': 0.1016, 'ndcg@10': 0.0526, 'hit@15': 0.1341, 'ndcg@15': 0.0611, 'hit@20': 0.1632, 'ndcg@20': 0.068, 'hit@40': 0.257, 'ndcg@40': 0.0871} 
2024-10-09 15:09:23.493 | INFO     | trainer_1:_train_one_epoch:209 - test 45 cost time 9.70s, result: {'hit@1': 0.0118, 'ndcg@1': 0.0118, 'hit@5': 0.0395, 'ndcg@5': 0.0257, 'hit@10': 0.0654, 'ndcg@10': 0.034, 'hit@15': 0.0872, 'ndcg@15': 0.0398, 'hit@20': 0.109, 'ndcg@20': 0.0449, 'hit@40': 0.177, 'ndcg@40': 0.0588} 
2024-10-09 15:09:30.150 | INFO     | trainer_1:_train_one_epoch:193 - epoch 46 6.66s Train loss is [0.3421] 
2024-10-09 15:09:39.963 | INFO     | trainer_1:_train_one_epoch:201 - validate 46 cost time 9.81s, result: {'hit@1': 0.0165, 'ndcg@1': 0.0165, 'hit@5': 0.0619, 'ndcg@5': 0.0391, 'hit@10': 0.1015, 'ndcg@10': 0.0519, 'hit@15': 0.1358, 'ndcg@15': 0.061, 'hit@20': 0.1669, 'ndcg@20': 0.0683, 'hit@40': 0.2602, 'ndcg@40': 0.0873} 
2024-10-09 15:09:49.742 | INFO     | trainer_1:_train_one_epoch:209 - test 46 cost time 9.78s, result: {'hit@1': 0.011, 'ndcg@1': 0.011, 'hit@5': 0.0405, 'ndcg@5': 0.0256, 'hit@10': 0.0688, 'ndcg@10': 0.0346, 'hit@15': 0.0899, 'ndcg@15': 0.0402, 'hit@20': 0.1115, 'ndcg@20': 0.0453, 'hit@40': 0.1794, 'ndcg@40': 0.0591} 
2024-10-09 15:09:58.246 | INFO     | trainer_1:_train_one_epoch:193 - epoch 47 8.50s Train loss is [0.3372] 
2024-10-09 15:10:08.685 | INFO     | trainer_1:_train_one_epoch:201 - validate 47 cost time 10.44s, result: {'hit@1': 0.0159, 'ndcg@1': 0.0159, 'hit@5': 0.0627, 'ndcg@5': 0.0392, 'hit@10': 0.1043, 'ndcg@10': 0.0526, 'hit@15': 0.137, 'ndcg@15': 0.0612, 'hit@20': 0.1684, 'ndcg@20': 0.0686, 'hit@40': 0.2608, 'ndcg@40': 0.0874} 
2024-10-09 15:10:18.491 | INFO     | trainer_1:_train_one_epoch:209 - test 47 cost time 9.81s, result: {'hit@1': 0.0122, 'ndcg@1': 0.0122, 'hit@5': 0.0408, 'ndcg@5': 0.0264, 'hit@10': 0.0697, 'ndcg@10': 0.0357, 'hit@15': 0.0918, 'ndcg@15': 0.0415, 'hit@20': 0.1129, 'ndcg@20': 0.0465, 'hit@40': 0.1827, 'ndcg@40': 0.0606} 
2024-10-09 15:10:26.326 | INFO     | trainer_1:_train_one_epoch:193 - epoch 48 7.83s Train loss is [0.3354] 
2024-10-09 15:10:37.064 | INFO     | trainer_1:_train_one_epoch:201 - validate 48 cost time 10.74s, result: {'hit@1': 0.0161, 'ndcg@1': 0.0161, 'hit@5': 0.0594, 'ndcg@5': 0.0378, 'hit@10': 0.1002, 'ndcg@10': 0.0509, 'hit@15': 0.1346, 'ndcg@15': 0.06, 'hit@20': 0.1646, 'ndcg@20': 0.0671, 'hit@40': 0.258, 'ndcg@40': 0.0861} 
2024-10-09 15:10:47.599 | INFO     | trainer_1:_train_one_epoch:209 - test 48 cost time 10.53s, result: {'hit@1': 0.0118, 'ndcg@1': 0.0118, 'hit@5': 0.0399, 'ndcg@5': 0.0257, 'hit@10': 0.0673, 'ndcg@10': 0.0345, 'hit@15': 0.0903, 'ndcg@15': 0.0406, 'hit@20': 0.1108, 'ndcg@20': 0.0454, 'hit@40': 0.1817, 'ndcg@40': 0.0598} 
2024-10-09 15:11:01.135 | INFO     | trainer_1:_train_one_epoch:193 - epoch 49 13.53s Train loss is [0.3384] 
2024-10-09 15:11:12.533 | INFO     | trainer_1:_train_one_epoch:201 - validate 49 cost time 11.40s, result: {'hit@1': 0.0168, 'ndcg@1': 0.0168, 'hit@5': 0.0627, 'ndcg@5': 0.0396, 'hit@10': 0.1033, 'ndcg@10': 0.0526, 'hit@15': 0.1386, 'ndcg@15': 0.0619, 'hit@20': 0.1691, 'ndcg@20': 0.0692, 'hit@40': 0.2662, 'ndcg@40': 0.0889} 
2024-10-09 15:11:23.717 | INFO     | trainer_1:_train_one_epoch:209 - test 49 cost time 11.18s, result: {'hit@1': 0.0118, 'ndcg@1': 0.0118, 'hit@5': 0.0426, 'ndcg@5': 0.0272, 'hit@10': 0.0696, 'ndcg@10': 0.0359, 'hit@15': 0.0925, 'ndcg@15': 0.0419, 'hit@20': 0.1148, 'ndcg@20': 0.0472, 'hit@40': 0.1852, 'ndcg@40': 0.0615} 
2024-10-09 15:11:23.728 | INFO     | trainer_1:train_model:163 - training end, best iteration 44, results: {'hit@1': 0.0158, 'ndcg@1': 0.0158, 'hit@5': 0.0614, 'ndcg@5': 0.0386, 'hit@10': 0.1053, 'ndcg@10': 0.0527, 'hit@15': 0.1414, 'ndcg@15': 0.0623, 'hit@20': 0.1719, 'ndcg@20': 0.0695, 'hit@40': 0.2679, 'ndcg@40': 0.0891}
2024-10-09 15:11:23.728 | INFO     | trainer_1:train_model:166 - final test result is:  {'hit@1': 0.0119, 'ndcg@1': 0.0119, 'hit@5': 0.0419, 'ndcg@5': 0.0269, 'hit@10': 0.0708, 'ndcg@10': 0.0362, 'hit@15': 0.0952, 'ndcg@15': 0.0426, 'hit@20': 0.1152, 'ndcg@20': 0.0473, 'hit@40': 0.1853, 'ndcg@40': 0.0616}
2024-10-09 15:11:24.326 | INFO     | __main__:<module>:119 - train end total cost time: 2846.0529980659485
