2024-10-09 13:54:21.749 | INFO     | __main__:<module>:105 - Namespace(TIME='2024-10-09 13_53_49', batch_size=1024, behaviors=['view', 'cart', 'buy'], check_point='model_pre_1_2024-10-08 12_13_12.pth', data_name='beibei', data_path='./data/beibei', decay=0.001, device='cuda:1', dim_qk=32, dim_v=64, distill_layers=2, distill_thres=0.5, distill_topK=20, distill_userK=2, embedding_size=64, epochs=100, gpu_no=1, if_load_model=True, ii_lambda=200, initializer_range=0.02, layers=2, loss_type='bpr', lr=0.001, message_dropout=0.25, metrics=['hit', 'ndcg'], min_epoch=5, model_name='main_1', model_path='./check_point', node_dropout=0.75, omega=1, pt_loop=50, reg_weight=0.001, test_batch_size=1024, testbatch=1024, topk=[1, 5, 10, 15, 20, 40], uu_lambda=100)
2024-10-09 13:54:21.749 | INFO     | __main__:<module>:106 - BIPN(
  (message_dropout): Dropout(p=0.25, inplace=False)
  (user_embedding): Embedding(21717, 64, padding_idx=0)
  (item_embedding): Embedding(7978, 64, padding_idx=0)
  (global_Graph): LightGCN()
  (Graph_encoder): ModuleDict(
    (view): GraphEncoder(
      (light): LightGCN()
      (dropout): Dropout(p=0.75, inplace=False)
    )
    (cart): GraphEncoder(
      (light): LightGCN()
      (dropout): Dropout(p=0.75, inplace=False)
    )
    (buy): GraphEncoder(
      (light): LightGCN()
      (dropout): Dropout(p=0.75, inplace=False)
    )
  )
  (attention): Mutual_Attention()
  (bpr_loss): BPRLoss()
  (emb_loss): EmbLoss()
  (f): Sigmoid()
)
2024-10-09 13:59:56.771 | INFO     | trainer_1:_train_one_epoch:193 - epoch 1 8.13s Train loss is [0.9020] 
2024-10-09 14:00:03.619 | INFO     | trainer_1:_train_one_epoch:201 - validate 1 cost time 6.85s, result: {'hit@1': 0.0076, 'ndcg@1': 0.0076, 'hit@5': 0.0295, 'ndcg@5': 0.0185, 'hit@10': 0.05, 'ndcg@10': 0.0251, 'hit@15': 0.0692, 'ndcg@15': 0.0301, 'hit@20': 0.0855, 'ndcg@20': 0.034, 'hit@40': 0.1442, 'ndcg@40': 0.0459} 
2024-10-09 14:00:10.807 | INFO     | trainer_1:_train_one_epoch:209 - test 1 cost time 7.19s, result: {'hit@1': 0.0041, 'ndcg@1': 0.0041, 'hit@5': 0.0179, 'ndcg@5': 0.0108, 'hit@10': 0.035, 'ndcg@10': 0.0163, 'hit@15': 0.0493, 'ndcg@15': 0.0201, 'hit@20': 0.0617, 'ndcg@20': 0.023, 'hit@40': 0.105, 'ndcg@40': 0.0318} 
2024-10-09 14:00:27.778 | INFO     | trainer_1:_train_one_epoch:193 - epoch 2 6.74s Train loss is [0.6785] 
2024-10-09 14:00:34.466 | INFO     | trainer_1:_train_one_epoch:201 - validate 2 cost time 6.69s, result: {'hit@1': 0.0081, 'ndcg@1': 0.0081, 'hit@5': 0.0333, 'ndcg@5': 0.0205, 'hit@10': 0.0574, 'ndcg@10': 0.0283, 'hit@15': 0.0772, 'ndcg@15': 0.0335, 'hit@20': 0.0953, 'ndcg@20': 0.0378, 'hit@40': 0.1595, 'ndcg@40': 0.0508} 
2024-10-09 14:00:41.218 | INFO     | trainer_1:_train_one_epoch:209 - test 2 cost time 6.75s, result: {'hit@1': 0.0047, 'ndcg@1': 0.0047, 'hit@5': 0.0202, 'ndcg@5': 0.0124, 'hit@10': 0.0365, 'ndcg@10': 0.0176, 'hit@15': 0.0524, 'ndcg@15': 0.0218, 'hit@20': 0.0659, 'ndcg@20': 0.0249, 'hit@40': 0.1149, 'ndcg@40': 0.0349} 
2024-10-09 14:00:58.413 | INFO     | trainer_1:_train_one_epoch:193 - epoch 3 6.73s Train loss is [0.6041] 
2024-10-09 14:01:03.332 | INFO     | trainer_1:_train_one_epoch:201 - validate 3 cost time 4.92s, result: {'hit@1': 0.0098, 'ndcg@1': 0.0098, 'hit@5': 0.0377, 'ndcg@5': 0.0235, 'hit@10': 0.0654, 'ndcg@10': 0.0324, 'hit@15': 0.0914, 'ndcg@15': 0.0393, 'hit@20': 0.1144, 'ndcg@20': 0.0447, 'hit@40': 0.1886, 'ndcg@40': 0.0598} 
2024-10-09 14:01:09.321 | INFO     | trainer_1:_train_one_epoch:209 - test 3 cost time 5.99s, result: {'hit@1': 0.0056, 'ndcg@1': 0.0056, 'hit@5': 0.0237, 'ndcg@5': 0.0144, 'hit@10': 0.0433, 'ndcg@10': 0.0206, 'hit@15': 0.0608, 'ndcg@15': 0.0252, 'hit@20': 0.0765, 'ndcg@20': 0.029, 'hit@40': 0.1344, 'ndcg@40': 0.0407} 
2024-10-09 14:01:26.686 | INFO     | trainer_1:_train_one_epoch:193 - epoch 4 6.88s Train loss is [0.5729] 
2024-10-09 14:01:33.947 | INFO     | trainer_1:_train_one_epoch:201 - validate 4 cost time 7.26s, result: {'hit@1': 0.0111, 'ndcg@1': 0.0111, 'hit@5': 0.0419, 'ndcg@5': 0.0266, 'hit@10': 0.0713, 'ndcg@10': 0.036, 'hit@15': 0.0965, 'ndcg@15': 0.0426, 'hit@20': 0.1198, 'ndcg@20': 0.0481, 'hit@40': 0.1906, 'ndcg@40': 0.0625} 
2024-10-09 14:01:38.793 | INFO     | trainer_1:_train_one_epoch:209 - test 4 cost time 4.85s, result: {'hit@1': 0.006, 'ndcg@1': 0.006, 'hit@5': 0.0232, 'ndcg@5': 0.0146, 'hit@10': 0.0421, 'ndcg@10': 0.0207, 'hit@15': 0.0601, 'ndcg@15': 0.0254, 'hit@20': 0.0752, 'ndcg@20': 0.029, 'hit@40': 0.1272, 'ndcg@40': 0.0396} 
2024-10-09 14:01:45.796 | INFO     | trainer_1:_train_one_epoch:193 - epoch 5 7.00s Train loss is [0.5362] 
2024-10-09 14:01:52.136 | INFO     | trainer_1:_train_one_epoch:201 - validate 5 cost time 6.34s, result: {'hit@1': 0.0124, 'ndcg@1': 0.0124, 'hit@5': 0.0449, 'ndcg@5': 0.0286, 'hit@10': 0.075, 'ndcg@10': 0.0382, 'hit@15': 0.1007, 'ndcg@15': 0.045, 'hit@20': 0.1246, 'ndcg@20': 0.0506, 'hit@40': 0.1972, 'ndcg@40': 0.0654} 
2024-10-09 14:01:59.278 | INFO     | trainer_1:_train_one_epoch:209 - test 5 cost time 7.14s, result: {'hit@1': 0.007, 'ndcg@1': 0.007, 'hit@5': 0.0268, 'ndcg@5': 0.0167, 'hit@10': 0.0452, 'ndcg@10': 0.0226, 'hit@15': 0.0621, 'ndcg@15': 0.0271, 'hit@20': 0.0781, 'ndcg@20': 0.0309, 'hit@40': 0.1319, 'ndcg@40': 0.0418} 
2024-10-09 14:02:16.358 | INFO     | trainer_1:_train_one_epoch:193 - epoch 6 6.69s Train loss is [0.5202] 
2024-10-09 14:02:21.747 | INFO     | trainer_1:_train_one_epoch:201 - validate 6 cost time 5.39s, result: {'hit@1': 0.0131, 'ndcg@1': 0.0131, 'hit@5': 0.0446, 'ndcg@5': 0.0286, 'hit@10': 0.0737, 'ndcg@10': 0.0379, 'hit@15': 0.0994, 'ndcg@15': 0.0447, 'hit@20': 0.1231, 'ndcg@20': 0.0503, 'hit@40': 0.197, 'ndcg@40': 0.0653} 
2024-10-09 14:02:27.943 | INFO     | trainer_1:_train_one_epoch:209 - test 6 cost time 6.20s, result: {'hit@1': 0.0071, 'ndcg@1': 0.0071, 'hit@5': 0.0284, 'ndcg@5': 0.0177, 'hit@10': 0.049, 'ndcg@10': 0.0242, 'hit@15': 0.0672, 'ndcg@15': 0.0291, 'hit@20': 0.0833, 'ndcg@20': 0.0329, 'hit@40': 0.1407, 'ndcg@40': 0.0445} 
2024-10-09 14:02:45.368 | INFO     | trainer_1:_train_one_epoch:193 - epoch 7 7.04s Train loss is [0.4899] 
2024-10-09 14:02:51.966 | INFO     | trainer_1:_train_one_epoch:201 - validate 7 cost time 6.60s, result: {'hit@1': 0.0126, 'ndcg@1': 0.0126, 'hit@5': 0.044, 'ndcg@5': 0.028, 'hit@10': 0.0742, 'ndcg@10': 0.0376, 'hit@15': 0.1009, 'ndcg@15': 0.0447, 'hit@20': 0.1238, 'ndcg@20': 0.0501, 'hit@40': 0.2019, 'ndcg@40': 0.0659} 
2024-10-09 14:02:58.258 | INFO     | trainer_1:_train_one_epoch:209 - test 7 cost time 6.29s, result: {'hit@1': 0.0063, 'ndcg@1': 0.0063, 'hit@5': 0.0271, 'ndcg@5': 0.0165, 'hit@10': 0.0476, 'ndcg@10': 0.0231, 'hit@15': 0.065, 'ndcg@15': 0.0277, 'hit@20': 0.0825, 'ndcg@20': 0.0318, 'hit@40': 0.1436, 'ndcg@40': 0.0442} 
2024-10-09 14:03:05.119 | INFO     | trainer_1:_train_one_epoch:193 - epoch 8 6.86s Train loss is [0.4904] 
2024-10-09 14:03:12.289 | INFO     | trainer_1:_train_one_epoch:201 - validate 8 cost time 7.17s, result: {'hit@1': 0.012, 'ndcg@1': 0.012, 'hit@5': 0.0444, 'ndcg@5': 0.0281, 'hit@10': 0.0748, 'ndcg@10': 0.0378, 'hit@15': 0.1008, 'ndcg@15': 0.0446, 'hit@20': 0.1241, 'ndcg@20': 0.0502, 'hit@40': 0.1997, 'ndcg@40': 0.0656} 
2024-10-09 14:03:19.344 | INFO     | trainer_1:_train_one_epoch:209 - test 8 cost time 7.05s, result: {'hit@1': 0.0071, 'ndcg@1': 0.0071, 'hit@5': 0.0272, 'ndcg@5': 0.0172, 'hit@10': 0.0477, 'ndcg@10': 0.0237, 'hit@15': 0.0656, 'ndcg@15': 0.0284, 'hit@20': 0.0831, 'ndcg@20': 0.0326, 'hit@40': 0.1419, 'ndcg@40': 0.0445} 
2024-10-09 14:03:26.305 | INFO     | trainer_1:_train_one_epoch:193 - epoch 9 6.96s Train loss is [0.4654] 
2024-10-09 14:03:33.104 | INFO     | trainer_1:_train_one_epoch:201 - validate 9 cost time 6.80s, result: {'hit@1': 0.0105, 'ndcg@1': 0.0105, 'hit@5': 0.044, 'ndcg@5': 0.0273, 'hit@10': 0.0736, 'ndcg@10': 0.0369, 'hit@15': 0.0998, 'ndcg@15': 0.0438, 'hit@20': 0.1232, 'ndcg@20': 0.0493, 'hit@40': 0.2015, 'ndcg@40': 0.0652} 
2024-10-09 14:03:40.252 | INFO     | trainer_1:_train_one_epoch:209 - test 9 cost time 7.15s, result: {'hit@1': 0.0066, 'ndcg@1': 0.0066, 'hit@5': 0.027, 'ndcg@5': 0.0168, 'hit@10': 0.0454, 'ndcg@10': 0.0226, 'hit@15': 0.0627, 'ndcg@15': 0.0272, 'hit@20': 0.0806, 'ndcg@20': 0.0314, 'hit@40': 0.1398, 'ndcg@40': 0.0435} 
2024-10-09 14:03:47.128 | INFO     | trainer_1:_train_one_epoch:193 - epoch 10 6.88s Train loss is [0.4547] 
2024-10-09 14:03:53.681 | INFO     | trainer_1:_train_one_epoch:201 - validate 10 cost time 6.55s, result: {'hit@1': 0.0117, 'ndcg@1': 0.0117, 'hit@5': 0.0455, 'ndcg@5': 0.0286, 'hit@10': 0.0766, 'ndcg@10': 0.0386, 'hit@15': 0.1055, 'ndcg@15': 0.0462, 'hit@20': 0.1298, 'ndcg@20': 0.0519, 'hit@40': 0.2099, 'ndcg@40': 0.0682} 
2024-10-09 14:03:58.506 | INFO     | trainer_1:_train_one_epoch:209 - test 10 cost time 4.83s, result: {'hit@1': 0.0065, 'ndcg@1': 0.0065, 'hit@5': 0.0279, 'ndcg@5': 0.0172, 'hit@10': 0.0484, 'ndcg@10': 0.0238, 'hit@15': 0.0664, 'ndcg@15': 0.0285, 'hit@20': 0.0838, 'ndcg@20': 0.0327, 'hit@40': 0.1456, 'ndcg@40': 0.0452} 
2024-10-09 14:04:05.090 | INFO     | trainer_1:_train_one_epoch:193 - epoch 11 6.58s Train loss is [0.4395] 
2024-10-09 14:04:11.501 | INFO     | trainer_1:_train_one_epoch:201 - validate 11 cost time 6.41s, result: {'hit@1': 0.0108, 'ndcg@1': 0.0108, 'hit@5': 0.0424, 'ndcg@5': 0.0266, 'hit@10': 0.074, 'ndcg@10': 0.0367, 'hit@15': 0.1018, 'ndcg@15': 0.0441, 'hit@20': 0.125, 'ndcg@20': 0.0496, 'hit@40': 0.204, 'ndcg@40': 0.0657} 
2024-10-09 14:04:18.698 | INFO     | trainer_1:_train_one_epoch:209 - test 11 cost time 7.20s, result: {'hit@1': 0.0065, 'ndcg@1': 0.0065, 'hit@5': 0.0267, 'ndcg@5': 0.0165, 'hit@10': 0.0478, 'ndcg@10': 0.0233, 'hit@15': 0.0649, 'ndcg@15': 0.0279, 'hit@20': 0.0822, 'ndcg@20': 0.0319, 'hit@40': 0.1421, 'ndcg@40': 0.0441} 
2024-10-09 14:04:25.196 | INFO     | trainer_1:_train_one_epoch:193 - epoch 12 6.50s Train loss is [0.4475] 
2024-10-09 14:04:32.443 | INFO     | trainer_1:_train_one_epoch:201 - validate 12 cost time 7.25s, result: {'hit@1': 0.0112, 'ndcg@1': 0.0112, 'hit@5': 0.0436, 'ndcg@5': 0.0275, 'hit@10': 0.0747, 'ndcg@10': 0.0375, 'hit@15': 0.1019, 'ndcg@15': 0.0446, 'hit@20': 0.1261, 'ndcg@20': 0.0504, 'hit@40': 0.202, 'ndcg@40': 0.0658} 
2024-10-09 14:04:37.482 | INFO     | trainer_1:_train_one_epoch:209 - test 12 cost time 5.04s, result: {'hit@1': 0.007, 'ndcg@1': 0.007, 'hit@5': 0.0279, 'ndcg@5': 0.0175, 'hit@10': 0.0486, 'ndcg@10': 0.0241, 'hit@15': 0.0652, 'ndcg@15': 0.0285, 'hit@20': 0.0812, 'ndcg@20': 0.0323, 'hit@40': 0.1412, 'ndcg@40': 0.0445} 
2024-10-09 14:04:44.064 | INFO     | trainer_1:_train_one_epoch:193 - epoch 13 6.58s Train loss is [0.4466] 
2024-10-09 14:04:50.341 | INFO     | trainer_1:_train_one_epoch:201 - validate 13 cost time 6.28s, result: {'hit@1': 0.0115, 'ndcg@1': 0.0115, 'hit@5': 0.0475, 'ndcg@5': 0.0295, 'hit@10': 0.0816, 'ndcg@10': 0.0403, 'hit@15': 0.1107, 'ndcg@15': 0.048, 'hit@20': 0.1381, 'ndcg@20': 0.0545, 'hit@40': 0.2174, 'ndcg@40': 0.0707} 
2024-10-09 14:04:57.261 | INFO     | trainer_1:_train_one_epoch:209 - test 13 cost time 6.92s, result: {'hit@1': 0.0082, 'ndcg@1': 0.0082, 'hit@5': 0.0302, 'ndcg@5': 0.0191, 'hit@10': 0.0516, 'ndcg@10': 0.026, 'hit@15': 0.0706, 'ndcg@15': 0.031, 'hit@20': 0.0894, 'ndcg@20': 0.0354, 'hit@40': 0.1526, 'ndcg@40': 0.0483} 
2024-10-09 14:05:20.484 | INFO     | trainer_1:_train_one_epoch:193 - epoch 14 10.30s Train loss is [0.4283] 
2024-10-09 14:05:29.627 | INFO     | trainer_1:_train_one_epoch:201 - validate 14 cost time 9.14s, result: {'hit@1': 0.0126, 'ndcg@1': 0.0126, 'hit@5': 0.0485, 'ndcg@5': 0.0305, 'hit@10': 0.0833, 'ndcg@10': 0.0417, 'hit@15': 0.1128, 'ndcg@15': 0.0494, 'hit@20': 0.1392, 'ndcg@20': 0.0557, 'hit@40': 0.2198, 'ndcg@40': 0.0721} 
2024-10-09 14:05:38.517 | INFO     | trainer_1:_train_one_epoch:209 - test 14 cost time 8.89s, result: {'hit@1': 0.0082, 'ndcg@1': 0.0082, 'hit@5': 0.0309, 'ndcg@5': 0.0193, 'hit@10': 0.0533, 'ndcg@10': 0.0265, 'hit@15': 0.0738, 'ndcg@15': 0.0319, 'hit@20': 0.0933, 'ndcg@20': 0.0365, 'hit@40': 0.1559, 'ndcg@40': 0.0493} 
2024-10-09 14:05:58.814 | INFO     | trainer_1:_train_one_epoch:193 - epoch 15 8.14s Train loss is [0.4281] 
2024-10-09 14:06:07.898 | INFO     | trainer_1:_train_one_epoch:201 - validate 15 cost time 9.08s, result: {'hit@1': 0.0117, 'ndcg@1': 0.0117, 'hit@5': 0.0484, 'ndcg@5': 0.0301, 'hit@10': 0.0808, 'ndcg@10': 0.0405, 'hit@15': 0.109, 'ndcg@15': 0.048, 'hit@20': 0.1339, 'ndcg@20': 0.0539, 'hit@40': 0.2157, 'ndcg@40': 0.0705} 
2024-10-09 14:06:16.764 | INFO     | trainer_1:_train_one_epoch:209 - test 15 cost time 8.87s, result: {'hit@1': 0.0087, 'ndcg@1': 0.0087, 'hit@5': 0.0312, 'ndcg@5': 0.0198, 'hit@10': 0.0523, 'ndcg@10': 0.0266, 'hit@15': 0.0728, 'ndcg@15': 0.032, 'hit@20': 0.0912, 'ndcg@20': 0.0364, 'hit@40': 0.1529, 'ndcg@40': 0.0489} 
2024-10-09 14:06:27.922 | INFO     | trainer_1:_train_one_epoch:193 - epoch 16 11.16s Train loss is [0.4069] 
2024-10-09 14:06:35.694 | INFO     | trainer_1:_train_one_epoch:201 - validate 16 cost time 7.77s, result: {'hit@1': 0.0141, 'ndcg@1': 0.0141, 'hit@5': 0.0533, 'ndcg@5': 0.0336, 'hit@10': 0.0868, 'ndcg@10': 0.0443, 'hit@15': 0.1161, 'ndcg@15': 0.052, 'hit@20': 0.1417, 'ndcg@20': 0.0581, 'hit@40': 0.2244, 'ndcg@40': 0.0749} 
2024-10-09 14:06:45.359 | INFO     | trainer_1:_train_one_epoch:209 - test 16 cost time 9.66s, result: {'hit@1': 0.0097, 'ndcg@1': 0.0097, 'hit@5': 0.0363, 'ndcg@5': 0.0227, 'hit@10': 0.0592, 'ndcg@10': 0.03, 'hit@15': 0.0779, 'ndcg@15': 0.035, 'hit@20': 0.0962, 'ndcg@20': 0.0393, 'hit@40': 0.1629, 'ndcg@40': 0.0528} 
2024-10-09 14:07:06.491 | INFO     | trainer_1:_train_one_epoch:193 - epoch 17 9.86s Train loss is [0.4089] 
2024-10-09 14:07:14.581 | INFO     | trainer_1:_train_one_epoch:201 - validate 17 cost time 8.09s, result: {'hit@1': 0.0134, 'ndcg@1': 0.0134, 'hit@5': 0.0536, 'ndcg@5': 0.0331, 'hit@10': 0.0903, 'ndcg@10': 0.0449, 'hit@15': 0.1195, 'ndcg@15': 0.0526, 'hit@20': 0.1488, 'ndcg@20': 0.0595, 'hit@40': 0.2331, 'ndcg@40': 0.0766} 
2024-10-09 14:07:22.926 | INFO     | trainer_1:_train_one_epoch:209 - test 17 cost time 8.35s, result: {'hit@1': 0.0099, 'ndcg@1': 0.0099, 'hit@5': 0.0363, 'ndcg@5': 0.0231, 'hit@10': 0.0611, 'ndcg@10': 0.031, 'hit@15': 0.0816, 'ndcg@15': 0.0364, 'hit@20': 0.1008, 'ndcg@20': 0.0409, 'hit@40': 0.1681, 'ndcg@40': 0.0546} 
2024-10-09 14:07:45.171 | INFO     | trainer_1:_train_one_epoch:193 - epoch 18 10.96s Train loss is [0.3994] 
2024-10-09 14:07:52.893 | INFO     | trainer_1:_train_one_epoch:201 - validate 18 cost time 7.72s, result: {'hit@1': 0.0148, 'ndcg@1': 0.0148, 'hit@5': 0.0521, 'ndcg@5': 0.0336, 'hit@10': 0.0884, 'ndcg@10': 0.0452, 'hit@15': 0.117, 'ndcg@15': 0.0528, 'hit@20': 0.1436, 'ndcg@20': 0.059, 'hit@40': 0.2278, 'ndcg@40': 0.0761} 
2024-10-09 14:08:00.376 | INFO     | trainer_1:_train_one_epoch:209 - test 18 cost time 7.48s, result: {'hit@1': 0.0097, 'ndcg@1': 0.0097, 'hit@5': 0.0356, 'ndcg@5': 0.0227, 'hit@10': 0.0593, 'ndcg@10': 0.0303, 'hit@15': 0.0789, 'ndcg@15': 0.0355, 'hit@20': 0.0984, 'ndcg@20': 0.0401, 'hit@40': 0.1637, 'ndcg@40': 0.0533} 
2024-10-09 14:08:09.961 | INFO     | trainer_1:_train_one_epoch:193 - epoch 19 9.58s Train loss is [0.3997] 
2024-10-09 14:08:18.267 | INFO     | trainer_1:_train_one_epoch:201 - validate 19 cost time 8.31s, result: {'hit@1': 0.0144, 'ndcg@1': 0.0144, 'hit@5': 0.0501, 'ndcg@5': 0.0323, 'hit@10': 0.0848, 'ndcg@10': 0.0434, 'hit@15': 0.1151, 'ndcg@15': 0.0513, 'hit@20': 0.1407, 'ndcg@20': 0.0574, 'hit@40': 0.2259, 'ndcg@40': 0.0747} 
2024-10-09 14:08:26.592 | INFO     | trainer_1:_train_one_epoch:209 - test 19 cost time 8.32s, result: {'hit@1': 0.0098, 'ndcg@1': 0.0098, 'hit@5': 0.0342, 'ndcg@5': 0.0219, 'hit@10': 0.0582, 'ndcg@10': 0.0296, 'hit@15': 0.0783, 'ndcg@15': 0.0349, 'hit@20': 0.0968, 'ndcg@20': 0.0392, 'hit@40': 0.1594, 'ndcg@40': 0.0519} 
2024-10-09 14:08:37.669 | INFO     | trainer_1:_train_one_epoch:193 - epoch 20 11.07s Train loss is [0.3999] 
2024-10-09 14:08:43.488 | INFO     | trainer_1:_train_one_epoch:201 - validate 20 cost time 5.82s, result: {'hit@1': 0.0153, 'ndcg@1': 0.0153, 'hit@5': 0.0524, 'ndcg@5': 0.0342, 'hit@10': 0.085, 'ndcg@10': 0.0447, 'hit@15': 0.1158, 'ndcg@15': 0.0529, 'hit@20': 0.1422, 'ndcg@20': 0.0591, 'hit@40': 0.232, 'ndcg@40': 0.0774} 
2024-10-09 14:08:49.767 | INFO     | trainer_1:_train_one_epoch:209 - test 20 cost time 6.28s, result: {'hit@1': 0.0097, 'ndcg@1': 0.0097, 'hit@5': 0.0368, 'ndcg@5': 0.0233, 'hit@10': 0.0613, 'ndcg@10': 0.0312, 'hit@15': 0.0824, 'ndcg@15': 0.0367, 'hit@20': 0.101, 'ndcg@20': 0.0411, 'hit@40': 0.1673, 'ndcg@40': 0.0546} 
2024-10-09 14:09:09.199 | INFO     | trainer_1:_train_one_epoch:193 - epoch 21 8.79s Train loss is [0.3900] 
2024-10-09 14:09:16.806 | INFO     | trainer_1:_train_one_epoch:201 - validate 21 cost time 7.61s, result: {'hit@1': 0.0146, 'ndcg@1': 0.0146, 'hit@5': 0.0541, 'ndcg@5': 0.0344, 'hit@10': 0.0847, 'ndcg@10': 0.0441, 'hit@15': 0.1146, 'ndcg@15': 0.052, 'hit@20': 0.1396, 'ndcg@20': 0.0579, 'hit@40': 0.2263, 'ndcg@40': 0.0756} 
2024-10-09 14:09:23.797 | INFO     | trainer_1:_train_one_epoch:209 - test 21 cost time 6.99s, result: {'hit@1': 0.0104, 'ndcg@1': 0.0104, 'hit@5': 0.0366, 'ndcg@5': 0.0234, 'hit@10': 0.0603, 'ndcg@10': 0.0311, 'hit@15': 0.0807, 'ndcg@15': 0.0365, 'hit@20': 0.0993, 'ndcg@20': 0.0408, 'hit@40': 0.163, 'ndcg@40': 0.0538} 
2024-10-09 14:09:36.844 | INFO     | trainer_1:_train_one_epoch:193 - epoch 22 13.05s Train loss is [0.3989] 
2024-10-09 14:09:44.545 | INFO     | trainer_1:_train_one_epoch:201 - validate 22 cost time 7.70s, result: {'hit@1': 0.0155, 'ndcg@1': 0.0155, 'hit@5': 0.0544, 'ndcg@5': 0.035, 'hit@10': 0.0881, 'ndcg@10': 0.0458, 'hit@15': 0.1173, 'ndcg@15': 0.0536, 'hit@20': 0.1431, 'ndcg@20': 0.0596, 'hit@40': 0.227, 'ndcg@40': 0.0767} 
2024-10-09 14:09:49.391 | INFO     | trainer_1:_train_one_epoch:209 - test 22 cost time 4.85s, result: {'hit@1': 0.0097, 'ndcg@1': 0.0097, 'hit@5': 0.0357, 'ndcg@5': 0.0226, 'hit@10': 0.0597, 'ndcg@10': 0.0304, 'hit@15': 0.0804, 'ndcg@15': 0.0359, 'hit@20': 0.0993, 'ndcg@20': 0.0403, 'hit@40': 0.1612, 'ndcg@40': 0.0529} 
2024-10-09 14:09:58.286 | INFO     | trainer_1:_train_one_epoch:193 - epoch 23 8.89s Train loss is [0.3876] 
2024-10-09 14:10:05.785 | INFO     | trainer_1:_train_one_epoch:201 - validate 23 cost time 7.50s, result: {'hit@1': 0.0165, 'ndcg@1': 0.0165, 'hit@5': 0.0587, 'ndcg@5': 0.0374, 'hit@10': 0.0944, 'ndcg@10': 0.0489, 'hit@15': 0.1243, 'ndcg@15': 0.0567, 'hit@20': 0.1516, 'ndcg@20': 0.0632, 'hit@40': 0.2383, 'ndcg@40': 0.0808} 
2024-10-09 14:10:14.618 | INFO     | trainer_1:_train_one_epoch:209 - test 23 cost time 8.83s, result: {'hit@1': 0.0097, 'ndcg@1': 0.0097, 'hit@5': 0.0379, 'ndcg@5': 0.0238, 'hit@10': 0.0636, 'ndcg@10': 0.032, 'hit@15': 0.0825, 'ndcg@15': 0.037, 'hit@20': 0.1023, 'ndcg@20': 0.0416, 'hit@40': 0.1696, 'ndcg@40': 0.0553} 
2024-10-09 14:10:43.131 | INFO     | trainer_1:_train_one_epoch:193 - epoch 24 13.57s Train loss is [0.3828] 
2024-10-09 14:10:52.076 | INFO     | trainer_1:_train_one_epoch:201 - validate 24 cost time 8.95s, result: {'hit@1': 0.015, 'ndcg@1': 0.015, 'hit@5': 0.0562, 'ndcg@5': 0.0356, 'hit@10': 0.0889, 'ndcg@10': 0.0462, 'hit@15': 0.119, 'ndcg@15': 0.0541, 'hit@20': 0.1468, 'ndcg@20': 0.0606, 'hit@40': 0.2319, 'ndcg@40': 0.078} 
2024-10-09 14:11:00.698 | INFO     | trainer_1:_train_one_epoch:209 - test 24 cost time 8.62s, result: {'hit@1': 0.0103, 'ndcg@1': 0.0103, 'hit@5': 0.0372, 'ndcg@5': 0.0238, 'hit@10': 0.0611, 'ndcg@10': 0.0314, 'hit@15': 0.0819, 'ndcg@15': 0.0369, 'hit@20': 0.1013, 'ndcg@20': 0.0414, 'hit@40': 0.1658, 'ndcg@40': 0.0546} 
2024-10-09 14:11:09.755 | INFO     | trainer_1:_train_one_epoch:193 - epoch 25 9.06s Train loss is [0.3795] 
2024-10-09 14:11:18.546 | INFO     | trainer_1:_train_one_epoch:201 - validate 25 cost time 8.79s, result: {'hit@1': 0.0157, 'ndcg@1': 0.0157, 'hit@5': 0.0574, 'ndcg@5': 0.0369, 'hit@10': 0.0966, 'ndcg@10': 0.0494, 'hit@15': 0.1271, 'ndcg@15': 0.0574, 'hit@20': 0.154, 'ndcg@20': 0.0638, 'hit@40': 0.2408, 'ndcg@40': 0.0814} 
2024-10-09 14:11:27.429 | INFO     | trainer_1:_train_one_epoch:209 - test 25 cost time 8.88s, result: {'hit@1': 0.011, 'ndcg@1': 0.011, 'hit@5': 0.0395, 'ndcg@5': 0.0253, 'hit@10': 0.0656, 'ndcg@10': 0.0337, 'hit@15': 0.0868, 'ndcg@15': 0.0393, 'hit@20': 0.1074, 'ndcg@20': 0.0442, 'hit@40': 0.1763, 'ndcg@40': 0.0581} 
2024-10-09 14:11:46.541 | INFO     | trainer_1:_train_one_epoch:193 - epoch 26 7.88s Train loss is [0.3726] 
2024-10-09 14:11:55.539 | INFO     | trainer_1:_train_one_epoch:201 - validate 26 cost time 9.00s, result: {'hit@1': 0.0164, 'ndcg@1': 0.0164, 'hit@5': 0.0593, 'ndcg@5': 0.0378, 'hit@10': 0.097, 'ndcg@10': 0.05, 'hit@15': 0.1276, 'ndcg@15': 0.058, 'hit@20': 0.1536, 'ndcg@20': 0.0641, 'hit@40': 0.2388, 'ndcg@40': 0.0815} 
2024-10-09 14:12:04.285 | INFO     | trainer_1:_train_one_epoch:209 - test 26 cost time 8.75s, result: {'hit@1': 0.0108, 'ndcg@1': 0.0108, 'hit@5': 0.0387, 'ndcg@5': 0.0249, 'hit@10': 0.064, 'ndcg@10': 0.033, 'hit@15': 0.0855, 'ndcg@15': 0.0387, 'hit@20': 0.1058, 'ndcg@20': 0.0435, 'hit@40': 0.1712, 'ndcg@40': 0.0568} 
2024-10-09 14:12:11.440 | INFO     | trainer_1:_train_one_epoch:193 - epoch 27 7.15s Train loss is [0.3732] 
2024-10-09 14:12:17.083 | INFO     | trainer_1:_train_one_epoch:201 - validate 27 cost time 5.64s, result: {'hit@1': 0.0173, 'ndcg@1': 0.0173, 'hit@5': 0.0609, 'ndcg@5': 0.0393, 'hit@10': 0.0975, 'ndcg@10': 0.051, 'hit@15': 0.1305, 'ndcg@15': 0.0597, 'hit@20': 0.1584, 'ndcg@20': 0.0663, 'hit@40': 0.2441, 'ndcg@40': 0.0838} 
2024-10-09 14:12:23.737 | INFO     | trainer_1:_train_one_epoch:209 - test 27 cost time 6.65s, result: {'hit@1': 0.0116, 'ndcg@1': 0.0116, 'hit@5': 0.0397, 'ndcg@5': 0.0258, 'hit@10': 0.0667, 'ndcg@10': 0.0344, 'hit@15': 0.0888, 'ndcg@15': 0.0403, 'hit@20': 0.1097, 'ndcg@20': 0.0452, 'hit@40': 0.175, 'ndcg@40': 0.0584} 
2024-10-09 14:12:44.358 | INFO     | trainer_1:_train_one_epoch:193 - epoch 28 7.06s Train loss is [0.3772] 
2024-10-09 14:12:51.507 | INFO     | trainer_1:_train_one_epoch:201 - validate 28 cost time 7.15s, result: {'hit@1': 0.0166, 'ndcg@1': 0.0166, 'hit@5': 0.0598, 'ndcg@5': 0.0385, 'hit@10': 0.0997, 'ndcg@10': 0.0512, 'hit@15': 0.131, 'ndcg@15': 0.0595, 'hit@20': 0.1593, 'ndcg@20': 0.0662, 'hit@40': 0.2432, 'ndcg@40': 0.0832} 
2024-10-09 14:12:57.716 | INFO     | trainer_1:_train_one_epoch:209 - test 28 cost time 6.21s, result: {'hit@1': 0.0104, 'ndcg@1': 0.0104, 'hit@5': 0.0383, 'ndcg@5': 0.0243, 'hit@10': 0.0647, 'ndcg@10': 0.0328, 'hit@15': 0.088, 'ndcg@15': 0.0389, 'hit@20': 0.1079, 'ndcg@20': 0.0436, 'hit@40': 0.1749, 'ndcg@40': 0.0572} 
2024-10-09 14:13:04.811 | INFO     | trainer_1:_train_one_epoch:193 - epoch 29 7.09s Train loss is [0.3585] 
2024-10-09 14:13:12.151 | INFO     | trainer_1:_train_one_epoch:201 - validate 29 cost time 7.34s, result: {'hit@1': 0.0162, 'ndcg@1': 0.0162, 'hit@5': 0.0594, 'ndcg@5': 0.0379, 'hit@10': 0.0938, 'ndcg@10': 0.0489, 'hit@15': 0.1259, 'ndcg@15': 0.0574, 'hit@20': 0.1531, 'ndcg@20': 0.0638, 'hit@40': 0.2335, 'ndcg@40': 0.0801} 
2024-10-09 14:13:19.231 | INFO     | trainer_1:_train_one_epoch:209 - test 29 cost time 7.08s, result: {'hit@1': 0.0103, 'ndcg@1': 0.0103, 'hit@5': 0.0369, 'ndcg@5': 0.0237, 'hit@10': 0.0615, 'ndcg@10': 0.0315, 'hit@15': 0.0823, 'ndcg@15': 0.037, 'hit@20': 0.1023, 'ndcg@20': 0.0417, 'hit@40': 0.168, 'ndcg@40': 0.0551} 
2024-10-09 14:13:26.011 | INFO     | trainer_1:_train_one_epoch:193 - epoch 30 6.78s Train loss is [0.3642] 
2024-10-09 14:13:32.185 | INFO     | trainer_1:_train_one_epoch:201 - validate 30 cost time 6.17s, result: {'hit@1': 0.0175, 'ndcg@1': 0.0175, 'hit@5': 0.058, 'ndcg@5': 0.0379, 'hit@10': 0.0915, 'ndcg@10': 0.0486, 'hit@15': 0.1222, 'ndcg@15': 0.0567, 'hit@20': 0.1513, 'ndcg@20': 0.0636, 'hit@40': 0.2391, 'ndcg@40': 0.0814} 
2024-10-09 14:13:39.167 | INFO     | trainer_1:_train_one_epoch:209 - test 30 cost time 6.98s, result: {'hit@1': 0.0113, 'ndcg@1': 0.0113, 'hit@5': 0.0382, 'ndcg@5': 0.0245, 'hit@10': 0.0629, 'ndcg@10': 0.0324, 'hit@15': 0.0832, 'ndcg@15': 0.0377, 'hit@20': 0.1024, 'ndcg@20': 0.0423, 'hit@40': 0.1712, 'ndcg@40': 0.0562} 
2024-10-09 14:13:46.004 | INFO     | trainer_1:_train_one_epoch:193 - epoch 31 6.84s Train loss is [0.3554] 
2024-10-09 14:13:53.173 | INFO     | trainer_1:_train_one_epoch:201 - validate 31 cost time 7.17s, result: {'hit@1': 0.0161, 'ndcg@1': 0.0161, 'hit@5': 0.0592, 'ndcg@5': 0.0378, 'hit@10': 0.0978, 'ndcg@10': 0.0502, 'hit@15': 0.1285, 'ndcg@15': 0.0584, 'hit@20': 0.1576, 'ndcg@20': 0.0652, 'hit@40': 0.2465, 'ndcg@40': 0.0833} 
2024-10-09 14:13:58.995 | INFO     | trainer_1:_train_one_epoch:209 - test 31 cost time 5.82s, result: {'hit@1': 0.0107, 'ndcg@1': 0.0107, 'hit@5': 0.0392, 'ndcg@5': 0.0248, 'hit@10': 0.066, 'ndcg@10': 0.0334, 'hit@15': 0.0879, 'ndcg@15': 0.0391, 'hit@20': 0.1078, 'ndcg@20': 0.0438, 'hit@40': 0.1754, 'ndcg@40': 0.0576} 
2024-10-09 14:14:06.183 | INFO     | trainer_1:_train_one_epoch:193 - epoch 32 7.19s Train loss is [0.3548] 
2024-10-09 14:14:12.401 | INFO     | trainer_1:_train_one_epoch:201 - validate 32 cost time 6.22s, result: {'hit@1': 0.0176, 'ndcg@1': 0.0176, 'hit@5': 0.0616, 'ndcg@5': 0.0398, 'hit@10': 0.1013, 'ndcg@10': 0.0526, 'hit@15': 0.1332, 'ndcg@15': 0.061, 'hit@20': 0.1603, 'ndcg@20': 0.0674, 'hit@40': 0.2499, 'ndcg@40': 0.0856} 
2024-10-09 14:14:19.021 | INFO     | trainer_1:_train_one_epoch:209 - test 32 cost time 6.62s, result: {'hit@1': 0.0113, 'ndcg@1': 0.0113, 'hit@5': 0.041, 'ndcg@5': 0.0261, 'hit@10': 0.0662, 'ndcg@10': 0.0341, 'hit@15': 0.0886, 'ndcg@15': 0.04, 'hit@20': 0.1081, 'ndcg@20': 0.0446, 'hit@40': 0.1772, 'ndcg@40': 0.0587} 
2024-10-09 14:14:25.695 | INFO     | trainer_1:_train_one_epoch:193 - epoch 33 6.67s Train loss is [0.3542] 
2024-10-09 14:14:32.876 | INFO     | trainer_1:_train_one_epoch:201 - validate 33 cost time 7.18s, result: {'hit@1': 0.0166, 'ndcg@1': 0.0166, 'hit@5': 0.0614, 'ndcg@5': 0.0394, 'hit@10': 0.1005, 'ndcg@10': 0.052, 'hit@15': 0.132, 'ndcg@15': 0.0603, 'hit@20': 0.1573, 'ndcg@20': 0.0662, 'hit@40': 0.2434, 'ndcg@40': 0.0838} 
2024-10-09 14:14:39.830 | INFO     | trainer_1:_train_one_epoch:209 - test 33 cost time 6.95s, result: {'hit@1': 0.0114, 'ndcg@1': 0.0114, 'hit@5': 0.0396, 'ndcg@5': 0.0254, 'hit@10': 0.0672, 'ndcg@10': 0.0343, 'hit@15': 0.0885, 'ndcg@15': 0.0399, 'hit@20': 0.108, 'ndcg@20': 0.0445, 'hit@40': 0.1737, 'ndcg@40': 0.0578} 
2024-10-09 14:14:57.285 | INFO     | trainer_1:_train_one_epoch:193 - epoch 34 6.44s Train loss is [0.3453] 
2024-10-09 14:15:06.130 | INFO     | trainer_1:_train_one_epoch:201 - validate 34 cost time 8.84s, result: {'hit@1': 0.0159, 'ndcg@1': 0.0159, 'hit@5': 0.0612, 'ndcg@5': 0.0385, 'hit@10': 0.1004, 'ndcg@10': 0.0511, 'hit@15': 0.1323, 'ndcg@15': 0.0595, 'hit@20': 0.1601, 'ndcg@20': 0.066, 'hit@40': 0.2488, 'ndcg@40': 0.0841} 
2024-10-09 14:15:14.963 | INFO     | trainer_1:_train_one_epoch:209 - test 34 cost time 8.83s, result: {'hit@1': 0.0118, 'ndcg@1': 0.0118, 'hit@5': 0.0402, 'ndcg@5': 0.026, 'hit@10': 0.068, 'ndcg@10': 0.0349, 'hit@15': 0.0891, 'ndcg@15': 0.0404, 'hit@20': 0.1094, 'ndcg@20': 0.0452, 'hit@40': 0.1746, 'ndcg@40': 0.0585} 
2024-10-09 14:15:37.401 | INFO     | trainer_1:_train_one_epoch:193 - epoch 35 6.74s Train loss is [0.3508] 
2024-10-09 14:15:46.376 | INFO     | trainer_1:_train_one_epoch:201 - validate 35 cost time 8.97s, result: {'hit@1': 0.0173, 'ndcg@1': 0.0173, 'hit@5': 0.0619, 'ndcg@5': 0.0395, 'hit@10': 0.1022, 'ndcg@10': 0.0524, 'hit@15': 0.1317, 'ndcg@15': 0.0602, 'hit@20': 0.1574, 'ndcg@20': 0.0663, 'hit@40': 0.2442, 'ndcg@40': 0.0839} 
2024-10-09 14:15:53.080 | INFO     | trainer_1:_train_one_epoch:209 - test 35 cost time 6.70s, result: {'hit@1': 0.0118, 'ndcg@1': 0.0118, 'hit@5': 0.0414, 'ndcg@5': 0.0267, 'hit@10': 0.0671, 'ndcg@10': 0.0349, 'hit@15': 0.0896, 'ndcg@15': 0.0409, 'hit@20': 0.1075, 'ndcg@20': 0.0451, 'hit@40': 0.1717, 'ndcg@40': 0.0581} 
2024-10-09 14:16:00.022 | INFO     | trainer_1:_train_one_epoch:193 - epoch 36 6.94s Train loss is [0.3527] 
2024-10-09 14:16:08.928 | INFO     | trainer_1:_train_one_epoch:201 - validate 36 cost time 8.90s, result: {'hit@1': 0.016, 'ndcg@1': 0.016, 'hit@5': 0.0611, 'ndcg@5': 0.0383, 'hit@10': 0.1009, 'ndcg@10': 0.0511, 'hit@15': 0.1343, 'ndcg@15': 0.0599, 'hit@20': 0.164, 'ndcg@20': 0.0669, 'hit@40': 0.2567, 'ndcg@40': 0.0857} 
2024-10-09 14:16:17.646 | INFO     | trainer_1:_train_one_epoch:209 - test 36 cost time 8.72s, result: {'hit@1': 0.0111, 'ndcg@1': 0.0111, 'hit@5': 0.0407, 'ndcg@5': 0.0259, 'hit@10': 0.0677, 'ndcg@10': 0.0346, 'hit@15': 0.0903, 'ndcg@15': 0.0406, 'hit@20': 0.11, 'ndcg@20': 0.0452, 'hit@40': 0.1781, 'ndcg@40': 0.059} 
2024-10-09 14:16:24.185 | INFO     | trainer_1:_train_one_epoch:193 - epoch 37 6.54s Train loss is [0.3546] 
2024-10-09 14:16:31.080 | INFO     | trainer_1:_train_one_epoch:201 - validate 37 cost time 6.89s, result: {'hit@1': 0.016, 'ndcg@1': 0.016, 'hit@5': 0.0602, 'ndcg@5': 0.0383, 'hit@10': 0.1003, 'ndcg@10': 0.0511, 'hit@15': 0.1344, 'ndcg@15': 0.0601, 'hit@20': 0.1632, 'ndcg@20': 0.0669, 'hit@40': 0.2538, 'ndcg@40': 0.0854} 
2024-10-09 14:16:37.745 | INFO     | trainer_1:_train_one_epoch:209 - test 37 cost time 6.66s, result: {'hit@1': 0.0108, 'ndcg@1': 0.0108, 'hit@5': 0.0411, 'ndcg@5': 0.0258, 'hit@10': 0.0688, 'ndcg@10': 0.0347, 'hit@15': 0.0911, 'ndcg@15': 0.0406, 'hit@20': 0.1104, 'ndcg@20': 0.0452, 'hit@40': 0.1804, 'ndcg@40': 0.0594} 
2024-10-09 14:17:07.558 | INFO     | trainer_1:_train_one_epoch:193 - epoch 38 15.58s Train loss is [0.3463] 
2024-10-09 14:17:12.775 | INFO     | trainer_1:_train_one_epoch:201 - validate 38 cost time 5.22s, result: {'hit@1': 0.0166, 'ndcg@1': 0.0166, 'hit@5': 0.062, 'ndcg@5': 0.0395, 'hit@10': 0.102, 'ndcg@10': 0.0523, 'hit@15': 0.1329, 'ndcg@15': 0.0604, 'hit@20': 0.1619, 'ndcg@20': 0.0673, 'hit@40': 0.2516, 'ndcg@40': 0.0855} 
2024-10-09 14:17:17.899 | INFO     | trainer_1:_train_one_epoch:209 - test 38 cost time 5.12s, result: {'hit@1': 0.0108, 'ndcg@1': 0.0108, 'hit@5': 0.0404, 'ndcg@5': 0.0256, 'hit@10': 0.0684, 'ndcg@10': 0.0346, 'hit@15': 0.0897, 'ndcg@15': 0.0402, 'hit@20': 0.1088, 'ndcg@20': 0.0447, 'hit@40': 0.1754, 'ndcg@40': 0.0582} 
2024-10-09 14:17:28.017 | INFO     | trainer_1:_train_one_epoch:193 - epoch 39 10.12s Train loss is [0.3535] 
2024-10-09 14:17:33.290 | INFO     | trainer_1:_train_one_epoch:201 - validate 39 cost time 5.27s, result: {'hit@1': 0.0175, 'ndcg@1': 0.0175, 'hit@5': 0.0643, 'ndcg@5': 0.0409, 'hit@10': 0.1047, 'ndcg@10': 0.0538, 'hit@15': 0.1375, 'ndcg@15': 0.0625, 'hit@20': 0.1663, 'ndcg@20': 0.0693, 'hit@40': 0.2614, 'ndcg@40': 0.0887} 
2024-10-09 14:17:42.016 | INFO     | trainer_1:_train_one_epoch:209 - test 39 cost time 8.73s, result: {'hit@1': 0.0109, 'ndcg@1': 0.0109, 'hit@5': 0.0404, 'ndcg@5': 0.0257, 'hit@10': 0.0681, 'ndcg@10': 0.0345, 'hit@15': 0.0918, 'ndcg@15': 0.0408, 'hit@20': 0.113, 'ndcg@20': 0.0458, 'hit@40': 0.181, 'ndcg@40': 0.0596} 
2024-10-09 14:17:52.636 | INFO     | trainer_1:_train_one_epoch:193 - epoch 40 10.62s Train loss is [0.3473] 
2024-10-09 14:18:04.185 | INFO     | trainer_1:_train_one_epoch:201 - validate 40 cost time 11.55s, result: {'hit@1': 0.0159, 'ndcg@1': 0.0159, 'hit@5': 0.0629, 'ndcg@5': 0.0395, 'hit@10': 0.1011, 'ndcg@10': 0.0517, 'hit@15': 0.137, 'ndcg@15': 0.0612, 'hit@20': 0.1664, 'ndcg@20': 0.0682, 'hit@40': 0.2569, 'ndcg@40': 0.0866} 
2024-10-09 14:18:15.332 | INFO     | trainer_1:_train_one_epoch:209 - test 40 cost time 11.15s, result: {'hit@1': 0.011, 'ndcg@1': 0.011, 'hit@5': 0.0402, 'ndcg@5': 0.0256, 'hit@10': 0.0676, 'ndcg@10': 0.0344, 'hit@15': 0.091, 'ndcg@15': 0.0406, 'hit@20': 0.1112, 'ndcg@20': 0.0453, 'hit@40': 0.1808, 'ndcg@40': 0.0595} 
2024-10-09 14:18:29.307 | INFO     | trainer_1:_train_one_epoch:193 - epoch 41 13.97s Train loss is [0.3444] 
2024-10-09 14:18:41.025 | INFO     | trainer_1:_train_one_epoch:201 - validate 41 cost time 11.72s, result: {'hit@1': 0.016, 'ndcg@1': 0.016, 'hit@5': 0.0618, 'ndcg@5': 0.0389, 'hit@10': 0.1023, 'ndcg@10': 0.0519, 'hit@15': 0.1364, 'ndcg@15': 0.0609, 'hit@20': 0.1666, 'ndcg@20': 0.068, 'hit@40': 0.2622, 'ndcg@40': 0.0875} 
2024-10-09 14:18:52.217 | INFO     | trainer_1:_train_one_epoch:209 - test 41 cost time 11.19s, result: {'hit@1': 0.0112, 'ndcg@1': 0.0112, 'hit@5': 0.0401, 'ndcg@5': 0.0256, 'hit@10': 0.0677, 'ndcg@10': 0.0345, 'hit@15': 0.092, 'ndcg@15': 0.0409, 'hit@20': 0.1122, 'ndcg@20': 0.0456, 'hit@40': 0.1812, 'ndcg@40': 0.0597} 
2024-10-09 14:19:02.272 | INFO     | trainer_1:_train_one_epoch:193 - epoch 42 10.05s Train loss is [0.3383] 
2024-10-09 14:19:12.914 | INFO     | trainer_1:_train_one_epoch:201 - validate 42 cost time 10.64s, result: {'hit@1': 0.0152, 'ndcg@1': 0.0152, 'hit@5': 0.0597, 'ndcg@5': 0.0374, 'hit@10': 0.0973, 'ndcg@10': 0.0495, 'hit@15': 0.1301, 'ndcg@15': 0.0581, 'hit@20': 0.1585, 'ndcg@20': 0.0649, 'hit@40': 0.2485, 'ndcg@40': 0.0832} 
2024-10-09 14:19:24.160 | INFO     | trainer_1:_train_one_epoch:209 - test 42 cost time 11.24s, result: {'hit@1': 0.011, 'ndcg@1': 0.011, 'hit@5': 0.038, 'ndcg@5': 0.0246, 'hit@10': 0.0644, 'ndcg@10': 0.033, 'hit@15': 0.0856, 'ndcg@15': 0.0386, 'hit@20': 0.1065, 'ndcg@20': 0.0436, 'hit@40': 0.1715, 'ndcg@40': 0.0568} 
2024-10-09 14:19:37.084 | INFO     | trainer_1:_train_one_epoch:193 - epoch 43 12.92s Train loss is [0.3442] 
2024-10-09 14:19:48.525 | INFO     | trainer_1:_train_one_epoch:201 - validate 43 cost time 11.44s, result: {'hit@1': 0.015, 'ndcg@1': 0.015, 'hit@5': 0.0607, 'ndcg@5': 0.038, 'hit@10': 0.1011, 'ndcg@10': 0.051, 'hit@15': 0.1338, 'ndcg@15': 0.0596, 'hit@20': 0.1659, 'ndcg@20': 0.0672, 'hit@40': 0.2608, 'ndcg@40': 0.0865} 
2024-10-09 14:19:59.756 | INFO     | trainer_1:_train_one_epoch:209 - test 43 cost time 11.23s, result: {'hit@1': 0.0115, 'ndcg@1': 0.0115, 'hit@5': 0.039, 'ndcg@5': 0.0252, 'hit@10': 0.0662, 'ndcg@10': 0.034, 'hit@15': 0.0897, 'ndcg@15': 0.0401, 'hit@20': 0.1119, 'ndcg@20': 0.0454, 'hit@40': 0.1805, 'ndcg@40': 0.0593} 
2024-10-09 14:20:11.525 | INFO     | trainer_1:_train_one_epoch:193 - epoch 44 11.77s Train loss is [0.3387] 
2024-10-09 14:20:23.284 | INFO     | trainer_1:_train_one_epoch:201 - validate 44 cost time 11.76s, result: {'hit@1': 0.0163, 'ndcg@1': 0.0163, 'hit@5': 0.0638, 'ndcg@5': 0.04, 'hit@10': 0.1075, 'ndcg@10': 0.054, 'hit@15': 0.144, 'ndcg@15': 0.0637, 'hit@20': 0.1748, 'ndcg@20': 0.0709, 'hit@40': 0.2721, 'ndcg@40': 0.0907} 
2024-10-09 14:20:34.584 | INFO     | trainer_1:_train_one_epoch:209 - test 44 cost time 11.30s, result: {'hit@1': 0.0126, 'ndcg@1': 0.0126, 'hit@5': 0.0433, 'ndcg@5': 0.0279, 'hit@10': 0.0717, 'ndcg@10': 0.037, 'hit@15': 0.0959, 'ndcg@15': 0.0434, 'hit@20': 0.1173, 'ndcg@20': 0.0484, 'hit@40': 0.1884, 'ndcg@40': 0.0629} 
2024-10-09 14:21:12.653 | INFO     | trainer_1:_train_one_epoch:193 - epoch 45 13.14s Train loss is [0.3400] 
2024-10-09 14:21:23.165 | INFO     | trainer_1:_train_one_epoch:201 - validate 45 cost time 10.51s, result: {'hit@1': 0.0185, 'ndcg@1': 0.0185, 'hit@5': 0.063, 'ndcg@5': 0.0408, 'hit@10': 0.1031, 'ndcg@10': 0.0537, 'hit@15': 0.134, 'ndcg@15': 0.0619, 'hit@20': 0.1633, 'ndcg@20': 0.0688, 'hit@40': 0.2589, 'ndcg@40': 0.0883} 
2024-10-09 14:21:34.773 | INFO     | trainer_1:_train_one_epoch:209 - test 45 cost time 11.61s, result: {'hit@1': 0.0118, 'ndcg@1': 0.0118, 'hit@5': 0.0403, 'ndcg@5': 0.0261, 'hit@10': 0.0669, 'ndcg@10': 0.0346, 'hit@15': 0.0878, 'ndcg@15': 0.0402, 'hit@20': 0.1103, 'ndcg@20': 0.0455, 'hit@40': 0.1785, 'ndcg@40': 0.0593} 
2024-10-09 14:21:48.798 | INFO     | trainer_1:_train_one_epoch:193 - epoch 46 14.02s Train loss is [0.3415] 
2024-10-09 14:21:59.775 | INFO     | trainer_1:_train_one_epoch:201 - validate 46 cost time 10.98s, result: {'hit@1': 0.0167, 'ndcg@1': 0.0167, 'hit@5': 0.0633, 'ndcg@5': 0.0398, 'hit@10': 0.1027, 'ndcg@10': 0.0525, 'hit@15': 0.1369, 'ndcg@15': 0.0615, 'hit@20': 0.1684, 'ndcg@20': 0.0689, 'hit@40': 0.2626, 'ndcg@40': 0.0881} 
2024-10-09 14:22:11.010 | INFO     | trainer_1:_train_one_epoch:209 - test 46 cost time 11.23s, result: {'hit@1': 0.0118, 'ndcg@1': 0.0118, 'hit@5': 0.0416, 'ndcg@5': 0.0265, 'hit@10': 0.0688, 'ndcg@10': 0.0352, 'hit@15': 0.0905, 'ndcg@15': 0.041, 'hit@20': 0.1123, 'ndcg@20': 0.0461, 'hit@40': 0.1807, 'ndcg@40': 0.06} 
2024-10-09 14:22:24.975 | INFO     | trainer_1:_train_one_epoch:193 - epoch 47 13.96s Train loss is [0.3357] 
2024-10-09 14:22:35.465 | INFO     | trainer_1:_train_one_epoch:201 - validate 47 cost time 10.49s, result: {'hit@1': 0.017, 'ndcg@1': 0.017, 'hit@5': 0.0634, 'ndcg@5': 0.0402, 'hit@10': 0.1061, 'ndcg@10': 0.0539, 'hit@15': 0.1399, 'ndcg@15': 0.0628, 'hit@20': 0.1693, 'ndcg@20': 0.0697, 'hit@40': 0.262, 'ndcg@40': 0.0886} 
2024-10-09 14:22:46.345 | INFO     | trainer_1:_train_one_epoch:209 - test 47 cost time 10.88s, result: {'hit@1': 0.0124, 'ndcg@1': 0.0124, 'hit@5': 0.0418, 'ndcg@5': 0.0269, 'hit@10': 0.0706, 'ndcg@10': 0.0362, 'hit@15': 0.0927, 'ndcg@15': 0.042, 'hit@20': 0.1141, 'ndcg@20': 0.0471, 'hit@40': 0.1849, 'ndcg@40': 0.0615} 
2024-10-09 14:22:58.889 | INFO     | trainer_1:_train_one_epoch:193 - epoch 48 12.54s Train loss is [0.3355] 
2024-10-09 14:23:09.733 | INFO     | trainer_1:_train_one_epoch:201 - validate 48 cost time 10.84s, result: {'hit@1': 0.0167, 'ndcg@1': 0.0167, 'hit@5': 0.0606, 'ndcg@5': 0.0388, 'hit@10': 0.1016, 'ndcg@10': 0.052, 'hit@15': 0.1352, 'ndcg@15': 0.0609, 'hit@20': 0.1675, 'ndcg@20': 0.0685, 'hit@40': 0.2595, 'ndcg@40': 0.0872} 
2024-10-09 14:23:20.522 | INFO     | trainer_1:_train_one_epoch:209 - test 48 cost time 10.79s, result: {'hit@1': 0.0112, 'ndcg@1': 0.0112, 'hit@5': 0.0405, 'ndcg@5': 0.0258, 'hit@10': 0.0681, 'ndcg@10': 0.0347, 'hit@15': 0.0919, 'ndcg@15': 0.0409, 'hit@20': 0.1128, 'ndcg@20': 0.0459, 'hit@40': 0.1844, 'ndcg@40': 0.0604} 
2024-10-09 14:23:30.852 | INFO     | trainer_1:_train_one_epoch:193 - epoch 49 10.33s Train loss is [0.3364] 
2024-10-09 14:23:41.194 | INFO     | trainer_1:_train_one_epoch:201 - validate 49 cost time 10.34s, result: {'hit@1': 0.0175, 'ndcg@1': 0.0175, 'hit@5': 0.0627, 'ndcg@5': 0.04, 'hit@10': 0.1049, 'ndcg@10': 0.0535, 'hit@15': 0.1398, 'ndcg@15': 0.0627, 'hit@20': 0.1695, 'ndcg@20': 0.0698, 'hit@40': 0.2664, 'ndcg@40': 0.0895} 
2024-10-09 14:23:52.719 | INFO     | trainer_1:_train_one_epoch:209 - test 49 cost time 11.52s, result: {'hit@1': 0.0123, 'ndcg@1': 0.0123, 'hit@5': 0.0432, 'ndcg@5': 0.0277, 'hit@10': 0.07, 'ndcg@10': 0.0363, 'hit@15': 0.0923, 'ndcg@15': 0.0421, 'hit@20': 0.1154, 'ndcg@20': 0.0476, 'hit@40': 0.1858, 'ndcg@40': 0.0619} 
2024-10-09 14:23:52.761 | INFO     | trainer_1:train_model:163 - training end, best iteration 44, results: {'hit@1': 0.0163, 'ndcg@1': 0.0163, 'hit@5': 0.0638, 'ndcg@5': 0.04, 'hit@10': 0.1075, 'ndcg@10': 0.054, 'hit@15': 0.144, 'ndcg@15': 0.0637, 'hit@20': 0.1748, 'ndcg@20': 0.0709, 'hit@40': 0.2721, 'ndcg@40': 0.0907}
2024-10-09 14:23:52.762 | INFO     | trainer_1:train_model:166 - final test result is:  {'hit@1': 0.0126, 'ndcg@1': 0.0126, 'hit@5': 0.0433, 'ndcg@5': 0.0279, 'hit@10': 0.0717, 'ndcg@10': 0.037, 'hit@15': 0.0959, 'ndcg@15': 0.0434, 'hit@20': 0.1173, 'ndcg@20': 0.0484, 'hit@40': 0.1884, 'ndcg@40': 0.0629}
2024-10-09 14:23:53.338 | INFO     | __main__:<module>:119 - train end total cost time: 1804.1496551036835
