2024-10-09 15:12:17.167 | INFO     | __main__:<module>:105 - Namespace(TIME='2024-10-09 15_11_28', batch_size=1024, behaviors=['view', 'cart', 'buy'], check_point='model_pre_1_2024-10-08 12_13_12.pth', data_name='beibei', data_path='./data/beibei', decay=0.001, device='cuda:1', dim_qk=32, dim_v=64, distill_layers=2, distill_thres=0.5, distill_topK=20, distill_userK=6, embedding_size=64, epochs=100, gpu_no=1, if_load_model=True, ii_lambda=200, initializer_range=0.02, layers=2, loss_type='bpr', lr=0.001, message_dropout=0.25, metrics=['hit', 'ndcg'], min_epoch=5, model_name='main_1', model_path='./check_point', node_dropout=0.75, omega=1, pt_loop=50, reg_weight=0.001, test_batch_size=1024, testbatch=1024, topk=[1, 5, 10, 15, 20, 40], uu_lambda=100)
2024-10-09 15:12:17.168 | INFO     | __main__:<module>:106 - BIPN(
  (message_dropout): Dropout(p=0.25, inplace=False)
  (user_embedding): Embedding(21717, 64, padding_idx=0)
  (item_embedding): Embedding(7978, 64, padding_idx=0)
  (global_Graph): LightGCN()
  (Graph_encoder): ModuleDict(
    (view): GraphEncoder(
      (light): LightGCN()
      (dropout): Dropout(p=0.75, inplace=False)
    )
    (cart): GraphEncoder(
      (light): LightGCN()
      (dropout): Dropout(p=0.75, inplace=False)
    )
    (buy): GraphEncoder(
      (light): LightGCN()
      (dropout): Dropout(p=0.75, inplace=False)
    )
  )
  (attention): Mutual_Attention()
  (bpr_loss): BPRLoss()
  (emb_loss): EmbLoss()
  (f): Sigmoid()
)
2024-10-09 15:35:57.894 | INFO     | trainer_1:_train_one_epoch:193 - epoch 1 7.26s Train loss is [0.9084] 
2024-10-09 15:36:06.835 | INFO     | trainer_1:_train_one_epoch:201 - validate 1 cost time 8.94s, result: {'hit@1': 0.0078, 'ndcg@1': 0.0078, 'hit@5': 0.0299, 'ndcg@5': 0.0188, 'hit@10': 0.05, 'ndcg@10': 0.0253, 'hit@15': 0.0686, 'ndcg@15': 0.0302, 'hit@20': 0.0867, 'ndcg@20': 0.0345, 'hit@40': 0.144, 'ndcg@40': 0.0461} 
2024-10-09 15:36:15.510 | INFO     | trainer_1:_train_one_epoch:209 - test 1 cost time 8.67s, result: {'hit@1': 0.004, 'ndcg@1': 0.004, 'hit@5': 0.0183, 'ndcg@5': 0.011, 'hit@10': 0.0354, 'ndcg@10': 0.0164, 'hit@15': 0.0494, 'ndcg@15': 0.0201, 'hit@20': 0.0619, 'ndcg@20': 0.0231, 'hit@40': 0.1051, 'ndcg@40': 0.0318} 
2024-10-09 15:36:32.835 | INFO     | trainer_1:_train_one_epoch:193 - epoch 2 7.05s Train loss is [0.6849] 
2024-10-09 15:36:41.875 | INFO     | trainer_1:_train_one_epoch:201 - validate 2 cost time 9.04s, result: {'hit@1': 0.0078, 'ndcg@1': 0.0078, 'hit@5': 0.0329, 'ndcg@5': 0.0202, 'hit@10': 0.0575, 'ndcg@10': 0.0281, 'hit@15': 0.0775, 'ndcg@15': 0.0334, 'hit@20': 0.0953, 'ndcg@20': 0.0376, 'hit@40': 0.1604, 'ndcg@40': 0.0508} 
2024-10-09 15:36:51.026 | INFO     | trainer_1:_train_one_epoch:209 - test 2 cost time 9.15s, result: {'hit@1': 0.0046, 'ndcg@1': 0.0046, 'hit@5': 0.0201, 'ndcg@5': 0.0122, 'hit@10': 0.0363, 'ndcg@10': 0.0174, 'hit@15': 0.0519, 'ndcg@15': 0.0215, 'hit@20': 0.066, 'ndcg@20': 0.0248, 'hit@40': 0.1143, 'ndcg@40': 0.0347} 
2024-10-09 15:37:08.528 | INFO     | trainer_1:_train_one_epoch:193 - epoch 3 7.08s Train loss is [0.6095] 
2024-10-09 15:37:17.506 | INFO     | trainer_1:_train_one_epoch:201 - validate 3 cost time 8.98s, result: {'hit@1': 0.0088, 'ndcg@1': 0.0088, 'hit@5': 0.0371, 'ndcg@5': 0.023, 'hit@10': 0.0648, 'ndcg@10': 0.0319, 'hit@15': 0.0908, 'ndcg@15': 0.0387, 'hit@20': 0.1136, 'ndcg@20': 0.0441, 'hit@40': 0.1882, 'ndcg@40': 0.0593} 
2024-10-09 15:37:26.345 | INFO     | trainer_1:_train_one_epoch:209 - test 3 cost time 8.84s, result: {'hit@1': 0.0056, 'ndcg@1': 0.0056, 'hit@5': 0.0231, 'ndcg@5': 0.0141, 'hit@10': 0.0437, 'ndcg@10': 0.0207, 'hit@15': 0.0612, 'ndcg@15': 0.0253, 'hit@20': 0.0759, 'ndcg@20': 0.0287, 'hit@40': 0.1344, 'ndcg@40': 0.0406} 
2024-10-09 15:37:44.541 | INFO     | trainer_1:_train_one_epoch:193 - epoch 4 7.64s Train loss is [0.5783] 
2024-10-09 15:37:52.528 | INFO     | trainer_1:_train_one_epoch:201 - validate 4 cost time 7.99s, result: {'hit@1': 0.0109, 'ndcg@1': 0.0109, 'hit@5': 0.0422, 'ndcg@5': 0.0265, 'hit@10': 0.071, 'ndcg@10': 0.0357, 'hit@15': 0.0962, 'ndcg@15': 0.0424, 'hit@20': 0.119, 'ndcg@20': 0.0478, 'hit@40': 0.189, 'ndcg@40': 0.062} 
2024-10-09 15:38:00.342 | INFO     | trainer_1:_train_one_epoch:209 - test 4 cost time 7.81s, result: {'hit@1': 0.0061, 'ndcg@1': 0.0061, 'hit@5': 0.0231, 'ndcg@5': 0.0146, 'hit@10': 0.0428, 'ndcg@10': 0.0209, 'hit@15': 0.0589, 'ndcg@15': 0.0252, 'hit@20': 0.075, 'ndcg@20': 0.029, 'hit@40': 0.1274, 'ndcg@40': 0.0396} 
2024-10-09 15:38:07.042 | INFO     | trainer_1:_train_one_epoch:193 - epoch 5 6.70s Train loss is [0.5411] 
2024-10-09 15:38:13.774 | INFO     | trainer_1:_train_one_epoch:201 - validate 5 cost time 6.73s, result: {'hit@1': 0.0124, 'ndcg@1': 0.0124, 'hit@5': 0.044, 'ndcg@5': 0.0282, 'hit@10': 0.0746, 'ndcg@10': 0.038, 'hit@15': 0.1002, 'ndcg@15': 0.0448, 'hit@20': 0.1248, 'ndcg@20': 0.0506, 'hit@40': 0.1973, 'ndcg@40': 0.0654} 
2024-10-09 15:38:20.423 | INFO     | trainer_1:_train_one_epoch:209 - test 5 cost time 6.65s, result: {'hit@1': 0.0072, 'ndcg@1': 0.0072, 'hit@5': 0.0266, 'ndcg@5': 0.0166, 'hit@10': 0.0449, 'ndcg@10': 0.0225, 'hit@15': 0.0628, 'ndcg@15': 0.0272, 'hit@20': 0.0783, 'ndcg@20': 0.0308, 'hit@40': 0.1323, 'ndcg@40': 0.0418} 
2024-10-09 15:38:37.610 | INFO     | trainer_1:_train_one_epoch:193 - epoch 6 6.75s Train loss is [0.5257] 
2024-10-09 15:38:42.871 | INFO     | trainer_1:_train_one_epoch:201 - validate 6 cost time 5.26s, result: {'hit@1': 0.0134, 'ndcg@1': 0.0134, 'hit@5': 0.0453, 'ndcg@5': 0.029, 'hit@10': 0.0741, 'ndcg@10': 0.0382, 'hit@15': 0.1004, 'ndcg@15': 0.0452, 'hit@20': 0.1243, 'ndcg@20': 0.0508, 'hit@40': 0.1996, 'ndcg@40': 0.0662} 
2024-10-09 15:38:47.703 | INFO     | trainer_1:_train_one_epoch:209 - test 6 cost time 4.83s, result: {'hit@1': 0.0065, 'ndcg@1': 0.0065, 'hit@5': 0.0289, 'ndcg@5': 0.0176, 'hit@10': 0.0476, 'ndcg@10': 0.0237, 'hit@15': 0.0665, 'ndcg@15': 0.0287, 'hit@20': 0.0826, 'ndcg@20': 0.0325, 'hit@40': 0.1401, 'ndcg@40': 0.0442} 
2024-10-09 15:39:05.053 | INFO     | trainer_1:_train_one_epoch:193 - epoch 7 6.98s Train loss is [0.4944] 
2024-10-09 15:39:12.540 | INFO     | trainer_1:_train_one_epoch:201 - validate 7 cost time 7.49s, result: {'hit@1': 0.0122, 'ndcg@1': 0.0122, 'hit@5': 0.043, 'ndcg@5': 0.0275, 'hit@10': 0.0725, 'ndcg@10': 0.0369, 'hit@15': 0.0992, 'ndcg@15': 0.044, 'hit@20': 0.1237, 'ndcg@20': 0.0497, 'hit@40': 0.2005, 'ndcg@40': 0.0653} 
2024-10-09 15:39:19.713 | INFO     | trainer_1:_train_one_epoch:209 - test 7 cost time 7.17s, result: {'hit@1': 0.006, 'ndcg@1': 0.006, 'hit@5': 0.0258, 'ndcg@5': 0.0158, 'hit@10': 0.0471, 'ndcg@10': 0.0226, 'hit@15': 0.0645, 'ndcg@15': 0.0272, 'hit@20': 0.0798, 'ndcg@20': 0.0308, 'hit@40': 0.1414, 'ndcg@40': 0.0434} 
2024-10-09 15:39:26.934 | INFO     | trainer_1:_train_one_epoch:193 - epoch 8 7.22s Train loss is [0.4943] 
2024-10-09 15:39:34.527 | INFO     | trainer_1:_train_one_epoch:201 - validate 8 cost time 7.59s, result: {'hit@1': 0.0124, 'ndcg@1': 0.0124, 'hit@5': 0.0434, 'ndcg@5': 0.0278, 'hit@10': 0.0739, 'ndcg@10': 0.0376, 'hit@15': 0.1002, 'ndcg@15': 0.0445, 'hit@20': 0.1235, 'ndcg@20': 0.05, 'hit@40': 0.2006, 'ndcg@40': 0.0657} 
2024-10-09 15:39:43.328 | INFO     | trainer_1:_train_one_epoch:209 - test 8 cost time 8.80s, result: {'hit@1': 0.0077, 'ndcg@1': 0.0077, 'hit@5': 0.0265, 'ndcg@5': 0.017, 'hit@10': 0.0475, 'ndcg@10': 0.0237, 'hit@15': 0.0651, 'ndcg@15': 0.0283, 'hit@20': 0.0817, 'ndcg@20': 0.0322, 'hit@40': 0.1413, 'ndcg@40': 0.0444} 
2024-10-09 15:39:50.391 | INFO     | trainer_1:_train_one_epoch:193 - epoch 9 7.06s Train loss is [0.4693] 
2024-10-09 15:39:59.232 | INFO     | trainer_1:_train_one_epoch:201 - validate 9 cost time 8.84s, result: {'hit@1': 0.0111, 'ndcg@1': 0.0111, 'hit@5': 0.0437, 'ndcg@5': 0.0275, 'hit@10': 0.0746, 'ndcg@10': 0.0374, 'hit@15': 0.1006, 'ndcg@15': 0.0443, 'hit@20': 0.1242, 'ndcg@20': 0.0499, 'hit@40': 0.2022, 'ndcg@40': 0.0657} 
2024-10-09 15:40:06.855 | INFO     | trainer_1:_train_one_epoch:209 - test 9 cost time 7.62s, result: {'hit@1': 0.007, 'ndcg@1': 0.007, 'hit@5': 0.0266, 'ndcg@5': 0.0168, 'hit@10': 0.0457, 'ndcg@10': 0.0229, 'hit@15': 0.0629, 'ndcg@15': 0.0275, 'hit@20': 0.0816, 'ndcg@20': 0.0319, 'hit@40': 0.1404, 'ndcg@40': 0.0439} 
2024-10-09 15:40:14.235 | INFO     | trainer_1:_train_one_epoch:193 - epoch 10 7.38s Train loss is [0.4583] 
2024-10-09 15:40:23.232 | INFO     | trainer_1:_train_one_epoch:201 - validate 10 cost time 9.00s, result: {'hit@1': 0.0114, 'ndcg@1': 0.0114, 'hit@5': 0.046, 'ndcg@5': 0.0285, 'hit@10': 0.0764, 'ndcg@10': 0.0383, 'hit@15': 0.1046, 'ndcg@15': 0.0457, 'hit@20': 0.13, 'ndcg@20': 0.0517, 'hit@40': 0.2095, 'ndcg@40': 0.0679} 
2024-10-09 15:40:32.019 | INFO     | trainer_1:_train_one_epoch:209 - test 10 cost time 8.79s, result: {'hit@1': 0.0067, 'ndcg@1': 0.0067, 'hit@5': 0.0279, 'ndcg@5': 0.0171, 'hit@10': 0.0483, 'ndcg@10': 0.0237, 'hit@15': 0.0665, 'ndcg@15': 0.0285, 'hit@20': 0.0843, 'ndcg@20': 0.0327, 'hit@40': 0.1456, 'ndcg@40': 0.0451} 
2024-10-09 15:40:49.634 | INFO     | trainer_1:_train_one_epoch:193 - epoch 11 7.05s Train loss is [0.4445] 
2024-10-09 15:40:58.543 | INFO     | trainer_1:_train_one_epoch:201 - validate 11 cost time 8.91s, result: {'hit@1': 0.0106, 'ndcg@1': 0.0106, 'hit@5': 0.0425, 'ndcg@5': 0.0265, 'hit@10': 0.0736, 'ndcg@10': 0.0364, 'hit@15': 0.1001, 'ndcg@15': 0.0434, 'hit@20': 0.1249, 'ndcg@20': 0.0493, 'hit@40': 0.2039, 'ndcg@40': 0.0654} 
2024-10-09 15:41:07.336 | INFO     | trainer_1:_train_one_epoch:209 - test 11 cost time 8.79s, result: {'hit@1': 0.0065, 'ndcg@1': 0.0065, 'hit@5': 0.0266, 'ndcg@5': 0.0164, 'hit@10': 0.0471, 'ndcg@10': 0.023, 'hit@15': 0.0647, 'ndcg@15': 0.0277, 'hit@20': 0.0819, 'ndcg@20': 0.0317, 'hit@40': 0.1409, 'ndcg@40': 0.0437} 
2024-10-09 15:41:14.077 | INFO     | trainer_1:_train_one_epoch:193 - epoch 12 6.74s Train loss is [0.4518] 
2024-10-09 15:41:21.717 | INFO     | trainer_1:_train_one_epoch:201 - validate 12 cost time 7.64s, result: {'hit@1': 0.0114, 'ndcg@1': 0.0114, 'hit@5': 0.0432, 'ndcg@5': 0.0273, 'hit@10': 0.074, 'ndcg@10': 0.0371, 'hit@15': 0.1008, 'ndcg@15': 0.0442, 'hit@20': 0.1256, 'ndcg@20': 0.0501, 'hit@40': 0.2018, 'ndcg@40': 0.0656} 
2024-10-09 15:41:29.596 | INFO     | trainer_1:_train_one_epoch:209 - test 12 cost time 7.88s, result: {'hit@1': 0.0068, 'ndcg@1': 0.0068, 'hit@5': 0.0269, 'ndcg@5': 0.0168, 'hit@10': 0.0482, 'ndcg@10': 0.0237, 'hit@15': 0.0644, 'ndcg@15': 0.028, 'hit@20': 0.0812, 'ndcg@20': 0.0319, 'hit@40': 0.1412, 'ndcg@40': 0.0441} 
2024-10-09 15:41:36.525 | INFO     | trainer_1:_train_one_epoch:193 - epoch 13 6.93s Train loss is [0.4495] 
2024-10-09 15:41:45.260 | INFO     | trainer_1:_train_one_epoch:201 - validate 13 cost time 8.73s, result: {'hit@1': 0.0115, 'ndcg@1': 0.0115, 'hit@5': 0.0457, 'ndcg@5': 0.0286, 'hit@10': 0.0826, 'ndcg@10': 0.0404, 'hit@15': 0.1111, 'ndcg@15': 0.0479, 'hit@20': 0.1382, 'ndcg@20': 0.0543, 'hit@40': 0.2181, 'ndcg@40': 0.0707} 
2024-10-09 15:41:53.756 | INFO     | trainer_1:_train_one_epoch:209 - test 13 cost time 8.50s, result: {'hit@1': 0.008, 'ndcg@1': 0.008, 'hit@5': 0.0301, 'ndcg@5': 0.0189, 'hit@10': 0.0517, 'ndcg@10': 0.0258, 'hit@15': 0.0703, 'ndcg@15': 0.0307, 'hit@20': 0.0897, 'ndcg@20': 0.0353, 'hit@40': 0.1528, 'ndcg@40': 0.0481} 
2024-10-09 15:42:11.428 | INFO     | trainer_1:_train_one_epoch:193 - epoch 14 7.17s Train loss is [0.4317] 
2024-10-09 15:42:20.310 | INFO     | trainer_1:_train_one_epoch:201 - validate 14 cost time 8.88s, result: {'hit@1': 0.0123, 'ndcg@1': 0.0123, 'hit@5': 0.0481, 'ndcg@5': 0.0301, 'hit@10': 0.0832, 'ndcg@10': 0.0414, 'hit@15': 0.1107, 'ndcg@15': 0.0486, 'hit@20': 0.1392, 'ndcg@20': 0.0553, 'hit@40': 0.2216, 'ndcg@40': 0.0721} 
2024-10-09 15:42:29.358 | INFO     | trainer_1:_train_one_epoch:209 - test 14 cost time 9.05s, result: {'hit@1': 0.008, 'ndcg@1': 0.008, 'hit@5': 0.0306, 'ndcg@5': 0.0191, 'hit@10': 0.0534, 'ndcg@10': 0.0264, 'hit@15': 0.0734, 'ndcg@15': 0.0317, 'hit@20': 0.0921, 'ndcg@20': 0.0361, 'hit@40': 0.1551, 'ndcg@40': 0.0489} 
2024-10-09 15:42:47.136 | INFO     | trainer_1:_train_one_epoch:193 - epoch 15 6.61s Train loss is [0.4305] 
2024-10-09 15:42:54.448 | INFO     | trainer_1:_train_one_epoch:201 - validate 15 cost time 7.31s, result: {'hit@1': 0.012, 'ndcg@1': 0.012, 'hit@5': 0.0485, 'ndcg@5': 0.0301, 'hit@10': 0.0803, 'ndcg@10': 0.0402, 'hit@15': 0.107, 'ndcg@15': 0.0473, 'hit@20': 0.1328, 'ndcg@20': 0.0534, 'hit@40': 0.2127, 'ndcg@40': 0.0696} 
2024-10-09 15:43:01.581 | INFO     | trainer_1:_train_one_epoch:209 - test 15 cost time 7.13s, result: {'hit@1': 0.0086, 'ndcg@1': 0.0086, 'hit@5': 0.0298, 'ndcg@5': 0.0191, 'hit@10': 0.0519, 'ndcg@10': 0.0261, 'hit@15': 0.0712, 'ndcg@15': 0.0312, 'hit@20': 0.0885, 'ndcg@20': 0.0353, 'hit@40': 0.1509, 'ndcg@40': 0.048} 
2024-10-09 15:43:08.006 | INFO     | trainer_1:_train_one_epoch:193 - epoch 16 6.43s Train loss is [0.4102] 
2024-10-09 15:43:13.618 | INFO     | trainer_1:_train_one_epoch:201 - validate 16 cost time 5.61s, result: {'hit@1': 0.0133, 'ndcg@1': 0.0133, 'hit@5': 0.0527, 'ndcg@5': 0.0327, 'hit@10': 0.0854, 'ndcg@10': 0.0432, 'hit@15': 0.1136, 'ndcg@15': 0.0506, 'hit@20': 0.1396, 'ndcg@20': 0.0568, 'hit@40': 0.2229, 'ndcg@40': 0.0737} 
2024-10-09 15:43:18.492 | INFO     | trainer_1:_train_one_epoch:209 - test 16 cost time 4.87s, result: {'hit@1': 0.0104, 'ndcg@1': 0.0104, 'hit@5': 0.0349, 'ndcg@5': 0.0224, 'hit@10': 0.0585, 'ndcg@10': 0.0299, 'hit@15': 0.0765, 'ndcg@15': 0.0347, 'hit@20': 0.0946, 'ndcg@20': 0.039, 'hit@40': 0.1595, 'ndcg@40': 0.0522} 
2024-10-09 15:43:36.137 | INFO     | trainer_1:_train_one_epoch:193 - epoch 17 6.81s Train loss is [0.4112] 
2024-10-09 15:43:43.481 | INFO     | trainer_1:_train_one_epoch:201 - validate 17 cost time 7.34s, result: {'hit@1': 0.0136, 'ndcg@1': 0.0136, 'hit@5': 0.0525, 'ndcg@5': 0.0328, 'hit@10': 0.0901, 'ndcg@10': 0.0448, 'hit@15': 0.1186, 'ndcg@15': 0.0523, 'hit@20': 0.1455, 'ndcg@20': 0.0587, 'hit@40': 0.2333, 'ndcg@40': 0.0766} 
2024-10-09 15:43:50.655 | INFO     | trainer_1:_train_one_epoch:209 - test 17 cost time 7.17s, result: {'hit@1': 0.0099, 'ndcg@1': 0.0099, 'hit@5': 0.0354, 'ndcg@5': 0.0227, 'hit@10': 0.0603, 'ndcg@10': 0.0306, 'hit@15': 0.08, 'ndcg@15': 0.0358, 'hit@20': 0.0994, 'ndcg@20': 0.0404, 'hit@40': 0.1657, 'ndcg@40': 0.0539} 
2024-10-09 15:44:09.128 | INFO     | trainer_1:_train_one_epoch:193 - epoch 18 7.75s Train loss is [0.4023] 
2024-10-09 15:44:16.108 | INFO     | trainer_1:_train_one_epoch:201 - validate 18 cost time 6.98s, result: {'hit@1': 0.0135, 'ndcg@1': 0.0135, 'hit@5': 0.0517, 'ndcg@5': 0.0328, 'hit@10': 0.085, 'ndcg@10': 0.0435, 'hit@15': 0.1146, 'ndcg@15': 0.0513, 'hit@20': 0.1419, 'ndcg@20': 0.0577, 'hit@40': 0.2268, 'ndcg@40': 0.075} 
2024-10-09 15:44:23.395 | INFO     | trainer_1:_train_one_epoch:209 - test 18 cost time 7.29s, result: {'hit@1': 0.0092, 'ndcg@1': 0.0092, 'hit@5': 0.0349, 'ndcg@5': 0.0221, 'hit@10': 0.0585, 'ndcg@10': 0.0297, 'hit@15': 0.0777, 'ndcg@15': 0.0347, 'hit@20': 0.0969, 'ndcg@20': 0.0393, 'hit@40': 0.1623, 'ndcg@40': 0.0526} 
2024-10-09 15:44:30.138 | INFO     | trainer_1:_train_one_epoch:193 - epoch 19 6.74s Train loss is [0.4019] 
2024-10-09 15:44:37.104 | INFO     | trainer_1:_train_one_epoch:201 - validate 19 cost time 6.97s, result: {'hit@1': 0.014, 'ndcg@1': 0.014, 'hit@5': 0.0491, 'ndcg@5': 0.0317, 'hit@10': 0.0825, 'ndcg@10': 0.0424, 'hit@15': 0.1126, 'ndcg@15': 0.0503, 'hit@20': 0.1385, 'ndcg@20': 0.0564, 'hit@40': 0.2231, 'ndcg@40': 0.0736} 
2024-10-09 15:44:41.928 | INFO     | trainer_1:_train_one_epoch:209 - test 19 cost time 4.82s, result: {'hit@1': 0.0098, 'ndcg@1': 0.0098, 'hit@5': 0.0336, 'ndcg@5': 0.0215, 'hit@10': 0.058, 'ndcg@10': 0.0293, 'hit@15': 0.0787, 'ndcg@15': 0.0348, 'hit@20': 0.0959, 'ndcg@20': 0.0388, 'hit@40': 0.1579, 'ndcg@40': 0.0514} 
2024-10-09 15:44:49.047 | INFO     | trainer_1:_train_one_epoch:193 - epoch 20 7.12s Train loss is [0.4025] 
2024-10-09 15:44:56.169 | INFO     | trainer_1:_train_one_epoch:201 - validate 20 cost time 7.12s, result: {'hit@1': 0.0146, 'ndcg@1': 0.0146, 'hit@5': 0.0518, 'ndcg@5': 0.0335, 'hit@10': 0.0856, 'ndcg@10': 0.0444, 'hit@15': 0.1149, 'ndcg@15': 0.0521, 'hit@20': 0.1403, 'ndcg@20': 0.0581, 'hit@40': 0.2303, 'ndcg@40': 0.0764} 
2024-10-09 15:45:03.555 | INFO     | trainer_1:_train_one_epoch:209 - test 20 cost time 7.38s, result: {'hit@1': 0.0097, 'ndcg@1': 0.0097, 'hit@5': 0.0361, 'ndcg@5': 0.023, 'hit@10': 0.06, 'ndcg@10': 0.0306, 'hit@15': 0.0816, 'ndcg@15': 0.0363, 'hit@20': 0.101, 'ndcg@20': 0.0409, 'hit@40': 0.1659, 'ndcg@40': 0.0541} 
2024-10-09 15:45:13.241 | INFO     | trainer_1:_train_one_epoch:193 - epoch 21 9.68s Train loss is [0.3912] 
2024-10-09 15:45:20.522 | INFO     | trainer_1:_train_one_epoch:201 - validate 21 cost time 7.28s, result: {'hit@1': 0.0145, 'ndcg@1': 0.0145, 'hit@5': 0.0521, 'ndcg@5': 0.0334, 'hit@10': 0.084, 'ndcg@10': 0.0436, 'hit@15': 0.1128, 'ndcg@15': 0.0512, 'hit@20': 0.1373, 'ndcg@20': 0.057, 'hit@40': 0.2243, 'ndcg@40': 0.0747} 
2024-10-09 15:45:27.376 | INFO     | trainer_1:_train_one_epoch:209 - test 21 cost time 6.85s, result: {'hit@1': 0.0102, 'ndcg@1': 0.0102, 'hit@5': 0.0367, 'ndcg@5': 0.0234, 'hit@10': 0.0601, 'ndcg@10': 0.0308, 'hit@15': 0.0784, 'ndcg@15': 0.0357, 'hit@20': 0.0972, 'ndcg@20': 0.0401, 'hit@40': 0.1601, 'ndcg@40': 0.0529} 
2024-10-09 15:45:37.528 | INFO     | trainer_1:_train_one_epoch:193 - epoch 22 10.15s Train loss is [0.4005] 
2024-10-09 15:45:44.956 | INFO     | trainer_1:_train_one_epoch:201 - validate 22 cost time 7.43s, result: {'hit@1': 0.0148, 'ndcg@1': 0.0148, 'hit@5': 0.0542, 'ndcg@5': 0.0345, 'hit@10': 0.0877, 'ndcg@10': 0.0452, 'hit@15': 0.116, 'ndcg@15': 0.0527, 'hit@20': 0.1413, 'ndcg@20': 0.0586, 'hit@40': 0.2257, 'ndcg@40': 0.0758} 
2024-10-09 15:45:52.284 | INFO     | trainer_1:_train_one_epoch:209 - test 22 cost time 7.33s, result: {'hit@1': 0.0093, 'ndcg@1': 0.0093, 'hit@5': 0.0355, 'ndcg@5': 0.0223, 'hit@10': 0.0597, 'ndcg@10': 0.0301, 'hit@15': 0.0798, 'ndcg@15': 0.0354, 'hit@20': 0.0973, 'ndcg@20': 0.0395, 'hit@40': 0.1608, 'ndcg@40': 0.0524} 
2024-10-09 15:45:52.301 | INFO     | trainer_1:train_model:163 - training end, best iteration 17, results: {'hit@1': 0.0136, 'ndcg@1': 0.0136, 'hit@5': 0.0525, 'ndcg@5': 0.0328, 'hit@10': 0.0901, 'ndcg@10': 0.0448, 'hit@15': 0.1186, 'ndcg@15': 0.0523, 'hit@20': 0.1455, 'ndcg@20': 0.0587, 'hit@40': 0.2333, 'ndcg@40': 0.0766}
2024-10-09 15:45:52.302 | INFO     | trainer_1:train_model:166 - final test result is:  {'hit@1': 0.0099, 'ndcg@1': 0.0099, 'hit@5': 0.0354, 'ndcg@5': 0.0227, 'hit@10': 0.0603, 'ndcg@10': 0.0306, 'hit@15': 0.08, 'ndcg@15': 0.0358, 'hit@20': 0.0994, 'ndcg@20': 0.0404, 'hit@40': 0.1657, 'ndcg@40': 0.0539}
2024-10-09 15:45:52.938 | INFO     | __main__:<module>:119 - train end total cost time: 2064.054374217987
