2024-10-15 21:54:18.808 | INFO     | __main__:<module>:105 - Namespace(TIME='2024-10-15 21_53_46', batch_size=1024, behaviors=['view', 'cart', 'buy'], check_point='model_pre_1_2024-10-08 12_13_12.pth', data_name='beibei', data_path='./data/beibei', decay=0.001, device='cuda:1', dim_qk=32, dim_v=64, distill_layers=2, distill_thres=0.5, distill_topK=4, distill_userK=10, embedding_size=64, epochs=100, gpu_no=1, if_load_model=True, ii_lambda=200, initializer_range=0.02, layers=2, loss_type='bpr', lr=0.001, message_dropout=0.25, metrics=['hit', 'ndcg'], min_epoch=5, model_name='main_1', model_path='./check_point', node_dropout=0.75, omega=1, pt_loop=50, reg_weight=0.001, test_batch_size=1024, testbatch=1024, topk=[1, 5, 10, 15, 20, 40], uu_lambda=100)
2024-10-15 21:54:18.808 | INFO     | __main__:<module>:106 - BIPN(
  (message_dropout): Dropout(p=0.25, inplace=False)
  (user_embedding): Embedding(21717, 64, padding_idx=0)
  (item_embedding): Embedding(7978, 64, padding_idx=0)
  (global_Graph): LightGCN()
  (Graph_encoder): ModuleDict(
    (view): GraphEncoder(
      (light): LightGCN()
      (dropout): Dropout(p=0.75, inplace=False)
    )
    (cart): GraphEncoder(
      (light): LightGCN()
      (dropout): Dropout(p=0.75, inplace=False)
    )
    (buy): GraphEncoder(
      (light): LightGCN()
      (dropout): Dropout(p=0.75, inplace=False)
    )
  )
  (attention): Mutual_Attention()
  (bpr_loss): BPRLoss()
  (emb_loss): EmbLoss()
  (f): Sigmoid()
)
2024-10-15 21:54:36.968 | INFO     | trainer_1_top:_train_one_epoch:178 - epoch 1 7.55s Train loss is [0.8995] 
2024-10-15 21:54:44.651 | INFO     | trainer_1_top:_train_one_epoch:186 - validate 1 cost time 7.68s, result: {'hit@1': 0.0077, 'ndcg@1': 0.0077, 'hit@5': 0.0295, 'ndcg@5': 0.0185, 'hit@10': 0.0495, 'ndcg@10': 0.0249, 'hit@15': 0.0688, 'ndcg@15': 0.03, 'hit@20': 0.0854, 'ndcg@20': 0.0339, 'hit@40': 0.1434, 'ndcg@40': 0.0457} 
2024-10-15 21:54:52.791 | INFO     | trainer_1_top:_train_one_epoch:194 - test 1 cost time 8.14s, result: {'hit@1': 0.0041, 'ndcg@1': 0.0041, 'hit@5': 0.0182, 'ndcg@5': 0.011, 'hit@10': 0.0348, 'ndcg@10': 0.0163, 'hit@15': 0.0494, 'ndcg@15': 0.0202, 'hit@20': 0.0616, 'ndcg@20': 0.023, 'hit@40': 0.1046, 'ndcg@40': 0.0318} 
2024-10-15 21:55:09.550 | INFO     | trainer_1_top:_train_one_epoch:178 - epoch 2 6.50s Train loss is [0.6760] 
2024-10-15 21:55:16.806 | INFO     | trainer_1_top:_train_one_epoch:186 - validate 2 cost time 7.26s, result: {'hit@1': 0.0079, 'ndcg@1': 0.0079, 'hit@5': 0.0331, 'ndcg@5': 0.0204, 'hit@10': 0.0573, 'ndcg@10': 0.0282, 'hit@15': 0.0773, 'ndcg@15': 0.0334, 'hit@20': 0.0952, 'ndcg@20': 0.0377, 'hit@40': 0.1599, 'ndcg@40': 0.0508} 
2024-10-15 21:55:24.005 | INFO     | trainer_1_top:_train_one_epoch:194 - test 2 cost time 7.20s, result: {'hit@1': 0.0049, 'ndcg@1': 0.0049, 'hit@5': 0.0199, 'ndcg@5': 0.0123, 'hit@10': 0.0363, 'ndcg@10': 0.0176, 'hit@15': 0.0521, 'ndcg@15': 0.0218, 'hit@20': 0.0659, 'ndcg@20': 0.025, 'hit@40': 0.1143, 'ndcg@40': 0.0349} 
2024-10-15 21:55:41.166 | INFO     | trainer_1_top:_train_one_epoch:178 - epoch 3 6.67s Train loss is [0.6022] 
2024-10-15 21:55:47.941 | INFO     | trainer_1_top:_train_one_epoch:186 - validate 3 cost time 6.77s, result: {'hit@1': 0.0094, 'ndcg@1': 0.0094, 'hit@5': 0.0375, 'ndcg@5': 0.0232, 'hit@10': 0.0651, 'ndcg@10': 0.0321, 'hit@15': 0.0914, 'ndcg@15': 0.039, 'hit@20': 0.1146, 'ndcg@20': 0.0445, 'hit@40': 0.1884, 'ndcg@40': 0.0595} 
2024-10-15 21:55:54.927 | INFO     | trainer_1_top:_train_one_epoch:194 - test 3 cost time 6.98s, result: {'hit@1': 0.0056, 'ndcg@1': 0.0056, 'hit@5': 0.0241, 'ndcg@5': 0.0145, 'hit@10': 0.0435, 'ndcg@10': 0.0207, 'hit@15': 0.0609, 'ndcg@15': 0.0253, 'hit@20': 0.0763, 'ndcg@20': 0.0289, 'hit@40': 0.1345, 'ndcg@40': 0.0407} 
2024-10-15 21:56:11.998 | INFO     | trainer_1_top:_train_one_epoch:178 - epoch 4 6.61s Train loss is [0.5711] 
2024-10-15 21:56:18.662 | INFO     | trainer_1_top:_train_one_epoch:186 - validate 4 cost time 6.66s, result: {'hit@1': 0.0112, 'ndcg@1': 0.0112, 'hit@5': 0.0421, 'ndcg@5': 0.0267, 'hit@10': 0.0717, 'ndcg@10': 0.0362, 'hit@15': 0.0964, 'ndcg@15': 0.0427, 'hit@20': 0.1202, 'ndcg@20': 0.0483, 'hit@40': 0.191, 'ndcg@40': 0.0627} 
2024-10-15 21:56:25.556 | INFO     | trainer_1_top:_train_one_epoch:194 - test 4 cost time 6.89s, result: {'hit@1': 0.0059, 'ndcg@1': 0.0059, 'hit@5': 0.0232, 'ndcg@5': 0.0146, 'hit@10': 0.0423, 'ndcg@10': 0.0207, 'hit@15': 0.0605, 'ndcg@15': 0.0255, 'hit@20': 0.0752, 'ndcg@20': 0.029, 'hit@40': 0.127, 'ndcg@40': 0.0395} 
2024-10-15 21:56:31.980 | INFO     | trainer_1_top:_train_one_epoch:178 - epoch 5 6.42s Train loss is [0.5349] 
2024-10-15 21:56:39.984 | INFO     | trainer_1_top:_train_one_epoch:186 - validate 5 cost time 8.00s, result: {'hit@1': 0.0125, 'ndcg@1': 0.0125, 'hit@5': 0.0443, 'ndcg@5': 0.0283, 'hit@10': 0.0753, 'ndcg@10': 0.0383, 'hit@15': 0.1003, 'ndcg@15': 0.0449, 'hit@20': 0.1245, 'ndcg@20': 0.0506, 'hit@40': 0.1975, 'ndcg@40': 0.0655} 
2024-10-15 21:56:47.615 | INFO     | trainer_1_top:_train_one_epoch:194 - test 5 cost time 7.63s, result: {'hit@1': 0.007, 'ndcg@1': 0.007, 'hit@5': 0.0264, 'ndcg@5': 0.0166, 'hit@10': 0.0447, 'ndcg@10': 0.0225, 'hit@15': 0.0624, 'ndcg@15': 0.0272, 'hit@20': 0.0781, 'ndcg@20': 0.0309, 'hit@40': 0.1325, 'ndcg@40': 0.0419} 
2024-10-15 21:57:04.972 | INFO     | trainer_1_top:_train_one_epoch:178 - epoch 6 6.98s Train loss is [0.5184] 
2024-10-15 21:57:12.365 | INFO     | trainer_1_top:_train_one_epoch:186 - validate 6 cost time 7.39s, result: {'hit@1': 0.013, 'ndcg@1': 0.013, 'hit@5': 0.0441, 'ndcg@5': 0.0283, 'hit@10': 0.0734, 'ndcg@10': 0.0377, 'hit@15': 0.0997, 'ndcg@15': 0.0446, 'hit@20': 0.1226, 'ndcg@20': 0.05, 'hit@40': 0.1966, 'ndcg@40': 0.0651} 
2024-10-15 21:57:20.558 | INFO     | trainer_1_top:_train_one_epoch:194 - test 6 cost time 8.19s, result: {'hit@1': 0.0072, 'ndcg@1': 0.0072, 'hit@5': 0.0284, 'ndcg@5': 0.0177, 'hit@10': 0.0488, 'ndcg@10': 0.0242, 'hit@15': 0.0668, 'ndcg@15': 0.029, 'hit@20': 0.0832, 'ndcg@20': 0.0329, 'hit@40': 0.1405, 'ndcg@40': 0.0445} 
2024-10-15 21:57:37.535 | INFO     | trainer_1_top:_train_one_epoch:178 - epoch 7 6.78s Train loss is [0.4886] 
2024-10-15 21:57:44.614 | INFO     | trainer_1_top:_train_one_epoch:186 - validate 7 cost time 7.08s, result: {'hit@1': 0.0124, 'ndcg@1': 0.0124, 'hit@5': 0.0444, 'ndcg@5': 0.0282, 'hit@10': 0.0752, 'ndcg@10': 0.038, 'hit@15': 0.1012, 'ndcg@15': 0.0449, 'hit@20': 0.1242, 'ndcg@20': 0.0503, 'hit@40': 0.2021, 'ndcg@40': 0.0661} 
2024-10-15 21:57:52.307 | INFO     | trainer_1_top:_train_one_epoch:194 - test 7 cost time 7.69s, result: {'hit@1': 0.0067, 'ndcg@1': 0.0067, 'hit@5': 0.0272, 'ndcg@5': 0.0167, 'hit@10': 0.0478, 'ndcg@10': 0.0233, 'hit@15': 0.0662, 'ndcg@15': 0.0282, 'hit@20': 0.0824, 'ndcg@20': 0.032, 'hit@40': 0.1438, 'ndcg@40': 0.0445} 
2024-10-15 21:57:58.675 | INFO     | trainer_1_top:_train_one_epoch:178 - epoch 8 6.37s Train loss is [0.4889] 
2024-10-15 21:58:06.866 | INFO     | trainer_1_top:_train_one_epoch:186 - validate 8 cost time 8.19s, result: {'hit@1': 0.0128, 'ndcg@1': 0.0128, 'hit@5': 0.044, 'ndcg@5': 0.0283, 'hit@10': 0.0746, 'ndcg@10': 0.0382, 'hit@15': 0.1007, 'ndcg@15': 0.0451, 'hit@20': 0.1245, 'ndcg@20': 0.0507, 'hit@40': 0.2001, 'ndcg@40': 0.0661} 
2024-10-15 21:58:11.659 | INFO     | trainer_1_top:_train_one_epoch:194 - test 8 cost time 4.79s, result: {'hit@1': 0.0074, 'ndcg@1': 0.0074, 'hit@5': 0.0276, 'ndcg@5': 0.0175, 'hit@10': 0.0479, 'ndcg@10': 0.0239, 'hit@15': 0.0673, 'ndcg@15': 0.029, 'hit@20': 0.0837, 'ndcg@20': 0.0329, 'hit@40': 0.1424, 'ndcg@40': 0.0448} 
2024-10-15 21:58:17.929 | INFO     | trainer_1_top:_train_one_epoch:178 - epoch 9 6.27s Train loss is [0.4638] 
2024-10-15 21:58:24.320 | INFO     | trainer_1_top:_train_one_epoch:186 - validate 9 cost time 6.39s, result: {'hit@1': 0.0105, 'ndcg@1': 0.0105, 'hit@5': 0.0439, 'ndcg@5': 0.0274, 'hit@10': 0.0734, 'ndcg@10': 0.0369, 'hit@15': 0.1002, 'ndcg@15': 0.0439, 'hit@20': 0.1242, 'ndcg@20': 0.0496, 'hit@40': 0.201, 'ndcg@40': 0.0652} 
2024-10-15 21:58:31.247 | INFO     | trainer_1_top:_train_one_epoch:194 - test 9 cost time 6.93s, result: {'hit@1': 0.007, 'ndcg@1': 0.007, 'hit@5': 0.0276, 'ndcg@5': 0.0172, 'hit@10': 0.0458, 'ndcg@10': 0.0231, 'hit@15': 0.0631, 'ndcg@15': 0.0276, 'hit@20': 0.0814, 'ndcg@20': 0.0319, 'hit@40': 0.1392, 'ndcg@40': 0.0437} 
2024-10-15 21:58:37.414 | INFO     | trainer_1_top:_train_one_epoch:178 - epoch 10 6.17s Train loss is [0.4528] 
2024-10-15 21:58:45.363 | INFO     | trainer_1_top:_train_one_epoch:186 - validate 10 cost time 7.95s, result: {'hit@1': 0.0118, 'ndcg@1': 0.0118, 'hit@5': 0.046, 'ndcg@5': 0.0288, 'hit@10': 0.0765, 'ndcg@10': 0.0386, 'hit@15': 0.1053, 'ndcg@15': 0.0462, 'hit@20': 0.1305, 'ndcg@20': 0.0522, 'hit@40': 0.209, 'ndcg@40': 0.0682} 
2024-10-15 21:58:53.112 | INFO     | trainer_1_top:_train_one_epoch:194 - test 10 cost time 7.75s, result: {'hit@1': 0.0071, 'ndcg@1': 0.0071, 'hit@5': 0.0284, 'ndcg@5': 0.0177, 'hit@10': 0.0488, 'ndcg@10': 0.0243, 'hit@15': 0.0664, 'ndcg@15': 0.0289, 'hit@20': 0.0844, 'ndcg@20': 0.0332, 'hit@40': 0.1455, 'ndcg@40': 0.0456} 
2024-10-15 21:59:00.177 | INFO     | trainer_1_top:_train_one_epoch:178 - epoch 11 7.06s Train loss is [0.4386] 
2024-10-15 21:59:06.576 | INFO     | trainer_1_top:_train_one_epoch:186 - validate 11 cost time 6.40s, result: {'hit@1': 0.011, 'ndcg@1': 0.011, 'hit@5': 0.0429, 'ndcg@5': 0.027, 'hit@10': 0.0752, 'ndcg@10': 0.0373, 'hit@15': 0.1022, 'ndcg@15': 0.0444, 'hit@20': 0.1254, 'ndcg@20': 0.0499, 'hit@40': 0.2039, 'ndcg@40': 0.0659} 
2024-10-15 21:59:14.577 | INFO     | trainer_1_top:_train_one_epoch:194 - test 11 cost time 8.00s, result: {'hit@1': 0.0068, 'ndcg@1': 0.0068, 'hit@5': 0.0276, 'ndcg@5': 0.017, 'hit@10': 0.0478, 'ndcg@10': 0.0235, 'hit@15': 0.0648, 'ndcg@15': 0.028, 'hit@20': 0.0814, 'ndcg@20': 0.0319, 'hit@40': 0.1425, 'ndcg@40': 0.0443} 
2024-10-15 21:59:20.755 | INFO     | trainer_1_top:_train_one_epoch:178 - epoch 12 6.18s Train loss is [0.4457] 
2024-10-15 21:59:28.492 | INFO     | trainer_1_top:_train_one_epoch:186 - validate 12 cost time 7.74s, result: {'hit@1': 0.0118, 'ndcg@1': 0.0118, 'hit@5': 0.0436, 'ndcg@5': 0.0277, 'hit@10': 0.075, 'ndcg@10': 0.0377, 'hit@15': 0.102, 'ndcg@15': 0.0449, 'hit@20': 0.1274, 'ndcg@20': 0.0509, 'hit@40': 0.2026, 'ndcg@40': 0.0662} 
2024-10-15 21:59:35.577 | INFO     | trainer_1_top:_train_one_epoch:194 - test 12 cost time 7.08s, result: {'hit@1': 0.0075, 'ndcg@1': 0.0075, 'hit@5': 0.028, 'ndcg@5': 0.0177, 'hit@10': 0.0489, 'ndcg@10': 0.0244, 'hit@15': 0.066, 'ndcg@15': 0.0289, 'hit@20': 0.0815, 'ndcg@20': 0.0326, 'hit@40': 0.1423, 'ndcg@40': 0.045} 
2024-10-15 21:59:52.373 | INFO     | trainer_1_top:_train_one_epoch:178 - epoch 13 6.38s Train loss is [0.4456] 
2024-10-15 22:00:00.523 | INFO     | trainer_1_top:_train_one_epoch:186 - validate 13 cost time 8.15s, result: {'hit@1': 0.012, 'ndcg@1': 0.012, 'hit@5': 0.0478, 'ndcg@5': 0.0299, 'hit@10': 0.0823, 'ndcg@10': 0.0409, 'hit@15': 0.1117, 'ndcg@15': 0.0486, 'hit@20': 0.1393, 'ndcg@20': 0.0551, 'hit@40': 0.218, 'ndcg@40': 0.0712} 
2024-10-15 22:00:08.771 | INFO     | trainer_1_top:_train_one_epoch:194 - test 13 cost time 8.25s, result: {'hit@1': 0.0085, 'ndcg@1': 0.0085, 'hit@5': 0.0306, 'ndcg@5': 0.0195, 'hit@10': 0.0527, 'ndcg@10': 0.0265, 'hit@15': 0.0708, 'ndcg@15': 0.0313, 'hit@20': 0.0903, 'ndcg@20': 0.0359, 'hit@40': 0.1532, 'ndcg@40': 0.0486} 
2024-10-15 22:00:25.370 | INFO     | trainer_1_top:_train_one_epoch:178 - epoch 14 6.30s Train loss is [0.4266] 
2024-10-15 22:00:33.162 | INFO     | trainer_1_top:_train_one_epoch:186 - validate 14 cost time 7.79s, result: {'hit@1': 0.0128, 'ndcg@1': 0.0128, 'hit@5': 0.0487, 'ndcg@5': 0.0307, 'hit@10': 0.0833, 'ndcg@10': 0.0418, 'hit@15': 0.1133, 'ndcg@15': 0.0497, 'hit@20': 0.1403, 'ndcg@20': 0.0561, 'hit@40': 0.221, 'ndcg@40': 0.0725} 
2024-10-15 22:00:41.182 | INFO     | trainer_1_top:_train_one_epoch:194 - test 14 cost time 8.02s, result: {'hit@1': 0.0079, 'ndcg@1': 0.0079, 'hit@5': 0.0312, 'ndcg@5': 0.0195, 'hit@10': 0.0542, 'ndcg@10': 0.0269, 'hit@15': 0.074, 'ndcg@15': 0.0321, 'hit@20': 0.0933, 'ndcg@20': 0.0367, 'hit@40': 0.1565, 'ndcg@40': 0.0495} 
2024-10-15 22:00:59.107 | INFO     | trainer_1_top:_train_one_epoch:178 - epoch 15 6.91s Train loss is [0.4264] 
2024-10-15 22:01:06.988 | INFO     | trainer_1_top:_train_one_epoch:186 - validate 15 cost time 7.88s, result: {'hit@1': 0.0128, 'ndcg@1': 0.0128, 'hit@5': 0.0489, 'ndcg@5': 0.0309, 'hit@10': 0.081, 'ndcg@10': 0.0412, 'hit@15': 0.1094, 'ndcg@15': 0.0487, 'hit@20': 0.1346, 'ndcg@20': 0.0547, 'hit@40': 0.2175, 'ndcg@40': 0.0715} 
2024-10-15 22:01:14.703 | INFO     | trainer_1_top:_train_one_epoch:194 - test 15 cost time 7.71s, result: {'hit@1': 0.0094, 'ndcg@1': 0.0094, 'hit@5': 0.0315, 'ndcg@5': 0.0205, 'hit@10': 0.0533, 'ndcg@10': 0.0275, 'hit@15': 0.0729, 'ndcg@15': 0.0326, 'hit@20': 0.0907, 'ndcg@20': 0.0368, 'hit@40': 0.1536, 'ndcg@40': 0.0497} 
2024-10-15 22:01:21.132 | INFO     | trainer_1_top:_train_one_epoch:178 - epoch 16 6.43s Train loss is [0.4054] 
2024-10-15 22:01:25.994 | INFO     | trainer_1_top:_train_one_epoch:186 - validate 16 cost time 4.86s, result: {'hit@1': 0.014, 'ndcg@1': 0.014, 'hit@5': 0.0533, 'ndcg@5': 0.0336, 'hit@10': 0.0862, 'ndcg@10': 0.0441, 'hit@15': 0.1169, 'ndcg@15': 0.0522, 'hit@20': 0.141, 'ndcg@20': 0.0579, 'hit@40': 0.2247, 'ndcg@40': 0.075} 
2024-10-15 22:01:31.632 | INFO     | trainer_1_top:_train_one_epoch:194 - test 16 cost time 5.64s, result: {'hit@1': 0.0102, 'ndcg@1': 0.0102, 'hit@5': 0.0363, 'ndcg@5': 0.023, 'hit@10': 0.0595, 'ndcg@10': 0.0304, 'hit@15': 0.0779, 'ndcg@15': 0.0353, 'hit@20': 0.0966, 'ndcg@20': 0.0397, 'hit@40': 0.1646, 'ndcg@40': 0.0535} 
2024-10-15 22:01:48.667 | INFO     | trainer_1_top:_train_one_epoch:178 - epoch 17 6.54s Train loss is [0.4083] 
2024-10-15 22:01:56.824 | INFO     | trainer_1_top:_train_one_epoch:186 - validate 17 cost time 8.16s, result: {'hit@1': 0.014, 'ndcg@1': 0.014, 'hit@5': 0.0543, 'ndcg@5': 0.0339, 'hit@10': 0.091, 'ndcg@10': 0.0456, 'hit@15': 0.1202, 'ndcg@15': 0.0533, 'hit@20': 0.1482, 'ndcg@20': 0.06, 'hit@40': 0.2344, 'ndcg@40': 0.0775} 
2024-10-15 22:02:04.616 | INFO     | trainer_1_top:_train_one_epoch:194 - test 17 cost time 7.79s, result: {'hit@1': 0.0105, 'ndcg@1': 0.0105, 'hit@5': 0.0366, 'ndcg@5': 0.0235, 'hit@10': 0.0613, 'ndcg@10': 0.0314, 'hit@15': 0.0838, 'ndcg@15': 0.0373, 'hit@20': 0.1024, 'ndcg@20': 0.0417, 'hit@40': 0.1698, 'ndcg@40': 0.0554} 
2024-10-15 22:02:22.112 | INFO     | trainer_1_top:_train_one_epoch:178 - epoch 18 6.99s Train loss is [0.3982] 
2024-10-15 22:02:29.580 | INFO     | trainer_1_top:_train_one_epoch:186 - validate 18 cost time 7.47s, result: {'hit@1': 0.0145, 'ndcg@1': 0.0145, 'hit@5': 0.053, 'ndcg@5': 0.0338, 'hit@10': 0.0899, 'ndcg@10': 0.0457, 'hit@15': 0.1183, 'ndcg@15': 0.0532, 'hit@20': 0.1452, 'ndcg@20': 0.0595, 'hit@40': 0.2297, 'ndcg@40': 0.0767} 
2024-10-15 22:02:37.679 | INFO     | trainer_1_top:_train_one_epoch:194 - test 18 cost time 8.10s, result: {'hit@1': 0.01, 'ndcg@1': 0.01, 'hit@5': 0.0364, 'ndcg@5': 0.0232, 'hit@10': 0.0595, 'ndcg@10': 0.0306, 'hit@15': 0.0805, 'ndcg@15': 0.0362, 'hit@20': 0.099, 'ndcg@20': 0.0405, 'hit@40': 0.1643, 'ndcg@40': 0.0538} 
2024-10-15 22:02:44.219 | INFO     | trainer_1_top:_train_one_epoch:178 - epoch 19 6.54s Train loss is [0.3995] 
2024-10-15 22:02:51.772 | INFO     | trainer_1_top:_train_one_epoch:186 - validate 19 cost time 7.55s, result: {'hit@1': 0.0146, 'ndcg@1': 0.0146, 'hit@5': 0.0507, 'ndcg@5': 0.0328, 'hit@10': 0.0853, 'ndcg@10': 0.0439, 'hit@15': 0.1172, 'ndcg@15': 0.0523, 'hit@20': 0.1416, 'ndcg@20': 0.0581, 'hit@40': 0.2286, 'ndcg@40': 0.0758} 
2024-10-15 22:02:58.010 | INFO     | trainer_1_top:_train_one_epoch:194 - test 19 cost time 6.24s, result: {'hit@1': 0.0098, 'ndcg@1': 0.0098, 'hit@5': 0.0349, 'ndcg@5': 0.0223, 'hit@10': 0.0597, 'ndcg@10': 0.0302, 'hit@15': 0.0796, 'ndcg@15': 0.0354, 'hit@20': 0.0979, 'ndcg@20': 0.0398, 'hit@40': 0.1606, 'ndcg@40': 0.0525} 
2024-10-15 22:03:04.854 | INFO     | trainer_1_top:_train_one_epoch:178 - epoch 20 6.84s Train loss is [0.3996] 
2024-10-15 22:03:12.590 | INFO     | trainer_1_top:_train_one_epoch:186 - validate 20 cost time 7.74s, result: {'hit@1': 0.0157, 'ndcg@1': 0.0157, 'hit@5': 0.0527, 'ndcg@5': 0.0345, 'hit@10': 0.0866, 'ndcg@10': 0.0454, 'hit@15': 0.116, 'ndcg@15': 0.0532, 'hit@20': 0.143, 'ndcg@20': 0.0595, 'hit@40': 0.2318, 'ndcg@40': 0.0776} 
2024-10-15 22:03:20.114 | INFO     | trainer_1_top:_train_one_epoch:194 - test 20 cost time 7.52s, result: {'hit@1': 0.01, 'ndcg@1': 0.01, 'hit@5': 0.0379, 'ndcg@5': 0.0241, 'hit@10': 0.062, 'ndcg@10': 0.0318, 'hit@15': 0.0833, 'ndcg@15': 0.0374, 'hit@20': 0.102, 'ndcg@20': 0.0418, 'hit@40': 0.1678, 'ndcg@40': 0.0552} 
2024-10-15 22:03:37.551 | INFO     | trainer_1_top:_train_one_epoch:178 - epoch 21 6.93s Train loss is [0.3892] 
2024-10-15 22:03:45.772 | INFO     | trainer_1_top:_train_one_epoch:186 - validate 21 cost time 8.22s, result: {'hit@1': 0.0149, 'ndcg@1': 0.0149, 'hit@5': 0.0542, 'ndcg@5': 0.0346, 'hit@10': 0.0861, 'ndcg@10': 0.0448, 'hit@15': 0.1158, 'ndcg@15': 0.0527, 'hit@20': 0.141, 'ndcg@20': 0.0586, 'hit@40': 0.2283, 'ndcg@40': 0.0764} 
2024-10-15 22:03:53.444 | INFO     | trainer_1_top:_train_one_epoch:194 - test 21 cost time 7.67s, result: {'hit@1': 0.0107, 'ndcg@1': 0.0107, 'hit@5': 0.0377, 'ndcg@5': 0.0242, 'hit@10': 0.0611, 'ndcg@10': 0.0318, 'hit@15': 0.0814, 'ndcg@15': 0.0371, 'hit@20': 0.0997, 'ndcg@20': 0.0415, 'hit@40': 0.1644, 'ndcg@40': 0.0546} 
2024-10-15 22:04:00.005 | INFO     | trainer_1_top:_train_one_epoch:178 - epoch 22 6.56s Train loss is [0.3980] 
2024-10-15 22:04:06.945 | INFO     | trainer_1_top:_train_one_epoch:186 - validate 22 cost time 6.94s, result: {'hit@1': 0.0158, 'ndcg@1': 0.0158, 'hit@5': 0.0555, 'ndcg@5': 0.0357, 'hit@10': 0.0885, 'ndcg@10': 0.0463, 'hit@15': 0.1196, 'ndcg@15': 0.0545, 'hit@20': 0.1441, 'ndcg@20': 0.0603, 'hit@40': 0.2285, 'ndcg@40': 0.0775} 
2024-10-15 22:04:13.591 | INFO     | trainer_1_top:_train_one_epoch:194 - test 22 cost time 6.65s, result: {'hit@1': 0.0098, 'ndcg@1': 0.0098, 'hit@5': 0.0365, 'ndcg@5': 0.0231, 'hit@10': 0.0609, 'ndcg@10': 0.0309, 'hit@15': 0.0817, 'ndcg@15': 0.0365, 'hit@20': 0.1004, 'ndcg@20': 0.0409, 'hit@40': 0.1614, 'ndcg@40': 0.0532} 
2024-10-15 22:04:19.958 | INFO     | trainer_1_top:_train_one_epoch:178 - epoch 23 6.37s Train loss is [0.3873] 
2024-10-15 22:04:28.229 | INFO     | trainer_1_top:_train_one_epoch:186 - validate 23 cost time 8.27s, result: {'hit@1': 0.0164, 'ndcg@1': 0.0164, 'hit@5': 0.0582, 'ndcg@5': 0.0374, 'hit@10': 0.0943, 'ndcg@10': 0.049, 'hit@15': 0.127, 'ndcg@15': 0.0576, 'hit@20': 0.1524, 'ndcg@20': 0.0636, 'hit@40': 0.239, 'ndcg@40': 0.0812} 
2024-10-15 22:04:36.298 | INFO     | trainer_1_top:_train_one_epoch:194 - test 23 cost time 8.07s, result: {'hit@1': 0.0104, 'ndcg@1': 0.0104, 'hit@5': 0.0388, 'ndcg@5': 0.0243, 'hit@10': 0.0636, 'ndcg@10': 0.0323, 'hit@15': 0.0834, 'ndcg@15': 0.0375, 'hit@20': 0.1042, 'ndcg@20': 0.0424, 'hit@40': 0.1707, 'ndcg@40': 0.0559} 
2024-10-15 22:04:53.336 | INFO     | trainer_1_top:_train_one_epoch:178 - epoch 24 6.54s Train loss is [0.3830] 
2024-10-15 22:05:01.019 | INFO     | trainer_1_top:_train_one_epoch:186 - validate 24 cost time 7.68s, result: {'hit@1': 0.0153, 'ndcg@1': 0.0153, 'hit@5': 0.0564, 'ndcg@5': 0.0361, 'hit@10': 0.091, 'ndcg@10': 0.0472, 'hit@15': 0.1209, 'ndcg@15': 0.0551, 'hit@20': 0.1482, 'ndcg@20': 0.0615, 'hit@40': 0.2341, 'ndcg@40': 0.079} 
2024-10-15 22:05:08.829 | INFO     | trainer_1_top:_train_one_epoch:194 - test 24 cost time 7.81s, result: {'hit@1': 0.0107, 'ndcg@1': 0.0107, 'hit@5': 0.0371, 'ndcg@5': 0.0241, 'hit@10': 0.0614, 'ndcg@10': 0.0319, 'hit@15': 0.0828, 'ndcg@15': 0.0375, 'hit@20': 0.1028, 'ndcg@20': 0.0422, 'hit@40': 0.1671, 'ndcg@40': 0.0553} 
2024-10-15 22:05:15.263 | INFO     | trainer_1_top:_train_one_epoch:178 - epoch 25 6.43s Train loss is [0.3796] 
2024-10-15 22:05:21.947 | INFO     | trainer_1_top:_train_one_epoch:186 - validate 25 cost time 6.68s, result: {'hit@1': 0.0164, 'ndcg@1': 0.0164, 'hit@5': 0.0593, 'ndcg@5': 0.0381, 'hit@10': 0.0971, 'ndcg@10': 0.0502, 'hit@15': 0.1274, 'ndcg@15': 0.0582, 'hit@20': 0.1548, 'ndcg@20': 0.0647, 'hit@40': 0.242, 'ndcg@40': 0.0824} 
2024-10-15 22:05:28.895 | INFO     | trainer_1_top:_train_one_epoch:194 - test 25 cost time 6.95s, result: {'hit@1': 0.0117, 'ndcg@1': 0.0117, 'hit@5': 0.0406, 'ndcg@5': 0.0262, 'hit@10': 0.0664, 'ndcg@10': 0.0344, 'hit@15': 0.0879, 'ndcg@15': 0.0401, 'hit@20': 0.1083, 'ndcg@20': 0.0449, 'hit@40': 0.1777, 'ndcg@40': 0.059} 
2024-10-15 22:05:45.625 | INFO     | trainer_1_top:_train_one_epoch:178 - epoch 26 6.29s Train loss is [0.3734] 
2024-10-15 22:05:52.311 | INFO     | trainer_1_top:_train_one_epoch:186 - validate 26 cost time 6.69s, result: {'hit@1': 0.0168, 'ndcg@1': 0.0168, 'hit@5': 0.0619, 'ndcg@5': 0.0393, 'hit@10': 0.0974, 'ndcg@10': 0.0506, 'hit@15': 0.1294, 'ndcg@15': 0.0591, 'hit@20': 0.1536, 'ndcg@20': 0.0648, 'hit@40': 0.2417, 'ndcg@40': 0.0827} 
2024-10-15 22:05:59.092 | INFO     | trainer_1_top:_train_one_epoch:194 - test 26 cost time 6.78s, result: {'hit@1': 0.011, 'ndcg@1': 0.011, 'hit@5': 0.0388, 'ndcg@5': 0.025, 'hit@10': 0.065, 'ndcg@10': 0.0334, 'hit@15': 0.0865, 'ndcg@15': 0.0391, 'hit@20': 0.1081, 'ndcg@20': 0.0442, 'hit@40': 0.1728, 'ndcg@40': 0.0574} 
2024-10-15 22:06:05.419 | INFO     | trainer_1_top:_train_one_epoch:178 - epoch 27 6.33s Train loss is [0.3734] 
2024-10-15 22:06:14.262 | INFO     | trainer_1_top:_train_one_epoch:186 - validate 27 cost time 8.84s, result: {'hit@1': 0.0178, 'ndcg@1': 0.0178, 'hit@5': 0.062, 'ndcg@5': 0.0401, 'hit@10': 0.0997, 'ndcg@10': 0.0521, 'hit@15': 0.1317, 'ndcg@15': 0.0606, 'hit@20': 0.1596, 'ndcg@20': 0.0672, 'hit@40': 0.2453, 'ndcg@40': 0.0846} 
2024-10-15 22:06:22.464 | INFO     | trainer_1_top:_train_one_epoch:194 - test 27 cost time 8.20s, result: {'hit@1': 0.012, 'ndcg@1': 0.012, 'hit@5': 0.0402, 'ndcg@5': 0.0262, 'hit@10': 0.068, 'ndcg@10': 0.035, 'hit@15': 0.0903, 'ndcg@15': 0.0409, 'hit@20': 0.1101, 'ndcg@20': 0.0456, 'hit@40': 0.1758, 'ndcg@40': 0.0589} 
2024-10-15 22:06:40.124 | INFO     | trainer_1_top:_train_one_epoch:178 - epoch 28 6.57s Train loss is [0.3778] 
2024-10-15 22:06:46.829 | INFO     | trainer_1_top:_train_one_epoch:186 - validate 28 cost time 6.70s, result: {'hit@1': 0.017, 'ndcg@1': 0.017, 'hit@5': 0.0613, 'ndcg@5': 0.0393, 'hit@10': 0.1002, 'ndcg@10': 0.0518, 'hit@15': 0.1324, 'ndcg@15': 0.0603, 'hit@20': 0.1601, 'ndcg@20': 0.0668, 'hit@40': 0.2438, 'ndcg@40': 0.0839} 
2024-10-15 22:06:54.419 | INFO     | trainer_1_top:_train_one_epoch:194 - test 28 cost time 7.59s, result: {'hit@1': 0.011, 'ndcg@1': 0.011, 'hit@5': 0.0391, 'ndcg@5': 0.0249, 'hit@10': 0.0666, 'ndcg@10': 0.0338, 'hit@15': 0.088, 'ndcg@15': 0.0394, 'hit@20': 0.1084, 'ndcg@20': 0.0442, 'hit@40': 0.1753, 'ndcg@40': 0.0578} 
2024-10-15 22:07:00.579 | INFO     | trainer_1_top:_train_one_epoch:178 - epoch 29 6.16s Train loss is [0.3590] 
2024-10-15 22:07:08.155 | INFO     | trainer_1_top:_train_one_epoch:186 - validate 29 cost time 7.58s, result: {'hit@1': 0.0166, 'ndcg@1': 0.0166, 'hit@5': 0.0603, 'ndcg@5': 0.0384, 'hit@10': 0.0951, 'ndcg@10': 0.0496, 'hit@15': 0.1268, 'ndcg@15': 0.058, 'hit@20': 0.1534, 'ndcg@20': 0.0642, 'hit@40': 0.2356, 'ndcg@40': 0.0809} 
2024-10-15 22:07:14.919 | INFO     | trainer_1_top:_train_one_epoch:194 - test 29 cost time 6.76s, result: {'hit@1': 0.0109, 'ndcg@1': 0.0109, 'hit@5': 0.0385, 'ndcg@5': 0.0246, 'hit@10': 0.0624, 'ndcg@10': 0.0322, 'hit@15': 0.083, 'ndcg@15': 0.0377, 'hit@20': 0.1029, 'ndcg@20': 0.0424, 'hit@40': 0.169, 'ndcg@40': 0.0558} 
2024-10-15 22:07:21.247 | INFO     | trainer_1_top:_train_one_epoch:178 - epoch 30 6.33s Train loss is [0.3646] 
2024-10-15 22:07:28.833 | INFO     | trainer_1_top:_train_one_epoch:186 - validate 30 cost time 7.58s, result: {'hit@1': 0.0172, 'ndcg@1': 0.0172, 'hit@5': 0.058, 'ndcg@5': 0.0379, 'hit@10': 0.0921, 'ndcg@10': 0.0489, 'hit@15': 0.1247, 'ndcg@15': 0.0575, 'hit@20': 0.1525, 'ndcg@20': 0.064, 'hit@40': 0.2407, 'ndcg@40': 0.0819} 
2024-10-15 22:07:36.671 | INFO     | trainer_1_top:_train_one_epoch:194 - test 30 cost time 7.84s, result: {'hit@1': 0.0117, 'ndcg@1': 0.0117, 'hit@5': 0.0386, 'ndcg@5': 0.0251, 'hit@10': 0.0635, 'ndcg@10': 0.0331, 'hit@15': 0.0847, 'ndcg@15': 0.0387, 'hit@20': 0.1042, 'ndcg@20': 0.0432, 'hit@40': 0.1705, 'ndcg@40': 0.0567} 
2024-10-15 22:07:42.859 | INFO     | trainer_1_top:_train_one_epoch:178 - epoch 31 6.19s Train loss is [0.3564] 
2024-10-15 22:07:49.805 | INFO     | trainer_1_top:_train_one_epoch:186 - validate 31 cost time 6.95s, result: {'hit@1': 0.0164, 'ndcg@1': 0.0164, 'hit@5': 0.0607, 'ndcg@5': 0.0388, 'hit@10': 0.0984, 'ndcg@10': 0.0509, 'hit@15': 0.13, 'ndcg@15': 0.0592, 'hit@20': 0.158, 'ndcg@20': 0.0658, 'hit@40': 0.2455, 'ndcg@40': 0.0836} 
2024-10-15 22:07:56.497 | INFO     | trainer_1_top:_train_one_epoch:194 - test 31 cost time 6.69s, result: {'hit@1': 0.0116, 'ndcg@1': 0.0116, 'hit@5': 0.0387, 'ndcg@5': 0.025, 'hit@10': 0.0672, 'ndcg@10': 0.0341, 'hit@15': 0.0886, 'ndcg@15': 0.0398, 'hit@20': 0.1084, 'ndcg@20': 0.0445, 'hit@40': 0.1766, 'ndcg@40': 0.0583} 
2024-10-15 22:08:02.906 | INFO     | trainer_1_top:_train_one_epoch:178 - epoch 32 6.41s Train loss is [0.3550] 
2024-10-15 22:08:12.424 | INFO     | trainer_1_top:_train_one_epoch:186 - validate 32 cost time 9.52s, result: {'hit@1': 0.0179, 'ndcg@1': 0.0179, 'hit@5': 0.0622, 'ndcg@5': 0.0403, 'hit@10': 0.1015, 'ndcg@10': 0.0529, 'hit@15': 0.1341, 'ndcg@15': 0.0615, 'hit@20': 0.1608, 'ndcg@20': 0.0678, 'hit@40': 0.2501, 'ndcg@40': 0.086} 
2024-10-15 22:08:22.573 | INFO     | trainer_1_top:_train_one_epoch:194 - test 32 cost time 10.15s, result: {'hit@1': 0.0113, 'ndcg@1': 0.0113, 'hit@5': 0.0409, 'ndcg@5': 0.0261, 'hit@10': 0.0677, 'ndcg@10': 0.0347, 'hit@15': 0.09, 'ndcg@15': 0.0406, 'hit@20': 0.1083, 'ndcg@20': 0.0449, 'hit@40': 0.177, 'ndcg@40': 0.0589} 
2024-10-15 22:08:30.491 | INFO     | trainer_1_top:_train_one_epoch:178 - epoch 33 7.92s Train loss is [0.3543] 
2024-10-15 22:08:38.542 | INFO     | trainer_1_top:_train_one_epoch:186 - validate 33 cost time 8.05s, result: {'hit@1': 0.0166, 'ndcg@1': 0.0166, 'hit@5': 0.0631, 'ndcg@5': 0.0402, 'hit@10': 0.102, 'ndcg@10': 0.0527, 'hit@15': 0.1329, 'ndcg@15': 0.0608, 'hit@20': 0.1573, 'ndcg@20': 0.0666, 'hit@40': 0.2442, 'ndcg@40': 0.0843} 
2024-10-15 22:08:46.855 | INFO     | trainer_1_top:_train_one_epoch:194 - test 33 cost time 8.31s, result: {'hit@1': 0.012, 'ndcg@1': 0.012, 'hit@5': 0.0404, 'ndcg@5': 0.0261, 'hit@10': 0.0676, 'ndcg@10': 0.0348, 'hit@15': 0.088, 'ndcg@15': 0.0402, 'hit@20': 0.1077, 'ndcg@20': 0.0448, 'hit@40': 0.1737, 'ndcg@40': 0.0582} 
2024-10-15 22:08:56.340 | INFO     | trainer_1_top:_train_one_epoch:178 - epoch 34 9.48s Train loss is [0.3463] 
2024-10-15 22:09:05.422 | INFO     | trainer_1_top:_train_one_epoch:186 - validate 34 cost time 9.08s, result: {'hit@1': 0.0167, 'ndcg@1': 0.0167, 'hit@5': 0.0618, 'ndcg@5': 0.0392, 'hit@10': 0.1008, 'ndcg@10': 0.0517, 'hit@15': 0.1335, 'ndcg@15': 0.0603, 'hit@20': 0.1612, 'ndcg@20': 0.0668, 'hit@40': 0.2487, 'ndcg@40': 0.0846} 
2024-10-15 22:09:14.736 | INFO     | trainer_1_top:_train_one_epoch:194 - test 34 cost time 9.31s, result: {'hit@1': 0.0123, 'ndcg@1': 0.0123, 'hit@5': 0.0408, 'ndcg@5': 0.0264, 'hit@10': 0.0682, 'ndcg@10': 0.0352, 'hit@15': 0.0906, 'ndcg@15': 0.0411, 'hit@20': 0.11, 'ndcg@20': 0.0457, 'hit@40': 0.1745, 'ndcg@40': 0.0589} 
2024-10-15 22:09:36.148 | INFO     | trainer_1_top:_train_one_epoch:178 - epoch 35 8.54s Train loss is [0.3531] 
2024-10-15 22:09:46.502 | INFO     | trainer_1_top:_train_one_epoch:186 - validate 35 cost time 10.35s, result: {'hit@1': 0.0177, 'ndcg@1': 0.0177, 'hit@5': 0.0629, 'ndcg@5': 0.0404, 'hit@10': 0.1014, 'ndcg@10': 0.0528, 'hit@15': 0.1331, 'ndcg@15': 0.0611, 'hit@20': 0.1588, 'ndcg@20': 0.0672, 'hit@40': 0.2456, 'ndcg@40': 0.0848} 
2024-10-15 22:09:56.124 | INFO     | trainer_1_top:_train_one_epoch:194 - test 35 cost time 9.62s, result: {'hit@1': 0.0118, 'ndcg@1': 0.0118, 'hit@5': 0.0416, 'ndcg@5': 0.0268, 'hit@10': 0.0691, 'ndcg@10': 0.0356, 'hit@15': 0.09, 'ndcg@15': 0.0411, 'hit@20': 0.1084, 'ndcg@20': 0.0454, 'hit@40': 0.1723, 'ndcg@40': 0.0584} 
2024-10-15 22:10:14.517 | INFO     | trainer_1_top:_train_one_epoch:178 - epoch 36 6.53s Train loss is [0.3543] 
2024-10-15 22:10:20.325 | INFO     | trainer_1_top:_train_one_epoch:186 - validate 36 cost time 5.81s, result: {'hit@1': 0.0166, 'ndcg@1': 0.0166, 'hit@5': 0.0619, 'ndcg@5': 0.0391, 'hit@10': 0.1017, 'ndcg@10': 0.0519, 'hit@15': 0.1347, 'ndcg@15': 0.0606, 'hit@20': 0.1651, 'ndcg@20': 0.0678, 'hit@40': 0.2584, 'ndcg@40': 0.0868} 
2024-10-15 22:10:26.038 | INFO     | trainer_1_top:_train_one_epoch:194 - test 36 cost time 5.71s, result: {'hit@1': 0.0112, 'ndcg@1': 0.0112, 'hit@5': 0.0413, 'ndcg@5': 0.0264, 'hit@10': 0.069, 'ndcg@10': 0.0353, 'hit@15': 0.0901, 'ndcg@15': 0.0409, 'hit@20': 0.1107, 'ndcg@20': 0.0457, 'hit@40': 0.1779, 'ndcg@40': 0.0594} 
2024-10-15 22:10:32.770 | INFO     | trainer_1_top:_train_one_epoch:178 - epoch 37 6.73s Train loss is [0.3551] 
2024-10-15 22:10:37.794 | INFO     | trainer_1_top:_train_one_epoch:186 - validate 37 cost time 5.02s, result: {'hit@1': 0.0175, 'ndcg@1': 0.0175, 'hit@5': 0.0621, 'ndcg@5': 0.0399, 'hit@10': 0.1018, 'ndcg@10': 0.0526, 'hit@15': 0.1365, 'ndcg@15': 0.0618, 'hit@20': 0.1649, 'ndcg@20': 0.0685, 'hit@40': 0.2562, 'ndcg@40': 0.0871} 
2024-10-15 22:10:42.779 | INFO     | trainer_1_top:_train_one_epoch:194 - test 37 cost time 4.98s, result: {'hit@1': 0.0116, 'ndcg@1': 0.0116, 'hit@5': 0.0423, 'ndcg@5': 0.0269, 'hit@10': 0.0698, 'ndcg@10': 0.0357, 'hit@15': 0.0917, 'ndcg@15': 0.0415, 'hit@20': 0.1112, 'ndcg@20': 0.0461, 'hit@40': 0.1812, 'ndcg@40': 0.0603} 
2024-10-15 22:11:00.873 | INFO     | trainer_1_top:_train_one_epoch:178 - epoch 38 6.13s Train loss is [0.3448] 
2024-10-15 22:11:05.884 | INFO     | trainer_1_top:_train_one_epoch:186 - validate 38 cost time 5.01s, result: {'hit@1': 0.0167, 'ndcg@1': 0.0167, 'hit@5': 0.063, 'ndcg@5': 0.0402, 'hit@10': 0.1029, 'ndcg@10': 0.053, 'hit@15': 0.1352, 'ndcg@15': 0.0615, 'hit@20': 0.1625, 'ndcg@20': 0.068, 'hit@40': 0.2534, 'ndcg@40': 0.0864} 
2024-10-15 22:11:10.876 | INFO     | trainer_1_top:_train_one_epoch:194 - test 38 cost time 4.99s, result: {'hit@1': 0.0111, 'ndcg@1': 0.0111, 'hit@5': 0.0418, 'ndcg@5': 0.0264, 'hit@10': 0.0704, 'ndcg@10': 0.0355, 'hit@15': 0.0911, 'ndcg@15': 0.0409, 'hit@20': 0.1106, 'ndcg@20': 0.0455, 'hit@40': 0.1768, 'ndcg@40': 0.059} 
2024-10-15 22:11:28.348 | INFO     | trainer_1_top:_train_one_epoch:178 - epoch 39 6.46s Train loss is [0.3519] 
2024-10-15 22:11:33.400 | INFO     | trainer_1_top:_train_one_epoch:186 - validate 39 cost time 5.05s, result: {'hit@1': 0.018, 'ndcg@1': 0.018, 'hit@5': 0.0652, 'ndcg@5': 0.0417, 'hit@10': 0.107, 'ndcg@10': 0.0551, 'hit@15': 0.1397, 'ndcg@15': 0.0637, 'hit@20': 0.169, 'ndcg@20': 0.0706, 'hit@40': 0.2634, 'ndcg@40': 0.0899} 
2024-10-15 22:11:38.384 | INFO     | trainer_1_top:_train_one_epoch:194 - test 39 cost time 4.98s, result: {'hit@1': 0.0113, 'ndcg@1': 0.0113, 'hit@5': 0.0414, 'ndcg@5': 0.0264, 'hit@10': 0.0693, 'ndcg@10': 0.0353, 'hit@15': 0.0926, 'ndcg@15': 0.0415, 'hit@20': 0.1142, 'ndcg@20': 0.0466, 'hit@40': 0.1829, 'ndcg@40': 0.0605} 
2024-10-15 22:11:45.061 | INFO     | trainer_1_top:_train_one_epoch:178 - epoch 40 6.68s Train loss is [0.3463] 
2024-10-15 22:11:50.145 | INFO     | trainer_1_top:_train_one_epoch:186 - validate 40 cost time 5.08s, result: {'hit@1': 0.0167, 'ndcg@1': 0.0167, 'hit@5': 0.0633, 'ndcg@5': 0.0401, 'hit@10': 0.1029, 'ndcg@10': 0.0528, 'hit@15': 0.1379, 'ndcg@15': 0.0621, 'hit@20': 0.1683, 'ndcg@20': 0.0692, 'hit@40': 0.2594, 'ndcg@40': 0.0878} 
2024-10-15 22:11:55.172 | INFO     | trainer_1_top:_train_one_epoch:194 - test 40 cost time 5.03s, result: {'hit@1': 0.0109, 'ndcg@1': 0.0109, 'hit@5': 0.0407, 'ndcg@5': 0.026, 'hit@10': 0.0686, 'ndcg@10': 0.0349, 'hit@15': 0.0923, 'ndcg@15': 0.0412, 'hit@20': 0.1122, 'ndcg@20': 0.0459, 'hit@40': 0.1811, 'ndcg@40': 0.0599} 
2024-10-15 22:12:01.510 | INFO     | trainer_1_top:_train_one_epoch:178 - epoch 41 6.34s Train loss is [0.3433] 
2024-10-15 22:12:06.508 | INFO     | trainer_1_top:_train_one_epoch:186 - validate 41 cost time 5.00s, result: {'hit@1': 0.0164, 'ndcg@1': 0.0164, 'hit@5': 0.0629, 'ndcg@5': 0.0397, 'hit@10': 0.1041, 'ndcg@10': 0.0529, 'hit@15': 0.1375, 'ndcg@15': 0.0617, 'hit@20': 0.1684, 'ndcg@20': 0.069, 'hit@40': 0.263, 'ndcg@40': 0.0883} 
2024-10-15 22:12:11.492 | INFO     | trainer_1_top:_train_one_epoch:194 - test 41 cost time 4.98s, result: {'hit@1': 0.0113, 'ndcg@1': 0.0113, 'hit@5': 0.041, 'ndcg@5': 0.0261, 'hit@10': 0.0691, 'ndcg@10': 0.0351, 'hit@15': 0.0931, 'ndcg@15': 0.0414, 'hit@20': 0.1138, 'ndcg@20': 0.0463, 'hit@40': 0.1832, 'ndcg@40': 0.0604} 
2024-10-15 22:12:17.645 | INFO     | trainer_1_top:_train_one_epoch:178 - epoch 42 6.15s Train loss is [0.3377] 
2024-10-15 22:12:22.630 | INFO     | trainer_1_top:_train_one_epoch:186 - validate 42 cost time 4.98s, result: {'hit@1': 0.016, 'ndcg@1': 0.016, 'hit@5': 0.0601, 'ndcg@5': 0.0381, 'hit@10': 0.0993, 'ndcg@10': 0.0506, 'hit@15': 0.1311, 'ndcg@15': 0.0589, 'hit@20': 0.1591, 'ndcg@20': 0.0656, 'hit@40': 0.2496, 'ndcg@40': 0.084} 
2024-10-15 22:12:27.606 | INFO     | trainer_1_top:_train_one_epoch:194 - test 42 cost time 4.98s, result: {'hit@1': 0.0117, 'ndcg@1': 0.0117, 'hit@5': 0.0386, 'ndcg@5': 0.0251, 'hit@10': 0.0648, 'ndcg@10': 0.0335, 'hit@15': 0.0877, 'ndcg@15': 0.0396, 'hit@20': 0.1078, 'ndcg@20': 0.0443, 'hit@40': 0.1725, 'ndcg@40': 0.0574} 
2024-10-15 22:12:33.775 | INFO     | trainer_1_top:_train_one_epoch:178 - epoch 43 6.17s Train loss is [0.3422] 
2024-10-15 22:12:38.775 | INFO     | trainer_1_top:_train_one_epoch:186 - validate 43 cost time 5.00s, result: {'hit@1': 0.0157, 'ndcg@1': 0.0157, 'hit@5': 0.061, 'ndcg@5': 0.0385, 'hit@10': 0.1016, 'ndcg@10': 0.0515, 'hit@15': 0.1349, 'ndcg@15': 0.0603, 'hit@20': 0.1656, 'ndcg@20': 0.0676, 'hit@40': 0.2615, 'ndcg@40': 0.0871} 
2024-10-15 22:12:43.749 | INFO     | trainer_1_top:_train_one_epoch:194 - test 43 cost time 4.97s, result: {'hit@1': 0.0118, 'ndcg@1': 0.0118, 'hit@5': 0.0392, 'ndcg@5': 0.0255, 'hit@10': 0.0667, 'ndcg@10': 0.0343, 'hit@15': 0.0906, 'ndcg@15': 0.0406, 'hit@20': 0.1115, 'ndcg@20': 0.0455, 'hit@40': 0.1806, 'ndcg@40': 0.0596} 
2024-10-15 22:12:49.765 | INFO     | trainer_1_top:_train_one_epoch:178 - epoch 44 6.02s Train loss is [0.3376] 
2024-10-15 22:12:54.753 | INFO     | trainer_1_top:_train_one_epoch:186 - validate 44 cost time 4.99s, result: {'hit@1': 0.0175, 'ndcg@1': 0.0175, 'hit@5': 0.0652, 'ndcg@5': 0.0414, 'hit@10': 0.108, 'ndcg@10': 0.0551, 'hit@15': 0.1439, 'ndcg@15': 0.0646, 'hit@20': 0.1762, 'ndcg@20': 0.0722, 'hit@40': 0.2719, 'ndcg@40': 0.0917} 
2024-10-15 22:12:59.724 | INFO     | trainer_1_top:_train_one_epoch:194 - test 44 cost time 4.97s, result: {'hit@1': 0.013, 'ndcg@1': 0.013, 'hit@5': 0.0436, 'ndcg@5': 0.0284, 'hit@10': 0.0738, 'ndcg@10': 0.038, 'hit@15': 0.0979, 'ndcg@15': 0.0444, 'hit@20': 0.1189, 'ndcg@20': 0.0493, 'hit@40': 0.1902, 'ndcg@40': 0.0638} 
2024-10-15 22:13:18.106 | INFO     | trainer_1_top:_train_one_epoch:178 - epoch 45 6.88s Train loss is [0.3397] 
2024-10-15 22:13:23.918 | INFO     | trainer_1_top:_train_one_epoch:186 - validate 45 cost time 5.81s, result: {'hit@1': 0.0182, 'ndcg@1': 0.0182, 'hit@5': 0.0648, 'ndcg@5': 0.0417, 'hit@10': 0.1025, 'ndcg@10': 0.0538, 'hit@15': 0.1351, 'ndcg@15': 0.0624, 'hit@20': 0.1664, 'ndcg@20': 0.0698, 'hit@40': 0.2603, 'ndcg@40': 0.0888} 
2024-10-15 22:13:29.662 | INFO     | trainer_1_top:_train_one_epoch:194 - test 45 cost time 5.74s, result: {'hit@1': 0.0125, 'ndcg@1': 0.0125, 'hit@5': 0.0412, 'ndcg@5': 0.0268, 'hit@10': 0.0669, 'ndcg@10': 0.0351, 'hit@15': 0.0892, 'ndcg@15': 0.041, 'hit@20': 0.1104, 'ndcg@20': 0.046, 'hit@40': 0.1792, 'ndcg@40': 0.06} 
2024-10-15 22:13:36.428 | INFO     | trainer_1_top:_train_one_epoch:178 - epoch 46 6.77s Train loss is [0.3408] 
2024-10-15 22:13:41.470 | INFO     | trainer_1_top:_train_one_epoch:186 - validate 46 cost time 5.04s, result: {'hit@1': 0.018, 'ndcg@1': 0.018, 'hit@5': 0.0638, 'ndcg@5': 0.0408, 'hit@10': 0.1031, 'ndcg@10': 0.0534, 'hit@15': 0.1376, 'ndcg@15': 0.0626, 'hit@20': 0.1691, 'ndcg@20': 0.07, 'hit@40': 0.2653, 'ndcg@40': 0.0896} 
2024-10-15 22:13:47.385 | INFO     | trainer_1_top:_train_one_epoch:194 - test 46 cost time 5.91s, result: {'hit@1': 0.0126, 'ndcg@1': 0.0126, 'hit@5': 0.0421, 'ndcg@5': 0.0272, 'hit@10': 0.0686, 'ndcg@10': 0.0357, 'hit@15': 0.0921, 'ndcg@15': 0.0419, 'hit@20': 0.113, 'ndcg@20': 0.0468, 'hit@40': 0.1823, 'ndcg@40': 0.061} 
2024-10-15 22:13:53.753 | INFO     | trainer_1_top:_train_one_epoch:178 - epoch 47 6.37s Train loss is [0.3354] 
2024-10-15 22:13:58.775 | INFO     | trainer_1_top:_train_one_epoch:186 - validate 47 cost time 5.02s, result: {'hit@1': 0.0175, 'ndcg@1': 0.0175, 'hit@5': 0.064, 'ndcg@5': 0.0408, 'hit@10': 0.1074, 'ndcg@10': 0.0547, 'hit@15': 0.1418, 'ndcg@15': 0.0638, 'hit@20': 0.1711, 'ndcg@20': 0.0707, 'hit@40': 0.263, 'ndcg@40': 0.0894} 
2024-10-15 22:14:04.361 | INFO     | trainer_1_top:_train_one_epoch:194 - test 47 cost time 5.59s, result: {'hit@1': 0.0128, 'ndcg@1': 0.0128, 'hit@5': 0.0426, 'ndcg@5': 0.0276, 'hit@10': 0.0719, 'ndcg@10': 0.0369, 'hit@15': 0.0948, 'ndcg@15': 0.043, 'hit@20': 0.116, 'ndcg@20': 0.048, 'hit@40': 0.1857, 'ndcg@40': 0.0622} 
2024-10-15 22:14:11.053 | INFO     | trainer_1_top:_train_one_epoch:178 - epoch 48 6.69s Train loss is [0.3344] 
2024-10-15 22:14:16.826 | INFO     | trainer_1_top:_train_one_epoch:186 - validate 48 cost time 5.77s, result: {'hit@1': 0.0173, 'ndcg@1': 0.0173, 'hit@5': 0.0613, 'ndcg@5': 0.0393, 'hit@10': 0.1021, 'ndcg@10': 0.0524, 'hit@15': 0.1369, 'ndcg@15': 0.0615, 'hit@20': 0.1666, 'ndcg@20': 0.0685, 'hit@40': 0.2584, 'ndcg@40': 0.0872} 
2024-10-15 22:14:22.241 | INFO     | trainer_1_top:_train_one_epoch:194 - test 48 cost time 5.41s, result: {'hit@1': 0.0118, 'ndcg@1': 0.0118, 'hit@5': 0.0406, 'ndcg@5': 0.0262, 'hit@10': 0.0684, 'ndcg@10': 0.0351, 'hit@15': 0.0911, 'ndcg@15': 0.0411, 'hit@20': 0.1131, 'ndcg@20': 0.0463, 'hit@40': 0.1832, 'ndcg@40': 0.0605} 
2024-10-15 22:14:28.756 | INFO     | trainer_1_top:_train_one_epoch:178 - epoch 49 6.51s Train loss is [0.3364] 
2024-10-15 22:14:34.051 | INFO     | trainer_1_top:_train_one_epoch:186 - validate 49 cost time 5.29s, result: {'hit@1': 0.0186, 'ndcg@1': 0.0186, 'hit@5': 0.0629, 'ndcg@5': 0.0408, 'hit@10': 0.1061, 'ndcg@10': 0.0547, 'hit@15': 0.1404, 'ndcg@15': 0.0637, 'hit@20': 0.1708, 'ndcg@20': 0.0709, 'hit@40': 0.2686, 'ndcg@40': 0.0908} 
2024-10-15 22:14:39.028 | INFO     | trainer_1_top:_train_one_epoch:194 - test 49 cost time 4.98s, result: {'hit@1': 0.0125, 'ndcg@1': 0.0125, 'hit@5': 0.0438, 'ndcg@5': 0.0281, 'hit@10': 0.0699, 'ndcg@10': 0.0365, 'hit@15': 0.0935, 'ndcg@15': 0.0427, 'hit@20': 0.1175, 'ndcg@20': 0.0483, 'hit@40': 0.1885, 'ndcg@40': 0.0628} 
2024-10-15 22:14:39.038 | INFO     | trainer_1_top:train_model:148 - training end, best iteration 44, results: {'hit@1': 0.0175, 'ndcg@1': 0.0175, 'hit@5': 0.0652, 'ndcg@5': 0.0414, 'hit@10': 0.108, 'ndcg@10': 0.0551, 'hit@15': 0.1439, 'ndcg@15': 0.0646, 'hit@20': 0.1762, 'ndcg@20': 0.0722, 'hit@40': 0.2719, 'ndcg@40': 0.0917}
2024-10-15 22:14:39.038 | INFO     | trainer_1_top:train_model:151 - final test result is:  {'hit@1': 0.013, 'ndcg@1': 0.013, 'hit@5': 0.0436, 'ndcg@5': 0.0284, 'hit@10': 0.0738, 'ndcg@10': 0.038, 'hit@15': 0.0979, 'ndcg@15': 0.0444, 'hit@20': 0.1189, 'ndcg@20': 0.0493, 'hit@40': 0.1902, 'ndcg@40': 0.0638}
2024-10-15 22:14:39.378 | INFO     | __main__:<module>:119 - train end total cost time: 1253.1783995628357
