2024-10-09 19:55:35.276 | INFO     | __main__:<module>:105 - Namespace(TIME='2024-10-09 19_55_02', batch_size=1024, behaviors=['view', 'cart', 'buy'], check_point='model_pre_1_2024-10-08 12_13_12.pth', data_name='beibei', data_path='./data/beibei', decay=0.001, device='cuda:1', dim_qk=32, dim_v=64, distill_layers=2, distill_thres=0.5, distill_topK=40, distill_userK=8, embedding_size=64, epochs=100, gpu_no=1, if_load_model=True, ii_lambda=200, initializer_range=0.02, layers=2, loss_type='bpr', lr=0.001, message_dropout=0.25, metrics=['hit', 'ndcg'], min_epoch=5, model_name='main_1', model_path='./check_point', node_dropout=0.75, omega=1, pt_loop=50, reg_weight=0.001, test_batch_size=1024, testbatch=1024, topk=[1, 5, 10, 15, 20, 40], uu_lambda=100)
2024-10-09 19:55:35.277 | INFO     | __main__:<module>:106 - BIPN(
  (message_dropout): Dropout(p=0.25, inplace=False)
  (user_embedding): Embedding(21717, 64, padding_idx=0)
  (item_embedding): Embedding(7978, 64, padding_idx=0)
  (global_Graph): LightGCN()
  (Graph_encoder): ModuleDict(
    (view): GraphEncoder(
      (light): LightGCN()
      (dropout): Dropout(p=0.75, inplace=False)
    )
    (cart): GraphEncoder(
      (light): LightGCN()
      (dropout): Dropout(p=0.75, inplace=False)
    )
    (buy): GraphEncoder(
      (light): LightGCN()
      (dropout): Dropout(p=0.75, inplace=False)
    )
  )
  (attention): Mutual_Attention()
  (bpr_loss): BPRLoss()
  (emb_loss): EmbLoss()
  (f): Sigmoid()
)
2024-10-09 20:37:02.462 | INFO     | trainer_1:_train_one_epoch:193 - epoch 1 8.22s Train loss is [0.9164] 
2024-10-09 20:37:12.395 | INFO     | trainer_1:_train_one_epoch:201 - validate 1 cost time 9.93s, result: {'hit@1': 0.0079, 'ndcg@1': 0.0079, 'hit@5': 0.0299, 'ndcg@5': 0.0187, 'hit@10': 0.0501, 'ndcg@10': 0.0252, 'hit@15': 0.0691, 'ndcg@15': 0.0302, 'hit@20': 0.0857, 'ndcg@20': 0.0341, 'hit@40': 0.1464, 'ndcg@40': 0.0464} 
2024-10-09 20:37:22.151 | INFO     | trainer_1:_train_one_epoch:209 - test 1 cost time 9.76s, result: {'hit@1': 0.0041, 'ndcg@1': 0.0041, 'hit@5': 0.019, 'ndcg@5': 0.0114, 'hit@10': 0.0358, 'ndcg@10': 0.0168, 'hit@15': 0.0497, 'ndcg@15': 0.0205, 'hit@20': 0.0621, 'ndcg@20': 0.0234, 'hit@40': 0.1068, 'ndcg@40': 0.0325} 
2024-10-09 20:37:41.386 | INFO     | trainer_1:_train_one_epoch:193 - epoch 2 8.53s Train loss is [0.6932] 
2024-10-09 20:37:51.285 | INFO     | trainer_1:_train_one_epoch:201 - validate 2 cost time 9.90s, result: {'hit@1': 0.0082, 'ndcg@1': 0.0082, 'hit@5': 0.033, 'ndcg@5': 0.0203, 'hit@10': 0.0584, 'ndcg@10': 0.0285, 'hit@15': 0.0781, 'ndcg@15': 0.0337, 'hit@20': 0.0956, 'ndcg@20': 0.0378, 'hit@40': 0.1608, 'ndcg@40': 0.0511} 
2024-10-09 20:38:01.016 | INFO     | trainer_1:_train_one_epoch:209 - test 2 cost time 9.73s, result: {'hit@1': 0.0045, 'ndcg@1': 0.0045, 'hit@5': 0.0201, 'ndcg@5': 0.0121, 'hit@10': 0.0358, 'ndcg@10': 0.0171, 'hit@15': 0.0516, 'ndcg@15': 0.0213, 'hit@20': 0.0664, 'ndcg@20': 0.0248, 'hit@40': 0.1143, 'ndcg@40': 0.0345} 
2024-10-09 20:38:09.611 | INFO     | trainer_1:_train_one_epoch:193 - epoch 3 8.59s Train loss is [0.6174] 
2024-10-09 20:38:19.582 | INFO     | trainer_1:_train_one_epoch:201 - validate 3 cost time 9.97s, result: {'hit@1': 0.0089, 'ndcg@1': 0.0089, 'hit@5': 0.0365, 'ndcg@5': 0.0226, 'hit@10': 0.0642, 'ndcg@10': 0.0315, 'hit@15': 0.0896, 'ndcg@15': 0.0383, 'hit@20': 0.113, 'ndcg@20': 0.0438, 'hit@40': 0.1871, 'ndcg@40': 0.0589} 
2024-10-09 20:38:29.338 | INFO     | trainer_1:_train_one_epoch:209 - test 3 cost time 9.76s, result: {'hit@1': 0.0055, 'ndcg@1': 0.0055, 'hit@5': 0.0226, 'ndcg@5': 0.0139, 'hit@10': 0.0435, 'ndcg@10': 0.0206, 'hit@15': 0.061, 'ndcg@15': 0.0252, 'hit@20': 0.0766, 'ndcg@20': 0.0289, 'hit@40': 0.1348, 'ndcg@40': 0.0407} 
2024-10-09 20:38:48.053 | INFO     | trainer_1:_train_one_epoch:193 - epoch 4 8.20s Train loss is [0.5852] 
2024-10-09 20:38:57.925 | INFO     | trainer_1:_train_one_epoch:201 - validate 4 cost time 9.87s, result: {'hit@1': 0.0107, 'ndcg@1': 0.0107, 'hit@5': 0.0419, 'ndcg@5': 0.0262, 'hit@10': 0.0716, 'ndcg@10': 0.0358, 'hit@15': 0.0962, 'ndcg@15': 0.0423, 'hit@20': 0.1189, 'ndcg@20': 0.0476, 'hit@40': 0.1872, 'ndcg@40': 0.0615} 
2024-10-09 20:39:04.400 | INFO     | trainer_1:_train_one_epoch:209 - test 4 cost time 6.47s, result: {'hit@1': 0.0059, 'ndcg@1': 0.0059, 'hit@5': 0.0228, 'ndcg@5': 0.0144, 'hit@10': 0.0419, 'ndcg@10': 0.0204, 'hit@15': 0.06, 'ndcg@15': 0.0252, 'hit@20': 0.0752, 'ndcg@20': 0.0288, 'hit@40': 0.1269, 'ndcg@40': 0.0393} 
2024-10-09 20:39:13.661 | INFO     | trainer_1:_train_one_epoch:193 - epoch 5 9.26s Train loss is [0.5494] 
2024-10-09 20:39:20.390 | INFO     | trainer_1:_train_one_epoch:201 - validate 5 cost time 6.73s, result: {'hit@1': 0.0123, 'ndcg@1': 0.0123, 'hit@5': 0.0431, 'ndcg@5': 0.0276, 'hit@10': 0.0735, 'ndcg@10': 0.0374, 'hit@15': 0.099, 'ndcg@15': 0.0441, 'hit@20': 0.1227, 'ndcg@20': 0.0497, 'hit@40': 0.1948, 'ndcg@40': 0.0644} 
2024-10-09 20:39:27.705 | INFO     | trainer_1:_train_one_epoch:209 - test 5 cost time 7.31s, result: {'hit@1': 0.0072, 'ndcg@1': 0.0072, 'hit@5': 0.025, 'ndcg@5': 0.0159, 'hit@10': 0.0443, 'ndcg@10': 0.0221, 'hit@15': 0.0627, 'ndcg@15': 0.0269, 'hit@20': 0.077, 'ndcg@20': 0.0303, 'hit@40': 0.1323, 'ndcg@40': 0.0415} 
2024-10-09 20:39:46.106 | INFO     | trainer_1:_train_one_epoch:193 - epoch 6 7.98s Train loss is [0.5341] 
2024-10-09 20:39:51.763 | INFO     | trainer_1:_train_one_epoch:201 - validate 6 cost time 5.66s, result: {'hit@1': 0.0131, 'ndcg@1': 0.0131, 'hit@5': 0.0439, 'ndcg@5': 0.0283, 'hit@10': 0.0737, 'ndcg@10': 0.0379, 'hit@15': 0.1009, 'ndcg@15': 0.0451, 'hit@20': 0.1251, 'ndcg@20': 0.0508, 'hit@40': 0.1998, 'ndcg@40': 0.066} 
2024-10-09 20:39:58.183 | INFO     | trainer_1:_train_one_epoch:209 - test 6 cost time 6.42s, result: {'hit@1': 0.0065, 'ndcg@1': 0.0065, 'hit@5': 0.0286, 'ndcg@5': 0.0176, 'hit@10': 0.0472, 'ndcg@10': 0.0235, 'hit@15': 0.0653, 'ndcg@15': 0.0283, 'hit@20': 0.0833, 'ndcg@20': 0.0325, 'hit@40': 0.1386, 'ndcg@40': 0.0437} 
2024-10-09 20:40:16.544 | INFO     | trainer_1:_train_one_epoch:193 - epoch 7 8.18s Train loss is [0.5021] 
2024-10-09 20:40:24.499 | INFO     | trainer_1:_train_one_epoch:201 - validate 7 cost time 7.95s, result: {'hit@1': 0.012, 'ndcg@1': 0.012, 'hit@5': 0.0408, 'ndcg@5': 0.0262, 'hit@10': 0.0703, 'ndcg@10': 0.0356, 'hit@15': 0.0958, 'ndcg@15': 0.0424, 'hit@20': 0.1197, 'ndcg@20': 0.048, 'hit@40': 0.1972, 'ndcg@40': 0.0638} 
2024-10-09 20:40:29.407 | INFO     | trainer_1:_train_one_epoch:209 - test 7 cost time 4.91s, result: {'hit@1': 0.0058, 'ndcg@1': 0.0058, 'hit@5': 0.0243, 'ndcg@5': 0.0149, 'hit@10': 0.0454, 'ndcg@10': 0.0217, 'hit@15': 0.0624, 'ndcg@15': 0.0262, 'hit@20': 0.0787, 'ndcg@20': 0.0301, 'hit@40': 0.1381, 'ndcg@40': 0.0421} 
2024-10-09 20:40:38.040 | INFO     | trainer_1:_train_one_epoch:193 - epoch 8 8.63s Train loss is [0.5012] 
2024-10-09 20:40:44.586 | INFO     | trainer_1:_train_one_epoch:201 - validate 8 cost time 6.55s, result: {'hit@1': 0.0124, 'ndcg@1': 0.0124, 'hit@5': 0.0423, 'ndcg@5': 0.0271, 'hit@10': 0.0738, 'ndcg@10': 0.0372, 'hit@15': 0.0999, 'ndcg@15': 0.0441, 'hit@20': 0.1239, 'ndcg@20': 0.0498, 'hit@40': 0.1992, 'ndcg@40': 0.0651} 
2024-10-09 20:40:53.657 | INFO     | trainer_1:_train_one_epoch:209 - test 8 cost time 9.07s, result: {'hit@1': 0.0076, 'ndcg@1': 0.0076, 'hit@5': 0.0254, 'ndcg@5': 0.0164, 'hit@10': 0.0451, 'ndcg@10': 0.0227, 'hit@15': 0.064, 'ndcg@15': 0.0277, 'hit@20': 0.081, 'ndcg@20': 0.0317, 'hit@40': 0.1421, 'ndcg@40': 0.0441} 
2024-10-09 20:41:02.419 | INFO     | trainer_1:_train_one_epoch:193 - epoch 9 8.76s Train loss is [0.4760] 
2024-10-09 20:41:11.646 | INFO     | trainer_1:_train_one_epoch:201 - validate 9 cost time 9.23s, result: {'hit@1': 0.0108, 'ndcg@1': 0.0108, 'hit@5': 0.0436, 'ndcg@5': 0.0272, 'hit@10': 0.0743, 'ndcg@10': 0.037, 'hit@15': 0.1001, 'ndcg@15': 0.0438, 'hit@20': 0.1236, 'ndcg@20': 0.0494, 'hit@40': 0.2022, 'ndcg@40': 0.0654} 
2024-10-09 20:41:16.906 | INFO     | trainer_1:_train_one_epoch:209 - test 9 cost time 5.26s, result: {'hit@1': 0.0071, 'ndcg@1': 0.0071, 'hit@5': 0.0261, 'ndcg@5': 0.0165, 'hit@10': 0.0451, 'ndcg@10': 0.0226, 'hit@15': 0.0631, 'ndcg@15': 0.0273, 'hit@20': 0.0809, 'ndcg@20': 0.0315, 'hit@40': 0.1393, 'ndcg@40': 0.0434} 
2024-10-09 20:41:25.059 | INFO     | trainer_1:_train_one_epoch:193 - epoch 10 8.15s Train loss is [0.4662] 
2024-10-09 20:41:31.434 | INFO     | trainer_1:_train_one_epoch:201 - validate 10 cost time 6.37s, result: {'hit@1': 0.0111, 'ndcg@1': 0.0111, 'hit@5': 0.0439, 'ndcg@5': 0.0275, 'hit@10': 0.0762, 'ndcg@10': 0.0378, 'hit@15': 0.1035, 'ndcg@15': 0.045, 'hit@20': 0.1282, 'ndcg@20': 0.0508, 'hit@40': 0.2071, 'ndcg@40': 0.0669} 
2024-10-09 20:41:39.672 | INFO     | trainer_1:_train_one_epoch:209 - test 10 cost time 8.24s, result: {'hit@1': 0.0065, 'ndcg@1': 0.0065, 'hit@5': 0.0271, 'ndcg@5': 0.0167, 'hit@10': 0.0474, 'ndcg@10': 0.0232, 'hit@15': 0.0659, 'ndcg@15': 0.0281, 'hit@20': 0.0839, 'ndcg@20': 0.0323, 'hit@40': 0.1419, 'ndcg@40': 0.0441} 
2024-10-09 20:41:58.144 | INFO     | trainer_1:_train_one_epoch:193 - epoch 11 8.03s Train loss is [0.4512] 
2024-10-09 20:42:03.155 | INFO     | trainer_1:_train_one_epoch:201 - validate 11 cost time 5.01s, result: {'hit@1': 0.0101, 'ndcg@1': 0.0101, 'hit@5': 0.0401, 'ndcg@5': 0.0252, 'hit@10': 0.0715, 'ndcg@10': 0.0353, 'hit@15': 0.0991, 'ndcg@15': 0.0426, 'hit@20': 0.1239, 'ndcg@20': 0.0484, 'hit@40': 0.2018, 'ndcg@40': 0.0642} 
2024-10-09 20:42:09.099 | INFO     | trainer_1:_train_one_epoch:209 - test 11 cost time 5.94s, result: {'hit@1': 0.0057, 'ndcg@1': 0.0057, 'hit@5': 0.0252, 'ndcg@5': 0.0153, 'hit@10': 0.0466, 'ndcg@10': 0.0222, 'hit@15': 0.0645, 'ndcg@15': 0.0269, 'hit@20': 0.0803, 'ndcg@20': 0.0306, 'hit@40': 0.1385, 'ndcg@40': 0.0424} 
2024-10-09 20:42:17.639 | INFO     | trainer_1:_train_one_epoch:193 - epoch 12 8.54s Train loss is [0.4589] 
2024-10-09 20:42:26.748 | INFO     | trainer_1:_train_one_epoch:201 - validate 12 cost time 9.11s, result: {'hit@1': 0.0115, 'ndcg@1': 0.0115, 'hit@5': 0.0413, 'ndcg@5': 0.0263, 'hit@10': 0.0727, 'ndcg@10': 0.0363, 'hit@15': 0.0994, 'ndcg@15': 0.0434, 'hit@20': 0.1238, 'ndcg@20': 0.0491, 'hit@40': 0.1977, 'ndcg@40': 0.0642} 
2024-10-09 20:42:35.587 | INFO     | trainer_1:_train_one_epoch:209 - test 12 cost time 8.84s, result: {'hit@1': 0.0064, 'ndcg@1': 0.0064, 'hit@5': 0.0263, 'ndcg@5': 0.0162, 'hit@10': 0.0458, 'ndcg@10': 0.0225, 'hit@15': 0.0632, 'ndcg@15': 0.0271, 'hit@20': 0.0795, 'ndcg@20': 0.0309, 'hit@40': 0.1381, 'ndcg@40': 0.0429} 
2024-10-09 20:42:43.771 | INFO     | trainer_1:_train_one_epoch:193 - epoch 13 8.18s Train loss is [0.4544] 
2024-10-09 20:42:48.912 | INFO     | trainer_1:_train_one_epoch:201 - validate 13 cost time 5.14s, result: {'hit@1': 0.0114, 'ndcg@1': 0.0114, 'hit@5': 0.0459, 'ndcg@5': 0.0284, 'hit@10': 0.0795, 'ndcg@10': 0.0392, 'hit@15': 0.1084, 'ndcg@15': 0.0468, 'hit@20': 0.1354, 'ndcg@20': 0.0532, 'hit@40': 0.2159, 'ndcg@40': 0.0696} 
2024-10-09 20:42:54.233 | INFO     | trainer_1:_train_one_epoch:209 - test 13 cost time 5.32s, result: {'hit@1': 0.0073, 'ndcg@1': 0.0073, 'hit@5': 0.0291, 'ndcg@5': 0.0181, 'hit@10': 0.0502, 'ndcg@10': 0.0249, 'hit@15': 0.0696, 'ndcg@15': 0.03, 'hit@20': 0.0879, 'ndcg@20': 0.0343, 'hit@40': 0.1508, 'ndcg@40': 0.0471} 
2024-10-09 20:43:13.227 | INFO     | trainer_1:_train_one_epoch:193 - epoch 14 8.31s Train loss is [0.4380] 
2024-10-09 20:43:20.583 | INFO     | trainer_1:_train_one_epoch:201 - validate 14 cost time 7.36s, result: {'hit@1': 0.0123, 'ndcg@1': 0.0123, 'hit@5': 0.0471, 'ndcg@5': 0.0297, 'hit@10': 0.0805, 'ndcg@10': 0.0404, 'hit@15': 0.1096, 'ndcg@15': 0.0481, 'hit@20': 0.1366, 'ndcg@20': 0.0545, 'hit@40': 0.2212, 'ndcg@40': 0.0718} 
2024-10-09 20:43:26.900 | INFO     | trainer_1:_train_one_epoch:209 - test 14 cost time 6.32s, result: {'hit@1': 0.0071, 'ndcg@1': 0.0071, 'hit@5': 0.0297, 'ndcg@5': 0.0183, 'hit@10': 0.0528, 'ndcg@10': 0.0257, 'hit@15': 0.0725, 'ndcg@15': 0.0309, 'hit@20': 0.0913, 'ndcg@20': 0.0353, 'hit@40': 0.1547, 'ndcg@40': 0.0483} 
2024-10-09 20:43:51.172 | INFO     | trainer_1:_train_one_epoch:193 - epoch 15 12.84s Train loss is [0.4384] 
2024-10-09 20:43:58.797 | INFO     | trainer_1:_train_one_epoch:201 - validate 15 cost time 7.62s, result: {'hit@1': 0.0117, 'ndcg@1': 0.0117, 'hit@5': 0.0443, 'ndcg@5': 0.0277, 'hit@10': 0.0757, 'ndcg@10': 0.0378, 'hit@15': 0.1032, 'ndcg@15': 0.0451, 'hit@20': 0.1287, 'ndcg@20': 0.0511, 'hit@40': 0.2079, 'ndcg@40': 0.0672} 
2024-10-09 20:44:06.066 | INFO     | trainer_1:_train_one_epoch:209 - test 15 cost time 7.27s, result: {'hit@1': 0.0077, 'ndcg@1': 0.0077, 'hit@5': 0.0284, 'ndcg@5': 0.0179, 'hit@10': 0.049, 'ndcg@10': 0.0245, 'hit@15': 0.0675, 'ndcg@15': 0.0293, 'hit@20': 0.0858, 'ndcg@20': 0.0337, 'hit@40': 0.1458, 'ndcg@40': 0.0459} 
2024-10-09 20:44:16.189 | INFO     | trainer_1:_train_one_epoch:193 - epoch 16 10.12s Train loss is [0.4173] 
2024-10-09 20:44:22.482 | INFO     | trainer_1:_train_one_epoch:201 - validate 16 cost time 6.29s, result: {'hit@1': 0.0121, 'ndcg@1': 0.0121, 'hit@5': 0.0492, 'ndcg@5': 0.0304, 'hit@10': 0.0807, 'ndcg@10': 0.0405, 'hit@15': 0.1088, 'ndcg@15': 0.0479, 'hit@20': 0.1351, 'ndcg@20': 0.0541, 'hit@40': 0.2154, 'ndcg@40': 0.0704} 
2024-10-09 20:44:29.289 | INFO     | trainer_1:_train_one_epoch:209 - test 16 cost time 6.81s, result: {'hit@1': 0.0088, 'ndcg@1': 0.0088, 'hit@5': 0.0318, 'ndcg@5': 0.0202, 'hit@10': 0.055, 'ndcg@10': 0.0276, 'hit@15': 0.074, 'ndcg@15': 0.0327, 'hit@20': 0.0915, 'ndcg@20': 0.0368, 'hit@40': 0.1531, 'ndcg@40': 0.0493} 
2024-10-09 20:44:53.633 | INFO     | trainer_1:_train_one_epoch:193 - epoch 17 12.52s Train loss is [0.4178] 
2024-10-09 20:44:58.847 | INFO     | trainer_1:_train_one_epoch:201 - validate 17 cost time 5.21s, result: {'hit@1': 0.0125, 'ndcg@1': 0.0125, 'hit@5': 0.048, 'ndcg@5': 0.0301, 'hit@10': 0.0843, 'ndcg@10': 0.0418, 'hit@15': 0.1145, 'ndcg@15': 0.0497, 'hit@20': 0.1419, 'ndcg@20': 0.0562, 'hit@40': 0.2262, 'ndcg@40': 0.0734} 
2024-10-09 20:45:05.309 | INFO     | trainer_1:_train_one_epoch:209 - test 17 cost time 6.46s, result: {'hit@1': 0.0088, 'ndcg@1': 0.0088, 'hit@5': 0.0336, 'ndcg@5': 0.0211, 'hit@10': 0.0574, 'ndcg@10': 0.0287, 'hit@15': 0.0787, 'ndcg@15': 0.0344, 'hit@20': 0.0959, 'ndcg@20': 0.0384, 'hit@40': 0.1622, 'ndcg@40': 0.0519} 
2024-10-09 20:45:29.814 | INFO     | trainer_1:_train_one_epoch:193 - epoch 18 12.86s Train loss is [0.4091] 
2024-10-09 20:45:36.919 | INFO     | trainer_1:_train_one_epoch:201 - validate 18 cost time 7.10s, result: {'hit@1': 0.0126, 'ndcg@1': 0.0126, 'hit@5': 0.0479, 'ndcg@5': 0.0302, 'hit@10': 0.0821, 'ndcg@10': 0.0411, 'hit@15': 0.1117, 'ndcg@15': 0.0489, 'hit@20': 0.1378, 'ndcg@20': 0.055, 'hit@40': 0.2205, 'ndcg@40': 0.0718} 
2024-10-09 20:45:41.878 | INFO     | trainer_1:_train_one_epoch:209 - test 18 cost time 4.96s, result: {'hit@1': 0.0082, 'ndcg@1': 0.0082, 'hit@5': 0.0326, 'ndcg@5': 0.0204, 'hit@10': 0.0559, 'ndcg@10': 0.0278, 'hit@15': 0.0755, 'ndcg@15': 0.033, 'hit@20': 0.0945, 'ndcg@20': 0.0375, 'hit@40': 0.1588, 'ndcg@40': 0.0505} 
2024-10-09 20:45:51.036 | INFO     | trainer_1:_train_one_epoch:193 - epoch 19 9.16s Train loss is [0.4072] 
2024-10-09 20:45:59.180 | INFO     | trainer_1:_train_one_epoch:201 - validate 19 cost time 8.14s, result: {'hit@1': 0.0124, 'ndcg@1': 0.0124, 'hit@5': 0.0457, 'ndcg@5': 0.0291, 'hit@10': 0.0784, 'ndcg@10': 0.0395, 'hit@15': 0.1074, 'ndcg@15': 0.0471, 'hit@20': 0.1337, 'ndcg@20': 0.0533, 'hit@40': 0.2174, 'ndcg@40': 0.0704} 
2024-10-09 20:46:08.182 | INFO     | trainer_1:_train_one_epoch:209 - test 19 cost time 9.00s, result: {'hit@1': 0.0085, 'ndcg@1': 0.0085, 'hit@5': 0.0313, 'ndcg@5': 0.0198, 'hit@10': 0.0542, 'ndcg@10': 0.0271, 'hit@15': 0.0752, 'ndcg@15': 0.0327, 'hit@20': 0.0919, 'ndcg@20': 0.0366, 'hit@40': 0.1548, 'ndcg@40': 0.0494} 
2024-10-09 20:46:19.100 | INFO     | trainer_1:_train_one_epoch:193 - epoch 20 10.92s Train loss is [0.4082] 
2024-10-09 20:46:25.272 | INFO     | trainer_1:_train_one_epoch:201 - validate 20 cost time 6.17s, result: {'hit@1': 0.0127, 'ndcg@1': 0.0127, 'hit@5': 0.049, 'ndcg@5': 0.031, 'hit@10': 0.0801, 'ndcg@10': 0.0409, 'hit@15': 0.1097, 'ndcg@15': 0.0488, 'hit@20': 0.1349, 'ndcg@20': 0.0547, 'hit@40': 0.224, 'ndcg@40': 0.0729} 
2024-10-09 20:46:30.383 | INFO     | trainer_1:_train_one_epoch:209 - test 20 cost time 5.11s, result: {'hit@1': 0.0087, 'ndcg@1': 0.0087, 'hit@5': 0.0334, 'ndcg@5': 0.021, 'hit@10': 0.0576, 'ndcg@10': 0.0287, 'hit@15': 0.0788, 'ndcg@15': 0.0344, 'hit@20': 0.0971, 'ndcg@20': 0.0387, 'hit@40': 0.1637, 'ndcg@40': 0.0522} 
2024-10-09 20:46:52.020 | INFO     | trainer_1:_train_one_epoch:193 - epoch 21 8.58s Train loss is [0.3975] 
2024-10-09 20:47:01.137 | INFO     | trainer_1:_train_one_epoch:201 - validate 21 cost time 9.12s, result: {'hit@1': 0.0122, 'ndcg@1': 0.0122, 'hit@5': 0.0473, 'ndcg@5': 0.03, 'hit@10': 0.0787, 'ndcg@10': 0.04, 'hit@15': 0.1072, 'ndcg@15': 0.0475, 'hit@20': 0.134, 'ndcg@20': 0.0538, 'hit@40': 0.2172, 'ndcg@40': 0.0707} 
2024-10-09 20:47:08.749 | INFO     | trainer_1:_train_one_epoch:209 - test 21 cost time 7.61s, result: {'hit@1': 0.0093, 'ndcg@1': 0.0093, 'hit@5': 0.0329, 'ndcg@5': 0.0209, 'hit@10': 0.0559, 'ndcg@10': 0.0283, 'hit@15': 0.0761, 'ndcg@15': 0.0336, 'hit@20': 0.0932, 'ndcg@20': 0.0376, 'hit@40': 0.1554, 'ndcg@40': 0.0503} 
2024-10-09 20:47:17.466 | INFO     | trainer_1:_train_one_epoch:193 - epoch 22 8.72s Train loss is [0.4063] 
2024-10-09 20:47:26.614 | INFO     | trainer_1:_train_one_epoch:201 - validate 22 cost time 9.15s, result: {'hit@1': 0.0133, 'ndcg@1': 0.0133, 'hit@5': 0.0492, 'ndcg@5': 0.0313, 'hit@10': 0.0816, 'ndcg@10': 0.0417, 'hit@15': 0.1116, 'ndcg@15': 0.0496, 'hit@20': 0.1365, 'ndcg@20': 0.0555, 'hit@40': 0.2205, 'ndcg@40': 0.0726} 
2024-10-09 20:47:35.483 | INFO     | trainer_1:_train_one_epoch:209 - test 22 cost time 8.87s, result: {'hit@1': 0.0083, 'ndcg@1': 0.0083, 'hit@5': 0.0331, 'ndcg@5': 0.0206, 'hit@10': 0.0548, 'ndcg@10': 0.0276, 'hit@15': 0.0755, 'ndcg@15': 0.033, 'hit@20': 0.0941, 'ndcg@20': 0.0374, 'hit@40': 0.1556, 'ndcg@40': 0.0499} 
2024-10-09 20:47:43.759 | INFO     | trainer_1:_train_one_epoch:193 - epoch 23 8.27s Train loss is [0.3943] 
2024-10-09 20:47:50.762 | INFO     | trainer_1:_train_one_epoch:201 - validate 23 cost time 7.00s, result: {'hit@1': 0.0139, 'ndcg@1': 0.0139, 'hit@5': 0.0528, 'ndcg@5': 0.0333, 'hit@10': 0.0865, 'ndcg@10': 0.0441, 'hit@15': 0.1161, 'ndcg@15': 0.0519, 'hit@20': 0.1433, 'ndcg@20': 0.0583, 'hit@40': 0.2287, 'ndcg@40': 0.0757} 
2024-10-09 20:47:57.648 | INFO     | trainer_1:_train_one_epoch:209 - test 23 cost time 6.88s, result: {'hit@1': 0.0086, 'ndcg@1': 0.0086, 'hit@5': 0.0339, 'ndcg@5': 0.0211, 'hit@10': 0.059, 'ndcg@10': 0.0292, 'hit@15': 0.0789, 'ndcg@15': 0.0344, 'hit@20': 0.0981, 'ndcg@20': 0.0389, 'hit@40': 0.1643, 'ndcg@40': 0.0524} 
2024-10-09 20:48:19.782 | INFO     | trainer_1:_train_one_epoch:193 - epoch 24 10.61s Train loss is [0.3873] 
2024-10-09 20:48:26.539 | INFO     | trainer_1:_train_one_epoch:201 - validate 24 cost time 6.76s, result: {'hit@1': 0.0128, 'ndcg@1': 0.0128, 'hit@5': 0.0493, 'ndcg@5': 0.0311, 'hit@10': 0.0835, 'ndcg@10': 0.042, 'hit@15': 0.1115, 'ndcg@15': 0.0494, 'hit@20': 0.137, 'ndcg@20': 0.0554, 'hit@40': 0.22, 'ndcg@40': 0.0723} 
2024-10-09 20:48:34.433 | INFO     | trainer_1:_train_one_epoch:209 - test 24 cost time 7.89s, result: {'hit@1': 0.0093, 'ndcg@1': 0.0093, 'hit@5': 0.0328, 'ndcg@5': 0.0209, 'hit@10': 0.0558, 'ndcg@10': 0.0283, 'hit@15': 0.0762, 'ndcg@15': 0.0337, 'hit@20': 0.0952, 'ndcg@20': 0.0382, 'hit@40': 0.1575, 'ndcg@40': 0.0508} 
2024-10-09 20:48:46.939 | INFO     | trainer_1:_train_one_epoch:193 - epoch 25 12.50s Train loss is [0.3819] 
2024-10-09 20:48:55.418 | INFO     | trainer_1:_train_one_epoch:201 - validate 25 cost time 8.48s, result: {'hit@1': 0.0145, 'ndcg@1': 0.0145, 'hit@5': 0.053, 'ndcg@5': 0.0337, 'hit@10': 0.0886, 'ndcg@10': 0.0451, 'hit@15': 0.1187, 'ndcg@15': 0.053, 'hit@20': 0.1459, 'ndcg@20': 0.0595, 'hit@40': 0.2318, 'ndcg@40': 0.0769} 
2024-10-09 20:49:03.092 | INFO     | trainer_1:_train_one_epoch:209 - test 25 cost time 7.67s, result: {'hit@1': 0.01, 'ndcg@1': 0.01, 'hit@5': 0.0352, 'ndcg@5': 0.0227, 'hit@10': 0.0589, 'ndcg@10': 0.0303, 'hit@15': 0.0801, 'ndcg@15': 0.0359, 'hit@20': 0.1008, 'ndcg@20': 0.0408, 'hit@40': 0.1677, 'ndcg@40': 0.0544} 
2024-10-09 20:49:14.446 | INFO     | trainer_1:_train_one_epoch:193 - epoch 26 11.35s Train loss is [0.3762] 
2024-10-09 20:49:21.895 | INFO     | trainer_1:_train_one_epoch:201 - validate 26 cost time 7.45s, result: {'hit@1': 0.0149, 'ndcg@1': 0.0149, 'hit@5': 0.0535, 'ndcg@5': 0.0341, 'hit@10': 0.0892, 'ndcg@10': 0.0456, 'hit@15': 0.1191, 'ndcg@15': 0.0535, 'hit@20': 0.1453, 'ndcg@20': 0.0597, 'hit@40': 0.2298, 'ndcg@40': 0.0769} 
2024-10-09 20:49:28.299 | INFO     | trainer_1:_train_one_epoch:209 - test 26 cost time 6.40s, result: {'hit@1': 0.0094, 'ndcg@1': 0.0094, 'hit@5': 0.0352, 'ndcg@5': 0.0224, 'hit@10': 0.0589, 'ndcg@10': 0.0299, 'hit@15': 0.0806, 'ndcg@15': 0.0357, 'hit@20': 0.0983, 'ndcg@20': 0.0399, 'hit@40': 0.1643, 'ndcg@40': 0.0533} 
2024-10-09 20:49:39.561 | INFO     | trainer_1:_train_one_epoch:193 - epoch 27 11.26s Train loss is [0.3749] 
2024-10-09 20:49:46.437 | INFO     | trainer_1:_train_one_epoch:201 - validate 27 cost time 6.88s, result: {'hit@1': 0.0151, 'ndcg@1': 0.0151, 'hit@5': 0.0558, 'ndcg@5': 0.0357, 'hit@10': 0.0903, 'ndcg@10': 0.0467, 'hit@15': 0.1205, 'ndcg@15': 0.0546, 'hit@20': 0.1491, 'ndcg@20': 0.0614, 'hit@40': 0.2347, 'ndcg@40': 0.0788} 
2024-10-09 20:49:54.026 | INFO     | trainer_1:_train_one_epoch:209 - test 27 cost time 7.59s, result: {'hit@1': 0.0103, 'ndcg@1': 0.0103, 'hit@5': 0.0354, 'ndcg@5': 0.0229, 'hit@10': 0.0617, 'ndcg@10': 0.0314, 'hit@15': 0.0822, 'ndcg@15': 0.0368, 'hit@20': 0.1018, 'ndcg@20': 0.0414, 'hit@40': 0.1684, 'ndcg@40': 0.055} 
2024-10-09 20:50:16.173 | INFO     | trainer_1:_train_one_epoch:193 - epoch 28 11.20s Train loss is [0.3774] 
2024-10-09 20:50:22.916 | INFO     | trainer_1:_train_one_epoch:201 - validate 28 cost time 6.74s, result: {'hit@1': 0.0155, 'ndcg@1': 0.0155, 'hit@5': 0.0536, 'ndcg@5': 0.0344, 'hit@10': 0.091, 'ndcg@10': 0.0465, 'hit@15': 0.1231, 'ndcg@15': 0.055, 'hit@20': 0.1508, 'ndcg@20': 0.0615, 'hit@40': 0.236, 'ndcg@40': 0.0788} 
2024-10-09 20:50:29.990 | INFO     | trainer_1:_train_one_epoch:209 - test 28 cost time 7.07s, result: {'hit@1': 0.0096, 'ndcg@1': 0.0096, 'hit@5': 0.0355, 'ndcg@5': 0.0224, 'hit@10': 0.0584, 'ndcg@10': 0.0297, 'hit@15': 0.082, 'ndcg@15': 0.036, 'hit@20': 0.1028, 'ndcg@20': 0.0409, 'hit@40': 0.1687, 'ndcg@40': 0.0543} 
2024-10-09 20:50:41.181 | INFO     | trainer_1:_train_one_epoch:193 - epoch 29 11.19s Train loss is [0.3594] 
2024-10-09 20:50:48.692 | INFO     | trainer_1:_train_one_epoch:201 - validate 29 cost time 7.51s, result: {'hit@1': 0.0151, 'ndcg@1': 0.0151, 'hit@5': 0.0533, 'ndcg@5': 0.0341, 'hit@10': 0.0873, 'ndcg@10': 0.045, 'hit@15': 0.1174, 'ndcg@15': 0.0529, 'hit@20': 0.1448, 'ndcg@20': 0.0594, 'hit@40': 0.2266, 'ndcg@40': 0.0761} 
2024-10-09 20:50:55.234 | INFO     | trainer_1:_train_one_epoch:209 - test 29 cost time 6.54s, result: {'hit@1': 0.0097, 'ndcg@1': 0.0097, 'hit@5': 0.0335, 'ndcg@5': 0.0216, 'hit@10': 0.0578, 'ndcg@10': 0.0295, 'hit@15': 0.0783, 'ndcg@15': 0.0349, 'hit@20': 0.0971, 'ndcg@20': 0.0393, 'hit@40': 0.1604, 'ndcg@40': 0.0522} 
2024-10-09 20:51:06.716 | INFO     | trainer_1:_train_one_epoch:193 - epoch 30 11.48s Train loss is [0.3637] 
2024-10-09 20:51:14.331 | INFO     | trainer_1:_train_one_epoch:201 - validate 30 cost time 7.61s, result: {'hit@1': 0.0144, 'ndcg@1': 0.0144, 'hit@5': 0.0526, 'ndcg@5': 0.0333, 'hit@10': 0.0851, 'ndcg@10': 0.0437, 'hit@15': 0.1149, 'ndcg@15': 0.0516, 'hit@20': 0.142, 'ndcg@20': 0.058, 'hit@40': 0.2302, 'ndcg@40': 0.0759} 
2024-10-09 20:51:21.481 | INFO     | trainer_1:_train_one_epoch:209 - test 30 cost time 7.15s, result: {'hit@1': 0.0097, 'ndcg@1': 0.0097, 'hit@5': 0.0338, 'ndcg@5': 0.0217, 'hit@10': 0.0573, 'ndcg@10': 0.0293, 'hit@15': 0.0784, 'ndcg@15': 0.0348, 'hit@20': 0.0982, 'ndcg@20': 0.0395, 'hit@40': 0.1634, 'ndcg@40': 0.0527} 
2024-10-09 20:51:32.681 | INFO     | trainer_1:_train_one_epoch:193 - epoch 31 11.20s Train loss is [0.3545] 
2024-10-09 20:51:38.985 | INFO     | trainer_1:_train_one_epoch:201 - validate 31 cost time 6.30s, result: {'hit@1': 0.0133, 'ndcg@1': 0.0133, 'hit@5': 0.0547, 'ndcg@5': 0.034, 'hit@10': 0.0908, 'ndcg@10': 0.0455, 'hit@15': 0.1213, 'ndcg@15': 0.0536, 'hit@20': 0.1488, 'ndcg@20': 0.0601, 'hit@40': 0.2406, 'ndcg@40': 0.0788} 
2024-10-09 20:51:45.585 | INFO     | trainer_1:_train_one_epoch:209 - test 31 cost time 6.60s, result: {'hit@1': 0.0096, 'ndcg@1': 0.0096, 'hit@5': 0.0355, 'ndcg@5': 0.0225, 'hit@10': 0.0614, 'ndcg@10': 0.0308, 'hit@15': 0.0844, 'ndcg@15': 0.0369, 'hit@20': 0.104, 'ndcg@20': 0.0415, 'hit@40': 0.1713, 'ndcg@40': 0.0551} 
2024-10-09 20:51:54.456 | INFO     | trainer_1:_train_one_epoch:193 - epoch 32 8.87s Train loss is [0.3542] 
2024-10-09 20:52:01.830 | INFO     | trainer_1:_train_one_epoch:201 - validate 32 cost time 7.37s, result: {'hit@1': 0.015, 'ndcg@1': 0.015, 'hit@5': 0.0571, 'ndcg@5': 0.0361, 'hit@10': 0.095, 'ndcg@10': 0.0482, 'hit@15': 0.1257, 'ndcg@15': 0.0563, 'hit@20': 0.1538, 'ndcg@20': 0.063, 'hit@40': 0.2417, 'ndcg@40': 0.0808} 
2024-10-09 20:52:09.891 | INFO     | trainer_1:_train_one_epoch:209 - test 32 cost time 8.06s, result: {'hit@1': 0.01, 'ndcg@1': 0.01, 'hit@5': 0.0367, 'ndcg@5': 0.023, 'hit@10': 0.0612, 'ndcg@10': 0.0309, 'hit@15': 0.0846, 'ndcg@15': 0.0371, 'hit@20': 0.1053, 'ndcg@20': 0.0419, 'hit@40': 0.1712, 'ndcg@40': 0.0553} 
2024-10-09 20:52:22.330 | INFO     | trainer_1:_train_one_epoch:193 - epoch 33 12.44s Train loss is [0.3511] 
2024-10-09 20:52:29.776 | INFO     | trainer_1:_train_one_epoch:201 - validate 33 cost time 7.44s, result: {'hit@1': 0.0146, 'ndcg@1': 0.0146, 'hit@5': 0.0556, 'ndcg@5': 0.0352, 'hit@10': 0.0931, 'ndcg@10': 0.0472, 'hit@15': 0.1228, 'ndcg@15': 0.0551, 'hit@20': 0.1492, 'ndcg@20': 0.0613, 'hit@40': 0.2359, 'ndcg@40': 0.0789} 
2024-10-09 20:52:36.956 | INFO     | trainer_1:_train_one_epoch:209 - test 33 cost time 7.18s, result: {'hit@1': 0.0101, 'ndcg@1': 0.0101, 'hit@5': 0.0363, 'ndcg@5': 0.023, 'hit@10': 0.0627, 'ndcg@10': 0.0315, 'hit@15': 0.0836, 'ndcg@15': 0.037, 'hit@20': 0.1037, 'ndcg@20': 0.0417, 'hit@40': 0.1674, 'ndcg@40': 0.0547} 
2024-10-09 20:52:57.511 | INFO     | trainer_1:_train_one_epoch:193 - epoch 34 8.78s Train loss is [0.3419] 
2024-10-09 20:53:04.531 | INFO     | trainer_1:_train_one_epoch:201 - validate 34 cost time 7.02s, result: {'hit@1': 0.014, 'ndcg@1': 0.014, 'hit@5': 0.0543, 'ndcg@5': 0.0343, 'hit@10': 0.0912, 'ndcg@10': 0.0461, 'hit@15': 0.1239, 'ndcg@15': 0.0548, 'hit@20': 0.1494, 'ndcg@20': 0.0608, 'hit@40': 0.2373, 'ndcg@40': 0.0787} 
2024-10-09 20:53:11.862 | INFO     | trainer_1:_train_one_epoch:209 - test 34 cost time 7.33s, result: {'hit@1': 0.0099, 'ndcg@1': 0.0099, 'hit@5': 0.0369, 'ndcg@5': 0.0232, 'hit@10': 0.0635, 'ndcg@10': 0.0317, 'hit@15': 0.0842, 'ndcg@15': 0.0371, 'hit@20': 0.1047, 'ndcg@20': 0.042, 'hit@40': 0.1698, 'ndcg@40': 0.0552} 
2024-10-09 20:53:31.685 | INFO     | trainer_1:_train_one_epoch:193 - epoch 35 8.82s Train loss is [0.3459] 
2024-10-09 20:53:39.136 | INFO     | trainer_1:_train_one_epoch:201 - validate 35 cost time 7.45s, result: {'hit@1': 0.015, 'ndcg@1': 0.015, 'hit@5': 0.0557, 'ndcg@5': 0.0355, 'hit@10': 0.093, 'ndcg@10': 0.0474, 'hit@15': 0.1235, 'ndcg@15': 0.0554, 'hit@20': 0.1486, 'ndcg@20': 0.0614, 'hit@40': 0.2337, 'ndcg@40': 0.0787} 
2024-10-09 20:53:46.427 | INFO     | trainer_1:_train_one_epoch:209 - test 35 cost time 7.29s, result: {'hit@1': 0.0098, 'ndcg@1': 0.0098, 'hit@5': 0.0364, 'ndcg@5': 0.0231, 'hit@10': 0.0635, 'ndcg@10': 0.0318, 'hit@15': 0.084, 'ndcg@15': 0.0372, 'hit@20': 0.1035, 'ndcg@20': 0.0418, 'hit@40': 0.1659, 'ndcg@40': 0.0545} 
2024-10-09 20:53:54.780 | INFO     | trainer_1:_train_one_epoch:193 - epoch 36 8.35s Train loss is [0.3429] 
2024-10-09 20:54:00.026 | INFO     | trainer_1:_train_one_epoch:201 - validate 36 cost time 5.24s, result: {'hit@1': 0.0146, 'ndcg@1': 0.0146, 'hit@5': 0.0553, 'ndcg@5': 0.0348, 'hit@10': 0.0945, 'ndcg@10': 0.0475, 'hit@15': 0.1259, 'ndcg@15': 0.0557, 'hit@20': 0.1543, 'ndcg@20': 0.0624, 'hit@40': 0.246, 'ndcg@40': 0.0811} 
2024-10-09 20:54:05.678 | INFO     | trainer_1:_train_one_epoch:209 - test 36 cost time 5.65s, result: {'hit@1': 0.0101, 'ndcg@1': 0.0101, 'hit@5': 0.0364, 'ndcg@5': 0.0233, 'hit@10': 0.0633, 'ndcg@10': 0.0319, 'hit@15': 0.0851, 'ndcg@15': 0.0376, 'hit@20': 0.106, 'ndcg@20': 0.0426, 'hit@40': 0.173, 'ndcg@40': 0.0562} 
2024-10-09 20:54:14.527 | INFO     | trainer_1:_train_one_epoch:193 - epoch 37 8.85s Train loss is [0.3546] 
2024-10-09 20:54:22.053 | INFO     | trainer_1:_train_one_epoch:201 - validate 37 cost time 7.52s, result: {'hit@1': 0.0139, 'ndcg@1': 0.0139, 'hit@5': 0.0567, 'ndcg@5': 0.0352, 'hit@10': 0.0941, 'ndcg@10': 0.0472, 'hit@15': 0.1242, 'ndcg@15': 0.0551, 'hit@20': 0.1511, 'ndcg@20': 0.0615, 'hit@40': 0.242, 'ndcg@40': 0.08} 
2024-10-09 20:54:29.252 | INFO     | trainer_1:_train_one_epoch:209 - test 37 cost time 7.20s, result: {'hit@1': 0.0098, 'ndcg@1': 0.0098, 'hit@5': 0.0367, 'ndcg@5': 0.0231, 'hit@10': 0.0624, 'ndcg@10': 0.0314, 'hit@15': 0.0848, 'ndcg@15': 0.0373, 'hit@20': 0.1043, 'ndcg@20': 0.0419, 'hit@40': 0.1739, 'ndcg@40': 0.0561} 
2024-10-09 20:54:37.560 | INFO     | trainer_1:_train_one_epoch:193 - epoch 38 8.31s Train loss is [0.3571] 
2024-10-09 20:54:44.118 | INFO     | trainer_1:_train_one_epoch:201 - validate 38 cost time 6.56s, result: {'hit@1': 0.0154, 'ndcg@1': 0.0154, 'hit@5': 0.0565, 'ndcg@5': 0.0357, 'hit@10': 0.0936, 'ndcg@10': 0.0476, 'hit@15': 0.1247, 'ndcg@15': 0.0559, 'hit@20': 0.1522, 'ndcg@20': 0.0623, 'hit@40': 0.2405, 'ndcg@40': 0.0803} 
2024-10-09 20:54:50.950 | INFO     | trainer_1:_train_one_epoch:209 - test 38 cost time 6.83s, result: {'hit@1': 0.009, 'ndcg@1': 0.009, 'hit@5': 0.0368, 'ndcg@5': 0.0227, 'hit@10': 0.0629, 'ndcg@10': 0.0311, 'hit@15': 0.085, 'ndcg@15': 0.0369, 'hit@20': 0.1037, 'ndcg@20': 0.0414, 'hit@40': 0.1684, 'ndcg@40': 0.0545} 
2024-10-09 20:54:59.342 | INFO     | trainer_1:_train_one_epoch:193 - epoch 39 8.39s Train loss is [0.3643] 
2024-10-09 20:55:06.677 | INFO     | trainer_1:_train_one_epoch:201 - validate 39 cost time 7.34s, result: {'hit@1': 0.0148, 'ndcg@1': 0.0148, 'hit@5': 0.0599, 'ndcg@5': 0.0372, 'hit@10': 0.0978, 'ndcg@10': 0.0494, 'hit@15': 0.1297, 'ndcg@15': 0.0578, 'hit@20': 0.1586, 'ndcg@20': 0.0646, 'hit@40': 0.2515, 'ndcg@40': 0.0835} 
2024-10-09 20:55:13.464 | INFO     | trainer_1:_train_one_epoch:209 - test 39 cost time 6.79s, result: {'hit@1': 0.0092, 'ndcg@1': 0.0092, 'hit@5': 0.0379, 'ndcg@5': 0.0234, 'hit@10': 0.0649, 'ndcg@10': 0.0321, 'hit@15': 0.0862, 'ndcg@15': 0.0377, 'hit@20': 0.1066, 'ndcg@20': 0.0425, 'hit@40': 0.1749, 'ndcg@40': 0.0564} 
2024-10-09 20:55:32.373 | INFO     | trainer_1:_train_one_epoch:193 - epoch 40 8.21s Train loss is [0.3579] 
2024-10-09 20:55:39.832 | INFO     | trainer_1:_train_one_epoch:201 - validate 40 cost time 7.46s, result: {'hit@1': 0.0151, 'ndcg@1': 0.0151, 'hit@5': 0.0584, 'ndcg@5': 0.0368, 'hit@10': 0.0968, 'ndcg@10': 0.049, 'hit@15': 0.1297, 'ndcg@15': 0.0577, 'hit@20': 0.1587, 'ndcg@20': 0.0646, 'hit@40': 0.2496, 'ndcg@40': 0.083} 
2024-10-09 20:55:46.420 | INFO     | trainer_1:_train_one_epoch:209 - test 40 cost time 6.59s, result: {'hit@1': 0.0093, 'ndcg@1': 0.0093, 'hit@5': 0.0381, 'ndcg@5': 0.0237, 'hit@10': 0.0651, 'ndcg@10': 0.0323, 'hit@15': 0.0874, 'ndcg@15': 0.0382, 'hit@20': 0.1066, 'ndcg@20': 0.0427, 'hit@40': 0.1743, 'ndcg@40': 0.0565} 
2024-10-09 20:56:05.593 | INFO     | trainer_1:_train_one_epoch:193 - epoch 41 8.16s Train loss is [0.3547] 
2024-10-09 20:56:12.680 | INFO     | trainer_1:_train_one_epoch:201 - validate 41 cost time 7.09s, result: {'hit@1': 0.0143, 'ndcg@1': 0.0143, 'hit@5': 0.056, 'ndcg@5': 0.0352, 'hit@10': 0.0943, 'ndcg@10': 0.0475, 'hit@15': 0.1273, 'ndcg@15': 0.0562, 'hit@20': 0.1563, 'ndcg@20': 0.063, 'hit@40': 0.2516, 'ndcg@40': 0.0825} 
2024-10-09 20:56:17.636 | INFO     | trainer_1:_train_one_epoch:209 - test 41 cost time 4.95s, result: {'hit@1': 0.0096, 'ndcg@1': 0.0096, 'hit@5': 0.0378, 'ndcg@5': 0.0235, 'hit@10': 0.0653, 'ndcg@10': 0.0323, 'hit@15': 0.0876, 'ndcg@15': 0.0382, 'hit@20': 0.1084, 'ndcg@20': 0.0431, 'hit@40': 0.1754, 'ndcg@40': 0.0567} 
2024-10-09 20:56:36.525 | INFO     | trainer_1:_train_one_epoch:193 - epoch 42 8.65s Train loss is [0.3447] 
2024-10-09 20:56:44.125 | INFO     | trainer_1:_train_one_epoch:201 - validate 42 cost time 7.60s, result: {'hit@1': 0.014, 'ndcg@1': 0.014, 'hit@5': 0.0553, 'ndcg@5': 0.0346, 'hit@10': 0.0921, 'ndcg@10': 0.0465, 'hit@15': 0.1229, 'ndcg@15': 0.0546, 'hit@20': 0.1505, 'ndcg@20': 0.0611, 'hit@40': 0.2413, 'ndcg@40': 0.0797} 
2024-10-09 20:56:53.187 | INFO     | trainer_1:_train_one_epoch:209 - test 42 cost time 9.06s, result: {'hit@1': 0.0095, 'ndcg@1': 0.0095, 'hit@5': 0.0365, 'ndcg@5': 0.0228, 'hit@10': 0.0629, 'ndcg@10': 0.0313, 'hit@15': 0.0838, 'ndcg@15': 0.0368, 'hit@20': 0.1032, 'ndcg@20': 0.0414, 'hit@40': 0.1684, 'ndcg@40': 0.0546} 
2024-10-09 20:57:03.189 | INFO     | trainer_1:_train_one_epoch:193 - epoch 43 10.00s Train loss is [0.3534] 
2024-10-09 20:57:10.346 | INFO     | trainer_1:_train_one_epoch:201 - validate 43 cost time 7.16s, result: {'hit@1': 0.0142, 'ndcg@1': 0.0142, 'hit@5': 0.0544, 'ndcg@5': 0.0341, 'hit@10': 0.0941, 'ndcg@10': 0.0468, 'hit@15': 0.1257, 'ndcg@15': 0.0552, 'hit@20': 0.1561, 'ndcg@20': 0.0623, 'hit@40': 0.2508, 'ndcg@40': 0.0816} 
2024-10-09 20:57:17.689 | INFO     | trainer_1:_train_one_epoch:209 - test 43 cost time 7.34s, result: {'hit@1': 0.0098, 'ndcg@1': 0.0098, 'hit@5': 0.0364, 'ndcg@5': 0.023, 'hit@10': 0.0623, 'ndcg@10': 0.0314, 'hit@15': 0.0855, 'ndcg@15': 0.0375, 'hit@20': 0.1042, 'ndcg@20': 0.0419, 'hit@40': 0.1742, 'ndcg@40': 0.0561} 
2024-10-09 20:57:26.446 | INFO     | trainer_1:_train_one_epoch:193 - epoch 44 8.75s Train loss is [0.3474] 
2024-10-09 20:57:32.516 | INFO     | trainer_1:_train_one_epoch:201 - validate 44 cost time 6.07s, result: {'hit@1': 0.0152, 'ndcg@1': 0.0152, 'hit@5': 0.0575, 'ndcg@5': 0.0362, 'hit@10': 0.0992, 'ndcg@10': 0.0496, 'hit@15': 0.1336, 'ndcg@15': 0.0586, 'hit@20': 0.1638, 'ndcg@20': 0.0658, 'hit@40': 0.2587, 'ndcg@40': 0.0851} 
2024-10-09 20:57:37.510 | INFO     | trainer_1:_train_one_epoch:209 - test 44 cost time 4.99s, result: {'hit@1': 0.0111, 'ndcg@1': 0.0111, 'hit@5': 0.0397, 'ndcg@5': 0.0252, 'hit@10': 0.0671, 'ndcg@10': 0.0339, 'hit@15': 0.0911, 'ndcg@15': 0.0403, 'hit@20': 0.1117, 'ndcg@20': 0.0451, 'hit@40': 0.1789, 'ndcg@40': 0.0588} 
2024-10-09 20:57:56.483 | INFO     | trainer_1:_train_one_epoch:193 - epoch 45 8.26s Train loss is [0.3475] 
2024-10-09 20:58:05.112 | INFO     | trainer_1:_train_one_epoch:201 - validate 45 cost time 8.63s, result: {'hit@1': 0.0159, 'ndcg@1': 0.0159, 'hit@5': 0.0577, 'ndcg@5': 0.0367, 'hit@10': 0.0952, 'ndcg@10': 0.0487, 'hit@15': 0.1279, 'ndcg@15': 0.0573, 'hit@20': 0.1562, 'ndcg@20': 0.064, 'hit@40': 0.2499, 'ndcg@40': 0.0831} 
2024-10-09 20:58:13.785 | INFO     | trainer_1:_train_one_epoch:209 - test 45 cost time 8.67s, result: {'hit@1': 0.0099, 'ndcg@1': 0.0099, 'hit@5': 0.0382, 'ndcg@5': 0.024, 'hit@10': 0.0628, 'ndcg@10': 0.0319, 'hit@15': 0.0836, 'ndcg@15': 0.0374, 'hit@20': 0.1036, 'ndcg@20': 0.0421, 'hit@40': 0.1733, 'ndcg@40': 0.0563} 
2024-10-09 20:58:26.566 | INFO     | trainer_1:_train_one_epoch:193 - epoch 46 12.78s Train loss is [0.3485] 
2024-10-09 20:58:34.171 | INFO     | trainer_1:_train_one_epoch:201 - validate 46 cost time 7.60s, result: {'hit@1': 0.0149, 'ndcg@1': 0.0149, 'hit@5': 0.0567, 'ndcg@5': 0.0359, 'hit@10': 0.0955, 'ndcg@10': 0.0484, 'hit@15': 0.1303, 'ndcg@15': 0.0576, 'hit@20': 0.1607, 'ndcg@20': 0.0647, 'hit@40': 0.2543, 'ndcg@40': 0.0838} 
2024-10-09 20:58:41.344 | INFO     | trainer_1:_train_one_epoch:209 - test 46 cost time 7.17s, result: {'hit@1': 0.0099, 'ndcg@1': 0.0099, 'hit@5': 0.0383, 'ndcg@5': 0.024, 'hit@10': 0.0652, 'ndcg@10': 0.0325, 'hit@15': 0.0871, 'ndcg@15': 0.0383, 'hit@20': 0.1059, 'ndcg@20': 0.0427, 'hit@40': 0.1738, 'ndcg@40': 0.0565} 
2024-10-09 20:58:54.253 | INFO     | trainer_1:_train_one_epoch:193 - epoch 47 12.91s Train loss is [0.3427] 
2024-10-09 20:59:03.017 | INFO     | trainer_1:_train_one_epoch:201 - validate 47 cost time 8.76s, result: {'hit@1': 0.015, 'ndcg@1': 0.015, 'hit@5': 0.058, 'ndcg@5': 0.0363, 'hit@10': 0.0989, 'ndcg@10': 0.0494, 'hit@15': 0.1323, 'ndcg@15': 0.0583, 'hit@20': 0.16, 'ndcg@20': 0.0648, 'hit@40': 0.2526, 'ndcg@40': 0.0837} 
2024-10-09 20:59:10.506 | INFO     | trainer_1:_train_one_epoch:209 - test 47 cost time 7.49s, result: {'hit@1': 0.0101, 'ndcg@1': 0.0101, 'hit@5': 0.0388, 'ndcg@5': 0.0244, 'hit@10': 0.0662, 'ndcg@10': 0.0332, 'hit@15': 0.0877, 'ndcg@15': 0.0389, 'hit@20': 0.1077, 'ndcg@20': 0.0436, 'hit@40': 0.1768, 'ndcg@40': 0.0577} 
2024-10-09 20:59:24.645 | INFO     | trainer_1:_train_one_epoch:193 - epoch 48 14.14s Train loss is [0.3410] 
2024-10-09 20:59:34.192 | INFO     | trainer_1:_train_one_epoch:201 - validate 48 cost time 9.55s, result: {'hit@1': 0.0147, 'ndcg@1': 0.0147, 'hit@5': 0.0555, 'ndcg@5': 0.035, 'hit@10': 0.0948, 'ndcg@10': 0.0475, 'hit@15': 0.1288, 'ndcg@15': 0.0565, 'hit@20': 0.1566, 'ndcg@20': 0.0631, 'hit@40': 0.2516, 'ndcg@40': 0.0824} 
2024-10-09 20:59:41.079 | INFO     | trainer_1:_train_one_epoch:209 - test 48 cost time 6.89s, result: {'hit@1': 0.0093, 'ndcg@1': 0.0093, 'hit@5': 0.0367, 'ndcg@5': 0.023, 'hit@10': 0.0625, 'ndcg@10': 0.0313, 'hit@15': 0.0854, 'ndcg@15': 0.0373, 'hit@20': 0.1069, 'ndcg@20': 0.0424, 'hit@40': 0.1752, 'ndcg@40': 0.0563} 
2024-10-09 20:59:52.551 | INFO     | trainer_1:_train_one_epoch:193 - epoch 49 11.47s Train loss is [0.3452] 
2024-10-09 21:00:01.816 | INFO     | trainer_1:_train_one_epoch:201 - validate 49 cost time 9.26s, result: {'hit@1': 0.0148, 'ndcg@1': 0.0148, 'hit@5': 0.0569, 'ndcg@5': 0.0359, 'hit@10': 0.0982, 'ndcg@10': 0.0491, 'hit@15': 0.1329, 'ndcg@15': 0.0582, 'hit@20': 0.1638, 'ndcg@20': 0.0655, 'hit@40': 0.2569, 'ndcg@40': 0.0845} 
2024-10-09 21:00:09.959 | INFO     | trainer_1:_train_one_epoch:209 - test 49 cost time 8.14s, result: {'hit@1': 0.0097, 'ndcg@1': 0.0097, 'hit@5': 0.04, 'ndcg@5': 0.0247, 'hit@10': 0.0667, 'ndcg@10': 0.0333, 'hit@15': 0.0887, 'ndcg@15': 0.0391, 'hit@20': 0.1095, 'ndcg@20': 0.044, 'hit@40': 0.1795, 'ndcg@40': 0.0583} 
2024-10-09 21:00:09.973 | INFO     | trainer_1:train_model:163 - training end, best iteration 44, results: {'hit@1': 0.0152, 'ndcg@1': 0.0152, 'hit@5': 0.0575, 'ndcg@5': 0.0362, 'hit@10': 0.0992, 'ndcg@10': 0.0496, 'hit@15': 0.1336, 'ndcg@15': 0.0586, 'hit@20': 0.1638, 'ndcg@20': 0.0658, 'hit@40': 0.2587, 'ndcg@40': 0.0851}
2024-10-09 21:00:09.973 | INFO     | trainer_1:train_model:166 - final test result is:  {'hit@1': 0.0111, 'ndcg@1': 0.0111, 'hit@5': 0.0397, 'ndcg@5': 0.0252, 'hit@10': 0.0671, 'ndcg@10': 0.0339, 'hit@15': 0.0911, 'ndcg@15': 0.0403, 'hit@20': 0.1117, 'ndcg@20': 0.0451, 'hit@40': 0.1789, 'ndcg@40': 0.0588}
2024-10-09 21:00:10.389 | INFO     | __main__:<module>:119 - train end total cost time: 3907.876150369644
