2024-10-09 18:34:32.041 | INFO     | __main__:<module>:105 - Namespace(TIME='2024-10-09 18_33_59', batch_size=1024, behaviors=['view', 'cart', 'buy'], check_point='model_pre_1_2024-10-08 12_13_12.pth', data_name='beibei', data_path='./data/beibei', decay=0.001, device='cuda:1', dim_qk=32, dim_v=64, distill_layers=2, distill_thres=0.5, distill_topK=40, distill_userK=4, embedding_size=64, epochs=100, gpu_no=1, if_load_model=True, ii_lambda=200, initializer_range=0.02, layers=2, loss_type='bpr', lr=0.001, message_dropout=0.25, metrics=['hit', 'ndcg'], min_epoch=5, model_name='main_1', model_path='./check_point', node_dropout=0.75, omega=1, pt_loop=50, reg_weight=0.001, test_batch_size=1024, testbatch=1024, topk=[1, 5, 10, 15, 20, 40], uu_lambda=100)
2024-10-09 18:34:32.041 | INFO     | __main__:<module>:106 - BIPN(
  (message_dropout): Dropout(p=0.25, inplace=False)
  (user_embedding): Embedding(21717, 64, padding_idx=0)
  (item_embedding): Embedding(7978, 64, padding_idx=0)
  (global_Graph): LightGCN()
  (Graph_encoder): ModuleDict(
    (view): GraphEncoder(
      (light): LightGCN()
      (dropout): Dropout(p=0.75, inplace=False)
    )
    (cart): GraphEncoder(
      (light): LightGCN()
      (dropout): Dropout(p=0.75, inplace=False)
    )
    (buy): GraphEncoder(
      (light): LightGCN()
      (dropout): Dropout(p=0.75, inplace=False)
    )
  )
  (attention): Mutual_Attention()
  (bpr_loss): BPRLoss()
  (emb_loss): EmbLoss()
  (f): Sigmoid()
)
2024-10-09 18:47:30.888 | INFO     | trainer_1:_train_one_epoch:193 - epoch 1 6.38s Train loss is [0.9082] 
2024-10-09 18:47:39.439 | INFO     | trainer_1:_train_one_epoch:201 - validate 1 cost time 8.55s, result: {'hit@1': 0.0075, 'ndcg@1': 0.0075, 'hit@5': 0.0297, 'ndcg@5': 0.0186, 'hit@10': 0.051, 'ndcg@10': 0.0253, 'hit@15': 0.069, 'ndcg@15': 0.0301, 'hit@20': 0.0855, 'ndcg@20': 0.034, 'hit@40': 0.1454, 'ndcg@40': 0.0462} 
2024-10-09 18:47:47.042 | INFO     | trainer_1:_train_one_epoch:209 - test 1 cost time 7.60s, result: {'hit@1': 0.0042, 'ndcg@1': 0.0042, 'hit@5': 0.0186, 'ndcg@5': 0.0112, 'hit@10': 0.0353, 'ndcg@10': 0.0166, 'hit@15': 0.049, 'ndcg@15': 0.0202, 'hit@20': 0.0623, 'ndcg@20': 0.0233, 'hit@40': 0.1051, 'ndcg@40': 0.032} 
2024-10-09 18:48:04.280 | INFO     | trainer_1:_train_one_epoch:193 - epoch 2 6.68s Train loss is [0.6849] 
2024-10-09 18:48:10.507 | INFO     | trainer_1:_train_one_epoch:201 - validate 2 cost time 6.23s, result: {'hit@1': 0.0078, 'ndcg@1': 0.0078, 'hit@5': 0.033, 'ndcg@5': 0.0202, 'hit@10': 0.0566, 'ndcg@10': 0.0278, 'hit@15': 0.0769, 'ndcg@15': 0.0332, 'hit@20': 0.0954, 'ndcg@20': 0.0376, 'hit@40': 0.1603, 'ndcg@40': 0.0508} 
2024-10-09 18:48:15.474 | INFO     | trainer_1:_train_one_epoch:209 - test 2 cost time 4.97s, result: {'hit@1': 0.0045, 'ndcg@1': 0.0045, 'hit@5': 0.0201, 'ndcg@5': 0.0122, 'hit@10': 0.0363, 'ndcg@10': 0.0174, 'hit@15': 0.051, 'ndcg@15': 0.0212, 'hit@20': 0.0663, 'ndcg@20': 0.0248, 'hit@40': 0.1142, 'ndcg@40': 0.0346} 
2024-10-09 18:48:32.713 | INFO     | trainer_1:_train_one_epoch:193 - epoch 3 6.64s Train loss is [0.6098] 
2024-10-09 18:48:41.858 | INFO     | trainer_1:_train_one_epoch:201 - validate 3 cost time 9.14s, result: {'hit@1': 0.0091, 'ndcg@1': 0.0091, 'hit@5': 0.0369, 'ndcg@5': 0.023, 'hit@10': 0.0651, 'ndcg@10': 0.032, 'hit@15': 0.0906, 'ndcg@15': 0.0388, 'hit@20': 0.1138, 'ndcg@20': 0.0443, 'hit@40': 0.1877, 'ndcg@40': 0.0593} 
2024-10-09 18:48:50.783 | INFO     | trainer_1:_train_one_epoch:209 - test 3 cost time 8.92s, result: {'hit@1': 0.0058, 'ndcg@1': 0.0058, 'hit@5': 0.0227, 'ndcg@5': 0.014, 'hit@10': 0.0439, 'ndcg@10': 0.0208, 'hit@15': 0.0613, 'ndcg@15': 0.0253, 'hit@20': 0.0766, 'ndcg@20': 0.0289, 'hit@40': 0.1346, 'ndcg@40': 0.0407} 
2024-10-09 18:49:07.943 | INFO     | trainer_1:_train_one_epoch:193 - epoch 4 6.95s Train loss is [0.5784] 
2024-10-09 18:49:17.068 | INFO     | trainer_1:_train_one_epoch:201 - validate 4 cost time 9.13s, result: {'hit@1': 0.0109, 'ndcg@1': 0.0109, 'hit@5': 0.0424, 'ndcg@5': 0.0265, 'hit@10': 0.0711, 'ndcg@10': 0.0357, 'hit@15': 0.0962, 'ndcg@15': 0.0423, 'hit@20': 0.1182, 'ndcg@20': 0.0475, 'hit@40': 0.189, 'ndcg@40': 0.0619} 
2024-10-09 18:49:25.985 | INFO     | trainer_1:_train_one_epoch:209 - test 4 cost time 8.92s, result: {'hit@1': 0.006, 'ndcg@1': 0.006, 'hit@5': 0.023, 'ndcg@5': 0.0146, 'hit@10': 0.0412, 'ndcg@10': 0.0204, 'hit@15': 0.0593, 'ndcg@15': 0.0252, 'hit@20': 0.075, 'ndcg@20': 0.0289, 'hit@40': 0.1266, 'ndcg@40': 0.0394} 
2024-10-09 18:49:32.920 | INFO     | trainer_1:_train_one_epoch:193 - epoch 5 6.93s Train loss is [0.5414] 
2024-10-09 18:49:40.653 | INFO     | trainer_1:_train_one_epoch:201 - validate 5 cost time 7.73s, result: {'hit@1': 0.0122, 'ndcg@1': 0.0122, 'hit@5': 0.0439, 'ndcg@5': 0.0279, 'hit@10': 0.0734, 'ndcg@10': 0.0374, 'hit@15': 0.1001, 'ndcg@15': 0.0444, 'hit@20': 0.1234, 'ndcg@20': 0.0499, 'hit@40': 0.1961, 'ndcg@40': 0.0648} 
2024-10-09 18:49:49.450 | INFO     | trainer_1:_train_one_epoch:209 - test 5 cost time 8.80s, result: {'hit@1': 0.0071, 'ndcg@1': 0.0071, 'hit@5': 0.0256, 'ndcg@5': 0.0161, 'hit@10': 0.0443, 'ndcg@10': 0.0221, 'hit@15': 0.0626, 'ndcg@15': 0.027, 'hit@20': 0.0776, 'ndcg@20': 0.0305, 'hit@40': 0.1321, 'ndcg@40': 0.0416} 
2024-10-09 18:50:06.651 | INFO     | trainer_1:_train_one_epoch:193 - epoch 6 6.85s Train loss is [0.5258] 
2024-10-09 18:50:13.409 | INFO     | trainer_1:_train_one_epoch:201 - validate 6 cost time 6.76s, result: {'hit@1': 0.013, 'ndcg@1': 0.013, 'hit@5': 0.0444, 'ndcg@5': 0.0285, 'hit@10': 0.0741, 'ndcg@10': 0.038, 'hit@15': 0.1007, 'ndcg@15': 0.0451, 'hit@20': 0.1244, 'ndcg@20': 0.0506, 'hit@40': 0.1996, 'ndcg@40': 0.0659} 
2024-10-09 18:50:20.974 | INFO     | trainer_1:_train_one_epoch:209 - test 6 cost time 7.56s, result: {'hit@1': 0.0062, 'ndcg@1': 0.0062, 'hit@5': 0.0281, 'ndcg@5': 0.0172, 'hit@10': 0.0477, 'ndcg@10': 0.0235, 'hit@15': 0.0664, 'ndcg@15': 0.0285, 'hit@20': 0.084, 'ndcg@20': 0.0326, 'hit@40': 0.1394, 'ndcg@40': 0.0439} 
2024-10-09 18:50:38.132 | INFO     | trainer_1:_train_one_epoch:193 - epoch 7 6.69s Train loss is [0.4951] 
2024-10-09 18:50:44.937 | INFO     | trainer_1:_train_one_epoch:201 - validate 7 cost time 6.80s, result: {'hit@1': 0.0119, 'ndcg@1': 0.0119, 'hit@5': 0.0425, 'ndcg@5': 0.027, 'hit@10': 0.0717, 'ndcg@10': 0.0364, 'hit@15': 0.0984, 'ndcg@15': 0.0434, 'hit@20': 0.1226, 'ndcg@20': 0.0491, 'hit@40': 0.1991, 'ndcg@40': 0.0647} 
2024-10-09 18:50:52.568 | INFO     | trainer_1:_train_one_epoch:209 - test 7 cost time 7.63s, result: {'hit@1': 0.0064, 'ndcg@1': 0.0064, 'hit@5': 0.0259, 'ndcg@5': 0.0158, 'hit@10': 0.0476, 'ndcg@10': 0.0228, 'hit@15': 0.0641, 'ndcg@15': 0.0271, 'hit@20': 0.08, 'ndcg@20': 0.0309, 'hit@40': 0.1409, 'ndcg@40': 0.0432} 
2024-10-09 18:50:58.916 | INFO     | trainer_1:_train_one_epoch:193 - epoch 8 6.35s Train loss is [0.4955] 
2024-10-09 18:51:06.707 | INFO     | trainer_1:_train_one_epoch:201 - validate 8 cost time 7.79s, result: {'hit@1': 0.0121, 'ndcg@1': 0.0121, 'hit@5': 0.0429, 'ndcg@5': 0.0274, 'hit@10': 0.0744, 'ndcg@10': 0.0374, 'hit@15': 0.0997, 'ndcg@15': 0.0441, 'hit@20': 0.1238, 'ndcg@20': 0.0498, 'hit@40': 0.1999, 'ndcg@40': 0.0653} 
2024-10-09 18:51:13.541 | INFO     | trainer_1:_train_one_epoch:209 - test 8 cost time 6.83s, result: {'hit@1': 0.0074, 'ndcg@1': 0.0074, 'hit@5': 0.0265, 'ndcg@5': 0.0168, 'hit@10': 0.0466, 'ndcg@10': 0.0232, 'hit@15': 0.0646, 'ndcg@15': 0.0279, 'hit@20': 0.082, 'ndcg@20': 0.0321, 'hit@40': 0.1407, 'ndcg@40': 0.044} 
2024-10-09 18:51:20.062 | INFO     | trainer_1:_train_one_epoch:193 - epoch 9 6.52s Train loss is [0.4699] 
2024-10-09 18:51:29.192 | INFO     | trainer_1:_train_one_epoch:201 - validate 9 cost time 9.13s, result: {'hit@1': 0.0112, 'ndcg@1': 0.0112, 'hit@5': 0.043, 'ndcg@5': 0.027, 'hit@10': 0.0735, 'ndcg@10': 0.0368, 'hit@15': 0.0991, 'ndcg@15': 0.0435, 'hit@20': 0.1224, 'ndcg@20': 0.049, 'hit@40': 0.2009, 'ndcg@40': 0.065} 
2024-10-09 18:51:38.120 | INFO     | trainer_1:_train_one_epoch:209 - test 9 cost time 8.93s, result: {'hit@1': 0.0067, 'ndcg@1': 0.0067, 'hit@5': 0.0266, 'ndcg@5': 0.0166, 'hit@10': 0.0449, 'ndcg@10': 0.0225, 'hit@15': 0.0631, 'ndcg@15': 0.0273, 'hit@20': 0.0807, 'ndcg@20': 0.0314, 'hit@40': 0.1399, 'ndcg@40': 0.0434} 
2024-10-09 18:51:44.682 | INFO     | trainer_1:_train_one_epoch:193 - epoch 10 6.56s Train loss is [0.4601] 
2024-10-09 18:51:51.600 | INFO     | trainer_1:_train_one_epoch:201 - validate 10 cost time 6.92s, result: {'hit@1': 0.0109, 'ndcg@1': 0.0109, 'hit@5': 0.0455, 'ndcg@5': 0.0281, 'hit@10': 0.0764, 'ndcg@10': 0.038, 'hit@15': 0.104, 'ndcg@15': 0.0452, 'hit@20': 0.1295, 'ndcg@20': 0.0513, 'hit@40': 0.2086, 'ndcg@40': 0.0674} 
2024-10-09 18:51:58.350 | INFO     | trainer_1:_train_one_epoch:209 - test 10 cost time 6.75s, result: {'hit@1': 0.0062, 'ndcg@1': 0.0062, 'hit@5': 0.0276, 'ndcg@5': 0.0168, 'hit@10': 0.0488, 'ndcg@10': 0.0235, 'hit@15': 0.0654, 'ndcg@15': 0.0279, 'hit@20': 0.0833, 'ndcg@20': 0.0322, 'hit@40': 0.1439, 'ndcg@40': 0.0445} 
2024-10-09 18:52:15.273 | INFO     | trainer_1:_train_one_epoch:193 - epoch 11 6.45s Train loss is [0.4444] 
2024-10-09 18:52:20.604 | INFO     | trainer_1:_train_one_epoch:201 - validate 11 cost time 5.33s, result: {'hit@1': 0.0103, 'ndcg@1': 0.0103, 'hit@5': 0.0415, 'ndcg@5': 0.0259, 'hit@10': 0.0719, 'ndcg@10': 0.0356, 'hit@15': 0.099, 'ndcg@15': 0.0428, 'hit@20': 0.1244, 'ndcg@20': 0.0488, 'hit@40': 0.2016, 'ndcg@40': 0.0645} 
2024-10-09 18:52:25.742 | INFO     | trainer_1:_train_one_epoch:209 - test 11 cost time 5.14s, result: {'hit@1': 0.0062, 'ndcg@1': 0.0062, 'hit@5': 0.026, 'ndcg@5': 0.016, 'hit@10': 0.0466, 'ndcg@10': 0.0226, 'hit@15': 0.0641, 'ndcg@15': 0.0272, 'hit@20': 0.0818, 'ndcg@20': 0.0314, 'hit@40': 0.1411, 'ndcg@40': 0.0434} 
2024-10-09 18:52:32.202 | INFO     | trainer_1:_train_one_epoch:193 - epoch 12 6.46s Train loss is [0.4530] 
2024-10-09 18:52:40.646 | INFO     | trainer_1:_train_one_epoch:201 - validate 12 cost time 8.44s, result: {'hit@1': 0.0106, 'ndcg@1': 0.0106, 'hit@5': 0.0428, 'ndcg@5': 0.0268, 'hit@10': 0.0736, 'ndcg@10': 0.0367, 'hit@15': 0.1008, 'ndcg@15': 0.0438, 'hit@20': 0.1249, 'ndcg@20': 0.0495, 'hit@40': 0.2001, 'ndcg@40': 0.0649} 
2024-10-09 18:52:49.688 | INFO     | trainer_1:_train_one_epoch:209 - test 12 cost time 9.04s, result: {'hit@1': 0.007, 'ndcg@1': 0.007, 'hit@5': 0.0264, 'ndcg@5': 0.0167, 'hit@10': 0.0473, 'ndcg@10': 0.0234, 'hit@15': 0.0647, 'ndcg@15': 0.028, 'hit@20': 0.0816, 'ndcg@20': 0.032, 'hit@40': 0.1404, 'ndcg@40': 0.044} 
2024-10-09 18:52:56.217 | INFO     | trainer_1:_train_one_epoch:193 - epoch 13 6.53s Train loss is [0.4503] 
2024-10-09 18:53:03.605 | INFO     | trainer_1:_train_one_epoch:201 - validate 13 cost time 7.39s, result: {'hit@1': 0.0109, 'ndcg@1': 0.0109, 'hit@5': 0.0455, 'ndcg@5': 0.0281, 'hit@10': 0.0803, 'ndcg@10': 0.0393, 'hit@15': 0.1093, 'ndcg@15': 0.0469, 'hit@20': 0.1368, 'ndcg@20': 0.0534, 'hit@40': 0.2159, 'ndcg@40': 0.0696} 
2024-10-09 18:53:10.250 | INFO     | trainer_1:_train_one_epoch:209 - test 13 cost time 6.64s, result: {'hit@1': 0.0073, 'ndcg@1': 0.0073, 'hit@5': 0.0294, 'ndcg@5': 0.0182, 'hit@10': 0.0512, 'ndcg@10': 0.0252, 'hit@15': 0.0702, 'ndcg@15': 0.0302, 'hit@20': 0.0886, 'ndcg@20': 0.0346, 'hit@40': 0.1518, 'ndcg@40': 0.0474} 
2024-10-09 18:53:27.976 | INFO     | trainer_1:_train_one_epoch:193 - epoch 14 6.56s Train loss is [0.4325] 
2024-10-09 18:53:35.354 | INFO     | trainer_1:_train_one_epoch:201 - validate 14 cost time 7.38s, result: {'hit@1': 0.0117, 'ndcg@1': 0.0117, 'hit@5': 0.0482, 'ndcg@5': 0.0299, 'hit@10': 0.0817, 'ndcg@10': 0.0406, 'hit@15': 0.1101, 'ndcg@15': 0.0481, 'hit@20': 0.1375, 'ndcg@20': 0.0546, 'hit@40': 0.2206, 'ndcg@40': 0.0715} 
2024-10-09 18:53:42.125 | INFO     | trainer_1:_train_one_epoch:209 - test 14 cost time 6.77s, result: {'hit@1': 0.0076, 'ndcg@1': 0.0076, 'hit@5': 0.0303, 'ndcg@5': 0.0188, 'hit@10': 0.0521, 'ndcg@10': 0.0258, 'hit@15': 0.073, 'ndcg@15': 0.0313, 'hit@20': 0.0917, 'ndcg@20': 0.0357, 'hit@40': 0.1554, 'ndcg@40': 0.0487} 
2024-10-09 18:53:59.234 | INFO     | trainer_1:_train_one_epoch:193 - epoch 15 6.68s Train loss is [0.4315] 
2024-10-09 18:54:07.724 | INFO     | trainer_1:_train_one_epoch:201 - validate 15 cost time 8.49s, result: {'hit@1': 0.0112, 'ndcg@1': 0.0112, 'hit@5': 0.0469, 'ndcg@5': 0.0288, 'hit@10': 0.079, 'ndcg@10': 0.0391, 'hit@15': 0.1059, 'ndcg@15': 0.0462, 'hit@20': 0.1313, 'ndcg@20': 0.0522, 'hit@40': 0.2101, 'ndcg@40': 0.0682} 
2024-10-09 18:54:15.318 | INFO     | trainer_1:_train_one_epoch:209 - test 15 cost time 7.59s, result: {'hit@1': 0.0082, 'ndcg@1': 0.0082, 'hit@5': 0.0297, 'ndcg@5': 0.0188, 'hit@10': 0.0504, 'ndcg@10': 0.0254, 'hit@15': 0.0697, 'ndcg@15': 0.0305, 'hit@20': 0.0874, 'ndcg@20': 0.0347, 'hit@40': 0.1489, 'ndcg@40': 0.0473} 
2024-10-09 18:54:22.526 | INFO     | trainer_1:_train_one_epoch:193 - epoch 16 7.21s Train loss is [0.4114] 
2024-10-09 18:54:30.198 | INFO     | trainer_1:_train_one_epoch:201 - validate 16 cost time 7.67s, result: {'hit@1': 0.0129, 'ndcg@1': 0.0129, 'hit@5': 0.0518, 'ndcg@5': 0.032, 'hit@10': 0.0837, 'ndcg@10': 0.0422, 'hit@15': 0.113, 'ndcg@15': 0.0499, 'hit@20': 0.1389, 'ndcg@20': 0.056, 'hit@40': 0.2203, 'ndcg@40': 0.0725} 
2024-10-09 18:54:37.822 | INFO     | trainer_1:_train_one_epoch:209 - test 16 cost time 7.62s, result: {'hit@1': 0.0096, 'ndcg@1': 0.0096, 'hit@5': 0.0338, 'ndcg@5': 0.0215, 'hit@10': 0.0579, 'ndcg@10': 0.0291, 'hit@15': 0.0771, 'ndcg@15': 0.0342, 'hit@20': 0.0935, 'ndcg@20': 0.0381, 'hit@40': 0.1579, 'ndcg@40': 0.0512} 
2024-10-09 18:54:55.262 | INFO     | trainer_1:_train_one_epoch:193 - epoch 17 6.69s Train loss is [0.4124] 
2024-10-09 18:55:04.367 | INFO     | trainer_1:_train_one_epoch:201 - validate 17 cost time 9.10s, result: {'hit@1': 0.013, 'ndcg@1': 0.013, 'hit@5': 0.0508, 'ndcg@5': 0.0317, 'hit@10': 0.0874, 'ndcg@10': 0.0435, 'hit@15': 0.1189, 'ndcg@15': 0.0518, 'hit@20': 0.1464, 'ndcg@20': 0.0582, 'hit@40': 0.2314, 'ndcg@40': 0.0755} 
2024-10-09 18:55:13.269 | INFO     | trainer_1:_train_one_epoch:209 - test 17 cost time 8.90s, result: {'hit@1': 0.0087, 'ndcg@1': 0.0087, 'hit@5': 0.0354, 'ndcg@5': 0.0221, 'hit@10': 0.0601, 'ndcg@10': 0.03, 'hit@15': 0.0806, 'ndcg@15': 0.0354, 'hit@20': 0.0996, 'ndcg@20': 0.0398, 'hit@40': 0.1659, 'ndcg@40': 0.0533} 
2024-10-09 18:55:31.517 | INFO     | trainer_1:_train_one_epoch:193 - epoch 18 7.44s Train loss is [0.4031] 
2024-10-09 18:55:40.611 | INFO     | trainer_1:_train_one_epoch:201 - validate 18 cost time 9.09s, result: {'hit@1': 0.0129, 'ndcg@1': 0.0129, 'hit@5': 0.0508, 'ndcg@5': 0.032, 'hit@10': 0.0857, 'ndcg@10': 0.0431, 'hit@15': 0.1139, 'ndcg@15': 0.0505, 'hit@20': 0.14, 'ndcg@20': 0.0567, 'hit@40': 0.2239, 'ndcg@40': 0.0738} 
2024-10-09 18:55:49.498 | INFO     | trainer_1:_train_one_epoch:209 - test 18 cost time 8.89s, result: {'hit@1': 0.0093, 'ndcg@1': 0.0093, 'hit@5': 0.0346, 'ndcg@5': 0.0219, 'hit@10': 0.0581, 'ndcg@10': 0.0294, 'hit@15': 0.0787, 'ndcg@15': 0.0349, 'hit@20': 0.0975, 'ndcg@20': 0.0393, 'hit@40': 0.163, 'ndcg@40': 0.0526} 
2024-10-09 18:55:56.684 | INFO     | trainer_1:_train_one_epoch:193 - epoch 19 7.19s Train loss is [0.4024] 
2024-10-09 18:56:03.701 | INFO     | trainer_1:_train_one_epoch:201 - validate 19 cost time 7.02s, result: {'hit@1': 0.0134, 'ndcg@1': 0.0134, 'hit@5': 0.0484, 'ndcg@5': 0.0309, 'hit@10': 0.0816, 'ndcg@10': 0.0416, 'hit@15': 0.1108, 'ndcg@15': 0.0493, 'hit@20': 0.1386, 'ndcg@20': 0.0558, 'hit@40': 0.2218, 'ndcg@40': 0.0728} 
2024-10-09 18:56:11.612 | INFO     | trainer_1:_train_one_epoch:209 - test 19 cost time 7.91s, result: {'hit@1': 0.0093, 'ndcg@1': 0.0093, 'hit@5': 0.0326, 'ndcg@5': 0.0207, 'hit@10': 0.0568, 'ndcg@10': 0.0285, 'hit@15': 0.0775, 'ndcg@15': 0.034, 'hit@20': 0.0962, 'ndcg@20': 0.0383, 'hit@40': 0.1583, 'ndcg@40': 0.051} 
2024-10-09 18:56:18.375 | INFO     | trainer_1:_train_one_epoch:193 - epoch 20 6.76s Train loss is [0.4034] 
2024-10-09 18:56:27.336 | INFO     | trainer_1:_train_one_epoch:201 - validate 20 cost time 8.96s, result: {'hit@1': 0.014, 'ndcg@1': 0.014, 'hit@5': 0.05, 'ndcg@5': 0.0323, 'hit@10': 0.0841, 'ndcg@10': 0.0432, 'hit@15': 0.1124, 'ndcg@15': 0.0507, 'hit@20': 0.1389, 'ndcg@20': 0.057, 'hit@40': 0.229, 'ndcg@40': 0.0753} 
2024-10-09 18:56:34.539 | INFO     | trainer_1:_train_one_epoch:209 - test 20 cost time 7.20s, result: {'hit@1': 0.0092, 'ndcg@1': 0.0092, 'hit@5': 0.0355, 'ndcg@5': 0.0224, 'hit@10': 0.0598, 'ndcg@10': 0.0302, 'hit@15': 0.0814, 'ndcg@15': 0.0359, 'hit@20': 0.1004, 'ndcg@20': 0.0403, 'hit@40': 0.1661, 'ndcg@40': 0.0537} 
2024-10-09 18:56:41.206 | INFO     | trainer_1:_train_one_epoch:193 - epoch 21 6.67s Train loss is [0.3927] 
2024-10-09 18:56:48.137 | INFO     | trainer_1:_train_one_epoch:201 - validate 21 cost time 6.93s, result: {'hit@1': 0.013, 'ndcg@1': 0.013, 'hit@5': 0.0507, 'ndcg@5': 0.0321, 'hit@10': 0.081, 'ndcg@10': 0.0418, 'hit@15': 0.1123, 'ndcg@15': 0.0501, 'hit@20': 0.1367, 'ndcg@20': 0.0558, 'hit@40': 0.2228, 'ndcg@40': 0.0733} 
2024-10-09 18:56:55.394 | INFO     | trainer_1:_train_one_epoch:209 - test 21 cost time 7.26s, result: {'hit@1': 0.0097, 'ndcg@1': 0.0097, 'hit@5': 0.035, 'ndcg@5': 0.0223, 'hit@10': 0.0584, 'ndcg@10': 0.0298, 'hit@15': 0.0779, 'ndcg@15': 0.035, 'hit@20': 0.0968, 'ndcg@20': 0.0395, 'hit@40': 0.1598, 'ndcg@40': 0.0523} 
2024-10-09 18:57:01.913 | INFO     | trainer_1:_train_one_epoch:193 - epoch 22 6.52s Train loss is [0.4016] 
2024-10-09 18:57:09.647 | INFO     | trainer_1:_train_one_epoch:201 - validate 22 cost time 7.73s, result: {'hit@1': 0.0135, 'ndcg@1': 0.0135, 'hit@5': 0.0522, 'ndcg@5': 0.0329, 'hit@10': 0.0845, 'ndcg@10': 0.0432, 'hit@15': 0.1147, 'ndcg@15': 0.0512, 'hit@20': 0.1384, 'ndcg@20': 0.0568, 'hit@40': 0.2231, 'ndcg@40': 0.074} 
2024-10-09 18:57:17.119 | INFO     | trainer_1:_train_one_epoch:209 - test 22 cost time 7.47s, result: {'hit@1': 0.0087, 'ndcg@1': 0.0087, 'hit@5': 0.0346, 'ndcg@5': 0.0216, 'hit@10': 0.0583, 'ndcg@10': 0.0292, 'hit@15': 0.0776, 'ndcg@15': 0.0343, 'hit@20': 0.0962, 'ndcg@20': 0.0387, 'hit@40': 0.1585, 'ndcg@40': 0.0514} 
2024-10-09 18:57:17.129 | INFO     | trainer_1:train_model:163 - training end, best iteration 17, results: {'hit@1': 0.013, 'ndcg@1': 0.013, 'hit@5': 0.0508, 'ndcg@5': 0.0317, 'hit@10': 0.0874, 'ndcg@10': 0.0435, 'hit@15': 0.1189, 'ndcg@15': 0.0518, 'hit@20': 0.1464, 'ndcg@20': 0.0582, 'hit@40': 0.2314, 'ndcg@40': 0.0755}
2024-10-09 18:57:17.130 | INFO     | trainer_1:train_model:166 - final test result is:  {'hit@1': 0.0087, 'ndcg@1': 0.0087, 'hit@5': 0.0354, 'ndcg@5': 0.0221, 'hit@10': 0.0601, 'ndcg@10': 0.03, 'hit@15': 0.0806, 'ndcg@15': 0.0354, 'hit@20': 0.0996, 'ndcg@20': 0.0398, 'hit@40': 0.1659, 'ndcg@40': 0.0533}
2024-10-09 18:57:17.421 | INFO     | __main__:<module>:119 - train end total cost time: 1397.5895042419434
