2024-10-10 00:47:18.038 | INFO     | __main__:<module>:105 - Namespace(TIME='2024-10-10 00_46_45', batch_size=1024, behaviors=['view', 'cart', 'buy'], check_point='model_pre_1_2024-10-08 12_13_12.pth', data_name='beibei', data_path='./data/beibei', decay=0.001, device='cuda:1', dim_qk=32, dim_v=64, distill_layers=2, distill_thres=0.5, distill_topK=60, distill_userK=10, embedding_size=64, epochs=100, gpu_no=1, if_load_model=True, ii_lambda=200, initializer_range=0.02, layers=2, loss_type='bpr', lr=0.001, message_dropout=0.25, metrics=['hit', 'ndcg'], min_epoch=5, model_name='main_1', model_path='./check_point', node_dropout=0.75, omega=1, pt_loop=50, reg_weight=0.001, test_batch_size=1024, testbatch=1024, topk=[1, 5, 10, 15, 20, 40], uu_lambda=100)
2024-10-10 00:47:18.039 | INFO     | __main__:<module>:106 - BIPN(
  (message_dropout): Dropout(p=0.25, inplace=False)
  (user_embedding): Embedding(21717, 64, padding_idx=0)
  (item_embedding): Embedding(7978, 64, padding_idx=0)
  (global_Graph): LightGCN()
  (Graph_encoder): ModuleDict(
    (view): GraphEncoder(
      (light): LightGCN()
      (dropout): Dropout(p=0.75, inplace=False)
    )
    (cart): GraphEncoder(
      (light): LightGCN()
      (dropout): Dropout(p=0.75, inplace=False)
    )
    (buy): GraphEncoder(
      (light): LightGCN()
      (dropout): Dropout(p=0.75, inplace=False)
    )
  )
  (attention): Mutual_Attention()
  (bpr_loss): BPRLoss()
  (emb_loss): EmbLoss()
  (f): Sigmoid()
)
2024-10-10 01:08:28.640 | INFO     | trainer_1:_train_one_epoch:193 - epoch 1 8.63s Train loss is [0.9199] 
2024-10-10 01:08:33.812 | INFO     | trainer_1:_train_one_epoch:201 - validate 1 cost time 5.17s, result: {'hit@1': 0.0079, 'ndcg@1': 0.0079, 'hit@5': 0.0297, 'ndcg@5': 0.0187, 'hit@10': 0.0508, 'ndcg@10': 0.0254, 'hit@15': 0.0689, 'ndcg@15': 0.0302, 'hit@20': 0.0859, 'ndcg@20': 0.0342, 'hit@40': 0.1475, 'ndcg@40': 0.0467} 
2024-10-10 01:08:38.821 | INFO     | trainer_1:_train_one_epoch:209 - test 1 cost time 5.01s, result: {'hit@1': 0.0042, 'ndcg@1': 0.0042, 'hit@5': 0.0191, 'ndcg@5': 0.0115, 'hit@10': 0.0361, 'ndcg@10': 0.017, 'hit@15': 0.0494, 'ndcg@15': 0.0205, 'hit@20': 0.0626, 'ndcg@20': 0.0236, 'hit@40': 0.1073, 'ndcg@40': 0.0327} 
2024-10-10 01:08:58.052 | INFO     | trainer_1:_train_one_epoch:193 - epoch 2 8.25s Train loss is [0.6974] 
2024-10-10 01:09:03.180 | INFO     | trainer_1:_train_one_epoch:201 - validate 2 cost time 5.13s, result: {'hit@1': 0.0082, 'ndcg@1': 0.0082, 'hit@5': 0.0328, 'ndcg@5': 0.0204, 'hit@10': 0.058, 'ndcg@10': 0.0285, 'hit@15': 0.078, 'ndcg@15': 0.0337, 'hit@20': 0.0959, 'ndcg@20': 0.038, 'hit@40': 0.1599, 'ndcg@40': 0.051} 
2024-10-10 01:09:08.157 | INFO     | trainer_1:_train_one_epoch:209 - test 2 cost time 4.98s, result: {'hit@1': 0.0042, 'ndcg@1': 0.0042, 'hit@5': 0.0198, 'ndcg@5': 0.0119, 'hit@10': 0.0355, 'ndcg@10': 0.0169, 'hit@15': 0.0517, 'ndcg@15': 0.0212, 'hit@20': 0.0657, 'ndcg@20': 0.0245, 'hit@40': 0.1138, 'ndcg@40': 0.0343} 
2024-10-10 01:09:16.346 | INFO     | trainer_1:_train_one_epoch:193 - epoch 3 8.19s Train loss is [0.6210] 
2024-10-10 01:09:21.472 | INFO     | trainer_1:_train_one_epoch:201 - validate 3 cost time 5.13s, result: {'hit@1': 0.0093, 'ndcg@1': 0.0093, 'hit@5': 0.0367, 'ndcg@5': 0.0229, 'hit@10': 0.0635, 'ndcg@10': 0.0315, 'hit@15': 0.0891, 'ndcg@15': 0.0382, 'hit@20': 0.1128, 'ndcg@20': 0.0438, 'hit@40': 0.1859, 'ndcg@40': 0.0587} 
2024-10-10 01:09:26.452 | INFO     | trainer_1:_train_one_epoch:209 - test 3 cost time 4.98s, result: {'hit@1': 0.0055, 'ndcg@1': 0.0055, 'hit@5': 0.0232, 'ndcg@5': 0.0142, 'hit@10': 0.0427, 'ndcg@10': 0.0204, 'hit@15': 0.0602, 'ndcg@15': 0.025, 'hit@20': 0.0771, 'ndcg@20': 0.029, 'hit@40': 0.1346, 'ndcg@40': 0.0407} 
2024-10-10 01:09:45.369 | INFO     | trainer_1:_train_one_epoch:193 - epoch 4 8.42s Train loss is [0.5887] 
2024-10-10 01:09:50.484 | INFO     | trainer_1:_train_one_epoch:201 - validate 4 cost time 5.11s, result: {'hit@1': 0.0108, 'ndcg@1': 0.0108, 'hit@5': 0.043, 'ndcg@5': 0.0267, 'hit@10': 0.0713, 'ndcg@10': 0.0358, 'hit@15': 0.0961, 'ndcg@15': 0.0423, 'hit@20': 0.1183, 'ndcg@20': 0.0475, 'hit@40': 0.1866, 'ndcg@40': 0.0615} 
2024-10-10 01:09:55.429 | INFO     | trainer_1:_train_one_epoch:209 - test 4 cost time 4.94s, result: {'hit@1': 0.006, 'ndcg@1': 0.006, 'hit@5': 0.0228, 'ndcg@5': 0.0144, 'hit@10': 0.0424, 'ndcg@10': 0.0206, 'hit@15': 0.0604, 'ndcg@15': 0.0254, 'hit@20': 0.0757, 'ndcg@20': 0.029, 'hit@40': 0.1273, 'ndcg@40': 0.0395} 
2024-10-10 01:10:03.645 | INFO     | trainer_1:_train_one_epoch:193 - epoch 5 8.22s Train loss is [0.5523] 
2024-10-10 01:10:08.749 | INFO     | trainer_1:_train_one_epoch:201 - validate 5 cost time 5.10s, result: {'hit@1': 0.0122, 'ndcg@1': 0.0122, 'hit@5': 0.0426, 'ndcg@5': 0.0273, 'hit@10': 0.0738, 'ndcg@10': 0.0374, 'hit@15': 0.0994, 'ndcg@15': 0.0441, 'hit@20': 0.1233, 'ndcg@20': 0.0497, 'hit@40': 0.1952, 'ndcg@40': 0.0644} 
2024-10-10 01:10:13.715 | INFO     | trainer_1:_train_one_epoch:209 - test 5 cost time 4.97s, result: {'hit@1': 0.0072, 'ndcg@1': 0.0072, 'hit@5': 0.0247, 'ndcg@5': 0.0157, 'hit@10': 0.0444, 'ndcg@10': 0.0221, 'hit@15': 0.0621, 'ndcg@15': 0.0268, 'hit@20': 0.0775, 'ndcg@20': 0.0304, 'hit@40': 0.132, 'ndcg@40': 0.0415} 
2024-10-10 01:10:32.398 | INFO     | trainer_1:_train_one_epoch:193 - epoch 6 8.25s Train loss is [0.5374] 
2024-10-10 01:10:37.476 | INFO     | trainer_1:_train_one_epoch:201 - validate 6 cost time 5.08s, result: {'hit@1': 0.0132, 'ndcg@1': 0.0132, 'hit@5': 0.0449, 'ndcg@5': 0.0288, 'hit@10': 0.0746, 'ndcg@10': 0.0383, 'hit@15': 0.1021, 'ndcg@15': 0.0455, 'hit@20': 0.1252, 'ndcg@20': 0.051, 'hit@40': 0.201, 'ndcg@40': 0.0664} 
2024-10-10 01:10:42.415 | INFO     | trainer_1:_train_one_epoch:209 - test 6 cost time 4.94s, result: {'hit@1': 0.0064, 'ndcg@1': 0.0064, 'hit@5': 0.028, 'ndcg@5': 0.0172, 'hit@10': 0.0472, 'ndcg@10': 0.0234, 'hit@15': 0.0654, 'ndcg@15': 0.0281, 'hit@20': 0.0831, 'ndcg@20': 0.0323, 'hit@40': 0.1386, 'ndcg@40': 0.0436} 
2024-10-10 01:11:01.519 | INFO     | trainer_1:_train_one_epoch:193 - epoch 7 8.81s Train loss is [0.5047] 
2024-10-10 01:11:06.695 | INFO     | trainer_1:_train_one_epoch:201 - validate 7 cost time 5.18s, result: {'hit@1': 0.0114, 'ndcg@1': 0.0114, 'hit@5': 0.0403, 'ndcg@5': 0.0256, 'hit@10': 0.0702, 'ndcg@10': 0.0352, 'hit@15': 0.0964, 'ndcg@15': 0.0421, 'hit@20': 0.1197, 'ndcg@20': 0.0476, 'hit@40': 0.1965, 'ndcg@40': 0.0632} 
2024-10-10 01:11:11.650 | INFO     | trainer_1:_train_one_epoch:209 - test 7 cost time 4.96s, result: {'hit@1': 0.0058, 'ndcg@1': 0.0058, 'hit@5': 0.0242, 'ndcg@5': 0.0148, 'hit@10': 0.045, 'ndcg@10': 0.0215, 'hit@15': 0.0619, 'ndcg@15': 0.0259, 'hit@20': 0.0789, 'ndcg@20': 0.03, 'hit@40': 0.1382, 'ndcg@40': 0.042} 
2024-10-10 01:11:20.026 | INFO     | trainer_1:_train_one_epoch:193 - epoch 8 8.38s Train loss is [0.5038] 
2024-10-10 01:11:25.079 | INFO     | trainer_1:_train_one_epoch:201 - validate 8 cost time 5.05s, result: {'hit@1': 0.0117, 'ndcg@1': 0.0117, 'hit@5': 0.041, 'ndcg@5': 0.0262, 'hit@10': 0.0733, 'ndcg@10': 0.0367, 'hit@15': 0.1003, 'ndcg@15': 0.0438, 'hit@20': 0.1247, 'ndcg@20': 0.0495, 'hit@40': 0.2001, 'ndcg@40': 0.0649} 
2024-10-10 01:11:29.989 | INFO     | trainer_1:_train_one_epoch:209 - test 8 cost time 4.91s, result: {'hit@1': 0.0075, 'ndcg@1': 0.0075, 'hit@5': 0.0255, 'ndcg@5': 0.0163, 'hit@10': 0.0447, 'ndcg@10': 0.0224, 'hit@15': 0.0637, 'ndcg@15': 0.0274, 'hit@20': 0.0816, 'ndcg@20': 0.0316, 'hit@40': 0.1399, 'ndcg@40': 0.0435} 
2024-10-10 01:11:38.222 | INFO     | trainer_1:_train_one_epoch:193 - epoch 9 8.23s Train loss is [0.4793] 
2024-10-10 01:11:43.267 | INFO     | trainer_1:_train_one_epoch:201 - validate 9 cost time 5.05s, result: {'hit@1': 0.0106, 'ndcg@1': 0.0106, 'hit@5': 0.0431, 'ndcg@5': 0.0268, 'hit@10': 0.0743, 'ndcg@10': 0.0369, 'hit@15': 0.1007, 'ndcg@15': 0.0438, 'hit@20': 0.1253, 'ndcg@20': 0.0496, 'hit@40': 0.2031, 'ndcg@40': 0.0655} 
2024-10-10 01:11:48.205 | INFO     | trainer_1:_train_one_epoch:209 - test 9 cost time 4.94s, result: {'hit@1': 0.007, 'ndcg@1': 0.007, 'hit@5': 0.0261, 'ndcg@5': 0.0164, 'hit@10': 0.0451, 'ndcg@10': 0.0225, 'hit@15': 0.0633, 'ndcg@15': 0.0273, 'hit@20': 0.0816, 'ndcg@20': 0.0316, 'hit@40': 0.1398, 'ndcg@40': 0.0434} 
2024-10-10 01:11:57.302 | INFO     | trainer_1:_train_one_epoch:193 - epoch 10 9.10s Train loss is [0.4701] 
2024-10-10 01:12:02.448 | INFO     | trainer_1:_train_one_epoch:201 - validate 10 cost time 5.14s, result: {'hit@1': 0.011, 'ndcg@1': 0.011, 'hit@5': 0.044, 'ndcg@5': 0.0274, 'hit@10': 0.0759, 'ndcg@10': 0.0376, 'hit@15': 0.1038, 'ndcg@15': 0.0449, 'hit@20': 0.1287, 'ndcg@20': 0.0508, 'hit@40': 0.2069, 'ndcg@40': 0.0668} 
2024-10-10 01:12:07.362 | INFO     | trainer_1:_train_one_epoch:209 - test 10 cost time 4.91s, result: {'hit@1': 0.0061, 'ndcg@1': 0.0061, 'hit@5': 0.0266, 'ndcg@5': 0.0164, 'hit@10': 0.0474, 'ndcg@10': 0.023, 'hit@15': 0.066, 'ndcg@15': 0.0278, 'hit@20': 0.084, 'ndcg@20': 0.0321, 'hit@40': 0.1418, 'ndcg@40': 0.0438} 
2024-10-10 01:12:26.362 | INFO     | trainer_1:_train_one_epoch:193 - epoch 11 8.43s Train loss is [0.4548] 
2024-10-10 01:12:31.427 | INFO     | trainer_1:_train_one_epoch:201 - validate 11 cost time 5.07s, result: {'hit@1': 0.0103, 'ndcg@1': 0.0103, 'hit@5': 0.0402, 'ndcg@5': 0.0252, 'hit@10': 0.0717, 'ndcg@10': 0.0353, 'hit@15': 0.0996, 'ndcg@15': 0.0426, 'hit@20': 0.1238, 'ndcg@20': 0.0483, 'hit@40': 0.2007, 'ndcg@40': 0.064} 
2024-10-10 01:12:36.369 | INFO     | trainer_1:_train_one_epoch:209 - test 11 cost time 4.94s, result: {'hit@1': 0.0056, 'ndcg@1': 0.0056, 'hit@5': 0.0252, 'ndcg@5': 0.0153, 'hit@10': 0.0457, 'ndcg@10': 0.0218, 'hit@15': 0.0648, 'ndcg@15': 0.0269, 'hit@20': 0.0807, 'ndcg@20': 0.0306, 'hit@40': 0.1377, 'ndcg@40': 0.0422} 
2024-10-10 01:12:45.227 | INFO     | trainer_1:_train_one_epoch:193 - epoch 12 8.86s Train loss is [0.4617] 
2024-10-10 01:12:50.401 | INFO     | trainer_1:_train_one_epoch:201 - validate 12 cost time 5.17s, result: {'hit@1': 0.0111, 'ndcg@1': 0.0111, 'hit@5': 0.0413, 'ndcg@5': 0.026, 'hit@10': 0.0731, 'ndcg@10': 0.0362, 'hit@15': 0.099, 'ndcg@15': 0.043, 'hit@20': 0.1243, 'ndcg@20': 0.049, 'hit@40': 0.1981, 'ndcg@40': 0.0641} 
2024-10-10 01:12:55.324 | INFO     | trainer_1:_train_one_epoch:209 - test 12 cost time 4.92s, result: {'hit@1': 0.0061, 'ndcg@1': 0.0061, 'hit@5': 0.0254, 'ndcg@5': 0.0158, 'hit@10': 0.046, 'ndcg@10': 0.0225, 'hit@15': 0.0625, 'ndcg@15': 0.0268, 'hit@20': 0.0804, 'ndcg@20': 0.031, 'hit@40': 0.1384, 'ndcg@40': 0.0428} 
2024-10-10 01:13:03.674 | INFO     | trainer_1:_train_one_epoch:193 - epoch 13 8.35s Train loss is [0.4565] 
2024-10-10 01:13:08.756 | INFO     | trainer_1:_train_one_epoch:201 - validate 13 cost time 5.08s, result: {'hit@1': 0.0115, 'ndcg@1': 0.0115, 'hit@5': 0.0447, 'ndcg@5': 0.028, 'hit@10': 0.0798, 'ndcg@10': 0.0393, 'hit@15': 0.1092, 'ndcg@15': 0.047, 'hit@20': 0.1348, 'ndcg@20': 0.0531, 'hit@40': 0.2148, 'ndcg@40': 0.0694} 
2024-10-10 01:13:13.668 | INFO     | trainer_1:_train_one_epoch:209 - test 13 cost time 4.91s, result: {'hit@1': 0.0071, 'ndcg@1': 0.0071, 'hit@5': 0.0292, 'ndcg@5': 0.018, 'hit@10': 0.0503, 'ndcg@10': 0.0248, 'hit@15': 0.0691, 'ndcg@15': 0.0297, 'hit@20': 0.0875, 'ndcg@20': 0.0341, 'hit@40': 0.1494, 'ndcg@40': 0.0467} 
2024-10-10 01:13:33.319 | INFO     | trainer_1:_train_one_epoch:193 - epoch 14 9.13s Train loss is [0.4407] 
2024-10-10 01:13:38.498 | INFO     | trainer_1:_train_one_epoch:201 - validate 14 cost time 5.18s, result: {'hit@1': 0.0125, 'ndcg@1': 0.0125, 'hit@5': 0.0476, 'ndcg@5': 0.0301, 'hit@10': 0.0804, 'ndcg@10': 0.0406, 'hit@15': 0.1101, 'ndcg@15': 0.0485, 'hit@20': 0.1371, 'ndcg@20': 0.0549, 'hit@40': 0.2218, 'ndcg@40': 0.0721} 
2024-10-10 01:13:43.422 | INFO     | trainer_1:_train_one_epoch:209 - test 14 cost time 4.92s, result: {'hit@1': 0.0069, 'ndcg@1': 0.0069, 'hit@5': 0.03, 'ndcg@5': 0.0184, 'hit@10': 0.0521, 'ndcg@10': 0.0255, 'hit@15': 0.0722, 'ndcg@15': 0.0308, 'hit@20': 0.0918, 'ndcg@20': 0.0354, 'hit@40': 0.1539, 'ndcg@40': 0.048} 
2024-10-10 01:14:02.749 | INFO     | trainer_1:_train_one_epoch:193 - epoch 15 8.39s Train loss is [0.4411] 
2024-10-10 01:14:07.811 | INFO     | trainer_1:_train_one_epoch:201 - validate 15 cost time 5.06s, result: {'hit@1': 0.0116, 'ndcg@1': 0.0116, 'hit@5': 0.0447, 'ndcg@5': 0.0278, 'hit@10': 0.0749, 'ndcg@10': 0.0375, 'hit@15': 0.1024, 'ndcg@15': 0.0447, 'hit@20': 0.127, 'ndcg@20': 0.0505, 'hit@40': 0.2076, 'ndcg@40': 0.067} 
2024-10-10 01:14:12.724 | INFO     | trainer_1:_train_one_epoch:209 - test 15 cost time 4.91s, result: {'hit@1': 0.0072, 'ndcg@1': 0.0072, 'hit@5': 0.0285, 'ndcg@5': 0.0176, 'hit@10': 0.0478, 'ndcg@10': 0.0238, 'hit@15': 0.0659, 'ndcg@15': 0.0286, 'hit@20': 0.0844, 'ndcg@20': 0.0329, 'hit@40': 0.145, 'ndcg@40': 0.0453} 
2024-10-10 01:14:21.848 | INFO     | trainer_1:_train_one_epoch:193 - epoch 16 9.12s Train loss is [0.4197] 
2024-10-10 01:14:26.999 | INFO     | trainer_1:_train_one_epoch:201 - validate 16 cost time 5.15s, result: {'hit@1': 0.0121, 'ndcg@1': 0.0121, 'hit@5': 0.048, 'ndcg@5': 0.0297, 'hit@10': 0.0793, 'ndcg@10': 0.0398, 'hit@15': 0.1072, 'ndcg@15': 0.0471, 'hit@20': 0.1324, 'ndcg@20': 0.0531, 'hit@40': 0.2127, 'ndcg@40': 0.0694} 
2024-10-10 01:14:31.936 | INFO     | trainer_1:_train_one_epoch:209 - test 16 cost time 4.94s, result: {'hit@1': 0.0085, 'ndcg@1': 0.0085, 'hit@5': 0.0311, 'ndcg@5': 0.0196, 'hit@10': 0.0548, 'ndcg@10': 0.0272, 'hit@15': 0.0728, 'ndcg@15': 0.0319, 'hit@20': 0.0903, 'ndcg@20': 0.036, 'hit@40': 0.1501, 'ndcg@40': 0.0482} 
2024-10-10 01:14:51.057 | INFO     | trainer_1:_train_one_epoch:193 - epoch 17 8.37s Train loss is [0.4203] 
2024-10-10 01:14:56.102 | INFO     | trainer_1:_train_one_epoch:201 - validate 17 cost time 5.04s, result: {'hit@1': 0.0128, 'ndcg@1': 0.0128, 'hit@5': 0.0477, 'ndcg@5': 0.0301, 'hit@10': 0.083, 'ndcg@10': 0.0414, 'hit@15': 0.1139, 'ndcg@15': 0.0495, 'hit@20': 0.1399, 'ndcg@20': 0.0557, 'hit@40': 0.2248, 'ndcg@40': 0.073} 
2024-10-10 01:15:01.025 | INFO     | trainer_1:_train_one_epoch:209 - test 17 cost time 4.92s, result: {'hit@1': 0.0087, 'ndcg@1': 0.0087, 'hit@5': 0.0326, 'ndcg@5': 0.0205, 'hit@10': 0.0551, 'ndcg@10': 0.0277, 'hit@15': 0.0763, 'ndcg@15': 0.0333, 'hit@20': 0.0948, 'ndcg@20': 0.0377, 'hit@40': 0.1613, 'ndcg@40': 0.0512} 
2024-10-10 01:15:20.120 | INFO     | trainer_1:_train_one_epoch:193 - epoch 18 8.52s Train loss is [0.4118] 
2024-10-10 01:15:25.174 | INFO     | trainer_1:_train_one_epoch:201 - validate 18 cost time 5.05s, result: {'hit@1': 0.0121, 'ndcg@1': 0.0121, 'hit@5': 0.047, 'ndcg@5': 0.0296, 'hit@10': 0.0817, 'ndcg@10': 0.0407, 'hit@15': 0.1109, 'ndcg@15': 0.0484, 'hit@20': 0.1348, 'ndcg@20': 0.054, 'hit@40': 0.2192, 'ndcg@40': 0.0712} 
2024-10-10 01:15:30.070 | INFO     | trainer_1:_train_one_epoch:209 - test 18 cost time 4.90s, result: {'hit@1': 0.0074, 'ndcg@1': 0.0074, 'hit@5': 0.0319, 'ndcg@5': 0.0196, 'hit@10': 0.0552, 'ndcg@10': 0.027, 'hit@15': 0.0749, 'ndcg@15': 0.0322, 'hit@20': 0.0932, 'ndcg@20': 0.0366, 'hit@40': 0.1561, 'ndcg@40': 0.0493} 
2024-10-10 01:15:49.560 | INFO     | trainer_1:_train_one_epoch:193 - epoch 19 8.66s Train loss is [0.4094] 
2024-10-10 01:15:54.747 | INFO     | trainer_1:_train_one_epoch:201 - validate 19 cost time 5.19s, result: {'hit@1': 0.012, 'ndcg@1': 0.012, 'hit@5': 0.0449, 'ndcg@5': 0.0284, 'hit@10': 0.0768, 'ndcg@10': 0.0386, 'hit@15': 0.1048, 'ndcg@15': 0.046, 'hit@20': 0.1321, 'ndcg@20': 0.0524, 'hit@40': 0.2145, 'ndcg@40': 0.0692} 
2024-10-10 01:15:59.686 | INFO     | trainer_1:_train_one_epoch:209 - test 19 cost time 4.94s, result: {'hit@1': 0.0079, 'ndcg@1': 0.0079, 'hit@5': 0.0297, 'ndcg@5': 0.0189, 'hit@10': 0.0528, 'ndcg@10': 0.0262, 'hit@15': 0.0737, 'ndcg@15': 0.0317, 'hit@20': 0.0909, 'ndcg@20': 0.0358, 'hit@40': 0.1528, 'ndcg@40': 0.0484} 
2024-10-10 01:16:08.272 | INFO     | trainer_1:_train_one_epoch:193 - epoch 20 8.59s Train loss is [0.4114] 
2024-10-10 01:16:13.325 | INFO     | trainer_1:_train_one_epoch:201 - validate 20 cost time 5.05s, result: {'hit@1': 0.0126, 'ndcg@1': 0.0126, 'hit@5': 0.0482, 'ndcg@5': 0.0304, 'hit@10': 0.0793, 'ndcg@10': 0.0403, 'hit@15': 0.1082, 'ndcg@15': 0.048, 'hit@20': 0.1343, 'ndcg@20': 0.0541, 'hit@40': 0.2232, 'ndcg@40': 0.0722} 
2024-10-10 01:16:18.232 | INFO     | trainer_1:_train_one_epoch:209 - test 20 cost time 4.91s, result: {'hit@1': 0.0087, 'ndcg@1': 0.0087, 'hit@5': 0.0322, 'ndcg@5': 0.0205, 'hit@10': 0.056, 'ndcg@10': 0.0281, 'hit@15': 0.0778, 'ndcg@15': 0.0338, 'hit@20': 0.0962, 'ndcg@20': 0.0382, 'hit@40': 0.1639, 'ndcg@40': 0.0519} 
2024-10-10 01:16:37.463 | INFO     | trainer_1:_train_one_epoch:193 - epoch 21 8.49s Train loss is [0.4011] 
2024-10-10 01:16:42.647 | INFO     | trainer_1:_train_one_epoch:201 - validate 21 cost time 5.18s, result: {'hit@1': 0.0122, 'ndcg@1': 0.0122, 'hit@5': 0.0461, 'ndcg@5': 0.0293, 'hit@10': 0.0775, 'ndcg@10': 0.0393, 'hit@15': 0.1062, 'ndcg@15': 0.0469, 'hit@20': 0.1318, 'ndcg@20': 0.0529, 'hit@40': 0.2154, 'ndcg@40': 0.0699} 
2024-10-10 01:16:47.581 | INFO     | trainer_1:_train_one_epoch:209 - test 21 cost time 4.93s, result: {'hit@1': 0.0088, 'ndcg@1': 0.0088, 'hit@5': 0.0315, 'ndcg@5': 0.0201, 'hit@10': 0.0541, 'ndcg@10': 0.0273, 'hit@15': 0.0737, 'ndcg@15': 0.0325, 'hit@20': 0.0919, 'ndcg@20': 0.0368, 'hit@40': 0.1548, 'ndcg@40': 0.0496} 
2024-10-10 01:16:56.451 | INFO     | trainer_1:_train_one_epoch:193 - epoch 22 8.87s Train loss is [0.4084] 
2024-10-10 01:17:01.490 | INFO     | trainer_1:_train_one_epoch:201 - validate 22 cost time 5.04s, result: {'hit@1': 0.0129, 'ndcg@1': 0.0129, 'hit@5': 0.0483, 'ndcg@5': 0.0306, 'hit@10': 0.081, 'ndcg@10': 0.0411, 'hit@15': 0.1104, 'ndcg@15': 0.0488, 'hit@20': 0.1357, 'ndcg@20': 0.0548, 'hit@40': 0.217, 'ndcg@40': 0.0713} 
2024-10-10 01:17:06.385 | INFO     | trainer_1:_train_one_epoch:209 - test 22 cost time 4.89s, result: {'hit@1': 0.0079, 'ndcg@1': 0.0079, 'hit@5': 0.0315, 'ndcg@5': 0.0197, 'hit@10': 0.0535, 'ndcg@10': 0.0268, 'hit@15': 0.0742, 'ndcg@15': 0.0323, 'hit@20': 0.0916, 'ndcg@20': 0.0363, 'hit@40': 0.1545, 'ndcg@40': 0.0492} 
2024-10-10 01:17:14.707 | INFO     | trainer_1:_train_one_epoch:193 - epoch 23 8.32s Train loss is [0.3961] 
2024-10-10 01:17:19.780 | INFO     | trainer_1:_train_one_epoch:201 - validate 23 cost time 5.07s, result: {'hit@1': 0.0127, 'ndcg@1': 0.0127, 'hit@5': 0.0504, 'ndcg@5': 0.0316, 'hit@10': 0.0857, 'ndcg@10': 0.0429, 'hit@15': 0.1151, 'ndcg@15': 0.0507, 'hit@20': 0.1413, 'ndcg@20': 0.0569, 'hit@40': 0.2271, 'ndcg@40': 0.0743} 
2024-10-10 01:17:24.711 | INFO     | trainer_1:_train_one_epoch:209 - test 23 cost time 4.93s, result: {'hit@1': 0.0087, 'ndcg@1': 0.0087, 'hit@5': 0.0335, 'ndcg@5': 0.0209, 'hit@10': 0.0574, 'ndcg@10': 0.0286, 'hit@15': 0.0779, 'ndcg@15': 0.034, 'hit@20': 0.0967, 'ndcg@20': 0.0384, 'hit@40': 0.1611, 'ndcg@40': 0.0515} 
2024-10-10 01:17:43.797 | INFO     | trainer_1:_train_one_epoch:193 - epoch 24 8.37s Train loss is [0.3887] 
2024-10-10 01:17:48.867 | INFO     | trainer_1:_train_one_epoch:201 - validate 24 cost time 5.07s, result: {'hit@1': 0.0128, 'ndcg@1': 0.0128, 'hit@5': 0.0477, 'ndcg@5': 0.0304, 'hit@10': 0.0798, 'ndcg@10': 0.0407, 'hit@15': 0.1084, 'ndcg@15': 0.0482, 'hit@20': 0.1341, 'ndcg@20': 0.0543, 'hit@40': 0.2168, 'ndcg@40': 0.0711} 
2024-10-10 01:17:53.793 | INFO     | trainer_1:_train_one_epoch:209 - test 24 cost time 4.93s, result: {'hit@1': 0.0086, 'ndcg@1': 0.0086, 'hit@5': 0.0328, 'ndcg@5': 0.0206, 'hit@10': 0.054, 'ndcg@10': 0.0274, 'hit@15': 0.0744, 'ndcg@15': 0.0328, 'hit@20': 0.0926, 'ndcg@20': 0.037, 'hit@40': 0.1546, 'ndcg@40': 0.0497} 
2024-10-10 01:18:02.578 | INFO     | trainer_1:_train_one_epoch:193 - epoch 25 8.78s Train loss is [0.3835] 
2024-10-10 01:18:07.742 | INFO     | trainer_1:_train_one_epoch:201 - validate 25 cost time 5.16s, result: {'hit@1': 0.0141, 'ndcg@1': 0.0141, 'hit@5': 0.0513, 'ndcg@5': 0.0328, 'hit@10': 0.0863, 'ndcg@10': 0.044, 'hit@15': 0.1161, 'ndcg@15': 0.0519, 'hit@20': 0.1439, 'ndcg@20': 0.0585, 'hit@40': 0.2298, 'ndcg@40': 0.076} 
2024-10-10 01:18:12.682 | INFO     | trainer_1:_train_one_epoch:209 - test 25 cost time 4.94s, result: {'hit@1': 0.0097, 'ndcg@1': 0.0097, 'hit@5': 0.035, 'ndcg@5': 0.0223, 'hit@10': 0.058, 'ndcg@10': 0.0297, 'hit@15': 0.0787, 'ndcg@15': 0.0352, 'hit@20': 0.0997, 'ndcg@20': 0.0401, 'hit@40': 0.1661, 'ndcg@40': 0.0536} 
2024-10-10 01:18:31.703 | INFO     | trainer_1:_train_one_epoch:193 - epoch 26 8.32s Train loss is [0.3783] 
2024-10-10 01:18:36.768 | INFO     | trainer_1:_train_one_epoch:201 - validate 26 cost time 5.06s, result: {'hit@1': 0.014, 'ndcg@1': 0.014, 'hit@5': 0.0519, 'ndcg@5': 0.0331, 'hit@10': 0.0874, 'ndcg@10': 0.0444, 'hit@15': 0.1171, 'ndcg@15': 0.0523, 'hit@20': 0.1443, 'ndcg@20': 0.0587, 'hit@40': 0.227, 'ndcg@40': 0.0755} 
2024-10-10 01:18:41.714 | INFO     | trainer_1:_train_one_epoch:209 - test 26 cost time 4.95s, result: {'hit@1': 0.0092, 'ndcg@1': 0.0092, 'hit@5': 0.0338, 'ndcg@5': 0.0216, 'hit@10': 0.0571, 'ndcg@10': 0.029, 'hit@15': 0.0792, 'ndcg@15': 0.0349, 'hit@20': 0.0983, 'ndcg@20': 0.0394, 'hit@40': 0.1634, 'ndcg@40': 0.0526} 
2024-10-10 01:18:50.715 | INFO     | trainer_1:_train_one_epoch:193 - epoch 27 9.00s Train loss is [0.3762] 
2024-10-10 01:18:55.887 | INFO     | trainer_1:_train_one_epoch:201 - validate 27 cost time 5.17s, result: {'hit@1': 0.0154, 'ndcg@1': 0.0154, 'hit@5': 0.0549, 'ndcg@5': 0.0352, 'hit@10': 0.0881, 'ndcg@10': 0.0458, 'hit@15': 0.1198, 'ndcg@15': 0.0542, 'hit@20': 0.1474, 'ndcg@20': 0.0607, 'hit@40': 0.2308, 'ndcg@40': 0.0777} 
2024-10-10 01:19:00.804 | INFO     | trainer_1:_train_one_epoch:209 - test 27 cost time 4.92s, result: {'hit@1': 0.0099, 'ndcg@1': 0.0099, 'hit@5': 0.0351, 'ndcg@5': 0.0224, 'hit@10': 0.06, 'ndcg@10': 0.0304, 'hit@15': 0.0812, 'ndcg@15': 0.036, 'hit@20': 0.1014, 'ndcg@20': 0.0408, 'hit@40': 0.1684, 'ndcg@40': 0.0543} 
2024-10-10 01:19:19.870 | INFO     | trainer_1:_train_one_epoch:193 - epoch 28 8.37s Train loss is [0.3790] 
2024-10-10 01:19:24.933 | INFO     | trainer_1:_train_one_epoch:201 - validate 28 cost time 5.06s, result: {'hit@1': 0.0155, 'ndcg@1': 0.0155, 'hit@5': 0.054, 'ndcg@5': 0.0346, 'hit@10': 0.0909, 'ndcg@10': 0.0464, 'hit@15': 0.123, 'ndcg@15': 0.0549, 'hit@20': 0.1498, 'ndcg@20': 0.0612, 'hit@40': 0.2363, 'ndcg@40': 0.0788} 
2024-10-10 01:19:29.847 | INFO     | trainer_1:_train_one_epoch:209 - test 28 cost time 4.91s, result: {'hit@1': 0.0094, 'ndcg@1': 0.0094, 'hit@5': 0.0341, 'ndcg@5': 0.0218, 'hit@10': 0.0581, 'ndcg@10': 0.0295, 'hit@15': 0.0811, 'ndcg@15': 0.0356, 'hit@20': 0.1013, 'ndcg@20': 0.0403, 'hit@40': 0.1684, 'ndcg@40': 0.054} 
2024-10-10 01:19:38.905 | INFO     | trainer_1:_train_one_epoch:193 - epoch 29 9.06s Train loss is [0.3611] 
2024-10-10 01:19:44.054 | INFO     | trainer_1:_train_one_epoch:201 - validate 29 cost time 5.15s, result: {'hit@1': 0.0144, 'ndcg@1': 0.0144, 'hit@5': 0.0516, 'ndcg@5': 0.033, 'hit@10': 0.0859, 'ndcg@10': 0.0439, 'hit@15': 0.1153, 'ndcg@15': 0.0516, 'hit@20': 0.1415, 'ndcg@20': 0.0578, 'hit@40': 0.2232, 'ndcg@40': 0.0745} 
2024-10-10 01:19:48.975 | INFO     | trainer_1:_train_one_epoch:209 - test 29 cost time 4.92s, result: {'hit@1': 0.0095, 'ndcg@1': 0.0095, 'hit@5': 0.0331, 'ndcg@5': 0.0213, 'hit@10': 0.0569, 'ndcg@10': 0.0288, 'hit@15': 0.076, 'ndcg@15': 0.0339, 'hit@20': 0.0947, 'ndcg@20': 0.0383, 'hit@40': 0.1577, 'ndcg@40': 0.0511} 
2024-10-10 01:19:57.257 | INFO     | trainer_1:_train_one_epoch:193 - epoch 30 8.28s Train loss is [0.3637] 
2024-10-10 01:20:02.309 | INFO     | trainer_1:_train_one_epoch:201 - validate 30 cost time 5.05s, result: {'hit@1': 0.0138, 'ndcg@1': 0.0138, 'hit@5': 0.0508, 'ndcg@5': 0.0323, 'hit@10': 0.0822, 'ndcg@10': 0.0424, 'hit@15': 0.1129, 'ndcg@15': 0.0506, 'hit@20': 0.1387, 'ndcg@20': 0.0566, 'hit@40': 0.2253, 'ndcg@40': 0.0743} 
2024-10-10 01:20:07.203 | INFO     | trainer_1:_train_one_epoch:209 - test 30 cost time 4.89s, result: {'hit@1': 0.0089, 'ndcg@1': 0.0089, 'hit@5': 0.033, 'ndcg@5': 0.0208, 'hit@10': 0.0559, 'ndcg@10': 0.0282, 'hit@15': 0.0766, 'ndcg@15': 0.0337, 'hit@20': 0.0956, 'ndcg@20': 0.0382, 'hit@40': 0.1603, 'ndcg@40': 0.0513} 
2024-10-10 01:20:15.581 | INFO     | trainer_1:_train_one_epoch:193 - epoch 31 8.38s Train loss is [0.3549] 
2024-10-10 01:20:20.638 | INFO     | trainer_1:_train_one_epoch:201 - validate 31 cost time 5.06s, result: {'hit@1': 0.0137, 'ndcg@1': 0.0137, 'hit@5': 0.0528, 'ndcg@5': 0.0333, 'hit@10': 0.0887, 'ndcg@10': 0.0448, 'hit@15': 0.1191, 'ndcg@15': 0.0528, 'hit@20': 0.1464, 'ndcg@20': 0.0592, 'hit@40': 0.2358, 'ndcg@40': 0.0775} 
2024-10-10 01:20:25.565 | INFO     | trainer_1:_train_one_epoch:209 - test 31 cost time 4.93s, result: {'hit@1': 0.0092, 'ndcg@1': 0.0092, 'hit@5': 0.0348, 'ndcg@5': 0.0219, 'hit@10': 0.0605, 'ndcg@10': 0.0301, 'hit@15': 0.0816, 'ndcg@15': 0.0357, 'hit@20': 0.1016, 'ndcg@20': 0.0404, 'hit@40': 0.168, 'ndcg@40': 0.0539} 
2024-10-10 01:20:44.569 | INFO     | trainer_1:_train_one_epoch:193 - epoch 32 8.29s Train loss is [0.3547] 
2024-10-10 01:20:49.633 | INFO     | trainer_1:_train_one_epoch:201 - validate 32 cost time 5.06s, result: {'hit@1': 0.0157, 'ndcg@1': 0.0157, 'hit@5': 0.0559, 'ndcg@5': 0.0357, 'hit@10': 0.093, 'ndcg@10': 0.0476, 'hit@15': 0.1243, 'ndcg@15': 0.0559, 'hit@20': 0.1524, 'ndcg@20': 0.0626, 'hit@40': 0.2418, 'ndcg@40': 0.0807} 
2024-10-10 01:20:54.543 | INFO     | trainer_1:_train_one_epoch:209 - test 32 cost time 4.91s, result: {'hit@1': 0.0098, 'ndcg@1': 0.0098, 'hit@5': 0.0358, 'ndcg@5': 0.0226, 'hit@10': 0.0611, 'ndcg@10': 0.0306, 'hit@15': 0.0837, 'ndcg@15': 0.0366, 'hit@20': 0.1036, 'ndcg@20': 0.0413, 'hit@40': 0.1706, 'ndcg@40': 0.0549} 
2024-10-10 01:21:14.125 | INFO     | trainer_1:_train_one_epoch:193 - epoch 33 9.05s Train loss is [0.3503] 
2024-10-10 01:21:19.286 | INFO     | trainer_1:_train_one_epoch:201 - validate 33 cost time 5.16s, result: {'hit@1': 0.0149, 'ndcg@1': 0.0149, 'hit@5': 0.0546, 'ndcg@5': 0.035, 'hit@10': 0.0908, 'ndcg@10': 0.0466, 'hit@15': 0.1226, 'ndcg@15': 0.055, 'hit@20': 0.1472, 'ndcg@20': 0.0608, 'hit@40': 0.233, 'ndcg@40': 0.0782} 
2024-10-10 01:21:24.202 | INFO     | trainer_1:_train_one_epoch:209 - test 33 cost time 4.92s, result: {'hit@1': 0.0097, 'ndcg@1': 0.0097, 'hit@5': 0.0355, 'ndcg@5': 0.0225, 'hit@10': 0.0606, 'ndcg@10': 0.0305, 'hit@15': 0.082, 'ndcg@15': 0.0362, 'hit@20': 0.1023, 'ndcg@20': 0.041, 'hit@40': 0.1655, 'ndcg@40': 0.0539} 
2024-10-10 01:21:32.512 | INFO     | trainer_1:_train_one_epoch:193 - epoch 34 8.31s Train loss is [0.3413] 
2024-10-10 01:21:37.561 | INFO     | trainer_1:_train_one_epoch:201 - validate 34 cost time 5.05s, result: {'hit@1': 0.0139, 'ndcg@1': 0.0139, 'hit@5': 0.0539, 'ndcg@5': 0.0339, 'hit@10': 0.0896, 'ndcg@10': 0.0453, 'hit@15': 0.121, 'ndcg@15': 0.0536, 'hit@20': 0.1478, 'ndcg@20': 0.0599, 'hit@40': 0.236, 'ndcg@40': 0.0778} 
2024-10-10 01:21:42.469 | INFO     | trainer_1:_train_one_epoch:209 - test 34 cost time 4.91s, result: {'hit@1': 0.0098, 'ndcg@1': 0.0098, 'hit@5': 0.036, 'ndcg@5': 0.0227, 'hit@10': 0.061, 'ndcg@10': 0.0307, 'hit@15': 0.0833, 'ndcg@15': 0.0366, 'hit@20': 0.1031, 'ndcg@20': 0.0413, 'hit@40': 0.1675, 'ndcg@40': 0.0544} 
2024-10-10 01:21:50.689 | INFO     | trainer_1:_train_one_epoch:193 - epoch 35 8.22s Train loss is [0.3444] 
2024-10-10 01:21:55.828 | INFO     | trainer_1:_train_one_epoch:201 - validate 35 cost time 5.14s, result: {'hit@1': 0.0146, 'ndcg@1': 0.0146, 'hit@5': 0.0547, 'ndcg@5': 0.0348, 'hit@10': 0.0915, 'ndcg@10': 0.0466, 'hit@15': 0.1207, 'ndcg@15': 0.0544, 'hit@20': 0.147, 'ndcg@20': 0.0606, 'hit@40': 0.2308, 'ndcg@40': 0.0776} 
2024-10-10 01:22:00.764 | INFO     | trainer_1:_train_one_epoch:209 - test 35 cost time 4.94s, result: {'hit@1': 0.0094, 'ndcg@1': 0.0094, 'hit@5': 0.036, 'ndcg@5': 0.0226, 'hit@10': 0.0621, 'ndcg@10': 0.031, 'hit@15': 0.0828, 'ndcg@15': 0.0365, 'hit@20': 0.103, 'ndcg@20': 0.0412, 'hit@40': 0.1641, 'ndcg@40': 0.0536} 
2024-10-10 01:22:19.647 | INFO     | trainer_1:_train_one_epoch:193 - epoch 36 8.33s Train loss is [0.3416] 
2024-10-10 01:22:24.717 | INFO     | trainer_1:_train_one_epoch:201 - validate 36 cost time 5.07s, result: {'hit@1': 0.0145, 'ndcg@1': 0.0145, 'hit@5': 0.0549, 'ndcg@5': 0.0345, 'hit@10': 0.0929, 'ndcg@10': 0.0468, 'hit@15': 0.1238, 'ndcg@15': 0.0549, 'hit@20': 0.1527, 'ndcg@20': 0.0618, 'hit@40': 0.2442, 'ndcg@40': 0.0804} 
2024-10-10 01:22:29.638 | INFO     | trainer_1:_train_one_epoch:209 - test 36 cost time 4.92s, result: {'hit@1': 0.0098, 'ndcg@1': 0.0098, 'hit@5': 0.0355, 'ndcg@5': 0.0228, 'hit@10': 0.0624, 'ndcg@10': 0.0314, 'hit@15': 0.0846, 'ndcg@15': 0.0372, 'hit@20': 0.1045, 'ndcg@20': 0.0419, 'hit@40': 0.1713, 'ndcg@40': 0.0555} 
2024-10-10 01:22:49.719 | INFO     | trainer_1:_train_one_epoch:193 - epoch 37 8.95s Train loss is [0.3541] 
2024-10-10 01:22:54.864 | INFO     | trainer_1:_train_one_epoch:201 - validate 37 cost time 5.14s, result: {'hit@1': 0.0136, 'ndcg@1': 0.0136, 'hit@5': 0.0552, 'ndcg@5': 0.0344, 'hit@10': 0.0924, 'ndcg@10': 0.0463, 'hit@15': 0.1234, 'ndcg@15': 0.0545, 'hit@20': 0.1507, 'ndcg@20': 0.0609, 'hit@40': 0.2407, 'ndcg@40': 0.0793} 
2024-10-10 01:22:59.776 | INFO     | trainer_1:_train_one_epoch:209 - test 37 cost time 4.91s, result: {'hit@1': 0.009, 'ndcg@1': 0.009, 'hit@5': 0.0351, 'ndcg@5': 0.022, 'hit@10': 0.0608, 'ndcg@10': 0.0303, 'hit@15': 0.0839, 'ndcg@15': 0.0364, 'hit@20': 0.1035, 'ndcg@20': 0.041, 'hit@40': 0.1719, 'ndcg@40': 0.0549} 
2024-10-10 01:23:08.079 | INFO     | trainer_1:_train_one_epoch:193 - epoch 38 8.30s Train loss is [0.3601] 
2024-10-10 01:23:13.122 | INFO     | trainer_1:_train_one_epoch:201 - validate 38 cost time 5.04s, result: {'hit@1': 0.0147, 'ndcg@1': 0.0147, 'hit@5': 0.0553, 'ndcg@5': 0.0348, 'hit@10': 0.0932, 'ndcg@10': 0.0469, 'hit@15': 0.1234, 'ndcg@15': 0.0549, 'hit@20': 0.15, 'ndcg@20': 0.0612, 'hit@40': 0.2398, 'ndcg@40': 0.0794} 
2024-10-10 01:23:18.033 | INFO     | trainer_1:_train_one_epoch:209 - test 38 cost time 4.91s, result: {'hit@1': 0.0085, 'ndcg@1': 0.0085, 'hit@5': 0.0366, 'ndcg@5': 0.0224, 'hit@10': 0.0621, 'ndcg@10': 0.0306, 'hit@15': 0.0846, 'ndcg@15': 0.0365, 'hit@20': 0.1032, 'ndcg@20': 0.0409, 'hit@40': 0.1675, 'ndcg@40': 0.0539} 
2024-10-10 01:23:26.312 | INFO     | trainer_1:_train_one_epoch:193 - epoch 39 8.28s Train loss is [0.3664] 
2024-10-10 01:23:31.379 | INFO     | trainer_1:_train_one_epoch:201 - validate 39 cost time 5.07s, result: {'hit@1': 0.0148, 'ndcg@1': 0.0148, 'hit@5': 0.0577, 'ndcg@5': 0.0361, 'hit@10': 0.0973, 'ndcg@10': 0.0489, 'hit@15': 0.1276, 'ndcg@15': 0.0569, 'hit@20': 0.1572, 'ndcg@20': 0.0639, 'hit@40': 0.2504, 'ndcg@40': 0.0829} 
2024-10-10 01:23:36.325 | INFO     | trainer_1:_train_one_epoch:209 - test 39 cost time 4.95s, result: {'hit@1': 0.0089, 'ndcg@1': 0.0089, 'hit@5': 0.0368, 'ndcg@5': 0.0227, 'hit@10': 0.0635, 'ndcg@10': 0.0312, 'hit@15': 0.0853, 'ndcg@15': 0.037, 'hit@20': 0.1049, 'ndcg@20': 0.0416, 'hit@40': 0.1722, 'ndcg@40': 0.0553} 
2024-10-10 01:23:55.367 | INFO     | trainer_1:_train_one_epoch:193 - epoch 40 8.30s Train loss is [0.3601] 
2024-10-10 01:24:00.420 | INFO     | trainer_1:_train_one_epoch:201 - validate 40 cost time 5.05s, result: {'hit@1': 0.0156, 'ndcg@1': 0.0156, 'hit@5': 0.0584, 'ndcg@5': 0.0369, 'hit@10': 0.0964, 'ndcg@10': 0.0491, 'hit@15': 0.1268, 'ndcg@15': 0.0571, 'hit@20': 0.1569, 'ndcg@20': 0.0642, 'hit@40': 0.2498, 'ndcg@40': 0.0831} 
2024-10-10 01:24:05.328 | INFO     | trainer_1:_train_one_epoch:209 - test 40 cost time 4.91s, result: {'hit@1': 0.0086, 'ndcg@1': 0.0086, 'hit@5': 0.0379, 'ndcg@5': 0.0232, 'hit@10': 0.0643, 'ndcg@10': 0.0316, 'hit@15': 0.0873, 'ndcg@15': 0.0377, 'hit@20': 0.1066, 'ndcg@20': 0.0422, 'hit@40': 0.1737, 'ndcg@40': 0.0559} 
2024-10-10 01:24:24.706 | INFO     | trainer_1:_train_one_epoch:193 - epoch 41 8.92s Train loss is [0.3566] 
2024-10-10 01:24:29.884 | INFO     | trainer_1:_train_one_epoch:201 - validate 41 cost time 5.18s, result: {'hit@1': 0.0142, 'ndcg@1': 0.0142, 'hit@5': 0.0566, 'ndcg@5': 0.0354, 'hit@10': 0.094, 'ndcg@10': 0.0474, 'hit@15': 0.1264, 'ndcg@15': 0.056, 'hit@20': 0.1556, 'ndcg@20': 0.0628, 'hit@40': 0.2497, 'ndcg@40': 0.082} 
2024-10-10 01:24:34.814 | INFO     | trainer_1:_train_one_epoch:209 - test 41 cost time 4.93s, result: {'hit@1': 0.0089, 'ndcg@1': 0.0089, 'hit@5': 0.0365, 'ndcg@5': 0.0226, 'hit@10': 0.0645, 'ndcg@10': 0.0316, 'hit@15': 0.0866, 'ndcg@15': 0.0374, 'hit@20': 0.1064, 'ndcg@20': 0.0421, 'hit@40': 0.1738, 'ndcg@40': 0.0559} 
2024-10-10 01:24:53.853 | INFO     | trainer_1:_train_one_epoch:193 - epoch 42 8.38s Train loss is [0.3465] 
2024-10-10 01:24:58.900 | INFO     | trainer_1:_train_one_epoch:201 - validate 42 cost time 5.05s, result: {'hit@1': 0.0139, 'ndcg@1': 0.0139, 'hit@5': 0.0552, 'ndcg@5': 0.0343, 'hit@10': 0.0918, 'ndcg@10': 0.0461, 'hit@15': 0.1231, 'ndcg@15': 0.0543, 'hit@20': 0.1512, 'ndcg@20': 0.061, 'hit@40': 0.2406, 'ndcg@40': 0.0792} 
2024-10-10 01:25:03.799 | INFO     | trainer_1:_train_one_epoch:209 - test 42 cost time 4.90s, result: {'hit@1': 0.0086, 'ndcg@1': 0.0086, 'hit@5': 0.0357, 'ndcg@5': 0.0221, 'hit@10': 0.0617, 'ndcg@10': 0.0305, 'hit@15': 0.0839, 'ndcg@15': 0.0363, 'hit@20': 0.1016, 'ndcg@20': 0.0405, 'hit@40': 0.1667, 'ndcg@40': 0.0538} 
2024-10-10 01:25:12.379 | INFO     | trainer_1:_train_one_epoch:193 - epoch 43 8.58s Train loss is [0.3556] 
2024-10-10 01:25:17.548 | INFO     | trainer_1:_train_one_epoch:201 - validate 43 cost time 5.17s, result: {'hit@1': 0.0137, 'ndcg@1': 0.0137, 'hit@5': 0.0537, 'ndcg@5': 0.0337, 'hit@10': 0.0923, 'ndcg@10': 0.046, 'hit@15': 0.1242, 'ndcg@15': 0.0544, 'hit@20': 0.1546, 'ndcg@20': 0.0616, 'hit@40': 0.2478, 'ndcg@40': 0.0806} 
2024-10-10 01:25:22.469 | INFO     | trainer_1:_train_one_epoch:209 - test 43 cost time 4.92s, result: {'hit@1': 0.0094, 'ndcg@1': 0.0094, 'hit@5': 0.0365, 'ndcg@5': 0.0228, 'hit@10': 0.0625, 'ndcg@10': 0.0311, 'hit@15': 0.0845, 'ndcg@15': 0.0369, 'hit@20': 0.1035, 'ndcg@20': 0.0414, 'hit@40': 0.1724, 'ndcg@40': 0.0553} 
2024-10-10 01:25:30.882 | INFO     | trainer_1:_train_one_epoch:193 - epoch 44 8.41s Train loss is [0.3508] 
2024-10-10 01:25:35.944 | INFO     | trainer_1:_train_one_epoch:201 - validate 44 cost time 5.06s, result: {'hit@1': 0.0151, 'ndcg@1': 0.0151, 'hit@5': 0.0567, 'ndcg@5': 0.0359, 'hit@10': 0.0977, 'ndcg@10': 0.0491, 'hit@15': 0.1319, 'ndcg@15': 0.0581, 'hit@20': 0.162, 'ndcg@20': 0.0652, 'hit@40': 0.2559, 'ndcg@40': 0.0843} 
2024-10-10 01:25:40.854 | INFO     | trainer_1:_train_one_epoch:209 - test 44 cost time 4.91s, result: {'hit@1': 0.0105, 'ndcg@1': 0.0105, 'hit@5': 0.0382, 'ndcg@5': 0.0242, 'hit@10': 0.0659, 'ndcg@10': 0.0331, 'hit@15': 0.0897, 'ndcg@15': 0.0394, 'hit@20': 0.1098, 'ndcg@20': 0.0441, 'hit@40': 0.1766, 'ndcg@40': 0.0577} 
2024-10-10 01:26:00.295 | INFO     | trainer_1:_train_one_epoch:193 - epoch 45 8.76s Train loss is [0.3501] 
2024-10-10 01:26:05.475 | INFO     | trainer_1:_train_one_epoch:201 - validate 45 cost time 5.18s, result: {'hit@1': 0.0155, 'ndcg@1': 0.0155, 'hit@5': 0.057, 'ndcg@5': 0.0362, 'hit@10': 0.0941, 'ndcg@10': 0.0481, 'hit@15': 0.1249, 'ndcg@15': 0.0562, 'hit@20': 0.1537, 'ndcg@20': 0.063, 'hit@40': 0.2474, 'ndcg@40': 0.0821} 
2024-10-10 01:26:10.399 | INFO     | trainer_1:_train_one_epoch:209 - test 45 cost time 4.92s, result: {'hit@1': 0.0092, 'ndcg@1': 0.0092, 'hit@5': 0.0361, 'ndcg@5': 0.0227, 'hit@10': 0.0613, 'ndcg@10': 0.0308, 'hit@15': 0.0839, 'ndcg@15': 0.0368, 'hit@20': 0.1027, 'ndcg@20': 0.0412, 'hit@40': 0.1697, 'ndcg@40': 0.0548} 
2024-10-10 01:26:19.199 | INFO     | trainer_1:_train_one_epoch:193 - epoch 46 8.80s Train loss is [0.3513] 
2024-10-10 01:26:24.259 | INFO     | trainer_1:_train_one_epoch:201 - validate 46 cost time 5.06s, result: {'hit@1': 0.014, 'ndcg@1': 0.014, 'hit@5': 0.0579, 'ndcg@5': 0.036, 'hit@10': 0.0951, 'ndcg@10': 0.0479, 'hit@15': 0.1298, 'ndcg@15': 0.057, 'hit@20': 0.1585, 'ndcg@20': 0.0638, 'hit@40': 0.254, 'ndcg@40': 0.0832} 
2024-10-10 01:26:29.162 | INFO     | trainer_1:_train_one_epoch:209 - test 46 cost time 4.90s, result: {'hit@1': 0.0101, 'ndcg@1': 0.0101, 'hit@5': 0.0377, 'ndcg@5': 0.0236, 'hit@10': 0.0641, 'ndcg@10': 0.0321, 'hit@15': 0.0852, 'ndcg@15': 0.0376, 'hit@20': 0.1045, 'ndcg@20': 0.0422, 'hit@40': 0.1726, 'ndcg@40': 0.056} 
2024-10-10 01:26:37.510 | INFO     | trainer_1:_train_one_epoch:193 - epoch 47 8.35s Train loss is [0.3444] 
2024-10-10 01:26:42.568 | INFO     | trainer_1:_train_one_epoch:201 - validate 47 cost time 5.06s, result: {'hit@1': 0.015, 'ndcg@1': 0.015, 'hit@5': 0.058, 'ndcg@5': 0.0363, 'hit@10': 0.0996, 'ndcg@10': 0.0496, 'hit@15': 0.1316, 'ndcg@15': 0.0581, 'hit@20': 0.1587, 'ndcg@20': 0.0645, 'hit@40': 0.2502, 'ndcg@40': 0.0831} 
2024-10-10 01:26:47.472 | INFO     | trainer_1:_train_one_epoch:209 - test 47 cost time 4.90s, result: {'hit@1': 0.0099, 'ndcg@1': 0.0099, 'hit@5': 0.0378, 'ndcg@5': 0.0238, 'hit@10': 0.0644, 'ndcg@10': 0.0324, 'hit@15': 0.0858, 'ndcg@15': 0.038, 'hit@20': 0.1066, 'ndcg@20': 0.0429, 'hit@40': 0.1743, 'ndcg@40': 0.0567} 
2024-10-10 01:26:56.814 | INFO     | trainer_1:_train_one_epoch:193 - epoch 48 9.34s Train loss is [0.3425] 
2024-10-10 01:27:01.969 | INFO     | trainer_1:_train_one_epoch:201 - validate 48 cost time 5.15s, result: {'hit@1': 0.0144, 'ndcg@1': 0.0144, 'hit@5': 0.0556, 'ndcg@5': 0.0347, 'hit@10': 0.093, 'ndcg@10': 0.0467, 'hit@15': 0.126, 'ndcg@15': 0.0554, 'hit@20': 0.1555, 'ndcg@20': 0.0623, 'hit@40': 0.2494, 'ndcg@40': 0.0814} 
2024-10-10 01:27:06.886 | INFO     | trainer_1:_train_one_epoch:209 - test 48 cost time 4.92s, result: {'hit@1': 0.0088, 'ndcg@1': 0.0088, 'hit@5': 0.0355, 'ndcg@5': 0.0222, 'hit@10': 0.0608, 'ndcg@10': 0.0303, 'hit@15': 0.0832, 'ndcg@15': 0.0362, 'hit@20': 0.1041, 'ndcg@20': 0.0412, 'hit@40': 0.1724, 'ndcg@40': 0.0551} 
2024-10-10 01:27:15.245 | INFO     | trainer_1:_train_one_epoch:193 - epoch 49 8.36s Train loss is [0.3479] 
2024-10-10 01:27:20.313 | INFO     | trainer_1:_train_one_epoch:201 - validate 49 cost time 5.07s, result: {'hit@1': 0.0151, 'ndcg@1': 0.0151, 'hit@5': 0.0565, 'ndcg@5': 0.0357, 'hit@10': 0.0973, 'ndcg@10': 0.0488, 'hit@15': 0.1317, 'ndcg@15': 0.0578, 'hit@20': 0.1619, 'ndcg@20': 0.065, 'hit@40': 0.2544, 'ndcg@40': 0.0838} 
2024-10-10 01:27:25.209 | INFO     | trainer_1:_train_one_epoch:209 - test 49 cost time 4.90s, result: {'hit@1': 0.0099, 'ndcg@1': 0.0099, 'hit@5': 0.039, 'ndcg@5': 0.0241, 'hit@10': 0.0653, 'ndcg@10': 0.0326, 'hit@15': 0.0873, 'ndcg@15': 0.0384, 'hit@20': 0.1087, 'ndcg@20': 0.0434, 'hit@40': 0.1777, 'ndcg@40': 0.0575} 
2024-10-10 01:27:33.939 | INFO     | trainer_1:_train_one_epoch:193 - epoch 50 8.73s Train loss is [0.3447] 
2024-10-10 01:27:39.111 | INFO     | trainer_1:_train_one_epoch:201 - validate 50 cost time 5.17s, result: {'hit@1': 0.0147, 'ndcg@1': 0.0147, 'hit@5': 0.0564, 'ndcg@5': 0.0351, 'hit@10': 0.0949, 'ndcg@10': 0.0475, 'hit@15': 0.1301, 'ndcg@15': 0.0568, 'hit@20': 0.1591, 'ndcg@20': 0.0636, 'hit@40': 0.2538, 'ndcg@40': 0.0829} 
2024-10-10 01:27:44.045 | INFO     | trainer_1:_train_one_epoch:209 - test 50 cost time 4.93s, result: {'hit@1': 0.0105, 'ndcg@1': 0.0105, 'hit@5': 0.0374, 'ndcg@5': 0.0236, 'hit@10': 0.0634, 'ndcg@10': 0.032, 'hit@15': 0.0846, 'ndcg@15': 0.0376, 'hit@20': 0.1071, 'ndcg@20': 0.0429, 'hit@40': 0.1762, 'ndcg@40': 0.057} 
2024-10-10 01:27:52.805 | INFO     | trainer_1:_train_one_epoch:193 - epoch 51 8.76s Train loss is [0.3429] 
2024-10-10 01:27:57.861 | INFO     | trainer_1:_train_one_epoch:201 - validate 51 cost time 5.05s, result: {'hit@1': 0.0152, 'ndcg@1': 0.0152, 'hit@5': 0.0565, 'ndcg@5': 0.0356, 'hit@10': 0.0958, 'ndcg@10': 0.0482, 'hit@15': 0.1264, 'ndcg@15': 0.0563, 'hit@20': 0.1563, 'ndcg@20': 0.0634, 'hit@40': 0.2491, 'ndcg@40': 0.0823} 
2024-10-10 01:28:02.762 | INFO     | trainer_1:_train_one_epoch:209 - test 51 cost time 4.90s, result: {'hit@1': 0.0098, 'ndcg@1': 0.0098, 'hit@5': 0.0367, 'ndcg@5': 0.023, 'hit@10': 0.0608, 'ndcg@10': 0.0308, 'hit@15': 0.0834, 'ndcg@15': 0.0368, 'hit@20': 0.1042, 'ndcg@20': 0.0417, 'hit@40': 0.1738, 'ndcg@40': 0.0558} 
2024-10-10 01:28:11.139 | INFO     | trainer_1:_train_one_epoch:193 - epoch 52 8.38s Train loss is [0.3352] 
2024-10-10 01:28:16.183 | INFO     | trainer_1:_train_one_epoch:201 - validate 52 cost time 5.04s, result: {'hit@1': 0.0153, 'ndcg@1': 0.0153, 'hit@5': 0.0565, 'ndcg@5': 0.0358, 'hit@10': 0.0929, 'ndcg@10': 0.0474, 'hit@15': 0.1258, 'ndcg@15': 0.0561, 'hit@20': 0.1556, 'ndcg@20': 0.0632, 'hit@40': 0.2476, 'ndcg@40': 0.0819} 
2024-10-10 01:28:21.088 | INFO     | trainer_1:_train_one_epoch:209 - test 52 cost time 4.91s, result: {'hit@1': 0.0096, 'ndcg@1': 0.0096, 'hit@5': 0.0373, 'ndcg@5': 0.0232, 'hit@10': 0.062, 'ndcg@10': 0.0312, 'hit@15': 0.0837, 'ndcg@15': 0.0369, 'hit@20': 0.1052, 'ndcg@20': 0.042, 'hit@40': 0.1732, 'ndcg@40': 0.0558} 
2024-10-10 01:28:21.099 | INFO     | trainer_1:train_model:163 - training end, best iteration 47, results: {'hit@1': 0.0151, 'ndcg@1': 0.0151, 'hit@5': 0.0567, 'ndcg@5': 0.0359, 'hit@10': 0.0977, 'ndcg@10': 0.0491, 'hit@15': 0.1319, 'ndcg@15': 0.0581, 'hit@20': 0.162, 'ndcg@20': 0.0652, 'hit@40': 0.2559, 'ndcg@40': 0.0843}
2024-10-10 01:28:21.100 | INFO     | trainer_1:train_model:166 - final test result is:  {'hit@1': 0.0105, 'ndcg@1': 0.0105, 'hit@5': 0.0382, 'ndcg@5': 0.0242, 'hit@10': 0.0659, 'ndcg@10': 0.0331, 'hit@15': 0.0897, 'ndcg@15': 0.0394, 'hit@20': 0.1098, 'ndcg@20': 0.0441, 'hit@40': 0.1766, 'ndcg@40': 0.0577}
2024-10-10 01:28:21.391 | INFO     | __main__:<module>:119 - train end total cost time: 2496.275582075119
