2024-10-15 22:15:16.005 | INFO     | __main__:<module>:105 - Namespace(TIME='2024-10-15 22_14_42', batch_size=1024, behaviors=['view', 'cart', 'buy'], check_point='model_pre_1_2024-10-08 12_13_12.pth', data_name='beibei', data_path='./data/beibei', decay=0.001, device='cuda:1', dim_qk=32, dim_v=64, distill_layers=2, distill_thres=0.5, distill_topK=6, distill_userK=10, embedding_size=64, epochs=100, gpu_no=1, if_load_model=True, ii_lambda=200, initializer_range=0.02, layers=2, loss_type='bpr', lr=0.001, message_dropout=0.25, metrics=['hit', 'ndcg'], min_epoch=5, model_name='main_1', model_path='./check_point', node_dropout=0.75, omega=1, pt_loop=50, reg_weight=0.001, test_batch_size=1024, testbatch=1024, topk=[1, 5, 10, 15, 20, 40], uu_lambda=100)
2024-10-15 22:15:16.005 | INFO     | __main__:<module>:106 - BIPN(
  (message_dropout): Dropout(p=0.25, inplace=False)
  (user_embedding): Embedding(21717, 64, padding_idx=0)
  (item_embedding): Embedding(7978, 64, padding_idx=0)
  (global_Graph): LightGCN()
  (Graph_encoder): ModuleDict(
    (view): GraphEncoder(
      (light): LightGCN()
      (dropout): Dropout(p=0.75, inplace=False)
    )
    (cart): GraphEncoder(
      (light): LightGCN()
      (dropout): Dropout(p=0.75, inplace=False)
    )
    (buy): GraphEncoder(
      (light): LightGCN()
      (dropout): Dropout(p=0.75, inplace=False)
    )
  )
  (attention): Mutual_Attention()
  (bpr_loss): BPRLoss()
  (emb_loss): EmbLoss()
  (f): Sigmoid()
)
2024-10-15 22:15:39.992 | INFO     | trainer_1_top:_train_one_epoch:178 - epoch 1 6.72s Train loss is [0.9036] 
2024-10-15 22:15:45.842 | INFO     | trainer_1_top:_train_one_epoch:186 - validate 1 cost time 5.85s, result: {'hit@1': 0.0077, 'ndcg@1': 0.0077, 'hit@5': 0.0295, 'ndcg@5': 0.0185, 'hit@10': 0.0501, 'ndcg@10': 0.0251, 'hit@15': 0.0688, 'ndcg@15': 0.03, 'hit@20': 0.0845, 'ndcg@20': 0.0338, 'hit@40': 0.1428, 'ndcg@40': 0.0456} 
2024-10-15 22:15:51.633 | INFO     | trainer_1_top:_train_one_epoch:194 - test 1 cost time 5.79s, result: {'hit@1': 0.0042, 'ndcg@1': 0.0042, 'hit@5': 0.0181, 'ndcg@5': 0.011, 'hit@10': 0.0352, 'ndcg@10': 0.0164, 'hit@15': 0.0495, 'ndcg@15': 0.0202, 'hit@20': 0.0617, 'ndcg@20': 0.0231, 'hit@40': 0.1048, 'ndcg@40': 0.0318} 
2024-10-15 22:16:09.981 | INFO     | trainer_1_top:_train_one_epoch:178 - epoch 2 7.24s Train loss is [0.6798] 
2024-10-15 22:16:15.170 | INFO     | trainer_1_top:_train_one_epoch:186 - validate 2 cost time 5.19s, result: {'hit@1': 0.008, 'ndcg@1': 0.008, 'hit@5': 0.0332, 'ndcg@5': 0.0205, 'hit@10': 0.0571, 'ndcg@10': 0.0281, 'hit@15': 0.0764, 'ndcg@15': 0.0332, 'hit@20': 0.095, 'ndcg@20': 0.0376, 'hit@40': 0.1592, 'ndcg@40': 0.0507} 
2024-10-15 22:16:20.272 | INFO     | trainer_1_top:_train_one_epoch:194 - test 2 cost time 5.10s, result: {'hit@1': 0.0051, 'ndcg@1': 0.0051, 'hit@5': 0.0203, 'ndcg@5': 0.0125, 'hit@10': 0.0368, 'ndcg@10': 0.0178, 'hit@15': 0.0526, 'ndcg@15': 0.022, 'hit@20': 0.0661, 'ndcg@20': 0.0252, 'hit@40': 0.1157, 'ndcg@40': 0.0352} 
2024-10-15 22:16:38.026 | INFO     | trainer_1_top:_train_one_epoch:178 - epoch 3 6.65s Train loss is [0.6055] 
2024-10-15 22:16:43.122 | INFO     | trainer_1_top:_train_one_epoch:186 - validate 3 cost time 5.10s, result: {'hit@1': 0.0091, 'ndcg@1': 0.0091, 'hit@5': 0.0372, 'ndcg@5': 0.0231, 'hit@10': 0.0647, 'ndcg@10': 0.0319, 'hit@15': 0.0907, 'ndcg@15': 0.0388, 'hit@20': 0.1142, 'ndcg@20': 0.0443, 'hit@40': 0.1883, 'ndcg@40': 0.0594} 
2024-10-15 22:16:48.172 | INFO     | trainer_1_top:_train_one_epoch:194 - test 3 cost time 5.05s, result: {'hit@1': 0.0053, 'ndcg@1': 0.0053, 'hit@5': 0.0232, 'ndcg@5': 0.0141, 'hit@10': 0.0428, 'ndcg@10': 0.0204, 'hit@15': 0.0613, 'ndcg@15': 0.0252, 'hit@20': 0.0763, 'ndcg@20': 0.0288, 'hit@40': 0.1341, 'ndcg@40': 0.0405} 
2024-10-15 22:17:05.842 | INFO     | trainer_1_top:_train_one_epoch:178 - epoch 4 6.93s Train loss is [0.5741] 
2024-10-15 22:17:10.972 | INFO     | trainer_1_top:_train_one_epoch:186 - validate 4 cost time 5.13s, result: {'hit@1': 0.011, 'ndcg@1': 0.011, 'hit@5': 0.0418, 'ndcg@5': 0.0264, 'hit@10': 0.0707, 'ndcg@10': 0.0357, 'hit@15': 0.0963, 'ndcg@15': 0.0425, 'hit@20': 0.1187, 'ndcg@20': 0.0478, 'hit@40': 0.1901, 'ndcg@40': 0.0623} 
2024-10-15 22:17:16.024 | INFO     | trainer_1_top:_train_one_epoch:194 - test 4 cost time 5.05s, result: {'hit@1': 0.0061, 'ndcg@1': 0.0061, 'hit@5': 0.0235, 'ndcg@5': 0.0148, 'hit@10': 0.042, 'ndcg@10': 0.0207, 'hit@15': 0.0603, 'ndcg@15': 0.0255, 'hit@20': 0.0758, 'ndcg@20': 0.0292, 'hit@40': 0.1275, 'ndcg@40': 0.0397} 
2024-10-15 22:17:22.867 | INFO     | trainer_1_top:_train_one_epoch:178 - epoch 5 6.84s Train loss is [0.5375] 
2024-10-15 22:17:27.948 | INFO     | trainer_1_top:_train_one_epoch:186 - validate 5 cost time 5.08s, result: {'hit@1': 0.0127, 'ndcg@1': 0.0127, 'hit@5': 0.0445, 'ndcg@5': 0.0285, 'hit@10': 0.0754, 'ndcg@10': 0.0385, 'hit@15': 0.1002, 'ndcg@15': 0.045, 'hit@20': 0.1242, 'ndcg@20': 0.0507, 'hit@40': 0.1976, 'ndcg@40': 0.0656} 
2024-10-15 22:17:32.987 | INFO     | trainer_1_top:_train_one_epoch:194 - test 5 cost time 5.04s, result: {'hit@1': 0.007, 'ndcg@1': 0.007, 'hit@5': 0.0268, 'ndcg@5': 0.0168, 'hit@10': 0.045, 'ndcg@10': 0.0226, 'hit@15': 0.0625, 'ndcg@15': 0.0272, 'hit@20': 0.0789, 'ndcg@20': 0.0311, 'hit@40': 0.1331, 'ndcg@40': 0.0421} 
2024-10-15 22:17:51.063 | INFO     | trainer_1_top:_train_one_epoch:178 - epoch 6 7.07s Train loss is [0.5215] 
2024-10-15 22:17:56.863 | INFO     | trainer_1_top:_train_one_epoch:186 - validate 6 cost time 5.80s, result: {'hit@1': 0.0131, 'ndcg@1': 0.0131, 'hit@5': 0.0448, 'ndcg@5': 0.0287, 'hit@10': 0.0737, 'ndcg@10': 0.0379, 'hit@15': 0.1003, 'ndcg@15': 0.045, 'hit@20': 0.1228, 'ndcg@20': 0.0503, 'hit@40': 0.1967, 'ndcg@40': 0.0653} 
2024-10-15 22:18:02.617 | INFO     | trainer_1_top:_train_one_epoch:194 - test 6 cost time 5.75s, result: {'hit@1': 0.0069, 'ndcg@1': 0.0069, 'hit@5': 0.0289, 'ndcg@5': 0.0178, 'hit@10': 0.0487, 'ndcg@10': 0.0241, 'hit@15': 0.0671, 'ndcg@15': 0.029, 'hit@20': 0.0828, 'ndcg@20': 0.0327, 'hit@40': 0.1393, 'ndcg@40': 0.0442} 
2024-10-15 22:18:20.225 | INFO     | trainer_1_top:_train_one_epoch:178 - epoch 7 6.66s Train loss is [0.4909] 
2024-10-15 22:18:25.330 | INFO     | trainer_1_top:_train_one_epoch:186 - validate 7 cost time 5.10s, result: {'hit@1': 0.0121, 'ndcg@1': 0.0121, 'hit@5': 0.0447, 'ndcg@5': 0.0282, 'hit@10': 0.0747, 'ndcg@10': 0.0378, 'hit@15': 0.0999, 'ndcg@15': 0.0444, 'hit@20': 0.1244, 'ndcg@20': 0.0502, 'hit@40': 0.201, 'ndcg@40': 0.0658} 
2024-10-15 22:18:30.377 | INFO     | trainer_1_top:_train_one_epoch:194 - test 7 cost time 5.05s, result: {'hit@1': 0.0063, 'ndcg@1': 0.0063, 'hit@5': 0.0269, 'ndcg@5': 0.0164, 'hit@10': 0.0478, 'ndcg@10': 0.0231, 'hit@15': 0.0659, 'ndcg@15': 0.0279, 'hit@20': 0.0817, 'ndcg@20': 0.0316, 'hit@40': 0.1418, 'ndcg@40': 0.0438} 
2024-10-15 22:18:36.872 | INFO     | trainer_1_top:_train_one_epoch:178 - epoch 8 6.49s Train loss is [0.4904] 
2024-10-15 22:18:41.973 | INFO     | trainer_1_top:_train_one_epoch:186 - validate 8 cost time 5.10s, result: {'hit@1': 0.0124, 'ndcg@1': 0.0124, 'hit@5': 0.0438, 'ndcg@5': 0.028, 'hit@10': 0.074, 'ndcg@10': 0.0378, 'hit@15': 0.1001, 'ndcg@15': 0.0446, 'hit@20': 0.1238, 'ndcg@20': 0.0502, 'hit@40': 0.1987, 'ndcg@40': 0.0655} 
2024-10-15 22:18:47.029 | INFO     | trainer_1_top:_train_one_epoch:194 - test 8 cost time 5.06s, result: {'hit@1': 0.0076, 'ndcg@1': 0.0076, 'hit@5': 0.0266, 'ndcg@5': 0.0172, 'hit@10': 0.0473, 'ndcg@10': 0.0238, 'hit@15': 0.0662, 'ndcg@15': 0.0288, 'hit@20': 0.0827, 'ndcg@20': 0.0327, 'hit@40': 0.1423, 'ndcg@40': 0.0448} 
2024-10-15 22:18:53.579 | INFO     | trainer_1_top:_train_one_epoch:178 - epoch 9 6.55s Train loss is [0.4666] 
2024-10-15 22:18:58.658 | INFO     | trainer_1_top:_train_one_epoch:186 - validate 9 cost time 5.08s, result: {'hit@1': 0.0104, 'ndcg@1': 0.0104, 'hit@5': 0.0442, 'ndcg@5': 0.0273, 'hit@10': 0.0738, 'ndcg@10': 0.0367, 'hit@15': 0.1001, 'ndcg@15': 0.0437, 'hit@20': 0.1233, 'ndcg@20': 0.0492, 'hit@40': 0.2013, 'ndcg@40': 0.065} 
2024-10-15 22:19:03.720 | INFO     | trainer_1_top:_train_one_epoch:194 - test 9 cost time 5.06s, result: {'hit@1': 0.007, 'ndcg@1': 0.007, 'hit@5': 0.0276, 'ndcg@5': 0.0173, 'hit@10': 0.0454, 'ndcg@10': 0.0229, 'hit@15': 0.063, 'ndcg@15': 0.0276, 'hit@20': 0.0809, 'ndcg@20': 0.0318, 'hit@40': 0.1395, 'ndcg@40': 0.0437} 
2024-10-15 22:19:11.097 | INFO     | trainer_1_top:_train_one_epoch:178 - epoch 10 7.38s Train loss is [0.4547] 
2024-10-15 22:19:16.938 | INFO     | trainer_1_top:_train_one_epoch:186 - validate 10 cost time 5.84s, result: {'hit@1': 0.0118, 'ndcg@1': 0.0118, 'hit@5': 0.045, 'ndcg@5': 0.0283, 'hit@10': 0.0768, 'ndcg@10': 0.0385, 'hit@15': 0.1057, 'ndcg@15': 0.0461, 'hit@20': 0.1301, 'ndcg@20': 0.0519, 'hit@40': 0.2085, 'ndcg@40': 0.0679} 
2024-10-15 22:19:22.757 | INFO     | trainer_1_top:_train_one_epoch:194 - test 10 cost time 5.82s, result: {'hit@1': 0.0071, 'ndcg@1': 0.0071, 'hit@5': 0.0282, 'ndcg@5': 0.0175, 'hit@10': 0.0489, 'ndcg@10': 0.0241, 'hit@15': 0.0664, 'ndcg@15': 0.0288, 'hit@20': 0.0833, 'ndcg@20': 0.0327, 'hit@40': 0.1443, 'ndcg@40': 0.0451} 
2024-10-15 22:19:40.334 | INFO     | trainer_1_top:_train_one_epoch:178 - epoch 11 6.58s Train loss is [0.4407] 
2024-10-15 22:19:45.423 | INFO     | trainer_1_top:_train_one_epoch:186 - validate 11 cost time 5.09s, result: {'hit@1': 0.0108, 'ndcg@1': 0.0108, 'hit@5': 0.042, 'ndcg@5': 0.0264, 'hit@10': 0.0738, 'ndcg@10': 0.0366, 'hit@15': 0.1009, 'ndcg@15': 0.0437, 'hit@20': 0.1243, 'ndcg@20': 0.0492, 'hit@40': 0.2031, 'ndcg@40': 0.0653} 
2024-10-15 22:19:50.453 | INFO     | trainer_1_top:_train_one_epoch:194 - test 11 cost time 5.03s, result: {'hit@1': 0.0067, 'ndcg@1': 0.0067, 'hit@5': 0.0267, 'ndcg@5': 0.0165, 'hit@10': 0.0477, 'ndcg@10': 0.0233, 'hit@15': 0.0645, 'ndcg@15': 0.0277, 'hit@20': 0.0817, 'ndcg@20': 0.0318, 'hit@40': 0.1414, 'ndcg@40': 0.0439} 
2024-10-15 22:19:57.190 | INFO     | trainer_1_top:_train_one_epoch:178 - epoch 12 6.74s Train loss is [0.4477] 
2024-10-15 22:20:03.159 | INFO     | trainer_1_top:_train_one_epoch:186 - validate 12 cost time 5.97s, result: {'hit@1': 0.0118, 'ndcg@1': 0.0118, 'hit@5': 0.0434, 'ndcg@5': 0.0276, 'hit@10': 0.074, 'ndcg@10': 0.0374, 'hit@15': 0.1008, 'ndcg@15': 0.0445, 'hit@20': 0.1268, 'ndcg@20': 0.0506, 'hit@40': 0.2022, 'ndcg@40': 0.066} 
2024-10-15 22:20:08.953 | INFO     | trainer_1_top:_train_one_epoch:194 - test 12 cost time 5.79s, result: {'hit@1': 0.0077, 'ndcg@1': 0.0077, 'hit@5': 0.0282, 'ndcg@5': 0.0179, 'hit@10': 0.0487, 'ndcg@10': 0.0244, 'hit@15': 0.0653, 'ndcg@15': 0.0288, 'hit@20': 0.0806, 'ndcg@20': 0.0324, 'hit@40': 0.1413, 'ndcg@40': 0.0448} 
2024-10-15 22:20:15.687 | INFO     | trainer_1_top:_train_one_epoch:178 - epoch 13 6.73s Train loss is [0.4463] 
2024-10-15 22:20:21.480 | INFO     | trainer_1_top:_train_one_epoch:186 - validate 13 cost time 5.79s, result: {'hit@1': 0.0116, 'ndcg@1': 0.0116, 'hit@5': 0.0476, 'ndcg@5': 0.0295, 'hit@10': 0.082, 'ndcg@10': 0.0405, 'hit@15': 0.1116, 'ndcg@15': 0.0483, 'hit@20': 0.1384, 'ndcg@20': 0.0546, 'hit@40': 0.2178, 'ndcg@40': 0.0708} 
2024-10-15 22:20:27.247 | INFO     | trainer_1_top:_train_one_epoch:194 - test 13 cost time 5.77s, result: {'hit@1': 0.0082, 'ndcg@1': 0.0082, 'hit@5': 0.0304, 'ndcg@5': 0.0192, 'hit@10': 0.0524, 'ndcg@10': 0.0262, 'hit@15': 0.0706, 'ndcg@15': 0.031, 'hit@20': 0.0891, 'ndcg@20': 0.0354, 'hit@40': 0.1522, 'ndcg@40': 0.0482} 
2024-10-15 22:20:47.222 | INFO     | trainer_1_top:_train_one_epoch:178 - epoch 14 8.14s Train loss is [0.4281] 
2024-10-15 22:20:53.093 | INFO     | trainer_1_top:_train_one_epoch:186 - validate 14 cost time 5.87s, result: {'hit@1': 0.0127, 'ndcg@1': 0.0127, 'hit@5': 0.0485, 'ndcg@5': 0.0305, 'hit@10': 0.0834, 'ndcg@10': 0.0417, 'hit@15': 0.1125, 'ndcg@15': 0.0493, 'hit@20': 0.1385, 'ndcg@20': 0.0555, 'hit@40': 0.2202, 'ndcg@40': 0.0721} 
2024-10-15 22:20:58.881 | INFO     | trainer_1_top:_train_one_epoch:194 - test 14 cost time 5.79s, result: {'hit@1': 0.0083, 'ndcg@1': 0.0083, 'hit@5': 0.0306, 'ndcg@5': 0.0194, 'hit@10': 0.0542, 'ndcg@10': 0.0269, 'hit@15': 0.0742, 'ndcg@15': 0.0322, 'hit@20': 0.093, 'ndcg@20': 0.0366, 'hit@40': 0.1556, 'ndcg@40': 0.0493} 
2024-10-15 22:21:17.133 | INFO     | trainer_1_top:_train_one_epoch:178 - epoch 15 6.68s Train loss is [0.4272] 
2024-10-15 22:21:22.195 | INFO     | trainer_1_top:_train_one_epoch:186 - validate 15 cost time 5.06s, result: {'hit@1': 0.0122, 'ndcg@1': 0.0122, 'hit@5': 0.0486, 'ndcg@5': 0.0304, 'hit@10': 0.0802, 'ndcg@10': 0.0406, 'hit@15': 0.1086, 'ndcg@15': 0.0481, 'hit@20': 0.134, 'ndcg@20': 0.0541, 'hit@40': 0.2148, 'ndcg@40': 0.0705} 
2024-10-15 22:21:27.234 | INFO     | trainer_1_top:_train_one_epoch:194 - test 15 cost time 5.04s, result: {'hit@1': 0.0091, 'ndcg@1': 0.0091, 'hit@5': 0.0315, 'ndcg@5': 0.0201, 'hit@10': 0.0536, 'ndcg@10': 0.0271, 'hit@15': 0.0715, 'ndcg@15': 0.0319, 'hit@20': 0.0894, 'ndcg@20': 0.0361, 'hit@40': 0.152, 'ndcg@40': 0.0488} 
2024-10-15 22:21:33.980 | INFO     | trainer_1_top:_train_one_epoch:178 - epoch 16 6.74s Train loss is [0.4070] 
2024-10-15 22:21:39.045 | INFO     | trainer_1_top:_train_one_epoch:186 - validate 16 cost time 5.07s, result: {'hit@1': 0.0145, 'ndcg@1': 0.0145, 'hit@5': 0.0524, 'ndcg@5': 0.0332, 'hit@10': 0.086, 'ndcg@10': 0.0441, 'hit@15': 0.1153, 'ndcg@15': 0.0518, 'hit@20': 0.1404, 'ndcg@20': 0.0577, 'hit@40': 0.2238, 'ndcg@40': 0.0747} 
2024-10-15 22:21:44.078 | INFO     | trainer_1_top:_train_one_epoch:194 - test 16 cost time 5.03s, result: {'hit@1': 0.0099, 'ndcg@1': 0.0099, 'hit@5': 0.0352, 'ndcg@5': 0.0224, 'hit@10': 0.0583, 'ndcg@10': 0.0298, 'hit@15': 0.078, 'ndcg@15': 0.035, 'hit@20': 0.0959, 'ndcg@20': 0.0392, 'hit@40': 0.1626, 'ndcg@40': 0.0527} 
2024-10-15 22:22:02.583 | INFO     | trainer_1_top:_train_one_epoch:178 - epoch 17 6.84s Train loss is [0.4087] 
2024-10-15 22:22:08.423 | INFO     | trainer_1_top:_train_one_epoch:186 - validate 17 cost time 5.84s, result: {'hit@1': 0.0137, 'ndcg@1': 0.0137, 'hit@5': 0.0528, 'ndcg@5': 0.0331, 'hit@10': 0.0903, 'ndcg@10': 0.0451, 'hit@15': 0.1193, 'ndcg@15': 0.0528, 'hit@20': 0.1486, 'ndcg@20': 0.0597, 'hit@40': 0.2342, 'ndcg@40': 0.0771} 
2024-10-15 22:22:14.200 | INFO     | trainer_1_top:_train_one_epoch:194 - test 17 cost time 5.78s, result: {'hit@1': 0.0098, 'ndcg@1': 0.0098, 'hit@5': 0.0356, 'ndcg@5': 0.0227, 'hit@10': 0.0613, 'ndcg@10': 0.0309, 'hit@15': 0.0821, 'ndcg@15': 0.0364, 'hit@20': 0.1013, 'ndcg@20': 0.0409, 'hit@40': 0.1682, 'ndcg@40': 0.0545} 
2024-10-15 22:22:34.054 | INFO     | trainer_1_top:_train_one_epoch:178 - epoch 18 7.94s Train loss is [0.3992] 
2024-10-15 22:22:39.118 | INFO     | trainer_1_top:_train_one_epoch:186 - validate 18 cost time 5.06s, result: {'hit@1': 0.0147, 'ndcg@1': 0.0147, 'hit@5': 0.052, 'ndcg@5': 0.0335, 'hit@10': 0.0872, 'ndcg@10': 0.0448, 'hit@15': 0.1157, 'ndcg@15': 0.0523, 'hit@20': 0.1436, 'ndcg@20': 0.0589, 'hit@40': 0.2273, 'ndcg@40': 0.0759} 
2024-10-15 22:22:44.163 | INFO     | trainer_1_top:_train_one_epoch:194 - test 18 cost time 5.04s, result: {'hit@1': 0.0093, 'ndcg@1': 0.0093, 'hit@5': 0.0352, 'ndcg@5': 0.0223, 'hit@10': 0.0597, 'ndcg@10': 0.0302, 'hit@15': 0.0794, 'ndcg@15': 0.0354, 'hit@20': 0.0968, 'ndcg@20': 0.0395, 'hit@40': 0.1621, 'ndcg@40': 0.0528} 
2024-10-15 22:22:50.622 | INFO     | trainer_1_top:_train_one_epoch:178 - epoch 19 6.46s Train loss is [0.3997] 
2024-10-15 22:22:55.688 | INFO     | trainer_1_top:_train_one_epoch:186 - validate 19 cost time 5.06s, result: {'hit@1': 0.0146, 'ndcg@1': 0.0146, 'hit@5': 0.05, 'ndcg@5': 0.0325, 'hit@10': 0.0841, 'ndcg@10': 0.0434, 'hit@15': 0.1151, 'ndcg@15': 0.0516, 'hit@20': 0.1418, 'ndcg@20': 0.0579, 'hit@40': 0.2247, 'ndcg@40': 0.0747} 
2024-10-15 22:23:00.716 | INFO     | trainer_1_top:_train_one_epoch:194 - test 19 cost time 5.03s, result: {'hit@1': 0.0099, 'ndcg@1': 0.0099, 'hit@5': 0.0342, 'ndcg@5': 0.0219, 'hit@10': 0.0581, 'ndcg@10': 0.0296, 'hit@15': 0.0786, 'ndcg@15': 0.035, 'hit@20': 0.097, 'ndcg@20': 0.0393, 'hit@40': 0.1585, 'ndcg@40': 0.0518} 
2024-10-15 22:23:07.864 | INFO     | trainer_1_top:_train_one_epoch:178 - epoch 20 7.15s Train loss is [0.3998] 
2024-10-15 22:23:12.978 | INFO     | trainer_1_top:_train_one_epoch:186 - validate 20 cost time 5.11s, result: {'hit@1': 0.015, 'ndcg@1': 0.015, 'hit@5': 0.0526, 'ndcg@5': 0.034, 'hit@10': 0.0862, 'ndcg@10': 0.0448, 'hit@15': 0.1153, 'ndcg@15': 0.0525, 'hit@20': 0.1429, 'ndcg@20': 0.059, 'hit@40': 0.2309, 'ndcg@40': 0.0769} 
2024-10-15 22:23:18.019 | INFO     | trainer_1_top:_train_one_epoch:194 - test 20 cost time 5.04s, result: {'hit@1': 0.0102, 'ndcg@1': 0.0102, 'hit@5': 0.0373, 'ndcg@5': 0.0236, 'hit@10': 0.0619, 'ndcg@10': 0.0315, 'hit@15': 0.0832, 'ndcg@15': 0.0371, 'hit@20': 0.1012, 'ndcg@20': 0.0413, 'hit@40': 0.1661, 'ndcg@40': 0.0545} 
2024-10-15 22:23:36.261 | INFO     | trainer_1_top:_train_one_epoch:178 - epoch 21 6.59s Train loss is [0.3902] 
2024-10-15 22:23:41.357 | INFO     | trainer_1_top:_train_one_epoch:186 - validate 21 cost time 5.10s, result: {'hit@1': 0.015, 'ndcg@1': 0.015, 'hit@5': 0.0534, 'ndcg@5': 0.0342, 'hit@10': 0.0853, 'ndcg@10': 0.0444, 'hit@15': 0.115, 'ndcg@15': 0.0522, 'hit@20': 0.1392, 'ndcg@20': 0.0579, 'hit@40': 0.2263, 'ndcg@40': 0.0757} 
2024-10-15 22:23:46.402 | INFO     | trainer_1_top:_train_one_epoch:194 - test 21 cost time 5.04s, result: {'hit@1': 0.01, 'ndcg@1': 0.01, 'hit@5': 0.037, 'ndcg@5': 0.0235, 'hit@10': 0.06, 'ndcg@10': 0.0309, 'hit@15': 0.0801, 'ndcg@15': 0.0363, 'hit@20': 0.098, 'ndcg@20': 0.0405, 'hit@40': 0.1624, 'ndcg@40': 0.0536} 
2024-10-15 22:23:52.808 | INFO     | trainer_1_top:_train_one_epoch:178 - epoch 22 6.41s Train loss is [0.3992] 
2024-10-15 22:23:57.913 | INFO     | trainer_1_top:_train_one_epoch:186 - validate 22 cost time 5.10s, result: {'hit@1': 0.0155, 'ndcg@1': 0.0155, 'hit@5': 0.0548, 'ndcg@5': 0.0352, 'hit@10': 0.0876, 'ndcg@10': 0.0457, 'hit@15': 0.1181, 'ndcg@15': 0.0537, 'hit@20': 0.1422, 'ndcg@20': 0.0595, 'hit@40': 0.2283, 'ndcg@40': 0.077} 
2024-10-15 22:24:02.984 | INFO     | trainer_1_top:_train_one_epoch:194 - test 22 cost time 5.07s, result: {'hit@1': 0.0094, 'ndcg@1': 0.0094, 'hit@5': 0.0359, 'ndcg@5': 0.0226, 'hit@10': 0.0593, 'ndcg@10': 0.0302, 'hit@15': 0.0812, 'ndcg@15': 0.036, 'hit@20': 0.099, 'ndcg@20': 0.0402, 'hit@40': 0.1607, 'ndcg@40': 0.0527} 
2024-10-15 22:24:09.430 | INFO     | trainer_1_top:_train_one_epoch:178 - epoch 23 6.44s Train loss is [0.3876] 
2024-10-15 22:24:14.532 | INFO     | trainer_1_top:_train_one_epoch:186 - validate 23 cost time 5.10s, result: {'hit@1': 0.016, 'ndcg@1': 0.016, 'hit@5': 0.0578, 'ndcg@5': 0.0369, 'hit@10': 0.0939, 'ndcg@10': 0.0484, 'hit@15': 0.1245, 'ndcg@15': 0.0565, 'hit@20': 0.1507, 'ndcg@20': 0.0627, 'hit@40': 0.2383, 'ndcg@40': 0.0805} 
2024-10-15 22:24:19.636 | INFO     | trainer_1_top:_train_one_epoch:194 - test 23 cost time 5.10s, result: {'hit@1': 0.01, 'ndcg@1': 0.01, 'hit@5': 0.038, 'ndcg@5': 0.0239, 'hit@10': 0.0634, 'ndcg@10': 0.0321, 'hit@15': 0.0833, 'ndcg@15': 0.0374, 'hit@20': 0.1028, 'ndcg@20': 0.0419, 'hit@40': 0.1687, 'ndcg@40': 0.0553} 
2024-10-15 22:24:37.775 | INFO     | trainer_1_top:_train_one_epoch:178 - epoch 24 6.75s Train loss is [0.3844] 
2024-10-15 22:24:42.880 | INFO     | trainer_1_top:_train_one_epoch:186 - validate 24 cost time 5.10s, result: {'hit@1': 0.0147, 'ndcg@1': 0.0147, 'hit@5': 0.0552, 'ndcg@5': 0.0352, 'hit@10': 0.0901, 'ndcg@10': 0.0463, 'hit@15': 0.1184, 'ndcg@15': 0.0538, 'hit@20': 0.1452, 'ndcg@20': 0.0601, 'hit@40': 0.2313, 'ndcg@40': 0.0777} 
2024-10-15 22:24:47.900 | INFO     | trainer_1_top:_train_one_epoch:194 - test 24 cost time 5.02s, result: {'hit@1': 0.0106, 'ndcg@1': 0.0106, 'hit@5': 0.0371, 'ndcg@5': 0.0239, 'hit@10': 0.061, 'ndcg@10': 0.0315, 'hit@15': 0.0819, 'ndcg@15': 0.037, 'hit@20': 0.1006, 'ndcg@20': 0.0414, 'hit@40': 0.1637, 'ndcg@40': 0.0543} 
2024-10-15 22:24:54.557 | INFO     | trainer_1_top:_train_one_epoch:178 - epoch 25 6.66s Train loss is [0.3798] 
2024-10-15 22:24:59.703 | INFO     | trainer_1_top:_train_one_epoch:186 - validate 25 cost time 5.15s, result: {'hit@1': 0.0164, 'ndcg@1': 0.0164, 'hit@5': 0.0584, 'ndcg@5': 0.0376, 'hit@10': 0.0952, 'ndcg@10': 0.0494, 'hit@15': 0.1259, 'ndcg@15': 0.0576, 'hit@20': 0.1531, 'ndcg@20': 0.064, 'hit@40': 0.2402, 'ndcg@40': 0.0817} 
2024-10-15 22:25:04.742 | INFO     | trainer_1_top:_train_one_epoch:194 - test 25 cost time 5.04s, result: {'hit@1': 0.0112, 'ndcg@1': 0.0112, 'hit@5': 0.0393, 'ndcg@5': 0.0254, 'hit@10': 0.0646, 'ndcg@10': 0.0335, 'hit@15': 0.0873, 'ndcg@15': 0.0395, 'hit@20': 0.1071, 'ndcg@20': 0.0442, 'hit@40': 0.1749, 'ndcg@40': 0.0579} 
2024-10-15 22:25:22.714 | INFO     | trainer_1_top:_train_one_epoch:178 - epoch 26 6.70s Train loss is [0.3733] 
2024-10-15 22:25:28.812 | INFO     | trainer_1_top:_train_one_epoch:186 - validate 26 cost time 6.10s, result: {'hit@1': 0.0162, 'ndcg@1': 0.0162, 'hit@5': 0.0592, 'ndcg@5': 0.0379, 'hit@10': 0.096, 'ndcg@10': 0.0497, 'hit@15': 0.1264, 'ndcg@15': 0.0577, 'hit@20': 0.1526, 'ndcg@20': 0.0639, 'hit@40': 0.2374, 'ndcg@40': 0.0812} 
2024-10-15 22:25:34.575 | INFO     | trainer_1_top:_train_one_epoch:194 - test 26 cost time 5.76s, result: {'hit@1': 0.0108, 'ndcg@1': 0.0108, 'hit@5': 0.0382, 'ndcg@5': 0.0247, 'hit@10': 0.0646, 'ndcg@10': 0.0331, 'hit@15': 0.0852, 'ndcg@15': 0.0385, 'hit@20': 0.1049, 'ndcg@20': 0.0432, 'hit@40': 0.1691, 'ndcg@40': 0.0563} 
2024-10-15 22:25:41.197 | INFO     | trainer_1_top:_train_one_epoch:178 - epoch 27 6.62s Train loss is [0.3731] 
2024-10-15 22:25:46.267 | INFO     | trainer_1_top:_train_one_epoch:186 - validate 27 cost time 5.07s, result: {'hit@1': 0.0171, 'ndcg@1': 0.0171, 'hit@5': 0.0605, 'ndcg@5': 0.0392, 'hit@10': 0.0968, 'ndcg@10': 0.0508, 'hit@15': 0.1301, 'ndcg@15': 0.0596, 'hit@20': 0.1579, 'ndcg@20': 0.0662, 'hit@40': 0.2421, 'ndcg@40': 0.0833} 
2024-10-15 22:25:51.296 | INFO     | trainer_1_top:_train_one_epoch:194 - test 27 cost time 5.03s, result: {'hit@1': 0.0118, 'ndcg@1': 0.0118, 'hit@5': 0.0396, 'ndcg@5': 0.0258, 'hit@10': 0.0665, 'ndcg@10': 0.0344, 'hit@15': 0.0879, 'ndcg@15': 0.04, 'hit@20': 0.1077, 'ndcg@20': 0.0447, 'hit@40': 0.1735, 'ndcg@40': 0.0581} 
2024-10-15 22:26:09.457 | INFO     | trainer_1_top:_train_one_epoch:178 - epoch 28 6.97s Train loss is [0.3774] 
2024-10-15 22:26:14.569 | INFO     | trainer_1_top:_train_one_epoch:186 - validate 28 cost time 5.11s, result: {'hit@1': 0.0166, 'ndcg@1': 0.0166, 'hit@5': 0.06, 'ndcg@5': 0.0385, 'hit@10': 0.0987, 'ndcg@10': 0.051, 'hit@15': 0.13, 'ndcg@15': 0.0592, 'hit@20': 0.1576, 'ndcg@20': 0.0658, 'hit@40': 0.2428, 'ndcg@40': 0.0831} 
2024-10-15 22:26:19.946 | INFO     | trainer_1_top:_train_one_epoch:194 - test 28 cost time 5.38s, result: {'hit@1': 0.0111, 'ndcg@1': 0.0111, 'hit@5': 0.0382, 'ndcg@5': 0.0245, 'hit@10': 0.0644, 'ndcg@10': 0.033, 'hit@15': 0.0873, 'ndcg@15': 0.039, 'hit@20': 0.1077, 'ndcg@20': 0.0438, 'hit@40': 0.1734, 'ndcg@40': 0.0572} 
2024-10-15 22:26:26.540 | INFO     | trainer_1_top:_train_one_epoch:178 - epoch 29 6.59s Train loss is [0.3592] 
2024-10-15 22:26:31.625 | INFO     | trainer_1_top:_train_one_epoch:186 - validate 29 cost time 5.08s, result: {'hit@1': 0.0166, 'ndcg@1': 0.0166, 'hit@5': 0.0588, 'ndcg@5': 0.0379, 'hit@10': 0.0941, 'ndcg@10': 0.0493, 'hit@15': 0.1262, 'ndcg@15': 0.0577, 'hit@20': 0.1515, 'ndcg@20': 0.0637, 'hit@40': 0.2334, 'ndcg@40': 0.0804} 
2024-10-15 22:26:37.447 | INFO     | trainer_1_top:_train_one_epoch:194 - test 29 cost time 5.82s, result: {'hit@1': 0.011, 'ndcg@1': 0.011, 'hit@5': 0.0368, 'ndcg@5': 0.0239, 'hit@10': 0.0626, 'ndcg@10': 0.0321, 'hit@15': 0.0832, 'ndcg@15': 0.0376, 'hit@20': 0.1026, 'ndcg@20': 0.0421, 'hit@40': 0.1672, 'ndcg@40': 0.0553} 
2024-10-15 22:26:43.965 | INFO     | trainer_1_top:_train_one_epoch:178 - epoch 30 6.52s Train loss is [0.3644] 
2024-10-15 22:26:49.024 | INFO     | trainer_1_top:_train_one_epoch:186 - validate 30 cost time 5.06s, result: {'hit@1': 0.0168, 'ndcg@1': 0.0168, 'hit@5': 0.0575, 'ndcg@5': 0.0375, 'hit@10': 0.0909, 'ndcg@10': 0.0483, 'hit@15': 0.1233, 'ndcg@15': 0.0568, 'hit@20': 0.1509, 'ndcg@20': 0.0633, 'hit@40': 0.2386, 'ndcg@40': 0.0811} 
2024-10-15 22:26:54.587 | INFO     | trainer_1_top:_train_one_epoch:194 - test 30 cost time 5.56s, result: {'hit@1': 0.0113, 'ndcg@1': 0.0113, 'hit@5': 0.0379, 'ndcg@5': 0.0245, 'hit@10': 0.063, 'ndcg@10': 0.0325, 'hit@15': 0.0842, 'ndcg@15': 0.0381, 'hit@20': 0.1022, 'ndcg@20': 0.0423, 'hit@40': 0.1693, 'ndcg@40': 0.0559} 
2024-10-15 22:27:01.569 | INFO     | trainer_1_top:_train_one_epoch:178 - epoch 31 6.98s Train loss is [0.3565] 
2024-10-15 22:27:06.668 | INFO     | trainer_1_top:_train_one_epoch:186 - validate 31 cost time 5.10s, result: {'hit@1': 0.0168, 'ndcg@1': 0.0168, 'hit@5': 0.0593, 'ndcg@5': 0.0381, 'hit@10': 0.097, 'ndcg@10': 0.0502, 'hit@15': 0.1297, 'ndcg@15': 0.0589, 'hit@20': 0.1556, 'ndcg@20': 0.065, 'hit@40': 0.2456, 'ndcg@40': 0.0833} 
2024-10-15 22:27:11.692 | INFO     | trainer_1_top:_train_one_epoch:194 - test 31 cost time 5.02s, result: {'hit@1': 0.0111, 'ndcg@1': 0.0111, 'hit@5': 0.0382, 'ndcg@5': 0.0246, 'hit@10': 0.0657, 'ndcg@10': 0.0334, 'hit@15': 0.0867, 'ndcg@15': 0.0389, 'hit@20': 0.1075, 'ndcg@20': 0.0438, 'hit@40': 0.174, 'ndcg@40': 0.0574} 
2024-10-15 22:27:18.015 | INFO     | trainer_1_top:_train_one_epoch:178 - epoch 32 6.32s Train loss is [0.3540] 
2024-10-15 22:27:23.082 | INFO     | trainer_1_top:_train_one_epoch:186 - validate 32 cost time 5.07s, result: {'hit@1': 0.0174, 'ndcg@1': 0.0174, 'hit@5': 0.0613, 'ndcg@5': 0.0395, 'hit@10': 0.0999, 'ndcg@10': 0.052, 'hit@15': 0.1319, 'ndcg@15': 0.0604, 'hit@20': 0.1589, 'ndcg@20': 0.0668, 'hit@40': 0.2494, 'ndcg@40': 0.0852} 
2024-10-15 22:27:28.109 | INFO     | trainer_1_top:_train_one_epoch:194 - test 32 cost time 5.03s, result: {'hit@1': 0.0111, 'ndcg@1': 0.0111, 'hit@5': 0.0401, 'ndcg@5': 0.0255, 'hit@10': 0.0664, 'ndcg@10': 0.0339, 'hit@15': 0.0885, 'ndcg@15': 0.0397, 'hit@20': 0.1082, 'ndcg@20': 0.0444, 'hit@40': 0.1764, 'ndcg@40': 0.0582} 
2024-10-15 22:27:34.468 | INFO     | trainer_1_top:_train_one_epoch:178 - epoch 33 6.36s Train loss is [0.3527] 
2024-10-15 22:27:39.536 | INFO     | trainer_1_top:_train_one_epoch:186 - validate 33 cost time 5.07s, result: {'hit@1': 0.0164, 'ndcg@1': 0.0164, 'hit@5': 0.062, 'ndcg@5': 0.0394, 'hit@10': 0.1, 'ndcg@10': 0.0516, 'hit@15': 0.13, 'ndcg@15': 0.0595, 'hit@20': 0.1562, 'ndcg@20': 0.0657, 'hit@40': 0.2436, 'ndcg@40': 0.0835} 
2024-10-15 22:27:44.557 | INFO     | trainer_1_top:_train_one_epoch:194 - test 33 cost time 5.02s, result: {'hit@1': 0.0111, 'ndcg@1': 0.0111, 'hit@5': 0.0399, 'ndcg@5': 0.0255, 'hit@10': 0.0659, 'ndcg@10': 0.0339, 'hit@15': 0.0875, 'ndcg@15': 0.0396, 'hit@20': 0.1068, 'ndcg@20': 0.0442, 'hit@40': 0.1712, 'ndcg@40': 0.0573} 
2024-10-15 22:27:51.177 | INFO     | trainer_1_top:_train_one_epoch:178 - epoch 34 6.62s Train loss is [0.3461] 
2024-10-15 22:27:56.994 | INFO     | trainer_1_top:_train_one_epoch:186 - validate 34 cost time 5.82s, result: {'hit@1': 0.0166, 'ndcg@1': 0.0166, 'hit@5': 0.0611, 'ndcg@5': 0.0388, 'hit@10': 0.0986, 'ndcg@10': 0.0509, 'hit@15': 0.1304, 'ndcg@15': 0.0592, 'hit@20': 0.1582, 'ndcg@20': 0.0658, 'hit@40': 0.2455, 'ndcg@40': 0.0836} 
2024-10-15 22:28:02.894 | INFO     | trainer_1_top:_train_one_epoch:194 - test 34 cost time 5.90s, result: {'hit@1': 0.0122, 'ndcg@1': 0.0122, 'hit@5': 0.0399, 'ndcg@5': 0.026, 'hit@10': 0.067, 'ndcg@10': 0.0347, 'hit@15': 0.0883, 'ndcg@15': 0.0403, 'hit@20': 0.1087, 'ndcg@20': 0.0451, 'hit@40': 0.174, 'ndcg@40': 0.0584} 
2024-10-15 22:28:20.866 | INFO     | trainer_1_top:_train_one_epoch:178 - epoch 35 6.32s Train loss is [0.3511] 
2024-10-15 22:28:26.001 | INFO     | trainer_1_top:_train_one_epoch:186 - validate 35 cost time 5.13s, result: {'hit@1': 0.0175, 'ndcg@1': 0.0175, 'hit@5': 0.0611, 'ndcg@5': 0.0394, 'hit@10': 0.0994, 'ndcg@10': 0.0517, 'hit@15': 0.1311, 'ndcg@15': 0.0601, 'hit@20': 0.1561, 'ndcg@20': 0.0659, 'hit@40': 0.243, 'ndcg@40': 0.0836} 
2024-10-15 22:28:31.011 | INFO     | trainer_1_top:_train_one_epoch:194 - test 35 cost time 5.01s, result: {'hit@1': 0.0117, 'ndcg@1': 0.0117, 'hit@5': 0.0407, 'ndcg@5': 0.0262, 'hit@10': 0.0678, 'ndcg@10': 0.0349, 'hit@15': 0.0881, 'ndcg@15': 0.0403, 'hit@20': 0.1061, 'ndcg@20': 0.0445, 'hit@40': 0.1695, 'ndcg@40': 0.0574} 
2024-10-15 22:28:48.906 | INFO     | trainer_1_top:_train_one_epoch:178 - epoch 36 6.84s Train loss is [0.3515] 
2024-10-15 22:28:53.958 | INFO     | trainer_1_top:_train_one_epoch:186 - validate 36 cost time 5.05s, result: {'hit@1': 0.0166, 'ndcg@1': 0.0166, 'hit@5': 0.0607, 'ndcg@5': 0.0386, 'hit@10': 0.1, 'ndcg@10': 0.0512, 'hit@15': 0.1334, 'ndcg@15': 0.06, 'hit@20': 0.1627, 'ndcg@20': 0.067, 'hit@40': 0.2547, 'ndcg@40': 0.0857} 
2024-10-15 22:28:58.977 | INFO     | trainer_1_top:_train_one_epoch:194 - test 36 cost time 5.02s, result: {'hit@1': 0.0108, 'ndcg@1': 0.0108, 'hit@5': 0.0408, 'ndcg@5': 0.0258, 'hit@10': 0.068, 'ndcg@10': 0.0345, 'hit@15': 0.0902, 'ndcg@15': 0.0404, 'hit@20': 0.111, 'ndcg@20': 0.0453, 'hit@40': 0.1775, 'ndcg@40': 0.0588} 
2024-10-15 22:29:16.689 | INFO     | trainer_1_top:_train_one_epoch:178 - epoch 37 6.58s Train loss is [0.3549] 
2024-10-15 22:29:22.504 | INFO     | trainer_1_top:_train_one_epoch:186 - validate 37 cost time 5.81s, result: {'hit@1': 0.017, 'ndcg@1': 0.017, 'hit@5': 0.0602, 'ndcg@5': 0.0387, 'hit@10': 0.0997, 'ndcg@10': 0.0514, 'hit@15': 0.1327, 'ndcg@15': 0.0601, 'hit@20': 0.1614, 'ndcg@20': 0.0669, 'hit@40': 0.2529, 'ndcg@40': 0.0855} 
2024-10-15 22:29:28.246 | INFO     | trainer_1_top:_train_one_epoch:194 - test 37 cost time 5.74s, result: {'hit@1': 0.0111, 'ndcg@1': 0.0111, 'hit@5': 0.0403, 'ndcg@5': 0.0257, 'hit@10': 0.0683, 'ndcg@10': 0.0347, 'hit@15': 0.0894, 'ndcg@15': 0.0403, 'hit@20': 0.1093, 'ndcg@20': 0.045, 'hit@40': 0.1781, 'ndcg@40': 0.0589} 
2024-10-15 22:29:48.332 | INFO     | trainer_1_top:_train_one_epoch:178 - epoch 38 7.79s Train loss is [0.3471] 
2024-10-15 22:29:54.157 | INFO     | trainer_1_top:_train_one_epoch:186 - validate 38 cost time 5.82s, result: {'hit@1': 0.0174, 'ndcg@1': 0.0174, 'hit@5': 0.0616, 'ndcg@5': 0.0399, 'hit@10': 0.1012, 'ndcg@10': 0.0526, 'hit@15': 0.1334, 'ndcg@15': 0.0611, 'hit@20': 0.1621, 'ndcg@20': 0.0678, 'hit@40': 0.2523, 'ndcg@40': 0.0862} 
2024-10-15 22:29:59.912 | INFO     | trainer_1_top:_train_one_epoch:194 - test 38 cost time 5.75s, result: {'hit@1': 0.0108, 'ndcg@1': 0.0108, 'hit@5': 0.0409, 'ndcg@5': 0.0258, 'hit@10': 0.0681, 'ndcg@10': 0.0345, 'hit@15': 0.0908, 'ndcg@15': 0.0405, 'hit@20': 0.1096, 'ndcg@20': 0.045, 'hit@40': 0.1751, 'ndcg@40': 0.0583} 
2024-10-15 22:30:06.728 | INFO     | trainer_1_top:_train_one_epoch:178 - epoch 39 6.82s Train loss is [0.3545] 
2024-10-15 22:30:12.534 | INFO     | trainer_1_top:_train_one_epoch:186 - validate 39 cost time 5.80s, result: {'hit@1': 0.0182, 'ndcg@1': 0.0182, 'hit@5': 0.0651, 'ndcg@5': 0.0417, 'hit@10': 0.1043, 'ndcg@10': 0.0543, 'hit@15': 0.1379, 'ndcg@15': 0.0632, 'hit@20': 0.1664, 'ndcg@20': 0.0699, 'hit@40': 0.2606, 'ndcg@40': 0.089} 
2024-10-15 22:30:18.304 | INFO     | trainer_1_top:_train_one_epoch:194 - test 39 cost time 5.77s, result: {'hit@1': 0.0106, 'ndcg@1': 0.0106, 'hit@5': 0.0409, 'ndcg@5': 0.0259, 'hit@10': 0.0681, 'ndcg@10': 0.0346, 'hit@15': 0.0913, 'ndcg@15': 0.0407, 'hit@20': 0.112, 'ndcg@20': 0.0456, 'hit@40': 0.1805, 'ndcg@40': 0.0595} 
2024-10-15 22:30:25.112 | INFO     | trainer_1_top:_train_one_epoch:178 - epoch 40 6.81s Train loss is [0.3481] 
2024-10-15 22:30:30.786 | INFO     | trainer_1_top:_train_one_epoch:186 - validate 40 cost time 5.67s, result: {'hit@1': 0.0164, 'ndcg@1': 0.0164, 'hit@5': 0.0634, 'ndcg@5': 0.04, 'hit@10': 0.1008, 'ndcg@10': 0.0519, 'hit@15': 0.1361, 'ndcg@15': 0.0613, 'hit@20': 0.1666, 'ndcg@20': 0.0685, 'hit@40': 0.2578, 'ndcg@40': 0.087} 
2024-10-15 22:30:36.388 | INFO     | trainer_1_top:_train_one_epoch:194 - test 40 cost time 5.60s, result: {'hit@1': 0.0108, 'ndcg@1': 0.0108, 'hit@5': 0.0409, 'ndcg@5': 0.0259, 'hit@10': 0.0675, 'ndcg@10': 0.0344, 'hit@15': 0.0909, 'ndcg@15': 0.0406, 'hit@20': 0.1105, 'ndcg@20': 0.0452, 'hit@40': 0.1802, 'ndcg@40': 0.0594} 
2024-10-15 22:30:43.091 | INFO     | trainer_1_top:_train_one_epoch:178 - epoch 41 6.70s Train loss is [0.3447] 
2024-10-15 22:30:48.949 | INFO     | trainer_1_top:_train_one_epoch:186 - validate 41 cost time 5.86s, result: {'hit@1': 0.0167, 'ndcg@1': 0.0167, 'hit@5': 0.0617, 'ndcg@5': 0.0392, 'hit@10': 0.1029, 'ndcg@10': 0.0524, 'hit@15': 0.1356, 'ndcg@15': 0.061, 'hit@20': 0.1659, 'ndcg@20': 0.0682, 'hit@40': 0.2595, 'ndcg@40': 0.0873} 
2024-10-15 22:30:55.043 | INFO     | trainer_1_top:_train_one_epoch:194 - test 41 cost time 6.09s, result: {'hit@1': 0.0112, 'ndcg@1': 0.0112, 'hit@5': 0.0398, 'ndcg@5': 0.0255, 'hit@10': 0.0682, 'ndcg@10': 0.0346, 'hit@15': 0.0904, 'ndcg@15': 0.0404, 'hit@20': 0.1109, 'ndcg@20': 0.0453, 'hit@40': 0.1794, 'ndcg@40': 0.0592} 
2024-10-15 22:31:01.409 | INFO     | trainer_1_top:_train_one_epoch:178 - epoch 42 6.36s Train loss is [0.3385] 
2024-10-15 22:31:06.451 | INFO     | trainer_1_top:_train_one_epoch:186 - validate 42 cost time 5.04s, result: {'hit@1': 0.0164, 'ndcg@1': 0.0164, 'hit@5': 0.0598, 'ndcg@5': 0.0383, 'hit@10': 0.0962, 'ndcg@10': 0.0499, 'hit@15': 0.1309, 'ndcg@15': 0.0591, 'hit@20': 0.1597, 'ndcg@20': 0.0659, 'hit@40': 0.249, 'ndcg@40': 0.0841} 
2024-10-15 22:31:11.474 | INFO     | trainer_1_top:_train_one_epoch:194 - test 42 cost time 5.02s, result: {'hit@1': 0.0112, 'ndcg@1': 0.0112, 'hit@5': 0.0387, 'ndcg@5': 0.025, 'hit@10': 0.0647, 'ndcg@10': 0.0333, 'hit@15': 0.0869, 'ndcg@15': 0.0392, 'hit@20': 0.1072, 'ndcg@20': 0.0439, 'hit@40': 0.1711, 'ndcg@40': 0.057} 
2024-10-15 22:31:17.855 | INFO     | trainer_1_top:_train_one_epoch:178 - epoch 43 6.38s Train loss is [0.3438] 
2024-10-15 22:31:23.622 | INFO     | trainer_1_top:_train_one_epoch:186 - validate 43 cost time 5.77s, result: {'hit@1': 0.0155, 'ndcg@1': 0.0155, 'hit@5': 0.0604, 'ndcg@5': 0.0382, 'hit@10': 0.1012, 'ndcg@10': 0.0513, 'hit@15': 0.1343, 'ndcg@15': 0.06, 'hit@20': 0.1655, 'ndcg@20': 0.0673, 'hit@40': 0.259, 'ndcg@40': 0.0864} 
2024-10-15 22:31:29.371 | INFO     | trainer_1_top:_train_one_epoch:194 - test 43 cost time 5.75s, result: {'hit@1': 0.0114, 'ndcg@1': 0.0114, 'hit@5': 0.0386, 'ndcg@5': 0.0251, 'hit@10': 0.0666, 'ndcg@10': 0.034, 'hit@15': 0.0892, 'ndcg@15': 0.0399, 'hit@20': 0.1109, 'ndcg@20': 0.0451, 'hit@40': 0.18, 'ndcg@40': 0.0591} 
2024-10-15 22:31:35.862 | INFO     | trainer_1_top:_train_one_epoch:178 - epoch 44 6.49s Train loss is [0.3383] 
2024-10-15 22:31:40.897 | INFO     | trainer_1_top:_train_one_epoch:186 - validate 44 cost time 5.03s, result: {'hit@1': 0.0173, 'ndcg@1': 0.0173, 'hit@5': 0.0645, 'ndcg@5': 0.0408, 'hit@10': 0.1078, 'ndcg@10': 0.0546, 'hit@15': 0.1418, 'ndcg@15': 0.0636, 'hit@20': 0.174, 'ndcg@20': 0.0712, 'hit@40': 0.2706, 'ndcg@40': 0.0909} 
2024-10-15 22:31:45.905 | INFO     | trainer_1_top:_train_one_epoch:194 - test 44 cost time 5.01s, result: {'hit@1': 0.0126, 'ndcg@1': 0.0126, 'hit@5': 0.0431, 'ndcg@5': 0.0278, 'hit@10': 0.0717, 'ndcg@10': 0.0369, 'hit@15': 0.0952, 'ndcg@15': 0.0432, 'hit@20': 0.1174, 'ndcg@20': 0.0484, 'hit@40': 0.1876, 'ndcg@40': 0.0626} 
2024-10-15 22:32:07.409 | INFO     | trainer_1_top:_train_one_epoch:178 - epoch 45 6.86s Train loss is [0.3400] 
2024-10-15 22:32:12.592 | INFO     | trainer_1_top:_train_one_epoch:186 - validate 45 cost time 5.18s, result: {'hit@1': 0.0183, 'ndcg@1': 0.0183, 'hit@5': 0.0629, 'ndcg@5': 0.0407, 'hit@10': 0.1026, 'ndcg@10': 0.0534, 'hit@15': 0.1344, 'ndcg@15': 0.0618, 'hit@20': 0.1652, 'ndcg@20': 0.069, 'hit@40': 0.2573, 'ndcg@40': 0.0878} 
2024-10-15 22:32:17.591 | INFO     | trainer_1_top:_train_one_epoch:194 - test 45 cost time 5.00s, result: {'hit@1': 0.012, 'ndcg@1': 0.012, 'hit@5': 0.0409, 'ndcg@5': 0.0265, 'hit@10': 0.0659, 'ndcg@10': 0.0345, 'hit@15': 0.088, 'ndcg@15': 0.0403, 'hit@20': 0.1096, 'ndcg@20': 0.0454, 'hit@40': 0.1779, 'ndcg@40': 0.0593} 
2024-10-15 22:32:24.190 | INFO     | trainer_1_top:_train_one_epoch:178 - epoch 46 6.60s Train loss is [0.3421] 
2024-10-15 22:32:29.262 | INFO     | trainer_1_top:_train_one_epoch:186 - validate 46 cost time 5.07s, result: {'hit@1': 0.0169, 'ndcg@1': 0.0169, 'hit@5': 0.064, 'ndcg@5': 0.0404, 'hit@10': 0.1021, 'ndcg@10': 0.0526, 'hit@15': 0.1375, 'ndcg@15': 0.062, 'hit@20': 0.1685, 'ndcg@20': 0.0693, 'hit@40': 0.2633, 'ndcg@40': 0.0886} 
2024-10-15 22:32:34.253 | INFO     | trainer_1_top:_train_one_epoch:194 - test 46 cost time 4.99s, result: {'hit@1': 0.0117, 'ndcg@1': 0.0117, 'hit@5': 0.0416, 'ndcg@5': 0.0266, 'hit@10': 0.0685, 'ndcg@10': 0.0352, 'hit@15': 0.0915, 'ndcg@15': 0.0413, 'hit@20': 0.1125, 'ndcg@20': 0.0462, 'hit@40': 0.1805, 'ndcg@40': 0.0601} 
2024-10-15 22:32:40.754 | INFO     | trainer_1_top:_train_one_epoch:178 - epoch 47 6.50s Train loss is [0.3366] 
2024-10-15 22:32:45.801 | INFO     | trainer_1_top:_train_one_epoch:186 - validate 47 cost time 5.05s, result: {'hit@1': 0.0175, 'ndcg@1': 0.0175, 'hit@5': 0.0626, 'ndcg@5': 0.0401, 'hit@10': 0.106, 'ndcg@10': 0.0541, 'hit@15': 0.1401, 'ndcg@15': 0.0631, 'hit@20': 0.1704, 'ndcg@20': 0.0702, 'hit@40': 0.2608, 'ndcg@40': 0.0886} 
2024-10-15 22:32:50.806 | INFO     | trainer_1_top:_train_one_epoch:194 - test 47 cost time 5.01s, result: {'hit@1': 0.0125, 'ndcg@1': 0.0125, 'hit@5': 0.0419, 'ndcg@5': 0.0271, 'hit@10': 0.07, 'ndcg@10': 0.0361, 'hit@15': 0.0934, 'ndcg@15': 0.0422, 'hit@20': 0.115, 'ndcg@20': 0.0473, 'hit@40': 0.1838, 'ndcg@40': 0.0613} 
2024-10-15 22:32:57.146 | INFO     | trainer_1_top:_train_one_epoch:178 - epoch 48 6.34s Train loss is [0.3347] 
2024-10-15 22:33:02.188 | INFO     | trainer_1_top:_train_one_epoch:186 - validate 48 cost time 5.04s, result: {'hit@1': 0.0167, 'ndcg@1': 0.0167, 'hit@5': 0.0612, 'ndcg@5': 0.0392, 'hit@10': 0.102, 'ndcg@10': 0.0522, 'hit@15': 0.1354, 'ndcg@15': 0.0611, 'hit@20': 0.167, 'ndcg@20': 0.0685, 'hit@40': 0.2589, 'ndcg@40': 0.0872} 
2024-10-15 22:33:07.197 | INFO     | trainer_1_top:_train_one_epoch:194 - test 48 cost time 5.01s, result: {'hit@1': 0.0118, 'ndcg@1': 0.0118, 'hit@5': 0.041, 'ndcg@5': 0.0262, 'hit@10': 0.0677, 'ndcg@10': 0.0348, 'hit@15': 0.0909, 'ndcg@15': 0.0409, 'hit@20': 0.1114, 'ndcg@20': 0.0458, 'hit@40': 0.183, 'ndcg@40': 0.0603} 
2024-10-15 22:33:13.761 | INFO     | trainer_1_top:_train_one_epoch:178 - epoch 49 6.56s Train loss is [0.3381] 
2024-10-15 22:33:19.415 | INFO     | trainer_1_top:_train_one_epoch:186 - validate 49 cost time 5.65s, result: {'hit@1': 0.0182, 'ndcg@1': 0.0182, 'hit@5': 0.0629, 'ndcg@5': 0.0405, 'hit@10': 0.1055, 'ndcg@10': 0.0541, 'hit@15': 0.1399, 'ndcg@15': 0.0632, 'hit@20': 0.1704, 'ndcg@20': 0.0704, 'hit@40': 0.2673, 'ndcg@40': 0.0901} 
2024-10-15 22:33:24.965 | INFO     | trainer_1_top:_train_one_epoch:194 - test 49 cost time 5.55s, result: {'hit@1': 0.0122, 'ndcg@1': 0.0122, 'hit@5': 0.0439, 'ndcg@5': 0.0279, 'hit@10': 0.0688, 'ndcg@10': 0.0359, 'hit@15': 0.0932, 'ndcg@15': 0.0423, 'hit@20': 0.1153, 'ndcg@20': 0.0476, 'hit@40': 0.1859, 'ndcg@40': 0.0619} 
2024-10-15 22:33:24.975 | INFO     | trainer_1_top:train_model:148 - training end, best iteration 44, results: {'hit@1': 0.0173, 'ndcg@1': 0.0173, 'hit@5': 0.0645, 'ndcg@5': 0.0408, 'hit@10': 0.1078, 'ndcg@10': 0.0546, 'hit@15': 0.1418, 'ndcg@15': 0.0636, 'hit@20': 0.174, 'ndcg@20': 0.0712, 'hit@40': 0.2706, 'ndcg@40': 0.0909}
2024-10-15 22:33:24.975 | INFO     | trainer_1_top:train_model:151 - final test result is:  {'hit@1': 0.0126, 'ndcg@1': 0.0126, 'hit@5': 0.0431, 'ndcg@5': 0.0278, 'hit@10': 0.0717, 'ndcg@10': 0.0369, 'hit@15': 0.0952, 'ndcg@15': 0.0432, 'hit@20': 0.1174, 'ndcg@20': 0.0484, 'hit@40': 0.1876, 'ndcg@40': 0.0626}
2024-10-15 22:33:25.303 | INFO     | __main__:<module>:119 - train end total cost time: 1122.68434882164
