2024-10-09 10:28:11.530 | INFO     | __main__:<module>:105 - Namespace(TIME='2024-10-09 10_27_39', batch_size=1024, behaviors=['view', 'cart', 'buy'], check_point='model_pre_1_2024-10-08 12_13_12.pth', data_name='beibei', data_path='./data/beibei', decay=0.001, device='cuda:1', dim_qk=32, dim_v=64, distill_layers=2, distill_thres=0.5, distill_topK=10, distill_userK=4, embedding_size=64, epochs=100, gpu_no=1, if_load_model=True, ii_lambda=200, initializer_range=0.02, layers=2, loss_type='bpr', lr=0.001, message_dropout=0.25, metrics=['hit', 'ndcg'], min_epoch=5, model_name='main_1', model_path='./check_point', node_dropout=0.75, omega=1, pt_loop=50, reg_weight=0.001, test_batch_size=1024, testbatch=1024, topk=[1, 5, 10, 15, 20, 40], uu_lambda=100)
2024-10-09 10:28:11.530 | INFO     | __main__:<module>:106 - BIPN(
  (message_dropout): Dropout(p=0.25, inplace=False)
  (user_embedding): Embedding(21717, 64, padding_idx=0)
  (item_embedding): Embedding(7978, 64, padding_idx=0)
  (global_Graph): LightGCN()
  (Graph_encoder): ModuleDict(
    (view): GraphEncoder(
      (light): LightGCN()
      (dropout): Dropout(p=0.75, inplace=False)
    )
    (cart): GraphEncoder(
      (light): LightGCN()
      (dropout): Dropout(p=0.75, inplace=False)
    )
    (buy): GraphEncoder(
      (light): LightGCN()
      (dropout): Dropout(p=0.75, inplace=False)
    )
  )
  (attention): Mutual_Attention()
  (bpr_loss): BPRLoss()
  (emb_loss): EmbLoss()
  (f): Sigmoid()
)
2024-10-09 10:45:25.938 | INFO     | trainer_1:_train_one_epoch:193 - epoch 1 6.79s Train loss is [0.9039] 
2024-10-09 10:45:35.044 | INFO     | trainer_1:_train_one_epoch:201 - validate 1 cost time 9.10s, result: {'hit@1': 0.0076, 'ndcg@1': 0.0076, 'hit@5': 0.0293, 'ndcg@5': 0.0185, 'hit@10': 0.0499, 'ndcg@10': 0.025, 'hit@15': 0.0684, 'ndcg@15': 0.03, 'hit@20': 0.0856, 'ndcg@20': 0.034, 'hit@40': 0.1434, 'ndcg@40': 0.0458} 
2024-10-09 10:45:43.944 | INFO     | trainer_1:_train_one_epoch:209 - test 1 cost time 8.90s, result: {'hit@1': 0.0043, 'ndcg@1': 0.0043, 'hit@5': 0.0177, 'ndcg@5': 0.0109, 'hit@10': 0.0351, 'ndcg@10': 0.0164, 'hit@15': 0.0496, 'ndcg@15': 0.0203, 'hit@20': 0.0614, 'ndcg@20': 0.023, 'hit@40': 0.1048, 'ndcg@40': 0.0318} 
2024-10-09 10:46:00.688 | INFO     | trainer_1:_train_one_epoch:193 - epoch 2 6.69s Train loss is [0.6801] 
2024-10-09 10:46:08.953 | INFO     | trainer_1:_train_one_epoch:201 - validate 2 cost time 8.27s, result: {'hit@1': 0.0079, 'ndcg@1': 0.0079, 'hit@5': 0.0333, 'ndcg@5': 0.0205, 'hit@10': 0.0568, 'ndcg@10': 0.028, 'hit@15': 0.0776, 'ndcg@15': 0.0335, 'hit@20': 0.0951, 'ndcg@20': 0.0376, 'hit@40': 0.1591, 'ndcg@40': 0.0506} 
2024-10-09 10:46:17.994 | INFO     | trainer_1:_train_one_epoch:209 - test 2 cost time 9.04s, result: {'hit@1': 0.0049, 'ndcg@1': 0.0049, 'hit@5': 0.02, 'ndcg@5': 0.0122, 'hit@10': 0.0363, 'ndcg@10': 0.0175, 'hit@15': 0.0515, 'ndcg@15': 0.0215, 'hit@20': 0.0664, 'ndcg@20': 0.025, 'hit@40': 0.1146, 'ndcg@40': 0.0348} 
2024-10-09 10:46:36.694 | INFO     | trainer_1:_train_one_epoch:193 - epoch 3 8.00s Train loss is [0.6055] 
2024-10-09 10:46:45.270 | INFO     | trainer_1:_train_one_epoch:201 - validate 3 cost time 8.58s, result: {'hit@1': 0.0089, 'ndcg@1': 0.0089, 'hit@5': 0.0371, 'ndcg@5': 0.023, 'hit@10': 0.0644, 'ndcg@10': 0.0317, 'hit@15': 0.0908, 'ndcg@15': 0.0387, 'hit@20': 0.1139, 'ndcg@20': 0.0442, 'hit@40': 0.1876, 'ndcg@40': 0.0592} 
2024-10-09 10:46:54.271 | INFO     | trainer_1:_train_one_epoch:209 - test 3 cost time 9.00s, result: {'hit@1': 0.0055, 'ndcg@1': 0.0055, 'hit@5': 0.0228, 'ndcg@5': 0.014, 'hit@10': 0.0436, 'ndcg@10': 0.0206, 'hit@15': 0.061, 'ndcg@15': 0.0252, 'hit@20': 0.0758, 'ndcg@20': 0.0287, 'hit@40': 0.1335, 'ndcg@40': 0.0404} 
2024-10-09 10:47:11.331 | INFO     | trainer_1:_train_one_epoch:193 - epoch 4 6.86s Train loss is [0.5744] 
2024-10-09 10:47:18.730 | INFO     | trainer_1:_train_one_epoch:201 - validate 4 cost time 7.40s, result: {'hit@1': 0.0106, 'ndcg@1': 0.0106, 'hit@5': 0.0419, 'ndcg@5': 0.0264, 'hit@10': 0.0702, 'ndcg@10': 0.0354, 'hit@15': 0.096, 'ndcg@15': 0.0423, 'hit@20': 0.1187, 'ndcg@20': 0.0477, 'hit@40': 0.1898, 'ndcg@40': 0.0621} 
2024-10-09 10:47:27.525 | INFO     | trainer_1:_train_one_epoch:209 - test 4 cost time 8.79s, result: {'hit@1': 0.0062, 'ndcg@1': 0.0062, 'hit@5': 0.0227, 'ndcg@5': 0.0145, 'hit@10': 0.0423, 'ndcg@10': 0.0208, 'hit@15': 0.0596, 'ndcg@15': 0.0254, 'hit@20': 0.0753, 'ndcg@20': 0.0291, 'hit@40': 0.1269, 'ndcg@40': 0.0396} 
2024-10-09 10:47:34.605 | INFO     | trainer_1:_train_one_epoch:193 - epoch 5 7.08s Train loss is [0.5373] 
2024-10-09 10:47:43.634 | INFO     | trainer_1:_train_one_epoch:201 - validate 5 cost time 9.03s, result: {'hit@1': 0.0127, 'ndcg@1': 0.0127, 'hit@5': 0.0443, 'ndcg@5': 0.0283, 'hit@10': 0.0745, 'ndcg@10': 0.038, 'hit@15': 0.0999, 'ndcg@15': 0.0447, 'hit@20': 0.1242, 'ndcg@20': 0.0504, 'hit@40': 0.1964, 'ndcg@40': 0.0652} 
2024-10-09 10:47:51.229 | INFO     | trainer_1:_train_one_epoch:209 - test 5 cost time 7.59s, result: {'hit@1': 0.007, 'ndcg@1': 0.007, 'hit@5': 0.0264, 'ndcg@5': 0.0166, 'hit@10': 0.0452, 'ndcg@10': 0.0226, 'hit@15': 0.062, 'ndcg@15': 0.027, 'hit@20': 0.078, 'ndcg@20': 0.0308, 'hit@40': 0.1327, 'ndcg@40': 0.0419} 
2024-10-09 10:48:08.756 | INFO     | trainer_1:_train_one_epoch:193 - epoch 6 7.05s Train loss is [0.5215] 
2024-10-09 10:48:17.385 | INFO     | trainer_1:_train_one_epoch:201 - validate 6 cost time 8.63s, result: {'hit@1': 0.0133, 'ndcg@1': 0.0133, 'hit@5': 0.0446, 'ndcg@5': 0.0287, 'hit@10': 0.0738, 'ndcg@10': 0.038, 'hit@15': 0.1002, 'ndcg@15': 0.045, 'hit@20': 0.1237, 'ndcg@20': 0.0505, 'hit@40': 0.1989, 'ndcg@40': 0.0659} 
2024-10-09 10:48:24.714 | INFO     | trainer_1:_train_one_epoch:209 - test 6 cost time 7.33s, result: {'hit@1': 0.0067, 'ndcg@1': 0.0067, 'hit@5': 0.0286, 'ndcg@5': 0.0175, 'hit@10': 0.0489, 'ndcg@10': 0.024, 'hit@15': 0.0675, 'ndcg@15': 0.0289, 'hit@20': 0.0836, 'ndcg@20': 0.0327, 'hit@40': 0.1398, 'ndcg@40': 0.0441} 
2024-10-09 10:48:42.047 | INFO     | trainer_1:_train_one_epoch:193 - epoch 7 7.06s Train loss is [0.4909] 
2024-10-09 10:48:47.360 | INFO     | trainer_1:_train_one_epoch:201 - validate 7 cost time 5.31s, result: {'hit@1': 0.0124, 'ndcg@1': 0.0124, 'hit@5': 0.0431, 'ndcg@5': 0.0276, 'hit@10': 0.0735, 'ndcg@10': 0.0373, 'hit@15': 0.1, 'ndcg@15': 0.0443, 'hit@20': 0.124, 'ndcg@20': 0.0499, 'hit@40': 0.2002, 'ndcg@40': 0.0654} 
2024-10-09 10:48:52.333 | INFO     | trainer_1:_train_one_epoch:209 - test 7 cost time 4.97s, result: {'hit@1': 0.0065, 'ndcg@1': 0.0065, 'hit@5': 0.0267, 'ndcg@5': 0.0164, 'hit@10': 0.0476, 'ndcg@10': 0.0231, 'hit@15': 0.0654, 'ndcg@15': 0.0278, 'hit@20': 0.0816, 'ndcg@20': 0.0316, 'hit@40': 0.1423, 'ndcg@40': 0.0439} 
2024-10-09 10:48:59.217 | INFO     | trainer_1:_train_one_epoch:193 - epoch 8 6.88s Train loss is [0.4913] 
2024-10-09 10:49:06.446 | INFO     | trainer_1:_train_one_epoch:201 - validate 8 cost time 7.23s, result: {'hit@1': 0.0122, 'ndcg@1': 0.0122, 'hit@5': 0.0434, 'ndcg@5': 0.0277, 'hit@10': 0.074, 'ndcg@10': 0.0375, 'hit@15': 0.1008, 'ndcg@15': 0.0446, 'hit@20': 0.1237, 'ndcg@20': 0.05, 'hit@40': 0.2006, 'ndcg@40': 0.0656} 
2024-10-09 10:49:14.071 | INFO     | trainer_1:_train_one_epoch:209 - test 8 cost time 7.62s, result: {'hit@1': 0.0076, 'ndcg@1': 0.0076, 'hit@5': 0.0268, 'ndcg@5': 0.0172, 'hit@10': 0.0472, 'ndcg@10': 0.0237, 'hit@15': 0.0656, 'ndcg@15': 0.0286, 'hit@20': 0.0827, 'ndcg@20': 0.0326, 'hit@40': 0.1413, 'ndcg@40': 0.0445} 
2024-10-09 10:49:20.630 | INFO     | trainer_1:_train_one_epoch:193 - epoch 9 6.56s Train loss is [0.4666] 
2024-10-09 10:49:28.717 | INFO     | trainer_1:_train_one_epoch:201 - validate 9 cost time 8.09s, result: {'hit@1': 0.0105, 'ndcg@1': 0.0105, 'hit@5': 0.0435, 'ndcg@5': 0.0271, 'hit@10': 0.0733, 'ndcg@10': 0.0366, 'hit@15': 0.0994, 'ndcg@15': 0.0435, 'hit@20': 0.1233, 'ndcg@20': 0.0492, 'hit@40': 0.2006, 'ndcg@40': 0.0649} 
2024-10-09 10:49:34.927 | INFO     | trainer_1:_train_one_epoch:209 - test 9 cost time 6.21s, result: {'hit@1': 0.0067, 'ndcg@1': 0.0067, 'hit@5': 0.0276, 'ndcg@5': 0.0171, 'hit@10': 0.0458, 'ndcg@10': 0.0228, 'hit@15': 0.0621, 'ndcg@15': 0.0271, 'hit@20': 0.0805, 'ndcg@20': 0.0315, 'hit@40': 0.1397, 'ndcg@40': 0.0435} 
2024-10-09 10:49:41.271 | INFO     | trainer_1:_train_one_epoch:193 - epoch 10 6.34s Train loss is [0.4560] 
2024-10-09 10:49:50.227 | INFO     | trainer_1:_train_one_epoch:201 - validate 10 cost time 8.96s, result: {'hit@1': 0.0113, 'ndcg@1': 0.0113, 'hit@5': 0.0451, 'ndcg@5': 0.0281, 'hit@10': 0.0769, 'ndcg@10': 0.0383, 'hit@15': 0.1049, 'ndcg@15': 0.0457, 'hit@20': 0.1297, 'ndcg@20': 0.0516, 'hit@40': 0.2092, 'ndcg@40': 0.0678} 
2024-10-09 10:49:59.007 | INFO     | trainer_1:_train_one_epoch:209 - test 10 cost time 8.78s, result: {'hit@1': 0.0069, 'ndcg@1': 0.0069, 'hit@5': 0.0288, 'ndcg@5': 0.0177, 'hit@10': 0.0482, 'ndcg@10': 0.0239, 'hit@15': 0.0659, 'ndcg@15': 0.0285, 'hit@20': 0.0836, 'ndcg@20': 0.0327, 'hit@40': 0.1451, 'ndcg@40': 0.0452} 
2024-10-09 10:50:05.327 | INFO     | trainer_1:_train_one_epoch:193 - epoch 11 6.32s Train loss is [0.4410] 
2024-10-09 10:50:11.638 | INFO     | trainer_1:_train_one_epoch:201 - validate 11 cost time 6.31s, result: {'hit@1': 0.0111, 'ndcg@1': 0.0111, 'hit@5': 0.0426, 'ndcg@5': 0.0268, 'hit@10': 0.0735, 'ndcg@10': 0.0367, 'hit@15': 0.1015, 'ndcg@15': 0.0441, 'hit@20': 0.1251, 'ndcg@20': 0.0496, 'hit@40': 0.202, 'ndcg@40': 0.0653} 
2024-10-09 10:50:19.501 | INFO     | trainer_1:_train_one_epoch:209 - test 11 cost time 7.86s, result: {'hit@1': 0.0068, 'ndcg@1': 0.0068, 'hit@5': 0.0273, 'ndcg@5': 0.0168, 'hit@10': 0.0474, 'ndcg@10': 0.0233, 'hit@15': 0.0639, 'ndcg@15': 0.0276, 'hit@20': 0.0819, 'ndcg@20': 0.0319, 'hit@40': 0.1413, 'ndcg@40': 0.0439} 
2024-10-09 10:50:25.674 | INFO     | trainer_1:_train_one_epoch:193 - epoch 12 6.17s Train loss is [0.4487] 
2024-10-09 10:50:34.888 | INFO     | trainer_1:_train_one_epoch:201 - validate 12 cost time 9.21s, result: {'hit@1': 0.0119, 'ndcg@1': 0.0119, 'hit@5': 0.0441, 'ndcg@5': 0.0278, 'hit@10': 0.0737, 'ndcg@10': 0.0373, 'hit@15': 0.1006, 'ndcg@15': 0.0444, 'hit@20': 0.1257, 'ndcg@20': 0.0503, 'hit@40': 0.2023, 'ndcg@40': 0.066} 
2024-10-09 10:50:43.281 | INFO     | trainer_1:_train_one_epoch:209 - test 12 cost time 8.39s, result: {'hit@1': 0.0073, 'ndcg@1': 0.0073, 'hit@5': 0.0282, 'ndcg@5': 0.0176, 'hit@10': 0.0481, 'ndcg@10': 0.024, 'hit@15': 0.0652, 'ndcg@15': 0.0285, 'hit@20': 0.0815, 'ndcg@20': 0.0323, 'hit@40': 0.1408, 'ndcg@40': 0.0444} 
2024-10-09 10:50:50.278 | INFO     | trainer_1:_train_one_epoch:193 - epoch 13 7.00s Train loss is [0.4478] 
2024-10-09 10:50:56.974 | INFO     | trainer_1:_train_one_epoch:201 - validate 13 cost time 6.70s, result: {'hit@1': 0.0111, 'ndcg@1': 0.0111, 'hit@5': 0.0467, 'ndcg@5': 0.0289, 'hit@10': 0.0817, 'ndcg@10': 0.0401, 'hit@15': 0.111, 'ndcg@15': 0.0478, 'hit@20': 0.1373, 'ndcg@20': 0.054, 'hit@40': 0.217, 'ndcg@40': 0.0703} 
2024-10-09 10:51:04.052 | INFO     | trainer_1:_train_one_epoch:209 - test 13 cost time 7.08s, result: {'hit@1': 0.0082, 'ndcg@1': 0.0082, 'hit@5': 0.0302, 'ndcg@5': 0.019, 'hit@10': 0.0519, 'ndcg@10': 0.0259, 'hit@15': 0.0705, 'ndcg@15': 0.0308, 'hit@20': 0.089, 'ndcg@20': 0.0352, 'hit@40': 0.1514, 'ndcg@40': 0.0478} 
2024-10-09 10:51:21.457 | INFO     | trainer_1:_train_one_epoch:193 - epoch 14 6.58s Train loss is [0.4291] 
2024-10-09 10:51:27.912 | INFO     | trainer_1:_train_one_epoch:201 - validate 14 cost time 6.45s, result: {'hit@1': 0.0122, 'ndcg@1': 0.0122, 'hit@5': 0.0485, 'ndcg@5': 0.0303, 'hit@10': 0.0831, 'ndcg@10': 0.0414, 'hit@15': 0.112, 'ndcg@15': 0.049, 'hit@20': 0.1395, 'ndcg@20': 0.0555, 'hit@40': 0.2198, 'ndcg@40': 0.0719} 
2024-10-09 10:51:35.305 | INFO     | trainer_1:_train_one_epoch:209 - test 14 cost time 7.39s, result: {'hit@1': 0.0081, 'ndcg@1': 0.0081, 'hit@5': 0.0309, 'ndcg@5': 0.0193, 'hit@10': 0.0533, 'ndcg@10': 0.0265, 'hit@15': 0.0734, 'ndcg@15': 0.0317, 'hit@20': 0.0934, 'ndcg@20': 0.0365, 'hit@40': 0.1557, 'ndcg@40': 0.0491} 
2024-10-09 10:51:52.946 | INFO     | trainer_1:_train_one_epoch:193 - epoch 15 7.06s Train loss is [0.4279] 
2024-10-09 10:51:59.905 | INFO     | trainer_1:_train_one_epoch:201 - validate 15 cost time 6.96s, result: {'hit@1': 0.0122, 'ndcg@1': 0.0122, 'hit@5': 0.0491, 'ndcg@5': 0.0305, 'hit@10': 0.0808, 'ndcg@10': 0.0407, 'hit@15': 0.109, 'ndcg@15': 0.0481, 'hit@20': 0.1335, 'ndcg@20': 0.0539, 'hit@40': 0.2156, 'ndcg@40': 0.0706} 
2024-10-09 10:52:07.510 | INFO     | trainer_1:_train_one_epoch:209 - test 15 cost time 7.60s, result: {'hit@1': 0.009, 'ndcg@1': 0.009, 'hit@5': 0.0308, 'ndcg@5': 0.0198, 'hit@10': 0.0527, 'ndcg@10': 0.0268, 'hit@15': 0.0725, 'ndcg@15': 0.032, 'hit@20': 0.0891, 'ndcg@20': 0.0359, 'hit@40': 0.1526, 'ndcg@40': 0.0488} 
2024-10-09 10:52:14.132 | INFO     | trainer_1:_train_one_epoch:193 - epoch 16 6.62s Train loss is [0.4077] 
2024-10-09 10:52:21.592 | INFO     | trainer_1:_train_one_epoch:201 - validate 16 cost time 7.46s, result: {'hit@1': 0.014, 'ndcg@1': 0.014, 'hit@5': 0.0528, 'ndcg@5': 0.0332, 'hit@10': 0.0863, 'ndcg@10': 0.0439, 'hit@15': 0.1158, 'ndcg@15': 0.0517, 'hit@20': 0.1408, 'ndcg@20': 0.0576, 'hit@40': 0.2249, 'ndcg@40': 0.0747} 
2024-10-09 10:52:29.716 | INFO     | trainer_1:_train_one_epoch:209 - test 16 cost time 8.12s, result: {'hit@1': 0.01, 'ndcg@1': 0.01, 'hit@5': 0.0355, 'ndcg@5': 0.0225, 'hit@10': 0.0599, 'ndcg@10': 0.0303, 'hit@15': 0.0786, 'ndcg@15': 0.0352, 'hit@20': 0.095, 'ndcg@20': 0.0391, 'hit@40': 0.1624, 'ndcg@40': 0.0528} 
2024-10-09 10:52:50.831 | INFO     | trainer_1:_train_one_epoch:193 - epoch 17 9.65s Train loss is [0.4102] 
2024-10-09 10:52:55.932 | INFO     | trainer_1:_train_one_epoch:201 - validate 17 cost time 5.10s, result: {'hit@1': 0.0128, 'ndcg@1': 0.0128, 'hit@5': 0.053, 'ndcg@5': 0.0328, 'hit@10': 0.0902, 'ndcg@10': 0.0447, 'hit@15': 0.1199, 'ndcg@15': 0.0526, 'hit@20': 0.1482, 'ndcg@20': 0.0593, 'hit@40': 0.2339, 'ndcg@40': 0.0767} 
2024-10-09 10:53:01.802 | INFO     | trainer_1:_train_one_epoch:209 - test 17 cost time 5.87s, result: {'hit@1': 0.0098, 'ndcg@1': 0.0098, 'hit@5': 0.0359, 'ndcg@5': 0.0229, 'hit@10': 0.0607, 'ndcg@10': 0.0308, 'hit@15': 0.0819, 'ndcg@15': 0.0364, 'hit@20': 0.101, 'ndcg@20': 0.0409, 'hit@40': 0.1672, 'ndcg@40': 0.0543} 
2024-10-09 10:53:21.321 | INFO     | trainer_1:_train_one_epoch:193 - epoch 18 7.97s Train loss is [0.4001] 
2024-10-09 10:53:30.227 | INFO     | trainer_1:_train_one_epoch:201 - validate 18 cost time 8.91s, result: {'hit@1': 0.0143, 'ndcg@1': 0.0143, 'hit@5': 0.0528, 'ndcg@5': 0.0335, 'hit@10': 0.0876, 'ndcg@10': 0.0447, 'hit@15': 0.1169, 'ndcg@15': 0.0524, 'hit@20': 0.1417, 'ndcg@20': 0.0583, 'hit@40': 0.2279, 'ndcg@40': 0.0758} 
2024-10-09 10:53:36.491 | INFO     | trainer_1:_train_one_epoch:209 - test 18 cost time 6.26s, result: {'hit@1': 0.0098, 'ndcg@1': 0.0098, 'hit@5': 0.0351, 'ndcg@5': 0.0224, 'hit@10': 0.0594, 'ndcg@10': 0.0302, 'hit@15': 0.079, 'ndcg@15': 0.0354, 'hit@20': 0.0977, 'ndcg@20': 0.0398, 'hit@40': 0.1631, 'ndcg@40': 0.0531} 
2024-10-09 10:53:45.318 | INFO     | trainer_1:_train_one_epoch:193 - epoch 19 8.83s Train loss is [0.3998] 
2024-10-09 10:53:54.371 | INFO     | trainer_1:_train_one_epoch:201 - validate 19 cost time 9.05s, result: {'hit@1': 0.0147, 'ndcg@1': 0.0147, 'hit@5': 0.0493, 'ndcg@5': 0.0321, 'hit@10': 0.0839, 'ndcg@10': 0.0432, 'hit@15': 0.1145, 'ndcg@15': 0.0512, 'hit@20': 0.1396, 'ndcg@20': 0.0571, 'hit@40': 0.2246, 'ndcg@40': 0.0744} 
2024-10-09 10:54:03.206 | INFO     | trainer_1:_train_one_epoch:209 - test 19 cost time 8.83s, result: {'hit@1': 0.0097, 'ndcg@1': 0.0097, 'hit@5': 0.0344, 'ndcg@5': 0.0219, 'hit@10': 0.0577, 'ndcg@10': 0.0293, 'hit@15': 0.0784, 'ndcg@15': 0.0347, 'hit@20': 0.0973, 'ndcg@20': 0.0392, 'hit@40': 0.1589, 'ndcg@40': 0.0517} 
2024-10-09 10:54:10.013 | INFO     | trainer_1:_train_one_epoch:193 - epoch 20 6.81s Train loss is [0.4007] 
2024-10-09 10:54:16.572 | INFO     | trainer_1:_train_one_epoch:201 - validate 20 cost time 6.56s, result: {'hit@1': 0.0149, 'ndcg@1': 0.0149, 'hit@5': 0.0523, 'ndcg@5': 0.0338, 'hit@10': 0.0854, 'ndcg@10': 0.0445, 'hit@15': 0.1156, 'ndcg@15': 0.0525, 'hit@20': 0.1418, 'ndcg@20': 0.0586, 'hit@40': 0.2315, 'ndcg@40': 0.0769} 
2024-10-09 10:54:24.174 | INFO     | trainer_1:_train_one_epoch:209 - test 20 cost time 7.60s, result: {'hit@1': 0.0098, 'ndcg@1': 0.0098, 'hit@5': 0.0361, 'ndcg@5': 0.023, 'hit@10': 0.0609, 'ndcg@10': 0.0309, 'hit@15': 0.083, 'ndcg@15': 0.0367, 'hit@20': 0.101, 'ndcg@20': 0.041, 'hit@40': 0.1673, 'ndcg@40': 0.0544} 
2024-10-09 10:54:41.316 | INFO     | trainer_1:_train_one_epoch:193 - epoch 21 6.05s Train loss is [0.3903] 
2024-10-09 10:54:46.919 | INFO     | trainer_1:_train_one_epoch:201 - validate 21 cost time 5.60s, result: {'hit@1': 0.0147, 'ndcg@1': 0.0147, 'hit@5': 0.0536, 'ndcg@5': 0.0342, 'hit@10': 0.085, 'ndcg@10': 0.0442, 'hit@15': 0.1146, 'ndcg@15': 0.052, 'hit@20': 0.138, 'ndcg@20': 0.0575, 'hit@40': 0.226, 'ndcg@40': 0.0754} 
2024-10-09 10:54:53.235 | INFO     | trainer_1:_train_one_epoch:209 - test 21 cost time 6.32s, result: {'hit@1': 0.0104, 'ndcg@1': 0.0104, 'hit@5': 0.0366, 'ndcg@5': 0.0234, 'hit@10': 0.0594, 'ndcg@10': 0.0307, 'hit@15': 0.0805, 'ndcg@15': 0.0363, 'hit@20': 0.0987, 'ndcg@20': 0.0406, 'hit@40': 0.1626, 'ndcg@40': 0.0536} 
2024-10-09 10:54:59.462 | INFO     | trainer_1:_train_one_epoch:193 - epoch 22 6.23s Train loss is [0.3991] 
2024-10-09 10:55:07.112 | INFO     | trainer_1:_train_one_epoch:201 - validate 22 cost time 7.65s, result: {'hit@1': 0.015, 'ndcg@1': 0.015, 'hit@5': 0.0545, 'ndcg@5': 0.0348, 'hit@10': 0.0878, 'ndcg@10': 0.0455, 'hit@15': 0.1174, 'ndcg@15': 0.0533, 'hit@20': 0.1418, 'ndcg@20': 0.059, 'hit@40': 0.2263, 'ndcg@40': 0.0762} 
2024-10-09 10:55:14.592 | INFO     | trainer_1:_train_one_epoch:209 - test 22 cost time 7.48s, result: {'hit@1': 0.0094, 'ndcg@1': 0.0094, 'hit@5': 0.0359, 'ndcg@5': 0.0225, 'hit@10': 0.0603, 'ndcg@10': 0.0304, 'hit@15': 0.0807, 'ndcg@15': 0.0358, 'hit@20': 0.0989, 'ndcg@20': 0.0401, 'hit@40': 0.1619, 'ndcg@40': 0.0528} 
2024-10-09 10:55:21.057 | INFO     | trainer_1:_train_one_epoch:193 - epoch 23 6.46s Train loss is [0.3881] 
2024-10-09 10:55:27.792 | INFO     | trainer_1:_train_one_epoch:201 - validate 23 cost time 6.73s, result: {'hit@1': 0.0157, 'ndcg@1': 0.0157, 'hit@5': 0.0571, 'ndcg@5': 0.0366, 'hit@10': 0.0928, 'ndcg@10': 0.048, 'hit@15': 0.123, 'ndcg@15': 0.056, 'hit@20': 0.1495, 'ndcg@20': 0.0622, 'hit@40': 0.2362, 'ndcg@40': 0.0799} 
2024-10-09 10:55:35.448 | INFO     | trainer_1:_train_one_epoch:209 - test 23 cost time 7.66s, result: {'hit@1': 0.0099, 'ndcg@1': 0.0099, 'hit@5': 0.0384, 'ndcg@5': 0.0241, 'hit@10': 0.0631, 'ndcg@10': 0.032, 'hit@15': 0.0828, 'ndcg@15': 0.0372, 'hit@20': 0.1016, 'ndcg@20': 0.0416, 'hit@40': 0.1677, 'ndcg@40': 0.055} 
2024-10-09 10:55:52.620 | INFO     | trainer_1:_train_one_epoch:193 - epoch 24 6.48s Train loss is [0.3835] 
2024-10-09 10:56:00.248 | INFO     | trainer_1:_train_one_epoch:201 - validate 24 cost time 7.63s, result: {'hit@1': 0.0152, 'ndcg@1': 0.0152, 'hit@5': 0.0555, 'ndcg@5': 0.0354, 'hit@10': 0.089, 'ndcg@10': 0.0461, 'hit@15': 0.1187, 'ndcg@15': 0.054, 'hit@20': 0.1443, 'ndcg@20': 0.06, 'hit@40': 0.23, 'ndcg@40': 0.0775} 
2024-10-09 10:56:09.104 | INFO     | trainer_1:_train_one_epoch:209 - test 24 cost time 8.86s, result: {'hit@1': 0.0104, 'ndcg@1': 0.0104, 'hit@5': 0.0368, 'ndcg@5': 0.0235, 'hit@10': 0.0612, 'ndcg@10': 0.0313, 'hit@15': 0.0813, 'ndcg@15': 0.0366, 'hit@20': 0.1002, 'ndcg@20': 0.0411, 'hit@40': 0.1649, 'ndcg@40': 0.0542} 
2024-10-09 10:56:15.319 | INFO     | trainer_1:_train_one_epoch:193 - epoch 25 6.21s Train loss is [0.3791] 
2024-10-09 10:56:23.944 | INFO     | trainer_1:_train_one_epoch:201 - validate 25 cost time 8.62s, result: {'hit@1': 0.0155, 'ndcg@1': 0.0155, 'hit@5': 0.0572, 'ndcg@5': 0.0366, 'hit@10': 0.0951, 'ndcg@10': 0.0487, 'hit@15': 0.1263, 'ndcg@15': 0.057, 'hit@20': 0.1527, 'ndcg@20': 0.0632, 'hit@40': 0.2393, 'ndcg@40': 0.0808} 
2024-10-09 10:56:28.751 | INFO     | trainer_1:_train_one_epoch:209 - test 25 cost time 4.81s, result: {'hit@1': 0.0114, 'ndcg@1': 0.0114, 'hit@5': 0.039, 'ndcg@5': 0.0252, 'hit@10': 0.0644, 'ndcg@10': 0.0333, 'hit@15': 0.0862, 'ndcg@15': 0.0391, 'hit@20': 0.1071, 'ndcg@20': 0.044, 'hit@40': 0.1747, 'ndcg@40': 0.0577} 
2024-10-09 10:56:45.765 | INFO     | trainer_1:_train_one_epoch:193 - epoch 26 6.34s Train loss is [0.3722] 
2024-10-09 10:56:54.717 | INFO     | trainer_1:_train_one_epoch:201 - validate 26 cost time 8.95s, result: {'hit@1': 0.0161, 'ndcg@1': 0.0161, 'hit@5': 0.0594, 'ndcg@5': 0.0378, 'hit@10': 0.0952, 'ndcg@10': 0.0493, 'hit@15': 0.1258, 'ndcg@15': 0.0574, 'hit@20': 0.1513, 'ndcg@20': 0.0634, 'hit@40': 0.2372, 'ndcg@40': 0.0809} 
2024-10-09 10:57:03.498 | INFO     | trainer_1:_train_one_epoch:209 - test 26 cost time 8.78s, result: {'hit@1': 0.0107, 'ndcg@1': 0.0107, 'hit@5': 0.0384, 'ndcg@5': 0.0246, 'hit@10': 0.064, 'ndcg@10': 0.0328, 'hit@15': 0.0848, 'ndcg@15': 0.0383, 'hit@20': 0.1039, 'ndcg@20': 0.0428, 'hit@40': 0.1696, 'ndcg@40': 0.0562} 
2024-10-09 10:57:09.740 | INFO     | trainer_1:_train_one_epoch:193 - epoch 27 6.24s Train loss is [0.3732] 
2024-10-09 10:57:16.190 | INFO     | trainer_1:_train_one_epoch:201 - validate 27 cost time 6.45s, result: {'hit@1': 0.0169, 'ndcg@1': 0.0169, 'hit@5': 0.06, 'ndcg@5': 0.0387, 'hit@10': 0.0965, 'ndcg@10': 0.0504, 'hit@15': 0.1295, 'ndcg@15': 0.0591, 'hit@20': 0.1558, 'ndcg@20': 0.0653, 'hit@40': 0.2418, 'ndcg@40': 0.0828} 
2024-10-09 10:57:23.470 | INFO     | trainer_1:_train_one_epoch:209 - test 27 cost time 7.28s, result: {'hit@1': 0.0116, 'ndcg@1': 0.0116, 'hit@5': 0.0392, 'ndcg@5': 0.0254, 'hit@10': 0.0659, 'ndcg@10': 0.0339, 'hit@15': 0.0873, 'ndcg@15': 0.0396, 'hit@20': 0.1087, 'ndcg@20': 0.0447, 'hit@40': 0.1736, 'ndcg@40': 0.0578} 
2024-10-09 10:57:41.498 | INFO     | trainer_1:_train_one_epoch:193 - epoch 28 6.80s Train loss is [0.3774] 
2024-10-09 10:57:48.078 | INFO     | trainer_1:_train_one_epoch:201 - validate 28 cost time 6.58s, result: {'hit@1': 0.017, 'ndcg@1': 0.017, 'hit@5': 0.0584, 'ndcg@5': 0.0378, 'hit@10': 0.0981, 'ndcg@10': 0.0505, 'hit@15': 0.1315, 'ndcg@15': 0.0593, 'hit@20': 0.1582, 'ndcg@20': 0.0656, 'hit@40': 0.2423, 'ndcg@40': 0.0828} 
2024-10-09 10:57:55.694 | INFO     | trainer_1:_train_one_epoch:209 - test 28 cost time 7.62s, result: {'hit@1': 0.0102, 'ndcg@1': 0.0102, 'hit@5': 0.0377, 'ndcg@5': 0.0239, 'hit@10': 0.0641, 'ndcg@10': 0.0323, 'hit@15': 0.0862, 'ndcg@15': 0.0382, 'hit@20': 0.1071, 'ndcg@20': 0.0431, 'hit@40': 0.1725, 'ndcg@40': 0.0564} 
2024-10-09 10:58:04.054 | INFO     | trainer_1:_train_one_epoch:193 - epoch 29 8.36s Train loss is [0.3587] 
2024-10-09 10:58:11.688 | INFO     | trainer_1:_train_one_epoch:201 - validate 29 cost time 7.63s, result: {'hit@1': 0.0157, 'ndcg@1': 0.0157, 'hit@5': 0.058, 'ndcg@5': 0.037, 'hit@10': 0.0927, 'ndcg@10': 0.0481, 'hit@15': 0.125, 'ndcg@15': 0.0567, 'hit@20': 0.1503, 'ndcg@20': 0.0627, 'hit@40': 0.2332, 'ndcg@40': 0.0796} 
2024-10-09 10:58:18.245 | INFO     | trainer_1:_train_one_epoch:209 - test 29 cost time 6.56s, result: {'hit@1': 0.0106, 'ndcg@1': 0.0106, 'hit@5': 0.0372, 'ndcg@5': 0.0238, 'hit@10': 0.0613, 'ndcg@10': 0.0315, 'hit@15': 0.082, 'ndcg@15': 0.037, 'hit@20': 0.1018, 'ndcg@20': 0.0416, 'hit@40': 0.1671, 'ndcg@40': 0.0549} 
2024-10-09 10:58:24.987 | INFO     | trainer_1:_train_one_epoch:193 - epoch 30 6.74s Train loss is [0.3642] 
2024-10-09 10:58:32.664 | INFO     | trainer_1:_train_one_epoch:201 - validate 30 cost time 7.68s, result: {'hit@1': 0.0169, 'ndcg@1': 0.0169, 'hit@5': 0.0571, 'ndcg@5': 0.0371, 'hit@10': 0.0911, 'ndcg@10': 0.048, 'hit@15': 0.1218, 'ndcg@15': 0.0561, 'hit@20': 0.1497, 'ndcg@20': 0.0627, 'hit@40': 0.2374, 'ndcg@40': 0.0805} 
2024-10-09 10:58:40.149 | INFO     | trainer_1:_train_one_epoch:209 - test 30 cost time 7.48s, result: {'hit@1': 0.0107, 'ndcg@1': 0.0107, 'hit@5': 0.0377, 'ndcg@5': 0.024, 'hit@10': 0.0618, 'ndcg@10': 0.0318, 'hit@15': 0.0828, 'ndcg@15': 0.0373, 'hit@20': 0.1014, 'ndcg@20': 0.0417, 'hit@40': 0.1693, 'ndcg@40': 0.0555} 
2024-10-09 10:58:46.828 | INFO     | trainer_1:_train_one_epoch:193 - epoch 31 6.68s Train loss is [0.3554] 
2024-10-09 10:58:53.324 | INFO     | trainer_1:_train_one_epoch:201 - validate 31 cost time 6.50s, result: {'hit@1': 0.0161, 'ndcg@1': 0.0161, 'hit@5': 0.0588, 'ndcg@5': 0.0375, 'hit@10': 0.0968, 'ndcg@10': 0.0497, 'hit@15': 0.1288, 'ndcg@15': 0.0582, 'hit@20': 0.1558, 'ndcg@20': 0.0645, 'hit@40': 0.2458, 'ndcg@40': 0.0828} 
2024-10-09 10:59:00.759 | INFO     | trainer_1:_train_one_epoch:209 - test 31 cost time 7.43s, result: {'hit@1': 0.0101, 'ndcg@1': 0.0101, 'hit@5': 0.0389, 'ndcg@5': 0.0244, 'hit@10': 0.0659, 'ndcg@10': 0.0331, 'hit@15': 0.0871, 'ndcg@15': 0.0387, 'hit@20': 0.1075, 'ndcg@20': 0.0435, 'hit@40': 0.1741, 'ndcg@40': 0.0571} 
2024-10-09 10:59:07.030 | INFO     | trainer_1:_train_one_epoch:193 - epoch 32 6.27s Train loss is [0.3548] 
2024-10-09 10:59:14.590 | INFO     | trainer_1:_train_one_epoch:201 - validate 32 cost time 7.56s, result: {'hit@1': 0.017, 'ndcg@1': 0.017, 'hit@5': 0.0612, 'ndcg@5': 0.0393, 'hit@10': 0.1008, 'ndcg@10': 0.052, 'hit@15': 0.1309, 'ndcg@15': 0.06, 'hit@20': 0.1594, 'ndcg@20': 0.0667, 'hit@40': 0.2509, 'ndcg@40': 0.0853} 
2024-10-09 10:59:20.418 | INFO     | trainer_1:_train_one_epoch:209 - test 32 cost time 5.83s, result: {'hit@1': 0.0116, 'ndcg@1': 0.0116, 'hit@5': 0.0402, 'ndcg@5': 0.0257, 'hit@10': 0.0659, 'ndcg@10': 0.0339, 'hit@15': 0.0878, 'ndcg@15': 0.0397, 'hit@20': 0.1072, 'ndcg@20': 0.0443, 'hit@40': 0.1756, 'ndcg@40': 0.0582} 
2024-10-09 10:59:26.458 | INFO     | trainer_1:_train_one_epoch:193 - epoch 33 6.04s Train loss is [0.3539] 
2024-10-09 10:59:31.296 | INFO     | trainer_1:_train_one_epoch:201 - validate 33 cost time 4.84s, result: {'hit@1': 0.016, 'ndcg@1': 0.016, 'hit@5': 0.0608, 'ndcg@5': 0.0387, 'hit@10': 0.0989, 'ndcg@10': 0.0509, 'hit@15': 0.1298, 'ndcg@15': 0.0591, 'hit@20': 0.1568, 'ndcg@20': 0.0655, 'hit@40': 0.2422, 'ndcg@40': 0.0828} 
2024-10-09 10:59:36.117 | INFO     | trainer_1:_train_one_epoch:209 - test 33 cost time 4.82s, result: {'hit@1': 0.0114, 'ndcg@1': 0.0114, 'hit@5': 0.0395, 'ndcg@5': 0.0254, 'hit@10': 0.065, 'ndcg@10': 0.0335, 'hit@15': 0.0876, 'ndcg@15': 0.0395, 'hit@20': 0.106, 'ndcg@20': 0.0438, 'hit@40': 0.1723, 'ndcg@40': 0.0573} 
2024-10-09 10:59:42.093 | INFO     | trainer_1:_train_one_epoch:193 - epoch 34 5.98s Train loss is [0.3453] 
2024-10-09 10:59:46.949 | INFO     | trainer_1:_train_one_epoch:201 - validate 34 cost time 4.86s, result: {'hit@1': 0.016, 'ndcg@1': 0.016, 'hit@5': 0.06, 'ndcg@5': 0.0382, 'hit@10': 0.0978, 'ndcg@10': 0.0503, 'hit@15': 0.13, 'ndcg@15': 0.0588, 'hit@20': 0.158, 'ndcg@20': 0.0654, 'hit@40': 0.2469, 'ndcg@40': 0.0835} 
2024-10-09 10:59:51.738 | INFO     | trainer_1:_train_one_epoch:209 - test 34 cost time 4.79s, result: {'hit@1': 0.0115, 'ndcg@1': 0.0115, 'hit@5': 0.0393, 'ndcg@5': 0.0255, 'hit@10': 0.0666, 'ndcg@10': 0.0342, 'hit@15': 0.0886, 'ndcg@15': 0.04, 'hit@20': 0.1084, 'ndcg@20': 0.0447, 'hit@40': 0.1735, 'ndcg@40': 0.0579} 
2024-10-09 11:00:08.675 | INFO     | trainer_1:_train_one_epoch:193 - epoch 35 6.32s Train loss is [0.3503] 
2024-10-09 11:00:18.385 | INFO     | trainer_1:_train_one_epoch:201 - validate 35 cost time 9.71s, result: {'hit@1': 0.0172, 'ndcg@1': 0.0172, 'hit@5': 0.0606, 'ndcg@5': 0.0389, 'hit@10': 0.1013, 'ndcg@10': 0.052, 'hit@15': 0.131, 'ndcg@15': 0.0598, 'hit@20': 0.1552, 'ndcg@20': 0.0655, 'hit@40': 0.2442, 'ndcg@40': 0.0837} 
2024-10-09 11:00:27.993 | INFO     | trainer_1:_train_one_epoch:209 - test 35 cost time 9.61s, result: {'hit@1': 0.0116, 'ndcg@1': 0.0116, 'hit@5': 0.0402, 'ndcg@5': 0.0261, 'hit@10': 0.0664, 'ndcg@10': 0.0345, 'hit@15': 0.0886, 'ndcg@15': 0.0404, 'hit@20': 0.1072, 'ndcg@20': 0.0448, 'hit@40': 0.1702, 'ndcg@40': 0.0575} 
2024-10-09 11:00:34.433 | INFO     | trainer_1:_train_one_epoch:193 - epoch 36 6.44s Train loss is [0.3504] 
2024-10-09 11:00:44.375 | INFO     | trainer_1:_train_one_epoch:201 - validate 36 cost time 9.94s, result: {'hit@1': 0.0163, 'ndcg@1': 0.0163, 'hit@5': 0.0598, 'ndcg@5': 0.0379, 'hit@10': 0.1001, 'ndcg@10': 0.0508, 'hit@15': 0.1329, 'ndcg@15': 0.0594, 'hit@20': 0.1629, 'ndcg@20': 0.0665, 'hit@40': 0.2548, 'ndcg@40': 0.0852} 
2024-10-09 11:00:54.374 | INFO     | trainer_1:_train_one_epoch:209 - test 36 cost time 10.00s, result: {'hit@1': 0.0109, 'ndcg@1': 0.0109, 'hit@5': 0.0406, 'ndcg@5': 0.0257, 'hit@10': 0.0668, 'ndcg@10': 0.0341, 'hit@15': 0.0896, 'ndcg@15': 0.0402, 'hit@20': 0.1091, 'ndcg@20': 0.0447, 'hit@40': 0.1769, 'ndcg@40': 0.0585} 
2024-10-09 11:01:11.501 | INFO     | trainer_1:_train_one_epoch:193 - epoch 37 6.73s Train loss is [0.3556] 
2024-10-09 11:01:21.583 | INFO     | trainer_1:_train_one_epoch:201 - validate 37 cost time 10.08s, result: {'hit@1': 0.0163, 'ndcg@1': 0.0163, 'hit@5': 0.0603, 'ndcg@5': 0.0383, 'hit@10': 0.0993, 'ndcg@10': 0.0508, 'hit@15': 0.1322, 'ndcg@15': 0.0594, 'hit@20': 0.161, 'ndcg@20': 0.0662, 'hit@40': 0.2528, 'ndcg@40': 0.085} 
2024-10-09 11:01:31.580 | INFO     | trainer_1:_train_one_epoch:209 - test 37 cost time 10.00s, result: {'hit@1': 0.0109, 'ndcg@1': 0.0109, 'hit@5': 0.0404, 'ndcg@5': 0.0255, 'hit@10': 0.0671, 'ndcg@10': 0.0341, 'hit@15': 0.0889, 'ndcg@15': 0.0398, 'hit@20': 0.1089, 'ndcg@20': 0.0446, 'hit@40': 0.1774, 'ndcg@40': 0.0585} 
2024-10-09 11:01:48.641 | INFO     | trainer_1:_train_one_epoch:193 - epoch 38 6.83s Train loss is [0.3466] 
2024-10-09 11:01:58.736 | INFO     | trainer_1:_train_one_epoch:201 - validate 38 cost time 10.09s, result: {'hit@1': 0.0162, 'ndcg@1': 0.0162, 'hit@5': 0.061, 'ndcg@5': 0.0387, 'hit@10': 0.1011, 'ndcg@10': 0.0515, 'hit@15': 0.1319, 'ndcg@15': 0.0597, 'hit@20': 0.1598, 'ndcg@20': 0.0663, 'hit@40': 0.2522, 'ndcg@40': 0.085} 
2024-10-09 11:02:08.779 | INFO     | trainer_1:_train_one_epoch:209 - test 38 cost time 10.04s, result: {'hit@1': 0.0105, 'ndcg@1': 0.0105, 'hit@5': 0.0403, 'ndcg@5': 0.0253, 'hit@10': 0.0678, 'ndcg@10': 0.0341, 'hit@15': 0.0891, 'ndcg@15': 0.0397, 'hit@20': 0.1086, 'ndcg@20': 0.0443, 'hit@40': 0.1748, 'ndcg@40': 0.0578} 
2024-10-09 11:02:26.001 | INFO     | trainer_1:_train_one_epoch:193 - epoch 39 6.79s Train loss is [0.3550] 
2024-10-09 11:02:36.103 | INFO     | trainer_1:_train_one_epoch:201 - validate 39 cost time 10.10s, result: {'hit@1': 0.0178, 'ndcg@1': 0.0178, 'hit@5': 0.0642, 'ndcg@5': 0.0409, 'hit@10': 0.1036, 'ndcg@10': 0.0535, 'hit@15': 0.1369, 'ndcg@15': 0.0623, 'hit@20': 0.1654, 'ndcg@20': 0.069, 'hit@40': 0.2601, 'ndcg@40': 0.0883} 
2024-10-09 11:02:46.117 | INFO     | trainer_1:_train_one_epoch:209 - test 39 cost time 10.01s, result: {'hit@1': 0.0104, 'ndcg@1': 0.0104, 'hit@5': 0.0404, 'ndcg@5': 0.0254, 'hit@10': 0.0676, 'ndcg@10': 0.0341, 'hit@15': 0.0906, 'ndcg@15': 0.0402, 'hit@20': 0.1107, 'ndcg@20': 0.045, 'hit@40': 0.1804, 'ndcg@40': 0.0591} 
2024-10-09 11:02:52.800 | INFO     | trainer_1:_train_one_epoch:193 - epoch 40 6.68s Train loss is [0.3481] 
2024-10-09 11:03:02.569 | INFO     | trainer_1:_train_one_epoch:201 - validate 40 cost time 9.77s, result: {'hit@1': 0.0158, 'ndcg@1': 0.0158, 'hit@5': 0.0622, 'ndcg@5': 0.039, 'hit@10': 0.0996, 'ndcg@10': 0.051, 'hit@15': 0.1354, 'ndcg@15': 0.0604, 'hit@20': 0.1653, 'ndcg@20': 0.0675, 'hit@40': 0.2562, 'ndcg@40': 0.086} 
2024-10-09 11:03:12.265 | INFO     | trainer_1:_train_one_epoch:209 - test 40 cost time 9.70s, result: {'hit@1': 0.0112, 'ndcg@1': 0.0112, 'hit@5': 0.0399, 'ndcg@5': 0.0256, 'hit@10': 0.0671, 'ndcg@10': 0.0343, 'hit@15': 0.0901, 'ndcg@15': 0.0404, 'hit@20': 0.1092, 'ndcg@20': 0.0449, 'hit@40': 0.1792, 'ndcg@40': 0.0592} 
2024-10-09 11:03:18.811 | INFO     | trainer_1:_train_one_epoch:193 - epoch 41 6.54s Train loss is [0.3453] 
2024-10-09 11:03:28.502 | INFO     | trainer_1:_train_one_epoch:201 - validate 41 cost time 9.69s, result: {'hit@1': 0.0164, 'ndcg@1': 0.0164, 'hit@5': 0.0614, 'ndcg@5': 0.0389, 'hit@10': 0.1013, 'ndcg@10': 0.0516, 'hit@15': 0.1342, 'ndcg@15': 0.0603, 'hit@20': 0.1648, 'ndcg@20': 0.0675, 'hit@40': 0.26, 'ndcg@40': 0.0869} 
2024-10-09 11:03:38.105 | INFO     | trainer_1:_train_one_epoch:209 - test 41 cost time 9.60s, result: {'hit@1': 0.0105, 'ndcg@1': 0.0105, 'hit@5': 0.0394, 'ndcg@5': 0.0249, 'hit@10': 0.0682, 'ndcg@10': 0.0341, 'hit@15': 0.0904, 'ndcg@15': 0.04, 'hit@20': 0.1107, 'ndcg@20': 0.0448, 'hit@40': 0.1805, 'ndcg@40': 0.059} 
2024-10-09 11:03:55.188 | INFO     | trainer_1:_train_one_epoch:193 - epoch 42 6.64s Train loss is [0.3387] 
2024-10-09 11:04:04.879 | INFO     | trainer_1:_train_one_epoch:201 - validate 42 cost time 9.69s, result: {'hit@1': 0.0157, 'ndcg@1': 0.0157, 'hit@5': 0.0592, 'ndcg@5': 0.0374, 'hit@10': 0.0972, 'ndcg@10': 0.0496, 'hit@15': 0.1289, 'ndcg@15': 0.0579, 'hit@20': 0.1576, 'ndcg@20': 0.0647, 'hit@40': 0.2488, 'ndcg@40': 0.0833} 
2024-10-09 11:04:14.487 | INFO     | trainer_1:_train_one_epoch:209 - test 42 cost time 9.61s, result: {'hit@1': 0.0109, 'ndcg@1': 0.0109, 'hit@5': 0.0374, 'ndcg@5': 0.0242, 'hit@10': 0.0648, 'ndcg@10': 0.033, 'hit@15': 0.0861, 'ndcg@15': 0.0386, 'hit@20': 0.1064, 'ndcg@20': 0.0434, 'hit@40': 0.1702, 'ndcg@40': 0.0564} 
2024-10-09 11:04:20.676 | INFO     | trainer_1:_train_one_epoch:193 - epoch 43 6.19s Train loss is [0.3440] 
2024-10-09 11:04:30.397 | INFO     | trainer_1:_train_one_epoch:201 - validate 43 cost time 9.72s, result: {'hit@1': 0.0152, 'ndcg@1': 0.0152, 'hit@5': 0.0598, 'ndcg@5': 0.0375, 'hit@10': 0.1002, 'ndcg@10': 0.0505, 'hit@15': 0.1337, 'ndcg@15': 0.0593, 'hit@20': 0.1645, 'ndcg@20': 0.0666, 'hit@40': 0.2592, 'ndcg@40': 0.0859} 
2024-10-09 11:04:40.083 | INFO     | trainer_1:_train_one_epoch:209 - test 43 cost time 9.69s, result: {'hit@1': 0.011, 'ndcg@1': 0.011, 'hit@5': 0.0379, 'ndcg@5': 0.0245, 'hit@10': 0.0653, 'ndcg@10': 0.0333, 'hit@15': 0.0898, 'ndcg@15': 0.0398, 'hit@20': 0.1105, 'ndcg@20': 0.0446, 'hit@40': 0.1797, 'ndcg@40': 0.0587} 
2024-10-09 11:04:46.591 | INFO     | trainer_1:_train_one_epoch:193 - epoch 44 6.51s Train loss is [0.3384] 
2024-10-09 11:04:56.356 | INFO     | trainer_1:_train_one_epoch:201 - validate 44 cost time 9.76s, result: {'hit@1': 0.0166, 'ndcg@1': 0.0166, 'hit@5': 0.0635, 'ndcg@5': 0.0397, 'hit@10': 0.1072, 'ndcg@10': 0.0537, 'hit@15': 0.1419, 'ndcg@15': 0.0629, 'hit@20': 0.1731, 'ndcg@20': 0.0703, 'hit@40': 0.2696, 'ndcg@40': 0.0899} 
2024-10-09 11:05:05.955 | INFO     | trainer_1:_train_one_epoch:209 - test 44 cost time 9.60s, result: {'hit@1': 0.0126, 'ndcg@1': 0.0126, 'hit@5': 0.0426, 'ndcg@5': 0.0275, 'hit@10': 0.0711, 'ndcg@10': 0.0366, 'hit@15': 0.0952, 'ndcg@15': 0.043, 'hit@20': 0.1162, 'ndcg@20': 0.0479, 'hit@40': 0.1876, 'ndcg@40': 0.0624} 
2024-10-09 11:05:22.578 | INFO     | trainer_1:_train_one_epoch:193 - epoch 45 6.25s Train loss is [0.3406] 
2024-10-09 11:05:32.335 | INFO     | trainer_1:_train_one_epoch:201 - validate 45 cost time 9.76s, result: {'hit@1': 0.0178, 'ndcg@1': 0.0178, 'hit@5': 0.0619, 'ndcg@5': 0.0399, 'hit@10': 0.1027, 'ndcg@10': 0.0531, 'hit@15': 0.1344, 'ndcg@15': 0.0614, 'hit@20': 0.1627, 'ndcg@20': 0.0681, 'hit@40': 0.2585, 'ndcg@40': 0.0876} 
2024-10-09 11:05:42.032 | INFO     | trainer_1:_train_one_epoch:209 - test 45 cost time 9.70s, result: {'hit@1': 0.0114, 'ndcg@1': 0.0114, 'hit@5': 0.0402, 'ndcg@5': 0.0259, 'hit@10': 0.0658, 'ndcg@10': 0.0341, 'hit@15': 0.0879, 'ndcg@15': 0.0399, 'hit@20': 0.1092, 'ndcg@20': 0.0449, 'hit@40': 0.1778, 'ndcg@40': 0.0589} 
2024-10-09 11:05:48.349 | INFO     | trainer_1:_train_one_epoch:193 - epoch 46 6.32s Train loss is [0.3417] 
2024-10-09 11:05:58.069 | INFO     | trainer_1:_train_one_epoch:201 - validate 46 cost time 9.72s, result: {'hit@1': 0.0163, 'ndcg@1': 0.0163, 'hit@5': 0.0619, 'ndcg@5': 0.0391, 'hit@10': 0.1015, 'ndcg@10': 0.0518, 'hit@15': 0.1364, 'ndcg@15': 0.0611, 'hit@20': 0.1674, 'ndcg@20': 0.0684, 'hit@40': 0.2623, 'ndcg@40': 0.0877} 
2024-10-09 11:06:07.684 | INFO     | trainer_1:_train_one_epoch:209 - test 46 cost time 9.62s, result: {'hit@1': 0.0112, 'ndcg@1': 0.0112, 'hit@5': 0.0412, 'ndcg@5': 0.026, 'hit@10': 0.0689, 'ndcg@10': 0.0348, 'hit@15': 0.0897, 'ndcg@15': 0.0404, 'hit@20': 0.1114, 'ndcg@20': 0.0455, 'hit@40': 0.1806, 'ndcg@40': 0.0595} 
2024-10-09 11:06:13.976 | INFO     | trainer_1:_train_one_epoch:193 - epoch 47 6.29s Train loss is [0.3366] 
2024-10-09 11:06:23.729 | INFO     | trainer_1:_train_one_epoch:201 - validate 47 cost time 9.75s, result: {'hit@1': 0.0169, 'ndcg@1': 0.0169, 'hit@5': 0.0623, 'ndcg@5': 0.0395, 'hit@10': 0.1047, 'ndcg@10': 0.0531, 'hit@15': 0.1373, 'ndcg@15': 0.0617, 'hit@20': 0.1683, 'ndcg@20': 0.069, 'hit@40': 0.2614, 'ndcg@40': 0.088} 
2024-10-09 11:06:33.414 | INFO     | trainer_1:_train_one_epoch:209 - test 47 cost time 9.68s, result: {'hit@1': 0.0123, 'ndcg@1': 0.0123, 'hit@5': 0.0409, 'ndcg@5': 0.0265, 'hit@10': 0.0689, 'ndcg@10': 0.0355, 'hit@15': 0.0921, 'ndcg@15': 0.0416, 'hit@20': 0.1135, 'ndcg@20': 0.0467, 'hit@40': 0.1826, 'ndcg@40': 0.0607} 
2024-10-09 11:06:41.078 | INFO     | trainer_1:_train_one_epoch:193 - epoch 48 7.66s Train loss is [0.3355] 
2024-10-09 11:06:51.185 | INFO     | trainer_1:_train_one_epoch:201 - validate 48 cost time 10.11s, result: {'hit@1': 0.0159, 'ndcg@1': 0.0159, 'hit@5': 0.0604, 'ndcg@5': 0.0382, 'hit@10': 0.1008, 'ndcg@10': 0.0512, 'hit@15': 0.1334, 'ndcg@15': 0.0598, 'hit@20': 0.1648, 'ndcg@20': 0.0672, 'hit@40': 0.258, 'ndcg@40': 0.0862} 
2024-10-09 11:07:01.207 | INFO     | trainer_1:_train_one_epoch:209 - test 48 cost time 10.02s, result: {'hit@1': 0.0116, 'ndcg@1': 0.0116, 'hit@5': 0.04, 'ndcg@5': 0.0257, 'hit@10': 0.0666, 'ndcg@10': 0.0343, 'hit@15': 0.0905, 'ndcg@15': 0.0406, 'hit@20': 0.1112, 'ndcg@20': 0.0455, 'hit@40': 0.1818, 'ndcg@40': 0.0598} 
2024-10-09 11:07:08.034 | INFO     | trainer_1:_train_one_epoch:193 - epoch 49 6.83s Train loss is [0.3378] 
2024-10-09 11:07:18.234 | INFO     | trainer_1:_train_one_epoch:201 - validate 49 cost time 10.20s, result: {'hit@1': 0.0169, 'ndcg@1': 0.0169, 'hit@5': 0.0627, 'ndcg@5': 0.0396, 'hit@10': 0.1034, 'ndcg@10': 0.0527, 'hit@15': 0.1387, 'ndcg@15': 0.062, 'hit@20': 0.1696, 'ndcg@20': 0.0693, 'hit@40': 0.2673, 'ndcg@40': 0.0891} 
2024-10-09 11:07:28.259 | INFO     | trainer_1:_train_one_epoch:209 - test 49 cost time 10.02s, result: {'hit@1': 0.0118, 'ndcg@1': 0.0118, 'hit@5': 0.0433, 'ndcg@5': 0.0275, 'hit@10': 0.069, 'ndcg@10': 0.0357, 'hit@15': 0.0927, 'ndcg@15': 0.042, 'hit@20': 0.1144, 'ndcg@20': 0.0471, 'hit@40': 0.1853, 'ndcg@40': 0.0615} 
2024-10-09 11:07:28.268 | INFO     | trainer_1:train_model:163 - training end, best iteration 44, results: {'hit@1': 0.0166, 'ndcg@1': 0.0166, 'hit@5': 0.0635, 'ndcg@5': 0.0397, 'hit@10': 0.1072, 'ndcg@10': 0.0537, 'hit@15': 0.1419, 'ndcg@15': 0.0629, 'hit@20': 0.1731, 'ndcg@20': 0.0703, 'hit@40': 0.2696, 'ndcg@40': 0.0899}
2024-10-09 11:07:28.269 | INFO     | trainer_1:train_model:166 - final test result is:  {'hit@1': 0.0126, 'ndcg@1': 0.0126, 'hit@5': 0.0426, 'ndcg@5': 0.0275, 'hit@10': 0.0711, 'ndcg@10': 0.0366, 'hit@15': 0.0952, 'ndcg@15': 0.043, 'hit@20': 0.1162, 'ndcg@20': 0.0479, 'hit@40': 0.1876, 'ndcg@40': 0.0624}
2024-10-09 11:07:28.570 | INFO     | __main__:<module>:119 - train end total cost time: 2388.9394443035126
