2024-10-09 12:50:33.470 | INFO     | __main__:<module>:105 - Namespace(TIME='2024-10-09 12_49_59', batch_size=1024, behaviors=['view', 'cart', 'buy'], check_point='model_pre_1_2024-10-08 12_13_12.pth', data_name='beibei', data_path='./data/beibei', decay=0.001, device='cuda:1', dim_qk=32, dim_v=64, distill_layers=2, distill_thres=0.5, distill_topK=10, distill_userK=10, embedding_size=64, epochs=100, gpu_no=1, if_load_model=True, ii_lambda=200, initializer_range=0.02, layers=2, loss_type='bpr', lr=0.001, message_dropout=0.25, metrics=['hit', 'ndcg'], min_epoch=5, model_name='main_1', model_path='./check_point', node_dropout=0.75, omega=1, pt_loop=50, reg_weight=0.001, test_batch_size=1024, testbatch=1024, topk=[1, 5, 10, 15, 20, 40], uu_lambda=100)
2024-10-09 12:50:33.471 | INFO     | __main__:<module>:106 - BIPN(
  (message_dropout): Dropout(p=0.25, inplace=False)
  (user_embedding): Embedding(21717, 64, padding_idx=0)
  (item_embedding): Embedding(7978, 64, padding_idx=0)
  (global_Graph): LightGCN()
  (Graph_encoder): ModuleDict(
    (view): GraphEncoder(
      (light): LightGCN()
      (dropout): Dropout(p=0.75, inplace=False)
    )
    (cart): GraphEncoder(
      (light): LightGCN()
      (dropout): Dropout(p=0.75, inplace=False)
    )
    (buy): GraphEncoder(
      (light): LightGCN()
      (dropout): Dropout(p=0.75, inplace=False)
    )
  )
  (attention): Mutual_Attention()
  (bpr_loss): BPRLoss()
  (emb_loss): EmbLoss()
  (f): Sigmoid()
)
2024-10-09 13:30:05.809 | INFO     | trainer_1:_train_one_epoch:193 - epoch 1 7.12s Train loss is [0.9104] 
2024-10-09 13:30:13.761 | INFO     | trainer_1:_train_one_epoch:201 - validate 1 cost time 7.95s, result: {'hit@1': 0.0078, 'ndcg@1': 0.0078, 'hit@5': 0.0297, 'ndcg@5': 0.0187, 'hit@10': 0.0503, 'ndcg@10': 0.0253, 'hit@15': 0.0688, 'ndcg@15': 0.0302, 'hit@20': 0.0858, 'ndcg@20': 0.0342, 'hit@40': 0.1446, 'ndcg@40': 0.0461} 
2024-10-09 13:30:21.488 | INFO     | trainer_1:_train_one_epoch:209 - test 1 cost time 7.73s, result: {'hit@1': 0.0041, 'ndcg@1': 0.0041, 'hit@5': 0.0185, 'ndcg@5': 0.0111, 'hit@10': 0.0355, 'ndcg@10': 0.0166, 'hit@15': 0.0498, 'ndcg@15': 0.0203, 'hit@20': 0.0614, 'ndcg@20': 0.023, 'hit@40': 0.106, 'ndcg@40': 0.0321} 
2024-10-09 13:30:39.450 | INFO     | trainer_1:_train_one_epoch:193 - epoch 2 7.38s Train loss is [0.6861] 
2024-10-09 13:30:46.754 | INFO     | trainer_1:_train_one_epoch:201 - validate 2 cost time 7.30s, result: {'hit@1': 0.0077, 'ndcg@1': 0.0077, 'hit@5': 0.0333, 'ndcg@5': 0.0204, 'hit@10': 0.0575, 'ndcg@10': 0.0281, 'hit@15': 0.0774, 'ndcg@15': 0.0334, 'hit@20': 0.095, 'ndcg@20': 0.0375, 'hit@40': 0.1585, 'ndcg@40': 0.0504} 
2024-10-09 13:30:54.199 | INFO     | trainer_1:_train_one_epoch:209 - test 2 cost time 7.45s, result: {'hit@1': 0.0047, 'ndcg@1': 0.0047, 'hit@5': 0.0198, 'ndcg@5': 0.0121, 'hit@10': 0.0364, 'ndcg@10': 0.0174, 'hit@15': 0.0522, 'ndcg@15': 0.0215, 'hit@20': 0.0657, 'ndcg@20': 0.0247, 'hit@40': 0.115, 'ndcg@40': 0.0347} 
2024-10-09 13:31:11.986 | INFO     | trainer_1:_train_one_epoch:193 - epoch 3 7.25s Train loss is [0.6104] 
2024-10-09 13:31:20.611 | INFO     | trainer_1:_train_one_epoch:201 - validate 3 cost time 8.62s, result: {'hit@1': 0.009, 'ndcg@1': 0.009, 'hit@5': 0.0375, 'ndcg@5': 0.0232, 'hit@10': 0.0656, 'ndcg@10': 0.0322, 'hit@15': 0.0906, 'ndcg@15': 0.0388, 'hit@20': 0.1148, 'ndcg@20': 0.0445, 'hit@40': 0.1887, 'ndcg@40': 0.0595} 
2024-10-09 13:31:29.453 | INFO     | trainer_1:_train_one_epoch:209 - test 3 cost time 8.84s, result: {'hit@1': 0.0054, 'ndcg@1': 0.0054, 'hit@5': 0.0234, 'ndcg@5': 0.0142, 'hit@10': 0.0435, 'ndcg@10': 0.0206, 'hit@15': 0.061, 'ndcg@15': 0.0252, 'hit@20': 0.0759, 'ndcg@20': 0.0287, 'hit@40': 0.1336, 'ndcg@40': 0.0405} 
2024-10-09 13:31:47.992 | INFO     | trainer_1:_train_one_epoch:193 - epoch 4 7.97s Train loss is [0.5793] 
2024-10-09 13:31:57.002 | INFO     | trainer_1:_train_one_epoch:201 - validate 4 cost time 9.01s, result: {'hit@1': 0.0105, 'ndcg@1': 0.0105, 'hit@5': 0.042, 'ndcg@5': 0.0262, 'hit@10': 0.0703, 'ndcg@10': 0.0353, 'hit@15': 0.0963, 'ndcg@15': 0.0422, 'hit@20': 0.119, 'ndcg@20': 0.0475, 'hit@40': 0.1894, 'ndcg@40': 0.0618} 
2024-10-09 13:32:05.679 | INFO     | trainer_1:_train_one_epoch:209 - test 4 cost time 8.68s, result: {'hit@1': 0.0064, 'ndcg@1': 0.0064, 'hit@5': 0.0227, 'ndcg@5': 0.0146, 'hit@10': 0.042, 'ndcg@10': 0.0207, 'hit@15': 0.0593, 'ndcg@15': 0.0253, 'hit@20': 0.075, 'ndcg@20': 0.029, 'hit@40': 0.1276, 'ndcg@40': 0.0397} 
2024-10-09 13:32:12.842 | INFO     | trainer_1:_train_one_epoch:193 - epoch 5 7.16s Train loss is [0.5426] 
2024-10-09 13:32:18.832 | INFO     | trainer_1:_train_one_epoch:201 - validate 5 cost time 5.99s, result: {'hit@1': 0.0121, 'ndcg@1': 0.0121, 'hit@5': 0.0442, 'ndcg@5': 0.028, 'hit@10': 0.0746, 'ndcg@10': 0.0378, 'hit@15': 0.1001, 'ndcg@15': 0.0445, 'hit@20': 0.1241, 'ndcg@20': 0.0502, 'hit@40': 0.1967, 'ndcg@40': 0.065} 
2024-10-09 13:32:25.101 | INFO     | trainer_1:_train_one_epoch:209 - test 5 cost time 6.27s, result: {'hit@1': 0.0075, 'ndcg@1': 0.0075, 'hit@5': 0.0265, 'ndcg@5': 0.0167, 'hit@10': 0.0454, 'ndcg@10': 0.0227, 'hit@15': 0.0629, 'ndcg@15': 0.0273, 'hit@20': 0.0787, 'ndcg@20': 0.0311, 'hit@40': 0.1316, 'ndcg@40': 0.0418} 
2024-10-09 13:32:42.838 | INFO     | trainer_1:_train_one_epoch:193 - epoch 6 7.25s Train loss is [0.5267] 
2024-10-09 13:32:51.657 | INFO     | trainer_1:_train_one_epoch:201 - validate 6 cost time 8.82s, result: {'hit@1': 0.0134, 'ndcg@1': 0.0134, 'hit@5': 0.0453, 'ndcg@5': 0.029, 'hit@10': 0.0746, 'ndcg@10': 0.0383, 'hit@15': 0.1013, 'ndcg@15': 0.0454, 'hit@20': 0.1252, 'ndcg@20': 0.051, 'hit@40': 0.1994, 'ndcg@40': 0.0661} 
2024-10-09 13:33:00.013 | INFO     | trainer_1:_train_one_epoch:209 - test 6 cost time 8.36s, result: {'hit@1': 0.0063, 'ndcg@1': 0.0063, 'hit@5': 0.0286, 'ndcg@5': 0.0175, 'hit@10': 0.0478, 'ndcg@10': 0.0237, 'hit@15': 0.0666, 'ndcg@15': 0.0286, 'hit@20': 0.0824, 'ndcg@20': 0.0324, 'hit@40': 0.1402, 'ndcg@40': 0.0441} 
2024-10-09 13:33:17.912 | INFO     | trainer_1:_train_one_epoch:193 - epoch 7 7.14s Train loss is [0.4947] 
2024-10-09 13:33:26.829 | INFO     | trainer_1:_train_one_epoch:201 - validate 7 cost time 8.92s, result: {'hit@1': 0.0122, 'ndcg@1': 0.0122, 'hit@5': 0.043, 'ndcg@5': 0.0274, 'hit@10': 0.0731, 'ndcg@10': 0.037, 'hit@15': 0.0986, 'ndcg@15': 0.0437, 'hit@20': 0.1241, 'ndcg@20': 0.0497, 'hit@40': 0.1989, 'ndcg@40': 0.0649} 
2024-10-09 13:33:35.554 | INFO     | trainer_1:_train_one_epoch:209 - test 7 cost time 8.72s, result: {'hit@1': 0.0059, 'ndcg@1': 0.0059, 'hit@5': 0.0258, 'ndcg@5': 0.0157, 'hit@10': 0.0467, 'ndcg@10': 0.0225, 'hit@15': 0.0641, 'ndcg@15': 0.027, 'hit@20': 0.0803, 'ndcg@20': 0.0308, 'hit@40': 0.1407, 'ndcg@40': 0.0431} 
2024-10-09 13:33:43.436 | INFO     | trainer_1:_train_one_epoch:193 - epoch 8 7.88s Train loss is [0.4943] 
2024-10-09 13:33:52.037 | INFO     | trainer_1:_train_one_epoch:201 - validate 8 cost time 8.60s, result: {'hit@1': 0.0122, 'ndcg@1': 0.0122, 'hit@5': 0.0433, 'ndcg@5': 0.0276, 'hit@10': 0.0741, 'ndcg@10': 0.0375, 'hit@15': 0.1003, 'ndcg@15': 0.0444, 'hit@20': 0.1227, 'ndcg@20': 0.0497, 'hit@40': 0.201, 'ndcg@40': 0.0656} 
2024-10-09 13:34:01.106 | INFO     | trainer_1:_train_one_epoch:209 - test 8 cost time 9.07s, result: {'hit@1': 0.0078, 'ndcg@1': 0.0078, 'hit@5': 0.0264, 'ndcg@5': 0.0171, 'hit@10': 0.0468, 'ndcg@10': 0.0236, 'hit@15': 0.0644, 'ndcg@15': 0.0282, 'hit@20': 0.0807, 'ndcg@20': 0.0321, 'hit@40': 0.1421, 'ndcg@40': 0.0446} 
2024-10-09 13:34:08.113 | INFO     | trainer_1:_train_one_epoch:193 - epoch 9 7.01s Train loss is [0.4700] 
2024-10-09 13:34:16.529 | INFO     | trainer_1:_train_one_epoch:201 - validate 9 cost time 8.42s, result: {'hit@1': 0.0105, 'ndcg@1': 0.0105, 'hit@5': 0.0437, 'ndcg@5': 0.0271, 'hit@10': 0.0738, 'ndcg@10': 0.0368, 'hit@15': 0.1003, 'ndcg@15': 0.0437, 'hit@20': 0.1242, 'ndcg@20': 0.0494, 'hit@40': 0.2016, 'ndcg@40': 0.0651} 
2024-10-09 13:34:24.029 | INFO     | trainer_1:_train_one_epoch:209 - test 9 cost time 7.50s, result: {'hit@1': 0.007, 'ndcg@1': 0.007, 'hit@5': 0.027, 'ndcg@5': 0.017, 'hit@10': 0.0457, 'ndcg@10': 0.023, 'hit@15': 0.0626, 'ndcg@15': 0.0275, 'hit@20': 0.0815, 'ndcg@20': 0.0319, 'hit@40': 0.1394, 'ndcg@40': 0.0437} 
2024-10-09 13:34:31.166 | INFO     | trainer_1:_train_one_epoch:193 - epoch 10 7.14s Train loss is [0.4592] 
2024-10-09 13:34:40.238 | INFO     | trainer_1:_train_one_epoch:201 - validate 10 cost time 9.07s, result: {'hit@1': 0.0122, 'ndcg@1': 0.0122, 'hit@5': 0.046, 'ndcg@5': 0.0288, 'hit@10': 0.0769, 'ndcg@10': 0.0386, 'hit@15': 0.1051, 'ndcg@15': 0.0461, 'hit@20': 0.1301, 'ndcg@20': 0.052, 'hit@40': 0.2113, 'ndcg@40': 0.0685} 
2024-10-09 13:34:49.220 | INFO     | trainer_1:_train_one_epoch:209 - test 10 cost time 8.98s, result: {'hit@1': 0.0066, 'ndcg@1': 0.0066, 'hit@5': 0.0286, 'ndcg@5': 0.0175, 'hit@10': 0.0481, 'ndcg@10': 0.0237, 'hit@15': 0.0665, 'ndcg@15': 0.0286, 'hit@20': 0.0833, 'ndcg@20': 0.0325, 'hit@40': 0.144, 'ndcg@40': 0.0449} 
2024-10-09 13:35:07.068 | INFO     | trainer_1:_train_one_epoch:193 - epoch 11 7.15s Train loss is [0.4456] 
2024-10-09 13:35:16.055 | INFO     | trainer_1:_train_one_epoch:201 - validate 11 cost time 8.99s, result: {'hit@1': 0.0111, 'ndcg@1': 0.0111, 'hit@5': 0.0415, 'ndcg@5': 0.0263, 'hit@10': 0.0732, 'ndcg@10': 0.0364, 'hit@15': 0.1003, 'ndcg@15': 0.0436, 'hit@20': 0.125, 'ndcg@20': 0.0494, 'hit@40': 0.203, 'ndcg@40': 0.0653} 
2024-10-09 13:35:24.786 | INFO     | trainer_1:_train_one_epoch:209 - test 11 cost time 8.73s, result: {'hit@1': 0.0064, 'ndcg@1': 0.0064, 'hit@5': 0.0265, 'ndcg@5': 0.0163, 'hit@10': 0.0468, 'ndcg@10': 0.0229, 'hit@15': 0.0633, 'ndcg@15': 0.0272, 'hit@20': 0.0818, 'ndcg@20': 0.0316, 'hit@40': 0.1394, 'ndcg@40': 0.0433} 
2024-10-09 13:35:31.650 | INFO     | trainer_1:_train_one_epoch:193 - epoch 12 6.86s Train loss is [0.4526] 
2024-10-09 13:35:39.348 | INFO     | trainer_1:_train_one_epoch:201 - validate 12 cost time 7.70s, result: {'hit@1': 0.0121, 'ndcg@1': 0.0121, 'hit@5': 0.0427, 'ndcg@5': 0.0274, 'hit@10': 0.0734, 'ndcg@10': 0.0372, 'hit@15': 0.1, 'ndcg@15': 0.0442, 'hit@20': 0.1268, 'ndcg@20': 0.0506, 'hit@40': 0.2002, 'ndcg@40': 0.0655} 
2024-10-09 13:35:48.285 | INFO     | trainer_1:_train_one_epoch:209 - test 12 cost time 8.94s, result: {'hit@1': 0.0068, 'ndcg@1': 0.0068, 'hit@5': 0.0277, 'ndcg@5': 0.0172, 'hit@10': 0.048, 'ndcg@10': 0.0237, 'hit@15': 0.0641, 'ndcg@15': 0.0279, 'hit@20': 0.0816, 'ndcg@20': 0.032, 'hit@40': 0.1398, 'ndcg@40': 0.0439} 
2024-10-09 13:35:54.829 | INFO     | trainer_1:_train_one_epoch:193 - epoch 13 6.54s Train loss is [0.4504] 
2024-10-09 13:36:01.961 | INFO     | trainer_1:_train_one_epoch:201 - validate 13 cost time 7.13s, result: {'hit@1': 0.0111, 'ndcg@1': 0.0111, 'hit@5': 0.0468, 'ndcg@5': 0.029, 'hit@10': 0.083, 'ndcg@10': 0.0406, 'hit@15': 0.1099, 'ndcg@15': 0.0477, 'hit@20': 0.1382, 'ndcg@20': 0.0544, 'hit@40': 0.2183, 'ndcg@40': 0.0707} 
2024-10-09 13:36:07.496 | INFO     | trainer_1:_train_one_epoch:209 - test 13 cost time 5.53s, result: {'hit@1': 0.0078, 'ndcg@1': 0.0078, 'hit@5': 0.0303, 'ndcg@5': 0.019, 'hit@10': 0.0519, 'ndcg@10': 0.0259, 'hit@15': 0.0701, 'ndcg@15': 0.0307, 'hit@20': 0.0888, 'ndcg@20': 0.0351, 'hit@40': 0.1521, 'ndcg@40': 0.048} 
2024-10-09 13:36:25.030 | INFO     | trainer_1:_train_one_epoch:193 - epoch 14 6.58s Train loss is [0.4326] 
2024-10-09 13:36:32.231 | INFO     | trainer_1:_train_one_epoch:201 - validate 14 cost time 7.20s, result: {'hit@1': 0.0124, 'ndcg@1': 0.0124, 'hit@5': 0.0475, 'ndcg@5': 0.03, 'hit@10': 0.0821, 'ndcg@10': 0.0411, 'hit@15': 0.1119, 'ndcg@15': 0.049, 'hit@20': 0.1388, 'ndcg@20': 0.0553, 'hit@40': 0.2205, 'ndcg@40': 0.072} 
2024-10-09 13:36:39.246 | INFO     | trainer_1:_train_one_epoch:209 - test 14 cost time 7.01s, result: {'hit@1': 0.0078, 'ndcg@1': 0.0078, 'hit@5': 0.0302, 'ndcg@5': 0.0189, 'hit@10': 0.0541, 'ndcg@10': 0.0265, 'hit@15': 0.0735, 'ndcg@15': 0.0316, 'hit@20': 0.0919, 'ndcg@20': 0.036, 'hit@40': 0.1544, 'ndcg@40': 0.0487} 
2024-10-09 13:37:00.589 | INFO     | trainer_1:_train_one_epoch:193 - epoch 15 9.93s Train loss is [0.4313] 
2024-10-09 13:37:09.810 | INFO     | trainer_1:_train_one_epoch:201 - validate 15 cost time 9.22s, result: {'hit@1': 0.0121, 'ndcg@1': 0.0121, 'hit@5': 0.0472, 'ndcg@5': 0.0295, 'hit@10': 0.0788, 'ndcg@10': 0.0397, 'hit@15': 0.1066, 'ndcg@15': 0.047, 'hit@20': 0.1326, 'ndcg@20': 0.0532, 'hit@40': 0.2121, 'ndcg@40': 0.0693} 
2024-10-09 13:37:18.747 | INFO     | trainer_1:_train_one_epoch:209 - test 15 cost time 8.94s, result: {'hit@1': 0.0089, 'ndcg@1': 0.0089, 'hit@5': 0.0303, 'ndcg@5': 0.0195, 'hit@10': 0.0515, 'ndcg@10': 0.0262, 'hit@15': 0.0705, 'ndcg@15': 0.0312, 'hit@20': 0.0874, 'ndcg@20': 0.0352, 'hit@40': 0.15, 'ndcg@40': 0.048} 
2024-10-09 13:37:25.357 | INFO     | trainer_1:_train_one_epoch:193 - epoch 16 6.61s Train loss is [0.4105] 
2024-10-09 13:37:30.326 | INFO     | trainer_1:_train_one_epoch:201 - validate 16 cost time 4.97s, result: {'hit@1': 0.0131, 'ndcg@1': 0.0131, 'hit@5': 0.0523, 'ndcg@5': 0.0325, 'hit@10': 0.0841, 'ndcg@10': 0.0427, 'hit@15': 0.1137, 'ndcg@15': 0.0505, 'hit@20': 0.1384, 'ndcg@20': 0.0563, 'hit@40': 0.2227, 'ndcg@40': 0.0734} 
2024-10-09 13:37:36.908 | INFO     | trainer_1:_train_one_epoch:209 - test 16 cost time 6.58s, result: {'hit@1': 0.0099, 'ndcg@1': 0.0099, 'hit@5': 0.0348, 'ndcg@5': 0.0222, 'hit@10': 0.0577, 'ndcg@10': 0.0295, 'hit@15': 0.0759, 'ndcg@15': 0.0343, 'hit@20': 0.0935, 'ndcg@20': 0.0385, 'hit@40': 0.159, 'ndcg@40': 0.0518} 
2024-10-09 13:37:55.077 | INFO     | trainer_1:_train_one_epoch:193 - epoch 17 6.83s Train loss is [0.4126] 
2024-10-09 13:38:03.970 | INFO     | trainer_1:_train_one_epoch:201 - validate 17 cost time 8.89s, result: {'hit@1': 0.0136, 'ndcg@1': 0.0136, 'hit@5': 0.0518, 'ndcg@5': 0.0325, 'hit@10': 0.0872, 'ndcg@10': 0.0439, 'hit@15': 0.118, 'ndcg@15': 0.0521, 'hit@20': 0.1456, 'ndcg@20': 0.0585, 'hit@40': 0.2311, 'ndcg@40': 0.076} 
2024-10-09 13:38:11.535 | INFO     | trainer_1:_train_one_epoch:209 - test 17 cost time 7.56s, result: {'hit@1': 0.0094, 'ndcg@1': 0.0094, 'hit@5': 0.0353, 'ndcg@5': 0.0224, 'hit@10': 0.0596, 'ndcg@10': 0.0302, 'hit@15': 0.08, 'ndcg@15': 0.0356, 'hit@20': 0.099, 'ndcg@20': 0.04, 'hit@40': 0.1653, 'ndcg@40': 0.0535} 
2024-10-09 13:38:30.273 | INFO     | trainer_1:_train_one_epoch:193 - epoch 18 7.29s Train loss is [0.4037] 
2024-10-09 13:38:37.638 | INFO     | trainer_1:_train_one_epoch:201 - validate 18 cost time 7.36s, result: {'hit@1': 0.0142, 'ndcg@1': 0.0142, 'hit@5': 0.051, 'ndcg@5': 0.0327, 'hit@10': 0.0862, 'ndcg@10': 0.044, 'hit@15': 0.1149, 'ndcg@15': 0.0516, 'hit@20': 0.1417, 'ndcg@20': 0.0579, 'hit@40': 0.2257, 'ndcg@40': 0.075} 
2024-10-09 13:38:43.253 | INFO     | trainer_1:_train_one_epoch:209 - test 18 cost time 5.61s, result: {'hit@1': 0.0095, 'ndcg@1': 0.0095, 'hit@5': 0.0343, 'ndcg@5': 0.0219, 'hit@10': 0.0579, 'ndcg@10': 0.0294, 'hit@15': 0.0781, 'ndcg@15': 0.0348, 'hit@20': 0.0959, 'ndcg@20': 0.039, 'hit@40': 0.1624, 'ndcg@40': 0.0525} 
2024-10-09 13:38:50.808 | INFO     | trainer_1:_train_one_epoch:193 - epoch 19 7.55s Train loss is [0.4018] 
2024-10-09 13:38:59.183 | INFO     | trainer_1:_train_one_epoch:201 - validate 19 cost time 8.37s, result: {'hit@1': 0.0144, 'ndcg@1': 0.0144, 'hit@5': 0.0486, 'ndcg@5': 0.0317, 'hit@10': 0.0827, 'ndcg@10': 0.0426, 'hit@15': 0.112, 'ndcg@15': 0.0503, 'hit@20': 0.1384, 'ndcg@20': 0.0565, 'hit@40': 0.222, 'ndcg@40': 0.0735} 
2024-10-09 13:39:08.265 | INFO     | trainer_1:_train_one_epoch:209 - test 19 cost time 9.08s, result: {'hit@1': 0.0096, 'ndcg@1': 0.0096, 'hit@5': 0.0329, 'ndcg@5': 0.0211, 'hit@10': 0.0568, 'ndcg@10': 0.0287, 'hit@15': 0.077, 'ndcg@15': 0.0341, 'hit@20': 0.0955, 'ndcg@20': 0.0384, 'hit@40': 0.1563, 'ndcg@40': 0.0508} 
2024-10-09 13:39:15.333 | INFO     | trainer_1:_train_one_epoch:193 - epoch 20 7.07s Train loss is [0.4029] 
2024-10-09 13:39:21.634 | INFO     | trainer_1:_train_one_epoch:201 - validate 20 cost time 6.30s, result: {'hit@1': 0.0152, 'ndcg@1': 0.0152, 'hit@5': 0.0517, 'ndcg@5': 0.0336, 'hit@10': 0.0862, 'ndcg@10': 0.0447, 'hit@15': 0.1138, 'ndcg@15': 0.0519, 'hit@20': 0.1408, 'ndcg@20': 0.0583, 'hit@40': 0.2285, 'ndcg@40': 0.0761} 
2024-10-09 13:39:26.562 | INFO     | trainer_1:_train_one_epoch:209 - test 20 cost time 4.93s, result: {'hit@1': 0.0095, 'ndcg@1': 0.0095, 'hit@5': 0.0361, 'ndcg@5': 0.0227, 'hit@10': 0.0607, 'ndcg@10': 0.0306, 'hit@15': 0.0814, 'ndcg@15': 0.0361, 'hit@20': 0.1001, 'ndcg@20': 0.0405, 'hit@40': 0.1657, 'ndcg@40': 0.0538} 
2024-10-09 13:39:44.528 | INFO     | trainer_1:_train_one_epoch:193 - epoch 21 6.82s Train loss is [0.3932] 
2024-10-09 13:39:51.718 | INFO     | trainer_1:_train_one_epoch:201 - validate 21 cost time 7.19s, result: {'hit@1': 0.0149, 'ndcg@1': 0.0149, 'hit@5': 0.0522, 'ndcg@5': 0.0338, 'hit@10': 0.0842, 'ndcg@10': 0.044, 'hit@15': 0.1124, 'ndcg@15': 0.0515, 'hit@20': 0.1381, 'ndcg@20': 0.0575, 'hit@40': 0.2243, 'ndcg@40': 0.0751} 
2024-10-09 13:39:58.717 | INFO     | trainer_1:_train_one_epoch:209 - test 21 cost time 7.00s, result: {'hit@1': 0.0106, 'ndcg@1': 0.0106, 'hit@5': 0.0353, 'ndcg@5': 0.0229, 'hit@10': 0.0589, 'ndcg@10': 0.0305, 'hit@15': 0.0792, 'ndcg@15': 0.0358, 'hit@20': 0.0972, 'ndcg@20': 0.0401, 'hit@40': 0.1604, 'ndcg@40': 0.0529} 
2024-10-09 13:40:05.789 | INFO     | trainer_1:_train_one_epoch:193 - epoch 22 7.07s Train loss is [0.4013] 
2024-10-09 13:40:12.597 | INFO     | trainer_1:_train_one_epoch:201 - validate 22 cost time 6.81s, result: {'hit@1': 0.0158, 'ndcg@1': 0.0158, 'hit@5': 0.0532, 'ndcg@5': 0.0346, 'hit@10': 0.0868, 'ndcg@10': 0.0454, 'hit@15': 0.1157, 'ndcg@15': 0.053, 'hit@20': 0.1408, 'ndcg@20': 0.0589, 'hit@40': 0.2241, 'ndcg@40': 0.0759} 
2024-10-09 13:40:19.743 | INFO     | trainer_1:_train_one_epoch:209 - test 22 cost time 7.15s, result: {'hit@1': 0.0093, 'ndcg@1': 0.0093, 'hit@5': 0.0359, 'ndcg@5': 0.0223, 'hit@10': 0.0593, 'ndcg@10': 0.0298, 'hit@15': 0.0791, 'ndcg@15': 0.0351, 'hit@20': 0.0979, 'ndcg@20': 0.0395, 'hit@40': 0.1591, 'ndcg@40': 0.0519} 
2024-10-09 13:40:26.517 | INFO     | trainer_1:_train_one_epoch:193 - epoch 23 6.77s Train loss is [0.3889] 
2024-10-09 13:40:33.636 | INFO     | trainer_1:_train_one_epoch:201 - validate 23 cost time 7.12s, result: {'hit@1': 0.016, 'ndcg@1': 0.016, 'hit@5': 0.0556, 'ndcg@5': 0.0359, 'hit@10': 0.0925, 'ndcg@10': 0.0477, 'hit@15': 0.1212, 'ndcg@15': 0.0553, 'hit@20': 0.1483, 'ndcg@20': 0.0616, 'hit@40': 0.2353, 'ndcg@40': 0.0793} 
2024-10-09 13:40:40.355 | INFO     | trainer_1:_train_one_epoch:209 - test 23 cost time 6.72s, result: {'hit@1': 0.01, 'ndcg@1': 0.01, 'hit@5': 0.0373, 'ndcg@5': 0.0236, 'hit@10': 0.0626, 'ndcg@10': 0.0317, 'hit@15': 0.0812, 'ndcg@15': 0.0366, 'hit@20': 0.101, 'ndcg@20': 0.0413, 'hit@40': 0.1665, 'ndcg@40': 0.0546} 
2024-10-09 13:40:57.994 | INFO     | trainer_1:_train_one_epoch:193 - epoch 24 6.64s Train loss is [0.3844] 
2024-10-09 13:41:05.136 | INFO     | trainer_1:_train_one_epoch:201 - validate 24 cost time 7.14s, result: {'hit@1': 0.0152, 'ndcg@1': 0.0152, 'hit@5': 0.0535, 'ndcg@5': 0.0345, 'hit@10': 0.0878, 'ndcg@10': 0.0455, 'hit@15': 0.1165, 'ndcg@15': 0.0531, 'hit@20': 0.1415, 'ndcg@20': 0.059, 'hit@40': 0.2258, 'ndcg@40': 0.0761} 
2024-10-09 13:41:10.363 | INFO     | trainer_1:_train_one_epoch:209 - test 24 cost time 5.23s, result: {'hit@1': 0.0098, 'ndcg@1': 0.0098, 'hit@5': 0.0365, 'ndcg@5': 0.0232, 'hit@10': 0.0594, 'ndcg@10': 0.0305, 'hit@15': 0.0791, 'ndcg@15': 0.0357, 'hit@20': 0.0973, 'ndcg@20': 0.04, 'hit@40': 0.1614, 'ndcg@40': 0.053} 
2024-10-09 13:41:17.046 | INFO     | trainer_1:_train_one_epoch:193 - epoch 25 6.68s Train loss is [0.3799] 
2024-10-09 13:41:24.589 | INFO     | trainer_1:_train_one_epoch:201 - validate 25 cost time 7.54s, result: {'hit@1': 0.0157, 'ndcg@1': 0.0157, 'hit@5': 0.0572, 'ndcg@5': 0.0365, 'hit@10': 0.0935, 'ndcg@10': 0.0482, 'hit@15': 0.1234, 'ndcg@15': 0.056, 'hit@20': 0.1521, 'ndcg@20': 0.0628, 'hit@40': 0.2391, 'ndcg@40': 0.0805} 
2024-10-09 13:41:33.396 | INFO     | trainer_1:_train_one_epoch:209 - test 25 cost time 8.81s, result: {'hit@1': 0.0112, 'ndcg@1': 0.0112, 'hit@5': 0.0382, 'ndcg@5': 0.0248, 'hit@10': 0.0632, 'ndcg@10': 0.0328, 'hit@15': 0.0851, 'ndcg@15': 0.0386, 'hit@20': 0.1051, 'ndcg@20': 0.0433, 'hit@40': 0.1719, 'ndcg@40': 0.0569} 
2024-10-09 13:41:51.405 | INFO     | trainer_1:_train_one_epoch:193 - epoch 26 7.27s Train loss is [0.3736] 
2024-10-09 13:41:59.238 | INFO     | trainer_1:_train_one_epoch:201 - validate 26 cost time 7.83s, result: {'hit@1': 0.0165, 'ndcg@1': 0.0165, 'hit@5': 0.0583, 'ndcg@5': 0.0375, 'hit@10': 0.0948, 'ndcg@10': 0.0492, 'hit@15': 0.124, 'ndcg@15': 0.0569, 'hit@20': 0.1502, 'ndcg@20': 0.0631, 'hit@40': 0.2345, 'ndcg@40': 0.0802} 
2024-10-09 13:42:06.848 | INFO     | trainer_1:_train_one_epoch:209 - test 26 cost time 7.61s, result: {'hit@1': 0.0107, 'ndcg@1': 0.0107, 'hit@5': 0.038, 'ndcg@5': 0.0244, 'hit@10': 0.063, 'ndcg@10': 0.0324, 'hit@15': 0.0829, 'ndcg@15': 0.0376, 'hit@20': 0.1035, 'ndcg@20': 0.0425, 'hit@40': 0.1691, 'ndcg@40': 0.0558} 
2024-10-09 13:42:17.613 | INFO     | trainer_1:_train_one_epoch:193 - epoch 27 10.76s Train loss is [0.3735] 
2024-10-09 13:42:24.763 | INFO     | trainer_1:_train_one_epoch:201 - validate 27 cost time 7.15s, result: {'hit@1': 0.0175, 'ndcg@1': 0.0175, 'hit@5': 0.0596, 'ndcg@5': 0.0388, 'hit@10': 0.0955, 'ndcg@10': 0.0503, 'hit@15': 0.1265, 'ndcg@15': 0.0585, 'hit@20': 0.1543, 'ndcg@20': 0.065, 'hit@40': 0.2397, 'ndcg@40': 0.0824} 
2024-10-09 13:42:31.716 | INFO     | trainer_1:_train_one_epoch:209 - test 27 cost time 6.95s, result: {'hit@1': 0.0114, 'ndcg@1': 0.0114, 'hit@5': 0.0393, 'ndcg@5': 0.0254, 'hit@10': 0.0648, 'ndcg@10': 0.0335, 'hit@15': 0.087, 'ndcg@15': 0.0394, 'hit@20': 0.1054, 'ndcg@20': 0.0437, 'hit@40': 0.1716, 'ndcg@40': 0.0572} 
2024-10-09 13:42:53.565 | INFO     | trainer_1:_train_one_epoch:193 - epoch 28 9.98s Train loss is [0.3768] 
2024-10-09 13:43:00.817 | INFO     | trainer_1:_train_one_epoch:201 - validate 28 cost time 7.25s, result: {'hit@1': 0.0158, 'ndcg@1': 0.0158, 'hit@5': 0.0586, 'ndcg@5': 0.0374, 'hit@10': 0.0952, 'ndcg@10': 0.0492, 'hit@15': 0.1278, 'ndcg@15': 0.0577, 'hit@20': 0.1549, 'ndcg@20': 0.0641, 'hit@40': 0.2408, 'ndcg@40': 0.0816} 
2024-10-09 13:43:08.163 | INFO     | trainer_1:_train_one_epoch:209 - test 28 cost time 7.35s, result: {'hit@1': 0.0105, 'ndcg@1': 0.0105, 'hit@5': 0.0371, 'ndcg@5': 0.0238, 'hit@10': 0.0631, 'ndcg@10': 0.0321, 'hit@15': 0.0843, 'ndcg@15': 0.0377, 'hit@20': 0.1057, 'ndcg@20': 0.0427, 'hit@40': 0.1715, 'ndcg@40': 0.0561} 
2024-10-09 13:43:17.075 | INFO     | trainer_1:_train_one_epoch:193 - epoch 29 8.91s Train loss is [0.3592] 
2024-10-09 13:43:24.704 | INFO     | trainer_1:_train_one_epoch:201 - validate 29 cost time 7.63s, result: {'hit@1': 0.0165, 'ndcg@1': 0.0165, 'hit@5': 0.0574, 'ndcg@5': 0.0371, 'hit@10': 0.0932, 'ndcg@10': 0.0485, 'hit@15': 0.1219, 'ndcg@15': 0.0561, 'hit@20': 0.1489, 'ndcg@20': 0.0625, 'hit@40': 0.2315, 'ndcg@40': 0.0793} 
2024-10-09 13:43:32.287 | INFO     | trainer_1:_train_one_epoch:209 - test 29 cost time 7.58s, result: {'hit@1': 0.0107, 'ndcg@1': 0.0107, 'hit@5': 0.0366, 'ndcg@5': 0.0237, 'hit@10': 0.0612, 'ndcg@10': 0.0315, 'hit@15': 0.0814, 'ndcg@15': 0.0369, 'hit@20': 0.1012, 'ndcg@20': 0.0415, 'hit@40': 0.1639, 'ndcg@40': 0.0543} 
2024-10-09 13:43:42.198 | INFO     | trainer_1:_train_one_epoch:193 - epoch 30 9.91s Train loss is [0.3646] 
2024-10-09 13:43:49.813 | INFO     | trainer_1:_train_one_epoch:201 - validate 30 cost time 7.61s, result: {'hit@1': 0.0167, 'ndcg@1': 0.0167, 'hit@5': 0.0574, 'ndcg@5': 0.0372, 'hit@10': 0.0895, 'ndcg@10': 0.0474, 'hit@15': 0.1197, 'ndcg@15': 0.0553, 'hit@20': 0.1467, 'ndcg@20': 0.0617, 'hit@40': 0.2337, 'ndcg@40': 0.0794} 
2024-10-09 13:43:57.032 | INFO     | trainer_1:_train_one_epoch:209 - test 30 cost time 7.22s, result: {'hit@1': 0.0107, 'ndcg@1': 0.0107, 'hit@5': 0.0369, 'ndcg@5': 0.0238, 'hit@10': 0.0606, 'ndcg@10': 0.0315, 'hit@15': 0.0819, 'ndcg@15': 0.0371, 'hit@20': 0.1, 'ndcg@20': 0.0413, 'hit@40': 0.1666, 'ndcg@40': 0.0548} 
2024-10-09 13:44:05.817 | INFO     | trainer_1:_train_one_epoch:193 - epoch 31 8.78s Train loss is [0.3556] 
2024-10-09 13:44:10.961 | INFO     | trainer_1:_train_one_epoch:201 - validate 31 cost time 5.14s, result: {'hit@1': 0.0166, 'ndcg@1': 0.0166, 'hit@5': 0.0588, 'ndcg@5': 0.0377, 'hit@10': 0.0948, 'ndcg@10': 0.0493, 'hit@15': 0.1275, 'ndcg@15': 0.0579, 'hit@20': 0.1541, 'ndcg@20': 0.0641, 'hit@40': 0.2434, 'ndcg@40': 0.0823} 
2024-10-09 13:44:15.955 | INFO     | trainer_1:_train_one_epoch:209 - test 31 cost time 4.99s, result: {'hit@1': 0.0105, 'ndcg@1': 0.0105, 'hit@5': 0.038, 'ndcg@5': 0.0241, 'hit@10': 0.0654, 'ndcg@10': 0.0329, 'hit@15': 0.0862, 'ndcg@15': 0.0384, 'hit@20': 0.1062, 'ndcg@20': 0.0432, 'hit@40': 0.1736, 'ndcg@40': 0.0568} 
2024-10-09 13:44:35.713 | INFO     | trainer_1:_train_one_epoch:193 - epoch 32 8.91s Train loss is [0.3544] 
2024-10-09 13:44:42.671 | INFO     | trainer_1:_train_one_epoch:201 - validate 32 cost time 6.96s, result: {'hit@1': 0.0174, 'ndcg@1': 0.0174, 'hit@5': 0.06, 'ndcg@5': 0.0388, 'hit@10': 0.0995, 'ndcg@10': 0.0515, 'hit@15': 0.1288, 'ndcg@15': 0.0593, 'hit@20': 0.1565, 'ndcg@20': 0.0658, 'hit@40': 0.2472, 'ndcg@40': 0.0843} 
2024-10-09 13:44:52.396 | INFO     | trainer_1:_train_one_epoch:209 - test 32 cost time 9.72s, result: {'hit@1': 0.0104, 'ndcg@1': 0.0104, 'hit@5': 0.0392, 'ndcg@5': 0.0246, 'hit@10': 0.0655, 'ndcg@10': 0.033, 'hit@15': 0.0871, 'ndcg@15': 0.0387, 'hit@20': 0.1071, 'ndcg@20': 0.0434, 'hit@40': 0.1736, 'ndcg@40': 0.0569} 
2024-10-09 13:45:13.886 | INFO     | trainer_1:_train_one_epoch:193 - epoch 33 10.81s Train loss is [0.3512] 
2024-10-09 13:45:23.844 | INFO     | trainer_1:_train_one_epoch:201 - validate 33 cost time 9.96s, result: {'hit@1': 0.0163, 'ndcg@1': 0.0163, 'hit@5': 0.0604, 'ndcg@5': 0.0385, 'hit@10': 0.0971, 'ndcg@10': 0.0502, 'hit@15': 0.1282, 'ndcg@15': 0.0585, 'hit@20': 0.1543, 'ndcg@20': 0.0646, 'hit@40': 0.2413, 'ndcg@40': 0.0823} 
2024-10-09 13:45:33.546 | INFO     | trainer_1:_train_one_epoch:209 - test 33 cost time 9.70s, result: {'hit@1': 0.0115, 'ndcg@1': 0.0115, 'hit@5': 0.0392, 'ndcg@5': 0.0252, 'hit@10': 0.0647, 'ndcg@10': 0.0334, 'hit@15': 0.0868, 'ndcg@15': 0.0392, 'hit@20': 0.1058, 'ndcg@20': 0.0437, 'hit@40': 0.1702, 'ndcg@40': 0.0568} 
2024-10-09 13:45:42.705 | INFO     | trainer_1:_train_one_epoch:193 - epoch 34 9.16s Train loss is [0.3446] 
2024-10-09 13:45:52.637 | INFO     | trainer_1:_train_one_epoch:201 - validate 34 cost time 9.93s, result: {'hit@1': 0.0159, 'ndcg@1': 0.0159, 'hit@5': 0.0601, 'ndcg@5': 0.0381, 'hit@10': 0.097, 'ndcg@10': 0.0499, 'hit@15': 0.1284, 'ndcg@15': 0.0582, 'hit@20': 0.1562, 'ndcg@20': 0.0648, 'hit@40': 0.2448, 'ndcg@40': 0.0828} 
2024-10-09 13:46:02.358 | INFO     | trainer_1:_train_one_epoch:209 - test 34 cost time 9.72s, result: {'hit@1': 0.0119, 'ndcg@1': 0.0119, 'hit@5': 0.0396, 'ndcg@5': 0.0258, 'hit@10': 0.0658, 'ndcg@10': 0.0341, 'hit@15': 0.088, 'ndcg@15': 0.04, 'hit@20': 0.108, 'ndcg@20': 0.0447, 'hit@40': 0.1729, 'ndcg@40': 0.0579} 
2024-10-09 13:46:22.338 | INFO     | trainer_1:_train_one_epoch:193 - epoch 35 9.20s Train loss is [0.3482] 
2024-10-09 13:46:32.259 | INFO     | trainer_1:_train_one_epoch:201 - validate 35 cost time 9.92s, result: {'hit@1': 0.018, 'ndcg@1': 0.018, 'hit@5': 0.0609, 'ndcg@5': 0.0394, 'hit@10': 0.0984, 'ndcg@10': 0.0515, 'hit@15': 0.1284, 'ndcg@15': 0.0594, 'hit@20': 0.1541, 'ndcg@20': 0.0655, 'hit@40': 0.2416, 'ndcg@40': 0.0833} 
2024-10-09 13:46:41.971 | INFO     | trainer_1:_train_one_epoch:209 - test 35 cost time 9.71s, result: {'hit@1': 0.0118, 'ndcg@1': 0.0118, 'hit@5': 0.0402, 'ndcg@5': 0.026, 'hit@10': 0.0661, 'ndcg@10': 0.0344, 'hit@15': 0.0867, 'ndcg@15': 0.0398, 'hit@20': 0.1061, 'ndcg@20': 0.0444, 'hit@40': 0.1696, 'ndcg@40': 0.0573} 
2024-10-09 13:47:01.874 | INFO     | trainer_1:_train_one_epoch:193 - epoch 36 9.38s Train loss is [0.3467] 
2024-10-09 13:47:11.811 | INFO     | trainer_1:_train_one_epoch:201 - validate 36 cost time 9.94s, result: {'hit@1': 0.017, 'ndcg@1': 0.017, 'hit@5': 0.0594, 'ndcg@5': 0.0381, 'hit@10': 0.0973, 'ndcg@10': 0.0503, 'hit@15': 0.1312, 'ndcg@15': 0.0592, 'hit@20': 0.1597, 'ndcg@20': 0.066, 'hit@40': 0.2496, 'ndcg@40': 0.0843} 
2024-10-09 13:47:21.571 | INFO     | trainer_1:_train_one_epoch:209 - test 36 cost time 9.76s, result: {'hit@1': 0.0107, 'ndcg@1': 0.0107, 'hit@5': 0.0396, 'ndcg@5': 0.0253, 'hit@10': 0.0669, 'ndcg@10': 0.034, 'hit@15': 0.0891, 'ndcg@15': 0.0399, 'hit@20': 0.109, 'ndcg@20': 0.0446, 'hit@40': 0.1759, 'ndcg@40': 0.0581} 
2024-10-09 13:47:42.548 | INFO     | trainer_1:_train_one_epoch:193 - epoch 37 9.84s Train loss is [0.3554] 
2024-10-09 13:47:52.469 | INFO     | trainer_1:_train_one_epoch:201 - validate 37 cost time 9.92s, result: {'hit@1': 0.0168, 'ndcg@1': 0.0168, 'hit@5': 0.0594, 'ndcg@5': 0.0381, 'hit@10': 0.0991, 'ndcg@10': 0.0509, 'hit@15': 0.1294, 'ndcg@15': 0.0588, 'hit@20': 0.1569, 'ndcg@20': 0.0653, 'hit@40': 0.2485, 'ndcg@40': 0.084} 
2024-10-09 13:48:02.228 | INFO     | trainer_1:_train_one_epoch:209 - test 37 cost time 9.76s, result: {'hit@1': 0.0107, 'ndcg@1': 0.0107, 'hit@5': 0.0395, 'ndcg@5': 0.0251, 'hit@10': 0.067, 'ndcg@10': 0.0339, 'hit@15': 0.0884, 'ndcg@15': 0.0396, 'hit@20': 0.1076, 'ndcg@20': 0.0441, 'hit@40': 0.1741, 'ndcg@40': 0.0576} 
2024-10-09 13:48:22.500 | INFO     | trainer_1:_train_one_epoch:193 - epoch 38 9.36s Train loss is [0.3492] 
2024-10-09 13:48:32.428 | INFO     | trainer_1:_train_one_epoch:201 - validate 38 cost time 9.93s, result: {'hit@1': 0.0169, 'ndcg@1': 0.0169, 'hit@5': 0.0607, 'ndcg@5': 0.0389, 'hit@10': 0.0988, 'ndcg@10': 0.0512, 'hit@15': 0.1299, 'ndcg@15': 0.0594, 'hit@20': 0.1565, 'ndcg@20': 0.0656, 'hit@40': 0.2488, 'ndcg@40': 0.0844} 
2024-10-09 13:48:42.158 | INFO     | trainer_1:_train_one_epoch:209 - test 38 cost time 9.73s, result: {'hit@1': 0.0106, 'ndcg@1': 0.0106, 'hit@5': 0.0412, 'ndcg@5': 0.0257, 'hit@10': 0.0661, 'ndcg@10': 0.0336, 'hit@15': 0.0888, 'ndcg@15': 0.0396, 'hit@20': 0.1072, 'ndcg@20': 0.044, 'hit@40': 0.174, 'ndcg@40': 0.0575} 
2024-10-09 13:48:51.270 | INFO     | trainer_1:_train_one_epoch:193 - epoch 39 9.11s Train loss is [0.3579] 
2024-10-09 13:49:01.189 | INFO     | trainer_1:_train_one_epoch:201 - validate 39 cost time 9.92s, result: {'hit@1': 0.0171, 'ndcg@1': 0.0171, 'hit@5': 0.063, 'ndcg@5': 0.0403, 'hit@10': 0.1026, 'ndcg@10': 0.053, 'hit@15': 0.1338, 'ndcg@15': 0.0612, 'hit@20': 0.1622, 'ndcg@20': 0.0679, 'hit@40': 0.2574, 'ndcg@40': 0.0873} 
2024-10-09 13:49:10.908 | INFO     | trainer_1:_train_one_epoch:209 - test 39 cost time 9.72s, result: {'hit@1': 0.0104, 'ndcg@1': 0.0104, 'hit@5': 0.0406, 'ndcg@5': 0.0254, 'hit@10': 0.067, 'ndcg@10': 0.0339, 'hit@15': 0.0888, 'ndcg@15': 0.0397, 'hit@20': 0.1095, 'ndcg@20': 0.0445, 'hit@40': 0.1781, 'ndcg@40': 0.0585} 
2024-10-09 13:49:19.862 | INFO     | trainer_1:_train_one_epoch:193 - epoch 40 8.95s Train loss is [0.3517] 
2024-10-09 13:49:29.775 | INFO     | trainer_1:_train_one_epoch:201 - validate 40 cost time 9.91s, result: {'hit@1': 0.0168, 'ndcg@1': 0.0168, 'hit@5': 0.0607, 'ndcg@5': 0.0388, 'hit@10': 0.0985, 'ndcg@10': 0.051, 'hit@15': 0.1334, 'ndcg@15': 0.0602, 'hit@20': 0.1624, 'ndcg@20': 0.067, 'hit@40': 0.2538, 'ndcg@40': 0.0856} 
2024-10-09 13:49:39.488 | INFO     | trainer_1:_train_one_epoch:209 - test 40 cost time 9.71s, result: {'hit@1': 0.0106, 'ndcg@1': 0.0106, 'hit@5': 0.0392, 'ndcg@5': 0.025, 'hit@10': 0.0663, 'ndcg@10': 0.0337, 'hit@15': 0.0881, 'ndcg@15': 0.0395, 'hit@20': 0.108, 'ndcg@20': 0.0442, 'hit@40': 0.1775, 'ndcg@40': 0.0584} 
2024-10-09 13:49:48.243 | INFO     | trainer_1:_train_one_epoch:193 - epoch 41 8.75s Train loss is [0.3473] 
2024-10-09 13:49:58.130 | INFO     | trainer_1:_train_one_epoch:201 - validate 41 cost time 9.89s, result: {'hit@1': 0.0175, 'ndcg@1': 0.0175, 'hit@5': 0.0602, 'ndcg@5': 0.0387, 'hit@10': 0.0998, 'ndcg@10': 0.0514, 'hit@15': 0.1318, 'ndcg@15': 0.0598, 'hit@20': 0.1633, 'ndcg@20': 0.0672, 'hit@40': 0.2572, 'ndcg@40': 0.0864} 
2024-10-09 13:50:07.830 | INFO     | trainer_1:_train_one_epoch:209 - test 41 cost time 9.70s, result: {'hit@1': 0.0109, 'ndcg@1': 0.0109, 'hit@5': 0.0383, 'ndcg@5': 0.0247, 'hit@10': 0.067, 'ndcg@10': 0.034, 'hit@15': 0.0893, 'ndcg@15': 0.0398, 'hit@20': 0.1101, 'ndcg@20': 0.0447, 'hit@40': 0.1774, 'ndcg@40': 0.0584} 
2024-10-09 13:50:16.409 | INFO     | trainer_1:_train_one_epoch:193 - epoch 42 8.58s Train loss is [0.3406] 
2024-10-09 13:50:26.299 | INFO     | trainer_1:_train_one_epoch:201 - validate 42 cost time 9.89s, result: {'hit@1': 0.0167, 'ndcg@1': 0.0167, 'hit@5': 0.0596, 'ndcg@5': 0.038, 'hit@10': 0.0956, 'ndcg@10': 0.0496, 'hit@15': 0.1277, 'ndcg@15': 0.0581, 'hit@20': 0.1579, 'ndcg@20': 0.0652, 'hit@40': 0.2483, 'ndcg@40': 0.0836} 
2024-10-09 13:50:36.013 | INFO     | trainer_1:_train_one_epoch:209 - test 42 cost time 9.71s, result: {'hit@1': 0.0107, 'ndcg@1': 0.0107, 'hit@5': 0.0373, 'ndcg@5': 0.0242, 'hit@10': 0.0645, 'ndcg@10': 0.0329, 'hit@15': 0.0859, 'ndcg@15': 0.0386, 'hit@20': 0.1046, 'ndcg@20': 0.043, 'hit@40': 0.1697, 'ndcg@40': 0.0562} 
2024-10-09 13:50:44.723 | INFO     | trainer_1:_train_one_epoch:193 - epoch 43 8.71s Train loss is [0.3463] 
2024-10-09 13:50:54.585 | INFO     | trainer_1:_train_one_epoch:201 - validate 43 cost time 9.86s, result: {'hit@1': 0.015, 'ndcg@1': 0.015, 'hit@5': 0.0585, 'ndcg@5': 0.0371, 'hit@10': 0.0988, 'ndcg@10': 0.05, 'hit@15': 0.1318, 'ndcg@15': 0.0588, 'hit@20': 0.1621, 'ndcg@20': 0.0659, 'hit@40': 0.2571, 'ndcg@40': 0.0852} 
2024-10-09 13:51:04.327 | INFO     | trainer_1:_train_one_epoch:209 - test 43 cost time 9.74s, result: {'hit@1': 0.0111, 'ndcg@1': 0.0111, 'hit@5': 0.0379, 'ndcg@5': 0.0246, 'hit@10': 0.0658, 'ndcg@10': 0.0335, 'hit@15': 0.0886, 'ndcg@15': 0.0395, 'hit@20': 0.1091, 'ndcg@20': 0.0443, 'hit@40': 0.1773, 'ndcg@40': 0.0582} 
2024-10-09 13:51:12.880 | INFO     | trainer_1:_train_one_epoch:193 - epoch 44 8.55s Train loss is [0.3408] 
2024-10-09 13:51:22.802 | INFO     | trainer_1:_train_one_epoch:201 - validate 44 cost time 9.92s, result: {'hit@1': 0.0164, 'ndcg@1': 0.0164, 'hit@5': 0.0626, 'ndcg@5': 0.0395, 'hit@10': 0.1062, 'ndcg@10': 0.0534, 'hit@15': 0.1415, 'ndcg@15': 0.0627, 'hit@20': 0.1709, 'ndcg@20': 0.0696, 'hit@40': 0.2661, 'ndcg@40': 0.089} 
2024-10-09 13:51:32.547 | INFO     | trainer_1:_train_one_epoch:209 - test 44 cost time 9.74s, result: {'hit@1': 0.0122, 'ndcg@1': 0.0122, 'hit@5': 0.0418, 'ndcg@5': 0.027, 'hit@10': 0.0698, 'ndcg@10': 0.036, 'hit@15': 0.0938, 'ndcg@15': 0.0423, 'hit@20': 0.1149, 'ndcg@20': 0.0473, 'hit@40': 0.1851, 'ndcg@40': 0.0616} 
2024-10-09 13:51:51.873 | INFO     | trainer_1:_train_one_epoch:193 - epoch 45 8.66s Train loss is [0.3424] 
2024-10-09 13:52:01.825 | INFO     | trainer_1:_train_one_epoch:201 - validate 45 cost time 9.95s, result: {'hit@1': 0.0174, 'ndcg@1': 0.0174, 'hit@5': 0.0624, 'ndcg@5': 0.0399, 'hit@10': 0.1022, 'ndcg@10': 0.0526, 'hit@15': 0.1349, 'ndcg@15': 0.0613, 'hit@20': 0.162, 'ndcg@20': 0.0676, 'hit@40': 0.2569, 'ndcg@40': 0.087} 
2024-10-09 13:52:11.590 | INFO     | trainer_1:_train_one_epoch:209 - test 45 cost time 9.76s, result: {'hit@1': 0.0116, 'ndcg@1': 0.0116, 'hit@5': 0.0396, 'ndcg@5': 0.0255, 'hit@10': 0.0662, 'ndcg@10': 0.034, 'hit@15': 0.0883, 'ndcg@15': 0.0399, 'hit@20': 0.1085, 'ndcg@20': 0.0446, 'hit@40': 0.177, 'ndcg@40': 0.0585} 
2024-10-09 13:52:20.152 | INFO     | trainer_1:_train_one_epoch:193 - epoch 46 8.56s Train loss is [0.3433] 
2024-10-09 13:52:29.159 | INFO     | trainer_1:_train_one_epoch:201 - validate 46 cost time 9.01s, result: {'hit@1': 0.0158, 'ndcg@1': 0.0158, 'hit@5': 0.0619, 'ndcg@5': 0.039, 'hit@10': 0.1014, 'ndcg@10': 0.0516, 'hit@15': 0.1357, 'ndcg@15': 0.0607, 'hit@20': 0.167, 'ndcg@20': 0.0681, 'hit@40': 0.2599, 'ndcg@40': 0.087} 
2024-10-09 13:52:34.079 | INFO     | trainer_1:_train_one_epoch:209 - test 46 cost time 4.92s, result: {'hit@1': 0.0116, 'ndcg@1': 0.0116, 'hit@5': 0.0409, 'ndcg@5': 0.0261, 'hit@10': 0.0685, 'ndcg@10': 0.0349, 'hit@15': 0.0901, 'ndcg@15': 0.0406, 'hit@20': 0.1096, 'ndcg@20': 0.0452, 'hit@40': 0.1796, 'ndcg@40': 0.0594} 
2024-10-09 13:52:42.735 | INFO     | trainer_1:_train_one_epoch:193 - epoch 47 8.66s Train loss is [0.3382] 
2024-10-09 13:52:50.790 | INFO     | trainer_1:_train_one_epoch:201 - validate 47 cost time 8.05s, result: {'hit@1': 0.0168, 'ndcg@1': 0.0168, 'hit@5': 0.0627, 'ndcg@5': 0.0396, 'hit@10': 0.1046, 'ndcg@10': 0.0531, 'hit@15': 0.1373, 'ndcg@15': 0.0617, 'hit@20': 0.1662, 'ndcg@20': 0.0686, 'hit@40': 0.2585, 'ndcg@40': 0.0873} 
2024-10-09 13:53:00.235 | INFO     | trainer_1:_train_one_epoch:209 - test 47 cost time 9.44s, result: {'hit@1': 0.0122, 'ndcg@1': 0.0122, 'hit@5': 0.0405, 'ndcg@5': 0.0263, 'hit@10': 0.0689, 'ndcg@10': 0.0354, 'hit@15': 0.0913, 'ndcg@15': 0.0413, 'hit@20': 0.1122, 'ndcg@20': 0.0463, 'hit@40': 0.1805, 'ndcg@40': 0.0602} 
2024-10-09 13:53:08.886 | INFO     | trainer_1:_train_one_epoch:193 - epoch 48 8.65s Train loss is [0.3370] 
2024-10-09 13:53:15.039 | INFO     | trainer_1:_train_one_epoch:201 - validate 48 cost time 6.15s, result: {'hit@1': 0.0161, 'ndcg@1': 0.0161, 'hit@5': 0.061, 'ndcg@5': 0.0385, 'hit@10': 0.0993, 'ndcg@10': 0.0508, 'hit@15': 0.1331, 'ndcg@15': 0.0597, 'hit@20': 0.1621, 'ndcg@20': 0.0665, 'hit@40': 0.2571, 'ndcg@40': 0.0859} 
2024-10-09 13:53:19.985 | INFO     | trainer_1:_train_one_epoch:209 - test 48 cost time 4.95s, result: {'hit@1': 0.0111, 'ndcg@1': 0.0111, 'hit@5': 0.0396, 'ndcg@5': 0.0253, 'hit@10': 0.0669, 'ndcg@10': 0.034, 'hit@15': 0.0877, 'ndcg@15': 0.0395, 'hit@20': 0.1095, 'ndcg@20': 0.0447, 'hit@40': 0.1799, 'ndcg@40': 0.059} 
2024-10-09 13:53:28.597 | INFO     | trainer_1:_train_one_epoch:193 - epoch 49 8.61s Train loss is [0.3404] 
2024-10-09 13:53:37.076 | INFO     | trainer_1:_train_one_epoch:201 - validate 49 cost time 8.48s, result: {'hit@1': 0.0173, 'ndcg@1': 0.0173, 'hit@5': 0.0623, 'ndcg@5': 0.0397, 'hit@10': 0.1035, 'ndcg@10': 0.0529, 'hit@15': 0.1387, 'ndcg@15': 0.0621, 'hit@20': 0.1692, 'ndcg@20': 0.0693, 'hit@40': 0.2639, 'ndcg@40': 0.0886} 
2024-10-09 13:53:46.007 | INFO     | trainer_1:_train_one_epoch:209 - test 49 cost time 8.93s, result: {'hit@1': 0.0118, 'ndcg@1': 0.0118, 'hit@5': 0.0431, 'ndcg@5': 0.0274, 'hit@10': 0.0692, 'ndcg@10': 0.0357, 'hit@15': 0.0915, 'ndcg@15': 0.0416, 'hit@20': 0.1127, 'ndcg@20': 0.0466, 'hit@40': 0.1836, 'ndcg@40': 0.061} 
2024-10-09 13:53:46.018 | INFO     | trainer_1:train_model:163 - training end, best iteration 44, results: {'hit@1': 0.0164, 'ndcg@1': 0.0164, 'hit@5': 0.0626, 'ndcg@5': 0.0395, 'hit@10': 0.1062, 'ndcg@10': 0.0534, 'hit@15': 0.1415, 'ndcg@15': 0.0627, 'hit@20': 0.1709, 'ndcg@20': 0.0696, 'hit@40': 0.2661, 'ndcg@40': 0.089}
2024-10-09 13:53:46.019 | INFO     | trainer_1:train_model:166 - final test result is:  {'hit@1': 0.0122, 'ndcg@1': 0.0122, 'hit@5': 0.0418, 'ndcg@5': 0.027, 'hit@10': 0.0698, 'ndcg@10': 0.036, 'hit@15': 0.0938, 'ndcg@15': 0.0423, 'hit@20': 0.1149, 'ndcg@20': 0.0473, 'hit@40': 0.1851, 'ndcg@40': 0.0616}
2024-10-09 13:53:46.237 | INFO     | __main__:<module>:119 - train end total cost time: 3826.74232006073
