2024-10-15 22:34:01.832 | INFO     | __main__:<module>:105 - Namespace(TIME='2024-10-15 22_33_28', batch_size=1024, behaviors=['view', 'cart', 'buy'], check_point='model_pre_1_2024-10-08 12_13_12.pth', data_name='beibei', data_path='./data/beibei', decay=0.001, device='cuda:1', dim_qk=32, dim_v=64, distill_layers=2, distill_thres=0.5, distill_topK=8, distill_userK=10, embedding_size=64, epochs=100, gpu_no=1, if_load_model=True, ii_lambda=200, initializer_range=0.02, layers=2, loss_type='bpr', lr=0.001, message_dropout=0.25, metrics=['hit', 'ndcg'], min_epoch=5, model_name='main_1', model_path='./check_point', node_dropout=0.75, omega=1, pt_loop=50, reg_weight=0.001, test_batch_size=1024, testbatch=1024, topk=[1, 5, 10, 15, 20, 40], uu_lambda=100)
2024-10-15 22:34:01.833 | INFO     | __main__:<module>:106 - BIPN(
  (message_dropout): Dropout(p=0.25, inplace=False)
  (user_embedding): Embedding(21717, 64, padding_idx=0)
  (item_embedding): Embedding(7978, 64, padding_idx=0)
  (global_Graph): LightGCN()
  (Graph_encoder): ModuleDict(
    (view): GraphEncoder(
      (light): LightGCN()
      (dropout): Dropout(p=0.75, inplace=False)
    )
    (cart): GraphEncoder(
      (light): LightGCN()
      (dropout): Dropout(p=0.75, inplace=False)
    )
    (buy): GraphEncoder(
      (light): LightGCN()
      (dropout): Dropout(p=0.75, inplace=False)
    )
  )
  (attention): Mutual_Attention()
  (bpr_loss): BPRLoss()
  (emb_loss): EmbLoss()
  (f): Sigmoid()
)
2024-10-15 22:34:34.085 | INFO     | trainer_1_top:_train_one_epoch:178 - epoch 1 6.75s Train loss is [0.9075] 
2024-10-15 22:34:39.696 | INFO     | trainer_1_top:_train_one_epoch:186 - validate 1 cost time 5.61s, result: {'hit@1': 0.0079, 'ndcg@1': 0.0079, 'hit@5': 0.0299, 'ndcg@5': 0.0188, 'hit@10': 0.0504, 'ndcg@10': 0.0253, 'hit@15': 0.0692, 'ndcg@15': 0.0303, 'hit@20': 0.0858, 'ndcg@20': 0.0342, 'hit@40': 0.1445, 'ndcg@40': 0.0461} 
2024-10-15 22:34:45.250 | INFO     | trainer_1_top:_train_one_epoch:194 - test 1 cost time 5.55s, result: {'hit@1': 0.004, 'ndcg@1': 0.004, 'hit@5': 0.0185, 'ndcg@5': 0.011, 'hit@10': 0.0354, 'ndcg@10': 0.0164, 'hit@15': 0.0499, 'ndcg@15': 0.0202, 'hit@20': 0.0616, 'ndcg@20': 0.023, 'hit@40': 0.1048, 'ndcg@40': 0.0318} 
2024-10-15 22:35:03.333 | INFO     | trainer_1_top:_train_one_epoch:178 - epoch 2 7.41s Train loss is [0.6833] 
2024-10-15 22:35:08.997 | INFO     | trainer_1_top:_train_one_epoch:186 - validate 2 cost time 5.66s, result: {'hit@1': 0.0075, 'ndcg@1': 0.0075, 'hit@5': 0.0334, 'ndcg@5': 0.0203, 'hit@10': 0.0571, 'ndcg@10': 0.0279, 'hit@15': 0.0771, 'ndcg@15': 0.0331, 'hit@20': 0.0951, 'ndcg@20': 0.0374, 'hit@40': 0.1588, 'ndcg@40': 0.0504} 
2024-10-15 22:35:14.577 | INFO     | trainer_1_top:_train_one_epoch:194 - test 2 cost time 5.58s, result: {'hit@1': 0.0049, 'ndcg@1': 0.0049, 'hit@5': 0.02, 'ndcg@5': 0.0123, 'hit@10': 0.0367, 'ndcg@10': 0.0176, 'hit@15': 0.0524, 'ndcg@15': 0.0218, 'hit@20': 0.0656, 'ndcg@20': 0.0248, 'hit@40': 0.1153, 'ndcg@40': 0.035} 
2024-10-15 22:35:32.363 | INFO     | trainer_1_top:_train_one_epoch:178 - epoch 3 7.29s Train loss is [0.6085] 
2024-10-15 22:35:38.004 | INFO     | trainer_1_top:_train_one_epoch:186 - validate 3 cost time 5.64s, result: {'hit@1': 0.0089, 'ndcg@1': 0.0089, 'hit@5': 0.0373, 'ndcg@5': 0.0231, 'hit@10': 0.065, 'ndcg@10': 0.0319, 'hit@15': 0.0913, 'ndcg@15': 0.0389, 'hit@20': 0.1144, 'ndcg@20': 0.0444, 'hit@40': 0.1887, 'ndcg@40': 0.0595} 
2024-10-15 22:35:43.562 | INFO     | trainer_1_top:_train_one_epoch:194 - test 3 cost time 5.56s, result: {'hit@1': 0.0054, 'ndcg@1': 0.0054, 'hit@5': 0.0233, 'ndcg@5': 0.0142, 'hit@10': 0.0443, 'ndcg@10': 0.0209, 'hit@15': 0.0612, 'ndcg@15': 0.0253, 'hit@20': 0.0764, 'ndcg@20': 0.0289, 'hit@40': 0.1339, 'ndcg@40': 0.0406} 
2024-10-15 22:36:01.372 | INFO     | trainer_1_top:_train_one_epoch:178 - epoch 4 7.27s Train loss is [0.5772] 
2024-10-15 22:36:06.987 | INFO     | trainer_1_top:_train_one_epoch:186 - validate 4 cost time 5.61s, result: {'hit@1': 0.0109, 'ndcg@1': 0.0109, 'hit@5': 0.0415, 'ndcg@5': 0.0263, 'hit@10': 0.0703, 'ndcg@10': 0.0355, 'hit@15': 0.0962, 'ndcg@15': 0.0424, 'hit@20': 0.1191, 'ndcg@20': 0.0478, 'hit@40': 0.1896, 'ndcg@40': 0.0621} 
2024-10-15 22:36:12.556 | INFO     | trainer_1_top:_train_one_epoch:194 - test 4 cost time 5.57s, result: {'hit@1': 0.0064, 'ndcg@1': 0.0064, 'hit@5': 0.0232, 'ndcg@5': 0.0147, 'hit@10': 0.0426, 'ndcg@10': 0.0209, 'hit@15': 0.0598, 'ndcg@15': 0.0255, 'hit@20': 0.0759, 'ndcg@20': 0.0293, 'hit@40': 0.1281, 'ndcg@40': 0.0399} 
2024-10-15 22:36:19.332 | INFO     | trainer_1_top:_train_one_epoch:178 - epoch 5 6.78s Train loss is [0.5404] 
2024-10-15 22:36:24.213 | INFO     | trainer_1_top:_train_one_epoch:186 - validate 5 cost time 4.88s, result: {'hit@1': 0.0123, 'ndcg@1': 0.0123, 'hit@5': 0.0438, 'ndcg@5': 0.028, 'hit@10': 0.0747, 'ndcg@10': 0.038, 'hit@15': 0.1009, 'ndcg@15': 0.0449, 'hit@20': 0.1236, 'ndcg@20': 0.0502, 'hit@40': 0.1973, 'ndcg@40': 0.0653} 
2024-10-15 22:36:29.061 | INFO     | trainer_1_top:_train_one_epoch:194 - test 5 cost time 4.85s, result: {'hit@1': 0.0071, 'ndcg@1': 0.0071, 'hit@5': 0.0264, 'ndcg@5': 0.0166, 'hit@10': 0.0458, 'ndcg@10': 0.0228, 'hit@15': 0.0629, 'ndcg@15': 0.0273, 'hit@20': 0.0785, 'ndcg@20': 0.0309, 'hit@40': 0.1331, 'ndcg@40': 0.042} 
2024-10-15 22:36:46.136 | INFO     | trainer_1_top:_train_one_epoch:178 - epoch 6 6.54s Train loss is [0.5245] 
2024-10-15 22:36:51.711 | INFO     | trainer_1_top:_train_one_epoch:186 - validate 6 cost time 5.57s, result: {'hit@1': 0.0133, 'ndcg@1': 0.0133, 'hit@5': 0.0455, 'ndcg@5': 0.0289, 'hit@10': 0.0732, 'ndcg@10': 0.0377, 'hit@15': 0.1009, 'ndcg@15': 0.045, 'hit@20': 0.124, 'ndcg@20': 0.0505, 'hit@40': 0.1982, 'ndcg@40': 0.0656} 
2024-10-15 22:36:57.223 | INFO     | trainer_1_top:_train_one_epoch:194 - test 6 cost time 5.51s, result: {'hit@1': 0.0064, 'ndcg@1': 0.0064, 'hit@5': 0.0286, 'ndcg@5': 0.0175, 'hit@10': 0.048, 'ndcg@10': 0.0237, 'hit@15': 0.067, 'ndcg@15': 0.0287, 'hit@20': 0.0824, 'ndcg@20': 0.0324, 'hit@40': 0.1399, 'ndcg@40': 0.0441} 
2024-10-15 22:37:14.261 | INFO     | trainer_1_top:_train_one_epoch:178 - epoch 7 6.82s Train loss is [0.4930] 
2024-10-15 22:37:19.864 | INFO     | trainer_1_top:_train_one_epoch:186 - validate 7 cost time 5.60s, result: {'hit@1': 0.0122, 'ndcg@1': 0.0122, 'hit@5': 0.0434, 'ndcg@5': 0.0276, 'hit@10': 0.0733, 'ndcg@10': 0.0371, 'hit@15': 0.0987, 'ndcg@15': 0.0438, 'hit@20': 0.1232, 'ndcg@20': 0.0496, 'hit@40': 0.1993, 'ndcg@40': 0.0651} 
2024-10-15 22:37:25.399 | INFO     | trainer_1_top:_train_one_epoch:194 - test 7 cost time 5.54s, result: {'hit@1': 0.0059, 'ndcg@1': 0.0059, 'hit@5': 0.0257, 'ndcg@5': 0.0157, 'hit@10': 0.0471, 'ndcg@10': 0.0226, 'hit@15': 0.0645, 'ndcg@15': 0.0272, 'hit@20': 0.0807, 'ndcg@20': 0.031, 'hit@40': 0.1417, 'ndcg@40': 0.0434} 
2024-10-15 22:37:32.303 | INFO     | trainer_1_top:_train_one_epoch:178 - epoch 8 6.90s Train loss is [0.4928] 
2024-10-15 22:37:37.877 | INFO     | trainer_1_top:_train_one_epoch:186 - validate 8 cost time 5.57s, result: {'hit@1': 0.0122, 'ndcg@1': 0.0122, 'hit@5': 0.043, 'ndcg@5': 0.0275, 'hit@10': 0.0746, 'ndcg@10': 0.0376, 'hit@15': 0.0995, 'ndcg@15': 0.0442, 'hit@20': 0.1229, 'ndcg@20': 0.0497, 'hit@40': 0.1999, 'ndcg@40': 0.0654} 
2024-10-15 22:37:43.395 | INFO     | trainer_1_top:_train_one_epoch:194 - test 8 cost time 5.52s, result: {'hit@1': 0.0075, 'ndcg@1': 0.0075, 'hit@5': 0.0265, 'ndcg@5': 0.017, 'hit@10': 0.0466, 'ndcg@10': 0.0234, 'hit@15': 0.0652, 'ndcg@15': 0.0283, 'hit@20': 0.0816, 'ndcg@20': 0.0321, 'hit@40': 0.1409, 'ndcg@40': 0.0442} 
2024-10-15 22:37:50.146 | INFO     | trainer_1_top:_train_one_epoch:178 - epoch 9 6.75s Train loss is [0.4686] 
2024-10-15 22:37:55.719 | INFO     | trainer_1_top:_train_one_epoch:186 - validate 9 cost time 5.57s, result: {'hit@1': 0.0101, 'ndcg@1': 0.0101, 'hit@5': 0.0434, 'ndcg@5': 0.0269, 'hit@10': 0.0741, 'ndcg@10': 0.0367, 'hit@15': 0.1005, 'ndcg@15': 0.0437, 'hit@20': 0.1241, 'ndcg@20': 0.0492, 'hit@40': 0.2006, 'ndcg@40': 0.0648} 
2024-10-15 22:38:01.245 | INFO     | trainer_1_top:_train_one_epoch:194 - test 9 cost time 5.52s, result: {'hit@1': 0.0072, 'ndcg@1': 0.0072, 'hit@5': 0.0274, 'ndcg@5': 0.0173, 'hit@10': 0.0457, 'ndcg@10': 0.0231, 'hit@15': 0.0626, 'ndcg@15': 0.0275, 'hit@20': 0.0813, 'ndcg@20': 0.0319, 'hit@40': 0.1393, 'ndcg@40': 0.0437} 
2024-10-15 22:38:07.891 | INFO     | trainer_1_top:_train_one_epoch:178 - epoch 10 6.65s Train loss is [0.4572] 
2024-10-15 22:38:13.478 | INFO     | trainer_1_top:_train_one_epoch:186 - validate 10 cost time 5.59s, result: {'hit@1': 0.0117, 'ndcg@1': 0.0117, 'hit@5': 0.0457, 'ndcg@5': 0.0285, 'hit@10': 0.0769, 'ndcg@10': 0.0385, 'hit@15': 0.105, 'ndcg@15': 0.0459, 'hit@20': 0.1305, 'ndcg@20': 0.0519, 'hit@40': 0.2096, 'ndcg@40': 0.068} 
2024-10-15 22:38:19.009 | INFO     | trainer_1_top:_train_one_epoch:194 - test 10 cost time 5.53s, result: {'hit@1': 0.0068, 'ndcg@1': 0.0068, 'hit@5': 0.0285, 'ndcg@5': 0.0175, 'hit@10': 0.0483, 'ndcg@10': 0.0238, 'hit@15': 0.0669, 'ndcg@15': 0.0287, 'hit@20': 0.0833, 'ndcg@20': 0.0325, 'hit@40': 0.144, 'ndcg@40': 0.0449} 
2024-10-15 22:38:36.144 | INFO     | trainer_1_top:_train_one_epoch:178 - epoch 11 6.66s Train loss is [0.4431] 
2024-10-15 22:38:41.702 | INFO     | trainer_1_top:_train_one_epoch:186 - validate 11 cost time 5.56s, result: {'hit@1': 0.0108, 'ndcg@1': 0.0108, 'hit@5': 0.0418, 'ndcg@5': 0.0264, 'hit@10': 0.0742, 'ndcg@10': 0.0367, 'hit@15': 0.1008, 'ndcg@15': 0.0437, 'hit@20': 0.1255, 'ndcg@20': 0.0495, 'hit@40': 0.2036, 'ndcg@40': 0.0654} 
2024-10-15 22:38:47.205 | INFO     | trainer_1_top:_train_one_epoch:194 - test 11 cost time 5.50s, result: {'hit@1': 0.0064, 'ndcg@1': 0.0064, 'hit@5': 0.0267, 'ndcg@5': 0.0164, 'hit@10': 0.0471, 'ndcg@10': 0.023, 'hit@15': 0.0636, 'ndcg@15': 0.0274, 'hit@20': 0.0816, 'ndcg@20': 0.0316, 'hit@40': 0.1398, 'ndcg@40': 0.0434} 
2024-10-15 22:38:53.613 | INFO     | trainer_1_top:_train_one_epoch:178 - epoch 12 6.41s Train loss is [0.4507] 
2024-10-15 22:38:58.440 | INFO     | trainer_1_top:_train_one_epoch:186 - validate 12 cost time 4.83s, result: {'hit@1': 0.0116, 'ndcg@1': 0.0116, 'hit@5': 0.0431, 'ndcg@5': 0.0274, 'hit@10': 0.0738, 'ndcg@10': 0.0372, 'hit@15': 0.1003, 'ndcg@15': 0.0442, 'hit@20': 0.1271, 'ndcg@20': 0.0506, 'hit@40': 0.2015, 'ndcg@40': 0.0657} 
2024-10-15 22:39:03.245 | INFO     | trainer_1_top:_train_one_epoch:194 - test 12 cost time 4.80s, result: {'hit@1': 0.0072, 'ndcg@1': 0.0072, 'hit@5': 0.0282, 'ndcg@5': 0.0176, 'hit@10': 0.0479, 'ndcg@10': 0.0239, 'hit@15': 0.0652, 'ndcg@15': 0.0285, 'hit@20': 0.081, 'ndcg@20': 0.0322, 'hit@40': 0.1408, 'ndcg@40': 0.0444} 
2024-10-15 22:39:09.483 | INFO     | trainer_1_top:_train_one_epoch:178 - epoch 13 6.24s Train loss is [0.4486] 
2024-10-15 22:39:14.326 | INFO     | trainer_1_top:_train_one_epoch:186 - validate 13 cost time 4.84s, result: {'hit@1': 0.0111, 'ndcg@1': 0.0111, 'hit@5': 0.0473, 'ndcg@5': 0.0292, 'hit@10': 0.083, 'ndcg@10': 0.0407, 'hit@15': 0.111, 'ndcg@15': 0.048, 'hit@20': 0.1392, 'ndcg@20': 0.0547, 'hit@40': 0.2174, 'ndcg@40': 0.0706} 
2024-10-15 22:39:19.130 | INFO     | trainer_1_top:_train_one_epoch:194 - test 13 cost time 4.80s, result: {'hit@1': 0.008, 'ndcg@1': 0.008, 'hit@5': 0.0307, 'ndcg@5': 0.0192, 'hit@10': 0.0523, 'ndcg@10': 0.0261, 'hit@15': 0.0704, 'ndcg@15': 0.0308, 'hit@20': 0.0886, 'ndcg@20': 0.0351, 'hit@40': 0.1513, 'ndcg@40': 0.0479} 
2024-10-15 22:39:36.766 | INFO     | trainer_1_top:_train_one_epoch:178 - epoch 14 6.55s Train loss is [0.4311] 
2024-10-15 22:39:41.607 | INFO     | trainer_1_top:_train_one_epoch:186 - validate 14 cost time 4.84s, result: {'hit@1': 0.0121, 'ndcg@1': 0.0121, 'hit@5': 0.0488, 'ndcg@5': 0.0304, 'hit@10': 0.0828, 'ndcg@10': 0.0413, 'hit@15': 0.1121, 'ndcg@15': 0.0491, 'hit@20': 0.1386, 'ndcg@20': 0.0553, 'hit@40': 0.2203, 'ndcg@40': 0.072} 
2024-10-15 22:39:46.412 | INFO     | trainer_1_top:_train_one_epoch:194 - test 14 cost time 4.81s, result: {'hit@1': 0.008, 'ndcg@1': 0.008, 'hit@5': 0.0303, 'ndcg@5': 0.019, 'hit@10': 0.0543, 'ndcg@10': 0.0267, 'hit@15': 0.0735, 'ndcg@15': 0.0317, 'hit@20': 0.0919, 'ndcg@20': 0.0361, 'hit@40': 0.1552, 'ndcg@40': 0.049} 
2024-10-15 22:40:03.455 | INFO     | trainer_1_top:_train_one_epoch:178 - epoch 15 6.57s Train loss is [0.4297] 
2024-10-15 22:40:08.295 | INFO     | trainer_1_top:_train_one_epoch:186 - validate 15 cost time 4.84s, result: {'hit@1': 0.0119, 'ndcg@1': 0.0119, 'hit@5': 0.0476, 'ndcg@5': 0.0296, 'hit@10': 0.0796, 'ndcg@10': 0.0399, 'hit@15': 0.1074, 'ndcg@15': 0.0473, 'hit@20': 0.1332, 'ndcg@20': 0.0534, 'hit@40': 0.2126, 'ndcg@40': 0.0695} 
2024-10-15 22:40:13.098 | INFO     | trainer_1_top:_train_one_epoch:194 - test 15 cost time 4.80s, result: {'hit@1': 0.0089, 'ndcg@1': 0.0089, 'hit@5': 0.0307, 'ndcg@5': 0.0197, 'hit@10': 0.0513, 'ndcg@10': 0.0263, 'hit@15': 0.0707, 'ndcg@15': 0.0314, 'hit@20': 0.088, 'ndcg@20': 0.0355, 'hit@40': 0.1492, 'ndcg@40': 0.048} 
2024-10-15 22:40:19.619 | INFO     | trainer_1_top:_train_one_epoch:178 - epoch 16 6.52s Train loss is [0.4095] 
2024-10-15 22:40:24.461 | INFO     | trainer_1_top:_train_one_epoch:186 - validate 16 cost time 4.84s, result: {'hit@1': 0.0137, 'ndcg@1': 0.0137, 'hit@5': 0.0521, 'ndcg@5': 0.0327, 'hit@10': 0.0847, 'ndcg@10': 0.0432, 'hit@15': 0.1144, 'ndcg@15': 0.051, 'hit@20': 0.1393, 'ndcg@20': 0.0568, 'hit@40': 0.2219, 'ndcg@40': 0.0737} 
2024-10-15 22:40:29.260 | INFO     | trainer_1_top:_train_one_epoch:194 - test 16 cost time 4.80s, result: {'hit@1': 0.0098, 'ndcg@1': 0.0098, 'hit@5': 0.0352, 'ndcg@5': 0.0223, 'hit@10': 0.0586, 'ndcg@10': 0.0298, 'hit@15': 0.0769, 'ndcg@15': 0.0346, 'hit@20': 0.0942, 'ndcg@20': 0.0386, 'hit@40': 0.1593, 'ndcg@40': 0.0519} 
2024-10-15 22:40:46.572 | INFO     | trainer_1_top:_train_one_epoch:178 - epoch 17 6.52s Train loss is [0.4114] 
2024-10-15 22:40:51.420 | INFO     | trainer_1_top:_train_one_epoch:186 - validate 17 cost time 4.85s, result: {'hit@1': 0.013, 'ndcg@1': 0.013, 'hit@5': 0.052, 'ndcg@5': 0.0324, 'hit@10': 0.0892, 'ndcg@10': 0.0443, 'hit@15': 0.1181, 'ndcg@15': 0.0519, 'hit@20': 0.1447, 'ndcg@20': 0.0582, 'hit@40': 0.2316, 'ndcg@40': 0.0759} 
2024-10-15 22:40:56.225 | INFO     | trainer_1_top:_train_one_epoch:194 - test 17 cost time 4.80s, result: {'hit@1': 0.0093, 'ndcg@1': 0.0093, 'hit@5': 0.0359, 'ndcg@5': 0.0226, 'hit@10': 0.0603, 'ndcg@10': 0.0304, 'hit@15': 0.0803, 'ndcg@15': 0.0357, 'hit@20': 0.0994, 'ndcg@20': 0.0402, 'hit@40': 0.1655, 'ndcg@40': 0.0536} 
2024-10-15 22:41:13.322 | INFO     | trainer_1_top:_train_one_epoch:178 - epoch 18 6.66s Train loss is [0.4014] 
2024-10-15 22:41:18.164 | INFO     | trainer_1_top:_train_one_epoch:186 - validate 18 cost time 4.84s, result: {'hit@1': 0.0141, 'ndcg@1': 0.0141, 'hit@5': 0.0522, 'ndcg@5': 0.0333, 'hit@10': 0.0872, 'ndcg@10': 0.0445, 'hit@15': 0.1167, 'ndcg@15': 0.0523, 'hit@20': 0.1428, 'ndcg@20': 0.0585, 'hit@40': 0.2268, 'ndcg@40': 0.0755} 
2024-10-15 22:41:22.962 | INFO     | trainer_1_top:_train_one_epoch:194 - test 18 cost time 4.80s, result: {'hit@1': 0.0095, 'ndcg@1': 0.0095, 'hit@5': 0.035, 'ndcg@5': 0.0223, 'hit@10': 0.059, 'ndcg@10': 0.03, 'hit@15': 0.0795, 'ndcg@15': 0.0354, 'hit@20': 0.0968, 'ndcg@20': 0.0395, 'hit@40': 0.1622, 'ndcg@40': 0.0528} 
2024-10-15 22:41:29.404 | INFO     | trainer_1_top:_train_one_epoch:178 - epoch 19 6.44s Train loss is [0.4012] 
2024-10-15 22:41:34.970 | INFO     | trainer_1_top:_train_one_epoch:186 - validate 19 cost time 5.57s, result: {'hit@1': 0.0148, 'ndcg@1': 0.0148, 'hit@5': 0.0495, 'ndcg@5': 0.0323, 'hit@10': 0.0828, 'ndcg@10': 0.0429, 'hit@15': 0.1132, 'ndcg@15': 0.0509, 'hit@20': 0.1398, 'ndcg@20': 0.0572, 'hit@40': 0.2222, 'ndcg@40': 0.074} 
2024-10-15 22:41:40.484 | INFO     | trainer_1_top:_train_one_epoch:194 - test 19 cost time 5.51s, result: {'hit@1': 0.0095, 'ndcg@1': 0.0095, 'hit@5': 0.0338, 'ndcg@5': 0.0215, 'hit@10': 0.0577, 'ndcg@10': 0.0291, 'hit@15': 0.0773, 'ndcg@15': 0.0343, 'hit@20': 0.0956, 'ndcg@20': 0.0386, 'hit@40': 0.1568, 'ndcg@40': 0.051} 
2024-10-15 22:41:47.224 | INFO     | trainer_1_top:_train_one_epoch:178 - epoch 20 6.74s Train loss is [0.4017] 
2024-10-15 22:41:52.777 | INFO     | trainer_1_top:_train_one_epoch:186 - validate 20 cost time 5.55s, result: {'hit@1': 0.0154, 'ndcg@1': 0.0154, 'hit@5': 0.0525, 'ndcg@5': 0.0341, 'hit@10': 0.0862, 'ndcg@10': 0.0449, 'hit@15': 0.1148, 'ndcg@15': 0.0524, 'hit@20': 0.1409, 'ndcg@20': 0.0586, 'hit@40': 0.2304, 'ndcg@40': 0.0768} 
2024-10-15 22:41:58.274 | INFO     | trainer_1_top:_train_one_epoch:194 - test 20 cost time 5.50s, result: {'hit@1': 0.0101, 'ndcg@1': 0.0101, 'hit@5': 0.0367, 'ndcg@5': 0.0233, 'hit@10': 0.0606, 'ndcg@10': 0.031, 'hit@15': 0.0821, 'ndcg@15': 0.0367, 'hit@20': 0.1008, 'ndcg@20': 0.0411, 'hit@40': 0.1662, 'ndcg@40': 0.0544} 
2024-10-15 22:42:15.657 | INFO     | trainer_1_top:_train_one_epoch:178 - epoch 21 6.70s Train loss is [0.3917] 
2024-10-15 22:42:21.227 | INFO     | trainer_1_top:_train_one_epoch:186 - validate 21 cost time 5.57s, result: {'hit@1': 0.015, 'ndcg@1': 0.015, 'hit@5': 0.0524, 'ndcg@5': 0.0339, 'hit@10': 0.0849, 'ndcg@10': 0.0443, 'hit@15': 0.1135, 'ndcg@15': 0.0518, 'hit@20': 0.1386, 'ndcg@20': 0.0577, 'hit@40': 0.2255, 'ndcg@40': 0.0754} 
2024-10-15 22:42:26.732 | INFO     | trainer_1_top:_train_one_epoch:194 - test 21 cost time 5.51s, result: {'hit@1': 0.0102, 'ndcg@1': 0.0102, 'hit@5': 0.0364, 'ndcg@5': 0.0233, 'hit@10': 0.0591, 'ndcg@10': 0.0306, 'hit@15': 0.0792, 'ndcg@15': 0.0359, 'hit@20': 0.0976, 'ndcg@20': 0.0403, 'hit@40': 0.1611, 'ndcg@40': 0.0532} 
2024-10-15 22:42:33.385 | INFO     | trainer_1_top:_train_one_epoch:178 - epoch 22 6.65s Train loss is [0.4003] 
2024-10-15 22:42:38.961 | INFO     | trainer_1_top:_train_one_epoch:186 - validate 22 cost time 5.58s, result: {'hit@1': 0.0161, 'ndcg@1': 0.0161, 'hit@5': 0.0539, 'ndcg@5': 0.035, 'hit@10': 0.0874, 'ndcg@10': 0.0458, 'hit@15': 0.1166, 'ndcg@15': 0.0535, 'hit@20': 0.1416, 'ndcg@20': 0.0594, 'hit@40': 0.2253, 'ndcg@40': 0.0764} 
2024-10-15 22:42:44.488 | INFO     | trainer_1_top:_train_one_epoch:194 - test 22 cost time 5.53s, result: {'hit@1': 0.0095, 'ndcg@1': 0.0095, 'hit@5': 0.0354, 'ndcg@5': 0.0223, 'hit@10': 0.0593, 'ndcg@10': 0.03, 'hit@15': 0.0801, 'ndcg@15': 0.0355, 'hit@20': 0.098, 'ndcg@20': 0.0398, 'hit@40': 0.1584, 'ndcg@40': 0.052} 
2024-10-15 22:42:51.092 | INFO     | trainer_1_top:_train_one_epoch:178 - epoch 23 6.60s Train loss is [0.3887] 
2024-10-15 22:42:56.653 | INFO     | trainer_1_top:_train_one_epoch:186 - validate 23 cost time 5.56s, result: {'hit@1': 0.0158, 'ndcg@1': 0.0158, 'hit@5': 0.056, 'ndcg@5': 0.0361, 'hit@10': 0.093, 'ndcg@10': 0.048, 'hit@15': 0.1219, 'ndcg@15': 0.0556, 'hit@20': 0.15, 'ndcg@20': 0.0623, 'hit@40': 0.2364, 'ndcg@40': 0.0798} 
2024-10-15 22:43:02.161 | INFO     | trainer_1_top:_train_one_epoch:194 - test 23 cost time 5.51s, result: {'hit@1': 0.0104, 'ndcg@1': 0.0104, 'hit@5': 0.0377, 'ndcg@5': 0.0239, 'hit@10': 0.0625, 'ndcg@10': 0.0319, 'hit@15': 0.0818, 'ndcg@15': 0.037, 'hit@20': 0.1014, 'ndcg@20': 0.0416, 'hit@40': 0.1679, 'ndcg@40': 0.0552} 
2024-10-15 22:43:19.421 | INFO     | trainer_1_top:_train_one_epoch:178 - epoch 24 6.71s Train loss is [0.3840] 
2024-10-15 22:43:24.978 | INFO     | trainer_1_top:_train_one_epoch:186 - validate 24 cost time 5.56s, result: {'hit@1': 0.0148, 'ndcg@1': 0.0148, 'hit@5': 0.0544, 'ndcg@5': 0.0348, 'hit@10': 0.0875, 'ndcg@10': 0.0455, 'hit@15': 0.1177, 'ndcg@15': 0.0534, 'hit@20': 0.1428, 'ndcg@20': 0.0594, 'hit@40': 0.228, 'ndcg@40': 0.0767} 
2024-10-15 22:43:30.487 | INFO     | trainer_1_top:_train_one_epoch:194 - test 24 cost time 5.51s, result: {'hit@1': 0.0105, 'ndcg@1': 0.0105, 'hit@5': 0.0369, 'ndcg@5': 0.0236, 'hit@10': 0.0599, 'ndcg@10': 0.031, 'hit@15': 0.0798, 'ndcg@15': 0.0362, 'hit@20': 0.0987, 'ndcg@20': 0.0407, 'hit@40': 0.162, 'ndcg@40': 0.0536} 
2024-10-15 22:43:37.154 | INFO     | trainer_1_top:_train_one_epoch:178 - epoch 25 6.67s Train loss is [0.3796] 
2024-10-15 22:43:42.719 | INFO     | trainer_1_top:_train_one_epoch:186 - validate 25 cost time 5.56s, result: {'hit@1': 0.0161, 'ndcg@1': 0.0161, 'hit@5': 0.0578, 'ndcg@5': 0.037, 'hit@10': 0.0945, 'ndcg@10': 0.0488, 'hit@15': 0.1246, 'ndcg@15': 0.0568, 'hit@20': 0.1517, 'ndcg@20': 0.0632, 'hit@40': 0.2401, 'ndcg@40': 0.0812} 
2024-10-15 22:43:48.241 | INFO     | trainer_1_top:_train_one_epoch:194 - test 25 cost time 5.52s, result: {'hit@1': 0.0113, 'ndcg@1': 0.0113, 'hit@5': 0.039, 'ndcg@5': 0.0252, 'hit@10': 0.0634, 'ndcg@10': 0.033, 'hit@15': 0.0858, 'ndcg@15': 0.0389, 'hit@20': 0.1056, 'ndcg@20': 0.0436, 'hit@40': 0.1733, 'ndcg@40': 0.0573} 
2024-10-15 22:44:05.533 | INFO     | trainer_1_top:_train_one_epoch:178 - epoch 26 6.73s Train loss is [0.3734] 
2024-10-15 22:44:11.107 | INFO     | trainer_1_top:_train_one_epoch:186 - validate 26 cost time 5.57s, result: {'hit@1': 0.0163, 'ndcg@1': 0.0163, 'hit@5': 0.0585, 'ndcg@5': 0.0376, 'hit@10': 0.0954, 'ndcg@10': 0.0495, 'hit@15': 0.1252, 'ndcg@15': 0.0573, 'hit@20': 0.1504, 'ndcg@20': 0.0633, 'hit@40': 0.2357, 'ndcg@40': 0.0806} 
2024-10-15 22:44:16.615 | INFO     | trainer_1_top:_train_one_epoch:194 - test 26 cost time 5.51s, result: {'hit@1': 0.0107, 'ndcg@1': 0.0107, 'hit@5': 0.0378, 'ndcg@5': 0.0242, 'hit@10': 0.0634, 'ndcg@10': 0.0324, 'hit@15': 0.0835, 'ndcg@15': 0.0377, 'hit@20': 0.1037, 'ndcg@20': 0.0425, 'hit@40': 0.1697, 'ndcg@40': 0.0559} 
2024-10-15 22:44:23.271 | INFO     | trainer_1_top:_train_one_epoch:178 - epoch 27 6.66s Train loss is [0.3729] 
2024-10-15 22:44:28.116 | INFO     | trainer_1_top:_train_one_epoch:186 - validate 27 cost time 4.84s, result: {'hit@1': 0.0166, 'ndcg@1': 0.0166, 'hit@5': 0.0599, 'ndcg@5': 0.0386, 'hit@10': 0.0962, 'ndcg@10': 0.0503, 'hit@15': 0.1279, 'ndcg@15': 0.0586, 'hit@20': 0.1552, 'ndcg@20': 0.0651, 'hit@40': 0.2403, 'ndcg@40': 0.0824} 
2024-10-15 22:44:32.924 | INFO     | trainer_1_top:_train_one_epoch:194 - test 27 cost time 4.81s, result: {'hit@1': 0.0114, 'ndcg@1': 0.0114, 'hit@5': 0.0395, 'ndcg@5': 0.0256, 'hit@10': 0.0659, 'ndcg@10': 0.034, 'hit@15': 0.0873, 'ndcg@15': 0.0397, 'hit@20': 0.1074, 'ndcg@20': 0.0444, 'hit@40': 0.1727, 'ndcg@40': 0.0577} 
2024-10-15 22:44:49.928 | INFO     | trainer_1_top:_train_one_epoch:178 - epoch 28 6.61s Train loss is [0.3767] 
2024-10-15 22:44:55.507 | INFO     | trainer_1_top:_train_one_epoch:186 - validate 28 cost time 5.58s, result: {'hit@1': 0.0159, 'ndcg@1': 0.0159, 'hit@5': 0.0584, 'ndcg@5': 0.0374, 'hit@10': 0.0967, 'ndcg@10': 0.0497, 'hit@15': 0.1278, 'ndcg@15': 0.0579, 'hit@20': 0.1559, 'ndcg@20': 0.0645, 'hit@40': 0.2411, 'ndcg@40': 0.0819} 
2024-10-15 22:45:01.014 | INFO     | trainer_1_top:_train_one_epoch:194 - test 28 cost time 5.51s, result: {'hit@1': 0.0106, 'ndcg@1': 0.0106, 'hit@5': 0.0379, 'ndcg@5': 0.0241, 'hit@10': 0.0637, 'ndcg@10': 0.0323, 'hit@15': 0.0848, 'ndcg@15': 0.0379, 'hit@20': 0.1059, 'ndcg@20': 0.0429, 'hit@40': 0.1726, 'ndcg@40': 0.0565} 
2024-10-15 22:45:07.966 | INFO     | trainer_1_top:_train_one_epoch:178 - epoch 29 6.95s Train loss is [0.3599] 
2024-10-15 22:45:13.536 | INFO     | trainer_1_top:_train_one_epoch:186 - validate 29 cost time 5.57s, result: {'hit@1': 0.0166, 'ndcg@1': 0.0166, 'hit@5': 0.0578, 'ndcg@5': 0.0373, 'hit@10': 0.0932, 'ndcg@10': 0.0486, 'hit@15': 0.1233, 'ndcg@15': 0.0565, 'hit@20': 0.1489, 'ndcg@20': 0.0626, 'hit@40': 0.2317, 'ndcg@40': 0.0794} 
2024-10-15 22:45:19.045 | INFO     | trainer_1_top:_train_one_epoch:194 - test 29 cost time 5.51s, result: {'hit@1': 0.0105, 'ndcg@1': 0.0105, 'hit@5': 0.037, 'ndcg@5': 0.0238, 'hit@10': 0.0622, 'ndcg@10': 0.0318, 'hit@15': 0.0813, 'ndcg@15': 0.0369, 'hit@20': 0.1014, 'ndcg@20': 0.0416, 'hit@40': 0.1649, 'ndcg@40': 0.0545} 
2024-10-15 22:45:25.849 | INFO     | trainer_1_top:_train_one_epoch:178 - epoch 30 6.80s Train loss is [0.3643] 
2024-10-15 22:45:31.417 | INFO     | trainer_1_top:_train_one_epoch:186 - validate 30 cost time 5.57s, result: {'hit@1': 0.0166, 'ndcg@1': 0.0166, 'hit@5': 0.0566, 'ndcg@5': 0.0368, 'hit@10': 0.0899, 'ndcg@10': 0.0474, 'hit@15': 0.1212, 'ndcg@15': 0.0557, 'hit@20': 0.1483, 'ndcg@20': 0.0621, 'hit@40': 0.2348, 'ndcg@40': 0.0797} 
2024-10-15 22:45:36.919 | INFO     | trainer_1_top:_train_one_epoch:194 - test 30 cost time 5.50s, result: {'hit@1': 0.0111, 'ndcg@1': 0.0111, 'hit@5': 0.0378, 'ndcg@5': 0.0243, 'hit@10': 0.0614, 'ndcg@10': 0.0319, 'hit@15': 0.0828, 'ndcg@15': 0.0375, 'hit@20': 0.1007, 'ndcg@20': 0.0417, 'hit@40': 0.1672, 'ndcg@40': 0.0552} 
2024-10-15 22:45:43.696 | INFO     | trainer_1_top:_train_one_epoch:178 - epoch 31 6.78s Train loss is [0.3565] 
2024-10-15 22:45:49.272 | INFO     | trainer_1_top:_train_one_epoch:186 - validate 31 cost time 5.58s, result: {'hit@1': 0.0162, 'ndcg@1': 0.0162, 'hit@5': 0.059, 'ndcg@5': 0.0377, 'hit@10': 0.0962, 'ndcg@10': 0.0495, 'hit@15': 0.1285, 'ndcg@15': 0.0581, 'hit@20': 0.1543, 'ndcg@20': 0.0641, 'hit@40': 0.2443, 'ndcg@40': 0.0825} 
2024-10-15 22:45:54.776 | INFO     | trainer_1_top:_train_one_epoch:194 - test 31 cost time 5.50s, result: {'hit@1': 0.0109, 'ndcg@1': 0.0109, 'hit@5': 0.0383, 'ndcg@5': 0.0245, 'hit@10': 0.0656, 'ndcg@10': 0.0333, 'hit@15': 0.0874, 'ndcg@15': 0.039, 'hit@20': 0.1077, 'ndcg@20': 0.0438, 'hit@40': 0.1731, 'ndcg@40': 0.0571} 
2024-10-15 22:46:01.731 | INFO     | trainer_1_top:_train_one_epoch:178 - epoch 32 6.95s Train loss is [0.3546] 
2024-10-15 22:46:07.306 | INFO     | trainer_1_top:_train_one_epoch:186 - validate 32 cost time 5.57s, result: {'hit@1': 0.0171, 'ndcg@1': 0.0171, 'hit@5': 0.0608, 'ndcg@5': 0.0391, 'hit@10': 0.0995, 'ndcg@10': 0.0515, 'hit@15': 0.1314, 'ndcg@15': 0.0599, 'hit@20': 0.1574, 'ndcg@20': 0.0661, 'hit@40': 0.2473, 'ndcg@40': 0.0844} 
2024-10-15 22:46:12.811 | INFO     | trainer_1_top:_train_one_epoch:194 - test 32 cost time 5.51s, result: {'hit@1': 0.0111, 'ndcg@1': 0.0111, 'hit@5': 0.0392, 'ndcg@5': 0.025, 'hit@10': 0.066, 'ndcg@10': 0.0336, 'hit@15': 0.0875, 'ndcg@15': 0.0393, 'hit@20': 0.1073, 'ndcg@20': 0.0439, 'hit@40': 0.1747, 'ndcg@40': 0.0576} 
2024-10-15 22:46:30.121 | INFO     | trainer_1_top:_train_one_epoch:178 - epoch 33 6.85s Train loss is [0.3517] 
2024-10-15 22:46:35.695 | INFO     | trainer_1_top:_train_one_epoch:186 - validate 33 cost time 5.57s, result: {'hit@1': 0.0166, 'ndcg@1': 0.0166, 'hit@5': 0.0608, 'ndcg@5': 0.039, 'hit@10': 0.0982, 'ndcg@10': 0.0509, 'hit@15': 0.1287, 'ndcg@15': 0.059, 'hit@20': 0.1553, 'ndcg@20': 0.0653, 'hit@40': 0.2428, 'ndcg@40': 0.0831} 
2024-10-15 22:46:41.211 | INFO     | trainer_1_top:_train_one_epoch:194 - test 33 cost time 5.52s, result: {'hit@1': 0.0118, 'ndcg@1': 0.0118, 'hit@5': 0.0393, 'ndcg@5': 0.0255, 'hit@10': 0.0658, 'ndcg@10': 0.034, 'hit@15': 0.0871, 'ndcg@15': 0.0396, 'hit@20': 0.1068, 'ndcg@20': 0.0443, 'hit@40': 0.1708, 'ndcg@40': 0.0573} 
2024-10-15 22:46:48.050 | INFO     | trainer_1_top:_train_one_epoch:178 - epoch 34 6.84s Train loss is [0.3454] 
2024-10-15 22:46:53.621 | INFO     | trainer_1_top:_train_one_epoch:186 - validate 34 cost time 5.57s, result: {'hit@1': 0.0163, 'ndcg@1': 0.0163, 'hit@5': 0.0599, 'ndcg@5': 0.0382, 'hit@10': 0.0978, 'ndcg@10': 0.0503, 'hit@15': 0.1288, 'ndcg@15': 0.0585, 'hit@20': 0.1565, 'ndcg@20': 0.0651, 'hit@40': 0.2455, 'ndcg@40': 0.0832} 
2024-10-15 22:46:59.143 | INFO     | trainer_1_top:_train_one_epoch:194 - test 34 cost time 5.52s, result: {'hit@1': 0.012, 'ndcg@1': 0.012, 'hit@5': 0.0396, 'ndcg@5': 0.0259, 'hit@10': 0.0669, 'ndcg@10': 0.0346, 'hit@15': 0.0878, 'ndcg@15': 0.0401, 'hit@20': 0.1077, 'ndcg@20': 0.0448, 'hit@40': 0.1727, 'ndcg@40': 0.058} 
2024-10-15 22:47:16.823 | INFO     | trainer_1_top:_train_one_epoch:178 - epoch 35 7.23s Train loss is [0.3491] 
2024-10-15 22:47:22.384 | INFO     | trainer_1_top:_train_one_epoch:186 - validate 35 cost time 5.56s, result: {'hit@1': 0.0173, 'ndcg@1': 0.0173, 'hit@5': 0.0611, 'ndcg@5': 0.0391, 'hit@10': 0.0987, 'ndcg@10': 0.0512, 'hit@15': 0.1296, 'ndcg@15': 0.0593, 'hit@20': 0.1551, 'ndcg@20': 0.0654, 'hit@40': 0.2413, 'ndcg@40': 0.0829} 
2024-10-15 22:47:27.883 | INFO     | trainer_1_top:_train_one_epoch:194 - test 35 cost time 5.50s, result: {'hit@1': 0.0123, 'ndcg@1': 0.0123, 'hit@5': 0.0403, 'ndcg@5': 0.0263, 'hit@10': 0.0663, 'ndcg@10': 0.0347, 'hit@15': 0.088, 'ndcg@15': 0.0404, 'hit@20': 0.1053, 'ndcg@20': 0.0445, 'hit@40': 0.1696, 'ndcg@40': 0.0575} 
2024-10-15 22:47:34.708 | INFO     | trainer_1_top:_train_one_epoch:178 - epoch 36 6.82s Train loss is [0.3480] 
2024-10-15 22:47:40.270 | INFO     | trainer_1_top:_train_one_epoch:186 - validate 36 cost time 5.56s, result: {'hit@1': 0.0165, 'ndcg@1': 0.0165, 'hit@5': 0.0594, 'ndcg@5': 0.0378, 'hit@10': 0.0995, 'ndcg@10': 0.0507, 'hit@15': 0.1315, 'ndcg@15': 0.0592, 'hit@20': 0.1613, 'ndcg@20': 0.0662, 'hit@40': 0.2526, 'ndcg@40': 0.0848} 
2024-10-15 22:47:45.771 | INFO     | trainer_1_top:_train_one_epoch:194 - test 36 cost time 5.50s, result: {'hit@1': 0.0112, 'ndcg@1': 0.0112, 'hit@5': 0.0407, 'ndcg@5': 0.0259, 'hit@10': 0.0672, 'ndcg@10': 0.0344, 'hit@15': 0.0891, 'ndcg@15': 0.0402, 'hit@20': 0.1094, 'ndcg@20': 0.045, 'hit@40': 0.1752, 'ndcg@40': 0.0583} 
2024-10-15 22:48:03.270 | INFO     | trainer_1_top:_train_one_epoch:178 - epoch 37 7.02s Train loss is [0.3556] 
2024-10-15 22:48:08.870 | INFO     | trainer_1_top:_train_one_epoch:186 - validate 37 cost time 5.60s, result: {'hit@1': 0.0165, 'ndcg@1': 0.0165, 'hit@5': 0.0596, 'ndcg@5': 0.038, 'hit@10': 0.0986, 'ndcg@10': 0.0505, 'hit@15': 0.1308, 'ndcg@15': 0.059, 'hit@20': 0.1595, 'ndcg@20': 0.0658, 'hit@40': 0.2505, 'ndcg@40': 0.0843} 
2024-10-15 22:48:14.393 | INFO     | trainer_1_top:_train_one_epoch:194 - test 37 cost time 5.52s, result: {'hit@1': 0.0115, 'ndcg@1': 0.0115, 'hit@5': 0.0399, 'ndcg@5': 0.0257, 'hit@10': 0.067, 'ndcg@10': 0.0344, 'hit@15': 0.088, 'ndcg@15': 0.04, 'hit@20': 0.1087, 'ndcg@20': 0.0448, 'hit@40': 0.1758, 'ndcg@40': 0.0585} 
2024-10-15 22:48:21.494 | INFO     | trainer_1_top:_train_one_epoch:178 - epoch 38 7.10s Train loss is [0.3485] 
2024-10-15 22:48:27.073 | INFO     | trainer_1_top:_train_one_epoch:186 - validate 38 cost time 5.58s, result: {'hit@1': 0.0166, 'ndcg@1': 0.0166, 'hit@5': 0.0616, 'ndcg@5': 0.0392, 'hit@10': 0.0991, 'ndcg@10': 0.0513, 'hit@15': 0.1296, 'ndcg@15': 0.0594, 'hit@20': 0.1581, 'ndcg@20': 0.0661, 'hit@40': 0.2502, 'ndcg@40': 0.0848} 
2024-10-15 22:48:32.579 | INFO     | trainer_1_top:_train_one_epoch:194 - test 38 cost time 5.51s, result: {'hit@1': 0.0104, 'ndcg@1': 0.0104, 'hit@5': 0.0407, 'ndcg@5': 0.0254, 'hit@10': 0.0667, 'ndcg@10': 0.0337, 'hit@15': 0.0895, 'ndcg@15': 0.0397, 'hit@20': 0.1075, 'ndcg@20': 0.044, 'hit@40': 0.1748, 'ndcg@40': 0.0576} 
2024-10-15 22:48:39.516 | INFO     | trainer_1_top:_train_one_epoch:178 - epoch 39 6.94s Train loss is [0.3558] 
2024-10-15 22:48:45.092 | INFO     | trainer_1_top:_train_one_epoch:186 - validate 39 cost time 5.57s, result: {'hit@1': 0.017, 'ndcg@1': 0.017, 'hit@5': 0.0633, 'ndcg@5': 0.0404, 'hit@10': 0.1037, 'ndcg@10': 0.0533, 'hit@15': 0.1353, 'ndcg@15': 0.0617, 'hit@20': 0.1635, 'ndcg@20': 0.0683, 'hit@40': 0.2573, 'ndcg@40': 0.0874} 
2024-10-15 22:48:50.596 | INFO     | trainer_1_top:_train_one_epoch:194 - test 39 cost time 5.50s, result: {'hit@1': 0.0103, 'ndcg@1': 0.0103, 'hit@5': 0.0405, 'ndcg@5': 0.0255, 'hit@10': 0.0674, 'ndcg@10': 0.0341, 'hit@15': 0.09, 'ndcg@15': 0.04, 'hit@20': 0.1101, 'ndcg@20': 0.0448, 'hit@40': 0.1789, 'ndcg@40': 0.0587} 
2024-10-15 22:49:08.137 | INFO     | trainer_1_top:_train_one_epoch:178 - epoch 40 7.05s Train loss is [0.3503] 
2024-10-15 22:49:13.722 | INFO     | trainer_1_top:_train_one_epoch:186 - validate 40 cost time 5.59s, result: {'hit@1': 0.0163, 'ndcg@1': 0.0163, 'hit@5': 0.0619, 'ndcg@5': 0.0392, 'hit@10': 0.0993, 'ndcg@10': 0.0512, 'hit@15': 0.136, 'ndcg@15': 0.0609, 'hit@20': 0.1639, 'ndcg@20': 0.0675, 'hit@40': 0.2562, 'ndcg@40': 0.0863} 
2024-10-15 22:49:19.244 | INFO     | trainer_1_top:_train_one_epoch:194 - test 40 cost time 5.52s, result: {'hit@1': 0.0106, 'ndcg@1': 0.0106, 'hit@5': 0.0404, 'ndcg@5': 0.0256, 'hit@10': 0.067, 'ndcg@10': 0.0341, 'hit@15': 0.0888, 'ndcg@15': 0.0399, 'hit@20': 0.109, 'ndcg@20': 0.0447, 'hit@40': 0.1798, 'ndcg@40': 0.0591} 
2024-10-15 22:49:26.314 | INFO     | trainer_1_top:_train_one_epoch:178 - epoch 41 7.07s Train loss is [0.3469] 
2024-10-15 22:49:31.889 | INFO     | trainer_1_top:_train_one_epoch:186 - validate 41 cost time 5.57s, result: {'hit@1': 0.0171, 'ndcg@1': 0.0171, 'hit@5': 0.0605, 'ndcg@5': 0.0388, 'hit@10': 0.1012, 'ndcg@10': 0.0519, 'hit@15': 0.1336, 'ndcg@15': 0.0605, 'hit@20': 0.1639, 'ndcg@20': 0.0676, 'hit@40': 0.2593, 'ndcg@40': 0.087} 
2024-10-15 22:49:37.392 | INFO     | trainer_1_top:_train_one_epoch:194 - test 41 cost time 5.50s, result: {'hit@1': 0.0113, 'ndcg@1': 0.0113, 'hit@5': 0.0393, 'ndcg@5': 0.0253, 'hit@10': 0.0676, 'ndcg@10': 0.0344, 'hit@15': 0.0895, 'ndcg@15': 0.0401, 'hit@20': 0.11, 'ndcg@20': 0.045, 'hit@40': 0.1783, 'ndcg@40': 0.0589} 
2024-10-15 22:49:54.772 | INFO     | trainer_1_top:_train_one_epoch:178 - epoch 42 6.91s Train loss is [0.3398] 
2024-10-15 22:49:59.625 | INFO     | trainer_1_top:_train_one_epoch:186 - validate 42 cost time 4.85s, result: {'hit@1': 0.0161, 'ndcg@1': 0.0161, 'hit@5': 0.0596, 'ndcg@5': 0.038, 'hit@10': 0.0968, 'ndcg@10': 0.0499, 'hit@15': 0.1292, 'ndcg@15': 0.0584, 'hit@20': 0.1589, 'ndcg@20': 0.0655, 'hit@40': 0.2478, 'ndcg@40': 0.0835} 
2024-10-15 22:50:04.434 | INFO     | trainer_1_top:_train_one_epoch:194 - test 42 cost time 4.81s, result: {'hit@1': 0.0111, 'ndcg@1': 0.0111, 'hit@5': 0.0376, 'ndcg@5': 0.0244, 'hit@10': 0.0646, 'ndcg@10': 0.0331, 'hit@15': 0.0862, 'ndcg@15': 0.0388, 'hit@20': 0.1056, 'ndcg@20': 0.0434, 'hit@40': 0.1699, 'ndcg@40': 0.0565} 
2024-10-15 22:50:11.086 | INFO     | trainer_1_top:_train_one_epoch:178 - epoch 43 6.65s Train loss is [0.3451] 
2024-10-15 22:50:15.947 | INFO     | trainer_1_top:_train_one_epoch:186 - validate 43 cost time 4.86s, result: {'hit@1': 0.0153, 'ndcg@1': 0.0153, 'hit@5': 0.0586, 'ndcg@5': 0.0373, 'hit@10': 0.1001, 'ndcg@10': 0.0507, 'hit@15': 0.1334, 'ndcg@15': 0.0594, 'hit@20': 0.1643, 'ndcg@20': 0.0667, 'hit@40': 0.26, 'ndcg@40': 0.0862} 
2024-10-15 22:50:20.750 | INFO     | trainer_1_top:_train_one_epoch:194 - test 43 cost time 4.80s, result: {'hit@1': 0.0117, 'ndcg@1': 0.0117, 'hit@5': 0.0382, 'ndcg@5': 0.025, 'hit@10': 0.0659, 'ndcg@10': 0.0339, 'hit@15': 0.0901, 'ndcg@15': 0.0402, 'hit@20': 0.1106, 'ndcg@20': 0.045, 'hit@40': 0.1783, 'ndcg@40': 0.0588} 
2024-10-15 22:50:27.347 | INFO     | trainer_1_top:_train_one_epoch:178 - epoch 44 6.60s Train loss is [0.3399] 
2024-10-15 22:50:32.197 | INFO     | trainer_1_top:_train_one_epoch:186 - validate 44 cost time 4.85s, result: {'hit@1': 0.0169, 'ndcg@1': 0.0169, 'hit@5': 0.063, 'ndcg@5': 0.04, 'hit@10': 0.1069, 'ndcg@10': 0.054, 'hit@15': 0.1424, 'ndcg@15': 0.0634, 'hit@20': 0.1722, 'ndcg@20': 0.0704, 'hit@40': 0.2693, 'ndcg@40': 0.0902} 
2024-10-15 22:50:36.995 | INFO     | trainer_1_top:_train_one_epoch:194 - test 44 cost time 4.80s, result: {'hit@1': 0.0122, 'ndcg@1': 0.0122, 'hit@5': 0.0426, 'ndcg@5': 0.0274, 'hit@10': 0.0713, 'ndcg@10': 0.0366, 'hit@15': 0.0949, 'ndcg@15': 0.0428, 'hit@20': 0.1163, 'ndcg@20': 0.0479, 'hit@40': 0.186, 'ndcg@40': 0.062} 
2024-10-15 22:50:54.003 | INFO     | trainer_1_top:_train_one_epoch:178 - epoch 45 6.46s Train loss is [0.3415] 
2024-10-15 22:50:58.836 | INFO     | trainer_1_top:_train_one_epoch:186 - validate 45 cost time 4.83s, result: {'hit@1': 0.0184, 'ndcg@1': 0.0184, 'hit@5': 0.0624, 'ndcg@5': 0.0405, 'hit@10': 0.1017, 'ndcg@10': 0.0531, 'hit@15': 0.1342, 'ndcg@15': 0.0617, 'hit@20': 0.163, 'ndcg@20': 0.0685, 'hit@40': 0.2578, 'ndcg@40': 0.0878} 
2024-10-15 22:51:03.626 | INFO     | trainer_1_top:_train_one_epoch:194 - test 45 cost time 4.79s, result: {'hit@1': 0.0122, 'ndcg@1': 0.0122, 'hit@5': 0.0404, 'ndcg@5': 0.0262, 'hit@10': 0.0659, 'ndcg@10': 0.0344, 'hit@15': 0.0875, 'ndcg@15': 0.0401, 'hit@20': 0.1089, 'ndcg@20': 0.0451, 'hit@40': 0.1771, 'ndcg@40': 0.059} 
2024-10-15 22:51:09.988 | INFO     | trainer_1_top:_train_one_epoch:178 - epoch 46 6.36s Train loss is [0.3430] 
2024-10-15 22:51:14.825 | INFO     | trainer_1_top:_train_one_epoch:186 - validate 46 cost time 4.84s, result: {'hit@1': 0.0163, 'ndcg@1': 0.0163, 'hit@5': 0.0628, 'ndcg@5': 0.0395, 'hit@10': 0.1021, 'ndcg@10': 0.0521, 'hit@15': 0.1369, 'ndcg@15': 0.0613, 'hit@20': 0.1687, 'ndcg@20': 0.0688, 'hit@40': 0.2609, 'ndcg@40': 0.0876} 
2024-10-15 22:51:19.621 | INFO     | trainer_1_top:_train_one_epoch:194 - test 46 cost time 4.80s, result: {'hit@1': 0.0115, 'ndcg@1': 0.0115, 'hit@5': 0.0422, 'ndcg@5': 0.0267, 'hit@10': 0.0682, 'ndcg@10': 0.035, 'hit@15': 0.09, 'ndcg@15': 0.0408, 'hit@20': 0.1108, 'ndcg@20': 0.0457, 'hit@40': 0.1801, 'ndcg@40': 0.0598} 
2024-10-15 22:51:26.005 | INFO     | trainer_1_top:_train_one_epoch:178 - epoch 47 6.38s Train loss is [0.3369] 
2024-10-15 22:51:30.849 | INFO     | trainer_1_top:_train_one_epoch:186 - validate 47 cost time 4.84s, result: {'hit@1': 0.0167, 'ndcg@1': 0.0167, 'hit@5': 0.0624, 'ndcg@5': 0.0395, 'hit@10': 0.1053, 'ndcg@10': 0.0533, 'hit@15': 0.1386, 'ndcg@15': 0.062, 'hit@20': 0.1678, 'ndcg@20': 0.0689, 'hit@40': 0.2591, 'ndcg@40': 0.0875} 
2024-10-15 22:51:35.663 | INFO     | trainer_1_top:_train_one_epoch:194 - test 47 cost time 4.81s, result: {'hit@1': 0.0124, 'ndcg@1': 0.0124, 'hit@5': 0.0415, 'ndcg@5': 0.0269, 'hit@10': 0.0688, 'ndcg@10': 0.0356, 'hit@15': 0.0918, 'ndcg@15': 0.0417, 'hit@20': 0.1132, 'ndcg@20': 0.0467, 'hit@40': 0.1821, 'ndcg@40': 0.0608} 
2024-10-15 22:51:42.068 | INFO     | trainer_1_top:_train_one_epoch:178 - epoch 48 6.40s Train loss is [0.3360] 
2024-10-15 22:51:46.900 | INFO     | trainer_1_top:_train_one_epoch:186 - validate 48 cost time 4.83s, result: {'hit@1': 0.0161, 'ndcg@1': 0.0161, 'hit@5': 0.0607, 'ndcg@5': 0.0386, 'hit@10': 0.1009, 'ndcg@10': 0.0515, 'hit@15': 0.1357, 'ndcg@15': 0.0606, 'hit@20': 0.1646, 'ndcg@20': 0.0674, 'hit@40': 0.2574, 'ndcg@40': 0.0864} 
2024-10-15 22:51:51.690 | INFO     | trainer_1_top:_train_one_epoch:194 - test 48 cost time 4.79s, result: {'hit@1': 0.0115, 'ndcg@1': 0.0115, 'hit@5': 0.0396, 'ndcg@5': 0.0256, 'hit@10': 0.067, 'ndcg@10': 0.0343, 'hit@15': 0.0908, 'ndcg@15': 0.0406, 'hit@20': 0.1108, 'ndcg@20': 0.0453, 'hit@40': 0.1808, 'ndcg@40': 0.0595} 
2024-10-15 22:51:57.895 | INFO     | trainer_1_top:_train_one_epoch:178 - epoch 49 6.20s Train loss is [0.3400] 
2024-10-15 22:52:02.721 | INFO     | trainer_1_top:_train_one_epoch:186 - validate 49 cost time 4.83s, result: {'hit@1': 0.0168, 'ndcg@1': 0.0168, 'hit@5': 0.0621, 'ndcg@5': 0.0395, 'hit@10': 0.1046, 'ndcg@10': 0.0532, 'hit@15': 0.1399, 'ndcg@15': 0.0625, 'hit@20': 0.1697, 'ndcg@20': 0.0695, 'hit@40': 0.2663, 'ndcg@40': 0.0892} 
2024-10-15 22:52:07.516 | INFO     | trainer_1_top:_train_one_epoch:194 - test 49 cost time 4.79s, result: {'hit@1': 0.012, 'ndcg@1': 0.012, 'hit@5': 0.0437, 'ndcg@5': 0.0278, 'hit@10': 0.0691, 'ndcg@10': 0.0359, 'hit@15': 0.0929, 'ndcg@15': 0.0422, 'hit@20': 0.1145, 'ndcg@20': 0.0473, 'hit@40': 0.1851, 'ndcg@40': 0.0617} 
2024-10-15 22:52:07.526 | INFO     | trainer_1_top:train_model:148 - training end, best iteration 44, results: {'hit@1': 0.0169, 'ndcg@1': 0.0169, 'hit@5': 0.063, 'ndcg@5': 0.04, 'hit@10': 0.1069, 'ndcg@10': 0.054, 'hit@15': 0.1424, 'ndcg@15': 0.0634, 'hit@20': 0.1722, 'ndcg@20': 0.0704, 'hit@40': 0.2693, 'ndcg@40': 0.0902}
2024-10-15 22:52:07.526 | INFO     | trainer_1_top:train_model:151 - final test result is:  {'hit@1': 0.0122, 'ndcg@1': 0.0122, 'hit@5': 0.0426, 'ndcg@5': 0.0274, 'hit@10': 0.0713, 'ndcg@10': 0.0366, 'hit@15': 0.0949, 'ndcg@15': 0.0428, 'hit@20': 0.1163, 'ndcg@20': 0.0479, 'hit@40': 0.186, 'ndcg@40': 0.062}
2024-10-15 22:52:07.813 | INFO     | __main__:<module>:119 - train end total cost time: 1119.6684124469757
