2024-10-09 18:57:54.307 | INFO     | __main__:<module>:105 - Namespace(TIME='2024-10-09 18_57_20', batch_size=1024, behaviors=['view', 'cart', 'buy'], check_point='model_pre_1_2024-10-08 12_13_12.pth', data_name='beibei', data_path='./data/beibei', decay=0.001, device='cuda:1', dim_qk=32, dim_v=64, distill_layers=2, distill_thres=0.5, distill_topK=40, distill_userK=6, embedding_size=64, epochs=100, gpu_no=1, if_load_model=True, ii_lambda=200, initializer_range=0.02, layers=2, loss_type='bpr', lr=0.001, message_dropout=0.25, metrics=['hit', 'ndcg'], min_epoch=5, model_name='main_1', model_path='./check_point', node_dropout=0.75, omega=1, pt_loop=50, reg_weight=0.001, test_batch_size=1024, testbatch=1024, topk=[1, 5, 10, 15, 20, 40], uu_lambda=100)
2024-10-09 18:57:54.308 | INFO     | __main__:<module>:106 - BIPN(
  (message_dropout): Dropout(p=0.25, inplace=False)
  (user_embedding): Embedding(21717, 64, padding_idx=0)
  (item_embedding): Embedding(7978, 64, padding_idx=0)
  (global_Graph): LightGCN()
  (Graph_encoder): ModuleDict(
    (view): GraphEncoder(
      (light): LightGCN()
      (dropout): Dropout(p=0.75, inplace=False)
    )
    (cart): GraphEncoder(
      (light): LightGCN()
      (dropout): Dropout(p=0.75, inplace=False)
    )
    (buy): GraphEncoder(
      (light): LightGCN()
      (dropout): Dropout(p=0.75, inplace=False)
    )
  )
  (attention): Mutual_Attention()
  (bpr_loss): BPRLoss()
  (emb_loss): EmbLoss()
  (f): Sigmoid()
)
2024-10-09 19:30:59.772 | INFO     | trainer_1:_train_one_epoch:193 - epoch 1 7.88s Train loss is [0.9131] 
2024-10-09 19:31:09.690 | INFO     | trainer_1:_train_one_epoch:201 - validate 1 cost time 9.92s, result: {'hit@1': 0.0078, 'ndcg@1': 0.0078, 'hit@5': 0.0302, 'ndcg@5': 0.0188, 'hit@10': 0.0509, 'ndcg@10': 0.0254, 'hit@15': 0.069, 'ndcg@15': 0.0302, 'hit@20': 0.0852, 'ndcg@20': 0.034, 'hit@40': 0.1461, 'ndcg@40': 0.0464} 
2024-10-09 19:31:19.438 | INFO     | trainer_1:_train_one_epoch:209 - test 1 cost time 9.75s, result: {'hit@1': 0.004, 'ndcg@1': 0.004, 'hit@5': 0.0186, 'ndcg@5': 0.0112, 'hit@10': 0.0354, 'ndcg@10': 0.0166, 'hit@15': 0.0498, 'ndcg@15': 0.0203, 'hit@20': 0.0622, 'ndcg@20': 0.0233, 'hit@40': 0.1065, 'ndcg@40': 0.0323} 
2024-10-09 19:31:37.685 | INFO     | trainer_1:_train_one_epoch:193 - epoch 2 8.04s Train loss is [0.6893] 
2024-10-09 19:31:44.800 | INFO     | trainer_1:_train_one_epoch:201 - validate 2 cost time 7.11s, result: {'hit@1': 0.0076, 'ndcg@1': 0.0076, 'hit@5': 0.0324, 'ndcg@5': 0.0199, 'hit@10': 0.0575, 'ndcg@10': 0.028, 'hit@15': 0.0771, 'ndcg@15': 0.0332, 'hit@20': 0.0954, 'ndcg@20': 0.0375, 'hit@40': 0.1611, 'ndcg@40': 0.0509} 
2024-10-09 19:31:51.912 | INFO     | trainer_1:_train_one_epoch:209 - test 2 cost time 7.11s, result: {'hit@1': 0.0044, 'ndcg@1': 0.0044, 'hit@5': 0.02, 'ndcg@5': 0.0121, 'hit@10': 0.0361, 'ndcg@10': 0.0172, 'hit@15': 0.0511, 'ndcg@15': 0.0212, 'hit@20': 0.0659, 'ndcg@20': 0.0247, 'hit@40': 0.1145, 'ndcg@40': 0.0346} 
2024-10-09 19:32:10.285 | INFO     | trainer_1:_train_one_epoch:193 - epoch 3 7.62s Train loss is [0.6138] 
2024-10-09 19:32:16.941 | INFO     | trainer_1:_train_one_epoch:201 - validate 3 cost time 6.66s, result: {'hit@1': 0.0091, 'ndcg@1': 0.0091, 'hit@5': 0.0368, 'ndcg@5': 0.023, 'hit@10': 0.0642, 'ndcg@10': 0.0318, 'hit@15': 0.0897, 'ndcg@15': 0.0385, 'hit@20': 0.1132, 'ndcg@20': 0.0441, 'hit@40': 0.1876, 'ndcg@40': 0.0592} 
2024-10-09 19:32:23.983 | INFO     | trainer_1:_train_one_epoch:209 - test 3 cost time 7.04s, result: {'hit@1': 0.0056, 'ndcg@1': 0.0056, 'hit@5': 0.0224, 'ndcg@5': 0.0138, 'hit@10': 0.0433, 'ndcg@10': 0.0205, 'hit@15': 0.0607, 'ndcg@15': 0.0251, 'hit@20': 0.0762, 'ndcg@20': 0.0287, 'hit@40': 0.1342, 'ndcg@40': 0.0405} 
2024-10-09 19:32:42.282 | INFO     | trainer_1:_train_one_epoch:193 - epoch 4 7.82s Train loss is [0.5822] 
2024-10-09 19:32:48.032 | INFO     | trainer_1:_train_one_epoch:201 - validate 4 cost time 5.75s, result: {'hit@1': 0.0106, 'ndcg@1': 0.0106, 'hit@5': 0.0423, 'ndcg@5': 0.0264, 'hit@10': 0.0708, 'ndcg@10': 0.0355, 'hit@15': 0.0958, 'ndcg@15': 0.0421, 'hit@20': 0.1187, 'ndcg@20': 0.0475, 'hit@40': 0.1878, 'ndcg@40': 0.0615} 
2024-10-09 19:32:54.415 | INFO     | trainer_1:_train_one_epoch:209 - test 4 cost time 6.38s, result: {'hit@1': 0.006, 'ndcg@1': 0.006, 'hit@5': 0.0235, 'ndcg@5': 0.0147, 'hit@10': 0.0415, 'ndcg@10': 0.0204, 'hit@15': 0.0594, 'ndcg@15': 0.0252, 'hit@20': 0.0747, 'ndcg@20': 0.0288, 'hit@40': 0.1272, 'ndcg@40': 0.0395} 
2024-10-09 19:33:02.279 | INFO     | trainer_1:_train_one_epoch:193 - epoch 5 7.86s Train loss is [0.5458] 
2024-10-09 19:33:09.432 | INFO     | trainer_1:_train_one_epoch:201 - validate 5 cost time 7.15s, result: {'hit@1': 0.0124, 'ndcg@1': 0.0124, 'hit@5': 0.0437, 'ndcg@5': 0.0279, 'hit@10': 0.0731, 'ndcg@10': 0.0374, 'hit@15': 0.0993, 'ndcg@15': 0.0443, 'hit@20': 0.1222, 'ndcg@20': 0.0497, 'hit@40': 0.1944, 'ndcg@40': 0.0644} 
2024-10-09 19:33:16.447 | INFO     | trainer_1:_train_one_epoch:209 - test 5 cost time 7.01s, result: {'hit@1': 0.0073, 'ndcg@1': 0.0073, 'hit@5': 0.0253, 'ndcg@5': 0.0161, 'hit@10': 0.045, 'ndcg@10': 0.0224, 'hit@15': 0.0622, 'ndcg@15': 0.0269, 'hit@20': 0.0773, 'ndcg@20': 0.0305, 'hit@40': 0.1314, 'ndcg@40': 0.0415} 
2024-10-09 19:33:35.597 | INFO     | trainer_1:_train_one_epoch:193 - epoch 6 8.88s Train loss is [0.5302] 
2024-10-09 19:33:43.682 | INFO     | trainer_1:_train_one_epoch:201 - validate 6 cost time 8.08s, result: {'hit@1': 0.0131, 'ndcg@1': 0.0131, 'hit@5': 0.0451, 'ndcg@5': 0.0287, 'hit@10': 0.0744, 'ndcg@10': 0.0381, 'hit@15': 0.1009, 'ndcg@15': 0.0451, 'hit@20': 0.125, 'ndcg@20': 0.0508, 'hit@40': 0.1999, 'ndcg@40': 0.066} 
2024-10-09 19:33:52.619 | INFO     | trainer_1:_train_one_epoch:209 - test 6 cost time 8.94s, result: {'hit@1': 0.0065, 'ndcg@1': 0.0065, 'hit@5': 0.0282, 'ndcg@5': 0.0173, 'hit@10': 0.0479, 'ndcg@10': 0.0237, 'hit@15': 0.0655, 'ndcg@15': 0.0283, 'hit@20': 0.0824, 'ndcg@20': 0.0323, 'hit@40': 0.1387, 'ndcg@40': 0.0438} 
2024-10-09 19:34:10.897 | INFO     | trainer_1:_train_one_epoch:193 - epoch 7 7.95s Train loss is [0.4985] 
2024-10-09 19:34:17.425 | INFO     | trainer_1:_train_one_epoch:201 - validate 7 cost time 6.53s, result: {'hit@1': 0.0118, 'ndcg@1': 0.0118, 'hit@5': 0.0417, 'ndcg@5': 0.0265, 'hit@10': 0.0719, 'ndcg@10': 0.0361, 'hit@15': 0.0966, 'ndcg@15': 0.0426, 'hit@20': 0.1212, 'ndcg@20': 0.0484, 'hit@40': 0.1968, 'ndcg@40': 0.0638} 
2024-10-09 19:34:24.723 | INFO     | trainer_1:_train_one_epoch:209 - test 7 cost time 7.30s, result: {'hit@1': 0.0061, 'ndcg@1': 0.0061, 'hit@5': 0.0251, 'ndcg@5': 0.0153, 'hit@10': 0.0462, 'ndcg@10': 0.0221, 'hit@15': 0.0631, 'ndcg@15': 0.0265, 'hit@20': 0.0784, 'ndcg@20': 0.0302, 'hit@40': 0.1394, 'ndcg@40': 0.0426} 
2024-10-09 19:34:32.595 | INFO     | trainer_1:_train_one_epoch:193 - epoch 8 7.87s Train loss is [0.4985] 
2024-10-09 19:34:41.157 | INFO     | trainer_1:_train_one_epoch:201 - validate 8 cost time 8.56s, result: {'hit@1': 0.0117, 'ndcg@1': 0.0117, 'hit@5': 0.0422, 'ndcg@5': 0.0268, 'hit@10': 0.0742, 'ndcg@10': 0.037, 'hit@15': 0.0998, 'ndcg@15': 0.0438, 'hit@20': 0.1225, 'ndcg@20': 0.0491, 'hit@40': 0.1992, 'ndcg@40': 0.0648} 
2024-10-09 19:34:47.964 | INFO     | trainer_1:_train_one_epoch:209 - test 8 cost time 6.81s, result: {'hit@1': 0.0071, 'ndcg@1': 0.0071, 'hit@5': 0.0256, 'ndcg@5': 0.0163, 'hit@10': 0.0455, 'ndcg@10': 0.0227, 'hit@15': 0.0636, 'ndcg@15': 0.0274, 'hit@20': 0.0811, 'ndcg@20': 0.0316, 'hit@40': 0.1408, 'ndcg@40': 0.0437} 
2024-10-09 19:34:55.762 | INFO     | trainer_1:_train_one_epoch:193 - epoch 9 7.80s Train loss is [0.4727] 
2024-10-09 19:35:02.296 | INFO     | trainer_1:_train_one_epoch:201 - validate 9 cost time 6.53s, result: {'hit@1': 0.0111, 'ndcg@1': 0.0111, 'hit@5': 0.0428, 'ndcg@5': 0.027, 'hit@10': 0.0743, 'ndcg@10': 0.0371, 'hit@15': 0.1005, 'ndcg@15': 0.044, 'hit@20': 0.123, 'ndcg@20': 0.0493, 'hit@40': 0.2008, 'ndcg@40': 0.0652} 
2024-10-09 19:35:08.971 | INFO     | trainer_1:_train_one_epoch:209 - test 9 cost time 6.67s, result: {'hit@1': 0.007, 'ndcg@1': 0.007, 'hit@5': 0.0267, 'ndcg@5': 0.0167, 'hit@10': 0.0453, 'ndcg@10': 0.0227, 'hit@15': 0.0632, 'ndcg@15': 0.0274, 'hit@20': 0.0816, 'ndcg@20': 0.0317, 'hit@40': 0.1395, 'ndcg@40': 0.0435} 
2024-10-09 19:35:16.759 | INFO     | trainer_1:_train_one_epoch:193 - epoch 10 7.79s Train loss is [0.4624] 
2024-10-09 19:35:23.893 | INFO     | trainer_1:_train_one_epoch:201 - validate 10 cost time 7.13s, result: {'hit@1': 0.0111, 'ndcg@1': 0.0111, 'hit@5': 0.0445, 'ndcg@5': 0.0276, 'hit@10': 0.076, 'ndcg@10': 0.0377, 'hit@15': 0.1038, 'ndcg@15': 0.0451, 'hit@20': 0.1294, 'ndcg@20': 0.0511, 'hit@40': 0.2077, 'ndcg@40': 0.0671} 
2024-10-09 19:35:30.158 | INFO     | trainer_1:_train_one_epoch:209 - test 10 cost time 6.26s, result: {'hit@1': 0.0062, 'ndcg@1': 0.0062, 'hit@5': 0.0268, 'ndcg@5': 0.0164, 'hit@10': 0.0479, 'ndcg@10': 0.0231, 'hit@15': 0.0657, 'ndcg@15': 0.0278, 'hit@20': 0.0843, 'ndcg@20': 0.0322, 'hit@40': 0.1437, 'ndcg@40': 0.0443} 
2024-10-09 19:35:37.874 | INFO     | trainer_1:_train_one_epoch:193 - epoch 11 7.72s Train loss is [0.4482] 
2024-10-09 19:35:44.433 | INFO     | trainer_1:_train_one_epoch:201 - validate 11 cost time 6.56s, result: {'hit@1': 0.0105, 'ndcg@1': 0.0105, 'hit@5': 0.0411, 'ndcg@5': 0.0257, 'hit@10': 0.0717, 'ndcg@10': 0.0355, 'hit@15': 0.099, 'ndcg@15': 0.0427, 'hit@20': 0.1236, 'ndcg@20': 0.0485, 'hit@40': 0.2016, 'ndcg@40': 0.0644} 
2024-10-09 19:35:51.513 | INFO     | trainer_1:_train_one_epoch:209 - test 11 cost time 7.08s, result: {'hit@1': 0.0057, 'ndcg@1': 0.0057, 'hit@5': 0.0252, 'ndcg@5': 0.0153, 'hit@10': 0.0457, 'ndcg@10': 0.0219, 'hit@15': 0.064, 'ndcg@15': 0.0267, 'hit@20': 0.0819, 'ndcg@20': 0.031, 'hit@40': 0.1382, 'ndcg@40': 0.0424} 
2024-10-09 19:35:59.322 | INFO     | trainer_1:_train_one_epoch:193 - epoch 12 7.81s Train loss is [0.4562] 
2024-10-09 19:36:08.301 | INFO     | trainer_1:_train_one_epoch:201 - validate 12 cost time 8.98s, result: {'hit@1': 0.0107, 'ndcg@1': 0.0107, 'hit@5': 0.042, 'ndcg@5': 0.0264, 'hit@10': 0.0734, 'ndcg@10': 0.0364, 'hit@15': 0.1005, 'ndcg@15': 0.0436, 'hit@20': 0.1253, 'ndcg@20': 0.0494, 'hit@40': 0.2001, 'ndcg@40': 0.0647} 
2024-10-09 19:36:15.831 | INFO     | trainer_1:_train_one_epoch:209 - test 12 cost time 7.53s, result: {'hit@1': 0.0064, 'ndcg@1': 0.0064, 'hit@5': 0.0261, 'ndcg@5': 0.0162, 'hit@10': 0.0466, 'ndcg@10': 0.0229, 'hit@15': 0.0631, 'ndcg@15': 0.0272, 'hit@20': 0.0799, 'ndcg@20': 0.0312, 'hit@40': 0.1388, 'ndcg@40': 0.0432} 
2024-10-09 19:36:23.378 | INFO     | trainer_1:_train_one_epoch:193 - epoch 13 7.55s Train loss is [0.4524] 
2024-10-09 19:36:30.019 | INFO     | trainer_1:_train_one_epoch:201 - validate 13 cost time 6.64s, result: {'hit@1': 0.0116, 'ndcg@1': 0.0116, 'hit@5': 0.0448, 'ndcg@5': 0.0281, 'hit@10': 0.0797, 'ndcg@10': 0.0393, 'hit@15': 0.1097, 'ndcg@15': 0.0473, 'hit@20': 0.1352, 'ndcg@20': 0.0533, 'hit@40': 0.2156, 'ndcg@40': 0.0697} 
2024-10-09 19:36:37.536 | INFO     | trainer_1:_train_one_epoch:209 - test 13 cost time 7.52s, result: {'hit@1': 0.0073, 'ndcg@1': 0.0073, 'hit@5': 0.029, 'ndcg@5': 0.018, 'hit@10': 0.0501, 'ndcg@10': 0.0247, 'hit@15': 0.0695, 'ndcg@15': 0.0299, 'hit@20': 0.0885, 'ndcg@20': 0.0343, 'hit@40': 0.1512, 'ndcg@40': 0.0471} 
2024-10-09 19:36:55.774 | INFO     | trainer_1:_train_one_epoch:193 - epoch 14 7.76s Train loss is [0.4355] 
2024-10-09 19:37:00.771 | INFO     | trainer_1:_train_one_epoch:201 - validate 14 cost time 5.00s, result: {'hit@1': 0.0121, 'ndcg@1': 0.0121, 'hit@5': 0.0478, 'ndcg@5': 0.0299, 'hit@10': 0.0804, 'ndcg@10': 0.0404, 'hit@15': 0.1091, 'ndcg@15': 0.0479, 'hit@20': 0.1367, 'ndcg@20': 0.0544, 'hit@40': 0.2198, 'ndcg@40': 0.0714} 
2024-10-09 19:37:05.684 | INFO     | trainer_1:_train_one_epoch:209 - test 14 cost time 4.91s, result: {'hit@1': 0.0071, 'ndcg@1': 0.0071, 'hit@5': 0.0295, 'ndcg@5': 0.0183, 'hit@10': 0.0522, 'ndcg@10': 0.0255, 'hit@15': 0.0719, 'ndcg@15': 0.0307, 'hit@20': 0.0909, 'ndcg@20': 0.0352, 'hit@40': 0.1549, 'ndcg@40': 0.0482} 
2024-10-09 19:37:23.819 | INFO     | trainer_1:_train_one_epoch:193 - epoch 15 7.85s Train loss is [0.4349] 
2024-10-09 19:37:30.943 | INFO     | trainer_1:_train_one_epoch:201 - validate 15 cost time 7.12s, result: {'hit@1': 0.0113, 'ndcg@1': 0.0113, 'hit@5': 0.046, 'ndcg@5': 0.0284, 'hit@10': 0.0774, 'ndcg@10': 0.0385, 'hit@15': 0.104, 'ndcg@15': 0.0455, 'hit@20': 0.1291, 'ndcg@20': 0.0514, 'hit@40': 0.2079, 'ndcg@40': 0.0675} 
2024-10-09 19:37:37.951 | INFO     | trainer_1:_train_one_epoch:209 - test 15 cost time 7.01s, result: {'hit@1': 0.0077, 'ndcg@1': 0.0077, 'hit@5': 0.0284, 'ndcg@5': 0.018, 'hit@10': 0.0492, 'ndcg@10': 0.0247, 'hit@15': 0.0682, 'ndcg@15': 0.0297, 'hit@20': 0.0859, 'ndcg@20': 0.0338, 'hit@40': 0.1477, 'ndcg@40': 0.0464} 
2024-10-09 19:37:46.009 | INFO     | trainer_1:_train_one_epoch:193 - epoch 16 8.06s Train loss is [0.4150] 
2024-10-09 19:37:52.763 | INFO     | trainer_1:_train_one_epoch:201 - validate 16 cost time 6.75s, result: {'hit@1': 0.013, 'ndcg@1': 0.013, 'hit@5': 0.0501, 'ndcg@5': 0.0312, 'hit@10': 0.0821, 'ndcg@10': 0.0414, 'hit@15': 0.1107, 'ndcg@15': 0.049, 'hit@20': 0.1369, 'ndcg@20': 0.0552, 'hit@40': 0.2167, 'ndcg@40': 0.0714} 
2024-10-09 19:37:59.814 | INFO     | trainer_1:_train_one_epoch:209 - test 16 cost time 7.05s, result: {'hit@1': 0.0091, 'ndcg@1': 0.0091, 'hit@5': 0.0328, 'ndcg@5': 0.0208, 'hit@10': 0.0557, 'ndcg@10': 0.0281, 'hit@15': 0.0756, 'ndcg@15': 0.0334, 'hit@20': 0.092, 'ndcg@20': 0.0372, 'hit@40': 0.1552, 'ndcg@40': 0.0501} 
2024-10-09 19:38:18.297 | INFO     | trainer_1:_train_one_epoch:193 - epoch 17 7.49s Train loss is [0.4148] 
2024-10-09 19:38:24.840 | INFO     | trainer_1:_train_one_epoch:201 - validate 17 cost time 6.54s, result: {'hit@1': 0.0125, 'ndcg@1': 0.0125, 'hit@5': 0.0498, 'ndcg@5': 0.0312, 'hit@10': 0.0861, 'ndcg@10': 0.0428, 'hit@15': 0.1167, 'ndcg@15': 0.0509, 'hit@20': 0.1438, 'ndcg@20': 0.0573, 'hit@40': 0.2287, 'ndcg@40': 0.0746} 
2024-10-09 19:38:31.612 | INFO     | trainer_1:_train_one_epoch:209 - test 17 cost time 6.77s, result: {'hit@1': 0.0091, 'ndcg@1': 0.0091, 'hit@5': 0.0341, 'ndcg@5': 0.0216, 'hit@10': 0.0579, 'ndcg@10': 0.0292, 'hit@15': 0.0799, 'ndcg@15': 0.0351, 'hit@20': 0.0974, 'ndcg@20': 0.0392, 'hit@40': 0.1631, 'ndcg@40': 0.0525} 
2024-10-09 19:38:50.100 | INFO     | trainer_1:_train_one_epoch:193 - epoch 18 7.98s Train loss is [0.4060] 
2024-10-09 19:38:56.671 | INFO     | trainer_1:_train_one_epoch:201 - validate 18 cost time 6.57s, result: {'hit@1': 0.0126, 'ndcg@1': 0.0126, 'hit@5': 0.0492, 'ndcg@5': 0.0309, 'hit@10': 0.0832, 'ndcg@10': 0.0418, 'hit@15': 0.1127, 'ndcg@15': 0.0496, 'hit@20': 0.1393, 'ndcg@20': 0.0558, 'hit@40': 0.2221, 'ndcg@40': 0.0727} 
2024-10-09 19:39:03.700 | INFO     | trainer_1:_train_one_epoch:209 - test 18 cost time 7.03s, result: {'hit@1': 0.0086, 'ndcg@1': 0.0086, 'hit@5': 0.0338, 'ndcg@5': 0.021, 'hit@10': 0.0566, 'ndcg@10': 0.0283, 'hit@15': 0.0759, 'ndcg@15': 0.0334, 'hit@20': 0.0955, 'ndcg@20': 0.038, 'hit@40': 0.1596, 'ndcg@40': 0.0511} 
2024-10-09 19:39:11.508 | INFO     | trainer_1:_train_one_epoch:193 - epoch 19 7.81s Train loss is [0.4048] 
2024-10-09 19:39:18.554 | INFO     | trainer_1:_train_one_epoch:201 - validate 19 cost time 7.05s, result: {'hit@1': 0.0128, 'ndcg@1': 0.0128, 'hit@5': 0.0469, 'ndcg@5': 0.03, 'hit@10': 0.0804, 'ndcg@10': 0.0407, 'hit@15': 0.1085, 'ndcg@15': 0.0482, 'hit@20': 0.1347, 'ndcg@20': 0.0543, 'hit@40': 0.2197, 'ndcg@40': 0.0717} 
2024-10-09 19:39:24.985 | INFO     | trainer_1:_train_one_epoch:209 - test 19 cost time 6.43s, result: {'hit@1': 0.0088, 'ndcg@1': 0.0088, 'hit@5': 0.0325, 'ndcg@5': 0.0206, 'hit@10': 0.0558, 'ndcg@10': 0.028, 'hit@15': 0.0765, 'ndcg@15': 0.0335, 'hit@20': 0.0935, 'ndcg@20': 0.0375, 'hit@40': 0.1567, 'ndcg@40': 0.0503} 
2024-10-09 19:39:36.583 | INFO     | trainer_1:_train_one_epoch:193 - epoch 20 11.60s Train loss is [0.4064] 
2024-10-09 19:39:45.027 | INFO     | trainer_1:_train_one_epoch:201 - validate 20 cost time 8.44s, result: {'hit@1': 0.0134, 'ndcg@1': 0.0134, 'hit@5': 0.0491, 'ndcg@5': 0.0314, 'hit@10': 0.0826, 'ndcg@10': 0.0421, 'hit@15': 0.1109, 'ndcg@15': 0.0496, 'hit@20': 0.1375, 'ndcg@20': 0.0558, 'hit@40': 0.2259, 'ndcg@40': 0.0738} 
2024-10-09 19:39:52.239 | INFO     | trainer_1:_train_one_epoch:209 - test 20 cost time 7.21s, result: {'hit@1': 0.0088, 'ndcg@1': 0.0088, 'hit@5': 0.0344, 'ndcg@5': 0.0216, 'hit@10': 0.0583, 'ndcg@10': 0.0292, 'hit@15': 0.0801, 'ndcg@15': 0.035, 'hit@20': 0.0986, 'ndcg@20': 0.0394, 'hit@40': 0.1663, 'ndcg@40': 0.0531} 
2024-10-09 19:40:16.343 | INFO     | trainer_1:_train_one_epoch:193 - epoch 21 11.88s Train loss is [0.3949] 
2024-10-09 19:40:25.585 | INFO     | trainer_1:_train_one_epoch:201 - validate 21 cost time 9.24s, result: {'hit@1': 0.0128, 'ndcg@1': 0.0128, 'hit@5': 0.0494, 'ndcg@5': 0.0314, 'hit@10': 0.0799, 'ndcg@10': 0.0411, 'hit@15': 0.1101, 'ndcg@15': 0.0491, 'hit@20': 0.134, 'ndcg@20': 0.0547, 'hit@40': 0.2198, 'ndcg@40': 0.0722} 
2024-10-09 19:40:34.386 | INFO     | trainer_1:_train_one_epoch:209 - test 21 cost time 8.80s, result: {'hit@1': 0.0094, 'ndcg@1': 0.0094, 'hit@5': 0.0334, 'ndcg@5': 0.0214, 'hit@10': 0.0565, 'ndcg@10': 0.0288, 'hit@15': 0.0766, 'ndcg@15': 0.0341, 'hit@20': 0.0944, 'ndcg@20': 0.0383, 'hit@40': 0.1571, 'ndcg@40': 0.051} 
2024-10-09 19:40:45.255 | INFO     | trainer_1:_train_one_epoch:193 - epoch 22 10.87s Train loss is [0.4037] 
2024-10-09 19:40:51.895 | INFO     | trainer_1:_train_one_epoch:201 - validate 22 cost time 6.64s, result: {'hit@1': 0.0132, 'ndcg@1': 0.0132, 'hit@5': 0.051, 'ndcg@5': 0.0322, 'hit@10': 0.0842, 'ndcg@10': 0.0428, 'hit@15': 0.1122, 'ndcg@15': 0.0502, 'hit@20': 0.1369, 'ndcg@20': 0.056, 'hit@40': 0.2216, 'ndcg@40': 0.0732} 
2024-10-09 19:40:59.433 | INFO     | trainer_1:_train_one_epoch:209 - test 22 cost time 7.54s, result: {'hit@1': 0.0083, 'ndcg@1': 0.0083, 'hit@5': 0.0332, 'ndcg@5': 0.0208, 'hit@10': 0.0562, 'ndcg@10': 0.0281, 'hit@15': 0.0755, 'ndcg@15': 0.0333, 'hit@20': 0.0946, 'ndcg@20': 0.0378, 'hit@40': 0.1572, 'ndcg@40': 0.0505} 
2024-10-09 19:41:10.432 | INFO     | trainer_1:_train_one_epoch:193 - epoch 23 11.00s Train loss is [0.3926] 
2024-10-09 19:41:19.610 | INFO     | trainer_1:_train_one_epoch:201 - validate 23 cost time 9.18s, result: {'hit@1': 0.0141, 'ndcg@1': 0.0141, 'hit@5': 0.0541, 'ndcg@5': 0.034, 'hit@10': 0.0887, 'ndcg@10': 0.0451, 'hit@15': 0.1184, 'ndcg@15': 0.0529, 'hit@20': 0.1451, 'ndcg@20': 0.0592, 'hit@40': 0.2319, 'ndcg@40': 0.0769} 
2024-10-09 19:41:26.672 | INFO     | trainer_1:_train_one_epoch:209 - test 23 cost time 7.06s, result: {'hit@1': 0.0091, 'ndcg@1': 0.0091, 'hit@5': 0.0355, 'ndcg@5': 0.0221, 'hit@10': 0.0598, 'ndcg@10': 0.03, 'hit@15': 0.0804, 'ndcg@15': 0.0354, 'hit@20': 0.0987, 'ndcg@20': 0.0397, 'hit@40': 0.1654, 'ndcg@40': 0.0532} 
2024-10-09 19:41:50.141 | INFO     | trainer_1:_train_one_epoch:193 - epoch 24 10.59s Train loss is [0.3858] 
2024-10-09 19:41:57.534 | INFO     | trainer_1:_train_one_epoch:201 - validate 24 cost time 7.39s, result: {'hit@1': 0.0131, 'ndcg@1': 0.0131, 'hit@5': 0.0513, 'ndcg@5': 0.0322, 'hit@10': 0.0849, 'ndcg@10': 0.043, 'hit@15': 0.1131, 'ndcg@15': 0.0505, 'hit@20': 0.1398, 'ndcg@20': 0.0568, 'hit@40': 0.2231, 'ndcg@40': 0.0737} 
2024-10-09 19:42:04.679 | INFO     | trainer_1:_train_one_epoch:209 - test 24 cost time 7.14s, result: {'hit@1': 0.0093, 'ndcg@1': 0.0093, 'hit@5': 0.0335, 'ndcg@5': 0.0213, 'hit@10': 0.0572, 'ndcg@10': 0.029, 'hit@15': 0.0778, 'ndcg@15': 0.0344, 'hit@20': 0.0972, 'ndcg@20': 0.0389, 'hit@40': 0.1623, 'ndcg@40': 0.0521} 
2024-10-09 19:42:13.077 | INFO     | trainer_1:_train_one_epoch:193 - epoch 25 8.40s Train loss is [0.3803] 
2024-10-09 19:42:20.049 | INFO     | trainer_1:_train_one_epoch:201 - validate 25 cost time 6.97s, result: {'hit@1': 0.0146, 'ndcg@1': 0.0146, 'hit@5': 0.0539, 'ndcg@5': 0.0343, 'hit@10': 0.0897, 'ndcg@10': 0.0458, 'hit@15': 0.1206, 'ndcg@15': 0.054, 'hit@20': 0.1476, 'ndcg@20': 0.0603, 'hit@40': 0.2347, 'ndcg@40': 0.0781} 
2024-10-09 19:42:27.192 | INFO     | trainer_1:_train_one_epoch:209 - test 25 cost time 7.14s, result: {'hit@1': 0.0101, 'ndcg@1': 0.0101, 'hit@5': 0.0369, 'ndcg@5': 0.0235, 'hit@10': 0.0607, 'ndcg@10': 0.0311, 'hit@15': 0.0815, 'ndcg@15': 0.0366, 'hit@20': 0.1022, 'ndcg@20': 0.0415, 'hit@40': 0.169, 'ndcg@40': 0.0551} 
2024-10-09 19:42:46.715 | INFO     | trainer_1:_train_one_epoch:193 - epoch 26 8.32s Train loss is [0.3754] 
2024-10-09 19:42:55.523 | INFO     | trainer_1:_train_one_epoch:201 - validate 26 cost time 8.81s, result: {'hit@1': 0.0146, 'ndcg@1': 0.0146, 'hit@5': 0.0544, 'ndcg@5': 0.0346, 'hit@10': 0.092, 'ndcg@10': 0.0467, 'hit@15': 0.1212, 'ndcg@15': 0.0544, 'hit@20': 0.1478, 'ndcg@20': 0.0607, 'hit@40': 0.2308, 'ndcg@40': 0.0776} 
2024-10-09 19:43:04.438 | INFO     | trainer_1:_train_one_epoch:209 - test 26 cost time 8.91s, result: {'hit@1': 0.0098, 'ndcg@1': 0.0098, 'hit@5': 0.0358, 'ndcg@5': 0.0229, 'hit@10': 0.0598, 'ndcg@10': 0.0306, 'hit@15': 0.0814, 'ndcg@15': 0.0363, 'hit@20': 0.1008, 'ndcg@20': 0.0408, 'hit@40': 0.167, 'ndcg@40': 0.0543} 
2024-10-09 19:43:12.403 | INFO     | trainer_1:_train_one_epoch:193 - epoch 27 7.96s Train loss is [0.3740] 
2024-10-09 19:43:19.773 | INFO     | trainer_1:_train_one_epoch:201 - validate 27 cost time 7.37s, result: {'hit@1': 0.0157, 'ndcg@1': 0.0157, 'hit@5': 0.0564, 'ndcg@5': 0.0362, 'hit@10': 0.092, 'ndcg@10': 0.0476, 'hit@15': 0.124, 'ndcg@15': 0.056, 'hit@20': 0.1507, 'ndcg@20': 0.0623, 'hit@40': 0.2364, 'ndcg@40': 0.0798} 
2024-10-09 19:43:26.413 | INFO     | trainer_1:_train_one_epoch:209 - test 27 cost time 6.64s, result: {'hit@1': 0.011, 'ndcg@1': 0.011, 'hit@5': 0.0375, 'ndcg@5': 0.0242, 'hit@10': 0.0624, 'ndcg@10': 0.0321, 'hit@15': 0.0844, 'ndcg@15': 0.0379, 'hit@20': 0.1038, 'ndcg@20': 0.0425, 'hit@40': 0.1696, 'ndcg@40': 0.0559} 
2024-10-09 19:43:45.236 | INFO     | trainer_1:_train_one_epoch:193 - epoch 28 7.83s Train loss is [0.3762] 
2024-10-09 19:43:50.280 | INFO     | trainer_1:_train_one_epoch:201 - validate 28 cost time 5.04s, result: {'hit@1': 0.0152, 'ndcg@1': 0.0152, 'hit@5': 0.0551, 'ndcg@5': 0.0353, 'hit@10': 0.0935, 'ndcg@10': 0.0477, 'hit@15': 0.1253, 'ndcg@15': 0.0561, 'hit@20': 0.1523, 'ndcg@20': 0.0624, 'hit@40': 0.2387, 'ndcg@40': 0.0801} 
2024-10-09 19:43:56.328 | INFO     | trainer_1:_train_one_epoch:209 - test 28 cost time 6.05s, result: {'hit@1': 0.0101, 'ndcg@1': 0.0101, 'hit@5': 0.036, 'ndcg@5': 0.0229, 'hit@10': 0.06, 'ndcg@10': 0.0306, 'hit@15': 0.0839, 'ndcg@15': 0.0368, 'hit@20': 0.1042, 'ndcg@20': 0.0416, 'hit@40': 0.1716, 'ndcg@40': 0.0553} 
2024-10-09 19:44:04.630 | INFO     | trainer_1:_train_one_epoch:193 - epoch 29 8.30s Train loss is [0.3588] 
2024-10-09 19:44:12.019 | INFO     | trainer_1:_train_one_epoch:201 - validate 29 cost time 7.39s, result: {'hit@1': 0.0151, 'ndcg@1': 0.0151, 'hit@5': 0.0542, 'ndcg@5': 0.0346, 'hit@10': 0.0892, 'ndcg@10': 0.0458, 'hit@15': 0.1198, 'ndcg@15': 0.0539, 'hit@20': 0.1465, 'ndcg@20': 0.0602, 'hit@40': 0.2289, 'ndcg@40': 0.077} 
2024-10-09 19:44:19.080 | INFO     | trainer_1:_train_one_epoch:209 - test 29 cost time 7.06s, result: {'hit@1': 0.0102, 'ndcg@1': 0.0102, 'hit@5': 0.035, 'ndcg@5': 0.0225, 'hit@10': 0.0594, 'ndcg@10': 0.0303, 'hit@15': 0.0792, 'ndcg@15': 0.0355, 'hit@20': 0.0991, 'ndcg@20': 0.0402, 'hit@40': 0.1625, 'ndcg@40': 0.0531} 
2024-10-09 19:44:27.073 | INFO     | trainer_1:_train_one_epoch:193 - epoch 30 7.99s Train loss is [0.3634] 
2024-10-09 19:44:33.780 | INFO     | trainer_1:_train_one_epoch:201 - validate 30 cost time 6.71s, result: {'hit@1': 0.0147, 'ndcg@1': 0.0147, 'hit@5': 0.0531, 'ndcg@5': 0.0339, 'hit@10': 0.0881, 'ndcg@10': 0.0451, 'hit@15': 0.1165, 'ndcg@15': 0.0526, 'hit@20': 0.1456, 'ndcg@20': 0.0595, 'hit@40': 0.2333, 'ndcg@40': 0.0773} 
2024-10-09 19:44:40.910 | INFO     | trainer_1:_train_one_epoch:209 - test 30 cost time 7.13s, result: {'hit@1': 0.0101, 'ndcg@1': 0.0101, 'hit@5': 0.0352, 'ndcg@5': 0.0225, 'hit@10': 0.0589, 'ndcg@10': 0.0301, 'hit@15': 0.0799, 'ndcg@15': 0.0356, 'hit@20': 0.0992, 'ndcg@20': 0.0402, 'hit@40': 0.1663, 'ndcg@40': 0.0538} 
2024-10-09 19:44:49.018 | INFO     | trainer_1:_train_one_epoch:193 - epoch 31 8.11s Train loss is [0.3543] 
2024-10-09 19:44:56.310 | INFO     | trainer_1:_train_one_epoch:201 - validate 31 cost time 7.29s, result: {'hit@1': 0.0145, 'ndcg@1': 0.0145, 'hit@5': 0.0553, 'ndcg@5': 0.0349, 'hit@10': 0.0927, 'ndcg@10': 0.0469, 'hit@15': 0.1236, 'ndcg@15': 0.0551, 'hit@20': 0.1508, 'ndcg@20': 0.0615, 'hit@40': 0.2428, 'ndcg@40': 0.0802} 
2024-10-09 19:45:01.612 | INFO     | trainer_1:_train_one_epoch:209 - test 31 cost time 5.30s, result: {'hit@1': 0.0099, 'ndcg@1': 0.0099, 'hit@5': 0.037, 'ndcg@5': 0.0232, 'hit@10': 0.0624, 'ndcg@10': 0.0314, 'hit@15': 0.0852, 'ndcg@15': 0.0374, 'hit@20': 0.1046, 'ndcg@20': 0.042, 'hit@40': 0.1727, 'ndcg@40': 0.0558} 
2024-10-09 19:45:09.599 | INFO     | trainer_1:_train_one_epoch:193 - epoch 32 7.99s Train loss is [0.3536] 
2024-10-09 19:45:17.055 | INFO     | trainer_1:_train_one_epoch:201 - validate 32 cost time 7.46s, result: {'hit@1': 0.0161, 'ndcg@1': 0.0161, 'hit@5': 0.0584, 'ndcg@5': 0.0373, 'hit@10': 0.0979, 'ndcg@10': 0.0499, 'hit@15': 0.1275, 'ndcg@15': 0.0577, 'hit@20': 0.1563, 'ndcg@20': 0.0645, 'hit@40': 0.2443, 'ndcg@40': 0.0824} 
2024-10-09 19:45:24.184 | INFO     | trainer_1:_train_one_epoch:209 - test 32 cost time 7.13s, result: {'hit@1': 0.0106, 'ndcg@1': 0.0106, 'hit@5': 0.0372, 'ndcg@5': 0.0237, 'hit@10': 0.0632, 'ndcg@10': 0.032, 'hit@15': 0.0855, 'ndcg@15': 0.0379, 'hit@20': 0.1055, 'ndcg@20': 0.0426, 'hit@40': 0.1732, 'ndcg@40': 0.0563} 
2024-10-09 19:45:43.458 | INFO     | trainer_1:_train_one_epoch:193 - epoch 33 8.36s Train loss is [0.3518] 
2024-10-09 19:45:51.027 | INFO     | trainer_1:_train_one_epoch:201 - validate 33 cost time 7.57s, result: {'hit@1': 0.0158, 'ndcg@1': 0.0158, 'hit@5': 0.057, 'ndcg@5': 0.0364, 'hit@10': 0.096, 'ndcg@10': 0.0488, 'hit@15': 0.1264, 'ndcg@15': 0.0568, 'hit@20': 0.1516, 'ndcg@20': 0.0628, 'hit@40': 0.2394, 'ndcg@40': 0.0807} 
2024-10-09 19:46:00.405 | INFO     | trainer_1:_train_one_epoch:209 - test 33 cost time 9.38s, result: {'hit@1': 0.0107, 'ndcg@1': 0.0107, 'hit@5': 0.0373, 'ndcg@5': 0.0238, 'hit@10': 0.0634, 'ndcg@10': 0.0322, 'hit@15': 0.085, 'ndcg@15': 0.0379, 'hit@20': 0.1047, 'ndcg@20': 0.0425, 'hit@40': 0.1697, 'ndcg@40': 0.0557} 
2024-10-09 19:46:27.644 | INFO     | trainer_1:_train_one_epoch:193 - epoch 34 9.28s Train loss is [0.3426] 
2024-10-09 19:46:36.189 | INFO     | trainer_1:_train_one_epoch:201 - validate 34 cost time 8.55s, result: {'hit@1': 0.0153, 'ndcg@1': 0.0153, 'hit@5': 0.0556, 'ndcg@5': 0.0354, 'hit@10': 0.0935, 'ndcg@10': 0.0475, 'hit@15': 0.1258, 'ndcg@15': 0.0561, 'hit@20': 0.1527, 'ndcg@20': 0.0624, 'hit@40': 0.2402, 'ndcg@40': 0.0803} 
2024-10-09 19:46:43.272 | INFO     | trainer_1:_train_one_epoch:209 - test 34 cost time 7.08s, result: {'hit@1': 0.0105, 'ndcg@1': 0.0105, 'hit@5': 0.0373, 'ndcg@5': 0.0238, 'hit@10': 0.0635, 'ndcg@10': 0.0322, 'hit@15': 0.0848, 'ndcg@15': 0.0378, 'hit@20': 0.1055, 'ndcg@20': 0.0427, 'hit@40': 0.1718, 'ndcg@40': 0.0561} 
2024-10-09 19:47:08.579 | INFO     | trainer_1:_train_one_epoch:193 - epoch 35 9.13s Train loss is [0.3471] 
2024-10-09 19:47:17.541 | INFO     | trainer_1:_train_one_epoch:201 - validate 35 cost time 8.96s, result: {'hit@1': 0.0155, 'ndcg@1': 0.0155, 'hit@5': 0.0569, 'ndcg@5': 0.0361, 'hit@10': 0.096, 'ndcg@10': 0.0486, 'hit@15': 0.1266, 'ndcg@15': 0.0567, 'hit@20': 0.1512, 'ndcg@20': 0.0625, 'hit@40': 0.2371, 'ndcg@40': 0.08} 
2024-10-09 19:47:26.489 | INFO     | trainer_1:_train_one_epoch:209 - test 35 cost time 8.95s, result: {'hit@1': 0.0108, 'ndcg@1': 0.0108, 'hit@5': 0.0382, 'ndcg@5': 0.0244, 'hit@10': 0.0639, 'ndcg@10': 0.0327, 'hit@15': 0.0851, 'ndcg@15': 0.0383, 'hit@20': 0.1044, 'ndcg@20': 0.0428, 'hit@40': 0.1668, 'ndcg@40': 0.0555} 
2024-10-09 19:47:46.918 | INFO     | trainer_1:_train_one_epoch:193 - epoch 36 9.53s Train loss is [0.3445] 
2024-10-09 19:47:54.131 | INFO     | trainer_1:_train_one_epoch:201 - validate 36 cost time 7.21s, result: {'hit@1': 0.0152, 'ndcg@1': 0.0152, 'hit@5': 0.0568, 'ndcg@5': 0.0357, 'hit@10': 0.0962, 'ndcg@10': 0.0484, 'hit@15': 0.1277, 'ndcg@15': 0.0567, 'hit@20': 0.1562, 'ndcg@20': 0.0634, 'hit@40': 0.2484, 'ndcg@40': 0.0822} 
2024-10-09 19:48:01.116 | INFO     | trainer_1:_train_one_epoch:209 - test 36 cost time 6.98s, result: {'hit@1': 0.0101, 'ndcg@1': 0.0101, 'hit@5': 0.0375, 'ndcg@5': 0.0238, 'hit@10': 0.0645, 'ndcg@10': 0.0325, 'hit@15': 0.0872, 'ndcg@15': 0.0385, 'hit@20': 0.1068, 'ndcg@20': 0.0431, 'hit@40': 0.1748, 'ndcg@40': 0.0569} 
2024-10-09 19:48:19.839 | INFO     | trainer_1:_train_one_epoch:193 - epoch 37 7.95s Train loss is [0.3548] 
2024-10-09 19:48:26.930 | INFO     | trainer_1:_train_one_epoch:201 - validate 37 cost time 7.09s, result: {'hit@1': 0.0146, 'ndcg@1': 0.0146, 'hit@5': 0.057, 'ndcg@5': 0.0359, 'hit@10': 0.0947, 'ndcg@10': 0.048, 'hit@15': 0.1276, 'ndcg@15': 0.0567, 'hit@20': 0.1555, 'ndcg@20': 0.0632, 'hit@40': 0.2444, 'ndcg@40': 0.0813} 
2024-10-09 19:48:33.830 | INFO     | trainer_1:_train_one_epoch:209 - test 37 cost time 6.90s, result: {'hit@1': 0.0101, 'ndcg@1': 0.0101, 'hit@5': 0.037, 'ndcg@5': 0.0234, 'hit@10': 0.0643, 'ndcg@10': 0.0322, 'hit@15': 0.0851, 'ndcg@15': 0.0377, 'hit@20': 0.1049, 'ndcg@20': 0.0424, 'hit@40': 0.1749, 'ndcg@40': 0.0566} 
2024-10-09 19:48:42.043 | INFO     | trainer_1:_train_one_epoch:193 - epoch 38 8.21s Train loss is [0.3534] 
2024-10-09 19:48:49.360 | INFO     | trainer_1:_train_one_epoch:201 - validate 38 cost time 7.32s, result: {'hit@1': 0.0157, 'ndcg@1': 0.0157, 'hit@5': 0.0586, 'ndcg@5': 0.0371, 'hit@10': 0.0953, 'ndcg@10': 0.0489, 'hit@15': 0.1257, 'ndcg@15': 0.0569, 'hit@20': 0.1533, 'ndcg@20': 0.0634, 'hit@40': 0.2429, 'ndcg@40': 0.0817} 
2024-10-09 19:48:56.423 | INFO     | trainer_1:_train_one_epoch:209 - test 38 cost time 7.06s, result: {'hit@1': 0.0092, 'ndcg@1': 0.0092, 'hit@5': 0.0379, 'ndcg@5': 0.0232, 'hit@10': 0.0636, 'ndcg@10': 0.0315, 'hit@15': 0.0856, 'ndcg@15': 0.0373, 'hit@20': 0.1056, 'ndcg@20': 0.042, 'hit@40': 0.1704, 'ndcg@40': 0.0552} 
2024-10-09 19:49:04.653 | INFO     | trainer_1:_train_one_epoch:193 - epoch 39 8.23s Train loss is [0.3614] 
2024-10-09 19:49:10.136 | INFO     | trainer_1:_train_one_epoch:201 - validate 39 cost time 5.48s, result: {'hit@1': 0.0155, 'ndcg@1': 0.0155, 'hit@5': 0.0611, 'ndcg@5': 0.0383, 'hit@10': 0.0995, 'ndcg@10': 0.0507, 'hit@15': 0.1309, 'ndcg@15': 0.059, 'hit@20': 0.1608, 'ndcg@20': 0.066, 'hit@40': 0.2541, 'ndcg@40': 0.085} 
2024-10-09 19:49:15.248 | INFO     | trainer_1:_train_one_epoch:209 - test 39 cost time 5.11s, result: {'hit@1': 0.0093, 'ndcg@1': 0.0093, 'hit@5': 0.0385, 'ndcg@5': 0.0238, 'hit@10': 0.0647, 'ndcg@10': 0.0323, 'hit@15': 0.0872, 'ndcg@15': 0.0382, 'hit@20': 0.1073, 'ndcg@20': 0.0429, 'hit@40': 0.1765, 'ndcg@40': 0.057} 
2024-10-09 19:49:34.083 | INFO     | trainer_1:_train_one_epoch:193 - epoch 40 8.11s Train loss is [0.3547] 
2024-10-09 19:49:41.389 | INFO     | trainer_1:_train_one_epoch:201 - validate 40 cost time 7.31s, result: {'hit@1': 0.015, 'ndcg@1': 0.015, 'hit@5': 0.06, 'ndcg@5': 0.0375, 'hit@10': 0.0987, 'ndcg@10': 0.0499, 'hit@15': 0.1307, 'ndcg@15': 0.0583, 'hit@20': 0.1605, 'ndcg@20': 0.0654, 'hit@40': 0.252, 'ndcg@40': 0.084} 
2024-10-09 19:49:48.290 | INFO     | trainer_1:_train_one_epoch:209 - test 40 cost time 6.90s, result: {'hit@1': 0.0102, 'ndcg@1': 0.0102, 'hit@5': 0.0381, 'ndcg@5': 0.0242, 'hit@10': 0.0656, 'ndcg@10': 0.033, 'hit@15': 0.0873, 'ndcg@15': 0.0388, 'hit@20': 0.1071, 'ndcg@20': 0.0434, 'hit@40': 0.1767, 'ndcg@40': 0.0576} 
2024-10-09 19:50:07.436 | INFO     | trainer_1:_train_one_epoch:193 - epoch 41 7.81s Train loss is [0.3519] 
2024-10-09 19:50:14.544 | INFO     | trainer_1:_train_one_epoch:201 - validate 41 cost time 7.11s, result: {'hit@1': 0.0145, 'ndcg@1': 0.0145, 'hit@5': 0.0582, 'ndcg@5': 0.0363, 'hit@10': 0.0969, 'ndcg@10': 0.0487, 'hit@15': 0.1299, 'ndcg@15': 0.0574, 'hit@20': 0.159, 'ndcg@20': 0.0643, 'hit@40': 0.2535, 'ndcg@40': 0.0835} 
2024-10-09 19:50:21.137 | INFO     | trainer_1:_train_one_epoch:209 - test 41 cost time 6.59s, result: {'hit@1': 0.0099, 'ndcg@1': 0.0099, 'hit@5': 0.0383, 'ndcg@5': 0.024, 'hit@10': 0.0662, 'ndcg@10': 0.0329, 'hit@15': 0.0879, 'ndcg@15': 0.0386, 'hit@20': 0.1083, 'ndcg@20': 0.0434, 'hit@40': 0.1769, 'ndcg@40': 0.0574} 
2024-10-09 19:50:40.079 | INFO     | trainer_1:_train_one_epoch:193 - epoch 42 8.38s Train loss is [0.3431] 
2024-10-09 19:50:47.017 | INFO     | trainer_1:_train_one_epoch:201 - validate 42 cost time 6.94s, result: {'hit@1': 0.0146, 'ndcg@1': 0.0146, 'hit@5': 0.0565, 'ndcg@5': 0.0355, 'hit@10': 0.0932, 'ndcg@10': 0.0473, 'hit@15': 0.1247, 'ndcg@15': 0.0556, 'hit@20': 0.154, 'ndcg@20': 0.0625, 'hit@40': 0.244, 'ndcg@40': 0.0808} 
2024-10-09 19:50:53.534 | INFO     | trainer_1:_train_one_epoch:209 - test 42 cost time 6.52s, result: {'hit@1': 0.01, 'ndcg@1': 0.01, 'hit@5': 0.0366, 'ndcg@5': 0.0233, 'hit@10': 0.0636, 'ndcg@10': 0.032, 'hit@15': 0.0848, 'ndcg@15': 0.0375, 'hit@20': 0.1031, 'ndcg@20': 0.0419, 'hit@40': 0.169, 'ndcg@40': 0.0552} 
2024-10-09 19:51:01.364 | INFO     | trainer_1:_train_one_epoch:193 - epoch 43 7.83s Train loss is [0.3512] 
2024-10-09 19:51:08.727 | INFO     | trainer_1:_train_one_epoch:201 - validate 43 cost time 7.36s, result: {'hit@1': 0.0142, 'ndcg@1': 0.0142, 'hit@5': 0.0559, 'ndcg@5': 0.035, 'hit@10': 0.0962, 'ndcg@10': 0.0479, 'hit@15': 0.1291, 'ndcg@15': 0.0566, 'hit@20': 0.16, 'ndcg@20': 0.0639, 'hit@40': 0.2546, 'ndcg@40': 0.0831} 
2024-10-09 19:51:15.996 | INFO     | trainer_1:_train_one_epoch:209 - test 43 cost time 7.27s, result: {'hit@1': 0.0103, 'ndcg@1': 0.0103, 'hit@5': 0.0367, 'ndcg@5': 0.0235, 'hit@10': 0.0638, 'ndcg@10': 0.0321, 'hit@15': 0.0864, 'ndcg@15': 0.0381, 'hit@20': 0.1057, 'ndcg@20': 0.0427, 'hit@40': 0.1764, 'ndcg@40': 0.057} 
2024-10-09 19:51:24.300 | INFO     | trainer_1:_train_one_epoch:193 - epoch 44 8.30s Train loss is [0.3455] 
2024-10-09 19:51:31.330 | INFO     | trainer_1:_train_one_epoch:201 - validate 44 cost time 7.03s, result: {'hit@1': 0.0158, 'ndcg@1': 0.0158, 'hit@5': 0.0589, 'ndcg@5': 0.0372, 'hit@10': 0.1014, 'ndcg@10': 0.0508, 'hit@15': 0.1355, 'ndcg@15': 0.0598, 'hit@20': 0.1663, 'ndcg@20': 0.0671, 'hit@40': 0.2619, 'ndcg@40': 0.0865} 
2024-10-09 19:51:38.459 | INFO     | trainer_1:_train_one_epoch:209 - test 44 cost time 7.13s, result: {'hit@1': 0.0108, 'ndcg@1': 0.0108, 'hit@5': 0.04, 'ndcg@5': 0.0254, 'hit@10': 0.068, 'ndcg@10': 0.0344, 'hit@15': 0.0916, 'ndcg@15': 0.0407, 'hit@20': 0.1123, 'ndcg@20': 0.0455, 'hit@40': 0.1809, 'ndcg@40': 0.0595} 
2024-10-09 19:51:56.890 | INFO     | trainer_1:_train_one_epoch:193 - epoch 45 7.80s Train loss is [0.3457] 
2024-10-09 19:52:03.440 | INFO     | trainer_1:_train_one_epoch:201 - validate 45 cost time 6.55s, result: {'hit@1': 0.0157, 'ndcg@1': 0.0157, 'hit@5': 0.0597, 'ndcg@5': 0.0375, 'hit@10': 0.0974, 'ndcg@10': 0.0497, 'hit@15': 0.1316, 'ndcg@15': 0.0587, 'hit@20': 0.1581, 'ndcg@20': 0.0649, 'hit@40': 0.2532, 'ndcg@40': 0.0843} 
2024-10-09 19:52:11.060 | INFO     | trainer_1:_train_one_epoch:209 - test 45 cost time 7.62s, result: {'hit@1': 0.0105, 'ndcg@1': 0.0105, 'hit@5': 0.0383, 'ndcg@5': 0.0243, 'hit@10': 0.0643, 'ndcg@10': 0.0327, 'hit@15': 0.0846, 'ndcg@15': 0.038, 'hit@20': 0.1054, 'ndcg@20': 0.0429, 'hit@40': 0.174, 'ndcg@40': 0.0568} 
2024-10-09 19:52:18.871 | INFO     | trainer_1:_train_one_epoch:193 - epoch 46 7.81s Train loss is [0.3465] 
2024-10-09 19:52:27.871 | INFO     | trainer_1:_train_one_epoch:201 - validate 46 cost time 9.00s, result: {'hit@1': 0.015, 'ndcg@1': 0.015, 'hit@5': 0.0587, 'ndcg@5': 0.0369, 'hit@10': 0.0976, 'ndcg@10': 0.0493, 'hit@15': 0.1327, 'ndcg@15': 0.0586, 'hit@20': 0.162, 'ndcg@20': 0.0655, 'hit@40': 0.256, 'ndcg@40': 0.0847} 
2024-10-09 19:52:35.803 | INFO     | trainer_1:_train_one_epoch:209 - test 46 cost time 7.93s, result: {'hit@1': 0.0098, 'ndcg@1': 0.0098, 'hit@5': 0.0388, 'ndcg@5': 0.0241, 'hit@10': 0.0658, 'ndcg@10': 0.0328, 'hit@15': 0.0875, 'ndcg@15': 0.0385, 'hit@20': 0.1075, 'ndcg@20': 0.0433, 'hit@40': 0.1758, 'ndcg@40': 0.0571} 
2024-10-09 19:52:43.442 | INFO     | trainer_1:_train_one_epoch:193 - epoch 47 7.64s Train loss is [0.3406] 
2024-10-09 19:52:50.198 | INFO     | trainer_1:_train_one_epoch:201 - validate 47 cost time 6.76s, result: {'hit@1': 0.0161, 'ndcg@1': 0.0161, 'hit@5': 0.0603, 'ndcg@5': 0.0379, 'hit@10': 0.102, 'ndcg@10': 0.0514, 'hit@15': 0.1353, 'ndcg@15': 0.0601, 'hit@20': 0.1624, 'ndcg@20': 0.0665, 'hit@40': 0.2559, 'ndcg@40': 0.0856} 
2024-10-09 19:52:57.595 | INFO     | trainer_1:_train_one_epoch:209 - test 47 cost time 7.40s, result: {'hit@1': 0.0104, 'ndcg@1': 0.0104, 'hit@5': 0.04, 'ndcg@5': 0.0251, 'hit@10': 0.0677, 'ndcg@10': 0.0339, 'hit@15': 0.0887, 'ndcg@15': 0.0395, 'hit@20': 0.1101, 'ndcg@20': 0.0445, 'hit@40': 0.1795, 'ndcg@40': 0.0586} 
2024-10-09 19:53:07.496 | INFO     | trainer_1:_train_one_epoch:193 - epoch 48 9.90s Train loss is [0.3394] 
2024-10-09 19:53:15.401 | INFO     | trainer_1:_train_one_epoch:201 - validate 48 cost time 7.90s, result: {'hit@1': 0.0151, 'ndcg@1': 0.0151, 'hit@5': 0.0571, 'ndcg@5': 0.0359, 'hit@10': 0.0978, 'ndcg@10': 0.0489, 'hit@15': 0.1294, 'ndcg@15': 0.0573, 'hit@20': 0.1596, 'ndcg@20': 0.0644, 'hit@40': 0.2526, 'ndcg@40': 0.0833} 
2024-10-09 19:53:23.794 | INFO     | trainer_1:_train_one_epoch:209 - test 48 cost time 8.39s, result: {'hit@1': 0.0099, 'ndcg@1': 0.0099, 'hit@5': 0.0376, 'ndcg@5': 0.0237, 'hit@10': 0.0636, 'ndcg@10': 0.032, 'hit@15': 0.0872, 'ndcg@15': 0.0382, 'hit@20': 0.1074, 'ndcg@20': 0.043, 'hit@40': 0.1764, 'ndcg@40': 0.057} 
2024-10-09 19:53:34.230 | INFO     | trainer_1:_train_one_epoch:193 - epoch 49 10.43s Train loss is [0.3436] 
2024-10-09 19:53:45.241 | INFO     | trainer_1:_train_one_epoch:201 - validate 49 cost time 11.01s, result: {'hit@1': 0.0154, 'ndcg@1': 0.0154, 'hit@5': 0.0589, 'ndcg@5': 0.0371, 'hit@10': 0.1005, 'ndcg@10': 0.0504, 'hit@15': 0.1352, 'ndcg@15': 0.0596, 'hit@20': 0.1649, 'ndcg@20': 0.0666, 'hit@40': 0.2601, 'ndcg@40': 0.086} 
2024-10-09 19:53:55.345 | INFO     | trainer_1:_train_one_epoch:209 - test 49 cost time 10.10s, result: {'hit@1': 0.0106, 'ndcg@1': 0.0106, 'hit@5': 0.0408, 'ndcg@5': 0.0256, 'hit@10': 0.067, 'ndcg@10': 0.034, 'hit@15': 0.0878, 'ndcg@15': 0.0395, 'hit@20': 0.1108, 'ndcg@20': 0.045, 'hit@40': 0.1799, 'ndcg@40': 0.0591} 
2024-10-09 19:54:03.253 | INFO     | trainer_1:_train_one_epoch:193 - epoch 50 7.91s Train loss is [0.3407] 
2024-10-09 19:54:08.319 | INFO     | trainer_1:_train_one_epoch:201 - validate 50 cost time 5.07s, result: {'hit@1': 0.0154, 'ndcg@1': 0.0154, 'hit@5': 0.0579, 'ndcg@5': 0.0363, 'hit@10': 0.0974, 'ndcg@10': 0.049, 'hit@15': 0.1322, 'ndcg@15': 0.0582, 'hit@20': 0.1619, 'ndcg@20': 0.0652, 'hit@40': 0.2563, 'ndcg@40': 0.0844} 
2024-10-09 19:54:14.355 | INFO     | trainer_1:_train_one_epoch:209 - test 50 cost time 6.04s, result: {'hit@1': 0.0107, 'ndcg@1': 0.0107, 'hit@5': 0.0389, 'ndcg@5': 0.0245, 'hit@10': 0.0653, 'ndcg@10': 0.033, 'hit@15': 0.0866, 'ndcg@15': 0.0387, 'hit@20': 0.109, 'ndcg@20': 0.0439, 'hit@40': 0.1798, 'ndcg@40': 0.0583} 
2024-10-09 19:54:22.885 | INFO     | trainer_1:_train_one_epoch:193 - epoch 51 8.53s Train loss is [0.3393] 
2024-10-09 19:54:30.115 | INFO     | trainer_1:_train_one_epoch:201 - validate 51 cost time 7.23s, result: {'hit@1': 0.016, 'ndcg@1': 0.016, 'hit@5': 0.0587, 'ndcg@5': 0.0371, 'hit@10': 0.0985, 'ndcg@10': 0.0498, 'hit@15': 0.1298, 'ndcg@15': 0.0581, 'hit@20': 0.1594, 'ndcg@20': 0.0651, 'hit@40': 0.2544, 'ndcg@40': 0.0844} 
2024-10-09 19:54:37.061 | INFO     | trainer_1:_train_one_epoch:209 - test 51 cost time 6.95s, result: {'hit@1': 0.0098, 'ndcg@1': 0.0098, 'hit@5': 0.0379, 'ndcg@5': 0.0238, 'hit@10': 0.0634, 'ndcg@10': 0.032, 'hit@15': 0.0864, 'ndcg@15': 0.0381, 'hit@20': 0.108, 'ndcg@20': 0.0432, 'hit@40': 0.175, 'ndcg@40': 0.0568} 
2024-10-09 19:54:45.204 | INFO     | trainer_1:_train_one_epoch:193 - epoch 52 8.14s Train loss is [0.3330] 
2024-10-09 19:54:51.962 | INFO     | trainer_1:_train_one_epoch:201 - validate 52 cost time 6.76s, result: {'hit@1': 0.0161, 'ndcg@1': 0.0161, 'hit@5': 0.0581, 'ndcg@5': 0.0371, 'hit@10': 0.0944, 'ndcg@10': 0.0487, 'hit@15': 0.1277, 'ndcg@15': 0.0575, 'hit@20': 0.1565, 'ndcg@20': 0.0643, 'hit@40': 0.2507, 'ndcg@40': 0.0835} 
2024-10-09 19:54:59.249 | INFO     | trainer_1:_train_one_epoch:209 - test 52 cost time 7.29s, result: {'hit@1': 0.0101, 'ndcg@1': 0.0101, 'hit@5': 0.0381, 'ndcg@5': 0.024, 'hit@10': 0.063, 'ndcg@10': 0.032, 'hit@15': 0.0861, 'ndcg@15': 0.0381, 'hit@20': 0.1056, 'ndcg@20': 0.0427, 'hit@40': 0.1756, 'ndcg@40': 0.0569} 
2024-10-09 19:54:59.260 | INFO     | trainer_1:train_model:163 - training end, best iteration 47, results: {'hit@1': 0.0158, 'ndcg@1': 0.0158, 'hit@5': 0.0589, 'ndcg@5': 0.0372, 'hit@10': 0.1014, 'ndcg@10': 0.0508, 'hit@15': 0.1355, 'ndcg@15': 0.0598, 'hit@20': 0.1663, 'ndcg@20': 0.0671, 'hit@40': 0.2619, 'ndcg@40': 0.0865}
2024-10-09 19:54:59.260 | INFO     | trainer_1:train_model:166 - final test result is:  {'hit@1': 0.0108, 'ndcg@1': 0.0108, 'hit@5': 0.04, 'ndcg@5': 0.0254, 'hit@10': 0.068, 'ndcg@10': 0.0344, 'hit@15': 0.0916, 'ndcg@15': 0.0407, 'hit@20': 0.1123, 'ndcg@20': 0.0455, 'hit@40': 0.1809, 'ndcg@40': 0.0595}
2024-10-09 19:54:59.552 | INFO     | __main__:<module>:119 - train end total cost time: 3459.389676094055
