2024-10-09 16:56:34.076 | INFO     | __main__:<module>:105 - Namespace(TIME='2024-10-09 16_55_34', batch_size=1024, behaviors=['view', 'cart', 'buy'], check_point='model_pre_1_2024-10-08 12_13_12.pth', data_name='beibei', data_path='./data/beibei', decay=0.001, device='cuda:1', dim_qk=32, dim_v=64, distill_layers=2, distill_thres=0.5, distill_topK=20, distill_userK=10, embedding_size=64, epochs=100, gpu_no=1, if_load_model=True, ii_lambda=200, initializer_range=0.02, layers=2, loss_type='bpr', lr=0.001, message_dropout=0.25, metrics=['hit', 'ndcg'], min_epoch=5, model_name='main_1', model_path='./check_point', node_dropout=0.75, omega=1, pt_loop=50, reg_weight=0.001, test_batch_size=1024, testbatch=1024, topk=[1, 5, 10, 15, 20, 40], uu_lambda=100)
2024-10-09 16:56:34.078 | INFO     | __main__:<module>:106 - BIPN(
  (message_dropout): Dropout(p=0.25, inplace=False)
  (user_embedding): Embedding(21717, 64, padding_idx=0)
  (item_embedding): Embedding(7978, 64, padding_idx=0)
  (global_Graph): LightGCN()
  (Graph_encoder): ModuleDict(
    (view): GraphEncoder(
      (light): LightGCN()
      (dropout): Dropout(p=0.75, inplace=False)
    )
    (cart): GraphEncoder(
      (light): LightGCN()
      (dropout): Dropout(p=0.75, inplace=False)
    )
    (buy): GraphEncoder(
      (light): LightGCN()
      (dropout): Dropout(p=0.75, inplace=False)
    )
  )
  (attention): Mutual_Attention()
  (bpr_loss): BPRLoss()
  (emb_loss): EmbLoss()
  (f): Sigmoid()
)
2024-10-09 17:31:56.864 | INFO     | trainer_1:_train_one_epoch:193 - epoch 1 12.09s Train loss is [0.9134] 
2024-10-09 17:32:02.277 | INFO     | trainer_1:_train_one_epoch:201 - validate 1 cost time 5.41s, result: {'hit@1': 0.008, 'ndcg@1': 0.008, 'hit@5': 0.0303, 'ndcg@5': 0.019, 'hit@10': 0.0509, 'ndcg@10': 0.0256, 'hit@15': 0.0694, 'ndcg@15': 0.0304, 'hit@20': 0.0864, 'ndcg@20': 0.0345, 'hit@40': 0.1453, 'ndcg@40': 0.0464} 
2024-10-09 17:32:07.439 | INFO     | trainer_1:_train_one_epoch:209 - test 1 cost time 5.16s, result: {'hit@1': 0.0042, 'ndcg@1': 0.0042, 'hit@5': 0.0182, 'ndcg@5': 0.011, 'hit@10': 0.036, 'ndcg@10': 0.0167, 'hit@15': 0.0501, 'ndcg@15': 0.0204, 'hit@20': 0.062, 'ndcg@20': 0.0232, 'hit@40': 0.1052, 'ndcg@40': 0.032} 
2024-10-09 17:32:33.603 | INFO     | trainer_1:_train_one_epoch:193 - epoch 2 13.24s Train loss is [0.6899] 
2024-10-09 17:32:42.000 | INFO     | trainer_1:_train_one_epoch:201 - validate 2 cost time 8.40s, result: {'hit@1': 0.0076, 'ndcg@1': 0.0076, 'hit@5': 0.0326, 'ndcg@5': 0.0201, 'hit@10': 0.0582, 'ndcg@10': 0.0284, 'hit@15': 0.0774, 'ndcg@15': 0.0334, 'hit@20': 0.0953, 'ndcg@20': 0.0376, 'hit@40': 0.1605, 'ndcg@40': 0.0509} 
2024-10-09 17:32:49.976 | INFO     | trainer_1:_train_one_epoch:209 - test 2 cost time 7.98s, result: {'hit@1': 0.0046, 'ndcg@1': 0.0046, 'hit@5': 0.02, 'ndcg@5': 0.0121, 'hit@10': 0.0366, 'ndcg@10': 0.0174, 'hit@15': 0.0514, 'ndcg@15': 0.0214, 'hit@20': 0.0657, 'ndcg@20': 0.0247, 'hit@40': 0.1147, 'ndcg@40': 0.0347} 
2024-10-09 17:33:15.509 | INFO     | trainer_1:_train_one_epoch:193 - epoch 3 13.92s Train loss is [0.6141] 
2024-10-09 17:33:25.981 | INFO     | trainer_1:_train_one_epoch:201 - validate 3 cost time 10.47s, result: {'hit@1': 0.0092, 'ndcg@1': 0.0092, 'hit@5': 0.0373, 'ndcg@5': 0.0233, 'hit@10': 0.0649, 'ndcg@10': 0.0321, 'hit@15': 0.0908, 'ndcg@15': 0.039, 'hit@20': 0.1148, 'ndcg@20': 0.0447, 'hit@40': 0.1893, 'ndcg@40': 0.0598} 
2024-10-09 17:33:33.475 | INFO     | trainer_1:_train_one_epoch:209 - test 3 cost time 7.49s, result: {'hit@1': 0.0055, 'ndcg@1': 0.0055, 'hit@5': 0.0235, 'ndcg@5': 0.0142, 'hit@10': 0.0436, 'ndcg@10': 0.0206, 'hit@15': 0.0617, 'ndcg@15': 0.0254, 'hit@20': 0.0764, 'ndcg@20': 0.0289, 'hit@40': 0.1343, 'ndcg@40': 0.0407} 
2024-10-09 17:34:01.986 | INFO     | trainer_1:_train_one_epoch:193 - epoch 4 15.15s Train loss is [0.5821] 
2024-10-09 17:34:11.419 | INFO     | trainer_1:_train_one_epoch:201 - validate 4 cost time 9.43s, result: {'hit@1': 0.0111, 'ndcg@1': 0.0111, 'hit@5': 0.042, 'ndcg@5': 0.0265, 'hit@10': 0.0707, 'ndcg@10': 0.0357, 'hit@15': 0.0964, 'ndcg@15': 0.0425, 'hit@20': 0.1193, 'ndcg@20': 0.0479, 'hit@40': 0.1889, 'ndcg@40': 0.062} 
2024-10-09 17:34:18.915 | INFO     | trainer_1:_train_one_epoch:209 - test 4 cost time 7.50s, result: {'hit@1': 0.0062, 'ndcg@1': 0.0062, 'hit@5': 0.0233, 'ndcg@5': 0.0147, 'hit@10': 0.042, 'ndcg@10': 0.0207, 'hit@15': 0.0592, 'ndcg@15': 0.0252, 'hit@20': 0.0751, 'ndcg@20': 0.029, 'hit@40': 0.1275, 'ndcg@40': 0.0396} 
2024-10-09 17:34:31.574 | INFO     | trainer_1:_train_one_epoch:193 - epoch 5 12.66s Train loss is [0.5452] 
2024-10-09 17:34:37.433 | INFO     | trainer_1:_train_one_epoch:201 - validate 5 cost time 5.86s, result: {'hit@1': 0.0122, 'ndcg@1': 0.0122, 'hit@5': 0.0448, 'ndcg@5': 0.0284, 'hit@10': 0.0751, 'ndcg@10': 0.0381, 'hit@15': 0.0999, 'ndcg@15': 0.0446, 'hit@20': 0.125, 'ndcg@20': 0.0505, 'hit@40': 0.1981, 'ndcg@40': 0.0654} 
2024-10-09 17:34:43.996 | INFO     | trainer_1:_train_one_epoch:209 - test 5 cost time 6.56s, result: {'hit@1': 0.0075, 'ndcg@1': 0.0075, 'hit@5': 0.0262, 'ndcg@5': 0.0166, 'hit@10': 0.0452, 'ndcg@10': 0.0227, 'hit@15': 0.0631, 'ndcg@15': 0.0274, 'hit@20': 0.0782, 'ndcg@20': 0.031, 'hit@40': 0.132, 'ndcg@40': 0.0419} 
2024-10-09 17:35:12.486 | INFO     | trainer_1:_train_one_epoch:193 - epoch 6 13.92s Train loss is [0.5299] 
2024-10-09 17:35:23.380 | INFO     | trainer_1:_train_one_epoch:201 - validate 6 cost time 10.89s, result: {'hit@1': 0.0134, 'ndcg@1': 0.0134, 'hit@5': 0.045, 'ndcg@5': 0.029, 'hit@10': 0.0752, 'ndcg@10': 0.0386, 'hit@15': 0.1014, 'ndcg@15': 0.0455, 'hit@20': 0.1255, 'ndcg@20': 0.0512, 'hit@40': 0.2002, 'ndcg@40': 0.0664} 
2024-10-09 17:35:32.022 | INFO     | trainer_1:_train_one_epoch:209 - test 6 cost time 8.64s, result: {'hit@1': 0.0066, 'ndcg@1': 0.0066, 'hit@5': 0.029, 'ndcg@5': 0.0178, 'hit@10': 0.0476, 'ndcg@10': 0.0237, 'hit@15': 0.0664, 'ndcg@15': 0.0287, 'hit@20': 0.0828, 'ndcg@20': 0.0325, 'hit@40': 0.14, 'ndcg@40': 0.0442} 
2024-10-09 17:36:02.518 | INFO     | trainer_1:_train_one_epoch:193 - epoch 7 14.81s Train loss is [0.4977] 
2024-10-09 17:36:12.171 | INFO     | trainer_1:_train_one_epoch:201 - validate 7 cost time 9.65s, result: {'hit@1': 0.0122, 'ndcg@1': 0.0122, 'hit@5': 0.0427, 'ndcg@5': 0.0272, 'hit@10': 0.0722, 'ndcg@10': 0.0366, 'hit@15': 0.0982, 'ndcg@15': 0.0434, 'hit@20': 0.1232, 'ndcg@20': 0.0494, 'hit@40': 0.199, 'ndcg@40': 0.0648} 
2024-10-09 17:36:20.148 | INFO     | trainer_1:_train_one_epoch:209 - test 7 cost time 7.98s, result: {'hit@1': 0.0061, 'ndcg@1': 0.0061, 'hit@5': 0.0263, 'ndcg@5': 0.016, 'hit@10': 0.0468, 'ndcg@10': 0.0225, 'hit@15': 0.0639, 'ndcg@15': 0.027, 'hit@20': 0.0803, 'ndcg@20': 0.0309, 'hit@40': 0.1398, 'ndcg@40': 0.043} 
2024-10-09 17:36:35.523 | INFO     | trainer_1:_train_one_epoch:193 - epoch 8 15.37s Train loss is [0.4972] 
2024-10-09 17:36:43.634 | INFO     | trainer_1:_train_one_epoch:201 - validate 8 cost time 8.11s, result: {'hit@1': 0.012, 'ndcg@1': 0.012, 'hit@5': 0.0435, 'ndcg@5': 0.0276, 'hit@10': 0.074, 'ndcg@10': 0.0374, 'hit@15': 0.101, 'ndcg@15': 0.0445, 'hit@20': 0.1247, 'ndcg@20': 0.0501, 'hit@40': 0.2024, 'ndcg@40': 0.0659} 
2024-10-09 17:36:52.735 | INFO     | trainer_1:_train_one_epoch:209 - test 8 cost time 9.10s, result: {'hit@1': 0.0077, 'ndcg@1': 0.0077, 'hit@5': 0.0262, 'ndcg@5': 0.017, 'hit@10': 0.0463, 'ndcg@10': 0.0234, 'hit@15': 0.0648, 'ndcg@15': 0.0283, 'hit@20': 0.0819, 'ndcg@20': 0.0324, 'hit@40': 0.1426, 'ndcg@40': 0.0447} 
2024-10-09 17:37:05.843 | INFO     | trainer_1:_train_one_epoch:193 - epoch 9 13.11s Train loss is [0.4726] 
2024-10-09 17:37:17.168 | INFO     | trainer_1:_train_one_epoch:201 - validate 9 cost time 11.32s, result: {'hit@1': 0.0108, 'ndcg@1': 0.0108, 'hit@5': 0.0443, 'ndcg@5': 0.0275, 'hit@10': 0.075, 'ndcg@10': 0.0374, 'hit@15': 0.1003, 'ndcg@15': 0.0441, 'hit@20': 0.1242, 'ndcg@20': 0.0498, 'hit@40': 0.2029, 'ndcg@40': 0.0658} 
2024-10-09 17:37:25.824 | INFO     | trainer_1:_train_one_epoch:209 - test 9 cost time 8.66s, result: {'hit@1': 0.0073, 'ndcg@1': 0.0073, 'hit@5': 0.0273, 'ndcg@5': 0.0171, 'hit@10': 0.0458, 'ndcg@10': 0.023, 'hit@15': 0.0629, 'ndcg@15': 0.0275, 'hit@20': 0.0819, 'ndcg@20': 0.032, 'hit@40': 0.14, 'ndcg@40': 0.0438} 
2024-10-09 17:37:40.810 | INFO     | trainer_1:_train_one_epoch:193 - epoch 10 14.99s Train loss is [0.4624] 
2024-10-09 17:37:50.197 | INFO     | trainer_1:_train_one_epoch:201 - validate 10 cost time 9.39s, result: {'hit@1': 0.0113, 'ndcg@1': 0.0113, 'hit@5': 0.0465, 'ndcg@5': 0.0287, 'hit@10': 0.0772, 'ndcg@10': 0.0385, 'hit@15': 0.1049, 'ndcg@15': 0.0458, 'hit@20': 0.1288, 'ndcg@20': 0.0515, 'hit@40': 0.211, 'ndcg@40': 0.0682} 
2024-10-09 17:37:59.166 | INFO     | trainer_1:_train_one_epoch:209 - test 10 cost time 8.97s, result: {'hit@1': 0.0065, 'ndcg@1': 0.0065, 'hit@5': 0.0278, 'ndcg@5': 0.0171, 'hit@10': 0.0483, 'ndcg@10': 0.0237, 'hit@15': 0.0676, 'ndcg@15': 0.0287, 'hit@20': 0.0837, 'ndcg@20': 0.0325, 'hit@40': 0.1437, 'ndcg@40': 0.0448} 
2024-10-09 17:38:31.757 | INFO     | trainer_1:_train_one_epoch:193 - epoch 11 14.24s Train loss is [0.4481] 
2024-10-09 17:38:40.316 | INFO     | trainer_1:_train_one_epoch:201 - validate 11 cost time 8.56s, result: {'hit@1': 0.0109, 'ndcg@1': 0.0109, 'hit@5': 0.0416, 'ndcg@5': 0.0263, 'hit@10': 0.0732, 'ndcg@10': 0.0364, 'hit@15': 0.1016, 'ndcg@15': 0.0439, 'hit@20': 0.126, 'ndcg@20': 0.0497, 'hit@40': 0.203, 'ndcg@40': 0.0653} 
2024-10-09 17:38:49.930 | INFO     | trainer_1:_train_one_epoch:209 - test 11 cost time 9.61s, result: {'hit@1': 0.0059, 'ndcg@1': 0.0059, 'hit@5': 0.0259, 'ndcg@5': 0.0159, 'hit@10': 0.0464, 'ndcg@10': 0.0225, 'hit@15': 0.0647, 'ndcg@15': 0.0274, 'hit@20': 0.0815, 'ndcg@20': 0.0313, 'hit@40': 0.1398, 'ndcg@40': 0.0432} 
2024-10-09 17:39:04.123 | INFO     | trainer_1:_train_one_epoch:193 - epoch 12 14.19s Train loss is [0.4548] 
2024-10-09 17:39:13.973 | INFO     | trainer_1:_train_one_epoch:201 - validate 12 cost time 9.85s, result: {'hit@1': 0.0115, 'ndcg@1': 0.0115, 'hit@5': 0.0428, 'ndcg@5': 0.0272, 'hit@10': 0.0741, 'ndcg@10': 0.0372, 'hit@15': 0.1008, 'ndcg@15': 0.0443, 'hit@20': 0.1265, 'ndcg@20': 0.0503, 'hit@40': 0.2018, 'ndcg@40': 0.0656} 
2024-10-09 17:39:23.085 | INFO     | trainer_1:_train_one_epoch:209 - test 12 cost time 9.11s, result: {'hit@1': 0.0065, 'ndcg@1': 0.0065, 'hit@5': 0.0269, 'ndcg@5': 0.0167, 'hit@10': 0.0475, 'ndcg@10': 0.0233, 'hit@15': 0.0647, 'ndcg@15': 0.0278, 'hit@20': 0.0821, 'ndcg@20': 0.032, 'hit@40': 0.1395, 'ndcg@40': 0.0436} 
2024-10-09 17:39:35.973 | INFO     | trainer_1:_train_one_epoch:193 - epoch 13 12.89s Train loss is [0.4516] 
2024-10-09 17:39:46.711 | INFO     | trainer_1:_train_one_epoch:201 - validate 13 cost time 10.74s, result: {'hit@1': 0.0118, 'ndcg@1': 0.0118, 'hit@5': 0.0469, 'ndcg@5': 0.0293, 'hit@10': 0.0839, 'ndcg@10': 0.0411, 'hit@15': 0.1116, 'ndcg@15': 0.0484, 'hit@20': 0.1386, 'ndcg@20': 0.0547, 'hit@40': 0.2185, 'ndcg@40': 0.0711} 
2024-10-09 17:39:54.021 | INFO     | trainer_1:_train_one_epoch:209 - test 13 cost time 7.31s, result: {'hit@1': 0.0077, 'ndcg@1': 0.0077, 'hit@5': 0.0302, 'ndcg@5': 0.0189, 'hit@10': 0.0518, 'ndcg@10': 0.0258, 'hit@15': 0.0712, 'ndcg@15': 0.0309, 'hit@20': 0.0899, 'ndcg@20': 0.0353, 'hit@40': 0.1522, 'ndcg@40': 0.048} 
2024-10-09 17:40:20.981 | INFO     | trainer_1:_train_one_epoch:193 - epoch 14 12.16s Train loss is [0.4346] 
2024-10-09 17:40:31.213 | INFO     | trainer_1:_train_one_epoch:201 - validate 14 cost time 10.23s, result: {'hit@1': 0.0122, 'ndcg@1': 0.0122, 'hit@5': 0.0488, 'ndcg@5': 0.0305, 'hit@10': 0.0823, 'ndcg@10': 0.0412, 'hit@15': 0.1113, 'ndcg@15': 0.0488, 'hit@20': 0.1392, 'ndcg@20': 0.0554, 'hit@40': 0.2232, 'ndcg@40': 0.0725} 
2024-10-09 17:40:36.780 | INFO     | trainer_1:_train_one_epoch:209 - test 14 cost time 5.57s, result: {'hit@1': 0.0076, 'ndcg@1': 0.0076, 'hit@5': 0.0303, 'ndcg@5': 0.0189, 'hit@10': 0.0532, 'ndcg@10': 0.0263, 'hit@15': 0.0736, 'ndcg@15': 0.0316, 'hit@20': 0.0933, 'ndcg@20': 0.0363, 'hit@40': 0.1553, 'ndcg@40': 0.0489} 
2024-10-09 17:41:05.021 | INFO     | trainer_1:_train_one_epoch:193 - epoch 15 11.83s Train loss is [0.4340] 
2024-10-09 17:41:11.638 | INFO     | trainer_1:_train_one_epoch:201 - validate 15 cost time 6.62s, result: {'hit@1': 0.0123, 'ndcg@1': 0.0123, 'hit@5': 0.0466, 'ndcg@5': 0.0293, 'hit@10': 0.0793, 'ndcg@10': 0.0398, 'hit@15': 0.1066, 'ndcg@15': 0.047, 'hit@20': 0.1313, 'ndcg@20': 0.0528, 'hit@40': 0.2123, 'ndcg@40': 0.0693} 
2024-10-09 17:41:17.562 | INFO     | trainer_1:_train_one_epoch:209 - test 15 cost time 5.92s, result: {'hit@1': 0.0084, 'ndcg@1': 0.0084, 'hit@5': 0.0291, 'ndcg@5': 0.0188, 'hit@10': 0.0511, 'ndcg@10': 0.0258, 'hit@15': 0.0703, 'ndcg@15': 0.0309, 'hit@20': 0.0873, 'ndcg@20': 0.0349, 'hit@40': 0.1498, 'ndcg@40': 0.0476} 
2024-10-09 17:41:31.296 | INFO     | trainer_1:_train_one_epoch:193 - epoch 16 13.73s Train loss is [0.4128] 
2024-10-09 17:41:41.639 | INFO     | trainer_1:_train_one_epoch:201 - validate 16 cost time 10.34s, result: {'hit@1': 0.0134, 'ndcg@1': 0.0134, 'hit@5': 0.0509, 'ndcg@5': 0.032, 'hit@10': 0.0844, 'ndcg@10': 0.0428, 'hit@15': 0.1121, 'ndcg@15': 0.0501, 'hit@20': 0.138, 'ndcg@20': 0.0562, 'hit@40': 0.2214, 'ndcg@40': 0.0732} 
2024-10-09 17:41:51.442 | INFO     | trainer_1:_train_one_epoch:209 - test 16 cost time 9.80s, result: {'hit@1': 0.0098, 'ndcg@1': 0.0098, 'hit@5': 0.0341, 'ndcg@5': 0.0217, 'hit@10': 0.0577, 'ndcg@10': 0.0293, 'hit@15': 0.0757, 'ndcg@15': 0.034, 'hit@20': 0.0938, 'ndcg@20': 0.0383, 'hit@40': 0.1575, 'ndcg@40': 0.0513} 
2024-10-09 17:42:18.836 | INFO     | trainer_1:_train_one_epoch:193 - epoch 17 13.71s Train loss is [0.4137] 
2024-10-09 17:42:29.600 | INFO     | trainer_1:_train_one_epoch:201 - validate 17 cost time 10.76s, result: {'hit@1': 0.014, 'ndcg@1': 0.014, 'hit@5': 0.0515, 'ndcg@5': 0.0325, 'hit@10': 0.0869, 'ndcg@10': 0.0438, 'hit@15': 0.1174, 'ndcg@15': 0.0519, 'hit@20': 0.144, 'ndcg@20': 0.0582, 'hit@40': 0.2304, 'ndcg@40': 0.0758} 
2024-10-09 17:42:39.963 | INFO     | trainer_1:_train_one_epoch:209 - test 17 cost time 10.36s, result: {'hit@1': 0.0093, 'ndcg@1': 0.0093, 'hit@5': 0.035, 'ndcg@5': 0.0222, 'hit@10': 0.0589, 'ndcg@10': 0.0298, 'hit@15': 0.0799, 'ndcg@15': 0.0354, 'hit@20': 0.098, 'ndcg@20': 0.0396, 'hit@40': 0.1643, 'ndcg@40': 0.0531} 
2024-10-09 17:43:06.946 | INFO     | trainer_1:_train_one_epoch:193 - epoch 18 13.43s Train loss is [0.4048] 
2024-10-09 17:43:17.780 | INFO     | trainer_1:_train_one_epoch:201 - validate 18 cost time 10.83s, result: {'hit@1': 0.014, 'ndcg@1': 0.014, 'hit@5': 0.0508, 'ndcg@5': 0.0324, 'hit@10': 0.0854, 'ndcg@10': 0.0435, 'hit@15': 0.1152, 'ndcg@15': 0.0513, 'hit@20': 0.1413, 'ndcg@20': 0.0575, 'hit@40': 0.2274, 'ndcg@40': 0.075} 
2024-10-09 17:43:27.943 | INFO     | trainer_1:_train_one_epoch:209 - test 18 cost time 10.16s, result: {'hit@1': 0.009, 'ndcg@1': 0.009, 'hit@5': 0.0338, 'ndcg@5': 0.0215, 'hit@10': 0.0586, 'ndcg@10': 0.0294, 'hit@15': 0.0778, 'ndcg@15': 0.0344, 'hit@20': 0.0967, 'ndcg@20': 0.0389, 'hit@40': 0.1611, 'ndcg@40': 0.052} 
2024-10-09 17:43:40.437 | INFO     | trainer_1:_train_one_epoch:193 - epoch 19 12.49s Train loss is [0.4039] 
2024-10-09 17:43:51.912 | INFO     | trainer_1:_train_one_epoch:201 - validate 19 cost time 11.47s, result: {'hit@1': 0.0141, 'ndcg@1': 0.0141, 'hit@5': 0.0481, 'ndcg@5': 0.0312, 'hit@10': 0.0824, 'ndcg@10': 0.0422, 'hit@15': 0.1113, 'ndcg@15': 0.0498, 'hit@20': 0.1373, 'ndcg@20': 0.056, 'hit@40': 0.2198, 'ndcg@40': 0.0728} 
2024-10-09 17:44:01.769 | INFO     | trainer_1:_train_one_epoch:209 - test 19 cost time 9.86s, result: {'hit@1': 0.0098, 'ndcg@1': 0.0098, 'hit@5': 0.0326, 'ndcg@5': 0.021, 'hit@10': 0.0566, 'ndcg@10': 0.0286, 'hit@15': 0.0775, 'ndcg@15': 0.0342, 'hit@20': 0.0948, 'ndcg@20': 0.0382, 'hit@40': 0.1559, 'ndcg@40': 0.0507} 
2024-10-09 17:44:12.211 | INFO     | trainer_1:_train_one_epoch:193 - epoch 20 10.44s Train loss is [0.4046] 
2024-10-09 17:44:22.261 | INFO     | trainer_1:_train_one_epoch:201 - validate 20 cost time 10.05s, result: {'hit@1': 0.0148, 'ndcg@1': 0.0148, 'hit@5': 0.0516, 'ndcg@5': 0.0334, 'hit@10': 0.0852, 'ndcg@10': 0.0442, 'hit@15': 0.1128, 'ndcg@15': 0.0515, 'hit@20': 0.1394, 'ndcg@20': 0.0577, 'hit@40': 0.2279, 'ndcg@40': 0.0757} 
2024-10-09 17:44:32.245 | INFO     | trainer_1:_train_one_epoch:209 - test 20 cost time 9.98s, result: {'hit@1': 0.0092, 'ndcg@1': 0.0092, 'hit@5': 0.0357, 'ndcg@5': 0.0225, 'hit@10': 0.0602, 'ndcg@10': 0.0303, 'hit@15': 0.081, 'ndcg@15': 0.0358, 'hit@20': 0.1001, 'ndcg@20': 0.0403, 'hit@40': 0.1644, 'ndcg@40': 0.0534} 
2024-10-09 17:45:08.249 | INFO     | trainer_1:_train_one_epoch:193 - epoch 21 13.14s Train loss is [0.3944] 
2024-10-09 17:45:18.915 | INFO     | trainer_1:_train_one_epoch:201 - validate 21 cost time 10.67s, result: {'hit@1': 0.0145, 'ndcg@1': 0.0145, 'hit@5': 0.0512, 'ndcg@5': 0.033, 'hit@10': 0.0825, 'ndcg@10': 0.043, 'hit@15': 0.1123, 'ndcg@15': 0.0509, 'hit@20': 0.1366, 'ndcg@20': 0.0566, 'hit@40': 0.2231, 'ndcg@40': 0.0742} 
2024-10-09 17:45:29.170 | INFO     | trainer_1:_train_one_epoch:209 - test 21 cost time 10.25s, result: {'hit@1': 0.0102, 'ndcg@1': 0.0102, 'hit@5': 0.0346, 'ndcg@5': 0.0225, 'hit@10': 0.0582, 'ndcg@10': 0.03, 'hit@15': 0.0786, 'ndcg@15': 0.0354, 'hit@20': 0.0959, 'ndcg@20': 0.0395, 'hit@40': 0.1598, 'ndcg@40': 0.0525} 
2024-10-09 17:45:40.968 | INFO     | trainer_1:_train_one_epoch:193 - epoch 22 11.80s Train loss is [0.4028] 
2024-10-09 17:45:51.069 | INFO     | trainer_1:_train_one_epoch:201 - validate 22 cost time 10.10s, result: {'hit@1': 0.0152, 'ndcg@1': 0.0152, 'hit@5': 0.054, 'ndcg@5': 0.0346, 'hit@10': 0.0854, 'ndcg@10': 0.0447, 'hit@15': 0.1151, 'ndcg@15': 0.0526, 'hit@20': 0.1402, 'ndcg@20': 0.0585, 'hit@40': 0.2236, 'ndcg@40': 0.0755} 
2024-10-09 17:46:01.038 | INFO     | trainer_1:_train_one_epoch:209 - test 22 cost time 9.97s, result: {'hit@1': 0.0093, 'ndcg@1': 0.0093, 'hit@5': 0.0351, 'ndcg@5': 0.0221, 'hit@10': 0.0581, 'ndcg@10': 0.0295, 'hit@15': 0.0776, 'ndcg@15': 0.0346, 'hit@20': 0.0962, 'ndcg@20': 0.039, 'hit@40': 0.1591, 'ndcg@40': 0.0518} 
2024-10-09 17:46:15.289 | INFO     | trainer_1:_train_one_epoch:193 - epoch 23 14.25s Train loss is [0.3900] 
2024-10-09 17:46:25.728 | INFO     | trainer_1:_train_one_epoch:201 - validate 23 cost time 10.44s, result: {'hit@1': 0.0154, 'ndcg@1': 0.0154, 'hit@5': 0.0554, 'ndcg@5': 0.0355, 'hit@10': 0.0918, 'ndcg@10': 0.0471, 'hit@15': 0.1212, 'ndcg@15': 0.0549, 'hit@20': 0.1462, 'ndcg@20': 0.0608, 'hit@40': 0.2342, 'ndcg@40': 0.0787} 
2024-10-09 17:46:35.541 | INFO     | trainer_1:_train_one_epoch:209 - test 23 cost time 9.81s, result: {'hit@1': 0.0097, 'ndcg@1': 0.0097, 'hit@5': 0.0359, 'ndcg@5': 0.0227, 'hit@10': 0.0619, 'ndcg@10': 0.031, 'hit@15': 0.0814, 'ndcg@15': 0.0362, 'hit@20': 0.1002, 'ndcg@20': 0.0406, 'hit@40': 0.167, 'ndcg@40': 0.0542} 
2024-10-09 17:47:06.442 | INFO     | trainer_1:_train_one_epoch:193 - epoch 24 14.04s Train loss is [0.3847] 
2024-10-09 17:47:17.404 | INFO     | trainer_1:_train_one_epoch:201 - validate 24 cost time 10.96s, result: {'hit@1': 0.0143, 'ndcg@1': 0.0143, 'hit@5': 0.0523, 'ndcg@5': 0.0334, 'hit@10': 0.0874, 'ndcg@10': 0.0447, 'hit@15': 0.1164, 'ndcg@15': 0.0523, 'hit@20': 0.1406, 'ndcg@20': 0.058, 'hit@40': 0.2256, 'ndcg@40': 0.0753} 
2024-10-09 17:47:28.327 | INFO     | trainer_1:_train_one_epoch:209 - test 24 cost time 10.92s, result: {'hit@1': 0.0097, 'ndcg@1': 0.0097, 'hit@5': 0.0364, 'ndcg@5': 0.0229, 'hit@10': 0.0589, 'ndcg@10': 0.0301, 'hit@15': 0.0787, 'ndcg@15': 0.0354, 'hit@20': 0.0967, 'ndcg@20': 0.0396, 'hit@40': 0.1608, 'ndcg@40': 0.0527} 
2024-10-09 17:47:42.013 | INFO     | trainer_1:_train_one_epoch:193 - epoch 25 13.69s Train loss is [0.3800] 
2024-10-09 17:47:53.173 | INFO     | trainer_1:_train_one_epoch:201 - validate 25 cost time 11.16s, result: {'hit@1': 0.0155, 'ndcg@1': 0.0155, 'hit@5': 0.0573, 'ndcg@5': 0.0366, 'hit@10': 0.093, 'ndcg@10': 0.048, 'hit@15': 0.1234, 'ndcg@15': 0.056, 'hit@20': 0.1517, 'ndcg@20': 0.0627, 'hit@40': 0.2374, 'ndcg@40': 0.0801} 
2024-10-09 17:48:03.674 | INFO     | trainer_1:_train_one_epoch:209 - test 25 cost time 10.50s, result: {'hit@1': 0.011, 'ndcg@1': 0.011, 'hit@5': 0.0383, 'ndcg@5': 0.0246, 'hit@10': 0.0626, 'ndcg@10': 0.0324, 'hit@15': 0.0843, 'ndcg@15': 0.0381, 'hit@20': 0.1047, 'ndcg@20': 0.0429, 'hit@40': 0.1728, 'ndcg@40': 0.0568} 
2024-10-09 17:48:29.672 | INFO     | trainer_1:_train_one_epoch:193 - epoch 26 10.43s Train loss is [0.3747] 
2024-10-09 17:48:39.808 | INFO     | trainer_1:_train_one_epoch:201 - validate 26 cost time 10.14s, result: {'hit@1': 0.0155, 'ndcg@1': 0.0155, 'hit@5': 0.0585, 'ndcg@5': 0.0371, 'hit@10': 0.0948, 'ndcg@10': 0.0487, 'hit@15': 0.124, 'ndcg@15': 0.0564, 'hit@20': 0.1492, 'ndcg@20': 0.0623, 'hit@40': 0.235, 'ndcg@40': 0.0798} 
2024-10-09 17:48:49.675 | INFO     | trainer_1:_train_one_epoch:209 - test 26 cost time 9.87s, result: {'hit@1': 0.0101, 'ndcg@1': 0.0101, 'hit@5': 0.037, 'ndcg@5': 0.0236, 'hit@10': 0.0624, 'ndcg@10': 0.0317, 'hit@15': 0.0845, 'ndcg@15': 0.0376, 'hit@20': 0.1025, 'ndcg@20': 0.0418, 'hit@40': 0.1689, 'ndcg@40': 0.0553} 
2024-10-09 17:48:59.889 | INFO     | trainer_1:_train_one_epoch:193 - epoch 27 10.21s Train loss is [0.3731] 
2024-10-09 17:49:07.456 | INFO     | trainer_1:_train_one_epoch:201 - validate 27 cost time 7.57s, result: {'hit@1': 0.0172, 'ndcg@1': 0.0172, 'hit@5': 0.0591, 'ndcg@5': 0.0383, 'hit@10': 0.095, 'ndcg@10': 0.0498, 'hit@15': 0.1269, 'ndcg@15': 0.0582, 'hit@20': 0.1543, 'ndcg@20': 0.0647, 'hit@40': 0.2395, 'ndcg@40': 0.082} 
2024-10-09 17:49:14.146 | INFO     | trainer_1:_train_one_epoch:209 - test 27 cost time 6.69s, result: {'hit@1': 0.0114, 'ndcg@1': 0.0114, 'hit@5': 0.039, 'ndcg@5': 0.0252, 'hit@10': 0.0648, 'ndcg@10': 0.0335, 'hit@15': 0.0869, 'ndcg@15': 0.0393, 'hit@20': 0.1057, 'ndcg@20': 0.0437, 'hit@40': 0.1726, 'ndcg@40': 0.0573} 
2024-10-09 17:49:41.225 | INFO     | trainer_1:_train_one_epoch:193 - epoch 28 12.76s Train loss is [0.3767] 
2024-10-09 17:49:48.999 | INFO     | trainer_1:_train_one_epoch:201 - validate 28 cost time 7.77s, result: {'hit@1': 0.0158, 'ndcg@1': 0.0158, 'hit@5': 0.0574, 'ndcg@5': 0.0368, 'hit@10': 0.0951, 'ndcg@10': 0.0489, 'hit@15': 0.1265, 'ndcg@15': 0.0572, 'hit@20': 0.1548, 'ndcg@20': 0.0639, 'hit@40': 0.2405, 'ndcg@40': 0.0813} 
2024-10-09 17:49:55.652 | INFO     | trainer_1:_train_one_epoch:209 - test 28 cost time 6.65s, result: {'hit@1': 0.0104, 'ndcg@1': 0.0104, 'hit@5': 0.0373, 'ndcg@5': 0.0238, 'hit@10': 0.0616, 'ndcg@10': 0.0316, 'hit@15': 0.0853, 'ndcg@15': 0.0378, 'hit@20': 0.1053, 'ndcg@20': 0.0425, 'hit@40': 0.1717, 'ndcg@40': 0.056} 
2024-10-09 17:50:09.760 | INFO     | trainer_1:_train_one_epoch:193 - epoch 29 14.11s Train loss is [0.3592] 
2024-10-09 17:50:20.315 | INFO     | trainer_1:_train_one_epoch:201 - validate 29 cost time 10.55s, result: {'hit@1': 0.0166, 'ndcg@1': 0.0166, 'hit@5': 0.0572, 'ndcg@5': 0.0371, 'hit@10': 0.0926, 'ndcg@10': 0.0484, 'hit@15': 0.1219, 'ndcg@15': 0.0562, 'hit@20': 0.1502, 'ndcg@20': 0.0629, 'hit@40': 0.2308, 'ndcg@40': 0.0792} 
2024-10-09 17:50:30.941 | INFO     | trainer_1:_train_one_epoch:209 - test 29 cost time 10.63s, result: {'hit@1': 0.0104, 'ndcg@1': 0.0104, 'hit@5': 0.0362, 'ndcg@5': 0.0233, 'hit@10': 0.0611, 'ndcg@10': 0.0312, 'hit@15': 0.0811, 'ndcg@15': 0.0365, 'hit@20': 0.1005, 'ndcg@20': 0.0411, 'hit@40': 0.165, 'ndcg@40': 0.0542} 
2024-10-09 17:50:44.138 | INFO     | trainer_1:_train_one_epoch:193 - epoch 30 13.20s Train loss is [0.3633] 
2024-10-09 17:50:51.283 | INFO     | trainer_1:_train_one_epoch:201 - validate 30 cost time 7.14s, result: {'hit@1': 0.0166, 'ndcg@1': 0.0166, 'hit@5': 0.056, 'ndcg@5': 0.0363, 'hit@10': 0.0891, 'ndcg@10': 0.0469, 'hit@15': 0.119, 'ndcg@15': 0.0548, 'hit@20': 0.1468, 'ndcg@20': 0.0614, 'hit@40': 0.2344, 'ndcg@40': 0.0792} 
2024-10-09 17:50:58.354 | INFO     | trainer_1:_train_one_epoch:209 - test 30 cost time 7.07s, result: {'hit@1': 0.0105, 'ndcg@1': 0.0105, 'hit@5': 0.0366, 'ndcg@5': 0.0234, 'hit@10': 0.0605, 'ndcg@10': 0.0311, 'hit@15': 0.0818, 'ndcg@15': 0.0367, 'hit@20': 0.1001, 'ndcg@20': 0.041, 'hit@40': 0.1667, 'ndcg@40': 0.0545} 
2024-10-09 17:51:12.824 | INFO     | trainer_1:_train_one_epoch:193 - epoch 31 14.47s Train loss is [0.3549] 
2024-10-09 17:51:22.358 | INFO     | trainer_1:_train_one_epoch:201 - validate 31 cost time 9.53s, result: {'hit@1': 0.0158, 'ndcg@1': 0.0158, 'hit@5': 0.0567, 'ndcg@5': 0.0364, 'hit@10': 0.0938, 'ndcg@10': 0.0483, 'hit@15': 0.1247, 'ndcg@15': 0.0565, 'hit@20': 0.1524, 'ndcg@20': 0.063, 'hit@40': 0.2429, 'ndcg@40': 0.0815} 
2024-10-09 17:51:30.077 | INFO     | trainer_1:_train_one_epoch:209 - test 31 cost time 7.72s, result: {'hit@1': 0.0099, 'ndcg@1': 0.0099, 'hit@5': 0.0374, 'ndcg@5': 0.0236, 'hit@10': 0.0652, 'ndcg@10': 0.0325, 'hit@15': 0.0862, 'ndcg@15': 0.038, 'hit@20': 0.1061, 'ndcg@20': 0.0427, 'hit@40': 0.1729, 'ndcg@40': 0.0562} 
2024-10-09 17:52:02.359 | INFO     | trainer_1:_train_one_epoch:193 - epoch 32 13.90s Train loss is [0.3531] 
2024-10-09 17:52:12.022 | INFO     | trainer_1:_train_one_epoch:201 - validate 32 cost time 9.66s, result: {'hit@1': 0.0178, 'ndcg@1': 0.0178, 'hit@5': 0.059, 'ndcg@5': 0.0386, 'hit@10': 0.0983, 'ndcg@10': 0.0512, 'hit@15': 0.1293, 'ndcg@15': 0.0594, 'hit@20': 0.1577, 'ndcg@20': 0.0661, 'hit@40': 0.2468, 'ndcg@40': 0.0843} 
2024-10-09 17:52:21.386 | INFO     | trainer_1:_train_one_epoch:209 - test 32 cost time 9.36s, result: {'hit@1': 0.0107, 'ndcg@1': 0.0107, 'hit@5': 0.0388, 'ndcg@5': 0.0245, 'hit@10': 0.0642, 'ndcg@10': 0.0327, 'hit@15': 0.0864, 'ndcg@15': 0.0386, 'hit@20': 0.1077, 'ndcg@20': 0.0436, 'hit@40': 0.1741, 'ndcg@40': 0.057} 
2024-10-09 17:52:33.646 | INFO     | trainer_1:_train_one_epoch:193 - epoch 33 12.26s Train loss is [0.3503] 
2024-10-09 17:52:41.619 | INFO     | trainer_1:_train_one_epoch:201 - validate 33 cost time 7.97s, result: {'hit@1': 0.0164, 'ndcg@1': 0.0164, 'hit@5': 0.0593, 'ndcg@5': 0.0379, 'hit@10': 0.0971, 'ndcg@10': 0.05, 'hit@15': 0.1278, 'ndcg@15': 0.0582, 'hit@20': 0.1533, 'ndcg@20': 0.0642, 'hit@40': 0.2403, 'ndcg@40': 0.0819} 
2024-10-09 17:52:51.314 | INFO     | trainer_1:_train_one_epoch:209 - test 33 cost time 9.69s, result: {'hit@1': 0.0111, 'ndcg@1': 0.0111, 'hit@5': 0.0392, 'ndcg@5': 0.0249, 'hit@10': 0.0647, 'ndcg@10': 0.0331, 'hit@15': 0.0863, 'ndcg@15': 0.0388, 'hit@20': 0.1057, 'ndcg@20': 0.0434, 'hit@40': 0.1702, 'ndcg@40': 0.0565} 
2024-10-09 17:53:04.892 | INFO     | trainer_1:_train_one_epoch:193 - epoch 34 13.58s Train loss is [0.3429] 
2024-10-09 17:53:13.148 | INFO     | trainer_1:_train_one_epoch:201 - validate 34 cost time 8.26s, result: {'hit@1': 0.016, 'ndcg@1': 0.016, 'hit@5': 0.0583, 'ndcg@5': 0.0372, 'hit@10': 0.0967, 'ndcg@10': 0.0495, 'hit@15': 0.128, 'ndcg@15': 0.0577, 'hit@20': 0.1554, 'ndcg@20': 0.0642, 'hit@40': 0.2439, 'ndcg@40': 0.0822} 
2024-10-09 17:53:18.777 | INFO     | trainer_1:_train_one_epoch:209 - test 34 cost time 5.63s, result: {'hit@1': 0.0111, 'ndcg@1': 0.0111, 'hit@5': 0.039, 'ndcg@5': 0.025, 'hit@10': 0.0665, 'ndcg@10': 0.0338, 'hit@15': 0.0871, 'ndcg@15': 0.0392, 'hit@20': 0.107, 'ndcg@20': 0.0439, 'hit@40': 0.1721, 'ndcg@40': 0.0571} 
2024-10-09 17:53:52.560 | INFO     | trainer_1:_train_one_epoch:193 - epoch 35 13.69s Train loss is [0.3456] 
2024-10-09 17:54:00.984 | INFO     | trainer_1:_train_one_epoch:201 - validate 35 cost time 8.42s, result: {'hit@1': 0.0173, 'ndcg@1': 0.0173, 'hit@5': 0.0595, 'ndcg@5': 0.0384, 'hit@10': 0.0976, 'ndcg@10': 0.0507, 'hit@15': 0.1282, 'ndcg@15': 0.0587, 'hit@20': 0.1538, 'ndcg@20': 0.0648, 'hit@40': 0.2392, 'ndcg@40': 0.0822} 
2024-10-09 17:54:08.132 | INFO     | trainer_1:_train_one_epoch:209 - test 35 cost time 7.15s, result: {'hit@1': 0.0111, 'ndcg@1': 0.0111, 'hit@5': 0.04, 'ndcg@5': 0.0255, 'hit@10': 0.0669, 'ndcg@10': 0.0341, 'hit@15': 0.0872, 'ndcg@15': 0.0394, 'hit@20': 0.1069, 'ndcg@20': 0.0441, 'hit@40': 0.1684, 'ndcg@40': 0.0565} 
2024-10-09 17:54:41.515 | INFO     | trainer_1:_train_one_epoch:193 - epoch 36 13.71s Train loss is [0.3445] 
2024-10-09 17:54:51.014 | INFO     | trainer_1:_train_one_epoch:201 - validate 36 cost time 9.50s, result: {'hit@1': 0.0166, 'ndcg@1': 0.0166, 'hit@5': 0.0588, 'ndcg@5': 0.0375, 'hit@10': 0.0976, 'ndcg@10': 0.0501, 'hit@15': 0.1296, 'ndcg@15': 0.0585, 'hit@20': 0.1586, 'ndcg@20': 0.0653, 'hit@40': 0.2488, 'ndcg@40': 0.0837} 
2024-10-09 17:54:57.521 | INFO     | trainer_1:_train_one_epoch:209 - test 36 cost time 6.51s, result: {'hit@1': 0.0109, 'ndcg@1': 0.0109, 'hit@5': 0.0397, 'ndcg@5': 0.0254, 'hit@10': 0.0671, 'ndcg@10': 0.0342, 'hit@15': 0.0885, 'ndcg@15': 0.0398, 'hit@20': 0.1081, 'ndcg@20': 0.0444, 'hit@40': 0.1741, 'ndcg@40': 0.0579} 
2024-10-09 17:55:26.007 | INFO     | trainer_1:_train_one_epoch:193 - epoch 37 13.70s Train loss is [0.3556] 
2024-10-09 17:55:36.261 | INFO     | trainer_1:_train_one_epoch:201 - validate 37 cost time 10.25s, result: {'hit@1': 0.0162, 'ndcg@1': 0.0162, 'hit@5': 0.0588, 'ndcg@5': 0.0376, 'hit@10': 0.0975, 'ndcg@10': 0.05, 'hit@15': 0.1288, 'ndcg@15': 0.0582, 'hit@20': 0.156, 'ndcg@20': 0.0647, 'hit@40': 0.2477, 'ndcg@40': 0.0834} 
2024-10-09 17:55:46.148 | INFO     | trainer_1:_train_one_epoch:209 - test 37 cost time 9.89s, result: {'hit@1': 0.0103, 'ndcg@1': 0.0103, 'hit@5': 0.039, 'ndcg@5': 0.0246, 'hit@10': 0.0662, 'ndcg@10': 0.0333, 'hit@15': 0.0875, 'ndcg@15': 0.0389, 'hit@20': 0.1071, 'ndcg@20': 0.0436, 'hit@40': 0.1749, 'ndcg@40': 0.0573} 
2024-10-09 17:55:59.952 | INFO     | trainer_1:_train_one_epoch:193 - epoch 38 13.80s Train loss is [0.3519] 
2024-10-09 17:56:06.825 | INFO     | trainer_1:_train_one_epoch:201 - validate 38 cost time 6.87s, result: {'hit@1': 0.0166, 'ndcg@1': 0.0166, 'hit@5': 0.0594, 'ndcg@5': 0.0381, 'hit@10': 0.097, 'ndcg@10': 0.0502, 'hit@15': 0.1285, 'ndcg@15': 0.0585, 'hit@20': 0.1569, 'ndcg@20': 0.0652, 'hit@40': 0.2464, 'ndcg@40': 0.0834} 
2024-10-09 17:56:13.335 | INFO     | trainer_1:_train_one_epoch:209 - test 38 cost time 6.51s, result: {'hit@1': 0.01, 'ndcg@1': 0.01, 'hit@5': 0.0394, 'ndcg@5': 0.0245, 'hit@10': 0.0654, 'ndcg@10': 0.0329, 'hit@15': 0.0879, 'ndcg@15': 0.0388, 'hit@20': 0.1068, 'ndcg@20': 0.0433, 'hit@40': 0.1708, 'ndcg@40': 0.0563} 
2024-10-09 17:56:27.154 | INFO     | trainer_1:_train_one_epoch:193 - epoch 39 13.82s Train loss is [0.3593] 
2024-10-09 17:56:36.873 | INFO     | trainer_1:_train_one_epoch:201 - validate 39 cost time 9.72s, result: {'hit@1': 0.0173, 'ndcg@1': 0.0173, 'hit@5': 0.0625, 'ndcg@5': 0.0401, 'hit@10': 0.1017, 'ndcg@10': 0.0526, 'hit@15': 0.1334, 'ndcg@15': 0.061, 'hit@20': 0.1626, 'ndcg@20': 0.0679, 'hit@40': 0.2584, 'ndcg@40': 0.0874} 
2024-10-09 17:56:45.501 | INFO     | trainer_1:_train_one_epoch:209 - test 39 cost time 8.63s, result: {'hit@1': 0.0099, 'ndcg@1': 0.0099, 'hit@5': 0.0399, 'ndcg@5': 0.0249, 'hit@10': 0.0671, 'ndcg@10': 0.0336, 'hit@15': 0.0892, 'ndcg@15': 0.0394, 'hit@20': 0.1093, 'ndcg@20': 0.0442, 'hit@40': 0.1785, 'ndcg@40': 0.0582} 
2024-10-09 17:56:58.438 | INFO     | trainer_1:_train_one_epoch:193 - epoch 40 12.94s Train loss is [0.3534] 
2024-10-09 17:57:05.046 | INFO     | trainer_1:_train_one_epoch:201 - validate 40 cost time 6.61s, result: {'hit@1': 0.017, 'ndcg@1': 0.017, 'hit@5': 0.0615, 'ndcg@5': 0.0392, 'hit@10': 0.0997, 'ndcg@10': 0.0514, 'hit@15': 0.1345, 'ndcg@15': 0.0606, 'hit@20': 0.164, 'ndcg@20': 0.0675, 'hit@40': 0.2555, 'ndcg@40': 0.0861} 
2024-10-09 17:57:14.033 | INFO     | trainer_1:_train_one_epoch:209 - test 40 cost time 8.99s, result: {'hit@1': 0.0103, 'ndcg@1': 0.0103, 'hit@5': 0.0399, 'ndcg@5': 0.0251, 'hit@10': 0.0673, 'ndcg@10': 0.0339, 'hit@15': 0.0882, 'ndcg@15': 0.0394, 'hit@20': 0.1084, 'ndcg@20': 0.0442, 'hit@40': 0.1782, 'ndcg@40': 0.0584} 
2024-10-09 17:57:44.287 | INFO     | trainer_1:_train_one_epoch:193 - epoch 41 13.53s Train loss is [0.3496] 
2024-10-09 17:57:51.162 | INFO     | trainer_1:_train_one_epoch:201 - validate 41 cost time 6.87s, result: {'hit@1': 0.0168, 'ndcg@1': 0.0168, 'hit@5': 0.0606, 'ndcg@5': 0.0384, 'hit@10': 0.0993, 'ndcg@10': 0.0508, 'hit@15': 0.1321, 'ndcg@15': 0.0595, 'hit@20': 0.1618, 'ndcg@20': 0.0665, 'hit@40': 0.2573, 'ndcg@40': 0.0859} 
2024-10-09 17:57:59.245 | INFO     | trainer_1:_train_one_epoch:209 - test 41 cost time 8.08s, result: {'hit@1': 0.0103, 'ndcg@1': 0.0103, 'hit@5': 0.0392, 'ndcg@5': 0.0247, 'hit@10': 0.0672, 'ndcg@10': 0.0336, 'hit@15': 0.0892, 'ndcg@15': 0.0394, 'hit@20': 0.1107, 'ndcg@20': 0.0445, 'hit@40': 0.1777, 'ndcg@40': 0.0581} 
2024-10-09 17:58:11.703 | INFO     | trainer_1:_train_one_epoch:193 - epoch 42 12.46s Train loss is [0.3417] 
2024-10-09 17:58:21.119 | INFO     | trainer_1:_train_one_epoch:201 - validate 42 cost time 9.42s, result: {'hit@1': 0.0158, 'ndcg@1': 0.0158, 'hit@5': 0.0582, 'ndcg@5': 0.0371, 'hit@10': 0.0952, 'ndcg@10': 0.049, 'hit@15': 0.1273, 'ndcg@15': 0.0575, 'hit@20': 0.1556, 'ndcg@20': 0.0641, 'hit@40': 0.2457, 'ndcg@40': 0.0825} 
2024-10-09 17:58:28.733 | INFO     | trainer_1:_train_one_epoch:209 - test 42 cost time 7.61s, result: {'hit@1': 0.0107, 'ndcg@1': 0.0107, 'hit@5': 0.0376, 'ndcg@5': 0.0243, 'hit@10': 0.0649, 'ndcg@10': 0.033, 'hit@15': 0.0865, 'ndcg@15': 0.0387, 'hit@20': 0.104, 'ndcg@20': 0.0428, 'hit@40': 0.1697, 'ndcg@40': 0.0562} 
2024-10-09 17:58:40.485 | INFO     | trainer_1:_train_one_epoch:193 - epoch 43 11.75s Train loss is [0.3483] 
2024-10-09 17:58:49.670 | INFO     | trainer_1:_train_one_epoch:201 - validate 43 cost time 9.18s, result: {'hit@1': 0.0154, 'ndcg@1': 0.0154, 'hit@5': 0.0585, 'ndcg@5': 0.037, 'hit@10': 0.0985, 'ndcg@10': 0.0499, 'hit@15': 0.1308, 'ndcg@15': 0.0584, 'hit@20': 0.1613, 'ndcg@20': 0.0656, 'hit@40': 0.2558, 'ndcg@40': 0.0848} 
2024-10-09 17:58:58.193 | INFO     | trainer_1:_train_one_epoch:209 - test 43 cost time 8.52s, result: {'hit@1': 0.0107, 'ndcg@1': 0.0107, 'hit@5': 0.0383, 'ndcg@5': 0.0245, 'hit@10': 0.0648, 'ndcg@10': 0.033, 'hit@15': 0.0874, 'ndcg@15': 0.0389, 'hit@20': 0.1083, 'ndcg@20': 0.0439, 'hit@40': 0.1778, 'ndcg@40': 0.058} 
2024-10-09 17:59:09.828 | INFO     | trainer_1:_train_one_epoch:193 - epoch 44 11.63s Train loss is [0.3430] 
2024-10-09 17:59:16.520 | INFO     | trainer_1:_train_one_epoch:201 - validate 44 cost time 6.69s, result: {'hit@1': 0.0165, 'ndcg@1': 0.0165, 'hit@5': 0.0615, 'ndcg@5': 0.039, 'hit@10': 0.1043, 'ndcg@10': 0.0528, 'hit@15': 0.1394, 'ndcg@15': 0.062, 'hit@20': 0.1692, 'ndcg@20': 0.069, 'hit@40': 0.2641, 'ndcg@40': 0.0884} 
2024-10-09 17:59:23.992 | INFO     | trainer_1:_train_one_epoch:209 - test 44 cost time 7.47s, result: {'hit@1': 0.0119, 'ndcg@1': 0.0119, 'hit@5': 0.0421, 'ndcg@5': 0.0269, 'hit@10': 0.0694, 'ndcg@10': 0.0357, 'hit@15': 0.0942, 'ndcg@15': 0.0422, 'hit@20': 0.1145, 'ndcg@20': 0.047, 'hit@40': 0.1833, 'ndcg@40': 0.061} 
2024-10-09 17:59:46.522 | INFO     | trainer_1:_train_one_epoch:193 - epoch 45 11.39s Train loss is [0.3441] 
2024-10-09 17:59:53.082 | INFO     | trainer_1:_train_one_epoch:201 - validate 45 cost time 6.56s, result: {'hit@1': 0.0172, 'ndcg@1': 0.0172, 'hit@5': 0.0612, 'ndcg@5': 0.0391, 'hit@10': 0.1, 'ndcg@10': 0.0515, 'hit@15': 0.1329, 'ndcg@15': 0.0602, 'hit@20': 0.1606, 'ndcg@20': 0.0667, 'hit@40': 0.2558, 'ndcg@40': 0.0861} 
2024-10-09 18:00:00.070 | INFO     | trainer_1:_train_one_epoch:209 - test 45 cost time 6.99s, result: {'hit@1': 0.0111, 'ndcg@1': 0.0111, 'hit@5': 0.039, 'ndcg@5': 0.0251, 'hit@10': 0.0654, 'ndcg@10': 0.0336, 'hit@15': 0.0863, 'ndcg@15': 0.0391, 'hit@20': 0.1078, 'ndcg@20': 0.0442, 'hit@40': 0.176, 'ndcg@40': 0.058} 
2024-10-09 18:00:11.416 | INFO     | trainer_1:_train_one_epoch:193 - epoch 46 11.35s Train loss is [0.3453] 
2024-10-09 18:00:19.387 | INFO     | trainer_1:_train_one_epoch:201 - validate 46 cost time 7.97s, result: {'hit@1': 0.0161, 'ndcg@1': 0.0161, 'hit@5': 0.0614, 'ndcg@5': 0.0389, 'hit@10': 0.1014, 'ndcg@10': 0.0518, 'hit@15': 0.1349, 'ndcg@15': 0.0606, 'hit@20': 0.1657, 'ndcg@20': 0.0679, 'hit@40': 0.2593, 'ndcg@40': 0.0869} 
2024-10-09 18:00:25.836 | INFO     | trainer_1:_train_one_epoch:209 - test 46 cost time 6.45s, result: {'hit@1': 0.0117, 'ndcg@1': 0.0117, 'hit@5': 0.0398, 'ndcg@5': 0.0256, 'hit@10': 0.0676, 'ndcg@10': 0.0345, 'hit@15': 0.0892, 'ndcg@15': 0.0402, 'hit@20': 0.1094, 'ndcg@20': 0.0449, 'hit@40': 0.1783, 'ndcg@40': 0.0589} 
2024-10-09 18:00:37.409 | INFO     | trainer_1:_train_one_epoch:193 - epoch 47 11.57s Train loss is [0.3396] 
2024-10-09 18:00:45.152 | INFO     | trainer_1:_train_one_epoch:201 - validate 47 cost time 7.74s, result: {'hit@1': 0.0165, 'ndcg@1': 0.0165, 'hit@5': 0.0624, 'ndcg@5': 0.0393, 'hit@10': 0.1043, 'ndcg@10': 0.0528, 'hit@15': 0.1366, 'ndcg@15': 0.0613, 'hit@20': 0.1643, 'ndcg@20': 0.0678, 'hit@40': 0.2585, 'ndcg@40': 0.087} 
2024-10-09 18:00:52.679 | INFO     | trainer_1:_train_one_epoch:209 - test 47 cost time 7.53s, result: {'hit@1': 0.0122, 'ndcg@1': 0.0122, 'hit@5': 0.041, 'ndcg@5': 0.0265, 'hit@10': 0.0688, 'ndcg@10': 0.0354, 'hit@15': 0.09, 'ndcg@15': 0.041, 'hit@20': 0.1117, 'ndcg@20': 0.0461, 'hit@40': 0.1814, 'ndcg@40': 0.0603} 
2024-10-09 18:01:03.987 | INFO     | trainer_1:_train_one_epoch:193 - epoch 48 11.31s Train loss is [0.3373] 
2024-10-09 18:01:10.882 | INFO     | trainer_1:_train_one_epoch:201 - validate 48 cost time 6.89s, result: {'hit@1': 0.0157, 'ndcg@1': 0.0157, 'hit@5': 0.0598, 'ndcg@5': 0.0377, 'hit@10': 0.0997, 'ndcg@10': 0.0505, 'hit@15': 0.1333, 'ndcg@15': 0.0593, 'hit@20': 0.1619, 'ndcg@20': 0.0661, 'hit@40': 0.2561, 'ndcg@40': 0.0853} 
2024-10-09 18:01:18.299 | INFO     | trainer_1:_train_one_epoch:209 - test 48 cost time 7.42s, result: {'hit@1': 0.0115, 'ndcg@1': 0.0115, 'hit@5': 0.0392, 'ndcg@5': 0.0253, 'hit@10': 0.0659, 'ndcg@10': 0.0338, 'hit@15': 0.0881, 'ndcg@15': 0.0396, 'hit@20': 0.1089, 'ndcg@20': 0.0445, 'hit@40': 0.1794, 'ndcg@40': 0.0589} 
2024-10-09 18:01:29.461 | INFO     | trainer_1:_train_one_epoch:193 - epoch 49 11.16s Train loss is [0.3418] 
2024-10-09 18:01:36.856 | INFO     | trainer_1:_train_one_epoch:201 - validate 49 cost time 7.39s, result: {'hit@1': 0.0163, 'ndcg@1': 0.0163, 'hit@5': 0.0621, 'ndcg@5': 0.0392, 'hit@10': 0.1038, 'ndcg@10': 0.0525, 'hit@15': 0.1381, 'ndcg@15': 0.0616, 'hit@20': 0.1692, 'ndcg@20': 0.0689, 'hit@40': 0.2633, 'ndcg@40': 0.088} 
2024-10-09 18:01:43.233 | INFO     | trainer_1:_train_one_epoch:209 - test 49 cost time 6.38s, result: {'hit@1': 0.0118, 'ndcg@1': 0.0118, 'hit@5': 0.0424, 'ndcg@5': 0.0271, 'hit@10': 0.0687, 'ndcg@10': 0.0356, 'hit@15': 0.0903, 'ndcg@15': 0.0413, 'hit@20': 0.1131, 'ndcg@20': 0.0467, 'hit@40': 0.1837, 'ndcg@40': 0.061} 
2024-10-09 18:01:43.244 | INFO     | trainer_1:train_model:163 - training end, best iteration 44, results: {'hit@1': 0.0165, 'ndcg@1': 0.0165, 'hit@5': 0.0615, 'ndcg@5': 0.039, 'hit@10': 0.1043, 'ndcg@10': 0.0528, 'hit@15': 0.1394, 'ndcg@15': 0.062, 'hit@20': 0.1692, 'ndcg@20': 0.069, 'hit@40': 0.2641, 'ndcg@40': 0.0884}
2024-10-09 18:01:43.245 | INFO     | trainer_1:train_model:166 - final test result is:  {'hit@1': 0.0119, 'ndcg@1': 0.0119, 'hit@5': 0.0421, 'ndcg@5': 0.0269, 'hit@10': 0.0694, 'ndcg@10': 0.0357, 'hit@15': 0.0942, 'ndcg@15': 0.0422, 'hit@20': 0.1145, 'ndcg@20': 0.047, 'hit@40': 0.1833, 'ndcg@40': 0.061}
2024-10-09 18:01:43.544 | INFO     | __main__:<module>:119 - train end total cost time: 3969.393454313278
