2024-10-11 03:14:28.883 | INFO     | __main__:<module>:105 - Namespace(TIME='2024-10-11 03_13_56', batch_size=1024, behaviors=['view', 'cart', 'buy'], check_point='model_pre_1_2024-10-08 12_35_44.pth', data_name='beibei', data_path='./data/beibei', decay=0.001, device='cuda:1', dim_qk=32, dim_v=64, distill_layers=2, distill_thres=0.5, distill_topK=60, distill_userK=6, embedding_size=64, epochs=100, gpu_no=1, if_load_model=True, ii_lambda=200, initializer_range=0.02, layers=2, loss_type='bpr', lr=0.001, message_dropout=0.25, metrics=['hit', 'ndcg'], min_epoch=5, model_name='main_1', model_path='./check_point', node_dropout=0.75, omega=1, pt_loop=50, reg_weight=0.001, test_batch_size=1024, testbatch=1024, topk=[1, 5, 10, 15, 20, 40], uu_lambda=100)
2024-10-11 03:14:28.884 | INFO     | __main__:<module>:106 - BIPN(
  (message_dropout): Dropout(p=0.25, inplace=False)
  (user_embedding): Embedding(21717, 64, padding_idx=0)
  (item_embedding): Embedding(7978, 64, padding_idx=0)
  (global_Graph): LightGCN()
  (Graph_encoder): ModuleDict(
    (view): GraphEncoder(
      (light): LightGCN()
      (dropout): Dropout(p=0.75, inplace=False)
    )
    (cart): GraphEncoder(
      (light): LightGCN()
      (dropout): Dropout(p=0.75, inplace=False)
    )
    (buy): GraphEncoder(
      (light): LightGCN()
      (dropout): Dropout(p=0.75, inplace=False)
    )
  )
  (attention): Mutual_Attention()
  (bpr_loss): BPRLoss()
  (emb_loss): EmbLoss()
  (f): Sigmoid()
)
2024-10-11 03:33:01.439 | INFO     | trainer_1:_train_one_epoch:193 - epoch 1 8.78s Train loss is [0.9441] 
2024-10-11 03:33:08.263 | INFO     | trainer_1:_train_one_epoch:201 - validate 1 cost time 6.82s, result: {'hit@1': 0.0047, 'ndcg@1': 0.0047, 'hit@5': 0.0233, 'ndcg@5': 0.0141, 'hit@10': 0.0449, 'ndcg@10': 0.021, 'hit@15': 0.0635, 'ndcg@15': 0.026, 'hit@20': 0.0818, 'ndcg@20': 0.0303, 'hit@40': 0.1409, 'ndcg@40': 0.0423} 
2024-10-11 03:33:16.136 | INFO     | trainer_1:_train_one_epoch:209 - test 1 cost time 7.87s, result: {'hit@1': 0.0032, 'ndcg@1': 0.0032, 'hit@5': 0.0149, 'ndcg@5': 0.0089, 'hit@10': 0.029, 'ndcg@10': 0.0134, 'hit@15': 0.0436, 'ndcg@15': 0.0173, 'hit@20': 0.0571, 'ndcg@20': 0.0205, 'hit@40': 0.1064, 'ndcg@40': 0.0305} 
2024-10-11 03:33:34.053 | INFO     | trainer_1:_train_one_epoch:193 - epoch 2 7.68s Train loss is [0.7246] 
2024-10-11 03:33:40.582 | INFO     | trainer_1:_train_one_epoch:201 - validate 2 cost time 6.53s, result: {'hit@1': 0.0071, 'ndcg@1': 0.0071, 'hit@5': 0.0291, 'ndcg@5': 0.0179, 'hit@10': 0.0509, 'ndcg@10': 0.0248, 'hit@15': 0.0713, 'ndcg@15': 0.0302, 'hit@20': 0.0904, 'ndcg@20': 0.0347, 'hit@40': 0.1551, 'ndcg@40': 0.0479} 
2024-10-11 03:33:46.821 | INFO     | trainer_1:_train_one_epoch:209 - test 2 cost time 6.24s, result: {'hit@1': 0.0041, 'ndcg@1': 0.0041, 'hit@5': 0.0187, 'ndcg@5': 0.0112, 'hit@10': 0.0353, 'ndcg@10': 0.0164, 'hit@15': 0.0502, 'ndcg@15': 0.0204, 'hit@20': 0.0641, 'ndcg@20': 0.0237, 'hit@40': 0.1151, 'ndcg@40': 0.034} 
2024-10-11 03:34:05.839 | INFO     | trainer_1:_train_one_epoch:193 - epoch 3 8.24s Train loss is [0.6292] 
2024-10-11 03:34:12.564 | INFO     | trainer_1:_train_one_epoch:201 - validate 3 cost time 6.72s, result: {'hit@1': 0.01, 'ndcg@1': 0.01, 'hit@5': 0.0334, 'ndcg@5': 0.0215, 'hit@10': 0.0597, 'ndcg@10': 0.0299, 'hit@15': 0.0837, 'ndcg@15': 0.0362, 'hit@20': 0.1052, 'ndcg@20': 0.0413, 'hit@40': 0.1768, 'ndcg@40': 0.0558} 
2024-10-11 03:34:18.701 | INFO     | trainer_1:_train_one_epoch:209 - test 3 cost time 6.14s, result: {'hit@1': 0.0049, 'ndcg@1': 0.0049, 'hit@5': 0.0225, 'ndcg@5': 0.0136, 'hit@10': 0.0401, 'ndcg@10': 0.0192, 'hit@15': 0.0584, 'ndcg@15': 0.024, 'hit@20': 0.073, 'ndcg@20': 0.0275, 'hit@40': 0.1277, 'ndcg@40': 0.0386} 
2024-10-11 03:34:37.126 | INFO     | trainer_1:_train_one_epoch:193 - epoch 4 8.00s Train loss is [0.5787] 
2024-10-11 03:34:44.037 | INFO     | trainer_1:_train_one_epoch:201 - validate 4 cost time 6.91s, result: {'hit@1': 0.0103, 'ndcg@1': 0.0103, 'hit@5': 0.0375, 'ndcg@5': 0.0235, 'hit@10': 0.0683, 'ndcg@10': 0.0334, 'hit@15': 0.0959, 'ndcg@15': 0.0407, 'hit@20': 0.1183, 'ndcg@20': 0.0459, 'hit@40': 0.197, 'ndcg@40': 0.062} 
2024-10-11 03:34:49.029 | INFO     | trainer_1:_train_one_epoch:209 - test 4 cost time 4.99s, result: {'hit@1': 0.0057, 'ndcg@1': 0.0057, 'hit@5': 0.0245, 'ndcg@5': 0.0149, 'hit@10': 0.0426, 'ndcg@10': 0.0207, 'hit@15': 0.0638, 'ndcg@15': 0.0263, 'hit@20': 0.0818, 'ndcg@20': 0.0305, 'hit@40': 0.1404, 'ndcg@40': 0.0424} 
2024-10-11 03:35:08.459 | INFO     | trainer_1:_train_one_epoch:193 - epoch 5 8.58s Train loss is [0.5449] 
2024-10-11 03:35:16.332 | INFO     | trainer_1:_train_one_epoch:201 - validate 5 cost time 7.87s, result: {'hit@1': 0.0121, 'ndcg@1': 0.0121, 'hit@5': 0.0433, 'ndcg@5': 0.0274, 'hit@10': 0.0735, 'ndcg@10': 0.0371, 'hit@15': 0.0987, 'ndcg@15': 0.0437, 'hit@20': 0.1222, 'ndcg@20': 0.0493, 'hit@40': 0.1955, 'ndcg@40': 0.0642} 
2024-10-11 03:35:23.989 | INFO     | trainer_1:_train_one_epoch:209 - test 5 cost time 7.66s, result: {'hit@1': 0.0057, 'ndcg@1': 0.0057, 'hit@5': 0.0255, 'ndcg@5': 0.0154, 'hit@10': 0.0454, 'ndcg@10': 0.0218, 'hit@15': 0.0636, 'ndcg@15': 0.0267, 'hit@20': 0.079, 'ndcg@20': 0.0303, 'hit@40': 0.1345, 'ndcg@40': 0.0416} 
2024-10-11 03:35:43.954 | INFO     | trainer_1:_train_one_epoch:193 - epoch 6 9.48s Train loss is [0.5259] 
2024-10-11 03:35:52.037 | INFO     | trainer_1:_train_one_epoch:201 - validate 6 cost time 8.08s, result: {'hit@1': 0.0119, 'ndcg@1': 0.0119, 'hit@5': 0.0435, 'ndcg@5': 0.0275, 'hit@10': 0.0739, 'ndcg@10': 0.0373, 'hit@15': 0.1031, 'ndcg@15': 0.045, 'hit@20': 0.1263, 'ndcg@20': 0.0504, 'hit@40': 0.208, 'ndcg@40': 0.0671} 
2024-10-11 03:35:59.738 | INFO     | trainer_1:_train_one_epoch:209 - test 6 cost time 7.70s, result: {'hit@1': 0.0062, 'ndcg@1': 0.0062, 'hit@5': 0.0275, 'ndcg@5': 0.0166, 'hit@10': 0.0493, 'ndcg@10': 0.0236, 'hit@15': 0.0679, 'ndcg@15': 0.0285, 'hit@20': 0.0866, 'ndcg@20': 0.0329, 'hit@40': 0.147, 'ndcg@40': 0.0452} 
2024-10-11 03:36:19.374 | INFO     | trainer_1:_train_one_epoch:193 - epoch 7 9.00s Train loss is [0.5042] 
2024-10-11 03:36:27.519 | INFO     | trainer_1:_train_one_epoch:201 - validate 7 cost time 8.14s, result: {'hit@1': 0.0117, 'ndcg@1': 0.0117, 'hit@5': 0.0447, 'ndcg@5': 0.0281, 'hit@10': 0.0746, 'ndcg@10': 0.0377, 'hit@15': 0.1036, 'ndcg@15': 0.0453, 'hit@20': 0.1267, 'ndcg@20': 0.0508, 'hit@40': 0.2028, 'ndcg@40': 0.0663} 
2024-10-11 03:36:35.423 | INFO     | trainer_1:_train_one_epoch:209 - test 7 cost time 7.90s, result: {'hit@1': 0.0075, 'ndcg@1': 0.0075, 'hit@5': 0.0272, 'ndcg@5': 0.0172, 'hit@10': 0.0485, 'ndcg@10': 0.024, 'hit@15': 0.067, 'ndcg@15': 0.0289, 'hit@20': 0.0838, 'ndcg@20': 0.0329, 'hit@40': 0.1429, 'ndcg@40': 0.0449} 
2024-10-11 03:36:43.281 | INFO     | trainer_1:_train_one_epoch:193 - epoch 8 7.86s Train loss is [0.5071] 
2024-10-11 03:36:49.501 | INFO     | trainer_1:_train_one_epoch:201 - validate 8 cost time 6.22s, result: {'hit@1': 0.0124, 'ndcg@1': 0.0124, 'hit@5': 0.045, 'ndcg@5': 0.0286, 'hit@10': 0.0757, 'ndcg@10': 0.0384, 'hit@15': 0.1007, 'ndcg@15': 0.045, 'hit@20': 0.1235, 'ndcg@20': 0.0504, 'hit@40': 0.1977, 'ndcg@40': 0.0655} 
2024-10-11 03:36:55.623 | INFO     | trainer_1:_train_one_epoch:209 - test 8 cost time 6.12s, result: {'hit@1': 0.0078, 'ndcg@1': 0.0078, 'hit@5': 0.0277, 'ndcg@5': 0.0176, 'hit@10': 0.0478, 'ndcg@10': 0.024, 'hit@15': 0.0659, 'ndcg@15': 0.0288, 'hit@20': 0.0823, 'ndcg@20': 0.0327, 'hit@40': 0.1387, 'ndcg@40': 0.0441} 
2024-10-11 03:37:03.781 | INFO     | trainer_1:_train_one_epoch:193 - epoch 9 8.16s Train loss is [0.4910] 
2024-10-11 03:37:11.674 | INFO     | trainer_1:_train_one_epoch:201 - validate 9 cost time 7.89s, result: {'hit@1': 0.0105, 'ndcg@1': 0.0105, 'hit@5': 0.0465, 'ndcg@5': 0.0285, 'hit@10': 0.0809, 'ndcg@10': 0.0395, 'hit@15': 0.1107, 'ndcg@15': 0.0474, 'hit@20': 0.1377, 'ndcg@20': 0.0538, 'hit@40': 0.2226, 'ndcg@40': 0.071} 
2024-10-11 03:37:19.527 | INFO     | trainer_1:_train_one_epoch:209 - test 9 cost time 7.85s, result: {'hit@1': 0.007, 'ndcg@1': 0.007, 'hit@5': 0.0302, 'ndcg@5': 0.0187, 'hit@10': 0.0525, 'ndcg@10': 0.0258, 'hit@15': 0.0718, 'ndcg@15': 0.0309, 'hit@20': 0.0916, 'ndcg@20': 0.0356, 'hit@40': 0.1583, 'ndcg@40': 0.0492} 
2024-10-11 03:37:38.792 | INFO     | trainer_1:_train_one_epoch:193 - epoch 10 8.53s Train loss is [0.4774] 
2024-10-11 03:37:46.796 | INFO     | trainer_1:_train_one_epoch:201 - validate 10 cost time 8.00s, result: {'hit@1': 0.0119, 'ndcg@1': 0.0119, 'hit@5': 0.0453, 'ndcg@5': 0.0286, 'hit@10': 0.0787, 'ndcg@10': 0.0393, 'hit@15': 0.1062, 'ndcg@15': 0.0465, 'hit@20': 0.1288, 'ndcg@20': 0.0519, 'hit@40': 0.2043, 'ndcg@40': 0.0672} 
2024-10-11 03:37:54.385 | INFO     | trainer_1:_train_one_epoch:209 - test 10 cost time 7.59s, result: {'hit@1': 0.0067, 'ndcg@1': 0.0067, 'hit@5': 0.0304, 'ndcg@5': 0.0184, 'hit@10': 0.0497, 'ndcg@10': 0.0246, 'hit@15': 0.0686, 'ndcg@15': 0.0296, 'hit@20': 0.0868, 'ndcg@20': 0.0339, 'hit@40': 0.1444, 'ndcg@40': 0.0456} 
2024-10-11 03:38:03.415 | INFO     | trainer_1:_train_one_epoch:193 - epoch 11 9.03s Train loss is [0.4828] 
2024-10-11 03:38:09.054 | INFO     | trainer_1:_train_one_epoch:201 - validate 11 cost time 5.64s, result: {'hit@1': 0.0111, 'ndcg@1': 0.0111, 'hit@5': 0.0449, 'ndcg@5': 0.0278, 'hit@10': 0.0793, 'ndcg@10': 0.0388, 'hit@15': 0.1085, 'ndcg@15': 0.0465, 'hit@20': 0.1334, 'ndcg@20': 0.0524, 'hit@40': 0.2108, 'ndcg@40': 0.0681} 
2024-10-11 03:38:15.015 | INFO     | trainer_1:_train_one_epoch:209 - test 11 cost time 5.96s, result: {'hit@1': 0.0063, 'ndcg@1': 0.0063, 'hit@5': 0.0297, 'ndcg@5': 0.0178, 'hit@10': 0.0527, 'ndcg@10': 0.0252, 'hit@15': 0.0721, 'ndcg@15': 0.0303, 'hit@20': 0.0902, 'ndcg@20': 0.0346, 'hit@40': 0.1502, 'ndcg@40': 0.0468} 
2024-10-11 03:38:39.740 | INFO     | trainer_1:_train_one_epoch:193 - epoch 12 11.45s Train loss is [0.4659] 
2024-10-11 03:38:46.493 | INFO     | trainer_1:_train_one_epoch:201 - validate 12 cost time 6.75s, result: {'hit@1': 0.011, 'ndcg@1': 0.011, 'hit@5': 0.0438, 'ndcg@5': 0.0271, 'hit@10': 0.077, 'ndcg@10': 0.0377, 'hit@15': 0.1048, 'ndcg@15': 0.0451, 'hit@20': 0.127, 'ndcg@20': 0.0503, 'hit@40': 0.2047, 'ndcg@40': 0.0661} 
2024-10-11 03:38:52.465 | INFO     | trainer_1:_train_one_epoch:209 - test 12 cost time 5.97s, result: {'hit@1': 0.0064, 'ndcg@1': 0.0064, 'hit@5': 0.0289, 'ndcg@5': 0.0175, 'hit@10': 0.0523, 'ndcg@10': 0.0249, 'hit@15': 0.0721, 'ndcg@15': 0.0302, 'hit@20': 0.0894, 'ndcg@20': 0.0342, 'hit@40': 0.1482, 'ndcg@40': 0.0462} 
2024-10-11 03:39:03.840 | INFO     | trainer_1:_train_one_epoch:193 - epoch 13 11.37s Train loss is [0.4451] 
2024-10-11 03:39:11.839 | INFO     | trainer_1:_train_one_epoch:201 - validate 13 cost time 8.00s, result: {'hit@1': 0.0111, 'ndcg@1': 0.0111, 'hit@5': 0.044, 'ndcg@5': 0.0273, 'hit@10': 0.0804, 'ndcg@10': 0.0389, 'hit@15': 0.1099, 'ndcg@15': 0.0467, 'hit@20': 0.1354, 'ndcg@20': 0.0527, 'hit@40': 0.2201, 'ndcg@40': 0.0699} 
2024-10-11 03:39:19.508 | INFO     | trainer_1:_train_one_epoch:209 - test 13 cost time 7.67s, result: {'hit@1': 0.0064, 'ndcg@1': 0.0064, 'hit@5': 0.0303, 'ndcg@5': 0.018, 'hit@10': 0.0527, 'ndcg@10': 0.0252, 'hit@15': 0.0725, 'ndcg@15': 0.0304, 'hit@20': 0.0902, 'ndcg@20': 0.0346, 'hit@40': 0.1535, 'ndcg@40': 0.0475} 
2024-10-11 03:39:30.788 | INFO     | trainer_1:_train_one_epoch:193 - epoch 14 11.28s Train loss is [0.4456] 
2024-10-11 03:39:37.397 | INFO     | trainer_1:_train_one_epoch:201 - validate 14 cost time 6.61s, result: {'hit@1': 0.0118, 'ndcg@1': 0.0118, 'hit@5': 0.0441, 'ndcg@5': 0.0279, 'hit@10': 0.0793, 'ndcg@10': 0.0391, 'hit@15': 0.1073, 'ndcg@15': 0.0466, 'hit@20': 0.1314, 'ndcg@20': 0.0522, 'hit@40': 0.212, 'ndcg@40': 0.0687} 
2024-10-11 03:39:45.230 | INFO     | trainer_1:_train_one_epoch:209 - test 14 cost time 7.83s, result: {'hit@1': 0.0075, 'ndcg@1': 0.0075, 'hit@5': 0.0301, 'ndcg@5': 0.0187, 'hit@10': 0.0525, 'ndcg@10': 0.0258, 'hit@15': 0.0725, 'ndcg@15': 0.0311, 'hit@20': 0.0903, 'ndcg@20': 0.0353, 'hit@40': 0.1508, 'ndcg@40': 0.0476} 
2024-10-11 03:39:56.491 | INFO     | trainer_1:_train_one_epoch:193 - epoch 15 11.26s Train loss is [0.4345] 
2024-10-11 03:40:03.871 | INFO     | trainer_1:_train_one_epoch:201 - validate 15 cost time 7.38s, result: {'hit@1': 0.0107, 'ndcg@1': 0.0107, 'hit@5': 0.0442, 'ndcg@5': 0.0273, 'hit@10': 0.0743, 'ndcg@10': 0.037, 'hit@15': 0.1015, 'ndcg@15': 0.0441, 'hit@20': 0.1292, 'ndcg@20': 0.0507, 'hit@40': 0.2101, 'ndcg@40': 0.0672} 
2024-10-11 03:40:09.813 | INFO     | trainer_1:_train_one_epoch:209 - test 15 cost time 5.94s, result: {'hit@1': 0.0078, 'ndcg@1': 0.0078, 'hit@5': 0.0306, 'ndcg@5': 0.0189, 'hit@10': 0.0531, 'ndcg@10': 0.0261, 'hit@15': 0.0734, 'ndcg@15': 0.0315, 'hit@20': 0.0897, 'ndcg@20': 0.0353, 'hit@40': 0.1482, 'ndcg@40': 0.0472} 
2024-10-11 03:40:32.151 | INFO     | trainer_1:_train_one_epoch:193 - epoch 16 11.38s Train loss is [0.4398] 
2024-10-11 03:40:39.122 | INFO     | trainer_1:_train_one_epoch:201 - validate 16 cost time 6.97s, result: {'hit@1': 0.0114, 'ndcg@1': 0.0114, 'hit@5': 0.0469, 'ndcg@5': 0.0291, 'hit@10': 0.0789, 'ndcg@10': 0.0393, 'hit@15': 0.1066, 'ndcg@15': 0.0466, 'hit@20': 0.1323, 'ndcg@20': 0.0527, 'hit@40': 0.2102, 'ndcg@40': 0.0685} 
2024-10-11 03:40:44.072 | INFO     | trainer_1:_train_one_epoch:209 - test 16 cost time 4.95s, result: {'hit@1': 0.0076, 'ndcg@1': 0.0076, 'hit@5': 0.032, 'ndcg@5': 0.0196, 'hit@10': 0.0545, 'ndcg@10': 0.0268, 'hit@15': 0.0757, 'ndcg@15': 0.0324, 'hit@20': 0.0916, 'ndcg@20': 0.0362, 'hit@40': 0.1504, 'ndcg@40': 0.0481} 
2024-10-11 03:41:06.766 | INFO     | trainer_1:_train_one_epoch:193 - epoch 17 11.57s Train loss is [0.4325] 
2024-10-11 03:41:14.906 | INFO     | trainer_1:_train_one_epoch:201 - validate 17 cost time 8.14s, result: {'hit@1': 0.0118, 'ndcg@1': 0.0118, 'hit@5': 0.046, 'ndcg@5': 0.0287, 'hit@10': 0.0786, 'ndcg@10': 0.039, 'hit@15': 0.1063, 'ndcg@15': 0.0463, 'hit@20': 0.1312, 'ndcg@20': 0.0522, 'hit@40': 0.2115, 'ndcg@40': 0.0686} 
2024-10-11 03:41:22.684 | INFO     | trainer_1:_train_one_epoch:209 - test 17 cost time 7.78s, result: {'hit@1': 0.0081, 'ndcg@1': 0.0081, 'hit@5': 0.0305, 'ndcg@5': 0.0193, 'hit@10': 0.0534, 'ndcg@10': 0.0266, 'hit@15': 0.0723, 'ndcg@15': 0.0316, 'hit@20': 0.0898, 'ndcg@20': 0.0358, 'hit@40': 0.1537, 'ndcg@40': 0.0487} 
2024-10-11 03:41:34.837 | INFO     | trainer_1:_train_one_epoch:193 - epoch 18 12.15s Train loss is [0.4128] 
2024-10-11 03:41:41.447 | INFO     | trainer_1:_train_one_epoch:201 - validate 18 cost time 6.61s, result: {'hit@1': 0.0129, 'ndcg@1': 0.0129, 'hit@5': 0.0493, 'ndcg@5': 0.0311, 'hit@10': 0.0828, 'ndcg@10': 0.0419, 'hit@15': 0.1096, 'ndcg@15': 0.0489, 'hit@20': 0.1342, 'ndcg@20': 0.0547, 'hit@40': 0.2128, 'ndcg@40': 0.0707} 
2024-10-11 03:41:49.302 | INFO     | trainer_1:_train_one_epoch:209 - test 18 cost time 7.85s, result: {'hit@1': 0.008, 'ndcg@1': 0.008, 'hit@5': 0.0322, 'ndcg@5': 0.0201, 'hit@10': 0.0551, 'ndcg@10': 0.0275, 'hit@15': 0.0754, 'ndcg@15': 0.0329, 'hit@20': 0.0923, 'ndcg@20': 0.0369, 'hit@40': 0.1521, 'ndcg@40': 0.0491} 
2024-10-11 03:42:11.899 | INFO     | trainer_1:_train_one_epoch:193 - epoch 19 11.82s Train loss is [0.4152] 
2024-10-11 03:42:19.188 | INFO     | trainer_1:_train_one_epoch:201 - validate 19 cost time 7.29s, result: {'hit@1': 0.0128, 'ndcg@1': 0.0128, 'hit@5': 0.0501, 'ndcg@5': 0.0314, 'hit@10': 0.0856, 'ndcg@10': 0.0428, 'hit@15': 0.1159, 'ndcg@15': 0.0508, 'hit@20': 0.1412, 'ndcg@20': 0.0568, 'hit@40': 0.2223, 'ndcg@40': 0.0733} 
2024-10-11 03:42:27.112 | INFO     | trainer_1:_train_one_epoch:209 - test 19 cost time 7.92s, result: {'hit@1': 0.008, 'ndcg@1': 0.008, 'hit@5': 0.0338, 'ndcg@5': 0.0209, 'hit@10': 0.0568, 'ndcg@10': 0.0283, 'hit@15': 0.0783, 'ndcg@15': 0.0339, 'hit@20': 0.0956, 'ndcg@20': 0.038, 'hit@40': 0.1573, 'ndcg@40': 0.0505} 
2024-10-11 03:42:49.457 | INFO     | trainer_1:_train_one_epoch:193 - epoch 20 11.68s Train loss is [0.4041] 
2024-10-11 03:42:57.166 | INFO     | trainer_1:_train_one_epoch:201 - validate 20 cost time 7.71s, result: {'hit@1': 0.0132, 'ndcg@1': 0.0132, 'hit@5': 0.0502, 'ndcg@5': 0.0315, 'hit@10': 0.0846, 'ndcg@10': 0.0426, 'hit@15': 0.1094, 'ndcg@15': 0.0491, 'hit@20': 0.1341, 'ndcg@20': 0.055, 'hit@40': 0.2162, 'ndcg@40': 0.0717} 
2024-10-11 03:43:05.184 | INFO     | trainer_1:_train_one_epoch:209 - test 20 cost time 8.02s, result: {'hit@1': 0.0083, 'ndcg@1': 0.0083, 'hit@5': 0.0331, 'ndcg@5': 0.0207, 'hit@10': 0.0559, 'ndcg@10': 0.028, 'hit@15': 0.075, 'ndcg@15': 0.033, 'hit@20': 0.0929, 'ndcg@20': 0.0372, 'hit@40': 0.1521, 'ndcg@40': 0.0492} 
2024-10-11 03:43:16.870 | INFO     | trainer_1:_train_one_epoch:193 - epoch 21 11.69s Train loss is [0.3961] 
2024-10-11 03:43:23.068 | INFO     | trainer_1:_train_one_epoch:201 - validate 21 cost time 6.20s, result: {'hit@1': 0.014, 'ndcg@1': 0.014, 'hit@5': 0.0501, 'ndcg@5': 0.032, 'hit@10': 0.0848, 'ndcg@10': 0.0431, 'hit@15': 0.1139, 'ndcg@15': 0.0508, 'hit@20': 0.1387, 'ndcg@20': 0.0567, 'hit@40': 0.2202, 'ndcg@40': 0.0733} 
2024-10-11 03:43:28.981 | INFO     | trainer_1:_train_one_epoch:209 - test 21 cost time 5.91s, result: {'hit@1': 0.0095, 'ndcg@1': 0.0095, 'hit@5': 0.033, 'ndcg@5': 0.0212, 'hit@10': 0.0568, 'ndcg@10': 0.0289, 'hit@15': 0.0759, 'ndcg@15': 0.0339, 'hit@20': 0.0947, 'ndcg@20': 0.0383, 'hit@40': 0.1553, 'ndcg@40': 0.0507} 
2024-10-11 03:43:40.239 | INFO     | trainer_1:_train_one_epoch:193 - epoch 22 11.26s Train loss is [0.4015] 
2024-10-11 03:43:48.386 | INFO     | trainer_1:_train_one_epoch:201 - validate 22 cost time 8.15s, result: {'hit@1': 0.0137, 'ndcg@1': 0.0137, 'hit@5': 0.0524, 'ndcg@5': 0.0331, 'hit@10': 0.0896, 'ndcg@10': 0.045, 'hit@15': 0.1194, 'ndcg@15': 0.0529, 'hit@20': 0.1449, 'ndcg@20': 0.0589, 'hit@40': 0.2315, 'ndcg@40': 0.0765} 
2024-10-11 03:43:56.182 | INFO     | trainer_1:_train_one_epoch:209 - test 22 cost time 7.80s, result: {'hit@1': 0.0093, 'ndcg@1': 0.0093, 'hit@5': 0.0361, 'ndcg@5': 0.0226, 'hit@10': 0.0602, 'ndcg@10': 0.0303, 'hit@15': 0.0815, 'ndcg@15': 0.0359, 'hit@20': 0.099, 'ndcg@20': 0.0401, 'hit@40': 0.1632, 'ndcg@40': 0.0531} 
2024-10-11 03:44:18.279 | INFO     | trainer_1:_train_one_epoch:193 - epoch 23 11.23s Train loss is [0.3871] 
2024-10-11 03:44:26.446 | INFO     | trainer_1:_train_one_epoch:201 - validate 23 cost time 8.17s, result: {'hit@1': 0.0127, 'ndcg@1': 0.0127, 'hit@5': 0.0479, 'ndcg@5': 0.0301, 'hit@10': 0.0828, 'ndcg@10': 0.0412, 'hit@15': 0.1113, 'ndcg@15': 0.0488, 'hit@20': 0.1364, 'ndcg@20': 0.0547, 'hit@40': 0.2194, 'ndcg@40': 0.0716} 
2024-10-11 03:44:34.443 | INFO     | trainer_1:_train_one_epoch:209 - test 23 cost time 8.00s, result: {'hit@1': 0.0089, 'ndcg@1': 0.0089, 'hit@5': 0.0316, 'ndcg@5': 0.0202, 'hit@10': 0.0537, 'ndcg@10': 0.0273, 'hit@15': 0.0747, 'ndcg@15': 0.0329, 'hit@20': 0.0928, 'ndcg@20': 0.0371, 'hit@40': 0.1573, 'ndcg@40': 0.0502} 
2024-10-11 03:44:45.959 | INFO     | trainer_1:_train_one_epoch:193 - epoch 24 11.52s Train loss is [0.3830] 
2024-10-11 03:44:52.668 | INFO     | trainer_1:_train_one_epoch:201 - validate 24 cost time 6.71s, result: {'hit@1': 0.0141, 'ndcg@1': 0.0141, 'hit@5': 0.0501, 'ndcg@5': 0.0321, 'hit@10': 0.0835, 'ndcg@10': 0.0428, 'hit@15': 0.1107, 'ndcg@15': 0.05, 'hit@20': 0.1363, 'ndcg@20': 0.056, 'hit@40': 0.2163, 'ndcg@40': 0.0724} 
2024-10-11 03:45:00.663 | INFO     | trainer_1:_train_one_epoch:209 - test 24 cost time 7.99s, result: {'hit@1': 0.0088, 'ndcg@1': 0.0088, 'hit@5': 0.0333, 'ndcg@5': 0.0212, 'hit@10': 0.0553, 'ndcg@10': 0.0282, 'hit@15': 0.0751, 'ndcg@15': 0.0334, 'hit@20': 0.0928, 'ndcg@20': 0.0376, 'hit@40': 0.1546, 'ndcg@40': 0.0502} 
2024-10-11 03:45:11.618 | INFO     | trainer_1:_train_one_epoch:193 - epoch 25 10.95s Train loss is [0.3808] 
2024-10-11 03:45:18.840 | INFO     | trainer_1:_train_one_epoch:201 - validate 25 cost time 7.22s, result: {'hit@1': 0.0134, 'ndcg@1': 0.0134, 'hit@5': 0.0559, 'ndcg@5': 0.0346, 'hit@10': 0.0918, 'ndcg@10': 0.0461, 'hit@15': 0.1229, 'ndcg@15': 0.0543, 'hit@20': 0.1502, 'ndcg@20': 0.0608, 'hit@40': 0.238, 'ndcg@40': 0.0786} 
2024-10-11 03:45:24.788 | INFO     | trainer_1:_train_one_epoch:209 - test 25 cost time 5.95s, result: {'hit@1': 0.0105, 'ndcg@1': 0.0105, 'hit@5': 0.0353, 'ndcg@5': 0.0228, 'hit@10': 0.0594, 'ndcg@10': 0.0305, 'hit@15': 0.0819, 'ndcg@15': 0.0365, 'hit@20': 0.1001, 'ndcg@20': 0.0408, 'hit@40': 0.1661, 'ndcg@40': 0.0542} 
2024-10-11 03:45:36.791 | INFO     | trainer_1:_train_one_epoch:193 - epoch 26 12.00s Train loss is [0.3872] 
2024-10-11 03:45:44.990 | INFO     | trainer_1:_train_one_epoch:201 - validate 26 cost time 8.20s, result: {'hit@1': 0.0149, 'ndcg@1': 0.0149, 'hit@5': 0.0554, 'ndcg@5': 0.0354, 'hit@10': 0.0915, 'ndcg@10': 0.047, 'hit@15': 0.1215, 'ndcg@15': 0.0549, 'hit@20': 0.1491, 'ndcg@20': 0.0614, 'hit@40': 0.2354, 'ndcg@40': 0.079} 
2024-10-11 03:45:54.285 | INFO     | trainer_1:_train_one_epoch:209 - test 26 cost time 9.29s, result: {'hit@1': 0.0107, 'ndcg@1': 0.0107, 'hit@5': 0.0367, 'ndcg@5': 0.0236, 'hit@10': 0.0607, 'ndcg@10': 0.0313, 'hit@15': 0.082, 'ndcg@15': 0.0369, 'hit@20': 0.0996, 'ndcg@20': 0.041, 'hit@40': 0.1637, 'ndcg@40': 0.0541} 
2024-10-11 03:46:16.322 | INFO     | trainer_1:_train_one_epoch:193 - epoch 27 11.28s Train loss is [0.3699] 
2024-10-11 03:46:22.150 | INFO     | trainer_1:_train_one_epoch:201 - validate 27 cost time 5.83s, result: {'hit@1': 0.0149, 'ndcg@1': 0.0149, 'hit@5': 0.0534, 'ndcg@5': 0.0343, 'hit@10': 0.0881, 'ndcg@10': 0.0454, 'hit@15': 0.1158, 'ndcg@15': 0.0527, 'hit@20': 0.1431, 'ndcg@20': 0.0591, 'hit@40': 0.2259, 'ndcg@40': 0.0759} 
2024-10-11 03:46:27.703 | INFO     | trainer_1:_train_one_epoch:209 - test 27 cost time 5.55s, result: {'hit@1': 0.0097, 'ndcg@1': 0.0097, 'hit@5': 0.0347, 'ndcg@5': 0.0224, 'hit@10': 0.0593, 'ndcg@10': 0.0303, 'hit@15': 0.0797, 'ndcg@15': 0.0357, 'hit@20': 0.0968, 'ndcg@20': 0.0397, 'hit@40': 0.1569, 'ndcg@40': 0.052} 
2024-10-11 03:46:38.921 | INFO     | trainer_1:_train_one_epoch:193 - epoch 28 11.22s Train loss is [0.3742] 
2024-10-11 03:46:44.756 | INFO     | trainer_1:_train_one_epoch:201 - validate 28 cost time 5.83s, result: {'hit@1': 0.0141, 'ndcg@1': 0.0141, 'hit@5': 0.0569, 'ndcg@5': 0.0354, 'hit@10': 0.0913, 'ndcg@10': 0.0464, 'hit@15': 0.1215, 'ndcg@15': 0.0544, 'hit@20': 0.1472, 'ndcg@20': 0.0605, 'hit@40': 0.2321, 'ndcg@40': 0.0778} 
2024-10-11 03:46:50.325 | INFO     | trainer_1:_train_one_epoch:209 - test 28 cost time 5.57s, result: {'hit@1': 0.0108, 'ndcg@1': 0.0108, 'hit@5': 0.0365, 'ndcg@5': 0.0237, 'hit@10': 0.0618, 'ndcg@10': 0.0318, 'hit@15': 0.0833, 'ndcg@15': 0.0374, 'hit@20': 0.1008, 'ndcg@20': 0.0416, 'hit@40': 0.1632, 'ndcg@40': 0.0543} 
2024-10-11 03:47:12.628 | INFO     | trainer_1:_train_one_epoch:193 - epoch 29 11.73s Train loss is [0.3770] 
2024-10-11 03:47:18.484 | INFO     | trainer_1:_train_one_epoch:201 - validate 29 cost time 5.85s, result: {'hit@1': 0.0156, 'ndcg@1': 0.0156, 'hit@5': 0.0553, 'ndcg@5': 0.0353, 'hit@10': 0.0911, 'ndcg@10': 0.0468, 'hit@15': 0.1225, 'ndcg@15': 0.0551, 'hit@20': 0.1521, 'ndcg@20': 0.0621, 'hit@40': 0.2388, 'ndcg@40': 0.0797} 
2024-10-11 03:47:24.043 | INFO     | trainer_1:_train_one_epoch:209 - test 29 cost time 5.56s, result: {'hit@1': 0.0109, 'ndcg@1': 0.0109, 'hit@5': 0.0374, 'ndcg@5': 0.0242, 'hit@10': 0.0623, 'ndcg@10': 0.0322, 'hit@15': 0.0845, 'ndcg@15': 0.038, 'hit@20': 0.1033, 'ndcg@20': 0.0425, 'hit@40': 0.1705, 'ndcg@40': 0.0561} 
2024-10-11 03:47:46.090 | INFO     | trainer_1:_train_one_epoch:193 - epoch 30 11.58s Train loss is [0.3755] 
2024-10-11 03:47:51.932 | INFO     | trainer_1:_train_one_epoch:201 - validate 30 cost time 5.84s, result: {'hit@1': 0.0154, 'ndcg@1': 0.0154, 'hit@5': 0.0561, 'ndcg@5': 0.0359, 'hit@10': 0.0931, 'ndcg@10': 0.0478, 'hit@15': 0.1234, 'ndcg@15': 0.0558, 'hit@20': 0.1507, 'ndcg@20': 0.0622, 'hit@40': 0.2382, 'ndcg@40': 0.08} 
2024-10-11 03:47:57.476 | INFO     | trainer_1:_train_one_epoch:209 - test 30 cost time 5.54s, result: {'hit@1': 0.0103, 'ndcg@1': 0.0103, 'hit@5': 0.037, 'ndcg@5': 0.0236, 'hit@10': 0.0626, 'ndcg@10': 0.0318, 'hit@15': 0.0827, 'ndcg@15': 0.0371, 'hit@20': 0.1027, 'ndcg@20': 0.0418, 'hit@40': 0.1649, 'ndcg@40': 0.0544} 
2024-10-11 03:48:19.277 | INFO     | trainer_1:_train_one_epoch:193 - epoch 31 11.26s Train loss is [0.3747] 
2024-10-11 03:48:25.092 | INFO     | trainer_1:_train_one_epoch:201 - validate 31 cost time 5.82s, result: {'hit@1': 0.0159, 'ndcg@1': 0.0159, 'hit@5': 0.0573, 'ndcg@5': 0.0366, 'hit@10': 0.0937, 'ndcg@10': 0.0482, 'hit@15': 0.1235, 'ndcg@15': 0.0561, 'hit@20': 0.1518, 'ndcg@20': 0.0627, 'hit@40': 0.2351, 'ndcg@40': 0.0797} 
2024-10-11 03:48:30.644 | INFO     | trainer_1:_train_one_epoch:209 - test 31 cost time 5.55s, result: {'hit@1': 0.0107, 'ndcg@1': 0.0107, 'hit@5': 0.0383, 'ndcg@5': 0.0244, 'hit@10': 0.0645, 'ndcg@10': 0.0328, 'hit@15': 0.0862, 'ndcg@15': 0.0385, 'hit@20': 0.1056, 'ndcg@20': 0.0431, 'hit@40': 0.169, 'ndcg@40': 0.056} 
2024-10-11 03:48:53.458 | INFO     | trainer_1:_train_one_epoch:193 - epoch 32 11.60s Train loss is [0.3667] 
2024-10-11 03:48:59.286 | INFO     | trainer_1:_train_one_epoch:201 - validate 32 cost time 5.83s, result: {'hit@1': 0.0157, 'ndcg@1': 0.0157, 'hit@5': 0.0555, 'ndcg@5': 0.0355, 'hit@10': 0.0944, 'ndcg@10': 0.0479, 'hit@15': 0.1264, 'ndcg@15': 0.0564, 'hit@20': 0.1538, 'ndcg@20': 0.0629, 'hit@40': 0.2428, 'ndcg@40': 0.081} 
2024-10-11 03:49:04.834 | INFO     | trainer_1:_train_one_epoch:209 - test 32 cost time 5.55s, result: {'hit@1': 0.0104, 'ndcg@1': 0.0104, 'hit@5': 0.0387, 'ndcg@5': 0.0244, 'hit@10': 0.0645, 'ndcg@10': 0.0327, 'hit@15': 0.0864, 'ndcg@15': 0.0385, 'hit@20': 0.1068, 'ndcg@20': 0.0433, 'hit@40': 0.1735, 'ndcg@40': 0.0569} 
2024-10-11 03:49:16.433 | INFO     | trainer_1:_train_one_epoch:193 - epoch 33 11.60s Train loss is [0.3492] 
2024-10-11 03:49:22.262 | INFO     | trainer_1:_train_one_epoch:201 - validate 33 cost time 5.83s, result: {'hit@1': 0.0152, 'ndcg@1': 0.0152, 'hit@5': 0.056, 'ndcg@5': 0.0357, 'hit@10': 0.0934, 'ndcg@10': 0.0477, 'hit@15': 0.1261, 'ndcg@15': 0.0564, 'hit@20': 0.1537, 'ndcg@20': 0.0629, 'hit@40': 0.2487, 'ndcg@40': 0.0822} 
2024-10-11 03:49:27.805 | INFO     | trainer_1:_train_one_epoch:209 - test 33 cost time 5.54s, result: {'hit@1': 0.0111, 'ndcg@1': 0.0111, 'hit@5': 0.0395, 'ndcg@5': 0.0253, 'hit@10': 0.0653, 'ndcg@10': 0.0336, 'hit@15': 0.0869, 'ndcg@15': 0.0394, 'hit@20': 0.1076, 'ndcg@20': 0.0442, 'hit@40': 0.1741, 'ndcg@40': 0.0577} 
2024-10-11 03:49:49.898 | INFO     | trainer_1:_train_one_epoch:193 - epoch 34 11.34s Train loss is [0.3600] 
2024-10-11 03:49:55.722 | INFO     | trainer_1:_train_one_epoch:201 - validate 34 cost time 5.82s, result: {'hit@1': 0.0152, 'ndcg@1': 0.0152, 'hit@5': 0.0556, 'ndcg@5': 0.0353, 'hit@10': 0.0897, 'ndcg@10': 0.0462, 'hit@15': 0.1197, 'ndcg@15': 0.0541, 'hit@20': 0.1468, 'ndcg@20': 0.0605, 'hit@40': 0.2343, 'ndcg@40': 0.0783} 
2024-10-11 03:50:01.263 | INFO     | trainer_1:_train_one_epoch:209 - test 34 cost time 5.54s, result: {'hit@1': 0.0113, 'ndcg@1': 0.0113, 'hit@5': 0.0392, 'ndcg@5': 0.0254, 'hit@10': 0.0654, 'ndcg@10': 0.0338, 'hit@15': 0.0873, 'ndcg@15': 0.0396, 'hit@20': 0.1065, 'ndcg@20': 0.0441, 'hit@40': 0.1707, 'ndcg@40': 0.0572} 
2024-10-11 03:50:22.956 | INFO     | trainer_1:_train_one_epoch:193 - epoch 35 11.18s Train loss is [0.3548] 
2024-10-11 03:50:28.783 | INFO     | trainer_1:_train_one_epoch:201 - validate 35 cost time 5.83s, result: {'hit@1': 0.0152, 'ndcg@1': 0.0152, 'hit@5': 0.0554, 'ndcg@5': 0.0353, 'hit@10': 0.0897, 'ndcg@10': 0.0463, 'hit@15': 0.1212, 'ndcg@15': 0.0546, 'hit@20': 0.1481, 'ndcg@20': 0.061, 'hit@40': 0.2371, 'ndcg@40': 0.0791} 
2024-10-11 03:50:34.347 | INFO     | trainer_1:_train_one_epoch:209 - test 35 cost time 5.56s, result: {'hit@1': 0.0115, 'ndcg@1': 0.0115, 'hit@5': 0.0373, 'ndcg@5': 0.0243, 'hit@10': 0.0631, 'ndcg@10': 0.0325, 'hit@15': 0.0835, 'ndcg@15': 0.0379, 'hit@20': 0.1042, 'ndcg@20': 0.0428, 'hit@40': 0.1702, 'ndcg@40': 0.0562} 
2024-10-11 03:50:45.460 | INFO     | trainer_1:_train_one_epoch:193 - epoch 36 11.11s Train loss is [0.3578] 
2024-10-11 03:50:51.267 | INFO     | trainer_1:_train_one_epoch:201 - validate 36 cost time 5.81s, result: {'hit@1': 0.0151, 'ndcg@1': 0.0151, 'hit@5': 0.0564, 'ndcg@5': 0.0357, 'hit@10': 0.0916, 'ndcg@10': 0.047, 'hit@15': 0.1242, 'ndcg@15': 0.0555, 'hit@20': 0.1524, 'ndcg@20': 0.0622, 'hit@40': 0.2411, 'ndcg@40': 0.0802} 
2024-10-11 03:50:56.804 | INFO     | trainer_1:_train_one_epoch:209 - test 36 cost time 5.54s, result: {'hit@1': 0.0105, 'ndcg@1': 0.0105, 'hit@5': 0.0372, 'ndcg@5': 0.0238, 'hit@10': 0.0622, 'ndcg@10': 0.0318, 'hit@15': 0.0845, 'ndcg@15': 0.0377, 'hit@20': 0.1048, 'ndcg@20': 0.0425, 'hit@40': 0.1703, 'ndcg@40': 0.0558} 
2024-10-11 03:51:07.800 | INFO     | trainer_1:_train_one_epoch:193 - epoch 37 10.99s Train loss is [0.3624] 
2024-10-11 03:51:13.622 | INFO     | trainer_1:_train_one_epoch:201 - validate 37 cost time 5.82s, result: {'hit@1': 0.0154, 'ndcg@1': 0.0154, 'hit@5': 0.0585, 'ndcg@5': 0.0368, 'hit@10': 0.0963, 'ndcg@10': 0.049, 'hit@15': 0.1294, 'ndcg@15': 0.0577, 'hit@20': 0.1588, 'ndcg@20': 0.0647, 'hit@40': 0.2472, 'ndcg@40': 0.0827} 
2024-10-11 03:51:19.177 | INFO     | trainer_1:_train_one_epoch:209 - test 37 cost time 5.55s, result: {'hit@1': 0.0113, 'ndcg@1': 0.0113, 'hit@5': 0.0402, 'ndcg@5': 0.0256, 'hit@10': 0.0655, 'ndcg@10': 0.0337, 'hit@15': 0.0886, 'ndcg@15': 0.0398, 'hit@20': 0.1093, 'ndcg@20': 0.0447, 'hit@40': 0.1787, 'ndcg@40': 0.0588} 
2024-10-11 03:51:40.780 | INFO     | trainer_1:_train_one_epoch:193 - epoch 38 11.07s Train loss is [0.3416] 
2024-10-11 03:51:46.588 | INFO     | trainer_1:_train_one_epoch:201 - validate 38 cost time 5.81s, result: {'hit@1': 0.0165, 'ndcg@1': 0.0165, 'hit@5': 0.0569, 'ndcg@5': 0.0367, 'hit@10': 0.0936, 'ndcg@10': 0.0485, 'hit@15': 0.1255, 'ndcg@15': 0.0569, 'hit@20': 0.154, 'ndcg@20': 0.0636, 'hit@40': 0.2421, 'ndcg@40': 0.0815} 
2024-10-11 03:51:52.125 | INFO     | trainer_1:_train_one_epoch:209 - test 38 cost time 5.54s, result: {'hit@1': 0.0114, 'ndcg@1': 0.0114, 'hit@5': 0.0392, 'ndcg@5': 0.0251, 'hit@10': 0.0643, 'ndcg@10': 0.0332, 'hit@15': 0.0862, 'ndcg@15': 0.039, 'hit@20': 0.106, 'ndcg@20': 0.0436, 'hit@40': 0.1716, 'ndcg@40': 0.057} 
2024-10-11 03:52:03.177 | INFO     | trainer_1:_train_one_epoch:193 - epoch 39 11.05s Train loss is [0.3443] 
2024-10-11 03:52:08.990 | INFO     | trainer_1:_train_one_epoch:201 - validate 39 cost time 5.81s, result: {'hit@1': 0.0155, 'ndcg@1': 0.0155, 'hit@5': 0.0581, 'ndcg@5': 0.0368, 'hit@10': 0.0973, 'ndcg@10': 0.0493, 'hit@15': 0.1276, 'ndcg@15': 0.0573, 'hit@20': 0.1546, 'ndcg@20': 0.0637, 'hit@40': 0.2456, 'ndcg@40': 0.0822} 
2024-10-11 03:52:14.533 | INFO     | trainer_1:_train_one_epoch:209 - test 39 cost time 5.54s, result: {'hit@1': 0.0115, 'ndcg@1': 0.0115, 'hit@5': 0.0397, 'ndcg@5': 0.0255, 'hit@10': 0.0663, 'ndcg@10': 0.034, 'hit@15': 0.0902, 'ndcg@15': 0.0403, 'hit@20': 0.111, 'ndcg@20': 0.0452, 'hit@40': 0.1783, 'ndcg@40': 0.0589} 
2024-10-11 03:52:36.179 | INFO     | trainer_1:_train_one_epoch:193 - epoch 40 11.19s Train loss is [0.3445] 
2024-10-11 03:52:41.998 | INFO     | trainer_1:_train_one_epoch:201 - validate 40 cost time 5.82s, result: {'hit@1': 0.0157, 'ndcg@1': 0.0157, 'hit@5': 0.0583, 'ndcg@5': 0.0372, 'hit@10': 0.0955, 'ndcg@10': 0.0491, 'hit@15': 0.1269, 'ndcg@15': 0.0574, 'hit@20': 0.1567, 'ndcg@20': 0.0644, 'hit@40': 0.245, 'ndcg@40': 0.0824} 
2024-10-11 03:52:47.543 | INFO     | trainer_1:_train_one_epoch:209 - test 40 cost time 5.54s, result: {'hit@1': 0.0113, 'ndcg@1': 0.0113, 'hit@5': 0.038, 'ndcg@5': 0.0247, 'hit@10': 0.0655, 'ndcg@10': 0.0336, 'hit@15': 0.0883, 'ndcg@15': 0.0396, 'hit@20': 0.1083, 'ndcg@20': 0.0443, 'hit@40': 0.1756, 'ndcg@40': 0.0579} 
2024-10-11 03:52:58.813 | INFO     | trainer_1:_train_one_epoch:193 - epoch 41 11.27s Train loss is [0.3488] 
2024-10-11 03:53:04.639 | INFO     | trainer_1:_train_one_epoch:201 - validate 41 cost time 5.83s, result: {'hit@1': 0.0168, 'ndcg@1': 0.0168, 'hit@5': 0.0583, 'ndcg@5': 0.0376, 'hit@10': 0.0963, 'ndcg@10': 0.0497, 'hit@15': 0.1268, 'ndcg@15': 0.0578, 'hit@20': 0.1539, 'ndcg@20': 0.0642, 'hit@40': 0.2448, 'ndcg@40': 0.0827} 
2024-10-11 03:53:10.192 | INFO     | trainer_1:_train_one_epoch:209 - test 41 cost time 5.55s, result: {'hit@1': 0.0108, 'ndcg@1': 0.0108, 'hit@5': 0.0397, 'ndcg@5': 0.0252, 'hit@10': 0.0653, 'ndcg@10': 0.0334, 'hit@15': 0.089, 'ndcg@15': 0.0396, 'hit@20': 0.1087, 'ndcg@20': 0.0443, 'hit@40': 0.1755, 'ndcg@40': 0.0579} 
2024-10-11 03:53:21.484 | INFO     | trainer_1:_train_one_epoch:193 - epoch 42 11.29s Train loss is [0.3388] 
2024-10-11 03:53:27.299 | INFO     | trainer_1:_train_one_epoch:201 - validate 42 cost time 5.81s, result: {'hit@1': 0.018, 'ndcg@1': 0.018, 'hit@5': 0.0638, 'ndcg@5': 0.0406, 'hit@10': 0.1039, 'ndcg@10': 0.0535, 'hit@15': 0.1356, 'ndcg@15': 0.0618, 'hit@20': 0.1648, 'ndcg@20': 0.0687, 'hit@40': 0.2568, 'ndcg@40': 0.0875} 
2024-10-11 03:53:32.842 | INFO     | trainer_1:_train_one_epoch:209 - test 42 cost time 5.54s, result: {'hit@1': 0.0104, 'ndcg@1': 0.0104, 'hit@5': 0.041, 'ndcg@5': 0.0259, 'hit@10': 0.0691, 'ndcg@10': 0.0348, 'hit@15': 0.091, 'ndcg@15': 0.0406, 'hit@20': 0.1116, 'ndcg@20': 0.0455, 'hit@40': 0.1821, 'ndcg@40': 0.0598} 
2024-10-11 03:53:54.676 | INFO     | trainer_1:_train_one_epoch:193 - epoch 43 11.34s Train loss is [0.3388] 
2024-10-11 03:54:00.503 | INFO     | trainer_1:_train_one_epoch:201 - validate 43 cost time 5.83s, result: {'hit@1': 0.0164, 'ndcg@1': 0.0164, 'hit@5': 0.0584, 'ndcg@5': 0.0375, 'hit@10': 0.0987, 'ndcg@10': 0.0504, 'hit@15': 0.1301, 'ndcg@15': 0.0588, 'hit@20': 0.1601, 'ndcg@20': 0.0658, 'hit@40': 0.251, 'ndcg@40': 0.0843} 
2024-10-11 03:54:06.051 | INFO     | trainer_1:_train_one_epoch:209 - test 43 cost time 5.55s, result: {'hit@1': 0.0111, 'ndcg@1': 0.0111, 'hit@5': 0.0411, 'ndcg@5': 0.0259, 'hit@10': 0.0678, 'ndcg@10': 0.0344, 'hit@15': 0.0905, 'ndcg@15': 0.0404, 'hit@20': 0.111, 'ndcg@20': 0.0452, 'hit@40': 0.1782, 'ndcg@40': 0.0589} 
2024-10-11 03:54:17.289 | INFO     | trainer_1:_train_one_epoch:193 - epoch 44 11.24s Train loss is [0.3463] 
2024-10-11 03:54:23.113 | INFO     | trainer_1:_train_one_epoch:201 - validate 44 cost time 5.82s, result: {'hit@1': 0.0168, 'ndcg@1': 0.0168, 'hit@5': 0.0587, 'ndcg@5': 0.0379, 'hit@10': 0.0989, 'ndcg@10': 0.0507, 'hit@15': 0.1301, 'ndcg@15': 0.059, 'hit@20': 0.1571, 'ndcg@20': 0.0653, 'hit@40': 0.2483, 'ndcg@40': 0.0839} 
2024-10-11 03:54:28.665 | INFO     | trainer_1:_train_one_epoch:209 - test 44 cost time 5.55s, result: {'hit@1': 0.0114, 'ndcg@1': 0.0114, 'hit@5': 0.0402, 'ndcg@5': 0.0255, 'hit@10': 0.0693, 'ndcg@10': 0.0348, 'hit@15': 0.093, 'ndcg@15': 0.0411, 'hit@20': 0.1116, 'ndcg@20': 0.0455, 'hit@40': 0.1793, 'ndcg@40': 0.0592} 
2024-10-11 03:54:51.297 | INFO     | trainer_1:_train_one_epoch:193 - epoch 45 11.55s Train loss is [0.3444] 
2024-10-11 03:54:57.126 | INFO     | trainer_1:_train_one_epoch:201 - validate 45 cost time 5.83s, result: {'hit@1': 0.0166, 'ndcg@1': 0.0166, 'hit@5': 0.0619, 'ndcg@5': 0.0393, 'hit@10': 0.1021, 'ndcg@10': 0.0521, 'hit@15': 0.1318, 'ndcg@15': 0.06, 'hit@20': 0.1616, 'ndcg@20': 0.067, 'hit@40': 0.2502, 'ndcg@40': 0.085} 
2024-10-11 03:55:02.673 | INFO     | trainer_1:_train_one_epoch:209 - test 45 cost time 5.55s, result: {'hit@1': 0.0105, 'ndcg@1': 0.0105, 'hit@5': 0.0418, 'ndcg@5': 0.026, 'hit@10': 0.0705, 'ndcg@10': 0.0352, 'hit@15': 0.0936, 'ndcg@15': 0.0413, 'hit@20': 0.1137, 'ndcg@20': 0.046, 'hit@40': 0.1797, 'ndcg@40': 0.0595} 
2024-10-11 03:55:24.644 | INFO     | trainer_1:_train_one_epoch:193 - epoch 46 11.48s Train loss is [0.3301] 
2024-10-11 03:55:30.478 | INFO     | trainer_1:_train_one_epoch:201 - validate 46 cost time 5.83s, result: {'hit@1': 0.0169, 'ndcg@1': 0.0169, 'hit@5': 0.0593, 'ndcg@5': 0.038, 'hit@10': 0.0993, 'ndcg@10': 0.0509, 'hit@15': 0.1306, 'ndcg@15': 0.0591, 'hit@20': 0.1561, 'ndcg@20': 0.0651, 'hit@40': 0.2459, 'ndcg@40': 0.0834} 
2024-10-11 03:55:36.026 | INFO     | trainer_1:_train_one_epoch:209 - test 46 cost time 5.55s, result: {'hit@1': 0.0103, 'ndcg@1': 0.0103, 'hit@5': 0.0417, 'ndcg@5': 0.026, 'hit@10': 0.0688, 'ndcg@10': 0.0347, 'hit@15': 0.0912, 'ndcg@15': 0.0406, 'hit@20': 0.1115, 'ndcg@20': 0.0454, 'hit@40': 0.1769, 'ndcg@40': 0.0587} 
2024-10-11 03:55:47.453 | INFO     | trainer_1:_train_one_epoch:193 - epoch 47 11.43s Train loss is [0.3330] 
2024-10-11 03:55:53.278 | INFO     | trainer_1:_train_one_epoch:201 - validate 47 cost time 5.82s, result: {'hit@1': 0.0158, 'ndcg@1': 0.0158, 'hit@5': 0.0576, 'ndcg@5': 0.0367, 'hit@10': 0.0965, 'ndcg@10': 0.0492, 'hit@15': 0.1263, 'ndcg@15': 0.0571, 'hit@20': 0.1534, 'ndcg@20': 0.0635, 'hit@40': 0.2421, 'ndcg@40': 0.0815} 
2024-10-11 03:55:58.827 | INFO     | trainer_1:_train_one_epoch:209 - test 47 cost time 5.55s, result: {'hit@1': 0.0101, 'ndcg@1': 0.0101, 'hit@5': 0.038, 'ndcg@5': 0.0241, 'hit@10': 0.0654, 'ndcg@10': 0.0328, 'hit@15': 0.0877, 'ndcg@15': 0.0387, 'hit@20': 0.1087, 'ndcg@20': 0.0437, 'hit@40': 0.1722, 'ndcg@40': 0.0565} 
2024-10-11 03:56:10.101 | INFO     | trainer_1:_train_one_epoch:193 - epoch 48 11.27s Train loss is [0.3264] 
2024-10-11 03:56:15.907 | INFO     | trainer_1:_train_one_epoch:201 - validate 48 cost time 5.81s, result: {'hit@1': 0.0179, 'ndcg@1': 0.0179, 'hit@5': 0.0627, 'ndcg@5': 0.04, 'hit@10': 0.1011, 'ndcg@10': 0.0523, 'hit@15': 0.1334, 'ndcg@15': 0.0608, 'hit@20': 0.162, 'ndcg@20': 0.0676, 'hit@40': 0.2517, 'ndcg@40': 0.0859} 
2024-10-11 03:56:21.448 | INFO     | trainer_1:_train_one_epoch:209 - test 48 cost time 5.54s, result: {'hit@1': 0.0108, 'ndcg@1': 0.0108, 'hit@5': 0.0414, 'ndcg@5': 0.0261, 'hit@10': 0.0715, 'ndcg@10': 0.0358, 'hit@15': 0.095, 'ndcg@15': 0.042, 'hit@20': 0.1145, 'ndcg@20': 0.0466, 'hit@40': 0.1825, 'ndcg@40': 0.0604} 
2024-10-11 03:56:43.445 | INFO     | trainer_1:_train_one_epoch:193 - epoch 49 11.27s Train loss is [0.3370] 
2024-10-11 03:56:49.264 | INFO     | trainer_1:_train_one_epoch:201 - validate 49 cost time 5.82s, result: {'hit@1': 0.0165, 'ndcg@1': 0.0165, 'hit@5': 0.0584, 'ndcg@5': 0.0375, 'hit@10': 0.0967, 'ndcg@10': 0.0498, 'hit@15': 0.1276, 'ndcg@15': 0.058, 'hit@20': 0.1546, 'ndcg@20': 0.0644, 'hit@40': 0.2445, 'ndcg@40': 0.0826} 
2024-10-11 03:56:54.818 | INFO     | trainer_1:_train_one_epoch:209 - test 49 cost time 5.55s, result: {'hit@1': 0.0102, 'ndcg@1': 0.0102, 'hit@5': 0.0405, 'ndcg@5': 0.0253, 'hit@10': 0.0673, 'ndcg@10': 0.0338, 'hit@15': 0.0902, 'ndcg@15': 0.0398, 'hit@20': 0.1105, 'ndcg@20': 0.0446, 'hit@40': 0.1748, 'ndcg@40': 0.0577} 
2024-10-11 03:57:05.953 | INFO     | trainer_1:_train_one_epoch:193 - epoch 50 11.13s Train loss is [0.3383] 
2024-10-11 03:57:11.751 | INFO     | trainer_1:_train_one_epoch:201 - validate 50 cost time 5.80s, result: {'hit@1': 0.0158, 'ndcg@1': 0.0158, 'hit@5': 0.06, 'ndcg@5': 0.0377, 'hit@10': 0.1002, 'ndcg@10': 0.0505, 'hit@15': 0.1328, 'ndcg@15': 0.0592, 'hit@20': 0.1617, 'ndcg@20': 0.066, 'hit@40': 0.2537, 'ndcg@40': 0.0847} 
2024-10-11 03:57:17.291 | INFO     | trainer_1:_train_one_epoch:209 - test 50 cost time 5.54s, result: {'hit@1': 0.01, 'ndcg@1': 0.01, 'hit@5': 0.0399, 'ndcg@5': 0.0249, 'hit@10': 0.0681, 'ndcg@10': 0.0339, 'hit@15': 0.0915, 'ndcg@15': 0.0401, 'hit@20': 0.1129, 'ndcg@20': 0.0452, 'hit@40': 0.1786, 'ndcg@40': 0.0585} 
2024-10-11 03:57:28.304 | INFO     | trainer_1:_train_one_epoch:193 - epoch 51 11.01s Train loss is [0.3334] 
2024-10-11 03:57:34.109 | INFO     | trainer_1:_train_one_epoch:201 - validate 51 cost time 5.80s, result: {'hit@1': 0.0164, 'ndcg@1': 0.0164, 'hit@5': 0.0629, 'ndcg@5': 0.0397, 'hit@10': 0.1037, 'ndcg@10': 0.0528, 'hit@15': 0.1358, 'ndcg@15': 0.0613, 'hit@20': 0.1647, 'ndcg@20': 0.0681, 'hit@40': 0.258, 'ndcg@40': 0.0871} 
2024-10-11 03:57:39.652 | INFO     | trainer_1:_train_one_epoch:209 - test 51 cost time 5.54s, result: {'hit@1': 0.0106, 'ndcg@1': 0.0106, 'hit@5': 0.0407, 'ndcg@5': 0.0256, 'hit@10': 0.0712, 'ndcg@10': 0.0354, 'hit@15': 0.095, 'ndcg@15': 0.0417, 'hit@20': 0.1154, 'ndcg@20': 0.0465, 'hit@40': 0.1847, 'ndcg@40': 0.0606} 
2024-10-11 03:57:50.709 | INFO     | trainer_1:_train_one_epoch:193 - epoch 52 11.06s Train loss is [0.3258] 
2024-10-11 03:57:56.518 | INFO     | trainer_1:_train_one_epoch:201 - validate 52 cost time 5.81s, result: {'hit@1': 0.0163, 'ndcg@1': 0.0163, 'hit@5': 0.0593, 'ndcg@5': 0.0377, 'hit@10': 0.0968, 'ndcg@10': 0.0497, 'hit@15': 0.1293, 'ndcg@15': 0.0582, 'hit@20': 0.1576, 'ndcg@20': 0.0649, 'hit@40': 0.2481, 'ndcg@40': 0.0833} 
2024-10-11 03:58:02.067 | INFO     | trainer_1:_train_one_epoch:209 - test 52 cost time 5.55s, result: {'hit@1': 0.0108, 'ndcg@1': 0.0108, 'hit@5': 0.0393, 'ndcg@5': 0.025, 'hit@10': 0.067, 'ndcg@10': 0.0339, 'hit@15': 0.0906, 'ndcg@15': 0.0401, 'hit@20': 0.1108, 'ndcg@20': 0.0449, 'hit@40': 0.1789, 'ndcg@40': 0.0587} 
2024-10-11 03:58:13.123 | INFO     | trainer_1:_train_one_epoch:193 - epoch 53 11.05s Train loss is [0.3306] 
2024-10-11 03:58:18.182 | INFO     | trainer_1:_train_one_epoch:201 - validate 53 cost time 5.06s, result: {'hit@1': 0.0163, 'ndcg@1': 0.0163, 'hit@5': 0.0604, 'ndcg@5': 0.0384, 'hit@10': 0.0977, 'ndcg@10': 0.0504, 'hit@15': 0.1303, 'ndcg@15': 0.059, 'hit@20': 0.1579, 'ndcg@20': 0.0655, 'hit@40': 0.2492, 'ndcg@40': 0.0841} 
2024-10-11 03:58:22.996 | INFO     | trainer_1:_train_one_epoch:209 - test 53 cost time 4.81s, result: {'hit@1': 0.0105, 'ndcg@1': 0.0105, 'hit@5': 0.0404, 'ndcg@5': 0.0254, 'hit@10': 0.0677, 'ndcg@10': 0.0341, 'hit@15': 0.0882, 'ndcg@15': 0.0395, 'hit@20': 0.109, 'ndcg@20': 0.0444, 'hit@40': 0.1768, 'ndcg@40': 0.0582} 
2024-10-11 03:58:23.007 | INFO     | trainer_1:train_model:163 - training end, best iteration 48, results: {'hit@1': 0.0179, 'ndcg@1': 0.0179, 'hit@5': 0.0627, 'ndcg@5': 0.04, 'hit@10': 0.1011, 'ndcg@10': 0.0523, 'hit@15': 0.1334, 'ndcg@15': 0.0608, 'hit@20': 0.162, 'ndcg@20': 0.0676, 'hit@40': 0.2517, 'ndcg@40': 0.0859}
2024-10-11 03:58:23.007 | INFO     | trainer_1:train_model:166 - final test result is:  {'hit@1': 0.0108, 'ndcg@1': 0.0108, 'hit@5': 0.0414, 'ndcg@5': 0.0261, 'hit@10': 0.0715, 'ndcg@10': 0.0358, 'hit@15': 0.095, 'ndcg@15': 0.042, 'hit@20': 0.1145, 'ndcg@20': 0.0466, 'hit@40': 0.1825, 'ndcg@40': 0.0604}
2024-10-11 03:58:23.304 | INFO     | __main__:<module>:119 - train end total cost time: 2667.080808877945
