2024-10-10 13:45:45.844 | INFO     | __main__:<module>:105 - Namespace(TIME='2024-10-10 13_45_04', batch_size=1024, behaviors=['view', 'cart', 'buy'], check_point='model_pre_1_2024-10-08 12_35_44.pth', data_name='beibei', data_path='./data/beibei', decay=0.001, device='cuda:1', dim_qk=32, dim_v=64, distill_layers=2, distill_thres=0.5, distill_topK=10, distill_userK=6, embedding_size=64, epochs=100, gpu_no=1, if_load_model=True, ii_lambda=200, initializer_range=0.02, layers=2, loss_type='bpr', lr=0.001, message_dropout=0.25, metrics=['hit', 'ndcg'], min_epoch=5, model_name='main_1', model_path='./check_point', node_dropout=0.75, omega=1, pt_loop=50, reg_weight=0.001, test_batch_size=1024, testbatch=1024, topk=[1, 5, 10, 15, 20, 40], uu_lambda=100)
2024-10-10 13:45:45.845 | INFO     | __main__:<module>:106 - BIPN(
  (message_dropout): Dropout(p=0.25, inplace=False)
  (user_embedding): Embedding(21717, 64, padding_idx=0)
  (item_embedding): Embedding(7978, 64, padding_idx=0)
  (global_Graph): LightGCN()
  (Graph_encoder): ModuleDict(
    (view): GraphEncoder(
      (light): LightGCN()
      (dropout): Dropout(p=0.75, inplace=False)
    )
    (cart): GraphEncoder(
      (light): LightGCN()
      (dropout): Dropout(p=0.75, inplace=False)
    )
    (buy): GraphEncoder(
      (light): LightGCN()
      (dropout): Dropout(p=0.75, inplace=False)
    )
  )
  (attention): Mutual_Attention()
  (bpr_loss): BPRLoss()
  (emb_loss): EmbLoss()
  (f): Sigmoid()
)
2024-10-10 14:16:33.597 | INFO     | trainer_1:_train_one_epoch:193 - epoch 1 8.22s Train loss is [0.9434] 
2024-10-10 14:16:39.885 | INFO     | trainer_1:_train_one_epoch:201 - validate 1 cost time 6.29s, result: {'hit@1': 0.0046, 'ndcg@1': 0.0046, 'hit@5': 0.0232, 'ndcg@5': 0.014, 'hit@10': 0.0455, 'ndcg@10': 0.0211, 'hit@15': 0.0634, 'ndcg@15': 0.0258, 'hit@20': 0.0816, 'ndcg@20': 0.0302, 'hit@40': 0.141, 'ndcg@40': 0.0422} 
2024-10-10 14:16:44.965 | INFO     | trainer_1:_train_one_epoch:209 - test 1 cost time 5.08s, result: {'hit@1': 0.0033, 'ndcg@1': 0.0033, 'hit@5': 0.0148, 'ndcg@5': 0.0089, 'hit@10': 0.0292, 'ndcg@10': 0.0135, 'hit@15': 0.0434, 'ndcg@15': 0.0173, 'hit@20': 0.057, 'ndcg@20': 0.0205, 'hit@40': 0.106, 'ndcg@40': 0.0304} 
2024-10-10 14:17:13.163 | INFO     | trainer_1:_train_one_epoch:193 - epoch 2 12.02s Train loss is [0.7244] 
2024-10-10 14:17:22.365 | INFO     | trainer_1:_train_one_epoch:201 - validate 2 cost time 9.20s, result: {'hit@1': 0.0072, 'ndcg@1': 0.0072, 'hit@5': 0.0291, 'ndcg@5': 0.0179, 'hit@10': 0.0508, 'ndcg@10': 0.0249, 'hit@15': 0.0717, 'ndcg@15': 0.0304, 'hit@20': 0.0907, 'ndcg@20': 0.0349, 'hit@40': 0.1551, 'ndcg@40': 0.048} 
2024-10-10 14:17:30.435 | INFO     | trainer_1:_train_one_epoch:209 - test 2 cost time 8.07s, result: {'hit@1': 0.0041, 'ndcg@1': 0.0041, 'hit@5': 0.0183, 'ndcg@5': 0.011, 'hit@10': 0.0353, 'ndcg@10': 0.0164, 'hit@15': 0.0502, 'ndcg@15': 0.0204, 'hit@20': 0.0641, 'ndcg@20': 0.0237, 'hit@40': 0.1149, 'ndcg@40': 0.034} 
2024-10-10 14:17:56.541 | INFO     | trainer_1:_train_one_epoch:193 - epoch 3 9.85s Train loss is [0.6287] 
2024-10-10 14:18:06.184 | INFO     | trainer_1:_train_one_epoch:201 - validate 3 cost time 9.64s, result: {'hit@1': 0.0099, 'ndcg@1': 0.0099, 'hit@5': 0.0335, 'ndcg@5': 0.0215, 'hit@10': 0.0596, 'ndcg@10': 0.0299, 'hit@15': 0.0842, 'ndcg@15': 0.0363, 'hit@20': 0.105, 'ndcg@20': 0.0413, 'hit@40': 0.1763, 'ndcg@40': 0.0558} 
2024-10-10 14:18:13.584 | INFO     | trainer_1:_train_one_epoch:209 - test 3 cost time 7.40s, result: {'hit@1': 0.0049, 'ndcg@1': 0.0049, 'hit@5': 0.0224, 'ndcg@5': 0.0135, 'hit@10': 0.0405, 'ndcg@10': 0.0193, 'hit@15': 0.0586, 'ndcg@15': 0.0241, 'hit@20': 0.0734, 'ndcg@20': 0.0276, 'hit@40': 0.1277, 'ndcg@40': 0.0386} 
2024-10-10 14:18:45.500 | INFO     | trainer_1:_train_one_epoch:193 - epoch 4 12.87s Train loss is [0.5781] 
2024-10-10 14:18:55.420 | INFO     | trainer_1:_train_one_epoch:201 - validate 4 cost time 9.92s, result: {'hit@1': 0.0105, 'ndcg@1': 0.0105, 'hit@5': 0.0379, 'ndcg@5': 0.0238, 'hit@10': 0.0686, 'ndcg@10': 0.0336, 'hit@15': 0.0959, 'ndcg@15': 0.0408, 'hit@20': 0.1184, 'ndcg@20': 0.0461, 'hit@40': 0.1969, 'ndcg@40': 0.0621} 
2024-10-10 14:19:05.462 | INFO     | trainer_1:_train_one_epoch:209 - test 4 cost time 10.04s, result: {'hit@1': 0.0057, 'ndcg@1': 0.0057, 'hit@5': 0.0245, 'ndcg@5': 0.0149, 'hit@10': 0.0425, 'ndcg@10': 0.0207, 'hit@15': 0.0635, 'ndcg@15': 0.0262, 'hit@20': 0.0817, 'ndcg@20': 0.0305, 'hit@40': 0.1403, 'ndcg@40': 0.0424} 
2024-10-10 14:19:32.624 | INFO     | trainer_1:_train_one_epoch:193 - epoch 5 11.12s Train loss is [0.5442] 
2024-10-10 14:19:40.540 | INFO     | trainer_1:_train_one_epoch:201 - validate 5 cost time 7.92s, result: {'hit@1': 0.0122, 'ndcg@1': 0.0122, 'hit@5': 0.0431, 'ndcg@5': 0.0274, 'hit@10': 0.0741, 'ndcg@10': 0.0374, 'hit@15': 0.0988, 'ndcg@15': 0.0439, 'hit@20': 0.1217, 'ndcg@20': 0.0493, 'hit@40': 0.1952, 'ndcg@40': 0.0642} 
2024-10-10 14:19:49.201 | INFO     | trainer_1:_train_one_epoch:209 - test 5 cost time 8.66s, result: {'hit@1': 0.0057, 'ndcg@1': 0.0057, 'hit@5': 0.0256, 'ndcg@5': 0.0155, 'hit@10': 0.0455, 'ndcg@10': 0.0219, 'hit@15': 0.0635, 'ndcg@15': 0.0267, 'hit@20': 0.0793, 'ndcg@20': 0.0304, 'hit@40': 0.1342, 'ndcg@40': 0.0416} 
2024-10-10 14:20:15.187 | INFO     | trainer_1:_train_one_epoch:193 - epoch 6 9.57s Train loss is [0.5255] 
2024-10-10 14:20:21.832 | INFO     | trainer_1:_train_one_epoch:201 - validate 6 cost time 6.64s, result: {'hit@1': 0.0119, 'ndcg@1': 0.0119, 'hit@5': 0.0436, 'ndcg@5': 0.0276, 'hit@10': 0.0739, 'ndcg@10': 0.0373, 'hit@15': 0.1026, 'ndcg@15': 0.0448, 'hit@20': 0.1266, 'ndcg@20': 0.0505, 'hit@40': 0.2079, 'ndcg@40': 0.067} 
2024-10-10 14:20:30.673 | INFO     | trainer_1:_train_one_epoch:209 - test 6 cost time 8.84s, result: {'hit@1': 0.0063, 'ndcg@1': 0.0063, 'hit@5': 0.0276, 'ndcg@5': 0.0167, 'hit@10': 0.049, 'ndcg@10': 0.0236, 'hit@15': 0.0676, 'ndcg@15': 0.0285, 'hit@20': 0.0857, 'ndcg@20': 0.0327, 'hit@40': 0.1468, 'ndcg@40': 0.0452} 
2024-10-10 14:20:52.199 | INFO     | trainer_1:_train_one_epoch:193 - epoch 7 9.42s Train loss is [0.5035] 
2024-10-10 14:21:00.540 | INFO     | trainer_1:_train_one_epoch:201 - validate 7 cost time 8.34s, result: {'hit@1': 0.0116, 'ndcg@1': 0.0116, 'hit@5': 0.0446, 'ndcg@5': 0.0281, 'hit@10': 0.0753, 'ndcg@10': 0.0379, 'hit@15': 0.1032, 'ndcg@15': 0.0453, 'hit@20': 0.1268, 'ndcg@20': 0.0509, 'hit@40': 0.2035, 'ndcg@40': 0.0665} 
2024-10-10 14:21:11.290 | INFO     | trainer_1:_train_one_epoch:209 - test 7 cost time 10.75s, result: {'hit@1': 0.0076, 'ndcg@1': 0.0076, 'hit@5': 0.0267, 'ndcg@5': 0.0171, 'hit@10': 0.0486, 'ndcg@10': 0.0241, 'hit@15': 0.067, 'ndcg@15': 0.029, 'hit@20': 0.0839, 'ndcg@20': 0.033, 'hit@40': 0.1434, 'ndcg@40': 0.0451} 
2024-10-10 14:21:18.828 | INFO     | trainer_1:_train_one_epoch:193 - epoch 8 7.54s Train loss is [0.5063] 
2024-10-10 14:21:27.481 | INFO     | trainer_1:_train_one_epoch:201 - validate 8 cost time 8.65s, result: {'hit@1': 0.0123, 'ndcg@1': 0.0123, 'hit@5': 0.0455, 'ndcg@5': 0.0287, 'hit@10': 0.0756, 'ndcg@10': 0.0384, 'hit@15': 0.1008, 'ndcg@15': 0.045, 'hit@20': 0.1234, 'ndcg@20': 0.0503, 'hit@40': 0.1982, 'ndcg@40': 0.0656} 
2024-10-10 14:21:33.514 | INFO     | trainer_1:_train_one_epoch:209 - test 8 cost time 6.03s, result: {'hit@1': 0.0078, 'ndcg@1': 0.0078, 'hit@5': 0.0277, 'ndcg@5': 0.0177, 'hit@10': 0.0479, 'ndcg@10': 0.0242, 'hit@15': 0.0659, 'ndcg@15': 0.0289, 'hit@20': 0.0822, 'ndcg@20': 0.0327, 'hit@40': 0.1383, 'ndcg@40': 0.0441} 
2024-10-10 14:21:42.489 | INFO     | trainer_1:_train_one_epoch:193 - epoch 9 8.97s Train loss is [0.4905] 
2024-10-10 14:21:51.708 | INFO     | trainer_1:_train_one_epoch:201 - validate 9 cost time 9.22s, result: {'hit@1': 0.0108, 'ndcg@1': 0.0108, 'hit@5': 0.0465, 'ndcg@5': 0.0287, 'hit@10': 0.0807, 'ndcg@10': 0.0396, 'hit@15': 0.1111, 'ndcg@15': 0.0476, 'hit@20': 0.1384, 'ndcg@20': 0.0541, 'hit@40': 0.2224, 'ndcg@40': 0.0711} 
2024-10-10 14:22:01.516 | INFO     | trainer_1:_train_one_epoch:209 - test 9 cost time 9.81s, result: {'hit@1': 0.0072, 'ndcg@1': 0.0072, 'hit@5': 0.0303, 'ndcg@5': 0.0188, 'hit@10': 0.0528, 'ndcg@10': 0.026, 'hit@15': 0.0723, 'ndcg@15': 0.0311, 'hit@20': 0.0913, 'ndcg@20': 0.0356, 'hit@40': 0.1585, 'ndcg@40': 0.0493} 
2024-10-10 14:22:28.984 | INFO     | trainer_1:_train_one_epoch:193 - epoch 10 11.43s Train loss is [0.4768] 
2024-10-10 14:22:39.097 | INFO     | trainer_1:_train_one_epoch:201 - validate 10 cost time 10.11s, result: {'hit@1': 0.0121, 'ndcg@1': 0.0121, 'hit@5': 0.0458, 'ndcg@5': 0.0289, 'hit@10': 0.0791, 'ndcg@10': 0.0395, 'hit@15': 0.1064, 'ndcg@15': 0.0467, 'hit@20': 0.1288, 'ndcg@20': 0.052, 'hit@40': 0.2046, 'ndcg@40': 0.0674} 
2024-10-10 14:22:48.060 | INFO     | trainer_1:_train_one_epoch:209 - test 10 cost time 8.96s, result: {'hit@1': 0.0069, 'ndcg@1': 0.0069, 'hit@5': 0.03, 'ndcg@5': 0.0184, 'hit@10': 0.0499, 'ndcg@10': 0.0248, 'hit@15': 0.0681, 'ndcg@15': 0.0296, 'hit@20': 0.0868, 'ndcg@20': 0.034, 'hit@40': 0.1448, 'ndcg@40': 0.0458} 
2024-10-10 14:22:58.996 | INFO     | trainer_1:_train_one_epoch:193 - epoch 11 10.93s Train loss is [0.4825] 
2024-10-10 14:23:04.397 | INFO     | trainer_1:_train_one_epoch:201 - validate 11 cost time 5.40s, result: {'hit@1': 0.0112, 'ndcg@1': 0.0112, 'hit@5': 0.0451, 'ndcg@5': 0.028, 'hit@10': 0.0796, 'ndcg@10': 0.0391, 'hit@15': 0.1086, 'ndcg@15': 0.0467, 'hit@20': 0.1334, 'ndcg@20': 0.0526, 'hit@40': 0.2109, 'ndcg@40': 0.0683} 
2024-10-10 14:23:09.910 | INFO     | trainer_1:_train_one_epoch:209 - test 11 cost time 5.51s, result: {'hit@1': 0.0064, 'ndcg@1': 0.0064, 'hit@5': 0.0301, 'ndcg@5': 0.018, 'hit@10': 0.053, 'ndcg@10': 0.0253, 'hit@15': 0.0725, 'ndcg@15': 0.0305, 'hit@20': 0.0902, 'ndcg@20': 0.0346, 'hit@40': 0.1503, 'ndcg@40': 0.0469} 
2024-10-10 14:23:36.008 | INFO     | trainer_1:_train_one_epoch:193 - epoch 12 11.07s Train loss is [0.4654] 
2024-10-10 14:23:45.890 | INFO     | trainer_1:_train_one_epoch:201 - validate 12 cost time 9.88s, result: {'hit@1': 0.0109, 'ndcg@1': 0.0109, 'hit@5': 0.0445, 'ndcg@5': 0.0273, 'hit@10': 0.077, 'ndcg@10': 0.0377, 'hit@15': 0.105, 'ndcg@15': 0.0451, 'hit@20': 0.1275, 'ndcg@20': 0.0504, 'hit@40': 0.2053, 'ndcg@40': 0.0662} 
2024-10-10 14:23:54.629 | INFO     | trainer_1:_train_one_epoch:209 - test 12 cost time 8.74s, result: {'hit@1': 0.0063, 'ndcg@1': 0.0063, 'hit@5': 0.0291, 'ndcg@5': 0.0175, 'hit@10': 0.0527, 'ndcg@10': 0.025, 'hit@15': 0.0722, 'ndcg@15': 0.0302, 'hit@20': 0.0898, 'ndcg@20': 0.0343, 'hit@40': 0.1486, 'ndcg@40': 0.0463} 
2024-10-10 14:24:04.264 | INFO     | trainer_1:_train_one_epoch:193 - epoch 13 9.63s Train loss is [0.4448] 
2024-10-10 14:24:12.240 | INFO     | trainer_1:_train_one_epoch:201 - validate 13 cost time 7.98s, result: {'hit@1': 0.0113, 'ndcg@1': 0.0113, 'hit@5': 0.0445, 'ndcg@5': 0.0276, 'hit@10': 0.0807, 'ndcg@10': 0.0392, 'hit@15': 0.1095, 'ndcg@15': 0.0468, 'hit@20': 0.136, 'ndcg@20': 0.053, 'hit@40': 0.2204, 'ndcg@40': 0.0702} 
2024-10-10 14:24:21.732 | INFO     | trainer_1:_train_one_epoch:209 - test 13 cost time 9.49s, result: {'hit@1': 0.0064, 'ndcg@1': 0.0064, 'hit@5': 0.0302, 'ndcg@5': 0.018, 'hit@10': 0.0528, 'ndcg@10': 0.0253, 'hit@15': 0.0724, 'ndcg@15': 0.0305, 'hit@20': 0.0904, 'ndcg@20': 0.0347, 'hit@40': 0.153, 'ndcg@40': 0.0475} 
2024-10-10 14:24:31.902 | INFO     | trainer_1:_train_one_epoch:193 - epoch 14 10.17s Train loss is [0.4451] 
2024-10-10 14:24:41.503 | INFO     | trainer_1:_train_one_epoch:201 - validate 14 cost time 9.60s, result: {'hit@1': 0.0119, 'ndcg@1': 0.0119, 'hit@5': 0.0442, 'ndcg@5': 0.028, 'hit@10': 0.0789, 'ndcg@10': 0.0391, 'hit@15': 0.1079, 'ndcg@15': 0.0468, 'hit@20': 0.1311, 'ndcg@20': 0.0523, 'hit@40': 0.2127, 'ndcg@40': 0.0689} 
2024-10-10 14:24:46.553 | INFO     | trainer_1:_train_one_epoch:209 - test 14 cost time 5.05s, result: {'hit@1': 0.0076, 'ndcg@1': 0.0076, 'hit@5': 0.0301, 'ndcg@5': 0.0187, 'hit@10': 0.053, 'ndcg@10': 0.026, 'hit@15': 0.0727, 'ndcg@15': 0.0312, 'hit@20': 0.0903, 'ndcg@20': 0.0354, 'hit@40': 0.1507, 'ndcg@40': 0.0476} 
2024-10-10 14:24:57.037 | INFO     | trainer_1:_train_one_epoch:193 - epoch 15 10.48s Train loss is [0.4337] 
2024-10-10 14:25:03.904 | INFO     | trainer_1:_train_one_epoch:201 - validate 15 cost time 6.87s, result: {'hit@1': 0.0107, 'ndcg@1': 0.0107, 'hit@5': 0.0442, 'ndcg@5': 0.0273, 'hit@10': 0.0747, 'ndcg@10': 0.0371, 'hit@15': 0.1019, 'ndcg@15': 0.0443, 'hit@20': 0.1292, 'ndcg@20': 0.0508, 'hit@40': 0.2102, 'ndcg@40': 0.0673} 
2024-10-10 14:25:12.334 | INFO     | trainer_1:_train_one_epoch:209 - test 15 cost time 8.43s, result: {'hit@1': 0.0079, 'ndcg@1': 0.0079, 'hit@5': 0.0305, 'ndcg@5': 0.019, 'hit@10': 0.0528, 'ndcg@10': 0.0261, 'hit@15': 0.0732, 'ndcg@15': 0.0315, 'hit@20': 0.0889, 'ndcg@20': 0.0352, 'hit@40': 0.1488, 'ndcg@40': 0.0474} 
2024-10-10 14:25:22.000 | INFO     | trainer_1:_train_one_epoch:193 - epoch 16 9.67s Train loss is [0.4394] 
2024-10-10 14:25:29.825 | INFO     | trainer_1:_train_one_epoch:201 - validate 16 cost time 7.82s, result: {'hit@1': 0.0118, 'ndcg@1': 0.0118, 'hit@5': 0.0466, 'ndcg@5': 0.0291, 'hit@10': 0.0794, 'ndcg@10': 0.0395, 'hit@15': 0.1065, 'ndcg@15': 0.0467, 'hit@20': 0.1323, 'ndcg@20': 0.0528, 'hit@40': 0.2106, 'ndcg@40': 0.0687} 
2024-10-10 14:25:38.441 | INFO     | trainer_1:_train_one_epoch:209 - test 16 cost time 8.62s, result: {'hit@1': 0.0075, 'ndcg@1': 0.0075, 'hit@5': 0.0325, 'ndcg@5': 0.0198, 'hit@10': 0.0549, 'ndcg@10': 0.027, 'hit@15': 0.0755, 'ndcg@15': 0.0324, 'hit@20': 0.0921, 'ndcg@20': 0.0363, 'hit@40': 0.1511, 'ndcg@40': 0.0483} 
2024-10-10 14:26:08.839 | INFO     | trainer_1:_train_one_epoch:193 - epoch 17 10.65s Train loss is [0.4319] 
2024-10-10 14:26:15.489 | INFO     | trainer_1:_train_one_epoch:201 - validate 17 cost time 6.65s, result: {'hit@1': 0.0118, 'ndcg@1': 0.0118, 'hit@5': 0.0455, 'ndcg@5': 0.0284, 'hit@10': 0.0786, 'ndcg@10': 0.039, 'hit@15': 0.1061, 'ndcg@15': 0.0463, 'hit@20': 0.1316, 'ndcg@20': 0.0523, 'hit@40': 0.2125, 'ndcg@40': 0.0688} 
2024-10-10 14:26:22.450 | INFO     | trainer_1:_train_one_epoch:209 - test 17 cost time 6.96s, result: {'hit@1': 0.0078, 'ndcg@1': 0.0078, 'hit@5': 0.0304, 'ndcg@5': 0.0191, 'hit@10': 0.0535, 'ndcg@10': 0.0266, 'hit@15': 0.0727, 'ndcg@15': 0.0316, 'hit@20': 0.0899, 'ndcg@20': 0.0357, 'hit@40': 0.154, 'ndcg@40': 0.0487} 
2024-10-10 14:26:34.093 | INFO     | trainer_1:_train_one_epoch:193 - epoch 18 11.64s Train loss is [0.4122] 
2024-10-10 14:26:42.844 | INFO     | trainer_1:_train_one_epoch:201 - validate 18 cost time 8.75s, result: {'hit@1': 0.0128, 'ndcg@1': 0.0128, 'hit@5': 0.0491, 'ndcg@5': 0.0309, 'hit@10': 0.0837, 'ndcg@10': 0.042, 'hit@15': 0.1101, 'ndcg@15': 0.049, 'hit@20': 0.1337, 'ndcg@20': 0.0545, 'hit@40': 0.2138, 'ndcg@40': 0.0708} 
2024-10-10 14:26:51.613 | INFO     | trainer_1:_train_one_epoch:209 - test 18 cost time 8.77s, result: {'hit@1': 0.0083, 'ndcg@1': 0.0083, 'hit@5': 0.0321, 'ndcg@5': 0.0202, 'hit@10': 0.0558, 'ndcg@10': 0.0278, 'hit@15': 0.0753, 'ndcg@15': 0.033, 'hit@20': 0.0929, 'ndcg@20': 0.0371, 'hit@40': 0.1532, 'ndcg@40': 0.0494} 
2024-10-10 14:27:19.019 | INFO     | trainer_1:_train_one_epoch:193 - epoch 19 10.56s Train loss is [0.4147] 
2024-10-10 14:27:26.652 | INFO     | trainer_1:_train_one_epoch:201 - validate 19 cost time 7.63s, result: {'hit@1': 0.0127, 'ndcg@1': 0.0127, 'hit@5': 0.0501, 'ndcg@5': 0.0314, 'hit@10': 0.0857, 'ndcg@10': 0.0429, 'hit@15': 0.1157, 'ndcg@15': 0.0508, 'hit@20': 0.1417, 'ndcg@20': 0.0569, 'hit@40': 0.224, 'ndcg@40': 0.0737} 
2024-10-10 14:27:33.582 | INFO     | trainer_1:_train_one_epoch:209 - test 19 cost time 6.93s, result: {'hit@1': 0.008, 'ndcg@1': 0.008, 'hit@5': 0.034, 'ndcg@5': 0.021, 'hit@10': 0.0573, 'ndcg@10': 0.0284, 'hit@15': 0.0785, 'ndcg@15': 0.034, 'hit@20': 0.0958, 'ndcg@20': 0.0381, 'hit@40': 0.158, 'ndcg@40': 0.0507} 
2024-10-10 14:27:57.824 | INFO     | trainer_1:_train_one_epoch:193 - epoch 20 10.76s Train loss is [0.4033] 
2024-10-10 14:28:06.985 | INFO     | trainer_1:_train_one_epoch:201 - validate 20 cost time 9.16s, result: {'hit@1': 0.0134, 'ndcg@1': 0.0134, 'hit@5': 0.0508, 'ndcg@5': 0.0319, 'hit@10': 0.085, 'ndcg@10': 0.0429, 'hit@15': 0.1095, 'ndcg@15': 0.0493, 'hit@20': 0.1341, 'ndcg@20': 0.0552, 'hit@40': 0.2171, 'ndcg@40': 0.0721} 
2024-10-10 14:28:16.846 | INFO     | trainer_1:_train_one_epoch:209 - test 20 cost time 9.86s, result: {'hit@1': 0.0087, 'ndcg@1': 0.0087, 'hit@5': 0.033, 'ndcg@5': 0.0208, 'hit@10': 0.0563, 'ndcg@10': 0.0283, 'hit@15': 0.0753, 'ndcg@15': 0.0333, 'hit@20': 0.0936, 'ndcg@20': 0.0376, 'hit@40': 0.1522, 'ndcg@40': 0.0495} 
2024-10-10 14:28:28.923 | INFO     | trainer_1:_train_one_epoch:193 - epoch 21 12.07s Train loss is [0.3955] 
2024-10-10 14:28:36.570 | INFO     | trainer_1:_train_one_epoch:201 - validate 21 cost time 7.65s, result: {'hit@1': 0.0142, 'ndcg@1': 0.0142, 'hit@5': 0.0503, 'ndcg@5': 0.0322, 'hit@10': 0.0854, 'ndcg@10': 0.0434, 'hit@15': 0.1142, 'ndcg@15': 0.051, 'hit@20': 0.1395, 'ndcg@20': 0.057, 'hit@40': 0.2208, 'ndcg@40': 0.0735} 
2024-10-10 14:28:45.700 | INFO     | trainer_1:_train_one_epoch:209 - test 21 cost time 9.13s, result: {'hit@1': 0.0097, 'ndcg@1': 0.0097, 'hit@5': 0.033, 'ndcg@5': 0.0213, 'hit@10': 0.0566, 'ndcg@10': 0.029, 'hit@15': 0.0767, 'ndcg@15': 0.0343, 'hit@20': 0.0946, 'ndcg@20': 0.0385, 'hit@40': 0.1557, 'ndcg@40': 0.0509} 
2024-10-10 14:28:55.807 | INFO     | trainer_1:_train_one_epoch:193 - epoch 22 10.11s Train loss is [0.4010] 
2024-10-10 14:29:03.258 | INFO     | trainer_1:_train_one_epoch:201 - validate 22 cost time 7.45s, result: {'hit@1': 0.0138, 'ndcg@1': 0.0138, 'hit@5': 0.0525, 'ndcg@5': 0.0332, 'hit@10': 0.0899, 'ndcg@10': 0.0452, 'hit@15': 0.1195, 'ndcg@15': 0.053, 'hit@20': 0.1451, 'ndcg@20': 0.0591, 'hit@40': 0.232, 'ndcg@40': 0.0768} 
2024-10-10 14:29:09.630 | INFO     | trainer_1:_train_one_epoch:209 - test 22 cost time 6.37s, result: {'hit@1': 0.0095, 'ndcg@1': 0.0095, 'hit@5': 0.0359, 'ndcg@5': 0.0225, 'hit@10': 0.0595, 'ndcg@10': 0.0302, 'hit@15': 0.0815, 'ndcg@15': 0.036, 'hit@20': 0.0985, 'ndcg@20': 0.04, 'hit@40': 0.1637, 'ndcg@40': 0.0532} 
2024-10-10 14:29:35.520 | INFO     | trainer_1:_train_one_epoch:193 - epoch 23 9.61s Train loss is [0.3870] 
2024-10-10 14:29:41.830 | INFO     | trainer_1:_train_one_epoch:201 - validate 23 cost time 6.31s, result: {'hit@1': 0.0127, 'ndcg@1': 0.0127, 'hit@5': 0.0479, 'ndcg@5': 0.0301, 'hit@10': 0.0834, 'ndcg@10': 0.0414, 'hit@15': 0.1117, 'ndcg@15': 0.0489, 'hit@20': 0.137, 'ndcg@20': 0.0549, 'hit@40': 0.2202, 'ndcg@40': 0.0718} 
2024-10-10 14:29:49.927 | INFO     | trainer_1:_train_one_epoch:209 - test 23 cost time 8.10s, result: {'hit@1': 0.0088, 'ndcg@1': 0.0088, 'hit@5': 0.0317, 'ndcg@5': 0.0202, 'hit@10': 0.054, 'ndcg@10': 0.0274, 'hit@15': 0.0751, 'ndcg@15': 0.0329, 'hit@20': 0.0926, 'ndcg@20': 0.0371, 'hit@40': 0.1567, 'ndcg@40': 0.0501} 
2024-10-10 14:30:00.673 | INFO     | trainer_1:_train_one_epoch:193 - epoch 24 10.74s Train loss is [0.3828] 
2024-10-10 14:30:09.578 | INFO     | trainer_1:_train_one_epoch:201 - validate 24 cost time 8.90s, result: {'hit@1': 0.0143, 'ndcg@1': 0.0143, 'hit@5': 0.0506, 'ndcg@5': 0.0325, 'hit@10': 0.0837, 'ndcg@10': 0.0431, 'hit@15': 0.1104, 'ndcg@15': 0.0501, 'hit@20': 0.1357, 'ndcg@20': 0.0561, 'hit@40': 0.2167, 'ndcg@40': 0.0726} 
2024-10-10 14:30:15.512 | INFO     | trainer_1:_train_one_epoch:209 - test 24 cost time 5.93s, result: {'hit@1': 0.0087, 'ndcg@1': 0.0087, 'hit@5': 0.0337, 'ndcg@5': 0.0213, 'hit@10': 0.0549, 'ndcg@10': 0.0281, 'hit@15': 0.0758, 'ndcg@15': 0.0336, 'hit@20': 0.0929, 'ndcg@20': 0.0376, 'hit@40': 0.1548, 'ndcg@40': 0.0502} 
2024-10-10 14:30:25.770 | INFO     | trainer_1:_train_one_epoch:193 - epoch 25 10.26s Train loss is [0.3803] 
2024-10-10 14:30:35.705 | INFO     | trainer_1:_train_one_epoch:201 - validate 25 cost time 9.93s, result: {'hit@1': 0.0134, 'ndcg@1': 0.0134, 'hit@5': 0.0559, 'ndcg@5': 0.0347, 'hit@10': 0.0917, 'ndcg@10': 0.0462, 'hit@15': 0.1237, 'ndcg@15': 0.0546, 'hit@20': 0.1498, 'ndcg@20': 0.0608, 'hit@40': 0.2383, 'ndcg@40': 0.0788} 
2024-10-10 14:30:46.398 | INFO     | trainer_1:_train_one_epoch:209 - test 25 cost time 10.69s, result: {'hit@1': 0.0104, 'ndcg@1': 0.0104, 'hit@5': 0.035, 'ndcg@5': 0.0227, 'hit@10': 0.0598, 'ndcg@10': 0.0307, 'hit@15': 0.0821, 'ndcg@15': 0.0366, 'hit@20': 0.1003, 'ndcg@20': 0.0409, 'hit@40': 0.1656, 'ndcg@40': 0.0541} 
2024-10-10 14:31:14.445 | INFO     | trainer_1:_train_one_epoch:193 - epoch 26 10.46s Train loss is [0.3867] 
2024-10-10 14:31:23.066 | INFO     | trainer_1:_train_one_epoch:201 - validate 26 cost time 8.62s, result: {'hit@1': 0.0152, 'ndcg@1': 0.0152, 'hit@5': 0.0559, 'ndcg@5': 0.0357, 'hit@10': 0.0921, 'ndcg@10': 0.0473, 'hit@15': 0.1219, 'ndcg@15': 0.0552, 'hit@20': 0.1503, 'ndcg@20': 0.0619, 'hit@40': 0.2357, 'ndcg@40': 0.0792} 
2024-10-10 14:31:31.236 | INFO     | trainer_1:_train_one_epoch:209 - test 26 cost time 8.17s, result: {'hit@1': 0.0107, 'ndcg@1': 0.0107, 'hit@5': 0.0364, 'ndcg@5': 0.0235, 'hit@10': 0.0609, 'ndcg@10': 0.0314, 'hit@15': 0.0819, 'ndcg@15': 0.0369, 'hit@20': 0.1003, 'ndcg@20': 0.0412, 'hit@40': 0.1638, 'ndcg@40': 0.0541} 
2024-10-10 14:31:58.533 | INFO     | trainer_1:_train_one_epoch:193 - epoch 27 10.37s Train loss is [0.3696] 
2024-10-10 14:32:08.146 | INFO     | trainer_1:_train_one_epoch:201 - validate 27 cost time 9.61s, result: {'hit@1': 0.0151, 'ndcg@1': 0.0151, 'hit@5': 0.0536, 'ndcg@5': 0.0345, 'hit@10': 0.088, 'ndcg@10': 0.0455, 'hit@15': 0.1169, 'ndcg@15': 0.0531, 'hit@20': 0.1429, 'ndcg@20': 0.0593, 'hit@40': 0.2269, 'ndcg@40': 0.0764} 
2024-10-10 14:32:14.017 | INFO     | trainer_1:_train_one_epoch:209 - test 27 cost time 5.87s, result: {'hit@1': 0.0099, 'ndcg@1': 0.0099, 'hit@5': 0.0351, 'ndcg@5': 0.0227, 'hit@10': 0.0593, 'ndcg@10': 0.0304, 'hit@15': 0.08, 'ndcg@15': 0.0359, 'hit@20': 0.0973, 'ndcg@20': 0.04, 'hit@40': 0.1577, 'ndcg@40': 0.0522} 
2024-10-10 14:32:25.485 | INFO     | trainer_1:_train_one_epoch:193 - epoch 28 11.47s Train loss is [0.3739] 
2024-10-10 14:32:33.908 | INFO     | trainer_1:_train_one_epoch:201 - validate 28 cost time 8.42s, result: {'hit@1': 0.0145, 'ndcg@1': 0.0145, 'hit@5': 0.0572, 'ndcg@5': 0.0358, 'hit@10': 0.0918, 'ndcg@10': 0.0469, 'hit@15': 0.1227, 'ndcg@15': 0.0551, 'hit@20': 0.1475, 'ndcg@20': 0.0609, 'hit@40': 0.2322, 'ndcg@40': 0.0782} 
2024-10-10 14:32:44.026 | INFO     | trainer_1:_train_one_epoch:209 - test 28 cost time 10.12s, result: {'hit@1': 0.0108, 'ndcg@1': 0.0108, 'hit@5': 0.0367, 'ndcg@5': 0.0238, 'hit@10': 0.0623, 'ndcg@10': 0.032, 'hit@15': 0.0837, 'ndcg@15': 0.0376, 'hit@20': 0.1014, 'ndcg@20': 0.0418, 'hit@40': 0.1641, 'ndcg@40': 0.0545} 
2024-10-10 14:33:05.774 | INFO     | trainer_1:_train_one_epoch:193 - epoch 29 8.27s Train loss is [0.3767] 
2024-10-10 14:33:13.213 | INFO     | trainer_1:_train_one_epoch:201 - validate 29 cost time 7.44s, result: {'hit@1': 0.0158, 'ndcg@1': 0.0158, 'hit@5': 0.0558, 'ndcg@5': 0.0356, 'hit@10': 0.0915, 'ndcg@10': 0.0471, 'hit@15': 0.123, 'ndcg@15': 0.0553, 'hit@20': 0.1509, 'ndcg@20': 0.0619, 'hit@40': 0.2398, 'ndcg@40': 0.08} 
2024-10-10 14:33:22.242 | INFO     | trainer_1:_train_one_epoch:209 - test 29 cost time 9.03s, result: {'hit@1': 0.0112, 'ndcg@1': 0.0112, 'hit@5': 0.0374, 'ndcg@5': 0.0244, 'hit@10': 0.0628, 'ndcg@10': 0.0325, 'hit@15': 0.0842, 'ndcg@15': 0.0382, 'hit@20': 0.1036, 'ndcg@20': 0.0427, 'hit@40': 0.1708, 'ndcg@40': 0.0564} 
2024-10-10 14:33:51.317 | INFO     | trainer_1:_train_one_epoch:193 - epoch 30 9.09s Train loss is [0.3753] 
2024-10-10 14:34:00.808 | INFO     | trainer_1:_train_one_epoch:201 - validate 30 cost time 9.49s, result: {'hit@1': 0.0155, 'ndcg@1': 0.0155, 'hit@5': 0.0561, 'ndcg@5': 0.036, 'hit@10': 0.0941, 'ndcg@10': 0.0481, 'hit@15': 0.124, 'ndcg@15': 0.056, 'hit@20': 0.1509, 'ndcg@20': 0.0624, 'hit@40': 0.2388, 'ndcg@40': 0.0803} 
2024-10-10 14:34:10.031 | INFO     | trainer_1:_train_one_epoch:209 - test 30 cost time 9.22s, result: {'hit@1': 0.0106, 'ndcg@1': 0.0106, 'hit@5': 0.0372, 'ndcg@5': 0.0238, 'hit@10': 0.0625, 'ndcg@10': 0.0319, 'hit@15': 0.0829, 'ndcg@15': 0.0373, 'hit@20': 0.1031, 'ndcg@20': 0.042, 'hit@40': 0.1643, 'ndcg@40': 0.0545} 
2024-10-10 14:34:18.445 | INFO     | trainer_1:_train_one_epoch:193 - epoch 31 8.41s Train loss is [0.3743] 
2024-10-10 14:34:25.618 | INFO     | trainer_1:_train_one_epoch:201 - validate 31 cost time 7.17s, result: {'hit@1': 0.0158, 'ndcg@1': 0.0158, 'hit@5': 0.0573, 'ndcg@5': 0.0367, 'hit@10': 0.0938, 'ndcg@10': 0.0484, 'hit@15': 0.1238, 'ndcg@15': 0.0563, 'hit@20': 0.1516, 'ndcg@20': 0.0629, 'hit@40': 0.236, 'ndcg@40': 0.0801} 
2024-10-10 14:34:31.968 | INFO     | trainer_1:_train_one_epoch:209 - test 31 cost time 6.35s, result: {'hit@1': 0.0109, 'ndcg@1': 0.0109, 'hit@5': 0.0382, 'ndcg@5': 0.0245, 'hit@10': 0.0643, 'ndcg@10': 0.0328, 'hit@15': 0.0863, 'ndcg@15': 0.0387, 'hit@20': 0.1062, 'ndcg@20': 0.0433, 'hit@40': 0.1695, 'ndcg@40': 0.0562} 
2024-10-10 14:34:59.563 | INFO     | trainer_1:_train_one_epoch:193 - epoch 32 8.43s Train loss is [0.3668] 
2024-10-10 14:35:07.840 | INFO     | trainer_1:_train_one_epoch:201 - validate 32 cost time 8.28s, result: {'hit@1': 0.0157, 'ndcg@1': 0.0157, 'hit@5': 0.0553, 'ndcg@5': 0.0355, 'hit@10': 0.095, 'ndcg@10': 0.0481, 'hit@15': 0.1261, 'ndcg@15': 0.0564, 'hit@20': 0.1545, 'ndcg@20': 0.0631, 'hit@40': 0.243, 'ndcg@40': 0.0811} 
2024-10-10 14:35:17.208 | INFO     | trainer_1:_train_one_epoch:209 - test 32 cost time 9.37s, result: {'hit@1': 0.0105, 'ndcg@1': 0.0105, 'hit@5': 0.0385, 'ndcg@5': 0.0244, 'hit@10': 0.0649, 'ndcg@10': 0.0329, 'hit@15': 0.0861, 'ndcg@15': 0.0385, 'hit@20': 0.1063, 'ndcg@20': 0.0433, 'hit@40': 0.1738, 'ndcg@40': 0.057} 
2024-10-10 14:35:42.998 | INFO     | trainer_1:_train_one_epoch:193 - epoch 33 9.09s Train loss is [0.3490] 
2024-10-10 14:35:53.390 | INFO     | trainer_1:_train_one_epoch:201 - validate 33 cost time 10.39s, result: {'hit@1': 0.0153, 'ndcg@1': 0.0153, 'hit@5': 0.0565, 'ndcg@5': 0.0361, 'hit@10': 0.0946, 'ndcg@10': 0.0483, 'hit@15': 0.1266, 'ndcg@15': 0.0567, 'hit@20': 0.1542, 'ndcg@20': 0.0632, 'hit@40': 0.2489, 'ndcg@40': 0.0825} 
2024-10-10 14:36:03.431 | INFO     | trainer_1:_train_one_epoch:209 - test 33 cost time 10.04s, result: {'hit@1': 0.0113, 'ndcg@1': 0.0113, 'hit@5': 0.0404, 'ndcg@5': 0.0257, 'hit@10': 0.0655, 'ndcg@10': 0.0338, 'hit@15': 0.0873, 'ndcg@15': 0.0395, 'hit@20': 0.1076, 'ndcg@20': 0.0443, 'hit@40': 0.1744, 'ndcg@40': 0.0579} 
2024-10-10 14:36:26.449 | INFO     | trainer_1:_train_one_epoch:193 - epoch 34 9.00s Train loss is [0.3598] 
2024-10-10 14:36:35.886 | INFO     | trainer_1:_train_one_epoch:201 - validate 34 cost time 9.44s, result: {'hit@1': 0.0152, 'ndcg@1': 0.0152, 'hit@5': 0.0558, 'ndcg@5': 0.0354, 'hit@10': 0.0906, 'ndcg@10': 0.0465, 'hit@15': 0.1202, 'ndcg@15': 0.0543, 'hit@20': 0.1467, 'ndcg@20': 0.0606, 'hit@40': 0.2351, 'ndcg@40': 0.0786} 
2024-10-10 14:36:45.084 | INFO     | trainer_1:_train_one_epoch:209 - test 34 cost time 9.20s, result: {'hit@1': 0.0117, 'ndcg@1': 0.0117, 'hit@5': 0.0387, 'ndcg@5': 0.0253, 'hit@10': 0.0656, 'ndcg@10': 0.034, 'hit@15': 0.087, 'ndcg@15': 0.0396, 'hit@20': 0.106, 'ndcg@20': 0.0441, 'hit@40': 0.1705, 'ndcg@40': 0.0572} 
2024-10-10 14:37:05.583 | INFO     | trainer_1:_train_one_epoch:193 - epoch 35 8.04s Train loss is [0.3546] 
2024-10-10 14:37:15.446 | INFO     | trainer_1:_train_one_epoch:201 - validate 35 cost time 9.86s, result: {'hit@1': 0.0153, 'ndcg@1': 0.0153, 'hit@5': 0.0558, 'ndcg@5': 0.0356, 'hit@10': 0.0906, 'ndcg@10': 0.0467, 'hit@15': 0.1213, 'ndcg@15': 0.0548, 'hit@20': 0.1488, 'ndcg@20': 0.0613, 'hit@40': 0.2372, 'ndcg@40': 0.0793} 
2024-10-10 14:37:25.281 | INFO     | trainer_1:_train_one_epoch:209 - test 35 cost time 9.83s, result: {'hit@1': 0.0112, 'ndcg@1': 0.0112, 'hit@5': 0.0376, 'ndcg@5': 0.0244, 'hit@10': 0.0626, 'ndcg@10': 0.0324, 'hit@15': 0.0835, 'ndcg@15': 0.0379, 'hit@20': 0.104, 'ndcg@20': 0.0428, 'hit@40': 0.1697, 'ndcg@40': 0.0562} 
2024-10-10 14:37:34.336 | INFO     | trainer_1:_train_one_epoch:193 - epoch 36 9.05s Train loss is [0.3574] 
2024-10-10 14:37:40.370 | INFO     | trainer_1:_train_one_epoch:201 - validate 36 cost time 6.03s, result: {'hit@1': 0.0152, 'ndcg@1': 0.0152, 'hit@5': 0.0563, 'ndcg@5': 0.0357, 'hit@10': 0.0921, 'ndcg@10': 0.0472, 'hit@15': 0.1241, 'ndcg@15': 0.0556, 'hit@20': 0.1524, 'ndcg@20': 0.0623, 'hit@40': 0.2421, 'ndcg@40': 0.0805} 
2024-10-10 14:37:48.000 | INFO     | trainer_1:_train_one_epoch:209 - test 36 cost time 7.63s, result: {'hit@1': 0.0106, 'ndcg@1': 0.0106, 'hit@5': 0.0372, 'ndcg@5': 0.0238, 'hit@10': 0.0621, 'ndcg@10': 0.0318, 'hit@15': 0.0852, 'ndcg@15': 0.0379, 'hit@20': 0.1043, 'ndcg@20': 0.0424, 'hit@40': 0.1716, 'ndcg@40': 0.056} 
2024-10-10 14:37:56.732 | INFO     | trainer_1:_train_one_epoch:193 - epoch 37 8.73s Train loss is [0.3625] 
2024-10-10 14:38:08.308 | INFO     | trainer_1:_train_one_epoch:201 - validate 37 cost time 11.58s, result: {'hit@1': 0.0158, 'ndcg@1': 0.0158, 'hit@5': 0.0581, 'ndcg@5': 0.0368, 'hit@10': 0.0964, 'ndcg@10': 0.0492, 'hit@15': 0.1302, 'ndcg@15': 0.0581, 'hit@20': 0.1584, 'ndcg@20': 0.0647, 'hit@40': 0.2479, 'ndcg@40': 0.083} 
2024-10-10 14:38:17.785 | INFO     | trainer_1:_train_one_epoch:209 - test 37 cost time 9.48s, result: {'hit@1': 0.0114, 'ndcg@1': 0.0114, 'hit@5': 0.0402, 'ndcg@5': 0.0257, 'hit@10': 0.0659, 'ndcg@10': 0.0339, 'hit@15': 0.0887, 'ndcg@15': 0.0399, 'hit@20': 0.1095, 'ndcg@20': 0.0448, 'hit@40': 0.1787, 'ndcg@40': 0.0589} 
2024-10-10 14:38:39.482 | INFO     | trainer_1:_train_one_epoch:193 - epoch 38 9.54s Train loss is [0.3416] 
2024-10-10 14:38:48.723 | INFO     | trainer_1:_train_one_epoch:201 - validate 38 cost time 9.24s, result: {'hit@1': 0.0166, 'ndcg@1': 0.0166, 'hit@5': 0.0565, 'ndcg@5': 0.0366, 'hit@10': 0.0941, 'ndcg@10': 0.0487, 'hit@15': 0.1259, 'ndcg@15': 0.0571, 'hit@20': 0.1541, 'ndcg@20': 0.0637, 'hit@40': 0.2422, 'ndcg@40': 0.0816} 
2024-10-10 14:38:58.159 | INFO     | trainer_1:_train_one_epoch:209 - test 38 cost time 9.44s, result: {'hit@1': 0.0112, 'ndcg@1': 0.0112, 'hit@5': 0.0393, 'ndcg@5': 0.0252, 'hit@10': 0.0642, 'ndcg@10': 0.0332, 'hit@15': 0.0867, 'ndcg@15': 0.0391, 'hit@20': 0.1059, 'ndcg@20': 0.0436, 'hit@40': 0.1719, 'ndcg@40': 0.057} 
2024-10-10 14:39:09.860 | INFO     | trainer_1:_train_one_epoch:193 - epoch 39 11.70s Train loss is [0.3442] 
2024-10-10 14:39:19.417 | INFO     | trainer_1:_train_one_epoch:201 - validate 39 cost time 9.56s, result: {'hit@1': 0.0152, 'ndcg@1': 0.0152, 'hit@5': 0.0581, 'ndcg@5': 0.0366, 'hit@10': 0.0973, 'ndcg@10': 0.0491, 'hit@15': 0.128, 'ndcg@15': 0.0572, 'hit@20': 0.1551, 'ndcg@20': 0.0636, 'hit@40': 0.2466, 'ndcg@40': 0.0823} 
2024-10-10 14:39:26.387 | INFO     | trainer_1:_train_one_epoch:209 - test 39 cost time 6.97s, result: {'hit@1': 0.0117, 'ndcg@1': 0.0117, 'hit@5': 0.0401, 'ndcg@5': 0.0257, 'hit@10': 0.0667, 'ndcg@10': 0.0342, 'hit@15': 0.0905, 'ndcg@15': 0.0405, 'hit@20': 0.1111, 'ndcg@20': 0.0454, 'hit@40': 0.1788, 'ndcg@40': 0.0591} 
2024-10-10 14:39:46.671 | INFO     | trainer_1:_train_one_epoch:193 - epoch 40 7.04s Train loss is [0.3443] 
2024-10-10 14:39:54.531 | INFO     | trainer_1:_train_one_epoch:201 - validate 40 cost time 7.86s, result: {'hit@1': 0.0158, 'ndcg@1': 0.0158, 'hit@5': 0.0586, 'ndcg@5': 0.0373, 'hit@10': 0.095, 'ndcg@10': 0.0491, 'hit@15': 0.1275, 'ndcg@15': 0.0576, 'hit@20': 0.1568, 'ndcg@20': 0.0645, 'hit@40': 0.2457, 'ndcg@40': 0.0826} 
2024-10-10 14:40:02.331 | INFO     | trainer_1:_train_one_epoch:209 - test 40 cost time 7.80s, result: {'hit@1': 0.0114, 'ndcg@1': 0.0114, 'hit@5': 0.0385, 'ndcg@5': 0.0249, 'hit@10': 0.0653, 'ndcg@10': 0.0335, 'hit@15': 0.088, 'ndcg@15': 0.0395, 'hit@20': 0.1078, 'ndcg@20': 0.0442, 'hit@40': 0.1756, 'ndcg@40': 0.0579} 
2024-10-10 14:40:11.873 | INFO     | trainer_1:_train_one_epoch:193 - epoch 41 9.54s Train loss is [0.3484] 
2024-10-10 14:40:19.855 | INFO     | trainer_1:_train_one_epoch:201 - validate 41 cost time 7.98s, result: {'hit@1': 0.0167, 'ndcg@1': 0.0167, 'hit@5': 0.0583, 'ndcg@5': 0.0376, 'hit@10': 0.0969, 'ndcg@10': 0.0499, 'hit@15': 0.1263, 'ndcg@15': 0.0577, 'hit@20': 0.1546, 'ndcg@20': 0.0644, 'hit@40': 0.2446, 'ndcg@40': 0.0827} 
2024-10-10 14:40:29.154 | INFO     | trainer_1:_train_one_epoch:209 - test 41 cost time 9.30s, result: {'hit@1': 0.0109, 'ndcg@1': 0.0109, 'hit@5': 0.0398, 'ndcg@5': 0.0253, 'hit@10': 0.0655, 'ndcg@10': 0.0336, 'hit@15': 0.0882, 'ndcg@15': 0.0395, 'hit@20': 0.1086, 'ndcg@20': 0.0444, 'hit@40': 0.1755, 'ndcg@40': 0.058} 
2024-10-10 14:40:39.505 | INFO     | trainer_1:_train_one_epoch:193 - epoch 42 10.35s Train loss is [0.3386] 
2024-10-10 14:40:47.825 | INFO     | trainer_1:_train_one_epoch:201 - validate 42 cost time 8.32s, result: {'hit@1': 0.0178, 'ndcg@1': 0.0178, 'hit@5': 0.0638, 'ndcg@5': 0.0405, 'hit@10': 0.1042, 'ndcg@10': 0.0534, 'hit@15': 0.1353, 'ndcg@15': 0.0616, 'hit@20': 0.1647, 'ndcg@20': 0.0685, 'hit@40': 0.256, 'ndcg@40': 0.0872} 
2024-10-10 14:40:56.873 | INFO     | trainer_1:_train_one_epoch:209 - test 42 cost time 9.05s, result: {'hit@1': 0.0108, 'ndcg@1': 0.0108, 'hit@5': 0.0411, 'ndcg@5': 0.026, 'hit@10': 0.0684, 'ndcg@10': 0.0348, 'hit@15': 0.0912, 'ndcg@15': 0.0408, 'hit@20': 0.1127, 'ndcg@20': 0.0458, 'hit@40': 0.182, 'ndcg@40': 0.0599} 
2024-10-10 14:41:20.988 | INFO     | trainer_1:_train_one_epoch:193 - epoch 43 7.94s Train loss is [0.3386] 
2024-10-10 14:41:30.905 | INFO     | trainer_1:_train_one_epoch:201 - validate 43 cost time 9.92s, result: {'hit@1': 0.0167, 'ndcg@1': 0.0167, 'hit@5': 0.0583, 'ndcg@5': 0.0376, 'hit@10': 0.0989, 'ndcg@10': 0.0506, 'hit@15': 0.1302, 'ndcg@15': 0.0589, 'hit@20': 0.1606, 'ndcg@20': 0.0661, 'hit@40': 0.2519, 'ndcg@40': 0.0847} 
2024-10-10 14:41:40.701 | INFO     | trainer_1:_train_one_epoch:209 - test 43 cost time 9.80s, result: {'hit@1': 0.0111, 'ndcg@1': 0.0111, 'hit@5': 0.0408, 'ndcg@5': 0.0258, 'hit@10': 0.068, 'ndcg@10': 0.0344, 'hit@15': 0.0903, 'ndcg@15': 0.0403, 'hit@20': 0.111, 'ndcg@20': 0.0452, 'hit@40': 0.1783, 'ndcg@40': 0.0589} 
2024-10-10 14:41:48.611 | INFO     | trainer_1:_train_one_epoch:193 - epoch 44 7.91s Train loss is [0.3462] 
2024-10-10 14:41:55.903 | INFO     | trainer_1:_train_one_epoch:201 - validate 44 cost time 7.29s, result: {'hit@1': 0.0173, 'ndcg@1': 0.0173, 'hit@5': 0.0583, 'ndcg@5': 0.038, 'hit@10': 0.0985, 'ndcg@10': 0.0509, 'hit@15': 0.1311, 'ndcg@15': 0.0594, 'hit@20': 0.1573, 'ndcg@20': 0.0656, 'hit@40': 0.248, 'ndcg@40': 0.0841} 
2024-10-10 14:42:01.560 | INFO     | trainer_1:_train_one_epoch:209 - test 44 cost time 5.66s, result: {'hit@1': 0.0112, 'ndcg@1': 0.0112, 'hit@5': 0.0404, 'ndcg@5': 0.0256, 'hit@10': 0.0698, 'ndcg@10': 0.035, 'hit@15': 0.0933, 'ndcg@15': 0.0412, 'hit@20': 0.1121, 'ndcg@20': 0.0456, 'hit@40': 0.1803, 'ndcg@40': 0.0595} 
2024-10-10 14:42:22.084 | INFO     | trainer_1:_train_one_epoch:193 - epoch 45 8.06s Train loss is [0.3443] 
2024-10-10 14:42:29.169 | INFO     | trainer_1:_train_one_epoch:201 - validate 45 cost time 7.08s, result: {'hit@1': 0.0166, 'ndcg@1': 0.0166, 'hit@5': 0.062, 'ndcg@5': 0.0395, 'hit@10': 0.102, 'ndcg@10': 0.0522, 'hit@15': 0.1319, 'ndcg@15': 0.0601, 'hit@20': 0.1613, 'ndcg@20': 0.067, 'hit@40': 0.2516, 'ndcg@40': 0.0853} 
2024-10-10 14:42:36.600 | INFO     | trainer_1:_train_one_epoch:209 - test 45 cost time 7.43s, result: {'hit@1': 0.0109, 'ndcg@1': 0.0109, 'hit@5': 0.0422, 'ndcg@5': 0.0263, 'hit@10': 0.0705, 'ndcg@10': 0.0354, 'hit@15': 0.0932, 'ndcg@15': 0.0413, 'hit@20': 0.1148, 'ndcg@20': 0.0464, 'hit@40': 0.1798, 'ndcg@40': 0.0597} 
2024-10-10 14:43:00.967 | INFO     | trainer_1:_train_one_epoch:193 - epoch 46 8.53s Train loss is [0.3300] 
2024-10-10 14:43:11.455 | INFO     | trainer_1:_train_one_epoch:201 - validate 46 cost time 10.49s, result: {'hit@1': 0.0169, 'ndcg@1': 0.0169, 'hit@5': 0.0598, 'ndcg@5': 0.0382, 'hit@10': 0.0989, 'ndcg@10': 0.0508, 'hit@15': 0.1307, 'ndcg@15': 0.0592, 'hit@20': 0.157, 'ndcg@20': 0.0654, 'hit@40': 0.2464, 'ndcg@40': 0.0835} 
2024-10-10 14:43:21.599 | INFO     | trainer_1:_train_one_epoch:209 - test 46 cost time 10.14s, result: {'hit@1': 0.0106, 'ndcg@1': 0.0106, 'hit@5': 0.0416, 'ndcg@5': 0.026, 'hit@10': 0.0685, 'ndcg@10': 0.0347, 'hit@15': 0.0907, 'ndcg@15': 0.0406, 'hit@20': 0.1115, 'ndcg@20': 0.0455, 'hit@40': 0.1773, 'ndcg@40': 0.0589} 
2024-10-10 14:43:31.637 | INFO     | trainer_1:_train_one_epoch:193 - epoch 47 10.04s Train loss is [0.3327] 
2024-10-10 14:43:42.370 | INFO     | trainer_1:_train_one_epoch:201 - validate 47 cost time 10.73s, result: {'hit@1': 0.0158, 'ndcg@1': 0.0158, 'hit@5': 0.0575, 'ndcg@5': 0.0367, 'hit@10': 0.0962, 'ndcg@10': 0.0491, 'hit@15': 0.1261, 'ndcg@15': 0.057, 'hit@20': 0.1536, 'ndcg@20': 0.0635, 'hit@40': 0.242, 'ndcg@40': 0.0815} 
2024-10-10 14:43:53.505 | INFO     | trainer_1:_train_one_epoch:209 - test 47 cost time 11.13s, result: {'hit@1': 0.0099, 'ndcg@1': 0.0099, 'hit@5': 0.0383, 'ndcg@5': 0.0241, 'hit@10': 0.0654, 'ndcg@10': 0.0328, 'hit@15': 0.0882, 'ndcg@15': 0.0388, 'hit@20': 0.1074, 'ndcg@20': 0.0434, 'hit@40': 0.1726, 'ndcg@40': 0.0566} 
2024-10-10 14:44:03.832 | INFO     | trainer_1:_train_one_epoch:193 - epoch 48 10.33s Train loss is [0.3265] 
2024-10-10 14:44:14.798 | INFO     | trainer_1:_train_one_epoch:201 - validate 48 cost time 10.97s, result: {'hit@1': 0.0179, 'ndcg@1': 0.0179, 'hit@5': 0.0625, 'ndcg@5': 0.04, 'hit@10': 0.1015, 'ndcg@10': 0.0525, 'hit@15': 0.1344, 'ndcg@15': 0.0612, 'hit@20': 0.1626, 'ndcg@20': 0.0678, 'hit@40': 0.2517, 'ndcg@40': 0.086} 
2024-10-10 14:44:25.055 | INFO     | trainer_1:_train_one_epoch:209 - test 48 cost time 10.26s, result: {'hit@1': 0.0107, 'ndcg@1': 0.0107, 'hit@5': 0.0416, 'ndcg@5': 0.0262, 'hit@10': 0.0715, 'ndcg@10': 0.0358, 'hit@15': 0.0943, 'ndcg@15': 0.0419, 'hit@20': 0.1145, 'ndcg@20': 0.0466, 'hit@40': 0.1821, 'ndcg@40': 0.0603} 
2024-10-10 14:44:57.257 | INFO     | trainer_1:_train_one_epoch:193 - epoch 49 11.58s Train loss is [0.3367] 
2024-10-10 14:45:08.448 | INFO     | trainer_1:_train_one_epoch:201 - validate 49 cost time 11.19s, result: {'hit@1': 0.0168, 'ndcg@1': 0.0168, 'hit@5': 0.0589, 'ndcg@5': 0.0378, 'hit@10': 0.0971, 'ndcg@10': 0.05, 'hit@15': 0.1276, 'ndcg@15': 0.0581, 'hit@20': 0.1555, 'ndcg@20': 0.0646, 'hit@40': 0.2442, 'ndcg@40': 0.0827} 
2024-10-10 14:45:18.502 | INFO     | trainer_1:_train_one_epoch:209 - test 49 cost time 10.05s, result: {'hit@1': 0.0103, 'ndcg@1': 0.0103, 'hit@5': 0.0403, 'ndcg@5': 0.0253, 'hit@10': 0.0674, 'ndcg@10': 0.0339, 'hit@15': 0.0905, 'ndcg@15': 0.04, 'hit@20': 0.1108, 'ndcg@20': 0.0448, 'hit@40': 0.1748, 'ndcg@40': 0.0578} 
2024-10-10 14:45:28.544 | INFO     | trainer_1:_train_one_epoch:193 - epoch 50 10.04s Train loss is [0.3383] 
2024-10-10 14:45:39.534 | INFO     | trainer_1:_train_one_epoch:201 - validate 50 cost time 10.99s, result: {'hit@1': 0.0165, 'ndcg@1': 0.0165, 'hit@5': 0.0597, 'ndcg@5': 0.0378, 'hit@10': 0.1003, 'ndcg@10': 0.0508, 'hit@15': 0.1338, 'ndcg@15': 0.0596, 'hit@20': 0.1614, 'ndcg@20': 0.0662, 'hit@40': 0.2542, 'ndcg@40': 0.085} 
2024-10-10 14:45:49.347 | INFO     | trainer_1:_train_one_epoch:209 - test 50 cost time 9.81s, result: {'hit@1': 0.0104, 'ndcg@1': 0.0104, 'hit@5': 0.0405, 'ndcg@5': 0.0253, 'hit@10': 0.0687, 'ndcg@10': 0.0343, 'hit@15': 0.0919, 'ndcg@15': 0.0404, 'hit@20': 0.1133, 'ndcg@20': 0.0455, 'hit@40': 0.179, 'ndcg@40': 0.0588} 
2024-10-10 14:45:58.785 | INFO     | trainer_1:_train_one_epoch:193 - epoch 51 9.44s Train loss is [0.3335] 
2024-10-10 14:46:09.573 | INFO     | trainer_1:_train_one_epoch:201 - validate 51 cost time 10.79s, result: {'hit@1': 0.0165, 'ndcg@1': 0.0165, 'hit@5': 0.0626, 'ndcg@5': 0.0397, 'hit@10': 0.1042, 'ndcg@10': 0.053, 'hit@15': 0.1367, 'ndcg@15': 0.0616, 'hit@20': 0.1652, 'ndcg@20': 0.0683, 'hit@40': 0.2581, 'ndcg@40': 0.0872} 
2024-10-10 14:46:19.957 | INFO     | trainer_1:_train_one_epoch:209 - test 51 cost time 10.38s, result: {'hit@1': 0.0108, 'ndcg@1': 0.0108, 'hit@5': 0.0408, 'ndcg@5': 0.0258, 'hit@10': 0.0709, 'ndcg@10': 0.0354, 'hit@15': 0.095, 'ndcg@15': 0.0418, 'hit@20': 0.1155, 'ndcg@20': 0.0466, 'hit@40': 0.1841, 'ndcg@40': 0.0605} 
2024-10-10 14:46:28.638 | INFO     | trainer_1:_train_one_epoch:193 - epoch 52 8.68s Train loss is [0.3255] 
2024-10-10 14:46:40.078 | INFO     | trainer_1:_train_one_epoch:201 - validate 52 cost time 11.44s, result: {'hit@1': 0.0162, 'ndcg@1': 0.0162, 'hit@5': 0.0594, 'ndcg@5': 0.0377, 'hit@10': 0.0972, 'ndcg@10': 0.0498, 'hit@15': 0.1298, 'ndcg@15': 0.0584, 'hit@20': 0.1575, 'ndcg@20': 0.0649, 'hit@40': 0.249, 'ndcg@40': 0.0835} 
2024-10-10 14:46:50.450 | INFO     | trainer_1:_train_one_epoch:209 - test 52 cost time 10.37s, result: {'hit@1': 0.0106, 'ndcg@1': 0.0106, 'hit@5': 0.0398, 'ndcg@5': 0.0252, 'hit@10': 0.0672, 'ndcg@10': 0.034, 'hit@15': 0.0906, 'ndcg@15': 0.0402, 'hit@20': 0.1104, 'ndcg@20': 0.0448, 'hit@40': 0.1787, 'ndcg@40': 0.0587} 
2024-10-10 14:46:59.328 | INFO     | trainer_1:_train_one_epoch:193 - epoch 53 8.88s Train loss is [0.3302] 
2024-10-10 14:47:09.684 | INFO     | trainer_1:_train_one_epoch:201 - validate 53 cost time 10.36s, result: {'hit@1': 0.0167, 'ndcg@1': 0.0167, 'hit@5': 0.0606, 'ndcg@5': 0.0387, 'hit@10': 0.0985, 'ndcg@10': 0.0508, 'hit@15': 0.1297, 'ndcg@15': 0.0591, 'hit@20': 0.1584, 'ndcg@20': 0.0658, 'hit@40': 0.2486, 'ndcg@40': 0.0842} 
2024-10-10 14:47:19.706 | INFO     | trainer_1:_train_one_epoch:209 - test 53 cost time 10.02s, result: {'hit@1': 0.0106, 'ndcg@1': 0.0106, 'hit@5': 0.0409, 'ndcg@5': 0.0257, 'hit@10': 0.0675, 'ndcg@10': 0.0341, 'hit@15': 0.0887, 'ndcg@15': 0.0397, 'hit@20': 0.1095, 'ndcg@20': 0.0446, 'hit@40': 0.1775, 'ndcg@40': 0.0585} 
2024-10-10 14:47:19.716 | INFO     | trainer_1:train_model:163 - training end, best iteration 48, results: {'hit@1': 0.0179, 'ndcg@1': 0.0179, 'hit@5': 0.0625, 'ndcg@5': 0.04, 'hit@10': 0.1015, 'ndcg@10': 0.0525, 'hit@15': 0.1344, 'ndcg@15': 0.0612, 'hit@20': 0.1626, 'ndcg@20': 0.0678, 'hit@40': 0.2517, 'ndcg@40': 0.086}
2024-10-10 14:47:19.716 | INFO     | trainer_1:train_model:166 - final test result is:  {'hit@1': 0.0107, 'ndcg@1': 0.0107, 'hit@5': 0.0416, 'ndcg@5': 0.0262, 'hit@10': 0.0715, 'ndcg@10': 0.0358, 'hit@15': 0.0943, 'ndcg@15': 0.0419, 'hit@20': 0.1145, 'ndcg@20': 0.0466, 'hit@40': 0.1821, 'ndcg@40': 0.0603}
2024-10-10 14:47:20.064 | INFO     | __main__:<module>:119 - train end total cost time: 3735.6394295692444
