2024-10-10 12:52:02.134 | INFO     | __main__:<module>:105 - Namespace(TIME='2024-10-10 12_51_21', batch_size=1024, behaviors=['view', 'cart', 'buy'], check_point='model_pre_1_2024-10-08 12_35_44.pth', data_name='beibei', data_path='./data/beibei', decay=0.001, device='cuda:1', dim_qk=32, dim_v=64, distill_layers=2, distill_thres=0.5, distill_topK=10, distill_userK=4, embedding_size=64, epochs=100, gpu_no=1, if_load_model=True, ii_lambda=200, initializer_range=0.02, layers=2, loss_type='bpr', lr=0.001, message_dropout=0.25, metrics=['hit', 'ndcg'], min_epoch=5, model_name='main_1', model_path='./check_point', node_dropout=0.75, omega=1, pt_loop=50, reg_weight=0.001, test_batch_size=1024, testbatch=1024, topk=[1, 5, 10, 15, 20, 40], uu_lambda=100)
2024-10-10 12:52:02.135 | INFO     | __main__:<module>:106 - BIPN(
  (message_dropout): Dropout(p=0.25, inplace=False)
  (user_embedding): Embedding(21717, 64, padding_idx=0)
  (item_embedding): Embedding(7978, 64, padding_idx=0)
  (global_Graph): LightGCN()
  (Graph_encoder): ModuleDict(
    (view): GraphEncoder(
      (light): LightGCN()
      (dropout): Dropout(p=0.75, inplace=False)
    )
    (cart): GraphEncoder(
      (light): LightGCN()
      (dropout): Dropout(p=0.75, inplace=False)
    )
    (buy): GraphEncoder(
      (light): LightGCN()
      (dropout): Dropout(p=0.75, inplace=False)
    )
  )
  (attention): Mutual_Attention()
  (bpr_loss): BPRLoss()
  (emb_loss): EmbLoss()
  (f): Sigmoid()
)
2024-10-10 13:12:31.402 | INFO     | trainer_1:_train_one_epoch:193 - epoch 1 8.72s Train loss is [0.9423] 
2024-10-10 13:12:36.813 | INFO     | trainer_1:_train_one_epoch:201 - validate 1 cost time 5.41s, result: {'hit@1': 0.0046, 'ndcg@1': 0.0046, 'hit@5': 0.0233, 'ndcg@5': 0.014, 'hit@10': 0.0453, 'ndcg@10': 0.0211, 'hit@15': 0.0638, 'ndcg@15': 0.026, 'hit@20': 0.0822, 'ndcg@20': 0.0303, 'hit@40': 0.1411, 'ndcg@40': 0.0423} 
2024-10-10 13:12:42.011 | INFO     | trainer_1:_train_one_epoch:209 - test 1 cost time 5.20s, result: {'hit@1': 0.0032, 'ndcg@1': 0.0032, 'hit@5': 0.0148, 'ndcg@5': 0.0089, 'hit@10': 0.0291, 'ndcg@10': 0.0135, 'hit@15': 0.0432, 'ndcg@15': 0.0172, 'hit@20': 0.0571, 'ndcg@20': 0.0205, 'hit@40': 0.1062, 'ndcg@40': 0.0305} 
2024-10-10 13:13:04.668 | INFO     | trainer_1:_train_one_epoch:193 - epoch 2 9.51s Train loss is [0.7232] 
2024-10-10 13:13:13.420 | INFO     | trainer_1:_train_one_epoch:201 - validate 2 cost time 8.75s, result: {'hit@1': 0.0073, 'ndcg@1': 0.0073, 'hit@5': 0.0287, 'ndcg@5': 0.0178, 'hit@10': 0.0508, 'ndcg@10': 0.0249, 'hit@15': 0.0716, 'ndcg@15': 0.0304, 'hit@20': 0.0907, 'ndcg@20': 0.0349, 'hit@40': 0.1547, 'ndcg@40': 0.0479} 
2024-10-10 13:13:23.436 | INFO     | trainer_1:_train_one_epoch:209 - test 2 cost time 10.02s, result: {'hit@1': 0.0041, 'ndcg@1': 0.0041, 'hit@5': 0.0185, 'ndcg@5': 0.011, 'hit@10': 0.0355, 'ndcg@10': 0.0164, 'hit@15': 0.0502, 'ndcg@15': 0.0204, 'hit@20': 0.0641, 'ndcg@20': 0.0236, 'hit@40': 0.1152, 'ndcg@40': 0.034} 
2024-10-10 13:13:47.255 | INFO     | trainer_1:_train_one_epoch:193 - epoch 3 9.37s Train loss is [0.6278] 
2024-10-10 13:13:55.391 | INFO     | trainer_1:_train_one_epoch:201 - validate 3 cost time 8.14s, result: {'hit@1': 0.01, 'ndcg@1': 0.01, 'hit@5': 0.0333, 'ndcg@5': 0.0215, 'hit@10': 0.06, 'ndcg@10': 0.03, 'hit@15': 0.0839, 'ndcg@15': 0.0363, 'hit@20': 0.1059, 'ndcg@20': 0.0415, 'hit@40': 0.1768, 'ndcg@40': 0.0559} 
2024-10-10 13:14:04.582 | INFO     | trainer_1:_train_one_epoch:209 - test 3 cost time 9.19s, result: {'hit@1': 0.0048, 'ndcg@1': 0.0048, 'hit@5': 0.0222, 'ndcg@5': 0.0134, 'hit@10': 0.0404, 'ndcg@10': 0.0192, 'hit@15': 0.0586, 'ndcg@15': 0.0241, 'hit@20': 0.0737, 'ndcg@20': 0.0276, 'hit@40': 0.1278, 'ndcg@40': 0.0386} 
2024-10-10 13:14:25.104 | INFO     | trainer_1:_train_one_epoch:193 - epoch 4 9.31s Train loss is [0.5774] 
2024-10-10 13:14:31.307 | INFO     | trainer_1:_train_one_epoch:201 - validate 4 cost time 6.20s, result: {'hit@1': 0.0105, 'ndcg@1': 0.0105, 'hit@5': 0.0377, 'ndcg@5': 0.0237, 'hit@10': 0.0686, 'ndcg@10': 0.0336, 'hit@15': 0.0956, 'ndcg@15': 0.0407, 'hit@20': 0.1186, 'ndcg@20': 0.0461, 'hit@40': 0.1973, 'ndcg@40': 0.0622} 
2024-10-10 13:14:37.664 | INFO     | trainer_1:_train_one_epoch:209 - test 4 cost time 6.36s, result: {'hit@1': 0.0058, 'ndcg@1': 0.0058, 'hit@5': 0.0245, 'ndcg@5': 0.0149, 'hit@10': 0.0426, 'ndcg@10': 0.0207, 'hit@15': 0.0635, 'ndcg@15': 0.0262, 'hit@20': 0.0817, 'ndcg@20': 0.0305, 'hit@40': 0.1401, 'ndcg@40': 0.0424} 
2024-10-10 13:15:02.009 | INFO     | trainer_1:_train_one_epoch:193 - epoch 5 10.09s Train loss is [0.5437] 
2024-10-10 13:15:11.480 | INFO     | trainer_1:_train_one_epoch:201 - validate 5 cost time 9.47s, result: {'hit@1': 0.0122, 'ndcg@1': 0.0122, 'hit@5': 0.0431, 'ndcg@5': 0.0274, 'hit@10': 0.0744, 'ndcg@10': 0.0374, 'hit@15': 0.0993, 'ndcg@15': 0.044, 'hit@20': 0.1218, 'ndcg@20': 0.0493, 'hit@40': 0.195, 'ndcg@40': 0.0642} 
2024-10-10 13:15:17.542 | INFO     | trainer_1:_train_one_epoch:209 - test 5 cost time 6.06s, result: {'hit@1': 0.0056, 'ndcg@1': 0.0056, 'hit@5': 0.0257, 'ndcg@5': 0.0155, 'hit@10': 0.0455, 'ndcg@10': 0.0219, 'hit@15': 0.0638, 'ndcg@15': 0.0267, 'hit@20': 0.0793, 'ndcg@20': 0.0304, 'hit@40': 0.134, 'ndcg@40': 0.0415} 
2024-10-10 13:15:46.303 | INFO     | trainer_1:_train_one_epoch:193 - epoch 6 10.75s Train loss is [0.5250] 
2024-10-10 13:15:55.152 | INFO     | trainer_1:_train_one_epoch:201 - validate 6 cost time 8.85s, result: {'hit@1': 0.0118, 'ndcg@1': 0.0118, 'hit@5': 0.0436, 'ndcg@5': 0.0275, 'hit@10': 0.0738, 'ndcg@10': 0.0372, 'hit@15': 0.1025, 'ndcg@15': 0.0448, 'hit@20': 0.1264, 'ndcg@20': 0.0504, 'hit@40': 0.2077, 'ndcg@40': 0.067} 
2024-10-10 13:16:03.319 | INFO     | trainer_1:_train_one_epoch:209 - test 6 cost time 8.17s, result: {'hit@1': 0.0063, 'ndcg@1': 0.0063, 'hit@5': 0.0276, 'ndcg@5': 0.0167, 'hit@10': 0.0494, 'ndcg@10': 0.0237, 'hit@15': 0.0676, 'ndcg@15': 0.0284, 'hit@20': 0.0858, 'ndcg@20': 0.0328, 'hit@40': 0.1466, 'ndcg@40': 0.0451} 
2024-10-10 13:16:28.439 | INFO     | trainer_1:_train_one_epoch:193 - epoch 7 9.51s Train loss is [0.5032] 
2024-10-10 13:16:37.616 | INFO     | trainer_1:_train_one_epoch:201 - validate 7 cost time 9.18s, result: {'hit@1': 0.0116, 'ndcg@1': 0.0116, 'hit@5': 0.0445, 'ndcg@5': 0.0281, 'hit@10': 0.0752, 'ndcg@10': 0.0379, 'hit@15': 0.1032, 'ndcg@15': 0.0453, 'hit@20': 0.1266, 'ndcg@20': 0.0508, 'hit@40': 0.2035, 'ndcg@40': 0.0665} 
2024-10-10 13:16:47.061 | INFO     | trainer_1:_train_one_epoch:209 - test 7 cost time 9.44s, result: {'hit@1': 0.0077, 'ndcg@1': 0.0077, 'hit@5': 0.0268, 'ndcg@5': 0.0171, 'hit@10': 0.0484, 'ndcg@10': 0.0241, 'hit@15': 0.0671, 'ndcg@15': 0.029, 'hit@20': 0.084, 'ndcg@20': 0.033, 'hit@40': 0.1433, 'ndcg@40': 0.045} 
2024-10-10 13:16:57.366 | INFO     | trainer_1:_train_one_epoch:193 - epoch 8 10.30s Train loss is [0.5062] 
2024-10-10 13:17:03.809 | INFO     | trainer_1:_train_one_epoch:201 - validate 8 cost time 6.44s, result: {'hit@1': 0.0123, 'ndcg@1': 0.0123, 'hit@5': 0.0452, 'ndcg@5': 0.0286, 'hit@10': 0.0758, 'ndcg@10': 0.0384, 'hit@15': 0.1009, 'ndcg@15': 0.045, 'hit@20': 0.1234, 'ndcg@20': 0.0503, 'hit@40': 0.1982, 'ndcg@40': 0.0656} 
2024-10-10 13:17:11.043 | INFO     | trainer_1:_train_one_epoch:209 - test 8 cost time 7.23s, result: {'hit@1': 0.0077, 'ndcg@1': 0.0077, 'hit@5': 0.0277, 'ndcg@5': 0.0176, 'hit@10': 0.0479, 'ndcg@10': 0.0241, 'hit@15': 0.0659, 'ndcg@15': 0.0288, 'hit@20': 0.0829, 'ndcg@20': 0.0328, 'hit@40': 0.1387, 'ndcg@40': 0.0442} 
2024-10-10 13:17:24.117 | INFO     | trainer_1:_train_one_epoch:193 - epoch 9 13.07s Train loss is [0.4901] 
2024-10-10 13:17:32.636 | INFO     | trainer_1:_train_one_epoch:201 - validate 9 cost time 8.52s, result: {'hit@1': 0.0106, 'ndcg@1': 0.0106, 'hit@5': 0.0465, 'ndcg@5': 0.0286, 'hit@10': 0.0801, 'ndcg@10': 0.0394, 'hit@15': 0.1112, 'ndcg@15': 0.0476, 'hit@20': 0.1381, 'ndcg@20': 0.054, 'hit@40': 0.2226, 'ndcg@40': 0.0711} 
2024-10-10 13:17:42.569 | INFO     | trainer_1:_train_one_epoch:209 - test 9 cost time 9.93s, result: {'hit@1': 0.0072, 'ndcg@1': 0.0072, 'hit@5': 0.0303, 'ndcg@5': 0.0189, 'hit@10': 0.0529, 'ndcg@10': 0.0261, 'hit@15': 0.0725, 'ndcg@15': 0.0312, 'hit@20': 0.0913, 'ndcg@20': 0.0357, 'hit@40': 0.1583, 'ndcg@40': 0.0493} 
2024-10-10 13:18:12.168 | INFO     | trainer_1:_train_one_epoch:193 - epoch 10 14.60s Train loss is [0.4765] 
2024-10-10 13:18:21.941 | INFO     | trainer_1:_train_one_epoch:201 - validate 10 cost time 9.77s, result: {'hit@1': 0.0122, 'ndcg@1': 0.0122, 'hit@5': 0.0462, 'ndcg@5': 0.0291, 'hit@10': 0.0793, 'ndcg@10': 0.0397, 'hit@15': 0.1064, 'ndcg@15': 0.0468, 'hit@20': 0.1294, 'ndcg@20': 0.0522, 'hit@40': 0.2045, 'ndcg@40': 0.0675} 
2024-10-10 13:18:32.077 | INFO     | trainer_1:_train_one_epoch:209 - test 10 cost time 10.14s, result: {'hit@1': 0.0069, 'ndcg@1': 0.0069, 'hit@5': 0.0303, 'ndcg@5': 0.0186, 'hit@10': 0.0498, 'ndcg@10': 0.0248, 'hit@15': 0.0682, 'ndcg@15': 0.0297, 'hit@20': 0.0866, 'ndcg@20': 0.034, 'hit@40': 0.145, 'ndcg@40': 0.0459} 
2024-10-10 13:18:45.785 | INFO     | trainer_1:_train_one_epoch:193 - epoch 11 13.71s Train loss is [0.4821] 
2024-10-10 13:18:52.241 | INFO     | trainer_1:_train_one_epoch:201 - validate 11 cost time 6.46s, result: {'hit@1': 0.0112, 'ndcg@1': 0.0112, 'hit@5': 0.0452, 'ndcg@5': 0.028, 'hit@10': 0.0794, 'ndcg@10': 0.039, 'hit@15': 0.1084, 'ndcg@15': 0.0466, 'hit@20': 0.1332, 'ndcg@20': 0.0525, 'hit@40': 0.2101, 'ndcg@40': 0.0682} 
2024-10-10 13:18:58.824 | INFO     | trainer_1:_train_one_epoch:209 - test 11 cost time 6.58s, result: {'hit@1': 0.0064, 'ndcg@1': 0.0064, 'hit@5': 0.0294, 'ndcg@5': 0.0177, 'hit@10': 0.0526, 'ndcg@10': 0.0252, 'hit@15': 0.0724, 'ndcg@15': 0.0304, 'hit@20': 0.0902, 'ndcg@20': 0.0346, 'hit@40': 0.1508, 'ndcg@40': 0.0469} 
2024-10-10 13:19:11.933 | INFO     | trainer_1:_train_one_epoch:193 - epoch 12 13.11s Train loss is [0.4652] 
2024-10-10 13:19:19.922 | INFO     | trainer_1:_train_one_epoch:201 - validate 12 cost time 7.99s, result: {'hit@1': 0.0109, 'ndcg@1': 0.0109, 'hit@5': 0.0443, 'ndcg@5': 0.0272, 'hit@10': 0.0776, 'ndcg@10': 0.0379, 'hit@15': 0.105, 'ndcg@15': 0.0451, 'hit@20': 0.1275, 'ndcg@20': 0.0504, 'hit@40': 0.2053, 'ndcg@40': 0.0662} 
2024-10-10 13:19:28.501 | INFO     | trainer_1:_train_one_epoch:209 - test 12 cost time 8.58s, result: {'hit@1': 0.0064, 'ndcg@1': 0.0064, 'hit@5': 0.029, 'ndcg@5': 0.0175, 'hit@10': 0.0524, 'ndcg@10': 0.025, 'hit@15': 0.0723, 'ndcg@15': 0.0303, 'hit@20': 0.0894, 'ndcg@20': 0.0343, 'hit@40': 0.1486, 'ndcg@40': 0.0463} 
2024-10-10 13:19:41.014 | INFO     | trainer_1:_train_one_epoch:193 - epoch 13 12.51s Train loss is [0.4445] 
2024-10-10 13:19:48.883 | INFO     | trainer_1:_train_one_epoch:201 - validate 13 cost time 7.87s, result: {'hit@1': 0.0112, 'ndcg@1': 0.0112, 'hit@5': 0.0444, 'ndcg@5': 0.0275, 'hit@10': 0.0807, 'ndcg@10': 0.0391, 'hit@15': 0.1095, 'ndcg@15': 0.0467, 'hit@20': 0.1362, 'ndcg@20': 0.053, 'hit@40': 0.2201, 'ndcg@40': 0.0701} 
2024-10-10 13:19:56.171 | INFO     | trainer_1:_train_one_epoch:209 - test 13 cost time 7.29s, result: {'hit@1': 0.0062, 'ndcg@1': 0.0062, 'hit@5': 0.0304, 'ndcg@5': 0.018, 'hit@10': 0.0529, 'ndcg@10': 0.0252, 'hit@15': 0.0725, 'ndcg@15': 0.0304, 'hit@20': 0.0909, 'ndcg@20': 0.0347, 'hit@40': 0.1533, 'ndcg@40': 0.0474} 
2024-10-10 13:20:10.117 | INFO     | trainer_1:_train_one_epoch:193 - epoch 14 13.95s Train loss is [0.4449] 
2024-10-10 13:20:18.506 | INFO     | trainer_1:_train_one_epoch:201 - validate 14 cost time 8.39s, result: {'hit@1': 0.012, 'ndcg@1': 0.012, 'hit@5': 0.044, 'ndcg@5': 0.0279, 'hit@10': 0.0792, 'ndcg@10': 0.0392, 'hit@15': 0.1078, 'ndcg@15': 0.0468, 'hit@20': 0.1311, 'ndcg@20': 0.0523, 'hit@40': 0.2126, 'ndcg@40': 0.0689} 
2024-10-10 13:20:26.726 | INFO     | trainer_1:_train_one_epoch:209 - test 14 cost time 8.22s, result: {'hit@1': 0.0075, 'ndcg@1': 0.0075, 'hit@5': 0.0303, 'ndcg@5': 0.0188, 'hit@10': 0.053, 'ndcg@10': 0.0261, 'hit@15': 0.0723, 'ndcg@15': 0.0312, 'hit@20': 0.0903, 'ndcg@20': 0.0354, 'hit@40': 0.1506, 'ndcg@40': 0.0476} 
2024-10-10 13:21:00.398 | INFO     | trainer_1:_train_one_epoch:193 - epoch 15 12.67s Train loss is [0.4337] 
2024-10-10 13:21:08.179 | INFO     | trainer_1:_train_one_epoch:201 - validate 15 cost time 7.78s, result: {'hit@1': 0.0109, 'ndcg@1': 0.0109, 'hit@5': 0.0443, 'ndcg@5': 0.0275, 'hit@10': 0.0746, 'ndcg@10': 0.0372, 'hit@15': 0.1026, 'ndcg@15': 0.0446, 'hit@20': 0.1297, 'ndcg@20': 0.051, 'hit@40': 0.2108, 'ndcg@40': 0.0675} 
2024-10-10 13:21:15.200 | INFO     | trainer_1:_train_one_epoch:209 - test 15 cost time 7.02s, result: {'hit@1': 0.0079, 'ndcg@1': 0.0079, 'hit@5': 0.0304, 'ndcg@5': 0.019, 'hit@10': 0.0531, 'ndcg@10': 0.0262, 'hit@15': 0.073, 'ndcg@15': 0.0315, 'hit@20': 0.0893, 'ndcg@20': 0.0353, 'hit@40': 0.1488, 'ndcg@40': 0.0474} 
2024-10-10 13:21:42.127 | INFO     | trainer_1:_train_one_epoch:193 - epoch 16 13.84s Train loss is [0.4393] 
2024-10-10 13:21:52.301 | INFO     | trainer_1:_train_one_epoch:201 - validate 16 cost time 10.17s, result: {'hit@1': 0.0117, 'ndcg@1': 0.0117, 'hit@5': 0.0467, 'ndcg@5': 0.0291, 'hit@10': 0.0792, 'ndcg@10': 0.0394, 'hit@15': 0.1066, 'ndcg@15': 0.0467, 'hit@20': 0.1322, 'ndcg@20': 0.0527, 'hit@40': 0.2109, 'ndcg@40': 0.0687} 
2024-10-10 13:22:00.577 | INFO     | trainer_1:_train_one_epoch:209 - test 16 cost time 8.28s, result: {'hit@1': 0.0075, 'ndcg@1': 0.0075, 'hit@5': 0.0324, 'ndcg@5': 0.0198, 'hit@10': 0.0548, 'ndcg@10': 0.0269, 'hit@15': 0.0754, 'ndcg@15': 0.0324, 'hit@20': 0.0919, 'ndcg@20': 0.0362, 'hit@40': 0.1509, 'ndcg@40': 0.0482} 
2024-10-10 13:22:26.369 | INFO     | trainer_1:_train_one_epoch:193 - epoch 17 13.27s Train loss is [0.4318] 
2024-10-10 13:22:35.791 | INFO     | trainer_1:_train_one_epoch:201 - validate 17 cost time 9.42s, result: {'hit@1': 0.0119, 'ndcg@1': 0.0119, 'hit@5': 0.0453, 'ndcg@5': 0.0284, 'hit@10': 0.0784, 'ndcg@10': 0.039, 'hit@15': 0.1062, 'ndcg@15': 0.0463, 'hit@20': 0.1318, 'ndcg@20': 0.0524, 'hit@40': 0.212, 'ndcg@40': 0.0687} 
2024-10-10 13:22:44.671 | INFO     | trainer_1:_train_one_epoch:209 - test 17 cost time 8.88s, result: {'hit@1': 0.008, 'ndcg@1': 0.008, 'hit@5': 0.0304, 'ndcg@5': 0.0192, 'hit@10': 0.0532, 'ndcg@10': 0.0265, 'hit@15': 0.0726, 'ndcg@15': 0.0317, 'hit@20': 0.0897, 'ndcg@20': 0.0357, 'hit@40': 0.1538, 'ndcg@40': 0.0487} 
2024-10-10 13:22:58.156 | INFO     | trainer_1:_train_one_epoch:193 - epoch 18 13.48s Train loss is [0.4121] 
2024-10-10 13:23:08.545 | INFO     | trainer_1:_train_one_epoch:201 - validate 18 cost time 10.39s, result: {'hit@1': 0.0131, 'ndcg@1': 0.0131, 'hit@5': 0.049, 'ndcg@5': 0.0309, 'hit@10': 0.0832, 'ndcg@10': 0.0419, 'hit@15': 0.1096, 'ndcg@15': 0.0489, 'hit@20': 0.1339, 'ndcg@20': 0.0546, 'hit@40': 0.2134, 'ndcg@40': 0.0708} 
2024-10-10 13:23:17.399 | INFO     | trainer_1:_train_one_epoch:209 - test 18 cost time 8.85s, result: {'hit@1': 0.0081, 'ndcg@1': 0.0081, 'hit@5': 0.0323, 'ndcg@5': 0.0202, 'hit@10': 0.0557, 'ndcg@10': 0.0277, 'hit@15': 0.0754, 'ndcg@15': 0.0329, 'hit@20': 0.0926, 'ndcg@20': 0.037, 'hit@40': 0.1529, 'ndcg@40': 0.0493} 
2024-10-10 13:23:41.990 | INFO     | trainer_1:_train_one_epoch:193 - epoch 19 11.92s Train loss is [0.4145] 
2024-10-10 13:23:50.804 | INFO     | trainer_1:_train_one_epoch:201 - validate 19 cost time 8.81s, result: {'hit@1': 0.0127, 'ndcg@1': 0.0127, 'hit@5': 0.0499, 'ndcg@5': 0.0313, 'hit@10': 0.0856, 'ndcg@10': 0.0427, 'hit@15': 0.1159, 'ndcg@15': 0.0507, 'hit@20': 0.141, 'ndcg@20': 0.0566, 'hit@40': 0.2236, 'ndcg@40': 0.0735} 
2024-10-10 13:24:00.569 | INFO     | trainer_1:_train_one_epoch:209 - test 19 cost time 9.76s, result: {'hit@1': 0.0079, 'ndcg@1': 0.0079, 'hit@5': 0.0338, 'ndcg@5': 0.0208, 'hit@10': 0.0569, 'ndcg@10': 0.0282, 'hit@15': 0.0788, 'ndcg@15': 0.034, 'hit@20': 0.0958, 'ndcg@20': 0.038, 'hit@40': 0.1576, 'ndcg@40': 0.0505} 
2024-10-10 13:24:32.563 | INFO     | trainer_1:_train_one_epoch:193 - epoch 20 11.79s Train loss is [0.4032] 
2024-10-10 13:24:40.162 | INFO     | trainer_1:_train_one_epoch:201 - validate 20 cost time 7.60s, result: {'hit@1': 0.0133, 'ndcg@1': 0.0133, 'hit@5': 0.0504, 'ndcg@5': 0.0316, 'hit@10': 0.0849, 'ndcg@10': 0.0427, 'hit@15': 0.1096, 'ndcg@15': 0.0492, 'hit@20': 0.1343, 'ndcg@20': 0.055, 'hit@40': 0.2169, 'ndcg@40': 0.0719} 
2024-10-10 13:24:48.319 | INFO     | trainer_1:_train_one_epoch:209 - test 20 cost time 8.16s, result: {'hit@1': 0.0086, 'ndcg@1': 0.0086, 'hit@5': 0.0328, 'ndcg@5': 0.0207, 'hit@10': 0.056, 'ndcg@10': 0.0282, 'hit@15': 0.0752, 'ndcg@15': 0.0332, 'hit@20': 0.0932, 'ndcg@20': 0.0374, 'hit@40': 0.1525, 'ndcg@40': 0.0495} 
2024-10-10 13:24:59.776 | INFO     | trainer_1:_train_one_epoch:193 - epoch 21 11.46s Train loss is [0.3954] 
2024-10-10 13:25:09.467 | INFO     | trainer_1:_train_one_epoch:201 - validate 21 cost time 9.69s, result: {'hit@1': 0.014, 'ndcg@1': 0.014, 'hit@5': 0.0507, 'ndcg@5': 0.0322, 'hit@10': 0.0854, 'ndcg@10': 0.0433, 'hit@15': 0.1141, 'ndcg@15': 0.0509, 'hit@20': 0.1393, 'ndcg@20': 0.0568, 'hit@40': 0.2208, 'ndcg@40': 0.0734} 
2024-10-10 13:25:17.640 | INFO     | trainer_1:_train_one_epoch:209 - test 21 cost time 8.17s, result: {'hit@1': 0.0097, 'ndcg@1': 0.0097, 'hit@5': 0.033, 'ndcg@5': 0.0213, 'hit@10': 0.057, 'ndcg@10': 0.029, 'hit@15': 0.0767, 'ndcg@15': 0.0342, 'hit@20': 0.0951, 'ndcg@20': 0.0385, 'hit@40': 0.1551, 'ndcg@40': 0.0507} 
2024-10-10 13:25:41.687 | INFO     | trainer_1:_train_one_epoch:193 - epoch 22 12.14s Train loss is [0.4010] 
2024-10-10 13:25:48.982 | INFO     | trainer_1:_train_one_epoch:201 - validate 22 cost time 7.29s, result: {'hit@1': 0.0137, 'ndcg@1': 0.0137, 'hit@5': 0.0524, 'ndcg@5': 0.0331, 'hit@10': 0.0898, 'ndcg@10': 0.0451, 'hit@15': 0.1195, 'ndcg@15': 0.053, 'hit@20': 0.1457, 'ndcg@20': 0.0591, 'hit@40': 0.2319, 'ndcg@40': 0.0767} 
2024-10-10 13:25:57.438 | INFO     | trainer_1:_train_one_epoch:209 - test 22 cost time 8.46s, result: {'hit@1': 0.0095, 'ndcg@1': 0.0095, 'hit@5': 0.0358, 'ndcg@5': 0.0225, 'hit@10': 0.0595, 'ndcg@10': 0.0302, 'hit@15': 0.0816, 'ndcg@15': 0.0361, 'hit@20': 0.0991, 'ndcg@20': 0.0402, 'hit@40': 0.1639, 'ndcg@40': 0.0533} 
2024-10-10 13:26:27.931 | INFO     | trainer_1:_train_one_epoch:193 - epoch 23 13.78s Train loss is [0.3869] 
2024-10-10 13:26:37.296 | INFO     | trainer_1:_train_one_epoch:201 - validate 23 cost time 9.36s, result: {'hit@1': 0.0128, 'ndcg@1': 0.0128, 'hit@5': 0.0482, 'ndcg@5': 0.0303, 'hit@10': 0.0827, 'ndcg@10': 0.0413, 'hit@15': 0.1119, 'ndcg@15': 0.049, 'hit@20': 0.137, 'ndcg@20': 0.055, 'hit@40': 0.2199, 'ndcg@40': 0.0719} 
2024-10-10 13:26:46.540 | INFO     | trainer_1:_train_one_epoch:209 - test 23 cost time 9.24s, result: {'hit@1': 0.0089, 'ndcg@1': 0.0089, 'hit@5': 0.0319, 'ndcg@5': 0.0203, 'hit@10': 0.0541, 'ndcg@10': 0.0274, 'hit@15': 0.075, 'ndcg@15': 0.0329, 'hit@20': 0.0929, 'ndcg@20': 0.0372, 'hit@40': 0.1573, 'ndcg@40': 0.0502} 
2024-10-10 13:26:58.045 | INFO     | trainer_1:_train_one_epoch:193 - epoch 24 11.50s Train loss is [0.3827] 
2024-10-10 13:27:06.367 | INFO     | trainer_1:_train_one_epoch:201 - validate 24 cost time 8.32s, result: {'hit@1': 0.0144, 'ndcg@1': 0.0144, 'hit@5': 0.0498, 'ndcg@5': 0.0321, 'hit@10': 0.0835, 'ndcg@10': 0.0429, 'hit@15': 0.1107, 'ndcg@15': 0.0501, 'hit@20': 0.1354, 'ndcg@20': 0.0559, 'hit@40': 0.2163, 'ndcg@40': 0.0725} 
2024-10-10 13:27:15.649 | INFO     | trainer_1:_train_one_epoch:209 - test 24 cost time 9.28s, result: {'hit@1': 0.0086, 'ndcg@1': 0.0086, 'hit@5': 0.0332, 'ndcg@5': 0.021, 'hit@10': 0.0549, 'ndcg@10': 0.028, 'hit@15': 0.0751, 'ndcg@15': 0.0333, 'hit@20': 0.093, 'ndcg@20': 0.0375, 'hit@40': 0.155, 'ndcg@40': 0.0501} 
2024-10-10 13:27:28.625 | INFO     | trainer_1:_train_one_epoch:193 - epoch 25 12.98s Train loss is [0.3803] 
2024-10-10 13:27:38.672 | INFO     | trainer_1:_train_one_epoch:201 - validate 25 cost time 10.05s, result: {'hit@1': 0.0134, 'ndcg@1': 0.0134, 'hit@5': 0.0557, 'ndcg@5': 0.0346, 'hit@10': 0.092, 'ndcg@10': 0.0462, 'hit@15': 0.1235, 'ndcg@15': 0.0545, 'hit@20': 0.1495, 'ndcg@20': 0.0606, 'hit@40': 0.2384, 'ndcg@40': 0.0787} 
2024-10-10 13:27:46.250 | INFO     | trainer_1:_train_one_epoch:209 - test 25 cost time 7.58s, result: {'hit@1': 0.0103, 'ndcg@1': 0.0103, 'hit@5': 0.035, 'ndcg@5': 0.0226, 'hit@10': 0.0598, 'ndcg@10': 0.0306, 'hit@15': 0.082, 'ndcg@15': 0.0364, 'hit@20': 0.1004, 'ndcg@20': 0.0408, 'hit@40': 0.1655, 'ndcg@40': 0.054} 
2024-10-10 13:28:13.911 | INFO     | trainer_1:_train_one_epoch:193 - epoch 26 14.35s Train loss is [0.3867] 
2024-10-10 13:28:22.606 | INFO     | trainer_1:_train_one_epoch:201 - validate 26 cost time 8.69s, result: {'hit@1': 0.0152, 'ndcg@1': 0.0152, 'hit@5': 0.0556, 'ndcg@5': 0.0355, 'hit@10': 0.092, 'ndcg@10': 0.0472, 'hit@15': 0.1216, 'ndcg@15': 0.055, 'hit@20': 0.1492, 'ndcg@20': 0.0615, 'hit@40': 0.236, 'ndcg@40': 0.0792} 
2024-10-10 13:28:31.027 | INFO     | trainer_1:_train_one_epoch:209 - test 26 cost time 8.42s, result: {'hit@1': 0.0105, 'ndcg@1': 0.0105, 'hit@5': 0.0371, 'ndcg@5': 0.0237, 'hit@10': 0.0606, 'ndcg@10': 0.0312, 'hit@15': 0.0818, 'ndcg@15': 0.0368, 'hit@20': 0.1, 'ndcg@20': 0.0411, 'hit@40': 0.1639, 'ndcg@40': 0.0541} 
2024-10-10 13:29:00.222 | INFO     | trainer_1:_train_one_epoch:193 - epoch 27 13.57s Train loss is [0.3696] 
2024-10-10 13:29:09.288 | INFO     | trainer_1:_train_one_epoch:201 - validate 27 cost time 9.07s, result: {'hit@1': 0.0151, 'ndcg@1': 0.0151, 'hit@5': 0.0538, 'ndcg@5': 0.0346, 'hit@10': 0.0881, 'ndcg@10': 0.0456, 'hit@15': 0.1171, 'ndcg@15': 0.0532, 'hit@20': 0.1428, 'ndcg@20': 0.0593, 'hit@40': 0.2274, 'ndcg@40': 0.0765} 
2024-10-10 13:29:16.822 | INFO     | trainer_1:_train_one_epoch:209 - test 27 cost time 7.53s, result: {'hit@1': 0.0099, 'ndcg@1': 0.0099, 'hit@5': 0.0348, 'ndcg@5': 0.0225, 'hit@10': 0.0594, 'ndcg@10': 0.0304, 'hit@15': 0.0795, 'ndcg@15': 0.0357, 'hit@20': 0.0974, 'ndcg@20': 0.0399, 'hit@40': 0.1579, 'ndcg@40': 0.0522} 
2024-10-10 13:29:29.757 | INFO     | trainer_1:_train_one_epoch:193 - epoch 28 12.93s Train loss is [0.3740] 
2024-10-10 13:29:38.704 | INFO     | trainer_1:_train_one_epoch:201 - validate 28 cost time 8.95s, result: {'hit@1': 0.0146, 'ndcg@1': 0.0146, 'hit@5': 0.0567, 'ndcg@5': 0.0356, 'hit@10': 0.0918, 'ndcg@10': 0.0469, 'hit@15': 0.1229, 'ndcg@15': 0.0551, 'hit@20': 0.148, 'ndcg@20': 0.061, 'hit@40': 0.2321, 'ndcg@40': 0.0782} 
2024-10-10 13:29:49.014 | INFO     | trainer_1:_train_one_epoch:209 - test 28 cost time 10.31s, result: {'hit@1': 0.0107, 'ndcg@1': 0.0107, 'hit@5': 0.0364, 'ndcg@5': 0.0236, 'hit@10': 0.0622, 'ndcg@10': 0.0319, 'hit@15': 0.0836, 'ndcg@15': 0.0375, 'hit@20': 0.1012, 'ndcg@20': 0.0417, 'hit@40': 0.1643, 'ndcg@40': 0.0545} 
2024-10-10 13:30:17.635 | INFO     | trainer_1:_train_one_epoch:193 - epoch 29 12.10s Train loss is [0.3768] 
2024-10-10 13:30:28.136 | INFO     | trainer_1:_train_one_epoch:201 - validate 29 cost time 10.50s, result: {'hit@1': 0.0157, 'ndcg@1': 0.0157, 'hit@5': 0.0555, 'ndcg@5': 0.0354, 'hit@10': 0.0916, 'ndcg@10': 0.047, 'hit@15': 0.1233, 'ndcg@15': 0.0553, 'hit@20': 0.1503, 'ndcg@20': 0.0617, 'hit@40': 0.2395, 'ndcg@40': 0.0799} 
2024-10-10 13:30:37.149 | INFO     | trainer_1:_train_one_epoch:209 - test 29 cost time 9.01s, result: {'hit@1': 0.0111, 'ndcg@1': 0.0111, 'hit@5': 0.0376, 'ndcg@5': 0.0244, 'hit@10': 0.0629, 'ndcg@10': 0.0325, 'hit@15': 0.0839, 'ndcg@15': 0.038, 'hit@20': 0.1034, 'ndcg@20': 0.0426, 'hit@40': 0.1711, 'ndcg@40': 0.0564} 
2024-10-10 13:31:08.228 | INFO     | trainer_1:_train_one_epoch:193 - epoch 30 13.21s Train loss is [0.3751] 
2024-10-10 13:31:18.529 | INFO     | trainer_1:_train_one_epoch:201 - validate 30 cost time 10.30s, result: {'hit@1': 0.0155, 'ndcg@1': 0.0155, 'hit@5': 0.0565, 'ndcg@5': 0.0361, 'hit@10': 0.0934, 'ndcg@10': 0.0479, 'hit@15': 0.124, 'ndcg@15': 0.056, 'hit@20': 0.1514, 'ndcg@20': 0.0625, 'hit@40': 0.2388, 'ndcg@40': 0.0802} 
2024-10-10 13:31:27.669 | INFO     | trainer_1:_train_one_epoch:209 - test 30 cost time 9.14s, result: {'hit@1': 0.0109, 'ndcg@1': 0.0109, 'hit@5': 0.0371, 'ndcg@5': 0.0238, 'hit@10': 0.0618, 'ndcg@10': 0.0317, 'hit@15': 0.0828, 'ndcg@15': 0.0373, 'hit@20': 0.1023, 'ndcg@20': 0.0419, 'hit@40': 0.1644, 'ndcg@40': 0.0545} 
2024-10-10 13:31:39.628 | INFO     | trainer_1:_train_one_epoch:193 - epoch 31 11.96s Train loss is [0.3743] 
2024-10-10 13:31:46.941 | INFO     | trainer_1:_train_one_epoch:201 - validate 31 cost time 7.31s, result: {'hit@1': 0.0159, 'ndcg@1': 0.0159, 'hit@5': 0.0571, 'ndcg@5': 0.0366, 'hit@10': 0.0938, 'ndcg@10': 0.0484, 'hit@15': 0.124, 'ndcg@15': 0.0564, 'hit@20': 0.1519, 'ndcg@20': 0.0629, 'hit@40': 0.2362, 'ndcg@40': 0.0801} 
2024-10-10 13:31:56.861 | INFO     | trainer_1:_train_one_epoch:209 - test 31 cost time 9.92s, result: {'hit@1': 0.011, 'ndcg@1': 0.011, 'hit@5': 0.0377, 'ndcg@5': 0.0243, 'hit@10': 0.0641, 'ndcg@10': 0.0328, 'hit@15': 0.0863, 'ndcg@15': 0.0387, 'hit@20': 0.1059, 'ndcg@20': 0.0433, 'hit@40': 0.1695, 'ndcg@40': 0.0562} 
2024-10-10 13:32:20.513 | INFO     | trainer_1:_train_one_epoch:193 - epoch 32 11.69s Train loss is [0.3667] 
2024-10-10 13:32:27.526 | INFO     | trainer_1:_train_one_epoch:201 - validate 32 cost time 7.01s, result: {'hit@1': 0.0157, 'ndcg@1': 0.0157, 'hit@5': 0.0554, 'ndcg@5': 0.0356, 'hit@10': 0.0944, 'ndcg@10': 0.048, 'hit@15': 0.1259, 'ndcg@15': 0.0563, 'hit@20': 0.1551, 'ndcg@20': 0.0632, 'hit@40': 0.2434, 'ndcg@40': 0.0812} 
2024-10-10 13:32:34.805 | INFO     | trainer_1:_train_one_epoch:209 - test 32 cost time 7.28s, result: {'hit@1': 0.0107, 'ndcg@1': 0.0107, 'hit@5': 0.0388, 'ndcg@5': 0.0245, 'hit@10': 0.0651, 'ndcg@10': 0.033, 'hit@15': 0.0864, 'ndcg@15': 0.0386, 'hit@20': 0.1064, 'ndcg@20': 0.0433, 'hit@40': 0.1736, 'ndcg@40': 0.057} 
2024-10-10 13:33:03.864 | INFO     | trainer_1:_train_one_epoch:193 - epoch 33 13.95s Train loss is [0.3491] 
2024-10-10 13:33:13.540 | INFO     | trainer_1:_train_one_epoch:201 - validate 33 cost time 9.68s, result: {'hit@1': 0.015, 'ndcg@1': 0.015, 'hit@5': 0.0563, 'ndcg@5': 0.0359, 'hit@10': 0.0945, 'ndcg@10': 0.0481, 'hit@15': 0.127, 'ndcg@15': 0.0567, 'hit@20': 0.1548, 'ndcg@20': 0.0633, 'hit@40': 0.2487, 'ndcg@40': 0.0824} 
2024-10-10 13:33:21.807 | INFO     | trainer_1:_train_one_epoch:209 - test 33 cost time 8.27s, result: {'hit@1': 0.0112, 'ndcg@1': 0.0112, 'hit@5': 0.0405, 'ndcg@5': 0.0258, 'hit@10': 0.0656, 'ndcg@10': 0.0338, 'hit@15': 0.0875, 'ndcg@15': 0.0396, 'hit@20': 0.1078, 'ndcg@20': 0.0444, 'hit@40': 0.1744, 'ndcg@40': 0.0579} 
2024-10-10 13:33:48.186 | INFO     | trainer_1:_train_one_epoch:193 - epoch 34 13.98s Train loss is [0.3598] 
2024-10-10 13:33:56.684 | INFO     | trainer_1:_train_one_epoch:201 - validate 34 cost time 8.50s, result: {'hit@1': 0.0152, 'ndcg@1': 0.0152, 'hit@5': 0.0556, 'ndcg@5': 0.0353, 'hit@10': 0.0908, 'ndcg@10': 0.0465, 'hit@15': 0.1195, 'ndcg@15': 0.0541, 'hit@20': 0.1466, 'ndcg@20': 0.0605, 'hit@40': 0.2349, 'ndcg@40': 0.0785} 
2024-10-10 13:34:04.895 | INFO     | trainer_1:_train_one_epoch:209 - test 34 cost time 8.21s, result: {'hit@1': 0.0114, 'ndcg@1': 0.0114, 'hit@5': 0.0388, 'ndcg@5': 0.0252, 'hit@10': 0.0653, 'ndcg@10': 0.0337, 'hit@15': 0.0871, 'ndcg@15': 0.0395, 'hit@20': 0.1065, 'ndcg@20': 0.044, 'hit@40': 0.1705, 'ndcg@40': 0.057} 
2024-10-10 13:34:17.361 | INFO     | trainer_1:_train_one_epoch:193 - epoch 35 12.47s Train loss is [0.3545] 
2024-10-10 13:34:26.228 | INFO     | trainer_1:_train_one_epoch:201 - validate 35 cost time 8.87s, result: {'hit@1': 0.0153, 'ndcg@1': 0.0153, 'hit@5': 0.0557, 'ndcg@5': 0.0355, 'hit@10': 0.091, 'ndcg@10': 0.0467, 'hit@15': 0.1211, 'ndcg@15': 0.0547, 'hit@20': 0.1486, 'ndcg@20': 0.0612, 'hit@40': 0.2372, 'ndcg@40': 0.0793} 
2024-10-10 13:34:36.054 | INFO     | trainer_1:_train_one_epoch:209 - test 35 cost time 9.83s, result: {'hit@1': 0.0111, 'ndcg@1': 0.0111, 'hit@5': 0.0378, 'ndcg@5': 0.0244, 'hit@10': 0.0628, 'ndcg@10': 0.0324, 'hit@15': 0.0831, 'ndcg@15': 0.0378, 'hit@20': 0.1039, 'ndcg@20': 0.0427, 'hit@40': 0.1696, 'ndcg@40': 0.0561} 
2024-10-10 13:34:48.970 | INFO     | trainer_1:_train_one_epoch:193 - epoch 36 12.91s Train loss is [0.3573] 
2024-10-10 13:34:57.604 | INFO     | trainer_1:_train_one_epoch:201 - validate 36 cost time 8.63s, result: {'hit@1': 0.0149, 'ndcg@1': 0.0149, 'hit@5': 0.0558, 'ndcg@5': 0.0354, 'hit@10': 0.0922, 'ndcg@10': 0.047, 'hit@15': 0.1235, 'ndcg@15': 0.0553, 'hit@20': 0.1523, 'ndcg@20': 0.0621, 'hit@40': 0.2423, 'ndcg@40': 0.0804} 
2024-10-10 13:35:05.301 | INFO     | trainer_1:_train_one_epoch:209 - test 36 cost time 7.70s, result: {'hit@1': 0.0105, 'ndcg@1': 0.0105, 'hit@5': 0.0372, 'ndcg@5': 0.0238, 'hit@10': 0.0624, 'ndcg@10': 0.0319, 'hit@15': 0.0855, 'ndcg@15': 0.038, 'hit@20': 0.1045, 'ndcg@20': 0.0424, 'hit@40': 0.1716, 'ndcg@40': 0.056} 
2024-10-10 13:35:16.774 | INFO     | trainer_1:_train_one_epoch:193 - epoch 37 11.47s Train loss is [0.3625] 
2024-10-10 13:35:26.008 | INFO     | trainer_1:_train_one_epoch:201 - validate 37 cost time 9.23s, result: {'hit@1': 0.0156, 'ndcg@1': 0.0156, 'hit@5': 0.0578, 'ndcg@5': 0.0366, 'hit@10': 0.0966, 'ndcg@10': 0.0491, 'hit@15': 0.1298, 'ndcg@15': 0.0579, 'hit@20': 0.1582, 'ndcg@20': 0.0646, 'hit@40': 0.2478, 'ndcg@40': 0.0828} 
2024-10-10 13:35:35.902 | INFO     | trainer_1:_train_one_epoch:209 - test 37 cost time 9.89s, result: {'hit@1': 0.0113, 'ndcg@1': 0.0113, 'hit@5': 0.0401, 'ndcg@5': 0.0256, 'hit@10': 0.0656, 'ndcg@10': 0.0338, 'hit@15': 0.0889, 'ndcg@15': 0.0399, 'hit@20': 0.1092, 'ndcg@20': 0.0447, 'hit@40': 0.1791, 'ndcg@40': 0.0589} 
2024-10-10 13:35:50.080 | INFO     | trainer_1:_train_one_epoch:193 - epoch 38 14.18s Train loss is [0.3417] 
2024-10-10 13:36:00.323 | INFO     | trainer_1:_train_one_epoch:201 - validate 38 cost time 10.24s, result: {'hit@1': 0.0161, 'ndcg@1': 0.0161, 'hit@5': 0.0565, 'ndcg@5': 0.0364, 'hit@10': 0.0941, 'ndcg@10': 0.0485, 'hit@15': 0.1252, 'ndcg@15': 0.0567, 'hit@20': 0.1543, 'ndcg@20': 0.0636, 'hit@40': 0.2416, 'ndcg@40': 0.0813} 
2024-10-10 13:36:11.139 | INFO     | trainer_1:_train_one_epoch:209 - test 38 cost time 10.82s, result: {'hit@1': 0.0113, 'ndcg@1': 0.0113, 'hit@5': 0.0389, 'ndcg@5': 0.025, 'hit@10': 0.0645, 'ndcg@10': 0.0332, 'hit@15': 0.0863, 'ndcg@15': 0.039, 'hit@20': 0.1056, 'ndcg@20': 0.0435, 'hit@40': 0.1718, 'ndcg@40': 0.057} 
2024-10-10 13:36:24.482 | INFO     | trainer_1:_train_one_epoch:193 - epoch 39 13.34s Train loss is [0.3442] 
2024-10-10 13:36:31.532 | INFO     | trainer_1:_train_one_epoch:201 - validate 39 cost time 7.05s, result: {'hit@1': 0.0153, 'ndcg@1': 0.0153, 'hit@5': 0.0581, 'ndcg@5': 0.0366, 'hit@10': 0.0972, 'ndcg@10': 0.0491, 'hit@15': 0.1282, 'ndcg@15': 0.0573, 'hit@20': 0.1545, 'ndcg@20': 0.0635, 'hit@40': 0.2461, 'ndcg@40': 0.0822} 
2024-10-10 13:36:38.839 | INFO     | trainer_1:_train_one_epoch:209 - test 39 cost time 7.31s, result: {'hit@1': 0.0115, 'ndcg@1': 0.0115, 'hit@5': 0.0399, 'ndcg@5': 0.0255, 'hit@10': 0.0664, 'ndcg@10': 0.034, 'hit@15': 0.0906, 'ndcg@15': 0.0404, 'hit@20': 0.1107, 'ndcg@20': 0.0452, 'hit@40': 0.1789, 'ndcg@40': 0.059} 
2024-10-10 13:37:05.673 | INFO     | trainer_1:_train_one_epoch:193 - epoch 40 12.98s Train loss is [0.3443] 
2024-10-10 13:37:14.344 | INFO     | trainer_1:_train_one_epoch:201 - validate 40 cost time 8.67s, result: {'hit@1': 0.0159, 'ndcg@1': 0.0159, 'hit@5': 0.0586, 'ndcg@5': 0.0374, 'hit@10': 0.0949, 'ndcg@10': 0.049, 'hit@15': 0.1276, 'ndcg@15': 0.0577, 'hit@20': 0.1563, 'ndcg@20': 0.0644, 'hit@40': 0.2456, 'ndcg@40': 0.0826} 
2024-10-10 13:37:23.218 | INFO     | trainer_1:_train_one_epoch:209 - test 40 cost time 8.87s, result: {'hit@1': 0.0115, 'ndcg@1': 0.0115, 'hit@5': 0.0384, 'ndcg@5': 0.0249, 'hit@10': 0.0653, 'ndcg@10': 0.0335, 'hit@15': 0.0883, 'ndcg@15': 0.0396, 'hit@20': 0.1076, 'ndcg@20': 0.0441, 'hit@40': 0.1756, 'ndcg@40': 0.0579} 
2024-10-10 13:37:35.641 | INFO     | trainer_1:_train_one_epoch:193 - epoch 41 12.42s Train loss is [0.3483] 
2024-10-10 13:37:44.885 | INFO     | trainer_1:_train_one_epoch:201 - validate 41 cost time 9.24s, result: {'hit@1': 0.0165, 'ndcg@1': 0.0165, 'hit@5': 0.0583, 'ndcg@5': 0.0375, 'hit@10': 0.097, 'ndcg@10': 0.0499, 'hit@15': 0.1269, 'ndcg@15': 0.0578, 'hit@20': 0.1538, 'ndcg@20': 0.0641, 'hit@40': 0.2446, 'ndcg@40': 0.0826} 
2024-10-10 13:37:51.408 | INFO     | trainer_1:_train_one_epoch:209 - test 41 cost time 6.52s, result: {'hit@1': 0.0111, 'ndcg@1': 0.0111, 'hit@5': 0.0399, 'ndcg@5': 0.0254, 'hit@10': 0.0655, 'ndcg@10': 0.0336, 'hit@15': 0.0887, 'ndcg@15': 0.0397, 'hit@20': 0.1089, 'ndcg@20': 0.0444, 'hit@40': 0.1756, 'ndcg@40': 0.058} 
2024-10-10 13:38:03.869 | INFO     | trainer_1:_train_one_epoch:193 - epoch 42 12.46s Train loss is [0.3386] 
2024-10-10 13:38:14.588 | INFO     | trainer_1:_train_one_epoch:201 - validate 42 cost time 10.72s, result: {'hit@1': 0.0174, 'ndcg@1': 0.0174, 'hit@5': 0.0641, 'ndcg@5': 0.0405, 'hit@10': 0.1037, 'ndcg@10': 0.0532, 'hit@15': 0.1354, 'ndcg@15': 0.0616, 'hit@20': 0.1647, 'ndcg@20': 0.0685, 'hit@40': 0.2565, 'ndcg@40': 0.0872} 
2024-10-10 13:38:23.723 | INFO     | trainer_1:_train_one_epoch:209 - test 42 cost time 9.13s, result: {'hit@1': 0.0105, 'ndcg@1': 0.0105, 'hit@5': 0.0411, 'ndcg@5': 0.0259, 'hit@10': 0.0685, 'ndcg@10': 0.0347, 'hit@15': 0.0911, 'ndcg@15': 0.0406, 'hit@20': 0.1125, 'ndcg@20': 0.0457, 'hit@40': 0.1816, 'ndcg@40': 0.0597} 
2024-10-10 13:38:54.478 | INFO     | trainer_1:_train_one_epoch:193 - epoch 43 14.67s Train loss is [0.3385] 
2024-10-10 13:39:04.017 | INFO     | trainer_1:_train_one_epoch:201 - validate 43 cost time 9.54s, result: {'hit@1': 0.0168, 'ndcg@1': 0.0168, 'hit@5': 0.0583, 'ndcg@5': 0.0377, 'hit@10': 0.0991, 'ndcg@10': 0.0507, 'hit@15': 0.1305, 'ndcg@15': 0.0591, 'hit@20': 0.1604, 'ndcg@20': 0.0661, 'hit@40': 0.2522, 'ndcg@40': 0.0848} 
2024-10-10 13:39:11.041 | INFO     | trainer_1:_train_one_epoch:209 - test 43 cost time 7.02s, result: {'hit@1': 0.0111, 'ndcg@1': 0.0111, 'hit@5': 0.0407, 'ndcg@5': 0.0258, 'hit@10': 0.0678, 'ndcg@10': 0.0344, 'hit@15': 0.0909, 'ndcg@15': 0.0405, 'hit@20': 0.1113, 'ndcg@20': 0.0453, 'hit@40': 0.1785, 'ndcg@40': 0.059} 
2024-10-10 13:39:23.659 | INFO     | trainer_1:_train_one_epoch:193 - epoch 44 12.62s Train loss is [0.3463] 
2024-10-10 13:39:33.266 | INFO     | trainer_1:_train_one_epoch:201 - validate 44 cost time 9.61s, result: {'hit@1': 0.0171, 'ndcg@1': 0.0171, 'hit@5': 0.0584, 'ndcg@5': 0.0379, 'hit@10': 0.0983, 'ndcg@10': 0.0507, 'hit@15': 0.1305, 'ndcg@15': 0.0592, 'hit@20': 0.1576, 'ndcg@20': 0.0656, 'hit@40': 0.2475, 'ndcg@40': 0.0839} 
2024-10-10 13:39:42.150 | INFO     | trainer_1:_train_one_epoch:209 - test 44 cost time 8.88s, result: {'hit@1': 0.0113, 'ndcg@1': 0.0113, 'hit@5': 0.0403, 'ndcg@5': 0.0256, 'hit@10': 0.0693, 'ndcg@10': 0.0349, 'hit@15': 0.0929, 'ndcg@15': 0.0411, 'hit@20': 0.1121, 'ndcg@20': 0.0456, 'hit@40': 0.1797, 'ndcg@40': 0.0593} 
2024-10-10 13:40:09.956 | INFO     | trainer_1:_train_one_epoch:193 - epoch 45 13.67s Train loss is [0.3442] 
2024-10-10 13:40:20.894 | INFO     | trainer_1:_train_one_epoch:201 - validate 45 cost time 10.94s, result: {'hit@1': 0.0165, 'ndcg@1': 0.0165, 'hit@5': 0.0621, 'ndcg@5': 0.0394, 'hit@10': 0.1013, 'ndcg@10': 0.0519, 'hit@15': 0.1321, 'ndcg@15': 0.0601, 'hit@20': 0.1607, 'ndcg@20': 0.0668, 'hit@40': 0.2508, 'ndcg@40': 0.0852} 
2024-10-10 13:40:31.594 | INFO     | trainer_1:_train_one_epoch:209 - test 45 cost time 10.70s, result: {'hit@1': 0.0109, 'ndcg@1': 0.0109, 'hit@5': 0.0422, 'ndcg@5': 0.0263, 'hit@10': 0.0701, 'ndcg@10': 0.0352, 'hit@15': 0.0938, 'ndcg@15': 0.0415, 'hit@20': 0.1144, 'ndcg@20': 0.0463, 'hit@40': 0.1802, 'ndcg@40': 0.0597} 
2024-10-10 13:40:57.149 | INFO     | trainer_1:_train_one_epoch:193 - epoch 46 12.44s Train loss is [0.3300] 
2024-10-10 13:41:07.080 | INFO     | trainer_1:_train_one_epoch:201 - validate 46 cost time 9.93s, result: {'hit@1': 0.0168, 'ndcg@1': 0.0168, 'hit@5': 0.0593, 'ndcg@5': 0.038, 'hit@10': 0.099, 'ndcg@10': 0.0508, 'hit@15': 0.1307, 'ndcg@15': 0.0592, 'hit@20': 0.156, 'ndcg@20': 0.0652, 'hit@40': 0.2458, 'ndcg@40': 0.0834} 
2024-10-10 13:41:16.329 | INFO     | trainer_1:_train_one_epoch:209 - test 46 cost time 9.25s, result: {'hit@1': 0.0105, 'ndcg@1': 0.0105, 'hit@5': 0.0421, 'ndcg@5': 0.0262, 'hit@10': 0.0683, 'ndcg@10': 0.0346, 'hit@15': 0.0909, 'ndcg@15': 0.0406, 'hit@20': 0.1117, 'ndcg@20': 0.0455, 'hit@40': 0.1783, 'ndcg@40': 0.059} 
2024-10-10 13:41:29.070 | INFO     | trainer_1:_train_one_epoch:193 - epoch 47 12.74s Train loss is [0.3328] 
2024-10-10 13:41:36.972 | INFO     | trainer_1:_train_one_epoch:201 - validate 47 cost time 7.90s, result: {'hit@1': 0.016, 'ndcg@1': 0.016, 'hit@5': 0.0574, 'ndcg@5': 0.0367, 'hit@10': 0.0968, 'ndcg@10': 0.0494, 'hit@15': 0.1258, 'ndcg@15': 0.057, 'hit@20': 0.1542, 'ndcg@20': 0.0637, 'hit@40': 0.242, 'ndcg@40': 0.0815} 
2024-10-10 13:41:47.037 | INFO     | trainer_1:_train_one_epoch:209 - test 47 cost time 10.06s, result: {'hit@1': 0.0101, 'ndcg@1': 0.0101, 'hit@5': 0.0383, 'ndcg@5': 0.0242, 'hit@10': 0.0653, 'ndcg@10': 0.0328, 'hit@15': 0.0885, 'ndcg@15': 0.0389, 'hit@20': 0.1077, 'ndcg@20': 0.0435, 'hit@40': 0.1729, 'ndcg@40': 0.0567} 
2024-10-10 13:42:00.586 | INFO     | trainer_1:_train_one_epoch:193 - epoch 48 13.55s Train loss is [0.3263] 
2024-10-10 13:42:09.801 | INFO     | trainer_1:_train_one_epoch:201 - validate 48 cost time 9.21s, result: {'hit@1': 0.0178, 'ndcg@1': 0.0178, 'hit@5': 0.0625, 'ndcg@5': 0.04, 'hit@10': 0.1016, 'ndcg@10': 0.0525, 'hit@15': 0.1343, 'ndcg@15': 0.0611, 'hit@20': 0.1627, 'ndcg@20': 0.0678, 'hit@40': 0.2517, 'ndcg@40': 0.0859} 
2024-10-10 13:42:14.885 | INFO     | trainer_1:_train_one_epoch:209 - test 48 cost time 5.08s, result: {'hit@1': 0.0109, 'ndcg@1': 0.0109, 'hit@5': 0.0419, 'ndcg@5': 0.0263, 'hit@10': 0.0714, 'ndcg@10': 0.0358, 'hit@15': 0.0945, 'ndcg@15': 0.0419, 'hit@20': 0.1148, 'ndcg@20': 0.0467, 'hit@40': 0.1818, 'ndcg@40': 0.0603} 
2024-10-10 13:42:44.814 | INFO     | trainer_1:_train_one_epoch:193 - epoch 49 14.33s Train loss is [0.3367] 
2024-10-10 13:42:54.655 | INFO     | trainer_1:_train_one_epoch:201 - validate 49 cost time 9.84s, result: {'hit@1': 0.0167, 'ndcg@1': 0.0167, 'hit@5': 0.0587, 'ndcg@5': 0.0377, 'hit@10': 0.0968, 'ndcg@10': 0.0499, 'hit@15': 0.1276, 'ndcg@15': 0.058, 'hit@20': 0.1556, 'ndcg@20': 0.0646, 'hit@40': 0.2439, 'ndcg@40': 0.0826} 
2024-10-10 13:43:02.298 | INFO     | trainer_1:_train_one_epoch:209 - test 49 cost time 7.64s, result: {'hit@1': 0.0102, 'ndcg@1': 0.0102, 'hit@5': 0.0401, 'ndcg@5': 0.0252, 'hit@10': 0.0674, 'ndcg@10': 0.0339, 'hit@15': 0.0906, 'ndcg@15': 0.04, 'hit@20': 0.1109, 'ndcg@20': 0.0448, 'hit@40': 0.1749, 'ndcg@40': 0.0578} 
2024-10-10 13:43:13.847 | INFO     | trainer_1:_train_one_epoch:193 - epoch 50 11.55s Train loss is [0.3383] 
2024-10-10 13:43:21.552 | INFO     | trainer_1:_train_one_epoch:201 - validate 50 cost time 7.70s, result: {'hit@1': 0.016, 'ndcg@1': 0.016, 'hit@5': 0.0601, 'ndcg@5': 0.0378, 'hit@10': 0.1004, 'ndcg@10': 0.0507, 'hit@15': 0.1337, 'ndcg@15': 0.0595, 'hit@20': 0.1615, 'ndcg@20': 0.0661, 'hit@40': 0.2542, 'ndcg@40': 0.0849} 
2024-10-10 13:43:30.967 | INFO     | trainer_1:_train_one_epoch:209 - test 50 cost time 9.41s, result: {'hit@1': 0.0104, 'ndcg@1': 0.0104, 'hit@5': 0.0404, 'ndcg@5': 0.0252, 'hit@10': 0.0685, 'ndcg@10': 0.0342, 'hit@15': 0.0918, 'ndcg@15': 0.0404, 'hit@20': 0.1131, 'ndcg@20': 0.0454, 'hit@40': 0.179, 'ndcg@40': 0.0588} 
2024-10-10 13:43:43.032 | INFO     | trainer_1:_train_one_epoch:193 - epoch 51 12.06s Train loss is [0.3336] 
2024-10-10 13:43:50.992 | INFO     | trainer_1:_train_one_epoch:201 - validate 51 cost time 7.96s, result: {'hit@1': 0.0168, 'ndcg@1': 0.0168, 'hit@5': 0.0627, 'ndcg@5': 0.0397, 'hit@10': 0.1037, 'ndcg@10': 0.0529, 'hit@15': 0.1359, 'ndcg@15': 0.0614, 'hit@20': 0.1651, 'ndcg@20': 0.0683, 'hit@40': 0.2588, 'ndcg@40': 0.0874} 
2024-10-10 13:43:58.664 | INFO     | trainer_1:_train_one_epoch:209 - test 51 cost time 7.67s, result: {'hit@1': 0.0109, 'ndcg@1': 0.0109, 'hit@5': 0.0406, 'ndcg@5': 0.0257, 'hit@10': 0.0707, 'ndcg@10': 0.0354, 'hit@15': 0.0948, 'ndcg@15': 0.0417, 'hit@20': 0.1154, 'ndcg@20': 0.0466, 'hit@40': 0.1844, 'ndcg@40': 0.0606} 
2024-10-10 13:44:11.666 | INFO     | trainer_1:_train_one_epoch:193 - epoch 52 13.00s Train loss is [0.3255] 
2024-10-10 13:44:18.513 | INFO     | trainer_1:_train_one_epoch:201 - validate 52 cost time 6.85s, result: {'hit@1': 0.0163, 'ndcg@1': 0.0163, 'hit@5': 0.0592, 'ndcg@5': 0.0377, 'hit@10': 0.0973, 'ndcg@10': 0.0499, 'hit@15': 0.1295, 'ndcg@15': 0.0583, 'hit@20': 0.1576, 'ndcg@20': 0.065, 'hit@40': 0.2487, 'ndcg@40': 0.0835} 
2024-10-10 13:44:25.994 | INFO     | trainer_1:_train_one_epoch:209 - test 52 cost time 7.48s, result: {'hit@1': 0.0108, 'ndcg@1': 0.0108, 'hit@5': 0.0397, 'ndcg@5': 0.0252, 'hit@10': 0.067, 'ndcg@10': 0.0339, 'hit@15': 0.0905, 'ndcg@15': 0.0401, 'hit@20': 0.1109, 'ndcg@20': 0.0449, 'hit@40': 0.1792, 'ndcg@40': 0.0588} 
2024-10-10 13:44:40.716 | INFO     | trainer_1:_train_one_epoch:193 - epoch 53 14.72s Train loss is [0.3301] 
2024-10-10 13:44:51.360 | INFO     | trainer_1:_train_one_epoch:201 - validate 53 cost time 10.64s, result: {'hit@1': 0.0169, 'ndcg@1': 0.0169, 'hit@5': 0.0605, 'ndcg@5': 0.0386, 'hit@10': 0.0982, 'ndcg@10': 0.0507, 'hit@15': 0.1295, 'ndcg@15': 0.059, 'hit@20': 0.1586, 'ndcg@20': 0.0658, 'hit@40': 0.2488, 'ndcg@40': 0.0842} 
2024-10-10 13:44:59.591 | INFO     | trainer_1:_train_one_epoch:209 - test 53 cost time 8.23s, result: {'hit@1': 0.0105, 'ndcg@1': 0.0105, 'hit@5': 0.0409, 'ndcg@5': 0.0256, 'hit@10': 0.068, 'ndcg@10': 0.0343, 'hit@15': 0.0889, 'ndcg@15': 0.0398, 'hit@20': 0.1096, 'ndcg@20': 0.0447, 'hit@40': 0.1772, 'ndcg@40': 0.0584} 
2024-10-10 13:44:59.603 | INFO     | trainer_1:train_model:163 - training end, best iteration 48, results: {'hit@1': 0.0178, 'ndcg@1': 0.0178, 'hit@5': 0.0625, 'ndcg@5': 0.04, 'hit@10': 0.1016, 'ndcg@10': 0.0525, 'hit@15': 0.1343, 'ndcg@15': 0.0611, 'hit@20': 0.1627, 'ndcg@20': 0.0678, 'hit@40': 0.2517, 'ndcg@40': 0.0859}
2024-10-10 13:44:59.603 | INFO     | trainer_1:train_model:166 - final test result is:  {'hit@1': 0.0109, 'ndcg@1': 0.0109, 'hit@5': 0.0419, 'ndcg@5': 0.0263, 'hit@10': 0.0714, 'ndcg@10': 0.0358, 'hit@15': 0.0945, 'ndcg@15': 0.0419, 'hit@20': 0.1148, 'ndcg@20': 0.0467, 'hit@40': 0.1818, 'ndcg@40': 0.0603}
2024-10-10 13:45:00.113 | INFO     | __main__:<module>:119 - train end total cost time: 3218.2117080688477
