2024-10-10 14:48:08.948 | INFO     | __main__:<module>:105 - Namespace(TIME='2024-10-10 14_47_23', batch_size=1024, behaviors=['view', 'cart', 'buy'], check_point='model_pre_1_2024-10-08 12_35_44.pth', data_name='beibei', data_path='./data/beibei', decay=0.001, device='cuda:1', dim_qk=32, dim_v=64, distill_layers=2, distill_thres=0.5, distill_topK=10, distill_userK=8, embedding_size=64, epochs=100, gpu_no=1, if_load_model=True, ii_lambda=200, initializer_range=0.02, layers=2, loss_type='bpr', lr=0.001, message_dropout=0.25, metrics=['hit', 'ndcg'], min_epoch=5, model_name='main_1', model_path='./check_point', node_dropout=0.75, omega=1, pt_loop=50, reg_weight=0.001, test_batch_size=1024, testbatch=1024, topk=[1, 5, 10, 15, 20, 40], uu_lambda=100)
2024-10-10 14:48:08.949 | INFO     | __main__:<module>:106 - BIPN(
  (message_dropout): Dropout(p=0.25, inplace=False)
  (user_embedding): Embedding(21717, 64, padding_idx=0)
  (item_embedding): Embedding(7978, 64, padding_idx=0)
  (global_Graph): LightGCN()
  (Graph_encoder): ModuleDict(
    (view): GraphEncoder(
      (light): LightGCN()
      (dropout): Dropout(p=0.75, inplace=False)
    )
    (cart): GraphEncoder(
      (light): LightGCN()
      (dropout): Dropout(p=0.75, inplace=False)
    )
    (buy): GraphEncoder(
      (light): LightGCN()
      (dropout): Dropout(p=0.75, inplace=False)
    )
  )
  (attention): Mutual_Attention()
  (bpr_loss): BPRLoss()
  (emb_loss): EmbLoss()
  (f): Sigmoid()
)
2024-10-10 15:23:52.933 | INFO     | trainer_1:_train_one_epoch:193 - epoch 1 10.70s Train loss is [0.9443] 
2024-10-10 15:24:03.224 | INFO     | trainer_1:_train_one_epoch:201 - validate 1 cost time 10.29s, result: {'hit@1': 0.0046, 'ndcg@1': 0.0046, 'hit@5': 0.0232, 'ndcg@5': 0.014, 'hit@10': 0.045, 'ndcg@10': 0.021, 'hit@15': 0.0627, 'ndcg@15': 0.0257, 'hit@20': 0.0817, 'ndcg@20': 0.0301, 'hit@40': 0.1412, 'ndcg@40': 0.0422} 
2024-10-10 15:24:12.300 | INFO     | trainer_1:_train_one_epoch:209 - test 1 cost time 9.08s, result: {'hit@1': 0.0032, 'ndcg@1': 0.0032, 'hit@5': 0.0148, 'ndcg@5': 0.0089, 'hit@10': 0.0295, 'ndcg@10': 0.0136, 'hit@15': 0.0433, 'ndcg@15': 0.0172, 'hit@20': 0.0568, 'ndcg@20': 0.0204, 'hit@40': 0.1057, 'ndcg@40': 0.0303} 
2024-10-10 15:24:39.625 | INFO     | trainer_1:_train_one_epoch:193 - epoch 2 11.72s Train loss is [0.7254] 
2024-10-10 15:24:49.946 | INFO     | trainer_1:_train_one_epoch:201 - validate 2 cost time 10.32s, result: {'hit@1': 0.0071, 'ndcg@1': 0.0071, 'hit@5': 0.029, 'ndcg@5': 0.0179, 'hit@10': 0.0508, 'ndcg@10': 0.0249, 'hit@15': 0.0714, 'ndcg@15': 0.0303, 'hit@20': 0.0909, 'ndcg@20': 0.0349, 'hit@40': 0.1552, 'ndcg@40': 0.048} 
2024-10-10 15:24:58.609 | INFO     | trainer_1:_train_one_epoch:209 - test 2 cost time 8.66s, result: {'hit@1': 0.004, 'ndcg@1': 0.004, 'hit@5': 0.0183, 'ndcg@5': 0.011, 'hit@10': 0.0352, 'ndcg@10': 0.0164, 'hit@15': 0.0503, 'ndcg@15': 0.0203, 'hit@20': 0.0639, 'ndcg@20': 0.0236, 'hit@40': 0.1148, 'ndcg@40': 0.0339} 
2024-10-10 15:25:26.238 | INFO     | trainer_1:_train_one_epoch:193 - epoch 3 9.59s Train loss is [0.6294] 
2024-10-10 15:25:32.745 | INFO     | trainer_1:_train_one_epoch:201 - validate 3 cost time 6.51s, result: {'hit@1': 0.0099, 'ndcg@1': 0.0099, 'hit@5': 0.0334, 'ndcg@5': 0.0214, 'hit@10': 0.0593, 'ndcg@10': 0.0297, 'hit@15': 0.0842, 'ndcg@15': 0.0362, 'hit@20': 0.1054, 'ndcg@20': 0.0412, 'hit@40': 0.1762, 'ndcg@40': 0.0557} 
2024-10-10 15:25:39.520 | INFO     | trainer_1:_train_one_epoch:209 - test 3 cost time 6.77s, result: {'hit@1': 0.0049, 'ndcg@1': 0.0049, 'hit@5': 0.0222, 'ndcg@5': 0.0134, 'hit@10': 0.0404, 'ndcg@10': 0.0192, 'hit@15': 0.0585, 'ndcg@15': 0.024, 'hit@20': 0.0734, 'ndcg@20': 0.0275, 'hit@40': 0.1278, 'ndcg@40': 0.0386} 
2024-10-10 15:26:07.445 | INFO     | trainer_1:_train_one_epoch:193 - epoch 4 10.00s Train loss is [0.5787] 
2024-10-10 15:26:13.405 | INFO     | trainer_1:_train_one_epoch:201 - validate 4 cost time 5.96s, result: {'hit@1': 0.0104, 'ndcg@1': 0.0104, 'hit@5': 0.0379, 'ndcg@5': 0.0238, 'hit@10': 0.0682, 'ndcg@10': 0.0334, 'hit@15': 0.0958, 'ndcg@15': 0.0407, 'hit@20': 0.1185, 'ndcg@20': 0.0461, 'hit@40': 0.1967, 'ndcg@40': 0.062} 
2024-10-10 15:26:18.942 | INFO     | trainer_1:_train_one_epoch:209 - test 4 cost time 5.54s, result: {'hit@1': 0.0057, 'ndcg@1': 0.0057, 'hit@5': 0.0244, 'ndcg@5': 0.0148, 'hit@10': 0.0425, 'ndcg@10': 0.0207, 'hit@15': 0.0634, 'ndcg@15': 0.0262, 'hit@20': 0.082, 'ndcg@20': 0.0306, 'hit@40': 0.1404, 'ndcg@40': 0.0424} 
2024-10-10 15:26:41.826 | INFO     | trainer_1:_train_one_epoch:193 - epoch 5 8.11s Train loss is [0.5447] 
2024-10-10 15:26:51.746 | INFO     | trainer_1:_train_one_epoch:201 - validate 5 cost time 9.92s, result: {'hit@1': 0.0122, 'ndcg@1': 0.0122, 'hit@5': 0.0431, 'ndcg@5': 0.0274, 'hit@10': 0.0743, 'ndcg@10': 0.0373, 'hit@15': 0.0985, 'ndcg@15': 0.0437, 'hit@20': 0.1217, 'ndcg@20': 0.0492, 'hit@40': 0.1948, 'ndcg@40': 0.0641} 
2024-10-10 15:27:01.104 | INFO     | trainer_1:_train_one_epoch:209 - test 5 cost time 9.36s, result: {'hit@1': 0.0058, 'ndcg@1': 0.0058, 'hit@5': 0.0257, 'ndcg@5': 0.0156, 'hit@10': 0.0454, 'ndcg@10': 0.0219, 'hit@15': 0.0636, 'ndcg@15': 0.0267, 'hit@20': 0.0791, 'ndcg@20': 0.0304, 'hit@40': 0.1343, 'ndcg@40': 0.0416} 
2024-10-10 15:27:25.123 | INFO     | trainer_1:_train_one_epoch:193 - epoch 6 9.94s Train loss is [0.5260] 
2024-10-10 15:27:33.736 | INFO     | trainer_1:_train_one_epoch:201 - validate 6 cost time 8.61s, result: {'hit@1': 0.0118, 'ndcg@1': 0.0118, 'hit@5': 0.0434, 'ndcg@5': 0.0275, 'hit@10': 0.0737, 'ndcg@10': 0.0372, 'hit@15': 0.1025, 'ndcg@15': 0.0448, 'hit@20': 0.1263, 'ndcg@20': 0.0504, 'hit@40': 0.2079, 'ndcg@40': 0.067} 
2024-10-10 15:27:42.964 | INFO     | trainer_1:_train_one_epoch:209 - test 6 cost time 9.23s, result: {'hit@1': 0.0063, 'ndcg@1': 0.0063, 'hit@5': 0.0274, 'ndcg@5': 0.0166, 'hit@10': 0.049, 'ndcg@10': 0.0235, 'hit@15': 0.0678, 'ndcg@15': 0.0285, 'hit@20': 0.0859, 'ndcg@20': 0.0327, 'hit@40': 0.1469, 'ndcg@40': 0.0452} 
2024-10-10 15:28:10.403 | INFO     | trainer_1:_train_one_epoch:193 - epoch 7 10.09s Train loss is [0.5038] 
2024-10-10 15:28:18.634 | INFO     | trainer_1:_train_one_epoch:201 - validate 7 cost time 8.23s, result: {'hit@1': 0.0115, 'ndcg@1': 0.0115, 'hit@5': 0.0446, 'ndcg@5': 0.0281, 'hit@10': 0.0752, 'ndcg@10': 0.0379, 'hit@15': 0.1031, 'ndcg@15': 0.0453, 'hit@20': 0.1265, 'ndcg@20': 0.0508, 'hit@40': 0.2032, 'ndcg@40': 0.0665} 
2024-10-10 15:28:28.421 | INFO     | trainer_1:_train_one_epoch:209 - test 7 cost time 9.79s, result: {'hit@1': 0.0076, 'ndcg@1': 0.0076, 'hit@5': 0.0268, 'ndcg@5': 0.0171, 'hit@10': 0.0485, 'ndcg@10': 0.0241, 'hit@15': 0.0669, 'ndcg@15': 0.0289, 'hit@20': 0.0837, 'ndcg@20': 0.0329, 'hit@40': 0.1431, 'ndcg@40': 0.045} 
2024-10-10 15:28:38.923 | INFO     | trainer_1:_train_one_epoch:193 - epoch 8 10.50s Train loss is [0.5066] 
2024-10-10 15:28:46.660 | INFO     | trainer_1:_train_one_epoch:201 - validate 8 cost time 7.74s, result: {'hit@1': 0.0122, 'ndcg@1': 0.0122, 'hit@5': 0.0453, 'ndcg@5': 0.0286, 'hit@10': 0.0752, 'ndcg@10': 0.0382, 'hit@15': 0.1008, 'ndcg@15': 0.0449, 'hit@20': 0.1235, 'ndcg@20': 0.0502, 'hit@40': 0.1981, 'ndcg@40': 0.0655} 
2024-10-10 15:28:52.576 | INFO     | trainer_1:_train_one_epoch:209 - test 8 cost time 5.92s, result: {'hit@1': 0.0078, 'ndcg@1': 0.0078, 'hit@5': 0.0276, 'ndcg@5': 0.0176, 'hit@10': 0.0482, 'ndcg@10': 0.0242, 'hit@15': 0.0657, 'ndcg@15': 0.0288, 'hit@20': 0.0826, 'ndcg@20': 0.0328, 'hit@40': 0.1384, 'ndcg@40': 0.0441} 
2024-10-10 15:29:02.343 | INFO     | trainer_1:_train_one_epoch:193 - epoch 9 9.77s Train loss is [0.4909] 
2024-10-10 15:29:08.835 | INFO     | trainer_1:_train_one_epoch:201 - validate 9 cost time 6.49s, result: {'hit@1': 0.0109, 'ndcg@1': 0.0109, 'hit@5': 0.0467, 'ndcg@5': 0.0288, 'hit@10': 0.0802, 'ndcg@10': 0.0395, 'hit@15': 0.1108, 'ndcg@15': 0.0476, 'hit@20': 0.1382, 'ndcg@20': 0.0541, 'hit@40': 0.2222, 'ndcg@40': 0.0711} 
2024-10-10 15:29:16.654 | INFO     | trainer_1:_train_one_epoch:209 - test 9 cost time 7.82s, result: {'hit@1': 0.0071, 'ndcg@1': 0.0071, 'hit@5': 0.0304, 'ndcg@5': 0.0188, 'hit@10': 0.0528, 'ndcg@10': 0.026, 'hit@15': 0.0723, 'ndcg@15': 0.0311, 'hit@20': 0.0915, 'ndcg@20': 0.0356, 'hit@40': 0.1583, 'ndcg@40': 0.0492} 
2024-10-10 15:29:40.591 | INFO     | trainer_1:_train_one_epoch:193 - epoch 10 9.56s Train loss is [0.4771] 
2024-10-10 15:29:47.896 | INFO     | trainer_1:_train_one_epoch:201 - validate 10 cost time 7.30s, result: {'hit@1': 0.0121, 'ndcg@1': 0.0121, 'hit@5': 0.046, 'ndcg@5': 0.029, 'hit@10': 0.0787, 'ndcg@10': 0.0394, 'hit@15': 0.106, 'ndcg@15': 0.0466, 'hit@20': 0.1286, 'ndcg@20': 0.052, 'hit@40': 0.2047, 'ndcg@40': 0.0674} 
2024-10-10 15:29:56.784 | INFO     | trainer_1:_train_one_epoch:209 - test 10 cost time 8.89s, result: {'hit@1': 0.0068, 'ndcg@1': 0.0068, 'hit@5': 0.03, 'ndcg@5': 0.0184, 'hit@10': 0.0498, 'ndcg@10': 0.0248, 'hit@15': 0.0683, 'ndcg@15': 0.0297, 'hit@20': 0.0867, 'ndcg@20': 0.034, 'hit@40': 0.1445, 'ndcg@40': 0.0458} 
2024-10-10 15:30:06.476 | INFO     | trainer_1:_train_one_epoch:193 - epoch 11 9.69s Train loss is [0.4827] 
2024-10-10 15:30:14.059 | INFO     | trainer_1:_train_one_epoch:201 - validate 11 cost time 7.58s, result: {'hit@1': 0.0112, 'ndcg@1': 0.0112, 'hit@5': 0.0453, 'ndcg@5': 0.0281, 'hit@10': 0.0798, 'ndcg@10': 0.0392, 'hit@15': 0.1085, 'ndcg@15': 0.0467, 'hit@20': 0.1329, 'ndcg@20': 0.0525, 'hit@40': 0.2104, 'ndcg@40': 0.0683} 
2024-10-10 15:30:21.302 | INFO     | trainer_1:_train_one_epoch:209 - test 11 cost time 7.24s, result: {'hit@1': 0.0064, 'ndcg@1': 0.0064, 'hit@5': 0.0301, 'ndcg@5': 0.018, 'hit@10': 0.0527, 'ndcg@10': 0.0253, 'hit@15': 0.0723, 'ndcg@15': 0.0304, 'hit@20': 0.0905, 'ndcg@20': 0.0347, 'hit@40': 0.1502, 'ndcg@40': 0.0469} 
2024-10-10 15:30:31.085 | INFO     | trainer_1:_train_one_epoch:193 - epoch 12 9.78s Train loss is [0.4656] 
2024-10-10 15:30:39.658 | INFO     | trainer_1:_train_one_epoch:201 - validate 12 cost time 8.57s, result: {'hit@1': 0.0111, 'ndcg@1': 0.0111, 'hit@5': 0.0445, 'ndcg@5': 0.0274, 'hit@10': 0.077, 'ndcg@10': 0.0377, 'hit@15': 0.1051, 'ndcg@15': 0.0451, 'hit@20': 0.127, 'ndcg@20': 0.0503, 'hit@40': 0.2045, 'ndcg@40': 0.0661} 
2024-10-10 15:30:48.194 | INFO     | trainer_1:_train_one_epoch:209 - test 12 cost time 8.54s, result: {'hit@1': 0.0063, 'ndcg@1': 0.0063, 'hit@5': 0.0291, 'ndcg@5': 0.0175, 'hit@10': 0.0527, 'ndcg@10': 0.025, 'hit@15': 0.0721, 'ndcg@15': 0.0302, 'hit@20': 0.0894, 'ndcg@20': 0.0342, 'hit@40': 0.1484, 'ndcg@40': 0.0462} 
2024-10-10 15:30:58.632 | INFO     | trainer_1:_train_one_epoch:193 - epoch 13 10.44s Train loss is [0.4449] 
2024-10-10 15:31:05.811 | INFO     | trainer_1:_train_one_epoch:201 - validate 13 cost time 7.18s, result: {'hit@1': 0.0113, 'ndcg@1': 0.0113, 'hit@5': 0.044, 'ndcg@5': 0.0274, 'hit@10': 0.0811, 'ndcg@10': 0.0393, 'hit@15': 0.1094, 'ndcg@15': 0.0468, 'hit@20': 0.136, 'ndcg@20': 0.0531, 'hit@40': 0.2204, 'ndcg@40': 0.0702} 
2024-10-10 15:31:15.099 | INFO     | trainer_1:_train_one_epoch:209 - test 13 cost time 9.29s, result: {'hit@1': 0.0064, 'ndcg@1': 0.0064, 'hit@5': 0.0305, 'ndcg@5': 0.0181, 'hit@10': 0.0526, 'ndcg@10': 0.0252, 'hit@15': 0.0725, 'ndcg@15': 0.0305, 'hit@20': 0.0908, 'ndcg@20': 0.0348, 'hit@40': 0.153, 'ndcg@40': 0.0475} 
2024-10-10 15:31:27.791 | INFO     | trainer_1:_train_one_epoch:193 - epoch 14 12.69s Train loss is [0.4453] 
2024-10-10 15:31:36.616 | INFO     | trainer_1:_train_one_epoch:201 - validate 14 cost time 8.82s, result: {'hit@1': 0.012, 'ndcg@1': 0.012, 'hit@5': 0.0442, 'ndcg@5': 0.028, 'hit@10': 0.079, 'ndcg@10': 0.0392, 'hit@15': 0.108, 'ndcg@15': 0.0469, 'hit@20': 0.131, 'ndcg@20': 0.0523, 'hit@40': 0.2124, 'ndcg@40': 0.0689} 
2024-10-10 15:31:42.764 | INFO     | trainer_1:_train_one_epoch:209 - test 14 cost time 6.15s, result: {'hit@1': 0.0076, 'ndcg@1': 0.0076, 'hit@5': 0.0302, 'ndcg@5': 0.0188, 'hit@10': 0.0527, 'ndcg@10': 0.026, 'hit@15': 0.0732, 'ndcg@15': 0.0314, 'hit@20': 0.0903, 'ndcg@20': 0.0354, 'hit@40': 0.1502, 'ndcg@40': 0.0476} 
2024-10-10 15:31:56.636 | INFO     | trainer_1:_train_one_epoch:193 - epoch 15 13.87s Train loss is [0.4339] 
2024-10-10 15:32:04.546 | INFO     | trainer_1:_train_one_epoch:201 - validate 15 cost time 7.91s, result: {'hit@1': 0.0108, 'ndcg@1': 0.0108, 'hit@5': 0.0444, 'ndcg@5': 0.0274, 'hit@10': 0.075, 'ndcg@10': 0.0372, 'hit@15': 0.1015, 'ndcg@15': 0.0442, 'hit@20': 0.129, 'ndcg@20': 0.0507, 'hit@40': 0.2094, 'ndcg@40': 0.0671} 
2024-10-10 15:32:12.863 | INFO     | trainer_1:_train_one_epoch:209 - test 15 cost time 8.32s, result: {'hit@1': 0.0077, 'ndcg@1': 0.0077, 'hit@5': 0.0305, 'ndcg@5': 0.0189, 'hit@10': 0.0529, 'ndcg@10': 0.026, 'hit@15': 0.0728, 'ndcg@15': 0.0313, 'hit@20': 0.0891, 'ndcg@20': 0.0352, 'hit@40': 0.1485, 'ndcg@40': 0.0473} 
2024-10-10 15:32:45.311 | INFO     | trainer_1:_train_one_epoch:193 - epoch 16 13.42s Train loss is [0.4395] 
2024-10-10 15:32:51.972 | INFO     | trainer_1:_train_one_epoch:201 - validate 16 cost time 6.66s, result: {'hit@1': 0.0119, 'ndcg@1': 0.0119, 'hit@5': 0.0465, 'ndcg@5': 0.029, 'hit@10': 0.0792, 'ndcg@10': 0.0395, 'hit@15': 0.1072, 'ndcg@15': 0.0469, 'hit@20': 0.1323, 'ndcg@20': 0.0528, 'hit@40': 0.2103, 'ndcg@40': 0.0686} 
2024-10-10 15:33:00.043 | INFO     | trainer_1:_train_one_epoch:209 - test 16 cost time 8.07s, result: {'hit@1': 0.0074, 'ndcg@1': 0.0074, 'hit@5': 0.0322, 'ndcg@5': 0.0197, 'hit@10': 0.0546, 'ndcg@10': 0.0269, 'hit@15': 0.0762, 'ndcg@15': 0.0326, 'hit@20': 0.0925, 'ndcg@20': 0.0364, 'hit@40': 0.1504, 'ndcg@40': 0.0482} 
2024-10-10 15:33:28.845 | INFO     | trainer_1:_train_one_epoch:193 - epoch 17 14.14s Train loss is [0.4320] 
2024-10-10 15:33:37.745 | INFO     | trainer_1:_train_one_epoch:201 - validate 17 cost time 8.90s, result: {'hit@1': 0.0118, 'ndcg@1': 0.0118, 'hit@5': 0.0458, 'ndcg@5': 0.0286, 'hit@10': 0.0782, 'ndcg@10': 0.039, 'hit@15': 0.1062, 'ndcg@15': 0.0464, 'hit@20': 0.1315, 'ndcg@20': 0.0523, 'hit@40': 0.2121, 'ndcg@40': 0.0687} 
2024-10-10 15:33:46.866 | INFO     | trainer_1:_train_one_epoch:209 - test 17 cost time 9.12s, result: {'hit@1': 0.0081, 'ndcg@1': 0.0081, 'hit@5': 0.0305, 'ndcg@5': 0.0192, 'hit@10': 0.0536, 'ndcg@10': 0.0267, 'hit@15': 0.0727, 'ndcg@15': 0.0317, 'hit@20': 0.0901, 'ndcg@20': 0.0358, 'hit@40': 0.1544, 'ndcg@40': 0.0489} 
2024-10-10 15:34:00.999 | INFO     | trainer_1:_train_one_epoch:193 - epoch 18 14.13s Train loss is [0.4123] 
2024-10-10 15:34:10.797 | INFO     | trainer_1:_train_one_epoch:201 - validate 18 cost time 9.80s, result: {'hit@1': 0.0128, 'ndcg@1': 0.0128, 'hit@5': 0.0488, 'ndcg@5': 0.0307, 'hit@10': 0.0831, 'ndcg@10': 0.0418, 'hit@15': 0.11, 'ndcg@15': 0.0489, 'hit@20': 0.1341, 'ndcg@20': 0.0546, 'hit@40': 0.2135, 'ndcg@40': 0.0707} 
2024-10-10 15:34:18.647 | INFO     | trainer_1:_train_one_epoch:209 - test 18 cost time 7.85s, result: {'hit@1': 0.0083, 'ndcg@1': 0.0083, 'hit@5': 0.0321, 'ndcg@5': 0.0202, 'hit@10': 0.056, 'ndcg@10': 0.0279, 'hit@15': 0.0757, 'ndcg@15': 0.0331, 'hit@20': 0.093, 'ndcg@20': 0.0372, 'hit@40': 0.1531, 'ndcg@40': 0.0494} 
2024-10-10 15:34:44.966 | INFO     | trainer_1:_train_one_epoch:193 - epoch 19 11.47s Train loss is [0.4146] 
2024-10-10 15:34:51.082 | INFO     | trainer_1:_train_one_epoch:201 - validate 19 cost time 6.12s, result: {'hit@1': 0.0129, 'ndcg@1': 0.0129, 'hit@5': 0.0505, 'ndcg@5': 0.0316, 'hit@10': 0.0864, 'ndcg@10': 0.0431, 'hit@15': 0.1163, 'ndcg@15': 0.051, 'hit@20': 0.1418, 'ndcg@20': 0.057, 'hit@40': 0.2245, 'ndcg@40': 0.0738} 
2024-10-10 15:34:56.202 | INFO     | trainer_1:_train_one_epoch:209 - test 19 cost time 5.12s, result: {'hit@1': 0.008, 'ndcg@1': 0.008, 'hit@5': 0.0341, 'ndcg@5': 0.021, 'hit@10': 0.0576, 'ndcg@10': 0.0285, 'hit@15': 0.0786, 'ndcg@15': 0.034, 'hit@20': 0.0962, 'ndcg@20': 0.0382, 'hit@40': 0.1581, 'ndcg@40': 0.0508} 
2024-10-10 15:35:27.878 | INFO     | trainer_1:_train_one_epoch:193 - epoch 20 12.17s Train loss is [0.4032] 
2024-10-10 15:35:38.340 | INFO     | trainer_1:_train_one_epoch:201 - validate 20 cost time 10.46s, result: {'hit@1': 0.0137, 'ndcg@1': 0.0137, 'hit@5': 0.0503, 'ndcg@5': 0.0319, 'hit@10': 0.085, 'ndcg@10': 0.043, 'hit@15': 0.109, 'ndcg@15': 0.0494, 'hit@20': 0.134, 'ndcg@20': 0.0553, 'hit@40': 0.2164, 'ndcg@40': 0.0721} 
2024-10-10 15:35:48.114 | INFO     | trainer_1:_train_one_epoch:209 - test 20 cost time 9.77s, result: {'hit@1': 0.0087, 'ndcg@1': 0.0087, 'hit@5': 0.0332, 'ndcg@5': 0.0209, 'hit@10': 0.0563, 'ndcg@10': 0.0282, 'hit@15': 0.075, 'ndcg@15': 0.0332, 'hit@20': 0.0934, 'ndcg@20': 0.0375, 'hit@40': 0.1527, 'ndcg@40': 0.0496} 
2024-10-10 15:36:00.136 | INFO     | trainer_1:_train_one_epoch:193 - epoch 21 12.02s Train loss is [0.3953] 
2024-10-10 15:36:10.103 | INFO     | trainer_1:_train_one_epoch:201 - validate 21 cost time 9.97s, result: {'hit@1': 0.014, 'ndcg@1': 0.014, 'hit@5': 0.0507, 'ndcg@5': 0.0323, 'hit@10': 0.0852, 'ndcg@10': 0.0433, 'hit@15': 0.1148, 'ndcg@15': 0.0511, 'hit@20': 0.1391, 'ndcg@20': 0.0569, 'hit@40': 0.2207, 'ndcg@40': 0.0735} 
2024-10-10 15:36:19.073 | INFO     | trainer_1:_train_one_epoch:209 - test 21 cost time 8.97s, result: {'hit@1': 0.0097, 'ndcg@1': 0.0097, 'hit@5': 0.033, 'ndcg@5': 0.0213, 'hit@10': 0.0566, 'ndcg@10': 0.0289, 'hit@15': 0.0768, 'ndcg@15': 0.0343, 'hit@20': 0.095, 'ndcg@20': 0.0385, 'hit@40': 0.1556, 'ndcg@40': 0.0509} 
2024-10-10 15:36:32.995 | INFO     | trainer_1:_train_one_epoch:193 - epoch 22 13.92s Train loss is [0.4009] 
2024-10-10 15:36:41.374 | INFO     | trainer_1:_train_one_epoch:201 - validate 22 cost time 8.38s, result: {'hit@1': 0.0141, 'ndcg@1': 0.0141, 'hit@5': 0.0527, 'ndcg@5': 0.0334, 'hit@10': 0.0906, 'ndcg@10': 0.0455, 'hit@15': 0.1196, 'ndcg@15': 0.0532, 'hit@20': 0.1454, 'ndcg@20': 0.0592, 'hit@40': 0.2316, 'ndcg@40': 0.0768} 
2024-10-10 15:36:51.381 | INFO     | trainer_1:_train_one_epoch:209 - test 22 cost time 10.01s, result: {'hit@1': 0.0094, 'ndcg@1': 0.0094, 'hit@5': 0.036, 'ndcg@5': 0.0226, 'hit@10': 0.0599, 'ndcg@10': 0.0303, 'hit@15': 0.0814, 'ndcg@15': 0.036, 'hit@20': 0.0982, 'ndcg@20': 0.04, 'hit@40': 0.1641, 'ndcg@40': 0.0534} 
2024-10-10 15:37:20.983 | INFO     | trainer_1:_train_one_epoch:193 - epoch 23 13.22s Train loss is [0.3870] 
2024-10-10 15:37:31.795 | INFO     | trainer_1:_train_one_epoch:201 - validate 23 cost time 10.81s, result: {'hit@1': 0.0129, 'ndcg@1': 0.0129, 'hit@5': 0.0478, 'ndcg@5': 0.0302, 'hit@10': 0.0832, 'ndcg@10': 0.0415, 'hit@15': 0.1115, 'ndcg@15': 0.049, 'hit@20': 0.1369, 'ndcg@20': 0.0549, 'hit@40': 0.2193, 'ndcg@40': 0.0718} 
2024-10-10 15:37:42.647 | INFO     | trainer_1:_train_one_epoch:209 - test 23 cost time 10.85s, result: {'hit@1': 0.0089, 'ndcg@1': 0.0089, 'hit@5': 0.0318, 'ndcg@5': 0.0203, 'hit@10': 0.0542, 'ndcg@10': 0.0275, 'hit@15': 0.075, 'ndcg@15': 0.033, 'hit@20': 0.0925, 'ndcg@20': 0.0371, 'hit@40': 0.1575, 'ndcg@40': 0.0503} 
2024-10-10 15:37:55.515 | INFO     | trainer_1:_train_one_epoch:193 - epoch 24 12.87s Train loss is [0.3828] 
2024-10-10 15:38:03.771 | INFO     | trainer_1:_train_one_epoch:201 - validate 24 cost time 8.26s, result: {'hit@1': 0.0143, 'ndcg@1': 0.0143, 'hit@5': 0.0503, 'ndcg@5': 0.0324, 'hit@10': 0.0838, 'ndcg@10': 0.0431, 'hit@15': 0.1113, 'ndcg@15': 0.0504, 'hit@20': 0.1358, 'ndcg@20': 0.0562, 'hit@40': 0.2164, 'ndcg@40': 0.0726} 
2024-10-10 15:38:13.502 | INFO     | trainer_1:_train_one_epoch:209 - test 24 cost time 9.73s, result: {'hit@1': 0.0088, 'ndcg@1': 0.0088, 'hit@5': 0.0337, 'ndcg@5': 0.0214, 'hit@10': 0.0548, 'ndcg@10': 0.0281, 'hit@15': 0.0758, 'ndcg@15': 0.0337, 'hit@20': 0.0932, 'ndcg@20': 0.0378, 'hit@40': 0.1553, 'ndcg@40': 0.0504} 
2024-10-10 15:38:27.014 | INFO     | trainer_1:_train_one_epoch:193 - epoch 25 13.51s Train loss is [0.3801] 
2024-10-10 15:38:36.895 | INFO     | trainer_1:_train_one_epoch:201 - validate 25 cost time 9.88s, result: {'hit@1': 0.0137, 'ndcg@1': 0.0137, 'hit@5': 0.056, 'ndcg@5': 0.0348, 'hit@10': 0.0917, 'ndcg@10': 0.0463, 'hit@15': 0.1241, 'ndcg@15': 0.0548, 'hit@20': 0.1497, 'ndcg@20': 0.0609, 'hit@40': 0.239, 'ndcg@40': 0.079} 
2024-10-10 15:38:46.039 | INFO     | trainer_1:_train_one_epoch:209 - test 25 cost time 9.14s, result: {'hit@1': 0.0104, 'ndcg@1': 0.0104, 'hit@5': 0.0352, 'ndcg@5': 0.0228, 'hit@10': 0.0599, 'ndcg@10': 0.0307, 'hit@15': 0.0821, 'ndcg@15': 0.0366, 'hit@20': 0.1003, 'ndcg@20': 0.0409, 'hit@40': 0.1655, 'ndcg@40': 0.0541} 
2024-10-10 15:38:59.006 | INFO     | trainer_1:_train_one_epoch:193 - epoch 26 12.97s Train loss is [0.3866] 
2024-10-10 15:39:09.901 | INFO     | trainer_1:_train_one_epoch:201 - validate 26 cost time 10.89s, result: {'hit@1': 0.0148, 'ndcg@1': 0.0148, 'hit@5': 0.0562, 'ndcg@5': 0.0357, 'hit@10': 0.0925, 'ndcg@10': 0.0473, 'hit@15': 0.1221, 'ndcg@15': 0.0551, 'hit@20': 0.1498, 'ndcg@20': 0.0616, 'hit@40': 0.2351, 'ndcg@40': 0.079} 
2024-10-10 15:39:19.606 | INFO     | trainer_1:_train_one_epoch:209 - test 26 cost time 9.70s, result: {'hit@1': 0.0107, 'ndcg@1': 0.0107, 'hit@5': 0.0368, 'ndcg@5': 0.0237, 'hit@10': 0.0611, 'ndcg@10': 0.0314, 'hit@15': 0.0819, 'ndcg@15': 0.0369, 'hit@20': 0.1003, 'ndcg@20': 0.0413, 'hit@40': 0.1639, 'ndcg@40': 0.0542} 
2024-10-10 15:39:48.189 | INFO     | trainer_1:_train_one_epoch:193 - epoch 27 14.55s Train loss is [0.3697] 
2024-10-10 15:39:58.007 | INFO     | trainer_1:_train_one_epoch:201 - validate 27 cost time 9.82s, result: {'hit@1': 0.0152, 'ndcg@1': 0.0152, 'hit@5': 0.0536, 'ndcg@5': 0.0346, 'hit@10': 0.0883, 'ndcg@10': 0.0457, 'hit@15': 0.1175, 'ndcg@15': 0.0534, 'hit@20': 0.1427, 'ndcg@20': 0.0593, 'hit@40': 0.2264, 'ndcg@40': 0.0763} 
2024-10-10 15:40:06.210 | INFO     | trainer_1:_train_one_epoch:209 - test 27 cost time 8.20s, result: {'hit@1': 0.0099, 'ndcg@1': 0.0099, 'hit@5': 0.0349, 'ndcg@5': 0.0226, 'hit@10': 0.0596, 'ndcg@10': 0.0305, 'hit@15': 0.0806, 'ndcg@15': 0.036, 'hit@20': 0.0976, 'ndcg@20': 0.04, 'hit@40': 0.1573, 'ndcg@40': 0.0522} 
2024-10-10 15:40:19.358 | INFO     | trainer_1:_train_one_epoch:193 - epoch 28 13.15s Train loss is [0.3738] 
2024-10-10 15:40:26.769 | INFO     | trainer_1:_train_one_epoch:201 - validate 28 cost time 7.41s, result: {'hit@1': 0.0141, 'ndcg@1': 0.0141, 'hit@5': 0.057, 'ndcg@5': 0.0356, 'hit@10': 0.0916, 'ndcg@10': 0.0467, 'hit@15': 0.1227, 'ndcg@15': 0.0549, 'hit@20': 0.1477, 'ndcg@20': 0.0608, 'hit@40': 0.2323, 'ndcg@40': 0.078} 
2024-10-10 15:40:35.928 | INFO     | trainer_1:_train_one_epoch:209 - test 28 cost time 9.16s, result: {'hit@1': 0.0106, 'ndcg@1': 0.0106, 'hit@5': 0.0364, 'ndcg@5': 0.0236, 'hit@10': 0.0624, 'ndcg@10': 0.0319, 'hit@15': 0.0835, 'ndcg@15': 0.0374, 'hit@20': 0.101, 'ndcg@20': 0.0416, 'hit@40': 0.1634, 'ndcg@40': 0.0543} 
2024-10-10 15:41:03.065 | INFO     | trainer_1:_train_one_epoch:193 - epoch 29 13.40s Train loss is [0.3766] 
2024-10-10 15:41:09.556 | INFO     | trainer_1:_train_one_epoch:201 - validate 29 cost time 6.49s, result: {'hit@1': 0.0156, 'ndcg@1': 0.0156, 'hit@5': 0.0558, 'ndcg@5': 0.0356, 'hit@10': 0.0911, 'ndcg@10': 0.0469, 'hit@15': 0.1233, 'ndcg@15': 0.0553, 'hit@20': 0.1505, 'ndcg@20': 0.0618, 'hit@40': 0.2398, 'ndcg@40': 0.08} 
2024-10-10 15:41:15.960 | INFO     | trainer_1:_train_one_epoch:209 - test 29 cost time 6.40s, result: {'hit@1': 0.0113, 'ndcg@1': 0.0113, 'hit@5': 0.0375, 'ndcg@5': 0.0245, 'hit@10': 0.0628, 'ndcg@10': 0.0326, 'hit@15': 0.0844, 'ndcg@15': 0.0383, 'hit@20': 0.1037, 'ndcg@20': 0.0428, 'hit@40': 0.1712, 'ndcg@40': 0.0565} 
2024-10-10 15:41:44.573 | INFO     | trainer_1:_train_one_epoch:193 - epoch 30 13.18s Train loss is [0.3751] 
2024-10-10 15:41:53.000 | INFO     | trainer_1:_train_one_epoch:201 - validate 30 cost time 8.43s, result: {'hit@1': 0.0156, 'ndcg@1': 0.0156, 'hit@5': 0.0566, 'ndcg@5': 0.0362, 'hit@10': 0.094, 'ndcg@10': 0.0482, 'hit@15': 0.1236, 'ndcg@15': 0.056, 'hit@20': 0.1514, 'ndcg@20': 0.0626, 'hit@40': 0.2389, 'ndcg@40': 0.0803} 
2024-10-10 15:42:01.595 | INFO     | trainer_1:_train_one_epoch:209 - test 30 cost time 8.59s, result: {'hit@1': 0.0107, 'ndcg@1': 0.0107, 'hit@5': 0.0372, 'ndcg@5': 0.0238, 'hit@10': 0.0626, 'ndcg@10': 0.0319, 'hit@15': 0.0828, 'ndcg@15': 0.0373, 'hit@20': 0.1027, 'ndcg@20': 0.042, 'hit@40': 0.1643, 'ndcg@40': 0.0545} 
2024-10-10 15:42:14.794 | INFO     | trainer_1:_train_one_epoch:193 - epoch 31 13.20s Train loss is [0.3744] 
2024-10-10 15:42:26.105 | INFO     | trainer_1:_train_one_epoch:201 - validate 31 cost time 11.31s, result: {'hit@1': 0.0159, 'ndcg@1': 0.0159, 'hit@5': 0.057, 'ndcg@5': 0.0365, 'hit@10': 0.0939, 'ndcg@10': 0.0484, 'hit@15': 0.1238, 'ndcg@15': 0.0563, 'hit@20': 0.1519, 'ndcg@20': 0.0629, 'hit@40': 0.2354, 'ndcg@40': 0.0799} 
2024-10-10 15:42:31.972 | INFO     | trainer_1:_train_one_epoch:209 - test 31 cost time 5.87s, result: {'hit@1': 0.011, 'ndcg@1': 0.011, 'hit@5': 0.0382, 'ndcg@5': 0.0245, 'hit@10': 0.0645, 'ndcg@10': 0.0329, 'hit@15': 0.0863, 'ndcg@15': 0.0387, 'hit@20': 0.1064, 'ndcg@20': 0.0435, 'hit@40': 0.1693, 'ndcg@40': 0.0562} 
2024-10-10 15:43:00.328 | INFO     | trainer_1:_train_one_epoch:193 - epoch 32 14.20s Train loss is [0.3668] 
2024-10-10 15:43:11.137 | INFO     | trainer_1:_train_one_epoch:201 - validate 32 cost time 10.81s, result: {'hit@1': 0.0157, 'ndcg@1': 0.0157, 'hit@5': 0.0555, 'ndcg@5': 0.0356, 'hit@10': 0.095, 'ndcg@10': 0.0482, 'hit@15': 0.1256, 'ndcg@15': 0.0563, 'hit@20': 0.1544, 'ndcg@20': 0.0631, 'hit@40': 0.2435, 'ndcg@40': 0.0812} 
2024-10-10 15:43:19.593 | INFO     | trainer_1:_train_one_epoch:209 - test 32 cost time 8.46s, result: {'hit@1': 0.0104, 'ndcg@1': 0.0104, 'hit@5': 0.0387, 'ndcg@5': 0.0244, 'hit@10': 0.065, 'ndcg@10': 0.0329, 'hit@15': 0.0862, 'ndcg@15': 0.0385, 'hit@20': 0.1062, 'ndcg@20': 0.0432, 'hit@40': 0.1738, 'ndcg@40': 0.057} 
2024-10-10 15:43:46.688 | INFO     | trainer_1:_train_one_epoch:193 - epoch 33 13.22s Train loss is [0.3489] 
2024-10-10 15:43:55.160 | INFO     | trainer_1:_train_one_epoch:201 - validate 33 cost time 8.47s, result: {'hit@1': 0.015, 'ndcg@1': 0.015, 'hit@5': 0.056, 'ndcg@5': 0.0358, 'hit@10': 0.0941, 'ndcg@10': 0.048, 'hit@15': 0.1265, 'ndcg@15': 0.0566, 'hit@20': 0.1543, 'ndcg@20': 0.0631, 'hit@40': 0.2489, 'ndcg@40': 0.0824} 
2024-10-10 15:44:03.162 | INFO     | trainer_1:_train_one_epoch:209 - test 33 cost time 8.00s, result: {'hit@1': 0.0112, 'ndcg@1': 0.0112, 'hit@5': 0.0401, 'ndcg@5': 0.0256, 'hit@10': 0.0656, 'ndcg@10': 0.0338, 'hit@15': 0.0874, 'ndcg@15': 0.0395, 'hit@20': 0.1076, 'ndcg@20': 0.0443, 'hit@40': 0.1747, 'ndcg@40': 0.0579} 
2024-10-10 15:44:31.969 | INFO     | trainer_1:_train_one_epoch:193 - epoch 34 12.65s Train loss is [0.3598] 
2024-10-10 15:44:41.609 | INFO     | trainer_1:_train_one_epoch:201 - validate 34 cost time 9.64s, result: {'hit@1': 0.0155, 'ndcg@1': 0.0155, 'hit@5': 0.0559, 'ndcg@5': 0.0355, 'hit@10': 0.0902, 'ndcg@10': 0.0465, 'hit@15': 0.1197, 'ndcg@15': 0.0543, 'hit@20': 0.1471, 'ndcg@20': 0.0607, 'hit@40': 0.2348, 'ndcg@40': 0.0786} 
2024-10-10 15:44:49.290 | INFO     | trainer_1:_train_one_epoch:209 - test 34 cost time 7.68s, result: {'hit@1': 0.0116, 'ndcg@1': 0.0116, 'hit@5': 0.0389, 'ndcg@5': 0.0253, 'hit@10': 0.0659, 'ndcg@10': 0.034, 'hit@15': 0.0869, 'ndcg@15': 0.0396, 'hit@20': 0.106, 'ndcg@20': 0.0441, 'hit@40': 0.1713, 'ndcg@40': 0.0574} 
2024-10-10 15:45:16.972 | INFO     | trainer_1:_train_one_epoch:193 - epoch 35 13.91s Train loss is [0.3546] 
2024-10-10 15:45:26.550 | INFO     | trainer_1:_train_one_epoch:201 - validate 35 cost time 9.58s, result: {'hit@1': 0.0151, 'ndcg@1': 0.0151, 'hit@5': 0.0554, 'ndcg@5': 0.0353, 'hit@10': 0.0903, 'ndcg@10': 0.0464, 'hit@15': 0.1219, 'ndcg@15': 0.0548, 'hit@20': 0.1487, 'ndcg@20': 0.0611, 'hit@40': 0.2361, 'ndcg@40': 0.0789} 
2024-10-10 15:45:33.268 | INFO     | trainer_1:_train_one_epoch:209 - test 35 cost time 6.72s, result: {'hit@1': 0.0112, 'ndcg@1': 0.0112, 'hit@5': 0.0375, 'ndcg@5': 0.0243, 'hit@10': 0.0621, 'ndcg@10': 0.0322, 'hit@15': 0.0834, 'ndcg@15': 0.0378, 'hit@20': 0.1042, 'ndcg@20': 0.0427, 'hit@40': 0.1699, 'ndcg@40': 0.0561} 
2024-10-10 15:45:46.828 | INFO     | trainer_1:_train_one_epoch:193 - epoch 36 13.56s Train loss is [0.3572] 
2024-10-10 15:45:56.641 | INFO     | trainer_1:_train_one_epoch:201 - validate 36 cost time 9.81s, result: {'hit@1': 0.0151, 'ndcg@1': 0.0151, 'hit@5': 0.0559, 'ndcg@5': 0.0355, 'hit@10': 0.0926, 'ndcg@10': 0.0472, 'hit@15': 0.1236, 'ndcg@15': 0.0554, 'hit@20': 0.1523, 'ndcg@20': 0.0622, 'hit@40': 0.242, 'ndcg@40': 0.0804} 
2024-10-10 15:46:06.970 | INFO     | trainer_1:_train_one_epoch:209 - test 36 cost time 10.33s, result: {'hit@1': 0.0106, 'ndcg@1': 0.0106, 'hit@5': 0.037, 'ndcg@5': 0.0237, 'hit@10': 0.0624, 'ndcg@10': 0.0319, 'hit@15': 0.0857, 'ndcg@15': 0.038, 'hit@20': 0.1044, 'ndcg@20': 0.0424, 'hit@40': 0.1711, 'ndcg@40': 0.056} 
2024-10-10 15:46:20.081 | INFO     | trainer_1:_train_one_epoch:193 - epoch 37 13.11s Train loss is [0.3623] 
2024-10-10 15:46:25.885 | INFO     | trainer_1:_train_one_epoch:201 - validate 37 cost time 5.80s, result: {'hit@1': 0.0157, 'ndcg@1': 0.0157, 'hit@5': 0.0581, 'ndcg@5': 0.0368, 'hit@10': 0.0971, 'ndcg@10': 0.0493, 'hit@15': 0.1306, 'ndcg@15': 0.0582, 'hit@20': 0.1583, 'ndcg@20': 0.0647, 'hit@40': 0.2483, 'ndcg@40': 0.083} 
2024-10-10 15:46:31.419 | INFO     | trainer_1:_train_one_epoch:209 - test 37 cost time 5.53s, result: {'hit@1': 0.0111, 'ndcg@1': 0.0111, 'hit@5': 0.0404, 'ndcg@5': 0.0257, 'hit@10': 0.0659, 'ndcg@10': 0.0339, 'hit@15': 0.0887, 'ndcg@15': 0.0399, 'hit@20': 0.1094, 'ndcg@20': 0.0448, 'hit@40': 0.1792, 'ndcg@40': 0.059} 
2024-10-10 15:46:45.574 | INFO     | trainer_1:_train_one_epoch:193 - epoch 38 14.15s Train loss is [0.3416] 
2024-10-10 15:46:52.275 | INFO     | trainer_1:_train_one_epoch:201 - validate 38 cost time 6.70s, result: {'hit@1': 0.0163, 'ndcg@1': 0.0163, 'hit@5': 0.0566, 'ndcg@5': 0.0366, 'hit@10': 0.0933, 'ndcg@10': 0.0484, 'hit@15': 0.1257, 'ndcg@15': 0.0569, 'hit@20': 0.1537, 'ndcg@20': 0.0635, 'hit@40': 0.2421, 'ndcg@40': 0.0815} 
2024-10-10 15:46:59.415 | INFO     | trainer_1:_train_one_epoch:209 - test 38 cost time 7.14s, result: {'hit@1': 0.0112, 'ndcg@1': 0.0112, 'hit@5': 0.039, 'ndcg@5': 0.0251, 'hit@10': 0.064, 'ndcg@10': 0.0331, 'hit@15': 0.0865, 'ndcg@15': 0.0391, 'hit@20': 0.1059, 'ndcg@20': 0.0436, 'hit@40': 0.172, 'ndcg@40': 0.0571} 
2024-10-10 15:47:12.086 | INFO     | trainer_1:_train_one_epoch:193 - epoch 39 12.67s Train loss is [0.3442] 
2024-10-10 15:47:22.510 | INFO     | trainer_1:_train_one_epoch:201 - validate 39 cost time 10.42s, result: {'hit@1': 0.0153, 'ndcg@1': 0.0153, 'hit@5': 0.0579, 'ndcg@5': 0.0366, 'hit@10': 0.0977, 'ndcg@10': 0.0493, 'hit@15': 0.1282, 'ndcg@15': 0.0573, 'hit@20': 0.1548, 'ndcg@20': 0.0636, 'hit@40': 0.2458, 'ndcg@40': 0.0822} 
2024-10-10 15:47:33.181 | INFO     | trainer_1:_train_one_epoch:209 - test 39 cost time 10.67s, result: {'hit@1': 0.0115, 'ndcg@1': 0.0115, 'hit@5': 0.0404, 'ndcg@5': 0.0257, 'hit@10': 0.0667, 'ndcg@10': 0.0342, 'hit@15': 0.0908, 'ndcg@15': 0.0405, 'hit@20': 0.1115, 'ndcg@20': 0.0454, 'hit@40': 0.1788, 'ndcg@40': 0.0591} 
2024-10-10 15:48:03.671 | INFO     | trainer_1:_train_one_epoch:193 - epoch 40 15.10s Train loss is [0.3445] 
2024-10-10 15:48:14.966 | INFO     | trainer_1:_train_one_epoch:201 - validate 40 cost time 11.29s, result: {'hit@1': 0.016, 'ndcg@1': 0.016, 'hit@5': 0.0586, 'ndcg@5': 0.0374, 'hit@10': 0.0954, 'ndcg@10': 0.0492, 'hit@15': 0.1275, 'ndcg@15': 0.0577, 'hit@20': 0.1565, 'ndcg@20': 0.0646, 'hit@40': 0.2453, 'ndcg@40': 0.0826} 
2024-10-10 15:48:26.118 | INFO     | trainer_1:_train_one_epoch:209 - test 40 cost time 11.15s, result: {'hit@1': 0.0112, 'ndcg@1': 0.0112, 'hit@5': 0.0386, 'ndcg@5': 0.025, 'hit@10': 0.0654, 'ndcg@10': 0.0335, 'hit@15': 0.0881, 'ndcg@15': 0.0395, 'hit@20': 0.1077, 'ndcg@20': 0.0441, 'hit@40': 0.1754, 'ndcg@40': 0.0579} 
2024-10-10 15:48:39.367 | INFO     | trainer_1:_train_one_epoch:193 - epoch 41 13.25s Train loss is [0.3484] 
2024-10-10 15:48:49.778 | INFO     | trainer_1:_train_one_epoch:201 - validate 41 cost time 10.41s, result: {'hit@1': 0.0166, 'ndcg@1': 0.0166, 'hit@5': 0.0587, 'ndcg@5': 0.0377, 'hit@10': 0.0966, 'ndcg@10': 0.0498, 'hit@15': 0.127, 'ndcg@15': 0.0579, 'hit@20': 0.1544, 'ndcg@20': 0.0643, 'hit@40': 0.2445, 'ndcg@40': 0.0827} 
2024-10-10 15:49:00.044 | INFO     | trainer_1:_train_one_epoch:209 - test 41 cost time 10.26s, result: {'hit@1': 0.0111, 'ndcg@1': 0.0111, 'hit@5': 0.0398, 'ndcg@5': 0.0253, 'hit@10': 0.0659, 'ndcg@10': 0.0337, 'hit@15': 0.0883, 'ndcg@15': 0.0396, 'hit@20': 0.1084, 'ndcg@20': 0.0443, 'hit@40': 0.1753, 'ndcg@40': 0.058} 
2024-10-10 15:49:12.299 | INFO     | trainer_1:_train_one_epoch:193 - epoch 42 12.25s Train loss is [0.3388] 
2024-10-10 15:49:22.567 | INFO     | trainer_1:_train_one_epoch:201 - validate 42 cost time 10.27s, result: {'hit@1': 0.0175, 'ndcg@1': 0.0175, 'hit@5': 0.064, 'ndcg@5': 0.0405, 'hit@10': 0.1035, 'ndcg@10': 0.0532, 'hit@15': 0.1355, 'ndcg@15': 0.0616, 'hit@20': 0.1651, 'ndcg@20': 0.0686, 'hit@40': 0.2564, 'ndcg@40': 0.0872} 
2024-10-10 15:49:32.366 | INFO     | trainer_1:_train_one_epoch:209 - test 42 cost time 9.80s, result: {'hit@1': 0.0107, 'ndcg@1': 0.0107, 'hit@5': 0.0409, 'ndcg@5': 0.0259, 'hit@10': 0.0685, 'ndcg@10': 0.0348, 'hit@15': 0.0912, 'ndcg@15': 0.0407, 'hit@20': 0.1125, 'ndcg@20': 0.0458, 'hit@40': 0.1824, 'ndcg@40': 0.06} 
2024-10-10 15:49:56.709 | INFO     | trainer_1:_train_one_epoch:193 - epoch 43 11.46s Train loss is [0.3387] 
2024-10-10 15:50:07.027 | INFO     | trainer_1:_train_one_epoch:201 - validate 43 cost time 10.32s, result: {'hit@1': 0.0167, 'ndcg@1': 0.0167, 'hit@5': 0.0584, 'ndcg@5': 0.0377, 'hit@10': 0.0999, 'ndcg@10': 0.051, 'hit@15': 0.1305, 'ndcg@15': 0.0591, 'hit@20': 0.1608, 'ndcg@20': 0.0662, 'hit@40': 0.2512, 'ndcg@40': 0.0846} 
2024-10-10 15:50:16.814 | INFO     | trainer_1:_train_one_epoch:209 - test 43 cost time 9.79s, result: {'hit@1': 0.0111, 'ndcg@1': 0.0111, 'hit@5': 0.041, 'ndcg@5': 0.0259, 'hit@10': 0.0682, 'ndcg@10': 0.0346, 'hit@15': 0.0908, 'ndcg@15': 0.0405, 'hit@20': 0.1107, 'ndcg@20': 0.0452, 'hit@40': 0.1785, 'ndcg@40': 0.059} 
2024-10-10 15:50:28.234 | INFO     | trainer_1:_train_one_epoch:193 - epoch 44 11.42s Train loss is [0.3463] 
2024-10-10 15:50:38.323 | INFO     | trainer_1:_train_one_epoch:201 - validate 44 cost time 10.09s, result: {'hit@1': 0.0172, 'ndcg@1': 0.0172, 'hit@5': 0.0583, 'ndcg@5': 0.0378, 'hit@10': 0.0985, 'ndcg@10': 0.0508, 'hit@15': 0.1311, 'ndcg@15': 0.0593, 'hit@20': 0.1573, 'ndcg@20': 0.0655, 'hit@40': 0.248, 'ndcg@40': 0.084} 
2024-10-10 15:50:48.162 | INFO     | trainer_1:_train_one_epoch:209 - test 44 cost time 9.84s, result: {'hit@1': 0.0113, 'ndcg@1': 0.0113, 'hit@5': 0.0406, 'ndcg@5': 0.0257, 'hit@10': 0.07, 'ndcg@10': 0.0351, 'hit@15': 0.0929, 'ndcg@15': 0.0411, 'hit@20': 0.1119, 'ndcg@20': 0.0456, 'hit@40': 0.1799, 'ndcg@40': 0.0594} 
2024-10-10 15:51:11.804 | INFO     | trainer_1:_train_one_epoch:193 - epoch 45 11.66s Train loss is [0.3442] 
2024-10-10 15:51:21.950 | INFO     | trainer_1:_train_one_epoch:201 - validate 45 cost time 10.15s, result: {'hit@1': 0.0169, 'ndcg@1': 0.0169, 'hit@5': 0.0621, 'ndcg@5': 0.0396, 'hit@10': 0.102, 'ndcg@10': 0.0523, 'hit@15': 0.1316, 'ndcg@15': 0.0601, 'hit@20': 0.1614, 'ndcg@20': 0.0672, 'hit@40': 0.2515, 'ndcg@40': 0.0855} 
2024-10-10 15:51:31.905 | INFO     | trainer_1:_train_one_epoch:209 - test 45 cost time 9.95s, result: {'hit@1': 0.0108, 'ndcg@1': 0.0108, 'hit@5': 0.0421, 'ndcg@5': 0.0263, 'hit@10': 0.0703, 'ndcg@10': 0.0353, 'hit@15': 0.0932, 'ndcg@15': 0.0413, 'hit@20': 0.1145, 'ndcg@20': 0.0464, 'hit@40': 0.1802, 'ndcg@40': 0.0597} 
2024-10-10 15:52:00.104 | INFO     | trainer_1:_train_one_epoch:193 - epoch 46 13.44s Train loss is [0.3300] 
2024-10-10 15:52:10.681 | INFO     | trainer_1:_train_one_epoch:201 - validate 46 cost time 10.58s, result: {'hit@1': 0.017, 'ndcg@1': 0.017, 'hit@5': 0.0595, 'ndcg@5': 0.0382, 'hit@10': 0.0994, 'ndcg@10': 0.051, 'hit@15': 0.1309, 'ndcg@15': 0.0593, 'hit@20': 0.1567, 'ndcg@20': 0.0654, 'hit@40': 0.2464, 'ndcg@40': 0.0836} 
2024-10-10 15:52:21.534 | INFO     | trainer_1:_train_one_epoch:209 - test 46 cost time 10.85s, result: {'hit@1': 0.0105, 'ndcg@1': 0.0105, 'hit@5': 0.0419, 'ndcg@5': 0.0262, 'hit@10': 0.0685, 'ndcg@10': 0.0347, 'hit@15': 0.0907, 'ndcg@15': 0.0406, 'hit@20': 0.1111, 'ndcg@20': 0.0454, 'hit@40': 0.1774, 'ndcg@40': 0.0589} 
2024-10-10 15:52:33.736 | INFO     | trainer_1:_train_one_epoch:193 - epoch 47 12.20s Train loss is [0.3327] 
2024-10-10 15:52:43.894 | INFO     | trainer_1:_train_one_epoch:201 - validate 47 cost time 10.16s, result: {'hit@1': 0.0158, 'ndcg@1': 0.0158, 'hit@5': 0.0577, 'ndcg@5': 0.0368, 'hit@10': 0.0967, 'ndcg@10': 0.0493, 'hit@15': 0.1259, 'ndcg@15': 0.057, 'hit@20': 0.1538, 'ndcg@20': 0.0636, 'hit@40': 0.2421, 'ndcg@40': 0.0815} 
2024-10-10 15:52:54.668 | INFO     | trainer_1:_train_one_epoch:209 - test 47 cost time 10.77s, result: {'hit@1': 0.01, 'ndcg@1': 0.01, 'hit@5': 0.0383, 'ndcg@5': 0.0242, 'hit@10': 0.0653, 'ndcg@10': 0.0329, 'hit@15': 0.0881, 'ndcg@15': 0.0389, 'hit@20': 0.1073, 'ndcg@20': 0.0434, 'hit@40': 0.1727, 'ndcg@40': 0.0567} 
2024-10-10 15:53:07.730 | INFO     | trainer_1:_train_one_epoch:193 - epoch 48 13.06s Train loss is [0.3263] 
2024-10-10 15:53:18.097 | INFO     | trainer_1:_train_one_epoch:201 - validate 48 cost time 10.37s, result: {'hit@1': 0.0176, 'ndcg@1': 0.0176, 'hit@5': 0.0625, 'ndcg@5': 0.0399, 'hit@10': 0.1015, 'ndcg@10': 0.0523, 'hit@15': 0.1345, 'ndcg@15': 0.061, 'hit@20': 0.1629, 'ndcg@20': 0.0677, 'hit@40': 0.2523, 'ndcg@40': 0.0859} 
2024-10-10 15:53:28.389 | INFO     | trainer_1:_train_one_epoch:209 - test 48 cost time 10.29s, result: {'hit@1': 0.0107, 'ndcg@1': 0.0107, 'hit@5': 0.0417, 'ndcg@5': 0.0262, 'hit@10': 0.0713, 'ndcg@10': 0.0357, 'hit@15': 0.0945, 'ndcg@15': 0.0419, 'hit@20': 0.1143, 'ndcg@20': 0.0465, 'hit@40': 0.1825, 'ndcg@40': 0.0604} 
2024-10-10 15:53:53.184 | INFO     | trainer_1:_train_one_epoch:193 - epoch 49 12.32s Train loss is [0.3367] 
2024-10-10 15:54:03.229 | INFO     | trainer_1:_train_one_epoch:201 - validate 49 cost time 10.04s, result: {'hit@1': 0.0169, 'ndcg@1': 0.0169, 'hit@5': 0.0585, 'ndcg@5': 0.0376, 'hit@10': 0.0969, 'ndcg@10': 0.0499, 'hit@15': 0.1277, 'ndcg@15': 0.058, 'hit@20': 0.1562, 'ndcg@20': 0.0647, 'hit@40': 0.2448, 'ndcg@40': 0.0828} 
2024-10-10 15:54:13.130 | INFO     | trainer_1:_train_one_epoch:209 - test 49 cost time 9.90s, result: {'hit@1': 0.0105, 'ndcg@1': 0.0105, 'hit@5': 0.0402, 'ndcg@5': 0.0253, 'hit@10': 0.0672, 'ndcg@10': 0.034, 'hit@15': 0.09, 'ndcg@15': 0.04, 'hit@20': 0.1111, 'ndcg@20': 0.045, 'hit@40': 0.1745, 'ndcg@40': 0.0579} 
2024-10-10 15:54:23.081 | INFO     | trainer_1:_train_one_epoch:193 - epoch 50 9.95s Train loss is [0.3383] 
2024-10-10 15:54:33.939 | INFO     | trainer_1:_train_one_epoch:201 - validate 50 cost time 10.86s, result: {'hit@1': 0.0166, 'ndcg@1': 0.0166, 'hit@5': 0.06, 'ndcg@5': 0.038, 'hit@10': 0.1001, 'ndcg@10': 0.0508, 'hit@15': 0.1334, 'ndcg@15': 0.0596, 'hit@20': 0.1614, 'ndcg@20': 0.0662, 'hit@40': 0.2535, 'ndcg@40': 0.085} 
2024-10-10 15:54:44.322 | INFO     | trainer_1:_train_one_epoch:209 - test 50 cost time 10.38s, result: {'hit@1': 0.0105, 'ndcg@1': 0.0105, 'hit@5': 0.0403, 'ndcg@5': 0.0252, 'hit@10': 0.0688, 'ndcg@10': 0.0343, 'hit@15': 0.0917, 'ndcg@15': 0.0404, 'hit@20': 0.1132, 'ndcg@20': 0.0455, 'hit@40': 0.1788, 'ndcg@40': 0.0588} 
2024-10-10 15:54:52.842 | INFO     | trainer_1:_train_one_epoch:193 - epoch 51 8.52s Train loss is [0.3338] 
2024-10-10 15:55:02.826 | INFO     | trainer_1:_train_one_epoch:201 - validate 51 cost time 9.98s, result: {'hit@1': 0.0167, 'ndcg@1': 0.0167, 'hit@5': 0.063, 'ndcg@5': 0.0399, 'hit@10': 0.1036, 'ndcg@10': 0.0529, 'hit@15': 0.1369, 'ndcg@15': 0.0617, 'hit@20': 0.1653, 'ndcg@20': 0.0684, 'hit@40': 0.2576, 'ndcg@40': 0.0872} 
2024-10-10 15:55:13.284 | INFO     | trainer_1:_train_one_epoch:209 - test 51 cost time 10.46s, result: {'hit@1': 0.0109, 'ndcg@1': 0.0109, 'hit@5': 0.0404, 'ndcg@5': 0.0256, 'hit@10': 0.0707, 'ndcg@10': 0.0353, 'hit@15': 0.0952, 'ndcg@15': 0.0418, 'hit@20': 0.1157, 'ndcg@20': 0.0466, 'hit@40': 0.1843, 'ndcg@40': 0.0605} 
2024-10-10 15:55:24.112 | INFO     | trainer_1:_train_one_epoch:193 - epoch 52 10.83s Train loss is [0.3256] 
2024-10-10 15:55:34.682 | INFO     | trainer_1:_train_one_epoch:201 - validate 52 cost time 10.57s, result: {'hit@1': 0.0163, 'ndcg@1': 0.0163, 'hit@5': 0.0595, 'ndcg@5': 0.0377, 'hit@10': 0.0971, 'ndcg@10': 0.0497, 'hit@15': 0.1291, 'ndcg@15': 0.0582, 'hit@20': 0.1574, 'ndcg@20': 0.0649, 'hit@40': 0.2485, 'ndcg@40': 0.0834} 
2024-10-10 15:55:44.514 | INFO     | trainer_1:_train_one_epoch:209 - test 52 cost time 9.83s, result: {'hit@1': 0.0107, 'ndcg@1': 0.0107, 'hit@5': 0.0394, 'ndcg@5': 0.0251, 'hit@10': 0.0664, 'ndcg@10': 0.0337, 'hit@15': 0.0909, 'ndcg@15': 0.0402, 'hit@20': 0.1103, 'ndcg@20': 0.0448, 'hit@40': 0.1787, 'ndcg@40': 0.0587} 
2024-10-10 15:55:54.737 | INFO     | trainer_1:_train_one_epoch:193 - epoch 53 10.22s Train loss is [0.3301] 
2024-10-10 15:56:05.062 | INFO     | trainer_1:_train_one_epoch:201 - validate 53 cost time 10.32s, result: {'hit@1': 0.0166, 'ndcg@1': 0.0166, 'hit@5': 0.0605, 'ndcg@5': 0.0386, 'hit@10': 0.0986, 'ndcg@10': 0.0508, 'hit@15': 0.1298, 'ndcg@15': 0.0591, 'hit@20': 0.1584, 'ndcg@20': 0.0658, 'hit@40': 0.2484, 'ndcg@40': 0.0842} 
2024-10-10 15:56:15.232 | INFO     | trainer_1:_train_one_epoch:209 - test 53 cost time 10.17s, result: {'hit@1': 0.0108, 'ndcg@1': 0.0108, 'hit@5': 0.0404, 'ndcg@5': 0.0255, 'hit@10': 0.0677, 'ndcg@10': 0.0342, 'hit@15': 0.0888, 'ndcg@15': 0.0398, 'hit@20': 0.1094, 'ndcg@20': 0.0447, 'hit@40': 0.1777, 'ndcg@40': 0.0585} 
2024-10-10 15:56:24.263 | INFO     | trainer_1:_train_one_epoch:193 - epoch 54 9.03s Train loss is [0.3393] 
2024-10-10 15:56:34.257 | INFO     | trainer_1:_train_one_epoch:201 - validate 54 cost time 9.99s, result: {'hit@1': 0.0151, 'ndcg@1': 0.0151, 'hit@5': 0.0559, 'ndcg@5': 0.0357, 'hit@10': 0.0935, 'ndcg@10': 0.0478, 'hit@15': 0.1251, 'ndcg@15': 0.0561, 'hit@20': 0.1534, 'ndcg@20': 0.0628, 'hit@40': 0.243, 'ndcg@40': 0.081} 
2024-10-10 15:56:44.081 | INFO     | trainer_1:_train_one_epoch:209 - test 54 cost time 9.82s, result: {'hit@1': 0.0102, 'ndcg@1': 0.0102, 'hit@5': 0.0372, 'ndcg@5': 0.0237, 'hit@10': 0.0642, 'ndcg@10': 0.0324, 'hit@15': 0.0859, 'ndcg@15': 0.0381, 'hit@20': 0.105, 'ndcg@20': 0.0426, 'hit@40': 0.1711, 'ndcg@40': 0.056} 
2024-10-10 15:56:52.149 | INFO     | trainer_1:_train_one_epoch:193 - epoch 55 8.07s Train loss is [0.3314] 
2024-10-10 15:57:02.133 | INFO     | trainer_1:_train_one_epoch:201 - validate 55 cost time 9.98s, result: {'hit@1': 0.0172, 'ndcg@1': 0.0172, 'hit@5': 0.0623, 'ndcg@5': 0.0397, 'hit@10': 0.1032, 'ndcg@10': 0.0529, 'hit@15': 0.1374, 'ndcg@15': 0.0619, 'hit@20': 0.1691, 'ndcg@20': 0.0693, 'hit@40': 0.26, 'ndcg@40': 0.0879} 
2024-10-10 15:57:12.046 | INFO     | trainer_1:_train_one_epoch:209 - test 55 cost time 9.91s, result: {'hit@1': 0.0106, 'ndcg@1': 0.0106, 'hit@5': 0.0414, 'ndcg@5': 0.026, 'hit@10': 0.0703, 'ndcg@10': 0.0352, 'hit@15': 0.0945, 'ndcg@15': 0.0416, 'hit@20': 0.1145, 'ndcg@20': 0.0463, 'hit@40': 0.186, 'ndcg@40': 0.0609} 
2024-10-10 15:57:20.028 | INFO     | trainer_1:_train_one_epoch:193 - epoch 56 7.98s Train loss is [0.3240] 
2024-10-10 15:57:30.519 | INFO     | trainer_1:_train_one_epoch:201 - validate 56 cost time 10.49s, result: {'hit@1': 0.0171, 'ndcg@1': 0.0171, 'hit@5': 0.0609, 'ndcg@5': 0.0388, 'hit@10': 0.1004, 'ndcg@10': 0.0514, 'hit@15': 0.1358, 'ndcg@15': 0.0608, 'hit@20': 0.1653, 'ndcg@20': 0.0677, 'hit@40': 0.2607, 'ndcg@40': 0.0872} 
2024-10-10 15:57:41.725 | INFO     | trainer_1:_train_one_epoch:209 - test 56 cost time 11.21s, result: {'hit@1': 0.0109, 'ndcg@1': 0.0109, 'hit@5': 0.0408, 'ndcg@5': 0.0257, 'hit@10': 0.0687, 'ndcg@10': 0.0347, 'hit@15': 0.0924, 'ndcg@15': 0.0409, 'hit@20': 0.1155, 'ndcg@20': 0.0464, 'hit@40': 0.1847, 'ndcg@40': 0.0604} 
2024-10-10 15:57:41.744 | INFO     | trainer_1:train_model:163 - training end, best iteration 51, results: {'hit@1': 0.0176, 'ndcg@1': 0.0176, 'hit@5': 0.0625, 'ndcg@5': 0.0399, 'hit@10': 0.1015, 'ndcg@10': 0.0523, 'hit@15': 0.1345, 'ndcg@15': 0.061, 'hit@20': 0.1629, 'ndcg@20': 0.0677, 'hit@40': 0.2523, 'ndcg@40': 0.0859}
2024-10-10 15:57:41.744 | INFO     | trainer_1:train_model:166 - final test result is:  {'hit@1': 0.0107, 'ndcg@1': 0.0107, 'hit@5': 0.0417, 'ndcg@5': 0.0262, 'hit@10': 0.0713, 'ndcg@10': 0.0357, 'hit@15': 0.0945, 'ndcg@15': 0.0419, 'hit@20': 0.1143, 'ndcg@20': 0.0465, 'hit@40': 0.1825, 'ndcg@40': 0.0604}
2024-10-10 15:57:42.470 | INFO     | __main__:<module>:119 - train end total cost time: 4219.31036734581
