2024-10-11 01:57:09.549 | INFO     | __main__:<module>:105 - Namespace(TIME='2024-10-11 01_56_34', batch_size=1024, behaviors=['view', 'cart', 'buy'], check_point='model_pre_1_2024-10-08 12_35_44.pth', data_name='beibei', data_path='./data/beibei', decay=0.001, device='cuda:1', dim_qk=32, dim_v=64, distill_layers=2, distill_thres=0.5, distill_topK=60, distill_userK=2, embedding_size=64, epochs=100, gpu_no=1, if_load_model=True, ii_lambda=200, initializer_range=0.02, layers=2, loss_type='bpr', lr=0.001, message_dropout=0.25, metrics=['hit', 'ndcg'], min_epoch=5, model_name='main_1', model_path='./check_point', node_dropout=0.75, omega=1, pt_loop=50, reg_weight=0.001, test_batch_size=1024, testbatch=1024, topk=[1, 5, 10, 15, 20, 40], uu_lambda=100)
2024-10-11 01:57:09.549 | INFO     | __main__:<module>:106 - BIPN(
  (message_dropout): Dropout(p=0.25, inplace=False)
  (user_embedding): Embedding(21717, 64, padding_idx=0)
  (item_embedding): Embedding(7978, 64, padding_idx=0)
  (global_Graph): LightGCN()
  (Graph_encoder): ModuleDict(
    (view): GraphEncoder(
      (light): LightGCN()
      (dropout): Dropout(p=0.75, inplace=False)
    )
    (cart): GraphEncoder(
      (light): LightGCN()
      (dropout): Dropout(p=0.75, inplace=False)
    )
    (buy): GraphEncoder(
      (light): LightGCN()
      (dropout): Dropout(p=0.75, inplace=False)
    )
  )
  (attention): Mutual_Attention()
  (bpr_loss): BPRLoss()
  (emb_loss): EmbLoss()
  (f): Sigmoid()
)
2024-10-11 02:04:08.505 | INFO     | trainer_1:_train_one_epoch:193 - epoch 1 9.06s Train loss is [0.9419] 
2024-10-11 02:04:17.603 | INFO     | trainer_1:_train_one_epoch:201 - validate 1 cost time 9.10s, result: {'hit@1': 0.0047, 'ndcg@1': 0.0047, 'hit@5': 0.0231, 'ndcg@5': 0.014, 'hit@10': 0.0451, 'ndcg@10': 0.0211, 'hit@15': 0.0638, 'ndcg@15': 0.026, 'hit@20': 0.0818, 'ndcg@20': 0.0302, 'hit@40': 0.1413, 'ndcg@40': 0.0424} 
2024-10-11 02:04:26.657 | INFO     | trainer_1:_train_one_epoch:209 - test 1 cost time 9.05s, result: {'hit@1': 0.0032, 'ndcg@1': 0.0032, 'hit@5': 0.0149, 'ndcg@5': 0.0089, 'hit@10': 0.029, 'ndcg@10': 0.0134, 'hit@15': 0.0436, 'ndcg@15': 0.0173, 'hit@20': 0.0572, 'ndcg@20': 0.0205, 'hit@40': 0.1062, 'ndcg@40': 0.0304} 
2024-10-11 02:04:46.238 | INFO     | trainer_1:_train_one_epoch:193 - epoch 2 8.65s Train loss is [0.7228] 
2024-10-11 02:04:55.278 | INFO     | trainer_1:_train_one_epoch:201 - validate 2 cost time 9.04s, result: {'hit@1': 0.007, 'ndcg@1': 0.007, 'hit@5': 0.0288, 'ndcg@5': 0.0178, 'hit@10': 0.0511, 'ndcg@10': 0.0249, 'hit@15': 0.0715, 'ndcg@15': 0.0303, 'hit@20': 0.0907, 'ndcg@20': 0.0348, 'hit@40': 0.1552, 'ndcg@40': 0.0479} 
2024-10-11 02:05:03.788 | INFO     | trainer_1:_train_one_epoch:209 - test 2 cost time 8.51s, result: {'hit@1': 0.004, 'ndcg@1': 0.004, 'hit@5': 0.0186, 'ndcg@5': 0.0111, 'hit@10': 0.0353, 'ndcg@10': 0.0164, 'hit@15': 0.0503, 'ndcg@15': 0.0204, 'hit@20': 0.0639, 'ndcg@20': 0.0236, 'hit@40': 0.1151, 'ndcg@40': 0.034} 
2024-10-11 02:05:23.794 | INFO     | trainer_1:_train_one_epoch:193 - epoch 3 9.48s Train loss is [0.6275] 
2024-10-11 02:05:31.667 | INFO     | trainer_1:_train_one_epoch:201 - validate 3 cost time 7.87s, result: {'hit@1': 0.0101, 'ndcg@1': 0.0101, 'hit@5': 0.0332, 'ndcg@5': 0.0215, 'hit@10': 0.0602, 'ndcg@10': 0.0301, 'hit@15': 0.0844, 'ndcg@15': 0.0364, 'hit@20': 0.1061, 'ndcg@20': 0.0416, 'hit@40': 0.1772, 'ndcg@40': 0.056} 
2024-10-11 02:05:39.269 | INFO     | trainer_1:_train_one_epoch:209 - test 3 cost time 7.60s, result: {'hit@1': 0.0049, 'ndcg@1': 0.0049, 'hit@5': 0.0225, 'ndcg@5': 0.0135, 'hit@10': 0.0404, 'ndcg@10': 0.0192, 'hit@15': 0.0586, 'ndcg@15': 0.024, 'hit@20': 0.0738, 'ndcg@20': 0.0276, 'hit@40': 0.1276, 'ndcg@40': 0.0385} 
2024-10-11 02:05:58.798 | INFO     | trainer_1:_train_one_epoch:193 - epoch 4 9.07s Train loss is [0.5772] 
2024-10-11 02:06:06.508 | INFO     | trainer_1:_train_one_epoch:201 - validate 4 cost time 7.71s, result: {'hit@1': 0.0104, 'ndcg@1': 0.0104, 'hit@5': 0.0379, 'ndcg@5': 0.0238, 'hit@10': 0.0686, 'ndcg@10': 0.0335, 'hit@15': 0.0959, 'ndcg@15': 0.0407, 'hit@20': 0.1186, 'ndcg@20': 0.0461, 'hit@40': 0.1974, 'ndcg@40': 0.0621} 
2024-10-11 02:06:14.123 | INFO     | trainer_1:_train_one_epoch:209 - test 4 cost time 7.61s, result: {'hit@1': 0.0058, 'ndcg@1': 0.0058, 'hit@5': 0.0243, 'ndcg@5': 0.0149, 'hit@10': 0.0431, 'ndcg@10': 0.0209, 'hit@15': 0.0635, 'ndcg@15': 0.0263, 'hit@20': 0.0818, 'ndcg@20': 0.0306, 'hit@40': 0.1404, 'ndcg@40': 0.0425} 
2024-10-11 02:06:33.528 | INFO     | trainer_1:_train_one_epoch:193 - epoch 5 9.18s Train loss is [0.5435] 
2024-10-11 02:06:41.398 | INFO     | trainer_1:_train_one_epoch:201 - validate 5 cost time 7.87s, result: {'hit@1': 0.012, 'ndcg@1': 0.012, 'hit@5': 0.0431, 'ndcg@5': 0.0273, 'hit@10': 0.0738, 'ndcg@10': 0.0371, 'hit@15': 0.0991, 'ndcg@15': 0.0438, 'hit@20': 0.1221, 'ndcg@20': 0.0492, 'hit@40': 0.1954, 'ndcg@40': 0.0641} 
2024-10-11 02:06:49.300 | INFO     | trainer_1:_train_one_epoch:209 - test 5 cost time 7.90s, result: {'hit@1': 0.0056, 'ndcg@1': 0.0056, 'hit@5': 0.0256, 'ndcg@5': 0.0155, 'hit@10': 0.0456, 'ndcg@10': 0.0219, 'hit@15': 0.0635, 'ndcg@15': 0.0266, 'hit@20': 0.0792, 'ndcg@20': 0.0303, 'hit@40': 0.1342, 'ndcg@40': 0.0415} 
2024-10-11 02:07:09.376 | INFO     | trainer_1:_train_one_epoch:193 - epoch 6 9.36s Train loss is [0.5247] 
2024-10-11 02:07:17.280 | INFO     | trainer_1:_train_one_epoch:201 - validate 6 cost time 7.90s, result: {'hit@1': 0.0117, 'ndcg@1': 0.0117, 'hit@5': 0.0437, 'ndcg@5': 0.0275, 'hit@10': 0.0737, 'ndcg@10': 0.0372, 'hit@15': 0.1028, 'ndcg@15': 0.0448, 'hit@20': 0.1262, 'ndcg@20': 0.0504, 'hit@40': 0.208, 'ndcg@40': 0.067} 
2024-10-11 02:07:25.030 | INFO     | trainer_1:_train_one_epoch:209 - test 6 cost time 7.75s, result: {'hit@1': 0.0063, 'ndcg@1': 0.0063, 'hit@5': 0.0275, 'ndcg@5': 0.0167, 'hit@10': 0.0493, 'ndcg@10': 0.0237, 'hit@15': 0.0679, 'ndcg@15': 0.0285, 'hit@20': 0.0861, 'ndcg@20': 0.0328, 'hit@40': 0.1467, 'ndcg@40': 0.0452} 
2024-10-11 02:07:44.390 | INFO     | trainer_1:_train_one_epoch:193 - epoch 7 9.05s Train loss is [0.5031] 
2024-10-11 02:07:53.335 | INFO     | trainer_1:_train_one_epoch:201 - validate 7 cost time 8.94s, result: {'hit@1': 0.0116, 'ndcg@1': 0.0116, 'hit@5': 0.0443, 'ndcg@5': 0.028, 'hit@10': 0.0747, 'ndcg@10': 0.0377, 'hit@15': 0.1031, 'ndcg@15': 0.0452, 'hit@20': 0.1265, 'ndcg@20': 0.0508, 'hit@40': 0.2034, 'ndcg@40': 0.0665} 
2024-10-11 02:08:02.248 | INFO     | trainer_1:_train_one_epoch:209 - test 7 cost time 8.91s, result: {'hit@1': 0.0075, 'ndcg@1': 0.0075, 'hit@5': 0.0272, 'ndcg@5': 0.0172, 'hit@10': 0.0487, 'ndcg@10': 0.0241, 'hit@15': 0.0674, 'ndcg@15': 0.029, 'hit@20': 0.0839, 'ndcg@20': 0.0329, 'hit@40': 0.1432, 'ndcg@40': 0.045} 
2024-10-11 02:08:11.315 | INFO     | trainer_1:_train_one_epoch:193 - epoch 8 9.07s Train loss is [0.5062] 
2024-10-11 02:08:19.433 | INFO     | trainer_1:_train_one_epoch:201 - validate 8 cost time 8.12s, result: {'hit@1': 0.0123, 'ndcg@1': 0.0123, 'hit@5': 0.0451, 'ndcg@5': 0.0286, 'hit@10': 0.0755, 'ndcg@10': 0.0383, 'hit@15': 0.1011, 'ndcg@15': 0.045, 'hit@20': 0.1236, 'ndcg@20': 0.0503, 'hit@40': 0.1978, 'ndcg@40': 0.0655} 
2024-10-11 02:08:28.306 | INFO     | trainer_1:_train_one_epoch:209 - test 8 cost time 8.87s, result: {'hit@1': 0.0077, 'ndcg@1': 0.0077, 'hit@5': 0.0275, 'ndcg@5': 0.0175, 'hit@10': 0.0478, 'ndcg@10': 0.024, 'hit@15': 0.0654, 'ndcg@15': 0.0287, 'hit@20': 0.0828, 'ndcg@20': 0.0328, 'hit@40': 0.1384, 'ndcg@40': 0.0441} 
2024-10-11 02:08:37.452 | INFO     | trainer_1:_train_one_epoch:193 - epoch 9 9.14s Train loss is [0.4900] 
2024-10-11 02:08:44.465 | INFO     | trainer_1:_train_one_epoch:201 - validate 9 cost time 7.01s, result: {'hit@1': 0.0108, 'ndcg@1': 0.0108, 'hit@5': 0.0463, 'ndcg@5': 0.0286, 'hit@10': 0.0802, 'ndcg@10': 0.0395, 'hit@15': 0.1116, 'ndcg@15': 0.0477, 'hit@20': 0.1387, 'ndcg@20': 0.0541, 'hit@40': 0.2233, 'ndcg@40': 0.0713} 
2024-10-11 02:08:51.198 | INFO     | trainer_1:_train_one_epoch:209 - test 9 cost time 6.73s, result: {'hit@1': 0.0072, 'ndcg@1': 0.0072, 'hit@5': 0.0303, 'ndcg@5': 0.0188, 'hit@10': 0.0527, 'ndcg@10': 0.026, 'hit@15': 0.0721, 'ndcg@15': 0.0311, 'hit@20': 0.0912, 'ndcg@20': 0.0356, 'hit@40': 0.1581, 'ndcg@40': 0.0493} 
2024-10-11 02:09:10.773 | INFO     | trainer_1:_train_one_epoch:193 - epoch 10 9.13s Train loss is [0.4765] 
2024-10-11 02:09:15.986 | INFO     | trainer_1:_train_one_epoch:201 - validate 10 cost time 5.21s, result: {'hit@1': 0.0124, 'ndcg@1': 0.0124, 'hit@5': 0.0464, 'ndcg@5': 0.0293, 'hit@10': 0.0791, 'ndcg@10': 0.0397, 'hit@15': 0.1062, 'ndcg@15': 0.0469, 'hit@20': 0.1289, 'ndcg@20': 0.0522, 'hit@40': 0.2049, 'ndcg@40': 0.0677} 
2024-10-11 02:09:20.998 | INFO     | trainer_1:_train_one_epoch:209 - test 10 cost time 5.01s, result: {'hit@1': 0.0069, 'ndcg@1': 0.0069, 'hit@5': 0.0303, 'ndcg@5': 0.0185, 'hit@10': 0.0496, 'ndcg@10': 0.0247, 'hit@15': 0.0684, 'ndcg@15': 0.0297, 'hit@20': 0.0872, 'ndcg@20': 0.0341, 'hit@40': 0.1447, 'ndcg@40': 0.0458} 
2024-10-11 02:09:30.101 | INFO     | trainer_1:_train_one_epoch:193 - epoch 11 9.10s Train loss is [0.4820] 
2024-10-11 02:09:35.235 | INFO     | trainer_1:_train_one_epoch:201 - validate 11 cost time 5.13s, result: {'hit@1': 0.0111, 'ndcg@1': 0.0111, 'hit@5': 0.0451, 'ndcg@5': 0.0279, 'hit@10': 0.0789, 'ndcg@10': 0.0388, 'hit@15': 0.1089, 'ndcg@15': 0.0467, 'hit@20': 0.1335, 'ndcg@20': 0.0525, 'hit@40': 0.2102, 'ndcg@40': 0.0681} 
2024-10-11 02:09:40.223 | INFO     | trainer_1:_train_one_epoch:209 - test 11 cost time 4.99s, result: {'hit@1': 0.0064, 'ndcg@1': 0.0064, 'hit@5': 0.0295, 'ndcg@5': 0.0178, 'hit@10': 0.0528, 'ndcg@10': 0.0253, 'hit@15': 0.0723, 'ndcg@15': 0.0304, 'hit@20': 0.0904, 'ndcg@20': 0.0347, 'hit@40': 0.1506, 'ndcg@40': 0.0469} 
2024-10-11 02:10:00.260 | INFO     | trainer_1:_train_one_epoch:193 - epoch 12 9.18s Train loss is [0.4652] 
2024-10-11 02:10:10.240 | INFO     | trainer_1:_train_one_epoch:201 - validate 12 cost time 9.98s, result: {'hit@1': 0.0111, 'ndcg@1': 0.0111, 'hit@5': 0.0445, 'ndcg@5': 0.0274, 'hit@10': 0.0772, 'ndcg@10': 0.0379, 'hit@15': 0.1051, 'ndcg@15': 0.0452, 'hit@20': 0.1276, 'ndcg@20': 0.0505, 'hit@40': 0.2062, 'ndcg@40': 0.0665} 
2024-10-11 02:10:19.998 | INFO     | trainer_1:_train_one_epoch:209 - test 12 cost time 9.76s, result: {'hit@1': 0.0064, 'ndcg@1': 0.0064, 'hit@5': 0.0289, 'ndcg@5': 0.0174, 'hit@10': 0.0527, 'ndcg@10': 0.025, 'hit@15': 0.0727, 'ndcg@15': 0.0303, 'hit@20': 0.0897, 'ndcg@20': 0.0343, 'hit@40': 0.1487, 'ndcg@40': 0.0463} 
2024-10-11 02:10:29.095 | INFO     | trainer_1:_train_one_epoch:193 - epoch 13 9.10s Train loss is [0.4445] 
2024-10-11 02:10:39.029 | INFO     | trainer_1:_train_one_epoch:201 - validate 13 cost time 9.93s, result: {'hit@1': 0.0111, 'ndcg@1': 0.0111, 'hit@5': 0.0443, 'ndcg@5': 0.0274, 'hit@10': 0.0804, 'ndcg@10': 0.039, 'hit@15': 0.1093, 'ndcg@15': 0.0466, 'hit@20': 0.1359, 'ndcg@20': 0.0529, 'hit@40': 0.2197, 'ndcg@40': 0.0699} 
2024-10-11 02:10:48.808 | INFO     | trainer_1:_train_one_epoch:209 - test 13 cost time 9.78s, result: {'hit@1': 0.0062, 'ndcg@1': 0.0062, 'hit@5': 0.0301, 'ndcg@5': 0.0179, 'hit@10': 0.0527, 'ndcg@10': 0.0251, 'hit@15': 0.0726, 'ndcg@15': 0.0304, 'hit@20': 0.0909, 'ndcg@20': 0.0347, 'hit@40': 0.1529, 'ndcg@40': 0.0473} 
2024-10-11 02:10:57.836 | INFO     | trainer_1:_train_one_epoch:193 - epoch 14 9.03s Train loss is [0.4450] 
2024-10-11 02:11:07.754 | INFO     | trainer_1:_train_one_epoch:201 - validate 14 cost time 9.92s, result: {'hit@1': 0.0119, 'ndcg@1': 0.0119, 'hit@5': 0.0438, 'ndcg@5': 0.0278, 'hit@10': 0.0793, 'ndcg@10': 0.0392, 'hit@15': 0.1078, 'ndcg@15': 0.0467, 'hit@20': 0.1315, 'ndcg@20': 0.0523, 'hit@40': 0.2123, 'ndcg@40': 0.0688} 
2024-10-11 02:11:17.506 | INFO     | trainer_1:_train_one_epoch:209 - test 14 cost time 9.75s, result: {'hit@1': 0.0077, 'ndcg@1': 0.0077, 'hit@5': 0.0297, 'ndcg@5': 0.0187, 'hit@10': 0.0527, 'ndcg@10': 0.026, 'hit@15': 0.0723, 'ndcg@15': 0.0312, 'hit@20': 0.0902, 'ndcg@20': 0.0354, 'hit@40': 0.1511, 'ndcg@40': 0.0478} 
2024-10-11 02:11:26.467 | INFO     | trainer_1:_train_one_epoch:193 - epoch 15 8.96s Train loss is [0.4336] 
2024-10-11 02:11:36.408 | INFO     | trainer_1:_train_one_epoch:201 - validate 15 cost time 9.94s, result: {'hit@1': 0.0108, 'ndcg@1': 0.0108, 'hit@5': 0.044, 'ndcg@5': 0.0273, 'hit@10': 0.0747, 'ndcg@10': 0.0372, 'hit@15': 0.1028, 'ndcg@15': 0.0446, 'hit@20': 0.1294, 'ndcg@20': 0.0509, 'hit@40': 0.2104, 'ndcg@40': 0.0674} 
2024-10-11 02:11:46.181 | INFO     | trainer_1:_train_one_epoch:209 - test 15 cost time 9.77s, result: {'hit@1': 0.0077, 'ndcg@1': 0.0077, 'hit@5': 0.0301, 'ndcg@5': 0.0188, 'hit@10': 0.0533, 'ndcg@10': 0.0262, 'hit@15': 0.0729, 'ndcg@15': 0.0314, 'hit@20': 0.0902, 'ndcg@20': 0.0355, 'hit@40': 0.1488, 'ndcg@40': 0.0474} 
2024-10-11 02:12:05.573 | INFO     | trainer_1:_train_one_epoch:193 - epoch 16 8.74s Train loss is [0.4393] 
2024-10-11 02:12:15.517 | INFO     | trainer_1:_train_one_epoch:201 - validate 16 cost time 9.94s, result: {'hit@1': 0.0117, 'ndcg@1': 0.0117, 'hit@5': 0.0473, 'ndcg@5': 0.0294, 'hit@10': 0.079, 'ndcg@10': 0.0395, 'hit@15': 0.1065, 'ndcg@15': 0.0467, 'hit@20': 0.1325, 'ndcg@20': 0.0529, 'hit@40': 0.211, 'ndcg@40': 0.0688} 
2024-10-11 02:12:25.264 | INFO     | trainer_1:_train_one_epoch:209 - test 16 cost time 9.75s, result: {'hit@1': 0.0075, 'ndcg@1': 0.0075, 'hit@5': 0.0321, 'ndcg@5': 0.0196, 'hit@10': 0.0547, 'ndcg@10': 0.0269, 'hit@15': 0.0752, 'ndcg@15': 0.0323, 'hit@20': 0.0918, 'ndcg@20': 0.0362, 'hit@40': 0.1503, 'ndcg@40': 0.0481} 
2024-10-11 02:12:44.618 | INFO     | trainer_1:_train_one_epoch:193 - epoch 17 8.77s Train loss is [0.4317] 
2024-10-11 02:12:54.523 | INFO     | trainer_1:_train_one_epoch:201 - validate 17 cost time 9.90s, result: {'hit@1': 0.0117, 'ndcg@1': 0.0117, 'hit@5': 0.045, 'ndcg@5': 0.0283, 'hit@10': 0.0781, 'ndcg@10': 0.0389, 'hit@15': 0.1063, 'ndcg@15': 0.0464, 'hit@20': 0.1311, 'ndcg@20': 0.0522, 'hit@40': 0.2127, 'ndcg@40': 0.0688} 
2024-10-11 02:13:04.271 | INFO     | trainer_1:_train_one_epoch:209 - test 17 cost time 9.75s, result: {'hit@1': 0.0081, 'ndcg@1': 0.0081, 'hit@5': 0.0306, 'ndcg@5': 0.0193, 'hit@10': 0.0533, 'ndcg@10': 0.0266, 'hit@15': 0.0727, 'ndcg@15': 0.0317, 'hit@20': 0.0901, 'ndcg@20': 0.0358, 'hit@40': 0.1537, 'ndcg@40': 0.0487} 
2024-10-11 02:13:13.083 | INFO     | trainer_1:_train_one_epoch:193 - epoch 18 8.81s Train loss is [0.4120] 
2024-10-11 02:13:22.977 | INFO     | trainer_1:_train_one_epoch:201 - validate 18 cost time 9.89s, result: {'hit@1': 0.0128, 'ndcg@1': 0.0128, 'hit@5': 0.049, 'ndcg@5': 0.0309, 'hit@10': 0.0828, 'ndcg@10': 0.0417, 'hit@15': 0.1101, 'ndcg@15': 0.0489, 'hit@20': 0.1341, 'ndcg@20': 0.0546, 'hit@40': 0.2141, 'ndcg@40': 0.0709} 
2024-10-11 02:13:32.712 | INFO     | trainer_1:_train_one_epoch:209 - test 18 cost time 9.74s, result: {'hit@1': 0.008, 'ndcg@1': 0.008, 'hit@5': 0.0322, 'ndcg@5': 0.0201, 'hit@10': 0.0557, 'ndcg@10': 0.0276, 'hit@15': 0.0754, 'ndcg@15': 0.0328, 'hit@20': 0.093, 'ndcg@20': 0.037, 'hit@40': 0.1532, 'ndcg@40': 0.0492} 
2024-10-11 02:13:52.890 | INFO     | trainer_1:_train_one_epoch:193 - epoch 19 9.33s Train loss is [0.4148] 
2024-10-11 02:14:02.808 | INFO     | trainer_1:_train_one_epoch:201 - validate 19 cost time 9.92s, result: {'hit@1': 0.0128, 'ndcg@1': 0.0128, 'hit@5': 0.0503, 'ndcg@5': 0.0315, 'hit@10': 0.0858, 'ndcg@10': 0.0429, 'hit@15': 0.1162, 'ndcg@15': 0.0509, 'hit@20': 0.1413, 'ndcg@20': 0.0568, 'hit@40': 0.223, 'ndcg@40': 0.0735} 
2024-10-11 02:14:12.519 | INFO     | trainer_1:_train_one_epoch:209 - test 19 cost time 9.71s, result: {'hit@1': 0.0079, 'ndcg@1': 0.0079, 'hit@5': 0.0335, 'ndcg@5': 0.0207, 'hit@10': 0.057, 'ndcg@10': 0.0282, 'hit@15': 0.078, 'ndcg@15': 0.0337, 'hit@20': 0.0957, 'ndcg@20': 0.0379, 'hit@40': 0.1574, 'ndcg@40': 0.0504} 
2024-10-11 02:14:32.064 | INFO     | trainer_1:_train_one_epoch:193 - epoch 20 9.09s Train loss is [0.4033] 
2024-10-11 02:14:42.027 | INFO     | trainer_1:_train_one_epoch:201 - validate 20 cost time 9.96s, result: {'hit@1': 0.0134, 'ndcg@1': 0.0134, 'hit@5': 0.0505, 'ndcg@5': 0.0317, 'hit@10': 0.0847, 'ndcg@10': 0.0426, 'hit@15': 0.1093, 'ndcg@15': 0.0491, 'hit@20': 0.1346, 'ndcg@20': 0.0551, 'hit@40': 0.2166, 'ndcg@40': 0.0718} 
2024-10-11 02:14:51.760 | INFO     | trainer_1:_train_one_epoch:209 - test 20 cost time 9.73s, result: {'hit@1': 0.0083, 'ndcg@1': 0.0083, 'hit@5': 0.0327, 'ndcg@5': 0.0205, 'hit@10': 0.0563, 'ndcg@10': 0.0281, 'hit@15': 0.075, 'ndcg@15': 0.033, 'hit@20': 0.0933, 'ndcg@20': 0.0373, 'hit@40': 0.1522, 'ndcg@40': 0.0493} 
2024-10-11 02:15:00.895 | INFO     | trainer_1:_train_one_epoch:193 - epoch 21 9.14s Train loss is [0.3956] 
2024-10-11 02:15:10.812 | INFO     | trainer_1:_train_one_epoch:201 - validate 21 cost time 9.92s, result: {'hit@1': 0.0138, 'ndcg@1': 0.0138, 'hit@5': 0.0503, 'ndcg@5': 0.032, 'hit@10': 0.0856, 'ndcg@10': 0.0432, 'hit@15': 0.1141, 'ndcg@15': 0.0508, 'hit@20': 0.1395, 'ndcg@20': 0.0568, 'hit@40': 0.2211, 'ndcg@40': 0.0734} 
2024-10-11 02:15:20.573 | INFO     | trainer_1:_train_one_epoch:209 - test 21 cost time 9.76s, result: {'hit@1': 0.0094, 'ndcg@1': 0.0094, 'hit@5': 0.0331, 'ndcg@5': 0.0212, 'hit@10': 0.0566, 'ndcg@10': 0.0288, 'hit@15': 0.0765, 'ndcg@15': 0.034, 'hit@20': 0.0951, 'ndcg@20': 0.0384, 'hit@40': 0.1557, 'ndcg@40': 0.0507} 
2024-10-11 02:15:29.697 | INFO     | trainer_1:_train_one_epoch:193 - epoch 22 9.12s Train loss is [0.4013] 
2024-10-11 02:15:39.605 | INFO     | trainer_1:_train_one_epoch:201 - validate 22 cost time 9.91s, result: {'hit@1': 0.0138, 'ndcg@1': 0.0138, 'hit@5': 0.0522, 'ndcg@5': 0.0331, 'hit@10': 0.0896, 'ndcg@10': 0.0451, 'hit@15': 0.1193, 'ndcg@15': 0.053, 'hit@20': 0.1457, 'ndcg@20': 0.0592, 'hit@40': 0.2323, 'ndcg@40': 0.0768} 
2024-10-11 02:15:49.327 | INFO     | trainer_1:_train_one_epoch:209 - test 22 cost time 9.72s, result: {'hit@1': 0.0094, 'ndcg@1': 0.0094, 'hit@5': 0.0362, 'ndcg@5': 0.0227, 'hit@10': 0.0603, 'ndcg@10': 0.0304, 'hit@15': 0.0814, 'ndcg@15': 0.036, 'hit@20': 0.0994, 'ndcg@20': 0.0403, 'hit@40': 0.1639, 'ndcg@40': 0.0534} 
2024-10-11 02:16:09.317 | INFO     | trainer_1:_train_one_epoch:193 - epoch 23 9.27s Train loss is [0.3870] 
2024-10-11 02:16:19.235 | INFO     | trainer_1:_train_one_epoch:201 - validate 23 cost time 9.92s, result: {'hit@1': 0.0128, 'ndcg@1': 0.0128, 'hit@5': 0.0483, 'ndcg@5': 0.0303, 'hit@10': 0.0826, 'ndcg@10': 0.0412, 'hit@15': 0.1112, 'ndcg@15': 0.0488, 'hit@20': 0.1372, 'ndcg@20': 0.0549, 'hit@40': 0.2193, 'ndcg@40': 0.0717} 
2024-10-11 02:16:28.938 | INFO     | trainer_1:_train_one_epoch:209 - test 23 cost time 9.70s, result: {'hit@1': 0.009, 'ndcg@1': 0.009, 'hit@5': 0.0317, 'ndcg@5': 0.0203, 'hit@10': 0.0536, 'ndcg@10': 0.0273, 'hit@15': 0.0752, 'ndcg@15': 0.033, 'hit@20': 0.0928, 'ndcg@20': 0.0371, 'hit@40': 0.1569, 'ndcg@40': 0.0501} 
2024-10-11 02:16:37.863 | INFO     | trainer_1:_train_one_epoch:193 - epoch 24 8.92s Train loss is [0.3826] 
2024-10-11 02:16:47.810 | INFO     | trainer_1:_train_one_epoch:201 - validate 24 cost time 9.95s, result: {'hit@1': 0.0144, 'ndcg@1': 0.0144, 'hit@5': 0.0496, 'ndcg@5': 0.0321, 'hit@10': 0.0832, 'ndcg@10': 0.0429, 'hit@15': 0.1105, 'ndcg@15': 0.0501, 'hit@20': 0.135, 'ndcg@20': 0.0559, 'hit@40': 0.2156, 'ndcg@40': 0.0723} 
2024-10-11 02:16:57.583 | INFO     | trainer_1:_train_one_epoch:209 - test 24 cost time 9.77s, result: {'hit@1': 0.0089, 'ndcg@1': 0.0089, 'hit@5': 0.0328, 'ndcg@5': 0.021, 'hit@10': 0.0549, 'ndcg@10': 0.0281, 'hit@15': 0.0746, 'ndcg@15': 0.0333, 'hit@20': 0.0927, 'ndcg@20': 0.0376, 'hit@40': 0.1541, 'ndcg@40': 0.05} 
2024-10-11 02:17:06.526 | INFO     | trainer_1:_train_one_epoch:193 - epoch 25 8.94s Train loss is [0.3804] 
2024-10-11 02:17:16.425 | INFO     | trainer_1:_train_one_epoch:201 - validate 25 cost time 9.90s, result: {'hit@1': 0.0133, 'ndcg@1': 0.0133, 'hit@5': 0.0558, 'ndcg@5': 0.0346, 'hit@10': 0.0917, 'ndcg@10': 0.0461, 'hit@15': 0.1238, 'ndcg@15': 0.0545, 'hit@20': 0.1495, 'ndcg@20': 0.0606, 'hit@40': 0.2378, 'ndcg@40': 0.0786} 
2024-10-11 02:17:26.146 | INFO     | trainer_1:_train_one_epoch:209 - test 25 cost time 9.72s, result: {'hit@1': 0.0105, 'ndcg@1': 0.0105, 'hit@5': 0.0352, 'ndcg@5': 0.0228, 'hit@10': 0.0596, 'ndcg@10': 0.0306, 'hit@15': 0.0818, 'ndcg@15': 0.0365, 'hit@20': 0.1001, 'ndcg@20': 0.0408, 'hit@40': 0.1651, 'ndcg@40': 0.054} 
2024-10-11 02:17:35.022 | INFO     | trainer_1:_train_one_epoch:193 - epoch 26 8.88s Train loss is [0.3869] 
2024-10-11 02:17:44.958 | INFO     | trainer_1:_train_one_epoch:201 - validate 26 cost time 9.94s, result: {'hit@1': 0.015, 'ndcg@1': 0.015, 'hit@5': 0.0554, 'ndcg@5': 0.0354, 'hit@10': 0.0917, 'ndcg@10': 0.0471, 'hit@15': 0.1219, 'ndcg@15': 0.055, 'hit@20': 0.1496, 'ndcg@20': 0.0616, 'hit@40': 0.2354, 'ndcg@40': 0.079} 
2024-10-11 02:17:54.682 | INFO     | trainer_1:_train_one_epoch:209 - test 26 cost time 9.72s, result: {'hit@1': 0.0105, 'ndcg@1': 0.0105, 'hit@5': 0.0364, 'ndcg@5': 0.0234, 'hit@10': 0.0605, 'ndcg@10': 0.0311, 'hit@15': 0.0816, 'ndcg@15': 0.0367, 'hit@20': 0.0996, 'ndcg@20': 0.0409, 'hit@40': 0.1632, 'ndcg@40': 0.0539} 
2024-10-11 02:18:14.671 | INFO     | trainer_1:_train_one_epoch:193 - epoch 27 8.80s Train loss is [0.3698] 
2024-10-11 02:18:24.607 | INFO     | trainer_1:_train_one_epoch:201 - validate 27 cost time 9.94s, result: {'hit@1': 0.0151, 'ndcg@1': 0.0151, 'hit@5': 0.0534, 'ndcg@5': 0.0345, 'hit@10': 0.0876, 'ndcg@10': 0.0454, 'hit@15': 0.1168, 'ndcg@15': 0.0531, 'hit@20': 0.143, 'ndcg@20': 0.0593, 'hit@40': 0.227, 'ndcg@40': 0.0764} 
2024-10-11 02:18:34.337 | INFO     | trainer_1:_train_one_epoch:209 - test 27 cost time 9.73s, result: {'hit@1': 0.0099, 'ndcg@1': 0.0099, 'hit@5': 0.0345, 'ndcg@5': 0.0224, 'hit@10': 0.059, 'ndcg@10': 0.0302, 'hit@15': 0.0794, 'ndcg@15': 0.0356, 'hit@20': 0.0975, 'ndcg@20': 0.0398, 'hit@40': 0.1572, 'ndcg@40': 0.052} 
2024-10-11 02:18:43.039 | INFO     | trainer_1:_train_one_epoch:193 - epoch 28 8.70s Train loss is [0.3741] 
2024-10-11 02:18:52.935 | INFO     | trainer_1:_train_one_epoch:201 - validate 28 cost time 9.90s, result: {'hit@1': 0.0142, 'ndcg@1': 0.0142, 'hit@5': 0.0571, 'ndcg@5': 0.0356, 'hit@10': 0.0914, 'ndcg@10': 0.0466, 'hit@15': 0.1224, 'ndcg@15': 0.0548, 'hit@20': 0.1484, 'ndcg@20': 0.0609, 'hit@40': 0.2323, 'ndcg@40': 0.078} 
2024-10-11 02:19:02.706 | INFO     | trainer_1:_train_one_epoch:209 - test 28 cost time 9.77s, result: {'hit@1': 0.0108, 'ndcg@1': 0.0108, 'hit@5': 0.0364, 'ndcg@5': 0.0236, 'hit@10': 0.062, 'ndcg@10': 0.0319, 'hit@15': 0.0839, 'ndcg@15': 0.0376, 'hit@20': 0.1011, 'ndcg@20': 0.0417, 'hit@40': 0.1646, 'ndcg@40': 0.0546} 
2024-10-11 02:19:22.638 | INFO     | trainer_1:_train_one_epoch:193 - epoch 29 8.95s Train loss is [0.3768] 
2024-10-11 02:19:32.541 | INFO     | trainer_1:_train_one_epoch:201 - validate 29 cost time 9.90s, result: {'hit@1': 0.0156, 'ndcg@1': 0.0156, 'hit@5': 0.0549, 'ndcg@5': 0.0351, 'hit@10': 0.0909, 'ndcg@10': 0.0467, 'hit@15': 0.1226, 'ndcg@15': 0.055, 'hit@20': 0.1506, 'ndcg@20': 0.0616, 'hit@40': 0.2387, 'ndcg@40': 0.0796} 
2024-10-11 02:19:42.238 | INFO     | trainer_1:_train_one_epoch:209 - test 29 cost time 9.70s, result: {'hit@1': 0.011, 'ndcg@1': 0.011, 'hit@5': 0.0375, 'ndcg@5': 0.0243, 'hit@10': 0.0622, 'ndcg@10': 0.0322, 'hit@15': 0.0843, 'ndcg@15': 0.038, 'hit@20': 0.1032, 'ndcg@20': 0.0425, 'hit@40': 0.1715, 'ndcg@40': 0.0564} 
2024-10-11 02:20:01.762 | INFO     | trainer_1:_train_one_epoch:193 - epoch 30 8.97s Train loss is [0.3750] 
2024-10-11 02:20:11.717 | INFO     | trainer_1:_train_one_epoch:201 - validate 30 cost time 9.95s, result: {'hit@1': 0.0158, 'ndcg@1': 0.0158, 'hit@5': 0.0563, 'ndcg@5': 0.0361, 'hit@10': 0.0937, 'ndcg@10': 0.0481, 'hit@15': 0.1236, 'ndcg@15': 0.056, 'hit@20': 0.1502, 'ndcg@20': 0.0623, 'hit@40': 0.238, 'ndcg@40': 0.0801} 
2024-10-11 02:20:21.489 | INFO     | trainer_1:_train_one_epoch:209 - test 30 cost time 9.77s, result: {'hit@1': 0.0108, 'ndcg@1': 0.0108, 'hit@5': 0.037, 'ndcg@5': 0.0237, 'hit@10': 0.0619, 'ndcg@10': 0.0317, 'hit@15': 0.0828, 'ndcg@15': 0.0372, 'hit@20': 0.102, 'ndcg@20': 0.0417, 'hit@40': 0.1649, 'ndcg@40': 0.0545} 
2024-10-11 02:20:30.626 | INFO     | trainer_1:_train_one_epoch:193 - epoch 31 9.14s Train loss is [0.3746] 
2024-10-11 02:20:40.527 | INFO     | trainer_1:_train_one_epoch:201 - validate 31 cost time 9.90s, result: {'hit@1': 0.016, 'ndcg@1': 0.016, 'hit@5': 0.0567, 'ndcg@5': 0.0365, 'hit@10': 0.0932, 'ndcg@10': 0.0483, 'hit@15': 0.1241, 'ndcg@15': 0.0564, 'hit@20': 0.152, 'ndcg@20': 0.063, 'hit@40': 0.2358, 'ndcg@40': 0.08} 
2024-10-11 02:20:50.247 | INFO     | trainer_1:_train_one_epoch:209 - test 31 cost time 9.72s, result: {'hit@1': 0.0111, 'ndcg@1': 0.0111, 'hit@5': 0.0381, 'ndcg@5': 0.0245, 'hit@10': 0.0647, 'ndcg@10': 0.033, 'hit@15': 0.0863, 'ndcg@15': 0.0387, 'hit@20': 0.106, 'ndcg@20': 0.0433, 'hit@40': 0.169, 'ndcg@40': 0.0561} 
2024-10-11 02:21:10.479 | INFO     | trainer_1:_train_one_epoch:193 - epoch 32 9.21s Train loss is [0.3666] 
2024-10-11 02:21:20.401 | INFO     | trainer_1:_train_one_epoch:201 - validate 32 cost time 9.92s, result: {'hit@1': 0.0156, 'ndcg@1': 0.0156, 'hit@5': 0.0559, 'ndcg@5': 0.0357, 'hit@10': 0.0945, 'ndcg@10': 0.048, 'hit@15': 0.1259, 'ndcg@15': 0.0563, 'hit@20': 0.154, 'ndcg@20': 0.0629, 'hit@40': 0.2428, 'ndcg@40': 0.081} 
2024-10-11 02:21:30.109 | INFO     | trainer_1:_train_one_epoch:209 - test 32 cost time 9.71s, result: {'hit@1': 0.0105, 'ndcg@1': 0.0105, 'hit@5': 0.039, 'ndcg@5': 0.0246, 'hit@10': 0.0649, 'ndcg@10': 0.0329, 'hit@15': 0.0863, 'ndcg@15': 0.0385, 'hit@20': 0.1067, 'ndcg@20': 0.0434, 'hit@40': 0.174, 'ndcg@40': 0.057} 
2024-10-11 02:21:50.015 | INFO     | trainer_1:_train_one_epoch:193 - epoch 33 9.15s Train loss is [0.3491] 
2024-10-11 02:21:59.927 | INFO     | trainer_1:_train_one_epoch:201 - validate 33 cost time 9.91s, result: {'hit@1': 0.0148, 'ndcg@1': 0.0148, 'hit@5': 0.0564, 'ndcg@5': 0.0358, 'hit@10': 0.094, 'ndcg@10': 0.0479, 'hit@15': 0.1268, 'ndcg@15': 0.0565, 'hit@20': 0.1545, 'ndcg@20': 0.0631, 'hit@40': 0.2485, 'ndcg@40': 0.0822} 
2024-10-11 02:22:09.647 | INFO     | trainer_1:_train_one_epoch:209 - test 33 cost time 9.72s, result: {'hit@1': 0.0112, 'ndcg@1': 0.0112, 'hit@5': 0.0398, 'ndcg@5': 0.0254, 'hit@10': 0.0652, 'ndcg@10': 0.0336, 'hit@15': 0.0872, 'ndcg@15': 0.0394, 'hit@20': 0.1075, 'ndcg@20': 0.0442, 'hit@40': 0.174, 'ndcg@40': 0.0577} 
2024-10-11 02:22:29.765 | INFO     | trainer_1:_train_one_epoch:193 - epoch 34 9.19s Train loss is [0.3597] 
2024-10-11 02:22:37.299 | INFO     | trainer_1:_train_one_epoch:201 - validate 34 cost time 7.53s, result: {'hit@1': 0.015, 'ndcg@1': 0.015, 'hit@5': 0.0554, 'ndcg@5': 0.0352, 'hit@10': 0.0909, 'ndcg@10': 0.0466, 'hit@15': 0.1191, 'ndcg@15': 0.054, 'hit@20': 0.1472, 'ndcg@20': 0.0607, 'hit@40': 0.2356, 'ndcg@40': 0.0787} 
2024-10-11 02:22:44.632 | INFO     | trainer_1:_train_one_epoch:209 - test 34 cost time 7.33s, result: {'hit@1': 0.0113, 'ndcg@1': 0.0113, 'hit@5': 0.039, 'ndcg@5': 0.0253, 'hit@10': 0.0651, 'ndcg@10': 0.0337, 'hit@15': 0.0871, 'ndcg@15': 0.0395, 'hit@20': 0.1066, 'ndcg@20': 0.0441, 'hit@40': 0.1706, 'ndcg@40': 0.0571} 
2024-10-11 02:22:53.474 | INFO     | trainer_1:_train_one_epoch:193 - epoch 35 8.84s Train loss is [0.3545] 
2024-10-11 02:22:58.910 | INFO     | trainer_1:_train_one_epoch:201 - validate 35 cost time 5.44s, result: {'hit@1': 0.0153, 'ndcg@1': 0.0153, 'hit@5': 0.0555, 'ndcg@5': 0.0354, 'hit@10': 0.0906, 'ndcg@10': 0.0466, 'hit@15': 0.1212, 'ndcg@15': 0.0547, 'hit@20': 0.1484, 'ndcg@20': 0.0611, 'hit@40': 0.2378, 'ndcg@40': 0.0793} 
2024-10-11 02:23:05.437 | INFO     | trainer_1:_train_one_epoch:209 - test 35 cost time 6.53s, result: {'hit@1': 0.0114, 'ndcg@1': 0.0114, 'hit@5': 0.0375, 'ndcg@5': 0.0244, 'hit@10': 0.0624, 'ndcg@10': 0.0324, 'hit@15': 0.0832, 'ndcg@15': 0.0379, 'hit@20': 0.104, 'ndcg@20': 0.0428, 'hit@40': 0.1695, 'ndcg@40': 0.0561} 
2024-10-11 02:23:14.456 | INFO     | trainer_1:_train_one_epoch:193 - epoch 36 9.02s Train loss is [0.3574] 
2024-10-11 02:23:21.959 | INFO     | trainer_1:_train_one_epoch:201 - validate 36 cost time 7.50s, result: {'hit@1': 0.0149, 'ndcg@1': 0.0149, 'hit@5': 0.0562, 'ndcg@5': 0.0355, 'hit@10': 0.0923, 'ndcg@10': 0.0471, 'hit@15': 0.1239, 'ndcg@15': 0.0554, 'hit@20': 0.1521, 'ndcg@20': 0.0621, 'hit@40': 0.243, 'ndcg@40': 0.0806} 
2024-10-11 02:23:29.429 | INFO     | trainer_1:_train_one_epoch:209 - test 36 cost time 7.47s, result: {'hit@1': 0.0102, 'ndcg@1': 0.0102, 'hit@5': 0.037, 'ndcg@5': 0.0236, 'hit@10': 0.0623, 'ndcg@10': 0.0317, 'hit@15': 0.0851, 'ndcg@15': 0.0377, 'hit@20': 0.1043, 'ndcg@20': 0.0422, 'hit@40': 0.1716, 'ndcg@40': 0.0559} 
2024-10-11 02:23:38.473 | INFO     | trainer_1:_train_one_epoch:193 - epoch 37 9.04s Train loss is [0.3622] 
2024-10-11 02:23:45.166 | INFO     | trainer_1:_train_one_epoch:201 - validate 37 cost time 6.69s, result: {'hit@1': 0.0153, 'ndcg@1': 0.0153, 'hit@5': 0.0581, 'ndcg@5': 0.0366, 'hit@10': 0.0967, 'ndcg@10': 0.0491, 'hit@15': 0.1299, 'ndcg@15': 0.0578, 'hit@20': 0.1579, 'ndcg@20': 0.0645, 'hit@40': 0.2475, 'ndcg@40': 0.0827} 
2024-10-11 02:23:52.227 | INFO     | trainer_1:_train_one_epoch:209 - test 37 cost time 7.06s, result: {'hit@1': 0.0114, 'ndcg@1': 0.0114, 'hit@5': 0.0401, 'ndcg@5': 0.0256, 'hit@10': 0.0659, 'ndcg@10': 0.0339, 'hit@15': 0.0885, 'ndcg@15': 0.0399, 'hit@20': 0.109, 'ndcg@20': 0.0447, 'hit@40': 0.1787, 'ndcg@40': 0.0588} 
2024-10-11 02:24:11.771 | INFO     | trainer_1:_train_one_epoch:193 - epoch 38 8.87s Train loss is [0.3418] 
2024-10-11 02:24:17.692 | INFO     | trainer_1:_train_one_epoch:201 - validate 38 cost time 5.92s, result: {'hit@1': 0.0163, 'ndcg@1': 0.0163, 'hit@5': 0.0568, 'ndcg@5': 0.0366, 'hit@10': 0.0935, 'ndcg@10': 0.0484, 'hit@15': 0.1254, 'ndcg@15': 0.0568, 'hit@20': 0.155, 'ndcg@20': 0.0637, 'hit@40': 0.2419, 'ndcg@40': 0.0814} 
2024-10-11 02:24:24.198 | INFO     | trainer_1:_train_one_epoch:209 - test 38 cost time 6.51s, result: {'hit@1': 0.0115, 'ndcg@1': 0.0115, 'hit@5': 0.0387, 'ndcg@5': 0.025, 'hit@10': 0.0644, 'ndcg@10': 0.0332, 'hit@15': 0.0862, 'ndcg@15': 0.039, 'hit@20': 0.1054, 'ndcg@20': 0.0435, 'hit@40': 0.1718, 'ndcg@40': 0.057} 
2024-10-11 02:24:33.361 | INFO     | trainer_1:_train_one_epoch:193 - epoch 39 9.16s Train loss is [0.3441] 
2024-10-11 02:24:40.946 | INFO     | trainer_1:_train_one_epoch:201 - validate 39 cost time 7.58s, result: {'hit@1': 0.0152, 'ndcg@1': 0.0152, 'hit@5': 0.0577, 'ndcg@5': 0.0364, 'hit@10': 0.0967, 'ndcg@10': 0.0489, 'hit@15': 0.1281, 'ndcg@15': 0.0572, 'hit@20': 0.1551, 'ndcg@20': 0.0635, 'hit@40': 0.2462, 'ndcg@40': 0.0821} 
2024-10-11 02:24:47.721 | INFO     | trainer_1:_train_one_epoch:209 - test 39 cost time 6.77s, result: {'hit@1': 0.0115, 'ndcg@1': 0.0115, 'hit@5': 0.0398, 'ndcg@5': 0.0255, 'hit@10': 0.0666, 'ndcg@10': 0.0341, 'hit@15': 0.0906, 'ndcg@15': 0.0404, 'hit@20': 0.1107, 'ndcg@20': 0.0452, 'hit@40': 0.1789, 'ndcg@40': 0.059} 
2024-10-11 02:25:07.451 | INFO     | trainer_1:_train_one_epoch:193 - epoch 40 9.00s Train loss is [0.3443] 
2024-10-11 02:25:15.091 | INFO     | trainer_1:_train_one_epoch:201 - validate 40 cost time 7.64s, result: {'hit@1': 0.0159, 'ndcg@1': 0.0159, 'hit@5': 0.0584, 'ndcg@5': 0.0373, 'hit@10': 0.0947, 'ndcg@10': 0.049, 'hit@15': 0.1273, 'ndcg@15': 0.0576, 'hit@20': 0.1566, 'ndcg@20': 0.0645, 'hit@40': 0.2453, 'ndcg@40': 0.0825} 
2024-10-11 02:25:22.584 | INFO     | trainer_1:_train_one_epoch:209 - test 40 cost time 7.49s, result: {'hit@1': 0.0116, 'ndcg@1': 0.0116, 'hit@5': 0.0388, 'ndcg@5': 0.0251, 'hit@10': 0.0659, 'ndcg@10': 0.0338, 'hit@15': 0.0876, 'ndcg@15': 0.0395, 'hit@20': 0.1078, 'ndcg@20': 0.0443, 'hit@40': 0.1757, 'ndcg@40': 0.058} 
2024-10-11 02:25:31.306 | INFO     | trainer_1:_train_one_epoch:193 - epoch 41 8.72s Train loss is [0.3483] 
2024-10-11 02:25:36.921 | INFO     | trainer_1:_train_one_epoch:201 - validate 41 cost time 5.61s, result: {'hit@1': 0.0163, 'ndcg@1': 0.0163, 'hit@5': 0.0582, 'ndcg@5': 0.0373, 'hit@10': 0.0971, 'ndcg@10': 0.0498, 'hit@15': 0.1269, 'ndcg@15': 0.0577, 'hit@20': 0.1541, 'ndcg@20': 0.0641, 'hit@40': 0.2434, 'ndcg@40': 0.0823} 
2024-10-11 02:25:43.433 | INFO     | trainer_1:_train_one_epoch:209 - test 41 cost time 6.51s, result: {'hit@1': 0.0108, 'ndcg@1': 0.0108, 'hit@5': 0.0398, 'ndcg@5': 0.0252, 'hit@10': 0.0654, 'ndcg@10': 0.0334, 'hit@15': 0.0886, 'ndcg@15': 0.0395, 'hit@20': 0.1083, 'ndcg@20': 0.0441, 'hit@40': 0.1753, 'ndcg@40': 0.0578} 
2024-10-11 02:25:52.371 | INFO     | trainer_1:_train_one_epoch:193 - epoch 42 8.94s Train loss is [0.3386] 
2024-10-11 02:25:59.839 | INFO     | trainer_1:_train_one_epoch:201 - validate 42 cost time 7.47s, result: {'hit@1': 0.0174, 'ndcg@1': 0.0174, 'hit@5': 0.0636, 'ndcg@5': 0.0403, 'hit@10': 0.1036, 'ndcg@10': 0.0531, 'hit@15': 0.1357, 'ndcg@15': 0.0615, 'hit@20': 0.1649, 'ndcg@20': 0.0684, 'hit@40': 0.2562, 'ndcg@40': 0.087} 
2024-10-11 02:26:07.216 | INFO     | trainer_1:_train_one_epoch:209 - test 42 cost time 7.38s, result: {'hit@1': 0.0105, 'ndcg@1': 0.0105, 'hit@5': 0.041, 'ndcg@5': 0.0259, 'hit@10': 0.0683, 'ndcg@10': 0.0346, 'hit@15': 0.0915, 'ndcg@15': 0.0407, 'hit@20': 0.1128, 'ndcg@20': 0.0457, 'hit@40': 0.1816, 'ndcg@40': 0.0597} 
2024-10-11 02:26:27.124 | INFO     | trainer_1:_train_one_epoch:193 - epoch 43 9.07s Train loss is [0.3387] 
2024-10-11 02:26:34.742 | INFO     | trainer_1:_train_one_epoch:201 - validate 43 cost time 7.62s, result: {'hit@1': 0.0166, 'ndcg@1': 0.0166, 'hit@5': 0.0584, 'ndcg@5': 0.0376, 'hit@10': 0.0981, 'ndcg@10': 0.0503, 'hit@15': 0.1305, 'ndcg@15': 0.0589, 'hit@20': 0.1595, 'ndcg@20': 0.0657, 'hit@40': 0.2514, 'ndcg@40': 0.0844} 
2024-10-11 02:26:42.194 | INFO     | trainer_1:_train_one_epoch:209 - test 43 cost time 7.45s, result: {'hit@1': 0.011, 'ndcg@1': 0.011, 'hit@5': 0.041, 'ndcg@5': 0.0258, 'hit@10': 0.0673, 'ndcg@10': 0.0342, 'hit@15': 0.0903, 'ndcg@15': 0.0403, 'hit@20': 0.1107, 'ndcg@20': 0.0451, 'hit@40': 0.1782, 'ndcg@40': 0.0588} 
2024-10-11 02:26:51.057 | INFO     | trainer_1:_train_one_epoch:193 - epoch 44 8.86s Train loss is [0.3464] 
2024-10-11 02:26:56.211 | INFO     | trainer_1:_train_one_epoch:201 - validate 44 cost time 5.15s, result: {'hit@1': 0.017, 'ndcg@1': 0.017, 'hit@5': 0.0582, 'ndcg@5': 0.0378, 'hit@10': 0.0977, 'ndcg@10': 0.0504, 'hit@15': 0.1303, 'ndcg@15': 0.059, 'hit@20': 0.1576, 'ndcg@20': 0.0655, 'hit@40': 0.2477, 'ndcg@40': 0.0838} 
2024-10-11 02:27:02.686 | INFO     | trainer_1:_train_one_epoch:209 - test 44 cost time 6.48s, result: {'hit@1': 0.0113, 'ndcg@1': 0.0113, 'hit@5': 0.04, 'ndcg@5': 0.0254, 'hit@10': 0.0696, 'ndcg@10': 0.0349, 'hit@15': 0.0935, 'ndcg@15': 0.0412, 'hit@20': 0.1119, 'ndcg@20': 0.0455, 'hit@40': 0.1793, 'ndcg@40': 0.0592} 
2024-10-11 02:27:22.133 | INFO     | trainer_1:_train_one_epoch:193 - epoch 45 8.79s Train loss is [0.3445] 
2024-10-11 02:27:29.010 | INFO     | trainer_1:_train_one_epoch:201 - validate 45 cost time 6.88s, result: {'hit@1': 0.0165, 'ndcg@1': 0.0165, 'hit@5': 0.0618, 'ndcg@5': 0.0392, 'hit@10': 0.1019, 'ndcg@10': 0.052, 'hit@15': 0.1319, 'ndcg@15': 0.06, 'hit@20': 0.1608, 'ndcg@20': 0.0668, 'hit@40': 0.2506, 'ndcg@40': 0.085} 
2024-10-11 02:27:35.581 | INFO     | trainer_1:_train_one_epoch:209 - test 45 cost time 6.57s, result: {'hit@1': 0.011, 'ndcg@1': 0.011, 'hit@5': 0.0418, 'ndcg@5': 0.0262, 'hit@10': 0.0701, 'ndcg@10': 0.0352, 'hit@15': 0.0935, 'ndcg@15': 0.0414, 'hit@20': 0.1142, 'ndcg@20': 0.0463, 'hit@40': 0.1795, 'ndcg@40': 0.0596} 
2024-10-11 02:27:55.522 | INFO     | trainer_1:_train_one_epoch:193 - epoch 46 9.08s Train loss is [0.3299] 
2024-10-11 02:28:00.604 | INFO     | trainer_1:_train_one_epoch:201 - validate 46 cost time 5.08s, result: {'hit@1': 0.017, 'ndcg@1': 0.017, 'hit@5': 0.0597, 'ndcg@5': 0.0383, 'hit@10': 0.0995, 'ndcg@10': 0.051, 'hit@15': 0.1305, 'ndcg@15': 0.0592, 'hit@20': 0.156, 'ndcg@20': 0.0652, 'hit@40': 0.2464, 'ndcg@40': 0.0836} 
2024-10-11 02:28:06.955 | INFO     | trainer_1:_train_one_epoch:209 - test 46 cost time 6.35s, result: {'hit@1': 0.0106, 'ndcg@1': 0.0106, 'hit@5': 0.0414, 'ndcg@5': 0.026, 'hit@10': 0.0685, 'ndcg@10': 0.0347, 'hit@15': 0.0913, 'ndcg@15': 0.0407, 'hit@20': 0.112, 'ndcg@20': 0.0456, 'hit@40': 0.1778, 'ndcg@40': 0.059} 
2024-10-11 02:28:15.868 | INFO     | trainer_1:_train_one_epoch:193 - epoch 47 8.91s Train loss is [0.3328] 
2024-10-11 02:28:23.446 | INFO     | trainer_1:_train_one_epoch:201 - validate 47 cost time 7.58s, result: {'hit@1': 0.0161, 'ndcg@1': 0.0161, 'hit@5': 0.0574, 'ndcg@5': 0.0368, 'hit@10': 0.0967, 'ndcg@10': 0.0494, 'hit@15': 0.1258, 'ndcg@15': 0.0571, 'hit@20': 0.1537, 'ndcg@20': 0.0636, 'hit@40': 0.242, 'ndcg@40': 0.0816} 
2024-10-11 02:28:31.096 | INFO     | trainer_1:_train_one_epoch:209 - test 47 cost time 7.65s, result: {'hit@1': 0.01, 'ndcg@1': 0.01, 'hit@5': 0.0381, 'ndcg@5': 0.0241, 'hit@10': 0.0653, 'ndcg@10': 0.0328, 'hit@15': 0.0882, 'ndcg@15': 0.0388, 'hit@20': 0.1083, 'ndcg@20': 0.0435, 'hit@40': 0.1727, 'ndcg@40': 0.0566} 
2024-10-11 02:28:40.144 | INFO     | trainer_1:_train_one_epoch:193 - epoch 48 9.05s Train loss is [0.3262] 
2024-10-11 02:28:47.292 | INFO     | trainer_1:_train_one_epoch:201 - validate 48 cost time 7.15s, result: {'hit@1': 0.0179, 'ndcg@1': 0.0179, 'hit@5': 0.0624, 'ndcg@5': 0.0399, 'hit@10': 0.1011, 'ndcg@10': 0.0523, 'hit@15': 0.1339, 'ndcg@15': 0.0609, 'hit@20': 0.1626, 'ndcg@20': 0.0677, 'hit@40': 0.252, 'ndcg@40': 0.0859} 
2024-10-11 02:28:54.642 | INFO     | trainer_1:_train_one_epoch:209 - test 48 cost time 7.35s, result: {'hit@1': 0.0108, 'ndcg@1': 0.0108, 'hit@5': 0.0416, 'ndcg@5': 0.0262, 'hit@10': 0.0714, 'ndcg@10': 0.0358, 'hit@15': 0.0946, 'ndcg@15': 0.0419, 'hit@20': 0.1149, 'ndcg@20': 0.0467, 'hit@40': 0.1816, 'ndcg@40': 0.0602} 
2024-10-11 02:29:15.120 | INFO     | trainer_1:_train_one_epoch:193 - epoch 49 9.14s Train loss is [0.3367] 
2024-10-11 02:29:22.666 | INFO     | trainer_1:_train_one_epoch:201 - validate 49 cost time 7.55s, result: {'hit@1': 0.0169, 'ndcg@1': 0.0169, 'hit@5': 0.059, 'ndcg@5': 0.0379, 'hit@10': 0.0966, 'ndcg@10': 0.0499, 'hit@15': 0.127, 'ndcg@15': 0.058, 'hit@20': 0.1553, 'ndcg@20': 0.0647, 'hit@40': 0.2442, 'ndcg@40': 0.0827} 
2024-10-11 02:29:29.999 | INFO     | trainer_1:_train_one_epoch:209 - test 49 cost time 7.33s, result: {'hit@1': 0.0101, 'ndcg@1': 0.0101, 'hit@5': 0.0402, 'ndcg@5': 0.0252, 'hit@10': 0.0672, 'ndcg@10': 0.0338, 'hit@15': 0.0904, 'ndcg@15': 0.0399, 'hit@20': 0.1105, 'ndcg@20': 0.0447, 'hit@40': 0.175, 'ndcg@40': 0.0577} 
2024-10-11 02:29:38.759 | INFO     | trainer_1:_train_one_epoch:193 - epoch 50 8.76s Train loss is [0.3382] 
2024-10-11 02:29:45.435 | INFO     | trainer_1:_train_one_epoch:201 - validate 50 cost time 6.68s, result: {'hit@1': 0.0158, 'ndcg@1': 0.0158, 'hit@5': 0.06, 'ndcg@5': 0.0378, 'hit@10': 0.1002, 'ndcg@10': 0.0506, 'hit@15': 0.1329, 'ndcg@15': 0.0593, 'hit@20': 0.1625, 'ndcg@20': 0.0663, 'hit@40': 0.254, 'ndcg@40': 0.0849} 
2024-10-11 02:29:52.885 | INFO     | trainer_1:_train_one_epoch:209 - test 50 cost time 7.45s, result: {'hit@1': 0.01, 'ndcg@1': 0.01, 'hit@5': 0.0396, 'ndcg@5': 0.0247, 'hit@10': 0.0682, 'ndcg@10': 0.0339, 'hit@15': 0.0918, 'ndcg@15': 0.0402, 'hit@20': 0.1122, 'ndcg@20': 0.045, 'hit@40': 0.1781, 'ndcg@40': 0.0584} 
2024-10-11 02:30:01.820 | INFO     | trainer_1:_train_one_epoch:193 - epoch 51 8.93s Train loss is [0.3335] 
2024-10-11 02:30:08.631 | INFO     | trainer_1:_train_one_epoch:201 - validate 51 cost time 6.81s, result: {'hit@1': 0.0165, 'ndcg@1': 0.0165, 'hit@5': 0.0626, 'ndcg@5': 0.0397, 'hit@10': 0.1042, 'ndcg@10': 0.0531, 'hit@15': 0.1363, 'ndcg@15': 0.0616, 'hit@20': 0.1654, 'ndcg@20': 0.0684, 'hit@40': 0.259, 'ndcg@40': 0.0875} 
2024-10-11 02:30:13.539 | INFO     | trainer_1:_train_one_epoch:209 - test 51 cost time 4.91s, result: {'hit@1': 0.0106, 'ndcg@1': 0.0106, 'hit@5': 0.0408, 'ndcg@5': 0.0256, 'hit@10': 0.0712, 'ndcg@10': 0.0354, 'hit@15': 0.0952, 'ndcg@15': 0.0417, 'hit@20': 0.1153, 'ndcg@20': 0.0464, 'hit@40': 0.1848, 'ndcg@40': 0.0606} 
2024-10-11 02:30:22.479 | INFO     | trainer_1:_train_one_epoch:193 - epoch 52 8.94s Train loss is [0.3254] 
2024-10-11 02:30:29.798 | INFO     | trainer_1:_train_one_epoch:201 - validate 52 cost time 7.32s, result: {'hit@1': 0.0163, 'ndcg@1': 0.0163, 'hit@5': 0.0591, 'ndcg@5': 0.0376, 'hit@10': 0.097, 'ndcg@10': 0.0497, 'hit@15': 0.1294, 'ndcg@15': 0.0583, 'hit@20': 0.1573, 'ndcg@20': 0.0648, 'hit@40': 0.2484, 'ndcg@40': 0.0834} 
2024-10-11 02:30:37.160 | INFO     | trainer_1:_train_one_epoch:209 - test 52 cost time 7.36s, result: {'hit@1': 0.0107, 'ndcg@1': 0.0107, 'hit@5': 0.0393, 'ndcg@5': 0.0251, 'hit@10': 0.067, 'ndcg@10': 0.0339, 'hit@15': 0.0901, 'ndcg@15': 0.04, 'hit@20': 0.1103, 'ndcg@20': 0.0448, 'hit@40': 0.1794, 'ndcg@40': 0.0589} 
2024-10-11 02:30:45.980 | INFO     | trainer_1:_train_one_epoch:193 - epoch 53 8.82s Train loss is [0.3303] 
2024-10-11 02:30:52.650 | INFO     | trainer_1:_train_one_epoch:201 - validate 53 cost time 6.67s, result: {'hit@1': 0.0169, 'ndcg@1': 0.0169, 'hit@5': 0.06, 'ndcg@5': 0.0385, 'hit@10': 0.098, 'ndcg@10': 0.0507, 'hit@15': 0.1298, 'ndcg@15': 0.0591, 'hit@20': 0.1585, 'ndcg@20': 0.0659, 'hit@40': 0.2486, 'ndcg@40': 0.0842} 
2024-10-11 02:30:59.595 | INFO     | trainer_1:_train_one_epoch:209 - test 53 cost time 6.94s, result: {'hit@1': 0.0106, 'ndcg@1': 0.0106, 'hit@5': 0.0407, 'ndcg@5': 0.0256, 'hit@10': 0.0673, 'ndcg@10': 0.0341, 'hit@15': 0.0885, 'ndcg@15': 0.0397, 'hit@20': 0.1096, 'ndcg@20': 0.0447, 'hit@40': 0.1777, 'ndcg@40': 0.0585} 
2024-10-11 02:31:08.565 | INFO     | trainer_1:_train_one_epoch:193 - epoch 54 8.97s Train loss is [0.3388] 
2024-10-11 02:31:16.175 | INFO     | trainer_1:_train_one_epoch:201 - validate 54 cost time 7.61s, result: {'hit@1': 0.015, 'ndcg@1': 0.015, 'hit@5': 0.0554, 'ndcg@5': 0.0355, 'hit@10': 0.094, 'ndcg@10': 0.0479, 'hit@15': 0.1254, 'ndcg@15': 0.0561, 'hit@20': 0.1523, 'ndcg@20': 0.0625, 'hit@40': 0.2425, 'ndcg@40': 0.0808} 
2024-10-11 02:31:22.915 | INFO     | trainer_1:_train_one_epoch:209 - test 54 cost time 6.74s, result: {'hit@1': 0.0103, 'ndcg@1': 0.0103, 'hit@5': 0.0372, 'ndcg@5': 0.0237, 'hit@10': 0.064, 'ndcg@10': 0.0323, 'hit@15': 0.0851, 'ndcg@15': 0.0379, 'hit@20': 0.1052, 'ndcg@20': 0.0426, 'hit@40': 0.1707, 'ndcg@40': 0.0559} 
2024-10-11 02:31:31.734 | INFO     | trainer_1:_train_one_epoch:193 - epoch 55 8.82s Train loss is [0.3314] 
2024-10-11 02:31:39.336 | INFO     | trainer_1:_train_one_epoch:201 - validate 55 cost time 7.60s, result: {'hit@1': 0.0169, 'ndcg@1': 0.0169, 'hit@5': 0.0622, 'ndcg@5': 0.0396, 'hit@10': 0.104, 'ndcg@10': 0.053, 'hit@15': 0.1375, 'ndcg@15': 0.0618, 'hit@20': 0.1702, 'ndcg@20': 0.0695, 'hit@40': 0.26, 'ndcg@40': 0.0878} 
2024-10-11 02:31:46.776 | INFO     | trainer_1:_train_one_epoch:209 - test 55 cost time 7.44s, result: {'hit@1': 0.0105, 'ndcg@1': 0.0105, 'hit@5': 0.0411, 'ndcg@5': 0.0259, 'hit@10': 0.0705, 'ndcg@10': 0.0353, 'hit@15': 0.0939, 'ndcg@15': 0.0415, 'hit@20': 0.1152, 'ndcg@20': 0.0465, 'hit@40': 0.1856, 'ndcg@40': 0.0608} 
2024-10-11 02:31:55.466 | INFO     | trainer_1:_train_one_epoch:193 - epoch 56 8.69s Train loss is [0.3241] 
2024-10-11 02:32:01.054 | INFO     | trainer_1:_train_one_epoch:201 - validate 56 cost time 5.59s, result: {'hit@1': 0.0172, 'ndcg@1': 0.0172, 'hit@5': 0.0606, 'ndcg@5': 0.0387, 'hit@10': 0.1006, 'ndcg@10': 0.0515, 'hit@15': 0.1361, 'ndcg@15': 0.0609, 'hit@20': 0.1661, 'ndcg@20': 0.068, 'hit@40': 0.26, 'ndcg@40': 0.0871} 
2024-10-11 02:32:07.583 | INFO     | trainer_1:_train_one_epoch:209 - test 56 cost time 6.53s, result: {'hit@1': 0.0107, 'ndcg@1': 0.0107, 'hit@5': 0.0407, 'ndcg@5': 0.0256, 'hit@10': 0.0683, 'ndcg@10': 0.0345, 'hit@15': 0.0927, 'ndcg@15': 0.0409, 'hit@20': 0.1154, 'ndcg@20': 0.0463, 'hit@40': 0.1846, 'ndcg@40': 0.0603} 
2024-10-11 02:32:07.595 | INFO     | trainer_1:train_model:163 - training end, best iteration 51, results: {'hit@1': 0.0179, 'ndcg@1': 0.0179, 'hit@5': 0.0624, 'ndcg@5': 0.0399, 'hit@10': 0.1011, 'ndcg@10': 0.0523, 'hit@15': 0.1339, 'ndcg@15': 0.0609, 'hit@20': 0.1626, 'ndcg@20': 0.0677, 'hit@40': 0.252, 'ndcg@40': 0.0859}
2024-10-11 02:32:07.595 | INFO     | trainer_1:train_model:166 - final test result is:  {'hit@1': 0.0108, 'ndcg@1': 0.0108, 'hit@5': 0.0416, 'ndcg@5': 0.0262, 'hit@10': 0.0714, 'ndcg@10': 0.0358, 'hit@15': 0.0946, 'ndcg@15': 0.0419, 'hit@20': 0.1149, 'ndcg@20': 0.0467, 'hit@40': 0.1816, 'ndcg@40': 0.0602}
2024-10-11 02:32:07.925 | INFO     | __main__:<module>:119 - train end total cost time: 2133.738191843033
