2024-10-10 19:44:14.993 | INFO     | __main__:<module>:105 - Namespace(TIME='2024-10-10 19_43_38', batch_size=1024, behaviors=['view', 'cart', 'buy'], check_point='model_pre_1_2024-10-08 12_35_44.pth', data_name='beibei', data_path='./data/beibei', decay=0.001, device='cuda:1', dim_qk=32, dim_v=64, distill_layers=2, distill_thres=0.5, distill_topK=20, distill_userK=8, embedding_size=64, epochs=100, gpu_no=1, if_load_model=True, ii_lambda=200, initializer_range=0.02, layers=2, loss_type='bpr', lr=0.001, message_dropout=0.25, metrics=['hit', 'ndcg'], min_epoch=5, model_name='main_1', model_path='./check_point', node_dropout=0.75, omega=1, pt_loop=50, reg_weight=0.001, test_batch_size=1024, testbatch=1024, topk=[1, 5, 10, 15, 20, 40], uu_lambda=100)
2024-10-10 19:44:14.994 | INFO     | __main__:<module>:106 - BIPN(
  (message_dropout): Dropout(p=0.25, inplace=False)
  (user_embedding): Embedding(21717, 64, padding_idx=0)
  (item_embedding): Embedding(7978, 64, padding_idx=0)
  (global_Graph): LightGCN()
  (Graph_encoder): ModuleDict(
    (view): GraphEncoder(
      (light): LightGCN()
      (dropout): Dropout(p=0.75, inplace=False)
    )
    (cart): GraphEncoder(
      (light): LightGCN()
      (dropout): Dropout(p=0.75, inplace=False)
    )
    (buy): GraphEncoder(
      (light): LightGCN()
      (dropout): Dropout(p=0.75, inplace=False)
    )
  )
  (attention): Mutual_Attention()
  (bpr_loss): BPRLoss()
  (emb_loss): EmbLoss()
  (f): Sigmoid()
)
2024-10-10 20:22:08.400 | INFO     | trainer_1:_train_one_epoch:193 - epoch 1 12.63s Train loss is [0.9442] 
2024-10-10 20:22:15.538 | INFO     | trainer_1:_train_one_epoch:201 - validate 1 cost time 7.14s, result: {'hit@1': 0.0047, 'ndcg@1': 0.0047, 'hit@5': 0.0231, 'ndcg@5': 0.014, 'hit@10': 0.0452, 'ndcg@10': 0.0211, 'hit@15': 0.0634, 'ndcg@15': 0.0259, 'hit@20': 0.0818, 'ndcg@20': 0.0302, 'hit@40': 0.141, 'ndcg@40': 0.0423} 
2024-10-10 20:22:22.215 | INFO     | trainer_1:_train_one_epoch:209 - test 1 cost time 6.68s, result: {'hit@1': 0.0033, 'ndcg@1': 0.0033, 'hit@5': 0.0148, 'ndcg@5': 0.0089, 'hit@10': 0.0293, 'ndcg@10': 0.0136, 'hit@15': 0.0435, 'ndcg@15': 0.0173, 'hit@20': 0.0573, 'ndcg@20': 0.0206, 'hit@40': 0.1061, 'ndcg@40': 0.0305} 
2024-10-10 20:22:47.022 | INFO     | trainer_1:_train_one_epoch:193 - epoch 2 11.76s Train loss is [0.7251] 
2024-10-10 20:22:52.366 | INFO     | trainer_1:_train_one_epoch:201 - validate 2 cost time 5.34s, result: {'hit@1': 0.0072, 'ndcg@1': 0.0072, 'hit@5': 0.029, 'ndcg@5': 0.0179, 'hit@10': 0.0511, 'ndcg@10': 0.0249, 'hit@15': 0.0715, 'ndcg@15': 0.0303, 'hit@20': 0.0905, 'ndcg@20': 0.0348, 'hit@40': 0.1555, 'ndcg@40': 0.048} 
2024-10-10 20:22:58.673 | INFO     | trainer_1:_train_one_epoch:209 - test 2 cost time 6.31s, result: {'hit@1': 0.004, 'ndcg@1': 0.004, 'hit@5': 0.0186, 'ndcg@5': 0.0111, 'hit@10': 0.0352, 'ndcg@10': 0.0164, 'hit@15': 0.0505, 'ndcg@15': 0.0204, 'hit@20': 0.0637, 'ndcg@20': 0.0235, 'hit@40': 0.1154, 'ndcg@40': 0.0341} 
2024-10-10 20:23:26.679 | INFO     | trainer_1:_train_one_epoch:193 - epoch 3 10.30s Train loss is [0.6294] 
2024-10-10 20:23:35.887 | INFO     | trainer_1:_train_one_epoch:201 - validate 3 cost time 9.21s, result: {'hit@1': 0.0099, 'ndcg@1': 0.0099, 'hit@5': 0.0334, 'ndcg@5': 0.0215, 'hit@10': 0.0595, 'ndcg@10': 0.0298, 'hit@15': 0.0839, 'ndcg@15': 0.0362, 'hit@20': 0.1055, 'ndcg@20': 0.0413, 'hit@40': 0.1766, 'ndcg@40': 0.0558} 
2024-10-10 20:23:43.881 | INFO     | trainer_1:_train_one_epoch:209 - test 3 cost time 7.99s, result: {'hit@1': 0.0049, 'ndcg@1': 0.0049, 'hit@5': 0.0222, 'ndcg@5': 0.0134, 'hit@10': 0.0402, 'ndcg@10': 0.0192, 'hit@15': 0.0585, 'ndcg@15': 0.024, 'hit@20': 0.0735, 'ndcg@20': 0.0275, 'hit@40': 0.1275, 'ndcg@40': 0.0385} 
2024-10-10 20:24:11.877 | INFO     | trainer_1:_train_one_epoch:193 - epoch 4 11.68s Train loss is [0.5787] 
2024-10-10 20:24:21.127 | INFO     | trainer_1:_train_one_epoch:201 - validate 4 cost time 9.25s, result: {'hit@1': 0.0103, 'ndcg@1': 0.0103, 'hit@5': 0.0377, 'ndcg@5': 0.0236, 'hit@10': 0.0684, 'ndcg@10': 0.0334, 'hit@15': 0.0957, 'ndcg@15': 0.0406, 'hit@20': 0.1187, 'ndcg@20': 0.0461, 'hit@40': 0.197, 'ndcg@40': 0.062} 
2024-10-10 20:24:30.705 | INFO     | trainer_1:_train_one_epoch:209 - test 4 cost time 9.58s, result: {'hit@1': 0.0058, 'ndcg@1': 0.0058, 'hit@5': 0.0244, 'ndcg@5': 0.0148, 'hit@10': 0.0428, 'ndcg@10': 0.0208, 'hit@15': 0.0635, 'ndcg@15': 0.0262, 'hit@20': 0.0818, 'ndcg@20': 0.0305, 'hit@40': 0.1402, 'ndcg@40': 0.0424} 
2024-10-10 20:24:58.737 | INFO     | trainer_1:_train_one_epoch:193 - epoch 5 12.06s Train loss is [0.5448] 
2024-10-10 20:25:06.432 | INFO     | trainer_1:_train_one_epoch:201 - validate 5 cost time 7.69s, result: {'hit@1': 0.012, 'ndcg@1': 0.012, 'hit@5': 0.0432, 'ndcg@5': 0.0273, 'hit@10': 0.0738, 'ndcg@10': 0.0371, 'hit@15': 0.0986, 'ndcg@15': 0.0437, 'hit@20': 0.122, 'ndcg@20': 0.0492, 'hit@40': 0.1949, 'ndcg@40': 0.064} 
2024-10-10 20:25:16.149 | INFO     | trainer_1:_train_one_epoch:209 - test 5 cost time 9.72s, result: {'hit@1': 0.0056, 'ndcg@1': 0.0056, 'hit@5': 0.0258, 'ndcg@5': 0.0156, 'hit@10': 0.0451, 'ndcg@10': 0.0218, 'hit@15': 0.0637, 'ndcg@15': 0.0267, 'hit@20': 0.0791, 'ndcg@20': 0.0303, 'hit@40': 0.1343, 'ndcg@40': 0.0415} 
2024-10-10 20:25:44.408 | INFO     | trainer_1:_train_one_epoch:193 - epoch 6 11.52s Train loss is [0.5259] 
2024-10-10 20:25:53.180 | INFO     | trainer_1:_train_one_epoch:201 - validate 6 cost time 8.77s, result: {'hit@1': 0.0117, 'ndcg@1': 0.0117, 'hit@5': 0.0433, 'ndcg@5': 0.0274, 'hit@10': 0.074, 'ndcg@10': 0.0372, 'hit@15': 0.1022, 'ndcg@15': 0.0446, 'hit@20': 0.1265, 'ndcg@20': 0.0503, 'hit@40': 0.2079, 'ndcg@40': 0.0669} 
2024-10-10 20:26:01.196 | INFO     | trainer_1:_train_one_epoch:209 - test 6 cost time 8.02s, result: {'hit@1': 0.0063, 'ndcg@1': 0.0063, 'hit@5': 0.0279, 'ndcg@5': 0.0168, 'hit@10': 0.0491, 'ndcg@10': 0.0236, 'hit@15': 0.0678, 'ndcg@15': 0.0285, 'hit@20': 0.0859, 'ndcg@20': 0.0328, 'hit@40': 0.1468, 'ndcg@40': 0.0452} 
2024-10-10 20:26:28.159 | INFO     | trainer_1:_train_one_epoch:193 - epoch 7 12.16s Train loss is [0.5039] 
2024-10-10 20:26:38.821 | INFO     | trainer_1:_train_one_epoch:201 - validate 7 cost time 10.66s, result: {'hit@1': 0.0116, 'ndcg@1': 0.0116, 'hit@5': 0.0446, 'ndcg@5': 0.0281, 'hit@10': 0.0748, 'ndcg@10': 0.0378, 'hit@15': 0.1029, 'ndcg@15': 0.0452, 'hit@20': 0.1266, 'ndcg@20': 0.0508, 'hit@40': 0.2025, 'ndcg@40': 0.0663} 
2024-10-10 20:26:49.300 | INFO     | trainer_1:_train_one_epoch:209 - test 7 cost time 10.48s, result: {'hit@1': 0.0076, 'ndcg@1': 0.0076, 'hit@5': 0.0268, 'ndcg@5': 0.0171, 'hit@10': 0.0485, 'ndcg@10': 0.0241, 'hit@15': 0.0674, 'ndcg@15': 0.029, 'hit@20': 0.0836, 'ndcg@20': 0.0329, 'hit@40': 0.143, 'ndcg@40': 0.045} 
2024-10-10 20:27:01.234 | INFO     | trainer_1:_train_one_epoch:193 - epoch 8 11.93s Train loss is [0.5068] 
2024-10-10 20:27:08.010 | INFO     | trainer_1:_train_one_epoch:201 - validate 8 cost time 6.77s, result: {'hit@1': 0.0124, 'ndcg@1': 0.0124, 'hit@5': 0.0451, 'ndcg@5': 0.0286, 'hit@10': 0.0754, 'ndcg@10': 0.0383, 'hit@15': 0.1006, 'ndcg@15': 0.0449, 'hit@20': 0.1239, 'ndcg@20': 0.0504, 'hit@40': 0.1981, 'ndcg@40': 0.0655} 
2024-10-10 20:27:14.791 | INFO     | trainer_1:_train_one_epoch:209 - test 8 cost time 6.78s, result: {'hit@1': 0.0079, 'ndcg@1': 0.0079, 'hit@5': 0.0278, 'ndcg@5': 0.0177, 'hit@10': 0.048, 'ndcg@10': 0.0242, 'hit@15': 0.0658, 'ndcg@15': 0.0289, 'hit@20': 0.0825, 'ndcg@20': 0.0328, 'hit@40': 0.1389, 'ndcg@40': 0.0443} 
2024-10-10 20:27:23.829 | INFO     | trainer_1:_train_one_epoch:193 - epoch 9 9.04s Train loss is [0.4909] 
2024-10-10 20:27:31.719 | INFO     | trainer_1:_train_one_epoch:201 - validate 9 cost time 7.89s, result: {'hit@1': 0.0108, 'ndcg@1': 0.0108, 'hit@5': 0.0466, 'ndcg@5': 0.0287, 'hit@10': 0.0801, 'ndcg@10': 0.0394, 'hit@15': 0.111, 'ndcg@15': 0.0476, 'hit@20': 0.1382, 'ndcg@20': 0.054, 'hit@40': 0.2231, 'ndcg@40': 0.0712} 
2024-10-10 20:27:41.308 | INFO     | trainer_1:_train_one_epoch:209 - test 9 cost time 9.59s, result: {'hit@1': 0.0073, 'ndcg@1': 0.0073, 'hit@5': 0.0303, 'ndcg@5': 0.0189, 'hit@10': 0.0529, 'ndcg@10': 0.0261, 'hit@15': 0.0719, 'ndcg@15': 0.0312, 'hit@20': 0.0915, 'ndcg@20': 0.0358, 'hit@40': 0.1582, 'ndcg@40': 0.0494} 
2024-10-10 20:28:07.127 | INFO     | trainer_1:_train_one_epoch:193 - epoch 10 9.80s Train loss is [0.4771] 
2024-10-10 20:28:17.765 | INFO     | trainer_1:_train_one_epoch:201 - validate 10 cost time 10.64s, result: {'hit@1': 0.0122, 'ndcg@1': 0.0122, 'hit@5': 0.0454, 'ndcg@5': 0.0287, 'hit@10': 0.0783, 'ndcg@10': 0.0393, 'hit@15': 0.1059, 'ndcg@15': 0.0466, 'hit@20': 0.1284, 'ndcg@20': 0.0519, 'hit@40': 0.2045, 'ndcg@40': 0.0673} 
2024-10-10 20:28:27.247 | INFO     | trainer_1:_train_one_epoch:209 - test 10 cost time 9.48s, result: {'hit@1': 0.0069, 'ndcg@1': 0.0069, 'hit@5': 0.03, 'ndcg@5': 0.0184, 'hit@10': 0.0498, 'ndcg@10': 0.0248, 'hit@15': 0.0685, 'ndcg@15': 0.0297, 'hit@20': 0.0871, 'ndcg@20': 0.0341, 'hit@40': 0.1448, 'ndcg@40': 0.0458} 
2024-10-10 20:28:38.351 | INFO     | trainer_1:_train_one_epoch:193 - epoch 11 11.10s Train loss is [0.4827] 
2024-10-10 20:28:45.680 | INFO     | trainer_1:_train_one_epoch:201 - validate 11 cost time 7.33s, result: {'hit@1': 0.0112, 'ndcg@1': 0.0112, 'hit@5': 0.0449, 'ndcg@5': 0.0279, 'hit@10': 0.0793, 'ndcg@10': 0.0389, 'hit@15': 0.109, 'ndcg@15': 0.0467, 'hit@20': 0.1332, 'ndcg@20': 0.0524, 'hit@40': 0.2105, 'ndcg@40': 0.0682} 
2024-10-10 20:28:52.268 | INFO     | trainer_1:_train_one_epoch:209 - test 11 cost time 6.59s, result: {'hit@1': 0.0064, 'ndcg@1': 0.0064, 'hit@5': 0.03, 'ndcg@5': 0.018, 'hit@10': 0.053, 'ndcg@10': 0.0253, 'hit@15': 0.0725, 'ndcg@15': 0.0305, 'hit@20': 0.0902, 'ndcg@20': 0.0346, 'hit@40': 0.1507, 'ndcg@40': 0.0469} 
2024-10-10 20:29:15.787 | INFO     | trainer_1:_train_one_epoch:193 - epoch 12 7.25s Train loss is [0.4657] 
2024-10-10 20:29:22.776 | INFO     | trainer_1:_train_one_epoch:201 - validate 12 cost time 6.99s, result: {'hit@1': 0.0111, 'ndcg@1': 0.0111, 'hit@5': 0.0443, 'ndcg@5': 0.0273, 'hit@10': 0.077, 'ndcg@10': 0.0378, 'hit@15': 0.1052, 'ndcg@15': 0.0452, 'hit@20': 0.1271, 'ndcg@20': 0.0504, 'hit@40': 0.205, 'ndcg@40': 0.0662} 
2024-10-10 20:29:28.807 | INFO     | trainer_1:_train_one_epoch:209 - test 12 cost time 6.03s, result: {'hit@1': 0.0064, 'ndcg@1': 0.0064, 'hit@5': 0.029, 'ndcg@5': 0.0175, 'hit@10': 0.0528, 'ndcg@10': 0.025, 'hit@15': 0.0727, 'ndcg@15': 0.0303, 'hit@20': 0.0894, 'ndcg@20': 0.0342, 'hit@40': 0.1489, 'ndcg@40': 0.0463} 
2024-10-10 20:29:35.496 | INFO     | trainer_1:_train_one_epoch:193 - epoch 13 6.69s Train loss is [0.4450] 
2024-10-10 20:29:44.041 | INFO     | trainer_1:_train_one_epoch:201 - validate 13 cost time 8.54s, result: {'hit@1': 0.0111, 'ndcg@1': 0.0111, 'hit@5': 0.0438, 'ndcg@5': 0.0273, 'hit@10': 0.0804, 'ndcg@10': 0.039, 'hit@15': 0.1096, 'ndcg@15': 0.0467, 'hit@20': 0.1358, 'ndcg@20': 0.0529, 'hit@40': 0.2203, 'ndcg@40': 0.0701} 
2024-10-10 20:29:52.240 | INFO     | trainer_1:_train_one_epoch:209 - test 13 cost time 8.20s, result: {'hit@1': 0.0064, 'ndcg@1': 0.0064, 'hit@5': 0.0305, 'ndcg@5': 0.0181, 'hit@10': 0.0523, 'ndcg@10': 0.0251, 'hit@15': 0.0727, 'ndcg@15': 0.0305, 'hit@20': 0.0907, 'ndcg@20': 0.0348, 'hit@40': 0.153, 'ndcg@40': 0.0475} 
2024-10-10 20:30:00.334 | INFO     | trainer_1:_train_one_epoch:193 - epoch 14 8.09s Train loss is [0.4455] 
2024-10-10 20:30:08.680 | INFO     | trainer_1:_train_one_epoch:201 - validate 14 cost time 8.35s, result: {'hit@1': 0.0119, 'ndcg@1': 0.0119, 'hit@5': 0.0439, 'ndcg@5': 0.0279, 'hit@10': 0.0789, 'ndcg@10': 0.0391, 'hit@15': 0.1077, 'ndcg@15': 0.0467, 'hit@20': 0.1312, 'ndcg@20': 0.0523, 'hit@40': 0.2121, 'ndcg@40': 0.0687} 
2024-10-10 20:30:15.630 | INFO     | trainer_1:_train_one_epoch:209 - test 14 cost time 6.95s, result: {'hit@1': 0.0076, 'ndcg@1': 0.0076, 'hit@5': 0.03, 'ndcg@5': 0.0187, 'hit@10': 0.053, 'ndcg@10': 0.026, 'hit@15': 0.0732, 'ndcg@15': 0.0314, 'hit@20': 0.0905, 'ndcg@20': 0.0354, 'hit@40': 0.1511, 'ndcg@40': 0.0477} 
2024-10-10 20:30:24.128 | INFO     | trainer_1:_train_one_epoch:193 - epoch 15 8.50s Train loss is [0.4341] 
2024-10-10 20:30:33.803 | INFO     | trainer_1:_train_one_epoch:201 - validate 15 cost time 9.67s, result: {'hit@1': 0.0109, 'ndcg@1': 0.0109, 'hit@5': 0.0441, 'ndcg@5': 0.0273, 'hit@10': 0.0746, 'ndcg@10': 0.0372, 'hit@15': 0.1017, 'ndcg@15': 0.0443, 'hit@20': 0.1291, 'ndcg@20': 0.0508, 'hit@40': 0.2107, 'ndcg@40': 0.0674} 
2024-10-10 20:30:42.484 | INFO     | trainer_1:_train_one_epoch:209 - test 15 cost time 8.68s, result: {'hit@1': 0.0077, 'ndcg@1': 0.0077, 'hit@5': 0.0306, 'ndcg@5': 0.0189, 'hit@10': 0.0529, 'ndcg@10': 0.0261, 'hit@15': 0.0734, 'ndcg@15': 0.0315, 'hit@20': 0.0896, 'ndcg@20': 0.0353, 'hit@40': 0.1482, 'ndcg@40': 0.0472} 
2024-10-10 20:30:51.717 | INFO     | trainer_1:_train_one_epoch:193 - epoch 16 9.23s Train loss is [0.4396] 
2024-10-10 20:30:59.804 | INFO     | trainer_1:_train_one_epoch:201 - validate 16 cost time 8.09s, result: {'hit@1': 0.0118, 'ndcg@1': 0.0118, 'hit@5': 0.0465, 'ndcg@5': 0.029, 'hit@10': 0.0791, 'ndcg@10': 0.0394, 'hit@15': 0.107, 'ndcg@15': 0.0468, 'hit@20': 0.1317, 'ndcg@20': 0.0527, 'hit@40': 0.2107, 'ndcg@40': 0.0687} 
2024-10-10 20:31:07.913 | INFO     | trainer_1:_train_one_epoch:209 - test 16 cost time 8.11s, result: {'hit@1': 0.0076, 'ndcg@1': 0.0076, 'hit@5': 0.0322, 'ndcg@5': 0.0198, 'hit@10': 0.0546, 'ndcg@10': 0.0269, 'hit@15': 0.0758, 'ndcg@15': 0.0325, 'hit@20': 0.0923, 'ndcg@20': 0.0364, 'hit@40': 0.1504, 'ndcg@40': 0.0482} 
2024-10-10 20:31:31.308 | INFO     | trainer_1:_train_one_epoch:193 - epoch 17 9.21s Train loss is [0.4321] 
2024-10-10 20:31:39.943 | INFO     | trainer_1:_train_one_epoch:201 - validate 17 cost time 8.63s, result: {'hit@1': 0.0118, 'ndcg@1': 0.0118, 'hit@5': 0.0455, 'ndcg@5': 0.0284, 'hit@10': 0.0781, 'ndcg@10': 0.0389, 'hit@15': 0.1067, 'ndcg@15': 0.0464, 'hit@20': 0.1316, 'ndcg@20': 0.0523, 'hit@40': 0.2119, 'ndcg@40': 0.0687} 
2024-10-10 20:31:49.689 | INFO     | trainer_1:_train_one_epoch:209 - test 17 cost time 9.74s, result: {'hit@1': 0.0081, 'ndcg@1': 0.0081, 'hit@5': 0.0304, 'ndcg@5': 0.0192, 'hit@10': 0.0536, 'ndcg@10': 0.0267, 'hit@15': 0.0728, 'ndcg@15': 0.0318, 'hit@20': 0.0899, 'ndcg@20': 0.0359, 'hit@40': 0.1537, 'ndcg@40': 0.0488} 
2024-10-10 20:31:56.788 | INFO     | trainer_1:_train_one_epoch:193 - epoch 18 7.10s Train loss is [0.4125] 
2024-10-10 20:32:06.767 | INFO     | trainer_1:_train_one_epoch:201 - validate 18 cost time 9.98s, result: {'hit@1': 0.0129, 'ndcg@1': 0.0129, 'hit@5': 0.049, 'ndcg@5': 0.031, 'hit@10': 0.0834, 'ndcg@10': 0.042, 'hit@15': 0.1098, 'ndcg@15': 0.049, 'hit@20': 0.1342, 'ndcg@20': 0.0547, 'hit@40': 0.2141, 'ndcg@40': 0.071} 
2024-10-10 20:32:15.083 | INFO     | trainer_1:_train_one_epoch:209 - test 18 cost time 8.32s, result: {'hit@1': 0.0083, 'ndcg@1': 0.0083, 'hit@5': 0.0326, 'ndcg@5': 0.0204, 'hit@10': 0.0559, 'ndcg@10': 0.0279, 'hit@15': 0.0758, 'ndcg@15': 0.0332, 'hit@20': 0.0932, 'ndcg@20': 0.0373, 'hit@40': 0.1527, 'ndcg@40': 0.0494} 
2024-10-10 20:32:41.826 | INFO     | trainer_1:_train_one_epoch:193 - epoch 19 9.18s Train loss is [0.4148] 
2024-10-10 20:32:50.468 | INFO     | trainer_1:_train_one_epoch:201 - validate 19 cost time 8.64s, result: {'hit@1': 0.0128, 'ndcg@1': 0.0128, 'hit@5': 0.0507, 'ndcg@5': 0.0317, 'hit@10': 0.0862, 'ndcg@10': 0.043, 'hit@15': 0.1165, 'ndcg@15': 0.051, 'hit@20': 0.1419, 'ndcg@20': 0.057, 'hit@40': 0.2234, 'ndcg@40': 0.0736} 
2024-10-10 20:32:57.269 | INFO     | trainer_1:_train_one_epoch:209 - test 19 cost time 6.80s, result: {'hit@1': 0.008, 'ndcg@1': 0.008, 'hit@5': 0.034, 'ndcg@5': 0.021, 'hit@10': 0.0576, 'ndcg@10': 0.0285, 'hit@15': 0.0787, 'ndcg@15': 0.0341, 'hit@20': 0.0962, 'ndcg@20': 0.0382, 'hit@40': 0.1581, 'ndcg@40': 0.0507} 
2024-10-10 20:33:26.911 | INFO     | trainer_1:_train_one_epoch:193 - epoch 20 8.86s Train loss is [0.4033] 
2024-10-10 20:33:34.592 | INFO     | trainer_1:_train_one_epoch:201 - validate 20 cost time 7.68s, result: {'hit@1': 0.0133, 'ndcg@1': 0.0133, 'hit@5': 0.0506, 'ndcg@5': 0.0317, 'hit@10': 0.0851, 'ndcg@10': 0.0428, 'hit@15': 0.1096, 'ndcg@15': 0.0493, 'hit@20': 0.134, 'ndcg@20': 0.055, 'hit@40': 0.2162, 'ndcg@40': 0.0718} 
2024-10-10 20:33:45.180 | INFO     | trainer_1:_train_one_epoch:209 - test 20 cost time 10.59s, result: {'hit@1': 0.0087, 'ndcg@1': 0.0087, 'hit@5': 0.033, 'ndcg@5': 0.0208, 'hit@10': 0.0559, 'ndcg@10': 0.0281, 'hit@15': 0.075, 'ndcg@15': 0.0331, 'hit@20': 0.0934, 'ndcg@20': 0.0375, 'hit@40': 0.1524, 'ndcg@40': 0.0495} 
2024-10-10 20:33:54.871 | INFO     | trainer_1:_train_one_epoch:193 - epoch 21 9.69s Train loss is [0.3956] 
2024-10-10 20:34:02.927 | INFO     | trainer_1:_train_one_epoch:201 - validate 21 cost time 8.06s, result: {'hit@1': 0.0139, 'ndcg@1': 0.0139, 'hit@5': 0.0506, 'ndcg@5': 0.0321, 'hit@10': 0.0856, 'ndcg@10': 0.0433, 'hit@15': 0.1146, 'ndcg@15': 0.051, 'hit@20': 0.1395, 'ndcg@20': 0.0568, 'hit@40': 0.2209, 'ndcg@40': 0.0734} 
2024-10-10 20:34:08.807 | INFO     | trainer_1:_train_one_epoch:209 - test 21 cost time 5.88s, result: {'hit@1': 0.0096, 'ndcg@1': 0.0096, 'hit@5': 0.033, 'ndcg@5': 0.0212, 'hit@10': 0.0567, 'ndcg@10': 0.0289, 'hit@15': 0.0763, 'ndcg@15': 0.0341, 'hit@20': 0.0948, 'ndcg@20': 0.0385, 'hit@40': 0.1559, 'ndcg@40': 0.0509} 
2024-10-10 20:34:16.075 | INFO     | trainer_1:_train_one_epoch:193 - epoch 22 7.27s Train loss is [0.4010] 
2024-10-10 20:34:23.034 | INFO     | trainer_1:_train_one_epoch:201 - validate 22 cost time 6.96s, result: {'hit@1': 0.0138, 'ndcg@1': 0.0138, 'hit@5': 0.0529, 'ndcg@5': 0.0333, 'hit@10': 0.0901, 'ndcg@10': 0.0452, 'hit@15': 0.1198, 'ndcg@15': 0.0531, 'hit@20': 0.1453, 'ndcg@20': 0.0591, 'hit@40': 0.2317, 'ndcg@40': 0.0767} 
2024-10-10 20:34:31.293 | INFO     | trainer_1:_train_one_epoch:209 - test 22 cost time 8.26s, result: {'hit@1': 0.0094, 'ndcg@1': 0.0094, 'hit@5': 0.036, 'ndcg@5': 0.0226, 'hit@10': 0.0599, 'ndcg@10': 0.0303, 'hit@15': 0.082, 'ndcg@15': 0.0361, 'hit@20': 0.0988, 'ndcg@20': 0.0401, 'hit@40': 0.1641, 'ndcg@40': 0.0533} 
2024-10-10 20:34:53.877 | INFO     | trainer_1:_train_one_epoch:193 - epoch 23 8.89s Train loss is [0.3871] 
2024-10-10 20:35:01.521 | INFO     | trainer_1:_train_one_epoch:201 - validate 23 cost time 7.64s, result: {'hit@1': 0.0127, 'ndcg@1': 0.0127, 'hit@5': 0.0476, 'ndcg@5': 0.03, 'hit@10': 0.0836, 'ndcg@10': 0.0415, 'hit@15': 0.1117, 'ndcg@15': 0.0489, 'hit@20': 0.1367, 'ndcg@20': 0.0548, 'hit@40': 0.2193, 'ndcg@40': 0.0716} 
2024-10-10 20:35:11.517 | INFO     | trainer_1:_train_one_epoch:209 - test 23 cost time 10.00s, result: {'hit@1': 0.009, 'ndcg@1': 0.009, 'hit@5': 0.0316, 'ndcg@5': 0.0203, 'hit@10': 0.0542, 'ndcg@10': 0.0275, 'hit@15': 0.0749, 'ndcg@15': 0.033, 'hit@20': 0.0926, 'ndcg@20': 0.0372, 'hit@40': 0.1576, 'ndcg@40': 0.0503} 
2024-10-10 20:35:19.993 | INFO     | trainer_1:_train_one_epoch:193 - epoch 24 8.47s Train loss is [0.3828] 
2024-10-10 20:35:29.623 | INFO     | trainer_1:_train_one_epoch:201 - validate 24 cost time 9.63s, result: {'hit@1': 0.0142, 'ndcg@1': 0.0142, 'hit@5': 0.0502, 'ndcg@5': 0.0323, 'hit@10': 0.0838, 'ndcg@10': 0.043, 'hit@15': 0.1105, 'ndcg@15': 0.0501, 'hit@20': 0.1355, 'ndcg@20': 0.056, 'hit@40': 0.2164, 'ndcg@40': 0.0725} 
2024-10-10 20:35:36.423 | INFO     | trainer_1:_train_one_epoch:209 - test 24 cost time 6.80s, result: {'hit@1': 0.0088, 'ndcg@1': 0.0088, 'hit@5': 0.0338, 'ndcg@5': 0.0214, 'hit@10': 0.055, 'ndcg@10': 0.0282, 'hit@15': 0.0755, 'ndcg@15': 0.0336, 'hit@20': 0.0926, 'ndcg@20': 0.0376, 'hit@40': 0.155, 'ndcg@40': 0.0504} 
2024-10-10 20:35:45.202 | INFO     | trainer_1:_train_one_epoch:193 - epoch 25 8.78s Train loss is [0.3803] 
2024-10-10 20:35:52.171 | INFO     | trainer_1:_train_one_epoch:201 - validate 25 cost time 6.97s, result: {'hit@1': 0.0137, 'ndcg@1': 0.0137, 'hit@5': 0.0557, 'ndcg@5': 0.0347, 'hit@10': 0.092, 'ndcg@10': 0.0463, 'hit@15': 0.1239, 'ndcg@15': 0.0547, 'hit@20': 0.1497, 'ndcg@20': 0.0608, 'hit@40': 0.238, 'ndcg@40': 0.0788} 
2024-10-10 20:35:59.152 | INFO     | trainer_1:_train_one_epoch:209 - test 25 cost time 6.98s, result: {'hit@1': 0.0102, 'ndcg@1': 0.0102, 'hit@5': 0.0352, 'ndcg@5': 0.0227, 'hit@10': 0.0601, 'ndcg@10': 0.0307, 'hit@15': 0.082, 'ndcg@15': 0.0365, 'hit@20': 0.1008, 'ndcg@20': 0.0409, 'hit@40': 0.1657, 'ndcg@40': 0.0541} 
2024-10-10 20:36:21.111 | INFO     | trainer_1:_train_one_epoch:193 - epoch 26 8.19s Train loss is [0.3868] 
2024-10-10 20:36:28.676 | INFO     | trainer_1:_train_one_epoch:201 - validate 26 cost time 7.56s, result: {'hit@1': 0.0149, 'ndcg@1': 0.0149, 'hit@5': 0.0558, 'ndcg@5': 0.0355, 'hit@10': 0.0917, 'ndcg@10': 0.047, 'hit@15': 0.1216, 'ndcg@15': 0.0549, 'hit@20': 0.1499, 'ndcg@20': 0.0616, 'hit@40': 0.2354, 'ndcg@40': 0.079} 
2024-10-10 20:36:38.024 | INFO     | trainer_1:_train_one_epoch:209 - test 26 cost time 9.35s, result: {'hit@1': 0.0107, 'ndcg@1': 0.0107, 'hit@5': 0.0367, 'ndcg@5': 0.0236, 'hit@10': 0.061, 'ndcg@10': 0.0314, 'hit@15': 0.0818, 'ndcg@15': 0.0369, 'hit@20': 0.1005, 'ndcg@20': 0.0413, 'hit@40': 0.164, 'ndcg@40': 0.0542} 
2024-10-10 20:37:03.204 | INFO     | trainer_1:_train_one_epoch:193 - epoch 27 9.72s Train loss is [0.3699] 
2024-10-10 20:37:11.688 | INFO     | trainer_1:_train_one_epoch:201 - validate 27 cost time 8.48s, result: {'hit@1': 0.0152, 'ndcg@1': 0.0152, 'hit@5': 0.0532, 'ndcg@5': 0.0344, 'hit@10': 0.088, 'ndcg@10': 0.0456, 'hit@15': 0.117, 'ndcg@15': 0.0532, 'hit@20': 0.1426, 'ndcg@20': 0.0593, 'hit@40': 0.227, 'ndcg@40': 0.0764} 
2024-10-10 20:37:21.860 | INFO     | trainer_1:_train_one_epoch:209 - test 27 cost time 10.17s, result: {'hit@1': 0.01, 'ndcg@1': 0.01, 'hit@5': 0.0348, 'ndcg@5': 0.0226, 'hit@10': 0.0594, 'ndcg@10': 0.0305, 'hit@15': 0.0801, 'ndcg@15': 0.0359, 'hit@20': 0.0973, 'ndcg@20': 0.04, 'hit@40': 0.1576, 'ndcg@40': 0.0522} 
2024-10-10 20:37:30.183 | INFO     | trainer_1:_train_one_epoch:193 - epoch 28 8.32s Train loss is [0.3739] 
2024-10-10 20:37:37.489 | INFO     | trainer_1:_train_one_epoch:201 - validate 28 cost time 7.31s, result: {'hit@1': 0.0142, 'ndcg@1': 0.0142, 'hit@5': 0.057, 'ndcg@5': 0.0356, 'hit@10': 0.092, 'ndcg@10': 0.0468, 'hit@15': 0.1228, 'ndcg@15': 0.0549, 'hit@20': 0.148, 'ndcg@20': 0.0609, 'hit@40': 0.2319, 'ndcg@40': 0.078} 
2024-10-10 20:37:42.485 | INFO     | trainer_1:_train_one_epoch:209 - test 28 cost time 5.00s, result: {'hit@1': 0.0107, 'ndcg@1': 0.0107, 'hit@5': 0.0365, 'ndcg@5': 0.0237, 'hit@10': 0.0618, 'ndcg@10': 0.0318, 'hit@15': 0.0835, 'ndcg@15': 0.0375, 'hit@20': 0.1013, 'ndcg@20': 0.0417, 'hit@40': 0.1638, 'ndcg@40': 0.0544} 
2024-10-10 20:38:03.597 | INFO     | trainer_1:_train_one_epoch:193 - epoch 29 7.76s Train loss is [0.3768] 
2024-10-10 20:38:12.774 | INFO     | trainer_1:_train_one_epoch:201 - validate 29 cost time 9.18s, result: {'hit@1': 0.0157, 'ndcg@1': 0.0157, 'hit@5': 0.0558, 'ndcg@5': 0.0355, 'hit@10': 0.0914, 'ndcg@10': 0.0469, 'hit@15': 0.1225, 'ndcg@15': 0.0551, 'hit@20': 0.1511, 'ndcg@20': 0.0619, 'hit@40': 0.2396, 'ndcg@40': 0.0799} 
2024-10-10 20:38:21.512 | INFO     | trainer_1:_train_one_epoch:209 - test 29 cost time 8.74s, result: {'hit@1': 0.0112, 'ndcg@1': 0.0112, 'hit@5': 0.0375, 'ndcg@5': 0.0245, 'hit@10': 0.0626, 'ndcg@10': 0.0325, 'hit@15': 0.0845, 'ndcg@15': 0.0383, 'hit@20': 0.1035, 'ndcg@20': 0.0428, 'hit@40': 0.1708, 'ndcg@40': 0.0565} 
2024-10-10 20:38:42.197 | INFO     | trainer_1:_train_one_epoch:193 - epoch 30 8.75s Train loss is [0.3750] 
2024-10-10 20:38:48.444 | INFO     | trainer_1:_train_one_epoch:201 - validate 30 cost time 6.25s, result: {'hit@1': 0.0156, 'ndcg@1': 0.0156, 'hit@5': 0.0565, 'ndcg@5': 0.0361, 'hit@10': 0.0936, 'ndcg@10': 0.048, 'hit@15': 0.124, 'ndcg@15': 0.056, 'hit@20': 0.151, 'ndcg@20': 0.0624, 'hit@40': 0.2394, 'ndcg@40': 0.0803} 
2024-10-10 20:38:57.255 | INFO     | trainer_1:_train_one_epoch:209 - test 30 cost time 8.81s, result: {'hit@1': 0.0107, 'ndcg@1': 0.0107, 'hit@5': 0.0373, 'ndcg@5': 0.0239, 'hit@10': 0.0622, 'ndcg@10': 0.0318, 'hit@15': 0.0828, 'ndcg@15': 0.0372, 'hit@20': 0.1025, 'ndcg@20': 0.0419, 'hit@40': 0.1651, 'ndcg@40': 0.0546} 
2024-10-10 20:39:04.395 | INFO     | trainer_1:_train_one_epoch:193 - epoch 31 7.14s Train loss is [0.3744] 
2024-10-10 20:39:13.059 | INFO     | trainer_1:_train_one_epoch:201 - validate 31 cost time 8.66s, result: {'hit@1': 0.0163, 'ndcg@1': 0.0163, 'hit@5': 0.057, 'ndcg@5': 0.0367, 'hit@10': 0.0938, 'ndcg@10': 0.0485, 'hit@15': 0.1238, 'ndcg@15': 0.0564, 'hit@20': 0.1516, 'ndcg@20': 0.063, 'hit@40': 0.2353, 'ndcg@40': 0.08} 
2024-10-10 20:39:22.792 | INFO     | trainer_1:_train_one_epoch:209 - test 31 cost time 9.73s, result: {'hit@1': 0.011, 'ndcg@1': 0.011, 'hit@5': 0.0384, 'ndcg@5': 0.0246, 'hit@10': 0.0643, 'ndcg@10': 0.0329, 'hit@15': 0.0862, 'ndcg@15': 0.0386, 'hit@20': 0.1061, 'ndcg@20': 0.0433, 'hit@40': 0.169, 'ndcg@40': 0.0561} 
2024-10-10 20:39:44.607 | INFO     | trainer_1:_train_one_epoch:193 - epoch 32 8.84s Train loss is [0.3667] 
2024-10-10 20:39:51.798 | INFO     | trainer_1:_train_one_epoch:201 - validate 32 cost time 7.19s, result: {'hit@1': 0.0155, 'ndcg@1': 0.0155, 'hit@5': 0.0553, 'ndcg@5': 0.0354, 'hit@10': 0.0946, 'ndcg@10': 0.0479, 'hit@15': 0.1266, 'ndcg@15': 0.0564, 'hit@20': 0.1538, 'ndcg@20': 0.0628, 'hit@40': 0.243, 'ndcg@40': 0.081} 
2024-10-10 20:40:01.823 | INFO     | trainer_1:_train_one_epoch:209 - test 32 cost time 10.02s, result: {'hit@1': 0.0104, 'ndcg@1': 0.0104, 'hit@5': 0.0385, 'ndcg@5': 0.0244, 'hit@10': 0.0647, 'ndcg@10': 0.0328, 'hit@15': 0.0864, 'ndcg@15': 0.0385, 'hit@20': 0.1067, 'ndcg@20': 0.0433, 'hit@40': 0.1735, 'ndcg@40': 0.0569} 
2024-10-10 20:40:25.410 | INFO     | trainer_1:_train_one_epoch:193 - epoch 33 8.86s Train loss is [0.3490] 
2024-10-10 20:40:35.496 | INFO     | trainer_1:_train_one_epoch:201 - validate 33 cost time 10.09s, result: {'hit@1': 0.0149, 'ndcg@1': 0.0149, 'hit@5': 0.0561, 'ndcg@5': 0.0358, 'hit@10': 0.0944, 'ndcg@10': 0.048, 'hit@15': 0.1268, 'ndcg@15': 0.0566, 'hit@20': 0.1543, 'ndcg@20': 0.0631, 'hit@40': 0.249, 'ndcg@40': 0.0824} 
2024-10-10 20:40:45.154 | INFO     | trainer_1:_train_one_epoch:209 - test 33 cost time 9.66s, result: {'hit@1': 0.0112, 'ndcg@1': 0.0112, 'hit@5': 0.0401, 'ndcg@5': 0.0256, 'hit@10': 0.0653, 'ndcg@10': 0.0337, 'hit@15': 0.0873, 'ndcg@15': 0.0395, 'hit@20': 0.1078, 'ndcg@20': 0.0443, 'hit@40': 0.1741, 'ndcg@40': 0.0578} 
2024-10-10 20:41:05.963 | INFO     | trainer_1:_train_one_epoch:193 - epoch 34 7.03s Train loss is [0.3599] 
2024-10-10 20:41:13.782 | INFO     | trainer_1:_train_one_epoch:201 - validate 34 cost time 7.82s, result: {'hit@1': 0.0152, 'ndcg@1': 0.0152, 'hit@5': 0.0558, 'ndcg@5': 0.0353, 'hit@10': 0.0898, 'ndcg@10': 0.0462, 'hit@15': 0.1192, 'ndcg@15': 0.054, 'hit@20': 0.1469, 'ndcg@20': 0.0605, 'hit@40': 0.2348, 'ndcg@40': 0.0784} 
2024-10-10 20:41:23.077 | INFO     | trainer_1:_train_one_epoch:209 - test 34 cost time 9.29s, result: {'hit@1': 0.0117, 'ndcg@1': 0.0117, 'hit@5': 0.0394, 'ndcg@5': 0.0256, 'hit@10': 0.0659, 'ndcg@10': 0.0341, 'hit@15': 0.0873, 'ndcg@15': 0.0397, 'hit@20': 0.1065, 'ndcg@20': 0.0443, 'hit@40': 0.1708, 'ndcg@40': 0.0573} 
2024-10-10 20:41:49.367 | INFO     | trainer_1:_train_one_epoch:193 - epoch 35 9.24s Train loss is [0.3548] 
2024-10-10 20:41:58.592 | INFO     | trainer_1:_train_one_epoch:201 - validate 35 cost time 9.22s, result: {'hit@1': 0.0152, 'ndcg@1': 0.0152, 'hit@5': 0.0551, 'ndcg@5': 0.0352, 'hit@10': 0.0901, 'ndcg@10': 0.0463, 'hit@15': 0.1213, 'ndcg@15': 0.0546, 'hit@20': 0.1485, 'ndcg@20': 0.061, 'hit@40': 0.2363, 'ndcg@40': 0.0789} 
2024-10-10 20:42:05.955 | INFO     | trainer_1:_train_one_epoch:209 - test 35 cost time 7.36s, result: {'hit@1': 0.0112, 'ndcg@1': 0.0112, 'hit@5': 0.0377, 'ndcg@5': 0.0244, 'hit@10': 0.0624, 'ndcg@10': 0.0323, 'hit@15': 0.0835, 'ndcg@15': 0.0379, 'hit@20': 0.1041, 'ndcg@20': 0.0427, 'hit@40': 0.1693, 'ndcg@40': 0.056} 
2024-10-10 20:42:12.506 | INFO     | trainer_1:_train_one_epoch:193 - epoch 36 6.55s Train loss is [0.3573] 
2024-10-10 20:42:19.876 | INFO     | trainer_1:_train_one_epoch:201 - validate 36 cost time 7.37s, result: {'hit@1': 0.0151, 'ndcg@1': 0.0151, 'hit@5': 0.0562, 'ndcg@5': 0.0355, 'hit@10': 0.0923, 'ndcg@10': 0.047, 'hit@15': 0.1234, 'ndcg@15': 0.0552, 'hit@20': 0.1524, 'ndcg@20': 0.0621, 'hit@40': 0.2419, 'ndcg@40': 0.0803} 
2024-10-10 20:42:26.234 | INFO     | trainer_1:_train_one_epoch:209 - test 36 cost time 6.36s, result: {'hit@1': 0.0105, 'ndcg@1': 0.0105, 'hit@5': 0.0373, 'ndcg@5': 0.0238, 'hit@10': 0.0625, 'ndcg@10': 0.0319, 'hit@15': 0.0851, 'ndcg@15': 0.0379, 'hit@20': 0.1047, 'ndcg@20': 0.0425, 'hit@40': 0.171, 'ndcg@40': 0.0559} 
2024-10-10 20:42:35.147 | INFO     | trainer_1:_train_one_epoch:193 - epoch 37 8.91s Train loss is [0.3622] 
2024-10-10 20:42:44.532 | INFO     | trainer_1:_train_one_epoch:201 - validate 37 cost time 9.38s, result: {'hit@1': 0.0157, 'ndcg@1': 0.0157, 'hit@5': 0.0581, 'ndcg@5': 0.0368, 'hit@10': 0.0969, 'ndcg@10': 0.0493, 'hit@15': 0.1295, 'ndcg@15': 0.0579, 'hit@20': 0.1585, 'ndcg@20': 0.0647, 'hit@40': 0.2473, 'ndcg@40': 0.0828} 
2024-10-10 20:42:54.335 | INFO     | trainer_1:_train_one_epoch:209 - test 37 cost time 9.80s, result: {'hit@1': 0.0113, 'ndcg@1': 0.0113, 'hit@5': 0.0402, 'ndcg@5': 0.0257, 'hit@10': 0.0655, 'ndcg@10': 0.0338, 'hit@15': 0.0886, 'ndcg@15': 0.0399, 'hit@20': 0.1098, 'ndcg@20': 0.0449, 'hit@40': 0.1787, 'ndcg@40': 0.0589} 
2024-10-10 20:43:01.666 | INFO     | trainer_1:_train_one_epoch:193 - epoch 38 7.33s Train loss is [0.3416] 
2024-10-10 20:43:07.773 | INFO     | trainer_1:_train_one_epoch:201 - validate 38 cost time 6.11s, result: {'hit@1': 0.0166, 'ndcg@1': 0.0166, 'hit@5': 0.0571, 'ndcg@5': 0.0368, 'hit@10': 0.0937, 'ndcg@10': 0.0485, 'hit@15': 0.1257, 'ndcg@15': 0.057, 'hit@20': 0.1544, 'ndcg@20': 0.0637, 'hit@40': 0.2421, 'ndcg@40': 0.0816} 
2024-10-10 20:43:16.507 | INFO     | trainer_1:_train_one_epoch:209 - test 38 cost time 8.73s, result: {'hit@1': 0.0114, 'ndcg@1': 0.0114, 'hit@5': 0.0388, 'ndcg@5': 0.025, 'hit@10': 0.0641, 'ndcg@10': 0.0331, 'hit@15': 0.0863, 'ndcg@15': 0.039, 'hit@20': 0.1062, 'ndcg@20': 0.0437, 'hit@40': 0.1721, 'ndcg@40': 0.0571} 
2024-10-10 20:43:26.536 | INFO     | trainer_1:_train_one_epoch:193 - epoch 39 10.03s Train loss is [0.3441] 
2024-10-10 20:43:34.839 | INFO     | trainer_1:_train_one_epoch:201 - validate 39 cost time 8.30s, result: {'hit@1': 0.0151, 'ndcg@1': 0.0151, 'hit@5': 0.0581, 'ndcg@5': 0.0366, 'hit@10': 0.0976, 'ndcg@10': 0.0492, 'hit@15': 0.1284, 'ndcg@15': 0.0574, 'hit@20': 0.1544, 'ndcg@20': 0.0635, 'hit@40': 0.2459, 'ndcg@40': 0.0822} 
2024-10-10 20:43:43.482 | INFO     | trainer_1:_train_one_epoch:209 - test 39 cost time 8.64s, result: {'hit@1': 0.0113, 'ndcg@1': 0.0113, 'hit@5': 0.0399, 'ndcg@5': 0.0255, 'hit@10': 0.067, 'ndcg@10': 0.0342, 'hit@15': 0.0908, 'ndcg@15': 0.0404, 'hit@20': 0.1112, 'ndcg@20': 0.0453, 'hit@40': 0.1788, 'ndcg@40': 0.059} 
2024-10-10 20:44:10.528 | INFO     | trainer_1:_train_one_epoch:193 - epoch 40 9.94s Train loss is [0.3444] 
2024-10-10 20:44:18.185 | INFO     | trainer_1:_train_one_epoch:201 - validate 40 cost time 7.66s, result: {'hit@1': 0.0156, 'ndcg@1': 0.0156, 'hit@5': 0.0588, 'ndcg@5': 0.0373, 'hit@10': 0.0952, 'ndcg@10': 0.049, 'hit@15': 0.1278, 'ndcg@15': 0.0576, 'hit@20': 0.1563, 'ndcg@20': 0.0643, 'hit@40': 0.2448, 'ndcg@40': 0.0823} 
2024-10-10 20:44:24.914 | INFO     | trainer_1:_train_one_epoch:209 - test 40 cost time 6.73s, result: {'hit@1': 0.0115, 'ndcg@1': 0.0115, 'hit@5': 0.0383, 'ndcg@5': 0.0249, 'hit@10': 0.0656, 'ndcg@10': 0.0337, 'hit@15': 0.088, 'ndcg@15': 0.0396, 'hit@20': 0.1076, 'ndcg@20': 0.0442, 'hit@40': 0.1758, 'ndcg@40': 0.058} 
2024-10-10 20:44:34.090 | INFO     | trainer_1:_train_one_epoch:193 - epoch 41 9.18s Train loss is [0.3486] 
2024-10-10 20:44:45.205 | INFO     | trainer_1:_train_one_epoch:201 - validate 41 cost time 11.11s, result: {'hit@1': 0.0163, 'ndcg@1': 0.0163, 'hit@5': 0.0583, 'ndcg@5': 0.0374, 'hit@10': 0.0968, 'ndcg@10': 0.0498, 'hit@15': 0.1261, 'ndcg@15': 0.0575, 'hit@20': 0.1541, 'ndcg@20': 0.0641, 'hit@40': 0.2448, 'ndcg@40': 0.0826} 
2024-10-10 20:44:56.301 | INFO     | trainer_1:_train_one_epoch:209 - test 41 cost time 11.10s, result: {'hit@1': 0.0109, 'ndcg@1': 0.0109, 'hit@5': 0.04, 'ndcg@5': 0.0254, 'hit@10': 0.0658, 'ndcg@10': 0.0336, 'hit@15': 0.0885, 'ndcg@15': 0.0396, 'hit@20': 0.109, 'ndcg@20': 0.0444, 'hit@40': 0.1754, 'ndcg@40': 0.0579} 
2024-10-10 20:45:07.008 | INFO     | trainer_1:_train_one_epoch:193 - epoch 42 10.71s Train loss is [0.3389] 
2024-10-10 20:45:16.116 | INFO     | trainer_1:_train_one_epoch:201 - validate 42 cost time 9.11s, result: {'hit@1': 0.0175, 'ndcg@1': 0.0175, 'hit@5': 0.0635, 'ndcg@5': 0.0403, 'hit@10': 0.1035, 'ndcg@10': 0.0531, 'hit@15': 0.1352, 'ndcg@15': 0.0614, 'hit@20': 0.1643, 'ndcg@20': 0.0683, 'hit@40': 0.2562, 'ndcg@40': 0.0871} 
2024-10-10 20:45:23.435 | INFO     | trainer_1:_train_one_epoch:209 - test 42 cost time 7.32s, result: {'hit@1': 0.0108, 'ndcg@1': 0.0108, 'hit@5': 0.0409, 'ndcg@5': 0.0259, 'hit@10': 0.0682, 'ndcg@10': 0.0347, 'hit@15': 0.0913, 'ndcg@15': 0.0408, 'hit@20': 0.1125, 'ndcg@20': 0.0458, 'hit@40': 0.1817, 'ndcg@40': 0.0599} 
2024-10-10 20:45:49.407 | INFO     | trainer_1:_train_one_epoch:193 - epoch 43 10.01s Train loss is [0.3387] 
2024-10-10 20:45:56.541 | INFO     | trainer_1:_train_one_epoch:201 - validate 43 cost time 7.13s, result: {'hit@1': 0.0164, 'ndcg@1': 0.0164, 'hit@5': 0.0584, 'ndcg@5': 0.0376, 'hit@10': 0.0995, 'ndcg@10': 0.0508, 'hit@15': 0.1305, 'ndcg@15': 0.0589, 'hit@20': 0.1603, 'ndcg@20': 0.066, 'hit@40': 0.2516, 'ndcg@40': 0.0846} 
2024-10-10 20:46:03.126 | INFO     | trainer_1:_train_one_epoch:209 - test 43 cost time 6.58s, result: {'hit@1': 0.0111, 'ndcg@1': 0.0111, 'hit@5': 0.0414, 'ndcg@5': 0.0261, 'hit@10': 0.0682, 'ndcg@10': 0.0346, 'hit@15': 0.0908, 'ndcg@15': 0.0405, 'hit@20': 0.1116, 'ndcg@20': 0.0454, 'hit@40': 0.1779, 'ndcg@40': 0.0589} 
2024-10-10 20:46:11.970 | INFO     | trainer_1:_train_one_epoch:193 - epoch 44 8.84s Train loss is [0.3463] 
2024-10-10 20:46:18.949 | INFO     | trainer_1:_train_one_epoch:201 - validate 44 cost time 6.98s, result: {'hit@1': 0.0172, 'ndcg@1': 0.0172, 'hit@5': 0.0583, 'ndcg@5': 0.0379, 'hit@10': 0.0981, 'ndcg@10': 0.0507, 'hit@15': 0.1307, 'ndcg@15': 0.0593, 'hit@20': 0.1574, 'ndcg@20': 0.0656, 'hit@40': 0.2476, 'ndcg@40': 0.0839} 
2024-10-10 20:46:27.898 | INFO     | trainer_1:_train_one_epoch:209 - test 44 cost time 8.95s, result: {'hit@1': 0.0112, 'ndcg@1': 0.0112, 'hit@5': 0.0405, 'ndcg@5': 0.0256, 'hit@10': 0.0697, 'ndcg@10': 0.035, 'hit@15': 0.0932, 'ndcg@15': 0.0412, 'hit@20': 0.1122, 'ndcg@20': 0.0457, 'hit@40': 0.1797, 'ndcg@40': 0.0593} 
2024-10-10 20:46:54.377 | INFO     | trainer_1:_train_one_epoch:193 - epoch 45 8.94s Train loss is [0.3442] 
2024-10-10 20:47:05.280 | INFO     | trainer_1:_train_one_epoch:201 - validate 45 cost time 10.90s, result: {'hit@1': 0.0166, 'ndcg@1': 0.0166, 'hit@5': 0.0619, 'ndcg@5': 0.0394, 'hit@10': 0.1016, 'ndcg@10': 0.0521, 'hit@15': 0.1315, 'ndcg@15': 0.0599, 'hit@20': 0.1609, 'ndcg@20': 0.0669, 'hit@40': 0.25, 'ndcg@40': 0.085} 
2024-10-10 20:47:15.554 | INFO     | trainer_1:_train_one_epoch:209 - test 45 cost time 10.27s, result: {'hit@1': 0.0107, 'ndcg@1': 0.0107, 'hit@5': 0.0421, 'ndcg@5': 0.0262, 'hit@10': 0.07, 'ndcg@10': 0.0351, 'hit@15': 0.0934, 'ndcg@15': 0.0413, 'hit@20': 0.1144, 'ndcg@20': 0.0463, 'hit@40': 0.1794, 'ndcg@40': 0.0595} 
2024-10-10 20:47:37.099 | INFO     | trainer_1:_train_one_epoch:193 - epoch 46 8.35s Train loss is [0.3299] 
2024-10-10 20:47:47.294 | INFO     | trainer_1:_train_one_epoch:201 - validate 46 cost time 10.19s, result: {'hit@1': 0.017, 'ndcg@1': 0.017, 'hit@5': 0.0593, 'ndcg@5': 0.0381, 'hit@10': 0.0991, 'ndcg@10': 0.0509, 'hit@15': 0.1305, 'ndcg@15': 0.0592, 'hit@20': 0.1562, 'ndcg@20': 0.0652, 'hit@40': 0.2464, 'ndcg@40': 0.0835} 
2024-10-10 20:47:58.114 | INFO     | trainer_1:_train_one_epoch:209 - test 46 cost time 10.82s, result: {'hit@1': 0.0104, 'ndcg@1': 0.0104, 'hit@5': 0.0419, 'ndcg@5': 0.0261, 'hit@10': 0.0683, 'ndcg@10': 0.0346, 'hit@15': 0.0904, 'ndcg@15': 0.0404, 'hit@20': 0.1114, 'ndcg@20': 0.0454, 'hit@40': 0.1777, 'ndcg@40': 0.0589} 
2024-10-10 20:48:06.425 | INFO     | trainer_1:_train_one_epoch:193 - epoch 47 8.31s Train loss is [0.3328] 
2024-10-10 20:48:16.827 | INFO     | trainer_1:_train_one_epoch:201 - validate 47 cost time 10.40s, result: {'hit@1': 0.0162, 'ndcg@1': 0.0162, 'hit@5': 0.0572, 'ndcg@5': 0.0367, 'hit@10': 0.0963, 'ndcg@10': 0.0492, 'hit@15': 0.1261, 'ndcg@15': 0.0571, 'hit@20': 0.1538, 'ndcg@20': 0.0636, 'hit@40': 0.2412, 'ndcg@40': 0.0814} 
2024-10-10 20:48:27.570 | INFO     | trainer_1:_train_one_epoch:209 - test 47 cost time 10.74s, result: {'hit@1': 0.0101, 'ndcg@1': 0.0101, 'hit@5': 0.0381, 'ndcg@5': 0.0241, 'hit@10': 0.0652, 'ndcg@10': 0.0328, 'hit@15': 0.0874, 'ndcg@15': 0.0387, 'hit@20': 0.1075, 'ndcg@20': 0.0434, 'hit@40': 0.1727, 'ndcg@40': 0.0567} 
2024-10-10 20:48:34.876 | INFO     | trainer_1:_train_one_epoch:193 - epoch 48 7.30s Train loss is [0.3265] 
2024-10-10 20:48:44.880 | INFO     | trainer_1:_train_one_epoch:201 - validate 48 cost time 10.00s, result: {'hit@1': 0.018, 'ndcg@1': 0.018, 'hit@5': 0.0624, 'ndcg@5': 0.0399, 'hit@10': 0.1016, 'ndcg@10': 0.0525, 'hit@15': 0.134, 'ndcg@15': 0.0611, 'hit@20': 0.1626, 'ndcg@20': 0.0678, 'hit@40': 0.2519, 'ndcg@40': 0.086} 
2024-10-10 20:48:54.856 | INFO     | trainer_1:_train_one_epoch:209 - test 48 cost time 9.98s, result: {'hit@1': 0.0105, 'ndcg@1': 0.0105, 'hit@5': 0.0409, 'ndcg@5': 0.0259, 'hit@10': 0.0711, 'ndcg@10': 0.0356, 'hit@15': 0.095, 'ndcg@15': 0.0419, 'hit@20': 0.1143, 'ndcg@20': 0.0465, 'hit@40': 0.1819, 'ndcg@40': 0.0602} 
2024-10-10 20:49:18.138 | INFO     | trainer_1:_train_one_epoch:193 - epoch 49 8.09s Train loss is [0.3367] 
2024-10-10 20:49:29.493 | INFO     | trainer_1:_train_one_epoch:201 - validate 49 cost time 11.35s, result: {'hit@1': 0.0168, 'ndcg@1': 0.0168, 'hit@5': 0.0588, 'ndcg@5': 0.0378, 'hit@10': 0.0966, 'ndcg@10': 0.0499, 'hit@15': 0.1273, 'ndcg@15': 0.058, 'hit@20': 0.1548, 'ndcg@20': 0.0645, 'hit@40': 0.2439, 'ndcg@40': 0.0827} 
2024-10-10 20:49:39.718 | INFO     | trainer_1:_train_one_epoch:209 - test 49 cost time 10.22s, result: {'hit@1': 0.0105, 'ndcg@1': 0.0105, 'hit@5': 0.0404, 'ndcg@5': 0.0254, 'hit@10': 0.0673, 'ndcg@10': 0.034, 'hit@15': 0.0902, 'ndcg@15': 0.04, 'hit@20': 0.111, 'ndcg@20': 0.0449, 'hit@40': 0.1748, 'ndcg@40': 0.0579} 
2024-10-10 20:49:47.143 | INFO     | trainer_1:_train_one_epoch:193 - epoch 50 7.42s Train loss is [0.3383] 
2024-10-10 20:49:52.227 | INFO     | trainer_1:_train_one_epoch:201 - validate 50 cost time 5.08s, result: {'hit@1': 0.0164, 'ndcg@1': 0.0164, 'hit@5': 0.0603, 'ndcg@5': 0.038, 'hit@10': 0.1006, 'ndcg@10': 0.0509, 'hit@15': 0.134, 'ndcg@15': 0.0597, 'hit@20': 0.1615, 'ndcg@20': 0.0662, 'hit@40': 0.2543, 'ndcg@40': 0.0851} 
2024-10-10 20:49:59.509 | INFO     | trainer_1:_train_one_epoch:209 - test 50 cost time 7.28s, result: {'hit@1': 0.0104, 'ndcg@1': 0.0104, 'hit@5': 0.0399, 'ndcg@5': 0.025, 'hit@10': 0.0689, 'ndcg@10': 0.0343, 'hit@15': 0.0918, 'ndcg@15': 0.0404, 'hit@20': 0.1133, 'ndcg@20': 0.0454, 'hit@40': 0.1789, 'ndcg@40': 0.0587} 
2024-10-10 20:50:08.367 | INFO     | trainer_1:_train_one_epoch:193 - epoch 51 8.86s Train loss is [0.3334] 
2024-10-10 20:50:17.660 | INFO     | trainer_1:_train_one_epoch:201 - validate 51 cost time 9.29s, result: {'hit@1': 0.017, 'ndcg@1': 0.017, 'hit@5': 0.0631, 'ndcg@5': 0.04, 'hit@10': 0.1034, 'ndcg@10': 0.0529, 'hit@15': 0.1363, 'ndcg@15': 0.0616, 'hit@20': 0.1652, 'ndcg@20': 0.0684, 'hit@40': 0.258, 'ndcg@40': 0.0873} 
2024-10-10 20:50:25.854 | INFO     | trainer_1:_train_one_epoch:209 - test 51 cost time 8.19s, result: {'hit@1': 0.0106, 'ndcg@1': 0.0106, 'hit@5': 0.0404, 'ndcg@5': 0.0255, 'hit@10': 0.071, 'ndcg@10': 0.0353, 'hit@15': 0.0949, 'ndcg@15': 0.0416, 'hit@20': 0.115, 'ndcg@20': 0.0463, 'hit@40': 0.1842, 'ndcg@40': 0.0604} 
2024-10-10 20:50:32.554 | INFO     | trainer_1:_train_one_epoch:193 - epoch 52 6.70s Train loss is [0.3257] 
2024-10-10 20:50:37.795 | INFO     | trainer_1:_train_one_epoch:201 - validate 52 cost time 5.24s, result: {'hit@1': 0.0164, 'ndcg@1': 0.0164, 'hit@5': 0.0596, 'ndcg@5': 0.0379, 'hit@10': 0.0968, 'ndcg@10': 0.0497, 'hit@15': 0.1289, 'ndcg@15': 0.0582, 'hit@20': 0.1569, 'ndcg@20': 0.0648, 'hit@40': 0.2484, 'ndcg@40': 0.0834} 
2024-10-10 20:50:43.585 | INFO     | trainer_1:_train_one_epoch:209 - test 52 cost time 5.79s, result: {'hit@1': 0.0108, 'ndcg@1': 0.0108, 'hit@5': 0.0396, 'ndcg@5': 0.0252, 'hit@10': 0.0664, 'ndcg@10': 0.0338, 'hit@15': 0.0906, 'ndcg@15': 0.0402, 'hit@20': 0.1102, 'ndcg@20': 0.0448, 'hit@40': 0.1789, 'ndcg@40': 0.0588} 
2024-10-10 20:50:51.532 | INFO     | trainer_1:_train_one_epoch:193 - epoch 53 7.95s Train loss is [0.3304] 
2024-10-10 20:50:58.022 | INFO     | trainer_1:_train_one_epoch:201 - validate 53 cost time 6.49s, result: {'hit@1': 0.0169, 'ndcg@1': 0.0169, 'hit@5': 0.0601, 'ndcg@5': 0.0386, 'hit@10': 0.0986, 'ndcg@10': 0.0509, 'hit@15': 0.1294, 'ndcg@15': 0.059, 'hit@20': 0.1578, 'ndcg@20': 0.0658, 'hit@40': 0.2484, 'ndcg@40': 0.0842} 
2024-10-10 20:51:04.848 | INFO     | trainer_1:_train_one_epoch:209 - test 53 cost time 6.83s, result: {'hit@1': 0.0106, 'ndcg@1': 0.0106, 'hit@5': 0.0403, 'ndcg@5': 0.0254, 'hit@10': 0.0676, 'ndcg@10': 0.0341, 'hit@15': 0.0891, 'ndcg@15': 0.0398, 'hit@20': 0.109, 'ndcg@20': 0.0445, 'hit@40': 0.1773, 'ndcg@40': 0.0584} 
2024-10-10 20:51:04.859 | INFO     | trainer_1:train_model:163 - training end, best iteration 48, results: {'hit@1': 0.018, 'ndcg@1': 0.018, 'hit@5': 0.0624, 'ndcg@5': 0.0399, 'hit@10': 0.1016, 'ndcg@10': 0.0525, 'hit@15': 0.134, 'ndcg@15': 0.0611, 'hit@20': 0.1626, 'ndcg@20': 0.0678, 'hit@40': 0.2519, 'ndcg@40': 0.086}
2024-10-10 20:51:04.859 | INFO     | trainer_1:train_model:166 - final test result is:  {'hit@1': 0.0105, 'ndcg@1': 0.0105, 'hit@5': 0.0409, 'ndcg@5': 0.0259, 'hit@10': 0.0711, 'ndcg@10': 0.0356, 'hit@15': 0.095, 'ndcg@15': 0.0419, 'hit@20': 0.1143, 'ndcg@20': 0.0465, 'hit@40': 0.1819, 'ndcg@40': 0.0602}
2024-10-10 20:51:05.193 | INFO     | __main__:<module>:119 - train end total cost time: 4046.725106716156
