2024-10-10 22:29:33.642 | INFO     | __main__:<module>:105 - Namespace(TIME='2024-10-10 22_29_01', batch_size=1024, behaviors=['view', 'cart', 'buy'], check_point='model_pre_1_2024-10-08 12_35_44.pth', data_name='beibei', data_path='./data/beibei', decay=0.001, device='cuda:1', dim_qk=32, dim_v=64, distill_layers=2, distill_thres=0.5, distill_topK=40, distill_userK=4, embedding_size=64, epochs=100, gpu_no=1, if_load_model=True, ii_lambda=200, initializer_range=0.02, layers=2, loss_type='bpr', lr=0.001, message_dropout=0.25, metrics=['hit', 'ndcg'], min_epoch=5, model_name='main_1', model_path='./check_point', node_dropout=0.75, omega=1, pt_loop=50, reg_weight=0.001, test_batch_size=1024, testbatch=1024, topk=[1, 5, 10, 15, 20, 40], uu_lambda=100)
2024-10-10 22:29:33.642 | INFO     | __main__:<module>:106 - BIPN(
  (message_dropout): Dropout(p=0.25, inplace=False)
  (user_embedding): Embedding(21717, 64, padding_idx=0)
  (item_embedding): Embedding(7978, 64, padding_idx=0)
  (global_Graph): LightGCN()
  (Graph_encoder): ModuleDict(
    (view): GraphEncoder(
      (light): LightGCN()
      (dropout): Dropout(p=0.75, inplace=False)
    )
    (cart): GraphEncoder(
      (light): LightGCN()
      (dropout): Dropout(p=0.75, inplace=False)
    )
    (buy): GraphEncoder(
      (light): LightGCN()
      (dropout): Dropout(p=0.75, inplace=False)
    )
  )
  (attention): Mutual_Attention()
  (bpr_loss): BPRLoss()
  (emb_loss): EmbLoss()
  (f): Sigmoid()
)
2024-10-10 22:41:25.460 | INFO     | trainer_1:_train_one_epoch:193 - epoch 1 6.39s Train loss is [0.9426] 
2024-10-10 22:41:35.252 | INFO     | trainer_1:_train_one_epoch:201 - validate 1 cost time 9.79s, result: {'hit@1': 0.0047, 'ndcg@1': 0.0047, 'hit@5': 0.0233, 'ndcg@5': 0.0141, 'hit@10': 0.0451, 'ndcg@10': 0.0211, 'hit@15': 0.0641, 'ndcg@15': 0.0261, 'hit@20': 0.0823, 'ndcg@20': 0.0304, 'hit@40': 0.1414, 'ndcg@40': 0.0424} 
2024-10-10 22:41:44.974 | INFO     | trainer_1:_train_one_epoch:209 - test 1 cost time 9.72s, result: {'hit@1': 0.0032, 'ndcg@1': 0.0032, 'hit@5': 0.0148, 'ndcg@5': 0.0089, 'hit@10': 0.0291, 'ndcg@10': 0.0135, 'hit@15': 0.0435, 'ndcg@15': 0.0172, 'hit@20': 0.0572, 'ndcg@20': 0.0205, 'hit@40': 0.1064, 'ndcg@40': 0.0305} 
2024-10-10 22:42:01.921 | INFO     | trainer_1:_train_one_epoch:193 - epoch 2 6.35s Train loss is [0.7234] 
2024-10-10 22:42:11.736 | INFO     | trainer_1:_train_one_epoch:201 - validate 2 cost time 9.81s, result: {'hit@1': 0.0072, 'ndcg@1': 0.0072, 'hit@5': 0.0291, 'ndcg@5': 0.0179, 'hit@10': 0.051, 'ndcg@10': 0.0249, 'hit@15': 0.0719, 'ndcg@15': 0.0304, 'hit@20': 0.0904, 'ndcg@20': 0.0348, 'hit@40': 0.1554, 'ndcg@40': 0.048} 
2024-10-10 22:42:21.438 | INFO     | trainer_1:_train_one_epoch:209 - test 2 cost time 9.70s, result: {'hit@1': 0.0041, 'ndcg@1': 0.0041, 'hit@5': 0.0188, 'ndcg@5': 0.0112, 'hit@10': 0.0356, 'ndcg@10': 0.0165, 'hit@15': 0.0505, 'ndcg@15': 0.0205, 'hit@20': 0.064, 'ndcg@20': 0.0236, 'hit@40': 0.115, 'ndcg@40': 0.034} 
2024-10-10 22:42:38.244 | INFO     | trainer_1:_train_one_epoch:193 - epoch 3 6.45s Train loss is [0.6281] 
2024-10-10 22:42:48.070 | INFO     | trainer_1:_train_one_epoch:201 - validate 3 cost time 9.83s, result: {'hit@1': 0.0102, 'ndcg@1': 0.0102, 'hit@5': 0.0332, 'ndcg@5': 0.0215, 'hit@10': 0.0604, 'ndcg@10': 0.0302, 'hit@15': 0.0843, 'ndcg@15': 0.0365, 'hit@20': 0.1058, 'ndcg@20': 0.0415, 'hit@40': 0.1778, 'ndcg@40': 0.0562} 
2024-10-10 22:42:57.795 | INFO     | trainer_1:_train_one_epoch:209 - test 3 cost time 9.72s, result: {'hit@1': 0.005, 'ndcg@1': 0.005, 'hit@5': 0.0226, 'ndcg@5': 0.0137, 'hit@10': 0.0406, 'ndcg@10': 0.0194, 'hit@15': 0.0585, 'ndcg@15': 0.0241, 'hit@20': 0.0736, 'ndcg@20': 0.0277, 'hit@40': 0.1277, 'ndcg@40': 0.0387} 
2024-10-10 22:43:14.733 | INFO     | trainer_1:_train_one_epoch:193 - epoch 4 6.43s Train loss is [0.5778] 
2024-10-10 22:43:24.494 | INFO     | trainer_1:_train_one_epoch:201 - validate 4 cost time 9.76s, result: {'hit@1': 0.0105, 'ndcg@1': 0.0105, 'hit@5': 0.0378, 'ndcg@5': 0.0237, 'hit@10': 0.0685, 'ndcg@10': 0.0335, 'hit@15': 0.0958, 'ndcg@15': 0.0407, 'hit@20': 0.1188, 'ndcg@20': 0.0461, 'hit@40': 0.197, 'ndcg@40': 0.062} 
2024-10-10 22:43:34.210 | INFO     | trainer_1:_train_one_epoch:209 - test 4 cost time 9.72s, result: {'hit@1': 0.0057, 'ndcg@1': 0.0057, 'hit@5': 0.0243, 'ndcg@5': 0.0148, 'hit@10': 0.0426, 'ndcg@10': 0.0207, 'hit@15': 0.0635, 'ndcg@15': 0.0262, 'hit@20': 0.0818, 'ndcg@20': 0.0305, 'hit@40': 0.1404, 'ndcg@40': 0.0424} 
2024-10-10 22:43:50.888 | INFO     | trainer_1:_train_one_epoch:193 - epoch 5 6.46s Train loss is [0.5441] 
2024-10-10 22:44:00.694 | INFO     | trainer_1:_train_one_epoch:201 - validate 5 cost time 9.81s, result: {'hit@1': 0.0121, 'ndcg@1': 0.0121, 'hit@5': 0.0431, 'ndcg@5': 0.0273, 'hit@10': 0.074, 'ndcg@10': 0.0372, 'hit@15': 0.0993, 'ndcg@15': 0.0439, 'hit@20': 0.1221, 'ndcg@20': 0.0493, 'hit@40': 0.195, 'ndcg@40': 0.0641} 
2024-10-10 22:44:10.388 | INFO     | trainer_1:_train_one_epoch:209 - test 5 cost time 9.69s, result: {'hit@1': 0.0056, 'ndcg@1': 0.0056, 'hit@5': 0.026, 'ndcg@5': 0.0156, 'hit@10': 0.0456, 'ndcg@10': 0.0219, 'hit@15': 0.0634, 'ndcg@15': 0.0266, 'hit@20': 0.0791, 'ndcg@20': 0.0303, 'hit@40': 0.1341, 'ndcg@40': 0.0415} 
2024-10-10 22:44:27.337 | INFO     | trainer_1:_train_one_epoch:193 - epoch 6 6.50s Train loss is [0.5252] 
2024-10-10 22:44:37.135 | INFO     | trainer_1:_train_one_epoch:201 - validate 6 cost time 9.80s, result: {'hit@1': 0.0118, 'ndcg@1': 0.0118, 'hit@5': 0.0437, 'ndcg@5': 0.0276, 'hit@10': 0.0738, 'ndcg@10': 0.0372, 'hit@15': 0.1025, 'ndcg@15': 0.0448, 'hit@20': 0.1265, 'ndcg@20': 0.0505, 'hit@40': 0.2078, 'ndcg@40': 0.067} 
2024-10-10 22:44:46.847 | INFO     | trainer_1:_train_one_epoch:209 - test 6 cost time 9.71s, result: {'hit@1': 0.0063, 'ndcg@1': 0.0063, 'hit@5': 0.0274, 'ndcg@5': 0.0166, 'hit@10': 0.0493, 'ndcg@10': 0.0236, 'hit@15': 0.0678, 'ndcg@15': 0.0285, 'hit@20': 0.0864, 'ndcg@20': 0.0329, 'hit@40': 0.1469, 'ndcg@40': 0.0452} 
2024-10-10 22:45:03.641 | INFO     | trainer_1:_train_one_epoch:193 - epoch 7 6.54s Train loss is [0.5036] 
2024-10-10 22:45:13.447 | INFO     | trainer_1:_train_one_epoch:201 - validate 7 cost time 9.81s, result: {'hit@1': 0.0116, 'ndcg@1': 0.0116, 'hit@5': 0.0448, 'ndcg@5': 0.0282, 'hit@10': 0.0749, 'ndcg@10': 0.0378, 'hit@15': 0.1035, 'ndcg@15': 0.0453, 'hit@20': 0.1265, 'ndcg@20': 0.0508, 'hit@40': 0.2032, 'ndcg@40': 0.0664} 
2024-10-10 22:45:23.139 | INFO     | trainer_1:_train_one_epoch:209 - test 7 cost time 9.69s, result: {'hit@1': 0.0077, 'ndcg@1': 0.0077, 'hit@5': 0.0272, 'ndcg@5': 0.0173, 'hit@10': 0.0484, 'ndcg@10': 0.0241, 'hit@15': 0.0669, 'ndcg@15': 0.029, 'hit@20': 0.0838, 'ndcg@20': 0.033, 'hit@40': 0.1432, 'ndcg@40': 0.045} 
2024-10-10 22:45:29.678 | INFO     | trainer_1:_train_one_epoch:193 - epoch 8 6.54s Train loss is [0.5065] 
2024-10-10 22:45:39.433 | INFO     | trainer_1:_train_one_epoch:201 - validate 8 cost time 9.75s, result: {'hit@1': 0.0124, 'ndcg@1': 0.0124, 'hit@5': 0.0451, 'ndcg@5': 0.0287, 'hit@10': 0.0755, 'ndcg@10': 0.0383, 'hit@15': 0.101, 'ndcg@15': 0.0451, 'hit@20': 0.1235, 'ndcg@20': 0.0504, 'hit@40': 0.1981, 'ndcg@40': 0.0656} 
2024-10-10 22:45:49.096 | INFO     | trainer_1:_train_one_epoch:209 - test 8 cost time 9.66s, result: {'hit@1': 0.0076, 'ndcg@1': 0.0076, 'hit@5': 0.0274, 'ndcg@5': 0.0175, 'hit@10': 0.0479, 'ndcg@10': 0.024, 'hit@15': 0.0657, 'ndcg@15': 0.0287, 'hit@20': 0.0829, 'ndcg@20': 0.0328, 'hit@40': 0.1386, 'ndcg@40': 0.0441} 
2024-10-10 22:45:55.513 | INFO     | trainer_1:_train_one_epoch:193 - epoch 9 6.42s Train loss is [0.4903] 
2024-10-10 22:46:05.293 | INFO     | trainer_1:_train_one_epoch:201 - validate 9 cost time 9.78s, result: {'hit@1': 0.0107, 'ndcg@1': 0.0107, 'hit@5': 0.0466, 'ndcg@5': 0.0286, 'hit@10': 0.0801, 'ndcg@10': 0.0394, 'hit@15': 0.1112, 'ndcg@15': 0.0476, 'hit@20': 0.1378, 'ndcg@20': 0.0539, 'hit@40': 0.223, 'ndcg@40': 0.0712} 
2024-10-10 22:46:15.006 | INFO     | trainer_1:_train_one_epoch:209 - test 9 cost time 9.71s, result: {'hit@1': 0.0072, 'ndcg@1': 0.0072, 'hit@5': 0.0303, 'ndcg@5': 0.0189, 'hit@10': 0.053, 'ndcg@10': 0.0261, 'hit@15': 0.0721, 'ndcg@15': 0.0311, 'hit@20': 0.0915, 'ndcg@20': 0.0357, 'hit@40': 0.1585, 'ndcg@40': 0.0493} 
2024-10-10 22:46:32.035 | INFO     | trainer_1:_train_one_epoch:193 - epoch 10 6.49s Train loss is [0.4767] 
2024-10-10 22:46:41.765 | INFO     | trainer_1:_train_one_epoch:201 - validate 10 cost time 9.73s, result: {'hit@1': 0.0122, 'ndcg@1': 0.0122, 'hit@5': 0.0457, 'ndcg@5': 0.0289, 'hit@10': 0.0787, 'ndcg@10': 0.0394, 'hit@15': 0.1062, 'ndcg@15': 0.0467, 'hit@20': 0.1289, 'ndcg@20': 0.0521, 'hit@40': 0.2046, 'ndcg@40': 0.0674} 
2024-10-10 22:46:51.450 | INFO     | trainer_1:_train_one_epoch:209 - test 10 cost time 9.68s, result: {'hit@1': 0.0068, 'ndcg@1': 0.0068, 'hit@5': 0.0307, 'ndcg@5': 0.0186, 'hit@10': 0.0497, 'ndcg@10': 0.0247, 'hit@15': 0.0685, 'ndcg@15': 0.0297, 'hit@20': 0.0866, 'ndcg@20': 0.0339, 'hit@40': 0.1446, 'ndcg@40': 0.0458} 
2024-10-10 22:46:57.906 | INFO     | trainer_1:_train_one_epoch:193 - epoch 11 6.46s Train loss is [0.4824] 
2024-10-10 22:47:07.693 | INFO     | trainer_1:_train_one_epoch:201 - validate 11 cost time 9.79s, result: {'hit@1': 0.0112, 'ndcg@1': 0.0112, 'hit@5': 0.0451, 'ndcg@5': 0.0279, 'hit@10': 0.0793, 'ndcg@10': 0.0389, 'hit@15': 0.1086, 'ndcg@15': 0.0466, 'hit@20': 0.1335, 'ndcg@20': 0.0525, 'hit@40': 0.2103, 'ndcg@40': 0.0681} 
2024-10-10 22:47:17.366 | INFO     | trainer_1:_train_one_epoch:209 - test 11 cost time 9.67s, result: {'hit@1': 0.0064, 'ndcg@1': 0.0064, 'hit@5': 0.0292, 'ndcg@5': 0.0176, 'hit@10': 0.0526, 'ndcg@10': 0.0252, 'hit@15': 0.0721, 'ndcg@15': 0.0303, 'hit@20': 0.0899, 'ndcg@20': 0.0345, 'hit@40': 0.1504, 'ndcg@40': 0.0468} 
2024-10-10 22:47:23.854 | INFO     | trainer_1:_train_one_epoch:193 - epoch 12 6.49s Train loss is [0.4655] 
2024-10-10 22:47:33.582 | INFO     | trainer_1:_train_one_epoch:201 - validate 12 cost time 9.73s, result: {'hit@1': 0.011, 'ndcg@1': 0.011, 'hit@5': 0.0443, 'ndcg@5': 0.0272, 'hit@10': 0.0775, 'ndcg@10': 0.0379, 'hit@15': 0.1047, 'ndcg@15': 0.045, 'hit@20': 0.1274, 'ndcg@20': 0.0504, 'hit@40': 0.2057, 'ndcg@40': 0.0663} 
2024-10-10 22:47:43.273 | INFO     | trainer_1:_train_one_epoch:209 - test 12 cost time 9.69s, result: {'hit@1': 0.0064, 'ndcg@1': 0.0064, 'hit@5': 0.0289, 'ndcg@5': 0.0174, 'hit@10': 0.0523, 'ndcg@10': 0.0249, 'hit@15': 0.0723, 'ndcg@15': 0.0301, 'hit@20': 0.0891, 'ndcg@20': 0.0341, 'hit@40': 0.1487, 'ndcg@40': 0.0463} 
2024-10-10 22:47:49.633 | INFO     | trainer_1:_train_one_epoch:193 - epoch 13 6.36s Train loss is [0.4448] 
2024-10-10 22:47:59.418 | INFO     | trainer_1:_train_one_epoch:201 - validate 13 cost time 9.78s, result: {'hit@1': 0.0112, 'ndcg@1': 0.0112, 'hit@5': 0.0443, 'ndcg@5': 0.0274, 'hit@10': 0.0805, 'ndcg@10': 0.039, 'hit@15': 0.1095, 'ndcg@15': 0.0467, 'hit@20': 0.1354, 'ndcg@20': 0.0528, 'hit@40': 0.2198, 'ndcg@40': 0.07} 
2024-10-10 22:48:09.684 | INFO     | trainer_1:_train_one_epoch:209 - test 13 cost time 10.27s, result: {'hit@1': 0.0063, 'ndcg@1': 0.0063, 'hit@5': 0.0304, 'ndcg@5': 0.018, 'hit@10': 0.0526, 'ndcg@10': 0.0251, 'hit@15': 0.0724, 'ndcg@15': 0.0304, 'hit@20': 0.0904, 'ndcg@20': 0.0347, 'hit@40': 0.1531, 'ndcg@40': 0.0474} 
2024-10-10 22:48:16.079 | INFO     | trainer_1:_train_one_epoch:193 - epoch 14 6.39s Train loss is [0.4453] 
2024-10-10 22:48:25.837 | INFO     | trainer_1:_train_one_epoch:201 - validate 14 cost time 9.76s, result: {'hit@1': 0.012, 'ndcg@1': 0.012, 'hit@5': 0.0443, 'ndcg@5': 0.028, 'hit@10': 0.0796, 'ndcg@10': 0.0393, 'hit@15': 0.1073, 'ndcg@15': 0.0467, 'hit@20': 0.1312, 'ndcg@20': 0.0523, 'hit@40': 0.2125, 'ndcg@40': 0.0688} 
2024-10-10 22:48:35.525 | INFO     | trainer_1:_train_one_epoch:209 - test 14 cost time 9.69s, result: {'hit@1': 0.0076, 'ndcg@1': 0.0076, 'hit@5': 0.0301, 'ndcg@5': 0.0187, 'hit@10': 0.053, 'ndcg@10': 0.026, 'hit@15': 0.0723, 'ndcg@15': 0.0311, 'hit@20': 0.0902, 'ndcg@20': 0.0354, 'hit@40': 0.1509, 'ndcg@40': 0.0477} 
2024-10-10 22:48:41.765 | INFO     | trainer_1:_train_one_epoch:193 - epoch 15 6.24s Train loss is [0.4341] 
2024-10-10 22:48:51.515 | INFO     | trainer_1:_train_one_epoch:201 - validate 15 cost time 9.75s, result: {'hit@1': 0.0109, 'ndcg@1': 0.0109, 'hit@5': 0.044, 'ndcg@5': 0.0273, 'hit@10': 0.0746, 'ndcg@10': 0.0372, 'hit@15': 0.1022, 'ndcg@15': 0.0444, 'hit@20': 0.1294, 'ndcg@20': 0.0509, 'hit@40': 0.21, 'ndcg@40': 0.0673} 
2024-10-10 22:49:01.168 | INFO     | trainer_1:_train_one_epoch:209 - test 15 cost time 9.65s, result: {'hit@1': 0.0078, 'ndcg@1': 0.0078, 'hit@5': 0.0306, 'ndcg@5': 0.019, 'hit@10': 0.0533, 'ndcg@10': 0.0262, 'hit@15': 0.0731, 'ndcg@15': 0.0315, 'hit@20': 0.0897, 'ndcg@20': 0.0354, 'hit@40': 0.1486, 'ndcg@40': 0.0474} 
2024-10-10 22:49:18.106 | INFO     | trainer_1:_train_one_epoch:193 - epoch 16 6.34s Train loss is [0.4396] 
2024-10-10 22:49:27.874 | INFO     | trainer_1:_train_one_epoch:201 - validate 16 cost time 9.77s, result: {'hit@1': 0.0117, 'ndcg@1': 0.0117, 'hit@5': 0.0469, 'ndcg@5': 0.0292, 'hit@10': 0.0791, 'ndcg@10': 0.0394, 'hit@15': 0.1062, 'ndcg@15': 0.0466, 'hit@20': 0.1323, 'ndcg@20': 0.0528, 'hit@40': 0.2107, 'ndcg@40': 0.0687} 
2024-10-10 22:49:37.521 | INFO     | trainer_1:_train_one_epoch:209 - test 16 cost time 9.65s, result: {'hit@1': 0.0075, 'ndcg@1': 0.0075, 'hit@5': 0.0321, 'ndcg@5': 0.0196, 'hit@10': 0.0547, 'ndcg@10': 0.0269, 'hit@15': 0.0752, 'ndcg@15': 0.0323, 'hit@20': 0.0915, 'ndcg@20': 0.0361, 'hit@40': 0.1506, 'ndcg@40': 0.0481} 
2024-10-10 22:49:54.331 | INFO     | trainer_1:_train_one_epoch:193 - epoch 17 6.37s Train loss is [0.4322] 
2024-10-10 22:50:04.106 | INFO     | trainer_1:_train_one_epoch:201 - validate 17 cost time 9.77s, result: {'hit@1': 0.0117, 'ndcg@1': 0.0117, 'hit@5': 0.0452, 'ndcg@5': 0.0283, 'hit@10': 0.0787, 'ndcg@10': 0.039, 'hit@15': 0.1063, 'ndcg@15': 0.0463, 'hit@20': 0.1313, 'ndcg@20': 0.0522, 'hit@40': 0.212, 'ndcg@40': 0.0686} 
2024-10-10 22:50:13.798 | INFO     | trainer_1:_train_one_epoch:209 - test 17 cost time 9.69s, result: {'hit@1': 0.008, 'ndcg@1': 0.008, 'hit@5': 0.0306, 'ndcg@5': 0.0193, 'hit@10': 0.0533, 'ndcg@10': 0.0266, 'hit@15': 0.0724, 'ndcg@15': 0.0316, 'hit@20': 0.0897, 'ndcg@20': 0.0357, 'hit@40': 0.1536, 'ndcg@40': 0.0487} 
2024-10-10 22:50:20.238 | INFO     | trainer_1:_train_one_epoch:193 - epoch 18 6.44s Train loss is [0.4125] 
2024-10-10 22:50:30.052 | INFO     | trainer_1:_train_one_epoch:201 - validate 18 cost time 9.81s, result: {'hit@1': 0.0129, 'ndcg@1': 0.0129, 'hit@5': 0.0491, 'ndcg@5': 0.0309, 'hit@10': 0.0831, 'ndcg@10': 0.0418, 'hit@15': 0.1099, 'ndcg@15': 0.0489, 'hit@20': 0.1339, 'ndcg@20': 0.0546, 'hit@40': 0.2138, 'ndcg@40': 0.0708} 
2024-10-10 22:50:39.840 | INFO     | trainer_1:_train_one_epoch:209 - test 18 cost time 9.79s, result: {'hit@1': 0.008, 'ndcg@1': 0.008, 'hit@5': 0.0325, 'ndcg@5': 0.0202, 'hit@10': 0.0554, 'ndcg@10': 0.0276, 'hit@15': 0.0753, 'ndcg@15': 0.0328, 'hit@20': 0.0927, 'ndcg@20': 0.0369, 'hit@40': 0.1525, 'ndcg@40': 0.0491} 
2024-10-10 22:50:56.997 | INFO     | trainer_1:_train_one_epoch:193 - epoch 19 6.40s Train loss is [0.4150] 
2024-10-10 22:51:06.792 | INFO     | trainer_1:_train_one_epoch:201 - validate 19 cost time 9.80s, result: {'hit@1': 0.0128, 'ndcg@1': 0.0128, 'hit@5': 0.0501, 'ndcg@5': 0.0314, 'hit@10': 0.0858, 'ndcg@10': 0.0428, 'hit@15': 0.1161, 'ndcg@15': 0.0508, 'hit@20': 0.1416, 'ndcg@20': 0.0568, 'hit@40': 0.2226, 'ndcg@40': 0.0733} 
2024-10-10 22:51:16.486 | INFO     | trainer_1:_train_one_epoch:209 - test 19 cost time 9.69s, result: {'hit@1': 0.008, 'ndcg@1': 0.008, 'hit@5': 0.0337, 'ndcg@5': 0.0208, 'hit@10': 0.057, 'ndcg@10': 0.0282, 'hit@15': 0.0786, 'ndcg@15': 0.0339, 'hit@20': 0.0952, 'ndcg@20': 0.0378, 'hit@40': 0.1578, 'ndcg@40': 0.0506} 
2024-10-10 22:51:33.401 | INFO     | trainer_1:_train_one_epoch:193 - epoch 20 6.38s Train loss is [0.4036] 
2024-10-10 22:51:43.170 | INFO     | trainer_1:_train_one_epoch:201 - validate 20 cost time 9.77s, result: {'hit@1': 0.0133, 'ndcg@1': 0.0133, 'hit@5': 0.0504, 'ndcg@5': 0.0316, 'hit@10': 0.0845, 'ndcg@10': 0.0425, 'hit@15': 0.1095, 'ndcg@15': 0.0492, 'hit@20': 0.1343, 'ndcg@20': 0.055, 'hit@40': 0.2162, 'ndcg@40': 0.0717} 
2024-10-10 22:51:52.842 | INFO     | trainer_1:_train_one_epoch:209 - test 20 cost time 9.67s, result: {'hit@1': 0.0086, 'ndcg@1': 0.0086, 'hit@5': 0.0327, 'ndcg@5': 0.0207, 'hit@10': 0.056, 'ndcg@10': 0.0281, 'hit@15': 0.075, 'ndcg@15': 0.0331, 'hit@20': 0.0934, 'ndcg@20': 0.0375, 'hit@40': 0.152, 'ndcg@40': 0.0494} 
2024-10-10 22:51:59.202 | INFO     | trainer_1:_train_one_epoch:193 - epoch 21 6.36s Train loss is [0.3958] 
2024-10-10 22:52:08.986 | INFO     | trainer_1:_train_one_epoch:201 - validate 21 cost time 9.78s, result: {'hit@1': 0.0139, 'ndcg@1': 0.0139, 'hit@5': 0.0503, 'ndcg@5': 0.032, 'hit@10': 0.0848, 'ndcg@10': 0.0431, 'hit@15': 0.1144, 'ndcg@15': 0.0509, 'hit@20': 0.1392, 'ndcg@20': 0.0567, 'hit@40': 0.2208, 'ndcg@40': 0.0733} 
2024-10-10 22:52:18.685 | INFO     | trainer_1:_train_one_epoch:209 - test 21 cost time 9.70s, result: {'hit@1': 0.0095, 'ndcg@1': 0.0095, 'hit@5': 0.033, 'ndcg@5': 0.0212, 'hit@10': 0.0563, 'ndcg@10': 0.0287, 'hit@15': 0.0763, 'ndcg@15': 0.034, 'hit@20': 0.0949, 'ndcg@20': 0.0384, 'hit@40': 0.1556, 'ndcg@40': 0.0507} 
2024-10-10 22:52:25.175 | INFO     | trainer_1:_train_one_epoch:193 - epoch 22 6.49s Train loss is [0.4015] 
2024-10-10 22:52:34.937 | INFO     | trainer_1:_train_one_epoch:201 - validate 22 cost time 9.76s, result: {'hit@1': 0.0139, 'ndcg@1': 0.0139, 'hit@5': 0.0524, 'ndcg@5': 0.0331, 'hit@10': 0.0893, 'ndcg@10': 0.045, 'hit@15': 0.1188, 'ndcg@15': 0.0528, 'hit@20': 0.1454, 'ndcg@20': 0.0591, 'hit@40': 0.2317, 'ndcg@40': 0.0766} 
2024-10-10 22:52:44.613 | INFO     | trainer_1:_train_one_epoch:209 - test 22 cost time 9.68s, result: {'hit@1': 0.0093, 'ndcg@1': 0.0093, 'hit@5': 0.0359, 'ndcg@5': 0.0225, 'hit@10': 0.0601, 'ndcg@10': 0.0303, 'hit@15': 0.0813, 'ndcg@15': 0.0359, 'hit@20': 0.099, 'ndcg@20': 0.0401, 'hit@40': 0.1637, 'ndcg@40': 0.0532} 
2024-10-10 22:53:01.583 | INFO     | trainer_1:_train_one_epoch:193 - epoch 23 6.49s Train loss is [0.3872] 
2024-10-10 22:53:11.366 | INFO     | trainer_1:_train_one_epoch:201 - validate 23 cost time 9.78s, result: {'hit@1': 0.0128, 'ndcg@1': 0.0128, 'hit@5': 0.0481, 'ndcg@5': 0.0302, 'hit@10': 0.0832, 'ndcg@10': 0.0414, 'hit@15': 0.1114, 'ndcg@15': 0.0489, 'hit@20': 0.1368, 'ndcg@20': 0.0549, 'hit@40': 0.2198, 'ndcg@40': 0.0718} 
2024-10-10 22:53:21.066 | INFO     | trainer_1:_train_one_epoch:209 - test 23 cost time 9.70s, result: {'hit@1': 0.0089, 'ndcg@1': 0.0089, 'hit@5': 0.0318, 'ndcg@5': 0.0203, 'hit@10': 0.0537, 'ndcg@10': 0.0273, 'hit@15': 0.0754, 'ndcg@15': 0.033, 'hit@20': 0.0928, 'ndcg@20': 0.0371, 'hit@40': 0.1574, 'ndcg@40': 0.0502} 
2024-10-10 22:53:27.521 | INFO     | trainer_1:_train_one_epoch:193 - epoch 24 6.45s Train loss is [0.3828] 
2024-10-10 22:53:37.279 | INFO     | trainer_1:_train_one_epoch:201 - validate 24 cost time 9.76s, result: {'hit@1': 0.0141, 'ndcg@1': 0.0141, 'hit@5': 0.05, 'ndcg@5': 0.0321, 'hit@10': 0.0828, 'ndcg@10': 0.0426, 'hit@15': 0.1107, 'ndcg@15': 0.05, 'hit@20': 0.1356, 'ndcg@20': 0.0559, 'hit@40': 0.2166, 'ndcg@40': 0.0724} 
2024-10-10 22:53:46.943 | INFO     | trainer_1:_train_one_epoch:209 - test 24 cost time 9.66s, result: {'hit@1': 0.0087, 'ndcg@1': 0.0087, 'hit@5': 0.0331, 'ndcg@5': 0.021, 'hit@10': 0.0549, 'ndcg@10': 0.028, 'hit@15': 0.0749, 'ndcg@15': 0.0333, 'hit@20': 0.0931, 'ndcg@20': 0.0376, 'hit@40': 0.1546, 'ndcg@40': 0.0501} 
2024-10-10 22:53:53.227 | INFO     | trainer_1:_train_one_epoch:193 - epoch 25 6.28s Train loss is [0.3807] 
2024-10-10 22:54:03.016 | INFO     | trainer_1:_train_one_epoch:201 - validate 25 cost time 9.79s, result: {'hit@1': 0.0134, 'ndcg@1': 0.0134, 'hit@5': 0.0555, 'ndcg@5': 0.0345, 'hit@10': 0.092, 'ndcg@10': 0.0462, 'hit@15': 0.1229, 'ndcg@15': 0.0544, 'hit@20': 0.1496, 'ndcg@20': 0.0607, 'hit@40': 0.2383, 'ndcg@40': 0.0787} 
2024-10-10 22:54:12.697 | INFO     | trainer_1:_train_one_epoch:209 - test 25 cost time 9.68s, result: {'hit@1': 0.0103, 'ndcg@1': 0.0103, 'hit@5': 0.0351, 'ndcg@5': 0.0227, 'hit@10': 0.0598, 'ndcg@10': 0.0306, 'hit@15': 0.0817, 'ndcg@15': 0.0364, 'hit@20': 0.1002, 'ndcg@20': 0.0407, 'hit@40': 0.1658, 'ndcg@40': 0.054} 
2024-10-10 22:54:19.131 | INFO     | trainer_1:_train_one_epoch:193 - epoch 26 6.43s Train loss is [0.3870] 
2024-10-10 22:54:28.893 | INFO     | trainer_1:_train_one_epoch:201 - validate 26 cost time 9.76s, result: {'hit@1': 0.0152, 'ndcg@1': 0.0152, 'hit@5': 0.0555, 'ndcg@5': 0.0355, 'hit@10': 0.0913, 'ndcg@10': 0.047, 'hit@15': 0.1213, 'ndcg@15': 0.0549, 'hit@20': 0.1495, 'ndcg@20': 0.0615, 'hit@40': 0.2351, 'ndcg@40': 0.0789} 
2024-10-10 22:54:38.568 | INFO     | trainer_1:_train_one_epoch:209 - test 26 cost time 9.67s, result: {'hit@1': 0.0106, 'ndcg@1': 0.0106, 'hit@5': 0.0365, 'ndcg@5': 0.0235, 'hit@10': 0.0606, 'ndcg@10': 0.0313, 'hit@15': 0.0817, 'ndcg@15': 0.0368, 'hit@20': 0.0996, 'ndcg@20': 0.041, 'hit@40': 0.1637, 'ndcg@40': 0.0541} 
2024-10-10 22:54:56.567 | INFO     | trainer_1:_train_one_epoch:193 - epoch 27 6.99s Train loss is [0.3698] 
2024-10-10 22:55:03.682 | INFO     | trainer_1:_train_one_epoch:201 - validate 27 cost time 7.11s, result: {'hit@1': 0.0151, 'ndcg@1': 0.0151, 'hit@5': 0.0535, 'ndcg@5': 0.0344, 'hit@10': 0.088, 'ndcg@10': 0.0454, 'hit@15': 0.1161, 'ndcg@15': 0.0528, 'hit@20': 0.1428, 'ndcg@20': 0.0591, 'hit@40': 0.2263, 'ndcg@40': 0.0761} 
2024-10-10 22:55:10.963 | INFO     | trainer_1:_train_one_epoch:209 - test 27 cost time 7.28s, result: {'hit@1': 0.0097, 'ndcg@1': 0.0097, 'hit@5': 0.0345, 'ndcg@5': 0.0224, 'hit@10': 0.0595, 'ndcg@10': 0.0303, 'hit@15': 0.0795, 'ndcg@15': 0.0356, 'hit@20': 0.0971, 'ndcg@20': 0.0398, 'hit@40': 0.1575, 'ndcg@40': 0.052} 
2024-10-10 22:55:17.299 | INFO     | trainer_1:_train_one_epoch:193 - epoch 28 6.34s Train loss is [0.3743] 
2024-10-10 22:55:23.925 | INFO     | trainer_1:_train_one_epoch:201 - validate 28 cost time 6.63s, result: {'hit@1': 0.0142, 'ndcg@1': 0.0142, 'hit@5': 0.0569, 'ndcg@5': 0.0355, 'hit@10': 0.0918, 'ndcg@10': 0.0467, 'hit@15': 0.1226, 'ndcg@15': 0.0548, 'hit@20': 0.1478, 'ndcg@20': 0.0608, 'hit@40': 0.2321, 'ndcg@40': 0.0779} 
2024-10-10 22:55:28.783 | INFO     | trainer_1:_train_one_epoch:209 - test 28 cost time 4.86s, result: {'hit@1': 0.0107, 'ndcg@1': 0.0107, 'hit@5': 0.0367, 'ndcg@5': 0.0237, 'hit@10': 0.0621, 'ndcg@10': 0.0319, 'hit@15': 0.0839, 'ndcg@15': 0.0376, 'hit@20': 0.1013, 'ndcg@20': 0.0417, 'hit@40': 0.1643, 'ndcg@40': 0.0545} 
2024-10-10 22:55:46.160 | INFO     | trainer_1:_train_one_epoch:193 - epoch 29 6.72s Train loss is [0.3770] 
2024-10-10 22:55:53.603 | INFO     | trainer_1:_train_one_epoch:201 - validate 29 cost time 7.44s, result: {'hit@1': 0.0157, 'ndcg@1': 0.0157, 'hit@5': 0.0549, 'ndcg@5': 0.0351, 'hit@10': 0.0909, 'ndcg@10': 0.0467, 'hit@15': 0.1223, 'ndcg@15': 0.055, 'hit@20': 0.1508, 'ndcg@20': 0.0617, 'hit@40': 0.2393, 'ndcg@40': 0.0797} 
2024-10-10 22:56:00.890 | INFO     | trainer_1:_train_one_epoch:209 - test 29 cost time 7.29s, result: {'hit@1': 0.0109, 'ndcg@1': 0.0109, 'hit@5': 0.0376, 'ndcg@5': 0.0243, 'hit@10': 0.0624, 'ndcg@10': 0.0323, 'hit@15': 0.084, 'ndcg@15': 0.038, 'hit@20': 0.1031, 'ndcg@20': 0.0425, 'hit@40': 0.1711, 'ndcg@40': 0.0563} 
2024-10-10 22:56:17.809 | INFO     | trainer_1:_train_one_epoch:193 - epoch 30 6.34s Train loss is [0.3753] 
2024-10-10 22:56:24.534 | INFO     | trainer_1:_train_one_epoch:201 - validate 30 cost time 6.72s, result: {'hit@1': 0.0157, 'ndcg@1': 0.0157, 'hit@5': 0.0561, 'ndcg@5': 0.036, 'hit@10': 0.0931, 'ndcg@10': 0.0479, 'hit@15': 0.1235, 'ndcg@15': 0.0559, 'hit@20': 0.1506, 'ndcg@20': 0.0623, 'hit@40': 0.2383, 'ndcg@40': 0.0801} 
2024-10-10 22:56:31.649 | INFO     | trainer_1:_train_one_epoch:209 - test 30 cost time 7.11s, result: {'hit@1': 0.0109, 'ndcg@1': 0.0109, 'hit@5': 0.0371, 'ndcg@5': 0.0238, 'hit@10': 0.0616, 'ndcg@10': 0.0316, 'hit@15': 0.0831, 'ndcg@15': 0.0373, 'hit@20': 0.1021, 'ndcg@20': 0.0418, 'hit@40': 0.1647, 'ndcg@40': 0.0545} 
2024-10-10 22:56:38.016 | INFO     | trainer_1:_train_one_epoch:193 - epoch 31 6.37s Train loss is [0.3744] 
2024-10-10 22:56:45.412 | INFO     | trainer_1:_train_one_epoch:201 - validate 31 cost time 7.40s, result: {'hit@1': 0.0162, 'ndcg@1': 0.0162, 'hit@5': 0.0572, 'ndcg@5': 0.0367, 'hit@10': 0.0934, 'ndcg@10': 0.0483, 'hit@15': 0.1235, 'ndcg@15': 0.0562, 'hit@20': 0.1515, 'ndcg@20': 0.0628, 'hit@40': 0.2357, 'ndcg@40': 0.0799} 
2024-10-10 22:56:51.724 | INFO     | trainer_1:_train_one_epoch:209 - test 31 cost time 6.31s, result: {'hit@1': 0.0109, 'ndcg@1': 0.0109, 'hit@5': 0.0379, 'ndcg@5': 0.0243, 'hit@10': 0.0647, 'ndcg@10': 0.0329, 'hit@15': 0.086, 'ndcg@15': 0.0385, 'hit@20': 0.1052, 'ndcg@20': 0.043, 'hit@40': 0.169, 'ndcg@40': 0.056} 
2024-10-10 22:57:08.970 | INFO     | trainer_1:_train_one_epoch:193 - epoch 32 6.69s Train loss is [0.3667] 
2024-10-10 22:57:16.159 | INFO     | trainer_1:_train_one_epoch:201 - validate 32 cost time 7.19s, result: {'hit@1': 0.0155, 'ndcg@1': 0.0155, 'hit@5': 0.0553, 'ndcg@5': 0.0354, 'hit@10': 0.0942, 'ndcg@10': 0.0478, 'hit@15': 0.1264, 'ndcg@15': 0.0563, 'hit@20': 0.1547, 'ndcg@20': 0.063, 'hit@40': 0.2426, 'ndcg@40': 0.0809} 
2024-10-10 22:57:23.517 | INFO     | trainer_1:_train_one_epoch:209 - test 32 cost time 7.36s, result: {'hit@1': 0.0103, 'ndcg@1': 0.0103, 'hit@5': 0.0387, 'ndcg@5': 0.0244, 'hit@10': 0.065, 'ndcg@10': 0.0328, 'hit@15': 0.0861, 'ndcg@15': 0.0384, 'hit@20': 0.1067, 'ndcg@20': 0.0433, 'hit@40': 0.1736, 'ndcg@40': 0.0569} 
2024-10-10 22:57:40.386 | INFO     | trainer_1:_train_one_epoch:193 - epoch 33 6.19s Train loss is [0.3494] 
2024-10-10 22:57:47.920 | INFO     | trainer_1:_train_one_epoch:201 - validate 33 cost time 7.53s, result: {'hit@1': 0.015, 'ndcg@1': 0.015, 'hit@5': 0.056, 'ndcg@5': 0.0357, 'hit@10': 0.0941, 'ndcg@10': 0.0479, 'hit@15': 0.1268, 'ndcg@15': 0.0566, 'hit@20': 0.1544, 'ndcg@20': 0.0631, 'hit@40': 0.2488, 'ndcg@40': 0.0823} 
2024-10-10 22:57:55.749 | INFO     | trainer_1:_train_one_epoch:209 - test 33 cost time 7.83s, result: {'hit@1': 0.0112, 'ndcg@1': 0.0112, 'hit@5': 0.0399, 'ndcg@5': 0.0255, 'hit@10': 0.0653, 'ndcg@10': 0.0337, 'hit@15': 0.0872, 'ndcg@15': 0.0395, 'hit@20': 0.1078, 'ndcg@20': 0.0443, 'hit@40': 0.1745, 'ndcg@40': 0.0579} 
2024-10-10 22:58:12.627 | INFO     | trainer_1:_train_one_epoch:193 - epoch 34 6.39s Train loss is [0.3599] 
2024-10-10 22:58:19.531 | INFO     | trainer_1:_train_one_epoch:201 - validate 34 cost time 6.90s, result: {'hit@1': 0.015, 'ndcg@1': 0.015, 'hit@5': 0.0555, 'ndcg@5': 0.0352, 'hit@10': 0.09, 'ndcg@10': 0.0462, 'hit@15': 0.1192, 'ndcg@15': 0.0539, 'hit@20': 0.1465, 'ndcg@20': 0.0604, 'hit@40': 0.2351, 'ndcg@40': 0.0784} 
2024-10-10 22:58:26.230 | INFO     | trainer_1:_train_one_epoch:209 - test 34 cost time 6.70s, result: {'hit@1': 0.0113, 'ndcg@1': 0.0113, 'hit@5': 0.0391, 'ndcg@5': 0.0253, 'hit@10': 0.0649, 'ndcg@10': 0.0336, 'hit@15': 0.0874, 'ndcg@15': 0.0395, 'hit@20': 0.106, 'ndcg@20': 0.0439, 'hit@40': 0.1705, 'ndcg@40': 0.0571} 
2024-10-10 22:58:32.849 | INFO     | trainer_1:_train_one_epoch:193 - epoch 35 6.62s Train loss is [0.3546] 
2024-10-10 22:58:40.309 | INFO     | trainer_1:_train_one_epoch:201 - validate 35 cost time 7.46s, result: {'hit@1': 0.0152, 'ndcg@1': 0.0152, 'hit@5': 0.0554, 'ndcg@5': 0.0353, 'hit@10': 0.0909, 'ndcg@10': 0.0466, 'hit@15': 0.1209, 'ndcg@15': 0.0545, 'hit@20': 0.1487, 'ndcg@20': 0.0611, 'hit@40': 0.2374, 'ndcg@40': 0.0792} 
2024-10-10 22:58:47.677 | INFO     | trainer_1:_train_one_epoch:209 - test 35 cost time 7.37s, result: {'hit@1': 0.0112, 'ndcg@1': 0.0112, 'hit@5': 0.0377, 'ndcg@5': 0.0244, 'hit@10': 0.0627, 'ndcg@10': 0.0324, 'hit@15': 0.0839, 'ndcg@15': 0.038, 'hit@20': 0.1043, 'ndcg@20': 0.0428, 'hit@40': 0.1694, 'ndcg@40': 0.0561} 
2024-10-10 22:58:53.936 | INFO     | trainer_1:_train_one_epoch:193 - epoch 36 6.26s Train loss is [0.3575] 
2024-10-10 22:58:58.846 | INFO     | trainer_1:_train_one_epoch:201 - validate 36 cost time 4.91s, result: {'hit@1': 0.0151, 'ndcg@1': 0.0151, 'hit@5': 0.056, 'ndcg@5': 0.0355, 'hit@10': 0.0917, 'ndcg@10': 0.0469, 'hit@15': 0.1231, 'ndcg@15': 0.0552, 'hit@20': 0.1532, 'ndcg@20': 0.0623, 'hit@40': 0.2424, 'ndcg@40': 0.0804} 
2024-10-10 22:59:05.456 | INFO     | trainer_1:_train_one_epoch:209 - test 36 cost time 6.61s, result: {'hit@1': 0.0102, 'ndcg@1': 0.0102, 'hit@5': 0.0369, 'ndcg@5': 0.0236, 'hit@10': 0.0624, 'ndcg@10': 0.0318, 'hit@15': 0.0849, 'ndcg@15': 0.0377, 'hit@20': 0.1049, 'ndcg@20': 0.0424, 'hit@40': 0.1707, 'ndcg@40': 0.0557} 
2024-10-10 22:59:12.007 | INFO     | trainer_1:_train_one_epoch:193 - epoch 37 6.55s Train loss is [0.3624] 
2024-10-10 22:59:19.443 | INFO     | trainer_1:_train_one_epoch:201 - validate 37 cost time 7.44s, result: {'hit@1': 0.0154, 'ndcg@1': 0.0154, 'hit@5': 0.058, 'ndcg@5': 0.0366, 'hit@10': 0.0967, 'ndcg@10': 0.049, 'hit@15': 0.13, 'ndcg@15': 0.0578, 'hit@20': 0.1585, 'ndcg@20': 0.0646, 'hit@40': 0.2479, 'ndcg@40': 0.0828} 
2024-10-10 22:59:26.717 | INFO     | trainer_1:_train_one_epoch:209 - test 37 cost time 7.27s, result: {'hit@1': 0.0111, 'ndcg@1': 0.0111, 'hit@5': 0.0399, 'ndcg@5': 0.0254, 'hit@10': 0.0657, 'ndcg@10': 0.0337, 'hit@15': 0.0892, 'ndcg@15': 0.0399, 'hit@20': 0.1092, 'ndcg@20': 0.0446, 'hit@40': 0.179, 'ndcg@40': 0.0588} 
2024-10-10 22:59:43.846 | INFO     | trainer_1:_train_one_epoch:193 - epoch 38 6.35s Train loss is [0.3416] 
2024-10-10 22:59:50.493 | INFO     | trainer_1:_train_one_epoch:201 - validate 38 cost time 6.65s, result: {'hit@1': 0.0164, 'ndcg@1': 0.0164, 'hit@5': 0.0567, 'ndcg@5': 0.0366, 'hit@10': 0.0935, 'ndcg@10': 0.0484, 'hit@15': 0.1256, 'ndcg@15': 0.0568, 'hit@20': 0.1545, 'ndcg@20': 0.0636, 'hit@40': 0.2418, 'ndcg@40': 0.0814} 
2024-10-10 22:59:57.463 | INFO     | trainer_1:_train_one_epoch:209 - test 38 cost time 6.97s, result: {'hit@1': 0.0113, 'ndcg@1': 0.0113, 'hit@5': 0.039, 'ndcg@5': 0.025, 'hit@10': 0.0642, 'ndcg@10': 0.0331, 'hit@15': 0.0861, 'ndcg@15': 0.0389, 'hit@20': 0.1051, 'ndcg@20': 0.0434, 'hit@40': 0.1726, 'ndcg@40': 0.0571} 
2024-10-10 23:00:03.621 | INFO     | trainer_1:_train_one_epoch:193 - epoch 39 6.16s Train loss is [0.3443] 
2024-10-10 23:00:10.951 | INFO     | trainer_1:_train_one_epoch:201 - validate 39 cost time 7.33s, result: {'hit@1': 0.0154, 'ndcg@1': 0.0154, 'hit@5': 0.0581, 'ndcg@5': 0.0366, 'hit@10': 0.0967, 'ndcg@10': 0.049, 'hit@15': 0.1283, 'ndcg@15': 0.0574, 'hit@20': 0.1549, 'ndcg@20': 0.0636, 'hit@40': 0.2453, 'ndcg@40': 0.0821} 
2024-10-10 23:00:18.067 | INFO     | trainer_1:_train_one_epoch:209 - test 39 cost time 7.12s, result: {'hit@1': 0.0112, 'ndcg@1': 0.0112, 'hit@5': 0.0398, 'ndcg@5': 0.0254, 'hit@10': 0.0667, 'ndcg@10': 0.034, 'hit@15': 0.0906, 'ndcg@15': 0.0403, 'hit@20': 0.1103, 'ndcg@20': 0.045, 'hit@40': 0.179, 'ndcg@40': 0.0589} 
2024-10-10 23:00:34.862 | INFO     | trainer_1:_train_one_epoch:193 - epoch 40 6.33s Train loss is [0.3444] 
2024-10-10 23:00:42.291 | INFO     | trainer_1:_train_one_epoch:201 - validate 40 cost time 7.43s, result: {'hit@1': 0.0158, 'ndcg@1': 0.0158, 'hit@5': 0.0579, 'ndcg@5': 0.037, 'hit@10': 0.095, 'ndcg@10': 0.0489, 'hit@15': 0.1271, 'ndcg@15': 0.0574, 'hit@20': 0.1567, 'ndcg@20': 0.0644, 'hit@40': 0.2455, 'ndcg@40': 0.0824} 
2024-10-10 23:00:49.746 | INFO     | trainer_1:_train_one_epoch:209 - test 40 cost time 7.45s, result: {'hit@1': 0.0115, 'ndcg@1': 0.0115, 'hit@5': 0.0384, 'ndcg@5': 0.025, 'hit@10': 0.0655, 'ndcg@10': 0.0336, 'hit@15': 0.088, 'ndcg@15': 0.0396, 'hit@20': 0.1081, 'ndcg@20': 0.0443, 'hit@40': 0.176, 'ndcg@40': 0.0581} 
2024-10-10 23:00:55.819 | INFO     | trainer_1:_train_one_epoch:193 - epoch 41 6.07s Train loss is [0.3487] 
2024-10-10 23:01:00.778 | INFO     | trainer_1:_train_one_epoch:201 - validate 41 cost time 4.96s, result: {'hit@1': 0.0166, 'ndcg@1': 0.0166, 'hit@5': 0.0581, 'ndcg@5': 0.0374, 'hit@10': 0.0967, 'ndcg@10': 0.0498, 'hit@15': 0.1266, 'ndcg@15': 0.0577, 'hit@20': 0.1539, 'ndcg@20': 0.0641, 'hit@40': 0.2447, 'ndcg@40': 0.0826} 
2024-10-10 23:01:07.584 | INFO     | trainer_1:_train_one_epoch:209 - test 41 cost time 6.80s, result: {'hit@1': 0.0109, 'ndcg@1': 0.0109, 'hit@5': 0.0396, 'ndcg@5': 0.0251, 'hit@10': 0.0655, 'ndcg@10': 0.0334, 'hit@15': 0.0884, 'ndcg@15': 0.0395, 'hit@20': 0.1087, 'ndcg@20': 0.0443, 'hit@40': 0.1759, 'ndcg@40': 0.0579} 
2024-10-10 23:01:14.538 | INFO     | trainer_1:_train_one_epoch:193 - epoch 42 6.95s Train loss is [0.3388] 
2024-10-10 23:01:22.020 | INFO     | trainer_1:_train_one_epoch:201 - validate 42 cost time 7.48s, result: {'hit@1': 0.0175, 'ndcg@1': 0.0175, 'hit@5': 0.0642, 'ndcg@5': 0.0406, 'hit@10': 0.104, 'ndcg@10': 0.0534, 'hit@15': 0.1362, 'ndcg@15': 0.0618, 'hit@20': 0.1648, 'ndcg@20': 0.0686, 'hit@40': 0.2561, 'ndcg@40': 0.0872} 
2024-10-10 23:01:29.306 | INFO     | trainer_1:_train_one_epoch:209 - test 42 cost time 7.29s, result: {'hit@1': 0.0105, 'ndcg@1': 0.0105, 'hit@5': 0.0412, 'ndcg@5': 0.026, 'hit@10': 0.0687, 'ndcg@10': 0.0348, 'hit@15': 0.091, 'ndcg@15': 0.0407, 'hit@20': 0.1119, 'ndcg@20': 0.0456, 'hit@40': 0.1824, 'ndcg@40': 0.0599} 
2024-10-10 23:01:46.740 | INFO     | trainer_1:_train_one_epoch:193 - epoch 43 6.85s Train loss is [0.3386] 
2024-10-10 23:01:54.934 | INFO     | trainer_1:_train_one_epoch:201 - validate 43 cost time 8.19s, result: {'hit@1': 0.0166, 'ndcg@1': 0.0166, 'hit@5': 0.0587, 'ndcg@5': 0.0377, 'hit@10': 0.0986, 'ndcg@10': 0.0505, 'hit@15': 0.131, 'ndcg@15': 0.0591, 'hit@20': 0.1598, 'ndcg@20': 0.0659, 'hit@40': 0.2514, 'ndcg@40': 0.0845} 
2024-10-10 23:02:03.870 | INFO     | trainer_1:_train_one_epoch:209 - test 43 cost time 8.94s, result: {'hit@1': 0.0112, 'ndcg@1': 0.0112, 'hit@5': 0.0408, 'ndcg@5': 0.0258, 'hit@10': 0.0682, 'ndcg@10': 0.0345, 'hit@15': 0.0906, 'ndcg@15': 0.0404, 'hit@20': 0.1117, 'ndcg@20': 0.0454, 'hit@40': 0.1781, 'ndcg@40': 0.0589} 
2024-10-10 23:02:10.772 | INFO     | trainer_1:_train_one_epoch:193 - epoch 44 6.90s Train loss is [0.3463] 
2024-10-10 23:02:18.339 | INFO     | trainer_1:_train_one_epoch:201 - validate 44 cost time 7.57s, result: {'hit@1': 0.017, 'ndcg@1': 0.017, 'hit@5': 0.0584, 'ndcg@5': 0.0378, 'hit@10': 0.0981, 'ndcg@10': 0.0506, 'hit@15': 0.1305, 'ndcg@15': 0.0591, 'hit@20': 0.1573, 'ndcg@20': 0.0654, 'hit@40': 0.2484, 'ndcg@40': 0.084} 
2024-10-10 23:02:25.472 | INFO     | trainer_1:_train_one_epoch:209 - test 44 cost time 7.13s, result: {'hit@1': 0.0112, 'ndcg@1': 0.0112, 'hit@5': 0.04, 'ndcg@5': 0.0254, 'hit@10': 0.0693, 'ndcg@10': 0.0348, 'hit@15': 0.0933, 'ndcg@15': 0.0411, 'hit@20': 0.1123, 'ndcg@20': 0.0456, 'hit@40': 0.1795, 'ndcg@40': 0.0592} 
2024-10-10 23:02:42.432 | INFO     | trainer_1:_train_one_epoch:193 - epoch 45 6.47s Train loss is [0.3443] 
2024-10-10 23:02:49.796 | INFO     | trainer_1:_train_one_epoch:201 - validate 45 cost time 7.36s, result: {'hit@1': 0.0164, 'ndcg@1': 0.0164, 'hit@5': 0.0621, 'ndcg@5': 0.0394, 'hit@10': 0.1014, 'ndcg@10': 0.0519, 'hit@15': 0.1314, 'ndcg@15': 0.0598, 'hit@20': 0.1606, 'ndcg@20': 0.0667, 'hit@40': 0.2503, 'ndcg@40': 0.085} 
2024-10-10 23:02:57.131 | INFO     | trainer_1:_train_one_epoch:209 - test 45 cost time 7.33s, result: {'hit@1': 0.0108, 'ndcg@1': 0.0108, 'hit@5': 0.0422, 'ndcg@5': 0.0263, 'hit@10': 0.0703, 'ndcg@10': 0.0352, 'hit@15': 0.0937, 'ndcg@15': 0.0414, 'hit@20': 0.1139, 'ndcg@20': 0.0462, 'hit@40': 0.1796, 'ndcg@40': 0.0595} 
2024-10-10 23:03:13.994 | INFO     | trainer_1:_train_one_epoch:193 - epoch 46 6.59s Train loss is [0.3301] 
2024-10-10 23:03:21.471 | INFO     | trainer_1:_train_one_epoch:201 - validate 46 cost time 7.48s, result: {'hit@1': 0.0168, 'ndcg@1': 0.0168, 'hit@5': 0.0598, 'ndcg@5': 0.0382, 'hit@10': 0.0994, 'ndcg@10': 0.0509, 'hit@15': 0.13, 'ndcg@15': 0.059, 'hit@20': 0.1563, 'ndcg@20': 0.0652, 'hit@40': 0.2459, 'ndcg@40': 0.0834} 
2024-10-10 23:03:28.812 | INFO     | trainer_1:_train_one_epoch:209 - test 46 cost time 7.34s, result: {'hit@1': 0.0105, 'ndcg@1': 0.0105, 'hit@5': 0.0416, 'ndcg@5': 0.026, 'hit@10': 0.0689, 'ndcg@10': 0.0348, 'hit@15': 0.0912, 'ndcg@15': 0.0407, 'hit@20': 0.1122, 'ndcg@20': 0.0456, 'hit@40': 0.1774, 'ndcg@40': 0.0589} 
2024-10-10 23:03:35.041 | INFO     | trainer_1:_train_one_epoch:193 - epoch 47 6.23s Train loss is [0.3329] 
2024-10-10 23:03:39.951 | INFO     | trainer_1:_train_one_epoch:201 - validate 47 cost time 4.91s, result: {'hit@1': 0.0161, 'ndcg@1': 0.0161, 'hit@5': 0.0569, 'ndcg@5': 0.0366, 'hit@10': 0.0966, 'ndcg@10': 0.0493, 'hit@15': 0.1264, 'ndcg@15': 0.0572, 'hit@20': 0.1541, 'ndcg@20': 0.0637, 'hit@40': 0.2424, 'ndcg@40': 0.0817} 
2024-10-10 23:03:46.010 | INFO     | trainer_1:_train_one_epoch:209 - test 47 cost time 6.06s, result: {'hit@1': 0.0098, 'ndcg@1': 0.0098, 'hit@5': 0.038, 'ndcg@5': 0.0239, 'hit@10': 0.0653, 'ndcg@10': 0.0327, 'hit@15': 0.0877, 'ndcg@15': 0.0386, 'hit@20': 0.1079, 'ndcg@20': 0.0434, 'hit@40': 0.1731, 'ndcg@40': 0.0566} 
2024-10-10 23:03:52.643 | INFO     | trainer_1:_train_one_epoch:193 - epoch 48 6.63s Train loss is [0.3264] 
2024-10-10 23:03:59.964 | INFO     | trainer_1:_train_one_epoch:201 - validate 48 cost time 7.32s, result: {'hit@1': 0.0181, 'ndcg@1': 0.0181, 'hit@5': 0.0622, 'ndcg@5': 0.04, 'hit@10': 0.1008, 'ndcg@10': 0.0524, 'hit@15': 0.1338, 'ndcg@15': 0.0611, 'hit@20': 0.1623, 'ndcg@20': 0.0678, 'hit@40': 0.2515, 'ndcg@40': 0.0859} 
2024-10-10 23:04:07.266 | INFO     | trainer_1:_train_one_epoch:209 - test 48 cost time 7.30s, result: {'hit@1': 0.011, 'ndcg@1': 0.011, 'hit@5': 0.0416, 'ndcg@5': 0.0263, 'hit@10': 0.071, 'ndcg@10': 0.0358, 'hit@15': 0.0948, 'ndcg@15': 0.042, 'hit@20': 0.1144, 'ndcg@20': 0.0467, 'hit@40': 0.1819, 'ndcg@40': 0.0604} 
2024-10-10 23:04:25.188 | INFO     | trainer_1:_train_one_epoch:193 - epoch 49 6.96s Train loss is [0.3368] 
2024-10-10 23:04:32.502 | INFO     | trainer_1:_train_one_epoch:201 - validate 49 cost time 7.31s, result: {'hit@1': 0.0168, 'ndcg@1': 0.0168, 'hit@5': 0.0586, 'ndcg@5': 0.0377, 'hit@10': 0.0961, 'ndcg@10': 0.0498, 'hit@15': 0.1275, 'ndcg@15': 0.058, 'hit@20': 0.155, 'ndcg@20': 0.0646, 'hit@40': 0.2438, 'ndcg@40': 0.0826} 
2024-10-10 23:04:39.882 | INFO     | trainer_1:_train_one_epoch:209 - test 49 cost time 7.38s, result: {'hit@1': 0.0102, 'ndcg@1': 0.0102, 'hit@5': 0.0401, 'ndcg@5': 0.0251, 'hit@10': 0.0671, 'ndcg@10': 0.0338, 'hit@15': 0.09, 'ndcg@15': 0.0398, 'hit@20': 0.1109, 'ndcg@20': 0.0448, 'hit@40': 0.1747, 'ndcg@40': 0.0577} 
2024-10-10 23:04:46.107 | INFO     | trainer_1:_train_one_epoch:193 - epoch 50 6.22s Train loss is [0.3384] 
2024-10-10 23:04:53.233 | INFO     | trainer_1:_train_one_epoch:201 - validate 50 cost time 7.13s, result: {'hit@1': 0.0162, 'ndcg@1': 0.0162, 'hit@5': 0.0601, 'ndcg@5': 0.0379, 'hit@10': 0.1001, 'ndcg@10': 0.0507, 'hit@15': 0.1338, 'ndcg@15': 0.0596, 'hit@20': 0.161, 'ndcg@20': 0.066, 'hit@40': 0.2541, 'ndcg@40': 0.085} 
2024-10-10 23:04:59.864 | INFO     | trainer_1:_train_one_epoch:209 - test 50 cost time 6.63s, result: {'hit@1': 0.0101, 'ndcg@1': 0.0101, 'hit@5': 0.0399, 'ndcg@5': 0.0249, 'hit@10': 0.0683, 'ndcg@10': 0.034, 'hit@15': 0.0916, 'ndcg@15': 0.0402, 'hit@20': 0.1126, 'ndcg@20': 0.0452, 'hit@40': 0.1789, 'ndcg@40': 0.0586} 
2024-10-10 23:05:06.136 | INFO     | trainer_1:_train_one_epoch:193 - epoch 51 6.27s Train loss is [0.3335] 
2024-10-10 23:05:13.510 | INFO     | trainer_1:_train_one_epoch:201 - validate 51 cost time 7.37s, result: {'hit@1': 0.0168, 'ndcg@1': 0.0168, 'hit@5': 0.0622, 'ndcg@5': 0.0396, 'hit@10': 0.1033, 'ndcg@10': 0.0528, 'hit@15': 0.1359, 'ndcg@15': 0.0614, 'hit@20': 0.1643, 'ndcg@20': 0.0681, 'hit@40': 0.2585, 'ndcg@40': 0.0873} 
2024-10-10 23:05:20.825 | INFO     | trainer_1:_train_one_epoch:209 - test 51 cost time 7.31s, result: {'hit@1': 0.0109, 'ndcg@1': 0.0109, 'hit@5': 0.0404, 'ndcg@5': 0.0256, 'hit@10': 0.0715, 'ndcg@10': 0.0355, 'hit@15': 0.0948, 'ndcg@15': 0.0417, 'hit@20': 0.1152, 'ndcg@20': 0.0465, 'hit@40': 0.1846, 'ndcg@40': 0.0606} 
2024-10-10 23:05:37.887 | INFO     | trainer_1:_train_one_epoch:193 - epoch 52 6.48s Train loss is [0.3257] 
2024-10-10 23:05:45.309 | INFO     | trainer_1:_train_one_epoch:201 - validate 52 cost time 7.42s, result: {'hit@1': 0.0161, 'ndcg@1': 0.0161, 'hit@5': 0.0589, 'ndcg@5': 0.0374, 'hit@10': 0.0966, 'ndcg@10': 0.0495, 'hit@15': 0.1286, 'ndcg@15': 0.0579, 'hit@20': 0.157, 'ndcg@20': 0.0647, 'hit@40': 0.248, 'ndcg@40': 0.0832} 
2024-10-10 23:05:52.583 | INFO     | trainer_1:_train_one_epoch:209 - test 52 cost time 7.27s, result: {'hit@1': 0.0107, 'ndcg@1': 0.0107, 'hit@5': 0.0394, 'ndcg@5': 0.0251, 'hit@10': 0.0669, 'ndcg@10': 0.0338, 'hit@15': 0.0909, 'ndcg@15': 0.0402, 'hit@20': 0.1106, 'ndcg@20': 0.0448, 'hit@40': 0.1788, 'ndcg@40': 0.0587} 
2024-10-10 23:05:58.926 | INFO     | trainer_1:_train_one_epoch:193 - epoch 53 6.34s Train loss is [0.3306] 
2024-10-10 23:06:05.545 | INFO     | trainer_1:_train_one_epoch:201 - validate 53 cost time 6.62s, result: {'hit@1': 0.0168, 'ndcg@1': 0.0168, 'hit@5': 0.0603, 'ndcg@5': 0.0385, 'hit@10': 0.0981, 'ndcg@10': 0.0507, 'hit@15': 0.1293, 'ndcg@15': 0.0589, 'hit@20': 0.1582, 'ndcg@20': 0.0657, 'hit@40': 0.2485, 'ndcg@40': 0.0841} 
2024-10-10 23:06:12.300 | INFO     | trainer_1:_train_one_epoch:209 - test 53 cost time 6.75s, result: {'hit@1': 0.0105, 'ndcg@1': 0.0105, 'hit@5': 0.0407, 'ndcg@5': 0.0255, 'hit@10': 0.0674, 'ndcg@10': 0.0341, 'hit@15': 0.0889, 'ndcg@15': 0.0397, 'hit@20': 0.1093, 'ndcg@20': 0.0445, 'hit@40': 0.1771, 'ndcg@40': 0.0583} 
2024-10-10 23:06:18.509 | INFO     | trainer_1:_train_one_epoch:193 - epoch 54 6.21s Train loss is [0.3390] 
2024-10-10 23:06:25.869 | INFO     | trainer_1:_train_one_epoch:201 - validate 54 cost time 7.36s, result: {'hit@1': 0.0152, 'ndcg@1': 0.0152, 'hit@5': 0.0561, 'ndcg@5': 0.0358, 'hit@10': 0.094, 'ndcg@10': 0.048, 'hit@15': 0.1247, 'ndcg@15': 0.0561, 'hit@20': 0.1525, 'ndcg@20': 0.0626, 'hit@40': 0.2423, 'ndcg@40': 0.0809} 
2024-10-10 23:06:33.229 | INFO     | trainer_1:_train_one_epoch:209 - test 54 cost time 7.36s, result: {'hit@1': 0.0102, 'ndcg@1': 0.0102, 'hit@5': 0.0371, 'ndcg@5': 0.0237, 'hit@10': 0.0643, 'ndcg@10': 0.0324, 'hit@15': 0.0854, 'ndcg@15': 0.038, 'hit@20': 0.1052, 'ndcg@20': 0.0427, 'hit@40': 0.1703, 'ndcg@40': 0.0559} 
2024-10-10 23:06:39.310 | INFO     | trainer_1:_train_one_epoch:193 - epoch 55 6.08s Train loss is [0.3315] 
2024-10-10 23:06:44.206 | INFO     | trainer_1:_train_one_epoch:201 - validate 55 cost time 4.90s, result: {'hit@1': 0.0173, 'ndcg@1': 0.0173, 'hit@5': 0.0622, 'ndcg@5': 0.0398, 'hit@10': 0.1034, 'ndcg@10': 0.053, 'hit@15': 0.1367, 'ndcg@15': 0.0618, 'hit@20': 0.1701, 'ndcg@20': 0.0696, 'hit@40': 0.2597, 'ndcg@40': 0.0879} 
2024-10-10 23:06:50.849 | INFO     | trainer_1:_train_one_epoch:209 - test 55 cost time 6.64s, result: {'hit@1': 0.0107, 'ndcg@1': 0.0107, 'hit@5': 0.0415, 'ndcg@5': 0.0261, 'hit@10': 0.0705, 'ndcg@10': 0.0354, 'hit@15': 0.0939, 'ndcg@15': 0.0416, 'hit@20': 0.1145, 'ndcg@20': 0.0464, 'hit@40': 0.1863, 'ndcg@40': 0.061} 
2024-10-10 23:06:57.294 | INFO     | trainer_1:_train_one_epoch:193 - epoch 56 6.44s Train loss is [0.3241] 
2024-10-10 23:07:04.724 | INFO     | trainer_1:_train_one_epoch:201 - validate 56 cost time 7.43s, result: {'hit@1': 0.0171, 'ndcg@1': 0.0171, 'hit@5': 0.0606, 'ndcg@5': 0.0386, 'hit@10': 0.1004, 'ndcg@10': 0.0514, 'hit@15': 0.1361, 'ndcg@15': 0.0608, 'hit@20': 0.1654, 'ndcg@20': 0.0677, 'hit@40': 0.2596, 'ndcg@40': 0.0869} 
2024-10-10 23:07:11.958 | INFO     | trainer_1:_train_one_epoch:209 - test 56 cost time 7.23s, result: {'hit@1': 0.0107, 'ndcg@1': 0.0107, 'hit@5': 0.0408, 'ndcg@5': 0.0257, 'hit@10': 0.0682, 'ndcg@10': 0.0345, 'hit@15': 0.0928, 'ndcg@15': 0.041, 'hit@20': 0.1143, 'ndcg@20': 0.0461, 'hit@40': 0.1842, 'ndcg@40': 0.0603} 
2024-10-10 23:07:11.968 | INFO     | trainer_1:train_model:163 - training end, best iteration 51, results: {'hit@1': 0.0168, 'ndcg@1': 0.0168, 'hit@5': 0.0622, 'ndcg@5': 0.0396, 'hit@10': 0.1033, 'ndcg@10': 0.0528, 'hit@15': 0.1359, 'ndcg@15': 0.0614, 'hit@20': 0.1643, 'ndcg@20': 0.0681, 'hit@40': 0.2585, 'ndcg@40': 0.0873}
2024-10-10 23:07:11.969 | INFO     | trainer_1:train_model:166 - final test result is:  {'hit@1': 0.0109, 'ndcg@1': 0.0109, 'hit@5': 0.0404, 'ndcg@5': 0.0256, 'hit@10': 0.0715, 'ndcg@10': 0.0355, 'hit@15': 0.0948, 'ndcg@15': 0.0417, 'hit@20': 0.1152, 'ndcg@20': 0.0465, 'hit@40': 0.1846, 'ndcg@40': 0.0606}
2024-10-10 23:07:12.264 | INFO     | __main__:<module>:119 - train end total cost time: 2290.712802171707
