2024-10-10 17:52:07.028 | INFO     | __main__:<module>:105 - Namespace(TIME='2024-10-10 17_51_21', batch_size=1024, behaviors=['view', 'cart', 'buy'], check_point='model_pre_1_2024-10-08 12_35_44.pth', data_name='beibei', data_path='./data/beibei', decay=0.001, device='cuda:1', dim_qk=32, dim_v=64, distill_layers=2, distill_thres=0.5, distill_topK=20, distill_userK=4, embedding_size=64, epochs=100, gpu_no=1, if_load_model=True, ii_lambda=200, initializer_range=0.02, layers=2, loss_type='bpr', lr=0.001, message_dropout=0.25, metrics=['hit', 'ndcg'], min_epoch=5, model_name='main_1', model_path='./check_point', node_dropout=0.75, omega=1, pt_loop=50, reg_weight=0.001, test_batch_size=1024, testbatch=1024, topk=[1, 5, 10, 15, 20, 40], uu_lambda=100)
2024-10-10 17:52:07.029 | INFO     | __main__:<module>:106 - BIPN(
  (message_dropout): Dropout(p=0.25, inplace=False)
  (user_embedding): Embedding(21717, 64, padding_idx=0)
  (item_embedding): Embedding(7978, 64, padding_idx=0)
  (global_Graph): LightGCN()
  (Graph_encoder): ModuleDict(
    (view): GraphEncoder(
      (light): LightGCN()
      (dropout): Dropout(p=0.75, inplace=False)
    )
    (cart): GraphEncoder(
      (light): LightGCN()
      (dropout): Dropout(p=0.75, inplace=False)
    )
    (buy): GraphEncoder(
      (light): LightGCN()
      (dropout): Dropout(p=0.75, inplace=False)
    )
  )
  (attention): Mutual_Attention()
  (bpr_loss): BPRLoss()
  (emb_loss): EmbLoss()
  (f): Sigmoid()
)
2024-10-10 18:05:20.065 | INFO     | trainer_1:_train_one_epoch:193 - epoch 1 10.12s Train loss is [0.9421] 
2024-10-10 18:05:28.236 | INFO     | trainer_1:_train_one_epoch:201 - validate 1 cost time 8.17s, result: {'hit@1': 0.0046, 'ndcg@1': 0.0046, 'hit@5': 0.0233, 'ndcg@5': 0.0141, 'hit@10': 0.0454, 'ndcg@10': 0.0212, 'hit@15': 0.0639, 'ndcg@15': 0.026, 'hit@20': 0.0823, 'ndcg@20': 0.0304, 'hit@40': 0.1413, 'ndcg@40': 0.0424} 
2024-10-10 18:05:36.492 | INFO     | trainer_1:_train_one_epoch:209 - test 1 cost time 8.26s, result: {'hit@1': 0.0032, 'ndcg@1': 0.0032, 'hit@5': 0.0149, 'ndcg@5': 0.0089, 'hit@10': 0.0291, 'ndcg@10': 0.0135, 'hit@15': 0.0436, 'ndcg@15': 0.0173, 'hit@20': 0.0571, 'ndcg@20': 0.0205, 'hit@40': 0.1062, 'ndcg@40': 0.0304} 
2024-10-10 18:05:59.206 | INFO     | trainer_1:_train_one_epoch:193 - epoch 2 9.25s Train loss is [0.7230] 
2024-10-10 18:06:07.983 | INFO     | trainer_1:_train_one_epoch:201 - validate 2 cost time 8.78s, result: {'hit@1': 0.0073, 'ndcg@1': 0.0073, 'hit@5': 0.0288, 'ndcg@5': 0.0178, 'hit@10': 0.051, 'ndcg@10': 0.0249, 'hit@15': 0.0718, 'ndcg@15': 0.0304, 'hit@20': 0.0905, 'ndcg@20': 0.0348, 'hit@40': 0.1551, 'ndcg@40': 0.048} 
2024-10-10 18:06:17.209 | INFO     | trainer_1:_train_one_epoch:209 - test 2 cost time 9.22s, result: {'hit@1': 0.0041, 'ndcg@1': 0.0041, 'hit@5': 0.0187, 'ndcg@5': 0.0111, 'hit@10': 0.0355, 'ndcg@10': 0.0165, 'hit@15': 0.0504, 'ndcg@15': 0.0204, 'hit@20': 0.0643, 'ndcg@20': 0.0237, 'hit@40': 0.1153, 'ndcg@40': 0.034} 
2024-10-10 18:06:42.599 | INFO     | trainer_1:_train_one_epoch:193 - epoch 3 10.16s Train loss is [0.6278] 
2024-10-10 18:06:50.721 | INFO     | trainer_1:_train_one_epoch:201 - validate 3 cost time 8.12s, result: {'hit@1': 0.0102, 'ndcg@1': 0.0102, 'hit@5': 0.0332, 'ndcg@5': 0.0215, 'hit@10': 0.0603, 'ndcg@10': 0.0301, 'hit@15': 0.0845, 'ndcg@15': 0.0365, 'hit@20': 0.1061, 'ndcg@20': 0.0416, 'hit@40': 0.1773, 'ndcg@40': 0.0561} 
2024-10-10 18:06:58.252 | INFO     | trainer_1:_train_one_epoch:209 - test 3 cost time 7.53s, result: {'hit@1': 0.0049, 'ndcg@1': 0.0049, 'hit@5': 0.0225, 'ndcg@5': 0.0136, 'hit@10': 0.0406, 'ndcg@10': 0.0193, 'hit@15': 0.0584, 'ndcg@15': 0.024, 'hit@20': 0.0737, 'ndcg@20': 0.0277, 'hit@40': 0.1277, 'ndcg@40': 0.0386} 
2024-10-10 18:07:24.554 | INFO     | trainer_1:_train_one_epoch:193 - epoch 4 10.87s Train loss is [0.5774] 
2024-10-10 18:07:31.336 | INFO     | trainer_1:_train_one_epoch:201 - validate 4 cost time 6.78s, result: {'hit@1': 0.0105, 'ndcg@1': 0.0105, 'hit@5': 0.0378, 'ndcg@5': 0.0238, 'hit@10': 0.0687, 'ndcg@10': 0.0336, 'hit@15': 0.0958, 'ndcg@15': 0.0407, 'hit@20': 0.1186, 'ndcg@20': 0.0461, 'hit@40': 0.1969, 'ndcg@40': 0.0621} 
2024-10-10 18:07:37.624 | INFO     | trainer_1:_train_one_epoch:209 - test 4 cost time 6.29s, result: {'hit@1': 0.0058, 'ndcg@1': 0.0058, 'hit@5': 0.0245, 'ndcg@5': 0.0149, 'hit@10': 0.0428, 'ndcg@10': 0.0208, 'hit@15': 0.0635, 'ndcg@15': 0.0262, 'hit@20': 0.0818, 'ndcg@20': 0.0306, 'hit@40': 0.1404, 'ndcg@40': 0.0425} 
2024-10-10 18:08:05.650 | INFO     | trainer_1:_train_one_epoch:193 - epoch 5 10.72s Train loss is [0.5437] 
2024-10-10 18:08:16.160 | INFO     | trainer_1:_train_one_epoch:201 - validate 5 cost time 10.51s, result: {'hit@1': 0.0121, 'ndcg@1': 0.0121, 'hit@5': 0.0432, 'ndcg@5': 0.0274, 'hit@10': 0.0739, 'ndcg@10': 0.0372, 'hit@15': 0.0992, 'ndcg@15': 0.0439, 'hit@20': 0.1222, 'ndcg@20': 0.0493, 'hit@40': 0.1949, 'ndcg@40': 0.0641} 
2024-10-10 18:08:26.547 | INFO     | trainer_1:_train_one_epoch:209 - test 5 cost time 10.39s, result: {'hit@1': 0.0056, 'ndcg@1': 0.0056, 'hit@5': 0.0258, 'ndcg@5': 0.0155, 'hit@10': 0.0455, 'ndcg@10': 0.0219, 'hit@15': 0.0638, 'ndcg@15': 0.0267, 'hit@20': 0.0791, 'ndcg@20': 0.0303, 'hit@40': 0.1343, 'ndcg@40': 0.0415} 
2024-10-10 18:08:50.931 | INFO     | trainer_1:_train_one_epoch:193 - epoch 6 8.65s Train loss is [0.5249] 
2024-10-10 18:09:01.232 | INFO     | trainer_1:_train_one_epoch:201 - validate 6 cost time 10.30s, result: {'hit@1': 0.0118, 'ndcg@1': 0.0118, 'hit@5': 0.0435, 'ndcg@5': 0.0276, 'hit@10': 0.074, 'ndcg@10': 0.0373, 'hit@15': 0.1023, 'ndcg@15': 0.0448, 'hit@20': 0.1265, 'ndcg@20': 0.0505, 'hit@40': 0.2079, 'ndcg@40': 0.0671} 
2024-10-10 18:09:11.147 | INFO     | trainer_1:_train_one_epoch:209 - test 6 cost time 9.91s, result: {'hit@1': 0.0064, 'ndcg@1': 0.0064, 'hit@5': 0.0276, 'ndcg@5': 0.0167, 'hit@10': 0.0495, 'ndcg@10': 0.0237, 'hit@15': 0.0677, 'ndcg@15': 0.0285, 'hit@20': 0.0863, 'ndcg@20': 0.0329, 'hit@40': 0.1469, 'ndcg@40': 0.0453} 
2024-10-10 18:09:33.401 | INFO     | trainer_1:_train_one_epoch:193 - epoch 7 9.33s Train loss is [0.5032] 
2024-10-10 18:09:44.091 | INFO     | trainer_1:_train_one_epoch:201 - validate 7 cost time 10.69s, result: {'hit@1': 0.0117, 'ndcg@1': 0.0117, 'hit@5': 0.0445, 'ndcg@5': 0.0281, 'hit@10': 0.0747, 'ndcg@10': 0.0378, 'hit@15': 0.1034, 'ndcg@15': 0.0454, 'hit@20': 0.1266, 'ndcg@20': 0.0508, 'hit@40': 0.2034, 'ndcg@40': 0.0665} 
2024-10-10 18:09:54.728 | INFO     | trainer_1:_train_one_epoch:209 - test 7 cost time 10.64s, result: {'hit@1': 0.0077, 'ndcg@1': 0.0077, 'hit@5': 0.0269, 'ndcg@5': 0.0172, 'hit@10': 0.0485, 'ndcg@10': 0.0241, 'hit@15': 0.0672, 'ndcg@15': 0.029, 'hit@20': 0.0837, 'ndcg@20': 0.0329, 'hit@40': 0.1434, 'ndcg@40': 0.045} 
2024-10-10 18:10:04.585 | INFO     | trainer_1:_train_one_epoch:193 - epoch 8 9.86s Train loss is [0.5062] 
2024-10-10 18:10:15.244 | INFO     | trainer_1:_train_one_epoch:201 - validate 8 cost time 10.66s, result: {'hit@1': 0.0124, 'ndcg@1': 0.0124, 'hit@5': 0.0452, 'ndcg@5': 0.0287, 'hit@10': 0.0755, 'ndcg@10': 0.0383, 'hit@15': 0.1009, 'ndcg@15': 0.045, 'hit@20': 0.1238, 'ndcg@20': 0.0504, 'hit@40': 0.1981, 'ndcg@40': 0.0656} 
2024-10-10 18:10:25.702 | INFO     | trainer_1:_train_one_epoch:209 - test 8 cost time 10.46s, result: {'hit@1': 0.0077, 'ndcg@1': 0.0077, 'hit@5': 0.0276, 'ndcg@5': 0.0176, 'hit@10': 0.0481, 'ndcg@10': 0.0241, 'hit@15': 0.0656, 'ndcg@15': 0.0287, 'hit@20': 0.0828, 'ndcg@20': 0.0328, 'hit@40': 0.1384, 'ndcg@40': 0.0441} 
2024-10-10 18:10:34.973 | INFO     | trainer_1:_train_one_epoch:193 - epoch 9 9.27s Train loss is [0.4901] 
2024-10-10 18:10:45.263 | INFO     | trainer_1:_train_one_epoch:201 - validate 9 cost time 10.29s, result: {'hit@1': 0.0107, 'ndcg@1': 0.0107, 'hit@5': 0.0463, 'ndcg@5': 0.0286, 'hit@10': 0.0802, 'ndcg@10': 0.0395, 'hit@15': 0.1113, 'ndcg@15': 0.0477, 'hit@20': 0.1382, 'ndcg@20': 0.054, 'hit@40': 0.2229, 'ndcg@40': 0.0712} 
2024-10-10 18:10:55.747 | INFO     | trainer_1:_train_one_epoch:209 - test 9 cost time 10.48s, result: {'hit@1': 0.0072, 'ndcg@1': 0.0072, 'hit@5': 0.0305, 'ndcg@5': 0.019, 'hit@10': 0.053, 'ndcg@10': 0.0261, 'hit@15': 0.0722, 'ndcg@15': 0.0312, 'hit@20': 0.0915, 'ndcg@20': 0.0357, 'hit@40': 0.1583, 'ndcg@40': 0.0493} 
2024-10-10 18:11:20.271 | INFO     | trainer_1:_train_one_epoch:193 - epoch 10 9.46s Train loss is [0.4766] 
2024-10-10 18:11:30.714 | INFO     | trainer_1:_train_one_epoch:201 - validate 10 cost time 10.44s, result: {'hit@1': 0.0122, 'ndcg@1': 0.0122, 'hit@5': 0.046, 'ndcg@5': 0.029, 'hit@10': 0.0791, 'ndcg@10': 0.0396, 'hit@15': 0.1062, 'ndcg@15': 0.0468, 'hit@20': 0.1293, 'ndcg@20': 0.0522, 'hit@40': 0.2049, 'ndcg@40': 0.0676} 
2024-10-10 18:11:41.273 | INFO     | trainer_1:_train_one_epoch:209 - test 10 cost time 10.56s, result: {'hit@1': 0.0068, 'ndcg@1': 0.0068, 'hit@5': 0.0305, 'ndcg@5': 0.0186, 'hit@10': 0.0497, 'ndcg@10': 0.0247, 'hit@15': 0.0684, 'ndcg@15': 0.0296, 'hit@20': 0.0871, 'ndcg@20': 0.0341, 'hit@40': 0.1448, 'ndcg@40': 0.0458} 
2024-10-10 18:11:51.720 | INFO     | trainer_1:_train_one_epoch:193 - epoch 11 10.45s Train loss is [0.4821] 
2024-10-10 18:12:02.199 | INFO     | trainer_1:_train_one_epoch:201 - validate 11 cost time 10.48s, result: {'hit@1': 0.0113, 'ndcg@1': 0.0113, 'hit@5': 0.0453, 'ndcg@5': 0.0281, 'hit@10': 0.0795, 'ndcg@10': 0.039, 'hit@15': 0.109, 'ndcg@15': 0.0468, 'hit@20': 0.1332, 'ndcg@20': 0.0525, 'hit@40': 0.2097, 'ndcg@40': 0.0681} 
2024-10-10 18:12:12.058 | INFO     | trainer_1:_train_one_epoch:209 - test 11 cost time 9.86s, result: {'hit@1': 0.0063, 'ndcg@1': 0.0063, 'hit@5': 0.0293, 'ndcg@5': 0.0176, 'hit@10': 0.0526, 'ndcg@10': 0.0252, 'hit@15': 0.0722, 'ndcg@15': 0.0303, 'hit@20': 0.0906, 'ndcg@20': 0.0347, 'hit@40': 0.1501, 'ndcg@40': 0.0468} 
2024-10-10 18:12:20.863 | INFO     | trainer_1:_train_one_epoch:193 - epoch 12 8.80s Train loss is [0.4652] 
2024-10-10 18:12:31.045 | INFO     | trainer_1:_train_one_epoch:201 - validate 12 cost time 10.18s, result: {'hit@1': 0.0109, 'ndcg@1': 0.0109, 'hit@5': 0.0444, 'ndcg@5': 0.0273, 'hit@10': 0.0773, 'ndcg@10': 0.0378, 'hit@15': 0.1048, 'ndcg@15': 0.045, 'hit@20': 0.128, 'ndcg@20': 0.0505, 'hit@40': 0.2057, 'ndcg@40': 0.0663} 
2024-10-10 18:12:41.297 | INFO     | trainer_1:_train_one_epoch:209 - test 12 cost time 10.25s, result: {'hit@1': 0.0065, 'ndcg@1': 0.0065, 'hit@5': 0.0289, 'ndcg@5': 0.0175, 'hit@10': 0.0527, 'ndcg@10': 0.0251, 'hit@15': 0.0724, 'ndcg@15': 0.0303, 'hit@20': 0.0892, 'ndcg@20': 0.0342, 'hit@40': 0.1487, 'ndcg@40': 0.0464} 
2024-10-10 18:12:50.362 | INFO     | trainer_1:_train_one_epoch:193 - epoch 13 9.06s Train loss is [0.4446] 
2024-10-10 18:13:01.108 | INFO     | trainer_1:_train_one_epoch:201 - validate 13 cost time 10.75s, result: {'hit@1': 0.0111, 'ndcg@1': 0.0111, 'hit@5': 0.0443, 'ndcg@5': 0.0274, 'hit@10': 0.0805, 'ndcg@10': 0.039, 'hit@15': 0.1094, 'ndcg@15': 0.0466, 'hit@20': 0.1358, 'ndcg@20': 0.0529, 'hit@40': 0.2197, 'ndcg@40': 0.0699} 
2024-10-10 18:13:11.987 | INFO     | trainer_1:_train_one_epoch:209 - test 13 cost time 10.88s, result: {'hit@1': 0.0063, 'ndcg@1': 0.0063, 'hit@5': 0.0302, 'ndcg@5': 0.0179, 'hit@10': 0.0529, 'ndcg@10': 0.0252, 'hit@15': 0.0726, 'ndcg@15': 0.0304, 'hit@20': 0.0909, 'ndcg@20': 0.0347, 'hit@40': 0.1529, 'ndcg@40': 0.0474} 
2024-10-10 18:13:20.455 | INFO     | trainer_1:_train_one_epoch:193 - epoch 14 8.47s Train loss is [0.4449] 
2024-10-10 18:13:30.455 | INFO     | trainer_1:_train_one_epoch:201 - validate 14 cost time 10.00s, result: {'hit@1': 0.012, 'ndcg@1': 0.012, 'hit@5': 0.0442, 'ndcg@5': 0.028, 'hit@10': 0.0795, 'ndcg@10': 0.0393, 'hit@15': 0.1078, 'ndcg@15': 0.0468, 'hit@20': 0.1312, 'ndcg@20': 0.0523, 'hit@40': 0.2125, 'ndcg@40': 0.0689} 
2024-10-10 18:13:40.337 | INFO     | trainer_1:_train_one_epoch:209 - test 14 cost time 9.88s, result: {'hit@1': 0.0075, 'ndcg@1': 0.0075, 'hit@5': 0.0301, 'ndcg@5': 0.0187, 'hit@10': 0.0528, 'ndcg@10': 0.026, 'hit@15': 0.0723, 'ndcg@15': 0.0311, 'hit@20': 0.0905, 'ndcg@20': 0.0354, 'hit@40': 0.151, 'ndcg@40': 0.0477} 
2024-10-10 18:13:50.780 | INFO     | trainer_1:_train_one_epoch:193 - epoch 15 10.44s Train loss is [0.4338] 
2024-10-10 18:14:00.780 | INFO     | trainer_1:_train_one_epoch:201 - validate 15 cost time 10.00s, result: {'hit@1': 0.0111, 'ndcg@1': 0.0111, 'hit@5': 0.0442, 'ndcg@5': 0.0275, 'hit@10': 0.0748, 'ndcg@10': 0.0374, 'hit@15': 0.1025, 'ndcg@15': 0.0447, 'hit@20': 0.1299, 'ndcg@20': 0.0511, 'hit@40': 0.2108, 'ndcg@40': 0.0676} 
2024-10-10 18:14:10.864 | INFO     | trainer_1:_train_one_epoch:209 - test 15 cost time 10.08s, result: {'hit@1': 0.0077, 'ndcg@1': 0.0077, 'hit@5': 0.0303, 'ndcg@5': 0.0189, 'hit@10': 0.0534, 'ndcg@10': 0.0263, 'hit@15': 0.0732, 'ndcg@15': 0.0315, 'hit@20': 0.0894, 'ndcg@20': 0.0353, 'hit@40': 0.1486, 'ndcg@40': 0.0474} 
2024-10-10 18:14:31.779 | INFO     | trainer_1:_train_one_epoch:193 - epoch 16 8.17s Train loss is [0.4393] 
2024-10-10 18:14:41.815 | INFO     | trainer_1:_train_one_epoch:201 - validate 16 cost time 10.04s, result: {'hit@1': 0.0118, 'ndcg@1': 0.0118, 'hit@5': 0.0472, 'ndcg@5': 0.0293, 'hit@10': 0.0792, 'ndcg@10': 0.0395, 'hit@15': 0.1066, 'ndcg@15': 0.0468, 'hit@20': 0.132, 'ndcg@20': 0.0528, 'hit@40': 0.2107, 'ndcg@40': 0.0687} 
2024-10-10 18:14:52.342 | INFO     | trainer_1:_train_one_epoch:209 - test 16 cost time 10.53s, result: {'hit@1': 0.0075, 'ndcg@1': 0.0075, 'hit@5': 0.032, 'ndcg@5': 0.0196, 'hit@10': 0.0548, 'ndcg@10': 0.0269, 'hit@15': 0.0754, 'ndcg@15': 0.0323, 'hit@20': 0.0915, 'ndcg@20': 0.0361, 'hit@40': 0.1504, 'ndcg@40': 0.0481} 
2024-10-10 18:15:17.080 | INFO     | trainer_1:_train_one_epoch:193 - epoch 17 10.42s Train loss is [0.4318] 
2024-10-10 18:15:28.337 | INFO     | trainer_1:_train_one_epoch:201 - validate 17 cost time 11.26s, result: {'hit@1': 0.0118, 'ndcg@1': 0.0118, 'hit@5': 0.0453, 'ndcg@5': 0.0284, 'hit@10': 0.0785, 'ndcg@10': 0.039, 'hit@15': 0.106, 'ndcg@15': 0.0463, 'hit@20': 0.1315, 'ndcg@20': 0.0523, 'hit@40': 0.2127, 'ndcg@40': 0.0688} 
2024-10-10 18:15:39.431 | INFO     | trainer_1:_train_one_epoch:209 - test 17 cost time 11.09s, result: {'hit@1': 0.0081, 'ndcg@1': 0.0081, 'hit@5': 0.0307, 'ndcg@5': 0.0193, 'hit@10': 0.0532, 'ndcg@10': 0.0266, 'hit@15': 0.0728, 'ndcg@15': 0.0318, 'hit@20': 0.09, 'ndcg@20': 0.0358, 'hit@40': 0.1539, 'ndcg@40': 0.0488} 
2024-10-10 18:15:49.359 | INFO     | trainer_1:_train_one_epoch:193 - epoch 18 9.93s Train loss is [0.4122] 
2024-10-10 18:15:59.483 | INFO     | trainer_1:_train_one_epoch:201 - validate 18 cost time 10.12s, result: {'hit@1': 0.0131, 'ndcg@1': 0.0131, 'hit@5': 0.0489, 'ndcg@5': 0.0309, 'hit@10': 0.0834, 'ndcg@10': 0.042, 'hit@15': 0.1099, 'ndcg@15': 0.049, 'hit@20': 0.1338, 'ndcg@20': 0.0546, 'hit@40': 0.2133, 'ndcg@40': 0.0708} 
2024-10-10 18:16:09.326 | INFO     | trainer_1:_train_one_epoch:209 - test 18 cost time 9.84s, result: {'hit@1': 0.008, 'ndcg@1': 0.008, 'hit@5': 0.0322, 'ndcg@5': 0.0202, 'hit@10': 0.0557, 'ndcg@10': 0.0277, 'hit@15': 0.0756, 'ndcg@15': 0.0329, 'hit@20': 0.0931, 'ndcg@20': 0.0371, 'hit@40': 0.1526, 'ndcg@40': 0.0492} 
2024-10-10 18:16:30.660 | INFO     | trainer_1:_train_one_epoch:193 - epoch 19 9.32s Train loss is [0.4146] 
2024-10-10 18:16:41.475 | INFO     | trainer_1:_train_one_epoch:201 - validate 19 cost time 10.81s, result: {'hit@1': 0.0128, 'ndcg@1': 0.0128, 'hit@5': 0.0503, 'ndcg@5': 0.0315, 'hit@10': 0.0854, 'ndcg@10': 0.0427, 'hit@15': 0.1161, 'ndcg@15': 0.0508, 'hit@20': 0.1416, 'ndcg@20': 0.0568, 'hit@40': 0.2234, 'ndcg@40': 0.0735} 
2024-10-10 18:16:51.284 | INFO     | trainer_1:_train_one_epoch:209 - test 19 cost time 9.81s, result: {'hit@1': 0.008, 'ndcg@1': 0.008, 'hit@5': 0.0338, 'ndcg@5': 0.0208, 'hit@10': 0.057, 'ndcg@10': 0.0282, 'hit@15': 0.0784, 'ndcg@15': 0.0339, 'hit@20': 0.0955, 'ndcg@20': 0.0379, 'hit@40': 0.1581, 'ndcg@40': 0.0506} 
2024-10-10 18:17:12.584 | INFO     | trainer_1:_train_one_epoch:193 - epoch 20 9.17s Train loss is [0.4032] 
2024-10-10 18:17:22.791 | INFO     | trainer_1:_train_one_epoch:201 - validate 20 cost time 10.21s, result: {'hit@1': 0.0134, 'ndcg@1': 0.0134, 'hit@5': 0.0501, 'ndcg@5': 0.0315, 'hit@10': 0.0847, 'ndcg@10': 0.0427, 'hit@15': 0.1098, 'ndcg@15': 0.0493, 'hit@20': 0.1344, 'ndcg@20': 0.0551, 'hit@40': 0.2171, 'ndcg@40': 0.0719} 
2024-10-10 18:17:33.212 | INFO     | trainer_1:_train_one_epoch:209 - test 20 cost time 10.42s, result: {'hit@1': 0.0084, 'ndcg@1': 0.0084, 'hit@5': 0.0328, 'ndcg@5': 0.0206, 'hit@10': 0.0561, 'ndcg@10': 0.0281, 'hit@15': 0.0753, 'ndcg@15': 0.0332, 'hit@20': 0.0935, 'ndcg@20': 0.0374, 'hit@40': 0.1523, 'ndcg@40': 0.0494} 
2024-10-10 18:17:43.075 | INFO     | trainer_1:_train_one_epoch:193 - epoch 21 9.86s Train loss is [0.3955] 
2024-10-10 18:17:54.224 | INFO     | trainer_1:_train_one_epoch:201 - validate 21 cost time 11.15s, result: {'hit@1': 0.0139, 'ndcg@1': 0.0139, 'hit@5': 0.0507, 'ndcg@5': 0.0321, 'hit@10': 0.0851, 'ndcg@10': 0.0431, 'hit@15': 0.1145, 'ndcg@15': 0.0509, 'hit@20': 0.1397, 'ndcg@20': 0.0568, 'hit@40': 0.2209, 'ndcg@40': 0.0734} 
2024-10-10 18:18:04.841 | INFO     | trainer_1:_train_one_epoch:209 - test 21 cost time 10.62s, result: {'hit@1': 0.0095, 'ndcg@1': 0.0095, 'hit@5': 0.0329, 'ndcg@5': 0.0211, 'hit@10': 0.0566, 'ndcg@10': 0.0288, 'hit@15': 0.0765, 'ndcg@15': 0.0341, 'hit@20': 0.095, 'ndcg@20': 0.0384, 'hit@40': 0.1556, 'ndcg@40': 0.0507} 
2024-10-10 18:18:13.433 | INFO     | trainer_1:_train_one_epoch:193 - epoch 22 8.59s Train loss is [0.4011] 
2024-10-10 18:18:24.513 | INFO     | trainer_1:_train_one_epoch:201 - validate 22 cost time 11.08s, result: {'hit@1': 0.0138, 'ndcg@1': 0.0138, 'hit@5': 0.0522, 'ndcg@5': 0.0331, 'hit@10': 0.0894, 'ndcg@10': 0.045, 'hit@15': 0.1194, 'ndcg@15': 0.053, 'hit@20': 0.1452, 'ndcg@20': 0.0591, 'hit@40': 0.2317, 'ndcg@40': 0.0767} 
2024-10-10 18:18:35.501 | INFO     | trainer_1:_train_one_epoch:209 - test 22 cost time 10.99s, result: {'hit@1': 0.0095, 'ndcg@1': 0.0095, 'hit@5': 0.036, 'ndcg@5': 0.0226, 'hit@10': 0.0599, 'ndcg@10': 0.0303, 'hit@15': 0.0816, 'ndcg@15': 0.0361, 'hit@20': 0.0991, 'ndcg@20': 0.0402, 'hit@40': 0.1638, 'ndcg@40': 0.0533} 
2024-10-10 18:18:59.381 | INFO     | trainer_1:_train_one_epoch:193 - epoch 23 9.14s Train loss is [0.3870] 
2024-10-10 18:19:09.361 | INFO     | trainer_1:_train_one_epoch:201 - validate 23 cost time 9.98s, result: {'hit@1': 0.0128, 'ndcg@1': 0.0128, 'hit@5': 0.048, 'ndcg@5': 0.0302, 'hit@10': 0.0831, 'ndcg@10': 0.0414, 'hit@15': 0.1119, 'ndcg@15': 0.049, 'hit@20': 0.1371, 'ndcg@20': 0.0549, 'hit@40': 0.2196, 'ndcg@40': 0.0717} 
2024-10-10 18:19:20.003 | INFO     | trainer_1:_train_one_epoch:209 - test 23 cost time 10.64s, result: {'hit@1': 0.0089, 'ndcg@1': 0.0089, 'hit@5': 0.0319, 'ndcg@5': 0.0204, 'hit@10': 0.054, 'ndcg@10': 0.0274, 'hit@15': 0.0749, 'ndcg@15': 0.0329, 'hit@20': 0.0929, 'ndcg@20': 0.0372, 'hit@40': 0.1571, 'ndcg@40': 0.0502} 
2024-10-10 18:19:30.076 | INFO     | trainer_1:_train_one_epoch:193 - epoch 24 10.07s Train loss is [0.3827] 
2024-10-10 18:19:40.498 | INFO     | trainer_1:_train_one_epoch:201 - validate 24 cost time 10.42s, result: {'hit@1': 0.0142, 'ndcg@1': 0.0142, 'hit@5': 0.0496, 'ndcg@5': 0.032, 'hit@10': 0.0828, 'ndcg@10': 0.0427, 'hit@15': 0.111, 'ndcg@15': 0.0502, 'hit@20': 0.1356, 'ndcg@20': 0.056, 'hit@40': 0.2166, 'ndcg@40': 0.0725} 
2024-10-10 18:19:50.480 | INFO     | trainer_1:_train_one_epoch:209 - test 24 cost time 9.98s, result: {'hit@1': 0.0087, 'ndcg@1': 0.0087, 'hit@5': 0.0333, 'ndcg@5': 0.0211, 'hit@10': 0.0547, 'ndcg@10': 0.0279, 'hit@15': 0.075, 'ndcg@15': 0.0333, 'hit@20': 0.0929, 'ndcg@20': 0.0375, 'hit@40': 0.1547, 'ndcg@40': 0.0501} 
2024-10-10 18:19:58.696 | INFO     | trainer_1:_train_one_epoch:193 - epoch 25 8.22s Train loss is [0.3803] 
2024-10-10 18:20:08.911 | INFO     | trainer_1:_train_one_epoch:201 - validate 25 cost time 10.21s, result: {'hit@1': 0.0134, 'ndcg@1': 0.0134, 'hit@5': 0.0559, 'ndcg@5': 0.0346, 'hit@10': 0.0918, 'ndcg@10': 0.0461, 'hit@15': 0.1235, 'ndcg@15': 0.0545, 'hit@20': 0.15, 'ndcg@20': 0.0607, 'hit@40': 0.2383, 'ndcg@40': 0.0787} 
2024-10-10 18:20:18.650 | INFO     | trainer_1:_train_one_epoch:209 - test 25 cost time 9.74s, result: {'hit@1': 0.0103, 'ndcg@1': 0.0103, 'hit@5': 0.0351, 'ndcg@5': 0.0227, 'hit@10': 0.0598, 'ndcg@10': 0.0306, 'hit@15': 0.0817, 'ndcg@15': 0.0364, 'hit@20': 0.1004, 'ndcg@20': 0.0408, 'hit@40': 0.1655, 'ndcg@40': 0.054} 
2024-10-10 18:20:27.906 | INFO     | trainer_1:_train_one_epoch:193 - epoch 26 9.25s Train loss is [0.3867] 
2024-10-10 18:20:38.498 | INFO     | trainer_1:_train_one_epoch:201 - validate 26 cost time 10.59s, result: {'hit@1': 0.0151, 'ndcg@1': 0.0151, 'hit@5': 0.0558, 'ndcg@5': 0.0355, 'hit@10': 0.0915, 'ndcg@10': 0.047, 'hit@15': 0.1214, 'ndcg@15': 0.0549, 'hit@20': 0.1492, 'ndcg@20': 0.0615, 'hit@40': 0.2356, 'ndcg@40': 0.079} 
2024-10-10 18:20:48.484 | INFO     | trainer_1:_train_one_epoch:209 - test 26 cost time 9.99s, result: {'hit@1': 0.0105, 'ndcg@1': 0.0105, 'hit@5': 0.0365, 'ndcg@5': 0.0235, 'hit@10': 0.0607, 'ndcg@10': 0.0313, 'hit@15': 0.0814, 'ndcg@15': 0.0367, 'hit@20': 0.0995, 'ndcg@20': 0.041, 'hit@40': 0.1638, 'ndcg@40': 0.0541} 
2024-10-10 18:21:12.132 | INFO     | trainer_1:_train_one_epoch:193 - epoch 27 9.03s Train loss is [0.3697] 
2024-10-10 18:21:20.089 | INFO     | trainer_1:_train_one_epoch:201 - validate 27 cost time 7.96s, result: {'hit@1': 0.015, 'ndcg@1': 0.015, 'hit@5': 0.0535, 'ndcg@5': 0.0344, 'hit@10': 0.088, 'ndcg@10': 0.0455, 'hit@15': 0.1168, 'ndcg@15': 0.0531, 'hit@20': 0.1429, 'ndcg@20': 0.0592, 'hit@40': 0.2269, 'ndcg@40': 0.0763} 
2024-10-10 18:21:29.933 | INFO     | trainer_1:_train_one_epoch:209 - test 27 cost time 9.84s, result: {'hit@1': 0.01, 'ndcg@1': 0.01, 'hit@5': 0.0347, 'ndcg@5': 0.0226, 'hit@10': 0.0592, 'ndcg@10': 0.0304, 'hit@15': 0.0795, 'ndcg@15': 0.0357, 'hit@20': 0.0972, 'ndcg@20': 0.0399, 'hit@40': 0.1577, 'ndcg@40': 0.0522} 
2024-10-10 18:21:39.322 | INFO     | trainer_1:_train_one_epoch:193 - epoch 28 9.39s Train loss is [0.3741] 
2024-10-10 18:21:48.535 | INFO     | trainer_1:_train_one_epoch:201 - validate 28 cost time 9.21s, result: {'hit@1': 0.0145, 'ndcg@1': 0.0145, 'hit@5': 0.0569, 'ndcg@5': 0.0356, 'hit@10': 0.0921, 'ndcg@10': 0.0469, 'hit@15': 0.1225, 'ndcg@15': 0.0549, 'hit@20': 0.1481, 'ndcg@20': 0.061, 'hit@40': 0.2325, 'ndcg@40': 0.0782} 
2024-10-10 18:21:55.407 | INFO     | trainer_1:_train_one_epoch:209 - test 28 cost time 6.87s, result: {'hit@1': 0.0109, 'ndcg@1': 0.0109, 'hit@5': 0.0366, 'ndcg@5': 0.0238, 'hit@10': 0.0624, 'ndcg@10': 0.032, 'hit@15': 0.084, 'ndcg@15': 0.0377, 'hit@20': 0.101, 'ndcg@20': 0.0417, 'hit@40': 0.1643, 'ndcg@40': 0.0546} 
2024-10-10 18:22:22.381 | INFO     | trainer_1:_train_one_epoch:193 - epoch 29 9.38s Train loss is [0.3768] 
2024-10-10 18:22:31.264 | INFO     | trainer_1:_train_one_epoch:201 - validate 29 cost time 8.88s, result: {'hit@1': 0.0157, 'ndcg@1': 0.0157, 'hit@5': 0.0553, 'ndcg@5': 0.0354, 'hit@10': 0.0913, 'ndcg@10': 0.0469, 'hit@15': 0.123, 'ndcg@15': 0.0553, 'hit@20': 0.1506, 'ndcg@20': 0.0618, 'hit@40': 0.2395, 'ndcg@40': 0.0799} 
2024-10-10 18:22:36.791 | INFO     | trainer_1:_train_one_epoch:209 - test 29 cost time 5.53s, result: {'hit@1': 0.0109, 'ndcg@1': 0.0109, 'hit@5': 0.0378, 'ndcg@5': 0.0244, 'hit@10': 0.0624, 'ndcg@10': 0.0323, 'hit@15': 0.0844, 'ndcg@15': 0.0381, 'hit@20': 0.1033, 'ndcg@20': 0.0425, 'hit@40': 0.1713, 'ndcg@40': 0.0564} 
2024-10-10 18:22:50.024 | INFO     | trainer_1:_train_one_epoch:193 - epoch 30 13.23s Train loss is [0.3750] 
2024-10-10 18:22:57.662 | INFO     | trainer_1:_train_one_epoch:201 - validate 30 cost time 7.64s, result: {'hit@1': 0.0157, 'ndcg@1': 0.0157, 'hit@5': 0.0564, 'ndcg@5': 0.0362, 'hit@10': 0.0932, 'ndcg@10': 0.048, 'hit@15': 0.1237, 'ndcg@15': 0.056, 'hit@20': 0.1509, 'ndcg@20': 0.0624, 'hit@40': 0.239, 'ndcg@40': 0.0803} 
2024-10-10 18:23:05.068 | INFO     | trainer_1:_train_one_epoch:209 - test 30 cost time 7.41s, result: {'hit@1': 0.0108, 'ndcg@1': 0.0108, 'hit@5': 0.037, 'ndcg@5': 0.0237, 'hit@10': 0.0619, 'ndcg@10': 0.0317, 'hit@15': 0.0831, 'ndcg@15': 0.0373, 'hit@20': 0.1024, 'ndcg@20': 0.0418, 'hit@40': 0.1644, 'ndcg@40': 0.0544} 
2024-10-10 18:23:18.109 | INFO     | trainer_1:_train_one_epoch:193 - epoch 31 13.04s Train loss is [0.3743] 
2024-10-10 18:23:23.527 | INFO     | trainer_1:_train_one_epoch:201 - validate 31 cost time 5.42s, result: {'hit@1': 0.016, 'ndcg@1': 0.016, 'hit@5': 0.0571, 'ndcg@5': 0.0366, 'hit@10': 0.0937, 'ndcg@10': 0.0484, 'hit@15': 0.1243, 'ndcg@15': 0.0564, 'hit@20': 0.1518, 'ndcg@20': 0.0629, 'hit@40': 0.236, 'ndcg@40': 0.0801} 
2024-10-10 18:23:29.001 | INFO     | trainer_1:_train_one_epoch:209 - test 31 cost time 5.47s, result: {'hit@1': 0.011, 'ndcg@1': 0.011, 'hit@5': 0.038, 'ndcg@5': 0.0244, 'hit@10': 0.0643, 'ndcg@10': 0.0328, 'hit@15': 0.0864, 'ndcg@15': 0.0386, 'hit@20': 0.1056, 'ndcg@20': 0.0432, 'hit@40': 0.1688, 'ndcg@40': 0.056} 
2024-10-10 18:23:53.179 | INFO     | trainer_1:_train_one_epoch:193 - epoch 32 11.39s Train loss is [0.3666] 
2024-10-10 18:24:01.114 | INFO     | trainer_1:_train_one_epoch:201 - validate 32 cost time 7.93s, result: {'hit@1': 0.0153, 'ndcg@1': 0.0153, 'hit@5': 0.0554, 'ndcg@5': 0.0354, 'hit@10': 0.0943, 'ndcg@10': 0.0478, 'hit@15': 0.1264, 'ndcg@15': 0.0563, 'hit@20': 0.1544, 'ndcg@20': 0.0629, 'hit@40': 0.2433, 'ndcg@40': 0.081} 
2024-10-10 18:24:07.165 | INFO     | trainer_1:_train_one_epoch:209 - test 32 cost time 6.05s, result: {'hit@1': 0.0104, 'ndcg@1': 0.0104, 'hit@5': 0.0387, 'ndcg@5': 0.0244, 'hit@10': 0.065, 'ndcg@10': 0.0329, 'hit@15': 0.0863, 'ndcg@15': 0.0385, 'hit@20': 0.1066, 'ndcg@20': 0.0433, 'hit@40': 0.174, 'ndcg@40': 0.057} 
2024-10-10 18:24:35.191 | INFO     | trainer_1:_train_one_epoch:193 - epoch 33 13.99s Train loss is [0.3492] 
2024-10-10 18:24:44.170 | INFO     | trainer_1:_train_one_epoch:201 - validate 33 cost time 8.98s, result: {'hit@1': 0.0151, 'ndcg@1': 0.0151, 'hit@5': 0.056, 'ndcg@5': 0.0358, 'hit@10': 0.0941, 'ndcg@10': 0.048, 'hit@15': 0.1272, 'ndcg@15': 0.0568, 'hit@20': 0.1541, 'ndcg@20': 0.0631, 'hit@40': 0.2483, 'ndcg@40': 0.0823} 
2024-10-10 18:24:52.573 | INFO     | trainer_1:_train_one_epoch:209 - test 33 cost time 8.40s, result: {'hit@1': 0.0112, 'ndcg@1': 0.0112, 'hit@5': 0.0401, 'ndcg@5': 0.0256, 'hit@10': 0.0653, 'ndcg@10': 0.0337, 'hit@15': 0.0874, 'ndcg@15': 0.0395, 'hit@20': 0.1079, 'ndcg@20': 0.0443, 'hit@40': 0.1745, 'ndcg@40': 0.0579} 
2024-10-10 18:25:22.042 | INFO     | trainer_1:_train_one_epoch:193 - epoch 34 14.23s Train loss is [0.3597] 
2024-10-10 18:25:32.406 | INFO     | trainer_1:_train_one_epoch:201 - validate 34 cost time 10.36s, result: {'hit@1': 0.0151, 'ndcg@1': 0.0151, 'hit@5': 0.0556, 'ndcg@5': 0.0353, 'hit@10': 0.0906, 'ndcg@10': 0.0464, 'hit@15': 0.1194, 'ndcg@15': 0.054, 'hit@20': 0.147, 'ndcg@20': 0.0606, 'hit@40': 0.2351, 'ndcg@40': 0.0785} 
2024-10-10 18:25:43.102 | INFO     | trainer_1:_train_one_epoch:209 - test 34 cost time 10.70s, result: {'hit@1': 0.0114, 'ndcg@1': 0.0114, 'hit@5': 0.039, 'ndcg@5': 0.0253, 'hit@10': 0.065, 'ndcg@10': 0.0337, 'hit@15': 0.0874, 'ndcg@15': 0.0396, 'hit@20': 0.1063, 'ndcg@20': 0.0441, 'hit@40': 0.1704, 'ndcg@40': 0.0571} 
2024-10-10 18:25:55.802 | INFO     | trainer_1:_train_one_epoch:193 - epoch 35 12.70s Train loss is [0.3546] 
2024-10-10 18:26:02.735 | INFO     | trainer_1:_train_one_epoch:201 - validate 35 cost time 6.93s, result: {'hit@1': 0.0153, 'ndcg@1': 0.0153, 'hit@5': 0.0552, 'ndcg@5': 0.0353, 'hit@10': 0.0903, 'ndcg@10': 0.0465, 'hit@15': 0.121, 'ndcg@15': 0.0546, 'hit@20': 0.1486, 'ndcg@20': 0.0612, 'hit@40': 0.2376, 'ndcg@40': 0.0793} 
2024-10-10 18:26:10.569 | INFO     | trainer_1:_train_one_epoch:209 - test 35 cost time 7.83s, result: {'hit@1': 0.0114, 'ndcg@1': 0.0114, 'hit@5': 0.0378, 'ndcg@5': 0.0245, 'hit@10': 0.0628, 'ndcg@10': 0.0325, 'hit@15': 0.0832, 'ndcg@15': 0.0379, 'hit@20': 0.1043, 'ndcg@20': 0.0429, 'hit@40': 0.1698, 'ndcg@40': 0.0562} 
2024-10-10 18:26:23.877 | INFO     | trainer_1:_train_one_epoch:193 - epoch 36 13.31s Train loss is [0.3573] 
2024-10-10 18:26:34.464 | INFO     | trainer_1:_train_one_epoch:201 - validate 36 cost time 10.59s, result: {'hit@1': 0.0149, 'ndcg@1': 0.0149, 'hit@5': 0.0558, 'ndcg@5': 0.0354, 'hit@10': 0.092, 'ndcg@10': 0.047, 'hit@15': 0.1233, 'ndcg@15': 0.0552, 'hit@20': 0.1525, 'ndcg@20': 0.0621, 'hit@40': 0.2426, 'ndcg@40': 0.0805} 
2024-10-10 18:26:43.759 | INFO     | trainer_1:_train_one_epoch:209 - test 36 cost time 9.29s, result: {'hit@1': 0.0103, 'ndcg@1': 0.0103, 'hit@5': 0.0368, 'ndcg@5': 0.0236, 'hit@10': 0.0625, 'ndcg@10': 0.0319, 'hit@15': 0.0851, 'ndcg@15': 0.0378, 'hit@20': 0.1046, 'ndcg@20': 0.0424, 'hit@40': 0.1711, 'ndcg@40': 0.0559} 
2024-10-10 18:26:55.666 | INFO     | trainer_1:_train_one_epoch:193 - epoch 37 11.91s Train loss is [0.3624] 
2024-10-10 18:27:02.824 | INFO     | trainer_1:_train_one_epoch:201 - validate 37 cost time 7.16s, result: {'hit@1': 0.0154, 'ndcg@1': 0.0154, 'hit@5': 0.0577, 'ndcg@5': 0.0365, 'hit@10': 0.0969, 'ndcg@10': 0.0491, 'hit@15': 0.13, 'ndcg@15': 0.0578, 'hit@20': 0.1586, 'ndcg@20': 0.0646, 'hit@40': 0.2477, 'ndcg@40': 0.0827} 
2024-10-10 18:27:09.763 | INFO     | trainer_1:_train_one_epoch:209 - test 37 cost time 6.94s, result: {'hit@1': 0.0112, 'ndcg@1': 0.0112, 'hit@5': 0.0399, 'ndcg@5': 0.0255, 'hit@10': 0.0657, 'ndcg@10': 0.0337, 'hit@15': 0.0889, 'ndcg@15': 0.0399, 'hit@20': 0.1095, 'ndcg@20': 0.0447, 'hit@40': 0.1789, 'ndcg@40': 0.0588} 
2024-10-10 18:27:35.328 | INFO     | trainer_1:_train_one_epoch:193 - epoch 38 12.88s Train loss is [0.3416] 
2024-10-10 18:27:42.890 | INFO     | trainer_1:_train_one_epoch:201 - validate 38 cost time 7.56s, result: {'hit@1': 0.0163, 'ndcg@1': 0.0163, 'hit@5': 0.0566, 'ndcg@5': 0.0366, 'hit@10': 0.0938, 'ndcg@10': 0.0485, 'hit@15': 0.1253, 'ndcg@15': 0.0568, 'hit@20': 0.1544, 'ndcg@20': 0.0636, 'hit@40': 0.2418, 'ndcg@40': 0.0814} 
2024-10-10 18:27:51.018 | INFO     | trainer_1:_train_one_epoch:209 - test 38 cost time 8.13s, result: {'hit@1': 0.0113, 'ndcg@1': 0.0113, 'hit@5': 0.039, 'ndcg@5': 0.025, 'hit@10': 0.0642, 'ndcg@10': 0.0331, 'hit@15': 0.0863, 'ndcg@15': 0.039, 'hit@20': 0.1055, 'ndcg@20': 0.0435, 'hit@40': 0.172, 'ndcg@40': 0.057} 
2024-10-10 18:28:03.999 | INFO     | trainer_1:_train_one_epoch:193 - epoch 39 12.98s Train loss is [0.3441] 
2024-10-10 18:28:13.063 | INFO     | trainer_1:_train_one_epoch:201 - validate 39 cost time 9.06s, result: {'hit@1': 0.0155, 'ndcg@1': 0.0155, 'hit@5': 0.0577, 'ndcg@5': 0.0366, 'hit@10': 0.097, 'ndcg@10': 0.0491, 'hit@15': 0.1284, 'ndcg@15': 0.0574, 'hit@20': 0.1546, 'ndcg@20': 0.0636, 'hit@40': 0.2457, 'ndcg@40': 0.0822} 
2024-10-10 18:28:19.145 | INFO     | trainer_1:_train_one_epoch:209 - test 39 cost time 6.08s, result: {'hit@1': 0.0112, 'ndcg@1': 0.0112, 'hit@5': 0.04, 'ndcg@5': 0.0255, 'hit@10': 0.0666, 'ndcg@10': 0.034, 'hit@15': 0.0907, 'ndcg@15': 0.0403, 'hit@20': 0.1108, 'ndcg@20': 0.0451, 'hit@40': 0.1792, 'ndcg@40': 0.059} 
2024-10-10 18:28:51.372 | INFO     | trainer_1:_train_one_epoch:193 - epoch 40 13.85s Train loss is [0.3443] 
2024-10-10 18:29:01.017 | INFO     | trainer_1:_train_one_epoch:201 - validate 40 cost time 9.64s, result: {'hit@1': 0.0158, 'ndcg@1': 0.0158, 'hit@5': 0.0587, 'ndcg@5': 0.0374, 'hit@10': 0.095, 'ndcg@10': 0.0491, 'hit@15': 0.1277, 'ndcg@15': 0.0577, 'hit@20': 0.1565, 'ndcg@20': 0.0645, 'hit@40': 0.2456, 'ndcg@40': 0.0826} 
2024-10-10 18:29:06.529 | INFO     | trainer_1:_train_one_epoch:209 - test 40 cost time 5.51s, result: {'hit@1': 0.0114, 'ndcg@1': 0.0114, 'hit@5': 0.0384, 'ndcg@5': 0.0249, 'hit@10': 0.0655, 'ndcg@10': 0.0336, 'hit@15': 0.0882, 'ndcg@15': 0.0396, 'hit@20': 0.108, 'ndcg@20': 0.0442, 'hit@40': 0.176, 'ndcg@40': 0.058} 
2024-10-10 18:29:19.846 | INFO     | trainer_1:_train_one_epoch:193 - epoch 41 13.32s Train loss is [0.3485] 
2024-10-10 18:29:29.008 | INFO     | trainer_1:_train_one_epoch:201 - validate 41 cost time 9.16s, result: {'hit@1': 0.0166, 'ndcg@1': 0.0166, 'hit@5': 0.058, 'ndcg@5': 0.0374, 'hit@10': 0.0967, 'ndcg@10': 0.0498, 'hit@15': 0.1262, 'ndcg@15': 0.0576, 'hit@20': 0.1541, 'ndcg@20': 0.0642, 'hit@40': 0.2445, 'ndcg@40': 0.0826} 
2024-10-10 18:29:38.446 | INFO     | trainer_1:_train_one_epoch:209 - test 41 cost time 9.44s, result: {'hit@1': 0.011, 'ndcg@1': 0.011, 'hit@5': 0.04, 'ndcg@5': 0.0254, 'hit@10': 0.0656, 'ndcg@10': 0.0335, 'hit@15': 0.0886, 'ndcg@15': 0.0396, 'hit@20': 0.109, 'ndcg@20': 0.0444, 'hit@40': 0.176, 'ndcg@40': 0.058} 
2024-10-10 18:29:49.816 | INFO     | trainer_1:_train_one_epoch:193 - epoch 42 11.37s Train loss is [0.3387] 
2024-10-10 18:29:58.042 | INFO     | trainer_1:_train_one_epoch:201 - validate 42 cost time 8.22s, result: {'hit@1': 0.0175, 'ndcg@1': 0.0175, 'hit@5': 0.0642, 'ndcg@5': 0.0406, 'hit@10': 0.1037, 'ndcg@10': 0.0532, 'hit@15': 0.136, 'ndcg@15': 0.0617, 'hit@20': 0.1648, 'ndcg@20': 0.0685, 'hit@40': 0.2561, 'ndcg@40': 0.0872} 
2024-10-10 18:30:06.494 | INFO     | trainer_1:_train_one_epoch:209 - test 42 cost time 8.45s, result: {'hit@1': 0.0107, 'ndcg@1': 0.0107, 'hit@5': 0.0411, 'ndcg@5': 0.026, 'hit@10': 0.0689, 'ndcg@10': 0.0349, 'hit@15': 0.0911, 'ndcg@15': 0.0408, 'hit@20': 0.1126, 'ndcg@20': 0.0458, 'hit@40': 0.1822, 'ndcg@40': 0.06} 
2024-10-10 18:30:33.727 | INFO     | trainer_1:_train_one_epoch:193 - epoch 43 14.80s Train loss is [0.3386] 
2024-10-10 18:30:41.916 | INFO     | trainer_1:_train_one_epoch:201 - validate 43 cost time 8.19s, result: {'hit@1': 0.0167, 'ndcg@1': 0.0167, 'hit@5': 0.0584, 'ndcg@5': 0.0376, 'hit@10': 0.0984, 'ndcg@10': 0.0504, 'hit@15': 0.1307, 'ndcg@15': 0.059, 'hit@20': 0.1602, 'ndcg@20': 0.0659, 'hit@40': 0.2518, 'ndcg@40': 0.0846} 
2024-10-10 18:30:51.035 | INFO     | trainer_1:_train_one_epoch:209 - test 43 cost time 9.12s, result: {'hit@1': 0.0113, 'ndcg@1': 0.0113, 'hit@5': 0.0409, 'ndcg@5': 0.0259, 'hit@10': 0.0678, 'ndcg@10': 0.0344, 'hit@15': 0.0906, 'ndcg@15': 0.0404, 'hit@20': 0.111, 'ndcg@20': 0.0453, 'hit@40': 0.1783, 'ndcg@40': 0.059} 
2024-10-10 18:31:02.992 | INFO     | trainer_1:_train_one_epoch:193 - epoch 44 11.96s Train loss is [0.3463] 
2024-10-10 18:31:11.768 | INFO     | trainer_1:_train_one_epoch:201 - validate 44 cost time 8.78s, result: {'hit@1': 0.0169, 'ndcg@1': 0.0169, 'hit@5': 0.0585, 'ndcg@5': 0.0379, 'hit@10': 0.0983, 'ndcg@10': 0.0506, 'hit@15': 0.1303, 'ndcg@15': 0.059, 'hit@20': 0.1579, 'ndcg@20': 0.0655, 'hit@40': 0.2484, 'ndcg@40': 0.084} 
2024-10-10 18:31:19.725 | INFO     | trainer_1:_train_one_epoch:209 - test 44 cost time 7.96s, result: {'hit@1': 0.0111, 'ndcg@1': 0.0111, 'hit@5': 0.0402, 'ndcg@5': 0.0255, 'hit@10': 0.0692, 'ndcg@10': 0.0347, 'hit@15': 0.0931, 'ndcg@15': 0.0411, 'hit@20': 0.112, 'ndcg@20': 0.0455, 'hit@40': 0.18, 'ndcg@40': 0.0593} 
2024-10-10 18:31:46.569 | INFO     | trainer_1:_train_one_epoch:193 - epoch 45 14.16s Train loss is [0.3442] 
2024-10-10 18:31:57.557 | INFO     | trainer_1:_train_one_epoch:201 - validate 45 cost time 10.99s, result: {'hit@1': 0.0163, 'ndcg@1': 0.0163, 'hit@5': 0.0622, 'ndcg@5': 0.0393, 'hit@10': 0.1013, 'ndcg@10': 0.0518, 'hit@15': 0.1316, 'ndcg@15': 0.0598, 'hit@20': 0.161, 'ndcg@20': 0.0668, 'hit@40': 0.2507, 'ndcg@40': 0.085} 
2024-10-10 18:32:07.165 | INFO     | trainer_1:_train_one_epoch:209 - test 45 cost time 9.61s, result: {'hit@1': 0.0109, 'ndcg@1': 0.0109, 'hit@5': 0.042, 'ndcg@5': 0.0262, 'hit@10': 0.07, 'ndcg@10': 0.0352, 'hit@15': 0.0935, 'ndcg@15': 0.0414, 'hit@20': 0.1139, 'ndcg@20': 0.0462, 'hit@40': 0.1799, 'ndcg@40': 0.0597} 
2024-10-10 18:32:40.033 | INFO     | trainer_1:_train_one_epoch:193 - epoch 46 13.60s Train loss is [0.3300] 
2024-10-10 18:32:49.414 | INFO     | trainer_1:_train_one_epoch:201 - validate 46 cost time 9.38s, result: {'hit@1': 0.0166, 'ndcg@1': 0.0166, 'hit@5': 0.0594, 'ndcg@5': 0.038, 'hit@10': 0.0992, 'ndcg@10': 0.0508, 'hit@15': 0.1306, 'ndcg@15': 0.0591, 'hit@20': 0.1559, 'ndcg@20': 0.0651, 'hit@40': 0.2459, 'ndcg@40': 0.0833} 
2024-10-10 18:32:56.974 | INFO     | trainer_1:_train_one_epoch:209 - test 46 cost time 7.56s, result: {'hit@1': 0.0106, 'ndcg@1': 0.0106, 'hit@5': 0.0421, 'ndcg@5': 0.0263, 'hit@10': 0.0685, 'ndcg@10': 0.0347, 'hit@15': 0.0914, 'ndcg@15': 0.0408, 'hit@20': 0.1116, 'ndcg@20': 0.0455, 'hit@40': 0.1779, 'ndcg@40': 0.059} 
2024-10-10 18:33:09.137 | INFO     | trainer_1:_train_one_epoch:193 - epoch 47 12.16s Train loss is [0.3328] 
2024-10-10 18:33:18.433 | INFO     | trainer_1:_train_one_epoch:201 - validate 47 cost time 9.30s, result: {'hit@1': 0.016, 'ndcg@1': 0.016, 'hit@5': 0.0574, 'ndcg@5': 0.0367, 'hit@10': 0.0969, 'ndcg@10': 0.0494, 'hit@15': 0.1263, 'ndcg@15': 0.0572, 'hit@20': 0.154, 'ndcg@20': 0.0637, 'hit@40': 0.2422, 'ndcg@40': 0.0816} 
2024-10-10 18:33:27.668 | INFO     | trainer_1:_train_one_epoch:209 - test 47 cost time 9.23s, result: {'hit@1': 0.0099, 'ndcg@1': 0.0099, 'hit@5': 0.038, 'ndcg@5': 0.024, 'hit@10': 0.0653, 'ndcg@10': 0.0328, 'hit@15': 0.0884, 'ndcg@15': 0.0388, 'hit@20': 0.1082, 'ndcg@20': 0.0435, 'hit@40': 0.1729, 'ndcg@40': 0.0566} 
2024-10-10 18:33:39.824 | INFO     | trainer_1:_train_one_epoch:193 - epoch 48 12.16s Train loss is [0.3265] 
2024-10-10 18:33:49.507 | INFO     | trainer_1:_train_one_epoch:201 - validate 48 cost time 9.68s, result: {'hit@1': 0.0181, 'ndcg@1': 0.0181, 'hit@5': 0.0625, 'ndcg@5': 0.0401, 'hit@10': 0.1012, 'ndcg@10': 0.0525, 'hit@15': 0.134, 'ndcg@15': 0.0611, 'hit@20': 0.1627, 'ndcg@20': 0.0679, 'hit@40': 0.2516, 'ndcg@40': 0.086} 
2024-10-10 18:33:59.970 | INFO     | trainer_1:_train_one_epoch:209 - test 48 cost time 10.46s, result: {'hit@1': 0.0108, 'ndcg@1': 0.0108, 'hit@5': 0.0417, 'ndcg@5': 0.0262, 'hit@10': 0.0712, 'ndcg@10': 0.0357, 'hit@15': 0.0947, 'ndcg@15': 0.0419, 'hit@20': 0.1146, 'ndcg@20': 0.0466, 'hit@40': 0.182, 'ndcg@40': 0.0603} 
2024-10-10 18:34:32.644 | INFO     | trainer_1:_train_one_epoch:193 - epoch 49 13.32s Train loss is [0.3367] 
2024-10-10 18:34:41.812 | INFO     | trainer_1:_train_one_epoch:201 - validate 49 cost time 9.17s, result: {'hit@1': 0.0168, 'ndcg@1': 0.0168, 'hit@5': 0.059, 'ndcg@5': 0.0379, 'hit@10': 0.0967, 'ndcg@10': 0.05, 'hit@15': 0.1278, 'ndcg@15': 0.0582, 'hit@20': 0.1546, 'ndcg@20': 0.0646, 'hit@40': 0.244, 'ndcg@40': 0.0828} 
2024-10-10 18:34:51.462 | INFO     | trainer_1:_train_one_epoch:209 - test 49 cost time 9.65s, result: {'hit@1': 0.0101, 'ndcg@1': 0.0101, 'hit@5': 0.0403, 'ndcg@5': 0.0252, 'hit@10': 0.0671, 'ndcg@10': 0.0338, 'hit@15': 0.09, 'ndcg@15': 0.0398, 'hit@20': 0.1107, 'ndcg@20': 0.0447, 'hit@40': 0.1744, 'ndcg@40': 0.0577} 
2024-10-10 18:35:05.287 | INFO     | trainer_1:_train_one_epoch:193 - epoch 50 13.82s Train loss is [0.3383] 
2024-10-10 18:35:11.843 | INFO     | trainer_1:_train_one_epoch:201 - validate 50 cost time 6.55s, result: {'hit@1': 0.0159, 'ndcg@1': 0.0159, 'hit@5': 0.0598, 'ndcg@5': 0.0376, 'hit@10': 0.1003, 'ndcg@10': 0.0506, 'hit@15': 0.1337, 'ndcg@15': 0.0595, 'hit@20': 0.1617, 'ndcg@20': 0.0661, 'hit@40': 0.2547, 'ndcg@40': 0.085} 
2024-10-10 18:35:18.304 | INFO     | trainer_1:_train_one_epoch:209 - test 50 cost time 6.46s, result: {'hit@1': 0.0102, 'ndcg@1': 0.0102, 'hit@5': 0.0403, 'ndcg@5': 0.0251, 'hit@10': 0.0684, 'ndcg@10': 0.0341, 'hit@15': 0.0914, 'ndcg@15': 0.0402, 'hit@20': 0.1131, 'ndcg@20': 0.0453, 'hit@40': 0.1788, 'ndcg@40': 0.0587} 
2024-10-10 18:35:31.045 | INFO     | trainer_1:_train_one_epoch:193 - epoch 51 12.74s Train loss is [0.3335] 
2024-10-10 18:35:38.453 | INFO     | trainer_1:_train_one_epoch:201 - validate 51 cost time 7.41s, result: {'hit@1': 0.0169, 'ndcg@1': 0.0169, 'hit@5': 0.0623, 'ndcg@5': 0.0396, 'hit@10': 0.1035, 'ndcg@10': 0.0529, 'hit@15': 0.136, 'ndcg@15': 0.0615, 'hit@20': 0.1646, 'ndcg@20': 0.0682, 'hit@40': 0.2582, 'ndcg@40': 0.0873} 
2024-10-10 18:35:44.583 | INFO     | trainer_1:_train_one_epoch:209 - test 51 cost time 6.13s, result: {'hit@1': 0.0109, 'ndcg@1': 0.0109, 'hit@5': 0.0406, 'ndcg@5': 0.0257, 'hit@10': 0.0711, 'ndcg@10': 0.0354, 'hit@15': 0.0949, 'ndcg@15': 0.0417, 'hit@20': 0.1155, 'ndcg@20': 0.0466, 'hit@40': 0.185, 'ndcg@40': 0.0607} 
2024-10-10 18:35:54.743 | INFO     | trainer_1:_train_one_epoch:193 - epoch 52 10.16s Train loss is [0.3256] 
2024-10-10 18:36:05.320 | INFO     | trainer_1:_train_one_epoch:201 - validate 52 cost time 10.58s, result: {'hit@1': 0.0163, 'ndcg@1': 0.0163, 'hit@5': 0.0593, 'ndcg@5': 0.0376, 'hit@10': 0.0967, 'ndcg@10': 0.0496, 'hit@15': 0.1288, 'ndcg@15': 0.0581, 'hit@20': 0.158, 'ndcg@20': 0.065, 'hit@40': 0.248, 'ndcg@40': 0.0833} 
2024-10-10 18:36:15.658 | INFO     | trainer_1:_train_one_epoch:209 - test 52 cost time 10.34s, result: {'hit@1': 0.0108, 'ndcg@1': 0.0108, 'hit@5': 0.0398, 'ndcg@5': 0.0253, 'hit@10': 0.0672, 'ndcg@10': 0.034, 'hit@15': 0.0909, 'ndcg@15': 0.0403, 'hit@20': 0.1103, 'ndcg@20': 0.0449, 'hit@40': 0.1787, 'ndcg@40': 0.0588} 
2024-10-10 18:36:25.628 | INFO     | trainer_1:_train_one_epoch:193 - epoch 53 9.97s Train loss is [0.3303] 
2024-10-10 18:36:36.098 | INFO     | trainer_1:_train_one_epoch:201 - validate 53 cost time 10.47s, result: {'hit@1': 0.0168, 'ndcg@1': 0.0168, 'hit@5': 0.0601, 'ndcg@5': 0.0385, 'hit@10': 0.0982, 'ndcg@10': 0.0507, 'hit@15': 0.1291, 'ndcg@15': 0.0589, 'hit@20': 0.1585, 'ndcg@20': 0.0658, 'hit@40': 0.2487, 'ndcg@40': 0.0842} 
2024-10-10 18:36:45.902 | INFO     | trainer_1:_train_one_epoch:209 - test 53 cost time 9.80s, result: {'hit@1': 0.0105, 'ndcg@1': 0.0105, 'hit@5': 0.0407, 'ndcg@5': 0.0255, 'hit@10': 0.0677, 'ndcg@10': 0.0342, 'hit@15': 0.0889, 'ndcg@15': 0.0398, 'hit@20': 0.1092, 'ndcg@20': 0.0445, 'hit@40': 0.1774, 'ndcg@40': 0.0584} 
2024-10-10 18:36:45.913 | INFO     | trainer_1:train_model:163 - training end, best iteration 48, results: {'hit@1': 0.0181, 'ndcg@1': 0.0181, 'hit@5': 0.0625, 'ndcg@5': 0.0401, 'hit@10': 0.1012, 'ndcg@10': 0.0525, 'hit@15': 0.134, 'ndcg@15': 0.0611, 'hit@20': 0.1627, 'ndcg@20': 0.0679, 'hit@40': 0.2516, 'ndcg@40': 0.086}
2024-10-10 18:36:45.913 | INFO     | trainer_1:train_model:166 - final test result is:  {'hit@1': 0.0108, 'ndcg@1': 0.0108, 'hit@5': 0.0417, 'ndcg@5': 0.0262, 'hit@10': 0.0712, 'ndcg@10': 0.0357, 'hit@15': 0.0947, 'ndcg@15': 0.0419, 'hit@20': 0.1146, 'ndcg@20': 0.0466, 'hit@40': 0.182, 'ndcg@40': 0.0603}
2024-10-10 18:36:46.399 | INFO     | __main__:<module>:119 - train end total cost time: 2725.08327960968
