2024-10-11 00:03:55.224 | INFO     | __main__:<module>:105 - Namespace(TIME='2024-10-11 00_03_23', batch_size=1024, behaviors=['view', 'cart', 'buy'], check_point='model_pre_1_2024-10-08 12_35_44.pth', data_name='beibei', data_path='./data/beibei', decay=0.001, device='cuda:1', dim_qk=32, dim_v=64, distill_layers=2, distill_thres=0.5, distill_topK=40, distill_userK=8, embedding_size=64, epochs=100, gpu_no=1, if_load_model=True, ii_lambda=200, initializer_range=0.02, layers=2, loss_type='bpr', lr=0.001, message_dropout=0.25, metrics=['hit', 'ndcg'], min_epoch=5, model_name='main_1', model_path='./check_point', node_dropout=0.75, omega=1, pt_loop=50, reg_weight=0.001, test_batch_size=1024, testbatch=1024, topk=[1, 5, 10, 15, 20, 40], uu_lambda=100)
2024-10-11 00:03:55.224 | INFO     | __main__:<module>:106 - BIPN(
  (message_dropout): Dropout(p=0.25, inplace=False)
  (user_embedding): Embedding(21717, 64, padding_idx=0)
  (item_embedding): Embedding(7978, 64, padding_idx=0)
  (global_Graph): LightGCN()
  (Graph_encoder): ModuleDict(
    (view): GraphEncoder(
      (light): LightGCN()
      (dropout): Dropout(p=0.75, inplace=False)
    )
    (cart): GraphEncoder(
      (light): LightGCN()
      (dropout): Dropout(p=0.75, inplace=False)
    )
    (buy): GraphEncoder(
      (light): LightGCN()
      (dropout): Dropout(p=0.75, inplace=False)
    )
  )
  (attention): Mutual_Attention()
  (bpr_loss): BPRLoss()
  (emb_loss): EmbLoss()
  (f): Sigmoid()
)
2024-10-11 00:32:05.931 | INFO     | trainer_1:_train_one_epoch:193 - epoch 1 6.35s Train loss is [0.9454] 
2024-10-11 00:32:12.893 | INFO     | trainer_1:_train_one_epoch:201 - validate 1 cost time 6.96s, result: {'hit@1': 0.0047, 'ndcg@1': 0.0047, 'hit@5': 0.0231, 'ndcg@5': 0.014, 'hit@10': 0.045, 'ndcg@10': 0.021, 'hit@15': 0.0629, 'ndcg@15': 0.0257, 'hit@20': 0.0819, 'ndcg@20': 0.0302, 'hit@40': 0.141, 'ndcg@40': 0.0423} 
2024-10-11 00:32:20.175 | INFO     | trainer_1:_train_one_epoch:209 - test 1 cost time 7.28s, result: {'hit@1': 0.0033, 'ndcg@1': 0.0033, 'hit@5': 0.0146, 'ndcg@5': 0.0089, 'hit@10': 0.0294, 'ndcg@10': 0.0136, 'hit@15': 0.0435, 'ndcg@15': 0.0173, 'hit@20': 0.057, 'ndcg@20': 0.0205, 'hit@40': 0.1058, 'ndcg@40': 0.0304} 
2024-10-11 00:32:37.309 | INFO     | trainer_1:_train_one_epoch:193 - epoch 2 6.74s Train loss is [0.7262] 
2024-10-11 00:32:44.196 | INFO     | trainer_1:_train_one_epoch:201 - validate 2 cost time 6.89s, result: {'hit@1': 0.007, 'ndcg@1': 0.007, 'hit@5': 0.0293, 'ndcg@5': 0.0179, 'hit@10': 0.0508, 'ndcg@10': 0.0247, 'hit@15': 0.071, 'ndcg@15': 0.0301, 'hit@20': 0.0905, 'ndcg@20': 0.0347, 'hit@40': 0.1547, 'ndcg@40': 0.0478} 
2024-10-11 00:32:51.482 | INFO     | trainer_1:_train_one_epoch:209 - test 2 cost time 7.29s, result: {'hit@1': 0.0039, 'ndcg@1': 0.0039, 'hit@5': 0.0189, 'ndcg@5': 0.0111, 'hit@10': 0.0351, 'ndcg@10': 0.0163, 'hit@15': 0.0504, 'ndcg@15': 0.0203, 'hit@20': 0.0641, 'ndcg@20': 0.0236, 'hit@40': 0.1155, 'ndcg@40': 0.034} 
2024-10-11 00:33:08.669 | INFO     | trainer_1:_train_one_epoch:193 - epoch 3 6.57s Train loss is [0.6302] 
2024-10-11 00:33:15.698 | INFO     | trainer_1:_train_one_epoch:201 - validate 3 cost time 7.03s, result: {'hit@1': 0.01, 'ndcg@1': 0.01, 'hit@5': 0.0333, 'ndcg@5': 0.0215, 'hit@10': 0.0594, 'ndcg@10': 0.0298, 'hit@15': 0.0836, 'ndcg@15': 0.0362, 'hit@20': 0.105, 'ndcg@20': 0.0412, 'hit@40': 0.1766, 'ndcg@40': 0.0558} 
2024-10-11 00:33:23.840 | INFO     | trainer_1:_train_one_epoch:209 - test 3 cost time 8.14s, result: {'hit@1': 0.0051, 'ndcg@1': 0.0051, 'hit@5': 0.0221, 'ndcg@5': 0.0134, 'hit@10': 0.0401, 'ndcg@10': 0.0192, 'hit@15': 0.0584, 'ndcg@15': 0.024, 'hit@20': 0.073, 'ndcg@20': 0.0275, 'hit@40': 0.1272, 'ndcg@40': 0.0385} 
2024-10-11 00:33:40.752 | INFO     | trainer_1:_train_one_epoch:193 - epoch 4 6.52s Train loss is [0.5796] 
2024-10-11 00:33:47.657 | INFO     | trainer_1:_train_one_epoch:201 - validate 4 cost time 6.90s, result: {'hit@1': 0.0103, 'ndcg@1': 0.0103, 'hit@5': 0.0376, 'ndcg@5': 0.0236, 'hit@10': 0.0682, 'ndcg@10': 0.0334, 'hit@15': 0.095, 'ndcg@15': 0.0405, 'hit@20': 0.1185, 'ndcg@20': 0.046, 'hit@40': 0.1972, 'ndcg@40': 0.062} 
2024-10-11 00:33:55.005 | INFO     | trainer_1:_train_one_epoch:209 - test 4 cost time 7.35s, result: {'hit@1': 0.0058, 'ndcg@1': 0.0058, 'hit@5': 0.0243, 'ndcg@5': 0.0148, 'hit@10': 0.0428, 'ndcg@10': 0.0207, 'hit@15': 0.0637, 'ndcg@15': 0.0262, 'hit@20': 0.082, 'ndcg@20': 0.0306, 'hit@40': 0.1404, 'ndcg@40': 0.0424} 
2024-10-11 00:34:11.701 | INFO     | trainer_1:_train_one_epoch:193 - epoch 5 6.56s Train loss is [0.5455] 
2024-10-11 00:34:18.306 | INFO     | trainer_1:_train_one_epoch:201 - validate 5 cost time 6.60s, result: {'hit@1': 0.012, 'ndcg@1': 0.012, 'hit@5': 0.043, 'ndcg@5': 0.0272, 'hit@10': 0.0735, 'ndcg@10': 0.037, 'hit@15': 0.0987, 'ndcg@15': 0.0436, 'hit@20': 0.1216, 'ndcg@20': 0.049, 'hit@40': 0.1955, 'ndcg@40': 0.0641} 
2024-10-11 00:34:26.444 | INFO     | trainer_1:_train_one_epoch:209 - test 5 cost time 8.14s, result: {'hit@1': 0.0056, 'ndcg@1': 0.0056, 'hit@5': 0.0252, 'ndcg@5': 0.0153, 'hit@10': 0.045, 'ndcg@10': 0.0217, 'hit@15': 0.0636, 'ndcg@15': 0.0266, 'hit@20': 0.079, 'ndcg@20': 0.0302, 'hit@40': 0.1342, 'ndcg@40': 0.0414} 
2024-10-11 00:34:42.952 | INFO     | trainer_1:_train_one_epoch:193 - epoch 6 6.18s Train loss is [0.5265] 
2024-10-11 00:34:47.943 | INFO     | trainer_1:_train_one_epoch:201 - validate 6 cost time 4.99s, result: {'hit@1': 0.0118, 'ndcg@1': 0.0118, 'hit@5': 0.0433, 'ndcg@5': 0.0274, 'hit@10': 0.0737, 'ndcg@10': 0.0371, 'hit@15': 0.1025, 'ndcg@15': 0.0447, 'hit@20': 0.1264, 'ndcg@20': 0.0503, 'hit@40': 0.2074, 'ndcg@40': 0.0668} 
2024-10-11 00:34:54.613 | INFO     | trainer_1:_train_one_epoch:209 - test 6 cost time 6.67s, result: {'hit@1': 0.0063, 'ndcg@1': 0.0063, 'hit@5': 0.0278, 'ndcg@5': 0.0168, 'hit@10': 0.0489, 'ndcg@10': 0.0235, 'hit@15': 0.0675, 'ndcg@15': 0.0284, 'hit@20': 0.086, 'ndcg@20': 0.0328, 'hit@40': 0.1462, 'ndcg@40': 0.0451} 
2024-10-11 00:35:11.142 | INFO     | trainer_1:_train_one_epoch:193 - epoch 7 6.25s Train loss is [0.5046] 
2024-10-11 00:35:18.530 | INFO     | trainer_1:_train_one_epoch:201 - validate 7 cost time 7.39s, result: {'hit@1': 0.0115, 'ndcg@1': 0.0115, 'hit@5': 0.0447, 'ndcg@5': 0.0281, 'hit@10': 0.0749, 'ndcg@10': 0.0378, 'hit@15': 0.1031, 'ndcg@15': 0.0452, 'hit@20': 0.1268, 'ndcg@20': 0.0508, 'hit@40': 0.2028, 'ndcg@40': 0.0663} 
2024-10-11 00:35:25.414 | INFO     | trainer_1:_train_one_epoch:209 - test 7 cost time 6.88s, result: {'hit@1': 0.0076, 'ndcg@1': 0.0076, 'hit@5': 0.027, 'ndcg@5': 0.0172, 'hit@10': 0.0484, 'ndcg@10': 0.0241, 'hit@15': 0.0673, 'ndcg@15': 0.029, 'hit@20': 0.084, 'ndcg@20': 0.033, 'hit@40': 0.143, 'ndcg@40': 0.045} 
2024-10-11 00:35:32.333 | INFO     | trainer_1:_train_one_epoch:193 - epoch 8 6.92s Train loss is [0.5075] 
2024-10-11 00:35:40.039 | INFO     | trainer_1:_train_one_epoch:201 - validate 8 cost time 7.71s, result: {'hit@1': 0.0121, 'ndcg@1': 0.0121, 'hit@5': 0.045, 'ndcg@5': 0.0284, 'hit@10': 0.0759, 'ndcg@10': 0.0383, 'hit@15': 0.1004, 'ndcg@15': 0.0447, 'hit@20': 0.1238, 'ndcg@20': 0.0502, 'hit@40': 0.1972, 'ndcg@40': 0.0652} 
2024-10-11 00:35:47.323 | INFO     | trainer_1:_train_one_epoch:209 - test 8 cost time 7.28s, result: {'hit@1': 0.0079, 'ndcg@1': 0.0079, 'hit@5': 0.0275, 'ndcg@5': 0.0176, 'hit@10': 0.0483, 'ndcg@10': 0.0242, 'hit@15': 0.0655, 'ndcg@15': 0.0288, 'hit@20': 0.0821, 'ndcg@20': 0.0327, 'hit@40': 0.1386, 'ndcg@40': 0.0442} 
2024-10-11 00:35:53.681 | INFO     | trainer_1:_train_one_epoch:193 - epoch 9 6.36s Train loss is [0.4915] 
2024-10-11 00:35:58.912 | INFO     | trainer_1:_train_one_epoch:201 - validate 9 cost time 5.23s, result: {'hit@1': 0.0107, 'ndcg@1': 0.0107, 'hit@5': 0.0463, 'ndcg@5': 0.0285, 'hit@10': 0.0801, 'ndcg@10': 0.0393, 'hit@15': 0.1107, 'ndcg@15': 0.0474, 'hit@20': 0.1377, 'ndcg@20': 0.0538, 'hit@40': 0.2221, 'ndcg@40': 0.0709} 
2024-10-11 00:36:04.006 | INFO     | trainer_1:_train_one_epoch:209 - test 9 cost time 5.09s, result: {'hit@1': 0.0072, 'ndcg@1': 0.0072, 'hit@5': 0.0302, 'ndcg@5': 0.0188, 'hit@10': 0.0529, 'ndcg@10': 0.0261, 'hit@15': 0.0717, 'ndcg@15': 0.031, 'hit@20': 0.0915, 'ndcg@20': 0.0357, 'hit@40': 0.158, 'ndcg@40': 0.0492} 
2024-10-11 00:36:20.745 | INFO     | trainer_1:_train_one_epoch:193 - epoch 10 6.32s Train loss is [0.4776] 
2024-10-11 00:36:28.073 | INFO     | trainer_1:_train_one_epoch:201 - validate 10 cost time 7.33s, result: {'hit@1': 0.0121, 'ndcg@1': 0.0121, 'hit@5': 0.0452, 'ndcg@5': 0.0286, 'hit@10': 0.078, 'ndcg@10': 0.0391, 'hit@15': 0.1055, 'ndcg@15': 0.0463, 'hit@20': 0.1282, 'ndcg@20': 0.0517, 'hit@40': 0.2045, 'ndcg@40': 0.0672} 
2024-10-11 00:36:35.367 | INFO     | trainer_1:_train_one_epoch:209 - test 10 cost time 7.29s, result: {'hit@1': 0.0067, 'ndcg@1': 0.0067, 'hit@5': 0.0302, 'ndcg@5': 0.0184, 'hit@10': 0.0501, 'ndcg@10': 0.0248, 'hit@15': 0.0685, 'ndcg@15': 0.0296, 'hit@20': 0.087, 'ndcg@20': 0.034, 'hit@40': 0.1441, 'ndcg@40': 0.0456} 
2024-10-11 00:36:41.626 | INFO     | trainer_1:_train_one_epoch:193 - epoch 11 6.26s Train loss is [0.4832] 
2024-10-11 00:36:48.467 | INFO     | trainer_1:_train_one_epoch:201 - validate 11 cost time 6.84s, result: {'hit@1': 0.0112, 'ndcg@1': 0.0112, 'hit@5': 0.045, 'ndcg@5': 0.0279, 'hit@10': 0.0797, 'ndcg@10': 0.039, 'hit@15': 0.1088, 'ndcg@15': 0.0467, 'hit@20': 0.1329, 'ndcg@20': 0.0523, 'hit@40': 0.2111, 'ndcg@40': 0.0683} 
2024-10-11 00:36:55.716 | INFO     | trainer_1:_train_one_epoch:209 - test 11 cost time 7.25s, result: {'hit@1': 0.0064, 'ndcg@1': 0.0064, 'hit@5': 0.0301, 'ndcg@5': 0.018, 'hit@10': 0.0528, 'ndcg@10': 0.0252, 'hit@15': 0.0723, 'ndcg@15': 0.0304, 'hit@20': 0.0905, 'ndcg@20': 0.0347, 'hit@40': 0.1504, 'ndcg@40': 0.0469} 
2024-10-11 00:37:01.906 | INFO     | trainer_1:_train_one_epoch:193 - epoch 12 6.19s Train loss is [0.4663] 
2024-10-11 00:37:09.179 | INFO     | trainer_1:_train_one_epoch:201 - validate 12 cost time 7.27s, result: {'hit@1': 0.0112, 'ndcg@1': 0.0112, 'hit@5': 0.0441, 'ndcg@5': 0.0273, 'hit@10': 0.0769, 'ndcg@10': 0.0378, 'hit@15': 0.1046, 'ndcg@15': 0.0451, 'hit@20': 0.1264, 'ndcg@20': 0.0502, 'hit@40': 0.2046, 'ndcg@40': 0.0662} 
2024-10-11 00:37:15.948 | INFO     | trainer_1:_train_one_epoch:209 - test 12 cost time 6.77s, result: {'hit@1': 0.0064, 'ndcg@1': 0.0064, 'hit@5': 0.0289, 'ndcg@5': 0.0175, 'hit@10': 0.0528, 'ndcg@10': 0.0251, 'hit@15': 0.0722, 'ndcg@15': 0.0302, 'hit@20': 0.0895, 'ndcg@20': 0.0343, 'hit@40': 0.1481, 'ndcg@40': 0.0462} 
2024-10-11 00:37:22.447 | INFO     | trainer_1:_train_one_epoch:193 - epoch 13 6.50s Train loss is [0.4454] 
2024-10-11 00:37:29.893 | INFO     | trainer_1:_train_one_epoch:201 - validate 13 cost time 7.45s, result: {'hit@1': 0.0111, 'ndcg@1': 0.0111, 'hit@5': 0.0438, 'ndcg@5': 0.0273, 'hit@10': 0.0802, 'ndcg@10': 0.0389, 'hit@15': 0.1095, 'ndcg@15': 0.0467, 'hit@20': 0.1355, 'ndcg@20': 0.0528, 'hit@40': 0.2202, 'ndcg@40': 0.07} 
2024-10-11 00:37:37.170 | INFO     | trainer_1:_train_one_epoch:209 - test 13 cost time 7.28s, result: {'hit@1': 0.0064, 'ndcg@1': 0.0064, 'hit@5': 0.0305, 'ndcg@5': 0.0182, 'hit@10': 0.0524, 'ndcg@10': 0.0252, 'hit@15': 0.0724, 'ndcg@15': 0.0305, 'hit@20': 0.0909, 'ndcg@20': 0.0348, 'hit@40': 0.1531, 'ndcg@40': 0.0475} 
2024-10-11 00:37:43.333 | INFO     | trainer_1:_train_one_epoch:193 - epoch 14 6.16s Train loss is [0.4461] 
2024-10-11 00:37:50.175 | INFO     | trainer_1:_train_one_epoch:201 - validate 14 cost time 6.84s, result: {'hit@1': 0.0117, 'ndcg@1': 0.0117, 'hit@5': 0.0436, 'ndcg@5': 0.0277, 'hit@10': 0.0786, 'ndcg@10': 0.0389, 'hit@15': 0.1076, 'ndcg@15': 0.0466, 'hit@20': 0.1312, 'ndcg@20': 0.0521, 'hit@40': 0.2121, 'ndcg@40': 0.0686} 
2024-10-11 00:37:56.856 | INFO     | trainer_1:_train_one_epoch:209 - test 14 cost time 6.68s, result: {'hit@1': 0.0075, 'ndcg@1': 0.0075, 'hit@5': 0.0303, 'ndcg@5': 0.0187, 'hit@10': 0.053, 'ndcg@10': 0.026, 'hit@15': 0.0735, 'ndcg@15': 0.0314, 'hit@20': 0.0903, 'ndcg@20': 0.0354, 'hit@40': 0.1513, 'ndcg@40': 0.0477} 
2024-10-11 00:38:14.427 | INFO     | trainer_1:_train_one_epoch:193 - epoch 15 6.37s Train loss is [0.4348] 
2024-10-11 00:38:19.505 | INFO     | trainer_1:_train_one_epoch:201 - validate 15 cost time 5.08s, result: {'hit@1': 0.0108, 'ndcg@1': 0.0108, 'hit@5': 0.0442, 'ndcg@5': 0.0273, 'hit@10': 0.0744, 'ndcg@10': 0.037, 'hit@15': 0.1011, 'ndcg@15': 0.044, 'hit@20': 0.1282, 'ndcg@20': 0.0504, 'hit@40': 0.2101, 'ndcg@40': 0.0671} 
2024-10-11 00:38:24.685 | INFO     | trainer_1:_train_one_epoch:209 - test 15 cost time 5.18s, result: {'hit@1': 0.0078, 'ndcg@1': 0.0078, 'hit@5': 0.0308, 'ndcg@5': 0.019, 'hit@10': 0.0528, 'ndcg@10': 0.026, 'hit@15': 0.0732, 'ndcg@15': 0.0314, 'hit@20': 0.0894, 'ndcg@20': 0.0352, 'hit@40': 0.148, 'ndcg@40': 0.0471} 
2024-10-11 00:38:31.080 | INFO     | trainer_1:_train_one_epoch:193 - epoch 16 6.39s Train loss is [0.4401] 
2024-10-11 00:38:38.206 | INFO     | trainer_1:_train_one_epoch:201 - validate 16 cost time 7.13s, result: {'hit@1': 0.0116, 'ndcg@1': 0.0116, 'hit@5': 0.0464, 'ndcg@5': 0.0289, 'hit@10': 0.0787, 'ndcg@10': 0.0392, 'hit@15': 0.1063, 'ndcg@15': 0.0465, 'hit@20': 0.1312, 'ndcg@20': 0.0524, 'hit@40': 0.2098, 'ndcg@40': 0.0684} 
2024-10-11 00:38:45.647 | INFO     | trainer_1:_train_one_epoch:209 - test 16 cost time 7.44s, result: {'hit@1': 0.0075, 'ndcg@1': 0.0075, 'hit@5': 0.0322, 'ndcg@5': 0.0197, 'hit@10': 0.0544, 'ndcg@10': 0.0268, 'hit@15': 0.0758, 'ndcg@15': 0.0324, 'hit@20': 0.0916, 'ndcg@20': 0.0361, 'hit@40': 0.1503, 'ndcg@40': 0.0481} 
2024-10-11 00:39:02.522 | INFO     | trainer_1:_train_one_epoch:193 - epoch 17 6.18s Train loss is [0.4327] 
2024-10-11 00:39:09.194 | INFO     | trainer_1:_train_one_epoch:201 - validate 17 cost time 6.67s, result: {'hit@1': 0.0115, 'ndcg@1': 0.0115, 'hit@5': 0.0453, 'ndcg@5': 0.0282, 'hit@10': 0.0783, 'ndcg@10': 0.0387, 'hit@15': 0.1067, 'ndcg@15': 0.0463, 'hit@20': 0.1312, 'ndcg@20': 0.052, 'hit@40': 0.2115, 'ndcg@40': 0.0684} 
2024-10-11 00:39:16.073 | INFO     | trainer_1:_train_one_epoch:209 - test 17 cost time 6.88s, result: {'hit@1': 0.0079, 'ndcg@1': 0.0079, 'hit@5': 0.0306, 'ndcg@5': 0.0193, 'hit@10': 0.0541, 'ndcg@10': 0.0268, 'hit@15': 0.0723, 'ndcg@15': 0.0317, 'hit@20': 0.0895, 'ndcg@20': 0.0357, 'hit@40': 0.1537, 'ndcg@40': 0.0487} 
2024-10-11 00:39:22.765 | INFO     | trainer_1:_train_one_epoch:193 - epoch 18 6.69s Train loss is [0.4131] 
2024-10-11 00:39:30.126 | INFO     | trainer_1:_train_one_epoch:201 - validate 18 cost time 7.36s, result: {'hit@1': 0.0129, 'ndcg@1': 0.0129, 'hit@5': 0.049, 'ndcg@5': 0.0309, 'hit@10': 0.0828, 'ndcg@10': 0.0418, 'hit@15': 0.11, 'ndcg@15': 0.049, 'hit@20': 0.1339, 'ndcg@20': 0.0546, 'hit@40': 0.2134, 'ndcg@40': 0.0708} 
2024-10-11 00:39:37.358 | INFO     | trainer_1:_train_one_epoch:209 - test 18 cost time 7.23s, result: {'hit@1': 0.008, 'ndcg@1': 0.008, 'hit@5': 0.0321, 'ndcg@5': 0.0201, 'hit@10': 0.0558, 'ndcg@10': 0.0277, 'hit@15': 0.075, 'ndcg@15': 0.0328, 'hit@20': 0.0924, 'ndcg@20': 0.0369, 'hit@40': 0.1526, 'ndcg@40': 0.0491} 
2024-10-11 00:39:54.675 | INFO     | trainer_1:_train_one_epoch:193 - epoch 19 6.66s Train loss is [0.4154] 
2024-10-11 00:40:02.340 | INFO     | trainer_1:_train_one_epoch:201 - validate 19 cost time 7.67s, result: {'hit@1': 0.0127, 'ndcg@1': 0.0127, 'hit@5': 0.05, 'ndcg@5': 0.0314, 'hit@10': 0.0865, 'ndcg@10': 0.043, 'hit@15': 0.1157, 'ndcg@15': 0.0507, 'hit@20': 0.1418, 'ndcg@20': 0.0569, 'hit@40': 0.2226, 'ndcg@40': 0.0733} 
2024-10-11 00:40:09.863 | INFO     | trainer_1:_train_one_epoch:209 - test 19 cost time 7.52s, result: {'hit@1': 0.008, 'ndcg@1': 0.008, 'hit@5': 0.0338, 'ndcg@5': 0.0209, 'hit@10': 0.0573, 'ndcg@10': 0.0284, 'hit@15': 0.0785, 'ndcg@15': 0.034, 'hit@20': 0.0956, 'ndcg@20': 0.038, 'hit@40': 0.1579, 'ndcg@40': 0.0507} 
2024-10-11 00:40:27.020 | INFO     | trainer_1:_train_one_epoch:193 - epoch 20 6.49s Train loss is [0.4040] 
2024-10-11 00:40:34.449 | INFO     | trainer_1:_train_one_epoch:201 - validate 20 cost time 7.43s, result: {'hit@1': 0.0134, 'ndcg@1': 0.0134, 'hit@5': 0.0504, 'ndcg@5': 0.0317, 'hit@10': 0.085, 'ndcg@10': 0.0427, 'hit@15': 0.1092, 'ndcg@15': 0.0491, 'hit@20': 0.1339, 'ndcg@20': 0.055, 'hit@40': 0.2158, 'ndcg@40': 0.0717} 
2024-10-11 00:40:41.662 | INFO     | trainer_1:_train_one_epoch:209 - test 20 cost time 7.21s, result: {'hit@1': 0.0085, 'ndcg@1': 0.0085, 'hit@5': 0.0325, 'ndcg@5': 0.0205, 'hit@10': 0.056, 'ndcg@10': 0.028, 'hit@15': 0.0746, 'ndcg@15': 0.0329, 'hit@20': 0.0929, 'ndcg@20': 0.0372, 'hit@40': 0.152, 'ndcg@40': 0.0493} 
2024-10-11 00:40:48.122 | INFO     | trainer_1:_train_one_epoch:193 - epoch 21 6.46s Train loss is [0.3963] 
2024-10-11 00:40:55.089 | INFO     | trainer_1:_train_one_epoch:201 - validate 21 cost time 6.97s, result: {'hit@1': 0.014, 'ndcg@1': 0.014, 'hit@5': 0.0502, 'ndcg@5': 0.032, 'hit@10': 0.0846, 'ndcg@10': 0.0431, 'hit@15': 0.1137, 'ndcg@15': 0.0508, 'hit@20': 0.1384, 'ndcg@20': 0.0566, 'hit@40': 0.2208, 'ndcg@40': 0.0734} 
2024-10-11 00:41:02.393 | INFO     | trainer_1:_train_one_epoch:209 - test 21 cost time 7.30s, result: {'hit@1': 0.0095, 'ndcg@1': 0.0095, 'hit@5': 0.0328, 'ndcg@5': 0.0212, 'hit@10': 0.0566, 'ndcg@10': 0.0288, 'hit@15': 0.0761, 'ndcg@15': 0.034, 'hit@20': 0.0945, 'ndcg@20': 0.0383, 'hit@40': 0.155, 'ndcg@40': 0.0506} 
2024-10-11 00:41:08.761 | INFO     | trainer_1:_train_one_epoch:193 - epoch 22 6.37s Train loss is [0.4015] 
2024-10-11 00:41:16.174 | INFO     | trainer_1:_train_one_epoch:201 - validate 22 cost time 7.41s, result: {'hit@1': 0.0139, 'ndcg@1': 0.0139, 'hit@5': 0.0524, 'ndcg@5': 0.0331, 'hit@10': 0.09, 'ndcg@10': 0.0452, 'hit@15': 0.1188, 'ndcg@15': 0.0528, 'hit@20': 0.145, 'ndcg@20': 0.0589, 'hit@40': 0.2313, 'ndcg@40': 0.0765} 
2024-10-11 00:41:23.095 | INFO     | trainer_1:_train_one_epoch:209 - test 22 cost time 6.92s, result: {'hit@1': 0.0094, 'ndcg@1': 0.0094, 'hit@5': 0.0357, 'ndcg@5': 0.0225, 'hit@10': 0.0599, 'ndcg@10': 0.0303, 'hit@15': 0.0817, 'ndcg@15': 0.0361, 'hit@20': 0.0989, 'ndcg@20': 0.0401, 'hit@40': 0.163, 'ndcg@40': 0.0531} 
2024-10-11 00:41:39.998 | INFO     | trainer_1:_train_one_epoch:193 - epoch 23 6.29s Train loss is [0.3874] 
2024-10-11 00:41:48.064 | INFO     | trainer_1:_train_one_epoch:201 - validate 23 cost time 8.07s, result: {'hit@1': 0.0123, 'ndcg@1': 0.0123, 'hit@5': 0.0476, 'ndcg@5': 0.0299, 'hit@10': 0.0831, 'ndcg@10': 0.0412, 'hit@15': 0.1112, 'ndcg@15': 0.0486, 'hit@20': 0.1361, 'ndcg@20': 0.0545, 'hit@40': 0.2186, 'ndcg@40': 0.0713} 
2024-10-11 00:41:55.483 | INFO     | trainer_1:_train_one_epoch:209 - test 23 cost time 7.42s, result: {'hit@1': 0.009, 'ndcg@1': 0.009, 'hit@5': 0.0316, 'ndcg@5': 0.0202, 'hit@10': 0.0539, 'ndcg@10': 0.0273, 'hit@15': 0.0746, 'ndcg@15': 0.0328, 'hit@20': 0.0921, 'ndcg@20': 0.0369, 'hit@40': 0.1569, 'ndcg@40': 0.0501} 
2024-10-11 00:42:01.477 | INFO     | trainer_1:_train_one_epoch:193 - epoch 24 5.99s Train loss is [0.3830] 
2024-10-11 00:42:07.445 | INFO     | trainer_1:_train_one_epoch:201 - validate 24 cost time 5.97s, result: {'hit@1': 0.0143, 'ndcg@1': 0.0143, 'hit@5': 0.0503, 'ndcg@5': 0.0323, 'hit@10': 0.0835, 'ndcg@10': 0.0429, 'hit@15': 0.1106, 'ndcg@15': 0.0501, 'hit@20': 0.1361, 'ndcg@20': 0.0561, 'hit@40': 0.2161, 'ndcg@40': 0.0724} 
2024-10-11 00:42:14.077 | INFO     | trainer_1:_train_one_epoch:209 - test 24 cost time 6.63s, result: {'hit@1': 0.0092, 'ndcg@1': 0.0092, 'hit@5': 0.0336, 'ndcg@5': 0.0215, 'hit@10': 0.0554, 'ndcg@10': 0.0285, 'hit@15': 0.0754, 'ndcg@15': 0.0338, 'hit@20': 0.0929, 'ndcg@20': 0.0379, 'hit@40': 0.1552, 'ndcg@40': 0.0506} 
2024-10-11 00:42:20.353 | INFO     | trainer_1:_train_one_epoch:193 - epoch 25 6.27s Train loss is [0.3807] 
2024-10-11 00:42:27.961 | INFO     | trainer_1:_train_one_epoch:201 - validate 25 cost time 7.61s, result: {'hit@1': 0.0136, 'ndcg@1': 0.0136, 'hit@5': 0.0558, 'ndcg@5': 0.0347, 'hit@10': 0.0919, 'ndcg@10': 0.0463, 'hit@15': 0.123, 'ndcg@15': 0.0545, 'hit@20': 0.1499, 'ndcg@20': 0.0608, 'hit@40': 0.2382, 'ndcg@40': 0.0788} 
2024-10-11 00:42:35.538 | INFO     | trainer_1:_train_one_epoch:209 - test 25 cost time 7.58s, result: {'hit@1': 0.0103, 'ndcg@1': 0.0103, 'hit@5': 0.0348, 'ndcg@5': 0.0226, 'hit@10': 0.0601, 'ndcg@10': 0.0307, 'hit@15': 0.0825, 'ndcg@15': 0.0366, 'hit@20': 0.1007, 'ndcg@20': 0.0409, 'hit@40': 0.1656, 'ndcg@40': 0.0541} 
2024-10-11 00:42:52.893 | INFO     | trainer_1:_train_one_epoch:193 - epoch 26 6.37s Train loss is [0.3873] 
2024-10-11 00:43:00.783 | INFO     | trainer_1:_train_one_epoch:201 - validate 26 cost time 7.89s, result: {'hit@1': 0.0148, 'ndcg@1': 0.0148, 'hit@5': 0.0555, 'ndcg@5': 0.0354, 'hit@10': 0.0915, 'ndcg@10': 0.0469, 'hit@15': 0.1216, 'ndcg@15': 0.0549, 'hit@20': 0.1494, 'ndcg@20': 0.0614, 'hit@40': 0.2346, 'ndcg@40': 0.0788} 
2024-10-11 00:43:08.235 | INFO     | trainer_1:_train_one_epoch:209 - test 26 cost time 7.45s, result: {'hit@1': 0.0107, 'ndcg@1': 0.0107, 'hit@5': 0.037, 'ndcg@5': 0.0237, 'hit@10': 0.0609, 'ndcg@10': 0.0314, 'hit@15': 0.0817, 'ndcg@15': 0.0369, 'hit@20': 0.0995, 'ndcg@20': 0.0411, 'hit@40': 0.164, 'ndcg@40': 0.0542} 
2024-10-11 00:43:24.976 | INFO     | trainer_1:_train_one_epoch:193 - epoch 27 6.30s Train loss is [0.3703] 
2024-10-11 00:43:32.969 | INFO     | trainer_1:_train_one_epoch:201 - validate 27 cost time 7.99s, result: {'hit@1': 0.0152, 'ndcg@1': 0.0152, 'hit@5': 0.0531, 'ndcg@5': 0.0344, 'hit@10': 0.0879, 'ndcg@10': 0.0455, 'hit@15': 0.1159, 'ndcg@15': 0.0529, 'hit@20': 0.1425, 'ndcg@20': 0.0591, 'hit@40': 0.2262, 'ndcg@40': 0.0762} 
2024-10-11 00:43:41.057 | INFO     | trainer_1:_train_one_epoch:209 - test 27 cost time 8.09s, result: {'hit@1': 0.0098, 'ndcg@1': 0.0098, 'hit@5': 0.0351, 'ndcg@5': 0.0226, 'hit@10': 0.059, 'ndcg@10': 0.0302, 'hit@15': 0.0799, 'ndcg@15': 0.0358, 'hit@20': 0.0973, 'ndcg@20': 0.0398, 'hit@40': 0.1577, 'ndcg@40': 0.0521} 
2024-10-11 00:43:47.267 | INFO     | trainer_1:_train_one_epoch:193 - epoch 28 6.21s Train loss is [0.3743] 
2024-10-11 00:43:53.970 | INFO     | trainer_1:_train_one_epoch:201 - validate 28 cost time 6.70s, result: {'hit@1': 0.014, 'ndcg@1': 0.014, 'hit@5': 0.0561, 'ndcg@5': 0.0351, 'hit@10': 0.0918, 'ndcg@10': 0.0465, 'hit@15': 0.1218, 'ndcg@15': 0.0545, 'hit@20': 0.1472, 'ndcg@20': 0.0604, 'hit@40': 0.2313, 'ndcg@40': 0.0776} 
2024-10-11 00:44:00.526 | INFO     | trainer_1:_train_one_epoch:209 - test 28 cost time 6.56s, result: {'hit@1': 0.0105, 'ndcg@1': 0.0105, 'hit@5': 0.0366, 'ndcg@5': 0.0235, 'hit@10': 0.0617, 'ndcg@10': 0.0316, 'hit@15': 0.0835, 'ndcg@15': 0.0373, 'hit@20': 0.1012, 'ndcg@20': 0.0415, 'hit@40': 0.1634, 'ndcg@40': 0.0541} 
2024-10-11 00:44:17.052 | INFO     | trainer_1:_train_one_epoch:193 - epoch 29 6.24s Train loss is [0.3770] 
2024-10-11 00:44:23.894 | INFO     | trainer_1:_train_one_epoch:201 - validate 29 cost time 6.84s, result: {'hit@1': 0.0157, 'ndcg@1': 0.0157, 'hit@5': 0.0552, 'ndcg@5': 0.0353, 'hit@10': 0.0911, 'ndcg@10': 0.0468, 'hit@15': 0.1223, 'ndcg@15': 0.055, 'hit@20': 0.1513, 'ndcg@20': 0.0619, 'hit@40': 0.2386, 'ndcg@40': 0.0796} 
2024-10-11 00:44:30.509 | INFO     | trainer_1:_train_one_epoch:209 - test 29 cost time 6.62s, result: {'hit@1': 0.0111, 'ndcg@1': 0.0111, 'hit@5': 0.0379, 'ndcg@5': 0.0245, 'hit@10': 0.0628, 'ndcg@10': 0.0325, 'hit@15': 0.0843, 'ndcg@15': 0.0381, 'hit@20': 0.1041, 'ndcg@20': 0.0428, 'hit@40': 0.1705, 'ndcg@40': 0.0563} 
2024-10-11 00:44:47.088 | INFO     | trainer_1:_train_one_epoch:193 - epoch 30 6.17s Train loss is [0.3753] 
2024-10-11 00:44:54.377 | INFO     | trainer_1:_train_one_epoch:201 - validate 30 cost time 7.29s, result: {'hit@1': 0.0153, 'ndcg@1': 0.0153, 'hit@5': 0.0561, 'ndcg@5': 0.0358, 'hit@10': 0.0931, 'ndcg@10': 0.0476, 'hit@15': 0.1236, 'ndcg@15': 0.0557, 'hit@20': 0.151, 'ndcg@20': 0.0622, 'hit@40': 0.2381, 'ndcg@40': 0.0799} 
2024-10-11 00:45:00.952 | INFO     | trainer_1:_train_one_epoch:209 - test 30 cost time 6.57s, result: {'hit@1': 0.0105, 'ndcg@1': 0.0105, 'hit@5': 0.0374, 'ndcg@5': 0.0238, 'hit@10': 0.0623, 'ndcg@10': 0.0317, 'hit@15': 0.0824, 'ndcg@15': 0.037, 'hit@20': 0.1026, 'ndcg@20': 0.0418, 'hit@40': 0.1651, 'ndcg@40': 0.0545} 
2024-10-11 00:45:07.266 | INFO     | trainer_1:_train_one_epoch:193 - epoch 31 6.31s Train loss is [0.3748] 
2024-10-11 00:45:14.899 | INFO     | trainer_1:_train_one_epoch:201 - validate 31 cost time 7.63s, result: {'hit@1': 0.016, 'ndcg@1': 0.016, 'hit@5': 0.0573, 'ndcg@5': 0.0366, 'hit@10': 0.0937, 'ndcg@10': 0.0483, 'hit@15': 0.1233, 'ndcg@15': 0.0561, 'hit@20': 0.152, 'ndcg@20': 0.0629, 'hit@40': 0.2349, 'ndcg@40': 0.0798} 
2024-10-11 00:45:22.290 | INFO     | trainer_1:_train_one_epoch:209 - test 31 cost time 7.39s, result: {'hit@1': 0.0109, 'ndcg@1': 0.0109, 'hit@5': 0.0385, 'ndcg@5': 0.0246, 'hit@10': 0.0646, 'ndcg@10': 0.0329, 'hit@15': 0.0859, 'ndcg@15': 0.0386, 'hit@20': 0.1055, 'ndcg@20': 0.0432, 'hit@40': 0.1691, 'ndcg@40': 0.0561} 
2024-10-11 00:45:39.166 | INFO     | trainer_1:_train_one_epoch:193 - epoch 32 6.23s Train loss is [0.3667] 
2024-10-11 00:45:44.475 | INFO     | trainer_1:_train_one_epoch:201 - validate 32 cost time 5.31s, result: {'hit@1': 0.0158, 'ndcg@1': 0.0158, 'hit@5': 0.0551, 'ndcg@5': 0.0355, 'hit@10': 0.0942, 'ndcg@10': 0.048, 'hit@15': 0.1259, 'ndcg@15': 0.0563, 'hit@20': 0.1546, 'ndcg@20': 0.0631, 'hit@40': 0.2433, 'ndcg@40': 0.0811} 
2024-10-11 00:45:49.534 | INFO     | trainer_1:_train_one_epoch:209 - test 32 cost time 5.06s, result: {'hit@1': 0.0104, 'ndcg@1': 0.0104, 'hit@5': 0.0384, 'ndcg@5': 0.0243, 'hit@10': 0.0645, 'ndcg@10': 0.0327, 'hit@15': 0.0857, 'ndcg@15': 0.0383, 'hit@20': 0.1063, 'ndcg@20': 0.0432, 'hit@40': 0.1732, 'ndcg@40': 0.0568} 
2024-10-11 00:45:55.879 | INFO     | trainer_1:_train_one_epoch:193 - epoch 33 6.34s Train loss is [0.3491] 
2024-10-11 00:46:00.817 | INFO     | trainer_1:_train_one_epoch:201 - validate 33 cost time 4.94s, result: {'hit@1': 0.0149, 'ndcg@1': 0.0149, 'hit@5': 0.056, 'ndcg@5': 0.0357, 'hit@10': 0.0943, 'ndcg@10': 0.0479, 'hit@15': 0.1266, 'ndcg@15': 0.0565, 'hit@20': 0.154, 'ndcg@20': 0.063, 'hit@40': 0.2492, 'ndcg@40': 0.0823} 
2024-10-11 00:46:05.885 | INFO     | trainer_1:_train_one_epoch:209 - test 33 cost time 5.07s, result: {'hit@1': 0.011, 'ndcg@1': 0.011, 'hit@5': 0.04, 'ndcg@5': 0.0255, 'hit@10': 0.0653, 'ndcg@10': 0.0336, 'hit@15': 0.0871, 'ndcg@15': 0.0394, 'hit@20': 0.1076, 'ndcg@20': 0.0442, 'hit@40': 0.1738, 'ndcg@40': 0.0577} 
2024-10-11 00:46:22.839 | INFO     | trainer_1:_train_one_epoch:193 - epoch 34 6.21s Train loss is [0.3602] 
2024-10-11 00:46:32.590 | INFO     | trainer_1:_train_one_epoch:201 - validate 34 cost time 9.75s, result: {'hit@1': 0.0151, 'ndcg@1': 0.0151, 'hit@5': 0.056, 'ndcg@5': 0.0354, 'hit@10': 0.0893, 'ndcg@10': 0.046, 'hit@15': 0.1194, 'ndcg@15': 0.054, 'hit@20': 0.1467, 'ndcg@20': 0.0604, 'hit@40': 0.234, 'ndcg@40': 0.0782} 
2024-10-11 00:46:42.261 | INFO     | trainer_1:_train_one_epoch:209 - test 34 cost time 9.67s, result: {'hit@1': 0.0113, 'ndcg@1': 0.0113, 'hit@5': 0.0395, 'ndcg@5': 0.0255, 'hit@10': 0.0656, 'ndcg@10': 0.0339, 'hit@15': 0.0868, 'ndcg@15': 0.0395, 'hit@20': 0.1065, 'ndcg@20': 0.0441, 'hit@40': 0.1708, 'ndcg@40': 0.0572} 
2024-10-11 00:46:59.265 | INFO     | trainer_1:_train_one_epoch:193 - epoch 35 6.27s Train loss is [0.3549] 
2024-10-11 00:47:08.998 | INFO     | trainer_1:_train_one_epoch:201 - validate 35 cost time 9.73s, result: {'hit@1': 0.0152, 'ndcg@1': 0.0152, 'hit@5': 0.0552, 'ndcg@5': 0.0353, 'hit@10': 0.0901, 'ndcg@10': 0.0464, 'hit@15': 0.1216, 'ndcg@15': 0.0548, 'hit@20': 0.1488, 'ndcg@20': 0.0612, 'hit@40': 0.236, 'ndcg@40': 0.0789} 
2024-10-11 00:47:18.638 | INFO     | trainer_1:_train_one_epoch:209 - test 35 cost time 9.64s, result: {'hit@1': 0.0111, 'ndcg@1': 0.0111, 'hit@5': 0.0377, 'ndcg@5': 0.0243, 'hit@10': 0.0629, 'ndcg@10': 0.0324, 'hit@15': 0.0834, 'ndcg@15': 0.0378, 'hit@20': 0.1043, 'ndcg@20': 0.0428, 'hit@40': 0.1701, 'ndcg@40': 0.0561} 
2024-10-11 00:47:25.182 | INFO     | trainer_1:_train_one_epoch:193 - epoch 36 6.54s Train loss is [0.3576] 
2024-10-11 00:47:35.351 | INFO     | trainer_1:_train_one_epoch:201 - validate 36 cost time 10.17s, result: {'hit@1': 0.0152, 'ndcg@1': 0.0152, 'hit@5': 0.0562, 'ndcg@5': 0.0356, 'hit@10': 0.0924, 'ndcg@10': 0.0471, 'hit@15': 0.1238, 'ndcg@15': 0.0554, 'hit@20': 0.1523, 'ndcg@20': 0.0621, 'hit@40': 0.242, 'ndcg@40': 0.0804} 
2024-10-11 00:47:45.440 | INFO     | trainer_1:_train_one_epoch:209 - test 36 cost time 10.09s, result: {'hit@1': 0.0107, 'ndcg@1': 0.0107, 'hit@5': 0.0376, 'ndcg@5': 0.024, 'hit@10': 0.0626, 'ndcg@10': 0.032, 'hit@15': 0.085, 'ndcg@15': 0.0379, 'hit@20': 0.1046, 'ndcg@20': 0.0425, 'hit@40': 0.1708, 'ndcg@40': 0.056} 
2024-10-11 00:47:52.116 | INFO     | trainer_1:_train_one_epoch:193 - epoch 37 6.68s Train loss is [0.3622] 
2024-10-11 00:48:01.846 | INFO     | trainer_1:_train_one_epoch:201 - validate 37 cost time 9.73s, result: {'hit@1': 0.0154, 'ndcg@1': 0.0154, 'hit@5': 0.0581, 'ndcg@5': 0.0366, 'hit@10': 0.0969, 'ndcg@10': 0.0491, 'hit@15': 0.1297, 'ndcg@15': 0.0578, 'hit@20': 0.1584, 'ndcg@20': 0.0645, 'hit@40': 0.2474, 'ndcg@40': 0.0827} 
2024-10-11 00:48:11.485 | INFO     | trainer_1:_train_one_epoch:209 - test 37 cost time 9.64s, result: {'hit@1': 0.0114, 'ndcg@1': 0.0114, 'hit@5': 0.0401, 'ndcg@5': 0.0257, 'hit@10': 0.0656, 'ndcg@10': 0.0338, 'hit@15': 0.0889, 'ndcg@15': 0.04, 'hit@20': 0.1094, 'ndcg@20': 0.0448, 'hit@40': 0.1786, 'ndcg@40': 0.0589} 
2024-10-11 00:48:18.082 | INFO     | trainer_1:_train_one_epoch:193 - epoch 38 6.60s Train loss is [0.3416] 
2024-10-11 00:48:27.822 | INFO     | trainer_1:_train_one_epoch:201 - validate 38 cost time 9.74s, result: {'hit@1': 0.0165, 'ndcg@1': 0.0165, 'hit@5': 0.0569, 'ndcg@5': 0.0367, 'hit@10': 0.0932, 'ndcg@10': 0.0484, 'hit@15': 0.1257, 'ndcg@15': 0.057, 'hit@20': 0.1536, 'ndcg@20': 0.0635, 'hit@40': 0.2424, 'ndcg@40': 0.0816} 
2024-10-11 00:48:37.485 | INFO     | trainer_1:_train_one_epoch:209 - test 38 cost time 9.66s, result: {'hit@1': 0.0116, 'ndcg@1': 0.0116, 'hit@5': 0.039, 'ndcg@5': 0.0252, 'hit@10': 0.0641, 'ndcg@10': 0.0332, 'hit@15': 0.0865, 'ndcg@15': 0.0392, 'hit@20': 0.1065, 'ndcg@20': 0.0439, 'hit@40': 0.1722, 'ndcg@40': 0.0572} 
2024-10-11 00:48:44.134 | INFO     | trainer_1:_train_one_epoch:193 - epoch 39 6.65s Train loss is [0.3442] 
2024-10-11 00:48:54.280 | INFO     | trainer_1:_train_one_epoch:201 - validate 39 cost time 10.15s, result: {'hit@1': 0.0152, 'ndcg@1': 0.0152, 'hit@5': 0.0581, 'ndcg@5': 0.0365, 'hit@10': 0.0975, 'ndcg@10': 0.0491, 'hit@15': 0.1283, 'ndcg@15': 0.0573, 'hit@20': 0.1549, 'ndcg@20': 0.0635, 'hit@40': 0.2453, 'ndcg@40': 0.0819} 
2024-10-11 00:49:04.328 | INFO     | trainer_1:_train_one_epoch:209 - test 39 cost time 10.05s, result: {'hit@1': 0.0112, 'ndcg@1': 0.0112, 'hit@5': 0.0399, 'ndcg@5': 0.0254, 'hit@10': 0.0667, 'ndcg@10': 0.034, 'hit@15': 0.0909, 'ndcg@15': 0.0404, 'hit@20': 0.111, 'ndcg@20': 0.0451, 'hit@40': 0.1787, 'ndcg@40': 0.0589} 
2024-10-11 00:49:21.116 | INFO     | trainer_1:_train_one_epoch:193 - epoch 40 6.36s Train loss is [0.3446] 
2024-10-11 00:49:30.850 | INFO     | trainer_1:_train_one_epoch:201 - validate 40 cost time 9.73s, result: {'hit@1': 0.0159, 'ndcg@1': 0.0159, 'hit@5': 0.0583, 'ndcg@5': 0.0372, 'hit@10': 0.0959, 'ndcg@10': 0.0493, 'hit@15': 0.1279, 'ndcg@15': 0.0577, 'hit@20': 0.156, 'ndcg@20': 0.0644, 'hit@40': 0.2449, 'ndcg@40': 0.0825} 
2024-10-11 00:49:40.514 | INFO     | trainer_1:_train_one_epoch:209 - test 40 cost time 9.66s, result: {'hit@1': 0.0111, 'ndcg@1': 0.0111, 'hit@5': 0.0383, 'ndcg@5': 0.0248, 'hit@10': 0.0655, 'ndcg@10': 0.0335, 'hit@15': 0.0884, 'ndcg@15': 0.0395, 'hit@20': 0.1082, 'ndcg@20': 0.0442, 'hit@40': 0.1761, 'ndcg@40': 0.0579} 
2024-10-11 00:49:46.820 | INFO     | trainer_1:_train_one_epoch:193 - epoch 41 6.31s Train loss is [0.3490] 
2024-10-11 00:49:56.549 | INFO     | trainer_1:_train_one_epoch:201 - validate 41 cost time 9.73s, result: {'hit@1': 0.0163, 'ndcg@1': 0.0163, 'hit@5': 0.0589, 'ndcg@5': 0.0377, 'hit@10': 0.0968, 'ndcg@10': 0.0498, 'hit@15': 0.1262, 'ndcg@15': 0.0575, 'hit@20': 0.1544, 'ndcg@20': 0.0642, 'hit@40': 0.2443, 'ndcg@40': 0.0825} 
2024-10-11 00:50:06.190 | INFO     | trainer_1:_train_one_epoch:209 - test 41 cost time 9.64s, result: {'hit@1': 0.0108, 'ndcg@1': 0.0108, 'hit@5': 0.0398, 'ndcg@5': 0.0252, 'hit@10': 0.0655, 'ndcg@10': 0.0335, 'hit@15': 0.0883, 'ndcg@15': 0.0395, 'hit@20': 0.109, 'ndcg@20': 0.0444, 'hit@40': 0.1751, 'ndcg@40': 0.0578} 
2024-10-11 00:50:12.748 | INFO     | trainer_1:_train_one_epoch:193 - epoch 42 6.56s Train loss is [0.3390] 
2024-10-11 00:50:22.899 | INFO     | trainer_1:_train_one_epoch:201 - validate 42 cost time 10.15s, result: {'hit@1': 0.0174, 'ndcg@1': 0.0174, 'hit@5': 0.0634, 'ndcg@5': 0.0402, 'hit@10': 0.1039, 'ndcg@10': 0.0532, 'hit@15': 0.1354, 'ndcg@15': 0.0615, 'hit@20': 0.1646, 'ndcg@20': 0.0684, 'hit@40': 0.2565, 'ndcg@40': 0.0871} 
2024-10-11 00:50:32.962 | INFO     | trainer_1:_train_one_epoch:209 - test 42 cost time 10.06s, result: {'hit@1': 0.0105, 'ndcg@1': 0.0105, 'hit@5': 0.0409, 'ndcg@5': 0.0258, 'hit@10': 0.0683, 'ndcg@10': 0.0346, 'hit@15': 0.0914, 'ndcg@15': 0.0407, 'hit@20': 0.1117, 'ndcg@20': 0.0455, 'hit@40': 0.1824, 'ndcg@40': 0.0598} 
2024-10-11 00:50:50.452 | INFO     | trainer_1:_train_one_epoch:193 - epoch 43 6.95s Train loss is [0.3388] 
2024-10-11 00:51:00.613 | INFO     | trainer_1:_train_one_epoch:201 - validate 43 cost time 10.16s, result: {'hit@1': 0.0165, 'ndcg@1': 0.0165, 'hit@5': 0.0588, 'ndcg@5': 0.0378, 'hit@10': 0.099, 'ndcg@10': 0.0506, 'hit@15': 0.13, 'ndcg@15': 0.0589, 'hit@20': 0.1602, 'ndcg@20': 0.066, 'hit@40': 0.2506, 'ndcg@40': 0.0844} 
2024-10-11 00:51:10.676 | INFO     | trainer_1:_train_one_epoch:209 - test 43 cost time 10.06s, result: {'hit@1': 0.0112, 'ndcg@1': 0.0112, 'hit@5': 0.041, 'ndcg@5': 0.0259, 'hit@10': 0.0682, 'ndcg@10': 0.0345, 'hit@15': 0.0908, 'ndcg@15': 0.0405, 'hit@20': 0.1115, 'ndcg@20': 0.0454, 'hit@40': 0.1781, 'ndcg@40': 0.0589} 
2024-10-11 00:51:17.595 | INFO     | trainer_1:_train_one_epoch:193 - epoch 44 6.92s Train loss is [0.3462] 
2024-10-11 00:51:27.754 | INFO     | trainer_1:_train_one_epoch:201 - validate 44 cost time 10.16s, result: {'hit@1': 0.0169, 'ndcg@1': 0.0169, 'hit@5': 0.0589, 'ndcg@5': 0.038, 'hit@10': 0.0981, 'ndcg@10': 0.0505, 'hit@15': 0.1298, 'ndcg@15': 0.0589, 'hit@20': 0.1577, 'ndcg@20': 0.0655, 'hit@40': 0.2486, 'ndcg@40': 0.084} 
2024-10-11 00:51:37.799 | INFO     | trainer_1:_train_one_epoch:209 - test 44 cost time 10.04s, result: {'hit@1': 0.0115, 'ndcg@1': 0.0115, 'hit@5': 0.0404, 'ndcg@5': 0.0256, 'hit@10': 0.0692, 'ndcg@10': 0.0349, 'hit@15': 0.093, 'ndcg@15': 0.0412, 'hit@20': 0.1116, 'ndcg@20': 0.0455, 'hit@40': 0.1794, 'ndcg@40': 0.0593} 
2024-10-11 00:51:55.220 | INFO     | trainer_1:_train_one_epoch:193 - epoch 45 7.01s Train loss is [0.3445] 
2024-10-11 00:52:05.535 | INFO     | trainer_1:_train_one_epoch:201 - validate 45 cost time 10.31s, result: {'hit@1': 0.0166, 'ndcg@1': 0.0166, 'hit@5': 0.0622, 'ndcg@5': 0.0395, 'hit@10': 0.1018, 'ndcg@10': 0.0521, 'hit@15': 0.1317, 'ndcg@15': 0.06, 'hit@20': 0.1613, 'ndcg@20': 0.067, 'hit@40': 0.2505, 'ndcg@40': 0.0851} 
2024-10-11 00:52:15.636 | INFO     | trainer_1:_train_one_epoch:209 - test 45 cost time 10.10s, result: {'hit@1': 0.0108, 'ndcg@1': 0.0108, 'hit@5': 0.0422, 'ndcg@5': 0.0263, 'hit@10': 0.0703, 'ndcg@10': 0.0353, 'hit@15': 0.0934, 'ndcg@15': 0.0414, 'hit@20': 0.1142, 'ndcg@20': 0.0463, 'hit@40': 0.18, 'ndcg@40': 0.0597} 
2024-10-11 00:52:32.977 | INFO     | trainer_1:_train_one_epoch:193 - epoch 46 7.00s Train loss is [0.3300] 
2024-10-11 00:52:38.771 | INFO     | trainer_1:_train_one_epoch:201 - validate 46 cost time 5.79s, result: {'hit@1': 0.0173, 'ndcg@1': 0.0173, 'hit@5': 0.0587, 'ndcg@5': 0.038, 'hit@10': 0.0995, 'ndcg@10': 0.0511, 'hit@15': 0.1305, 'ndcg@15': 0.0592, 'hit@20': 0.1563, 'ndcg@20': 0.0653, 'hit@40': 0.2465, 'ndcg@40': 0.0836} 
2024-10-11 00:52:45.570 | INFO     | trainer_1:_train_one_epoch:209 - test 46 cost time 6.80s, result: {'hit@1': 0.0105, 'ndcg@1': 0.0105, 'hit@5': 0.0416, 'ndcg@5': 0.026, 'hit@10': 0.0689, 'ndcg@10': 0.0348, 'hit@15': 0.0915, 'ndcg@15': 0.0407, 'hit@20': 0.112, 'ndcg@20': 0.0456, 'hit@40': 0.1771, 'ndcg@40': 0.0588} 
2024-10-11 00:52:52.704 | INFO     | trainer_1:_train_one_epoch:193 - epoch 47 7.13s Train loss is [0.3332] 
2024-10-11 00:53:01.793 | INFO     | trainer_1:_train_one_epoch:201 - validate 47 cost time 9.09s, result: {'hit@1': 0.0159, 'ndcg@1': 0.0159, 'hit@5': 0.0574, 'ndcg@5': 0.0366, 'hit@10': 0.0962, 'ndcg@10': 0.0491, 'hit@15': 0.1262, 'ndcg@15': 0.057, 'hit@20': 0.1543, 'ndcg@20': 0.0636, 'hit@40': 0.2412, 'ndcg@40': 0.0813} 
2024-10-11 00:53:10.652 | INFO     | trainer_1:_train_one_epoch:209 - test 47 cost time 8.86s, result: {'hit@1': 0.01, 'ndcg@1': 0.01, 'hit@5': 0.0385, 'ndcg@5': 0.0242, 'hit@10': 0.065, 'ndcg@10': 0.0327, 'hit@15': 0.0874, 'ndcg@15': 0.0386, 'hit@20': 0.1073, 'ndcg@20': 0.0433, 'hit@40': 0.1725, 'ndcg@40': 0.0565} 
2024-10-11 00:53:17.445 | INFO     | trainer_1:_train_one_epoch:193 - epoch 48 6.79s Train loss is [0.3264] 
2024-10-11 00:53:22.376 | INFO     | trainer_1:_train_one_epoch:201 - validate 48 cost time 4.93s, result: {'hit@1': 0.0178, 'ndcg@1': 0.0178, 'hit@5': 0.062, 'ndcg@5': 0.0397, 'hit@10': 0.1008, 'ndcg@10': 0.0521, 'hit@15': 0.1339, 'ndcg@15': 0.0609, 'hit@20': 0.162, 'ndcg@20': 0.0675, 'hit@40': 0.2519, 'ndcg@40': 0.0858} 
2024-10-11 00:53:28.177 | INFO     | trainer_1:_train_one_epoch:209 - test 48 cost time 5.80s, result: {'hit@1': 0.0106, 'ndcg@1': 0.0106, 'hit@5': 0.0415, 'ndcg@5': 0.0261, 'hit@10': 0.071, 'ndcg@10': 0.0356, 'hit@15': 0.0948, 'ndcg@15': 0.0419, 'hit@20': 0.1144, 'ndcg@20': 0.0465, 'hit@40': 0.1822, 'ndcg@40': 0.0603} 
2024-10-11 00:53:46.142 | INFO     | trainer_1:_train_one_epoch:193 - epoch 49 6.87s Train loss is [0.3369] 
2024-10-11 00:53:55.317 | INFO     | trainer_1:_train_one_epoch:201 - validate 49 cost time 9.17s, result: {'hit@1': 0.0169, 'ndcg@1': 0.0169, 'hit@5': 0.0583, 'ndcg@5': 0.0376, 'hit@10': 0.097, 'ndcg@10': 0.05, 'hit@15': 0.1276, 'ndcg@15': 0.0581, 'hit@20': 0.1547, 'ndcg@20': 0.0645, 'hit@40': 0.2448, 'ndcg@40': 0.0828} 
2024-10-11 00:54:01.098 | INFO     | trainer_1:_train_one_epoch:209 - test 49 cost time 5.78s, result: {'hit@1': 0.0104, 'ndcg@1': 0.0104, 'hit@5': 0.0407, 'ndcg@5': 0.0255, 'hit@10': 0.0676, 'ndcg@10': 0.034, 'hit@15': 0.09, 'ndcg@15': 0.0399, 'hit@20': 0.1112, 'ndcg@20': 0.0449, 'hit@40': 0.1746, 'ndcg@40': 0.0578} 
2024-10-11 00:54:07.980 | INFO     | trainer_1:_train_one_epoch:193 - epoch 50 6.88s Train loss is [0.3383] 
2024-10-11 00:54:14.520 | INFO     | trainer_1:_train_one_epoch:201 - validate 50 cost time 6.54s, result: {'hit@1': 0.0163, 'ndcg@1': 0.0163, 'hit@5': 0.06, 'ndcg@5': 0.0379, 'hit@10': 0.1004, 'ndcg@10': 0.0508, 'hit@15': 0.1334, 'ndcg@15': 0.0595, 'hit@20': 0.1614, 'ndcg@20': 0.0661, 'hit@40': 0.2534, 'ndcg@40': 0.0848} 
2024-10-11 00:54:23.397 | INFO     | trainer_1:_train_one_epoch:209 - test 50 cost time 8.88s, result: {'hit@1': 0.0102, 'ndcg@1': 0.0102, 'hit@5': 0.04, 'ndcg@5': 0.025, 'hit@10': 0.0688, 'ndcg@10': 0.0342, 'hit@15': 0.0922, 'ndcg@15': 0.0403, 'hit@20': 0.113, 'ndcg@20': 0.0452, 'hit@40': 0.1783, 'ndcg@40': 0.0585} 
2024-10-11 00:54:29.606 | INFO     | trainer_1:_train_one_epoch:193 - epoch 51 6.21s Train loss is [0.3335] 
2024-10-11 00:54:38.723 | INFO     | trainer_1:_train_one_epoch:201 - validate 51 cost time 9.12s, result: {'hit@1': 0.0166, 'ndcg@1': 0.0166, 'hit@5': 0.0634, 'ndcg@5': 0.04, 'hit@10': 0.1036, 'ndcg@10': 0.0529, 'hit@15': 0.1356, 'ndcg@15': 0.0613, 'hit@20': 0.1652, 'ndcg@20': 0.0683, 'hit@40': 0.2582, 'ndcg@40': 0.0873} 
2024-10-11 00:54:44.986 | INFO     | trainer_1:_train_one_epoch:209 - test 51 cost time 6.26s, result: {'hit@1': 0.0106, 'ndcg@1': 0.0106, 'hit@5': 0.0405, 'ndcg@5': 0.0255, 'hit@10': 0.071, 'ndcg@10': 0.0353, 'hit@15': 0.0944, 'ndcg@15': 0.0415, 'hit@20': 0.1152, 'ndcg@20': 0.0464, 'hit@40': 0.1842, 'ndcg@40': 0.0604} 
2024-10-11 00:54:51.070 | INFO     | trainer_1:_train_one_epoch:193 - epoch 52 6.08s Train loss is [0.3258] 
2024-10-11 00:54:57.434 | INFO     | trainer_1:_train_one_epoch:201 - validate 52 cost time 6.36s, result: {'hit@1': 0.0166, 'ndcg@1': 0.0166, 'hit@5': 0.0599, 'ndcg@5': 0.0379, 'hit@10': 0.0967, 'ndcg@10': 0.0497, 'hit@15': 0.1291, 'ndcg@15': 0.0582, 'hit@20': 0.1567, 'ndcg@20': 0.0647, 'hit@40': 0.2483, 'ndcg@40': 0.0834} 
2024-10-11 00:55:04.697 | INFO     | trainer_1:_train_one_epoch:209 - test 52 cost time 7.26s, result: {'hit@1': 0.0108, 'ndcg@1': 0.0108, 'hit@5': 0.0396, 'ndcg@5': 0.0252, 'hit@10': 0.0667, 'ndcg@10': 0.0338, 'hit@15': 0.0907, 'ndcg@15': 0.0402, 'hit@20': 0.1103, 'ndcg@20': 0.0448, 'hit@40': 0.1794, 'ndcg@40': 0.0589} 
2024-10-11 00:55:10.927 | INFO     | trainer_1:_train_one_epoch:193 - epoch 53 6.23s Train loss is [0.3307] 
2024-10-11 00:55:19.787 | INFO     | trainer_1:_train_one_epoch:201 - validate 53 cost time 8.86s, result: {'hit@1': 0.0165, 'ndcg@1': 0.0165, 'hit@5': 0.0605, 'ndcg@5': 0.0386, 'hit@10': 0.0977, 'ndcg@10': 0.0505, 'hit@15': 0.1301, 'ndcg@15': 0.059, 'hit@20': 0.157, 'ndcg@20': 0.0654, 'hit@40': 0.2495, 'ndcg@40': 0.0842} 
2024-10-11 00:55:28.740 | INFO     | trainer_1:_train_one_epoch:209 - test 53 cost time 8.95s, result: {'hit@1': 0.0103, 'ndcg@1': 0.0103, 'hit@5': 0.0402, 'ndcg@5': 0.0252, 'hit@10': 0.0676, 'ndcg@10': 0.034, 'hit@15': 0.0894, 'ndcg@15': 0.0398, 'hit@20': 0.109, 'ndcg@20': 0.0444, 'hit@40': 0.1775, 'ndcg@40': 0.0583} 
2024-10-11 00:55:28.750 | INFO     | trainer_1:train_model:163 - training end, best iteration 48, results: {'hit@1': 0.0178, 'ndcg@1': 0.0178, 'hit@5': 0.062, 'ndcg@5': 0.0397, 'hit@10': 0.1008, 'ndcg@10': 0.0521, 'hit@15': 0.1339, 'ndcg@15': 0.0609, 'hit@20': 0.162, 'ndcg@20': 0.0675, 'hit@40': 0.2519, 'ndcg@40': 0.0858}
2024-10-11 00:55:28.750 | INFO     | trainer_1:train_model:166 - final test result is:  {'hit@1': 0.0106, 'ndcg@1': 0.0106, 'hit@5': 0.0415, 'ndcg@5': 0.0261, 'hit@10': 0.071, 'ndcg@10': 0.0356, 'hit@15': 0.0948, 'ndcg@15': 0.0419, 'hit@20': 0.1144, 'ndcg@20': 0.0465, 'hit@40': 0.1822, 'ndcg@40': 0.0603}
2024-10-11 00:55:29.044 | INFO     | __main__:<module>:119 - train end total cost time: 3125.768114089966
