2024-10-10 21:52:19.619 | INFO     | __main__:<module>:105 - Namespace(TIME='2024-10-10 21_51_42', batch_size=1024, behaviors=['view', 'cart', 'buy'], check_point='model_pre_1_2024-10-08 12_35_44.pth', data_name='beibei', data_path='./data/beibei', decay=0.001, device='cuda:1', dim_qk=32, dim_v=64, distill_layers=2, distill_thres=0.5, distill_topK=40, distill_userK=2, embedding_size=64, epochs=100, gpu_no=1, if_load_model=True, ii_lambda=200, initializer_range=0.02, layers=2, loss_type='bpr', lr=0.001, message_dropout=0.25, metrics=['hit', 'ndcg'], min_epoch=5, model_name='main_1', model_path='./check_point', node_dropout=0.75, omega=1, pt_loop=50, reg_weight=0.001, test_batch_size=1024, testbatch=1024, topk=[1, 5, 10, 15, 20, 40], uu_lambda=100)
2024-10-10 21:52:19.620 | INFO     | __main__:<module>:106 - BIPN(
  (message_dropout): Dropout(p=0.25, inplace=False)
  (user_embedding): Embedding(21717, 64, padding_idx=0)
  (item_embedding): Embedding(7978, 64, padding_idx=0)
  (global_Graph): LightGCN()
  (Graph_encoder): ModuleDict(
    (view): GraphEncoder(
      (light): LightGCN()
      (dropout): Dropout(p=0.75, inplace=False)
    )
    (cart): GraphEncoder(
      (light): LightGCN()
      (dropout): Dropout(p=0.75, inplace=False)
    )
    (buy): GraphEncoder(
      (light): LightGCN()
      (dropout): Dropout(p=0.75, inplace=False)
    )
  )
  (attention): Mutual_Attention()
  (bpr_loss): BPRLoss()
  (emb_loss): EmbLoss()
  (f): Sigmoid()
)
2024-10-10 22:00:25.399 | INFO     | trainer_1:_train_one_epoch:193 - epoch 1 11.41s Train loss is [0.9418] 
2024-10-10 22:00:35.867 | INFO     | trainer_1:_train_one_epoch:201 - validate 1 cost time 10.47s, result: {'hit@1': 0.0046, 'ndcg@1': 0.0046, 'hit@5': 0.0231, 'ndcg@5': 0.014, 'hit@10': 0.0452, 'ndcg@10': 0.0211, 'hit@15': 0.0638, 'ndcg@15': 0.026, 'hit@20': 0.082, 'ndcg@20': 0.0303, 'hit@40': 0.1412, 'ndcg@40': 0.0423} 
2024-10-10 22:00:46.031 | INFO     | trainer_1:_train_one_epoch:209 - test 1 cost time 10.16s, result: {'hit@1': 0.0032, 'ndcg@1': 0.0032, 'hit@5': 0.0148, 'ndcg@5': 0.0089, 'hit@10': 0.0288, 'ndcg@10': 0.0134, 'hit@15': 0.0435, 'ndcg@15': 0.0173, 'hit@20': 0.0573, 'ndcg@20': 0.0205, 'hit@40': 0.1064, 'ndcg@40': 0.0305} 
2024-10-10 22:01:08.044 | INFO     | trainer_1:_train_one_epoch:193 - epoch 2 11.79s Train loss is [0.7227] 
2024-10-10 22:01:18.277 | INFO     | trainer_1:_train_one_epoch:201 - validate 2 cost time 10.23s, result: {'hit@1': 0.0072, 'ndcg@1': 0.0072, 'hit@5': 0.0288, 'ndcg@5': 0.0178, 'hit@10': 0.0511, 'ndcg@10': 0.0249, 'hit@15': 0.0715, 'ndcg@15': 0.0303, 'hit@20': 0.0906, 'ndcg@20': 0.0348, 'hit@40': 0.155, 'ndcg@40': 0.0479} 
2024-10-10 22:01:28.047 | INFO     | trainer_1:_train_one_epoch:209 - test 2 cost time 9.77s, result: {'hit@1': 0.0041, 'ndcg@1': 0.0041, 'hit@5': 0.0186, 'ndcg@5': 0.0111, 'hit@10': 0.0353, 'ndcg@10': 0.0164, 'hit@15': 0.0502, 'ndcg@15': 0.0204, 'hit@20': 0.064, 'ndcg@20': 0.0236, 'hit@40': 0.1152, 'ndcg@40': 0.034} 
2024-10-10 22:01:49.665 | INFO     | trainer_1:_train_one_epoch:193 - epoch 3 10.94s Train loss is [0.6275] 
2024-10-10 22:02:00.173 | INFO     | trainer_1:_train_one_epoch:201 - validate 3 cost time 10.51s, result: {'hit@1': 0.0101, 'ndcg@1': 0.0101, 'hit@5': 0.0334, 'ndcg@5': 0.0215, 'hit@10': 0.0602, 'ndcg@10': 0.0301, 'hit@15': 0.0841, 'ndcg@15': 0.0364, 'hit@20': 0.1061, 'ndcg@20': 0.0415, 'hit@40': 0.1772, 'ndcg@40': 0.056} 
2024-10-10 22:02:10.342 | INFO     | trainer_1:_train_one_epoch:209 - test 3 cost time 10.17s, result: {'hit@1': 0.0049, 'ndcg@1': 0.0049, 'hit@5': 0.0225, 'ndcg@5': 0.0135, 'hit@10': 0.0404, 'ndcg@10': 0.0192, 'hit@15': 0.0587, 'ndcg@15': 0.0241, 'hit@20': 0.0738, 'ndcg@20': 0.0276, 'hit@40': 0.1279, 'ndcg@40': 0.0386} 
2024-10-10 22:02:33.426 | INFO     | trainer_1:_train_one_epoch:193 - epoch 4 12.34s Train loss is [0.5772] 
2024-10-10 22:02:43.509 | INFO     | trainer_1:_train_one_epoch:201 - validate 4 cost time 10.08s, result: {'hit@1': 0.0104, 'ndcg@1': 0.0104, 'hit@5': 0.038, 'ndcg@5': 0.0238, 'hit@10': 0.0687, 'ndcg@10': 0.0335, 'hit@15': 0.096, 'ndcg@15': 0.0407, 'hit@20': 0.1184, 'ndcg@20': 0.046, 'hit@40': 0.1971, 'ndcg@40': 0.0621} 
2024-10-10 22:02:53.260 | INFO     | trainer_1:_train_one_epoch:209 - test 4 cost time 9.75s, result: {'hit@1': 0.0058, 'ndcg@1': 0.0058, 'hit@5': 0.0243, 'ndcg@5': 0.0149, 'hit@10': 0.0427, 'ndcg@10': 0.0208, 'hit@15': 0.0636, 'ndcg@15': 0.0263, 'hit@20': 0.0819, 'ndcg@20': 0.0306, 'hit@40': 0.1404, 'ndcg@40': 0.0425} 
2024-10-10 22:03:15.379 | INFO     | trainer_1:_train_one_epoch:193 - epoch 5 11.59s Train loss is [0.5435] 
2024-10-10 22:03:25.424 | INFO     | trainer_1:_train_one_epoch:201 - validate 5 cost time 10.04s, result: {'hit@1': 0.0121, 'ndcg@1': 0.0121, 'hit@5': 0.0431, 'ndcg@5': 0.0274, 'hit@10': 0.074, 'ndcg@10': 0.0372, 'hit@15': 0.0993, 'ndcg@15': 0.0439, 'hit@20': 0.1221, 'ndcg@20': 0.0493, 'hit@40': 0.1952, 'ndcg@40': 0.0642} 
2024-10-10 22:03:35.527 | INFO     | trainer_1:_train_one_epoch:209 - test 5 cost time 10.10s, result: {'hit@1': 0.0056, 'ndcg@1': 0.0056, 'hit@5': 0.0257, 'ndcg@5': 0.0155, 'hit@10': 0.0455, 'ndcg@10': 0.0218, 'hit@15': 0.0635, 'ndcg@15': 0.0266, 'hit@20': 0.0793, 'ndcg@20': 0.0303, 'hit@40': 0.1342, 'ndcg@40': 0.0415} 
2024-10-10 22:03:57.511 | INFO     | trainer_1:_train_one_epoch:193 - epoch 6 11.42s Train loss is [0.5247] 
2024-10-10 22:04:07.962 | INFO     | trainer_1:_train_one_epoch:201 - validate 6 cost time 10.45s, result: {'hit@1': 0.0117, 'ndcg@1': 0.0117, 'hit@5': 0.0436, 'ndcg@5': 0.0275, 'hit@10': 0.0738, 'ndcg@10': 0.0372, 'hit@15': 0.1028, 'ndcg@15': 0.0448, 'hit@20': 0.1264, 'ndcg@20': 0.0504, 'hit@40': 0.208, 'ndcg@40': 0.067} 
2024-10-10 22:04:18.083 | INFO     | trainer_1:_train_one_epoch:209 - test 6 cost time 10.12s, result: {'hit@1': 0.0063, 'ndcg@1': 0.0063, 'hit@5': 0.0274, 'ndcg@5': 0.0166, 'hit@10': 0.0493, 'ndcg@10': 0.0236, 'hit@15': 0.0677, 'ndcg@15': 0.0285, 'hit@20': 0.0862, 'ndcg@20': 0.0328, 'hit@40': 0.1468, 'ndcg@40': 0.0452} 
2024-10-10 22:04:40.645 | INFO     | trainer_1:_train_one_epoch:193 - epoch 7 12.11s Train loss is [0.5031] 
2024-10-10 22:04:51.083 | INFO     | trainer_1:_train_one_epoch:201 - validate 7 cost time 10.44s, result: {'hit@1': 0.0116, 'ndcg@1': 0.0116, 'hit@5': 0.0445, 'ndcg@5': 0.0281, 'hit@10': 0.0746, 'ndcg@10': 0.0377, 'hit@15': 0.1031, 'ndcg@15': 0.0453, 'hit@20': 0.1266, 'ndcg@20': 0.0508, 'hit@40': 0.2036, 'ndcg@40': 0.0665} 
2024-10-10 22:05:01.186 | INFO     | trainer_1:_train_one_epoch:209 - test 7 cost time 10.10s, result: {'hit@1': 0.0075, 'ndcg@1': 0.0075, 'hit@5': 0.0272, 'ndcg@5': 0.0172, 'hit@10': 0.0487, 'ndcg@10': 0.0241, 'hit@15': 0.0673, 'ndcg@15': 0.029, 'hit@20': 0.0839, 'ndcg@20': 0.0329, 'hit@40': 0.1434, 'ndcg@40': 0.045} 
2024-10-10 22:05:12.920 | INFO     | trainer_1:_train_one_epoch:193 - epoch 8 11.73s Train loss is [0.5062] 
2024-10-10 22:05:23.331 | INFO     | trainer_1:_train_one_epoch:201 - validate 8 cost time 10.41s, result: {'hit@1': 0.0123, 'ndcg@1': 0.0123, 'hit@5': 0.045, 'ndcg@5': 0.0285, 'hit@10': 0.0754, 'ndcg@10': 0.0382, 'hit@15': 0.1012, 'ndcg@15': 0.045, 'hit@20': 0.1236, 'ndcg@20': 0.0503, 'hit@40': 0.1978, 'ndcg@40': 0.0655} 
2024-10-10 22:05:33.432 | INFO     | trainer_1:_train_one_epoch:209 - test 8 cost time 10.10s, result: {'hit@1': 0.0077, 'ndcg@1': 0.0077, 'hit@5': 0.0274, 'ndcg@5': 0.0175, 'hit@10': 0.0479, 'ndcg@10': 0.0241, 'hit@15': 0.0653, 'ndcg@15': 0.0286, 'hit@20': 0.0829, 'ndcg@20': 0.0328, 'hit@40': 0.1387, 'ndcg@40': 0.0441} 
2024-10-10 22:05:44.752 | INFO     | trainer_1:_train_one_epoch:193 - epoch 9 11.32s Train loss is [0.4899] 
2024-10-10 22:05:54.751 | INFO     | trainer_1:_train_one_epoch:201 - validate 9 cost time 10.00s, result: {'hit@1': 0.0107, 'ndcg@1': 0.0107, 'hit@5': 0.0464, 'ndcg@5': 0.0286, 'hit@10': 0.08, 'ndcg@10': 0.0394, 'hit@15': 0.1114, 'ndcg@15': 0.0477, 'hit@20': 0.1389, 'ndcg@20': 0.0542, 'hit@40': 0.2234, 'ndcg@40': 0.0713} 
2024-10-10 22:06:04.462 | INFO     | trainer_1:_train_one_epoch:209 - test 9 cost time 9.71s, result: {'hit@1': 0.0071, 'ndcg@1': 0.0071, 'hit@5': 0.0302, 'ndcg@5': 0.0188, 'hit@10': 0.0529, 'ndcg@10': 0.0261, 'hit@15': 0.0722, 'ndcg@15': 0.0311, 'hit@20': 0.0915, 'ndcg@20': 0.0357, 'hit@40': 0.158, 'ndcg@40': 0.0493} 
2024-10-10 22:06:26.229 | INFO     | trainer_1:_train_one_epoch:193 - epoch 10 11.30s Train loss is [0.4765] 
2024-10-10 22:06:36.245 | INFO     | trainer_1:_train_one_epoch:201 - validate 10 cost time 10.02s, result: {'hit@1': 0.0125, 'ndcg@1': 0.0125, 'hit@5': 0.0464, 'ndcg@5': 0.0293, 'hit@10': 0.0789, 'ndcg@10': 0.0397, 'hit@15': 0.1061, 'ndcg@15': 0.0468, 'hit@20': 0.1288, 'ndcg@20': 0.0522, 'hit@40': 0.2049, 'ndcg@40': 0.0677} 
2024-10-10 22:06:45.958 | INFO     | trainer_1:_train_one_epoch:209 - test 10 cost time 9.71s, result: {'hit@1': 0.0069, 'ndcg@1': 0.0069, 'hit@5': 0.0304, 'ndcg@5': 0.0185, 'hit@10': 0.0497, 'ndcg@10': 0.0247, 'hit@15': 0.0684, 'ndcg@15': 0.0297, 'hit@20': 0.0871, 'ndcg@20': 0.0341, 'hit@40': 0.1447, 'ndcg@40': 0.0458} 
2024-10-10 22:06:57.337 | INFO     | trainer_1:_train_one_epoch:193 - epoch 11 11.38s Train loss is [0.4820] 
2024-10-10 22:07:07.359 | INFO     | trainer_1:_train_one_epoch:201 - validate 11 cost time 10.02s, result: {'hit@1': 0.0111, 'ndcg@1': 0.0111, 'hit@5': 0.045, 'ndcg@5': 0.0279, 'hit@10': 0.0791, 'ndcg@10': 0.0388, 'hit@15': 0.1091, 'ndcg@15': 0.0467, 'hit@20': 0.1333, 'ndcg@20': 0.0524, 'hit@40': 0.2099, 'ndcg@40': 0.068} 
2024-10-10 22:07:17.066 | INFO     | trainer_1:_train_one_epoch:209 - test 11 cost time 9.71s, result: {'hit@1': 0.0063, 'ndcg@1': 0.0063, 'hit@5': 0.0293, 'ndcg@5': 0.0177, 'hit@10': 0.0529, 'ndcg@10': 0.0253, 'hit@15': 0.0723, 'ndcg@15': 0.0304, 'hit@20': 0.0904, 'ndcg@20': 0.0347, 'hit@40': 0.1507, 'ndcg@40': 0.0469} 
2024-10-10 22:07:28.369 | INFO     | trainer_1:_train_one_epoch:193 - epoch 12 11.30s Train loss is [0.4652] 
2024-10-10 22:07:38.377 | INFO     | trainer_1:_train_one_epoch:201 - validate 12 cost time 10.01s, result: {'hit@1': 0.0111, 'ndcg@1': 0.0111, 'hit@5': 0.0443, 'ndcg@5': 0.0273, 'hit@10': 0.077, 'ndcg@10': 0.0378, 'hit@15': 0.1051, 'ndcg@15': 0.0452, 'hit@20': 0.1276, 'ndcg@20': 0.0505, 'hit@40': 0.2059, 'ndcg@40': 0.0665} 
2024-10-10 22:07:48.089 | INFO     | trainer_1:_train_one_epoch:209 - test 12 cost time 9.71s, result: {'hit@1': 0.0064, 'ndcg@1': 0.0064, 'hit@5': 0.0288, 'ndcg@5': 0.0174, 'hit@10': 0.0528, 'ndcg@10': 0.0251, 'hit@15': 0.0728, 'ndcg@15': 0.0304, 'hit@20': 0.0893, 'ndcg@20': 0.0342, 'hit@40': 0.1486, 'ndcg@40': 0.0463} 
2024-10-10 22:07:59.216 | INFO     | trainer_1:_train_one_epoch:193 - epoch 13 11.13s Train loss is [0.4445] 
2024-10-10 22:08:09.219 | INFO     | trainer_1:_train_one_epoch:201 - validate 13 cost time 10.00s, result: {'hit@1': 0.0111, 'ndcg@1': 0.0111, 'hit@5': 0.0443, 'ndcg@5': 0.0274, 'hit@10': 0.0804, 'ndcg@10': 0.039, 'hit@15': 0.1092, 'ndcg@15': 0.0466, 'hit@20': 0.1356, 'ndcg@20': 0.0528, 'hit@40': 0.2196, 'ndcg@40': 0.0699} 
2024-10-10 22:08:18.934 | INFO     | trainer_1:_train_one_epoch:209 - test 13 cost time 9.71s, result: {'hit@1': 0.0063, 'ndcg@1': 0.0063, 'hit@5': 0.0302, 'ndcg@5': 0.018, 'hit@10': 0.0526, 'ndcg@10': 0.0251, 'hit@15': 0.0726, 'ndcg@15': 0.0304, 'hit@20': 0.0911, 'ndcg@20': 0.0348, 'hit@40': 0.1534, 'ndcg@40': 0.0475} 
2024-10-10 22:08:29.900 | INFO     | trainer_1:_train_one_epoch:193 - epoch 14 10.96s Train loss is [0.4450] 
2024-10-10 22:08:39.902 | INFO     | trainer_1:_train_one_epoch:201 - validate 14 cost time 10.00s, result: {'hit@1': 0.0119, 'ndcg@1': 0.0119, 'hit@5': 0.0437, 'ndcg@5': 0.0278, 'hit@10': 0.0793, 'ndcg@10': 0.0392, 'hit@15': 0.1076, 'ndcg@15': 0.0467, 'hit@20': 0.1315, 'ndcg@20': 0.0523, 'hit@40': 0.2125, 'ndcg@40': 0.0688} 
2024-10-10 22:08:49.626 | INFO     | trainer_1:_train_one_epoch:209 - test 14 cost time 9.72s, result: {'hit@1': 0.0077, 'ndcg@1': 0.0077, 'hit@5': 0.0298, 'ndcg@5': 0.0187, 'hit@10': 0.0527, 'ndcg@10': 0.026, 'hit@15': 0.0725, 'ndcg@15': 0.0312, 'hit@20': 0.09, 'ndcg@20': 0.0354, 'hit@40': 0.1513, 'ndcg@40': 0.0478} 
2024-10-10 22:09:00.732 | INFO     | trainer_1:_train_one_epoch:193 - epoch 15 11.11s Train loss is [0.4336] 
2024-10-10 22:09:10.734 | INFO     | trainer_1:_train_one_epoch:201 - validate 15 cost time 10.00s, result: {'hit@1': 0.0108, 'ndcg@1': 0.0108, 'hit@5': 0.044, 'ndcg@5': 0.0273, 'hit@10': 0.0746, 'ndcg@10': 0.0371, 'hit@15': 0.103, 'ndcg@15': 0.0446, 'hit@20': 0.1295, 'ndcg@20': 0.0509, 'hit@40': 0.2104, 'ndcg@40': 0.0674} 
2024-10-10 22:09:20.436 | INFO     | trainer_1:_train_one_epoch:209 - test 15 cost time 9.70s, result: {'hit@1': 0.0077, 'ndcg@1': 0.0077, 'hit@5': 0.0301, 'ndcg@5': 0.0188, 'hit@10': 0.0533, 'ndcg@10': 0.0262, 'hit@15': 0.0728, 'ndcg@15': 0.0314, 'hit@20': 0.0899, 'ndcg@20': 0.0354, 'hit@40': 0.1488, 'ndcg@40': 0.0474} 
2024-10-10 22:09:42.702 | INFO     | trainer_1:_train_one_epoch:193 - epoch 16 11.36s Train loss is [0.4392] 
2024-10-10 22:09:50.786 | INFO     | trainer_1:_train_one_epoch:201 - validate 16 cost time 8.08s, result: {'hit@1': 0.0116, 'ndcg@1': 0.0116, 'hit@5': 0.0472, 'ndcg@5': 0.0293, 'hit@10': 0.079, 'ndcg@10': 0.0394, 'hit@15': 0.1065, 'ndcg@15': 0.0467, 'hit@20': 0.1323, 'ndcg@20': 0.0528, 'hit@40': 0.2108, 'ndcg@40': 0.0687} 
2024-10-10 22:09:59.744 | INFO     | trainer_1:_train_one_epoch:209 - test 16 cost time 8.96s, result: {'hit@1': 0.0074, 'ndcg@1': 0.0074, 'hit@5': 0.0321, 'ndcg@5': 0.0196, 'hit@10': 0.0546, 'ndcg@10': 0.0268, 'hit@15': 0.0756, 'ndcg@15': 0.0324, 'hit@20': 0.0915, 'ndcg@20': 0.0361, 'hit@40': 0.15, 'ndcg@40': 0.048} 
2024-10-10 22:10:21.840 | INFO     | trainer_1:_train_one_epoch:193 - epoch 17 11.67s Train loss is [0.4317] 
2024-10-10 22:10:29.645 | INFO     | trainer_1:_train_one_epoch:201 - validate 17 cost time 7.80s, result: {'hit@1': 0.0117, 'ndcg@1': 0.0117, 'hit@5': 0.0449, 'ndcg@5': 0.0283, 'hit@10': 0.0781, 'ndcg@10': 0.0389, 'hit@15': 0.1062, 'ndcg@15': 0.0464, 'hit@20': 0.1314, 'ndcg@20': 0.0523, 'hit@40': 0.2126, 'ndcg@40': 0.0688} 
2024-10-10 22:10:37.476 | INFO     | trainer_1:_train_one_epoch:209 - test 17 cost time 7.83s, result: {'hit@1': 0.0081, 'ndcg@1': 0.0081, 'hit@5': 0.0306, 'ndcg@5': 0.0193, 'hit@10': 0.0531, 'ndcg@10': 0.0265, 'hit@15': 0.0725, 'ndcg@15': 0.0317, 'hit@20': 0.0902, 'ndcg@20': 0.0359, 'hit@40': 0.1538, 'ndcg@40': 0.0488} 
2024-10-10 22:10:48.883 | INFO     | trainer_1:_train_one_epoch:193 - epoch 18 11.41s Train loss is [0.4120] 
2024-10-10 22:10:56.152 | INFO     | trainer_1:_train_one_epoch:201 - validate 18 cost time 7.27s, result: {'hit@1': 0.0128, 'ndcg@1': 0.0128, 'hit@5': 0.0489, 'ndcg@5': 0.0308, 'hit@10': 0.0833, 'ndcg@10': 0.0418, 'hit@15': 0.1099, 'ndcg@15': 0.0489, 'hit@20': 0.134, 'ndcg@20': 0.0545, 'hit@40': 0.2142, 'ndcg@40': 0.0709} 
2024-10-10 22:11:01.112 | INFO     | trainer_1:_train_one_epoch:209 - test 18 cost time 4.96s, result: {'hit@1': 0.0081, 'ndcg@1': 0.0081, 'hit@5': 0.0323, 'ndcg@5': 0.0201, 'hit@10': 0.0556, 'ndcg@10': 0.0276, 'hit@15': 0.0751, 'ndcg@15': 0.0328, 'hit@20': 0.093, 'ndcg@20': 0.037, 'hit@40': 0.1531, 'ndcg@40': 0.0492} 
2024-10-10 22:11:23.603 | INFO     | trainer_1:_train_one_epoch:193 - epoch 19 11.63s Train loss is [0.4147] 
2024-10-10 22:11:31.494 | INFO     | trainer_1:_train_one_epoch:201 - validate 19 cost time 7.89s, result: {'hit@1': 0.0128, 'ndcg@1': 0.0128, 'hit@5': 0.0505, 'ndcg@5': 0.0316, 'hit@10': 0.0859, 'ndcg@10': 0.0429, 'hit@15': 0.1158, 'ndcg@15': 0.0508, 'hit@20': 0.1413, 'ndcg@20': 0.0569, 'hit@40': 0.2231, 'ndcg@40': 0.0735} 
2024-10-10 22:11:39.116 | INFO     | trainer_1:_train_one_epoch:209 - test 19 cost time 7.62s, result: {'hit@1': 0.008, 'ndcg@1': 0.008, 'hit@5': 0.0336, 'ndcg@5': 0.0207, 'hit@10': 0.0569, 'ndcg@10': 0.0282, 'hit@15': 0.0778, 'ndcg@15': 0.0337, 'hit@20': 0.0956, 'ndcg@20': 0.0379, 'hit@40': 0.1574, 'ndcg@40': 0.0504} 
2024-10-10 22:12:01.562 | INFO     | trainer_1:_train_one_epoch:193 - epoch 20 11.57s Train loss is [0.4032] 
2024-10-10 22:12:07.542 | INFO     | trainer_1:_train_one_epoch:201 - validate 20 cost time 5.98s, result: {'hit@1': 0.0134, 'ndcg@1': 0.0134, 'hit@5': 0.0507, 'ndcg@5': 0.0317, 'hit@10': 0.085, 'ndcg@10': 0.0427, 'hit@15': 0.1092, 'ndcg@15': 0.0491, 'hit@20': 0.1344, 'ndcg@20': 0.0551, 'hit@40': 0.2166, 'ndcg@40': 0.0718} 
2024-10-10 22:12:13.900 | INFO     | trainer_1:_train_one_epoch:209 - test 20 cost time 6.36s, result: {'hit@1': 0.0085, 'ndcg@1': 0.0085, 'hit@5': 0.0326, 'ndcg@5': 0.0205, 'hit@10': 0.0563, 'ndcg@10': 0.0281, 'hit@15': 0.075, 'ndcg@15': 0.033, 'hit@20': 0.0932, 'ndcg@20': 0.0373, 'hit@40': 0.1524, 'ndcg@40': 0.0494} 
2024-10-10 22:12:25.032 | INFO     | trainer_1:_train_one_epoch:193 - epoch 21 11.13s Train loss is [0.3955] 
2024-10-10 22:12:32.902 | INFO     | trainer_1:_train_one_epoch:201 - validate 21 cost time 7.87s, result: {'hit@1': 0.0139, 'ndcg@1': 0.0139, 'hit@5': 0.05, 'ndcg@5': 0.0319, 'hit@10': 0.0854, 'ndcg@10': 0.0432, 'hit@15': 0.1139, 'ndcg@15': 0.0507, 'hit@20': 0.1398, 'ndcg@20': 0.0568, 'hit@40': 0.221, 'ndcg@40': 0.0734} 
2024-10-10 22:12:39.644 | INFO     | trainer_1:_train_one_epoch:209 - test 21 cost time 6.74s, result: {'hit@1': 0.0094, 'ndcg@1': 0.0094, 'hit@5': 0.0331, 'ndcg@5': 0.0212, 'hit@10': 0.0566, 'ndcg@10': 0.0288, 'hit@15': 0.0768, 'ndcg@15': 0.0341, 'hit@20': 0.0952, 'ndcg@20': 0.0384, 'hit@40': 0.1558, 'ndcg@40': 0.0507} 
2024-10-10 22:12:50.622 | INFO     | trainer_1:_train_one_epoch:193 - epoch 22 10.98s Train loss is [0.4013] 
2024-10-10 22:12:56.735 | INFO     | trainer_1:_train_one_epoch:201 - validate 22 cost time 6.11s, result: {'hit@1': 0.0139, 'ndcg@1': 0.0139, 'hit@5': 0.0522, 'ndcg@5': 0.0331, 'hit@10': 0.0897, 'ndcg@10': 0.0451, 'hit@15': 0.1194, 'ndcg@15': 0.053, 'hit@20': 0.1455, 'ndcg@20': 0.0592, 'hit@40': 0.2322, 'ndcg@40': 0.0768} 
2024-10-10 22:13:02.396 | INFO     | trainer_1:_train_one_epoch:209 - test 22 cost time 5.66s, result: {'hit@1': 0.0094, 'ndcg@1': 0.0094, 'hit@5': 0.0361, 'ndcg@5': 0.0226, 'hit@10': 0.0602, 'ndcg@10': 0.0304, 'hit@15': 0.0816, 'ndcg@15': 0.036, 'hit@20': 0.0996, 'ndcg@20': 0.0403, 'hit@40': 0.1641, 'ndcg@40': 0.0534} 
2024-10-10 22:13:23.948 | INFO     | trainer_1:_train_one_epoch:193 - epoch 23 11.05s Train loss is [0.3870] 
2024-10-10 22:13:29.590 | INFO     | trainer_1:_train_one_epoch:201 - validate 23 cost time 5.64s, result: {'hit@1': 0.0128, 'ndcg@1': 0.0128, 'hit@5': 0.0482, 'ndcg@5': 0.0302, 'hit@10': 0.0827, 'ndcg@10': 0.0413, 'hit@15': 0.1112, 'ndcg@15': 0.0488, 'hit@20': 0.1374, 'ndcg@20': 0.055, 'hit@40': 0.2193, 'ndcg@40': 0.0717} 
2024-10-10 22:13:34.578 | INFO     | trainer_1:_train_one_epoch:209 - test 23 cost time 4.99s, result: {'hit@1': 0.0089, 'ndcg@1': 0.0089, 'hit@5': 0.0317, 'ndcg@5': 0.0203, 'hit@10': 0.0535, 'ndcg@10': 0.0272, 'hit@15': 0.0749, 'ndcg@15': 0.0329, 'hit@20': 0.093, 'ndcg@20': 0.0372, 'hit@40': 0.1572, 'ndcg@40': 0.0502} 
2024-10-10 22:13:45.969 | INFO     | trainer_1:_train_one_epoch:193 - epoch 24 11.39s Train loss is [0.3826] 
2024-10-10 22:13:54.324 | INFO     | trainer_1:_train_one_epoch:201 - validate 24 cost time 8.35s, result: {'hit@1': 0.0143, 'ndcg@1': 0.0143, 'hit@5': 0.0495, 'ndcg@5': 0.032, 'hit@10': 0.083, 'ndcg@10': 0.0427, 'hit@15': 0.1107, 'ndcg@15': 0.05, 'hit@20': 0.1351, 'ndcg@20': 0.0558, 'hit@40': 0.216, 'ndcg@40': 0.0723} 
2024-10-10 22:14:03.356 | INFO     | trainer_1:_train_one_epoch:209 - test 24 cost time 9.03s, result: {'hit@1': 0.0088, 'ndcg@1': 0.0088, 'hit@5': 0.0328, 'ndcg@5': 0.0209, 'hit@10': 0.0548, 'ndcg@10': 0.028, 'hit@15': 0.0745, 'ndcg@15': 0.0332, 'hit@20': 0.0928, 'ndcg@20': 0.0375, 'hit@40': 0.1543, 'ndcg@40': 0.05} 
2024-10-10 22:14:14.745 | INFO     | trainer_1:_train_one_epoch:193 - epoch 25 11.39s Train loss is [0.3804] 
2024-10-10 22:14:21.727 | INFO     | trainer_1:_train_one_epoch:201 - validate 25 cost time 6.98s, result: {'hit@1': 0.0134, 'ndcg@1': 0.0134, 'hit@5': 0.0556, 'ndcg@5': 0.0345, 'hit@10': 0.0916, 'ndcg@10': 0.0461, 'hit@15': 0.1236, 'ndcg@15': 0.0545, 'hit@20': 0.1494, 'ndcg@20': 0.0606, 'hit@40': 0.2382, 'ndcg@40': 0.0786} 
2024-10-10 22:14:27.507 | INFO     | trainer_1:_train_one_epoch:209 - test 25 cost time 5.78s, result: {'hit@1': 0.0105, 'ndcg@1': 0.0105, 'hit@5': 0.0353, 'ndcg@5': 0.0228, 'hit@10': 0.0597, 'ndcg@10': 0.0306, 'hit@15': 0.082, 'ndcg@15': 0.0365, 'hit@20': 0.1001, 'ndcg@20': 0.0408, 'hit@40': 0.1652, 'ndcg@40': 0.054} 
2024-10-10 22:14:39.222 | INFO     | trainer_1:_train_one_epoch:193 - epoch 26 11.71s Train loss is [0.3867] 
2024-10-10 22:14:47.729 | INFO     | trainer_1:_train_one_epoch:201 - validate 26 cost time 8.51s, result: {'hit@1': 0.015, 'ndcg@1': 0.015, 'hit@5': 0.0554, 'ndcg@5': 0.0354, 'hit@10': 0.0913, 'ndcg@10': 0.047, 'hit@15': 0.1219, 'ndcg@15': 0.055, 'hit@20': 0.1495, 'ndcg@20': 0.0615, 'hit@40': 0.2358, 'ndcg@40': 0.0791} 
2024-10-10 22:14:56.754 | INFO     | trainer_1:_train_one_epoch:209 - test 26 cost time 9.02s, result: {'hit@1': 0.0105, 'ndcg@1': 0.0105, 'hit@5': 0.0363, 'ndcg@5': 0.0233, 'hit@10': 0.0601, 'ndcg@10': 0.031, 'hit@15': 0.0816, 'ndcg@15': 0.0367, 'hit@20': 0.0997, 'ndcg@20': 0.0409, 'hit@40': 0.1634, 'ndcg@40': 0.0539} 
2024-10-10 22:15:08.054 | INFO     | trainer_1:_train_one_epoch:193 - epoch 27 11.30s Train loss is [0.3698] 
2024-10-10 22:15:14.522 | INFO     | trainer_1:_train_one_epoch:201 - validate 27 cost time 6.47s, result: {'hit@1': 0.0152, 'ndcg@1': 0.0152, 'hit@5': 0.0537, 'ndcg@5': 0.0346, 'hit@10': 0.0876, 'ndcg@10': 0.0454, 'hit@15': 0.1166, 'ndcg@15': 0.0531, 'hit@20': 0.1429, 'ndcg@20': 0.0593, 'hit@40': 0.2268, 'ndcg@40': 0.0764} 
2024-10-10 22:15:20.349 | INFO     | trainer_1:_train_one_epoch:209 - test 27 cost time 5.83s, result: {'hit@1': 0.0098, 'ndcg@1': 0.0098, 'hit@5': 0.0346, 'ndcg@5': 0.0224, 'hit@10': 0.0592, 'ndcg@10': 0.0302, 'hit@15': 0.0793, 'ndcg@15': 0.0355, 'hit@20': 0.0976, 'ndcg@20': 0.0398, 'hit@40': 0.1576, 'ndcg@40': 0.052} 
2024-10-10 22:15:31.912 | INFO     | trainer_1:_train_one_epoch:193 - epoch 28 11.56s Train loss is [0.3740] 
2024-10-10 22:15:39.640 | INFO     | trainer_1:_train_one_epoch:201 - validate 28 cost time 7.73s, result: {'hit@1': 0.0141, 'ndcg@1': 0.0141, 'hit@5': 0.0569, 'ndcg@5': 0.0355, 'hit@10': 0.0918, 'ndcg@10': 0.0467, 'hit@15': 0.1228, 'ndcg@15': 0.0549, 'hit@20': 0.1482, 'ndcg@20': 0.0609, 'hit@40': 0.2323, 'ndcg@40': 0.078} 
2024-10-10 22:15:48.675 | INFO     | trainer_1:_train_one_epoch:209 - test 28 cost time 9.03s, result: {'hit@1': 0.0108, 'ndcg@1': 0.0108, 'hit@5': 0.0364, 'ndcg@5': 0.0236, 'hit@10': 0.062, 'ndcg@10': 0.0318, 'hit@15': 0.0838, 'ndcg@15': 0.0376, 'hit@20': 0.1011, 'ndcg@20': 0.0416, 'hit@40': 0.1644, 'ndcg@40': 0.0545} 
2024-10-10 22:16:10.729 | INFO     | trainer_1:_train_one_epoch:193 - epoch 29 11.61s Train loss is [0.3768] 
2024-10-10 22:16:18.873 | INFO     | trainer_1:_train_one_epoch:201 - validate 29 cost time 8.14s, result: {'hit@1': 0.0156, 'ndcg@1': 0.0156, 'hit@5': 0.0548, 'ndcg@5': 0.0351, 'hit@10': 0.0909, 'ndcg@10': 0.0466, 'hit@15': 0.1226, 'ndcg@15': 0.055, 'hit@20': 0.1504, 'ndcg@20': 0.0616, 'hit@40': 0.2388, 'ndcg@40': 0.0796} 
2024-10-10 22:16:27.793 | INFO     | trainer_1:_train_one_epoch:209 - test 29 cost time 8.92s, result: {'hit@1': 0.011, 'ndcg@1': 0.011, 'hit@5': 0.0375, 'ndcg@5': 0.0243, 'hit@10': 0.0621, 'ndcg@10': 0.0322, 'hit@15': 0.0842, 'ndcg@15': 0.038, 'hit@20': 0.1033, 'ndcg@20': 0.0425, 'hit@40': 0.1715, 'ndcg@40': 0.0564} 
2024-10-10 22:16:49.729 | INFO     | trainer_1:_train_one_epoch:193 - epoch 30 10.84s Train loss is [0.3751] 
2024-10-10 22:16:55.732 | INFO     | trainer_1:_train_one_epoch:201 - validate 30 cost time 6.00s, result: {'hit@1': 0.0157, 'ndcg@1': 0.0157, 'hit@5': 0.0561, 'ndcg@5': 0.036, 'hit@10': 0.0935, 'ndcg@10': 0.048, 'hit@15': 0.1237, 'ndcg@15': 0.0559, 'hit@20': 0.1508, 'ndcg@20': 0.0623, 'hit@40': 0.2382, 'ndcg@40': 0.0801} 
2024-10-10 22:17:01.574 | INFO     | trainer_1:_train_one_epoch:209 - test 30 cost time 5.84s, result: {'hit@1': 0.0107, 'ndcg@1': 0.0107, 'hit@5': 0.037, 'ndcg@5': 0.0237, 'hit@10': 0.0618, 'ndcg@10': 0.0317, 'hit@15': 0.0828, 'ndcg@15': 0.0372, 'hit@20': 0.1021, 'ndcg@20': 0.0418, 'hit@40': 0.1649, 'ndcg@40': 0.0545} 
2024-10-10 22:17:12.519 | INFO     | trainer_1:_train_one_epoch:193 - epoch 31 10.94s Train loss is [0.3745] 
2024-10-10 22:17:20.088 | INFO     | trainer_1:_train_one_epoch:201 - validate 31 cost time 7.57s, result: {'hit@1': 0.016, 'ndcg@1': 0.016, 'hit@5': 0.0567, 'ndcg@5': 0.0365, 'hit@10': 0.0932, 'ndcg@10': 0.0482, 'hit@15': 0.1242, 'ndcg@15': 0.0564, 'hit@20': 0.1521, 'ndcg@20': 0.063, 'hit@40': 0.236, 'ndcg@40': 0.08} 
2024-10-10 22:17:27.882 | INFO     | trainer_1:_train_one_epoch:209 - test 31 cost time 7.79s, result: {'hit@1': 0.0111, 'ndcg@1': 0.0111, 'hit@5': 0.038, 'ndcg@5': 0.0244, 'hit@10': 0.0647, 'ndcg@10': 0.033, 'hit@15': 0.0862, 'ndcg@15': 0.0386, 'hit@20': 0.106, 'ndcg@20': 0.0433, 'hit@40': 0.1692, 'ndcg@40': 0.0562} 
2024-10-10 22:17:49.994 | INFO     | trainer_1:_train_one_epoch:193 - epoch 32 11.44s Train loss is [0.3667] 
2024-10-10 22:17:57.857 | INFO     | trainer_1:_train_one_epoch:201 - validate 32 cost time 7.86s, result: {'hit@1': 0.0155, 'ndcg@1': 0.0155, 'hit@5': 0.0559, 'ndcg@5': 0.0357, 'hit@10': 0.0946, 'ndcg@10': 0.048, 'hit@15': 0.1261, 'ndcg@15': 0.0563, 'hit@20': 0.1539, 'ndcg@20': 0.0629, 'hit@40': 0.2428, 'ndcg@40': 0.081} 
2024-10-10 22:18:05.290 | INFO     | trainer_1:_train_one_epoch:209 - test 32 cost time 7.43s, result: {'hit@1': 0.0104, 'ndcg@1': 0.0104, 'hit@5': 0.0387, 'ndcg@5': 0.0244, 'hit@10': 0.065, 'ndcg@10': 0.0329, 'hit@15': 0.0863, 'ndcg@15': 0.0385, 'hit@20': 0.1066, 'ndcg@20': 0.0433, 'hit@40': 0.1739, 'ndcg@40': 0.057} 
2024-10-10 22:18:27.059 | INFO     | trainer_1:_train_one_epoch:193 - epoch 33 11.39s Train loss is [0.3491] 
2024-10-10 22:18:35.595 | INFO     | trainer_1:_train_one_epoch:201 - validate 33 cost time 8.54s, result: {'hit@1': 0.0149, 'ndcg@1': 0.0149, 'hit@5': 0.0563, 'ndcg@5': 0.0358, 'hit@10': 0.0941, 'ndcg@10': 0.0479, 'hit@15': 0.1269, 'ndcg@15': 0.0566, 'hit@20': 0.1544, 'ndcg@20': 0.0631, 'hit@40': 0.2488, 'ndcg@40': 0.0823} 
2024-10-10 22:18:43.563 | INFO     | trainer_1:_train_one_epoch:209 - test 33 cost time 7.97s, result: {'hit@1': 0.0114, 'ndcg@1': 0.0114, 'hit@5': 0.0399, 'ndcg@5': 0.0255, 'hit@10': 0.0651, 'ndcg@10': 0.0337, 'hit@15': 0.0871, 'ndcg@15': 0.0395, 'hit@20': 0.1081, 'ndcg@20': 0.0444, 'hit@40': 0.1742, 'ndcg@40': 0.0579} 
2024-10-10 22:19:05.521 | INFO     | trainer_1:_train_one_epoch:193 - epoch 34 11.48s Train loss is [0.3597] 
2024-10-10 22:19:13.817 | INFO     | trainer_1:_train_one_epoch:201 - validate 34 cost time 8.30s, result: {'hit@1': 0.015, 'ndcg@1': 0.015, 'hit@5': 0.0554, 'ndcg@5': 0.0352, 'hit@10': 0.0909, 'ndcg@10': 0.0466, 'hit@15': 0.119, 'ndcg@15': 0.054, 'hit@20': 0.147, 'ndcg@20': 0.0606, 'hit@40': 0.2357, 'ndcg@40': 0.0787} 
2024-10-10 22:19:21.901 | INFO     | trainer_1:_train_one_epoch:209 - test 34 cost time 8.08s, result: {'hit@1': 0.0113, 'ndcg@1': 0.0113, 'hit@5': 0.039, 'ndcg@5': 0.0253, 'hit@10': 0.0648, 'ndcg@10': 0.0336, 'hit@15': 0.0869, 'ndcg@15': 0.0395, 'hit@20': 0.1064, 'ndcg@20': 0.044, 'hit@40': 0.1704, 'ndcg@40': 0.0571} 
2024-10-10 22:19:32.969 | INFO     | trainer_1:_train_one_epoch:193 - epoch 35 11.07s Train loss is [0.3545] 
2024-10-10 22:19:38.165 | INFO     | trainer_1:_train_one_epoch:201 - validate 35 cost time 5.20s, result: {'hit@1': 0.0152, 'ndcg@1': 0.0152, 'hit@5': 0.0555, 'ndcg@5': 0.0354, 'hit@10': 0.0903, 'ndcg@10': 0.0465, 'hit@15': 0.1211, 'ndcg@15': 0.0547, 'hit@20': 0.1483, 'ndcg@20': 0.0611, 'hit@40': 0.2378, 'ndcg@40': 0.0793} 
2024-10-10 22:19:44.073 | INFO     | trainer_1:_train_one_epoch:209 - test 35 cost time 5.91s, result: {'hit@1': 0.0114, 'ndcg@1': 0.0114, 'hit@5': 0.0374, 'ndcg@5': 0.0243, 'hit@10': 0.0623, 'ndcg@10': 0.0323, 'hit@15': 0.0833, 'ndcg@15': 0.0379, 'hit@20': 0.104, 'ndcg@20': 0.0428, 'hit@40': 0.1695, 'ndcg@40': 0.0561} 
2024-10-10 22:19:55.444 | INFO     | trainer_1:_train_one_epoch:193 - epoch 36 11.37s Train loss is [0.3574] 
2024-10-10 22:20:03.774 | INFO     | trainer_1:_train_one_epoch:201 - validate 36 cost time 8.33s, result: {'hit@1': 0.0148, 'ndcg@1': 0.0148, 'hit@5': 0.0564, 'ndcg@5': 0.0356, 'hit@10': 0.0923, 'ndcg@10': 0.0471, 'hit@15': 0.1239, 'ndcg@15': 0.0554, 'hit@20': 0.1521, 'ndcg@20': 0.062, 'hit@40': 0.2427, 'ndcg@40': 0.0805} 
2024-10-10 22:20:11.906 | INFO     | trainer_1:_train_one_epoch:209 - test 36 cost time 8.13s, result: {'hit@1': 0.0103, 'ndcg@1': 0.0103, 'hit@5': 0.037, 'ndcg@5': 0.0236, 'hit@10': 0.0622, 'ndcg@10': 0.0317, 'hit@15': 0.085, 'ndcg@15': 0.0377, 'hit@20': 0.1044, 'ndcg@20': 0.0423, 'hit@40': 0.1714, 'ndcg@40': 0.0559} 
2024-10-10 22:20:23.266 | INFO     | trainer_1:_train_one_epoch:193 - epoch 37 11.36s Train loss is [0.3622] 
2024-10-10 22:20:29.457 | INFO     | trainer_1:_train_one_epoch:201 - validate 37 cost time 6.19s, result: {'hit@1': 0.0153, 'ndcg@1': 0.0153, 'hit@5': 0.0578, 'ndcg@5': 0.0365, 'hit@10': 0.0969, 'ndcg@10': 0.0491, 'hit@15': 0.1301, 'ndcg@15': 0.0579, 'hit@20': 0.1582, 'ndcg@20': 0.0645, 'hit@40': 0.2475, 'ndcg@40': 0.0827} 
2024-10-10 22:20:35.765 | INFO     | trainer_1:_train_one_epoch:209 - test 37 cost time 6.31s, result: {'hit@1': 0.0114, 'ndcg@1': 0.0114, 'hit@5': 0.04, 'ndcg@5': 0.0256, 'hit@10': 0.0658, 'ndcg@10': 0.0338, 'hit@15': 0.0886, 'ndcg@15': 0.0399, 'hit@20': 0.109, 'ndcg@20': 0.0447, 'hit@40': 0.1788, 'ndcg@40': 0.0588} 
2024-10-10 22:20:57.500 | INFO     | trainer_1:_train_one_epoch:193 - epoch 38 11.34s Train loss is [0.3418] 
2024-10-10 22:21:03.521 | INFO     | trainer_1:_train_one_epoch:201 - validate 38 cost time 6.02s, result: {'hit@1': 0.0163, 'ndcg@1': 0.0163, 'hit@5': 0.0567, 'ndcg@5': 0.0366, 'hit@10': 0.0935, 'ndcg@10': 0.0484, 'hit@15': 0.1253, 'ndcg@15': 0.0568, 'hit@20': 0.1548, 'ndcg@20': 0.0637, 'hit@40': 0.2416, 'ndcg@40': 0.0814} 
2024-10-10 22:21:09.245 | INFO     | trainer_1:_train_one_epoch:209 - test 38 cost time 5.72s, result: {'hit@1': 0.0114, 'ndcg@1': 0.0114, 'hit@5': 0.0388, 'ndcg@5': 0.025, 'hit@10': 0.0643, 'ndcg@10': 0.0332, 'hit@15': 0.0862, 'ndcg@15': 0.039, 'hit@20': 0.1055, 'ndcg@20': 0.0435, 'hit@40': 0.1718, 'ndcg@40': 0.057} 
2024-10-10 22:21:20.531 | INFO     | trainer_1:_train_one_epoch:193 - epoch 39 11.29s Train loss is [0.3441] 
2024-10-10 22:21:29.656 | INFO     | trainer_1:_train_one_epoch:201 - validate 39 cost time 9.12s, result: {'hit@1': 0.0153, 'ndcg@1': 0.0153, 'hit@5': 0.0579, 'ndcg@5': 0.0365, 'hit@10': 0.0969, 'ndcg@10': 0.049, 'hit@15': 0.1281, 'ndcg@15': 0.0572, 'hit@20': 0.155, 'ndcg@20': 0.0636, 'hit@40': 0.2459, 'ndcg@40': 0.0821} 
2024-10-10 22:21:38.521 | INFO     | trainer_1:_train_one_epoch:209 - test 39 cost time 8.86s, result: {'hit@1': 0.0116, 'ndcg@1': 0.0116, 'hit@5': 0.0399, 'ndcg@5': 0.0255, 'hit@10': 0.0666, 'ndcg@10': 0.0341, 'hit@15': 0.0907, 'ndcg@15': 0.0404, 'hit@20': 0.1109, 'ndcg@20': 0.0452, 'hit@40': 0.1787, 'ndcg@40': 0.059} 
2024-10-10 22:22:00.423 | INFO     | trainer_1:_train_one_epoch:193 - epoch 40 11.45s Train loss is [0.3442] 
2024-10-10 22:22:09.615 | INFO     | trainer_1:_train_one_epoch:201 - validate 40 cost time 9.19s, result: {'hit@1': 0.0159, 'ndcg@1': 0.0159, 'hit@5': 0.0583, 'ndcg@5': 0.0372, 'hit@10': 0.0949, 'ndcg@10': 0.049, 'hit@15': 0.1271, 'ndcg@15': 0.0575, 'hit@20': 0.1568, 'ndcg@20': 0.0645, 'hit@40': 0.2456, 'ndcg@40': 0.0825} 
2024-10-10 22:22:18.621 | INFO     | trainer_1:_train_one_epoch:209 - test 40 cost time 9.01s, result: {'hit@1': 0.0115, 'ndcg@1': 0.0115, 'hit@5': 0.0389, 'ndcg@5': 0.0251, 'hit@10': 0.0658, 'ndcg@10': 0.0337, 'hit@15': 0.0876, 'ndcg@15': 0.0395, 'hit@20': 0.108, 'ndcg@20': 0.0443, 'hit@40': 0.1761, 'ndcg@40': 0.0581} 
2024-10-10 22:22:29.710 | INFO     | trainer_1:_train_one_epoch:193 - epoch 41 11.09s Train loss is [0.3483] 
2024-10-10 22:22:36.776 | INFO     | trainer_1:_train_one_epoch:201 - validate 41 cost time 7.07s, result: {'hit@1': 0.0164, 'ndcg@1': 0.0164, 'hit@5': 0.0582, 'ndcg@5': 0.0374, 'hit@10': 0.0973, 'ndcg@10': 0.0499, 'hit@15': 0.1269, 'ndcg@15': 0.0577, 'hit@20': 0.1544, 'ndcg@20': 0.0642, 'hit@40': 0.244, 'ndcg@40': 0.0824} 
2024-10-10 22:22:43.707 | INFO     | trainer_1:_train_one_epoch:209 - test 41 cost time 6.93s, result: {'hit@1': 0.0108, 'ndcg@1': 0.0108, 'hit@5': 0.04, 'ndcg@5': 0.0253, 'hit@10': 0.0657, 'ndcg@10': 0.0335, 'hit@15': 0.0886, 'ndcg@15': 0.0395, 'hit@20': 0.1084, 'ndcg@20': 0.0442, 'hit@40': 0.1752, 'ndcg@40': 0.0578} 
2024-10-10 22:22:55.077 | INFO     | trainer_1:_train_one_epoch:193 - epoch 42 11.37s Train loss is [0.3386] 
2024-10-10 22:23:04.255 | INFO     | trainer_1:_train_one_epoch:201 - validate 42 cost time 9.18s, result: {'hit@1': 0.0171, 'ndcg@1': 0.0171, 'hit@5': 0.0634, 'ndcg@5': 0.0401, 'hit@10': 0.1037, 'ndcg@10': 0.053, 'hit@15': 0.1357, 'ndcg@15': 0.0615, 'hit@20': 0.1646, 'ndcg@20': 0.0683, 'hit@40': 0.2562, 'ndcg@40': 0.087} 
2024-10-10 22:23:12.689 | INFO     | trainer_1:_train_one_epoch:209 - test 42 cost time 8.43s, result: {'hit@1': 0.0107, 'ndcg@1': 0.0107, 'hit@5': 0.041, 'ndcg@5': 0.026, 'hit@10': 0.0682, 'ndcg@10': 0.0347, 'hit@15': 0.0915, 'ndcg@15': 0.0408, 'hit@20': 0.1125, 'ndcg@20': 0.0457, 'hit@40': 0.181, 'ndcg@40': 0.0597} 
2024-10-10 22:23:35.027 | INFO     | trainer_1:_train_one_epoch:193 - epoch 43 11.34s Train loss is [0.3386] 
2024-10-10 22:23:44.158 | INFO     | trainer_1:_train_one_epoch:201 - validate 43 cost time 9.13s, result: {'hit@1': 0.0165, 'ndcg@1': 0.0165, 'hit@5': 0.0583, 'ndcg@5': 0.0376, 'hit@10': 0.098, 'ndcg@10': 0.0503, 'hit@15': 0.1308, 'ndcg@15': 0.059, 'hit@20': 0.1593, 'ndcg@20': 0.0657, 'hit@40': 0.251, 'ndcg@40': 0.0844} 
2024-10-10 22:23:52.916 | INFO     | trainer_1:_train_one_epoch:209 - test 43 cost time 8.76s, result: {'hit@1': 0.0111, 'ndcg@1': 0.0111, 'hit@5': 0.0411, 'ndcg@5': 0.0258, 'hit@10': 0.0677, 'ndcg@10': 0.0342, 'hit@15': 0.0904, 'ndcg@15': 0.0403, 'hit@20': 0.1109, 'ndcg@20': 0.0451, 'hit@40': 0.1781, 'ndcg@40': 0.0587} 
2024-10-10 22:24:04.594 | INFO     | trainer_1:_train_one_epoch:193 - epoch 44 11.68s Train loss is [0.3463] 
2024-10-10 22:24:12.024 | INFO     | trainer_1:_train_one_epoch:201 - validate 44 cost time 7.43s, result: {'hit@1': 0.017, 'ndcg@1': 0.017, 'hit@5': 0.0584, 'ndcg@5': 0.0379, 'hit@10': 0.0981, 'ndcg@10': 0.0506, 'hit@15': 0.1306, 'ndcg@15': 0.0591, 'hit@20': 0.1576, 'ndcg@20': 0.0655, 'hit@40': 0.2476, 'ndcg@40': 0.0839} 
2024-10-10 22:24:20.941 | INFO     | trainer_1:_train_one_epoch:209 - test 44 cost time 8.92s, result: {'hit@1': 0.0112, 'ndcg@1': 0.0112, 'hit@5': 0.04, 'ndcg@5': 0.0254, 'hit@10': 0.0695, 'ndcg@10': 0.0348, 'hit@15': 0.0932, 'ndcg@15': 0.0411, 'hit@20': 0.1118, 'ndcg@20': 0.0455, 'hit@40': 0.1795, 'ndcg@40': 0.0592} 
2024-10-10 22:24:42.802 | INFO     | trainer_1:_train_one_epoch:193 - epoch 45 11.24s Train loss is [0.3445] 
2024-10-10 22:24:49.605 | INFO     | trainer_1:_train_one_epoch:201 - validate 45 cost time 6.80s, result: {'hit@1': 0.0165, 'ndcg@1': 0.0165, 'hit@5': 0.0619, 'ndcg@5': 0.0393, 'hit@10': 0.1017, 'ndcg@10': 0.052, 'hit@15': 0.1317, 'ndcg@15': 0.0599, 'hit@20': 0.1606, 'ndcg@20': 0.0667, 'hit@40': 0.2509, 'ndcg@40': 0.0851} 
2024-10-10 22:24:56.091 | INFO     | trainer_1:_train_one_epoch:209 - test 45 cost time 6.49s, result: {'hit@1': 0.0109, 'ndcg@1': 0.0109, 'hit@5': 0.042, 'ndcg@5': 0.0262, 'hit@10': 0.0701, 'ndcg@10': 0.0352, 'hit@15': 0.0934, 'ndcg@15': 0.0413, 'hit@20': 0.1142, 'ndcg@20': 0.0462, 'hit@40': 0.1798, 'ndcg@40': 0.0596} 
2024-10-10 22:25:18.121 | INFO     | trainer_1:_train_one_epoch:193 - epoch 46 11.31s Train loss is [0.3299] 
2024-10-10 22:25:25.171 | INFO     | trainer_1:_train_one_epoch:201 - validate 46 cost time 7.05s, result: {'hit@1': 0.0171, 'ndcg@1': 0.0171, 'hit@5': 0.0597, 'ndcg@5': 0.0383, 'hit@10': 0.0995, 'ndcg@10': 0.0511, 'hit@15': 0.1303, 'ndcg@15': 0.0592, 'hit@20': 0.156, 'ndcg@20': 0.0653, 'hit@40': 0.2459, 'ndcg@40': 0.0835} 
2024-10-10 22:25:31.773 | INFO     | trainer_1:_train_one_epoch:209 - test 46 cost time 6.60s, result: {'hit@1': 0.0106, 'ndcg@1': 0.0106, 'hit@5': 0.0415, 'ndcg@5': 0.026, 'hit@10': 0.0684, 'ndcg@10': 0.0347, 'hit@15': 0.0912, 'ndcg@15': 0.0407, 'hit@20': 0.112, 'ndcg@20': 0.0456, 'hit@40': 0.1776, 'ndcg@40': 0.0589} 
2024-10-10 22:25:43.022 | INFO     | trainer_1:_train_one_epoch:193 - epoch 47 11.25s Train loss is [0.3328] 
2024-10-10 22:25:52.215 | INFO     | trainer_1:_train_one_epoch:201 - validate 47 cost time 9.19s, result: {'hit@1': 0.0161, 'ndcg@1': 0.0161, 'hit@5': 0.0572, 'ndcg@5': 0.0367, 'hit@10': 0.0966, 'ndcg@10': 0.0493, 'hit@15': 0.126, 'ndcg@15': 0.0571, 'hit@20': 0.1541, 'ndcg@20': 0.0637, 'hit@40': 0.2422, 'ndcg@40': 0.0816} 
2024-10-10 22:26:00.813 | INFO     | trainer_1:_train_one_epoch:209 - test 47 cost time 8.60s, result: {'hit@1': 0.01, 'ndcg@1': 0.01, 'hit@5': 0.0381, 'ndcg@5': 0.0241, 'hit@10': 0.0656, 'ndcg@10': 0.0329, 'hit@15': 0.0884, 'ndcg@15': 0.0389, 'hit@20': 0.1084, 'ndcg@20': 0.0436, 'hit@40': 0.1729, 'ndcg@40': 0.0567} 
2024-10-10 22:26:12.462 | INFO     | trainer_1:_train_one_epoch:193 - epoch 48 11.65s Train loss is [0.3262] 
2024-10-10 22:26:21.004 | INFO     | trainer_1:_train_one_epoch:201 - validate 48 cost time 8.54s, result: {'hit@1': 0.0179, 'ndcg@1': 0.0179, 'hit@5': 0.0625, 'ndcg@5': 0.04, 'hit@10': 0.1013, 'ndcg@10': 0.0523, 'hit@15': 0.1337, 'ndcg@15': 0.0609, 'hit@20': 0.1624, 'ndcg@20': 0.0677, 'hit@40': 0.2517, 'ndcg@40': 0.0859} 
2024-10-10 22:26:29.964 | INFO     | trainer_1:_train_one_epoch:209 - test 48 cost time 8.96s, result: {'hit@1': 0.0109, 'ndcg@1': 0.0109, 'hit@5': 0.0417, 'ndcg@5': 0.0263, 'hit@10': 0.0715, 'ndcg@10': 0.0358, 'hit@15': 0.0945, 'ndcg@15': 0.0419, 'hit@20': 0.1148, 'ndcg@20': 0.0467, 'hit@40': 0.1817, 'ndcg@40': 0.0602} 
2024-10-10 22:26:52.417 | INFO     | trainer_1:_train_one_epoch:193 - epoch 49 11.70s Train loss is [0.3366] 
2024-10-10 22:27:00.988 | INFO     | trainer_1:_train_one_epoch:201 - validate 49 cost time 8.57s, result: {'hit@1': 0.017, 'ndcg@1': 0.017, 'hit@5': 0.0589, 'ndcg@5': 0.0379, 'hit@10': 0.0967, 'ndcg@10': 0.05, 'hit@15': 0.1271, 'ndcg@15': 0.058, 'hit@20': 0.1553, 'ndcg@20': 0.0647, 'hit@40': 0.244, 'ndcg@40': 0.0827} 
2024-10-10 22:27:09.920 | INFO     | trainer_1:_train_one_epoch:209 - test 49 cost time 8.93s, result: {'hit@1': 0.0103, 'ndcg@1': 0.0103, 'hit@5': 0.0401, 'ndcg@5': 0.0252, 'hit@10': 0.0671, 'ndcg@10': 0.0338, 'hit@15': 0.0904, 'ndcg@15': 0.0399, 'hit@20': 0.1104, 'ndcg@20': 0.0447, 'hit@40': 0.1748, 'ndcg@40': 0.0578} 
2024-10-10 22:27:21.264 | INFO     | trainer_1:_train_one_epoch:193 - epoch 50 11.34s Train loss is [0.3382] 
2024-10-10 22:27:28.264 | INFO     | trainer_1:_train_one_epoch:201 - validate 50 cost time 7.00s, result: {'hit@1': 0.016, 'ndcg@1': 0.016, 'hit@5': 0.0599, 'ndcg@5': 0.0378, 'hit@10': 0.1004, 'ndcg@10': 0.0508, 'hit@15': 0.133, 'ndcg@15': 0.0594, 'hit@20': 0.1623, 'ndcg@20': 0.0663, 'hit@40': 0.2542, 'ndcg@40': 0.085} 
2024-10-10 22:27:34.811 | INFO     | trainer_1:_train_one_epoch:209 - test 50 cost time 6.55s, result: {'hit@1': 0.01, 'ndcg@1': 0.01, 'hit@5': 0.0398, 'ndcg@5': 0.0248, 'hit@10': 0.0681, 'ndcg@10': 0.0338, 'hit@15': 0.092, 'ndcg@15': 0.0402, 'hit@20': 0.1125, 'ndcg@20': 0.045, 'hit@40': 0.1781, 'ndcg@40': 0.0584} 
2024-10-10 22:27:46.213 | INFO     | trainer_1:_train_one_epoch:193 - epoch 51 11.40s Train loss is [0.3334] 
2024-10-10 22:27:55.339 | INFO     | trainer_1:_train_one_epoch:201 - validate 51 cost time 9.13s, result: {'hit@1': 0.0165, 'ndcg@1': 0.0165, 'hit@5': 0.0628, 'ndcg@5': 0.0398, 'hit@10': 0.1036, 'ndcg@10': 0.0529, 'hit@15': 0.1364, 'ndcg@15': 0.0616, 'hit@20': 0.1656, 'ndcg@20': 0.0685, 'hit@40': 0.2586, 'ndcg@40': 0.0874} 
2024-10-10 22:28:04.189 | INFO     | trainer_1:_train_one_epoch:209 - test 51 cost time 8.85s, result: {'hit@1': 0.0107, 'ndcg@1': 0.0107, 'hit@5': 0.0407, 'ndcg@5': 0.0256, 'hit@10': 0.0712, 'ndcg@10': 0.0354, 'hit@15': 0.095, 'ndcg@15': 0.0416, 'hit@20': 0.1155, 'ndcg@20': 0.0465, 'hit@40': 0.1847, 'ndcg@40': 0.0605} 
2024-10-10 22:28:15.825 | INFO     | trainer_1:_train_one_epoch:193 - epoch 52 11.64s Train loss is [0.3254] 
2024-10-10 22:28:22.700 | INFO     | trainer_1:_train_one_epoch:201 - validate 52 cost time 6.87s, result: {'hit@1': 0.0163, 'ndcg@1': 0.0163, 'hit@5': 0.059, 'ndcg@5': 0.0375, 'hit@10': 0.0969, 'ndcg@10': 0.0497, 'hit@15': 0.1292, 'ndcg@15': 0.0582, 'hit@20': 0.1573, 'ndcg@20': 0.0649, 'hit@40': 0.2484, 'ndcg@40': 0.0834} 
2024-10-10 22:28:31.428 | INFO     | trainer_1:_train_one_epoch:209 - test 52 cost time 8.73s, result: {'hit@1': 0.0107, 'ndcg@1': 0.0107, 'hit@5': 0.0394, 'ndcg@5': 0.0251, 'hit@10': 0.0671, 'ndcg@10': 0.034, 'hit@15': 0.0902, 'ndcg@15': 0.0401, 'hit@20': 0.1104, 'ndcg@20': 0.0448, 'hit@40': 0.1791, 'ndcg@40': 0.0588} 
2024-10-10 22:28:42.651 | INFO     | trainer_1:_train_one_epoch:193 - epoch 53 11.22s Train loss is [0.3303] 
2024-10-10 22:28:51.608 | INFO     | trainer_1:_train_one_epoch:201 - validate 53 cost time 8.96s, result: {'hit@1': 0.0166, 'ndcg@1': 0.0166, 'hit@5': 0.0601, 'ndcg@5': 0.0385, 'hit@10': 0.0983, 'ndcg@10': 0.0507, 'hit@15': 0.1298, 'ndcg@15': 0.059, 'hit@20': 0.1587, 'ndcg@20': 0.0658, 'hit@40': 0.2487, 'ndcg@40': 0.0842} 
2024-10-10 22:28:58.316 | INFO     | trainer_1:_train_one_epoch:209 - test 53 cost time 6.71s, result: {'hit@1': 0.0105, 'ndcg@1': 0.0105, 'hit@5': 0.0406, 'ndcg@5': 0.0255, 'hit@10': 0.0676, 'ndcg@10': 0.0341, 'hit@15': 0.0886, 'ndcg@15': 0.0397, 'hit@20': 0.1097, 'ndcg@20': 0.0447, 'hit@40': 0.1775, 'ndcg@40': 0.0584} 
2024-10-10 22:28:58.327 | INFO     | trainer_1:train_model:163 - training end, best iteration 48, results: {'hit@1': 0.0179, 'ndcg@1': 0.0179, 'hit@5': 0.0625, 'ndcg@5': 0.04, 'hit@10': 0.1013, 'ndcg@10': 0.0523, 'hit@15': 0.1337, 'ndcg@15': 0.0609, 'hit@20': 0.1624, 'ndcg@20': 0.0677, 'hit@40': 0.2517, 'ndcg@40': 0.0859}
2024-10-10 22:28:58.328 | INFO     | trainer_1:train_model:166 - final test result is:  {'hit@1': 0.0109, 'ndcg@1': 0.0109, 'hit@5': 0.0417, 'ndcg@5': 0.0263, 'hit@10': 0.0715, 'ndcg@10': 0.0358, 'hit@15': 0.0945, 'ndcg@15': 0.0419, 'hit@20': 0.1148, 'ndcg@20': 0.0467, 'hit@40': 0.1817, 'ndcg@40': 0.0602}
2024-10-10 22:28:58.666 | INFO     | __main__:<module>:119 - train end total cost time: 2235.858458042145
