2024-10-10 15:58:24.349 | INFO     | __main__:<module>:105 - Namespace(TIME='2024-10-10 15_57_47', batch_size=1024, behaviors=['view', 'cart', 'buy'], check_point='model_pre_1_2024-10-08 12_35_44.pth', data_name='beibei', data_path='./data/beibei', decay=0.001, device='cuda:1', dim_qk=32, dim_v=64, distill_layers=2, distill_thres=0.5, distill_topK=10, distill_userK=10, embedding_size=64, epochs=100, gpu_no=1, if_load_model=True, ii_lambda=200, initializer_range=0.02, layers=2, loss_type='bpr', lr=0.001, message_dropout=0.25, metrics=['hit', 'ndcg'], min_epoch=5, model_name='main_1', model_path='./check_point', node_dropout=0.75, omega=1, pt_loop=50, reg_weight=0.001, test_batch_size=1024, testbatch=1024, topk=[1, 5, 10, 15, 20, 40], uu_lambda=100)
2024-10-10 15:58:24.350 | INFO     | __main__:<module>:106 - BIPN(
  (message_dropout): Dropout(p=0.25, inplace=False)
  (user_embedding): Embedding(21717, 64, padding_idx=0)
  (item_embedding): Embedding(7978, 64, padding_idx=0)
  (global_Graph): LightGCN()
  (Graph_encoder): ModuleDict(
    (view): GraphEncoder(
      (light): LightGCN()
      (dropout): Dropout(p=0.75, inplace=False)
    )
    (cart): GraphEncoder(
      (light): LightGCN()
      (dropout): Dropout(p=0.75, inplace=False)
    )
    (buy): GraphEncoder(
      (light): LightGCN()
      (dropout): Dropout(p=0.75, inplace=False)
    )
  )
  (attention): Mutual_Attention()
  (bpr_loss): BPRLoss()
  (emb_loss): EmbLoss()
  (f): Sigmoid()
)
2024-10-10 16:39:50.196 | INFO     | trainer_1:_train_one_epoch:193 - epoch 1 9.11s Train loss is [0.9452] 
2024-10-10 16:39:59.246 | INFO     | trainer_1:_train_one_epoch:201 - validate 1 cost time 9.05s, result: {'hit@1': 0.0046, 'ndcg@1': 0.0046, 'hit@5': 0.0232, 'ndcg@5': 0.014, 'hit@10': 0.045, 'ndcg@10': 0.021, 'hit@15': 0.0625, 'ndcg@15': 0.0256, 'hit@20': 0.0816, 'ndcg@20': 0.0301, 'hit@40': 0.1412, 'ndcg@40': 0.0422} 
2024-10-10 16:40:08.082 | INFO     | trainer_1:_train_one_epoch:209 - test 1 cost time 8.84s, result: {'hit@1': 0.0033, 'ndcg@1': 0.0033, 'hit@5': 0.0148, 'ndcg@5': 0.0089, 'hit@10': 0.0297, 'ndcg@10': 0.0137, 'hit@15': 0.0433, 'ndcg@15': 0.0172, 'hit@20': 0.0566, 'ndcg@20': 0.0204, 'hit@40': 0.1059, 'ndcg@40': 0.0304} 
2024-10-10 16:40:34.605 | INFO     | trainer_1:_train_one_epoch:193 - epoch 2 9.78s Train loss is [0.7262] 
2024-10-10 16:40:44.750 | INFO     | trainer_1:_train_one_epoch:201 - validate 2 cost time 10.14s, result: {'hit@1': 0.007, 'ndcg@1': 0.007, 'hit@5': 0.0288, 'ndcg@5': 0.0178, 'hit@10': 0.051, 'ndcg@10': 0.0248, 'hit@15': 0.0711, 'ndcg@15': 0.0301, 'hit@20': 0.0912, 'ndcg@20': 0.0349, 'hit@40': 0.1552, 'ndcg@40': 0.0479} 
2024-10-10 16:40:53.306 | INFO     | trainer_1:_train_one_epoch:209 - test 2 cost time 8.55s, result: {'hit@1': 0.0039, 'ndcg@1': 0.0039, 'hit@5': 0.0184, 'ndcg@5': 0.011, 'hit@10': 0.0353, 'ndcg@10': 0.0164, 'hit@15': 0.0503, 'ndcg@15': 0.0203, 'hit@20': 0.064, 'ndcg@20': 0.0236, 'hit@40': 0.115, 'ndcg@40': 0.0339} 
2024-10-10 16:41:17.789 | INFO     | trainer_1:_train_one_epoch:193 - epoch 3 9.74s Train loss is [0.6301] 
2024-10-10 16:41:26.681 | INFO     | trainer_1:_train_one_epoch:201 - validate 3 cost time 8.89s, result: {'hit@1': 0.0099, 'ndcg@1': 0.0099, 'hit@5': 0.0332, 'ndcg@5': 0.0214, 'hit@10': 0.0593, 'ndcg@10': 0.0297, 'hit@15': 0.084, 'ndcg@15': 0.0362, 'hit@20': 0.1053, 'ndcg@20': 0.0412, 'hit@40': 0.176, 'ndcg@40': 0.0556} 
2024-10-10 16:41:35.923 | INFO     | trainer_1:_train_one_epoch:209 - test 3 cost time 9.24s, result: {'hit@1': 0.0048, 'ndcg@1': 0.0048, 'hit@5': 0.0222, 'ndcg@5': 0.0134, 'hit@10': 0.0406, 'ndcg@10': 0.0192, 'hit@15': 0.0583, 'ndcg@15': 0.0239, 'hit@20': 0.0735, 'ndcg@20': 0.0275, 'hit@40': 0.1275, 'ndcg@40': 0.0385} 
2024-10-10 16:42:06.704 | INFO     | trainer_1:_train_one_epoch:193 - epoch 4 14.52s Train loss is [0.5792] 
2024-10-10 16:42:17.082 | INFO     | trainer_1:_train_one_epoch:201 - validate 4 cost time 10.38s, result: {'hit@1': 0.0105, 'ndcg@1': 0.0105, 'hit@5': 0.0379, 'ndcg@5': 0.0238, 'hit@10': 0.0682, 'ndcg@10': 0.0334, 'hit@15': 0.0958, 'ndcg@15': 0.0407, 'hit@20': 0.1186, 'ndcg@20': 0.0461, 'hit@40': 0.1964, 'ndcg@40': 0.0619} 
2024-10-10 16:42:26.596 | INFO     | trainer_1:_train_one_epoch:209 - test 4 cost time 9.51s, result: {'hit@1': 0.0057, 'ndcg@1': 0.0057, 'hit@5': 0.0246, 'ndcg@5': 0.0149, 'hit@10': 0.0428, 'ndcg@10': 0.0207, 'hit@15': 0.063, 'ndcg@15': 0.0261, 'hit@20': 0.0819, 'ndcg@20': 0.0305, 'hit@40': 0.1402, 'ndcg@40': 0.0424} 
2024-10-10 16:42:52.685 | INFO     | trainer_1:_train_one_epoch:193 - epoch 5 14.15s Train loss is [0.5451] 
2024-10-10 16:43:01.525 | INFO     | trainer_1:_train_one_epoch:201 - validate 5 cost time 8.84s, result: {'hit@1': 0.0121, 'ndcg@1': 0.0121, 'hit@5': 0.0432, 'ndcg@5': 0.0274, 'hit@10': 0.074, 'ndcg@10': 0.0372, 'hit@15': 0.0983, 'ndcg@15': 0.0436, 'hit@20': 0.1216, 'ndcg@20': 0.0491, 'hit@40': 0.1946, 'ndcg@40': 0.064} 
2024-10-10 16:43:12.063 | INFO     | trainer_1:_train_one_epoch:209 - test 5 cost time 10.54s, result: {'hit@1': 0.0056, 'ndcg@1': 0.0056, 'hit@5': 0.0253, 'ndcg@5': 0.0154, 'hit@10': 0.045, 'ndcg@10': 0.0217, 'hit@15': 0.0635, 'ndcg@15': 0.0266, 'hit@20': 0.0789, 'ndcg@20': 0.0303, 'hit@40': 0.1343, 'ndcg@40': 0.0415} 
2024-10-10 16:43:46.256 | INFO     | trainer_1:_train_one_epoch:193 - epoch 6 16.73s Train loss is [0.5264] 
2024-10-10 16:43:55.169 | INFO     | trainer_1:_train_one_epoch:201 - validate 6 cost time 8.91s, result: {'hit@1': 0.0118, 'ndcg@1': 0.0118, 'hit@5': 0.0436, 'ndcg@5': 0.0275, 'hit@10': 0.0736, 'ndcg@10': 0.0371, 'hit@15': 0.1027, 'ndcg@15': 0.0448, 'hit@20': 0.1263, 'ndcg@20': 0.0503, 'hit@40': 0.2074, 'ndcg@40': 0.0668} 
2024-10-10 16:44:04.319 | INFO     | trainer_1:_train_one_epoch:209 - test 6 cost time 9.15s, result: {'hit@1': 0.0063, 'ndcg@1': 0.0063, 'hit@5': 0.0274, 'ndcg@5': 0.0166, 'hit@10': 0.0491, 'ndcg@10': 0.0235, 'hit@15': 0.0677, 'ndcg@15': 0.0285, 'hit@20': 0.0859, 'ndcg@20': 0.0327, 'hit@40': 0.1466, 'ndcg@40': 0.0451} 
2024-10-10 16:44:33.779 | INFO     | trainer_1:_train_one_epoch:193 - epoch 7 15.92s Train loss is [0.5041] 
2024-10-10 16:44:44.131 | INFO     | trainer_1:_train_one_epoch:201 - validate 7 cost time 10.35s, result: {'hit@1': 0.0116, 'ndcg@1': 0.0116, 'hit@5': 0.0448, 'ndcg@5': 0.0282, 'hit@10': 0.0751, 'ndcg@10': 0.0378, 'hit@15': 0.1029, 'ndcg@15': 0.0452, 'hit@20': 0.1265, 'ndcg@20': 0.0508, 'hit@40': 0.2028, 'ndcg@40': 0.0664} 
2024-10-10 16:44:52.338 | INFO     | trainer_1:_train_one_epoch:209 - test 7 cost time 8.21s, result: {'hit@1': 0.0076, 'ndcg@1': 0.0076, 'hit@5': 0.0268, 'ndcg@5': 0.0172, 'hit@10': 0.0488, 'ndcg@10': 0.0242, 'hit@15': 0.0669, 'ndcg@15': 0.029, 'hit@20': 0.084, 'ndcg@20': 0.033, 'hit@40': 0.1431, 'ndcg@40': 0.045} 
2024-10-10 16:45:05.757 | INFO     | trainer_1:_train_one_epoch:193 - epoch 8 13.42s Train loss is [0.5069] 
2024-10-10 16:45:13.669 | INFO     | trainer_1:_train_one_epoch:201 - validate 8 cost time 7.91s, result: {'hit@1': 0.0122, 'ndcg@1': 0.0122, 'hit@5': 0.0454, 'ndcg@5': 0.0287, 'hit@10': 0.0754, 'ndcg@10': 0.0382, 'hit@15': 0.1005, 'ndcg@15': 0.0449, 'hit@20': 0.1235, 'ndcg@20': 0.0503, 'hit@40': 0.1983, 'ndcg@40': 0.0655} 
2024-10-10 16:45:22.647 | INFO     | trainer_1:_train_one_epoch:209 - test 8 cost time 8.98s, result: {'hit@1': 0.0078, 'ndcg@1': 0.0078, 'hit@5': 0.0277, 'ndcg@5': 0.0176, 'hit@10': 0.048, 'ndcg@10': 0.0241, 'hit@15': 0.0655, 'ndcg@15': 0.0287, 'hit@20': 0.0831, 'ndcg@20': 0.0329, 'hit@40': 0.1384, 'ndcg@40': 0.0441} 
2024-10-10 16:45:37.011 | INFO     | trainer_1:_train_one_epoch:193 - epoch 9 14.36s Train loss is [0.4912] 
2024-10-10 16:45:47.017 | INFO     | trainer_1:_train_one_epoch:201 - validate 9 cost time 10.01s, result: {'hit@1': 0.0109, 'ndcg@1': 0.0109, 'hit@5': 0.0468, 'ndcg@5': 0.0288, 'hit@10': 0.0804, 'ndcg@10': 0.0396, 'hit@15': 0.1107, 'ndcg@15': 0.0476, 'hit@20': 0.1379, 'ndcg@20': 0.054, 'hit@40': 0.2219, 'ndcg@40': 0.0711} 
2024-10-10 16:45:57.559 | INFO     | trainer_1:_train_one_epoch:209 - test 9 cost time 10.54s, result: {'hit@1': 0.0073, 'ndcg@1': 0.0073, 'hit@5': 0.0305, 'ndcg@5': 0.0189, 'hit@10': 0.0527, 'ndcg@10': 0.026, 'hit@15': 0.0723, 'ndcg@15': 0.0312, 'hit@20': 0.0915, 'ndcg@20': 0.0357, 'hit@40': 0.1584, 'ndcg@40': 0.0493} 
2024-10-10 16:46:27.329 | INFO     | trainer_1:_train_one_epoch:193 - epoch 10 14.07s Train loss is [0.4775] 
2024-10-10 16:46:37.968 | INFO     | trainer_1:_train_one_epoch:201 - validate 10 cost time 10.64s, result: {'hit@1': 0.0122, 'ndcg@1': 0.0122, 'hit@5': 0.0458, 'ndcg@5': 0.0289, 'hit@10': 0.0784, 'ndcg@10': 0.0394, 'hit@15': 0.1059, 'ndcg@15': 0.0466, 'hit@20': 0.1288, 'ndcg@20': 0.052, 'hit@40': 0.205, 'ndcg@40': 0.0675} 
2024-10-10 16:46:48.282 | INFO     | trainer_1:_train_one_epoch:209 - test 10 cost time 10.31s, result: {'hit@1': 0.0067, 'ndcg@1': 0.0067, 'hit@5': 0.0301, 'ndcg@5': 0.0184, 'hit@10': 0.05, 'ndcg@10': 0.0247, 'hit@15': 0.0684, 'ndcg@15': 0.0296, 'hit@20': 0.0867, 'ndcg@20': 0.0339, 'hit@40': 0.1446, 'ndcg@40': 0.0457} 
2024-10-10 16:47:01.500 | INFO     | trainer_1:_train_one_epoch:193 - epoch 11 13.22s Train loss is [0.4829] 
2024-10-10 16:47:08.631 | INFO     | trainer_1:_train_one_epoch:201 - validate 11 cost time 7.13s, result: {'hit@1': 0.0111, 'ndcg@1': 0.0111, 'hit@5': 0.0452, 'ndcg@5': 0.028, 'hit@10': 0.0799, 'ndcg@10': 0.0391, 'hit@15': 0.108, 'ndcg@15': 0.0465, 'hit@20': 0.133, 'ndcg@20': 0.0525, 'hit@40': 0.2106, 'ndcg@40': 0.0682} 
2024-10-10 16:47:15.038 | INFO     | trainer_1:_train_one_epoch:209 - test 11 cost time 6.41s, result: {'hit@1': 0.0064, 'ndcg@1': 0.0064, 'hit@5': 0.0302, 'ndcg@5': 0.0181, 'hit@10': 0.0528, 'ndcg@10': 0.0253, 'hit@15': 0.0723, 'ndcg@15': 0.0305, 'hit@20': 0.0907, 'ndcg@20': 0.0348, 'hit@40': 0.15, 'ndcg@40': 0.0469} 
2024-10-10 16:47:42.701 | INFO     | trainer_1:_train_one_epoch:193 - epoch 12 11.86s Train loss is [0.4658] 
2024-10-10 16:47:49.678 | INFO     | trainer_1:_train_one_epoch:201 - validate 12 cost time 6.98s, result: {'hit@1': 0.0111, 'ndcg@1': 0.0111, 'hit@5': 0.0443, 'ndcg@5': 0.0273, 'hit@10': 0.0766, 'ndcg@10': 0.0377, 'hit@15': 0.1049, 'ndcg@15': 0.0451, 'hit@20': 0.1268, 'ndcg@20': 0.0503, 'hit@40': 0.2045, 'ndcg@40': 0.0661} 
2024-10-10 16:47:59.602 | INFO     | trainer_1:_train_one_epoch:209 - test 12 cost time 9.92s, result: {'hit@1': 0.0063, 'ndcg@1': 0.0063, 'hit@5': 0.0291, 'ndcg@5': 0.0175, 'hit@10': 0.0529, 'ndcg@10': 0.0251, 'hit@15': 0.0725, 'ndcg@15': 0.0302, 'hit@20': 0.0892, 'ndcg@20': 0.0342, 'hit@40': 0.1482, 'ndcg@40': 0.0462} 
2024-10-10 16:48:30.826 | INFO     | trainer_1:_train_one_epoch:193 - epoch 13 13.96s Train loss is [0.4450] 
2024-10-10 16:48:40.963 | INFO     | trainer_1:_train_one_epoch:201 - validate 13 cost time 10.14s, result: {'hit@1': 0.0114, 'ndcg@1': 0.0114, 'hit@5': 0.0444, 'ndcg@5': 0.0276, 'hit@10': 0.081, 'ndcg@10': 0.0393, 'hit@15': 0.1097, 'ndcg@15': 0.0469, 'hit@20': 0.1358, 'ndcg@20': 0.053, 'hit@40': 0.2202, 'ndcg@40': 0.0702} 
2024-10-10 16:48:50.749 | INFO     | trainer_1:_train_one_epoch:209 - test 13 cost time 9.78s, result: {'hit@1': 0.0064, 'ndcg@1': 0.0064, 'hit@5': 0.0303, 'ndcg@5': 0.0182, 'hit@10': 0.0527, 'ndcg@10': 0.0253, 'hit@15': 0.0722, 'ndcg@15': 0.0305, 'hit@20': 0.0909, 'ndcg@20': 0.0349, 'hit@40': 0.1532, 'ndcg@40': 0.0476} 
2024-10-10 16:49:03.726 | INFO     | trainer_1:_train_one_epoch:193 - epoch 14 12.98s Train loss is [0.4455] 
2024-10-10 16:49:14.567 | INFO     | trainer_1:_train_one_epoch:201 - validate 14 cost time 10.84s, result: {'hit@1': 0.012, 'ndcg@1': 0.012, 'hit@5': 0.0438, 'ndcg@5': 0.0279, 'hit@10': 0.079, 'ndcg@10': 0.0392, 'hit@15': 0.1078, 'ndcg@15': 0.0468, 'hit@20': 0.1305, 'ndcg@20': 0.0522, 'hit@40': 0.2118, 'ndcg@40': 0.0687} 
2024-10-10 16:49:24.830 | INFO     | trainer_1:_train_one_epoch:209 - test 14 cost time 10.26s, result: {'hit@1': 0.0076, 'ndcg@1': 0.0076, 'hit@5': 0.0301, 'ndcg@5': 0.0187, 'hit@10': 0.0528, 'ndcg@10': 0.026, 'hit@15': 0.0731, 'ndcg@15': 0.0313, 'hit@20': 0.0902, 'ndcg@20': 0.0354, 'hit@40': 0.1503, 'ndcg@40': 0.0476} 
2024-10-10 16:49:37.161 | INFO     | trainer_1:_train_one_epoch:193 - epoch 15 12.33s Train loss is [0.4341] 
2024-10-10 16:49:47.446 | INFO     | trainer_1:_train_one_epoch:201 - validate 15 cost time 10.28s, result: {'hit@1': 0.0107, 'ndcg@1': 0.0107, 'hit@5': 0.0446, 'ndcg@5': 0.0275, 'hit@10': 0.075, 'ndcg@10': 0.0372, 'hit@15': 0.1018, 'ndcg@15': 0.0443, 'hit@20': 0.1287, 'ndcg@20': 0.0506, 'hit@40': 0.2092, 'ndcg@40': 0.067} 
2024-10-10 16:49:57.504 | INFO     | trainer_1:_train_one_epoch:209 - test 15 cost time 10.06s, result: {'hit@1': 0.0077, 'ndcg@1': 0.0077, 'hit@5': 0.0302, 'ndcg@5': 0.0188, 'hit@10': 0.0529, 'ndcg@10': 0.0261, 'hit@15': 0.0731, 'ndcg@15': 0.0314, 'hit@20': 0.089, 'ndcg@20': 0.0351, 'hit@40': 0.1487, 'ndcg@40': 0.0473} 
2024-10-10 16:50:10.333 | INFO     | trainer_1:_train_one_epoch:193 - epoch 16 12.83s Train loss is [0.4397] 
2024-10-10 16:50:20.369 | INFO     | trainer_1:_train_one_epoch:201 - validate 16 cost time 10.03s, result: {'hit@1': 0.0118, 'ndcg@1': 0.0118, 'hit@5': 0.0463, 'ndcg@5': 0.0289, 'hit@10': 0.0786, 'ndcg@10': 0.0393, 'hit@15': 0.1066, 'ndcg@15': 0.0467, 'hit@20': 0.1322, 'ndcg@20': 0.0527, 'hit@40': 0.2101, 'ndcg@40': 0.0685} 
2024-10-10 16:50:30.156 | INFO     | trainer_1:_train_one_epoch:209 - test 16 cost time 9.79s, result: {'hit@1': 0.0074, 'ndcg@1': 0.0074, 'hit@5': 0.0322, 'ndcg@5': 0.0197, 'hit@10': 0.0544, 'ndcg@10': 0.0268, 'hit@15': 0.0759, 'ndcg@15': 0.0325, 'hit@20': 0.0924, 'ndcg@20': 0.0364, 'hit@40': 0.1508, 'ndcg@40': 0.0482} 
2024-10-10 16:50:54.163 | INFO     | trainer_1:_train_one_epoch:193 - epoch 17 12.09s Train loss is [0.4323] 
2024-10-10 16:51:04.957 | INFO     | trainer_1:_train_one_epoch:201 - validate 17 cost time 10.79s, result: {'hit@1': 0.0117, 'ndcg@1': 0.0117, 'hit@5': 0.0457, 'ndcg@5': 0.0285, 'hit@10': 0.0783, 'ndcg@10': 0.0389, 'hit@15': 0.1063, 'ndcg@15': 0.0463, 'hit@20': 0.1311, 'ndcg@20': 0.0522, 'hit@40': 0.2128, 'ndcg@40': 0.0688} 
2024-10-10 16:51:15.344 | INFO     | trainer_1:_train_one_epoch:209 - test 17 cost time 10.39s, result: {'hit@1': 0.008, 'ndcg@1': 0.008, 'hit@5': 0.0304, 'ndcg@5': 0.0192, 'hit@10': 0.0536, 'ndcg@10': 0.0267, 'hit@15': 0.0728, 'ndcg@15': 0.0318, 'hit@20': 0.0901, 'ndcg@20': 0.0359, 'hit@40': 0.1546, 'ndcg@40': 0.0489} 
2024-10-10 16:51:27.642 | INFO     | trainer_1:_train_one_epoch:193 - epoch 18 12.30s Train loss is [0.4123] 
2024-10-10 16:51:38.356 | INFO     | trainer_1:_train_one_epoch:201 - validate 18 cost time 10.71s, result: {'hit@1': 0.0131, 'ndcg@1': 0.0131, 'hit@5': 0.0488, 'ndcg@5': 0.0308, 'hit@10': 0.0833, 'ndcg@10': 0.0419, 'hit@15': 0.1101, 'ndcg@15': 0.049, 'hit@20': 0.1344, 'ndcg@20': 0.0547, 'hit@40': 0.2136, 'ndcg@40': 0.0708} 
2024-10-10 16:51:48.589 | INFO     | trainer_1:_train_one_epoch:209 - test 18 cost time 10.23s, result: {'hit@1': 0.0082, 'ndcg@1': 0.0082, 'hit@5': 0.0321, 'ndcg@5': 0.0203, 'hit@10': 0.0558, 'ndcg@10': 0.0279, 'hit@15': 0.0753, 'ndcg@15': 0.033, 'hit@20': 0.093, 'ndcg@20': 0.0372, 'hit@40': 0.153, 'ndcg@40': 0.0494} 
2024-10-10 16:52:19.098 | INFO     | trainer_1:_train_one_epoch:193 - epoch 19 13.49s Train loss is [0.4147] 
2024-10-10 16:52:28.882 | INFO     | trainer_1:_train_one_epoch:201 - validate 19 cost time 9.78s, result: {'hit@1': 0.0129, 'ndcg@1': 0.0129, 'hit@5': 0.0507, 'ndcg@5': 0.0317, 'hit@10': 0.0868, 'ndcg@10': 0.0432, 'hit@15': 0.1161, 'ndcg@15': 0.051, 'hit@20': 0.1419, 'ndcg@20': 0.057, 'hit@40': 0.2241, 'ndcg@40': 0.0738} 
2024-10-10 16:52:38.657 | INFO     | trainer_1:_train_one_epoch:209 - test 19 cost time 9.77s, result: {'hit@1': 0.0081, 'ndcg@1': 0.0081, 'hit@5': 0.0341, 'ndcg@5': 0.021, 'hit@10': 0.0578, 'ndcg@10': 0.0286, 'hit@15': 0.0786, 'ndcg@15': 0.0341, 'hit@20': 0.0961, 'ndcg@20': 0.0382, 'hit@40': 0.158, 'ndcg@40': 0.0508} 
2024-10-10 16:53:08.063 | INFO     | trainer_1:_train_one_epoch:193 - epoch 20 14.05s Train loss is [0.4032] 
2024-10-10 16:53:18.046 | INFO     | trainer_1:_train_one_epoch:201 - validate 20 cost time 9.98s, result: {'hit@1': 0.0136, 'ndcg@1': 0.0136, 'hit@5': 0.0508, 'ndcg@5': 0.0321, 'hit@10': 0.0853, 'ndcg@10': 0.0431, 'hit@15': 0.1092, 'ndcg@15': 0.0494, 'hit@20': 0.1343, 'ndcg@20': 0.0554, 'hit@40': 0.2162, 'ndcg@40': 0.0721} 
2024-10-10 16:53:28.569 | INFO     | trainer_1:_train_one_epoch:209 - test 20 cost time 10.52s, result: {'hit@1': 0.0086, 'ndcg@1': 0.0086, 'hit@5': 0.033, 'ndcg@5': 0.0208, 'hit@10': 0.0559, 'ndcg@10': 0.0281, 'hit@15': 0.0753, 'ndcg@15': 0.0333, 'hit@20': 0.0933, 'ndcg@20': 0.0375, 'hit@40': 0.1525, 'ndcg@40': 0.0495} 
2024-10-10 16:53:41.341 | INFO     | trainer_1:_train_one_epoch:193 - epoch 21 12.77s Train loss is [0.3954] 
2024-10-10 16:53:47.811 | INFO     | trainer_1:_train_one_epoch:201 - validate 21 cost time 6.47s, result: {'hit@1': 0.0141, 'ndcg@1': 0.0141, 'hit@5': 0.0508, 'ndcg@5': 0.0324, 'hit@10': 0.0852, 'ndcg@10': 0.0434, 'hit@15': 0.1146, 'ndcg@15': 0.0511, 'hit@20': 0.1393, 'ndcg@20': 0.0569, 'hit@40': 0.2208, 'ndcg@40': 0.0735} 
2024-10-10 16:53:55.358 | INFO     | trainer_1:_train_one_epoch:209 - test 21 cost time 7.55s, result: {'hit@1': 0.0097, 'ndcg@1': 0.0097, 'hit@5': 0.0337, 'ndcg@5': 0.0216, 'hit@10': 0.0564, 'ndcg@10': 0.029, 'hit@15': 0.0766, 'ndcg@15': 0.0343, 'hit@20': 0.0955, 'ndcg@20': 0.0387, 'hit@40': 0.1554, 'ndcg@40': 0.0509} 
2024-10-10 16:54:09.711 | INFO     | trainer_1:_train_one_epoch:193 - epoch 22 14.35s Train loss is [0.4009] 
2024-10-10 16:54:19.281 | INFO     | trainer_1:_train_one_epoch:201 - validate 22 cost time 9.57s, result: {'hit@1': 0.014, 'ndcg@1': 0.014, 'hit@5': 0.0526, 'ndcg@5': 0.0333, 'hit@10': 0.0902, 'ndcg@10': 0.0453, 'hit@15': 0.1195, 'ndcg@15': 0.0531, 'hit@20': 0.1453, 'ndcg@20': 0.0591, 'hit@40': 0.2313, 'ndcg@40': 0.0767} 
2024-10-10 16:54:27.915 | INFO     | trainer_1:_train_one_epoch:209 - test 22 cost time 8.63s, result: {'hit@1': 0.0096, 'ndcg@1': 0.0096, 'hit@5': 0.036, 'ndcg@5': 0.0227, 'hit@10': 0.0604, 'ndcg@10': 0.0305, 'hit@15': 0.0817, 'ndcg@15': 0.0362, 'hit@20': 0.0982, 'ndcg@20': 0.04, 'hit@40': 0.1641, 'ndcg@40': 0.0534} 
2024-10-10 16:54:58.674 | INFO     | trainer_1:_train_one_epoch:193 - epoch 23 12.99s Train loss is [0.3870] 
2024-10-10 16:55:06.808 | INFO     | trainer_1:_train_one_epoch:201 - validate 23 cost time 8.13s, result: {'hit@1': 0.013, 'ndcg@1': 0.013, 'hit@5': 0.0478, 'ndcg@5': 0.0302, 'hit@10': 0.0832, 'ndcg@10': 0.0415, 'hit@15': 0.1114, 'ndcg@15': 0.049, 'hit@20': 0.1366, 'ndcg@20': 0.0549, 'hit@40': 0.2197, 'ndcg@40': 0.0718} 
2024-10-10 16:55:14.815 | INFO     | trainer_1:_train_one_epoch:209 - test 23 cost time 8.01s, result: {'hit@1': 0.0088, 'ndcg@1': 0.0088, 'hit@5': 0.0314, 'ndcg@5': 0.0201, 'hit@10': 0.0541, 'ndcg@10': 0.0274, 'hit@15': 0.075, 'ndcg@15': 0.0329, 'hit@20': 0.0927, 'ndcg@20': 0.0371, 'hit@40': 0.1574, 'ndcg@40': 0.0502} 
2024-10-10 16:55:26.369 | INFO     | trainer_1:_train_one_epoch:193 - epoch 24 11.55s Train loss is [0.3829] 
2024-10-10 16:55:31.601 | INFO     | trainer_1:_train_one_epoch:201 - validate 24 cost time 5.23s, result: {'hit@1': 0.0145, 'ndcg@1': 0.0145, 'hit@5': 0.0507, 'ndcg@5': 0.0326, 'hit@10': 0.0836, 'ndcg@10': 0.0432, 'hit@15': 0.1115, 'ndcg@15': 0.0505, 'hit@20': 0.1358, 'ndcg@20': 0.0563, 'hit@40': 0.2171, 'ndcg@40': 0.0728} 
2024-10-10 16:55:36.589 | INFO     | trainer_1:_train_one_epoch:209 - test 24 cost time 4.99s, result: {'hit@1': 0.0089, 'ndcg@1': 0.0089, 'hit@5': 0.0336, 'ndcg@5': 0.0214, 'hit@10': 0.055, 'ndcg@10': 0.0282, 'hit@15': 0.0758, 'ndcg@15': 0.0337, 'hit@20': 0.0936, 'ndcg@20': 0.0379, 'hit@40': 0.1563, 'ndcg@40': 0.0507} 
2024-10-10 16:55:49.879 | INFO     | trainer_1:_train_one_epoch:193 - epoch 25 13.29s Train loss is [0.3802] 
2024-10-10 16:55:59.298 | INFO     | trainer_1:_train_one_epoch:201 - validate 25 cost time 9.42s, result: {'hit@1': 0.0138, 'ndcg@1': 0.0138, 'hit@5': 0.056, 'ndcg@5': 0.0349, 'hit@10': 0.0917, 'ndcg@10': 0.0463, 'hit@15': 0.124, 'ndcg@15': 0.0548, 'hit@20': 0.1497, 'ndcg@20': 0.0609, 'hit@40': 0.2384, 'ndcg@40': 0.079} 
2024-10-10 16:56:09.199 | INFO     | trainer_1:_train_one_epoch:209 - test 25 cost time 9.90s, result: {'hit@1': 0.0103, 'ndcg@1': 0.0103, 'hit@5': 0.0351, 'ndcg@5': 0.0227, 'hit@10': 0.06, 'ndcg@10': 0.0307, 'hit@15': 0.0825, 'ndcg@15': 0.0366, 'hit@20': 0.1001, 'ndcg@20': 0.0408, 'hit@40': 0.1656, 'ndcg@40': 0.0541} 
2024-10-10 16:56:22.908 | INFO     | trainer_1:_train_one_epoch:193 - epoch 26 13.71s Train loss is [0.3867] 
2024-10-10 16:56:31.167 | INFO     | trainer_1:_train_one_epoch:201 - validate 26 cost time 8.26s, result: {'hit@1': 0.0151, 'ndcg@1': 0.0151, 'hit@5': 0.0559, 'ndcg@5': 0.0356, 'hit@10': 0.0922, 'ndcg@10': 0.0473, 'hit@15': 0.1226, 'ndcg@15': 0.0553, 'hit@20': 0.1499, 'ndcg@20': 0.0617, 'hit@40': 0.2362, 'ndcg@40': 0.0793} 
2024-10-10 16:56:38.611 | INFO     | trainer_1:_train_one_epoch:209 - test 26 cost time 7.44s, result: {'hit@1': 0.0107, 'ndcg@1': 0.0107, 'hit@5': 0.0369, 'ndcg@5': 0.0237, 'hit@10': 0.0611, 'ndcg@10': 0.0315, 'hit@15': 0.0822, 'ndcg@15': 0.037, 'hit@20': 0.1007, 'ndcg@20': 0.0414, 'hit@40': 0.1643, 'ndcg@40': 0.0543} 
2024-10-10 16:57:09.037 | INFO     | trainer_1:_train_one_epoch:193 - epoch 27 13.45s Train loss is [0.3698] 
2024-10-10 16:57:15.710 | INFO     | trainer_1:_train_one_epoch:201 - validate 27 cost time 6.67s, result: {'hit@1': 0.0153, 'ndcg@1': 0.0153, 'hit@5': 0.0533, 'ndcg@5': 0.0345, 'hit@10': 0.0883, 'ndcg@10': 0.0457, 'hit@15': 0.1167, 'ndcg@15': 0.0532, 'hit@20': 0.1428, 'ndcg@20': 0.0594, 'hit@40': 0.227, 'ndcg@40': 0.0765} 
2024-10-10 16:57:21.291 | INFO     | trainer_1:_train_one_epoch:209 - test 27 cost time 5.58s, result: {'hit@1': 0.0099, 'ndcg@1': 0.0099, 'hit@5': 0.0352, 'ndcg@5': 0.0227, 'hit@10': 0.0595, 'ndcg@10': 0.0305, 'hit@15': 0.0798, 'ndcg@15': 0.0358, 'hit@20': 0.0976, 'ndcg@20': 0.04, 'hit@40': 0.1574, 'ndcg@40': 0.0522} 
2024-10-10 16:57:37.813 | INFO     | trainer_1:_train_one_epoch:193 - epoch 28 16.52s Train loss is [0.3739] 
2024-10-10 16:57:46.924 | INFO     | trainer_1:_train_one_epoch:201 - validate 28 cost time 9.11s, result: {'hit@1': 0.014, 'ndcg@1': 0.014, 'hit@5': 0.0566, 'ndcg@5': 0.0354, 'hit@10': 0.0922, 'ndcg@10': 0.0469, 'hit@15': 0.1222, 'ndcg@15': 0.0548, 'hit@20': 0.1481, 'ndcg@20': 0.0609, 'hit@40': 0.2319, 'ndcg@40': 0.0779} 
2024-10-10 16:57:56.073 | INFO     | trainer_1:_train_one_epoch:209 - test 28 cost time 9.15s, result: {'hit@1': 0.0106, 'ndcg@1': 0.0106, 'hit@5': 0.0362, 'ndcg@5': 0.0235, 'hit@10': 0.0623, 'ndcg@10': 0.0319, 'hit@15': 0.083, 'ndcg@15': 0.0373, 'hit@20': 0.1009, 'ndcg@20': 0.0416, 'hit@40': 0.1636, 'ndcg@40': 0.0543} 
2024-10-10 16:58:26.311 | INFO     | trainer_1:_train_one_epoch:193 - epoch 29 15.44s Train loss is [0.3767] 
2024-10-10 16:58:34.424 | INFO     | trainer_1:_train_one_epoch:201 - validate 29 cost time 8.11s, result: {'hit@1': 0.0157, 'ndcg@1': 0.0157, 'hit@5': 0.0557, 'ndcg@5': 0.0356, 'hit@10': 0.0913, 'ndcg@10': 0.047, 'hit@15': 0.1231, 'ndcg@15': 0.0554, 'hit@20': 0.1509, 'ndcg@20': 0.0619, 'hit@40': 0.24, 'ndcg@40': 0.0801} 
2024-10-10 16:58:42.523 | INFO     | trainer_1:_train_one_epoch:209 - test 29 cost time 8.10s, result: {'hit@1': 0.0114, 'ndcg@1': 0.0114, 'hit@5': 0.0371, 'ndcg@5': 0.0244, 'hit@10': 0.0624, 'ndcg@10': 0.0325, 'hit@15': 0.0843, 'ndcg@15': 0.0383, 'hit@20': 0.1042, 'ndcg@20': 0.043, 'hit@40': 0.1705, 'ndcg@40': 0.0564} 
2024-10-10 16:59:08.085 | INFO     | trainer_1:_train_one_epoch:193 - epoch 30 13.93s Train loss is [0.3753] 
2024-10-10 16:59:18.820 | INFO     | trainer_1:_train_one_epoch:201 - validate 30 cost time 10.73s, result: {'hit@1': 0.0155, 'ndcg@1': 0.0155, 'hit@5': 0.057, 'ndcg@5': 0.0364, 'hit@10': 0.0942, 'ndcg@10': 0.0483, 'hit@15': 0.1236, 'ndcg@15': 0.0561, 'hit@20': 0.1515, 'ndcg@20': 0.0626, 'hit@40': 0.2389, 'ndcg@40': 0.0804} 
2024-10-10 16:59:28.930 | INFO     | trainer_1:_train_one_epoch:209 - test 30 cost time 10.11s, result: {'hit@1': 0.0105, 'ndcg@1': 0.0105, 'hit@5': 0.0372, 'ndcg@5': 0.0238, 'hit@10': 0.0623, 'ndcg@10': 0.0319, 'hit@15': 0.0829, 'ndcg@15': 0.0373, 'hit@20': 0.1032, 'ndcg@20': 0.0421, 'hit@40': 0.164, 'ndcg@40': 0.0545} 
2024-10-10 16:59:42.584 | INFO     | trainer_1:_train_one_epoch:193 - epoch 31 13.65s Train loss is [0.3745] 
2024-10-10 16:59:51.975 | INFO     | trainer_1:_train_one_epoch:201 - validate 31 cost time 9.39s, result: {'hit@1': 0.0159, 'ndcg@1': 0.0159, 'hit@5': 0.0574, 'ndcg@5': 0.0368, 'hit@10': 0.0943, 'ndcg@10': 0.0486, 'hit@15': 0.1241, 'ndcg@15': 0.0564, 'hit@20': 0.1527, 'ndcg@20': 0.0632, 'hit@40': 0.2361, 'ndcg@40': 0.0802} 
2024-10-10 16:59:59.738 | INFO     | trainer_1:_train_one_epoch:209 - test 31 cost time 7.76s, result: {'hit@1': 0.0109, 'ndcg@1': 0.0109, 'hit@5': 0.0384, 'ndcg@5': 0.0246, 'hit@10': 0.0641, 'ndcg@10': 0.0328, 'hit@15': 0.0862, 'ndcg@15': 0.0387, 'hit@20': 0.1063, 'ndcg@20': 0.0434, 'hit@40': 0.1698, 'ndcg@40': 0.0563} 
2024-10-10 17:00:34.620 | INFO     | trainer_1:_train_one_epoch:193 - epoch 32 15.09s Train loss is [0.3668] 
2024-10-10 17:00:42.776 | INFO     | trainer_1:_train_one_epoch:201 - validate 32 cost time 8.16s, result: {'hit@1': 0.0154, 'ndcg@1': 0.0154, 'hit@5': 0.0553, 'ndcg@5': 0.0353, 'hit@10': 0.0949, 'ndcg@10': 0.048, 'hit@15': 0.1262, 'ndcg@15': 0.0563, 'hit@20': 0.1546, 'ndcg@20': 0.063, 'hit@40': 0.2439, 'ndcg@40': 0.0812} 
2024-10-10 17:00:50.150 | INFO     | trainer_1:_train_one_epoch:209 - test 32 cost time 7.37s, result: {'hit@1': 0.0103, 'ndcg@1': 0.0103, 'hit@5': 0.0386, 'ndcg@5': 0.0244, 'hit@10': 0.0651, 'ndcg@10': 0.0329, 'hit@15': 0.0862, 'ndcg@15': 0.0385, 'hit@20': 0.1064, 'ndcg@20': 0.0433, 'hit@40': 0.1733, 'ndcg@40': 0.0569} 
2024-10-10 17:01:18.780 | INFO     | trainer_1:_train_one_epoch:193 - epoch 33 14.67s Train loss is [0.3489] 
2024-10-10 17:01:29.451 | INFO     | trainer_1:_train_one_epoch:201 - validate 33 cost time 10.67s, result: {'hit@1': 0.0149, 'ndcg@1': 0.0149, 'hit@5': 0.0559, 'ndcg@5': 0.0357, 'hit@10': 0.0944, 'ndcg@10': 0.048, 'hit@15': 0.1266, 'ndcg@15': 0.0565, 'hit@20': 0.1546, 'ndcg@20': 0.0631, 'hit@40': 0.2491, 'ndcg@40': 0.0823} 
2024-10-10 17:01:38.735 | INFO     | trainer_1:_train_one_epoch:209 - test 33 cost time 9.28s, result: {'hit@1': 0.0111, 'ndcg@1': 0.0111, 'hit@5': 0.0401, 'ndcg@5': 0.0256, 'hit@10': 0.0654, 'ndcg@10': 0.0338, 'hit@15': 0.0875, 'ndcg@15': 0.0396, 'hit@20': 0.1073, 'ndcg@20': 0.0443, 'hit@40': 0.1746, 'ndcg@40': 0.0579} 
2024-10-10 17:02:08.575 | INFO     | trainer_1:_train_one_epoch:193 - epoch 34 14.64s Train loss is [0.3599] 
2024-10-10 17:02:17.789 | INFO     | trainer_1:_train_one_epoch:201 - validate 34 cost time 9.21s, result: {'hit@1': 0.0153, 'ndcg@1': 0.0153, 'hit@5': 0.0564, 'ndcg@5': 0.0356, 'hit@10': 0.0904, 'ndcg@10': 0.0465, 'hit@15': 0.1199, 'ndcg@15': 0.0543, 'hit@20': 0.1466, 'ndcg@20': 0.0606, 'hit@40': 0.2345, 'ndcg@40': 0.0785} 
2024-10-10 17:02:25.292 | INFO     | trainer_1:_train_one_epoch:209 - test 34 cost time 7.50s, result: {'hit@1': 0.0117, 'ndcg@1': 0.0117, 'hit@5': 0.0395, 'ndcg@5': 0.0256, 'hit@10': 0.0662, 'ndcg@10': 0.0342, 'hit@15': 0.0869, 'ndcg@15': 0.0396, 'hit@20': 0.1063, 'ndcg@20': 0.0442, 'hit@40': 0.1708, 'ndcg@40': 0.0573} 
2024-10-10 17:02:52.291 | INFO     | trainer_1:_train_one_epoch:193 - epoch 35 15.16s Train loss is [0.3546] 
2024-10-10 17:03:03.802 | INFO     | trainer_1:_train_one_epoch:201 - validate 35 cost time 11.51s, result: {'hit@1': 0.0153, 'ndcg@1': 0.0153, 'hit@5': 0.0554, 'ndcg@5': 0.0354, 'hit@10': 0.0897, 'ndcg@10': 0.0464, 'hit@15': 0.1216, 'ndcg@15': 0.0548, 'hit@20': 0.1483, 'ndcg@20': 0.0611, 'hit@40': 0.2364, 'ndcg@40': 0.0791} 
2024-10-10 17:03:14.471 | INFO     | trainer_1:_train_one_epoch:209 - test 35 cost time 10.67s, result: {'hit@1': 0.0112, 'ndcg@1': 0.0112, 'hit@5': 0.0378, 'ndcg@5': 0.0245, 'hit@10': 0.0623, 'ndcg@10': 0.0323, 'hit@15': 0.0837, 'ndcg@15': 0.038, 'hit@20': 0.1046, 'ndcg@20': 0.0429, 'hit@40': 0.1701, 'ndcg@40': 0.0562} 
2024-10-10 17:03:26.466 | INFO     | trainer_1:_train_one_epoch:193 - epoch 36 11.99s Train loss is [0.3573] 
2024-10-10 17:03:33.036 | INFO     | trainer_1:_train_one_epoch:201 - validate 36 cost time 6.57s, result: {'hit@1': 0.0151, 'ndcg@1': 0.0151, 'hit@5': 0.0562, 'ndcg@5': 0.0356, 'hit@10': 0.0928, 'ndcg@10': 0.0473, 'hit@15': 0.1239, 'ndcg@15': 0.0555, 'hit@20': 0.1524, 'ndcg@20': 0.0622, 'hit@40': 0.2415, 'ndcg@40': 0.0803} 
2024-10-10 17:03:41.271 | INFO     | trainer_1:_train_one_epoch:209 - test 36 cost time 8.23s, result: {'hit@1': 0.0106, 'ndcg@1': 0.0106, 'hit@5': 0.0373, 'ndcg@5': 0.0239, 'hit@10': 0.0626, 'ndcg@10': 0.032, 'hit@15': 0.0857, 'ndcg@15': 0.0381, 'hit@20': 0.1041, 'ndcg@20': 0.0424, 'hit@40': 0.1711, 'ndcg@40': 0.056} 
2024-10-10 17:03:56.893 | INFO     | trainer_1:_train_one_epoch:193 - epoch 37 15.62s Train loss is [0.3625] 
2024-10-10 17:04:06.578 | INFO     | trainer_1:_train_one_epoch:201 - validate 37 cost time 9.68s, result: {'hit@1': 0.0158, 'ndcg@1': 0.0158, 'hit@5': 0.0585, 'ndcg@5': 0.037, 'hit@10': 0.0973, 'ndcg@10': 0.0495, 'hit@15': 0.1302, 'ndcg@15': 0.0581, 'hit@20': 0.1591, 'ndcg@20': 0.0649, 'hit@40': 0.2483, 'ndcg@40': 0.0831} 
2024-10-10 17:04:13.749 | INFO     | trainer_1:_train_one_epoch:209 - test 37 cost time 7.17s, result: {'hit@1': 0.0111, 'ndcg@1': 0.0111, 'hit@5': 0.0404, 'ndcg@5': 0.0257, 'hit@10': 0.0659, 'ndcg@10': 0.0338, 'hit@15': 0.0892, 'ndcg@15': 0.04, 'hit@20': 0.1093, 'ndcg@20': 0.0447, 'hit@40': 0.1792, 'ndcg@40': 0.0589} 
2024-10-10 17:04:26.083 | INFO     | trainer_1:_train_one_epoch:193 - epoch 38 12.33s Train loss is [0.3417] 
2024-10-10 17:04:33.518 | INFO     | trainer_1:_train_one_epoch:201 - validate 38 cost time 7.43s, result: {'hit@1': 0.0164, 'ndcg@1': 0.0164, 'hit@5': 0.0567, 'ndcg@5': 0.0367, 'hit@10': 0.0935, 'ndcg@10': 0.0485, 'hit@15': 0.1254, 'ndcg@15': 0.0569, 'hit@20': 0.1542, 'ndcg@20': 0.0637, 'hit@40': 0.2429, 'ndcg@40': 0.0817} 
2024-10-10 17:04:42.655 | INFO     | trainer_1:_train_one_epoch:209 - test 38 cost time 9.14s, result: {'hit@1': 0.0113, 'ndcg@1': 0.0113, 'hit@5': 0.0391, 'ndcg@5': 0.0251, 'hit@10': 0.0641, 'ndcg@10': 0.0332, 'hit@15': 0.0865, 'ndcg@15': 0.0391, 'hit@20': 0.1061, 'ndcg@20': 0.0437, 'hit@40': 0.1724, 'ndcg@40': 0.0572} 
2024-10-10 17:04:56.666 | INFO     | trainer_1:_train_one_epoch:193 - epoch 39 14.01s Train loss is [0.3443] 
2024-10-10 17:05:07.902 | INFO     | trainer_1:_train_one_epoch:201 - validate 39 cost time 11.24s, result: {'hit@1': 0.0152, 'ndcg@1': 0.0152, 'hit@5': 0.0577, 'ndcg@5': 0.0364, 'hit@10': 0.0979, 'ndcg@10': 0.0493, 'hit@15': 0.1282, 'ndcg@15': 0.0573, 'hit@20': 0.1556, 'ndcg@20': 0.0638, 'hit@40': 0.2461, 'ndcg@40': 0.0822} 
2024-10-10 17:05:16.008 | INFO     | trainer_1:_train_one_epoch:209 - test 39 cost time 8.10s, result: {'hit@1': 0.0114, 'ndcg@1': 0.0114, 'hit@5': 0.0405, 'ndcg@5': 0.0257, 'hit@10': 0.0671, 'ndcg@10': 0.0343, 'hit@15': 0.0903, 'ndcg@15': 0.0404, 'hit@20': 0.1114, 'ndcg@20': 0.0454, 'hit@40': 0.1791, 'ndcg@40': 0.0591} 
2024-10-10 17:05:45.560 | INFO     | trainer_1:_train_one_epoch:193 - epoch 40 16.03s Train loss is [0.3444] 
2024-10-10 17:05:56.960 | INFO     | trainer_1:_train_one_epoch:201 - validate 40 cost time 11.40s, result: {'hit@1': 0.0158, 'ndcg@1': 0.0158, 'hit@5': 0.0585, 'ndcg@5': 0.0373, 'hit@10': 0.0954, 'ndcg@10': 0.0492, 'hit@15': 0.1275, 'ndcg@15': 0.0577, 'hit@20': 0.1562, 'ndcg@20': 0.0644, 'hit@40': 0.2458, 'ndcg@40': 0.0827} 
2024-10-10 17:06:07.140 | INFO     | trainer_1:_train_one_epoch:209 - test 40 cost time 10.18s, result: {'hit@1': 0.0112, 'ndcg@1': 0.0112, 'hit@5': 0.0388, 'ndcg@5': 0.025, 'hit@10': 0.0656, 'ndcg@10': 0.0337, 'hit@15': 0.0884, 'ndcg@15': 0.0396, 'hit@20': 0.1085, 'ndcg@20': 0.0444, 'hit@40': 0.1753, 'ndcg@40': 0.0579} 
2024-10-10 17:06:22.346 | INFO     | trainer_1:_train_one_epoch:193 - epoch 41 15.20s Train loss is [0.3484] 
2024-10-10 17:06:31.165 | INFO     | trainer_1:_train_one_epoch:201 - validate 41 cost time 8.82s, result: {'hit@1': 0.0165, 'ndcg@1': 0.0165, 'hit@5': 0.0586, 'ndcg@5': 0.0376, 'hit@10': 0.0965, 'ndcg@10': 0.0498, 'hit@15': 0.1269, 'ndcg@15': 0.0578, 'hit@20': 0.1544, 'ndcg@20': 0.0643, 'hit@40': 0.245, 'ndcg@40': 0.0827} 
2024-10-10 17:06:40.229 | INFO     | trainer_1:_train_one_epoch:209 - test 41 cost time 9.06s, result: {'hit@1': 0.011, 'ndcg@1': 0.011, 'hit@5': 0.04, 'ndcg@5': 0.0254, 'hit@10': 0.0659, 'ndcg@10': 0.0337, 'hit@15': 0.0885, 'ndcg@15': 0.0397, 'hit@20': 0.1087, 'ndcg@20': 0.0444, 'hit@40': 0.1753, 'ndcg@40': 0.058} 
2024-10-10 17:06:54.065 | INFO     | trainer_1:_train_one_epoch:193 - epoch 42 13.83s Train loss is [0.3388] 
2024-10-10 17:07:04.483 | INFO     | trainer_1:_train_one_epoch:201 - validate 42 cost time 10.42s, result: {'hit@1': 0.0173, 'ndcg@1': 0.0173, 'hit@5': 0.0635, 'ndcg@5': 0.0402, 'hit@10': 0.1037, 'ndcg@10': 0.0531, 'hit@15': 0.1352, 'ndcg@15': 0.0614, 'hit@20': 0.1645, 'ndcg@20': 0.0683, 'hit@40': 0.2562, 'ndcg@40': 0.087} 
2024-10-10 17:07:11.895 | INFO     | trainer_1:_train_one_epoch:209 - test 42 cost time 7.41s, result: {'hit@1': 0.0105, 'ndcg@1': 0.0105, 'hit@5': 0.0411, 'ndcg@5': 0.0259, 'hit@10': 0.0684, 'ndcg@10': 0.0347, 'hit@15': 0.0909, 'ndcg@15': 0.0406, 'hit@20': 0.1124, 'ndcg@20': 0.0456, 'hit@40': 0.1824, 'ndcg@40': 0.0599} 
2024-10-10 17:07:39.367 | INFO     | trainer_1:_train_one_epoch:193 - epoch 43 14.64s Train loss is [0.3388] 
2024-10-10 17:07:49.530 | INFO     | trainer_1:_train_one_epoch:201 - validate 43 cost time 10.16s, result: {'hit@1': 0.0166, 'ndcg@1': 0.0166, 'hit@5': 0.0581, 'ndcg@5': 0.0376, 'hit@10': 0.1007, 'ndcg@10': 0.0512, 'hit@15': 0.1305, 'ndcg@15': 0.0591, 'hit@20': 0.1603, 'ndcg@20': 0.0661, 'hit@40': 0.2517, 'ndcg@40': 0.0847} 
2024-10-10 17:07:59.496 | INFO     | trainer_1:_train_one_epoch:209 - test 43 cost time 9.97s, result: {'hit@1': 0.0109, 'ndcg@1': 0.0109, 'hit@5': 0.0411, 'ndcg@5': 0.0259, 'hit@10': 0.0682, 'ndcg@10': 0.0345, 'hit@15': 0.0909, 'ndcg@15': 0.0405, 'hit@20': 0.111, 'ndcg@20': 0.0452, 'hit@40': 0.1783, 'ndcg@40': 0.0589} 
2024-10-10 17:08:14.605 | INFO     | trainer_1:_train_one_epoch:193 - epoch 44 15.11s Train loss is [0.3464] 
2024-10-10 17:08:22.864 | INFO     | trainer_1:_train_one_epoch:201 - validate 44 cost time 8.26s, result: {'hit@1': 0.017, 'ndcg@1': 0.017, 'hit@5': 0.0579, 'ndcg@5': 0.0377, 'hit@10': 0.0989, 'ndcg@10': 0.0508, 'hit@15': 0.1309, 'ndcg@15': 0.0592, 'hit@20': 0.1576, 'ndcg@20': 0.0655, 'hit@40': 0.248, 'ndcg@40': 0.0839} 
2024-10-10 17:08:32.474 | INFO     | trainer_1:_train_one_epoch:209 - test 44 cost time 9.61s, result: {'hit@1': 0.0113, 'ndcg@1': 0.0113, 'hit@5': 0.0406, 'ndcg@5': 0.0257, 'hit@10': 0.07, 'ndcg@10': 0.0351, 'hit@15': 0.0928, 'ndcg@15': 0.0411, 'hit@20': 0.1123, 'ndcg@20': 0.0457, 'hit@40': 0.1798, 'ndcg@40': 0.0594} 
2024-10-10 17:09:02.786 | INFO     | trainer_1:_train_one_epoch:193 - epoch 45 16.37s Train loss is [0.3443] 
2024-10-10 17:09:11.136 | INFO     | trainer_1:_train_one_epoch:201 - validate 45 cost time 8.35s, result: {'hit@1': 0.0166, 'ndcg@1': 0.0166, 'hit@5': 0.0611, 'ndcg@5': 0.0391, 'hit@10': 0.1015, 'ndcg@10': 0.0521, 'hit@15': 0.1317, 'ndcg@15': 0.06, 'hit@20': 0.1614, 'ndcg@20': 0.0671, 'hit@40': 0.2512, 'ndcg@40': 0.0853} 
2024-10-10 17:09:20.986 | INFO     | trainer_1:_train_one_epoch:209 - test 45 cost time 9.85s, result: {'hit@1': 0.0106, 'ndcg@1': 0.0106, 'hit@5': 0.0419, 'ndcg@5': 0.0261, 'hit@10': 0.0705, 'ndcg@10': 0.0353, 'hit@15': 0.0934, 'ndcg@15': 0.0413, 'hit@20': 0.1146, 'ndcg@20': 0.0463, 'hit@40': 0.1803, 'ndcg@40': 0.0597} 
2024-10-10 17:09:46.842 | INFO     | trainer_1:_train_one_epoch:193 - epoch 46 11.58s Train loss is [0.3300] 
2024-10-10 17:09:55.594 | INFO     | trainer_1:_train_one_epoch:201 - validate 46 cost time 8.75s, result: {'hit@1': 0.017, 'ndcg@1': 0.017, 'hit@5': 0.06, 'ndcg@5': 0.0384, 'hit@10': 0.0988, 'ndcg@10': 0.0509, 'hit@15': 0.131, 'ndcg@15': 0.0594, 'hit@20': 0.1571, 'ndcg@20': 0.0656, 'hit@40': 0.2469, 'ndcg@40': 0.0838} 
2024-10-10 17:10:04.709 | INFO     | trainer_1:_train_one_epoch:209 - test 46 cost time 9.11s, result: {'hit@1': 0.0105, 'ndcg@1': 0.0105, 'hit@5': 0.042, 'ndcg@5': 0.0262, 'hit@10': 0.068, 'ndcg@10': 0.0345, 'hit@15': 0.0911, 'ndcg@15': 0.0407, 'hit@20': 0.1112, 'ndcg@20': 0.0454, 'hit@40': 0.1777, 'ndcg@40': 0.0589} 
2024-10-10 17:10:18.659 | INFO     | trainer_1:_train_one_epoch:193 - epoch 47 13.95s Train loss is [0.3327] 
2024-10-10 17:10:25.829 | INFO     | trainer_1:_train_one_epoch:201 - validate 47 cost time 7.17s, result: {'hit@1': 0.0157, 'ndcg@1': 0.0157, 'hit@5': 0.0575, 'ndcg@5': 0.0367, 'hit@10': 0.0968, 'ndcg@10': 0.0493, 'hit@15': 0.1257, 'ndcg@15': 0.0569, 'hit@20': 0.1541, 'ndcg@20': 0.0636, 'hit@40': 0.2419, 'ndcg@40': 0.0815} 
2024-10-10 17:10:30.851 | INFO     | trainer_1:_train_one_epoch:209 - test 47 cost time 5.02s, result: {'hit@1': 0.0099, 'ndcg@1': 0.0099, 'hit@5': 0.0381, 'ndcg@5': 0.0241, 'hit@10': 0.0661, 'ndcg@10': 0.033, 'hit@15': 0.0879, 'ndcg@15': 0.0388, 'hit@20': 0.1074, 'ndcg@20': 0.0434, 'hit@40': 0.1725, 'ndcg@40': 0.0566} 
2024-10-10 17:10:45.460 | INFO     | trainer_1:_train_one_epoch:193 - epoch 48 14.61s Train loss is [0.3264] 
2024-10-10 17:10:53.307 | INFO     | trainer_1:_train_one_epoch:201 - validate 48 cost time 7.85s, result: {'hit@1': 0.0175, 'ndcg@1': 0.0175, 'hit@5': 0.0621, 'ndcg@5': 0.0396, 'hit@10': 0.1013, 'ndcg@10': 0.0522, 'hit@15': 0.1348, 'ndcg@15': 0.0611, 'hit@20': 0.1628, 'ndcg@20': 0.0677, 'hit@40': 0.2526, 'ndcg@40': 0.0859} 
2024-10-10 17:11:02.627 | INFO     | trainer_1:_train_one_epoch:209 - test 48 cost time 9.32s, result: {'hit@1': 0.0106, 'ndcg@1': 0.0106, 'hit@5': 0.0422, 'ndcg@5': 0.0264, 'hit@10': 0.0716, 'ndcg@10': 0.0358, 'hit@15': 0.0946, 'ndcg@15': 0.0419, 'hit@20': 0.1146, 'ndcg@20': 0.0466, 'hit@40': 0.1824, 'ndcg@40': 0.0603} 
2024-10-10 17:11:31.375 | INFO     | trainer_1:_train_one_epoch:193 - epoch 49 15.49s Train loss is [0.3366] 
2024-10-10 17:11:38.422 | INFO     | trainer_1:_train_one_epoch:201 - validate 49 cost time 7.05s, result: {'hit@1': 0.0166, 'ndcg@1': 0.0166, 'hit@5': 0.0585, 'ndcg@5': 0.0375, 'hit@10': 0.0966, 'ndcg@10': 0.0497, 'hit@15': 0.1278, 'ndcg@15': 0.058, 'hit@20': 0.1559, 'ndcg@20': 0.0646, 'hit@40': 0.2448, 'ndcg@40': 0.0827} 
2024-10-10 17:11:46.371 | INFO     | trainer_1:_train_one_epoch:209 - test 49 cost time 7.95s, result: {'hit@1': 0.0105, 'ndcg@1': 0.0105, 'hit@5': 0.0404, 'ndcg@5': 0.0254, 'hit@10': 0.0672, 'ndcg@10': 0.034, 'hit@15': 0.0902, 'ndcg@15': 0.0401, 'hit@20': 0.1109, 'ndcg@20': 0.045, 'hit@40': 0.1743, 'ndcg@40': 0.0578} 
2024-10-10 17:11:58.618 | INFO     | trainer_1:_train_one_epoch:193 - epoch 50 12.25s Train loss is [0.3384] 
2024-10-10 17:12:07.700 | INFO     | trainer_1:_train_one_epoch:201 - validate 50 cost time 9.08s, result: {'hit@1': 0.0164, 'ndcg@1': 0.0164, 'hit@5': 0.0594, 'ndcg@5': 0.0377, 'hit@10': 0.1, 'ndcg@10': 0.0507, 'hit@15': 0.1329, 'ndcg@15': 0.0594, 'hit@20': 0.1614, 'ndcg@20': 0.0661, 'hit@40': 0.2531, 'ndcg@40': 0.0848} 
2024-10-10 17:12:15.927 | INFO     | trainer_1:_train_one_epoch:209 - test 50 cost time 8.23s, result: {'hit@1': 0.0104, 'ndcg@1': 0.0104, 'hit@5': 0.0405, 'ndcg@5': 0.0252, 'hit@10': 0.0683, 'ndcg@10': 0.0341, 'hit@15': 0.0917, 'ndcg@15': 0.0403, 'hit@20': 0.1132, 'ndcg@20': 0.0454, 'hit@40': 0.1793, 'ndcg@40': 0.0588} 
2024-10-10 17:12:27.836 | INFO     | trainer_1:_train_one_epoch:193 - epoch 51 11.91s Train loss is [0.3339] 
2024-10-10 17:12:35.324 | INFO     | trainer_1:_train_one_epoch:201 - validate 51 cost time 7.49s, result: {'hit@1': 0.0166, 'ndcg@1': 0.0166, 'hit@5': 0.0631, 'ndcg@5': 0.0398, 'hit@10': 0.1032, 'ndcg@10': 0.0527, 'hit@15': 0.1363, 'ndcg@15': 0.0615, 'hit@20': 0.1654, 'ndcg@20': 0.0683, 'hit@40': 0.2576, 'ndcg@40': 0.0871} 
2024-10-10 17:12:44.322 | INFO     | trainer_1:_train_one_epoch:209 - test 51 cost time 9.00s, result: {'hit@1': 0.0104, 'ndcg@1': 0.0104, 'hit@5': 0.0409, 'ndcg@5': 0.0255, 'hit@10': 0.0705, 'ndcg@10': 0.035, 'hit@15': 0.0951, 'ndcg@15': 0.0415, 'hit@20': 0.1158, 'ndcg@20': 0.0464, 'hit@40': 0.1844, 'ndcg@40': 0.0603} 
2024-10-10 17:12:57.986 | INFO     | trainer_1:_train_one_epoch:193 - epoch 52 13.66s Train loss is [0.3258] 
2024-10-10 17:13:06.900 | INFO     | trainer_1:_train_one_epoch:201 - validate 52 cost time 8.91s, result: {'hit@1': 0.016, 'ndcg@1': 0.016, 'hit@5': 0.0597, 'ndcg@5': 0.0377, 'hit@10': 0.0971, 'ndcg@10': 0.0497, 'hit@15': 0.1291, 'ndcg@15': 0.0581, 'hit@20': 0.1576, 'ndcg@20': 0.0649, 'hit@40': 0.2485, 'ndcg@40': 0.0833} 
2024-10-10 17:13:15.368 | INFO     | trainer_1:_train_one_epoch:209 - test 52 cost time 8.47s, result: {'hit@1': 0.0109, 'ndcg@1': 0.0109, 'hit@5': 0.0397, 'ndcg@5': 0.0253, 'hit@10': 0.0669, 'ndcg@10': 0.034, 'hit@15': 0.0908, 'ndcg@15': 0.0403, 'hit@20': 0.1101, 'ndcg@20': 0.0448, 'hit@40': 0.1791, 'ndcg@40': 0.0589} 
2024-10-10 17:13:31.774 | INFO     | trainer_1:_train_one_epoch:193 - epoch 53 16.41s Train loss is [0.3301] 
2024-10-10 17:13:41.422 | INFO     | trainer_1:_train_one_epoch:201 - validate 53 cost time 9.65s, result: {'hit@1': 0.0165, 'ndcg@1': 0.0165, 'hit@5': 0.0606, 'ndcg@5': 0.0386, 'hit@10': 0.0986, 'ndcg@10': 0.0508, 'hit@15': 0.1293, 'ndcg@15': 0.0589, 'hit@20': 0.1581, 'ndcg@20': 0.0657, 'hit@40': 0.2488, 'ndcg@40': 0.0842} 
2024-10-10 17:13:51.950 | INFO     | trainer_1:_train_one_epoch:209 - test 53 cost time 10.53s, result: {'hit@1': 0.0105, 'ndcg@1': 0.0105, 'hit@5': 0.0403, 'ndcg@5': 0.0253, 'hit@10': 0.0676, 'ndcg@10': 0.034, 'hit@15': 0.0893, 'ndcg@15': 0.0398, 'hit@20': 0.1096, 'ndcg@20': 0.0446, 'hit@40': 0.1779, 'ndcg@40': 0.0584} 
2024-10-10 17:13:51.966 | INFO     | trainer_1:train_model:163 - training end, best iteration 48, results: {'hit@1': 0.0175, 'ndcg@1': 0.0175, 'hit@5': 0.0621, 'ndcg@5': 0.0396, 'hit@10': 0.1013, 'ndcg@10': 0.0522, 'hit@15': 0.1348, 'ndcg@15': 0.0611, 'hit@20': 0.1628, 'ndcg@20': 0.0677, 'hit@40': 0.2526, 'ndcg@40': 0.0859}
2024-10-10 17:13:51.966 | INFO     | trainer_1:train_model:166 - final test result is:  {'hit@1': 0.0106, 'ndcg@1': 0.0106, 'hit@5': 0.0422, 'ndcg@5': 0.0264, 'hit@10': 0.0716, 'ndcg@10': 0.0358, 'hit@15': 0.0946, 'ndcg@15': 0.0419, 'hit@20': 0.1146, 'ndcg@20': 0.0466, 'hit@40': 0.1824, 'ndcg@40': 0.0603}
2024-10-10 17:13:52.391 | INFO     | __main__:<module>:119 - train end total cost time: 4565.15535402298
