2024-10-16 15:14:48.342 | INFO     | __main__:<module>:105 - Namespace(TIME='2024-10-16 15_14_15', batch_size=1024, behaviors=['view', 'cart', 'buy'], check_point='model_pre_1_2024-10-08 12_35_44.pth', data_name='beibei', data_path='./data/beibei', decay=0.001, device='cuda:1', dim_qk=32, dim_v=64, distill_layers=2, distill_thres=0.5, distill_topK=12, distill_userK=20, embedding_size=64, epochs=100, gpu_no=1, if_load_model=True, ii_lambda=200, initializer_range=0.02, layers=2, loss_type='bpr', lr=0.001, message_dropout=0.25, metrics=['hit', 'ndcg'], min_epoch=5, model_name='main_1', model_path='./check_point', node_dropout=0.75, omega=1, pt_loop=50, reg_weight=0.001, test_batch_size=1024, testbatch=1024, topk=[1, 5, 10, 15, 20, 40], uu_lambda=100)
2024-10-16 15:14:48.343 | INFO     | __main__:<module>:106 - BIPN(
  (message_dropout): Dropout(p=0.25, inplace=False)
  (user_embedding): Embedding(21717, 64, padding_idx=0)
  (item_embedding): Embedding(7978, 64, padding_idx=0)
  (global_Graph): LightGCN()
  (Graph_encoder): ModuleDict(
    (view): GraphEncoder(
      (light): LightGCN()
      (dropout): Dropout(p=0.75, inplace=False)
    )
    (cart): GraphEncoder(
      (light): LightGCN()
      (dropout): Dropout(p=0.75, inplace=False)
    )
    (buy): GraphEncoder(
      (light): LightGCN()
      (dropout): Dropout(p=0.75, inplace=False)
    )
  )
  (attention): Mutual_Attention()
  (bpr_loss): BPRLoss()
  (emb_loss): EmbLoss()
  (f): Sigmoid()
)
2024-10-16 15:41:08.014 | INFO     | trainer_1:_train_one_epoch:193 - epoch 1 7.73s Train loss is [0.9488] 
2024-10-16 15:41:13.086 | INFO     | trainer_1:_train_one_epoch:201 - validate 1 cost time 5.07s, result: {'hit@1': 0.0049, 'ndcg@1': 0.0049, 'hit@5': 0.0231, 'ndcg@5': 0.0141, 'hit@10': 0.0447, 'ndcg@10': 0.0211, 'hit@15': 0.0623, 'ndcg@15': 0.0257, 'hit@20': 0.0808, 'ndcg@20': 0.0301, 'hit@40': 0.1404, 'ndcg@40': 0.0422} 
2024-10-16 15:41:18.034 | INFO     | trainer_1:_train_one_epoch:209 - test 1 cost time 4.95s, result: {'hit@1': 0.0033, 'ndcg@1': 0.0033, 'hit@5': 0.0148, 'ndcg@5': 0.009, 'hit@10': 0.0292, 'ndcg@10': 0.0136, 'hit@15': 0.0433, 'ndcg@15': 0.0173, 'hit@20': 0.0564, 'ndcg@20': 0.0204, 'hit@40': 0.1057, 'ndcg@40': 0.0304} 
2024-10-16 15:41:36.200 | INFO     | trainer_1:_train_one_epoch:193 - epoch 2 8.04s Train loss is [0.7295] 
2024-10-16 15:41:41.221 | INFO     | trainer_1:_train_one_epoch:201 - validate 2 cost time 5.02s, result: {'hit@1': 0.0071, 'ndcg@1': 0.0071, 'hit@5': 0.029, 'ndcg@5': 0.0178, 'hit@10': 0.0511, 'ndcg@10': 0.0249, 'hit@15': 0.0716, 'ndcg@15': 0.0303, 'hit@20': 0.0918, 'ndcg@20': 0.035, 'hit@40': 0.1558, 'ndcg@40': 0.048} 
2024-10-16 15:41:46.126 | INFO     | trainer_1:_train_one_epoch:209 - test 2 cost time 4.90s, result: {'hit@1': 0.004, 'ndcg@1': 0.004, 'hit@5': 0.0183, 'ndcg@5': 0.011, 'hit@10': 0.0354, 'ndcg@10': 0.0164, 'hit@15': 0.0503, 'ndcg@15': 0.0204, 'hit@20': 0.0639, 'ndcg@20': 0.0236, 'hit@40': 0.1155, 'ndcg@40': 0.0341} 
2024-10-16 15:42:04.156 | INFO     | trainer_1:_train_one_epoch:193 - epoch 3 7.75s Train loss is [0.6330] 
2024-10-16 15:42:09.200 | INFO     | trainer_1:_train_one_epoch:201 - validate 3 cost time 5.04s, result: {'hit@1': 0.0098, 'ndcg@1': 0.0098, 'hit@5': 0.0332, 'ndcg@5': 0.0213, 'hit@10': 0.059, 'ndcg@10': 0.0296, 'hit@15': 0.0836, 'ndcg@15': 0.0361, 'hit@20': 0.1041, 'ndcg@20': 0.0409, 'hit@40': 0.1753, 'ndcg@40': 0.0554} 
2024-10-16 15:42:14.118 | INFO     | trainer_1:_train_one_epoch:209 - test 3 cost time 4.92s, result: {'hit@1': 0.0047, 'ndcg@1': 0.0047, 'hit@5': 0.0222, 'ndcg@5': 0.0133, 'hit@10': 0.0406, 'ndcg@10': 0.0192, 'hit@15': 0.058, 'ndcg@15': 0.0238, 'hit@20': 0.0734, 'ndcg@20': 0.0274, 'hit@40': 0.1273, 'ndcg@40': 0.0383} 
2024-10-16 15:42:32.038 | INFO     | trainer_1:_train_one_epoch:193 - epoch 4 7.70s Train loss is [0.5817] 
2024-10-16 15:42:37.055 | INFO     | trainer_1:_train_one_epoch:201 - validate 4 cost time 5.02s, result: {'hit@1': 0.0104, 'ndcg@1': 0.0104, 'hit@5': 0.0376, 'ndcg@5': 0.0236, 'hit@10': 0.067, 'ndcg@10': 0.0331, 'hit@15': 0.0957, 'ndcg@15': 0.0406, 'hit@20': 0.1182, 'ndcg@20': 0.0459, 'hit@40': 0.1961, 'ndcg@40': 0.0618} 
2024-10-16 15:42:41.943 | INFO     | trainer_1:_train_one_epoch:209 - test 4 cost time 4.89s, result: {'hit@1': 0.0057, 'ndcg@1': 0.0057, 'hit@5': 0.024, 'ndcg@5': 0.0147, 'hit@10': 0.0429, 'ndcg@10': 0.0207, 'hit@15': 0.0627, 'ndcg@15': 0.026, 'hit@20': 0.0816, 'ndcg@20': 0.0304, 'hit@40': 0.1404, 'ndcg@40': 0.0424} 
2024-10-16 15:43:00.417 | INFO     | trainer_1:_train_one_epoch:193 - epoch 5 8.13s Train loss is [0.5472] 
2024-10-16 15:43:05.429 | INFO     | trainer_1:_train_one_epoch:201 - validate 5 cost time 5.01s, result: {'hit@1': 0.0118, 'ndcg@1': 0.0118, 'hit@5': 0.0431, 'ndcg@5': 0.0272, 'hit@10': 0.0733, 'ndcg@10': 0.0369, 'hit@15': 0.0981, 'ndcg@15': 0.0435, 'hit@20': 0.1211, 'ndcg@20': 0.0489, 'hit@40': 0.1949, 'ndcg@40': 0.0639} 
2024-10-16 15:43:10.299 | INFO     | trainer_1:_train_one_epoch:209 - test 5 cost time 4.87s, result: {'hit@1': 0.0059, 'ndcg@1': 0.0059, 'hit@5': 0.0251, 'ndcg@5': 0.0153, 'hit@10': 0.0453, 'ndcg@10': 0.0218, 'hit@15': 0.0634, 'ndcg@15': 0.0266, 'hit@20': 0.0792, 'ndcg@20': 0.0303, 'hit@40': 0.1342, 'ndcg@40': 0.0415} 
2024-10-16 15:43:28.089 | INFO     | trainer_1:_train_one_epoch:193 - epoch 6 7.62s Train loss is [0.5286] 
2024-10-16 15:43:33.076 | INFO     | trainer_1:_train_one_epoch:201 - validate 6 cost time 4.99s, result: {'hit@1': 0.0117, 'ndcg@1': 0.0117, 'hit@5': 0.0432, 'ndcg@5': 0.0273, 'hit@10': 0.0734, 'ndcg@10': 0.0369, 'hit@15': 0.1024, 'ndcg@15': 0.0446, 'hit@20': 0.126, 'ndcg@20': 0.0502, 'hit@40': 0.207, 'ndcg@40': 0.0666} 
2024-10-16 15:43:37.956 | INFO     | trainer_1:_train_one_epoch:209 - test 6 cost time 4.88s, result: {'hit@1': 0.0063, 'ndcg@1': 0.0063, 'hit@5': 0.0276, 'ndcg@5': 0.0167, 'hit@10': 0.0493, 'ndcg@10': 0.0236, 'hit@15': 0.0672, 'ndcg@15': 0.0283, 'hit@20': 0.0849, 'ndcg@20': 0.0325, 'hit@40': 0.1464, 'ndcg@40': 0.0451} 
2024-10-16 15:43:56.844 | INFO     | trainer_1:_train_one_epoch:193 - epoch 7 8.47s Train loss is [0.5056] 
2024-10-16 15:44:01.821 | INFO     | trainer_1:_train_one_epoch:201 - validate 7 cost time 4.98s, result: {'hit@1': 0.0118, 'ndcg@1': 0.0118, 'hit@5': 0.0449, 'ndcg@5': 0.0283, 'hit@10': 0.0738, 'ndcg@10': 0.0375, 'hit@15': 0.1025, 'ndcg@15': 0.0451, 'hit@20': 0.1263, 'ndcg@20': 0.0507, 'hit@40': 0.2026, 'ndcg@40': 0.0663} 
2024-10-16 15:44:06.678 | INFO     | trainer_1:_train_one_epoch:209 - test 7 cost time 4.86s, result: {'hit@1': 0.0075, 'ndcg@1': 0.0075, 'hit@5': 0.0269, 'ndcg@5': 0.0171, 'hit@10': 0.0487, 'ndcg@10': 0.0241, 'hit@15': 0.0671, 'ndcg@15': 0.0289, 'hit@20': 0.0834, 'ndcg@20': 0.0328, 'hit@40': 0.1428, 'ndcg@40': 0.0449} 
2024-10-16 15:44:14.328 | INFO     | trainer_1:_train_one_epoch:193 - epoch 8 7.65s Train loss is [0.5081] 
2024-10-16 15:44:19.303 | INFO     | trainer_1:_train_one_epoch:201 - validate 8 cost time 4.97s, result: {'hit@1': 0.0121, 'ndcg@1': 0.0121, 'hit@5': 0.0451, 'ndcg@5': 0.0285, 'hit@10': 0.0748, 'ndcg@10': 0.038, 'hit@15': 0.1001, 'ndcg@15': 0.0447, 'hit@20': 0.1225, 'ndcg@20': 0.05, 'hit@40': 0.1983, 'ndcg@40': 0.0655} 
2024-10-16 15:44:24.165 | INFO     | trainer_1:_train_one_epoch:209 - test 8 cost time 4.86s, result: {'hit@1': 0.0077, 'ndcg@1': 0.0077, 'hit@5': 0.0279, 'ndcg@5': 0.0177, 'hit@10': 0.0483, 'ndcg@10': 0.0242, 'hit@15': 0.0657, 'ndcg@15': 0.0288, 'hit@20': 0.0828, 'ndcg@20': 0.0328, 'hit@40': 0.1382, 'ndcg@40': 0.0441} 
2024-10-16 15:44:31.945 | INFO     | trainer_1:_train_one_epoch:193 - epoch 9 7.78s Train loss is [0.4926] 
2024-10-16 15:44:36.983 | INFO     | trainer_1:_train_one_epoch:201 - validate 9 cost time 5.04s, result: {'hit@1': 0.0107, 'ndcg@1': 0.0107, 'hit@5': 0.0462, 'ndcg@5': 0.0285, 'hit@10': 0.0796, 'ndcg@10': 0.0392, 'hit@15': 0.1104, 'ndcg@15': 0.0473, 'hit@20': 0.138, 'ndcg@20': 0.0538, 'hit@40': 0.2212, 'ndcg@40': 0.0707} 
2024-10-16 15:44:41.884 | INFO     | trainer_1:_train_one_epoch:209 - test 9 cost time 4.90s, result: {'hit@1': 0.0071, 'ndcg@1': 0.0071, 'hit@5': 0.0305, 'ndcg@5': 0.0189, 'hit@10': 0.0528, 'ndcg@10': 0.026, 'hit@15': 0.0719, 'ndcg@15': 0.031, 'hit@20': 0.0912, 'ndcg@20': 0.0356, 'hit@40': 0.1579, 'ndcg@40': 0.0492} 
2024-10-16 15:45:00.001 | INFO     | trainer_1:_train_one_epoch:193 - epoch 10 7.73s Train loss is [0.4786] 
2024-10-16 15:45:04.983 | INFO     | trainer_1:_train_one_epoch:201 - validate 10 cost time 4.98s, result: {'hit@1': 0.0124, 'ndcg@1': 0.0124, 'hit@5': 0.0455, 'ndcg@5': 0.0288, 'hit@10': 0.0782, 'ndcg@10': 0.0393, 'hit@15': 0.1055, 'ndcg@15': 0.0465, 'hit@20': 0.1287, 'ndcg@20': 0.052, 'hit@40': 0.2047, 'ndcg@40': 0.0674} 
2024-10-16 15:45:09.841 | INFO     | trainer_1:_train_one_epoch:209 - test 10 cost time 4.86s, result: {'hit@1': 0.0066, 'ndcg@1': 0.0066, 'hit@5': 0.0305, 'ndcg@5': 0.0185, 'hit@10': 0.0497, 'ndcg@10': 0.0246, 'hit@15': 0.0687, 'ndcg@15': 0.0296, 'hit@20': 0.0874, 'ndcg@20': 0.0341, 'hit@40': 0.1444, 'ndcg@40': 0.0457} 
2024-10-16 15:45:17.616 | INFO     | trainer_1:_train_one_epoch:193 - epoch 11 7.77s Train loss is [0.4839] 
2024-10-16 15:45:22.650 | INFO     | trainer_1:_train_one_epoch:201 - validate 11 cost time 5.03s, result: {'hit@1': 0.0113, 'ndcg@1': 0.0113, 'hit@5': 0.0455, 'ndcg@5': 0.0281, 'hit@10': 0.0799, 'ndcg@10': 0.0391, 'hit@15': 0.1081, 'ndcg@15': 0.0465, 'hit@20': 0.1328, 'ndcg@20': 0.0524, 'hit@40': 0.2111, 'ndcg@40': 0.0683} 
2024-10-16 15:45:27.546 | INFO     | trainer_1:_train_one_epoch:209 - test 11 cost time 4.90s, result: {'hit@1': 0.0064, 'ndcg@1': 0.0064, 'hit@5': 0.0304, 'ndcg@5': 0.0182, 'hit@10': 0.0527, 'ndcg@10': 0.0253, 'hit@15': 0.0719, 'ndcg@15': 0.0304, 'hit@20': 0.0907, 'ndcg@20': 0.0348, 'hit@40': 0.1498, 'ndcg@40': 0.0469} 
2024-10-16 15:45:35.442 | INFO     | trainer_1:_train_one_epoch:193 - epoch 12 7.90s Train loss is [0.4668] 
2024-10-16 15:45:40.411 | INFO     | trainer_1:_train_one_epoch:201 - validate 12 cost time 4.97s, result: {'hit@1': 0.0111, 'ndcg@1': 0.0111, 'hit@5': 0.044, 'ndcg@5': 0.0273, 'hit@10': 0.0763, 'ndcg@10': 0.0376, 'hit@15': 0.104, 'ndcg@15': 0.0449, 'hit@20': 0.1273, 'ndcg@20': 0.0504, 'hit@40': 0.2042, 'ndcg@40': 0.0661} 
2024-10-16 15:45:45.303 | INFO     | trainer_1:_train_one_epoch:209 - test 12 cost time 4.89s, result: {'hit@1': 0.0063, 'ndcg@1': 0.0063, 'hit@5': 0.0289, 'ndcg@5': 0.0174, 'hit@10': 0.0525, 'ndcg@10': 0.025, 'hit@15': 0.0721, 'ndcg@15': 0.0301, 'hit@20': 0.0897, 'ndcg@20': 0.0343, 'hit@40': 0.1484, 'ndcg@40': 0.0462} 
2024-10-16 15:45:53.001 | INFO     | trainer_1:_train_one_epoch:193 - epoch 13 7.70s Train loss is [0.4457] 
2024-10-16 15:45:58.010 | INFO     | trainer_1:_train_one_epoch:201 - validate 13 cost time 5.01s, result: {'hit@1': 0.0114, 'ndcg@1': 0.0114, 'hit@5': 0.045, 'ndcg@5': 0.0278, 'hit@10': 0.0815, 'ndcg@10': 0.0395, 'hit@15': 0.1093, 'ndcg@15': 0.0468, 'hit@20': 0.1354, 'ndcg@20': 0.053, 'hit@40': 0.2206, 'ndcg@40': 0.0703} 
2024-10-16 15:46:02.935 | INFO     | trainer_1:_train_one_epoch:209 - test 13 cost time 4.92s, result: {'hit@1': 0.0065, 'ndcg@1': 0.0065, 'hit@5': 0.0309, 'ndcg@5': 0.0184, 'hit@10': 0.0528, 'ndcg@10': 0.0254, 'hit@15': 0.0726, 'ndcg@15': 0.0306, 'hit@20': 0.0914, 'ndcg@20': 0.035, 'hit@40': 0.1533, 'ndcg@40': 0.0476} 
2024-10-16 15:46:10.902 | INFO     | trainer_1:_train_one_epoch:193 - epoch 14 7.97s Train loss is [0.4464] 
2024-10-16 15:46:15.968 | INFO     | trainer_1:_train_one_epoch:201 - validate 14 cost time 5.07s, result: {'hit@1': 0.012, 'ndcg@1': 0.012, 'hit@5': 0.0437, 'ndcg@5': 0.0278, 'hit@10': 0.079, 'ndcg@10': 0.0392, 'hit@15': 0.1074, 'ndcg@15': 0.0467, 'hit@20': 0.1318, 'ndcg@20': 0.0525, 'hit@40': 0.2124, 'ndcg@40': 0.0689} 
2024-10-16 15:46:20.856 | INFO     | trainer_1:_train_one_epoch:209 - test 14 cost time 4.89s, result: {'hit@1': 0.0074, 'ndcg@1': 0.0074, 'hit@5': 0.0303, 'ndcg@5': 0.0188, 'hit@10': 0.0528, 'ndcg@10': 0.026, 'hit@15': 0.0736, 'ndcg@15': 0.0314, 'hit@20': 0.0901, 'ndcg@20': 0.0353, 'hit@40': 0.1508, 'ndcg@40': 0.0477} 
2024-10-16 15:46:28.501 | INFO     | trainer_1:_train_one_epoch:193 - epoch 15 7.64s Train loss is [0.4349] 
2024-10-16 15:46:33.477 | INFO     | trainer_1:_train_one_epoch:201 - validate 15 cost time 4.98s, result: {'hit@1': 0.0107, 'ndcg@1': 0.0107, 'hit@5': 0.0442, 'ndcg@5': 0.0273, 'hit@10': 0.0746, 'ndcg@10': 0.0371, 'hit@15': 0.1019, 'ndcg@15': 0.0443, 'hit@20': 0.1287, 'ndcg@20': 0.0506, 'hit@40': 0.2092, 'ndcg@40': 0.067} 
2024-10-16 15:46:38.359 | INFO     | trainer_1:_train_one_epoch:209 - test 15 cost time 4.88s, result: {'hit@1': 0.0078, 'ndcg@1': 0.0078, 'hit@5': 0.0307, 'ndcg@5': 0.019, 'hit@10': 0.0525, 'ndcg@10': 0.026, 'hit@15': 0.0728, 'ndcg@15': 0.0314, 'hit@20': 0.0894, 'ndcg@20': 0.0353, 'hit@40': 0.1478, 'ndcg@40': 0.0472} 
2024-10-16 15:46:45.957 | INFO     | trainer_1:_train_one_epoch:193 - epoch 16 7.60s Train loss is [0.4406] 
2024-10-16 15:46:51.042 | INFO     | trainer_1:_train_one_epoch:201 - validate 16 cost time 5.09s, result: {'hit@1': 0.0118, 'ndcg@1': 0.0118, 'hit@5': 0.0463, 'ndcg@5': 0.0288, 'hit@10': 0.0788, 'ndcg@10': 0.0393, 'hit@15': 0.1066, 'ndcg@15': 0.0466, 'hit@20': 0.1314, 'ndcg@20': 0.0525, 'hit@40': 0.2099, 'ndcg@40': 0.0685} 
2024-10-16 15:46:55.956 | INFO     | trainer_1:_train_one_epoch:209 - test 16 cost time 4.91s, result: {'hit@1': 0.0077, 'ndcg@1': 0.0077, 'hit@5': 0.0327, 'ndcg@5': 0.0199, 'hit@10': 0.0544, 'ndcg@10': 0.0269, 'hit@15': 0.0762, 'ndcg@15': 0.0326, 'hit@20': 0.0925, 'ndcg@20': 0.0365, 'hit@40': 0.1511, 'ndcg@40': 0.0484} 
2024-10-16 15:47:14.664 | INFO     | trainer_1:_train_one_epoch:193 - epoch 17 7.71s Train loss is [0.4331] 
2024-10-16 15:47:19.666 | INFO     | trainer_1:_train_one_epoch:201 - validate 17 cost time 5.00s, result: {'hit@1': 0.0118, 'ndcg@1': 0.0118, 'hit@5': 0.0459, 'ndcg@5': 0.0287, 'hit@10': 0.0787, 'ndcg@10': 0.0391, 'hit@15': 0.1062, 'ndcg@15': 0.0464, 'hit@20': 0.1312, 'ndcg@20': 0.0523, 'hit@40': 0.2119, 'ndcg@40': 0.0688} 
2024-10-16 15:47:24.553 | INFO     | trainer_1:_train_one_epoch:209 - test 17 cost time 4.89s, result: {'hit@1': 0.0084, 'ndcg@1': 0.0084, 'hit@5': 0.0313, 'ndcg@5': 0.0197, 'hit@10': 0.0542, 'ndcg@10': 0.0271, 'hit@15': 0.0726, 'ndcg@15': 0.0319, 'hit@20': 0.0901, 'ndcg@20': 0.0361, 'hit@40': 0.1546, 'ndcg@40': 0.0492} 
2024-10-16 15:47:32.164 | INFO     | trainer_1:_train_one_epoch:193 - epoch 18 7.61s Train loss is [0.4125] 
2024-10-16 15:47:37.195 | INFO     | trainer_1:_train_one_epoch:201 - validate 18 cost time 5.03s, result: {'hit@1': 0.0128, 'ndcg@1': 0.0128, 'hit@5': 0.0487, 'ndcg@5': 0.0308, 'hit@10': 0.0836, 'ndcg@10': 0.042, 'hit@15': 0.1106, 'ndcg@15': 0.0491, 'hit@20': 0.1347, 'ndcg@20': 0.0548, 'hit@40': 0.2139, 'ndcg@40': 0.0709} 
2024-10-16 15:47:42.099 | INFO     | trainer_1:_train_one_epoch:209 - test 18 cost time 4.90s, result: {'hit@1': 0.0084, 'ndcg@1': 0.0084, 'hit@5': 0.0326, 'ndcg@5': 0.0205, 'hit@10': 0.0559, 'ndcg@10': 0.028, 'hit@15': 0.0757, 'ndcg@15': 0.0332, 'hit@20': 0.0935, 'ndcg@20': 0.0374, 'hit@40': 0.1544, 'ndcg@40': 0.0498} 
2024-10-16 15:48:00.106 | INFO     | trainer_1:_train_one_epoch:193 - epoch 19 7.65s Train loss is [0.4148] 
2024-10-16 15:48:05.085 | INFO     | trainer_1:_train_one_epoch:201 - validate 19 cost time 4.98s, result: {'hit@1': 0.0135, 'ndcg@1': 0.0135, 'hit@5': 0.0509, 'ndcg@5': 0.0321, 'hit@10': 0.0866, 'ndcg@10': 0.0435, 'hit@15': 0.1165, 'ndcg@15': 0.0514, 'hit@20': 0.1412, 'ndcg@20': 0.0572, 'hit@40': 0.2239, 'ndcg@40': 0.074} 
2024-10-16 15:48:09.977 | INFO     | trainer_1:_train_one_epoch:209 - test 19 cost time 4.89s, result: {'hit@1': 0.0081, 'ndcg@1': 0.0081, 'hit@5': 0.0344, 'ndcg@5': 0.0211, 'hit@10': 0.0576, 'ndcg@10': 0.0285, 'hit@15': 0.0788, 'ndcg@15': 0.0341, 'hit@20': 0.0959, 'ndcg@20': 0.0382, 'hit@40': 0.1586, 'ndcg@40': 0.0509} 
2024-10-16 15:48:28.110 | INFO     | trainer_1:_train_one_epoch:193 - epoch 20 7.69s Train loss is [0.4034] 
2024-10-16 15:48:33.114 | INFO     | trainer_1:_train_one_epoch:201 - validate 20 cost time 5.00s, result: {'hit@1': 0.0135, 'ndcg@1': 0.0135, 'hit@5': 0.0505, 'ndcg@5': 0.0319, 'hit@10': 0.0851, 'ndcg@10': 0.0431, 'hit@15': 0.1108, 'ndcg@15': 0.0498, 'hit@20': 0.1345, 'ndcg@20': 0.0554, 'hit@40': 0.2164, 'ndcg@40': 0.0721} 
2024-10-16 15:48:37.994 | INFO     | trainer_1:_train_one_epoch:209 - test 20 cost time 4.88s, result: {'hit@1': 0.0087, 'ndcg@1': 0.0087, 'hit@5': 0.0333, 'ndcg@5': 0.0209, 'hit@10': 0.0559, 'ndcg@10': 0.0281, 'hit@15': 0.0753, 'ndcg@15': 0.0333, 'hit@20': 0.0936, 'ndcg@20': 0.0376, 'hit@40': 0.1529, 'ndcg@40': 0.0496} 
2024-10-16 15:48:45.577 | INFO     | trainer_1:_train_one_epoch:193 - epoch 21 7.58s Train loss is [0.3958] 
2024-10-16 15:48:50.549 | INFO     | trainer_1:_train_one_epoch:201 - validate 21 cost time 4.97s, result: {'hit@1': 0.014, 'ndcg@1': 0.014, 'hit@5': 0.0504, 'ndcg@5': 0.0322, 'hit@10': 0.0855, 'ndcg@10': 0.0435, 'hit@15': 0.1142, 'ndcg@15': 0.051, 'hit@20': 0.1388, 'ndcg@20': 0.0569, 'hit@40': 0.2203, 'ndcg@40': 0.0734} 
2024-10-16 15:48:55.414 | INFO     | trainer_1:_train_one_epoch:209 - test 21 cost time 4.86s, result: {'hit@1': 0.0096, 'ndcg@1': 0.0096, 'hit@5': 0.0336, 'ndcg@5': 0.0216, 'hit@10': 0.0575, 'ndcg@10': 0.0292, 'hit@15': 0.0762, 'ndcg@15': 0.0342, 'hit@20': 0.0947, 'ndcg@20': 0.0385, 'hit@40': 0.1553, 'ndcg@40': 0.0509} 
2024-10-16 15:49:03.050 | INFO     | trainer_1:_train_one_epoch:193 - epoch 22 7.64s Train loss is [0.4010] 
2024-10-16 15:49:08.050 | INFO     | trainer_1:_train_one_epoch:201 - validate 22 cost time 5.00s, result: {'hit@1': 0.014, 'ndcg@1': 0.014, 'hit@5': 0.0532, 'ndcg@5': 0.0336, 'hit@10': 0.0907, 'ndcg@10': 0.0455, 'hit@15': 0.1199, 'ndcg@15': 0.0532, 'hit@20': 0.1451, 'ndcg@20': 0.0592, 'hit@40': 0.2314, 'ndcg@40': 0.0768} 
2024-10-16 15:49:12.976 | INFO     | trainer_1:_train_one_epoch:209 - test 22 cost time 4.93s, result: {'hit@1': 0.0093, 'ndcg@1': 0.0093, 'hit@5': 0.0365, 'ndcg@5': 0.0228, 'hit@10': 0.0604, 'ndcg@10': 0.0305, 'hit@15': 0.0822, 'ndcg@15': 0.0362, 'hit@20': 0.0987, 'ndcg@20': 0.0401, 'hit@40': 0.1633, 'ndcg@40': 0.0532} 
2024-10-16 15:49:31.178 | INFO     | trainer_1:_train_one_epoch:193 - epoch 23 7.74s Train loss is [0.3873] 
2024-10-16 15:49:36.162 | INFO     | trainer_1:_train_one_epoch:201 - validate 23 cost time 4.98s, result: {'hit@1': 0.0132, 'ndcg@1': 0.0132, 'hit@5': 0.0479, 'ndcg@5': 0.0304, 'hit@10': 0.0829, 'ndcg@10': 0.0416, 'hit@15': 0.1119, 'ndcg@15': 0.0493, 'hit@20': 0.1366, 'ndcg@20': 0.0551, 'hit@40': 0.2194, 'ndcg@40': 0.0719} 
2024-10-16 15:49:41.031 | INFO     | trainer_1:_train_one_epoch:209 - test 23 cost time 4.87s, result: {'hit@1': 0.009, 'ndcg@1': 0.009, 'hit@5': 0.0317, 'ndcg@5': 0.0204, 'hit@10': 0.054, 'ndcg@10': 0.0275, 'hit@15': 0.0752, 'ndcg@15': 0.0331, 'hit@20': 0.0933, 'ndcg@20': 0.0374, 'hit@40': 0.1581, 'ndcg@40': 0.0505} 
2024-10-16 15:49:48.596 | INFO     | trainer_1:_train_one_epoch:193 - epoch 24 7.56s Train loss is [0.3831] 
2024-10-16 15:49:53.564 | INFO     | trainer_1:_train_one_epoch:201 - validate 24 cost time 4.97s, result: {'hit@1': 0.0147, 'ndcg@1': 0.0147, 'hit@5': 0.0502, 'ndcg@5': 0.0325, 'hit@10': 0.0841, 'ndcg@10': 0.0434, 'hit@15': 0.111, 'ndcg@15': 0.0505, 'hit@20': 0.1366, 'ndcg@20': 0.0565, 'hit@40': 0.2175, 'ndcg@40': 0.073} 
2024-10-16 15:49:58.450 | INFO     | trainer_1:_train_one_epoch:209 - test 24 cost time 4.89s, result: {'hit@1': 0.0093, 'ndcg@1': 0.0093, 'hit@5': 0.034, 'ndcg@5': 0.0218, 'hit@10': 0.0558, 'ndcg@10': 0.0287, 'hit@15': 0.0769, 'ndcg@15': 0.0343, 'hit@20': 0.0947, 'ndcg@20': 0.0385, 'hit@40': 0.1571, 'ndcg@40': 0.0511} 
2024-10-16 15:50:06.306 | INFO     | trainer_1:_train_one_epoch:193 - epoch 25 7.85s Train loss is [0.3808] 
2024-10-16 15:50:11.342 | INFO     | trainer_1:_train_one_epoch:201 - validate 25 cost time 5.04s, result: {'hit@1': 0.0139, 'ndcg@1': 0.0139, 'hit@5': 0.0558, 'ndcg@5': 0.0349, 'hit@10': 0.0919, 'ndcg@10': 0.0465, 'hit@15': 0.1236, 'ndcg@15': 0.0548, 'hit@20': 0.1496, 'ndcg@20': 0.061, 'hit@40': 0.2372, 'ndcg@40': 0.0788} 
2024-10-16 15:50:16.243 | INFO     | trainer_1:_train_one_epoch:209 - test 25 cost time 4.90s, result: {'hit@1': 0.0105, 'ndcg@1': 0.0105, 'hit@5': 0.0352, 'ndcg@5': 0.0228, 'hit@10': 0.0604, 'ndcg@10': 0.0309, 'hit@15': 0.0826, 'ndcg@15': 0.0368, 'hit@20': 0.1007, 'ndcg@20': 0.041, 'hit@40': 0.1665, 'ndcg@40': 0.0544} 
2024-10-16 15:50:23.900 | INFO     | trainer_1:_train_one_epoch:193 - epoch 26 7.66s Train loss is [0.3870] 
2024-10-16 15:50:28.867 | INFO     | trainer_1:_train_one_epoch:201 - validate 26 cost time 4.97s, result: {'hit@1': 0.0155, 'ndcg@1': 0.0155, 'hit@5': 0.057, 'ndcg@5': 0.0363, 'hit@10': 0.0922, 'ndcg@10': 0.0476, 'hit@15': 0.1229, 'ndcg@15': 0.0557, 'hit@20': 0.1495, 'ndcg@20': 0.0619, 'hit@40': 0.2355, 'ndcg@40': 0.0794} 
2024-10-16 15:50:33.732 | INFO     | trainer_1:_train_one_epoch:209 - test 26 cost time 4.86s, result: {'hit@1': 0.011, 'ndcg@1': 0.011, 'hit@5': 0.0369, 'ndcg@5': 0.0239, 'hit@10': 0.0602, 'ndcg@10': 0.0314, 'hit@15': 0.0821, 'ndcg@15': 0.0372, 'hit@20': 0.1011, 'ndcg@20': 0.0416, 'hit@40': 0.1644, 'ndcg@40': 0.0545} 
2024-10-16 15:50:41.561 | INFO     | trainer_1:_train_one_epoch:193 - epoch 27 7.83s Train loss is [0.3703] 
2024-10-16 15:50:46.662 | INFO     | trainer_1:_train_one_epoch:201 - validate 27 cost time 5.10s, result: {'hit@1': 0.0155, 'ndcg@1': 0.0155, 'hit@5': 0.0546, 'ndcg@5': 0.0351, 'hit@10': 0.0874, 'ndcg@10': 0.0456, 'hit@15': 0.1173, 'ndcg@15': 0.0535, 'hit@20': 0.142, 'ndcg@20': 0.0593, 'hit@40': 0.2257, 'ndcg@40': 0.0764} 
2024-10-16 15:50:51.702 | INFO     | trainer_1:_train_one_epoch:209 - test 27 cost time 5.04s, result: {'hit@1': 0.0099, 'ndcg@1': 0.0099, 'hit@5': 0.0351, 'ndcg@5': 0.0227, 'hit@10': 0.06, 'ndcg@10': 0.0306, 'hit@15': 0.0798, 'ndcg@15': 0.0358, 'hit@20': 0.0977, 'ndcg@20': 0.0401, 'hit@40': 0.157, 'ndcg@40': 0.0521} 
2024-10-16 15:50:59.673 | INFO     | trainer_1:_train_one_epoch:193 - epoch 28 7.97s Train loss is [0.3741] 
2024-10-16 15:51:04.669 | INFO     | trainer_1:_train_one_epoch:201 - validate 28 cost time 4.99s, result: {'hit@1': 0.0143, 'ndcg@1': 0.0143, 'hit@5': 0.0563, 'ndcg@5': 0.0354, 'hit@10': 0.0919, 'ndcg@10': 0.0469, 'hit@15': 0.1224, 'ndcg@15': 0.0549, 'hit@20': 0.1475, 'ndcg@20': 0.0609, 'hit@40': 0.2315, 'ndcg@40': 0.0779} 
2024-10-16 15:51:09.561 | INFO     | trainer_1:_train_one_epoch:209 - test 28 cost time 4.89s, result: {'hit@1': 0.0107, 'ndcg@1': 0.0107, 'hit@5': 0.0365, 'ndcg@5': 0.0237, 'hit@10': 0.0619, 'ndcg@10': 0.0319, 'hit@15': 0.0829, 'ndcg@15': 0.0374, 'hit@20': 0.1014, 'ndcg@20': 0.0418, 'hit@40': 0.1632, 'ndcg@40': 0.0543} 
2024-10-16 15:51:27.928 | INFO     | trainer_1:_train_one_epoch:193 - epoch 29 7.68s Train loss is [0.3767] 
2024-10-16 15:51:32.952 | INFO     | trainer_1:_train_one_epoch:201 - validate 29 cost time 5.02s, result: {'hit@1': 0.0157, 'ndcg@1': 0.0157, 'hit@5': 0.0558, 'ndcg@5': 0.0357, 'hit@10': 0.0924, 'ndcg@10': 0.0474, 'hit@15': 0.1225, 'ndcg@15': 0.0553, 'hit@20': 0.1513, 'ndcg@20': 0.0621, 'hit@40': 0.239, 'ndcg@40': 0.08} 
2024-10-16 15:51:37.856 | INFO     | trainer_1:_train_one_epoch:209 - test 29 cost time 4.90s, result: {'hit@1': 0.0116, 'ndcg@1': 0.0116, 'hit@5': 0.0375, 'ndcg@5': 0.0245, 'hit@10': 0.0626, 'ndcg@10': 0.0327, 'hit@15': 0.084, 'ndcg@15': 0.0383, 'hit@20': 0.104, 'ndcg@20': 0.043, 'hit@40': 0.1706, 'ndcg@40': 0.0565} 
2024-10-16 15:51:56.493 | INFO     | trainer_1:_train_one_epoch:193 - epoch 30 8.18s Train loss is [0.3756] 
2024-10-16 15:52:01.461 | INFO     | trainer_1:_train_one_epoch:201 - validate 30 cost time 4.97s, result: {'hit@1': 0.0158, 'ndcg@1': 0.0158, 'hit@5': 0.0576, 'ndcg@5': 0.0368, 'hit@10': 0.0939, 'ndcg@10': 0.0485, 'hit@15': 0.1248, 'ndcg@15': 0.0566, 'hit@20': 0.1515, 'ndcg@20': 0.0629, 'hit@40': 0.2384, 'ndcg@40': 0.0806} 
2024-10-16 15:52:06.332 | INFO     | trainer_1:_train_one_epoch:209 - test 30 cost time 4.87s, result: {'hit@1': 0.0109, 'ndcg@1': 0.0109, 'hit@5': 0.0378, 'ndcg@5': 0.0242, 'hit@10': 0.0623, 'ndcg@10': 0.0321, 'hit@15': 0.0831, 'ndcg@15': 0.0376, 'hit@20': 0.1033, 'ndcg@20': 0.0423, 'hit@40': 0.1649, 'ndcg@40': 0.0549} 
2024-10-16 15:52:14.043 | INFO     | trainer_1:_train_one_epoch:193 - epoch 31 7.71s Train loss is [0.3746] 
2024-10-16 15:52:19.029 | INFO     | trainer_1:_train_one_epoch:201 - validate 31 cost time 4.99s, result: {'hit@1': 0.0164, 'ndcg@1': 0.0164, 'hit@5': 0.0576, 'ndcg@5': 0.0369, 'hit@10': 0.0948, 'ndcg@10': 0.0489, 'hit@15': 0.1239, 'ndcg@15': 0.0565, 'hit@20': 0.1522, 'ndcg@20': 0.0632, 'hit@40': 0.2362, 'ndcg@40': 0.0803} 
2024-10-16 15:52:23.931 | INFO     | trainer_1:_train_one_epoch:209 - test 31 cost time 4.90s, result: {'hit@1': 0.0108, 'ndcg@1': 0.0108, 'hit@5': 0.0384, 'ndcg@5': 0.0246, 'hit@10': 0.0646, 'ndcg@10': 0.033, 'hit@15': 0.0867, 'ndcg@15': 0.0389, 'hit@20': 0.1068, 'ndcg@20': 0.0436, 'hit@40': 0.1696, 'ndcg@40': 0.0563} 
2024-10-16 15:52:42.282 | INFO     | trainer_1:_train_one_epoch:193 - epoch 32 7.75s Train loss is [0.3670] 
2024-10-16 15:52:47.254 | INFO     | trainer_1:_train_one_epoch:201 - validate 32 cost time 4.97s, result: {'hit@1': 0.0156, 'ndcg@1': 0.0156, 'hit@5': 0.0559, 'ndcg@5': 0.0357, 'hit@10': 0.095, 'ndcg@10': 0.0482, 'hit@15': 0.1263, 'ndcg@15': 0.0565, 'hit@20': 0.154, 'ndcg@20': 0.063, 'hit@40': 0.2439, 'ndcg@40': 0.0813} 
2024-10-16 15:52:52.111 | INFO     | trainer_1:_train_one_epoch:209 - test 32 cost time 4.86s, result: {'hit@1': 0.0106, 'ndcg@1': 0.0106, 'hit@5': 0.0388, 'ndcg@5': 0.0246, 'hit@10': 0.0649, 'ndcg@10': 0.033, 'hit@15': 0.087, 'ndcg@15': 0.0388, 'hit@20': 0.1072, 'ndcg@20': 0.0436, 'hit@40': 0.173, 'ndcg@40': 0.0569} 
2024-10-16 15:53:10.592 | INFO     | trainer_1:_train_one_epoch:193 - epoch 33 7.95s Train loss is [0.3490] 
2024-10-16 15:53:15.598 | INFO     | trainer_1:_train_one_epoch:201 - validate 33 cost time 5.01s, result: {'hit@1': 0.015, 'ndcg@1': 0.015, 'hit@5': 0.0567, 'ndcg@5': 0.0361, 'hit@10': 0.0945, 'ndcg@10': 0.0482, 'hit@15': 0.127, 'ndcg@15': 0.0568, 'hit@20': 0.1553, 'ndcg@20': 0.0634, 'hit@40': 0.2487, 'ndcg@40': 0.0824} 
2024-10-16 15:53:20.487 | INFO     | trainer_1:_train_one_epoch:209 - test 33 cost time 4.89s, result: {'hit@1': 0.011, 'ndcg@1': 0.011, 'hit@5': 0.04, 'ndcg@5': 0.0255, 'hit@10': 0.066, 'ndcg@10': 0.0339, 'hit@15': 0.0877, 'ndcg@15': 0.0396, 'hit@20': 0.1079, 'ndcg@20': 0.0444, 'hit@40': 0.174, 'ndcg@40': 0.0579} 
2024-10-16 15:53:38.574 | INFO     | trainer_1:_train_one_epoch:193 - epoch 34 7.75s Train loss is [0.3605] 
2024-10-16 15:53:43.531 | INFO     | trainer_1:_train_one_epoch:201 - validate 34 cost time 4.96s, result: {'hit@1': 0.0157, 'ndcg@1': 0.0157, 'hit@5': 0.0565, 'ndcg@5': 0.0359, 'hit@10': 0.0909, 'ndcg@10': 0.0469, 'hit@15': 0.1209, 'ndcg@15': 0.0548, 'hit@20': 0.1469, 'ndcg@20': 0.0609, 'hit@40': 0.2345, 'ndcg@40': 0.0788} 
2024-10-16 15:53:48.388 | INFO     | trainer_1:_train_one_epoch:209 - test 34 cost time 4.86s, result: {'hit@1': 0.0113, 'ndcg@1': 0.0113, 'hit@5': 0.0403, 'ndcg@5': 0.0259, 'hit@10': 0.0664, 'ndcg@10': 0.0343, 'hit@15': 0.0872, 'ndcg@15': 0.0397, 'hit@20': 0.1068, 'ndcg@20': 0.0444, 'hit@40': 0.1721, 'ndcg@40': 0.0576} 
2024-10-16 15:54:06.658 | INFO     | trainer_1:_train_one_epoch:193 - epoch 35 7.86s Train loss is [0.3550] 
2024-10-16 15:54:11.640 | INFO     | trainer_1:_train_one_epoch:201 - validate 35 cost time 4.98s, result: {'hit@1': 0.0157, 'ndcg@1': 0.0157, 'hit@5': 0.0557, 'ndcg@5': 0.0356, 'hit@10': 0.0914, 'ndcg@10': 0.0471, 'hit@15': 0.1212, 'ndcg@15': 0.0549, 'hit@20': 0.1482, 'ndcg@20': 0.0613, 'hit@40': 0.2362, 'ndcg@40': 0.0793} 
2024-10-16 15:54:16.510 | INFO     | trainer_1:_train_one_epoch:209 - test 35 cost time 4.87s, result: {'hit@1': 0.0115, 'ndcg@1': 0.0115, 'hit@5': 0.0374, 'ndcg@5': 0.0245, 'hit@10': 0.0632, 'ndcg@10': 0.0327, 'hit@15': 0.0845, 'ndcg@15': 0.0383, 'hit@20': 0.1049, 'ndcg@20': 0.0432, 'hit@40': 0.1696, 'ndcg@40': 0.0563} 
2024-10-16 15:54:24.216 | INFO     | trainer_1:_train_one_epoch:193 - epoch 36 7.71s Train loss is [0.3575] 
2024-10-16 15:54:29.175 | INFO     | trainer_1:_train_one_epoch:201 - validate 36 cost time 4.96s, result: {'hit@1': 0.0148, 'ndcg@1': 0.0148, 'hit@5': 0.0565, 'ndcg@5': 0.0355, 'hit@10': 0.092, 'ndcg@10': 0.0469, 'hit@15': 0.1237, 'ndcg@15': 0.0553, 'hit@20': 0.1518, 'ndcg@20': 0.0619, 'hit@40': 0.2411, 'ndcg@40': 0.0801} 
2024-10-16 15:54:34.025 | INFO     | trainer_1:_train_one_epoch:209 - test 36 cost time 4.85s, result: {'hit@1': 0.0105, 'ndcg@1': 0.0105, 'hit@5': 0.038, 'ndcg@5': 0.0242, 'hit@10': 0.0629, 'ndcg@10': 0.0321, 'hit@15': 0.0853, 'ndcg@15': 0.038, 'hit@20': 0.1045, 'ndcg@20': 0.0425, 'hit@40': 0.1702, 'ndcg@40': 0.0559} 
2024-10-16 15:54:41.726 | INFO     | trainer_1:_train_one_epoch:193 - epoch 37 7.70s Train loss is [0.3625] 
2024-10-16 15:54:46.716 | INFO     | trainer_1:_train_one_epoch:201 - validate 37 cost time 4.99s, result: {'hit@1': 0.016, 'ndcg@1': 0.016, 'hit@5': 0.0587, 'ndcg@5': 0.0372, 'hit@10': 0.0975, 'ndcg@10': 0.0496, 'hit@15': 0.1308, 'ndcg@15': 0.0584, 'hit@20': 0.1585, 'ndcg@20': 0.0649, 'hit@40': 0.248, 'ndcg@40': 0.0831} 
2024-10-16 15:54:51.595 | INFO     | trainer_1:_train_one_epoch:209 - test 37 cost time 4.88s, result: {'hit@1': 0.0112, 'ndcg@1': 0.0112, 'hit@5': 0.0403, 'ndcg@5': 0.0257, 'hit@10': 0.0655, 'ndcg@10': 0.0338, 'hit@15': 0.0894, 'ndcg@15': 0.0401, 'hit@20': 0.1102, 'ndcg@20': 0.045, 'hit@40': 0.1799, 'ndcg@40': 0.0591} 
2024-10-16 15:54:59.361 | INFO     | trainer_1:_train_one_epoch:193 - epoch 38 7.77s Train loss is [0.3417] 
2024-10-16 15:55:04.312 | INFO     | trainer_1:_train_one_epoch:201 - validate 38 cost time 4.95s, result: {'hit@1': 0.0169, 'ndcg@1': 0.0169, 'hit@5': 0.0571, 'ndcg@5': 0.0369, 'hit@10': 0.0928, 'ndcg@10': 0.0484, 'hit@15': 0.1257, 'ndcg@15': 0.0571, 'hit@20': 0.1533, 'ndcg@20': 0.0636, 'hit@40': 0.2419, 'ndcg@40': 0.0816} 
2024-10-16 15:55:09.157 | INFO     | trainer_1:_train_one_epoch:209 - test 38 cost time 4.85s, result: {'hit@1': 0.0115, 'ndcg@1': 0.0115, 'hit@5': 0.0398, 'ndcg@5': 0.0255, 'hit@10': 0.0643, 'ndcg@10': 0.0333, 'hit@15': 0.0872, 'ndcg@15': 0.0394, 'hit@20': 0.107, 'ndcg@20': 0.0441, 'hit@40': 0.1724, 'ndcg@40': 0.0573} 
2024-10-16 15:55:16.777 | INFO     | trainer_1:_train_one_epoch:193 - epoch 39 7.62s Train loss is [0.3445] 
2024-10-16 15:55:21.731 | INFO     | trainer_1:_train_one_epoch:201 - validate 39 cost time 4.95s, result: {'hit@1': 0.0152, 'ndcg@1': 0.0152, 'hit@5': 0.0584, 'ndcg@5': 0.0367, 'hit@10': 0.0976, 'ndcg@10': 0.0493, 'hit@15': 0.1294, 'ndcg@15': 0.0577, 'hit@20': 0.1553, 'ndcg@20': 0.0638, 'hit@40': 0.2454, 'ndcg@40': 0.0822} 
2024-10-16 15:55:26.584 | INFO     | trainer_1:_train_one_epoch:209 - test 39 cost time 4.85s, result: {'hit@1': 0.0112, 'ndcg@1': 0.0112, 'hit@5': 0.0411, 'ndcg@5': 0.026, 'hit@10': 0.0671, 'ndcg@10': 0.0343, 'hit@15': 0.091, 'ndcg@15': 0.0406, 'hit@20': 0.1118, 'ndcg@20': 0.0455, 'hit@40': 0.1787, 'ndcg@40': 0.0591} 
2024-10-16 15:55:44.885 | INFO     | trainer_1:_train_one_epoch:193 - epoch 40 7.74s Train loss is [0.3445] 
2024-10-16 15:55:49.865 | INFO     | trainer_1:_train_one_epoch:201 - validate 40 cost time 4.98s, result: {'hit@1': 0.0161, 'ndcg@1': 0.0161, 'hit@5': 0.0593, 'ndcg@5': 0.0378, 'hit@10': 0.0968, 'ndcg@10': 0.0499, 'hit@15': 0.1281, 'ndcg@15': 0.0581, 'hit@20': 0.1566, 'ndcg@20': 0.0648, 'hit@40': 0.2463, 'ndcg@40': 0.0831} 
2024-10-16 15:55:54.733 | INFO     | trainer_1:_train_one_epoch:209 - test 40 cost time 4.87s, result: {'hit@1': 0.0114, 'ndcg@1': 0.0114, 'hit@5': 0.039, 'ndcg@5': 0.0252, 'hit@10': 0.0658, 'ndcg@10': 0.0338, 'hit@15': 0.089, 'ndcg@15': 0.0399, 'hit@20': 0.109, 'ndcg@20': 0.0446, 'hit@40': 0.1768, 'ndcg@40': 0.0584} 
2024-10-16 15:56:02.363 | INFO     | trainer_1:_train_one_epoch:193 - epoch 41 7.63s Train loss is [0.3488] 
2024-10-16 15:56:07.352 | INFO     | trainer_1:_train_one_epoch:201 - validate 41 cost time 4.99s, result: {'hit@1': 0.0167, 'ndcg@1': 0.0167, 'hit@5': 0.0594, 'ndcg@5': 0.0381, 'hit@10': 0.0968, 'ndcg@10': 0.0501, 'hit@15': 0.1278, 'ndcg@15': 0.0583, 'hit@20': 0.1556, 'ndcg@20': 0.0648, 'hit@40': 0.2456, 'ndcg@40': 0.0831} 
2024-10-16 15:56:12.252 | INFO     | trainer_1:_train_one_epoch:209 - test 41 cost time 4.90s, result: {'hit@1': 0.0111, 'ndcg@1': 0.0111, 'hit@5': 0.0401, 'ndcg@5': 0.0255, 'hit@10': 0.0663, 'ndcg@10': 0.034, 'hit@15': 0.0892, 'ndcg@15': 0.04, 'hit@20': 0.1091, 'ndcg@20': 0.0447, 'hit@40': 0.1765, 'ndcg@40': 0.0584} 
2024-10-16 15:56:19.905 | INFO     | trainer_1:_train_one_epoch:193 - epoch 42 7.65s Train loss is [0.3392] 
2024-10-16 15:56:24.927 | INFO     | trainer_1:_train_one_epoch:201 - validate 42 cost time 5.02s, result: {'hit@1': 0.0175, 'ndcg@1': 0.0175, 'hit@5': 0.0635, 'ndcg@5': 0.0403, 'hit@10': 0.1033, 'ndcg@10': 0.0531, 'hit@15': 0.1345, 'ndcg@15': 0.0613, 'hit@20': 0.1647, 'ndcg@20': 0.0685, 'hit@40': 0.256, 'ndcg@40': 0.0871} 
2024-10-16 15:56:29.809 | INFO     | trainer_1:_train_one_epoch:209 - test 42 cost time 4.88s, result: {'hit@1': 0.0109, 'ndcg@1': 0.0109, 'hit@5': 0.042, 'ndcg@5': 0.0264, 'hit@10': 0.0688, 'ndcg@10': 0.035, 'hit@15': 0.0914, 'ndcg@15': 0.0409, 'hit@20': 0.1126, 'ndcg@20': 0.0459, 'hit@40': 0.1836, 'ndcg@40': 0.0603} 
2024-10-16 15:56:48.502 | INFO     | trainer_1:_train_one_epoch:193 - epoch 43 7.67s Train loss is [0.3388] 
2024-10-16 15:56:53.533 | INFO     | trainer_1:_train_one_epoch:201 - validate 43 cost time 5.03s, result: {'hit@1': 0.0162, 'ndcg@1': 0.0162, 'hit@5': 0.0593, 'ndcg@5': 0.038, 'hit@10': 0.1, 'ndcg@10': 0.051, 'hit@15': 0.1302, 'ndcg@15': 0.059, 'hit@20': 0.1591, 'ndcg@20': 0.0658, 'hit@40': 0.251, 'ndcg@40': 0.0845} 
2024-10-16 15:56:58.414 | INFO     | trainer_1:_train_one_epoch:209 - test 43 cost time 4.88s, result: {'hit@1': 0.0113, 'ndcg@1': 0.0113, 'hit@5': 0.0409, 'ndcg@5': 0.026, 'hit@10': 0.0681, 'ndcg@10': 0.0347, 'hit@15': 0.0914, 'ndcg@15': 0.0408, 'hit@20': 0.1117, 'ndcg@20': 0.0456, 'hit@40': 0.1786, 'ndcg@40': 0.0592} 
2024-10-16 15:57:06.142 | INFO     | trainer_1:_train_one_epoch:193 - epoch 44 7.73s Train loss is [0.3468] 
2024-10-16 15:57:11.112 | INFO     | trainer_1:_train_one_epoch:201 - validate 44 cost time 4.97s, result: {'hit@1': 0.0168, 'ndcg@1': 0.0168, 'hit@5': 0.0584, 'ndcg@5': 0.0378, 'hit@10': 0.0979, 'ndcg@10': 0.0504, 'hit@15': 0.1298, 'ndcg@15': 0.0589, 'hit@20': 0.1568, 'ndcg@20': 0.0653, 'hit@40': 0.2478, 'ndcg@40': 0.0838} 
2024-10-16 15:57:15.965 | INFO     | trainer_1:_train_one_epoch:209 - test 44 cost time 4.85s, result: {'hit@1': 0.0115, 'ndcg@1': 0.0115, 'hit@5': 0.0414, 'ndcg@5': 0.0261, 'hit@10': 0.0691, 'ndcg@10': 0.0349, 'hit@15': 0.0943, 'ndcg@15': 0.0416, 'hit@20': 0.1123, 'ndcg@20': 0.0458, 'hit@40': 0.1796, 'ndcg@40': 0.0595} 
2024-10-16 15:57:34.026 | INFO     | trainer_1:_train_one_epoch:193 - epoch 45 7.63s Train loss is [0.3449] 
2024-10-16 15:57:39.028 | INFO     | trainer_1:_train_one_epoch:201 - validate 45 cost time 5.00s, result: {'hit@1': 0.0166, 'ndcg@1': 0.0166, 'hit@5': 0.0615, 'ndcg@5': 0.0393, 'hit@10': 0.1014, 'ndcg@10': 0.052, 'hit@15': 0.1323, 'ndcg@15': 0.0602, 'hit@20': 0.1612, 'ndcg@20': 0.067, 'hit@40': 0.2509, 'ndcg@40': 0.0852} 
2024-10-16 15:57:43.906 | INFO     | trainer_1:_train_one_epoch:209 - test 45 cost time 4.88s, result: {'hit@1': 0.0111, 'ndcg@1': 0.0111, 'hit@5': 0.0415, 'ndcg@5': 0.0263, 'hit@10': 0.0711, 'ndcg@10': 0.0364, 'hit@15': 0.0943, 'ndcg@15': 0.0419, 'hit@20': 0.1142, 'ndcg@20': 0.0466, 'hit@40': 0.1807, 'ndcg@40': 0.0601} 
2024-10-16 15:58:02.257 | INFO     | trainer_1:_train_one_epoch:193 - epoch 46 7.69s Train loss is [0.3303] 
2024-10-16 15:58:07.212 | INFO     | trainer_1:_train_one_epoch:201 - validate 46 cost time 4.95s, result: {'hit@1': 0.0169, 'ndcg@1': 0.0169, 'hit@5': 0.0601, 'ndcg@5': 0.0384, 'hit@10': 0.0995, 'ndcg@10': 0.0511, 'hit@15': 0.1307, 'ndcg@15': 0.0593, 'hit@20': 0.1571, 'ndcg@20': 0.0656, 'hit@40': 0.2467, 'ndcg@40': 0.0837} 
2024-10-16 15:58:12.062 | INFO     | trainer_1:_train_one_epoch:209 - test 46 cost time 4.85s, result: {'hit@1': 0.0106, 'ndcg@1': 0.0106, 'hit@5': 0.042, 'ndcg@5': 0.0262, 'hit@10': 0.0688, 'ndcg@10': 0.0348, 'hit@15': 0.0921, 'ndcg@15': 0.041, 'hit@20': 0.1116, 'ndcg@20': 0.0456, 'hit@40': 0.1781, 'ndcg@40': 0.0591} 
2024-10-16 15:58:19.608 | INFO     | trainer_1:_train_one_epoch:193 - epoch 47 7.55s Train loss is [0.3324] 
2024-10-16 15:58:24.580 | INFO     | trainer_1:_train_one_epoch:201 - validate 47 cost time 4.97s, result: {'hit@1': 0.0162, 'ndcg@1': 0.0162, 'hit@5': 0.0575, 'ndcg@5': 0.0369, 'hit@10': 0.0965, 'ndcg@10': 0.0495, 'hit@15': 0.1267, 'ndcg@15': 0.0574, 'hit@20': 0.1532, 'ndcg@20': 0.0637, 'hit@40': 0.2426, 'ndcg@40': 0.0819} 
2024-10-16 15:58:29.461 | INFO     | trainer_1:_train_one_epoch:209 - test 47 cost time 4.88s, result: {'hit@1': 0.01, 'ndcg@1': 0.01, 'hit@5': 0.0387, 'ndcg@5': 0.0244, 'hit@10': 0.0656, 'ndcg@10': 0.033, 'hit@15': 0.0886, 'ndcg@15': 0.0391, 'hit@20': 0.1072, 'ndcg@20': 0.0435, 'hit@40': 0.1731, 'ndcg@40': 0.0569} 
2024-10-16 15:58:37.132 | INFO     | trainer_1:_train_one_epoch:193 - epoch 48 7.67s Train loss is [0.3264] 
2024-10-16 15:58:42.129 | INFO     | trainer_1:_train_one_epoch:201 - validate 48 cost time 5.00s, result: {'hit@1': 0.0175, 'ndcg@1': 0.0175, 'hit@5': 0.062, 'ndcg@5': 0.0396, 'hit@10': 0.102, 'ndcg@10': 0.0524, 'hit@15': 0.1339, 'ndcg@15': 0.0609, 'hit@20': 0.1626, 'ndcg@20': 0.0677, 'hit@40': 0.252, 'ndcg@40': 0.0858} 
2024-10-16 15:58:46.976 | INFO     | trainer_1:_train_one_epoch:209 - test 48 cost time 4.85s, result: {'hit@1': 0.0109, 'ndcg@1': 0.0109, 'hit@5': 0.0424, 'ndcg@5': 0.0266, 'hit@10': 0.0711, 'ndcg@10': 0.0358, 'hit@15': 0.095, 'ndcg@15': 0.0421, 'hit@20': 0.1145, 'ndcg@20': 0.0468, 'hit@40': 0.1818, 'ndcg@40': 0.0604} 
2024-10-16 15:58:54.661 | INFO     | trainer_1:_train_one_epoch:193 - epoch 49 7.68s Train loss is [0.3367] 
2024-10-16 15:58:59.615 | INFO     | trainer_1:_train_one_epoch:201 - validate 49 cost time 4.95s, result: {'hit@1': 0.0167, 'ndcg@1': 0.0167, 'hit@5': 0.0592, 'ndcg@5': 0.0379, 'hit@10': 0.0973, 'ndcg@10': 0.0502, 'hit@15': 0.127, 'ndcg@15': 0.058, 'hit@20': 0.1555, 'ndcg@20': 0.0647, 'hit@40': 0.2452, 'ndcg@40': 0.083} 
2024-10-16 15:59:04.478 | INFO     | trainer_1:_train_one_epoch:209 - test 49 cost time 4.86s, result: {'hit@1': 0.0108, 'ndcg@1': 0.0108, 'hit@5': 0.0409, 'ndcg@5': 0.0258, 'hit@10': 0.0671, 'ndcg@10': 0.0342, 'hit@15': 0.0901, 'ndcg@15': 0.0402, 'hit@20': 0.1109, 'ndcg@20': 0.0452, 'hit@40': 0.1749, 'ndcg@40': 0.0582} 
2024-10-16 15:59:12.142 | INFO     | trainer_1:_train_one_epoch:193 - epoch 50 7.66s Train loss is [0.3380] 
2024-10-16 15:59:17.117 | INFO     | trainer_1:_train_one_epoch:201 - validate 50 cost time 4.97s, result: {'hit@1': 0.0159, 'ndcg@1': 0.0159, 'hit@5': 0.06, 'ndcg@5': 0.0378, 'hit@10': 0.0992, 'ndcg@10': 0.0503, 'hit@15': 0.1325, 'ndcg@15': 0.0591, 'hit@20': 0.1608, 'ndcg@20': 0.0658, 'hit@40': 0.2534, 'ndcg@40': 0.0846} 
2024-10-16 15:59:21.981 | INFO     | trainer_1:_train_one_epoch:209 - test 50 cost time 4.86s, result: {'hit@1': 0.0101, 'ndcg@1': 0.0101, 'hit@5': 0.0401, 'ndcg@5': 0.0251, 'hit@10': 0.0688, 'ndcg@10': 0.0342, 'hit@15': 0.0914, 'ndcg@15': 0.0402, 'hit@20': 0.113, 'ndcg@20': 0.0453, 'hit@40': 0.1779, 'ndcg@40': 0.0585} 
2024-10-16 15:59:21.992 | INFO     | trainer_1:train_model:163 - training end, best iteration 45, results: {'hit@1': 0.0166, 'ndcg@1': 0.0166, 'hit@5': 0.0615, 'ndcg@5': 0.0393, 'hit@10': 0.1014, 'ndcg@10': 0.052, 'hit@15': 0.1323, 'ndcg@15': 0.0602, 'hit@20': 0.1612, 'ndcg@20': 0.067, 'hit@40': 0.2509, 'ndcg@40': 0.0852}
2024-10-16 15:59:21.992 | INFO     | trainer_1:train_model:166 - final test result is:  {'hit@1': 0.0111, 'ndcg@1': 0.0111, 'hit@5': 0.0415, 'ndcg@5': 0.0263, 'hit@10': 0.0711, 'ndcg@10': 0.0364, 'hit@15': 0.0943, 'ndcg@15': 0.0419, 'hit@20': 0.1142, 'ndcg@20': 0.0466, 'hit@40': 0.1807, 'ndcg@40': 0.0601}
2024-10-16 15:59:22.281 | INFO     | __main__:<module>:119 - train end total cost time: 2706.3052549362183
