2024-10-11 00:56:05.602 | INFO     | __main__:<module>:105 - Namespace(TIME='2024-10-11 00_55_32', batch_size=1024, behaviors=['view', 'cart', 'buy'], check_point='model_pre_1_2024-10-08 12_35_44.pth', data_name='beibei', data_path='./data/beibei', decay=0.001, device='cuda:1', dim_qk=32, dim_v=64, distill_layers=2, distill_thres=0.5, distill_topK=40, distill_userK=10, embedding_size=64, epochs=100, gpu_no=1, if_load_model=True, ii_lambda=200, initializer_range=0.02, layers=2, loss_type='bpr', lr=0.001, message_dropout=0.25, metrics=['hit', 'ndcg'], min_epoch=5, model_name='main_1', model_path='./check_point', node_dropout=0.75, omega=1, pt_loop=50, reg_weight=0.001, test_batch_size=1024, testbatch=1024, topk=[1, 5, 10, 15, 20, 40], uu_lambda=100)
2024-10-11 00:56:05.602 | INFO     | __main__:<module>:106 - BIPN(
  (message_dropout): Dropout(p=0.25, inplace=False)
  (user_embedding): Embedding(21717, 64, padding_idx=0)
  (item_embedding): Embedding(7978, 64, padding_idx=0)
  (global_Graph): LightGCN()
  (Graph_encoder): ModuleDict(
    (view): GraphEncoder(
      (light): LightGCN()
      (dropout): Dropout(p=0.75, inplace=False)
    )
    (cart): GraphEncoder(
      (light): LightGCN()
      (dropout): Dropout(p=0.75, inplace=False)
    )
    (buy): GraphEncoder(
      (light): LightGCN()
      (dropout): Dropout(p=0.75, inplace=False)
    )
  )
  (attention): Mutual_Attention()
  (bpr_loss): BPRLoss()
  (emb_loss): EmbLoss()
  (f): Sigmoid()
)
2024-10-11 01:30:20.599 | INFO     | trainer_1:_train_one_epoch:193 - epoch 1 7.93s Train loss is [0.9466] 
2024-10-11 01:30:30.560 | INFO     | trainer_1:_train_one_epoch:201 - validate 1 cost time 9.96s, result: {'hit@1': 0.0045, 'ndcg@1': 0.0045, 'hit@5': 0.023, 'ndcg@5': 0.0139, 'hit@10': 0.045, 'ndcg@10': 0.021, 'hit@15': 0.0628, 'ndcg@15': 0.0257, 'hit@20': 0.0821, 'ndcg@20': 0.0302, 'hit@40': 0.1407, 'ndcg@40': 0.0421} 
2024-10-11 01:30:40.397 | INFO     | trainer_1:_train_one_epoch:209 - test 1 cost time 9.84s, result: {'hit@1': 0.0033, 'ndcg@1': 0.0033, 'hit@5': 0.0146, 'ndcg@5': 0.0089, 'hit@10': 0.0294, 'ndcg@10': 0.0136, 'hit@15': 0.0432, 'ndcg@15': 0.0172, 'hit@20': 0.0569, 'ndcg@20': 0.0205, 'hit@40': 0.1059, 'ndcg@40': 0.0304} 
2024-10-11 01:30:58.876 | INFO     | trainer_1:_train_one_epoch:193 - epoch 2 7.95s Train loss is [0.7274] 
2024-10-11 01:31:08.854 | INFO     | trainer_1:_train_one_epoch:201 - validate 2 cost time 9.98s, result: {'hit@1': 0.007, 'ndcg@1': 0.007, 'hit@5': 0.0291, 'ndcg@5': 0.0178, 'hit@10': 0.0507, 'ndcg@10': 0.0247, 'hit@15': 0.0708, 'ndcg@15': 0.03, 'hit@20': 0.0905, 'ndcg@20': 0.0346, 'hit@40': 0.1548, 'ndcg@40': 0.0478} 
2024-10-11 01:31:19.044 | INFO     | trainer_1:_train_one_epoch:209 - test 2 cost time 10.19s, result: {'hit@1': 0.004, 'ndcg@1': 0.004, 'hit@5': 0.019, 'ndcg@5': 0.0112, 'hit@10': 0.0351, 'ndcg@10': 0.0164, 'hit@15': 0.0504, 'ndcg@15': 0.0204, 'hit@20': 0.0642, 'ndcg@20': 0.0237, 'hit@40': 0.1149, 'ndcg@40': 0.034} 
2024-10-11 01:31:37.555 | INFO     | trainer_1:_train_one_epoch:193 - epoch 3 7.82s Train loss is [0.6311] 
2024-10-11 01:31:47.497 | INFO     | trainer_1:_train_one_epoch:201 - validate 3 cost time 9.94s, result: {'hit@1': 0.0099, 'ndcg@1': 0.0099, 'hit@5': 0.033, 'ndcg@5': 0.0213, 'hit@10': 0.0593, 'ndcg@10': 0.0297, 'hit@15': 0.0836, 'ndcg@15': 0.0361, 'hit@20': 0.1046, 'ndcg@20': 0.041, 'hit@40': 0.1762, 'ndcg@40': 0.0556} 
2024-10-11 01:31:57.288 | INFO     | trainer_1:_train_one_epoch:209 - test 3 cost time 9.79s, result: {'hit@1': 0.0051, 'ndcg@1': 0.0051, 'hit@5': 0.0219, 'ndcg@5': 0.0133, 'hit@10': 0.0398, 'ndcg@10': 0.0191, 'hit@15': 0.0581, 'ndcg@15': 0.0239, 'hit@20': 0.073, 'ndcg@20': 0.0275, 'hit@40': 0.1271, 'ndcg@40': 0.0385} 
2024-10-11 01:32:16.204 | INFO     | trainer_1:_train_one_epoch:193 - epoch 4 8.10s Train loss is [0.5803] 
2024-10-11 01:32:26.130 | INFO     | trainer_1:_train_one_epoch:201 - validate 4 cost time 9.93s, result: {'hit@1': 0.0104, 'ndcg@1': 0.0104, 'hit@5': 0.0376, 'ndcg@5': 0.0236, 'hit@10': 0.0677, 'ndcg@10': 0.0332, 'hit@15': 0.0953, 'ndcg@15': 0.0405, 'hit@20': 0.1182, 'ndcg@20': 0.0459, 'hit@40': 0.1968, 'ndcg@40': 0.0619} 
2024-10-11 01:32:35.899 | INFO     | trainer_1:_train_one_epoch:209 - test 4 cost time 9.77s, result: {'hit@1': 0.0057, 'ndcg@1': 0.0057, 'hit@5': 0.0243, 'ndcg@5': 0.0147, 'hit@10': 0.0429, 'ndcg@10': 0.0207, 'hit@15': 0.0636, 'ndcg@15': 0.0262, 'hit@20': 0.0818, 'ndcg@20': 0.0305, 'hit@40': 0.1401, 'ndcg@40': 0.0423} 
2024-10-11 01:32:54.595 | INFO     | trainer_1:_train_one_epoch:193 - epoch 5 8.20s Train loss is [0.5461] 
2024-10-11 01:33:04.564 | INFO     | trainer_1:_train_one_epoch:201 - validate 5 cost time 9.97s, result: {'hit@1': 0.012, 'ndcg@1': 0.012, 'hit@5': 0.0429, 'ndcg@5': 0.0272, 'hit@10': 0.0736, 'ndcg@10': 0.037, 'hit@15': 0.0984, 'ndcg@15': 0.0435, 'hit@20': 0.1216, 'ndcg@20': 0.049, 'hit@40': 0.1952, 'ndcg@40': 0.0639} 
2024-10-11 01:33:14.338 | INFO     | trainer_1:_train_one_epoch:209 - test 5 cost time 9.77s, result: {'hit@1': 0.0056, 'ndcg@1': 0.0056, 'hit@5': 0.0252, 'ndcg@5': 0.0153, 'hit@10': 0.0451, 'ndcg@10': 0.0217, 'hit@15': 0.0632, 'ndcg@15': 0.0265, 'hit@20': 0.0788, 'ndcg@20': 0.0302, 'hit@40': 0.1344, 'ndcg@40': 0.0415} 
2024-10-11 01:33:32.924 | INFO     | trainer_1:_train_one_epoch:193 - epoch 6 7.99s Train loss is [0.5271] 
2024-10-11 01:33:42.876 | INFO     | trainer_1:_train_one_epoch:201 - validate 6 cost time 9.95s, result: {'hit@1': 0.0117, 'ndcg@1': 0.0117, 'hit@5': 0.0434, 'ndcg@5': 0.0273, 'hit@10': 0.0738, 'ndcg@10': 0.037, 'hit@15': 0.1026, 'ndcg@15': 0.0446, 'hit@20': 0.1261, 'ndcg@20': 0.0502, 'hit@40': 0.2073, 'ndcg@40': 0.0667} 
2024-10-11 01:33:52.660 | INFO     | trainer_1:_train_one_epoch:209 - test 6 cost time 9.78s, result: {'hit@1': 0.0063, 'ndcg@1': 0.0063, 'hit@5': 0.0277, 'ndcg@5': 0.0167, 'hit@10': 0.0487, 'ndcg@10': 0.0235, 'hit@15': 0.0673, 'ndcg@15': 0.0284, 'hit@20': 0.0858, 'ndcg@20': 0.0327, 'hit@40': 0.1461, 'ndcg@40': 0.045} 
2024-10-11 01:34:11.115 | INFO     | trainer_1:_train_one_epoch:193 - epoch 7 7.97s Train loss is [0.5051] 
2024-10-11 01:34:21.075 | INFO     | trainer_1:_train_one_epoch:201 - validate 7 cost time 9.96s, result: {'hit@1': 0.0116, 'ndcg@1': 0.0116, 'hit@5': 0.0445, 'ndcg@5': 0.0281, 'hit@10': 0.0745, 'ndcg@10': 0.0376, 'hit@15': 0.1032, 'ndcg@15': 0.0452, 'hit@20': 0.1264, 'ndcg@20': 0.0507, 'hit@40': 0.2025, 'ndcg@40': 0.0662} 
2024-10-11 01:34:30.851 | INFO     | trainer_1:_train_one_epoch:209 - test 7 cost time 9.78s, result: {'hit@1': 0.0074, 'ndcg@1': 0.0074, 'hit@5': 0.0272, 'ndcg@5': 0.0172, 'hit@10': 0.0483, 'ndcg@10': 0.024, 'hit@15': 0.0671, 'ndcg@15': 0.0289, 'hit@20': 0.0837, 'ndcg@20': 0.0328, 'hit@40': 0.1428, 'ndcg@40': 0.0449} 
2024-10-11 01:34:38.687 | INFO     | trainer_1:_train_one_epoch:193 - epoch 8 7.84s Train loss is [0.5079] 
2024-10-11 01:34:48.589 | INFO     | trainer_1:_train_one_epoch:201 - validate 8 cost time 9.90s, result: {'hit@1': 0.012, 'ndcg@1': 0.012, 'hit@5': 0.045, 'ndcg@5': 0.0284, 'hit@10': 0.0752, 'ndcg@10': 0.038, 'hit@15': 0.0997, 'ndcg@15': 0.0445, 'hit@20': 0.1235, 'ndcg@20': 0.0501, 'hit@40': 0.1972, 'ndcg@40': 0.0652} 
2024-10-11 01:34:58.359 | INFO     | trainer_1:_train_one_epoch:209 - test 8 cost time 9.77s, result: {'hit@1': 0.0079, 'ndcg@1': 0.0079, 'hit@5': 0.0275, 'ndcg@5': 0.0176, 'hit@10': 0.0481, 'ndcg@10': 0.0242, 'hit@15': 0.0652, 'ndcg@15': 0.0287, 'hit@20': 0.0822, 'ndcg@20': 0.0327, 'hit@40': 0.1386, 'ndcg@40': 0.0442} 
2024-10-11 01:35:06.346 | INFO     | trainer_1:_train_one_epoch:193 - epoch 9 7.99s Train loss is [0.4919] 
2024-10-11 01:35:16.302 | INFO     | trainer_1:_train_one_epoch:201 - validate 9 cost time 9.96s, result: {'hit@1': 0.0107, 'ndcg@1': 0.0107, 'hit@5': 0.0461, 'ndcg@5': 0.0284, 'hit@10': 0.0805, 'ndcg@10': 0.0394, 'hit@15': 0.1104, 'ndcg@15': 0.0473, 'hit@20': 0.1378, 'ndcg@20': 0.0538, 'hit@40': 0.2223, 'ndcg@40': 0.0709} 
2024-10-11 01:35:26.037 | INFO     | trainer_1:_train_one_epoch:209 - test 9 cost time 9.73s, result: {'hit@1': 0.0072, 'ndcg@1': 0.0072, 'hit@5': 0.0302, 'ndcg@5': 0.0188, 'hit@10': 0.0526, 'ndcg@10': 0.026, 'hit@15': 0.0717, 'ndcg@15': 0.031, 'hit@20': 0.0914, 'ndcg@20': 0.0356, 'hit@40': 0.158, 'ndcg@40': 0.0492} 
2024-10-11 01:35:44.497 | INFO     | trainer_1:_train_one_epoch:193 - epoch 10 7.83s Train loss is [0.4782] 
2024-10-11 01:35:54.460 | INFO     | trainer_1:_train_one_epoch:201 - validate 10 cost time 9.96s, result: {'hit@1': 0.0119, 'ndcg@1': 0.0119, 'hit@5': 0.0452, 'ndcg@5': 0.0284, 'hit@10': 0.0773, 'ndcg@10': 0.0388, 'hit@15': 0.1055, 'ndcg@15': 0.0462, 'hit@20': 0.1278, 'ndcg@20': 0.0515, 'hit@40': 0.2041, 'ndcg@40': 0.067} 
2024-10-11 01:36:04.229 | INFO     | trainer_1:_train_one_epoch:209 - test 10 cost time 9.77s, result: {'hit@1': 0.0067, 'ndcg@1': 0.0067, 'hit@5': 0.0299, 'ndcg@5': 0.0182, 'hit@10': 0.0499, 'ndcg@10': 0.0246, 'hit@15': 0.0682, 'ndcg@15': 0.0295, 'hit@20': 0.0872, 'ndcg@20': 0.034, 'hit@40': 0.1437, 'ndcg@40': 0.0455} 
2024-10-11 01:36:12.124 | INFO     | trainer_1:_train_one_epoch:193 - epoch 11 7.89s Train loss is [0.4836] 
2024-10-11 01:36:22.027 | INFO     | trainer_1:_train_one_epoch:201 - validate 11 cost time 9.90s, result: {'hit@1': 0.0112, 'ndcg@1': 0.0112, 'hit@5': 0.0449, 'ndcg@5': 0.0278, 'hit@10': 0.0793, 'ndcg@10': 0.0388, 'hit@15': 0.1083, 'ndcg@15': 0.0465, 'hit@20': 0.1328, 'ndcg@20': 0.0523, 'hit@40': 0.2108, 'ndcg@40': 0.0681} 
2024-10-11 01:36:31.814 | INFO     | trainer_1:_train_one_epoch:209 - test 11 cost time 9.79s, result: {'hit@1': 0.0064, 'ndcg@1': 0.0064, 'hit@5': 0.03, 'ndcg@5': 0.018, 'hit@10': 0.0526, 'ndcg@10': 0.0252, 'hit@15': 0.0723, 'ndcg@15': 0.0304, 'hit@20': 0.0904, 'ndcg@20': 0.0347, 'hit@40': 0.1499, 'ndcg@40': 0.0468} 
2024-10-11 01:36:39.949 | INFO     | trainer_1:_train_one_epoch:193 - epoch 12 8.13s Train loss is [0.4667] 
2024-10-11 01:36:49.910 | INFO     | trainer_1:_train_one_epoch:201 - validate 12 cost time 9.96s, result: {'hit@1': 0.0111, 'ndcg@1': 0.0111, 'hit@5': 0.0438, 'ndcg@5': 0.0271, 'hit@10': 0.0766, 'ndcg@10': 0.0376, 'hit@15': 0.1047, 'ndcg@15': 0.045, 'hit@20': 0.1266, 'ndcg@20': 0.0502, 'hit@40': 0.2046, 'ndcg@40': 0.0661} 
2024-10-11 01:36:59.697 | INFO     | trainer_1:_train_one_epoch:209 - test 12 cost time 9.79s, result: {'hit@1': 0.0063, 'ndcg@1': 0.0063, 'hit@5': 0.0288, 'ndcg@5': 0.0174, 'hit@10': 0.0526, 'ndcg@10': 0.025, 'hit@15': 0.0722, 'ndcg@15': 0.0302, 'hit@20': 0.0892, 'ndcg@20': 0.0342, 'hit@40': 0.148, 'ndcg@40': 0.0462} 
2024-10-11 01:37:07.603 | INFO     | trainer_1:_train_one_epoch:193 - epoch 13 7.90s Train loss is [0.4458] 
2024-10-11 01:37:17.578 | INFO     | trainer_1:_train_one_epoch:201 - validate 13 cost time 9.98s, result: {'hit@1': 0.0112, 'ndcg@1': 0.0112, 'hit@5': 0.0437, 'ndcg@5': 0.0273, 'hit@10': 0.0804, 'ndcg@10': 0.039, 'hit@15': 0.1093, 'ndcg@15': 0.0466, 'hit@20': 0.1351, 'ndcg@20': 0.0527, 'hit@40': 0.22, 'ndcg@40': 0.07} 
2024-10-11 01:37:27.355 | INFO     | trainer_1:_train_one_epoch:209 - test 13 cost time 9.78s, result: {'hit@1': 0.0064, 'ndcg@1': 0.0064, 'hit@5': 0.0303, 'ndcg@5': 0.0181, 'hit@10': 0.0525, 'ndcg@10': 0.0252, 'hit@15': 0.0725, 'ndcg@15': 0.0305, 'hit@20': 0.091, 'ndcg@20': 0.0348, 'hit@40': 0.1529, 'ndcg@40': 0.0474} 
2024-10-11 01:37:35.248 | INFO     | trainer_1:_train_one_epoch:193 - epoch 14 7.89s Train loss is [0.4465] 
2024-10-11 01:37:45.181 | INFO     | trainer_1:_train_one_epoch:201 - validate 14 cost time 9.93s, result: {'hit@1': 0.0117, 'ndcg@1': 0.0117, 'hit@5': 0.0436, 'ndcg@5': 0.0277, 'hit@10': 0.0787, 'ndcg@10': 0.0389, 'hit@15': 0.1073, 'ndcg@15': 0.0465, 'hit@20': 0.131, 'ndcg@20': 0.0521, 'hit@40': 0.2116, 'ndcg@40': 0.0685} 
2024-10-11 01:37:54.998 | INFO     | trainer_1:_train_one_epoch:209 - test 14 cost time 9.82s, result: {'hit@1': 0.0076, 'ndcg@1': 0.0076, 'hit@5': 0.0303, 'ndcg@5': 0.0188, 'hit@10': 0.053, 'ndcg@10': 0.026, 'hit@15': 0.0732, 'ndcg@15': 0.0314, 'hit@20': 0.0904, 'ndcg@20': 0.0354, 'hit@40': 0.1508, 'ndcg@40': 0.0477} 
2024-10-11 01:38:14.373 | INFO     | trainer_1:_train_one_epoch:193 - epoch 15 7.80s Train loss is [0.4351] 
2024-10-11 01:38:24.316 | INFO     | trainer_1:_train_one_epoch:201 - validate 15 cost time 9.94s, result: {'hit@1': 0.0107, 'ndcg@1': 0.0107, 'hit@5': 0.0441, 'ndcg@5': 0.0272, 'hit@10': 0.074, 'ndcg@10': 0.0368, 'hit@15': 0.1009, 'ndcg@15': 0.0439, 'hit@20': 0.1279, 'ndcg@20': 0.0503, 'hit@40': 0.209, 'ndcg@40': 0.0669} 
2024-10-11 01:38:34.107 | INFO     | trainer_1:_train_one_epoch:209 - test 15 cost time 9.79s, result: {'hit@1': 0.0076, 'ndcg@1': 0.0076, 'hit@5': 0.0307, 'ndcg@5': 0.0189, 'hit@10': 0.0526, 'ndcg@10': 0.0259, 'hit@15': 0.0732, 'ndcg@15': 0.0313, 'hit@20': 0.0891, 'ndcg@20': 0.0351, 'hit@40': 0.1477, 'ndcg@40': 0.047} 
2024-10-11 01:38:42.068 | INFO     | trainer_1:_train_one_epoch:193 - epoch 16 7.96s Train loss is [0.4405] 
2024-10-11 01:38:52.035 | INFO     | trainer_1:_train_one_epoch:201 - validate 16 cost time 9.97s, result: {'hit@1': 0.0117, 'ndcg@1': 0.0117, 'hit@5': 0.0463, 'ndcg@5': 0.0289, 'hit@10': 0.0787, 'ndcg@10': 0.0392, 'hit@15': 0.1061, 'ndcg@15': 0.0464, 'hit@20': 0.1309, 'ndcg@20': 0.0523, 'hit@40': 0.2098, 'ndcg@40': 0.0683} 
2024-10-11 01:39:01.823 | INFO     | trainer_1:_train_one_epoch:209 - test 16 cost time 9.79s, result: {'hit@1': 0.0076, 'ndcg@1': 0.0076, 'hit@5': 0.0322, 'ndcg@5': 0.0197, 'hit@10': 0.0546, 'ndcg@10': 0.0269, 'hit@15': 0.0754, 'ndcg@15': 0.0324, 'hit@20': 0.0918, 'ndcg@20': 0.0363, 'hit@40': 0.1509, 'ndcg@40': 0.0483} 
2024-10-11 01:39:20.369 | INFO     | trainer_1:_train_one_epoch:193 - epoch 17 7.66s Train loss is [0.4332] 
2024-10-11 01:39:26.725 | INFO     | trainer_1:_train_one_epoch:201 - validate 17 cost time 6.36s, result: {'hit@1': 0.0114, 'ndcg@1': 0.0114, 'hit@5': 0.0453, 'ndcg@5': 0.0282, 'hit@10': 0.0785, 'ndcg@10': 0.0388, 'hit@15': 0.106, 'ndcg@15': 0.0461, 'hit@20': 0.1309, 'ndcg@20': 0.052, 'hit@40': 0.2114, 'ndcg@40': 0.0684} 
2024-10-11 01:39:33.906 | INFO     | trainer_1:_train_one_epoch:209 - test 17 cost time 7.18s, result: {'hit@1': 0.008, 'ndcg@1': 0.008, 'hit@5': 0.0303, 'ndcg@5': 0.0192, 'hit@10': 0.054, 'ndcg@10': 0.0268, 'hit@15': 0.0726, 'ndcg@15': 0.0317, 'hit@20': 0.0895, 'ndcg@20': 0.0357, 'hit@40': 0.1537, 'ndcg@40': 0.0487} 
2024-10-11 01:39:41.662 | INFO     | trainer_1:_train_one_epoch:193 - epoch 18 7.75s Train loss is [0.4133] 
2024-10-11 01:39:50.599 | INFO     | trainer_1:_train_one_epoch:201 - validate 18 cost time 8.94s, result: {'hit@1': 0.0126, 'ndcg@1': 0.0126, 'hit@5': 0.0488, 'ndcg@5': 0.0307, 'hit@10': 0.0826, 'ndcg@10': 0.0415, 'hit@15': 0.1099, 'ndcg@15': 0.0487, 'hit@20': 0.1338, 'ndcg@20': 0.0544, 'hit@40': 0.2139, 'ndcg@40': 0.0707} 
2024-10-11 01:39:59.290 | INFO     | trainer_1:_train_one_epoch:209 - test 18 cost time 8.69s, result: {'hit@1': 0.0079, 'ndcg@1': 0.0079, 'hit@5': 0.0321, 'ndcg@5': 0.0201, 'hit@10': 0.0559, 'ndcg@10': 0.0277, 'hit@15': 0.0755, 'ndcg@15': 0.0329, 'hit@20': 0.0927, 'ndcg@20': 0.037, 'hit@40': 0.1527, 'ndcg@40': 0.0492} 
2024-10-11 01:40:18.740 | INFO     | trainer_1:_train_one_epoch:193 - epoch 19 8.40s Train loss is [0.4156] 
2024-10-11 01:40:26.515 | INFO     | trainer_1:_train_one_epoch:201 - validate 19 cost time 7.77s, result: {'hit@1': 0.0128, 'ndcg@1': 0.0128, 'hit@5': 0.0501, 'ndcg@5': 0.0314, 'hit@10': 0.0865, 'ndcg@10': 0.043, 'hit@15': 0.1163, 'ndcg@15': 0.0509, 'hit@20': 0.1413, 'ndcg@20': 0.0568, 'hit@40': 0.2226, 'ndcg@40': 0.0733} 
2024-10-11 01:40:34.077 | INFO     | trainer_1:_train_one_epoch:209 - test 19 cost time 7.56s, result: {'hit@1': 0.008, 'ndcg@1': 0.008, 'hit@5': 0.034, 'ndcg@5': 0.0209, 'hit@10': 0.0575, 'ndcg@10': 0.0284, 'hit@15': 0.0786, 'ndcg@15': 0.0339, 'hit@20': 0.0962, 'ndcg@20': 0.0381, 'hit@40': 0.1576, 'ndcg@40': 0.0506} 
2024-10-11 01:40:55.352 | INFO     | trainer_1:_train_one_epoch:193 - epoch 20 10.60s Train loss is [0.4041] 
2024-10-11 01:41:02.722 | INFO     | trainer_1:_train_one_epoch:201 - validate 20 cost time 7.37s, result: {'hit@1': 0.0135, 'ndcg@1': 0.0135, 'hit@5': 0.0502, 'ndcg@5': 0.0317, 'hit@10': 0.0851, 'ndcg@10': 0.0429, 'hit@15': 0.109, 'ndcg@15': 0.0492, 'hit@20': 0.1339, 'ndcg@20': 0.055, 'hit@40': 0.2157, 'ndcg@40': 0.0717} 
2024-10-11 01:41:10.231 | INFO     | trainer_1:_train_one_epoch:209 - test 20 cost time 7.51s, result: {'hit@1': 0.0086, 'ndcg@1': 0.0086, 'hit@5': 0.0326, 'ndcg@5': 0.0205, 'hit@10': 0.0558, 'ndcg@10': 0.028, 'hit@15': 0.0749, 'ndcg@15': 0.033, 'hit@20': 0.0928, 'ndcg@20': 0.0372, 'hit@40': 0.1519, 'ndcg@40': 0.0493} 
2024-10-11 01:41:18.359 | INFO     | trainer_1:_train_one_epoch:193 - epoch 21 8.13s Train loss is [0.3965] 
2024-10-11 01:41:24.719 | INFO     | trainer_1:_train_one_epoch:201 - validate 21 cost time 6.36s, result: {'hit@1': 0.0141, 'ndcg@1': 0.0141, 'hit@5': 0.0502, 'ndcg@5': 0.0321, 'hit@10': 0.0846, 'ndcg@10': 0.0431, 'hit@15': 0.114, 'ndcg@15': 0.0509, 'hit@20': 0.1384, 'ndcg@20': 0.0566, 'hit@40': 0.2203, 'ndcg@40': 0.0733} 
2024-10-11 01:41:29.933 | INFO     | trainer_1:_train_one_epoch:209 - test 21 cost time 5.21s, result: {'hit@1': 0.0095, 'ndcg@1': 0.0095, 'hit@5': 0.033, 'ndcg@5': 0.0212, 'hit@10': 0.0567, 'ndcg@10': 0.0289, 'hit@15': 0.0758, 'ndcg@15': 0.0339, 'hit@20': 0.0946, 'ndcg@20': 0.0383, 'hit@40': 0.1552, 'ndcg@40': 0.0507} 
2024-10-11 01:41:40.159 | INFO     | trainer_1:_train_one_epoch:193 - epoch 22 10.22s Train loss is [0.4015] 
2024-10-11 01:41:47.941 | INFO     | trainer_1:_train_one_epoch:201 - validate 22 cost time 7.78s, result: {'hit@1': 0.014, 'ndcg@1': 0.014, 'hit@5': 0.0523, 'ndcg@5': 0.0331, 'hit@10': 0.0903, 'ndcg@10': 0.0453, 'hit@15': 0.1189, 'ndcg@15': 0.0528, 'hit@20': 0.1446, 'ndcg@20': 0.0589, 'hit@40': 0.2299, 'ndcg@40': 0.0763} 
2024-10-11 01:41:55.679 | INFO     | trainer_1:_train_one_epoch:209 - test 22 cost time 7.74s, result: {'hit@1': 0.0092, 'ndcg@1': 0.0092, 'hit@5': 0.0359, 'ndcg@5': 0.0224, 'hit@10': 0.06, 'ndcg@10': 0.0302, 'hit@15': 0.0818, 'ndcg@15': 0.0359, 'hit@20': 0.0985, 'ndcg@20': 0.0399, 'hit@40': 0.163, 'ndcg@40': 0.053} 
2024-10-11 01:42:15.009 | INFO     | trainer_1:_train_one_epoch:193 - epoch 23 8.22s Train loss is [0.3876] 
2024-10-11 01:42:21.658 | INFO     | trainer_1:_train_one_epoch:201 - validate 23 cost time 6.65s, result: {'hit@1': 0.0125, 'ndcg@1': 0.0125, 'hit@5': 0.0474, 'ndcg@5': 0.0298, 'hit@10': 0.0833, 'ndcg@10': 0.0412, 'hit@15': 0.1107, 'ndcg@15': 0.0485, 'hit@20': 0.1354, 'ndcg@20': 0.0543, 'hit@40': 0.2183, 'ndcg@40': 0.0712} 
2024-10-11 01:42:29.273 | INFO     | trainer_1:_train_one_epoch:209 - test 23 cost time 7.61s, result: {'hit@1': 0.0088, 'ndcg@1': 0.0088, 'hit@5': 0.0314, 'ndcg@5': 0.0201, 'hit@10': 0.0538, 'ndcg@10': 0.0272, 'hit@15': 0.0747, 'ndcg@15': 0.0328, 'hit@20': 0.0923, 'ndcg@20': 0.0369, 'hit@40': 0.1569, 'ndcg@40': 0.05} 
2024-10-11 01:42:37.269 | INFO     | trainer_1:_train_one_epoch:193 - epoch 24 7.99s Train loss is [0.3833] 
2024-10-11 01:42:45.164 | INFO     | trainer_1:_train_one_epoch:201 - validate 24 cost time 7.89s, result: {'hit@1': 0.0143, 'ndcg@1': 0.0143, 'hit@5': 0.0501, 'ndcg@5': 0.0322, 'hit@10': 0.0839, 'ndcg@10': 0.043, 'hit@15': 0.1102, 'ndcg@15': 0.05, 'hit@20': 0.1363, 'ndcg@20': 0.0561, 'hit@40': 0.2164, 'ndcg@40': 0.0724} 
2024-10-11 01:42:50.172 | INFO     | trainer_1:_train_one_epoch:209 - test 24 cost time 5.01s, result: {'hit@1': 0.0091, 'ndcg@1': 0.0091, 'hit@5': 0.0335, 'ndcg@5': 0.0214, 'hit@10': 0.0557, 'ndcg@10': 0.0285, 'hit@15': 0.0754, 'ndcg@15': 0.0337, 'hit@20': 0.093, 'ndcg@20': 0.0379, 'hit@40': 0.1554, 'ndcg@40': 0.0506} 
2024-10-11 01:42:58.447 | INFO     | trainer_1:_train_one_epoch:193 - epoch 25 8.27s Train loss is [0.3809] 
2024-10-11 01:43:05.195 | INFO     | trainer_1:_train_one_epoch:201 - validate 25 cost time 6.75s, result: {'hit@1': 0.0137, 'ndcg@1': 0.0137, 'hit@5': 0.0555, 'ndcg@5': 0.0346, 'hit@10': 0.092, 'ndcg@10': 0.0463, 'hit@15': 0.1229, 'ndcg@15': 0.0544, 'hit@20': 0.1495, 'ndcg@20': 0.0607, 'hit@40': 0.2378, 'ndcg@40': 0.0787} 
2024-10-11 01:43:12.820 | INFO     | trainer_1:_train_one_epoch:209 - test 25 cost time 7.62s, result: {'hit@1': 0.0104, 'ndcg@1': 0.0104, 'hit@5': 0.035, 'ndcg@5': 0.0227, 'hit@10': 0.0601, 'ndcg@10': 0.0307, 'hit@15': 0.0821, 'ndcg@15': 0.0365, 'hit@20': 0.1002, 'ndcg@20': 0.0408, 'hit@40': 0.1655, 'ndcg@40': 0.0541} 
2024-10-11 01:43:31.285 | INFO     | trainer_1:_train_one_epoch:193 - epoch 26 7.72s Train loss is [0.3876] 
2024-10-11 01:43:37.817 | INFO     | trainer_1:_train_one_epoch:201 - validate 26 cost time 6.53s, result: {'hit@1': 0.0148, 'ndcg@1': 0.0148, 'hit@5': 0.0554, 'ndcg@5': 0.0354, 'hit@10': 0.0913, 'ndcg@10': 0.0469, 'hit@15': 0.1211, 'ndcg@15': 0.0548, 'hit@20': 0.1486, 'ndcg@20': 0.0613, 'hit@40': 0.2345, 'ndcg@40': 0.0787} 
2024-10-11 01:43:44.799 | INFO     | trainer_1:_train_one_epoch:209 - test 26 cost time 6.98s, result: {'hit@1': 0.0107, 'ndcg@1': 0.0107, 'hit@5': 0.0368, 'ndcg@5': 0.0237, 'hit@10': 0.0605, 'ndcg@10': 0.0313, 'hit@15': 0.082, 'ndcg@15': 0.037, 'hit@20': 0.1, 'ndcg@20': 0.0412, 'hit@40': 0.1641, 'ndcg@40': 0.0542} 
2024-10-11 01:44:03.402 | INFO     | trainer_1:_train_one_epoch:193 - epoch 27 7.90s Train loss is [0.3704] 
2024-10-11 01:44:08.471 | INFO     | trainer_1:_train_one_epoch:201 - validate 27 cost time 5.07s, result: {'hit@1': 0.0151, 'ndcg@1': 0.0151, 'hit@5': 0.0531, 'ndcg@5': 0.0343, 'hit@10': 0.0875, 'ndcg@10': 0.0453, 'hit@15': 0.1155, 'ndcg@15': 0.0527, 'hit@20': 0.1424, 'ndcg@20': 0.059, 'hit@40': 0.227, 'ndcg@40': 0.0762} 
2024-10-11 01:44:14.740 | INFO     | trainer_1:_train_one_epoch:209 - test 27 cost time 6.27s, result: {'hit@1': 0.0098, 'ndcg@1': 0.0098, 'hit@5': 0.0347, 'ndcg@5': 0.0224, 'hit@10': 0.0589, 'ndcg@10': 0.0302, 'hit@15': 0.0797, 'ndcg@15': 0.0357, 'hit@20': 0.0968, 'ndcg@20': 0.0397, 'hit@40': 0.157, 'ndcg@40': 0.0519} 
2024-10-11 01:44:23.048 | INFO     | trainer_1:_train_one_epoch:193 - epoch 28 8.31s Train loss is [0.3745] 
2024-10-11 01:44:30.876 | INFO     | trainer_1:_train_one_epoch:201 - validate 28 cost time 7.83s, result: {'hit@1': 0.014, 'ndcg@1': 0.014, 'hit@5': 0.0565, 'ndcg@5': 0.0353, 'hit@10': 0.0913, 'ndcg@10': 0.0464, 'hit@15': 0.1218, 'ndcg@15': 0.0545, 'hit@20': 0.1473, 'ndcg@20': 0.0605, 'hit@40': 0.2311, 'ndcg@40': 0.0776} 
2024-10-11 01:44:38.527 | INFO     | trainer_1:_train_one_epoch:209 - test 28 cost time 7.65s, result: {'hit@1': 0.0104, 'ndcg@1': 0.0104, 'hit@5': 0.0363, 'ndcg@5': 0.0235, 'hit@10': 0.0612, 'ndcg@10': 0.0315, 'hit@15': 0.0832, 'ndcg@15': 0.0373, 'hit@20': 0.101, 'ndcg@20': 0.0415, 'hit@40': 0.1629, 'ndcg@40': 0.054} 
2024-10-11 01:44:57.414 | INFO     | trainer_1:_train_one_epoch:193 - epoch 29 8.19s Train loss is [0.3771] 
2024-10-11 01:45:05.407 | INFO     | trainer_1:_train_one_epoch:201 - validate 29 cost time 7.99s, result: {'hit@1': 0.0154, 'ndcg@1': 0.0154, 'hit@5': 0.0552, 'ndcg@5': 0.0352, 'hit@10': 0.0911, 'ndcg@10': 0.0467, 'hit@15': 0.1222, 'ndcg@15': 0.0549, 'hit@20': 0.152, 'ndcg@20': 0.0619, 'hit@40': 0.2391, 'ndcg@40': 0.0797} 
2024-10-11 01:45:13.174 | INFO     | trainer_1:_train_one_epoch:209 - test 29 cost time 7.77s, result: {'hit@1': 0.011, 'ndcg@1': 0.011, 'hit@5': 0.0379, 'ndcg@5': 0.0245, 'hit@10': 0.0626, 'ndcg@10': 0.0324, 'hit@15': 0.0841, 'ndcg@15': 0.0381, 'hit@20': 0.1041, 'ndcg@20': 0.0428, 'hit@40': 0.1707, 'ndcg@40': 0.0563} 
2024-10-11 01:45:32.142 | INFO     | trainer_1:_train_one_epoch:193 - epoch 30 8.29s Train loss is [0.3756] 
2024-10-11 01:45:39.399 | INFO     | trainer_1:_train_one_epoch:201 - validate 30 cost time 7.26s, result: {'hit@1': 0.0153, 'ndcg@1': 0.0153, 'hit@5': 0.0564, 'ndcg@5': 0.0359, 'hit@10': 0.0934, 'ndcg@10': 0.0478, 'hit@15': 0.1232, 'ndcg@15': 0.0557, 'hit@20': 0.1497, 'ndcg@20': 0.0619, 'hit@40': 0.2377, 'ndcg@40': 0.0798} 
2024-10-11 01:45:47.189 | INFO     | trainer_1:_train_one_epoch:209 - test 30 cost time 7.79s, result: {'hit@1': 0.0104, 'ndcg@1': 0.0104, 'hit@5': 0.0374, 'ndcg@5': 0.0238, 'hit@10': 0.0624, 'ndcg@10': 0.0318, 'hit@15': 0.0828, 'ndcg@15': 0.0371, 'hit@20': 0.1023, 'ndcg@20': 0.0417, 'hit@40': 0.165, 'ndcg@40': 0.0545} 
2024-10-11 01:45:55.155 | INFO     | trainer_1:_train_one_epoch:193 - epoch 31 7.97s Train loss is [0.3750] 
2024-10-11 01:46:01.695 | INFO     | trainer_1:_train_one_epoch:201 - validate 31 cost time 6.54s, result: {'hit@1': 0.016, 'ndcg@1': 0.016, 'hit@5': 0.0571, 'ndcg@5': 0.0365, 'hit@10': 0.094, 'ndcg@10': 0.0484, 'hit@15': 0.1238, 'ndcg@15': 0.0562, 'hit@20': 0.1515, 'ndcg@20': 0.0628, 'hit@40': 0.2354, 'ndcg@40': 0.0798} 
2024-10-11 01:46:06.645 | INFO     | trainer_1:_train_one_epoch:209 - test 31 cost time 4.95s, result: {'hit@1': 0.0108, 'ndcg@1': 0.0108, 'hit@5': 0.0383, 'ndcg@5': 0.0244, 'hit@10': 0.0644, 'ndcg@10': 0.0328, 'hit@15': 0.0861, 'ndcg@15': 0.0385, 'hit@20': 0.1061, 'ndcg@20': 0.0432, 'hit@40': 0.1699, 'ndcg@40': 0.0562} 
2024-10-11 01:46:25.367 | INFO     | trainer_1:_train_one_epoch:193 - epoch 32 8.01s Train loss is [0.3668] 
2024-10-11 01:46:33.123 | INFO     | trainer_1:_train_one_epoch:201 - validate 32 cost time 7.75s, result: {'hit@1': 0.0157, 'ndcg@1': 0.0157, 'hit@5': 0.0553, 'ndcg@5': 0.0355, 'hit@10': 0.0942, 'ndcg@10': 0.0479, 'hit@15': 0.1262, 'ndcg@15': 0.0563, 'hit@20': 0.1543, 'ndcg@20': 0.063, 'hit@40': 0.2429, 'ndcg@40': 0.081} 
2024-10-11 01:46:40.830 | INFO     | trainer_1:_train_one_epoch:209 - test 32 cost time 7.71s, result: {'hit@1': 0.0104, 'ndcg@1': 0.0104, 'hit@5': 0.0387, 'ndcg@5': 0.0244, 'hit@10': 0.0646, 'ndcg@10': 0.0328, 'hit@15': 0.0859, 'ndcg@15': 0.0384, 'hit@20': 0.1066, 'ndcg@20': 0.0433, 'hit@40': 0.173, 'ndcg@40': 0.0568} 
2024-10-11 01:47:00.303 | INFO     | trainer_1:_train_one_epoch:193 - epoch 33 8.45s Train loss is [0.3491] 
2024-10-11 01:47:08.145 | INFO     | trainer_1:_train_one_epoch:201 - validate 33 cost time 7.84s, result: {'hit@1': 0.015, 'ndcg@1': 0.015, 'hit@5': 0.0564, 'ndcg@5': 0.0358, 'hit@10': 0.0942, 'ndcg@10': 0.048, 'hit@15': 0.1264, 'ndcg@15': 0.0565, 'hit@20': 0.1541, 'ndcg@20': 0.063, 'hit@40': 0.2489, 'ndcg@40': 0.0823} 
2024-10-11 01:47:15.558 | INFO     | trainer_1:_train_one_epoch:209 - test 33 cost time 7.41s, result: {'hit@1': 0.0111, 'ndcg@1': 0.0111, 'hit@5': 0.0401, 'ndcg@5': 0.0255, 'hit@10': 0.0653, 'ndcg@10': 0.0337, 'hit@15': 0.0874, 'ndcg@15': 0.0395, 'hit@20': 0.1071, 'ndcg@20': 0.0441, 'hit@40': 0.1738, 'ndcg@40': 0.0577} 
2024-10-11 01:47:34.611 | INFO     | trainer_1:_train_one_epoch:193 - epoch 34 8.23s Train loss is [0.3603] 
2024-10-11 01:47:42.310 | INFO     | trainer_1:_train_one_epoch:201 - validate 34 cost time 7.70s, result: {'hit@1': 0.0148, 'ndcg@1': 0.0148, 'hit@5': 0.0558, 'ndcg@5': 0.0352, 'hit@10': 0.0897, 'ndcg@10': 0.0461, 'hit@15': 0.12, 'ndcg@15': 0.0541, 'hit@20': 0.1456, 'ndcg@20': 0.0601, 'hit@40': 0.2343, 'ndcg@40': 0.0782} 
2024-10-11 01:47:49.858 | INFO     | trainer_1:_train_one_epoch:209 - test 34 cost time 7.55s, result: {'hit@1': 0.0114, 'ndcg@1': 0.0114, 'hit@5': 0.0398, 'ndcg@5': 0.0257, 'hit@10': 0.0657, 'ndcg@10': 0.034, 'hit@15': 0.0869, 'ndcg@15': 0.0396, 'hit@20': 0.1066, 'ndcg@20': 0.0442, 'hit@40': 0.17, 'ndcg@40': 0.0571} 
2024-10-11 01:48:08.507 | INFO     | trainer_1:_train_one_epoch:193 - epoch 35 8.07s Train loss is [0.3549] 
2024-10-11 01:48:15.581 | INFO     | trainer_1:_train_one_epoch:201 - validate 35 cost time 7.07s, result: {'hit@1': 0.0153, 'ndcg@1': 0.0153, 'hit@5': 0.0546, 'ndcg@5': 0.035, 'hit@10': 0.0904, 'ndcg@10': 0.0465, 'hit@15': 0.1214, 'ndcg@15': 0.0547, 'hit@20': 0.1476, 'ndcg@20': 0.0609, 'hit@40': 0.2356, 'ndcg@40': 0.0789} 
2024-10-11 01:48:23.356 | INFO     | trainer_1:_train_one_epoch:209 - test 35 cost time 7.77s, result: {'hit@1': 0.0111, 'ndcg@1': 0.0111, 'hit@5': 0.0373, 'ndcg@5': 0.0242, 'hit@10': 0.0627, 'ndcg@10': 0.0323, 'hit@15': 0.0838, 'ndcg@15': 0.0379, 'hit@20': 0.1042, 'ndcg@20': 0.0427, 'hit@40': 0.1693, 'ndcg@40': 0.056} 
2024-10-11 01:48:31.459 | INFO     | trainer_1:_train_one_epoch:193 - epoch 36 8.10s Train loss is [0.3578] 
2024-10-11 01:48:38.843 | INFO     | trainer_1:_train_one_epoch:201 - validate 36 cost time 7.38s, result: {'hit@1': 0.0153, 'ndcg@1': 0.0153, 'hit@5': 0.0563, 'ndcg@5': 0.0356, 'hit@10': 0.0921, 'ndcg@10': 0.0471, 'hit@15': 0.1236, 'ndcg@15': 0.0554, 'hit@20': 0.1527, 'ndcg@20': 0.0623, 'hit@40': 0.2411, 'ndcg@40': 0.0803} 
2024-10-11 01:48:45.232 | INFO     | trainer_1:_train_one_epoch:209 - test 36 cost time 6.39s, result: {'hit@1': 0.0106, 'ndcg@1': 0.0106, 'hit@5': 0.0373, 'ndcg@5': 0.0239, 'hit@10': 0.0624, 'ndcg@10': 0.0319, 'hit@15': 0.085, 'ndcg@15': 0.0379, 'hit@20': 0.1045, 'ndcg@20': 0.0425, 'hit@40': 0.1704, 'ndcg@40': 0.0558} 
2024-10-11 01:48:53.118 | INFO     | trainer_1:_train_one_epoch:193 - epoch 37 7.88s Train loss is [0.3624] 
2024-10-11 01:49:00.817 | INFO     | trainer_1:_train_one_epoch:201 - validate 37 cost time 7.70s, result: {'hit@1': 0.0155, 'ndcg@1': 0.0155, 'hit@5': 0.0582, 'ndcg@5': 0.0367, 'hit@10': 0.0968, 'ndcg@10': 0.0491, 'hit@15': 0.1298, 'ndcg@15': 0.0578, 'hit@20': 0.1579, 'ndcg@20': 0.0645, 'hit@40': 0.2469, 'ndcg@40': 0.0826} 
2024-10-11 01:49:08.762 | INFO     | trainer_1:_train_one_epoch:209 - test 37 cost time 7.94s, result: {'hit@1': 0.0112, 'ndcg@1': 0.0112, 'hit@5': 0.0398, 'ndcg@5': 0.0255, 'hit@10': 0.0654, 'ndcg@10': 0.0337, 'hit@15': 0.0892, 'ndcg@15': 0.04, 'hit@20': 0.1095, 'ndcg@20': 0.0448, 'hit@40': 0.1792, 'ndcg@40': 0.0589} 
2024-10-11 01:49:17.103 | INFO     | trainer_1:_train_one_epoch:193 - epoch 38 8.34s Train loss is [0.3417] 
2024-10-11 01:49:24.351 | INFO     | trainer_1:_train_one_epoch:201 - validate 38 cost time 7.25s, result: {'hit@1': 0.0166, 'ndcg@1': 0.0166, 'hit@5': 0.057, 'ndcg@5': 0.0367, 'hit@10': 0.0931, 'ndcg@10': 0.0483, 'hit@15': 0.1257, 'ndcg@15': 0.0569, 'hit@20': 0.1534, 'ndcg@20': 0.0635, 'hit@40': 0.2421, 'ndcg@40': 0.0815} 
2024-10-11 01:49:33.201 | INFO     | trainer_1:_train_one_epoch:209 - test 38 cost time 8.85s, result: {'hit@1': 0.0115, 'ndcg@1': 0.0115, 'hit@5': 0.0392, 'ndcg@5': 0.0252, 'hit@10': 0.0641, 'ndcg@10': 0.0332, 'hit@15': 0.0871, 'ndcg@15': 0.0393, 'hit@20': 0.1062, 'ndcg@20': 0.0438, 'hit@40': 0.1717, 'ndcg@40': 0.0571} 
2024-10-11 01:49:41.171 | INFO     | trainer_1:_train_one_epoch:193 - epoch 39 7.97s Train loss is [0.3442] 
2024-10-11 01:49:49.914 | INFO     | trainer_1:_train_one_epoch:201 - validate 39 cost time 8.74s, result: {'hit@1': 0.0153, 'ndcg@1': 0.0153, 'hit@5': 0.0582, 'ndcg@5': 0.0366, 'hit@10': 0.0979, 'ndcg@10': 0.0492, 'hit@15': 0.1281, 'ndcg@15': 0.0572, 'hit@20': 0.1552, 'ndcg@20': 0.0636, 'hit@40': 0.2449, 'ndcg@40': 0.0819} 
2024-10-11 01:49:56.217 | INFO     | trainer_1:_train_one_epoch:209 - test 39 cost time 6.30s, result: {'hit@1': 0.0113, 'ndcg@1': 0.0113, 'hit@5': 0.0402, 'ndcg@5': 0.0257, 'hit@10': 0.0669, 'ndcg@10': 0.0342, 'hit@15': 0.0907, 'ndcg@15': 0.0405, 'hit@20': 0.1107, 'ndcg@20': 0.0452, 'hit@40': 0.1792, 'ndcg@40': 0.0591} 
2024-10-11 01:50:14.817 | INFO     | trainer_1:_train_one_epoch:193 - epoch 40 7.99s Train loss is [0.3447] 
2024-10-11 01:50:23.621 | INFO     | trainer_1:_train_one_epoch:201 - validate 40 cost time 8.80s, result: {'hit@1': 0.0158, 'ndcg@1': 0.0158, 'hit@5': 0.0585, 'ndcg@5': 0.0373, 'hit@10': 0.0957, 'ndcg@10': 0.0492, 'hit@15': 0.1275, 'ndcg@15': 0.0576, 'hit@20': 0.1558, 'ndcg@20': 0.0643, 'hit@40': 0.244, 'ndcg@40': 0.0823} 
2024-10-11 01:50:30.069 | INFO     | trainer_1:_train_one_epoch:209 - test 40 cost time 6.45s, result: {'hit@1': 0.011, 'ndcg@1': 0.011, 'hit@5': 0.0387, 'ndcg@5': 0.0249, 'hit@10': 0.0655, 'ndcg@10': 0.0335, 'hit@15': 0.0883, 'ndcg@15': 0.0394, 'hit@20': 0.1083, 'ndcg@20': 0.0442, 'hit@40': 0.1752, 'ndcg@40': 0.0578} 
2024-10-11 01:50:38.188 | INFO     | trainer_1:_train_one_epoch:193 - epoch 41 8.12s Train loss is [0.3491] 
2024-10-11 01:50:47.206 | INFO     | trainer_1:_train_one_epoch:201 - validate 41 cost time 9.02s, result: {'hit@1': 0.0163, 'ndcg@1': 0.0163, 'hit@5': 0.0588, 'ndcg@5': 0.0376, 'hit@10': 0.0962, 'ndcg@10': 0.0495, 'hit@15': 0.1266, 'ndcg@15': 0.0576, 'hit@20': 0.1548, 'ndcg@20': 0.0642, 'hit@40': 0.2444, 'ndcg@40': 0.0824} 
2024-10-11 01:50:55.984 | INFO     | trainer_1:_train_one_epoch:209 - test 41 cost time 8.78s, result: {'hit@1': 0.0108, 'ndcg@1': 0.0108, 'hit@5': 0.0395, 'ndcg@5': 0.0251, 'hit@10': 0.0656, 'ndcg@10': 0.0335, 'hit@15': 0.0883, 'ndcg@15': 0.0395, 'hit@20': 0.1086, 'ndcg@20': 0.0443, 'hit@40': 0.1749, 'ndcg@40': 0.0578} 
2024-10-11 01:51:04.197 | INFO     | trainer_1:_train_one_epoch:193 - epoch 42 8.21s Train loss is [0.3391] 
2024-10-11 01:51:10.792 | INFO     | trainer_1:_train_one_epoch:201 - validate 42 cost time 6.59s, result: {'hit@1': 0.0172, 'ndcg@1': 0.0172, 'hit@5': 0.0633, 'ndcg@5': 0.0401, 'hit@10': 0.1037, 'ndcg@10': 0.053, 'hit@15': 0.1347, 'ndcg@15': 0.0612, 'hit@20': 0.1649, 'ndcg@20': 0.0683, 'hit@40': 0.2568, 'ndcg@40': 0.087} 
2024-10-11 01:51:19.291 | INFO     | trainer_1:_train_one_epoch:209 - test 42 cost time 8.50s, result: {'hit@1': 0.0104, 'ndcg@1': 0.0104, 'hit@5': 0.0409, 'ndcg@5': 0.0257, 'hit@10': 0.068, 'ndcg@10': 0.0344, 'hit@15': 0.0915, 'ndcg@15': 0.0406, 'hit@20': 0.1118, 'ndcg@20': 0.0454, 'hit@40': 0.1823, 'ndcg@40': 0.0597} 
2024-10-11 01:51:37.738 | INFO     | trainer_1:_train_one_epoch:193 - epoch 43 7.87s Train loss is [0.3390] 
2024-10-11 01:51:43.030 | INFO     | trainer_1:_train_one_epoch:201 - validate 43 cost time 5.29s, result: {'hit@1': 0.0163, 'ndcg@1': 0.0163, 'hit@5': 0.0587, 'ndcg@5': 0.0377, 'hit@10': 0.0987, 'ndcg@10': 0.0505, 'hit@15': 0.1304, 'ndcg@15': 0.0589, 'hit@20': 0.1597, 'ndcg@20': 0.0658, 'hit@40': 0.2508, 'ndcg@40': 0.0843} 
2024-10-11 01:51:49.484 | INFO     | trainer_1:_train_one_epoch:209 - test 43 cost time 6.45s, result: {'hit@1': 0.0111, 'ndcg@1': 0.0111, 'hit@5': 0.0408, 'ndcg@5': 0.0257, 'hit@10': 0.0678, 'ndcg@10': 0.0343, 'hit@15': 0.0906, 'ndcg@15': 0.0404, 'hit@20': 0.1117, 'ndcg@20': 0.0453, 'hit@40': 0.1786, 'ndcg@40': 0.0589} 
2024-10-11 01:51:57.611 | INFO     | trainer_1:_train_one_epoch:193 - epoch 44 8.13s Train loss is [0.3464] 
2024-10-11 01:52:05.306 | INFO     | trainer_1:_train_one_epoch:201 - validate 44 cost time 7.69s, result: {'hit@1': 0.017, 'ndcg@1': 0.017, 'hit@5': 0.0583, 'ndcg@5': 0.0378, 'hit@10': 0.0977, 'ndcg@10': 0.0504, 'hit@15': 0.1296, 'ndcg@15': 0.0588, 'hit@20': 0.157, 'ndcg@20': 0.0653, 'hit@40': 0.2479, 'ndcg@40': 0.0838} 
2024-10-11 01:52:12.908 | INFO     | trainer_1:_train_one_epoch:209 - test 44 cost time 7.60s, result: {'hit@1': 0.0115, 'ndcg@1': 0.0115, 'hit@5': 0.0408, 'ndcg@5': 0.0258, 'hit@10': 0.0695, 'ndcg@10': 0.0349, 'hit@15': 0.0933, 'ndcg@15': 0.0412, 'hit@20': 0.1119, 'ndcg@20': 0.0456, 'hit@40': 0.1789, 'ndcg@40': 0.0592} 
2024-10-11 01:52:32.028 | INFO     | trainer_1:_train_one_epoch:193 - epoch 45 8.36s Train loss is [0.3446] 
2024-10-11 01:52:39.389 | INFO     | trainer_1:_train_one_epoch:201 - validate 45 cost time 7.36s, result: {'hit@1': 0.0165, 'ndcg@1': 0.0165, 'hit@5': 0.0614, 'ndcg@5': 0.0391, 'hit@10': 0.1021, 'ndcg@10': 0.0521, 'hit@15': 0.1318, 'ndcg@15': 0.0599, 'hit@20': 0.1615, 'ndcg@20': 0.0669, 'hit@40': 0.2508, 'ndcg@40': 0.085} 
2024-10-11 01:52:47.030 | INFO     | trainer_1:_train_one_epoch:209 - test 45 cost time 7.64s, result: {'hit@1': 0.0105, 'ndcg@1': 0.0105, 'hit@5': 0.0416, 'ndcg@5': 0.026, 'hit@10': 0.07, 'ndcg@10': 0.0351, 'hit@15': 0.0942, 'ndcg@15': 0.0415, 'hit@20': 0.1143, 'ndcg@20': 0.0462, 'hit@40': 0.1802, 'ndcg@40': 0.0596} 
2024-10-11 01:53:06.774 | INFO     | trainer_1:_train_one_epoch:193 - epoch 46 8.60s Train loss is [0.3300] 
2024-10-11 01:53:15.792 | INFO     | trainer_1:_train_one_epoch:201 - validate 46 cost time 9.02s, result: {'hit@1': 0.0172, 'ndcg@1': 0.0172, 'hit@5': 0.059, 'ndcg@5': 0.038, 'hit@10': 0.0988, 'ndcg@10': 0.0508, 'hit@15': 0.1307, 'ndcg@15': 0.0592, 'hit@20': 0.156, 'ndcg@20': 0.0652, 'hit@40': 0.2459, 'ndcg@40': 0.0834} 
2024-10-11 01:53:24.553 | INFO     | trainer_1:_train_one_epoch:209 - test 46 cost time 8.76s, result: {'hit@1': 0.0104, 'ndcg@1': 0.0104, 'hit@5': 0.0417, 'ndcg@5': 0.026, 'hit@10': 0.0684, 'ndcg@10': 0.0346, 'hit@15': 0.0909, 'ndcg@15': 0.0405, 'hit@20': 0.1114, 'ndcg@20': 0.0453, 'hit@40': 0.1771, 'ndcg@40': 0.0587} 
2024-10-11 01:53:32.580 | INFO     | trainer_1:_train_one_epoch:193 - epoch 47 8.03s Train loss is [0.3332] 
2024-10-11 01:53:39.292 | INFO     | trainer_1:_train_one_epoch:201 - validate 47 cost time 6.71s, result: {'hit@1': 0.0159, 'ndcg@1': 0.0159, 'hit@5': 0.0565, 'ndcg@5': 0.0363, 'hit@10': 0.0961, 'ndcg@10': 0.0491, 'hit@15': 0.1263, 'ndcg@15': 0.0571, 'hit@20': 0.1532, 'ndcg@20': 0.0634, 'hit@40': 0.241, 'ndcg@40': 0.0812} 
2024-10-11 01:53:46.445 | INFO     | trainer_1:_train_one_epoch:209 - test 47 cost time 7.15s, result: {'hit@1': 0.0098, 'ndcg@1': 0.0098, 'hit@5': 0.0385, 'ndcg@5': 0.0241, 'hit@10': 0.0655, 'ndcg@10': 0.0328, 'hit@15': 0.0873, 'ndcg@15': 0.0385, 'hit@20': 0.1076, 'ndcg@20': 0.0433, 'hit@40': 0.172, 'ndcg@40': 0.0564} 
2024-10-11 01:53:54.263 | INFO     | trainer_1:_train_one_epoch:193 - epoch 48 7.82s Train loss is [0.3265] 
2024-10-11 01:54:03.173 | INFO     | trainer_1:_train_one_epoch:201 - validate 48 cost time 8.91s, result: {'hit@1': 0.0174, 'ndcg@1': 0.0174, 'hit@5': 0.0616, 'ndcg@5': 0.0394, 'hit@10': 0.1012, 'ndcg@10': 0.0521, 'hit@15': 0.134, 'ndcg@15': 0.0608, 'hit@20': 0.1615, 'ndcg@20': 0.0673, 'hit@40': 0.252, 'ndcg@40': 0.0857} 
2024-10-11 01:54:11.764 | INFO     | trainer_1:_train_one_epoch:209 - test 48 cost time 8.59s, result: {'hit@1': 0.0105, 'ndcg@1': 0.0105, 'hit@5': 0.0414, 'ndcg@5': 0.026, 'hit@10': 0.071, 'ndcg@10': 0.0355, 'hit@15': 0.0944, 'ndcg@15': 0.0417, 'hit@20': 0.1141, 'ndcg@20': 0.0464, 'hit@40': 0.1818, 'ndcg@40': 0.0601} 
2024-10-11 01:54:31.152 | INFO     | trainer_1:_train_one_epoch:193 - epoch 49 8.05s Train loss is [0.3370] 
2024-10-11 01:54:40.077 | INFO     | trainer_1:_train_one_epoch:201 - validate 49 cost time 8.92s, result: {'hit@1': 0.0167, 'ndcg@1': 0.0167, 'hit@5': 0.0589, 'ndcg@5': 0.0377, 'hit@10': 0.0964, 'ndcg@10': 0.0498, 'hit@15': 0.1277, 'ndcg@15': 0.058, 'hit@20': 0.1544, 'ndcg@20': 0.0643, 'hit@40': 0.2446, 'ndcg@40': 0.0827} 
2024-10-11 01:54:48.489 | INFO     | trainer_1:_train_one_epoch:209 - test 49 cost time 8.41s, result: {'hit@1': 0.0105, 'ndcg@1': 0.0105, 'hit@5': 0.0401, 'ndcg@5': 0.0253, 'hit@10': 0.0676, 'ndcg@10': 0.0341, 'hit@15': 0.09, 'ndcg@15': 0.04, 'hit@20': 0.1108, 'ndcg@20': 0.0449, 'hit@40': 0.1742, 'ndcg@40': 0.0578} 
2024-10-11 01:54:56.992 | INFO     | trainer_1:_train_one_epoch:193 - epoch 50 8.50s Train loss is [0.3384] 
2024-10-11 01:55:04.714 | INFO     | trainer_1:_train_one_epoch:201 - validate 50 cost time 7.72s, result: {'hit@1': 0.0163, 'ndcg@1': 0.0163, 'hit@5': 0.0597, 'ndcg@5': 0.0377, 'hit@10': 0.1001, 'ndcg@10': 0.0506, 'hit@15': 0.1326, 'ndcg@15': 0.0592, 'hit@20': 0.16, 'ndcg@20': 0.0656, 'hit@40': 0.2532, 'ndcg@40': 0.0846} 
2024-10-11 01:55:12.370 | INFO     | trainer_1:_train_one_epoch:209 - test 50 cost time 7.66s, result: {'hit@1': 0.0098, 'ndcg@1': 0.0098, 'hit@5': 0.0399, 'ndcg@5': 0.0248, 'hit@10': 0.0686, 'ndcg@10': 0.034, 'hit@15': 0.0913, 'ndcg@15': 0.04, 'hit@20': 0.113, 'ndcg@20': 0.0451, 'hit@40': 0.1779, 'ndcg@40': 0.0583} 
2024-10-11 01:55:20.288 | INFO     | trainer_1:_train_one_epoch:193 - epoch 51 7.92s Train loss is [0.3336] 
2024-10-11 01:55:27.250 | INFO     | trainer_1:_train_one_epoch:201 - validate 51 cost time 6.96s, result: {'hit@1': 0.0169, 'ndcg@1': 0.0169, 'hit@5': 0.0633, 'ndcg@5': 0.04, 'hit@10': 0.1033, 'ndcg@10': 0.0528, 'hit@15': 0.1351, 'ndcg@15': 0.0612, 'hit@20': 0.1646, 'ndcg@20': 0.0681, 'hit@40': 0.2576, 'ndcg@40': 0.0871} 
2024-10-11 01:55:34.179 | INFO     | trainer_1:_train_one_epoch:209 - test 51 cost time 6.93s, result: {'hit@1': 0.0105, 'ndcg@1': 0.0105, 'hit@5': 0.0408, 'ndcg@5': 0.0256, 'hit@10': 0.071, 'ndcg@10': 0.0352, 'hit@15': 0.0945, 'ndcg@15': 0.0414, 'hit@20': 0.1157, 'ndcg@20': 0.0464, 'hit@40': 0.1839, 'ndcg@40': 0.0603} 
2024-10-11 01:55:45.007 | INFO     | trainer_1:_train_one_epoch:193 - epoch 52 10.83s Train loss is [0.3260] 
2024-10-11 01:55:54.269 | INFO     | trainer_1:_train_one_epoch:201 - validate 52 cost time 9.26s, result: {'hit@1': 0.0164, 'ndcg@1': 0.0164, 'hit@5': 0.0598, 'ndcg@5': 0.0379, 'hit@10': 0.0969, 'ndcg@10': 0.0497, 'hit@15': 0.1295, 'ndcg@15': 0.0583, 'hit@20': 0.1563, 'ndcg@20': 0.0646, 'hit@40': 0.2482, 'ndcg@40': 0.0833} 
2024-10-11 01:56:02.308 | INFO     | trainer_1:_train_one_epoch:209 - test 52 cost time 8.04s, result: {'hit@1': 0.0108, 'ndcg@1': 0.0108, 'hit@5': 0.0394, 'ndcg@5': 0.0251, 'hit@10': 0.0674, 'ndcg@10': 0.034, 'hit@15': 0.0905, 'ndcg@15': 0.0402, 'hit@20': 0.1107, 'ndcg@20': 0.0449, 'hit@40': 0.1798, 'ndcg@40': 0.0589} 
2024-10-11 01:56:14.863 | INFO     | trainer_1:_train_one_epoch:193 - epoch 53 12.55s Train loss is [0.3307] 
2024-10-11 01:56:22.735 | INFO     | trainer_1:_train_one_epoch:201 - validate 53 cost time 7.87s, result: {'hit@1': 0.0164, 'ndcg@1': 0.0164, 'hit@5': 0.0604, 'ndcg@5': 0.0385, 'hit@10': 0.0977, 'ndcg@10': 0.0504, 'hit@15': 0.1299, 'ndcg@15': 0.0589, 'hit@20': 0.1577, 'ndcg@20': 0.0655, 'hit@40': 0.2492, 'ndcg@40': 0.0841} 
2024-10-11 01:56:30.341 | INFO     | trainer_1:_train_one_epoch:209 - test 53 cost time 7.61s, result: {'hit@1': 0.0102, 'ndcg@1': 0.0102, 'hit@5': 0.0401, 'ndcg@5': 0.0252, 'hit@10': 0.0678, 'ndcg@10': 0.0341, 'hit@15': 0.0898, 'ndcg@15': 0.0398, 'hit@20': 0.1091, 'ndcg@20': 0.0444, 'hit@40': 0.1777, 'ndcg@40': 0.0583} 
2024-10-11 01:56:30.357 | INFO     | trainer_1:train_model:163 - training end, best iteration 48, results: {'hit@1': 0.0174, 'ndcg@1': 0.0174, 'hit@5': 0.0616, 'ndcg@5': 0.0394, 'hit@10': 0.1012, 'ndcg@10': 0.0521, 'hit@15': 0.134, 'ndcg@15': 0.0608, 'hit@20': 0.1615, 'ndcg@20': 0.0673, 'hit@40': 0.252, 'ndcg@40': 0.0857}
2024-10-11 01:56:30.357 | INFO     | trainer_1:train_model:166 - final test result is:  {'hit@1': 0.0105, 'ndcg@1': 0.0105, 'hit@5': 0.0414, 'ndcg@5': 0.026, 'hit@10': 0.071, 'ndcg@10': 0.0355, 'hit@15': 0.0944, 'ndcg@15': 0.0417, 'hit@20': 0.1141, 'ndcg@20': 0.0464, 'hit@40': 0.1818, 'ndcg@40': 0.0601}
2024-10-11 01:56:31.025 | INFO     | __main__:<module>:119 - train end total cost time: 3658.6216242313385
