2024-10-10 23:07:46.722 | INFO     | __main__:<module>:105 - Namespace(TIME='2024-10-10 23_07_14', batch_size=1024, behaviors=['view', 'cart', 'buy'], check_point='model_pre_1_2024-10-08 12_35_44.pth', data_name='beibei', data_path='./data/beibei', decay=0.001, device='cuda:1', dim_qk=32, dim_v=64, distill_layers=2, distill_thres=0.5, distill_topK=40, distill_userK=6, embedding_size=64, epochs=100, gpu_no=1, if_load_model=True, ii_lambda=200, initializer_range=0.02, layers=2, loss_type='bpr', lr=0.001, message_dropout=0.25, metrics=['hit', 'ndcg'], min_epoch=5, model_name='main_1', model_path='./check_point', node_dropout=0.75, omega=1, pt_loop=50, reg_weight=0.001, test_batch_size=1024, testbatch=1024, topk=[1, 5, 10, 15, 20, 40], uu_lambda=100)
2024-10-10 23:07:46.722 | INFO     | __main__:<module>:106 - BIPN(
  (message_dropout): Dropout(p=0.25, inplace=False)
  (user_embedding): Embedding(21717, 64, padding_idx=0)
  (item_embedding): Embedding(7978, 64, padding_idx=0)
  (global_Graph): LightGCN()
  (Graph_encoder): ModuleDict(
    (view): GraphEncoder(
      (light): LightGCN()
      (dropout): Dropout(p=0.75, inplace=False)
    )
    (cart): GraphEncoder(
      (light): LightGCN()
      (dropout): Dropout(p=0.75, inplace=False)
    )
    (buy): GraphEncoder(
      (light): LightGCN()
      (dropout): Dropout(p=0.75, inplace=False)
    )
  )
  (attention): Mutual_Attention()
  (bpr_loss): BPRLoss()
  (emb_loss): EmbLoss()
  (f): Sigmoid()
)
2024-10-10 23:38:42.319 | INFO     | trainer_1:_train_one_epoch:193 - epoch 1 8.35s Train loss is [0.9440] 
2024-10-10 23:38:52.235 | INFO     | trainer_1:_train_one_epoch:201 - validate 1 cost time 9.92s, result: {'hit@1': 0.0045, 'ndcg@1': 0.0045, 'hit@5': 0.0229, 'ndcg@5': 0.0139, 'hit@10': 0.0451, 'ndcg@10': 0.021, 'hit@15': 0.0635, 'ndcg@15': 0.0259, 'hit@20': 0.0817, 'ndcg@20': 0.0302, 'hit@40': 0.141, 'ndcg@40': 0.0422} 
2024-10-10 23:39:02.063 | INFO     | trainer_1:_train_one_epoch:209 - test 1 cost time 9.83s, result: {'hit@1': 0.0033, 'ndcg@1': 0.0033, 'hit@5': 0.0148, 'ndcg@5': 0.0089, 'hit@10': 0.0291, 'ndcg@10': 0.0135, 'hit@15': 0.0434, 'ndcg@15': 0.0173, 'hit@20': 0.0571, 'ndcg@20': 0.0205, 'hit@40': 0.106, 'ndcg@40': 0.0304} 
2024-10-10 23:39:19.841 | INFO     | trainer_1:_train_one_epoch:193 - epoch 2 6.73s Train loss is [0.7247] 
2024-10-10 23:39:29.785 | INFO     | trainer_1:_train_one_epoch:201 - validate 2 cost time 9.94s, result: {'hit@1': 0.007, 'ndcg@1': 0.007, 'hit@5': 0.0291, 'ndcg@5': 0.0178, 'hit@10': 0.0511, 'ndcg@10': 0.0248, 'hit@15': 0.0713, 'ndcg@15': 0.0302, 'hit@20': 0.0906, 'ndcg@20': 0.0347, 'hit@40': 0.1551, 'ndcg@40': 0.0479} 
2024-10-10 23:39:39.610 | INFO     | trainer_1:_train_one_epoch:209 - test 2 cost time 9.82s, result: {'hit@1': 0.004, 'ndcg@1': 0.004, 'hit@5': 0.0186, 'ndcg@5': 0.0111, 'hit@10': 0.0354, 'ndcg@10': 0.0164, 'hit@15': 0.0503, 'ndcg@15': 0.0204, 'hit@20': 0.0642, 'ndcg@20': 0.0237, 'hit@40': 0.1154, 'ndcg@40': 0.034} 
2024-10-10 23:39:57.479 | INFO     | trainer_1:_train_one_epoch:193 - epoch 3 6.82s Train loss is [0.6291] 
2024-10-10 23:40:07.388 | INFO     | trainer_1:_train_one_epoch:201 - validate 3 cost time 9.91s, result: {'hit@1': 0.0102, 'ndcg@1': 0.0102, 'hit@5': 0.0334, 'ndcg@5': 0.0216, 'hit@10': 0.0598, 'ndcg@10': 0.03, 'hit@15': 0.0838, 'ndcg@15': 0.0363, 'hit@20': 0.1054, 'ndcg@20': 0.0414, 'hit@40': 0.1769, 'ndcg@40': 0.0559} 
2024-10-10 23:40:17.189 | INFO     | trainer_1:_train_one_epoch:209 - test 3 cost time 9.80s, result: {'hit@1': 0.005, 'ndcg@1': 0.005, 'hit@5': 0.0225, 'ndcg@5': 0.0136, 'hit@10': 0.0402, 'ndcg@10': 0.0192, 'hit@15': 0.0585, 'ndcg@15': 0.024, 'hit@20': 0.0731, 'ndcg@20': 0.0275, 'hit@40': 0.1275, 'ndcg@40': 0.0386} 
2024-10-10 23:40:34.858 | INFO     | trainer_1:_train_one_epoch:193 - epoch 4 6.89s Train loss is [0.5786] 
2024-10-10 23:40:44.758 | INFO     | trainer_1:_train_one_epoch:201 - validate 4 cost time 9.90s, result: {'hit@1': 0.0104, 'ndcg@1': 0.0104, 'hit@5': 0.0376, 'ndcg@5': 0.0236, 'hit@10': 0.0685, 'ndcg@10': 0.0335, 'hit@15': 0.0954, 'ndcg@15': 0.0406, 'hit@20': 0.1187, 'ndcg@20': 0.0461, 'hit@40': 0.197, 'ndcg@40': 0.062} 
2024-10-10 23:40:54.536 | INFO     | trainer_1:_train_one_epoch:209 - test 4 cost time 9.78s, result: {'hit@1': 0.0057, 'ndcg@1': 0.0057, 'hit@5': 0.0244, 'ndcg@5': 0.0148, 'hit@10': 0.0425, 'ndcg@10': 0.0206, 'hit@15': 0.0634, 'ndcg@15': 0.0261, 'hit@20': 0.082, 'ndcg@20': 0.0305, 'hit@40': 0.1405, 'ndcg@40': 0.0424} 
2024-10-10 23:41:12.229 | INFO     | trainer_1:_train_one_epoch:193 - epoch 5 6.85s Train loss is [0.5448] 
2024-10-10 23:41:22.134 | INFO     | trainer_1:_train_one_epoch:201 - validate 5 cost time 9.90s, result: {'hit@1': 0.0119, 'ndcg@1': 0.0119, 'hit@5': 0.0431, 'ndcg@5': 0.0273, 'hit@10': 0.0737, 'ndcg@10': 0.037, 'hit@15': 0.0988, 'ndcg@15': 0.0437, 'hit@20': 0.1222, 'ndcg@20': 0.0492, 'hit@40': 0.1956, 'ndcg@40': 0.0641} 
2024-10-10 23:41:31.934 | INFO     | trainer_1:_train_one_epoch:209 - test 5 cost time 9.80s, result: {'hit@1': 0.0057, 'ndcg@1': 0.0057, 'hit@5': 0.0254, 'ndcg@5': 0.0154, 'hit@10': 0.0455, 'ndcg@10': 0.0219, 'hit@15': 0.0636, 'ndcg@15': 0.0267, 'hit@20': 0.0793, 'ndcg@20': 0.0304, 'hit@40': 0.1346, 'ndcg@40': 0.0416} 
2024-10-10 23:41:49.853 | INFO     | trainer_1:_train_one_epoch:193 - epoch 6 7.01s Train loss is [0.5258] 
2024-10-10 23:41:59.745 | INFO     | trainer_1:_train_one_epoch:201 - validate 6 cost time 9.89s, result: {'hit@1': 0.0118, 'ndcg@1': 0.0118, 'hit@5': 0.0433, 'ndcg@5': 0.0274, 'hit@10': 0.0737, 'ndcg@10': 0.0372, 'hit@15': 0.1027, 'ndcg@15': 0.0448, 'hit@20': 0.1265, 'ndcg@20': 0.0504, 'hit@40': 0.2077, 'ndcg@40': 0.0669} 
2024-10-10 23:42:09.526 | INFO     | trainer_1:_train_one_epoch:209 - test 6 cost time 9.78s, result: {'hit@1': 0.0063, 'ndcg@1': 0.0063, 'hit@5': 0.0275, 'ndcg@5': 0.0167, 'hit@10': 0.0494, 'ndcg@10': 0.0237, 'hit@15': 0.0679, 'ndcg@15': 0.0285, 'hit@20': 0.0864, 'ndcg@20': 0.0329, 'hit@40': 0.1469, 'ndcg@40': 0.0452} 
2024-10-10 23:42:27.358 | INFO     | trainer_1:_train_one_epoch:193 - epoch 7 7.06s Train loss is [0.5041] 
2024-10-10 23:42:37.266 | INFO     | trainer_1:_train_one_epoch:201 - validate 7 cost time 9.91s, result: {'hit@1': 0.0116, 'ndcg@1': 0.0116, 'hit@5': 0.0447, 'ndcg@5': 0.0281, 'hit@10': 0.0746, 'ndcg@10': 0.0376, 'hit@15': 0.1033, 'ndcg@15': 0.0453, 'hit@20': 0.1262, 'ndcg@20': 0.0507, 'hit@40': 0.2025, 'ndcg@40': 0.0663} 
2024-10-10 23:42:47.109 | INFO     | trainer_1:_train_one_epoch:209 - test 7 cost time 9.84s, result: {'hit@1': 0.0075, 'ndcg@1': 0.0075, 'hit@5': 0.027, 'ndcg@5': 0.0171, 'hit@10': 0.0485, 'ndcg@10': 0.024, 'hit@15': 0.067, 'ndcg@15': 0.0289, 'hit@20': 0.0839, 'ndcg@20': 0.0329, 'hit@40': 0.1433, 'ndcg@40': 0.045} 
2024-10-10 23:42:54.219 | INFO     | trainer_1:_train_one_epoch:193 - epoch 8 7.11s Train loss is [0.5070] 
2024-10-10 23:43:04.108 | INFO     | trainer_1:_train_one_epoch:201 - validate 8 cost time 9.89s, result: {'hit@1': 0.0125, 'ndcg@1': 0.0125, 'hit@5': 0.0449, 'ndcg@5': 0.0286, 'hit@10': 0.0754, 'ndcg@10': 0.0383, 'hit@15': 0.1008, 'ndcg@15': 0.045, 'hit@20': 0.1234, 'ndcg@20': 0.0503, 'hit@40': 0.1979, 'ndcg@40': 0.0655} 
2024-10-10 23:43:13.884 | INFO     | trainer_1:_train_one_epoch:209 - test 8 cost time 9.77s, result: {'hit@1': 0.0077, 'ndcg@1': 0.0077, 'hit@5': 0.0274, 'ndcg@5': 0.0175, 'hit@10': 0.0479, 'ndcg@10': 0.0241, 'hit@15': 0.0658, 'ndcg@15': 0.0287, 'hit@20': 0.0823, 'ndcg@20': 0.0327, 'hit@40': 0.1384, 'ndcg@40': 0.0441} 
2024-10-10 23:43:20.818 | INFO     | trainer_1:_train_one_epoch:193 - epoch 9 6.93s Train loss is [0.4909] 
2024-10-10 23:43:30.719 | INFO     | trainer_1:_train_one_epoch:201 - validate 9 cost time 9.90s, result: {'hit@1': 0.0105, 'ndcg@1': 0.0105, 'hit@5': 0.0463, 'ndcg@5': 0.0284, 'hit@10': 0.0806, 'ndcg@10': 0.0395, 'hit@15': 0.1107, 'ndcg@15': 0.0474, 'hit@20': 0.1379, 'ndcg@20': 0.0538, 'hit@40': 0.2226, 'ndcg@40': 0.071} 
2024-10-10 23:43:40.501 | INFO     | trainer_1:_train_one_epoch:209 - test 9 cost time 9.78s, result: {'hit@1': 0.007, 'ndcg@1': 0.007, 'hit@5': 0.0303, 'ndcg@5': 0.0188, 'hit@10': 0.0526, 'ndcg@10': 0.0259, 'hit@15': 0.0721, 'ndcg@15': 0.031, 'hit@20': 0.0917, 'ndcg@20': 0.0357, 'hit@40': 0.1584, 'ndcg@40': 0.0492} 
2024-10-10 23:43:58.562 | INFO     | trainer_1:_train_one_epoch:193 - epoch 10 7.04s Train loss is [0.4773] 
2024-10-10 23:44:08.455 | INFO     | trainer_1:_train_one_epoch:201 - validate 10 cost time 9.89s, result: {'hit@1': 0.0122, 'ndcg@1': 0.0122, 'hit@5': 0.0454, 'ndcg@5': 0.0287, 'hit@10': 0.0786, 'ndcg@10': 0.0393, 'hit@15': 0.1062, 'ndcg@15': 0.0466, 'hit@20': 0.1284, 'ndcg@20': 0.0519, 'hit@40': 0.2047, 'ndcg@40': 0.0674} 
2024-10-10 23:44:18.222 | INFO     | trainer_1:_train_one_epoch:209 - test 10 cost time 9.77s, result: {'hit@1': 0.0068, 'ndcg@1': 0.0068, 'hit@5': 0.0303, 'ndcg@5': 0.0184, 'hit@10': 0.05, 'ndcg@10': 0.0247, 'hit@15': 0.0683, 'ndcg@15': 0.0296, 'hit@20': 0.0867, 'ndcg@20': 0.0339, 'hit@40': 0.1443, 'ndcg@40': 0.0456} 
2024-10-10 23:44:25.119 | INFO     | trainer_1:_train_one_epoch:193 - epoch 11 6.90s Train loss is [0.4829] 
2024-10-10 23:44:35.004 | INFO     | trainer_1:_train_one_epoch:201 - validate 11 cost time 9.88s, result: {'hit@1': 0.0113, 'ndcg@1': 0.0113, 'hit@5': 0.0446, 'ndcg@5': 0.0278, 'hit@10': 0.079, 'ndcg@10': 0.0388, 'hit@15': 0.1085, 'ndcg@15': 0.0466, 'hit@20': 0.1335, 'ndcg@20': 0.0525, 'hit@40': 0.2104, 'ndcg@40': 0.0681} 
2024-10-10 23:44:40.935 | INFO     | trainer_1:_train_one_epoch:209 - test 11 cost time 5.93s, result: {'hit@1': 0.0064, 'ndcg@1': 0.0064, 'hit@5': 0.0296, 'ndcg@5': 0.0178, 'hit@10': 0.0529, 'ndcg@10': 0.0253, 'hit@15': 0.072, 'ndcg@15': 0.0303, 'hit@20': 0.0901, 'ndcg@20': 0.0346, 'hit@40': 0.1503, 'ndcg@40': 0.0468} 
2024-10-10 23:44:59.859 | INFO     | trainer_1:_train_one_epoch:193 - epoch 12 7.05s Train loss is [0.4658] 
2024-10-10 23:45:07.335 | INFO     | trainer_1:_train_one_epoch:201 - validate 12 cost time 7.48s, result: {'hit@1': 0.011, 'ndcg@1': 0.011, 'hit@5': 0.044, 'ndcg@5': 0.0271, 'hit@10': 0.077, 'ndcg@10': 0.0377, 'hit@15': 0.1047, 'ndcg@15': 0.045, 'hit@20': 0.1272, 'ndcg@20': 0.0503, 'hit@40': 0.205, 'ndcg@40': 0.0661} 
2024-10-10 23:45:14.771 | INFO     | trainer_1:_train_one_epoch:209 - test 12 cost time 7.44s, result: {'hit@1': 0.0064, 'ndcg@1': 0.0064, 'hit@5': 0.0289, 'ndcg@5': 0.0174, 'hit@10': 0.0524, 'ndcg@10': 0.025, 'hit@15': 0.0723, 'ndcg@15': 0.0302, 'hit@20': 0.0892, 'ndcg@20': 0.0342, 'hit@40': 0.1482, 'ndcg@40': 0.0462} 
2024-10-10 23:45:21.701 | INFO     | trainer_1:_train_one_epoch:193 - epoch 13 6.93s Train loss is [0.4451] 
2024-10-10 23:45:27.366 | INFO     | trainer_1:_train_one_epoch:201 - validate 13 cost time 5.66s, result: {'hit@1': 0.0111, 'ndcg@1': 0.0111, 'hit@5': 0.0442, 'ndcg@5': 0.0274, 'hit@10': 0.0803, 'ndcg@10': 0.0389, 'hit@15': 0.1096, 'ndcg@15': 0.0467, 'hit@20': 0.1357, 'ndcg@20': 0.0528, 'hit@40': 0.2201, 'ndcg@40': 0.07} 
2024-10-10 23:45:35.701 | INFO     | trainer_1:_train_one_epoch:209 - test 13 cost time 8.33s, result: {'hit@1': 0.0064, 'ndcg@1': 0.0064, 'hit@5': 0.0303, 'ndcg@5': 0.0181, 'hit@10': 0.0528, 'ndcg@10': 0.0253, 'hit@15': 0.0723, 'ndcg@15': 0.0304, 'hit@20': 0.0906, 'ndcg@20': 0.0348, 'hit@40': 0.1529, 'ndcg@40': 0.0475} 
2024-10-10 23:45:42.683 | INFO     | trainer_1:_train_one_epoch:193 - epoch 14 6.98s Train loss is [0.4457] 
2024-10-10 23:45:50.083 | INFO     | trainer_1:_train_one_epoch:201 - validate 14 cost time 7.40s, result: {'hit@1': 0.012, 'ndcg@1': 0.012, 'hit@5': 0.044, 'ndcg@5': 0.0279, 'hit@10': 0.0795, 'ndcg@10': 0.0392, 'hit@15': 0.1074, 'ndcg@15': 0.0466, 'hit@20': 0.1313, 'ndcg@20': 0.0523, 'hit@40': 0.2122, 'ndcg@40': 0.0687} 
2024-10-10 23:45:57.322 | INFO     | trainer_1:_train_one_epoch:209 - test 14 cost time 7.24s, result: {'hit@1': 0.0076, 'ndcg@1': 0.0076, 'hit@5': 0.0301, 'ndcg@5': 0.0187, 'hit@10': 0.0525, 'ndcg@10': 0.0259, 'hit@15': 0.0725, 'ndcg@15': 0.0312, 'hit@20': 0.0906, 'ndcg@20': 0.0355, 'hit@40': 0.1508, 'ndcg@40': 0.0477} 
2024-10-10 23:46:03.853 | INFO     | trainer_1:_train_one_epoch:193 - epoch 15 6.53s Train loss is [0.4345] 
2024-10-10 23:46:09.549 | INFO     | trainer_1:_train_one_epoch:201 - validate 15 cost time 5.70s, result: {'hit@1': 0.0108, 'ndcg@1': 0.0108, 'hit@5': 0.0439, 'ndcg@5': 0.0272, 'hit@10': 0.0745, 'ndcg@10': 0.037, 'hit@15': 0.1012, 'ndcg@15': 0.0441, 'hit@20': 0.1289, 'ndcg@20': 0.0506, 'hit@40': 0.2102, 'ndcg@40': 0.0672} 
2024-10-10 23:46:14.684 | INFO     | trainer_1:_train_one_epoch:209 - test 15 cost time 5.13s, result: {'hit@1': 0.0077, 'ndcg@1': 0.0077, 'hit@5': 0.0307, 'ndcg@5': 0.0189, 'hit@10': 0.0531, 'ndcg@10': 0.0261, 'hit@15': 0.0733, 'ndcg@15': 0.0314, 'hit@20': 0.0895, 'ndcg@20': 0.0352, 'hit@40': 0.1481, 'ndcg@40': 0.0472} 
2024-10-10 23:46:33.439 | INFO     | trainer_1:_train_one_epoch:193 - epoch 16 6.64s Train loss is [0.4399] 
2024-10-10 23:46:42.550 | INFO     | trainer_1:_train_one_epoch:201 - validate 16 cost time 9.11s, result: {'hit@1': 0.0115, 'ndcg@1': 0.0115, 'hit@5': 0.0471, 'ndcg@5': 0.0292, 'hit@10': 0.079, 'ndcg@10': 0.0394, 'hit@15': 0.1066, 'ndcg@15': 0.0467, 'hit@20': 0.1321, 'ndcg@20': 0.0527, 'hit@40': 0.2104, 'ndcg@40': 0.0686} 
2024-10-10 23:46:51.512 | INFO     | trainer_1:_train_one_epoch:209 - test 16 cost time 8.96s, result: {'hit@1': 0.0075, 'ndcg@1': 0.0075, 'hit@5': 0.0322, 'ndcg@5': 0.0197, 'hit@10': 0.0546, 'ndcg@10': 0.0269, 'hit@15': 0.0756, 'ndcg@15': 0.0324, 'hit@20': 0.0916, 'ndcg@20': 0.0362, 'hit@40': 0.1502, 'ndcg@40': 0.0481} 
2024-10-10 23:47:10.490 | INFO     | trainer_1:_train_one_epoch:193 - epoch 17 7.75s Train loss is [0.4325] 
2024-10-10 23:47:16.383 | INFO     | trainer_1:_train_one_epoch:201 - validate 17 cost time 5.89s, result: {'hit@1': 0.0117, 'ndcg@1': 0.0117, 'hit@5': 0.0455, 'ndcg@5': 0.0284, 'hit@10': 0.0784, 'ndcg@10': 0.0389, 'hit@15': 0.1061, 'ndcg@15': 0.0462, 'hit@20': 0.1314, 'ndcg@20': 0.0522, 'hit@40': 0.2121, 'ndcg@40': 0.0686} 
2024-10-10 23:47:23.684 | INFO     | trainer_1:_train_one_epoch:209 - test 17 cost time 7.30s, result: {'hit@1': 0.008, 'ndcg@1': 0.008, 'hit@5': 0.0303, 'ndcg@5': 0.0191, 'hit@10': 0.0535, 'ndcg@10': 0.0266, 'hit@15': 0.0724, 'ndcg@15': 0.0316, 'hit@20': 0.0896, 'ndcg@20': 0.0357, 'hit@40': 0.1537, 'ndcg@40': 0.0487} 
2024-10-10 23:47:30.232 | INFO     | trainer_1:_train_one_epoch:193 - epoch 18 6.55s Train loss is [0.4128] 
2024-10-10 23:47:37.700 | INFO     | trainer_1:_train_one_epoch:201 - validate 18 cost time 7.47s, result: {'hit@1': 0.0128, 'ndcg@1': 0.0128, 'hit@5': 0.0489, 'ndcg@5': 0.0309, 'hit@10': 0.0828, 'ndcg@10': 0.0418, 'hit@15': 0.11, 'ndcg@15': 0.0489, 'hit@20': 0.1342, 'ndcg@20': 0.0547, 'hit@40': 0.2132, 'ndcg@40': 0.0707} 
2024-10-10 23:47:44.053 | INFO     | trainer_1:_train_one_epoch:209 - test 18 cost time 6.35s, result: {'hit@1': 0.0078, 'ndcg@1': 0.0078, 'hit@5': 0.0324, 'ndcg@5': 0.0201, 'hit@10': 0.0551, 'ndcg@10': 0.0275, 'hit@15': 0.0751, 'ndcg@15': 0.0327, 'hit@20': 0.0924, 'ndcg@20': 0.0368, 'hit@40': 0.1523, 'ndcg@40': 0.049} 
2024-10-10 23:48:07.210 | INFO     | trainer_1:_train_one_epoch:193 - epoch 19 9.50s Train loss is [0.4152] 
2024-10-10 23:48:14.802 | INFO     | trainer_1:_train_one_epoch:201 - validate 19 cost time 7.59s, result: {'hit@1': 0.0128, 'ndcg@1': 0.0128, 'hit@5': 0.0501, 'ndcg@5': 0.0314, 'hit@10': 0.0859, 'ndcg@10': 0.0429, 'hit@15': 0.1159, 'ndcg@15': 0.0508, 'hit@20': 0.1415, 'ndcg@20': 0.0568, 'hit@40': 0.2226, 'ndcg@40': 0.0733} 
2024-10-10 23:48:22.215 | INFO     | trainer_1:_train_one_epoch:209 - test 19 cost time 7.41s, result: {'hit@1': 0.008, 'ndcg@1': 0.008, 'hit@5': 0.0338, 'ndcg@5': 0.0209, 'hit@10': 0.0572, 'ndcg@10': 0.0284, 'hit@15': 0.0781, 'ndcg@15': 0.0339, 'hit@20': 0.0956, 'ndcg@20': 0.038, 'hit@40': 0.1575, 'ndcg@40': 0.0506} 
2024-10-10 23:48:40.690 | INFO     | trainer_1:_train_one_epoch:193 - epoch 20 7.46s Train loss is [0.4040] 
2024-10-10 23:48:48.048 | INFO     | trainer_1:_train_one_epoch:201 - validate 20 cost time 7.36s, result: {'hit@1': 0.0134, 'ndcg@1': 0.0134, 'hit@5': 0.0504, 'ndcg@5': 0.0316, 'hit@10': 0.0853, 'ndcg@10': 0.0429, 'hit@15': 0.1096, 'ndcg@15': 0.0492, 'hit@20': 0.1342, 'ndcg@20': 0.0551, 'hit@40': 0.216, 'ndcg@40': 0.0717} 
2024-10-10 23:48:55.288 | INFO     | trainer_1:_train_one_epoch:209 - test 20 cost time 7.24s, result: {'hit@1': 0.0084, 'ndcg@1': 0.0084, 'hit@5': 0.0328, 'ndcg@5': 0.0206, 'hit@10': 0.0559, 'ndcg@10': 0.028, 'hit@15': 0.0755, 'ndcg@15': 0.0331, 'hit@20': 0.0932, 'ndcg@20': 0.0373, 'hit@40': 0.1519, 'ndcg@40': 0.0492} 
2024-10-10 23:49:02.321 | INFO     | trainer_1:_train_one_epoch:193 - epoch 21 7.03s Train loss is [0.3962] 
2024-10-10 23:49:08.049 | INFO     | trainer_1:_train_one_epoch:201 - validate 21 cost time 5.73s, result: {'hit@1': 0.0138, 'ndcg@1': 0.0138, 'hit@5': 0.0502, 'ndcg@5': 0.032, 'hit@10': 0.0848, 'ndcg@10': 0.0431, 'hit@15': 0.1142, 'ndcg@15': 0.0508, 'hit@20': 0.1388, 'ndcg@20': 0.0567, 'hit@40': 0.2202, 'ndcg@40': 0.0732} 
2024-10-10 23:49:14.542 | INFO     | trainer_1:_train_one_epoch:209 - test 21 cost time 6.49s, result: {'hit@1': 0.0095, 'ndcg@1': 0.0095, 'hit@5': 0.0328, 'ndcg@5': 0.0211, 'hit@10': 0.0569, 'ndcg@10': 0.0289, 'hit@15': 0.0758, 'ndcg@15': 0.0339, 'hit@20': 0.0943, 'ndcg@20': 0.0382, 'hit@40': 0.1553, 'ndcg@40': 0.0506} 
2024-10-10 23:49:21.924 | INFO     | trainer_1:_train_one_epoch:193 - epoch 22 7.38s Train loss is [0.4015] 
2024-10-10 23:49:31.021 | INFO     | trainer_1:_train_one_epoch:201 - validate 22 cost time 9.10s, result: {'hit@1': 0.0137, 'ndcg@1': 0.0137, 'hit@5': 0.0523, 'ndcg@5': 0.033, 'hit@10': 0.0895, 'ndcg@10': 0.045, 'hit@15': 0.1192, 'ndcg@15': 0.0528, 'hit@20': 0.1452, 'ndcg@20': 0.059, 'hit@40': 0.2315, 'ndcg@40': 0.0765} 
2024-10-10 23:49:39.873 | INFO     | trainer_1:_train_one_epoch:209 - test 22 cost time 8.85s, result: {'hit@1': 0.0095, 'ndcg@1': 0.0095, 'hit@5': 0.036, 'ndcg@5': 0.0226, 'hit@10': 0.0602, 'ndcg@10': 0.0304, 'hit@15': 0.0813, 'ndcg@15': 0.036, 'hit@20': 0.0993, 'ndcg@20': 0.0402, 'hit@40': 0.1633, 'ndcg@40': 0.0532} 
2024-10-10 23:49:57.901 | INFO     | trainer_1:_train_one_epoch:193 - epoch 23 7.46s Train loss is [0.3873] 
2024-10-10 23:50:05.176 | INFO     | trainer_1:_train_one_epoch:201 - validate 23 cost time 7.27s, result: {'hit@1': 0.0126, 'ndcg@1': 0.0126, 'hit@5': 0.0478, 'ndcg@5': 0.03, 'hit@10': 0.083, 'ndcg@10': 0.0412, 'hit@15': 0.1114, 'ndcg@15': 0.0488, 'hit@20': 0.1362, 'ndcg@20': 0.0546, 'hit@40': 0.2189, 'ndcg@40': 0.0714} 
2024-10-10 23:50:14.212 | INFO     | trainer_1:_train_one_epoch:209 - test 23 cost time 9.04s, result: {'hit@1': 0.009, 'ndcg@1': 0.009, 'hit@5': 0.0315, 'ndcg@5': 0.0202, 'hit@10': 0.0538, 'ndcg@10': 0.0273, 'hit@15': 0.0748, 'ndcg@15': 0.0329, 'hit@20': 0.0928, 'ndcg@20': 0.0371, 'hit@40': 0.157, 'ndcg@40': 0.0501} 
2024-10-10 23:50:27.103 | INFO     | trainer_1:_train_one_epoch:193 - epoch 24 12.89s Train loss is [0.3829] 
2024-10-10 23:50:36.435 | INFO     | trainer_1:_train_one_epoch:201 - validate 24 cost time 9.33s, result: {'hit@1': 0.0142, 'ndcg@1': 0.0142, 'hit@5': 0.0504, 'ndcg@5': 0.0323, 'hit@10': 0.0832, 'ndcg@10': 0.0428, 'hit@15': 0.1103, 'ndcg@15': 0.05, 'hit@20': 0.1359, 'ndcg@20': 0.056, 'hit@40': 0.2166, 'ndcg@40': 0.0724} 
2024-10-10 23:50:45.538 | INFO     | trainer_1:_train_one_epoch:209 - test 24 cost time 9.10s, result: {'hit@1': 0.0087, 'ndcg@1': 0.0087, 'hit@5': 0.0332, 'ndcg@5': 0.0211, 'hit@10': 0.0552, 'ndcg@10': 0.0281, 'hit@15': 0.0755, 'ndcg@15': 0.0335, 'hit@20': 0.0927, 'ndcg@20': 0.0375, 'hit@40': 0.155, 'ndcg@40': 0.0502} 
2024-10-10 23:50:53.138 | INFO     | trainer_1:_train_one_epoch:193 - epoch 25 7.60s Train loss is [0.3807] 
2024-10-10 23:51:02.091 | INFO     | trainer_1:_train_one_epoch:201 - validate 25 cost time 8.95s, result: {'hit@1': 0.0133, 'ndcg@1': 0.0133, 'hit@5': 0.0558, 'ndcg@5': 0.0346, 'hit@10': 0.0915, 'ndcg@10': 0.046, 'hit@15': 0.1223, 'ndcg@15': 0.0541, 'hit@20': 0.1498, 'ndcg@20': 0.0606, 'hit@40': 0.2382, 'ndcg@40': 0.0786} 
2024-10-10 23:51:10.972 | INFO     | trainer_1:_train_one_epoch:209 - test 25 cost time 8.88s, result: {'hit@1': 0.0103, 'ndcg@1': 0.0103, 'hit@5': 0.0353, 'ndcg@5': 0.0227, 'hit@10': 0.0597, 'ndcg@10': 0.0306, 'hit@15': 0.0817, 'ndcg@15': 0.0364, 'hit@20': 0.1003, 'ndcg@20': 0.0408, 'hit@40': 0.166, 'ndcg@40': 0.0541} 
2024-10-10 23:51:17.784 | INFO     | trainer_1:_train_one_epoch:193 - epoch 26 6.81s Train loss is [0.3871] 
2024-10-10 23:51:24.051 | INFO     | trainer_1:_train_one_epoch:201 - validate 26 cost time 6.27s, result: {'hit@1': 0.015, 'ndcg@1': 0.015, 'hit@5': 0.0557, 'ndcg@5': 0.0355, 'hit@10': 0.0915, 'ndcg@10': 0.047, 'hit@15': 0.1215, 'ndcg@15': 0.0549, 'hit@20': 0.149, 'ndcg@20': 0.0614, 'hit@40': 0.2356, 'ndcg@40': 0.079} 
2024-10-10 23:51:31.214 | INFO     | trainer_1:_train_one_epoch:209 - test 26 cost time 7.16s, result: {'hit@1': 0.0108, 'ndcg@1': 0.0108, 'hit@5': 0.0367, 'ndcg@5': 0.0236, 'hit@10': 0.0607, 'ndcg@10': 0.0313, 'hit@15': 0.0822, 'ndcg@15': 0.037, 'hit@20': 0.1, 'ndcg@20': 0.0412, 'hit@40': 0.1639, 'ndcg@40': 0.0541} 
2024-10-10 23:51:48.814 | INFO     | trainer_1:_train_one_epoch:193 - epoch 27 6.32s Train loss is [0.3700] 
2024-10-10 23:51:54.430 | INFO     | trainer_1:_train_one_epoch:201 - validate 27 cost time 5.62s, result: {'hit@1': 0.015, 'ndcg@1': 0.015, 'hit@5': 0.0534, 'ndcg@5': 0.0343, 'hit@10': 0.088, 'ndcg@10': 0.0454, 'hit@15': 0.1164, 'ndcg@15': 0.0528, 'hit@20': 0.1429, 'ndcg@20': 0.0591, 'hit@40': 0.2262, 'ndcg@40': 0.076} 
2024-10-10 23:51:59.372 | INFO     | trainer_1:_train_one_epoch:209 - test 27 cost time 4.94s, result: {'hit@1': 0.0096, 'ndcg@1': 0.0096, 'hit@5': 0.0346, 'ndcg@5': 0.0224, 'hit@10': 0.0593, 'ndcg@10': 0.0303, 'hit@15': 0.0799, 'ndcg@15': 0.0357, 'hit@20': 0.0971, 'ndcg@20': 0.0398, 'hit@40': 0.1574, 'ndcg@40': 0.052} 
2024-10-10 23:52:06.014 | INFO     | trainer_1:_train_one_epoch:193 - epoch 28 6.64s Train loss is [0.3743] 
2024-10-10 23:52:13.889 | INFO     | trainer_1:_train_one_epoch:201 - validate 28 cost time 7.87s, result: {'hit@1': 0.0143, 'ndcg@1': 0.0143, 'hit@5': 0.0568, 'ndcg@5': 0.0354, 'hit@10': 0.0914, 'ndcg@10': 0.0466, 'hit@15': 0.1223, 'ndcg@15': 0.0547, 'hit@20': 0.1473, 'ndcg@20': 0.0606, 'hit@40': 0.2315, 'ndcg@40': 0.0778} 
2024-10-10 23:52:22.860 | INFO     | trainer_1:_train_one_epoch:209 - test 28 cost time 8.97s, result: {'hit@1': 0.0108, 'ndcg@1': 0.0108, 'hit@5': 0.0366, 'ndcg@5': 0.0237, 'hit@10': 0.0618, 'ndcg@10': 0.0318, 'hit@15': 0.0839, 'ndcg@15': 0.0376, 'hit@20': 0.1008, 'ndcg@20': 0.0416, 'hit@40': 0.1637, 'ndcg@40': 0.0544} 
2024-10-10 23:52:40.462 | INFO     | trainer_1:_train_one_epoch:193 - epoch 29 6.91s Train loss is [0.3770] 
2024-10-10 23:52:48.786 | INFO     | trainer_1:_train_one_epoch:201 - validate 29 cost time 8.32s, result: {'hit@1': 0.0157, 'ndcg@1': 0.0157, 'hit@5': 0.0552, 'ndcg@5': 0.0353, 'hit@10': 0.0909, 'ndcg@10': 0.0468, 'hit@15': 0.1222, 'ndcg@15': 0.055, 'hit@20': 0.1513, 'ndcg@20': 0.0619, 'hit@40': 0.239, 'ndcg@40': 0.0798} 
2024-10-10 23:52:57.748 | INFO     | trainer_1:_train_one_epoch:209 - test 29 cost time 8.96s, result: {'hit@1': 0.011, 'ndcg@1': 0.011, 'hit@5': 0.0373, 'ndcg@5': 0.0241, 'hit@10': 0.0624, 'ndcg@10': 0.0322, 'hit@15': 0.0844, 'ndcg@15': 0.038, 'hit@20': 0.1039, 'ndcg@20': 0.0426, 'hit@40': 0.1707, 'ndcg@40': 0.0562} 
2024-10-10 23:53:15.169 | INFO     | trainer_1:_train_one_epoch:193 - epoch 30 6.76s Train loss is [0.3754] 
2024-10-10 23:53:20.953 | INFO     | trainer_1:_train_one_epoch:201 - validate 30 cost time 5.78s, result: {'hit@1': 0.0154, 'ndcg@1': 0.0154, 'hit@5': 0.0561, 'ndcg@5': 0.0359, 'hit@10': 0.0933, 'ndcg@10': 0.0478, 'hit@15': 0.1241, 'ndcg@15': 0.0559, 'hit@20': 0.1508, 'ndcg@20': 0.0622, 'hit@40': 0.2383, 'ndcg@40': 0.08} 
2024-10-10 23:53:27.547 | INFO     | trainer_1:_train_one_epoch:209 - test 30 cost time 6.59s, result: {'hit@1': 0.0106, 'ndcg@1': 0.0106, 'hit@5': 0.037, 'ndcg@5': 0.0237, 'hit@10': 0.0626, 'ndcg@10': 0.0319, 'hit@15': 0.083, 'ndcg@15': 0.0373, 'hit@20': 0.1021, 'ndcg@20': 0.0418, 'hit@40': 0.1651, 'ndcg@40': 0.0546} 
2024-10-10 23:53:44.399 | INFO     | trainer_1:_train_one_epoch:193 - epoch 31 6.38s Train loss is [0.3746] 
2024-10-10 23:53:50.410 | INFO     | trainer_1:_train_one_epoch:201 - validate 31 cost time 6.01s, result: {'hit@1': 0.0158, 'ndcg@1': 0.0158, 'hit@5': 0.0574, 'ndcg@5': 0.0366, 'hit@10': 0.0939, 'ndcg@10': 0.0483, 'hit@15': 0.1238, 'ndcg@15': 0.0562, 'hit@20': 0.1516, 'ndcg@20': 0.0627, 'hit@40': 0.2355, 'ndcg@40': 0.0798} 
2024-10-10 23:53:56.520 | INFO     | trainer_1:_train_one_epoch:209 - test 31 cost time 6.11s, result: {'hit@1': 0.0108, 'ndcg@1': 0.0108, 'hit@5': 0.038, 'ndcg@5': 0.0243, 'hit@10': 0.0645, 'ndcg@10': 0.0328, 'hit@15': 0.0858, 'ndcg@15': 0.0384, 'hit@20': 0.1058, 'ndcg@20': 0.0431, 'hit@40': 0.1689, 'ndcg@40': 0.056} 
2024-10-10 23:54:13.266 | INFO     | trainer_1:_train_one_epoch:193 - epoch 32 6.21s Train loss is [0.3667] 
2024-10-10 23:54:19.838 | INFO     | trainer_1:_train_one_epoch:201 - validate 32 cost time 6.57s, result: {'hit@1': 0.0156, 'ndcg@1': 0.0156, 'hit@5': 0.0553, 'ndcg@5': 0.0354, 'hit@10': 0.0948, 'ndcg@10': 0.048, 'hit@15': 0.126, 'ndcg@15': 0.0562, 'hit@20': 0.154, 'ndcg@20': 0.0628, 'hit@40': 0.2424, 'ndcg@40': 0.0809} 
2024-10-10 23:54:24.714 | INFO     | trainer_1:_train_one_epoch:209 - test 32 cost time 4.88s, result: {'hit@1': 0.0101, 'ndcg@1': 0.0101, 'hit@5': 0.0388, 'ndcg@5': 0.0243, 'hit@10': 0.0644, 'ndcg@10': 0.0326, 'hit@15': 0.0866, 'ndcg@15': 0.0384, 'hit@20': 0.1066, 'ndcg@20': 0.0431, 'hit@40': 0.1733, 'ndcg@40': 0.0567} 
2024-10-10 23:54:30.762 | INFO     | trainer_1:_train_one_epoch:193 - epoch 33 6.05s Train loss is [0.3492] 
2024-10-10 23:54:36.424 | INFO     | trainer_1:_train_one_epoch:201 - validate 33 cost time 5.66s, result: {'hit@1': 0.0149, 'ndcg@1': 0.0149, 'hit@5': 0.056, 'ndcg@5': 0.0356, 'hit@10': 0.094, 'ndcg@10': 0.0478, 'hit@15': 0.1264, 'ndcg@15': 0.0564, 'hit@20': 0.1538, 'ndcg@20': 0.0628, 'hit@40': 0.2484, 'ndcg@40': 0.0821} 
2024-10-10 23:54:42.027 | INFO     | trainer_1:_train_one_epoch:209 - test 33 cost time 5.60s, result: {'hit@1': 0.011, 'ndcg@1': 0.011, 'hit@5': 0.0397, 'ndcg@5': 0.0253, 'hit@10': 0.0652, 'ndcg@10': 0.0336, 'hit@15': 0.0869, 'ndcg@15': 0.0393, 'hit@20': 0.1076, 'ndcg@20': 0.0442, 'hit@40': 0.1742, 'ndcg@40': 0.0577} 
2024-10-10 23:55:02.525 | INFO     | trainer_1:_train_one_epoch:193 - epoch 34 9.04s Train loss is [0.3600] 
2024-10-10 23:55:09.185 | INFO     | trainer_1:_train_one_epoch:201 - validate 34 cost time 6.66s, result: {'hit@1': 0.0152, 'ndcg@1': 0.0152, 'hit@5': 0.0559, 'ndcg@5': 0.0354, 'hit@10': 0.0895, 'ndcg@10': 0.0461, 'hit@15': 0.1194, 'ndcg@15': 0.054, 'hit@20': 0.1461, 'ndcg@20': 0.0604, 'hit@40': 0.2345, 'ndcg@40': 0.0784} 
2024-10-10 23:55:14.609 | INFO     | trainer_1:_train_one_epoch:209 - test 34 cost time 5.42s, result: {'hit@1': 0.0114, 'ndcg@1': 0.0114, 'hit@5': 0.0393, 'ndcg@5': 0.0254, 'hit@10': 0.0651, 'ndcg@10': 0.0337, 'hit@15': 0.087, 'ndcg@15': 0.0395, 'hit@20': 0.1065, 'ndcg@20': 0.0441, 'hit@40': 0.1704, 'ndcg@40': 0.0571} 
2024-10-10 23:55:21.060 | INFO     | trainer_1:_train_one_epoch:193 - epoch 35 6.45s Train loss is [0.3548] 
2024-10-10 23:55:27.335 | INFO     | trainer_1:_train_one_epoch:201 - validate 35 cost time 6.27s, result: {'hit@1': 0.0152, 'ndcg@1': 0.0152, 'hit@5': 0.0555, 'ndcg@5': 0.0353, 'hit@10': 0.0901, 'ndcg@10': 0.0464, 'hit@15': 0.1213, 'ndcg@15': 0.0547, 'hit@20': 0.1484, 'ndcg@20': 0.0611, 'hit@40': 0.2374, 'ndcg@40': 0.0792} 
2024-10-10 23:55:34.812 | INFO     | trainer_1:_train_one_epoch:209 - test 35 cost time 7.48s, result: {'hit@1': 0.0112, 'ndcg@1': 0.0112, 'hit@5': 0.0377, 'ndcg@5': 0.0244, 'hit@10': 0.063, 'ndcg@10': 0.0325, 'hit@15': 0.0838, 'ndcg@15': 0.038, 'hit@20': 0.1039, 'ndcg@20': 0.0427, 'hit@40': 0.1699, 'ndcg@40': 0.0561} 
2024-10-10 23:55:41.152 | INFO     | trainer_1:_train_one_epoch:193 - epoch 36 6.34s Train loss is [0.3577] 
2024-10-10 23:55:49.450 | INFO     | trainer_1:_train_one_epoch:201 - validate 36 cost time 8.30s, result: {'hit@1': 0.0152, 'ndcg@1': 0.0152, 'hit@5': 0.0562, 'ndcg@5': 0.0356, 'hit@10': 0.0916, 'ndcg@10': 0.047, 'hit@15': 0.1239, 'ndcg@15': 0.0555, 'hit@20': 0.1524, 'ndcg@20': 0.0622, 'hit@40': 0.2417, 'ndcg@40': 0.0804} 
2024-10-10 23:55:55.616 | INFO     | trainer_1:_train_one_epoch:209 - test 36 cost time 6.16s, result: {'hit@1': 0.0105, 'ndcg@1': 0.0105, 'hit@5': 0.0375, 'ndcg@5': 0.0239, 'hit@10': 0.0619, 'ndcg@10': 0.0317, 'hit@15': 0.0846, 'ndcg@15': 0.0377, 'hit@20': 0.1048, 'ndcg@20': 0.0425, 'hit@40': 0.1705, 'ndcg@40': 0.0558} 
2024-10-10 23:56:02.087 | INFO     | trainer_1:_train_one_epoch:193 - epoch 37 6.47s Train loss is [0.3624] 
2024-10-10 23:56:10.732 | INFO     | trainer_1:_train_one_epoch:201 - validate 37 cost time 8.64s, result: {'hit@1': 0.0155, 'ndcg@1': 0.0155, 'hit@5': 0.0583, 'ndcg@5': 0.0367, 'hit@10': 0.0966, 'ndcg@10': 0.049, 'hit@15': 0.1298, 'ndcg@15': 0.0578, 'hit@20': 0.1585, 'ndcg@20': 0.0646, 'hit@40': 0.2473, 'ndcg@40': 0.0827} 
2024-10-10 23:56:19.482 | INFO     | trainer_1:_train_one_epoch:209 - test 37 cost time 8.75s, result: {'hit@1': 0.0113, 'ndcg@1': 0.0113, 'hit@5': 0.0402, 'ndcg@5': 0.0256, 'hit@10': 0.0657, 'ndcg@10': 0.0337, 'hit@15': 0.0891, 'ndcg@15': 0.0399, 'hit@20': 0.1096, 'ndcg@20': 0.0447, 'hit@40': 0.1793, 'ndcg@40': 0.0589} 
2024-10-10 23:56:42.077 | INFO     | trainer_1:_train_one_epoch:193 - epoch 38 6.91s Train loss is [0.3415] 
2024-10-10 23:56:51.118 | INFO     | trainer_1:_train_one_epoch:201 - validate 38 cost time 9.04s, result: {'hit@1': 0.0164, 'ndcg@1': 0.0164, 'hit@5': 0.0566, 'ndcg@5': 0.0366, 'hit@10': 0.0938, 'ndcg@10': 0.0485, 'hit@15': 0.1256, 'ndcg@15': 0.0569, 'hit@20': 0.1543, 'ndcg@20': 0.0636, 'hit@40': 0.2415, 'ndcg@40': 0.0814} 
2024-10-10 23:56:59.970 | INFO     | trainer_1:_train_one_epoch:209 - test 38 cost time 8.85s, result: {'hit@1': 0.0115, 'ndcg@1': 0.0115, 'hit@5': 0.0388, 'ndcg@5': 0.0251, 'hit@10': 0.0641, 'ndcg@10': 0.0332, 'hit@15': 0.0867, 'ndcg@15': 0.0392, 'hit@20': 0.106, 'ndcg@20': 0.0437, 'hit@40': 0.1719, 'ndcg@40': 0.0571} 
2024-10-10 23:57:06.663 | INFO     | trainer_1:_train_one_epoch:193 - epoch 39 6.69s Train loss is [0.3443] 
2024-10-10 23:57:14.135 | INFO     | trainer_1:_train_one_epoch:201 - validate 39 cost time 7.47s, result: {'hit@1': 0.0154, 'ndcg@1': 0.0154, 'hit@5': 0.0582, 'ndcg@5': 0.0367, 'hit@10': 0.0973, 'ndcg@10': 0.0492, 'hit@15': 0.1282, 'ndcg@15': 0.0573, 'hit@20': 0.1545, 'ndcg@20': 0.0635, 'hit@40': 0.2453, 'ndcg@40': 0.0821} 
2024-10-10 23:57:22.754 | INFO     | trainer_1:_train_one_epoch:209 - test 39 cost time 8.62s, result: {'hit@1': 0.0115, 'ndcg@1': 0.0115, 'hit@5': 0.0396, 'ndcg@5': 0.0255, 'hit@10': 0.0667, 'ndcg@10': 0.0341, 'hit@15': 0.0906, 'ndcg@15': 0.0404, 'hit@20': 0.1107, 'ndcg@20': 0.0452, 'hit@40': 0.1788, 'ndcg@40': 0.059} 
2024-10-10 23:57:40.285 | INFO     | trainer_1:_train_one_epoch:193 - epoch 40 6.45s Train loss is [0.3444] 
2024-10-10 23:57:46.879 | INFO     | trainer_1:_train_one_epoch:201 - validate 40 cost time 6.59s, result: {'hit@1': 0.0157, 'ndcg@1': 0.0157, 'hit@5': 0.0584, 'ndcg@5': 0.0371, 'hit@10': 0.0958, 'ndcg@10': 0.0491, 'hit@15': 0.1276, 'ndcg@15': 0.0575, 'hit@20': 0.1565, 'ndcg@20': 0.0643, 'hit@40': 0.2447, 'ndcg@40': 0.0823} 
2024-10-10 23:57:53.318 | INFO     | trainer_1:_train_one_epoch:209 - test 40 cost time 6.44s, result: {'hit@1': 0.0111, 'ndcg@1': 0.0111, 'hit@5': 0.0383, 'ndcg@5': 0.0248, 'hit@10': 0.0655, 'ndcg@10': 0.0335, 'hit@15': 0.0885, 'ndcg@15': 0.0396, 'hit@20': 0.1085, 'ndcg@20': 0.0443, 'hit@40': 0.1754, 'ndcg@40': 0.0578} 
2024-10-10 23:57:59.936 | INFO     | trainer_1:_train_one_epoch:193 - epoch 41 6.62s Train loss is [0.3488] 
2024-10-10 23:58:08.905 | INFO     | trainer_1:_train_one_epoch:201 - validate 41 cost time 8.97s, result: {'hit@1': 0.0166, 'ndcg@1': 0.0166, 'hit@5': 0.0583, 'ndcg@5': 0.0375, 'hit@10': 0.0964, 'ndcg@10': 0.0497, 'hit@15': 0.1264, 'ndcg@15': 0.0576, 'hit@20': 0.1539, 'ndcg@20': 0.0641, 'hit@40': 0.2443, 'ndcg@40': 0.0826} 
2024-10-10 23:58:17.798 | INFO     | trainer_1:_train_one_epoch:209 - test 41 cost time 8.89s, result: {'hit@1': 0.0107, 'ndcg@1': 0.0107, 'hit@5': 0.0399, 'ndcg@5': 0.0252, 'hit@10': 0.0656, 'ndcg@10': 0.0334, 'hit@15': 0.0884, 'ndcg@15': 0.0395, 'hit@20': 0.1085, 'ndcg@20': 0.0442, 'hit@40': 0.175, 'ndcg@40': 0.0577} 
2024-10-10 23:58:24.266 | INFO     | trainer_1:_train_one_epoch:193 - epoch 42 6.47s Train loss is [0.3388] 
2024-10-10 23:58:30.074 | INFO     | trainer_1:_train_one_epoch:201 - validate 42 cost time 5.81s, result: {'hit@1': 0.0178, 'ndcg@1': 0.0178, 'hit@5': 0.0636, 'ndcg@5': 0.0405, 'hit@10': 0.1043, 'ndcg@10': 0.0535, 'hit@15': 0.1355, 'ndcg@15': 0.0617, 'hit@20': 0.1652, 'ndcg@20': 0.0687, 'hit@40': 0.2566, 'ndcg@40': 0.0874} 
2024-10-10 23:58:36.840 | INFO     | trainer_1:_train_one_epoch:209 - test 42 cost time 6.77s, result: {'hit@1': 0.0104, 'ndcg@1': 0.0104, 'hit@5': 0.0413, 'ndcg@5': 0.026, 'hit@10': 0.0689, 'ndcg@10': 0.0348, 'hit@15': 0.091, 'ndcg@15': 0.0406, 'hit@20': 0.1124, 'ndcg@20': 0.0456, 'hit@40': 0.1821, 'ndcg@40': 0.0598} 
2024-10-10 23:58:54.134 | INFO     | trainer_1:_train_one_epoch:193 - epoch 43 6.61s Train loss is [0.3387] 
2024-10-10 23:59:03.215 | INFO     | trainer_1:_train_one_epoch:201 - validate 43 cost time 9.08s, result: {'hit@1': 0.0163, 'ndcg@1': 0.0163, 'hit@5': 0.0581, 'ndcg@5': 0.0375, 'hit@10': 0.0985, 'ndcg@10': 0.0504, 'hit@15': 0.1304, 'ndcg@15': 0.0589, 'hit@20': 0.1608, 'ndcg@20': 0.066, 'hit@40': 0.2511, 'ndcg@40': 0.0844} 
2024-10-10 23:59:10.437 | INFO     | trainer_1:_train_one_epoch:209 - test 43 cost time 7.22s, result: {'hit@1': 0.0111, 'ndcg@1': 0.0111, 'hit@5': 0.0409, 'ndcg@5': 0.0258, 'hit@10': 0.068, 'ndcg@10': 0.0344, 'hit@15': 0.0907, 'ndcg@15': 0.0404, 'hit@20': 0.1112, 'ndcg@20': 0.0453, 'hit@40': 0.1779, 'ndcg@40': 0.0588} 
2024-10-10 23:59:16.989 | INFO     | trainer_1:_train_one_epoch:193 - epoch 44 6.55s Train loss is [0.3462] 
2024-10-10 23:59:24.794 | INFO     | trainer_1:_train_one_epoch:201 - validate 44 cost time 7.80s, result: {'hit@1': 0.017, 'ndcg@1': 0.017, 'hit@5': 0.0585, 'ndcg@5': 0.0379, 'hit@10': 0.0983, 'ndcg@10': 0.0507, 'hit@15': 0.1298, 'ndcg@15': 0.059, 'hit@20': 0.1579, 'ndcg@20': 0.0656, 'hit@40': 0.2479, 'ndcg@40': 0.0839} 
2024-10-10 23:59:33.727 | INFO     | trainer_1:_train_one_epoch:209 - test 44 cost time 8.93s, result: {'hit@1': 0.0115, 'ndcg@1': 0.0115, 'hit@5': 0.0402, 'ndcg@5': 0.0255, 'hit@10': 0.0692, 'ndcg@10': 0.0348, 'hit@15': 0.0927, 'ndcg@15': 0.041, 'hit@20': 0.1118, 'ndcg@20': 0.0456, 'hit@40': 0.179, 'ndcg@40': 0.0592} 
2024-10-10 23:59:51.217 | INFO     | trainer_1:_train_one_epoch:193 - epoch 45 6.71s Train loss is [0.3444] 
2024-10-10 23:59:58.232 | INFO     | trainer_1:_train_one_epoch:201 - validate 45 cost time 7.01s, result: {'hit@1': 0.0163, 'ndcg@1': 0.0163, 'hit@5': 0.0619, 'ndcg@5': 0.0392, 'hit@10': 0.1017, 'ndcg@10': 0.0519, 'hit@15': 0.1315, 'ndcg@15': 0.0598, 'hit@20': 0.1608, 'ndcg@20': 0.0667, 'hit@40': 0.2502, 'ndcg@40': 0.0849} 
2024-10-11 00:00:07.097 | INFO     | trainer_1:_train_one_epoch:209 - test 45 cost time 8.86s, result: {'hit@1': 0.0108, 'ndcg@1': 0.0108, 'hit@5': 0.042, 'ndcg@5': 0.0262, 'hit@10': 0.0705, 'ndcg@10': 0.0353, 'hit@15': 0.0938, 'ndcg@15': 0.0414, 'hit@20': 0.1141, 'ndcg@20': 0.0462, 'hit@40': 0.1803, 'ndcg@40': 0.0597} 
2024-10-11 00:00:24.058 | INFO     | trainer_1:_train_one_epoch:193 - epoch 46 6.46s Train loss is [0.3301] 
2024-10-11 00:00:30.690 | INFO     | trainer_1:_train_one_epoch:201 - validate 46 cost time 6.63s, result: {'hit@1': 0.0169, 'ndcg@1': 0.0169, 'hit@5': 0.0589, 'ndcg@5': 0.0379, 'hit@10': 0.0993, 'ndcg@10': 0.0508, 'hit@15': 0.1305, 'ndcg@15': 0.0591, 'hit@20': 0.156, 'ndcg@20': 0.0651, 'hit@40': 0.2459, 'ndcg@40': 0.0834} 
2024-10-11 00:00:38.295 | INFO     | trainer_1:_train_one_epoch:209 - test 46 cost time 7.60s, result: {'hit@1': 0.0104, 'ndcg@1': 0.0104, 'hit@5': 0.0416, 'ndcg@5': 0.026, 'hit@10': 0.0692, 'ndcg@10': 0.0348, 'hit@15': 0.0912, 'ndcg@15': 0.0406, 'hit@20': 0.1114, 'ndcg@20': 0.0454, 'hit@40': 0.1767, 'ndcg@40': 0.0587} 
2024-10-11 00:00:44.870 | INFO     | trainer_1:_train_one_epoch:193 - epoch 47 6.57s Train loss is [0.3331] 
2024-10-11 00:00:53.824 | INFO     | trainer_1:_train_one_epoch:201 - validate 47 cost time 8.95s, result: {'hit@1': 0.016, 'ndcg@1': 0.016, 'hit@5': 0.0572, 'ndcg@5': 0.0366, 'hit@10': 0.0962, 'ndcg@10': 0.0491, 'hit@15': 0.1262, 'ndcg@15': 0.0571, 'hit@20': 0.1538, 'ndcg@20': 0.0636, 'hit@40': 0.2417, 'ndcg@40': 0.0814} 
2024-10-11 00:01:02.338 | INFO     | trainer_1:_train_one_epoch:209 - test 47 cost time 8.51s, result: {'hit@1': 0.0101, 'ndcg@1': 0.0101, 'hit@5': 0.0383, 'ndcg@5': 0.0242, 'hit@10': 0.0653, 'ndcg@10': 0.0328, 'hit@15': 0.0873, 'ndcg@15': 0.0386, 'hit@20': 0.1081, 'ndcg@20': 0.0435, 'hit@40': 0.1725, 'ndcg@40': 0.0566} 
2024-10-11 00:01:08.635 | INFO     | trainer_1:_train_one_epoch:193 - epoch 48 6.30s Train loss is [0.3265] 
2024-10-11 00:01:14.617 | INFO     | trainer_1:_train_one_epoch:201 - validate 48 cost time 5.98s, result: {'hit@1': 0.0179, 'ndcg@1': 0.0179, 'hit@5': 0.0627, 'ndcg@5': 0.0401, 'hit@10': 0.1015, 'ndcg@10': 0.0525, 'hit@15': 0.1336, 'ndcg@15': 0.0609, 'hit@20': 0.1626, 'ndcg@20': 0.0678, 'hit@40': 0.2516, 'ndcg@40': 0.0859} 
2024-10-11 00:01:21.885 | INFO     | trainer_1:_train_one_epoch:209 - test 48 cost time 7.27s, result: {'hit@1': 0.011, 'ndcg@1': 0.011, 'hit@5': 0.0416, 'ndcg@5': 0.0263, 'hit@10': 0.0718, 'ndcg@10': 0.036, 'hit@15': 0.0952, 'ndcg@15': 0.0421, 'hit@20': 0.1145, 'ndcg@20': 0.0467, 'hit@40': 0.1825, 'ndcg@40': 0.0605} 
2024-10-11 00:01:38.765 | INFO     | trainer_1:_train_one_epoch:193 - epoch 49 6.25s Train loss is [0.3369] 
2024-10-11 00:01:44.399 | INFO     | trainer_1:_train_one_epoch:201 - validate 49 cost time 5.63s, result: {'hit@1': 0.0166, 'ndcg@1': 0.0166, 'hit@5': 0.0583, 'ndcg@5': 0.0375, 'hit@10': 0.0969, 'ndcg@10': 0.0499, 'hit@15': 0.1276, 'ndcg@15': 0.058, 'hit@20': 0.1542, 'ndcg@20': 0.0643, 'hit@40': 0.2442, 'ndcg@40': 0.0826} 
2024-10-11 00:01:50.796 | INFO     | trainer_1:_train_one_epoch:209 - test 49 cost time 6.40s, result: {'hit@1': 0.0103, 'ndcg@1': 0.0103, 'hit@5': 0.0406, 'ndcg@5': 0.0254, 'hit@10': 0.0673, 'ndcg@10': 0.0339, 'hit@15': 0.0903, 'ndcg@15': 0.04, 'hit@20': 0.1109, 'ndcg@20': 0.0449, 'hit@40': 0.1744, 'ndcg@40': 0.0578} 
2024-10-11 00:01:57.291 | INFO     | trainer_1:_train_one_epoch:193 - epoch 50 6.49s Train loss is [0.3383] 
2024-10-11 00:02:05.222 | INFO     | trainer_1:_train_one_epoch:201 - validate 50 cost time 7.93s, result: {'hit@1': 0.0158, 'ndcg@1': 0.0158, 'hit@5': 0.0598, 'ndcg@5': 0.0376, 'hit@10': 0.1002, 'ndcg@10': 0.0505, 'hit@15': 0.1334, 'ndcg@15': 0.0593, 'hit@20': 0.1608, 'ndcg@20': 0.0658, 'hit@40': 0.2538, 'ndcg@40': 0.0847} 
2024-10-11 00:02:14.129 | INFO     | trainer_1:_train_one_epoch:209 - test 50 cost time 8.91s, result: {'hit@1': 0.01, 'ndcg@1': 0.01, 'hit@5': 0.0403, 'ndcg@5': 0.025, 'hit@10': 0.0689, 'ndcg@10': 0.0342, 'hit@15': 0.0915, 'ndcg@15': 0.0402, 'hit@20': 0.1134, 'ndcg@20': 0.0453, 'hit@40': 0.1789, 'ndcg@40': 0.0586} 
2024-10-11 00:02:20.598 | INFO     | trainer_1:_train_one_epoch:193 - epoch 51 6.47s Train loss is [0.3334] 
2024-10-11 00:02:28.772 | INFO     | trainer_1:_train_one_epoch:201 - validate 51 cost time 8.17s, result: {'hit@1': 0.0165, 'ndcg@1': 0.0165, 'hit@5': 0.0626, 'ndcg@5': 0.0396, 'hit@10': 0.1037, 'ndcg@10': 0.0528, 'hit@15': 0.1359, 'ndcg@15': 0.0613, 'hit@20': 0.1646, 'ndcg@20': 0.068, 'hit@40': 0.2575, 'ndcg@40': 0.087} 
2024-10-11 00:02:35.237 | INFO     | trainer_1:_train_one_epoch:209 - test 51 cost time 6.46s, result: {'hit@1': 0.0106, 'ndcg@1': 0.0106, 'hit@5': 0.041, 'ndcg@5': 0.0257, 'hit@10': 0.0711, 'ndcg@10': 0.0353, 'hit@15': 0.095, 'ndcg@15': 0.0416, 'hit@20': 0.1153, 'ndcg@20': 0.0464, 'hit@40': 0.1849, 'ndcg@40': 0.0606} 
2024-10-11 00:02:41.843 | INFO     | trainer_1:_train_one_epoch:193 - epoch 52 6.61s Train loss is [0.3258] 
2024-10-11 00:02:50.268 | INFO     | trainer_1:_train_one_epoch:201 - validate 52 cost time 8.42s, result: {'hit@1': 0.0161, 'ndcg@1': 0.0161, 'hit@5': 0.0593, 'ndcg@5': 0.0376, 'hit@10': 0.0969, 'ndcg@10': 0.0496, 'hit@15': 0.1292, 'ndcg@15': 0.0581, 'hit@20': 0.1568, 'ndcg@20': 0.0646, 'hit@40': 0.2483, 'ndcg@40': 0.0833} 
2024-10-11 00:02:59.242 | INFO     | trainer_1:_train_one_epoch:209 - test 52 cost time 8.97s, result: {'hit@1': 0.0108, 'ndcg@1': 0.0108, 'hit@5': 0.0396, 'ndcg@5': 0.0252, 'hit@10': 0.0672, 'ndcg@10': 0.034, 'hit@15': 0.0908, 'ndcg@15': 0.0403, 'hit@20': 0.1107, 'ndcg@20': 0.045, 'hit@40': 0.1787, 'ndcg@40': 0.0588} 
2024-10-11 00:03:05.715 | INFO     | trainer_1:_train_one_epoch:193 - epoch 53 6.47s Train loss is [0.3307] 
2024-10-11 00:03:13.466 | INFO     | trainer_1:_train_one_epoch:201 - validate 53 cost time 7.75s, result: {'hit@1': 0.0163, 'ndcg@1': 0.0163, 'hit@5': 0.0604, 'ndcg@5': 0.0384, 'hit@10': 0.0976, 'ndcg@10': 0.0503, 'hit@15': 0.13, 'ndcg@15': 0.0589, 'hit@20': 0.1577, 'ndcg@20': 0.0654, 'hit@40': 0.2488, 'ndcg@40': 0.084} 
2024-10-11 00:03:20.196 | INFO     | trainer_1:_train_one_epoch:209 - test 53 cost time 6.73s, result: {'hit@1': 0.0105, 'ndcg@1': 0.0105, 'hit@5': 0.0404, 'ndcg@5': 0.0254, 'hit@10': 0.0676, 'ndcg@10': 0.0341, 'hit@15': 0.0886, 'ndcg@15': 0.0396, 'hit@20': 0.1088, 'ndcg@20': 0.0444, 'hit@40': 0.1775, 'ndcg@40': 0.0583} 
2024-10-11 00:03:20.206 | INFO     | trainer_1:train_model:163 - training end, best iteration 48, results: {'hit@1': 0.0179, 'ndcg@1': 0.0179, 'hit@5': 0.0627, 'ndcg@5': 0.0401, 'hit@10': 0.1015, 'ndcg@10': 0.0525, 'hit@15': 0.1336, 'ndcg@15': 0.0609, 'hit@20': 0.1626, 'ndcg@20': 0.0678, 'hit@40': 0.2516, 'ndcg@40': 0.0859}
2024-10-11 00:03:20.206 | INFO     | trainer_1:train_model:166 - final test result is:  {'hit@1': 0.011, 'ndcg@1': 0.011, 'hit@5': 0.0416, 'ndcg@5': 0.0263, 'hit@10': 0.0718, 'ndcg@10': 0.036, 'hit@15': 0.0952, 'ndcg@15': 0.0421, 'hit@20': 0.1145, 'ndcg@20': 0.0467, 'hit@40': 0.1825, 'ndcg@40': 0.0605}
2024-10-11 00:03:20.502 | INFO     | __main__:<module>:119 - train end total cost time: 3365.4982097148895
