2024-10-11 11:12:30.388 | INFO     | __main__:<module>:105 - Namespace(TIME='2024-10-11 11_11_49', batch_size=1024, behaviors=['view', 'cart', 'buy'], check_point='model_pre_1_2024-10-08 14_03_15.pth', data_name='taobao', data_path='./data/taobao', decay=0.001, device='cuda:0', dim_qk=32, dim_v=64, distill_layers=4, distill_thres=0.5, distill_topK=10, distill_userK=2, embedding_size=64, epochs=100, gpu_no=1, if_load_model=True, ii_lambda=200, initializer_range=0.02, layers=2, loss_type='bpr', lr=0.001, message_dropout=0.25, metrics=['hit', 'ndcg'], min_epoch=5, model_name='main_1_zz', model_path='./check_point', node_dropout=0.75, omega=1, pt_loop=50, reg_weight=0.001, test_batch_size=1024, testbatch=1024, topk=[1, 5, 10, 15, 20, 40], uu_lambda=100)
2024-10-11 11:12:30.388 | INFO     | __main__:<module>:106 - BIPN(
  (message_dropout): Dropout(p=0.25, inplace=False)
  (user_embedding): Embedding(48750, 64, padding_idx=0)
  (item_embedding): Embedding(39494, 64, padding_idx=0)
  (global_Graph): LightGCN()
  (Graph_encoder): ModuleDict(
    (view): GraphEncoder(
      (light): LightGCN()
      (dropout): Dropout(p=0.75, inplace=False)
    )
    (cart): GraphEncoder(
      (light): LightGCN()
      (dropout): Dropout(p=0.75, inplace=False)
    )
    (buy): GraphEncoder(
      (light): LightGCN()
      (dropout): Dropout(p=0.75, inplace=False)
    )
  )
  (attention): Mutual_Attention()
  (bpr_loss): BPRLoss()
  (emb_loss): EmbLoss()
  (f): Sigmoid()
)
2024-10-11 11:14:31.900 | INFO     | trainer_1:_train_one_epoch:193 - epoch 1 12.37s Train loss is [0.6155] 
2024-10-11 11:14:44.306 | INFO     | trainer_1:_train_one_epoch:201 - validate 1 cost time 12.41s, result: {'hit@1': 0.0442, 'ndcg@1': 0.0442, 'hit@5': 0.1116, 'ndcg@5': 0.0792, 'hit@10': 0.1464, 'ndcg@10': 0.0904, 'hit@15': 0.1693, 'ndcg@15': 0.0965, 'hit@20': 0.1865, 'ndcg@20': 0.1005, 'hit@40': 0.2304, 'ndcg@40': 0.1095} 
2024-10-11 11:14:56.594 | INFO     | trainer_1:_train_one_epoch:209 - test 1 cost time 12.29s, result: {'hit@1': 0.0355, 'ndcg@1': 0.0355, 'hit@5': 0.0933, 'ndcg@5': 0.0656, 'hit@10': 0.1232, 'ndcg@10': 0.0753, 'hit@15': 0.1422, 'ndcg@15': 0.0803, 'hit@20': 0.1564, 'ndcg@20': 0.0836, 'hit@40': 0.195, 'ndcg@40': 0.0915} 
2024-10-11 11:15:15.704 | INFO     | trainer_1:_train_one_epoch:193 - epoch 2 11.89s Train loss is [0.4240] 
2024-10-11 11:15:28.057 | INFO     | trainer_1:_train_one_epoch:201 - validate 2 cost time 12.35s, result: {'hit@1': 0.0467, 'ndcg@1': 0.0467, 'hit@5': 0.1229, 'ndcg@5': 0.0863, 'hit@10': 0.1615, 'ndcg@10': 0.0988, 'hit@15': 0.1846, 'ndcg@15': 0.1049, 'hit@20': 0.2035, 'ndcg@20': 0.1094, 'hit@40': 0.249, 'ndcg@40': 0.1187} 
2024-10-11 11:15:40.341 | INFO     | trainer_1:_train_one_epoch:209 - test 2 cost time 12.28s, result: {'hit@1': 0.0391, 'ndcg@1': 0.0391, 'hit@5': 0.105, 'ndcg@5': 0.0734, 'hit@10': 0.1385, 'ndcg@10': 0.0843, 'hit@15': 0.1588, 'ndcg@15': 0.0896, 'hit@20': 0.174, 'ndcg@20': 0.0932, 'hit@40': 0.2146, 'ndcg@40': 0.1015} 
2024-10-11 11:15:59.929 | INFO     | trainer_1:_train_one_epoch:193 - epoch 3 11.88s Train loss is [0.3799] 
2024-10-11 11:16:12.279 | INFO     | trainer_1:_train_one_epoch:201 - validate 3 cost time 12.35s, result: {'hit@1': 0.0489, 'ndcg@1': 0.0489, 'hit@5': 0.1285, 'ndcg@5': 0.0903, 'hit@10': 0.1688, 'ndcg@10': 0.1033, 'hit@15': 0.1939, 'ndcg@15': 0.11, 'hit@20': 0.2118, 'ndcg@20': 0.1142, 'hit@40': 0.2595, 'ndcg@40': 0.1239} 
2024-10-11 11:16:24.527 | INFO     | trainer_1:_train_one_epoch:209 - test 3 cost time 12.25s, result: {'hit@1': 0.0405, 'ndcg@1': 0.0405, 'hit@5': 0.1107, 'ndcg@5': 0.0768, 'hit@10': 0.1445, 'ndcg@10': 0.0877, 'hit@15': 0.1666, 'ndcg@15': 0.0936, 'hit@20': 0.1826, 'ndcg@20': 0.0973, 'hit@40': 0.2252, 'ndcg@40': 0.106} 
2024-10-11 11:16:43.568 | INFO     | trainer_1:_train_one_epoch:193 - epoch 4 11.87s Train loss is [0.3576] 
2024-10-11 11:16:55.898 | INFO     | trainer_1:_train_one_epoch:201 - validate 4 cost time 12.33s, result: {'hit@1': 0.0505, 'ndcg@1': 0.0505, 'hit@5': 0.1323, 'ndcg@5': 0.0932, 'hit@10': 0.1728, 'ndcg@10': 0.1063, 'hit@15': 0.1981, 'ndcg@15': 0.113, 'hit@20': 0.2168, 'ndcg@20': 0.1174, 'hit@40': 0.264, 'ndcg@40': 0.127} 
2024-10-11 11:17:08.140 | INFO     | trainer_1:_train_one_epoch:209 - test 4 cost time 12.24s, result: {'hit@1': 0.0413, 'ndcg@1': 0.0413, 'hit@5': 0.1112, 'ndcg@5': 0.0776, 'hit@10': 0.1475, 'ndcg@10': 0.0893, 'hit@15': 0.1696, 'ndcg@15': 0.0952, 'hit@20': 0.185, 'ndcg@20': 0.0988, 'hit@40': 0.2284, 'ndcg@40': 0.1077} 
2024-10-11 11:17:27.308 | INFO     | trainer_1:_train_one_epoch:193 - epoch 5 11.94s Train loss is [0.3450] 
2024-10-11 11:17:39.705 | INFO     | trainer_1:_train_one_epoch:201 - validate 5 cost time 12.40s, result: {'hit@1': 0.0521, 'ndcg@1': 0.0521, 'hit@5': 0.137, 'ndcg@5': 0.0963, 'hit@10': 0.1767, 'ndcg@10': 0.1091, 'hit@15': 0.2021, 'ndcg@15': 0.1158, 'hit@20': 0.2218, 'ndcg@20': 0.1205, 'hit@40': 0.2716, 'ndcg@40': 0.1307} 
2024-10-11 11:17:52.828 | INFO     | trainer_1:_train_one_epoch:209 - test 5 cost time 13.12s, result: {'hit@1': 0.0411, 'ndcg@1': 0.0411, 'hit@5': 0.1143, 'ndcg@5': 0.0791, 'hit@10': 0.1507, 'ndcg@10': 0.0909, 'hit@15': 0.1728, 'ndcg@15': 0.0968, 'hit@20': 0.1889, 'ndcg@20': 0.1006, 'hit@40': 0.2328, 'ndcg@40': 0.1095} 
2024-10-11 11:18:14.992 | INFO     | trainer_1:_train_one_epoch:193 - epoch 6 11.84s Train loss is [0.3358] 
2024-10-11 11:18:27.305 | INFO     | trainer_1:_train_one_epoch:201 - validate 6 cost time 12.31s, result: {'hit@1': 0.0527, 'ndcg@1': 0.0527, 'hit@5': 0.1393, 'ndcg@5': 0.0978, 'hit@10': 0.1809, 'ndcg@10': 0.1112, 'hit@15': 0.208, 'ndcg@15': 0.1184, 'hit@20': 0.2275, 'ndcg@20': 0.123, 'hit@40': 0.2761, 'ndcg@40': 0.133} 
2024-10-11 11:18:39.545 | INFO     | trainer_1:_train_one_epoch:209 - test 6 cost time 12.24s, result: {'hit@1': 0.0424, 'ndcg@1': 0.0424, 'hit@5': 0.1169, 'ndcg@5': 0.0811, 'hit@10': 0.1543, 'ndcg@10': 0.0932, 'hit@15': 0.1768, 'ndcg@15': 0.0992, 'hit@20': 0.1941, 'ndcg@20': 0.1032, 'hit@40': 0.2385, 'ndcg@40': 0.1123} 
2024-10-11 11:18:58.933 | INFO     | trainer_1:_train_one_epoch:193 - epoch 7 11.86s Train loss is [0.3252] 
2024-10-11 11:19:11.313 | INFO     | trainer_1:_train_one_epoch:201 - validate 7 cost time 12.38s, result: {'hit@1': 0.0525, 'ndcg@1': 0.0525, 'hit@5': 0.1401, 'ndcg@5': 0.0979, 'hit@10': 0.1823, 'ndcg@10': 0.1115, 'hit@15': 0.2095, 'ndcg@15': 0.1187, 'hit@20': 0.2287, 'ndcg@20': 0.1233, 'hit@40': 0.2771, 'ndcg@40': 0.1332} 
2024-10-11 11:19:23.602 | INFO     | trainer_1:_train_one_epoch:209 - test 7 cost time 12.29s, result: {'hit@1': 0.0431, 'ndcg@1': 0.0431, 'hit@5': 0.1198, 'ndcg@5': 0.0829, 'hit@10': 0.1573, 'ndcg@10': 0.0951, 'hit@15': 0.18, 'ndcg@15': 0.1011, 'hit@20': 0.1972, 'ndcg@20': 0.1051, 'hit@40': 0.2418, 'ndcg@40': 0.1142} 
2024-10-11 11:19:42.678 | INFO     | trainer_1:_train_one_epoch:193 - epoch 8 11.84s Train loss is [0.3142] 
2024-10-11 11:19:54.987 | INFO     | trainer_1:_train_one_epoch:201 - validate 8 cost time 12.31s, result: {'hit@1': 0.0528, 'ndcg@1': 0.0528, 'hit@5': 0.1393, 'ndcg@5': 0.0975, 'hit@10': 0.1823, 'ndcg@10': 0.1114, 'hit@15': 0.2097, 'ndcg@15': 0.1187, 'hit@20': 0.2289, 'ndcg@20': 0.1232, 'hit@40': 0.2786, 'ndcg@40': 0.1333} 
2024-10-11 11:20:07.231 | INFO     | trainer_1:_train_one_epoch:209 - test 8 cost time 12.24s, result: {'hit@1': 0.044, 'ndcg@1': 0.044, 'hit@5': 0.1199, 'ndcg@5': 0.0832, 'hit@10': 0.1579, 'ndcg@10': 0.0954, 'hit@15': 0.1808, 'ndcg@15': 0.1015, 'hit@20': 0.1979, 'ndcg@20': 0.1056, 'hit@40': 0.2414, 'ndcg@40': 0.1144} 
2024-10-11 11:20:26.308 | INFO     | trainer_1:_train_one_epoch:193 - epoch 9 11.92s Train loss is [0.3112] 
2024-10-11 11:20:38.662 | INFO     | trainer_1:_train_one_epoch:201 - validate 9 cost time 12.35s, result: {'hit@1': 0.0527, 'ndcg@1': 0.0527, 'hit@5': 0.1414, 'ndcg@5': 0.0986, 'hit@10': 0.1847, 'ndcg@10': 0.1125, 'hit@15': 0.2115, 'ndcg@15': 0.1196, 'hit@20': 0.2307, 'ndcg@20': 0.1241, 'hit@40': 0.2806, 'ndcg@40': 0.1344} 
2024-10-11 11:20:51.316 | INFO     | trainer_1:_train_one_epoch:209 - test 9 cost time 12.65s, result: {'hit@1': 0.0431, 'ndcg@1': 0.0431, 'hit@5': 0.1204, 'ndcg@5': 0.083, 'hit@10': 0.1582, 'ndcg@10': 0.0952, 'hit@15': 0.182, 'ndcg@15': 0.1015, 'hit@20': 0.1996, 'ndcg@20': 0.1057, 'hit@40': 0.2444, 'ndcg@40': 0.1149} 
2024-10-11 11:21:10.257 | INFO     | trainer_1:_train_one_epoch:193 - epoch 10 11.86s Train loss is [0.3059] 
2024-10-11 11:21:22.632 | INFO     | trainer_1:_train_one_epoch:201 - validate 10 cost time 12.37s, result: {'hit@1': 0.0529, 'ndcg@1': 0.0529, 'hit@5': 0.1418, 'ndcg@5': 0.0993, 'hit@10': 0.1863, 'ndcg@10': 0.1136, 'hit@15': 0.2135, 'ndcg@15': 0.1208, 'hit@20': 0.2325, 'ndcg@20': 0.1253, 'hit@40': 0.2835, 'ndcg@40': 0.1357} 
2024-10-11 11:21:35.068 | INFO     | trainer_1:_train_one_epoch:209 - test 10 cost time 12.44s, result: {'hit@1': 0.0437, 'ndcg@1': 0.0437, 'hit@5': 0.1208, 'ndcg@5': 0.0836, 'hit@10': 0.1598, 'ndcg@10': 0.0962, 'hit@15': 0.1834, 'ndcg@15': 0.1025, 'hit@20': 0.2007, 'ndcg@20': 0.1065, 'hit@40': 0.2473, 'ndcg@40': 0.1161} 
2024-10-11 11:21:54.226 | INFO     | trainer_1:_train_one_epoch:193 - epoch 11 11.91s Train loss is [0.3024] 
2024-10-11 11:22:06.571 | INFO     | trainer_1:_train_one_epoch:201 - validate 11 cost time 12.34s, result: {'hit@1': 0.0535, 'ndcg@1': 0.0535, 'hit@5': 0.1434, 'ndcg@5': 0.1001, 'hit@10': 0.1865, 'ndcg@10': 0.1141, 'hit@15': 0.2137, 'ndcg@15': 0.1213, 'hit@20': 0.233, 'ndcg@20': 0.1258, 'hit@40': 0.2826, 'ndcg@40': 0.1359} 
2024-10-11 11:22:18.906 | INFO     | trainer_1:_train_one_epoch:209 - test 11 cost time 12.33s, result: {'hit@1': 0.044, 'ndcg@1': 0.044, 'hit@5': 0.1219, 'ndcg@5': 0.0844, 'hit@10': 0.1616, 'ndcg@10': 0.0972, 'hit@15': 0.185, 'ndcg@15': 0.1034, 'hit@20': 0.2022, 'ndcg@20': 0.1075, 'hit@40': 0.2476, 'ndcg@40': 0.1167} 
2024-10-11 11:22:38.753 | INFO     | trainer_1:_train_one_epoch:193 - epoch 12 12.31s Train loss is [0.3014] 
2024-10-11 11:22:51.101 | INFO     | trainer_1:_train_one_epoch:201 - validate 12 cost time 12.35s, result: {'hit@1': 0.0543, 'ndcg@1': 0.0543, 'hit@5': 0.1429, 'ndcg@5': 0.1002, 'hit@10': 0.1869, 'ndcg@10': 0.1145, 'hit@15': 0.2138, 'ndcg@15': 0.1216, 'hit@20': 0.2336, 'ndcg@20': 0.1263, 'hit@40': 0.2851, 'ndcg@40': 0.1368} 
2024-10-11 11:23:03.382 | INFO     | trainer_1:_train_one_epoch:209 - test 12 cost time 12.28s, result: {'hit@1': 0.0439, 'ndcg@1': 0.0439, 'hit@5': 0.1229, 'ndcg@5': 0.0849, 'hit@10': 0.1627, 'ndcg@10': 0.0978, 'hit@15': 0.1863, 'ndcg@15': 0.104, 'hit@20': 0.2036, 'ndcg@20': 0.1081, 'hit@40': 0.2472, 'ndcg@40': 0.117} 
2024-10-11 11:23:23.593 | INFO     | trainer_1:_train_one_epoch:193 - epoch 13 12.63s Train loss is [0.2911] 
2024-10-11 11:23:36.158 | INFO     | trainer_1:_train_one_epoch:201 - validate 13 cost time 12.56s, result: {'hit@1': 0.0534, 'ndcg@1': 0.0534, 'hit@5': 0.1433, 'ndcg@5': 0.1, 'hit@10': 0.1881, 'ndcg@10': 0.1145, 'hit@15': 0.2155, 'ndcg@15': 0.1217, 'hit@20': 0.2346, 'ndcg@20': 0.1262, 'hit@40': 0.2849, 'ndcg@40': 0.1365} 
2024-10-11 11:23:48.740 | INFO     | trainer_1:_train_one_epoch:209 - test 13 cost time 12.58s, result: {'hit@1': 0.0443, 'ndcg@1': 0.0443, 'hit@5': 0.1248, 'ndcg@5': 0.0859, 'hit@10': 0.1636, 'ndcg@10': 0.0984, 'hit@15': 0.1867, 'ndcg@15': 0.1045, 'hit@20': 0.2035, 'ndcg@20': 0.1085, 'hit@40': 0.2494, 'ndcg@40': 0.1179} 
2024-10-11 11:24:09.486 | INFO     | trainer_1:_train_one_epoch:193 - epoch 14 13.22s Train loss is [0.2847] 
2024-10-11 11:24:22.891 | INFO     | trainer_1:_train_one_epoch:201 - validate 14 cost time 13.40s, result: {'hit@1': 0.0538, 'ndcg@1': 0.0538, 'hit@5': 0.1436, 'ndcg@5': 0.1003, 'hit@10': 0.1891, 'ndcg@10': 0.1151, 'hit@15': 0.2166, 'ndcg@15': 0.1223, 'hit@20': 0.2365, 'ndcg@20': 0.127, 'hit@40': 0.2872, 'ndcg@40': 0.1374} 
2024-10-11 11:24:36.099 | INFO     | trainer_1:_train_one_epoch:209 - test 14 cost time 13.21s, result: {'hit@1': 0.0433, 'ndcg@1': 0.0433, 'hit@5': 0.1248, 'ndcg@5': 0.0856, 'hit@10': 0.1641, 'ndcg@10': 0.0983, 'hit@15': 0.1877, 'ndcg@15': 0.1046, 'hit@20': 0.2063, 'ndcg@20': 0.109, 'hit@40': 0.2531, 'ndcg@40': 0.1185} 
2024-10-11 11:25:01.668 | INFO     | trainer_1:_train_one_epoch:193 - epoch 15 17.03s Train loss is [0.2911] 
2024-10-11 11:25:14.929 | INFO     | trainer_1:_train_one_epoch:201 - validate 15 cost time 13.26s, result: {'hit@1': 0.0538, 'ndcg@1': 0.0538, 'hit@5': 0.1454, 'ndcg@5': 0.1012, 'hit@10': 0.1894, 'ndcg@10': 0.1154, 'hit@15': 0.2163, 'ndcg@15': 0.1226, 'hit@20': 0.2367, 'ndcg@20': 0.1274, 'hit@40': 0.2874, 'ndcg@40': 0.1377} 
2024-10-11 11:25:27.494 | INFO     | trainer_1:_train_one_epoch:209 - test 15 cost time 12.56s, result: {'hit@1': 0.0433, 'ndcg@1': 0.0433, 'hit@5': 0.1244, 'ndcg@5': 0.0855, 'hit@10': 0.1645, 'ndcg@10': 0.0985, 'hit@15': 0.1882, 'ndcg@15': 0.1047, 'hit@20': 0.2065, 'ndcg@20': 0.1091, 'hit@40': 0.2546, 'ndcg@40': 0.1189} 
2024-10-11 11:25:50.964 | INFO     | trainer_1:_train_one_epoch:193 - epoch 16 15.11s Train loss is [0.2828] 
2024-10-11 11:26:03.481 | INFO     | trainer_1:_train_one_epoch:201 - validate 16 cost time 12.52s, result: {'hit@1': 0.0539, 'ndcg@1': 0.0539, 'hit@5': 0.1453, 'ndcg@5': 0.1012, 'hit@10': 0.1907, 'ndcg@10': 0.116, 'hit@15': 0.2191, 'ndcg@15': 0.1235, 'hit@20': 0.2392, 'ndcg@20': 0.1282, 'hit@40': 0.2903, 'ndcg@40': 0.1386} 
2024-10-11 11:26:17.056 | INFO     | trainer_1:_train_one_epoch:209 - test 16 cost time 13.57s, result: {'hit@1': 0.0439, 'ndcg@1': 0.0439, 'hit@5': 0.1251, 'ndcg@5': 0.0861, 'hit@10': 0.1639, 'ndcg@10': 0.0987, 'hit@15': 0.1876, 'ndcg@15': 0.105, 'hit@20': 0.2061, 'ndcg@20': 0.1093, 'hit@40': 0.2528, 'ndcg@40': 0.1189} 
2024-10-11 11:26:30.537 | INFO     | trainer_1:_train_one_epoch:193 - epoch 17 13.48s Train loss is [0.2809] 
2024-10-11 11:26:43.031 | INFO     | trainer_1:_train_one_epoch:201 - validate 17 cost time 12.49s, result: {'hit@1': 0.0542, 'ndcg@1': 0.0542, 'hit@5': 0.146, 'ndcg@5': 0.1017, 'hit@10': 0.1903, 'ndcg@10': 0.116, 'hit@15': 0.2187, 'ndcg@15': 0.1235, 'hit@20': 0.2395, 'ndcg@20': 0.1284, 'hit@40': 0.2895, 'ndcg@40': 0.1386} 
2024-10-11 11:26:55.634 | INFO     | trainer_1:_train_one_epoch:209 - test 17 cost time 12.60s, result: {'hit@1': 0.0439, 'ndcg@1': 0.0439, 'hit@5': 0.1258, 'ndcg@5': 0.0864, 'hit@10': 0.165, 'ndcg@10': 0.099, 'hit@15': 0.1888, 'ndcg@15': 0.1054, 'hit@20': 0.2078, 'ndcg@20': 0.1098, 'hit@40': 0.2539, 'ndcg@40': 0.1193} 
2024-10-11 11:27:27.560 | INFO     | trainer_1:_train_one_epoch:193 - epoch 18 16.60s Train loss is [0.2839] 
2024-10-11 11:27:40.572 | INFO     | trainer_1:_train_one_epoch:201 - validate 18 cost time 13.01s, result: {'hit@1': 0.0539, 'ndcg@1': 0.0539, 'hit@5': 0.1458, 'ndcg@5': 0.1015, 'hit@10': 0.19, 'ndcg@10': 0.1158, 'hit@15': 0.2174, 'ndcg@15': 0.123, 'hit@20': 0.238, 'ndcg@20': 0.1279, 'hit@40': 0.2902, 'ndcg@40': 0.1386} 
2024-10-11 11:27:53.519 | INFO     | trainer_1:_train_one_epoch:209 - test 18 cost time 12.95s, result: {'hit@1': 0.0441, 'ndcg@1': 0.0441, 'hit@5': 0.1253, 'ndcg@5': 0.0863, 'hit@10': 0.1648, 'ndcg@10': 0.099, 'hit@15': 0.1896, 'ndcg@15': 0.1056, 'hit@20': 0.2079, 'ndcg@20': 0.1099, 'hit@40': 0.2558, 'ndcg@40': 0.1197} 
2024-10-11 11:28:11.689 | INFO     | trainer_1:_train_one_epoch:193 - epoch 19 18.17s Train loss is [0.2773] 
2024-10-11 11:28:27.187 | INFO     | trainer_1:_train_one_epoch:201 - validate 19 cost time 15.50s, result: {'hit@1': 0.0539, 'ndcg@1': 0.0539, 'hit@5': 0.1461, 'ndcg@5': 0.1017, 'hit@10': 0.1908, 'ndcg@10': 0.1162, 'hit@15': 0.2185, 'ndcg@15': 0.1236, 'hit@20': 0.2391, 'ndcg@20': 0.1284, 'hit@40': 0.291, 'ndcg@40': 0.139} 
2024-10-11 11:28:42.331 | INFO     | trainer_1:_train_one_epoch:209 - test 19 cost time 15.14s, result: {'hit@1': 0.0447, 'ndcg@1': 0.0447, 'hit@5': 0.1247, 'ndcg@5': 0.0863, 'hit@10': 0.1657, 'ndcg@10': 0.0996, 'hit@15': 0.19, 'ndcg@15': 0.106, 'hit@20': 0.2096, 'ndcg@20': 0.1106, 'hit@40': 0.2571, 'ndcg@40': 0.1203} 
2024-10-11 11:29:07.077 | INFO     | trainer_1:_train_one_epoch:193 - epoch 20 17.19s Train loss is [0.2810] 
2024-10-11 11:29:22.732 | INFO     | trainer_1:_train_one_epoch:201 - validate 20 cost time 15.66s, result: {'hit@1': 0.0538, 'ndcg@1': 0.0538, 'hit@5': 0.1471, 'ndcg@5': 0.1023, 'hit@10': 0.1916, 'ndcg@10': 0.1167, 'hit@15': 0.2187, 'ndcg@15': 0.1239, 'hit@20': 0.2394, 'ndcg@20': 0.1288, 'hit@40': 0.2918, 'ndcg@40': 0.1395} 
2024-10-11 11:29:38.004 | INFO     | trainer_1:_train_one_epoch:209 - test 20 cost time 15.27s, result: {'hit@1': 0.0448, 'ndcg@1': 0.0448, 'hit@5': 0.1248, 'ndcg@5': 0.0864, 'hit@10': 0.1657, 'ndcg@10': 0.0996, 'hit@15': 0.1909, 'ndcg@15': 0.1062, 'hit@20': 0.2096, 'ndcg@20': 0.1106, 'hit@40': 0.2566, 'ndcg@40': 0.1202} 
2024-10-11 11:29:52.758 | INFO     | trainer_1:_train_one_epoch:193 - epoch 21 14.75s Train loss is [0.2744] 
2024-10-11 11:30:05.732 | INFO     | trainer_1:_train_one_epoch:201 - validate 21 cost time 12.97s, result: {'hit@1': 0.0542, 'ndcg@1': 0.0542, 'hit@5': 0.147, 'ndcg@5': 0.1024, 'hit@10': 0.1912, 'ndcg@10': 0.1167, 'hit@15': 0.2191, 'ndcg@15': 0.1241, 'hit@20': 0.2397, 'ndcg@20': 0.1289, 'hit@40': 0.2927, 'ndcg@40': 0.1398} 
2024-10-11 11:30:18.193 | INFO     | trainer_1:_train_one_epoch:209 - test 21 cost time 12.46s, result: {'hit@1': 0.0452, 'ndcg@1': 0.0452, 'hit@5': 0.1258, 'ndcg@5': 0.0871, 'hit@10': 0.1657, 'ndcg@10': 0.1, 'hit@15': 0.1903, 'ndcg@15': 0.1065, 'hit@20': 0.2094, 'ndcg@20': 0.111, 'hit@40': 0.2577, 'ndcg@40': 0.1209} 
2024-10-11 11:30:30.371 | INFO     | trainer_1:_train_one_epoch:193 - epoch 22 12.18s Train loss is [0.2695] 
2024-10-11 11:30:43.125 | INFO     | trainer_1:_train_one_epoch:201 - validate 22 cost time 12.75s, result: {'hit@1': 0.053, 'ndcg@1': 0.053, 'hit@5': 0.1464, 'ndcg@5': 0.1015, 'hit@10': 0.1919, 'ndcg@10': 0.1162, 'hit@15': 0.2205, 'ndcg@15': 0.1237, 'hit@20': 0.2416, 'ndcg@20': 0.1287, 'hit@40': 0.2941, 'ndcg@40': 0.1395} 
2024-10-11 11:30:56.135 | INFO     | trainer_1:_train_one_epoch:209 - test 22 cost time 13.01s, result: {'hit@1': 0.0451, 'ndcg@1': 0.0451, 'hit@5': 0.1264, 'ndcg@5': 0.0872, 'hit@10': 0.1674, 'ndcg@10': 0.1005, 'hit@15': 0.1927, 'ndcg@15': 0.1072, 'hit@20': 0.2112, 'ndcg@20': 0.1116, 'hit@40': 0.2583, 'ndcg@40': 0.1212} 
2024-10-11 11:31:24.718 | INFO     | trainer_1:_train_one_epoch:193 - epoch 23 20.42s Train loss is [0.2694] 
2024-10-11 11:31:37.801 | INFO     | trainer_1:_train_one_epoch:201 - validate 23 cost time 13.08s, result: {'hit@1': 0.0531, 'ndcg@1': 0.0531, 'hit@5': 0.1472, 'ndcg@5': 0.102, 'hit@10': 0.1929, 'ndcg@10': 0.1167, 'hit@15': 0.2202, 'ndcg@15': 0.1239, 'hit@20': 0.2428, 'ndcg@20': 0.1292, 'hit@40': 0.2952, 'ndcg@40': 0.14} 
2024-10-11 11:31:50.835 | INFO     | trainer_1:_train_one_epoch:209 - test 23 cost time 13.03s, result: {'hit@1': 0.0449, 'ndcg@1': 0.0449, 'hit@5': 0.1261, 'ndcg@5': 0.087, 'hit@10': 0.1667, 'ndcg@10': 0.1001, 'hit@15': 0.1919, 'ndcg@15': 0.1068, 'hit@20': 0.2108, 'ndcg@20': 0.1113, 'hit@40': 0.2585, 'ndcg@40': 0.121} 
2024-10-11 11:32:07.275 | INFO     | trainer_1:_train_one_epoch:193 - epoch 24 16.44s Train loss is [0.2708] 
2024-10-11 11:32:20.183 | INFO     | trainer_1:_train_one_epoch:201 - validate 24 cost time 12.91s, result: {'hit@1': 0.0536, 'ndcg@1': 0.0536, 'hit@5': 0.1474, 'ndcg@5': 0.1022, 'hit@10': 0.1925, 'ndcg@10': 0.1168, 'hit@15': 0.2216, 'ndcg@15': 0.1245, 'hit@20': 0.2426, 'ndcg@20': 0.1295, 'hit@40': 0.296, 'ndcg@40': 0.1404} 
2024-10-11 11:32:33.450 | INFO     | trainer_1:_train_one_epoch:209 - test 24 cost time 13.27s, result: {'hit@1': 0.0446, 'ndcg@1': 0.0446, 'hit@5': 0.126, 'ndcg@5': 0.0868, 'hit@10': 0.1671, 'ndcg@10': 0.1001, 'hit@15': 0.1923, 'ndcg@15': 0.1067, 'hit@20': 0.211, 'ndcg@20': 0.1112, 'hit@40': 0.2598, 'ndcg@40': 0.1212} 
2024-10-11 11:32:49.476 | INFO     | trainer_1:_train_one_epoch:193 - epoch 25 16.02s Train loss is [0.2668] 
2024-10-11 11:33:02.427 | INFO     | trainer_1:_train_one_epoch:201 - validate 25 cost time 12.95s, result: {'hit@1': 0.0537, 'ndcg@1': 0.0537, 'hit@5': 0.1467, 'ndcg@5': 0.1018, 'hit@10': 0.1932, 'ndcg@10': 0.1168, 'hit@15': 0.2218, 'ndcg@15': 0.1243, 'hit@20': 0.2424, 'ndcg@20': 0.1292, 'hit@40': 0.2957, 'ndcg@40': 0.1401} 
2024-10-11 11:33:15.198 | INFO     | trainer_1:_train_one_epoch:209 - test 25 cost time 12.77s, result: {'hit@1': 0.0446, 'ndcg@1': 0.0446, 'hit@5': 0.1265, 'ndcg@5': 0.0869, 'hit@10': 0.1683, 'ndcg@10': 0.1005, 'hit@15': 0.1936, 'ndcg@15': 0.1072, 'hit@20': 0.2118, 'ndcg@20': 0.1115, 'hit@40': 0.2606, 'ndcg@40': 0.1215} 
2024-10-11 11:33:38.732 | INFO     | trainer_1:_train_one_epoch:193 - epoch 26 16.17s Train loss is [0.2662] 
2024-10-11 11:33:51.620 | INFO     | trainer_1:_train_one_epoch:201 - validate 26 cost time 12.89s, result: {'hit@1': 0.0539, 'ndcg@1': 0.0539, 'hit@5': 0.1473, 'ndcg@5': 0.1024, 'hit@10': 0.1932, 'ndcg@10': 0.1172, 'hit@15': 0.2227, 'ndcg@15': 0.125, 'hit@20': 0.244, 'ndcg@20': 0.1301, 'hit@40': 0.2977, 'ndcg@40': 0.1411} 
2024-10-11 11:34:04.370 | INFO     | trainer_1:_train_one_epoch:209 - test 26 cost time 12.75s, result: {'hit@1': 0.0445, 'ndcg@1': 0.0445, 'hit@5': 0.1278, 'ndcg@5': 0.0876, 'hit@10': 0.1688, 'ndcg@10': 0.1009, 'hit@15': 0.1942, 'ndcg@15': 0.1076, 'hit@20': 0.2134, 'ndcg@20': 0.1121, 'hit@40': 0.2617, 'ndcg@40': 0.122} 
2024-10-11 11:34:28.353 | INFO     | trainer_1:_train_one_epoch:193 - epoch 27 16.23s Train loss is [0.2601] 
2024-10-11 11:34:41.318 | INFO     | trainer_1:_train_one_epoch:201 - validate 27 cost time 12.96s, result: {'hit@1': 0.0539, 'ndcg@1': 0.0539, 'hit@5': 0.1476, 'ndcg@5': 0.1024, 'hit@10': 0.1948, 'ndcg@10': 0.1176, 'hit@15': 0.2237, 'ndcg@15': 0.1253, 'hit@20': 0.2458, 'ndcg@20': 0.1305, 'hit@40': 0.2982, 'ndcg@40': 0.1412} 
2024-10-11 11:34:54.082 | INFO     | trainer_1:_train_one_epoch:209 - test 27 cost time 12.76s, result: {'hit@1': 0.0446, 'ndcg@1': 0.0446, 'hit@5': 0.1265, 'ndcg@5': 0.087, 'hit@10': 0.1681, 'ndcg@10': 0.1005, 'hit@15': 0.1939, 'ndcg@15': 0.1073, 'hit@20': 0.2134, 'ndcg@20': 0.1119, 'hit@40': 0.2629, 'ndcg@40': 0.122} 
2024-10-11 11:35:10.275 | INFO     | trainer_1:_train_one_epoch:193 - epoch 28 16.19s Train loss is [0.2624] 
2024-10-11 11:35:23.536 | INFO     | trainer_1:_train_one_epoch:201 - validate 28 cost time 13.26s, result: {'hit@1': 0.0536, 'ndcg@1': 0.0536, 'hit@5': 0.1484, 'ndcg@5': 0.1028, 'hit@10': 0.1969, 'ndcg@10': 0.1185, 'hit@15': 0.2248, 'ndcg@15': 0.1259, 'hit@20': 0.246, 'ndcg@20': 0.1309, 'hit@40': 0.2992, 'ndcg@40': 0.1417} 
2024-10-11 11:35:37.112 | INFO     | trainer_1:_train_one_epoch:209 - test 28 cost time 13.58s, result: {'hit@1': 0.0457, 'ndcg@1': 0.0457, 'hit@5': 0.1267, 'ndcg@5': 0.0877, 'hit@10': 0.1697, 'ndcg@10': 0.1016, 'hit@15': 0.1944, 'ndcg@15': 0.1082, 'hit@20': 0.2134, 'ndcg@20': 0.1127, 'hit@40': 0.2626, 'ndcg@40': 0.1227} 
2024-10-11 11:36:03.816 | INFO     | trainer_1:_train_one_epoch:193 - epoch 29 18.74s Train loss is [0.2594] 
2024-10-11 11:36:17.311 | INFO     | trainer_1:_train_one_epoch:201 - validate 29 cost time 13.50s, result: {'hit@1': 0.0533, 'ndcg@1': 0.0533, 'hit@5': 0.1481, 'ndcg@5': 0.1026, 'hit@10': 0.1951, 'ndcg@10': 0.1178, 'hit@15': 0.224, 'ndcg@15': 0.1254, 'hit@20': 0.2454, 'ndcg@20': 0.1305, 'hit@40': 0.3, 'ndcg@40': 0.1416} 
2024-10-11 11:36:30.606 | INFO     | trainer_1:_train_one_epoch:209 - test 29 cost time 13.29s, result: {'hit@1': 0.0454, 'ndcg@1': 0.0454, 'hit@5': 0.1273, 'ndcg@5': 0.0876, 'hit@10': 0.1693, 'ndcg@10': 0.1012, 'hit@15': 0.195, 'ndcg@15': 0.108, 'hit@20': 0.2144, 'ndcg@20': 0.1126, 'hit@40': 0.2631, 'ndcg@40': 0.1225} 
2024-10-11 11:36:49.435 | INFO     | trainer_1:_train_one_epoch:193 - epoch 30 18.83s Train loss is [0.2571] 
2024-10-11 11:37:02.917 | INFO     | trainer_1:_train_one_epoch:201 - validate 30 cost time 13.48s, result: {'hit@1': 0.0529, 'ndcg@1': 0.0529, 'hit@5': 0.1497, 'ndcg@5': 0.1031, 'hit@10': 0.1957, 'ndcg@10': 0.118, 'hit@15': 0.2242, 'ndcg@15': 0.1255, 'hit@20': 0.2462, 'ndcg@20': 0.1307, 'hit@40': 0.2996, 'ndcg@40': 0.1416} 
2024-10-11 11:37:16.183 | INFO     | trainer_1:_train_one_epoch:209 - test 30 cost time 13.27s, result: {'hit@1': 0.0455, 'ndcg@1': 0.0455, 'hit@5': 0.1272, 'ndcg@5': 0.0879, 'hit@10': 0.1693, 'ndcg@10': 0.1015, 'hit@15': 0.1951, 'ndcg@15': 0.1083, 'hit@20': 0.2141, 'ndcg@20': 0.1128, 'hit@40': 0.2643, 'ndcg@40': 0.1231} 
2024-10-11 11:37:33.827 | INFO     | trainer_1:_train_one_epoch:193 - epoch 31 17.64s Train loss is [0.2606] 
2024-10-11 11:37:47.289 | INFO     | trainer_1:_train_one_epoch:201 - validate 31 cost time 13.46s, result: {'hit@1': 0.0535, 'ndcg@1': 0.0535, 'hit@5': 0.1493, 'ndcg@5': 0.1031, 'hit@10': 0.1964, 'ndcg@10': 0.1183, 'hit@15': 0.2238, 'ndcg@15': 0.1255, 'hit@20': 0.2455, 'ndcg@20': 0.1307, 'hit@40': 0.2981, 'ndcg@40': 0.1414} 
2024-10-11 11:38:00.566 | INFO     | trainer_1:_train_one_epoch:209 - test 31 cost time 13.28s, result: {'hit@1': 0.0455, 'ndcg@1': 0.0455, 'hit@5': 0.1274, 'ndcg@5': 0.0878, 'hit@10': 0.1696, 'ndcg@10': 0.1014, 'hit@15': 0.1954, 'ndcg@15': 0.1083, 'hit@20': 0.2135, 'ndcg@20': 0.1125, 'hit@40': 0.2629, 'ndcg@40': 0.1226} 
2024-10-11 11:38:17.573 | INFO     | trainer_1:_train_one_epoch:193 - epoch 32 17.01s Train loss is [0.2557] 
2024-10-11 11:38:31.023 | INFO     | trainer_1:_train_one_epoch:201 - validate 32 cost time 13.45s, result: {'hit@1': 0.0535, 'ndcg@1': 0.0535, 'hit@5': 0.1485, 'ndcg@5': 0.1027, 'hit@10': 0.1951, 'ndcg@10': 0.1179, 'hit@15': 0.2235, 'ndcg@15': 0.1254, 'hit@20': 0.2451, 'ndcg@20': 0.1305, 'hit@40': 0.3, 'ndcg@40': 0.1417} 
2024-10-11 11:38:44.304 | INFO     | trainer_1:_train_one_epoch:209 - test 32 cost time 13.28s, result: {'hit@1': 0.0461, 'ndcg@1': 0.0461, 'hit@5': 0.1264, 'ndcg@5': 0.0876, 'hit@10': 0.1694, 'ndcg@10': 0.1015, 'hit@15': 0.1948, 'ndcg@15': 0.1082, 'hit@20': 0.2133, 'ndcg@20': 0.1126, 'hit@40': 0.261, 'ndcg@40': 0.1224} 
2024-10-11 11:39:01.304 | INFO     | trainer_1:_train_one_epoch:193 - epoch 33 17.00s Train loss is [0.2615] 
2024-10-11 11:39:14.758 | INFO     | trainer_1:_train_one_epoch:201 - validate 33 cost time 13.45s, result: {'hit@1': 0.0536, 'ndcg@1': 0.0536, 'hit@5': 0.1493, 'ndcg@5': 0.1031, 'hit@10': 0.1957, 'ndcg@10': 0.1182, 'hit@15': 0.2255, 'ndcg@15': 0.1261, 'hit@20': 0.2477, 'ndcg@20': 0.1313, 'hit@40': 0.3003, 'ndcg@40': 0.1421} 
2024-10-11 11:39:28.023 | INFO     | trainer_1:_train_one_epoch:209 - test 33 cost time 13.26s, result: {'hit@1': 0.0453, 'ndcg@1': 0.0453, 'hit@5': 0.1277, 'ndcg@5': 0.088, 'hit@10': 0.1702, 'ndcg@10': 0.1017, 'hit@15': 0.1959, 'ndcg@15': 0.1086, 'hit@20': 0.2139, 'ndcg@20': 0.1128, 'hit@40': 0.2618, 'ndcg@40': 0.1226} 
2024-10-11 11:39:52.573 | INFO     | trainer_1:_train_one_epoch:193 - epoch 34 16.89s Train loss is [0.2600] 
2024-10-11 11:40:06.026 | INFO     | trainer_1:_train_one_epoch:201 - validate 34 cost time 13.45s, result: {'hit@1': 0.0545, 'ndcg@1': 0.0545, 'hit@5': 0.1497, 'ndcg@5': 0.1038, 'hit@10': 0.1965, 'ndcg@10': 0.1189, 'hit@15': 0.2267, 'ndcg@15': 0.1269, 'hit@20': 0.2484, 'ndcg@20': 0.132, 'hit@40': 0.3032, 'ndcg@40': 0.1433} 
2024-10-11 11:40:19.281 | INFO     | trainer_1:_train_one_epoch:209 - test 34 cost time 13.25s, result: {'hit@1': 0.0456, 'ndcg@1': 0.0456, 'hit@5': 0.1282, 'ndcg@5': 0.0883, 'hit@10': 0.1705, 'ndcg@10': 0.102, 'hit@15': 0.1966, 'ndcg@15': 0.1089, 'hit@20': 0.2146, 'ndcg@20': 0.1132, 'hit@40': 0.2635, 'ndcg@40': 0.1232} 
2024-10-11 11:40:44.521 | INFO     | trainer_1:_train_one_epoch:193 - epoch 35 17.05s Train loss is [0.2580] 
2024-10-11 11:40:57.915 | INFO     | trainer_1:_train_one_epoch:201 - validate 35 cost time 13.39s, result: {'hit@1': 0.0542, 'ndcg@1': 0.0542, 'hit@5': 0.1495, 'ndcg@5': 0.1037, 'hit@10': 0.1967, 'ndcg@10': 0.1189, 'hit@15': 0.2255, 'ndcg@15': 0.1266, 'hit@20': 0.2476, 'ndcg@20': 0.1318, 'hit@40': 0.3024, 'ndcg@40': 0.143} 
2024-10-11 11:41:11.132 | INFO     | trainer_1:_train_one_epoch:209 - test 35 cost time 13.22s, result: {'hit@1': 0.0455, 'ndcg@1': 0.0455, 'hit@5': 0.1265, 'ndcg@5': 0.0873, 'hit@10': 0.1708, 'ndcg@10': 0.1017, 'hit@15': 0.1947, 'ndcg@15': 0.108, 'hit@20': 0.2136, 'ndcg@20': 0.1125, 'hit@40': 0.2627, 'ndcg@40': 0.1225} 
2024-10-11 11:41:40.880 | INFO     | trainer_1:_train_one_epoch:193 - epoch 36 21.84s Train loss is [0.2562] 
2024-10-11 11:41:56.693 | INFO     | trainer_1:_train_one_epoch:201 - validate 36 cost time 15.81s, result: {'hit@1': 0.0547, 'ndcg@1': 0.0547, 'hit@5': 0.1499, 'ndcg@5': 0.1039, 'hit@10': 0.1969, 'ndcg@10': 0.1191, 'hit@15': 0.2261, 'ndcg@15': 0.1268, 'hit@20': 0.2478, 'ndcg@20': 0.1319, 'hit@40': 0.302, 'ndcg@40': 0.143} 
2024-10-11 11:42:12.324 | INFO     | trainer_1:_train_one_epoch:209 - test 36 cost time 15.63s, result: {'hit@1': 0.0458, 'ndcg@1': 0.0458, 'hit@5': 0.1284, 'ndcg@5': 0.0883, 'hit@10': 0.1703, 'ndcg@10': 0.1019, 'hit@15': 0.1961, 'ndcg@15': 0.1087, 'hit@20': 0.2143, 'ndcg@20': 0.113, 'hit@40': 0.264, 'ndcg@40': 0.1232} 
2024-10-11 11:42:30.494 | INFO     | trainer_1:_train_one_epoch:193 - epoch 37 18.17s Train loss is [0.2585] 
2024-10-11 11:42:46.291 | INFO     | trainer_1:_train_one_epoch:201 - validate 37 cost time 15.80s, result: {'hit@1': 0.055, 'ndcg@1': 0.055, 'hit@5': 0.1505, 'ndcg@5': 0.1044, 'hit@10': 0.1977, 'ndcg@10': 0.1197, 'hit@15': 0.2264, 'ndcg@15': 0.1273, 'hit@20': 0.2487, 'ndcg@20': 0.1325, 'hit@40': 0.3023, 'ndcg@40': 0.1435} 
2024-10-11 11:43:01.906 | INFO     | trainer_1:_train_one_epoch:209 - test 37 cost time 15.61s, result: {'hit@1': 0.0463, 'ndcg@1': 0.0463, 'hit@5': 0.128, 'ndcg@5': 0.0884, 'hit@10': 0.1709, 'ndcg@10': 0.1023, 'hit@15': 0.1971, 'ndcg@15': 0.1092, 'hit@20': 0.2159, 'ndcg@20': 0.1136, 'hit@40': 0.2642, 'ndcg@40': 0.1235} 
2024-10-11 11:43:27.569 | INFO     | trainer_1:_train_one_epoch:193 - epoch 38 18.04s Train loss is [0.2543] 
2024-10-11 11:43:43.378 | INFO     | trainer_1:_train_one_epoch:201 - validate 38 cost time 15.81s, result: {'hit@1': 0.0548, 'ndcg@1': 0.0548, 'hit@5': 0.1502, 'ndcg@5': 0.1041, 'hit@10': 0.197, 'ndcg@10': 0.1192, 'hit@15': 0.2261, 'ndcg@15': 0.1269, 'hit@20': 0.2473, 'ndcg@20': 0.1319, 'hit@40': 0.3004, 'ndcg@40': 0.1427} 
2024-10-11 11:43:58.988 | INFO     | trainer_1:_train_one_epoch:209 - test 38 cost time 15.61s, result: {'hit@1': 0.0453, 'ndcg@1': 0.0453, 'hit@5': 0.1275, 'ndcg@5': 0.0877, 'hit@10': 0.1706, 'ndcg@10': 0.1016, 'hit@15': 0.1965, 'ndcg@15': 0.1084, 'hit@20': 0.2143, 'ndcg@20': 0.1126, 'hit@40': 0.262, 'ndcg@40': 0.1224} 
2024-10-11 11:44:16.713 | INFO     | trainer_1:_train_one_epoch:193 - epoch 39 17.72s Train loss is [0.2531] 
2024-10-11 11:44:32.485 | INFO     | trainer_1:_train_one_epoch:201 - validate 39 cost time 15.77s, result: {'hit@1': 0.0546, 'ndcg@1': 0.0546, 'hit@5': 0.1506, 'ndcg@5': 0.1042, 'hit@10': 0.197, 'ndcg@10': 0.1192, 'hit@15': 0.2273, 'ndcg@15': 0.1272, 'hit@20': 0.2484, 'ndcg@20': 0.1322, 'hit@40': 0.3022, 'ndcg@40': 0.1432} 
2024-10-11 11:44:48.085 | INFO     | trainer_1:_train_one_epoch:209 - test 39 cost time 15.60s, result: {'hit@1': 0.0454, 'ndcg@1': 0.0454, 'hit@5': 0.1288, 'ndcg@5': 0.0886, 'hit@10': 0.1708, 'ndcg@10': 0.1022, 'hit@15': 0.1965, 'ndcg@15': 0.109, 'hit@20': 0.2162, 'ndcg@20': 0.1136, 'hit@40': 0.2644, 'ndcg@40': 0.1235} 
2024-10-11 11:45:05.779 | INFO     | trainer_1:_train_one_epoch:193 - epoch 40 17.69s Train loss is [0.2570] 
2024-10-11 11:45:21.552 | INFO     | trainer_1:_train_one_epoch:201 - validate 40 cost time 15.77s, result: {'hit@1': 0.0544, 'ndcg@1': 0.0544, 'hit@5': 0.151, 'ndcg@5': 0.1044, 'hit@10': 0.1974, 'ndcg@10': 0.1193, 'hit@15': 0.2268, 'ndcg@15': 0.1271, 'hit@20': 0.2473, 'ndcg@20': 0.132, 'hit@40': 0.3013, 'ndcg@40': 0.143} 
2024-10-11 11:45:37.336 | INFO     | trainer_1:_train_one_epoch:209 - test 40 cost time 15.78s, result: {'hit@1': 0.0454, 'ndcg@1': 0.0454, 'hit@5': 0.1278, 'ndcg@5': 0.0882, 'hit@10': 0.171, 'ndcg@10': 0.1021, 'hit@15': 0.1968, 'ndcg@15': 0.1089, 'hit@20': 0.2157, 'ndcg@20': 0.1134, 'hit@40': 0.2644, 'ndcg@40': 0.1234} 
2024-10-11 11:46:05.049 | INFO     | trainer_1:_train_one_epoch:193 - epoch 41 19.31s Train loss is [0.2521] 
2024-10-11 11:46:21.163 | INFO     | trainer_1:_train_one_epoch:201 - validate 41 cost time 16.11s, result: {'hit@1': 0.0543, 'ndcg@1': 0.0543, 'hit@5': 0.1506, 'ndcg@5': 0.1043, 'hit@10': 0.1979, 'ndcg@10': 0.1195, 'hit@15': 0.2273, 'ndcg@15': 0.1273, 'hit@20': 0.2492, 'ndcg@20': 0.1325, 'hit@40': 0.3041, 'ndcg@40': 0.1437} 
2024-10-11 11:46:36.776 | INFO     | trainer_1:_train_one_epoch:209 - test 41 cost time 15.61s, result: {'hit@1': 0.0455, 'ndcg@1': 0.0455, 'hit@5': 0.1292, 'ndcg@5': 0.0889, 'hit@10': 0.1723, 'ndcg@10': 0.1028, 'hit@15': 0.1978, 'ndcg@15': 0.1095, 'hit@20': 0.2165, 'ndcg@20': 0.1139, 'hit@40': 0.2665, 'ndcg@40': 0.1242} 
2024-10-11 11:47:04.375 | INFO     | trainer_1:_train_one_epoch:193 - epoch 42 19.89s Train loss is [0.2543] 
2024-10-11 11:47:20.187 | INFO     | trainer_1:_train_one_epoch:201 - validate 42 cost time 15.81s, result: {'hit@1': 0.0551, 'ndcg@1': 0.0551, 'hit@5': 0.1517, 'ndcg@5': 0.1052, 'hit@10': 0.1975, 'ndcg@10': 0.12, 'hit@15': 0.2284, 'ndcg@15': 0.1282, 'hit@20': 0.2508, 'ndcg@20': 0.1334, 'hit@40': 0.3059, 'ndcg@40': 0.1447} 
2024-10-11 11:47:35.942 | INFO     | trainer_1:_train_one_epoch:209 - test 42 cost time 15.75s, result: {'hit@1': 0.0459, 'ndcg@1': 0.0459, 'hit@5': 0.1298, 'ndcg@5': 0.0893, 'hit@10': 0.172, 'ndcg@10': 0.103, 'hit@15': 0.1985, 'ndcg@15': 0.11, 'hit@20': 0.2181, 'ndcg@20': 0.1146, 'hit@40': 0.2681, 'ndcg@40': 0.1248} 
2024-10-11 11:47:55.494 | INFO     | trainer_1:_train_one_epoch:193 - epoch 43 19.55s Train loss is [0.2510] 
2024-10-11 11:48:11.437 | INFO     | trainer_1:_train_one_epoch:201 - validate 43 cost time 15.94s, result: {'hit@1': 0.0548, 'ndcg@1': 0.0548, 'hit@5': 0.1515, 'ndcg@5': 0.105, 'hit@10': 0.1982, 'ndcg@10': 0.1201, 'hit@15': 0.2281, 'ndcg@15': 0.128, 'hit@20': 0.2504, 'ndcg@20': 0.1333, 'hit@40': 0.3043, 'ndcg@40': 0.1443} 
2024-10-11 11:48:27.350 | INFO     | trainer_1:_train_one_epoch:209 - test 43 cost time 15.91s, result: {'hit@1': 0.0455, 'ndcg@1': 0.0455, 'hit@5': 0.1284, 'ndcg@5': 0.0884, 'hit@10': 0.1725, 'ndcg@10': 0.1023, 'hit@15': 0.1982, 'ndcg@15': 0.1094, 'hit@20': 0.2166, 'ndcg@20': 0.1137, 'hit@40': 0.2679, 'ndcg@40': 0.1242} 
2024-10-11 11:48:45.547 | INFO     | trainer_1:_train_one_epoch:193 - epoch 44 18.20s Train loss is [0.2510] 
2024-10-11 11:49:01.636 | INFO     | trainer_1:_train_one_epoch:201 - validate 44 cost time 16.09s, result: {'hit@1': 0.0544, 'ndcg@1': 0.0544, 'hit@5': 0.1517, 'ndcg@5': 0.1047, 'hit@10': 0.1988, 'ndcg@10': 0.12, 'hit@15': 0.2283, 'ndcg@15': 0.1278, 'hit@20': 0.2506, 'ndcg@20': 0.1331, 'hit@40': 0.3058, 'ndcg@40': 0.1443} 
2024-10-11 11:49:17.306 | INFO     | trainer_1:_train_one_epoch:209 - test 44 cost time 15.67s, result: {'hit@1': 0.0455, 'ndcg@1': 0.0455, 'hit@5': 0.128, 'ndcg@5': 0.0881, 'hit@10': 0.1714, 'ndcg@10': 0.1021, 'hit@15': 0.1977, 'ndcg@15': 0.1091, 'hit@20': 0.2177, 'ndcg@20': 0.1138, 'hit@40': 0.2692, 'ndcg@40': 0.1243} 
2024-10-11 11:49:40.848 | INFO     | trainer_1:_train_one_epoch:193 - epoch 45 23.54s Train loss is [0.2525] 
2024-10-11 11:50:00.532 | INFO     | trainer_1:_train_one_epoch:201 - validate 45 cost time 19.68s, result: {'hit@1': 0.0548, 'ndcg@1': 0.0548, 'hit@5': 0.1505, 'ndcg@5': 0.1044, 'hit@10': 0.1983, 'ndcg@10': 0.1198, 'hit@15': 0.2277, 'ndcg@15': 0.1276, 'hit@20': 0.2501, 'ndcg@20': 0.1329, 'hit@40': 0.3047, 'ndcg@40': 0.144} 
2024-10-11 11:50:19.906 | INFO     | trainer_1:_train_one_epoch:209 - test 45 cost time 19.37s, result: {'hit@1': 0.045, 'ndcg@1': 0.045, 'hit@5': 0.1289, 'ndcg@5': 0.0882, 'hit@10': 0.1736, 'ndcg@10': 0.1024, 'hit@15': 0.1983, 'ndcg@15': 0.1091, 'hit@20': 0.2171, 'ndcg@20': 0.1136, 'hit@40': 0.2681, 'ndcg@40': 0.124} 
2024-10-11 11:50:48.044 | INFO     | trainer_1:_train_one_epoch:193 - epoch 46 18.42s Train loss is [0.2490] 
2024-10-11 11:51:01.294 | INFO     | trainer_1:_train_one_epoch:201 - validate 46 cost time 13.25s, result: {'hit@1': 0.0543, 'ndcg@1': 0.0543, 'hit@5': 0.1501, 'ndcg@5': 0.104, 'hit@10': 0.1971, 'ndcg@10': 0.1193, 'hit@15': 0.2284, 'ndcg@15': 0.1275, 'hit@20': 0.2497, 'ndcg@20': 0.1325, 'hit@40': 0.3052, 'ndcg@40': 0.1439} 
2024-10-11 11:51:14.192 | INFO     | trainer_1:_train_one_epoch:209 - test 46 cost time 12.90s, result: {'hit@1': 0.0449, 'ndcg@1': 0.0449, 'hit@5': 0.1283, 'ndcg@5': 0.0882, 'hit@10': 0.1725, 'ndcg@10': 0.1024, 'hit@15': 0.1975, 'ndcg@15': 0.1091, 'hit@20': 0.2166, 'ndcg@20': 0.1136, 'hit@40': 0.2675, 'ndcg@40': 0.124} 
2024-10-11 11:51:32.502 | INFO     | trainer_1:_train_one_epoch:193 - epoch 47 18.31s Train loss is [0.2521] 
2024-10-11 11:51:46.474 | INFO     | trainer_1:_train_one_epoch:201 - validate 47 cost time 13.97s, result: {'hit@1': 0.0539, 'ndcg@1': 0.0539, 'hit@5': 0.1501, 'ndcg@5': 0.1038, 'hit@10': 0.1979, 'ndcg@10': 0.1192, 'hit@15': 0.2279, 'ndcg@15': 0.1271, 'hit@20': 0.2492, 'ndcg@20': 0.1322, 'hit@40': 0.3037, 'ndcg@40': 0.1433} 
2024-10-11 11:51:59.765 | INFO     | trainer_1:_train_one_epoch:209 - test 47 cost time 13.29s, result: {'hit@1': 0.0454, 'ndcg@1': 0.0454, 'hit@5': 0.1286, 'ndcg@5': 0.0883, 'hit@10': 0.172, 'ndcg@10': 0.1024, 'hit@15': 0.1989, 'ndcg@15': 0.1095, 'hit@20': 0.2179, 'ndcg@20': 0.114, 'hit@40': 0.2685, 'ndcg@40': 0.1244} 
2024-10-11 11:52:18.058 | INFO     | trainer_1:_train_one_epoch:193 - epoch 48 18.29s Train loss is [0.2525] 
2024-10-11 11:52:31.728 | INFO     | trainer_1:_train_one_epoch:201 - validate 48 cost time 13.67s, result: {'hit@1': 0.0547, 'ndcg@1': 0.0547, 'hit@5': 0.151, 'ndcg@5': 0.1047, 'hit@10': 0.1982, 'ndcg@10': 0.1199, 'hit@15': 0.2273, 'ndcg@15': 0.1276, 'hit@20': 0.249, 'ndcg@20': 0.1327, 'hit@40': 0.3046, 'ndcg@40': 0.1441} 
2024-10-11 11:52:45.132 | INFO     | trainer_1:_train_one_epoch:209 - test 48 cost time 13.40s, result: {'hit@1': 0.0454, 'ndcg@1': 0.0454, 'hit@5': 0.1289, 'ndcg@5': 0.0886, 'hit@10': 0.1718, 'ndcg@10': 0.1025, 'hit@15': 0.1996, 'ndcg@15': 0.1099, 'hit@20': 0.2186, 'ndcg@20': 0.1143, 'hit@40': 0.2688, 'ndcg@40': 0.1246} 
2024-10-11 11:53:02.336 | INFO     | trainer_1:_train_one_epoch:193 - epoch 49 17.20s Train loss is [0.2482] 
2024-10-11 11:53:15.493 | INFO     | trainer_1:_train_one_epoch:201 - validate 49 cost time 13.16s, result: {'hit@1': 0.0546, 'ndcg@1': 0.0546, 'hit@5': 0.1508, 'ndcg@5': 0.1045, 'hit@10': 0.1976, 'ndcg@10': 0.1197, 'hit@15': 0.2281, 'ndcg@15': 0.1277, 'hit@20': 0.2494, 'ndcg@20': 0.1328, 'hit@40': 0.305, 'ndcg@40': 0.1442} 
2024-10-11 11:53:28.274 | INFO     | trainer_1:_train_one_epoch:209 - test 49 cost time 12.78s, result: {'hit@1': 0.0459, 'ndcg@1': 0.0459, 'hit@5': 0.129, 'ndcg@5': 0.0891, 'hit@10': 0.1724, 'ndcg@10': 0.1031, 'hit@15': 0.1983, 'ndcg@15': 0.1099, 'hit@20': 0.2175, 'ndcg@20': 0.1145, 'hit@40': 0.2682, 'ndcg@40': 0.1248} 
2024-10-11 11:53:44.605 | INFO     | trainer_1:_train_one_epoch:193 - epoch 50 16.33s Train loss is [0.2482] 
2024-10-11 11:53:57.814 | INFO     | trainer_1:_train_one_epoch:201 - validate 50 cost time 13.21s, result: {'hit@1': 0.0553, 'ndcg@1': 0.0553, 'hit@5': 0.1512, 'ndcg@5': 0.1049, 'hit@10': 0.1986, 'ndcg@10': 0.1203, 'hit@15': 0.2287, 'ndcg@15': 0.1283, 'hit@20': 0.2512, 'ndcg@20': 0.1336, 'hit@40': 0.3051, 'ndcg@40': 0.1446} 
2024-10-11 11:54:10.571 | INFO     | trainer_1:_train_one_epoch:209 - test 50 cost time 12.76s, result: {'hit@1': 0.0455, 'ndcg@1': 0.0455, 'hit@5': 0.1294, 'ndcg@5': 0.0889, 'hit@10': 0.1729, 'ndcg@10': 0.103, 'hit@15': 0.1979, 'ndcg@15': 0.1096, 'hit@20': 0.2173, 'ndcg@20': 0.1142, 'hit@40': 0.2688, 'ndcg@40': 0.1247} 
2024-10-11 11:54:10.600 | INFO     | trainer_1:train_model:163 - training end, best iteration 45, results: {'hit@1': 0.0548, 'ndcg@1': 0.0548, 'hit@5': 0.1505, 'ndcg@5': 0.1044, 'hit@10': 0.1983, 'ndcg@10': 0.1198, 'hit@15': 0.2277, 'ndcg@15': 0.1276, 'hit@20': 0.2501, 'ndcg@20': 0.1329, 'hit@40': 0.3047, 'ndcg@40': 0.144}
2024-10-11 11:54:10.600 | INFO     | trainer_1:train_model:166 - final test result is:  {'hit@1': 0.045, 'ndcg@1': 0.045, 'hit@5': 0.1289, 'ndcg@5': 0.0882, 'hit@10': 0.1736, 'ndcg@10': 0.1024, 'hit@15': 0.1983, 'ndcg@15': 0.1091, 'hit@20': 0.2171, 'ndcg@20': 0.1136, 'hit@40': 0.2681, 'ndcg@40': 0.124}
2024-10-11 11:54:10.817 | INFO     | __main__:<module>:119 - train end total cost time: 2541.2688336372375
