2024-10-10 18:37:32.170 | INFO     | __main__:<module>:105 - Namespace(TIME='2024-10-10 18_36_50', batch_size=1024, behaviors=['view', 'cart', 'buy'], check_point='model_pre_1_2024-10-08 12_35_44.pth', data_name='beibei', data_path='./data/beibei', decay=0.001, device='cuda:1', dim_qk=32, dim_v=64, distill_layers=2, distill_thres=0.5, distill_topK=20, distill_userK=6, embedding_size=64, epochs=100, gpu_no=1, if_load_model=True, ii_lambda=200, initializer_range=0.02, layers=2, loss_type='bpr', lr=0.001, message_dropout=0.25, metrics=['hit', 'ndcg'], min_epoch=5, model_name='main_1', model_path='./check_point', node_dropout=0.75, omega=1, pt_loop=50, reg_weight=0.001, test_batch_size=1024, testbatch=1024, topk=[1, 5, 10, 15, 20, 40], uu_lambda=100)
2024-10-10 18:37:32.171 | INFO     | __main__:<module>:106 - BIPN(
  (message_dropout): Dropout(p=0.25, inplace=False)
  (user_embedding): Embedding(21717, 64, padding_idx=0)
  (item_embedding): Embedding(7978, 64, padding_idx=0)
  (global_Graph): LightGCN()
  (Graph_encoder): ModuleDict(
    (view): GraphEncoder(
      (light): LightGCN()
      (dropout): Dropout(p=0.75, inplace=False)
    )
    (cart): GraphEncoder(
      (light): LightGCN()
      (dropout): Dropout(p=0.75, inplace=False)
    )
    (buy): GraphEncoder(
      (light): LightGCN()
      (dropout): Dropout(p=0.75, inplace=False)
    )
  )
  (attention): Mutual_Attention()
  (bpr_loss): BPRLoss()
  (emb_loss): EmbLoss()
  (f): Sigmoid()
)
2024-10-10 19:10:39.653 | INFO     | trainer_1:_train_one_epoch:193 - epoch 1 9.88s Train loss is [0.9432] 
2024-10-10 19:10:46.007 | INFO     | trainer_1:_train_one_epoch:201 - validate 1 cost time 6.35s, result: {'hit@1': 0.0047, 'ndcg@1': 0.0047, 'hit@5': 0.0229, 'ndcg@5': 0.014, 'hit@10': 0.0452, 'ndcg@10': 0.0212, 'hit@15': 0.0634, 'ndcg@15': 0.026, 'hit@20': 0.0821, 'ndcg@20': 0.0304, 'hit@40': 0.1409, 'ndcg@40': 0.0423} 
2024-10-10 19:10:54.388 | INFO     | trainer_1:_train_one_epoch:209 - test 1 cost time 8.38s, result: {'hit@1': 0.0032, 'ndcg@1': 0.0032, 'hit@5': 0.0148, 'ndcg@5': 0.0089, 'hit@10': 0.0292, 'ndcg@10': 0.0135, 'hit@15': 0.0435, 'ndcg@15': 0.0173, 'hit@20': 0.0571, 'ndcg@20': 0.0205, 'hit@40': 0.1062, 'ndcg@40': 0.0305} 
2024-10-10 19:11:21.080 | INFO     | trainer_1:_train_one_epoch:193 - epoch 2 8.54s Train loss is [0.7241] 
2024-10-10 19:11:31.566 | INFO     | trainer_1:_train_one_epoch:201 - validate 2 cost time 10.48s, result: {'hit@1': 0.0072, 'ndcg@1': 0.0072, 'hit@5': 0.0291, 'ndcg@5': 0.0179, 'hit@10': 0.051, 'ndcg@10': 0.0249, 'hit@15': 0.0717, 'ndcg@15': 0.0303, 'hit@20': 0.0907, 'ndcg@20': 0.0348, 'hit@40': 0.155, 'ndcg@40': 0.0479} 
2024-10-10 19:11:40.653 | INFO     | trainer_1:_train_one_epoch:209 - test 2 cost time 9.09s, result: {'hit@1': 0.0041, 'ndcg@1': 0.0041, 'hit@5': 0.0185, 'ndcg@5': 0.0111, 'hit@10': 0.0353, 'ndcg@10': 0.0165, 'hit@15': 0.0503, 'ndcg@15': 0.0204, 'hit@20': 0.0639, 'ndcg@20': 0.0236, 'hit@40': 0.1153, 'ndcg@40': 0.0341} 
2024-10-10 19:12:04.759 | INFO     | trainer_1:_train_one_epoch:193 - epoch 3 8.33s Train loss is [0.6286] 
2024-10-10 19:12:13.833 | INFO     | trainer_1:_train_one_epoch:201 - validate 3 cost time 9.07s, result: {'hit@1': 0.0101, 'ndcg@1': 0.0101, 'hit@5': 0.0333, 'ndcg@5': 0.0215, 'hit@10': 0.0598, 'ndcg@10': 0.03, 'hit@15': 0.0841, 'ndcg@15': 0.0364, 'hit@20': 0.1056, 'ndcg@20': 0.0415, 'hit@40': 0.1769, 'ndcg@40': 0.056} 
2024-10-10 19:12:21.251 | INFO     | trainer_1:_train_one_epoch:209 - test 3 cost time 7.42s, result: {'hit@1': 0.005, 'ndcg@1': 0.005, 'hit@5': 0.0223, 'ndcg@5': 0.0135, 'hit@10': 0.0404, 'ndcg@10': 0.0193, 'hit@15': 0.0583, 'ndcg@15': 0.024, 'hit@20': 0.0735, 'ndcg@20': 0.0276, 'hit@40': 0.1276, 'ndcg@40': 0.0386} 
2024-10-10 19:12:48.826 | INFO     | trainer_1:_train_one_epoch:193 - epoch 4 12.72s Train loss is [0.5781] 
2024-10-10 19:12:57.919 | INFO     | trainer_1:_train_one_epoch:201 - validate 4 cost time 9.09s, result: {'hit@1': 0.0104, 'ndcg@1': 0.0104, 'hit@5': 0.038, 'ndcg@5': 0.0239, 'hit@10': 0.0686, 'ndcg@10': 0.0336, 'hit@15': 0.0957, 'ndcg@15': 0.0407, 'hit@20': 0.1187, 'ndcg@20': 0.0462, 'hit@40': 0.1968, 'ndcg@40': 0.0621} 
2024-10-10 19:13:06.438 | INFO     | trainer_1:_train_one_epoch:209 - test 4 cost time 8.52s, result: {'hit@1': 0.0058, 'ndcg@1': 0.0058, 'hit@5': 0.0244, 'ndcg@5': 0.0149, 'hit@10': 0.0428, 'ndcg@10': 0.0208, 'hit@15': 0.0635, 'ndcg@15': 0.0262, 'hit@20': 0.0818, 'ndcg@20': 0.0305, 'hit@40': 0.1401, 'ndcg@40': 0.0424} 
2024-10-10 19:13:28.639 | INFO     | trainer_1:_train_one_epoch:193 - epoch 5 10.25s Train loss is [0.5442] 
2024-10-10 19:13:36.682 | INFO     | trainer_1:_train_one_epoch:201 - validate 5 cost time 8.04s, result: {'hit@1': 0.0119, 'ndcg@1': 0.0119, 'hit@5': 0.0433, 'ndcg@5': 0.0274, 'hit@10': 0.0739, 'ndcg@10': 0.0372, 'hit@15': 0.0988, 'ndcg@15': 0.0437, 'hit@20': 0.1221, 'ndcg@20': 0.0493, 'hit@40': 0.1952, 'ndcg@40': 0.0641} 
2024-10-10 19:13:45.462 | INFO     | trainer_1:_train_one_epoch:209 - test 5 cost time 8.78s, result: {'hit@1': 0.0057, 'ndcg@1': 0.0057, 'hit@5': 0.0258, 'ndcg@5': 0.0156, 'hit@10': 0.0456, 'ndcg@10': 0.0219, 'hit@15': 0.0639, 'ndcg@15': 0.0268, 'hit@20': 0.0791, 'ndcg@20': 0.0304, 'hit@40': 0.1343, 'ndcg@40': 0.0416} 
2024-10-10 19:14:09.365 | INFO     | trainer_1:_train_one_epoch:193 - epoch 6 8.42s Train loss is [0.5254] 
2024-10-10 19:14:19.015 | INFO     | trainer_1:_train_one_epoch:201 - validate 6 cost time 9.65s, result: {'hit@1': 0.0118, 'ndcg@1': 0.0118, 'hit@5': 0.0435, 'ndcg@5': 0.0275, 'hit@10': 0.074, 'ndcg@10': 0.0373, 'hit@15': 0.1025, 'ndcg@15': 0.0448, 'hit@20': 0.1266, 'ndcg@20': 0.0505, 'hit@40': 0.2082, 'ndcg@40': 0.0671} 
2024-10-10 19:14:27.901 | INFO     | trainer_1:_train_one_epoch:209 - test 6 cost time 8.88s, result: {'hit@1': 0.0063, 'ndcg@1': 0.0063, 'hit@5': 0.0276, 'ndcg@5': 0.0167, 'hit@10': 0.0495, 'ndcg@10': 0.0237, 'hit@15': 0.0679, 'ndcg@15': 0.0286, 'hit@20': 0.0859, 'ndcg@20': 0.0328, 'hit@40': 0.1468, 'ndcg@40': 0.0452} 
2024-10-10 19:14:55.190 | INFO     | trainer_1:_train_one_epoch:193 - epoch 7 10.26s Train loss is [0.5036] 
2024-10-10 19:15:02.746 | INFO     | trainer_1:_train_one_epoch:201 - validate 7 cost time 7.55s, result: {'hit@1': 0.0117, 'ndcg@1': 0.0117, 'hit@5': 0.0446, 'ndcg@5': 0.0281, 'hit@10': 0.0749, 'ndcg@10': 0.0378, 'hit@15': 0.1032, 'ndcg@15': 0.0453, 'hit@20': 0.1265, 'ndcg@20': 0.0508, 'hit@40': 0.2028, 'ndcg@40': 0.0664} 
2024-10-10 19:15:09.321 | INFO     | trainer_1:_train_one_epoch:209 - test 7 cost time 6.57s, result: {'hit@1': 0.0077, 'ndcg@1': 0.0077, 'hit@5': 0.0268, 'ndcg@5': 0.0172, 'hit@10': 0.0487, 'ndcg@10': 0.0242, 'hit@15': 0.0671, 'ndcg@15': 0.029, 'hit@20': 0.0837, 'ndcg@20': 0.0329, 'hit@40': 0.1434, 'ndcg@40': 0.0451} 
2024-10-10 19:15:21.002 | INFO     | trainer_1:_train_one_epoch:193 - epoch 8 11.68s Train loss is [0.5065] 
2024-10-10 19:15:29.738 | INFO     | trainer_1:_train_one_epoch:201 - validate 8 cost time 8.73s, result: {'hit@1': 0.0125, 'ndcg@1': 0.0125, 'hit@5': 0.0452, 'ndcg@5': 0.0287, 'hit@10': 0.0758, 'ndcg@10': 0.0384, 'hit@15': 0.1007, 'ndcg@15': 0.045, 'hit@20': 0.1237, 'ndcg@20': 0.0504, 'hit@40': 0.198, 'ndcg@40': 0.0656} 
2024-10-10 19:15:39.036 | INFO     | trainer_1:_train_one_epoch:209 - test 8 cost time 9.30s, result: {'hit@1': 0.0078, 'ndcg@1': 0.0078, 'hit@5': 0.0276, 'ndcg@5': 0.0176, 'hit@10': 0.048, 'ndcg@10': 0.0241, 'hit@15': 0.0659, 'ndcg@15': 0.0288, 'hit@20': 0.0827, 'ndcg@20': 0.0328, 'hit@40': 0.1387, 'ndcg@40': 0.0442} 
2024-10-10 19:15:47.731 | INFO     | trainer_1:_train_one_epoch:193 - epoch 9 8.69s Train loss is [0.4905] 
2024-10-10 19:15:55.144 | INFO     | trainer_1:_train_one_epoch:201 - validate 9 cost time 7.41s, result: {'hit@1': 0.0105, 'ndcg@1': 0.0105, 'hit@5': 0.0462, 'ndcg@5': 0.0285, 'hit@10': 0.0804, 'ndcg@10': 0.0395, 'hit@15': 0.1113, 'ndcg@15': 0.0476, 'hit@20': 0.1385, 'ndcg@20': 0.054, 'hit@40': 0.2232, 'ndcg@40': 0.0712} 
2024-10-10 19:16:02.117 | INFO     | trainer_1:_train_one_epoch:209 - test 9 cost time 6.97s, result: {'hit@1': 0.0073, 'ndcg@1': 0.0073, 'hit@5': 0.0303, 'ndcg@5': 0.0189, 'hit@10': 0.0528, 'ndcg@10': 0.0261, 'hit@15': 0.0723, 'ndcg@15': 0.0312, 'hit@20': 0.0915, 'ndcg@20': 0.0357, 'hit@40': 0.1581, 'ndcg@40': 0.0493} 
2024-10-10 19:16:22.214 | INFO     | trainer_1:_train_one_epoch:193 - epoch 10 8.63s Train loss is [0.4769] 
2024-10-10 19:16:30.819 | INFO     | trainer_1:_train_one_epoch:201 - validate 10 cost time 8.61s, result: {'hit@1': 0.0123, 'ndcg@1': 0.0123, 'hit@5': 0.0455, 'ndcg@5': 0.0288, 'hit@10': 0.0786, 'ndcg@10': 0.0395, 'hit@15': 0.1065, 'ndcg@15': 0.0468, 'hit@20': 0.129, 'ndcg@20': 0.0521, 'hit@40': 0.2048, 'ndcg@40': 0.0675} 
2024-10-10 19:16:40.188 | INFO     | trainer_1:_train_one_epoch:209 - test 10 cost time 9.37s, result: {'hit@1': 0.0068, 'ndcg@1': 0.0068, 'hit@5': 0.0303, 'ndcg@5': 0.0185, 'hit@10': 0.0499, 'ndcg@10': 0.0248, 'hit@15': 0.0684, 'ndcg@15': 0.0297, 'hit@20': 0.0868, 'ndcg@20': 0.034, 'hit@40': 0.1448, 'ndcg@40': 0.0458} 
2024-10-10 19:16:50.590 | INFO     | trainer_1:_train_one_epoch:193 - epoch 11 10.40s Train loss is [0.4825] 
2024-10-10 19:16:59.200 | INFO     | trainer_1:_train_one_epoch:201 - validate 11 cost time 8.61s, result: {'hit@1': 0.0113, 'ndcg@1': 0.0113, 'hit@5': 0.0452, 'ndcg@5': 0.028, 'hit@10': 0.0794, 'ndcg@10': 0.039, 'hit@15': 0.1089, 'ndcg@15': 0.0468, 'hit@20': 0.1334, 'ndcg@20': 0.0526, 'hit@40': 0.2102, 'ndcg@40': 0.0682} 
2024-10-10 19:17:07.585 | INFO     | trainer_1:_train_one_epoch:209 - test 11 cost time 8.38s, result: {'hit@1': 0.0064, 'ndcg@1': 0.0064, 'hit@5': 0.0298, 'ndcg@5': 0.0179, 'hit@10': 0.0529, 'ndcg@10': 0.0253, 'hit@15': 0.0722, 'ndcg@15': 0.0304, 'hit@20': 0.0903, 'ndcg@20': 0.0347, 'hit@40': 0.1505, 'ndcg@40': 0.0469} 
2024-10-10 19:17:29.251 | INFO     | trainer_1:_train_one_epoch:193 - epoch 12 9.48s Train loss is [0.4655] 
2024-10-10 19:17:37.064 | INFO     | trainer_1:_train_one_epoch:201 - validate 12 cost time 7.81s, result: {'hit@1': 0.0109, 'ndcg@1': 0.0109, 'hit@5': 0.0443, 'ndcg@5': 0.0272, 'hit@10': 0.0771, 'ndcg@10': 0.0377, 'hit@15': 0.1051, 'ndcg@15': 0.0451, 'hit@20': 0.1273, 'ndcg@20': 0.0504, 'hit@40': 0.2053, 'ndcg@40': 0.0662} 
2024-10-10 19:17:46.959 | INFO     | trainer_1:_train_one_epoch:209 - test 12 cost time 9.89s, result: {'hit@1': 0.0064, 'ndcg@1': 0.0064, 'hit@5': 0.029, 'ndcg@5': 0.0174, 'hit@10': 0.0527, 'ndcg@10': 0.025, 'hit@15': 0.0725, 'ndcg@15': 0.0302, 'hit@20': 0.0897, 'ndcg@20': 0.0343, 'hit@40': 0.1489, 'ndcg@40': 0.0463} 
2024-10-10 19:17:58.007 | INFO     | trainer_1:_train_one_epoch:193 - epoch 13 11.05s Train loss is [0.4448] 
2024-10-10 19:18:03.760 | INFO     | trainer_1:_train_one_epoch:201 - validate 13 cost time 5.75s, result: {'hit@1': 0.0111, 'ndcg@1': 0.0111, 'hit@5': 0.044, 'ndcg@5': 0.0273, 'hit@10': 0.0807, 'ndcg@10': 0.0391, 'hit@15': 0.1094, 'ndcg@15': 0.0467, 'hit@20': 0.1356, 'ndcg@20': 0.0528, 'hit@40': 0.2203, 'ndcg@40': 0.0701} 
2024-10-10 19:18:10.263 | INFO     | trainer_1:_train_one_epoch:209 - test 13 cost time 6.50s, result: {'hit@1': 0.0063, 'ndcg@1': 0.0063, 'hit@5': 0.0302, 'ndcg@5': 0.018, 'hit@10': 0.0529, 'ndcg@10': 0.0253, 'hit@15': 0.0726, 'ndcg@15': 0.0305, 'hit@20': 0.0906, 'ndcg@20': 0.0347, 'hit@40': 0.1533, 'ndcg@40': 0.0475} 
2024-10-10 19:18:19.417 | INFO     | trainer_1:_train_one_epoch:193 - epoch 14 9.15s Train loss is [0.4452] 
2024-10-10 19:18:26.613 | INFO     | trainer_1:_train_one_epoch:201 - validate 14 cost time 7.20s, result: {'hit@1': 0.0119, 'ndcg@1': 0.0119, 'hit@5': 0.0438, 'ndcg@5': 0.0279, 'hit@10': 0.0794, 'ndcg@10': 0.0393, 'hit@15': 0.108, 'ndcg@15': 0.0468, 'hit@20': 0.1316, 'ndcg@20': 0.0524, 'hit@40': 0.2127, 'ndcg@40': 0.0689} 
2024-10-10 19:18:35.546 | INFO     | trainer_1:_train_one_epoch:209 - test 14 cost time 8.93s, result: {'hit@1': 0.0076, 'ndcg@1': 0.0076, 'hit@5': 0.0303, 'ndcg@5': 0.0188, 'hit@10': 0.0531, 'ndcg@10': 0.0261, 'hit@15': 0.0727, 'ndcg@15': 0.0313, 'hit@20': 0.0905, 'ndcg@20': 0.0355, 'hit@40': 0.1509, 'ndcg@40': 0.0477} 
2024-10-10 19:18:59.230 | INFO     | trainer_1:_train_one_epoch:193 - epoch 15 8.84s Train loss is [0.4339] 
2024-10-10 19:19:06.520 | INFO     | trainer_1:_train_one_epoch:201 - validate 15 cost time 7.29s, result: {'hit@1': 0.0108, 'ndcg@1': 0.0108, 'hit@5': 0.044, 'ndcg@5': 0.0273, 'hit@10': 0.0746, 'ndcg@10': 0.0372, 'hit@15': 0.1021, 'ndcg@15': 0.0445, 'hit@20': 0.1296, 'ndcg@20': 0.0509, 'hit@40': 0.2106, 'ndcg@40': 0.0674} 
2024-10-10 19:19:15.156 | INFO     | trainer_1:_train_one_epoch:209 - test 15 cost time 8.64s, result: {'hit@1': 0.0078, 'ndcg@1': 0.0078, 'hit@5': 0.0305, 'ndcg@5': 0.019, 'hit@10': 0.0533, 'ndcg@10': 0.0262, 'hit@15': 0.0731, 'ndcg@15': 0.0315, 'hit@20': 0.0893, 'ndcg@20': 0.0353, 'hit@40': 0.1483, 'ndcg@40': 0.0473} 
2024-10-10 19:19:36.735 | INFO     | trainer_1:_train_one_epoch:193 - epoch 16 8.57s Train loss is [0.4395] 
2024-10-10 19:19:42.776 | INFO     | trainer_1:_train_one_epoch:201 - validate 16 cost time 6.04s, result: {'hit@1': 0.0118, 'ndcg@1': 0.0118, 'hit@5': 0.0467, 'ndcg@5': 0.0292, 'hit@10': 0.0789, 'ndcg@10': 0.0394, 'hit@15': 0.1066, 'ndcg@15': 0.0468, 'hit@20': 0.1321, 'ndcg@20': 0.0528, 'hit@40': 0.2108, 'ndcg@40': 0.0687} 
2024-10-10 19:19:48.335 | INFO     | trainer_1:_train_one_epoch:209 - test 16 cost time 5.56s, result: {'hit@1': 0.0074, 'ndcg@1': 0.0074, 'hit@5': 0.0323, 'ndcg@5': 0.0197, 'hit@10': 0.0545, 'ndcg@10': 0.0268, 'hit@15': 0.0755, 'ndcg@15': 0.0324, 'hit@20': 0.0919, 'ndcg@20': 0.0362, 'hit@40': 0.1509, 'ndcg@40': 0.0482} 
2024-10-10 19:20:16.341 | INFO     | trainer_1:_train_one_epoch:193 - epoch 17 13.32s Train loss is [0.4319] 
2024-10-10 19:20:26.384 | INFO     | trainer_1:_train_one_epoch:201 - validate 17 cost time 10.04s, result: {'hit@1': 0.0118, 'ndcg@1': 0.0118, 'hit@5': 0.0455, 'ndcg@5': 0.0284, 'hit@10': 0.0786, 'ndcg@10': 0.039, 'hit@15': 0.1062, 'ndcg@15': 0.0463, 'hit@20': 0.1319, 'ndcg@20': 0.0524, 'hit@40': 0.212, 'ndcg@40': 0.0687} 
2024-10-10 19:20:34.297 | INFO     | trainer_1:_train_one_epoch:209 - test 17 cost time 7.91s, result: {'hit@1': 0.008, 'ndcg@1': 0.008, 'hit@5': 0.0303, 'ndcg@5': 0.0191, 'hit@10': 0.0532, 'ndcg@10': 0.0265, 'hit@15': 0.0726, 'ndcg@15': 0.0317, 'hit@20': 0.09, 'ndcg@20': 0.0358, 'hit@40': 0.1537, 'ndcg@40': 0.0487} 
2024-10-10 19:20:47.831 | INFO     | trainer_1:_train_one_epoch:193 - epoch 18 13.53s Train loss is [0.4124] 
2024-10-10 19:20:57.486 | INFO     | trainer_1:_train_one_epoch:201 - validate 18 cost time 9.65s, result: {'hit@1': 0.013, 'ndcg@1': 0.013, 'hit@5': 0.0491, 'ndcg@5': 0.031, 'hit@10': 0.083, 'ndcg@10': 0.0419, 'hit@15': 0.11, 'ndcg@15': 0.049, 'hit@20': 0.134, 'ndcg@20': 0.0547, 'hit@40': 0.2133, 'ndcg@40': 0.0708} 
2024-10-10 19:21:06.244 | INFO     | trainer_1:_train_one_epoch:209 - test 18 cost time 8.76s, result: {'hit@1': 0.0082, 'ndcg@1': 0.0082, 'hit@5': 0.032, 'ndcg@5': 0.0202, 'hit@10': 0.0554, 'ndcg@10': 0.0277, 'hit@15': 0.0752, 'ndcg@15': 0.0329, 'hit@20': 0.0929, 'ndcg@20': 0.0371, 'hit@40': 0.1532, 'ndcg@40': 0.0494} 
2024-10-10 19:21:32.708 | INFO     | trainer_1:_train_one_epoch:193 - epoch 19 12.28s Train loss is [0.4149] 
2024-10-10 19:21:41.491 | INFO     | trainer_1:_train_one_epoch:201 - validate 19 cost time 8.78s, result: {'hit@1': 0.0128, 'ndcg@1': 0.0128, 'hit@5': 0.0504, 'ndcg@5': 0.0315, 'hit@10': 0.0854, 'ndcg@10': 0.0427, 'hit@15': 0.1163, 'ndcg@15': 0.0509, 'hit@20': 0.1418, 'ndcg@20': 0.0569, 'hit@40': 0.2234, 'ndcg@40': 0.0735} 
2024-10-10 19:21:50.040 | INFO     | trainer_1:_train_one_epoch:209 - test 19 cost time 8.55s, result: {'hit@1': 0.0081, 'ndcg@1': 0.0081, 'hit@5': 0.0339, 'ndcg@5': 0.0209, 'hit@10': 0.0571, 'ndcg@10': 0.0283, 'hit@15': 0.0785, 'ndcg@15': 0.034, 'hit@20': 0.0958, 'ndcg@20': 0.0381, 'hit@40': 0.1583, 'ndcg@40': 0.0508} 
2024-10-10 19:22:19.775 | INFO     | trainer_1:_train_one_epoch:193 - epoch 20 14.21s Train loss is [0.4034] 
2024-10-10 19:22:29.032 | INFO     | trainer_1:_train_one_epoch:201 - validate 20 cost time 9.26s, result: {'hit@1': 0.0133, 'ndcg@1': 0.0133, 'hit@5': 0.0505, 'ndcg@5': 0.0317, 'hit@10': 0.0854, 'ndcg@10': 0.0429, 'hit@15': 0.1096, 'ndcg@15': 0.0493, 'hit@20': 0.1341, 'ndcg@20': 0.0551, 'hit@40': 0.2169, 'ndcg@40': 0.072} 
2024-10-10 19:22:39.281 | INFO     | trainer_1:_train_one_epoch:209 - test 20 cost time 10.25s, result: {'hit@1': 0.0086, 'ndcg@1': 0.0086, 'hit@5': 0.033, 'ndcg@5': 0.0207, 'hit@10': 0.0561, 'ndcg@10': 0.0281, 'hit@15': 0.0754, 'ndcg@15': 0.0332, 'hit@20': 0.0938, 'ndcg@20': 0.0375, 'hit@40': 0.1523, 'ndcg@40': 0.0494} 
2024-10-10 19:22:54.057 | INFO     | trainer_1:_train_one_epoch:193 - epoch 21 14.77s Train loss is [0.3957] 
2024-10-10 19:23:02.189 | INFO     | trainer_1:_train_one_epoch:201 - validate 21 cost time 8.13s, result: {'hit@1': 0.014, 'ndcg@1': 0.014, 'hit@5': 0.0506, 'ndcg@5': 0.0322, 'hit@10': 0.085, 'ndcg@10': 0.0433, 'hit@15': 0.1143, 'ndcg@15': 0.051, 'hit@20': 0.1397, 'ndcg@20': 0.057, 'hit@40': 0.2206, 'ndcg@40': 0.0735} 
2024-10-10 19:23:10.964 | INFO     | trainer_1:_train_one_epoch:209 - test 21 cost time 8.77s, result: {'hit@1': 0.0096, 'ndcg@1': 0.0096, 'hit@5': 0.0329, 'ndcg@5': 0.0212, 'hit@10': 0.0564, 'ndcg@10': 0.0288, 'hit@15': 0.0764, 'ndcg@15': 0.0341, 'hit@20': 0.0947, 'ndcg@20': 0.0384, 'hit@40': 0.156, 'ndcg@40': 0.0508} 
2024-10-10 19:23:22.401 | INFO     | trainer_1:_train_one_epoch:193 - epoch 22 11.44s Train loss is [0.4011] 
2024-10-10 19:23:29.928 | INFO     | trainer_1:_train_one_epoch:201 - validate 22 cost time 7.53s, result: {'hit@1': 0.0139, 'ndcg@1': 0.0139, 'hit@5': 0.0524, 'ndcg@5': 0.0332, 'hit@10': 0.0897, 'ndcg@10': 0.0452, 'hit@15': 0.1195, 'ndcg@15': 0.0531, 'hit@20': 0.145, 'ndcg@20': 0.0591, 'hit@40': 0.2321, 'ndcg@40': 0.0768} 
2024-10-10 19:23:35.681 | INFO     | trainer_1:_train_one_epoch:209 - test 22 cost time 5.75s, result: {'hit@1': 0.0095, 'ndcg@1': 0.0095, 'hit@5': 0.0359, 'ndcg@5': 0.0226, 'hit@10': 0.0598, 'ndcg@10': 0.0303, 'hit@15': 0.0816, 'ndcg@15': 0.036, 'hit@20': 0.0991, 'ndcg@20': 0.0402, 'hit@40': 0.1639, 'ndcg@40': 0.0533} 
2024-10-10 19:24:04.063 | INFO     | trainer_1:_train_one_epoch:193 - epoch 23 13.08s Train loss is [0.3870] 
2024-10-10 19:24:11.824 | INFO     | trainer_1:_train_one_epoch:201 - validate 23 cost time 7.76s, result: {'hit@1': 0.0127, 'ndcg@1': 0.0127, 'hit@5': 0.0478, 'ndcg@5': 0.0301, 'hit@10': 0.0835, 'ndcg@10': 0.0415, 'hit@15': 0.1116, 'ndcg@15': 0.0489, 'hit@20': 0.1368, 'ndcg@20': 0.0548, 'hit@40': 0.2191, 'ndcg@40': 0.0716} 
2024-10-10 19:24:19.270 | INFO     | trainer_1:_train_one_epoch:209 - test 23 cost time 7.45s, result: {'hit@1': 0.0089, 'ndcg@1': 0.0089, 'hit@5': 0.0317, 'ndcg@5': 0.0203, 'hit@10': 0.054, 'ndcg@10': 0.0274, 'hit@15': 0.0747, 'ndcg@15': 0.0329, 'hit@20': 0.0928, 'ndcg@20': 0.0371, 'hit@40': 0.1569, 'ndcg@40': 0.0501} 
2024-10-10 19:24:32.277 | INFO     | trainer_1:_train_one_epoch:193 - epoch 24 13.01s Train loss is [0.3828] 
2024-10-10 19:24:40.177 | INFO     | trainer_1:_train_one_epoch:201 - validate 24 cost time 7.90s, result: {'hit@1': 0.0141, 'ndcg@1': 0.0141, 'hit@5': 0.0501, 'ndcg@5': 0.0322, 'hit@10': 0.0836, 'ndcg@10': 0.043, 'hit@15': 0.1107, 'ndcg@15': 0.0501, 'hit@20': 0.1355, 'ndcg@20': 0.056, 'hit@40': 0.2168, 'ndcg@40': 0.0725} 
2024-10-10 19:24:48.566 | INFO     | trainer_1:_train_one_epoch:209 - test 24 cost time 8.39s, result: {'hit@1': 0.0087, 'ndcg@1': 0.0087, 'hit@5': 0.0337, 'ndcg@5': 0.0213, 'hit@10': 0.0552, 'ndcg@10': 0.0282, 'hit@15': 0.0753, 'ndcg@15': 0.0335, 'hit@20': 0.0925, 'ndcg@20': 0.0375, 'hit@40': 0.1551, 'ndcg@40': 0.0503} 
2024-10-10 19:25:01.808 | INFO     | trainer_1:_train_one_epoch:193 - epoch 25 13.24s Train loss is [0.3805] 
2024-10-10 19:25:10.923 | INFO     | trainer_1:_train_one_epoch:201 - validate 25 cost time 9.11s, result: {'hit@1': 0.0133, 'ndcg@1': 0.0133, 'hit@5': 0.0557, 'ndcg@5': 0.0346, 'hit@10': 0.092, 'ndcg@10': 0.0463, 'hit@15': 0.123, 'ndcg@15': 0.0544, 'hit@20': 0.1501, 'ndcg@20': 0.0608, 'hit@40': 0.2389, 'ndcg@40': 0.0789} 
2024-10-10 19:25:18.784 | INFO     | trainer_1:_train_one_epoch:209 - test 25 cost time 7.86s, result: {'hit@1': 0.0102, 'ndcg@1': 0.0102, 'hit@5': 0.0353, 'ndcg@5': 0.0227, 'hit@10': 0.0599, 'ndcg@10': 0.0306, 'hit@15': 0.082, 'ndcg@15': 0.0364, 'hit@20': 0.1008, 'ndcg@20': 0.0409, 'hit@40': 0.1658, 'ndcg@40': 0.054} 
2024-10-10 19:25:48.980 | INFO     | trainer_1:_train_one_epoch:193 - epoch 26 13.89s Train loss is [0.3867] 
2024-10-10 19:25:58.084 | INFO     | trainer_1:_train_one_epoch:201 - validate 26 cost time 9.10s, result: {'hit@1': 0.015, 'ndcg@1': 0.015, 'hit@5': 0.0559, 'ndcg@5': 0.0356, 'hit@10': 0.0916, 'ndcg@10': 0.0471, 'hit@15': 0.1217, 'ndcg@15': 0.055, 'hit@20': 0.1501, 'ndcg@20': 0.0617, 'hit@40': 0.236, 'ndcg@40': 0.0792} 
2024-10-10 19:26:05.478 | INFO     | trainer_1:_train_one_epoch:209 - test 26 cost time 7.39s, result: {'hit@1': 0.0107, 'ndcg@1': 0.0107, 'hit@5': 0.0367, 'ndcg@5': 0.0237, 'hit@10': 0.0608, 'ndcg@10': 0.0314, 'hit@15': 0.0818, 'ndcg@15': 0.0369, 'hit@20': 0.0998, 'ndcg@20': 0.0412, 'hit@40': 0.1637, 'ndcg@40': 0.0541} 
2024-10-10 19:26:35.172 | INFO     | trainer_1:_train_one_epoch:193 - epoch 27 11.80s Train loss is [0.3698] 
2024-10-10 19:26:44.623 | INFO     | trainer_1:_train_one_epoch:201 - validate 27 cost time 9.45s, result: {'hit@1': 0.0149, 'ndcg@1': 0.0149, 'hit@5': 0.0535, 'ndcg@5': 0.0344, 'hit@10': 0.088, 'ndcg@10': 0.0455, 'hit@15': 0.1168, 'ndcg@15': 0.053, 'hit@20': 0.1428, 'ndcg@20': 0.0592, 'hit@40': 0.2271, 'ndcg@40': 0.0763} 
2024-10-10 19:26:53.084 | INFO     | trainer_1:_train_one_epoch:209 - test 27 cost time 8.46s, result: {'hit@1': 0.0099, 'ndcg@1': 0.0099, 'hit@5': 0.0349, 'ndcg@5': 0.0226, 'hit@10': 0.0594, 'ndcg@10': 0.0304, 'hit@15': 0.0797, 'ndcg@15': 0.0358, 'hit@20': 0.0971, 'ndcg@20': 0.0399, 'hit@40': 0.1576, 'ndcg@40': 0.0522} 
2024-10-10 19:27:07.443 | INFO     | trainer_1:_train_one_epoch:193 - epoch 28 14.36s Train loss is [0.3741] 
2024-10-10 19:27:16.589 | INFO     | trainer_1:_train_one_epoch:201 - validate 28 cost time 9.15s, result: {'hit@1': 0.0145, 'ndcg@1': 0.0145, 'hit@5': 0.0571, 'ndcg@5': 0.0357, 'hit@10': 0.0921, 'ndcg@10': 0.0469, 'hit@15': 0.1226, 'ndcg@15': 0.055, 'hit@20': 0.1479, 'ndcg@20': 0.0609, 'hit@40': 0.2323, 'ndcg@40': 0.0781} 
2024-10-10 19:27:24.698 | INFO     | trainer_1:_train_one_epoch:209 - test 28 cost time 8.11s, result: {'hit@1': 0.0107, 'ndcg@1': 0.0107, 'hit@5': 0.0367, 'ndcg@5': 0.0237, 'hit@10': 0.0621, 'ndcg@10': 0.0319, 'hit@15': 0.0837, 'ndcg@15': 0.0375, 'hit@20': 0.1011, 'ndcg@20': 0.0416, 'hit@40': 0.1638, 'ndcg@40': 0.0544} 
2024-10-10 19:27:49.822 | INFO     | trainer_1:_train_one_epoch:193 - epoch 29 13.72s Train loss is [0.3768] 
2024-10-10 19:27:59.632 | INFO     | trainer_1:_train_one_epoch:201 - validate 29 cost time 9.81s, result: {'hit@1': 0.0157, 'ndcg@1': 0.0157, 'hit@5': 0.0556, 'ndcg@5': 0.0355, 'hit@10': 0.092, 'ndcg@10': 0.0471, 'hit@15': 0.1231, 'ndcg@15': 0.0553, 'hit@20': 0.1506, 'ndcg@20': 0.0618, 'hit@40': 0.2402, 'ndcg@40': 0.08} 
2024-10-10 19:28:07.205 | INFO     | trainer_1:_train_one_epoch:209 - test 29 cost time 7.57s, result: {'hit@1': 0.0112, 'ndcg@1': 0.0112, 'hit@5': 0.0375, 'ndcg@5': 0.0244, 'hit@10': 0.0626, 'ndcg@10': 0.0325, 'hit@15': 0.0845, 'ndcg@15': 0.0382, 'hit@20': 0.1034, 'ndcg@20': 0.0427, 'hit@40': 0.1704, 'ndcg@40': 0.0563} 
2024-10-10 19:28:32.480 | INFO     | trainer_1:_train_one_epoch:193 - epoch 30 12.43s Train loss is [0.3751] 
2024-10-10 19:28:38.939 | INFO     | trainer_1:_train_one_epoch:201 - validate 30 cost time 6.46s, result: {'hit@1': 0.0154, 'ndcg@1': 0.0154, 'hit@5': 0.0561, 'ndcg@5': 0.0359, 'hit@10': 0.0937, 'ndcg@10': 0.0479, 'hit@15': 0.1244, 'ndcg@15': 0.0561, 'hit@20': 0.1509, 'ndcg@20': 0.0623, 'hit@40': 0.2388, 'ndcg@40': 0.0802} 
2024-10-10 19:28:47.115 | INFO     | trainer_1:_train_one_epoch:209 - test 30 cost time 8.18s, result: {'hit@1': 0.0108, 'ndcg@1': 0.0108, 'hit@5': 0.0369, 'ndcg@5': 0.0238, 'hit@10': 0.0621, 'ndcg@10': 0.0318, 'hit@15': 0.083, 'ndcg@15': 0.0374, 'hit@20': 0.103, 'ndcg@20': 0.0421, 'hit@40': 0.1648, 'ndcg@40': 0.0546} 
2024-10-10 19:28:59.087 | INFO     | trainer_1:_train_one_epoch:193 - epoch 31 11.97s Train loss is [0.3743] 
2024-10-10 19:29:08.007 | INFO     | trainer_1:_train_one_epoch:201 - validate 31 cost time 8.92s, result: {'hit@1': 0.0161, 'ndcg@1': 0.0161, 'hit@5': 0.0572, 'ndcg@5': 0.0367, 'hit@10': 0.0935, 'ndcg@10': 0.0484, 'hit@15': 0.1239, 'ndcg@15': 0.0564, 'hit@20': 0.1515, 'ndcg@20': 0.0629, 'hit@40': 0.2363, 'ndcg@40': 0.0801} 
2024-10-10 19:29:14.075 | INFO     | trainer_1:_train_one_epoch:209 - test 31 cost time 6.07s, result: {'hit@1': 0.0109, 'ndcg@1': 0.0109, 'hit@5': 0.038, 'ndcg@5': 0.0244, 'hit@10': 0.0641, 'ndcg@10': 0.0327, 'hit@15': 0.0859, 'ndcg@15': 0.0385, 'hit@20': 0.1058, 'ndcg@20': 0.0432, 'hit@40': 0.1695, 'ndcg@40': 0.0561} 
2024-10-10 19:29:47.971 | INFO     | trainer_1:_train_one_epoch:193 - epoch 32 14.16s Train loss is [0.3668] 
2024-10-10 19:29:55.418 | INFO     | trainer_1:_train_one_epoch:201 - validate 32 cost time 7.45s, result: {'hit@1': 0.0155, 'ndcg@1': 0.0155, 'hit@5': 0.0556, 'ndcg@5': 0.0356, 'hit@10': 0.0947, 'ndcg@10': 0.048, 'hit@15': 0.1266, 'ndcg@15': 0.0564, 'hit@20': 0.1541, 'ndcg@20': 0.0629, 'hit@40': 0.2429, 'ndcg@40': 0.081} 
2024-10-10 19:30:02.066 | INFO     | trainer_1:_train_one_epoch:209 - test 32 cost time 6.65s, result: {'hit@1': 0.0102, 'ndcg@1': 0.0102, 'hit@5': 0.0388, 'ndcg@5': 0.0244, 'hit@10': 0.0647, 'ndcg@10': 0.0327, 'hit@15': 0.0866, 'ndcg@15': 0.0385, 'hit@20': 0.1066, 'ndcg@20': 0.0432, 'hit@40': 0.1731, 'ndcg@40': 0.0567} 
2024-10-10 19:30:35.189 | INFO     | trainer_1:_train_one_epoch:193 - epoch 33 14.76s Train loss is [0.3490] 
2024-10-10 19:30:45.098 | INFO     | trainer_1:_train_one_epoch:201 - validate 33 cost time 9.91s, result: {'hit@1': 0.015, 'ndcg@1': 0.015, 'hit@5': 0.0561, 'ndcg@5': 0.0358, 'hit@10': 0.0942, 'ndcg@10': 0.0481, 'hit@15': 0.1268, 'ndcg@15': 0.0567, 'hit@20': 0.1542, 'ndcg@20': 0.0631, 'hit@40': 0.2491, 'ndcg@40': 0.0825} 
2024-10-10 19:30:54.149 | INFO     | trainer_1:_train_one_epoch:209 - test 33 cost time 9.05s, result: {'hit@1': 0.0112, 'ndcg@1': 0.0112, 'hit@5': 0.0402, 'ndcg@5': 0.0256, 'hit@10': 0.0653, 'ndcg@10': 0.0337, 'hit@15': 0.0869, 'ndcg@15': 0.0394, 'hit@20': 0.1077, 'ndcg@20': 0.0443, 'hit@40': 0.1742, 'ndcg@40': 0.0578} 
2024-10-10 19:31:20.874 | INFO     | trainer_1:_train_one_epoch:193 - epoch 34 13.66s Train loss is [0.3598] 
2024-10-10 19:31:29.177 | INFO     | trainer_1:_train_one_epoch:201 - validate 34 cost time 8.30s, result: {'hit@1': 0.0154, 'ndcg@1': 0.0154, 'hit@5': 0.056, 'ndcg@5': 0.0355, 'hit@10': 0.0903, 'ndcg@10': 0.0465, 'hit@15': 0.1195, 'ndcg@15': 0.0542, 'hit@20': 0.1465, 'ndcg@20': 0.0606, 'hit@40': 0.2352, 'ndcg@40': 0.0787} 
2024-10-10 19:31:37.112 | INFO     | trainer_1:_train_one_epoch:209 - test 34 cost time 7.93s, result: {'hit@1': 0.0115, 'ndcg@1': 0.0115, 'hit@5': 0.0392, 'ndcg@5': 0.0254, 'hit@10': 0.0654, 'ndcg@10': 0.0339, 'hit@15': 0.0873, 'ndcg@15': 0.0397, 'hit@20': 0.1067, 'ndcg@20': 0.0442, 'hit@40': 0.1708, 'ndcg@40': 0.0573} 
2024-10-10 19:32:05.650 | INFO     | trainer_1:_train_one_epoch:193 - epoch 35 12.80s Train loss is [0.3547] 
2024-10-10 19:32:15.999 | INFO     | trainer_1:_train_one_epoch:201 - validate 35 cost time 10.35s, result: {'hit@1': 0.0153, 'ndcg@1': 0.0153, 'hit@5': 0.0552, 'ndcg@5': 0.0353, 'hit@10': 0.0903, 'ndcg@10': 0.0465, 'hit@15': 0.1216, 'ndcg@15': 0.0548, 'hit@20': 0.1487, 'ndcg@20': 0.0612, 'hit@40': 0.2371, 'ndcg@40': 0.0792} 
2024-10-10 19:32:23.803 | INFO     | trainer_1:_train_one_epoch:209 - test 35 cost time 7.80s, result: {'hit@1': 0.0112, 'ndcg@1': 0.0112, 'hit@5': 0.0378, 'ndcg@5': 0.0244, 'hit@10': 0.0629, 'ndcg@10': 0.0325, 'hit@15': 0.0834, 'ndcg@15': 0.0379, 'hit@20': 0.1043, 'ndcg@20': 0.0428, 'hit@40': 0.1697, 'ndcg@40': 0.0561} 
2024-10-10 19:32:37.054 | INFO     | trainer_1:_train_one_epoch:193 - epoch 36 13.25s Train loss is [0.3574] 
2024-10-10 19:32:43.820 | INFO     | trainer_1:_train_one_epoch:201 - validate 36 cost time 6.77s, result: {'hit@1': 0.0152, 'ndcg@1': 0.0152, 'hit@5': 0.0561, 'ndcg@5': 0.0356, 'hit@10': 0.0921, 'ndcg@10': 0.0471, 'hit@15': 0.1237, 'ndcg@15': 0.0554, 'hit@20': 0.1521, 'ndcg@20': 0.0621, 'hit@40': 0.2428, 'ndcg@40': 0.0806} 
2024-10-10 19:32:50.088 | INFO     | trainer_1:_train_one_epoch:209 - test 36 cost time 6.27s, result: {'hit@1': 0.0105, 'ndcg@1': 0.0105, 'hit@5': 0.0373, 'ndcg@5': 0.0238, 'hit@10': 0.0619, 'ndcg@10': 0.0317, 'hit@15': 0.0849, 'ndcg@15': 0.0377, 'hit@20': 0.1047, 'ndcg@20': 0.0424, 'hit@40': 0.1708, 'ndcg@40': 0.0558} 
2024-10-10 19:33:03.710 | INFO     | trainer_1:_train_one_epoch:193 - epoch 37 13.62s Train loss is [0.3624] 
2024-10-10 19:33:12.619 | INFO     | trainer_1:_train_one_epoch:201 - validate 37 cost time 8.91s, result: {'hit@1': 0.0157, 'ndcg@1': 0.0157, 'hit@5': 0.0583, 'ndcg@5': 0.0369, 'hit@10': 0.0968, 'ndcg@10': 0.0492, 'hit@15': 0.1295, 'ndcg@15': 0.0579, 'hit@20': 0.159, 'ndcg@20': 0.0648, 'hit@40': 0.2475, 'ndcg@40': 0.0828} 
2024-10-10 19:33:19.734 | INFO     | trainer_1:_train_one_epoch:209 - test 37 cost time 7.11s, result: {'hit@1': 0.0113, 'ndcg@1': 0.0113, 'hit@5': 0.0402, 'ndcg@5': 0.0257, 'hit@10': 0.0661, 'ndcg@10': 0.034, 'hit@15': 0.0888, 'ndcg@15': 0.0399, 'hit@20': 0.1097, 'ndcg@20': 0.0449, 'hit@40': 0.1787, 'ndcg@40': 0.0589} 
2024-10-10 19:33:46.676 | INFO     | trainer_1:_train_one_epoch:193 - epoch 38 15.00s Train loss is [0.3415] 
2024-10-10 19:33:55.929 | INFO     | trainer_1:_train_one_epoch:201 - validate 38 cost time 9.25s, result: {'hit@1': 0.0166, 'ndcg@1': 0.0166, 'hit@5': 0.057, 'ndcg@5': 0.0368, 'hit@10': 0.0937, 'ndcg@10': 0.0486, 'hit@15': 0.1256, 'ndcg@15': 0.057, 'hit@20': 0.1541, 'ndcg@20': 0.0637, 'hit@40': 0.2419, 'ndcg@40': 0.0816} 
2024-10-10 19:34:06.306 | INFO     | trainer_1:_train_one_epoch:209 - test 38 cost time 10.38s, result: {'hit@1': 0.0113, 'ndcg@1': 0.0113, 'hit@5': 0.0391, 'ndcg@5': 0.0251, 'hit@10': 0.064, 'ndcg@10': 0.0331, 'hit@15': 0.0865, 'ndcg@15': 0.039, 'hit@20': 0.1055, 'ndcg@20': 0.0435, 'hit@40': 0.1722, 'ndcg@40': 0.057} 
2024-10-10 19:34:21.309 | INFO     | trainer_1:_train_one_epoch:193 - epoch 39 15.00s Train loss is [0.3442] 
2024-10-10 19:34:32.060 | INFO     | trainer_1:_train_one_epoch:201 - validate 39 cost time 10.75s, result: {'hit@1': 0.0153, 'ndcg@1': 0.0153, 'hit@5': 0.0578, 'ndcg@5': 0.0365, 'hit@10': 0.0971, 'ndcg@10': 0.0491, 'hit@15': 0.1278, 'ndcg@15': 0.0572, 'hit@20': 0.1548, 'ndcg@20': 0.0636, 'hit@40': 0.2463, 'ndcg@40': 0.0823} 
2024-10-10 19:34:40.748 | INFO     | trainer_1:_train_one_epoch:209 - test 39 cost time 8.69s, result: {'hit@1': 0.0114, 'ndcg@1': 0.0114, 'hit@5': 0.0396, 'ndcg@5': 0.0254, 'hit@10': 0.0669, 'ndcg@10': 0.0341, 'hit@15': 0.0908, 'ndcg@15': 0.0404, 'hit@20': 0.1111, 'ndcg@20': 0.0452, 'hit@40': 0.1786, 'ndcg@40': 0.0589} 
2024-10-10 19:35:10.442 | INFO     | trainer_1:_train_one_epoch:193 - epoch 40 15.95s Train loss is [0.3443] 
2024-10-10 19:35:20.633 | INFO     | trainer_1:_train_one_epoch:201 - validate 40 cost time 10.19s, result: {'hit@1': 0.0157, 'ndcg@1': 0.0157, 'hit@5': 0.0582, 'ndcg@5': 0.0371, 'hit@10': 0.0953, 'ndcg@10': 0.049, 'hit@15': 0.1279, 'ndcg@15': 0.0576, 'hit@20': 0.1563, 'ndcg@20': 0.0643, 'hit@40': 0.2454, 'ndcg@40': 0.0824} 
2024-10-10 19:35:30.155 | INFO     | trainer_1:_train_one_epoch:209 - test 40 cost time 9.52s, result: {'hit@1': 0.0113, 'ndcg@1': 0.0113, 'hit@5': 0.0385, 'ndcg@5': 0.0249, 'hit@10': 0.0653, 'ndcg@10': 0.0335, 'hit@15': 0.0886, 'ndcg@15': 0.0396, 'hit@20': 0.1079, 'ndcg@20': 0.0442, 'hit@40': 0.1753, 'ndcg@40': 0.0578} 
2024-10-10 19:35:41.923 | INFO     | trainer_1:_train_one_epoch:193 - epoch 41 11.77s Train loss is [0.3485] 
2024-10-10 19:35:49.972 | INFO     | trainer_1:_train_one_epoch:201 - validate 41 cost time 8.05s, result: {'hit@1': 0.0165, 'ndcg@1': 0.0165, 'hit@5': 0.0581, 'ndcg@5': 0.0374, 'hit@10': 0.0967, 'ndcg@10': 0.0498, 'hit@15': 0.1263, 'ndcg@15': 0.0576, 'hit@20': 0.1544, 'ndcg@20': 0.0643, 'hit@40': 0.2445, 'ndcg@40': 0.0826} 
2024-10-10 19:35:56.124 | INFO     | trainer_1:_train_one_epoch:209 - test 41 cost time 6.15s, result: {'hit@1': 0.0111, 'ndcg@1': 0.0111, 'hit@5': 0.0401, 'ndcg@5': 0.0254, 'hit@10': 0.0657, 'ndcg@10': 0.0336, 'hit@15': 0.0886, 'ndcg@15': 0.0397, 'hit@20': 0.1088, 'ndcg@20': 0.0444, 'hit@40': 0.1759, 'ndcg@40': 0.058} 
2024-10-10 19:36:08.145 | INFO     | trainer_1:_train_one_epoch:193 - epoch 42 12.02s Train loss is [0.3387] 
2024-10-10 19:36:14.700 | INFO     | trainer_1:_train_one_epoch:201 - validate 42 cost time 6.55s, result: {'hit@1': 0.0176, 'ndcg@1': 0.0176, 'hit@5': 0.0635, 'ndcg@5': 0.0403, 'hit@10': 0.104, 'ndcg@10': 0.0533, 'hit@15': 0.1354, 'ndcg@15': 0.0616, 'hit@20': 0.1648, 'ndcg@20': 0.0685, 'hit@40': 0.2565, 'ndcg@40': 0.0872} 
2024-10-10 19:36:21.471 | INFO     | trainer_1:_train_one_epoch:209 - test 42 cost time 6.77s, result: {'hit@1': 0.0107, 'ndcg@1': 0.0107, 'hit@5': 0.041, 'ndcg@5': 0.026, 'hit@10': 0.0684, 'ndcg@10': 0.0348, 'hit@15': 0.0914, 'ndcg@15': 0.0408, 'hit@20': 0.1127, 'ndcg@20': 0.0459, 'hit@40': 0.1826, 'ndcg@40': 0.0601} 
2024-10-10 19:36:47.745 | INFO     | trainer_1:_train_one_epoch:193 - epoch 43 12.98s Train loss is [0.3386] 
2024-10-10 19:36:58.608 | INFO     | trainer_1:_train_one_epoch:201 - validate 43 cost time 10.86s, result: {'hit@1': 0.0167, 'ndcg@1': 0.0167, 'hit@5': 0.0584, 'ndcg@5': 0.0377, 'hit@10': 0.0989, 'ndcg@10': 0.0506, 'hit@15': 0.1309, 'ndcg@15': 0.0591, 'hit@20': 0.1605, 'ndcg@20': 0.0661, 'hit@40': 0.2516, 'ndcg@40': 0.0846} 
2024-10-10 19:37:09.531 | INFO     | trainer_1:_train_one_epoch:209 - test 43 cost time 10.92s, result: {'hit@1': 0.011, 'ndcg@1': 0.011, 'hit@5': 0.0412, 'ndcg@5': 0.0259, 'hit@10': 0.0679, 'ndcg@10': 0.0344, 'hit@15': 0.0905, 'ndcg@15': 0.0404, 'hit@20': 0.1113, 'ndcg@20': 0.0453, 'hit@40': 0.178, 'ndcg@40': 0.0589} 
2024-10-10 19:37:24.071 | INFO     | trainer_1:_train_one_epoch:193 - epoch 44 14.54s Train loss is [0.3462] 
2024-10-10 19:37:35.535 | INFO     | trainer_1:_train_one_epoch:201 - validate 44 cost time 11.46s, result: {'hit@1': 0.017, 'ndcg@1': 0.017, 'hit@5': 0.0582, 'ndcg@5': 0.0378, 'hit@10': 0.0984, 'ndcg@10': 0.0507, 'hit@15': 0.1304, 'ndcg@15': 0.0592, 'hit@20': 0.1573, 'ndcg@20': 0.0655, 'hit@40': 0.2481, 'ndcg@40': 0.084} 
2024-10-10 19:37:46.495 | INFO     | trainer_1:_train_one_epoch:209 - test 44 cost time 10.96s, result: {'hit@1': 0.0111, 'ndcg@1': 0.0111, 'hit@5': 0.0404, 'ndcg@5': 0.0256, 'hit@10': 0.0695, 'ndcg@10': 0.0349, 'hit@15': 0.0931, 'ndcg@15': 0.0411, 'hit@20': 0.1118, 'ndcg@20': 0.0455, 'hit@40': 0.18, 'ndcg@40': 0.0594} 
2024-10-10 19:38:15.506 | INFO     | trainer_1:_train_one_epoch:193 - epoch 45 15.07s Train loss is [0.3443] 
2024-10-10 19:38:25.681 | INFO     | trainer_1:_train_one_epoch:201 - validate 45 cost time 10.17s, result: {'hit@1': 0.0164, 'ndcg@1': 0.0164, 'hit@5': 0.0618, 'ndcg@5': 0.0393, 'hit@10': 0.1016, 'ndcg@10': 0.052, 'hit@15': 0.1317, 'ndcg@15': 0.0599, 'hit@20': 0.1609, 'ndcg@20': 0.0668, 'hit@40': 0.2502, 'ndcg@40': 0.085} 
2024-10-10 19:38:35.863 | INFO     | trainer_1:_train_one_epoch:209 - test 45 cost time 10.18s, result: {'hit@1': 0.0109, 'ndcg@1': 0.0109, 'hit@5': 0.0422, 'ndcg@5': 0.0263, 'hit@10': 0.0701, 'ndcg@10': 0.0352, 'hit@15': 0.0935, 'ndcg@15': 0.0414, 'hit@20': 0.1142, 'ndcg@20': 0.0463, 'hit@40': 0.18, 'ndcg@40': 0.0597} 
2024-10-10 19:39:07.262 | INFO     | trainer_1:_train_one_epoch:193 - epoch 46 14.52s Train loss is [0.3300] 
2024-10-10 19:39:18.441 | INFO     | trainer_1:_train_one_epoch:201 - validate 46 cost time 11.18s, result: {'hit@1': 0.0169, 'ndcg@1': 0.0169, 'hit@5': 0.0596, 'ndcg@5': 0.0381, 'hit@10': 0.0996, 'ndcg@10': 0.0509, 'hit@15': 0.1302, 'ndcg@15': 0.059, 'hit@20': 0.1563, 'ndcg@20': 0.0652, 'hit@40': 0.2456, 'ndcg@40': 0.0833} 
2024-10-10 19:39:29.284 | INFO     | trainer_1:_train_one_epoch:209 - test 46 cost time 10.84s, result: {'hit@1': 0.0105, 'ndcg@1': 0.0105, 'hit@5': 0.0417, 'ndcg@5': 0.0261, 'hit@10': 0.0686, 'ndcg@10': 0.0347, 'hit@15': 0.0911, 'ndcg@15': 0.0406, 'hit@20': 0.1113, 'ndcg@20': 0.0454, 'hit@40': 0.1775, 'ndcg@40': 0.0589} 
2024-10-10 19:39:38.767 | INFO     | trainer_1:_train_one_epoch:193 - epoch 47 9.48s Train loss is [0.3328] 
2024-10-10 19:39:49.615 | INFO     | trainer_1:_train_one_epoch:201 - validate 47 cost time 10.85s, result: {'hit@1': 0.016, 'ndcg@1': 0.016, 'hit@5': 0.0571, 'ndcg@5': 0.0365, 'hit@10': 0.0966, 'ndcg@10': 0.0492, 'hit@15': 0.1258, 'ndcg@15': 0.057, 'hit@20': 0.1538, 'ndcg@20': 0.0636, 'hit@40': 0.242, 'ndcg@40': 0.0815} 
2024-10-10 19:40:00.586 | INFO     | trainer_1:_train_one_epoch:209 - test 47 cost time 10.97s, result: {'hit@1': 0.0099, 'ndcg@1': 0.0099, 'hit@5': 0.0382, 'ndcg@5': 0.0241, 'hit@10': 0.0652, 'ndcg@10': 0.0327, 'hit@15': 0.0876, 'ndcg@15': 0.0387, 'hit@20': 0.108, 'ndcg@20': 0.0435, 'hit@40': 0.1721, 'ndcg@40': 0.0565} 
2024-10-10 19:40:11.056 | INFO     | trainer_1:_train_one_epoch:193 - epoch 48 10.47s Train loss is [0.3266] 
2024-10-10 19:40:21.313 | INFO     | trainer_1:_train_one_epoch:201 - validate 48 cost time 10.26s, result: {'hit@1': 0.0181, 'ndcg@1': 0.0181, 'hit@5': 0.0625, 'ndcg@5': 0.0401, 'hit@10': 0.1017, 'ndcg@10': 0.0526, 'hit@15': 0.1341, 'ndcg@15': 0.0612, 'hit@20': 0.1623, 'ndcg@20': 0.0679, 'hit@40': 0.2518, 'ndcg@40': 0.0861} 
2024-10-10 19:40:32.042 | INFO     | trainer_1:_train_one_epoch:209 - test 48 cost time 10.73s, result: {'hit@1': 0.0108, 'ndcg@1': 0.0108, 'hit@5': 0.041, 'ndcg@5': 0.026, 'hit@10': 0.0715, 'ndcg@10': 0.0358, 'hit@15': 0.0947, 'ndcg@15': 0.0419, 'hit@20': 0.1141, 'ndcg@20': 0.0465, 'hit@40': 0.1817, 'ndcg@40': 0.0602} 
2024-10-10 19:41:04.744 | INFO     | trainer_1:_train_one_epoch:193 - epoch 49 14.21s Train loss is [0.3367] 
2024-10-10 19:41:15.647 | INFO     | trainer_1:_train_one_epoch:201 - validate 49 cost time 10.90s, result: {'hit@1': 0.0169, 'ndcg@1': 0.0169, 'hit@5': 0.0587, 'ndcg@5': 0.0378, 'hit@10': 0.0967, 'ndcg@10': 0.05, 'hit@15': 0.1276, 'ndcg@15': 0.0582, 'hit@20': 0.1551, 'ndcg@20': 0.0647, 'hit@40': 0.2437, 'ndcg@40': 0.0827} 
2024-10-10 19:41:25.874 | INFO     | trainer_1:_train_one_epoch:209 - test 49 cost time 10.23s, result: {'hit@1': 0.0102, 'ndcg@1': 0.0102, 'hit@5': 0.0403, 'ndcg@5': 0.0253, 'hit@10': 0.0672, 'ndcg@10': 0.0338, 'hit@15': 0.0904, 'ndcg@15': 0.04, 'hit@20': 0.111, 'ndcg@20': 0.0448, 'hit@40': 0.1751, 'ndcg@40': 0.0578} 
2024-10-10 19:41:37.863 | INFO     | trainer_1:_train_one_epoch:193 - epoch 50 11.99s Train loss is [0.3383] 
2024-10-10 19:41:47.896 | INFO     | trainer_1:_train_one_epoch:201 - validate 50 cost time 10.03s, result: {'hit@1': 0.0163, 'ndcg@1': 0.0163, 'hit@5': 0.0601, 'ndcg@5': 0.0379, 'hit@10': 0.1007, 'ndcg@10': 0.0509, 'hit@15': 0.1342, 'ndcg@15': 0.0598, 'hit@20': 0.162, 'ndcg@20': 0.0663, 'hit@40': 0.2546, 'ndcg@40': 0.0851} 
2024-10-10 19:41:57.639 | INFO     | trainer_1:_train_one_epoch:209 - test 50 cost time 9.74s, result: {'hit@1': 0.0102, 'ndcg@1': 0.0102, 'hit@5': 0.0401, 'ndcg@5': 0.025, 'hit@10': 0.0684, 'ndcg@10': 0.0342, 'hit@15': 0.0917, 'ndcg@15': 0.0403, 'hit@20': 0.1133, 'ndcg@20': 0.0454, 'hit@40': 0.1792, 'ndcg@40': 0.0588} 
2024-10-10 19:42:08.815 | INFO     | trainer_1:_train_one_epoch:193 - epoch 51 11.17s Train loss is [0.3333] 
2024-10-10 19:42:19.293 | INFO     | trainer_1:_train_one_epoch:201 - validate 51 cost time 10.48s, result: {'hit@1': 0.0166, 'ndcg@1': 0.0166, 'hit@5': 0.0627, 'ndcg@5': 0.0397, 'hit@10': 0.1037, 'ndcg@10': 0.0529, 'hit@15': 0.1369, 'ndcg@15': 0.0617, 'hit@20': 0.1646, 'ndcg@20': 0.0682, 'hit@40': 0.2576, 'ndcg@40': 0.0872} 
2024-10-10 19:42:29.498 | INFO     | trainer_1:_train_one_epoch:209 - test 51 cost time 10.20s, result: {'hit@1': 0.0105, 'ndcg@1': 0.0105, 'hit@5': 0.0404, 'ndcg@5': 0.0255, 'hit@10': 0.0713, 'ndcg@10': 0.0354, 'hit@15': 0.095, 'ndcg@15': 0.0417, 'hit@20': 0.1154, 'ndcg@20': 0.0464, 'hit@40': 0.1846, 'ndcg@40': 0.0605} 
2024-10-10 19:42:41.671 | INFO     | trainer_1:_train_one_epoch:193 - epoch 52 12.17s Train loss is [0.3256] 
2024-10-10 19:42:52.004 | INFO     | trainer_1:_train_one_epoch:201 - validate 52 cost time 10.33s, result: {'hit@1': 0.0163, 'ndcg@1': 0.0163, 'hit@5': 0.0594, 'ndcg@5': 0.0377, 'hit@10': 0.0967, 'ndcg@10': 0.0496, 'hit@15': 0.1291, 'ndcg@15': 0.0582, 'hit@20': 0.1572, 'ndcg@20': 0.0648, 'hit@40': 0.2485, 'ndcg@40': 0.0834} 
2024-10-10 19:43:02.104 | INFO     | trainer_1:_train_one_epoch:209 - test 52 cost time 10.10s, result: {'hit@1': 0.0106, 'ndcg@1': 0.0106, 'hit@5': 0.0397, 'ndcg@5': 0.0252, 'hit@10': 0.0668, 'ndcg@10': 0.0339, 'hit@15': 0.0906, 'ndcg@15': 0.0402, 'hit@20': 0.11, 'ndcg@20': 0.0447, 'hit@40': 0.1789, 'ndcg@40': 0.0588} 
2024-10-10 19:43:14.970 | INFO     | trainer_1:_train_one_epoch:193 - epoch 53 12.87s Train loss is [0.3305] 
2024-10-10 19:43:25.084 | INFO     | trainer_1:_train_one_epoch:201 - validate 53 cost time 10.11s, result: {'hit@1': 0.0167, 'ndcg@1': 0.0167, 'hit@5': 0.0603, 'ndcg@5': 0.0385, 'hit@10': 0.098, 'ndcg@10': 0.0506, 'hit@15': 0.1294, 'ndcg@15': 0.0589, 'hit@20': 0.1585, 'ndcg@20': 0.0658, 'hit@40': 0.2485, 'ndcg@40': 0.0841} 
2024-10-10 19:43:34.871 | INFO     | trainer_1:_train_one_epoch:209 - test 53 cost time 9.79s, result: {'hit@1': 0.0106, 'ndcg@1': 0.0106, 'hit@5': 0.0404, 'ndcg@5': 0.0255, 'hit@10': 0.0672, 'ndcg@10': 0.0341, 'hit@15': 0.0887, 'ndcg@15': 0.0398, 'hit@20': 0.1092, 'ndcg@20': 0.0446, 'hit@40': 0.1776, 'ndcg@40': 0.0585} 
2024-10-10 19:43:34.882 | INFO     | trainer_1:train_model:163 - training end, best iteration 48, results: {'hit@1': 0.0181, 'ndcg@1': 0.0181, 'hit@5': 0.0625, 'ndcg@5': 0.0401, 'hit@10': 0.1017, 'ndcg@10': 0.0526, 'hit@15': 0.1341, 'ndcg@15': 0.0612, 'hit@20': 0.1623, 'ndcg@20': 0.0679, 'hit@40': 0.2518, 'ndcg@40': 0.0861}
2024-10-10 19:43:34.883 | INFO     | trainer_1:train_model:166 - final test result is:  {'hit@1': 0.0108, 'ndcg@1': 0.0108, 'hit@5': 0.041, 'ndcg@5': 0.026, 'hit@10': 0.0715, 'ndcg@10': 0.0358, 'hit@15': 0.0947, 'ndcg@15': 0.0419, 'hit@20': 0.1141, 'ndcg@20': 0.0465, 'hit@40': 0.1817, 'ndcg@40': 0.0602}
2024-10-10 19:43:35.220 | INFO     | __main__:<module>:119 - train end total cost time: 4004.811886548996
