2024-10-11 04:29:22.921 | INFO     | __main__:<module>:105 - Namespace(TIME='2024-10-11 04_28_49', batch_size=1024, behaviors=['view', 'cart', 'buy'], check_point='model_pre_1_2024-10-08 12_35_44.pth', data_name='beibei', data_path='./data/beibei', decay=0.001, device='cuda:1', dim_qk=32, dim_v=64, distill_layers=2, distill_thres=0.5, distill_topK=60, distill_userK=10, embedding_size=64, epochs=100, gpu_no=1, if_load_model=True, ii_lambda=200, initializer_range=0.02, layers=2, loss_type='bpr', lr=0.001, message_dropout=0.25, metrics=['hit', 'ndcg'], min_epoch=5, model_name='main_1', model_path='./check_point', node_dropout=0.75, omega=1, pt_loop=50, reg_weight=0.001, test_batch_size=1024, testbatch=1024, topk=[1, 5, 10, 15, 20, 40], uu_lambda=100)
2024-10-11 04:29:22.922 | INFO     | __main__:<module>:106 - BIPN(
  (message_dropout): Dropout(p=0.25, inplace=False)
  (user_embedding): Embedding(21717, 64, padding_idx=0)
  (item_embedding): Embedding(7978, 64, padding_idx=0)
  (global_Graph): LightGCN()
  (Graph_encoder): ModuleDict(
    (view): GraphEncoder(
      (light): LightGCN()
      (dropout): Dropout(p=0.75, inplace=False)
    )
    (cart): GraphEncoder(
      (light): LightGCN()
      (dropout): Dropout(p=0.75, inplace=False)
    )
    (buy): GraphEncoder(
      (light): LightGCN()
      (dropout): Dropout(p=0.75, inplace=False)
    )
  )
  (attention): Mutual_Attention()
  (bpr_loss): BPRLoss()
  (emb_loss): EmbLoss()
  (f): Sigmoid()
)
2024-10-11 04:48:33.745 | INFO     | trainer_1:_train_one_epoch:193 - epoch 1 7.84s Train loss is [0.9466] 
2024-10-11 04:48:39.447 | INFO     | trainer_1:_train_one_epoch:201 - validate 1 cost time 5.70s, result: {'hit@1': 0.0047, 'ndcg@1': 0.0047, 'hit@5': 0.0233, 'ndcg@5': 0.0141, 'hit@10': 0.0448, 'ndcg@10': 0.021, 'hit@15': 0.0629, 'ndcg@15': 0.0257, 'hit@20': 0.0818, 'ndcg@20': 0.0302, 'hit@40': 0.1404, 'ndcg@40': 0.0421} 
2024-10-11 04:48:44.847 | INFO     | trainer_1:_train_one_epoch:209 - test 1 cost time 5.40s, result: {'hit@1': 0.0033, 'ndcg@1': 0.0033, 'hit@5': 0.0148, 'ndcg@5': 0.0089, 'hit@10': 0.0291, 'ndcg@10': 0.0135, 'hit@15': 0.0431, 'ndcg@15': 0.0171, 'hit@20': 0.0567, 'ndcg@20': 0.0204, 'hit@40': 0.1059, 'ndcg@40': 0.0303} 
2024-10-11 04:49:03.075 | INFO     | trainer_1:_train_one_epoch:193 - epoch 2 6.98s Train loss is [0.7272] 
2024-10-11 04:49:08.758 | INFO     | trainer_1:_train_one_epoch:201 - validate 2 cost time 5.68s, result: {'hit@1': 0.007, 'ndcg@1': 0.007, 'hit@5': 0.029, 'ndcg@5': 0.0178, 'hit@10': 0.0507, 'ndcg@10': 0.0247, 'hit@15': 0.0708, 'ndcg@15': 0.03, 'hit@20': 0.0905, 'ndcg@20': 0.0346, 'hit@40': 0.1554, 'ndcg@40': 0.0478} 
2024-10-11 04:49:14.350 | INFO     | trainer_1:_train_one_epoch:209 - test 2 cost time 5.59s, result: {'hit@1': 0.004, 'ndcg@1': 0.004, 'hit@5': 0.0188, 'ndcg@5': 0.0112, 'hit@10': 0.035, 'ndcg@10': 0.0163, 'hit@15': 0.0503, 'ndcg@15': 0.0204, 'hit@20': 0.0641, 'ndcg@20': 0.0236, 'hit@40': 0.115, 'ndcg@40': 0.034} 
2024-10-11 04:49:32.109 | INFO     | trainer_1:_train_one_epoch:193 - epoch 3 6.87s Train loss is [0.6312] 
2024-10-11 04:49:37.762 | INFO     | trainer_1:_train_one_epoch:201 - validate 3 cost time 5.65s, result: {'hit@1': 0.0099, 'ndcg@1': 0.0099, 'hit@5': 0.033, 'ndcg@5': 0.0213, 'hit@10': 0.0592, 'ndcg@10': 0.0297, 'hit@15': 0.0838, 'ndcg@15': 0.0362, 'hit@20': 0.1044, 'ndcg@20': 0.041, 'hit@40': 0.1762, 'ndcg@40': 0.0556} 
2024-10-11 04:49:43.323 | INFO     | trainer_1:_train_one_epoch:209 - test 3 cost time 5.56s, result: {'hit@1': 0.005, 'ndcg@1': 0.005, 'hit@5': 0.022, 'ndcg@5': 0.0134, 'hit@10': 0.0399, 'ndcg@10': 0.0191, 'hit@15': 0.058, 'ndcg@15': 0.0239, 'hit@20': 0.0729, 'ndcg@20': 0.0274, 'hit@40': 0.1272, 'ndcg@40': 0.0384} 
2024-10-11 04:50:00.981 | INFO     | trainer_1:_train_one_epoch:193 - epoch 4 6.90s Train loss is [0.5804] 
2024-10-11 04:50:06.592 | INFO     | trainer_1:_train_one_epoch:201 - validate 4 cost time 5.61s, result: {'hit@1': 0.0102, 'ndcg@1': 0.0102, 'hit@5': 0.0374, 'ndcg@5': 0.0235, 'hit@10': 0.0674, 'ndcg@10': 0.0331, 'hit@15': 0.0952, 'ndcg@15': 0.0404, 'hit@20': 0.1177, 'ndcg@20': 0.0457, 'hit@40': 0.1967, 'ndcg@40': 0.0618} 
2024-10-11 04:50:12.139 | INFO     | trainer_1:_train_one_epoch:209 - test 4 cost time 5.55s, result: {'hit@1': 0.0056, 'ndcg@1': 0.0056, 'hit@5': 0.0243, 'ndcg@5': 0.0147, 'hit@10': 0.0429, 'ndcg@10': 0.0207, 'hit@15': 0.0632, 'ndcg@15': 0.026, 'hit@20': 0.0819, 'ndcg@20': 0.0304, 'hit@40': 0.14, 'ndcg@40': 0.0422} 
2024-10-11 04:50:29.735 | INFO     | trainer_1:_train_one_epoch:193 - epoch 5 6.89s Train loss is [0.5464] 
2024-10-11 04:50:35.335 | INFO     | trainer_1:_train_one_epoch:201 - validate 5 cost time 5.60s, result: {'hit@1': 0.0119, 'ndcg@1': 0.0119, 'hit@5': 0.0432, 'ndcg@5': 0.0272, 'hit@10': 0.0732, 'ndcg@10': 0.0368, 'hit@15': 0.0982, 'ndcg@15': 0.0434, 'hit@20': 0.1218, 'ndcg@20': 0.049, 'hit@40': 0.1954, 'ndcg@40': 0.064} 
2024-10-11 04:50:40.870 | INFO     | trainer_1:_train_one_epoch:209 - test 5 cost time 5.53s, result: {'hit@1': 0.0056, 'ndcg@1': 0.0056, 'hit@5': 0.0252, 'ndcg@5': 0.0153, 'hit@10': 0.0449, 'ndcg@10': 0.0217, 'hit@15': 0.0635, 'ndcg@15': 0.0266, 'hit@20': 0.0787, 'ndcg@20': 0.0302, 'hit@40': 0.1343, 'ndcg@40': 0.0415} 
2024-10-11 04:50:58.309 | INFO     | trainer_1:_train_one_epoch:193 - epoch 6 6.86s Train loss is [0.5273] 
2024-10-11 04:51:03.937 | INFO     | trainer_1:_train_one_epoch:201 - validate 6 cost time 5.63s, result: {'hit@1': 0.0118, 'ndcg@1': 0.0118, 'hit@5': 0.0434, 'ndcg@5': 0.0274, 'hit@10': 0.0737, 'ndcg@10': 0.0371, 'hit@15': 0.1027, 'ndcg@15': 0.0447, 'hit@20': 0.126, 'ndcg@20': 0.0502, 'hit@40': 0.2074, 'ndcg@40': 0.0668} 
2024-10-11 04:51:09.475 | INFO     | trainer_1:_train_one_epoch:209 - test 6 cost time 5.54s, result: {'hit@1': 0.0063, 'ndcg@1': 0.0063, 'hit@5': 0.0276, 'ndcg@5': 0.0167, 'hit@10': 0.0488, 'ndcg@10': 0.0235, 'hit@15': 0.0674, 'ndcg@15': 0.0284, 'hit@20': 0.0859, 'ndcg@20': 0.0327, 'hit@40': 0.1466, 'ndcg@40': 0.0451} 
2024-10-11 04:51:26.903 | INFO     | trainer_1:_train_one_epoch:193 - epoch 7 6.84s Train loss is [0.5051] 
2024-10-11 04:51:32.503 | INFO     | trainer_1:_train_one_epoch:201 - validate 7 cost time 5.60s, result: {'hit@1': 0.0115, 'ndcg@1': 0.0115, 'hit@5': 0.0446, 'ndcg@5': 0.028, 'hit@10': 0.0741, 'ndcg@10': 0.0375, 'hit@15': 0.103, 'ndcg@15': 0.0451, 'hit@20': 0.1268, 'ndcg@20': 0.0508, 'hit@40': 0.2024, 'ndcg@40': 0.0662} 
2024-10-11 04:51:38.035 | INFO     | trainer_1:_train_one_epoch:209 - test 7 cost time 5.53s, result: {'hit@1': 0.0074, 'ndcg@1': 0.0074, 'hit@5': 0.0273, 'ndcg@5': 0.0172, 'hit@10': 0.0483, 'ndcg@10': 0.0239, 'hit@15': 0.0672, 'ndcg@15': 0.0289, 'hit@20': 0.0835, 'ndcg@20': 0.0328, 'hit@40': 0.1427, 'ndcg@40': 0.0448} 
2024-10-11 04:51:44.833 | INFO     | trainer_1:_train_one_epoch:193 - epoch 8 6.80s Train loss is [0.5079] 
2024-10-11 04:51:50.408 | INFO     | trainer_1:_train_one_epoch:201 - validate 8 cost time 5.57s, result: {'hit@1': 0.0119, 'ndcg@1': 0.0119, 'hit@5': 0.0449, 'ndcg@5': 0.0283, 'hit@10': 0.0758, 'ndcg@10': 0.0382, 'hit@15': 0.1005, 'ndcg@15': 0.0447, 'hit@20': 0.1232, 'ndcg@20': 0.05, 'hit@40': 0.1972, 'ndcg@40': 0.0651} 
2024-10-11 04:51:55.925 | INFO     | trainer_1:_train_one_epoch:209 - test 8 cost time 5.52s, result: {'hit@1': 0.0078, 'ndcg@1': 0.0078, 'hit@5': 0.0273, 'ndcg@5': 0.0175, 'hit@10': 0.048, 'ndcg@10': 0.0241, 'hit@15': 0.0656, 'ndcg@15': 0.0287, 'hit@20': 0.082, 'ndcg@20': 0.0326, 'hit@40': 0.1387, 'ndcg@40': 0.0442} 
2024-10-11 04:52:02.491 | INFO     | trainer_1:_train_one_epoch:193 - epoch 9 6.56s Train loss is [0.4920] 
2024-10-11 04:52:07.338 | INFO     | trainer_1:_train_one_epoch:201 - validate 9 cost time 4.85s, result: {'hit@1': 0.0109, 'ndcg@1': 0.0109, 'hit@5': 0.0465, 'ndcg@5': 0.0286, 'hit@10': 0.0803, 'ndcg@10': 0.0395, 'hit@15': 0.1106, 'ndcg@15': 0.0474, 'hit@20': 0.1378, 'ndcg@20': 0.0539, 'hit@40': 0.2222, 'ndcg@40': 0.071} 
2024-10-11 04:52:12.155 | INFO     | trainer_1:_train_one_epoch:209 - test 9 cost time 4.82s, result: {'hit@1': 0.0072, 'ndcg@1': 0.0072, 'hit@5': 0.0303, 'ndcg@5': 0.0188, 'hit@10': 0.0528, 'ndcg@10': 0.026, 'hit@15': 0.072, 'ndcg@15': 0.0311, 'hit@20': 0.0913, 'ndcg@20': 0.0356, 'hit@40': 0.1585, 'ndcg@40': 0.0493} 
2024-10-11 04:52:29.337 | INFO     | trainer_1:_train_one_epoch:193 - epoch 10 6.29s Train loss is [0.4782] 
2024-10-11 04:52:34.188 | INFO     | trainer_1:_train_one_epoch:201 - validate 10 cost time 4.85s, result: {'hit@1': 0.0119, 'ndcg@1': 0.0119, 'hit@5': 0.0451, 'ndcg@5': 0.0285, 'hit@10': 0.0778, 'ndcg@10': 0.0389, 'hit@15': 0.1058, 'ndcg@15': 0.0463, 'hit@20': 0.1278, 'ndcg@20': 0.0515, 'hit@40': 0.2038, 'ndcg@40': 0.067} 
2024-10-11 04:52:39.005 | INFO     | trainer_1:_train_one_epoch:209 - test 10 cost time 4.82s, result: {'hit@1': 0.0068, 'ndcg@1': 0.0068, 'hit@5': 0.0301, 'ndcg@5': 0.0183, 'hit@10': 0.0501, 'ndcg@10': 0.0247, 'hit@15': 0.0683, 'ndcg@15': 0.0295, 'hit@20': 0.0872, 'ndcg@20': 0.034, 'hit@40': 0.1443, 'ndcg@40': 0.0456} 
2024-10-11 04:52:45.291 | INFO     | trainer_1:_train_one_epoch:193 - epoch 11 6.28s Train loss is [0.4835] 
2024-10-11 04:52:50.143 | INFO     | trainer_1:_train_one_epoch:201 - validate 11 cost time 4.85s, result: {'hit@1': 0.0109, 'ndcg@1': 0.0109, 'hit@5': 0.0451, 'ndcg@5': 0.0278, 'hit@10': 0.0792, 'ndcg@10': 0.0387, 'hit@15': 0.1085, 'ndcg@15': 0.0464, 'hit@20': 0.133, 'ndcg@20': 0.0522, 'hit@40': 0.2104, 'ndcg@40': 0.068} 
2024-10-11 04:52:54.953 | INFO     | trainer_1:_train_one_epoch:209 - test 11 cost time 4.81s, result: {'hit@1': 0.0064, 'ndcg@1': 0.0064, 'hit@5': 0.0297, 'ndcg@5': 0.0179, 'hit@10': 0.0528, 'ndcg@10': 0.0253, 'hit@15': 0.0722, 'ndcg@15': 0.0305, 'hit@20': 0.0903, 'ndcg@20': 0.0347, 'hit@40': 0.1499, 'ndcg@40': 0.0469} 
2024-10-11 04:53:01.353 | INFO     | trainer_1:_train_one_epoch:193 - epoch 12 6.40s Train loss is [0.4667] 
2024-10-11 04:53:06.932 | INFO     | trainer_1:_train_one_epoch:201 - validate 12 cost time 5.58s, result: {'hit@1': 0.0112, 'ndcg@1': 0.0112, 'hit@5': 0.0437, 'ndcg@5': 0.0271, 'hit@10': 0.0768, 'ndcg@10': 0.0377, 'hit@15': 0.1042, 'ndcg@15': 0.0449, 'hit@20': 0.1262, 'ndcg@20': 0.0501, 'hit@40': 0.2042, 'ndcg@40': 0.066} 
2024-10-11 04:53:12.456 | INFO     | trainer_1:_train_one_epoch:209 - test 12 cost time 5.52s, result: {'hit@1': 0.0061, 'ndcg@1': 0.0061, 'hit@5': 0.0289, 'ndcg@5': 0.0173, 'hit@10': 0.0525, 'ndcg@10': 0.0249, 'hit@15': 0.0723, 'ndcg@15': 0.0301, 'hit@20': 0.0894, 'ndcg@20': 0.0341, 'hit@40': 0.1483, 'ndcg@40': 0.0461} 
2024-10-11 04:53:19.051 | INFO     | trainer_1:_train_one_epoch:193 - epoch 13 6.59s Train loss is [0.4459] 
2024-10-11 04:53:24.472 | INFO     | trainer_1:_train_one_epoch:201 - validate 13 cost time 5.42s, result: {'hit@1': 0.0113, 'ndcg@1': 0.0113, 'hit@5': 0.0438, 'ndcg@5': 0.0273, 'hit@10': 0.0806, 'ndcg@10': 0.0391, 'hit@15': 0.1096, 'ndcg@15': 0.0468, 'hit@20': 0.1352, 'ndcg@20': 0.0528, 'hit@40': 0.22, 'ndcg@40': 0.07} 
2024-10-11 04:53:29.286 | INFO     | trainer_1:_train_one_epoch:209 - test 13 cost time 4.81s, result: {'hit@1': 0.0064, 'ndcg@1': 0.0064, 'hit@5': 0.0305, 'ndcg@5': 0.0182, 'hit@10': 0.0522, 'ndcg@10': 0.0251, 'hit@15': 0.0723, 'ndcg@15': 0.0304, 'hit@20': 0.0905, 'ndcg@20': 0.0347, 'hit@40': 0.1527, 'ndcg@40': 0.0474} 
2024-10-11 04:53:35.635 | INFO     | trainer_1:_train_one_epoch:193 - epoch 14 6.35s Train loss is [0.4464] 
2024-10-11 04:53:41.209 | INFO     | trainer_1:_train_one_epoch:201 - validate 14 cost time 5.57s, result: {'hit@1': 0.0115, 'ndcg@1': 0.0115, 'hit@5': 0.0436, 'ndcg@5': 0.0276, 'hit@10': 0.0789, 'ndcg@10': 0.0389, 'hit@15': 0.1072, 'ndcg@15': 0.0464, 'hit@20': 0.1311, 'ndcg@20': 0.052, 'hit@40': 0.2117, 'ndcg@40': 0.0684} 
2024-10-11 04:53:46.738 | INFO     | trainer_1:_train_one_epoch:209 - test 14 cost time 5.53s, result: {'hit@1': 0.0075, 'ndcg@1': 0.0075, 'hit@5': 0.0303, 'ndcg@5': 0.0187, 'hit@10': 0.0527, 'ndcg@10': 0.0259, 'hit@15': 0.0734, 'ndcg@15': 0.0314, 'hit@20': 0.0903, 'ndcg@20': 0.0353, 'hit@40': 0.1504, 'ndcg@40': 0.0475} 
2024-10-11 04:53:53.410 | INFO     | trainer_1:_train_one_epoch:193 - epoch 15 6.67s Train loss is [0.4354] 
2024-10-11 04:53:58.981 | INFO     | trainer_1:_train_one_epoch:201 - validate 15 cost time 5.57s, result: {'hit@1': 0.0107, 'ndcg@1': 0.0107, 'hit@5': 0.0441, 'ndcg@5': 0.0272, 'hit@10': 0.074, 'ndcg@10': 0.0368, 'hit@15': 0.1013, 'ndcg@15': 0.044, 'hit@20': 0.1282, 'ndcg@20': 0.0504, 'hit@40': 0.2095, 'ndcg@40': 0.067} 
2024-10-11 04:54:04.498 | INFO     | trainer_1:_train_one_epoch:209 - test 15 cost time 5.52s, result: {'hit@1': 0.0076, 'ndcg@1': 0.0076, 'hit@5': 0.0306, 'ndcg@5': 0.0189, 'hit@10': 0.053, 'ndcg@10': 0.026, 'hit@15': 0.0732, 'ndcg@15': 0.0313, 'hit@20': 0.0894, 'ndcg@20': 0.0352, 'hit@40': 0.1483, 'ndcg@40': 0.0471} 
2024-10-11 04:54:22.042 | INFO     | trainer_1:_train_one_epoch:193 - epoch 16 6.91s Train loss is [0.4406] 
2024-10-11 04:54:27.620 | INFO     | trainer_1:_train_one_epoch:201 - validate 16 cost time 5.58s, result: {'hit@1': 0.0117, 'ndcg@1': 0.0117, 'hit@5': 0.0463, 'ndcg@5': 0.0289, 'hit@10': 0.0789, 'ndcg@10': 0.0393, 'hit@15': 0.1064, 'ndcg@15': 0.0466, 'hit@20': 0.1313, 'ndcg@20': 0.0524, 'hit@40': 0.2101, 'ndcg@40': 0.0684} 
2024-10-11 04:54:33.120 | INFO     | trainer_1:_train_one_epoch:209 - test 16 cost time 5.50s, result: {'hit@1': 0.0076, 'ndcg@1': 0.0076, 'hit@5': 0.0321, 'ndcg@5': 0.0197, 'hit@10': 0.0545, 'ndcg@10': 0.0269, 'hit@15': 0.0755, 'ndcg@15': 0.0324, 'hit@20': 0.0916, 'ndcg@20': 0.0362, 'hit@40': 0.1509, 'ndcg@40': 0.0482} 
2024-10-11 04:54:50.531 | INFO     | trainer_1:_train_one_epoch:193 - epoch 17 6.71s Train loss is [0.4333] 
2024-10-11 04:54:55.379 | INFO     | trainer_1:_train_one_epoch:201 - validate 17 cost time 4.85s, result: {'hit@1': 0.0116, 'ndcg@1': 0.0116, 'hit@5': 0.0454, 'ndcg@5': 0.0282, 'hit@10': 0.0787, 'ndcg@10': 0.0389, 'hit@15': 0.1066, 'ndcg@15': 0.0462, 'hit@20': 0.131, 'ndcg@20': 0.052, 'hit@40': 0.2113, 'ndcg@40': 0.0683} 
2024-10-11 04:55:00.178 | INFO     | trainer_1:_train_one_epoch:209 - test 17 cost time 4.80s, result: {'hit@1': 0.008, 'ndcg@1': 0.008, 'hit@5': 0.0301, 'ndcg@5': 0.0191, 'hit@10': 0.0541, 'ndcg@10': 0.0268, 'hit@15': 0.0723, 'ndcg@15': 0.0316, 'hit@20': 0.0895, 'ndcg@20': 0.0357, 'hit@40': 0.1536, 'ndcg@40': 0.0487} 
2024-10-11 04:55:06.744 | INFO     | trainer_1:_train_one_epoch:193 - epoch 18 6.57s Train loss is [0.4136] 
2024-10-11 04:55:11.588 | INFO     | trainer_1:_train_one_epoch:201 - validate 18 cost time 4.84s, result: {'hit@1': 0.0126, 'ndcg@1': 0.0126, 'hit@5': 0.049, 'ndcg@5': 0.0308, 'hit@10': 0.0823, 'ndcg@10': 0.0415, 'hit@15': 0.1104, 'ndcg@15': 0.0489, 'hit@20': 0.1336, 'ndcg@20': 0.0544, 'hit@40': 0.2132, 'ndcg@40': 0.0706} 
2024-10-11 04:55:16.398 | INFO     | trainer_1:_train_one_epoch:209 - test 18 cost time 4.81s, result: {'hit@1': 0.0078, 'ndcg@1': 0.0078, 'hit@5': 0.0319, 'ndcg@5': 0.02, 'hit@10': 0.0556, 'ndcg@10': 0.0276, 'hit@15': 0.0754, 'ndcg@15': 0.0328, 'hit@20': 0.0928, 'ndcg@20': 0.0369, 'hit@40': 0.1529, 'ndcg@40': 0.0491} 
2024-10-11 04:55:33.728 | INFO     | trainer_1:_train_one_epoch:193 - epoch 19 6.75s Train loss is [0.4159] 
2024-10-11 04:55:39.294 | INFO     | trainer_1:_train_one_epoch:201 - validate 19 cost time 5.57s, result: {'hit@1': 0.0127, 'ndcg@1': 0.0127, 'hit@5': 0.0498, 'ndcg@5': 0.0313, 'hit@10': 0.0862, 'ndcg@10': 0.0429, 'hit@15': 0.1162, 'ndcg@15': 0.0508, 'hit@20': 0.1414, 'ndcg@20': 0.0568, 'hit@40': 0.2226, 'ndcg@40': 0.0733} 
2024-10-11 04:55:44.800 | INFO     | trainer_1:_train_one_epoch:209 - test 19 cost time 5.51s, result: {'hit@1': 0.0079, 'ndcg@1': 0.0079, 'hit@5': 0.0339, 'ndcg@5': 0.0209, 'hit@10': 0.0571, 'ndcg@10': 0.0283, 'hit@15': 0.0785, 'ndcg@15': 0.0339, 'hit@20': 0.0965, 'ndcg@20': 0.0382, 'hit@40': 0.1575, 'ndcg@40': 0.0505} 
2024-10-11 04:56:02.133 | INFO     | trainer_1:_train_one_epoch:193 - epoch 20 6.85s Train loss is [0.4044] 
2024-10-11 04:56:07.707 | INFO     | trainer_1:_train_one_epoch:201 - validate 20 cost time 5.57s, result: {'hit@1': 0.0135, 'ndcg@1': 0.0135, 'hit@5': 0.0504, 'ndcg@5': 0.0317, 'hit@10': 0.085, 'ndcg@10': 0.0428, 'hit@15': 0.109, 'ndcg@15': 0.0492, 'hit@20': 0.1338, 'ndcg@20': 0.055, 'hit@40': 0.2161, 'ndcg@40': 0.0717} 
2024-10-11 04:56:13.218 | INFO     | trainer_1:_train_one_epoch:209 - test 20 cost time 5.51s, result: {'hit@1': 0.0085, 'ndcg@1': 0.0085, 'hit@5': 0.0328, 'ndcg@5': 0.0206, 'hit@10': 0.0557, 'ndcg@10': 0.0279, 'hit@15': 0.0749, 'ndcg@15': 0.033, 'hit@20': 0.0926, 'ndcg@20': 0.0371, 'hit@40': 0.1518, 'ndcg@40': 0.0492} 
2024-10-11 04:56:20.039 | INFO     | trainer_1:_train_one_epoch:193 - epoch 21 6.82s Train loss is [0.3965] 
2024-10-11 04:56:25.627 | INFO     | trainer_1:_train_one_epoch:201 - validate 21 cost time 5.59s, result: {'hit@1': 0.0141, 'ndcg@1': 0.0141, 'hit@5': 0.0501, 'ndcg@5': 0.032, 'hit@10': 0.0849, 'ndcg@10': 0.0431, 'hit@15': 0.1138, 'ndcg@15': 0.0508, 'hit@20': 0.1383, 'ndcg@20': 0.0566, 'hit@40': 0.2197, 'ndcg@40': 0.0732} 
2024-10-11 04:56:31.150 | INFO     | trainer_1:_train_one_epoch:209 - test 21 cost time 5.52s, result: {'hit@1': 0.0096, 'ndcg@1': 0.0096, 'hit@5': 0.0326, 'ndcg@5': 0.0211, 'hit@10': 0.0566, 'ndcg@10': 0.0289, 'hit@15': 0.0758, 'ndcg@15': 0.0339, 'hit@20': 0.0945, 'ndcg@20': 0.0383, 'hit@40': 0.1551, 'ndcg@40': 0.0506} 
2024-10-11 04:56:38.038 | INFO     | trainer_1:_train_one_epoch:193 - epoch 22 6.89s Train loss is [0.4017] 
2024-10-11 04:56:43.617 | INFO     | trainer_1:_train_one_epoch:201 - validate 22 cost time 5.58s, result: {'hit@1': 0.0139, 'ndcg@1': 0.0139, 'hit@5': 0.0523, 'ndcg@5': 0.0331, 'hit@10': 0.0896, 'ndcg@10': 0.045, 'hit@15': 0.1184, 'ndcg@15': 0.0527, 'hit@20': 0.1445, 'ndcg@20': 0.0588, 'hit@40': 0.2303, 'ndcg@40': 0.0763} 
2024-10-11 04:56:49.128 | INFO     | trainer_1:_train_one_epoch:209 - test 22 cost time 5.51s, result: {'hit@1': 0.0093, 'ndcg@1': 0.0093, 'hit@5': 0.0358, 'ndcg@5': 0.0225, 'hit@10': 0.0601, 'ndcg@10': 0.0303, 'hit@15': 0.0813, 'ndcg@15': 0.0359, 'hit@20': 0.0988, 'ndcg@20': 0.04, 'hit@40': 0.1631, 'ndcg@40': 0.0531} 
2024-10-11 04:57:06.504 | INFO     | trainer_1:_train_one_epoch:193 - epoch 23 6.81s Train loss is [0.3877] 
2024-10-11 04:57:12.078 | INFO     | trainer_1:_train_one_epoch:201 - validate 23 cost time 5.57s, result: {'hit@1': 0.0126, 'ndcg@1': 0.0126, 'hit@5': 0.0475, 'ndcg@5': 0.0299, 'hit@10': 0.0831, 'ndcg@10': 0.0412, 'hit@15': 0.1109, 'ndcg@15': 0.0486, 'hit@20': 0.1358, 'ndcg@20': 0.0545, 'hit@40': 0.2181, 'ndcg@40': 0.0713} 
2024-10-11 04:57:17.582 | INFO     | trainer_1:_train_one_epoch:209 - test 23 cost time 5.50s, result: {'hit@1': 0.0089, 'ndcg@1': 0.0089, 'hit@5': 0.0313, 'ndcg@5': 0.0201, 'hit@10': 0.0537, 'ndcg@10': 0.0272, 'hit@15': 0.075, 'ndcg@15': 0.0329, 'hit@20': 0.0921, 'ndcg@20': 0.0369, 'hit@40': 0.1562, 'ndcg@40': 0.0499} 
2024-10-11 04:57:24.428 | INFO     | trainer_1:_train_one_epoch:193 - epoch 24 6.85s Train loss is [0.3834] 
2024-10-11 04:57:29.996 | INFO     | trainer_1:_train_one_epoch:201 - validate 24 cost time 5.57s, result: {'hit@1': 0.0144, 'ndcg@1': 0.0144, 'hit@5': 0.0505, 'ndcg@5': 0.0324, 'hit@10': 0.0838, 'ndcg@10': 0.0431, 'hit@15': 0.1106, 'ndcg@15': 0.0501, 'hit@20': 0.1363, 'ndcg@20': 0.0562, 'hit@40': 0.2162, 'ndcg@40': 0.0725} 
2024-10-11 04:57:35.518 | INFO     | trainer_1:_train_one_epoch:209 - test 24 cost time 5.52s, result: {'hit@1': 0.0091, 'ndcg@1': 0.0091, 'hit@5': 0.0335, 'ndcg@5': 0.0214, 'hit@10': 0.0557, 'ndcg@10': 0.0285, 'hit@15': 0.0753, 'ndcg@15': 0.0337, 'hit@20': 0.0929, 'ndcg@20': 0.0378, 'hit@40': 0.1556, 'ndcg@40': 0.0506} 
2024-10-11 04:57:42.173 | INFO     | trainer_1:_train_one_epoch:193 - epoch 25 6.65s Train loss is [0.3811] 
2024-10-11 04:57:47.750 | INFO     | trainer_1:_train_one_epoch:201 - validate 25 cost time 5.58s, result: {'hit@1': 0.0137, 'ndcg@1': 0.0137, 'hit@5': 0.0555, 'ndcg@5': 0.0345, 'hit@10': 0.0921, 'ndcg@10': 0.0463, 'hit@15': 0.1228, 'ndcg@15': 0.0544, 'hit@20': 0.1499, 'ndcg@20': 0.0608, 'hit@40': 0.2376, 'ndcg@40': 0.0786} 
2024-10-11 04:57:53.257 | INFO     | trainer_1:_train_one_epoch:209 - test 25 cost time 5.51s, result: {'hit@1': 0.0104, 'ndcg@1': 0.0104, 'hit@5': 0.0353, 'ndcg@5': 0.0228, 'hit@10': 0.0599, 'ndcg@10': 0.0307, 'hit@15': 0.0821, 'ndcg@15': 0.0365, 'hit@20': 0.1003, 'ndcg@20': 0.0408, 'hit@40': 0.1658, 'ndcg@40': 0.0541} 
2024-10-11 04:57:59.934 | INFO     | trainer_1:_train_one_epoch:193 - epoch 26 6.68s Train loss is [0.3877] 
2024-10-11 04:58:05.489 | INFO     | trainer_1:_train_one_epoch:201 - validate 26 cost time 5.56s, result: {'hit@1': 0.0149, 'ndcg@1': 0.0149, 'hit@5': 0.056, 'ndcg@5': 0.0356, 'hit@10': 0.0915, 'ndcg@10': 0.047, 'hit@15': 0.1216, 'ndcg@15': 0.055, 'hit@20': 0.149, 'ndcg@20': 0.0614, 'hit@40': 0.2348, 'ndcg@40': 0.0789} 
2024-10-11 04:58:10.990 | INFO     | trainer_1:_train_one_epoch:209 - test 26 cost time 5.50s, result: {'hit@1': 0.0107, 'ndcg@1': 0.0107, 'hit@5': 0.0367, 'ndcg@5': 0.0236, 'hit@10': 0.061, 'ndcg@10': 0.0314, 'hit@15': 0.0821, 'ndcg@15': 0.037, 'hit@20': 0.1, 'ndcg@20': 0.0412, 'hit@40': 0.1643, 'ndcg@40': 0.0542} 
2024-10-11 04:58:28.917 | INFO     | trainer_1:_train_one_epoch:193 - epoch 27 6.73s Train loss is [0.3704] 
2024-10-11 04:58:34.492 | INFO     | trainer_1:_train_one_epoch:201 - validate 27 cost time 5.57s, result: {'hit@1': 0.0149, 'ndcg@1': 0.0149, 'hit@5': 0.053, 'ndcg@5': 0.0342, 'hit@10': 0.0878, 'ndcg@10': 0.0453, 'hit@15': 0.1155, 'ndcg@15': 0.0527, 'hit@20': 0.1428, 'ndcg@20': 0.0591, 'hit@40': 0.2265, 'ndcg@40': 0.0761} 
2024-10-11 04:58:40.012 | INFO     | trainer_1:_train_one_epoch:209 - test 27 cost time 5.52s, result: {'hit@1': 0.0098, 'ndcg@1': 0.0098, 'hit@5': 0.035, 'ndcg@5': 0.0226, 'hit@10': 0.059, 'ndcg@10': 0.0302, 'hit@15': 0.0796, 'ndcg@15': 0.0357, 'hit@20': 0.0967, 'ndcg@20': 0.0397, 'hit@40': 0.1568, 'ndcg@40': 0.0519} 
2024-10-11 04:58:46.755 | INFO     | trainer_1:_train_one_epoch:193 - epoch 28 6.74s Train loss is [0.3744] 
2024-10-11 04:58:51.600 | INFO     | trainer_1:_train_one_epoch:201 - validate 28 cost time 4.84s, result: {'hit@1': 0.014, 'ndcg@1': 0.014, 'hit@5': 0.0563, 'ndcg@5': 0.0352, 'hit@10': 0.0904, 'ndcg@10': 0.0462, 'hit@15': 0.1217, 'ndcg@15': 0.0544, 'hit@20': 0.1466, 'ndcg@20': 0.0603, 'hit@40': 0.2306, 'ndcg@40': 0.0774} 
2024-10-11 04:58:56.402 | INFO     | trainer_1:_train_one_epoch:209 - test 28 cost time 4.80s, result: {'hit@1': 0.0103, 'ndcg@1': 0.0103, 'hit@5': 0.0362, 'ndcg@5': 0.0234, 'hit@10': 0.0612, 'ndcg@10': 0.0314, 'hit@15': 0.0835, 'ndcg@15': 0.0373, 'hit@20': 0.1008, 'ndcg@20': 0.0414, 'hit@40': 0.1632, 'ndcg@40': 0.054} 
2024-10-11 04:59:13.678 | INFO     | trainer_1:_train_one_epoch:193 - epoch 29 6.44s Train loss is [0.3770] 
2024-10-11 04:59:19.239 | INFO     | trainer_1:_train_one_epoch:201 - validate 29 cost time 5.56s, result: {'hit@1': 0.0153, 'ndcg@1': 0.0153, 'hit@5': 0.0554, 'ndcg@5': 0.0353, 'hit@10': 0.0908, 'ndcg@10': 0.0467, 'hit@15': 0.1224, 'ndcg@15': 0.055, 'hit@20': 0.1522, 'ndcg@20': 0.0621, 'hit@40': 0.2398, 'ndcg@40': 0.0799} 
2024-10-11 04:59:24.746 | INFO     | trainer_1:_train_one_epoch:209 - test 29 cost time 5.51s, result: {'hit@1': 0.0111, 'ndcg@1': 0.0111, 'hit@5': 0.0378, 'ndcg@5': 0.0245, 'hit@10': 0.0624, 'ndcg@10': 0.0324, 'hit@15': 0.0843, 'ndcg@15': 0.0381, 'hit@20': 0.1034, 'ndcg@20': 0.0426, 'hit@40': 0.1706, 'ndcg@40': 0.0563} 
2024-10-11 04:59:42.163 | INFO     | trainer_1:_train_one_epoch:193 - epoch 30 6.76s Train loss is [0.3756] 
2024-10-11 04:59:47.742 | INFO     | trainer_1:_train_one_epoch:201 - validate 30 cost time 5.58s, result: {'hit@1': 0.0156, 'ndcg@1': 0.0156, 'hit@5': 0.0566, 'ndcg@5': 0.0362, 'hit@10': 0.0933, 'ndcg@10': 0.0479, 'hit@15': 0.1234, 'ndcg@15': 0.0559, 'hit@20': 0.1502, 'ndcg@20': 0.0622, 'hit@40': 0.2381, 'ndcg@40': 0.0801} 
2024-10-11 04:59:53.270 | INFO     | trainer_1:_train_one_epoch:209 - test 30 cost time 5.53s, result: {'hit@1': 0.0103, 'ndcg@1': 0.0103, 'hit@5': 0.0375, 'ndcg@5': 0.0238, 'hit@10': 0.0626, 'ndcg@10': 0.0318, 'hit@15': 0.0828, 'ndcg@15': 0.0371, 'hit@20': 0.1021, 'ndcg@20': 0.0417, 'hit@40': 0.165, 'ndcg@40': 0.0545} 
2024-10-11 05:00:10.838 | INFO     | trainer_1:_train_one_epoch:193 - epoch 31 6.68s Train loss is [0.3751] 
2024-10-11 05:00:15.678 | INFO     | trainer_1:_train_one_epoch:201 - validate 31 cost time 4.84s, result: {'hit@1': 0.016, 'ndcg@1': 0.016, 'hit@5': 0.0571, 'ndcg@5': 0.0365, 'hit@10': 0.0935, 'ndcg@10': 0.0482, 'hit@15': 0.1235, 'ndcg@15': 0.0561, 'hit@20': 0.1515, 'ndcg@20': 0.0627, 'hit@40': 0.2351, 'ndcg@40': 0.0798} 
2024-10-11 05:00:20.473 | INFO     | trainer_1:_train_one_epoch:209 - test 31 cost time 4.79s, result: {'hit@1': 0.0111, 'ndcg@1': 0.0111, 'hit@5': 0.0381, 'ndcg@5': 0.0245, 'hit@10': 0.0642, 'ndcg@10': 0.0329, 'hit@15': 0.0861, 'ndcg@15': 0.0387, 'hit@20': 0.1054, 'ndcg@20': 0.0432, 'hit@40': 0.1693, 'ndcg@40': 0.0562} 
2024-10-11 05:00:37.661 | INFO     | trainer_1:_train_one_epoch:193 - epoch 32 6.54s Train loss is [0.3668] 
2024-10-11 05:00:43.240 | INFO     | trainer_1:_train_one_epoch:201 - validate 32 cost time 5.58s, result: {'hit@1': 0.0158, 'ndcg@1': 0.0158, 'hit@5': 0.0554, 'ndcg@5': 0.0356, 'hit@10': 0.0944, 'ndcg@10': 0.048, 'hit@15': 0.1257, 'ndcg@15': 0.0563, 'hit@20': 0.1553, 'ndcg@20': 0.0633, 'hit@40': 0.2431, 'ndcg@40': 0.0811} 
2024-10-11 05:00:48.766 | INFO     | trainer_1:_train_one_epoch:209 - test 32 cost time 5.53s, result: {'hit@1': 0.0104, 'ndcg@1': 0.0104, 'hit@5': 0.0388, 'ndcg@5': 0.0245, 'hit@10': 0.0647, 'ndcg@10': 0.0329, 'hit@15': 0.0861, 'ndcg@15': 0.0385, 'hit@20': 0.1066, 'ndcg@20': 0.0434, 'hit@40': 0.1737, 'ndcg@40': 0.057} 
2024-10-11 05:01:06.374 | INFO     | trainer_1:_train_one_epoch:193 - epoch 33 6.72s Train loss is [0.3492] 
2024-10-11 05:01:11.941 | INFO     | trainer_1:_train_one_epoch:201 - validate 33 cost time 5.57s, result: {'hit@1': 0.0148, 'ndcg@1': 0.0148, 'hit@5': 0.0562, 'ndcg@5': 0.0357, 'hit@10': 0.0942, 'ndcg@10': 0.0479, 'hit@15': 0.1262, 'ndcg@15': 0.0563, 'hit@20': 0.1545, 'ndcg@20': 0.063, 'hit@40': 0.2495, 'ndcg@40': 0.0823} 
2024-10-11 05:01:17.443 | INFO     | trainer_1:_train_one_epoch:209 - test 33 cost time 5.50s, result: {'hit@1': 0.0111, 'ndcg@1': 0.0111, 'hit@5': 0.0402, 'ndcg@5': 0.0256, 'hit@10': 0.0653, 'ndcg@10': 0.0337, 'hit@15': 0.0874, 'ndcg@15': 0.0395, 'hit@20': 0.1072, 'ndcg@20': 0.0442, 'hit@40': 0.1731, 'ndcg@40': 0.0576} 
2024-10-11 05:01:34.695 | INFO     | trainer_1:_train_one_epoch:193 - epoch 34 6.62s Train loss is [0.3603] 
2024-10-11 05:01:39.543 | INFO     | trainer_1:_train_one_epoch:201 - validate 34 cost time 4.85s, result: {'hit@1': 0.015, 'ndcg@1': 0.015, 'hit@5': 0.0554, 'ndcg@5': 0.0351, 'hit@10': 0.0902, 'ndcg@10': 0.0463, 'hit@15': 0.1199, 'ndcg@15': 0.0541, 'hit@20': 0.1458, 'ndcg@20': 0.0602, 'hit@40': 0.2341, 'ndcg@40': 0.0782} 
2024-10-11 05:01:44.348 | INFO     | trainer_1:_train_one_epoch:209 - test 34 cost time 4.81s, result: {'hit@1': 0.0113, 'ndcg@1': 0.0113, 'hit@5': 0.0397, 'ndcg@5': 0.0256, 'hit@10': 0.0657, 'ndcg@10': 0.0339, 'hit@15': 0.0866, 'ndcg@15': 0.0394, 'hit@20': 0.1066, 'ndcg@20': 0.0442, 'hit@40': 0.1702, 'ndcg@40': 0.0571} 
2024-10-11 05:02:01.989 | INFO     | trainer_1:_train_one_epoch:193 - epoch 35 6.78s Train loss is [0.3550] 
2024-10-11 05:02:07.577 | INFO     | trainer_1:_train_one_epoch:201 - validate 35 cost time 5.59s, result: {'hit@1': 0.0154, 'ndcg@1': 0.0154, 'hit@5': 0.0548, 'ndcg@5': 0.0352, 'hit@10': 0.0902, 'ndcg@10': 0.0465, 'hit@15': 0.1213, 'ndcg@15': 0.0548, 'hit@20': 0.1476, 'ndcg@20': 0.061, 'hit@40': 0.2361, 'ndcg@40': 0.079} 
2024-10-11 05:02:13.094 | INFO     | trainer_1:_train_one_epoch:209 - test 35 cost time 5.52s, result: {'hit@1': 0.0111, 'ndcg@1': 0.0111, 'hit@5': 0.0374, 'ndcg@5': 0.0242, 'hit@10': 0.0624, 'ndcg@10': 0.0322, 'hit@15': 0.0839, 'ndcg@15': 0.0379, 'hit@20': 0.104, 'ndcg@20': 0.0426, 'hit@40': 0.1694, 'ndcg@40': 0.056} 
2024-10-11 05:02:19.751 | INFO     | trainer_1:_train_one_epoch:193 - epoch 36 6.66s Train loss is [0.3578] 
2024-10-11 05:02:24.591 | INFO     | trainer_1:_train_one_epoch:201 - validate 36 cost time 4.84s, result: {'hit@1': 0.0152, 'ndcg@1': 0.0152, 'hit@5': 0.0563, 'ndcg@5': 0.0356, 'hit@10': 0.0922, 'ndcg@10': 0.0471, 'hit@15': 0.124, 'ndcg@15': 0.0555, 'hit@20': 0.1522, 'ndcg@20': 0.0622, 'hit@40': 0.2407, 'ndcg@40': 0.0802} 
2024-10-11 05:02:29.390 | INFO     | trainer_1:_train_one_epoch:209 - test 36 cost time 4.80s, result: {'hit@1': 0.0106, 'ndcg@1': 0.0106, 'hit@5': 0.0375, 'ndcg@5': 0.0239, 'hit@10': 0.0628, 'ndcg@10': 0.032, 'hit@15': 0.0851, 'ndcg@15': 0.0379, 'hit@20': 0.1043, 'ndcg@20': 0.0424, 'hit@40': 0.1703, 'ndcg@40': 0.0558} 
2024-10-11 05:02:35.879 | INFO     | trainer_1:_train_one_epoch:193 - epoch 37 6.49s Train loss is [0.3626] 
2024-10-11 05:02:41.443 | INFO     | trainer_1:_train_one_epoch:201 - validate 37 cost time 5.56s, result: {'hit@1': 0.0156, 'ndcg@1': 0.0156, 'hit@5': 0.0585, 'ndcg@5': 0.0369, 'hit@10': 0.097, 'ndcg@10': 0.0493, 'hit@15': 0.1301, 'ndcg@15': 0.058, 'hit@20': 0.1586, 'ndcg@20': 0.0647, 'hit@40': 0.2471, 'ndcg@40': 0.0827} 
2024-10-11 05:02:46.949 | INFO     | trainer_1:_train_one_epoch:209 - test 37 cost time 5.51s, result: {'hit@1': 0.0111, 'ndcg@1': 0.0111, 'hit@5': 0.0402, 'ndcg@5': 0.0256, 'hit@10': 0.0653, 'ndcg@10': 0.0336, 'hit@15': 0.089, 'ndcg@15': 0.0399, 'hit@20': 0.1096, 'ndcg@20': 0.0448, 'hit@40': 0.1789, 'ndcg@40': 0.0588} 
2024-10-11 05:02:53.671 | INFO     | trainer_1:_train_one_epoch:193 - epoch 38 6.72s Train loss is [0.3418] 
2024-10-11 05:02:59.250 | INFO     | trainer_1:_train_one_epoch:201 - validate 38 cost time 5.58s, result: {'hit@1': 0.0163, 'ndcg@1': 0.0163, 'hit@5': 0.0572, 'ndcg@5': 0.0367, 'hit@10': 0.093, 'ndcg@10': 0.0482, 'hit@15': 0.1254, 'ndcg@15': 0.0568, 'hit@20': 0.1539, 'ndcg@20': 0.0635, 'hit@40': 0.2418, 'ndcg@40': 0.0814} 
2024-10-11 05:03:04.757 | INFO     | trainer_1:_train_one_epoch:209 - test 38 cost time 5.51s, result: {'hit@1': 0.0115, 'ndcg@1': 0.0115, 'hit@5': 0.0391, 'ndcg@5': 0.0252, 'hit@10': 0.064, 'ndcg@10': 0.0332, 'hit@15': 0.087, 'ndcg@15': 0.0393, 'hit@20': 0.1065, 'ndcg@20': 0.0439, 'hit@40': 0.1717, 'ndcg@40': 0.0571} 
2024-10-11 05:03:11.586 | INFO     | trainer_1:_train_one_epoch:193 - epoch 39 6.83s Train loss is [0.3442] 
2024-10-11 05:03:17.159 | INFO     | trainer_1:_train_one_epoch:201 - validate 39 cost time 5.57s, result: {'hit@1': 0.0153, 'ndcg@1': 0.0153, 'hit@5': 0.0577, 'ndcg@5': 0.0365, 'hit@10': 0.0978, 'ndcg@10': 0.0492, 'hit@15': 0.1282, 'ndcg@15': 0.0573, 'hit@20': 0.1552, 'ndcg@20': 0.0636, 'hit@40': 0.2454, 'ndcg@40': 0.082} 
2024-10-11 05:03:22.662 | INFO     | trainer_1:_train_one_epoch:209 - test 39 cost time 5.50s, result: {'hit@1': 0.0113, 'ndcg@1': 0.0113, 'hit@5': 0.0398, 'ndcg@5': 0.0254, 'hit@10': 0.0666, 'ndcg@10': 0.034, 'hit@15': 0.0903, 'ndcg@15': 0.0403, 'hit@20': 0.1105, 'ndcg@20': 0.0451, 'hit@40': 0.1791, 'ndcg@40': 0.059} 
2024-10-11 05:03:40.265 | INFO     | trainer_1:_train_one_epoch:193 - epoch 40 6.76s Train loss is [0.3448] 
2024-10-11 05:03:45.834 | INFO     | trainer_1:_train_one_epoch:201 - validate 40 cost time 5.57s, result: {'hit@1': 0.0158, 'ndcg@1': 0.0158, 'hit@5': 0.0579, 'ndcg@5': 0.0371, 'hit@10': 0.0957, 'ndcg@10': 0.0493, 'hit@15': 0.1274, 'ndcg@15': 0.0577, 'hit@20': 0.1565, 'ndcg@20': 0.0645, 'hit@40': 0.2446, 'ndcg@40': 0.0824} 
2024-10-11 05:03:51.343 | INFO     | trainer_1:_train_one_epoch:209 - test 40 cost time 5.51s, result: {'hit@1': 0.0111, 'ndcg@1': 0.0111, 'hit@5': 0.0382, 'ndcg@5': 0.0247, 'hit@10': 0.0655, 'ndcg@10': 0.0335, 'hit@15': 0.0883, 'ndcg@15': 0.0395, 'hit@20': 0.1083, 'ndcg@20': 0.0442, 'hit@40': 0.1757, 'ndcg@40': 0.0579} 
2024-10-11 05:03:58.132 | INFO     | trainer_1:_train_one_epoch:193 - epoch 41 6.79s Train loss is [0.3492] 
2024-10-11 05:04:03.697 | INFO     | trainer_1:_train_one_epoch:201 - validate 41 cost time 5.56s, result: {'hit@1': 0.0165, 'ndcg@1': 0.0165, 'hit@5': 0.0588, 'ndcg@5': 0.0377, 'hit@10': 0.0964, 'ndcg@10': 0.0497, 'hit@15': 0.1265, 'ndcg@15': 0.0577, 'hit@20': 0.1544, 'ndcg@20': 0.0642, 'hit@40': 0.2447, 'ndcg@40': 0.0826} 
2024-10-11 05:04:09.212 | INFO     | trainer_1:_train_one_epoch:209 - test 41 cost time 5.52s, result: {'hit@1': 0.0108, 'ndcg@1': 0.0108, 'hit@5': 0.0397, 'ndcg@5': 0.0252, 'hit@10': 0.0656, 'ndcg@10': 0.0335, 'hit@15': 0.0886, 'ndcg@15': 0.0395, 'hit@20': 0.1087, 'ndcg@20': 0.0443, 'hit@40': 0.1748, 'ndcg@40': 0.0577} 
2024-10-11 05:04:15.846 | INFO     | trainer_1:_train_one_epoch:193 - epoch 42 6.63s Train loss is [0.3390] 
2024-10-11 05:04:21.407 | INFO     | trainer_1:_train_one_epoch:201 - validate 42 cost time 5.56s, result: {'hit@1': 0.0174, 'ndcg@1': 0.0174, 'hit@5': 0.0634, 'ndcg@5': 0.0402, 'hit@10': 0.1034, 'ndcg@10': 0.053, 'hit@15': 0.1346, 'ndcg@15': 0.0612, 'hit@20': 0.1649, 'ndcg@20': 0.0684, 'hit@40': 0.2568, 'ndcg@40': 0.0871} 
2024-10-11 05:04:26.910 | INFO     | trainer_1:_train_one_epoch:209 - test 42 cost time 5.50s, result: {'hit@1': 0.0103, 'ndcg@1': 0.0103, 'hit@5': 0.0414, 'ndcg@5': 0.0259, 'hit@10': 0.0687, 'ndcg@10': 0.0346, 'hit@15': 0.0915, 'ndcg@15': 0.0406, 'hit@20': 0.1123, 'ndcg@20': 0.0455, 'hit@40': 0.1827, 'ndcg@40': 0.0598} 
2024-10-11 05:04:44.047 | INFO     | trainer_1:_train_one_epoch:193 - epoch 43 6.47s Train loss is [0.3390] 
2024-10-11 05:04:49.607 | INFO     | trainer_1:_train_one_epoch:201 - validate 43 cost time 5.56s, result: {'hit@1': 0.0165, 'ndcg@1': 0.0165, 'hit@5': 0.0588, 'ndcg@5': 0.0377, 'hit@10': 0.099, 'ndcg@10': 0.0506, 'hit@15': 0.1301, 'ndcg@15': 0.0589, 'hit@20': 0.1595, 'ndcg@20': 0.0658, 'hit@40': 0.2514, 'ndcg@40': 0.0845} 
2024-10-11 05:04:55.113 | INFO     | trainer_1:_train_one_epoch:209 - test 43 cost time 5.51s, result: {'hit@1': 0.0109, 'ndcg@1': 0.0109, 'hit@5': 0.0408, 'ndcg@5': 0.0257, 'hit@10': 0.068, 'ndcg@10': 0.0343, 'hit@15': 0.0909, 'ndcg@15': 0.0404, 'hit@20': 0.1112, 'ndcg@20': 0.0452, 'hit@40': 0.1783, 'ndcg@40': 0.0588} 
2024-10-11 05:05:01.598 | INFO     | trainer_1:_train_one_epoch:193 - epoch 44 6.48s Train loss is [0.3463] 
2024-10-11 05:05:06.434 | INFO     | trainer_1:_train_one_epoch:201 - validate 44 cost time 4.84s, result: {'hit@1': 0.0167, 'ndcg@1': 0.0167, 'hit@5': 0.0585, 'ndcg@5': 0.0377, 'hit@10': 0.098, 'ndcg@10': 0.0504, 'hit@15': 0.13, 'ndcg@15': 0.0589, 'hit@20': 0.1574, 'ndcg@20': 0.0653, 'hit@40': 0.2484, 'ndcg@40': 0.0838} 
2024-10-11 05:05:11.244 | INFO     | trainer_1:_train_one_epoch:209 - test 44 cost time 4.81s, result: {'hit@1': 0.0112, 'ndcg@1': 0.0112, 'hit@5': 0.0407, 'ndcg@5': 0.0256, 'hit@10': 0.0695, 'ndcg@10': 0.0348, 'hit@15': 0.0935, 'ndcg@15': 0.0411, 'hit@20': 0.1124, 'ndcg@20': 0.0456, 'hit@40': 0.179, 'ndcg@40': 0.0591} 
2024-10-11 05:05:28.271 | INFO     | trainer_1:_train_one_epoch:193 - epoch 45 6.36s Train loss is [0.3446] 
2024-10-11 05:05:33.104 | INFO     | trainer_1:_train_one_epoch:201 - validate 45 cost time 4.83s, result: {'hit@1': 0.0166, 'ndcg@1': 0.0166, 'hit@5': 0.0617, 'ndcg@5': 0.0392, 'hit@10': 0.1015, 'ndcg@10': 0.0519, 'hit@15': 0.1324, 'ndcg@15': 0.0601, 'hit@20': 0.1614, 'ndcg@20': 0.0669, 'hit@40': 0.2505, 'ndcg@40': 0.085} 
2024-10-11 05:05:37.902 | INFO     | trainer_1:_train_one_epoch:209 - test 45 cost time 4.80s, result: {'hit@1': 0.0105, 'ndcg@1': 0.0105, 'hit@5': 0.0417, 'ndcg@5': 0.026, 'hit@10': 0.0707, 'ndcg@10': 0.0353, 'hit@15': 0.0941, 'ndcg@15': 0.0414, 'hit@20': 0.1144, 'ndcg@20': 0.0462, 'hit@40': 0.18, 'ndcg@40': 0.0596} 
2024-10-11 05:05:55.261 | INFO     | trainer_1:_train_one_epoch:193 - epoch 46 6.70s Train loss is [0.3300] 
2024-10-11 05:06:00.827 | INFO     | trainer_1:_train_one_epoch:201 - validate 46 cost time 5.57s, result: {'hit@1': 0.017, 'ndcg@1': 0.017, 'hit@5': 0.059, 'ndcg@5': 0.0379, 'hit@10': 0.099, 'ndcg@10': 0.0508, 'hit@15': 0.1303, 'ndcg@15': 0.059, 'hit@20': 0.156, 'ndcg@20': 0.0651, 'hit@40': 0.2453, 'ndcg@40': 0.0832} 
2024-10-11 05:06:06.338 | INFO     | trainer_1:_train_one_epoch:209 - test 46 cost time 5.51s, result: {'hit@1': 0.0105, 'ndcg@1': 0.0105, 'hit@5': 0.0417, 'ndcg@5': 0.0261, 'hit@10': 0.0683, 'ndcg@10': 0.0346, 'hit@15': 0.0916, 'ndcg@15': 0.0407, 'hit@20': 0.1115, 'ndcg@20': 0.0454, 'hit@40': 0.1774, 'ndcg@40': 0.0588} 
2024-10-11 05:06:12.956 | INFO     | trainer_1:_train_one_epoch:193 - epoch 47 6.62s Train loss is [0.3333] 
2024-10-11 05:06:17.797 | INFO     | trainer_1:_train_one_epoch:201 - validate 47 cost time 4.84s, result: {'hit@1': 0.0157, 'ndcg@1': 0.0157, 'hit@5': 0.0569, 'ndcg@5': 0.0364, 'hit@10': 0.0963, 'ndcg@10': 0.0491, 'hit@15': 0.1259, 'ndcg@15': 0.0569, 'hit@20': 0.1532, 'ndcg@20': 0.0633, 'hit@40': 0.2412, 'ndcg@40': 0.0812} 
2024-10-11 05:06:22.605 | INFO     | trainer_1:_train_one_epoch:209 - test 47 cost time 4.81s, result: {'hit@1': 0.0099, 'ndcg@1': 0.0099, 'hit@5': 0.0385, 'ndcg@5': 0.0242, 'hit@10': 0.0652, 'ndcg@10': 0.0328, 'hit@15': 0.0878, 'ndcg@15': 0.0387, 'hit@20': 0.1076, 'ndcg@20': 0.0434, 'hit@40': 0.1724, 'ndcg@40': 0.0565} 
2024-10-11 05:06:29.011 | INFO     | trainer_1:_train_one_epoch:193 - epoch 48 6.41s Train loss is [0.3264] 
2024-10-11 05:06:33.847 | INFO     | trainer_1:_train_one_epoch:201 - validate 48 cost time 4.84s, result: {'hit@1': 0.0173, 'ndcg@1': 0.0173, 'hit@5': 0.0614, 'ndcg@5': 0.0392, 'hit@10': 0.101, 'ndcg@10': 0.0519, 'hit@15': 0.1338, 'ndcg@15': 0.0606, 'hit@20': 0.1618, 'ndcg@20': 0.0672, 'hit@40': 0.2511, 'ndcg@40': 0.0853} 
2024-10-11 05:06:38.659 | INFO     | trainer_1:_train_one_epoch:209 - test 48 cost time 4.81s, result: {'hit@1': 0.0107, 'ndcg@1': 0.0107, 'hit@5': 0.0415, 'ndcg@5': 0.0261, 'hit@10': 0.0712, 'ndcg@10': 0.0356, 'hit@15': 0.0943, 'ndcg@15': 0.0417, 'hit@20': 0.1139, 'ndcg@20': 0.0463, 'hit@40': 0.1812, 'ndcg@40': 0.06} 
2024-10-11 05:06:56.603 | INFO     | trainer_1:_train_one_epoch:193 - epoch 49 6.72s Train loss is [0.3371] 
2024-10-11 05:07:02.169 | INFO     | trainer_1:_train_one_epoch:201 - validate 49 cost time 5.57s, result: {'hit@1': 0.0167, 'ndcg@1': 0.0167, 'hit@5': 0.0591, 'ndcg@5': 0.0378, 'hit@10': 0.0966, 'ndcg@10': 0.0498, 'hit@15': 0.1272, 'ndcg@15': 0.0579, 'hit@20': 0.1544, 'ndcg@20': 0.0643, 'hit@40': 0.2447, 'ndcg@40': 0.0827} 
2024-10-11 05:07:07.668 | INFO     | trainer_1:_train_one_epoch:209 - test 49 cost time 5.50s, result: {'hit@1': 0.0103, 'ndcg@1': 0.0103, 'hit@5': 0.0404, 'ndcg@5': 0.0253, 'hit@10': 0.0672, 'ndcg@10': 0.0339, 'hit@15': 0.0903, 'ndcg@15': 0.0399, 'hit@20': 0.1108, 'ndcg@20': 0.0448, 'hit@40': 0.1737, 'ndcg@40': 0.0576} 
2024-10-11 05:07:14.382 | INFO     | trainer_1:_train_one_epoch:193 - epoch 50 6.71s Train loss is [0.3385] 
2024-10-11 05:07:19.952 | INFO     | trainer_1:_train_one_epoch:201 - validate 50 cost time 5.57s, result: {'hit@1': 0.0162, 'ndcg@1': 0.0162, 'hit@5': 0.0594, 'ndcg@5': 0.0376, 'hit@10': 0.0999, 'ndcg@10': 0.0505, 'hit@15': 0.1329, 'ndcg@15': 0.0593, 'hit@20': 0.1603, 'ndcg@20': 0.0657, 'hit@40': 0.2533, 'ndcg@40': 0.0846} 
2024-10-11 05:07:25.479 | INFO     | trainer_1:_train_one_epoch:209 - test 50 cost time 5.53s, result: {'hit@1': 0.0098, 'ndcg@1': 0.0098, 'hit@5': 0.0399, 'ndcg@5': 0.0248, 'hit@10': 0.0685, 'ndcg@10': 0.0339, 'hit@15': 0.0908, 'ndcg@15': 0.0398, 'hit@20': 0.1128, 'ndcg@20': 0.045, 'hit@40': 0.1783, 'ndcg@40': 0.0583} 
2024-10-11 05:07:32.221 | INFO     | trainer_1:_train_one_epoch:193 - epoch 51 6.74s Train loss is [0.3337] 
2024-10-11 05:07:37.784 | INFO     | trainer_1:_train_one_epoch:201 - validate 51 cost time 5.56s, result: {'hit@1': 0.0166, 'ndcg@1': 0.0166, 'hit@5': 0.0631, 'ndcg@5': 0.0398, 'hit@10': 0.1032, 'ndcg@10': 0.0527, 'hit@15': 0.1356, 'ndcg@15': 0.0612, 'hit@20': 0.1655, 'ndcg@20': 0.0683, 'hit@40': 0.2582, 'ndcg@40': 0.0871} 
2024-10-11 05:07:43.285 | INFO     | trainer_1:_train_one_epoch:209 - test 51 cost time 5.50s, result: {'hit@1': 0.0105, 'ndcg@1': 0.0105, 'hit@5': 0.0413, 'ndcg@5': 0.0257, 'hit@10': 0.0705, 'ndcg@10': 0.0351, 'hit@15': 0.0948, 'ndcg@15': 0.0415, 'hit@20': 0.1159, 'ndcg@20': 0.0465, 'hit@40': 0.1841, 'ndcg@40': 0.0603} 
2024-10-11 05:07:49.848 | INFO     | trainer_1:_train_one_epoch:193 - epoch 52 6.56s Train loss is [0.3260] 
2024-10-11 05:07:54.684 | INFO     | trainer_1:_train_one_epoch:201 - validate 52 cost time 4.84s, result: {'hit@1': 0.0162, 'ndcg@1': 0.0162, 'hit@5': 0.0597, 'ndcg@5': 0.0378, 'hit@10': 0.0968, 'ndcg@10': 0.0496, 'hit@15': 0.1293, 'ndcg@15': 0.0582, 'hit@20': 0.1562, 'ndcg@20': 0.0645, 'hit@40': 0.2486, 'ndcg@40': 0.0833} 
2024-10-11 05:07:59.482 | INFO     | trainer_1:_train_one_epoch:209 - test 52 cost time 4.80s, result: {'hit@1': 0.0106, 'ndcg@1': 0.0106, 'hit@5': 0.0392, 'ndcg@5': 0.025, 'hit@10': 0.0668, 'ndcg@10': 0.0338, 'hit@15': 0.0907, 'ndcg@15': 0.0401, 'hit@20': 0.1113, 'ndcg@20': 0.045, 'hit@40': 0.1799, 'ndcg@40': 0.0589} 
2024-10-11 05:08:06.082 | INFO     | trainer_1:_train_one_epoch:193 - epoch 53 6.60s Train loss is [0.3306] 
2024-10-11 05:08:11.648 | INFO     | trainer_1:_train_one_epoch:201 - validate 53 cost time 5.57s, result: {'hit@1': 0.0166, 'ndcg@1': 0.0166, 'hit@5': 0.0605, 'ndcg@5': 0.0386, 'hit@10': 0.0977, 'ndcg@10': 0.0505, 'hit@15': 0.1299, 'ndcg@15': 0.059, 'hit@20': 0.1577, 'ndcg@20': 0.0655, 'hit@40': 0.2495, 'ndcg@40': 0.0842} 
2024-10-11 05:08:17.154 | INFO     | trainer_1:_train_one_epoch:209 - test 53 cost time 5.51s, result: {'hit@1': 0.0101, 'ndcg@1': 0.0101, 'hit@5': 0.0402, 'ndcg@5': 0.0252, 'hit@10': 0.0683, 'ndcg@10': 0.0341, 'hit@15': 0.0893, 'ndcg@15': 0.0397, 'hit@20': 0.109, 'ndcg@20': 0.0443, 'hit@40': 0.1772, 'ndcg@40': 0.0582} 
2024-10-11 05:08:17.165 | INFO     | trainer_1:train_model:163 - training end, best iteration 48, results: {'hit@1': 0.0173, 'ndcg@1': 0.0173, 'hit@5': 0.0614, 'ndcg@5': 0.0392, 'hit@10': 0.101, 'ndcg@10': 0.0519, 'hit@15': 0.1338, 'ndcg@15': 0.0606, 'hit@20': 0.1618, 'ndcg@20': 0.0672, 'hit@40': 0.2511, 'ndcg@40': 0.0853}
2024-10-11 05:08:17.166 | INFO     | trainer_1:train_model:166 - final test result is:  {'hit@1': 0.0107, 'ndcg@1': 0.0107, 'hit@5': 0.0415, 'ndcg@5': 0.0261, 'hit@10': 0.0712, 'ndcg@10': 0.0356, 'hit@15': 0.0943, 'ndcg@15': 0.0417, 'hit@20': 0.1139, 'ndcg@20': 0.0463, 'hit@40': 0.1812, 'ndcg@40': 0.06}
2024-10-11 05:08:17.456 | INFO     | __main__:<module>:119 - train end total cost time: 2367.4967980384827
