2024-10-11 03:58:58.100 | INFO     | __main__:<module>:105 - Namespace(TIME='2024-10-11 03_58_26', batch_size=1024, behaviors=['view', 'cart', 'buy'], check_point='model_pre_1_2024-10-08 12_35_44.pth', data_name='beibei', data_path='./data/beibei', decay=0.001, device='cuda:1', dim_qk=32, dim_v=64, distill_layers=2, distill_thres=0.5, distill_topK=60, distill_userK=8, embedding_size=64, epochs=100, gpu_no=1, if_load_model=True, ii_lambda=200, initializer_range=0.02, layers=2, loss_type='bpr', lr=0.001, message_dropout=0.25, metrics=['hit', 'ndcg'], min_epoch=5, model_name='main_1', model_path='./check_point', node_dropout=0.75, omega=1, pt_loop=50, reg_weight=0.001, test_batch_size=1024, testbatch=1024, topk=[1, 5, 10, 15, 20, 40], uu_lambda=100)
2024-10-11 03:58:58.100 | INFO     | __main__:<module>:106 - BIPN(
  (message_dropout): Dropout(p=0.25, inplace=False)
  (user_embedding): Embedding(21717, 64, padding_idx=0)
  (item_embedding): Embedding(7978, 64, padding_idx=0)
  (global_Graph): LightGCN()
  (Graph_encoder): ModuleDict(
    (view): GraphEncoder(
      (light): LightGCN()
      (dropout): Dropout(p=0.75, inplace=False)
    )
    (cart): GraphEncoder(
      (light): LightGCN()
      (dropout): Dropout(p=0.75, inplace=False)
    )
    (buy): GraphEncoder(
      (light): LightGCN()
      (dropout): Dropout(p=0.75, inplace=False)
    )
  )
  (attention): Mutual_Attention()
  (bpr_loss): BPRLoss()
  (emb_loss): EmbLoss()
  (f): Sigmoid()
)
2024-10-11 04:11:14.488 | INFO     | trainer_1:_train_one_epoch:193 - epoch 1 6.14s Train loss is [0.9453] 
2024-10-11 04:11:19.477 | INFO     | trainer_1:_train_one_epoch:201 - validate 1 cost time 4.99s, result: {'hit@1': 0.0047, 'ndcg@1': 0.0047, 'hit@5': 0.0232, 'ndcg@5': 0.014, 'hit@10': 0.0446, 'ndcg@10': 0.021, 'hit@15': 0.0633, 'ndcg@15': 0.0259, 'hit@20': 0.0819, 'ndcg@20': 0.0303, 'hit@40': 0.1405, 'ndcg@40': 0.0422} 
2024-10-11 04:11:24.422 | INFO     | trainer_1:_train_one_epoch:209 - test 1 cost time 4.94s, result: {'hit@1': 0.0033, 'ndcg@1': 0.0033, 'hit@5': 0.0147, 'ndcg@5': 0.0089, 'hit@10': 0.0292, 'ndcg@10': 0.0135, 'hit@15': 0.0431, 'ndcg@15': 0.0172, 'hit@20': 0.0571, 'ndcg@20': 0.0205, 'hit@40': 0.106, 'ndcg@40': 0.0304} 
2024-10-11 04:11:41.487 | INFO     | trainer_1:_train_one_epoch:193 - epoch 2 6.76s Train loss is [0.7261] 
2024-10-11 04:11:47.190 | INFO     | trainer_1:_train_one_epoch:201 - validate 2 cost time 5.70s, result: {'hit@1': 0.007, 'ndcg@1': 0.007, 'hit@5': 0.0291, 'ndcg@5': 0.0178, 'hit@10': 0.0509, 'ndcg@10': 0.0248, 'hit@15': 0.071, 'ndcg@15': 0.0301, 'hit@20': 0.0905, 'ndcg@20': 0.0347, 'hit@40': 0.1552, 'ndcg@40': 0.0479} 
2024-10-11 04:11:52.837 | INFO     | trainer_1:_train_one_epoch:209 - test 2 cost time 5.65s, result: {'hit@1': 0.004, 'ndcg@1': 0.004, 'hit@5': 0.0189, 'ndcg@5': 0.0112, 'hit@10': 0.0352, 'ndcg@10': 0.0164, 'hit@15': 0.0506, 'ndcg@15': 0.0205, 'hit@20': 0.0641, 'ndcg@20': 0.0236, 'hit@40': 0.1151, 'ndcg@40': 0.034} 
2024-10-11 04:12:09.489 | INFO     | trainer_1:_train_one_epoch:193 - epoch 3 6.19s Train loss is [0.6303] 
2024-10-11 04:12:14.456 | INFO     | trainer_1:_train_one_epoch:201 - validate 3 cost time 4.97s, result: {'hit@1': 0.0099, 'ndcg@1': 0.0099, 'hit@5': 0.0332, 'ndcg@5': 0.0214, 'hit@10': 0.0594, 'ndcg@10': 0.0298, 'hit@15': 0.0835, 'ndcg@15': 0.0361, 'hit@20': 0.1049, 'ndcg@20': 0.0412, 'hit@40': 0.1764, 'ndcg@40': 0.0557} 
2024-10-11 04:12:19.386 | INFO     | trainer_1:_train_one_epoch:209 - test 3 cost time 4.93s, result: {'hit@1': 0.0049, 'ndcg@1': 0.0049, 'hit@5': 0.0221, 'ndcg@5': 0.0134, 'hit@10': 0.0401, 'ndcg@10': 0.0191, 'hit@15': 0.0584, 'ndcg@15': 0.024, 'hit@20': 0.073, 'ndcg@20': 0.0274, 'hit@40': 0.127, 'ndcg@40': 0.0384} 
2024-10-11 04:12:36.141 | INFO     | trainer_1:_train_one_epoch:193 - epoch 4 6.35s Train loss is [0.5796] 
2024-10-11 04:12:41.813 | INFO     | trainer_1:_train_one_epoch:201 - validate 4 cost time 5.67s, result: {'hit@1': 0.0103, 'ndcg@1': 0.0103, 'hit@5': 0.0375, 'ndcg@5': 0.0235, 'hit@10': 0.068, 'ndcg@10': 0.0333, 'hit@15': 0.0953, 'ndcg@15': 0.0405, 'hit@20': 0.1177, 'ndcg@20': 0.0458, 'hit@40': 0.1973, 'ndcg@40': 0.062} 
2024-10-11 04:12:47.433 | INFO     | trainer_1:_train_one_epoch:209 - test 4 cost time 5.62s, result: {'hit@1': 0.0057, 'ndcg@1': 0.0057, 'hit@5': 0.0245, 'ndcg@5': 0.0148, 'hit@10': 0.0429, 'ndcg@10': 0.0207, 'hit@15': 0.0638, 'ndcg@15': 0.0263, 'hit@20': 0.0821, 'ndcg@20': 0.0306, 'hit@40': 0.1399, 'ndcg@40': 0.0423} 
2024-10-11 04:13:04.057 | INFO     | trainer_1:_train_one_epoch:193 - epoch 5 6.14s Train loss is [0.5458] 
2024-10-11 04:13:09.009 | INFO     | trainer_1:_train_one_epoch:201 - validate 5 cost time 4.95s, result: {'hit@1': 0.012, 'ndcg@1': 0.012, 'hit@5': 0.043, 'ndcg@5': 0.0272, 'hit@10': 0.0731, 'ndcg@10': 0.0369, 'hit@15': 0.0985, 'ndcg@15': 0.0436, 'hit@20': 0.1218, 'ndcg@20': 0.0491, 'hit@40': 0.1954, 'ndcg@40': 0.0641} 
2024-10-11 04:13:13.932 | INFO     | trainer_1:_train_one_epoch:209 - test 5 cost time 4.92s, result: {'hit@1': 0.0056, 'ndcg@1': 0.0056, 'hit@5': 0.0255, 'ndcg@5': 0.0154, 'hit@10': 0.045, 'ndcg@10': 0.0217, 'hit@15': 0.0637, 'ndcg@15': 0.0266, 'hit@20': 0.0792, 'ndcg@20': 0.0303, 'hit@40': 0.1345, 'ndcg@40': 0.0415} 
2024-10-11 04:13:30.316 | INFO     | trainer_1:_train_one_epoch:193 - epoch 6 6.04s Train loss is [0.5266] 
2024-10-11 04:13:36.014 | INFO     | trainer_1:_train_one_epoch:201 - validate 6 cost time 5.70s, result: {'hit@1': 0.012, 'ndcg@1': 0.012, 'hit@5': 0.0434, 'ndcg@5': 0.0275, 'hit@10': 0.0735, 'ndcg@10': 0.0371, 'hit@15': 0.1026, 'ndcg@15': 0.0448, 'hit@20': 0.1261, 'ndcg@20': 0.0503, 'hit@40': 0.2075, 'ndcg@40': 0.0669} 
2024-10-11 04:13:41.612 | INFO     | trainer_1:_train_one_epoch:209 - test 6 cost time 5.60s, result: {'hit@1': 0.0061, 'ndcg@1': 0.0061, 'hit@5': 0.0276, 'ndcg@5': 0.0167, 'hit@10': 0.0489, 'ndcg@10': 0.0235, 'hit@15': 0.0676, 'ndcg@15': 0.0284, 'hit@20': 0.0859, 'ndcg@20': 0.0327, 'hit@40': 0.1465, 'ndcg@40': 0.0451} 
2024-10-11 04:13:58.311 | INFO     | trainer_1:_train_one_epoch:193 - epoch 7 6.20s Train loss is [0.5047] 
2024-10-11 04:14:03.265 | INFO     | trainer_1:_train_one_epoch:201 - validate 7 cost time 4.95s, result: {'hit@1': 0.0115, 'ndcg@1': 0.0115, 'hit@5': 0.0447, 'ndcg@5': 0.0281, 'hit@10': 0.0747, 'ndcg@10': 0.0377, 'hit@15': 0.1032, 'ndcg@15': 0.0452, 'hit@20': 0.1269, 'ndcg@20': 0.0508, 'hit@40': 0.203, 'ndcg@40': 0.0663} 
2024-10-11 04:14:08.171 | INFO     | trainer_1:_train_one_epoch:209 - test 7 cost time 4.91s, result: {'hit@1': 0.0074, 'ndcg@1': 0.0074, 'hit@5': 0.027, 'ndcg@5': 0.0171, 'hit@10': 0.0484, 'ndcg@10': 0.024, 'hit@15': 0.067, 'ndcg@15': 0.0289, 'hit@20': 0.0842, 'ndcg@20': 0.0329, 'hit@40': 0.1429, 'ndcg@40': 0.0449} 
2024-10-11 04:14:14.143 | INFO     | trainer_1:_train_one_epoch:193 - epoch 8 5.97s Train loss is [0.5075] 
2024-10-11 04:14:19.077 | INFO     | trainer_1:_train_one_epoch:201 - validate 8 cost time 4.93s, result: {'hit@1': 0.012, 'ndcg@1': 0.012, 'hit@5': 0.0452, 'ndcg@5': 0.0285, 'hit@10': 0.0761, 'ndcg@10': 0.0383, 'hit@15': 0.1001, 'ndcg@15': 0.0446, 'hit@20': 0.1236, 'ndcg@20': 0.0502, 'hit@40': 0.1973, 'ndcg@40': 0.0652} 
2024-10-11 04:14:23.982 | INFO     | trainer_1:_train_one_epoch:209 - test 8 cost time 4.90s, result: {'hit@1': 0.0078, 'ndcg@1': 0.0078, 'hit@5': 0.0276, 'ndcg@5': 0.0176, 'hit@10': 0.048, 'ndcg@10': 0.0241, 'hit@15': 0.0656, 'ndcg@15': 0.0288, 'hit@20': 0.082, 'ndcg@20': 0.0326, 'hit@40': 0.1389, 'ndcg@40': 0.0442} 
2024-10-11 04:14:29.982 | INFO     | trainer_1:_train_one_epoch:193 - epoch 9 6.00s Train loss is [0.4915] 
2024-10-11 04:14:34.920 | INFO     | trainer_1:_train_one_epoch:201 - validate 9 cost time 4.94s, result: {'hit@1': 0.0106, 'ndcg@1': 0.0106, 'hit@5': 0.0465, 'ndcg@5': 0.0285, 'hit@10': 0.0798, 'ndcg@10': 0.0392, 'hit@15': 0.1108, 'ndcg@15': 0.0474, 'hit@20': 0.1377, 'ndcg@20': 0.0537, 'hit@40': 0.2223, 'ndcg@40': 0.0709} 
2024-10-11 04:14:39.820 | INFO     | trainer_1:_train_one_epoch:209 - test 9 cost time 4.90s, result: {'hit@1': 0.0072, 'ndcg@1': 0.0072, 'hit@5': 0.0301, 'ndcg@5': 0.0188, 'hit@10': 0.0528, 'ndcg@10': 0.026, 'hit@15': 0.072, 'ndcg@15': 0.0311, 'hit@20': 0.0917, 'ndcg@20': 0.0357, 'hit@40': 0.1581, 'ndcg@40': 0.0493} 
2024-10-11 04:14:56.450 | INFO     | trainer_1:_train_one_epoch:193 - epoch 10 6.11s Train loss is [0.4777] 
2024-10-11 04:15:02.115 | INFO     | trainer_1:_train_one_epoch:201 - validate 10 cost time 5.66s, result: {'hit@1': 0.0121, 'ndcg@1': 0.0121, 'hit@5': 0.0453, 'ndcg@5': 0.0286, 'hit@10': 0.0779, 'ndcg@10': 0.0391, 'hit@15': 0.1057, 'ndcg@15': 0.0464, 'hit@20': 0.1279, 'ndcg@20': 0.0516, 'hit@40': 0.2043, 'ndcg@40': 0.0672} 
2024-10-11 04:15:07.712 | INFO     | trainer_1:_train_one_epoch:209 - test 10 cost time 5.60s, result: {'hit@1': 0.0067, 'ndcg@1': 0.0067, 'hit@5': 0.0303, 'ndcg@5': 0.0184, 'hit@10': 0.0501, 'ndcg@10': 0.0247, 'hit@15': 0.0683, 'ndcg@15': 0.0295, 'hit@20': 0.0868, 'ndcg@20': 0.0339, 'hit@40': 0.1442, 'ndcg@40': 0.0456} 
2024-10-11 04:15:14.095 | INFO     | trainer_1:_train_one_epoch:193 - epoch 11 6.38s Train loss is [0.4831] 
2024-10-11 04:15:19.035 | INFO     | trainer_1:_train_one_epoch:201 - validate 11 cost time 4.94s, result: {'hit@1': 0.0112, 'ndcg@1': 0.0112, 'hit@5': 0.045, 'ndcg@5': 0.0278, 'hit@10': 0.0794, 'ndcg@10': 0.0388, 'hit@15': 0.1086, 'ndcg@15': 0.0466, 'hit@20': 0.1334, 'ndcg@20': 0.0524, 'hit@40': 0.2105, 'ndcg@40': 0.0681} 
2024-10-11 04:15:23.949 | INFO     | trainer_1:_train_one_epoch:209 - test 11 cost time 4.91s, result: {'hit@1': 0.0064, 'ndcg@1': 0.0064, 'hit@5': 0.03, 'ndcg@5': 0.018, 'hit@10': 0.0529, 'ndcg@10': 0.0253, 'hit@15': 0.0722, 'ndcg@15': 0.0304, 'hit@20': 0.0901, 'ndcg@20': 0.0346, 'hit@40': 0.1501, 'ndcg@40': 0.0469} 
2024-10-11 04:15:40.989 | INFO     | trainer_1:_train_one_epoch:193 - epoch 12 6.02s Train loss is [0.4662] 
2024-10-11 04:15:45.941 | INFO     | trainer_1:_train_one_epoch:201 - validate 12 cost time 4.95s, result: {'hit@1': 0.0112, 'ndcg@1': 0.0112, 'hit@5': 0.0442, 'ndcg@5': 0.0273, 'hit@10': 0.077, 'ndcg@10': 0.0378, 'hit@15': 0.1044, 'ndcg@15': 0.045, 'hit@20': 0.1265, 'ndcg@20': 0.0502, 'hit@40': 0.2043, 'ndcg@40': 0.0661} 
2024-10-11 04:15:50.847 | INFO     | trainer_1:_train_one_epoch:209 - test 12 cost time 4.90s, result: {'hit@1': 0.0063, 'ndcg@1': 0.0063, 'hit@5': 0.0289, 'ndcg@5': 0.0174, 'hit@10': 0.0525, 'ndcg@10': 0.025, 'hit@15': 0.0724, 'ndcg@15': 0.0302, 'hit@20': 0.0891, 'ndcg@20': 0.0341, 'hit@40': 0.1479, 'ndcg@40': 0.0461} 
2024-10-11 04:15:56.891 | INFO     | trainer_1:_train_one_epoch:193 - epoch 13 6.04s Train loss is [0.4454] 
2024-10-11 04:16:02.545 | INFO     | trainer_1:_train_one_epoch:201 - validate 13 cost time 5.65s, result: {'hit@1': 0.0113, 'ndcg@1': 0.0113, 'hit@5': 0.0434, 'ndcg@5': 0.0272, 'hit@10': 0.0804, 'ndcg@10': 0.039, 'hit@15': 0.1093, 'ndcg@15': 0.0467, 'hit@20': 0.135, 'ndcg@20': 0.0527, 'hit@40': 0.2206, 'ndcg@40': 0.0701} 
2024-10-11 04:16:08.135 | INFO     | trainer_1:_train_one_epoch:209 - test 13 cost time 5.59s, result: {'hit@1': 0.0064, 'ndcg@1': 0.0064, 'hit@5': 0.0304, 'ndcg@5': 0.0181, 'hit@10': 0.0522, 'ndcg@10': 0.0251, 'hit@15': 0.0726, 'ndcg@15': 0.0305, 'hit@20': 0.0907, 'ndcg@20': 0.0347, 'hit@40': 0.1528, 'ndcg@40': 0.0474} 
2024-10-11 04:16:14.363 | INFO     | trainer_1:_train_one_epoch:193 - epoch 14 6.23s Train loss is [0.4460] 
2024-10-11 04:16:19.296 | INFO     | trainer_1:_train_one_epoch:201 - validate 14 cost time 4.93s, result: {'hit@1': 0.0116, 'ndcg@1': 0.0116, 'hit@5': 0.0437, 'ndcg@5': 0.0277, 'hit@10': 0.0786, 'ndcg@10': 0.0388, 'hit@15': 0.1076, 'ndcg@15': 0.0465, 'hit@20': 0.1309, 'ndcg@20': 0.052, 'hit@40': 0.2115, 'ndcg@40': 0.0684} 
2024-10-11 04:16:24.201 | INFO     | trainer_1:_train_one_epoch:209 - test 14 cost time 4.90s, result: {'hit@1': 0.0074, 'ndcg@1': 0.0074, 'hit@5': 0.0301, 'ndcg@5': 0.0186, 'hit@10': 0.0526, 'ndcg@10': 0.0258, 'hit@15': 0.0732, 'ndcg@15': 0.0312, 'hit@20': 0.0906, 'ndcg@20': 0.0353, 'hit@40': 0.1508, 'ndcg@40': 0.0475} 
2024-10-11 04:16:30.329 | INFO     | trainer_1:_train_one_epoch:193 - epoch 15 6.13s Train loss is [0.4349] 
2024-10-11 04:16:35.260 | INFO     | trainer_1:_train_one_epoch:201 - validate 15 cost time 4.93s, result: {'hit@1': 0.0107, 'ndcg@1': 0.0107, 'hit@5': 0.0438, 'ndcg@5': 0.0271, 'hit@10': 0.0744, 'ndcg@10': 0.0369, 'hit@15': 0.1014, 'ndcg@15': 0.0441, 'hit@20': 0.1286, 'ndcg@20': 0.0505, 'hit@40': 0.2098, 'ndcg@40': 0.067} 
2024-10-11 04:16:40.150 | INFO     | trainer_1:_train_one_epoch:209 - test 15 cost time 4.89s, result: {'hit@1': 0.0077, 'ndcg@1': 0.0077, 'hit@5': 0.0307, 'ndcg@5': 0.0189, 'hit@10': 0.0531, 'ndcg@10': 0.0261, 'hit@15': 0.0734, 'ndcg@15': 0.0314, 'hit@20': 0.0893, 'ndcg@20': 0.0352, 'hit@40': 0.1483, 'ndcg@40': 0.0472} 
2024-10-11 04:16:57.301 | INFO     | trainer_1:_train_one_epoch:193 - epoch 16 6.32s Train loss is [0.4402] 
2024-10-11 04:17:02.251 | INFO     | trainer_1:_train_one_epoch:201 - validate 16 cost time 4.95s, result: {'hit@1': 0.0115, 'ndcg@1': 0.0115, 'hit@5': 0.0465, 'ndcg@5': 0.0289, 'hit@10': 0.0788, 'ndcg@10': 0.0393, 'hit@15': 0.1065, 'ndcg@15': 0.0466, 'hit@20': 0.1311, 'ndcg@20': 0.0524, 'hit@40': 0.2103, 'ndcg@40': 0.0685} 
2024-10-11 04:17:07.158 | INFO     | trainer_1:_train_one_epoch:209 - test 16 cost time 4.91s, result: {'hit@1': 0.0075, 'ndcg@1': 0.0075, 'hit@5': 0.0321, 'ndcg@5': 0.0196, 'hit@10': 0.0546, 'ndcg@10': 0.0268, 'hit@15': 0.0755, 'ndcg@15': 0.0323, 'hit@20': 0.0917, 'ndcg@20': 0.0361, 'hit@40': 0.1505, 'ndcg@40': 0.0481} 
2024-10-11 04:17:24.345 | INFO     | trainer_1:_train_one_epoch:193 - epoch 17 6.36s Train loss is [0.4327] 
2024-10-11 04:17:29.975 | INFO     | trainer_1:_train_one_epoch:201 - validate 17 cost time 5.63s, result: {'hit@1': 0.0117, 'ndcg@1': 0.0117, 'hit@5': 0.0456, 'ndcg@5': 0.0284, 'hit@10': 0.0783, 'ndcg@10': 0.0388, 'hit@15': 0.1065, 'ndcg@15': 0.0463, 'hit@20': 0.1311, 'ndcg@20': 0.0521, 'hit@40': 0.2115, 'ndcg@40': 0.0685} 
2024-10-11 04:17:35.545 | INFO     | trainer_1:_train_one_epoch:209 - test 17 cost time 5.57s, result: {'hit@1': 0.0079, 'ndcg@1': 0.0079, 'hit@5': 0.0305, 'ndcg@5': 0.0192, 'hit@10': 0.0538, 'ndcg@10': 0.0267, 'hit@15': 0.0727, 'ndcg@15': 0.0317, 'hit@20': 0.0897, 'ndcg@20': 0.0357, 'hit@40': 0.1532, 'ndcg@40': 0.0486} 
2024-10-11 04:17:41.619 | INFO     | trainer_1:_train_one_epoch:193 - epoch 18 6.07s Train loss is [0.4133] 
2024-10-11 04:17:46.546 | INFO     | trainer_1:_train_one_epoch:201 - validate 18 cost time 4.93s, result: {'hit@1': 0.0127, 'ndcg@1': 0.0127, 'hit@5': 0.0492, 'ndcg@5': 0.031, 'hit@10': 0.0828, 'ndcg@10': 0.0418, 'hit@15': 0.1102, 'ndcg@15': 0.049, 'hit@20': 0.1337, 'ndcg@20': 0.0545, 'hit@40': 0.2132, 'ndcg@40': 0.0707} 
2024-10-11 04:17:51.437 | INFO     | trainer_1:_train_one_epoch:209 - test 18 cost time 4.89s, result: {'hit@1': 0.008, 'ndcg@1': 0.008, 'hit@5': 0.0321, 'ndcg@5': 0.0201, 'hit@10': 0.0556, 'ndcg@10': 0.0276, 'hit@15': 0.0752, 'ndcg@15': 0.0328, 'hit@20': 0.0927, 'ndcg@20': 0.037, 'hit@40': 0.1527, 'ndcg@40': 0.0492} 
2024-10-11 04:18:08.098 | INFO     | trainer_1:_train_one_epoch:193 - epoch 19 6.04s Train loss is [0.4155] 
2024-10-11 04:18:13.038 | INFO     | trainer_1:_train_one_epoch:201 - validate 19 cost time 4.94s, result: {'hit@1': 0.0128, 'ndcg@1': 0.0128, 'hit@5': 0.0498, 'ndcg@5': 0.0313, 'hit@10': 0.0866, 'ndcg@10': 0.0431, 'hit@15': 0.1163, 'ndcg@15': 0.0509, 'hit@20': 0.1416, 'ndcg@20': 0.0569, 'hit@40': 0.2228, 'ndcg@40': 0.0734} 
2024-10-11 04:18:17.941 | INFO     | trainer_1:_train_one_epoch:209 - test 19 cost time 4.90s, result: {'hit@1': 0.0081, 'ndcg@1': 0.0081, 'hit@5': 0.034, 'ndcg@5': 0.0209, 'hit@10': 0.0573, 'ndcg@10': 0.0284, 'hit@15': 0.0787, 'ndcg@15': 0.034, 'hit@20': 0.0958, 'ndcg@20': 0.0381, 'hit@40': 0.1581, 'ndcg@40': 0.0507} 
2024-10-11 04:18:34.835 | INFO     | trainer_1:_train_one_epoch:193 - epoch 20 6.04s Train loss is [0.4042] 
2024-10-11 04:18:39.759 | INFO     | trainer_1:_train_one_epoch:201 - validate 20 cost time 4.92s, result: {'hit@1': 0.0135, 'ndcg@1': 0.0135, 'hit@5': 0.0507, 'ndcg@5': 0.0318, 'hit@10': 0.0848, 'ndcg@10': 0.0428, 'hit@15': 0.1091, 'ndcg@15': 0.0492, 'hit@20': 0.1335, 'ndcg@20': 0.0549, 'hit@40': 0.2163, 'ndcg@40': 0.0718} 
2024-10-11 04:18:44.647 | INFO     | trainer_1:_train_one_epoch:209 - test 20 cost time 4.89s, result: {'hit@1': 0.0084, 'ndcg@1': 0.0084, 'hit@5': 0.0327, 'ndcg@5': 0.0205, 'hit@10': 0.0561, 'ndcg@10': 0.028, 'hit@15': 0.0747, 'ndcg@15': 0.0329, 'hit@20': 0.0927, 'ndcg@20': 0.0372, 'hit@40': 0.1523, 'ndcg@40': 0.0493} 
2024-10-11 04:18:50.541 | INFO     | trainer_1:_train_one_epoch:193 - epoch 21 5.89s Train loss is [0.3963] 
2024-10-11 04:18:55.460 | INFO     | trainer_1:_train_one_epoch:201 - validate 21 cost time 4.92s, result: {'hit@1': 0.014, 'ndcg@1': 0.014, 'hit@5': 0.0502, 'ndcg@5': 0.032, 'hit@10': 0.0848, 'ndcg@10': 0.0431, 'hit@15': 0.1138, 'ndcg@15': 0.0508, 'hit@20': 0.1386, 'ndcg@20': 0.0566, 'hit@40': 0.2204, 'ndcg@40': 0.0733} 
2024-10-11 04:19:00.349 | INFO     | trainer_1:_train_one_epoch:209 - test 21 cost time 4.89s, result: {'hit@1': 0.0094, 'ndcg@1': 0.0094, 'hit@5': 0.0324, 'ndcg@5': 0.0209, 'hit@10': 0.0567, 'ndcg@10': 0.0288, 'hit@15': 0.0759, 'ndcg@15': 0.0339, 'hit@20': 0.0945, 'ndcg@20': 0.0383, 'hit@40': 0.155, 'ndcg@40': 0.0505} 
2024-10-11 04:19:06.229 | INFO     | trainer_1:_train_one_epoch:193 - epoch 22 5.88s Train loss is [0.4016] 
2024-10-11 04:19:11.158 | INFO     | trainer_1:_train_one_epoch:201 - validate 22 cost time 4.93s, result: {'hit@1': 0.0139, 'ndcg@1': 0.0139, 'hit@5': 0.0524, 'ndcg@5': 0.0331, 'hit@10': 0.0897, 'ndcg@10': 0.0451, 'hit@15': 0.119, 'ndcg@15': 0.0529, 'hit@20': 0.1448, 'ndcg@20': 0.0589, 'hit@40': 0.2307, 'ndcg@40': 0.0764} 
2024-10-11 04:19:16.050 | INFO     | trainer_1:_train_one_epoch:209 - test 22 cost time 4.89s, result: {'hit@1': 0.0093, 'ndcg@1': 0.0093, 'hit@5': 0.0356, 'ndcg@5': 0.0224, 'hit@10': 0.0603, 'ndcg@10': 0.0303, 'hit@15': 0.0818, 'ndcg@15': 0.036, 'hit@20': 0.0989, 'ndcg@20': 0.04, 'hit@40': 0.1632, 'ndcg@40': 0.0531} 
2024-10-11 04:19:32.738 | INFO     | trainer_1:_train_one_epoch:193 - epoch 23 5.98s Train loss is [0.3874] 
2024-10-11 04:19:37.673 | INFO     | trainer_1:_train_one_epoch:201 - validate 23 cost time 4.93s, result: {'hit@1': 0.0125, 'ndcg@1': 0.0125, 'hit@5': 0.0476, 'ndcg@5': 0.03, 'hit@10': 0.0834, 'ndcg@10': 0.0414, 'hit@15': 0.1111, 'ndcg@15': 0.0487, 'hit@20': 0.1364, 'ndcg@20': 0.0547, 'hit@40': 0.2187, 'ndcg@40': 0.0715} 
2024-10-11 04:19:42.572 | INFO     | trainer_1:_train_one_epoch:209 - test 23 cost time 4.90s, result: {'hit@1': 0.0091, 'ndcg@1': 0.0091, 'hit@5': 0.0315, 'ndcg@5': 0.0202, 'hit@10': 0.0542, 'ndcg@10': 0.0275, 'hit@15': 0.075, 'ndcg@15': 0.0329, 'hit@20': 0.092, 'ndcg@20': 0.037, 'hit@40': 0.1568, 'ndcg@40': 0.0501} 
2024-10-11 04:19:48.454 | INFO     | trainer_1:_train_one_epoch:193 - epoch 24 5.88s Train loss is [0.3830] 
2024-10-11 04:19:53.374 | INFO     | trainer_1:_train_one_epoch:201 - validate 24 cost time 4.92s, result: {'hit@1': 0.0144, 'ndcg@1': 0.0144, 'hit@5': 0.0502, 'ndcg@5': 0.0323, 'hit@10': 0.0838, 'ndcg@10': 0.0431, 'hit@15': 0.1105, 'ndcg@15': 0.0501, 'hit@20': 0.1364, 'ndcg@20': 0.0563, 'hit@40': 0.216, 'ndcg@40': 0.0725} 
2024-10-11 04:19:58.259 | INFO     | trainer_1:_train_one_epoch:209 - test 24 cost time 4.88s, result: {'hit@1': 0.0091, 'ndcg@1': 0.0091, 'hit@5': 0.0334, 'ndcg@5': 0.0214, 'hit@10': 0.0554, 'ndcg@10': 0.0284, 'hit@15': 0.0754, 'ndcg@15': 0.0337, 'hit@20': 0.0928, 'ndcg@20': 0.0378, 'hit@40': 0.1554, 'ndcg@40': 0.0505} 
2024-10-11 04:20:04.158 | INFO     | trainer_1:_train_one_epoch:193 - epoch 25 5.90s Train loss is [0.3808] 
2024-10-11 04:20:09.085 | INFO     | trainer_1:_train_one_epoch:201 - validate 25 cost time 4.93s, result: {'hit@1': 0.0139, 'ndcg@1': 0.0139, 'hit@5': 0.0559, 'ndcg@5': 0.0348, 'hit@10': 0.0922, 'ndcg@10': 0.0465, 'hit@15': 0.123, 'ndcg@15': 0.0546, 'hit@20': 0.1499, 'ndcg@20': 0.0609, 'hit@40': 0.2383, 'ndcg@40': 0.0789} 
2024-10-11 04:20:13.988 | INFO     | trainer_1:_train_one_epoch:209 - test 25 cost time 4.90s, result: {'hit@1': 0.0103, 'ndcg@1': 0.0103, 'hit@5': 0.0353, 'ndcg@5': 0.0228, 'hit@10': 0.0596, 'ndcg@10': 0.0306, 'hit@15': 0.0821, 'ndcg@15': 0.0365, 'hit@20': 0.1006, 'ndcg@20': 0.0409, 'hit@40': 0.1659, 'ndcg@40': 0.0541} 
2024-10-11 04:20:19.938 | INFO     | trainer_1:_train_one_epoch:193 - epoch 26 5.95s Train loss is [0.3873] 
2024-10-11 04:20:24.880 | INFO     | trainer_1:_train_one_epoch:201 - validate 26 cost time 4.94s, result: {'hit@1': 0.0148, 'ndcg@1': 0.0148, 'hit@5': 0.0557, 'ndcg@5': 0.0354, 'hit@10': 0.0917, 'ndcg@10': 0.047, 'hit@15': 0.1214, 'ndcg@15': 0.0548, 'hit@20': 0.1494, 'ndcg@20': 0.0614, 'hit@40': 0.235, 'ndcg@40': 0.0788} 
2024-10-11 04:20:29.789 | INFO     | trainer_1:_train_one_epoch:209 - test 26 cost time 4.91s, result: {'hit@1': 0.0107, 'ndcg@1': 0.0107, 'hit@5': 0.0369, 'ndcg@5': 0.0237, 'hit@10': 0.061, 'ndcg@10': 0.0314, 'hit@15': 0.0817, 'ndcg@15': 0.0368, 'hit@20': 0.0999, 'ndcg@20': 0.0411, 'hit@40': 0.1637, 'ndcg@40': 0.0541} 
2024-10-11 04:20:46.359 | INFO     | trainer_1:_train_one_epoch:193 - epoch 27 5.92s Train loss is [0.3702] 
2024-10-11 04:20:51.277 | INFO     | trainer_1:_train_one_epoch:201 - validate 27 cost time 4.92s, result: {'hit@1': 0.0153, 'ndcg@1': 0.0153, 'hit@5': 0.0531, 'ndcg@5': 0.0344, 'hit@10': 0.0882, 'ndcg@10': 0.0456, 'hit@15': 0.1161, 'ndcg@15': 0.053, 'hit@20': 0.1428, 'ndcg@20': 0.0593, 'hit@40': 0.2263, 'ndcg@40': 0.0763} 
2024-10-11 04:20:56.160 | INFO     | trainer_1:_train_one_epoch:209 - test 27 cost time 4.88s, result: {'hit@1': 0.0097, 'ndcg@1': 0.0097, 'hit@5': 0.0349, 'ndcg@5': 0.0225, 'hit@10': 0.0593, 'ndcg@10': 0.0303, 'hit@15': 0.0797, 'ndcg@15': 0.0357, 'hit@20': 0.0966, 'ndcg@20': 0.0397, 'hit@40': 0.157, 'ndcg@40': 0.0519} 
2024-10-11 04:21:02.018 | INFO     | trainer_1:_train_one_epoch:193 - epoch 28 5.86s Train loss is [0.3742] 
2024-10-11 04:21:06.934 | INFO     | trainer_1:_train_one_epoch:201 - validate 28 cost time 4.92s, result: {'hit@1': 0.0142, 'ndcg@1': 0.0142, 'hit@5': 0.0564, 'ndcg@5': 0.0353, 'hit@10': 0.0911, 'ndcg@10': 0.0464, 'hit@15': 0.1221, 'ndcg@15': 0.0546, 'hit@20': 0.147, 'ndcg@20': 0.0605, 'hit@40': 0.2311, 'ndcg@40': 0.0776} 
2024-10-11 04:21:11.826 | INFO     | trainer_1:_train_one_epoch:209 - test 28 cost time 4.89s, result: {'hit@1': 0.0105, 'ndcg@1': 0.0105, 'hit@5': 0.0363, 'ndcg@5': 0.0235, 'hit@10': 0.0615, 'ndcg@10': 0.0316, 'hit@15': 0.0835, 'ndcg@15': 0.0373, 'hit@20': 0.1011, 'ndcg@20': 0.0415, 'hit@40': 0.1631, 'ndcg@40': 0.0541} 
2024-10-11 04:21:28.488 | INFO     | trainer_1:_train_one_epoch:193 - epoch 29 6.08s Train loss is [0.3769] 
2024-10-11 04:21:33.436 | INFO     | trainer_1:_train_one_epoch:201 - validate 29 cost time 4.95s, result: {'hit@1': 0.0158, 'ndcg@1': 0.0158, 'hit@5': 0.0554, 'ndcg@5': 0.0355, 'hit@10': 0.0907, 'ndcg@10': 0.0468, 'hit@15': 0.1224, 'ndcg@15': 0.0552, 'hit@20': 0.1522, 'ndcg@20': 0.0622, 'hit@40': 0.2386, 'ndcg@40': 0.0798} 
2024-10-11 04:21:38.333 | INFO     | trainer_1:_train_one_epoch:209 - test 29 cost time 4.90s, result: {'hit@1': 0.0112, 'ndcg@1': 0.0112, 'hit@5': 0.0379, 'ndcg@5': 0.0245, 'hit@10': 0.0622, 'ndcg@10': 0.0323, 'hit@15': 0.0845, 'ndcg@15': 0.0382, 'hit@20': 0.1036, 'ndcg@20': 0.0427, 'hit@40': 0.1706, 'ndcg@40': 0.0563} 
2024-10-11 04:21:54.795 | INFO     | trainer_1:_train_one_epoch:193 - epoch 30 6.02s Train loss is [0.3753] 
2024-10-11 04:21:59.714 | INFO     | trainer_1:_train_one_epoch:201 - validate 30 cost time 4.92s, result: {'hit@1': 0.0154, 'ndcg@1': 0.0154, 'hit@5': 0.0562, 'ndcg@5': 0.0359, 'hit@10': 0.0931, 'ndcg@10': 0.0477, 'hit@15': 0.1237, 'ndcg@15': 0.0558, 'hit@20': 0.1506, 'ndcg@20': 0.0622, 'hit@40': 0.2383, 'ndcg@40': 0.08} 
2024-10-11 04:22:04.607 | INFO     | trainer_1:_train_one_epoch:209 - test 30 cost time 4.89s, result: {'hit@1': 0.0104, 'ndcg@1': 0.0104, 'hit@5': 0.037, 'ndcg@5': 0.0237, 'hit@10': 0.0622, 'ndcg@10': 0.0317, 'hit@15': 0.0827, 'ndcg@15': 0.0371, 'hit@20': 0.1021, 'ndcg@20': 0.0417, 'hit@40': 0.1647, 'ndcg@40': 0.0545} 
2024-10-11 04:22:10.570 | INFO     | trainer_1:_train_one_epoch:193 - epoch 31 5.96s Train loss is [0.3750] 
2024-10-11 04:22:15.495 | INFO     | trainer_1:_train_one_epoch:201 - validate 31 cost time 4.92s, result: {'hit@1': 0.016, 'ndcg@1': 0.016, 'hit@5': 0.0574, 'ndcg@5': 0.0366, 'hit@10': 0.0933, 'ndcg@10': 0.0482, 'hit@15': 0.123, 'ndcg@15': 0.056, 'hit@20': 0.1517, 'ndcg@20': 0.0628, 'hit@40': 0.2348, 'ndcg@40': 0.0797} 
2024-10-11 04:22:20.396 | INFO     | trainer_1:_train_one_epoch:209 - test 31 cost time 4.90s, result: {'hit@1': 0.011, 'ndcg@1': 0.011, 'hit@5': 0.0382, 'ndcg@5': 0.0245, 'hit@10': 0.0645, 'ndcg@10': 0.0329, 'hit@15': 0.0858, 'ndcg@15': 0.0385, 'hit@20': 0.1055, 'ndcg@20': 0.0432, 'hit@40': 0.1692, 'ndcg@40': 0.0561} 
2024-10-11 04:22:36.952 | INFO     | trainer_1:_train_one_epoch:193 - epoch 32 5.96s Train loss is [0.3667] 
2024-10-11 04:22:41.884 | INFO     | trainer_1:_train_one_epoch:201 - validate 32 cost time 4.93s, result: {'hit@1': 0.0161, 'ndcg@1': 0.0161, 'hit@5': 0.0552, 'ndcg@5': 0.0356, 'hit@10': 0.0945, 'ndcg@10': 0.0481, 'hit@15': 0.1263, 'ndcg@15': 0.0565, 'hit@20': 0.1549, 'ndcg@20': 0.0633, 'hit@40': 0.2438, 'ndcg@40': 0.0813} 
2024-10-11 04:22:46.773 | INFO     | trainer_1:_train_one_epoch:209 - test 32 cost time 4.89s, result: {'hit@1': 0.0103, 'ndcg@1': 0.0103, 'hit@5': 0.0386, 'ndcg@5': 0.0244, 'hit@10': 0.0647, 'ndcg@10': 0.0328, 'hit@15': 0.0862, 'ndcg@15': 0.0385, 'hit@20': 0.106, 'ndcg@20': 0.0432, 'hit@40': 0.1738, 'ndcg@40': 0.057} 
2024-10-11 04:23:03.778 | INFO     | trainer_1:_train_one_epoch:193 - epoch 33 6.05s Train loss is [0.3492] 
2024-10-11 04:23:08.715 | INFO     | trainer_1:_train_one_epoch:201 - validate 33 cost time 4.94s, result: {'hit@1': 0.0148, 'ndcg@1': 0.0148, 'hit@5': 0.056, 'ndcg@5': 0.0356, 'hit@10': 0.094, 'ndcg@10': 0.0478, 'hit@15': 0.1264, 'ndcg@15': 0.0563, 'hit@20': 0.1544, 'ndcg@20': 0.0629, 'hit@40': 0.2494, 'ndcg@40': 0.0823} 
2024-10-11 04:23:13.604 | INFO     | trainer_1:_train_one_epoch:209 - test 33 cost time 4.89s, result: {'hit@1': 0.0107, 'ndcg@1': 0.0107, 'hit@5': 0.0399, 'ndcg@5': 0.0253, 'hit@10': 0.0652, 'ndcg@10': 0.0335, 'hit@15': 0.087, 'ndcg@15': 0.0393, 'hit@20': 0.1078, 'ndcg@20': 0.0441, 'hit@40': 0.1739, 'ndcg@40': 0.0576} 
2024-10-11 04:23:30.154 | INFO     | trainer_1:_train_one_epoch:193 - epoch 34 5.98s Train loss is [0.3602] 
2024-10-11 04:23:35.086 | INFO     | trainer_1:_train_one_epoch:201 - validate 34 cost time 4.93s, result: {'hit@1': 0.0152, 'ndcg@1': 0.0152, 'hit@5': 0.0557, 'ndcg@5': 0.0353, 'hit@10': 0.09, 'ndcg@10': 0.0462, 'hit@15': 0.12, 'ndcg@15': 0.0541, 'hit@20': 0.1469, 'ndcg@20': 0.0605, 'hit@40': 0.2342, 'ndcg@40': 0.0782} 
2024-10-11 04:23:39.992 | INFO     | trainer_1:_train_one_epoch:209 - test 34 cost time 4.91s, result: {'hit@1': 0.0113, 'ndcg@1': 0.0113, 'hit@5': 0.0395, 'ndcg@5': 0.0254, 'hit@10': 0.0654, 'ndcg@10': 0.0338, 'hit@15': 0.0866, 'ndcg@15': 0.0394, 'hit@20': 0.1069, 'ndcg@20': 0.0442, 'hit@40': 0.1702, 'ndcg@40': 0.057} 
2024-10-11 04:23:56.634 | INFO     | trainer_1:_train_one_epoch:193 - epoch 35 6.01s Train loss is [0.3548] 
2024-10-11 04:24:01.564 | INFO     | trainer_1:_train_one_epoch:201 - validate 35 cost time 4.93s, result: {'hit@1': 0.0152, 'ndcg@1': 0.0152, 'hit@5': 0.0552, 'ndcg@5': 0.0352, 'hit@10': 0.0897, 'ndcg@10': 0.0463, 'hit@15': 0.1214, 'ndcg@15': 0.0547, 'hit@20': 0.1483, 'ndcg@20': 0.061, 'hit@40': 0.2361, 'ndcg@40': 0.0789} 
2024-10-11 04:24:06.454 | INFO     | trainer_1:_train_one_epoch:209 - test 35 cost time 4.89s, result: {'hit@1': 0.0112, 'ndcg@1': 0.0112, 'hit@5': 0.0378, 'ndcg@5': 0.0243, 'hit@10': 0.0625, 'ndcg@10': 0.0323, 'hit@15': 0.0837, 'ndcg@15': 0.0379, 'hit@20': 0.1043, 'ndcg@20': 0.0427, 'hit@40': 0.1703, 'ndcg@40': 0.0561} 
2024-10-11 04:24:12.405 | INFO     | trainer_1:_train_one_epoch:193 - epoch 36 5.95s Train loss is [0.3577] 
2024-10-11 04:24:17.316 | INFO     | trainer_1:_train_one_epoch:201 - validate 36 cost time 4.91s, result: {'hit@1': 0.0152, 'ndcg@1': 0.0152, 'hit@5': 0.0561, 'ndcg@5': 0.0355, 'hit@10': 0.0923, 'ndcg@10': 0.047, 'hit@15': 0.1234, 'ndcg@15': 0.0552, 'hit@20': 0.1522, 'ndcg@20': 0.062, 'hit@40': 0.2409, 'ndcg@40': 0.0801} 
2024-10-11 04:24:22.197 | INFO     | trainer_1:_train_one_epoch:209 - test 36 cost time 4.88s, result: {'hit@1': 0.0106, 'ndcg@1': 0.0106, 'hit@5': 0.0373, 'ndcg@5': 0.0238, 'hit@10': 0.0626, 'ndcg@10': 0.032, 'hit@15': 0.0845, 'ndcg@15': 0.0377, 'hit@20': 0.1043, 'ndcg@20': 0.0424, 'hit@40': 0.1707, 'ndcg@40': 0.0559} 
2024-10-11 04:24:28.256 | INFO     | trainer_1:_train_one_epoch:193 - epoch 37 6.06s Train loss is [0.3623] 
2024-10-11 04:24:33.184 | INFO     | trainer_1:_train_one_epoch:201 - validate 37 cost time 4.93s, result: {'hit@1': 0.0153, 'ndcg@1': 0.0153, 'hit@5': 0.0583, 'ndcg@5': 0.0367, 'hit@10': 0.0973, 'ndcg@10': 0.0493, 'hit@15': 0.1298, 'ndcg@15': 0.0578, 'hit@20': 0.1589, 'ndcg@20': 0.0647, 'hit@40': 0.2477, 'ndcg@40': 0.0828} 
2024-10-11 04:24:38.076 | INFO     | trainer_1:_train_one_epoch:209 - test 37 cost time 4.89s, result: {'hit@1': 0.011, 'ndcg@1': 0.011, 'hit@5': 0.0405, 'ndcg@5': 0.0257, 'hit@10': 0.0654, 'ndcg@10': 0.0336, 'hit@15': 0.0885, 'ndcg@15': 0.0397, 'hit@20': 0.1092, 'ndcg@20': 0.0446, 'hit@40': 0.1789, 'ndcg@40': 0.0587} 
2024-10-11 04:24:44.209 | INFO     | trainer_1:_train_one_epoch:193 - epoch 38 6.13s Train loss is [0.3415] 
2024-10-11 04:24:49.138 | INFO     | trainer_1:_train_one_epoch:201 - validate 38 cost time 4.93s, result: {'hit@1': 0.0161, 'ndcg@1': 0.0161, 'hit@5': 0.0574, 'ndcg@5': 0.0367, 'hit@10': 0.0936, 'ndcg@10': 0.0484, 'hit@15': 0.1252, 'ndcg@15': 0.0567, 'hit@20': 0.1544, 'ndcg@20': 0.0636, 'hit@40': 0.2429, 'ndcg@40': 0.0816} 
2024-10-11 04:24:54.020 | INFO     | trainer_1:_train_one_epoch:209 - test 38 cost time 4.88s, result: {'hit@1': 0.0115, 'ndcg@1': 0.0115, 'hit@5': 0.039, 'ndcg@5': 0.0251, 'hit@10': 0.0642, 'ndcg@10': 0.0332, 'hit@15': 0.0872, 'ndcg@15': 0.0393, 'hit@20': 0.1066, 'ndcg@20': 0.0439, 'hit@40': 0.1719, 'ndcg@40': 0.0571} 
2024-10-11 04:25:00.085 | INFO     | trainer_1:_train_one_epoch:193 - epoch 39 6.06s Train loss is [0.3443] 
2024-10-11 04:25:05.006 | INFO     | trainer_1:_train_one_epoch:201 - validate 39 cost time 4.92s, result: {'hit@1': 0.0155, 'ndcg@1': 0.0155, 'hit@5': 0.0576, 'ndcg@5': 0.0365, 'hit@10': 0.0967, 'ndcg@10': 0.0491, 'hit@15': 0.1281, 'ndcg@15': 0.0574, 'hit@20': 0.1552, 'ndcg@20': 0.0638, 'hit@40': 0.2455, 'ndcg@40': 0.0821} 
2024-10-11 04:25:09.894 | INFO     | trainer_1:_train_one_epoch:209 - test 39 cost time 4.89s, result: {'hit@1': 0.0112, 'ndcg@1': 0.0112, 'hit@5': 0.04, 'ndcg@5': 0.0254, 'hit@10': 0.0666, 'ndcg@10': 0.034, 'hit@15': 0.0908, 'ndcg@15': 0.0403, 'hit@20': 0.1107, 'ndcg@20': 0.0451, 'hit@40': 0.1784, 'ndcg@40': 0.0588} 
2024-10-11 04:25:26.553 | INFO     | trainer_1:_train_one_epoch:193 - epoch 40 6.07s Train loss is [0.3446] 
2024-10-11 04:25:31.486 | INFO     | trainer_1:_train_one_epoch:201 - validate 40 cost time 4.93s, result: {'hit@1': 0.0157, 'ndcg@1': 0.0157, 'hit@5': 0.0579, 'ndcg@5': 0.0371, 'hit@10': 0.0959, 'ndcg@10': 0.0493, 'hit@15': 0.1272, 'ndcg@15': 0.0576, 'hit@20': 0.1565, 'ndcg@20': 0.0645, 'hit@40': 0.2447, 'ndcg@40': 0.0824} 
2024-10-11 04:25:36.383 | INFO     | trainer_1:_train_one_epoch:209 - test 40 cost time 4.90s, result: {'hit@1': 0.0115, 'ndcg@1': 0.0115, 'hit@5': 0.0383, 'ndcg@5': 0.0249, 'hit@10': 0.0654, 'ndcg@10': 0.0336, 'hit@15': 0.0881, 'ndcg@15': 0.0396, 'hit@20': 0.1084, 'ndcg@20': 0.0444, 'hit@40': 0.1753, 'ndcg@40': 0.0579} 
2024-10-11 04:25:42.436 | INFO     | trainer_1:_train_one_epoch:193 - epoch 41 6.05s Train loss is [0.3491] 
2024-10-11 04:25:47.375 | INFO     | trainer_1:_train_one_epoch:201 - validate 41 cost time 4.94s, result: {'hit@1': 0.016, 'ndcg@1': 0.016, 'hit@5': 0.0589, 'ndcg@5': 0.0376, 'hit@10': 0.0967, 'ndcg@10': 0.0496, 'hit@15': 0.1264, 'ndcg@15': 0.0575, 'hit@20': 0.1547, 'ndcg@20': 0.0642, 'hit@40': 0.2449, 'ndcg@40': 0.0825} 
2024-10-11 04:25:52.274 | INFO     | trainer_1:_train_one_epoch:209 - test 41 cost time 4.90s, result: {'hit@1': 0.0109, 'ndcg@1': 0.0109, 'hit@5': 0.0397, 'ndcg@5': 0.0252, 'hit@10': 0.0654, 'ndcg@10': 0.0335, 'hit@15': 0.0886, 'ndcg@15': 0.0396, 'hit@20': 0.1089, 'ndcg@20': 0.0444, 'hit@40': 0.1752, 'ndcg@40': 0.0578} 
2024-10-11 04:25:58.382 | INFO     | trainer_1:_train_one_epoch:193 - epoch 42 6.11s Train loss is [0.3390] 
2024-10-11 04:26:03.308 | INFO     | trainer_1:_train_one_epoch:201 - validate 42 cost time 4.93s, result: {'hit@1': 0.0175, 'ndcg@1': 0.0175, 'hit@5': 0.0639, 'ndcg@5': 0.0405, 'hit@10': 0.1036, 'ndcg@10': 0.0532, 'hit@15': 0.1352, 'ndcg@15': 0.0615, 'hit@20': 0.1646, 'ndcg@20': 0.0685, 'hit@40': 0.2568, 'ndcg@40': 0.0872} 
2024-10-11 04:26:08.196 | INFO     | trainer_1:_train_one_epoch:209 - test 42 cost time 4.89s, result: {'hit@1': 0.0105, 'ndcg@1': 0.0105, 'hit@5': 0.0414, 'ndcg@5': 0.026, 'hit@10': 0.069, 'ndcg@10': 0.0348, 'hit@15': 0.0915, 'ndcg@15': 0.0407, 'hit@20': 0.1119, 'ndcg@20': 0.0455, 'hit@40': 0.1824, 'ndcg@40': 0.0598} 
2024-10-11 04:26:24.724 | INFO     | trainer_1:_train_one_epoch:193 - epoch 43 5.95s Train loss is [0.3389] 
2024-10-11 04:26:29.653 | INFO     | trainer_1:_train_one_epoch:201 - validate 43 cost time 4.93s, result: {'hit@1': 0.0166, 'ndcg@1': 0.0166, 'hit@5': 0.0587, 'ndcg@5': 0.0378, 'hit@10': 0.0994, 'ndcg@10': 0.0508, 'hit@15': 0.1305, 'ndcg@15': 0.059, 'hit@20': 0.1592, 'ndcg@20': 0.0658, 'hit@40': 0.2512, 'ndcg@40': 0.0845} 
2024-10-11 04:26:34.545 | INFO     | trainer_1:_train_one_epoch:209 - test 43 cost time 4.89s, result: {'hit@1': 0.0113, 'ndcg@1': 0.0113, 'hit@5': 0.0409, 'ndcg@5': 0.0259, 'hit@10': 0.0681, 'ndcg@10': 0.0345, 'hit@15': 0.0911, 'ndcg@15': 0.0406, 'hit@20': 0.1114, 'ndcg@20': 0.0454, 'hit@40': 0.1781, 'ndcg@40': 0.0589} 
2024-10-11 04:26:40.538 | INFO     | trainer_1:_train_one_epoch:193 - epoch 44 5.99s Train loss is [0.3461] 
2024-10-11 04:26:45.466 | INFO     | trainer_1:_train_one_epoch:201 - validate 44 cost time 4.93s, result: {'hit@1': 0.0168, 'ndcg@1': 0.0168, 'hit@5': 0.0583, 'ndcg@5': 0.0377, 'hit@10': 0.0983, 'ndcg@10': 0.0505, 'hit@15': 0.1304, 'ndcg@15': 0.059, 'hit@20': 0.1575, 'ndcg@20': 0.0654, 'hit@40': 0.2488, 'ndcg@40': 0.0839} 
2024-10-11 04:26:50.363 | INFO     | trainer_1:_train_one_epoch:209 - test 44 cost time 4.90s, result: {'hit@1': 0.0114, 'ndcg@1': 0.0114, 'hit@5': 0.0403, 'ndcg@5': 0.0255, 'hit@10': 0.0697, 'ndcg@10': 0.035, 'hit@15': 0.0933, 'ndcg@15': 0.0412, 'hit@20': 0.1118, 'ndcg@20': 0.0455, 'hit@40': 0.179, 'ndcg@40': 0.0592} 
2024-10-11 04:27:06.910 | INFO     | trainer_1:_train_one_epoch:193 - epoch 45 5.97s Train loss is [0.3445] 
2024-10-11 04:27:11.838 | INFO     | trainer_1:_train_one_epoch:201 - validate 45 cost time 4.93s, result: {'hit@1': 0.0167, 'ndcg@1': 0.0167, 'hit@5': 0.0619, 'ndcg@5': 0.0394, 'hit@10': 0.1017, 'ndcg@10': 0.0521, 'hit@15': 0.132, 'ndcg@15': 0.0601, 'hit@20': 0.1614, 'ndcg@20': 0.067, 'hit@40': 0.2504, 'ndcg@40': 0.0851} 
2024-10-11 04:27:16.732 | INFO     | trainer_1:_train_one_epoch:209 - test 45 cost time 4.89s, result: {'hit@1': 0.0105, 'ndcg@1': 0.0105, 'hit@5': 0.042, 'ndcg@5': 0.0261, 'hit@10': 0.0712, 'ndcg@10': 0.0354, 'hit@15': 0.0937, 'ndcg@15': 0.0413, 'hit@20': 0.1145, 'ndcg@20': 0.0462, 'hit@40': 0.1795, 'ndcg@40': 0.0595} 
2024-10-11 04:27:33.720 | INFO     | trainer_1:_train_one_epoch:193 - epoch 46 6.00s Train loss is [0.3300] 
2024-10-11 04:27:38.647 | INFO     | trainer_1:_train_one_epoch:201 - validate 46 cost time 4.93s, result: {'hit@1': 0.017, 'ndcg@1': 0.017, 'hit@5': 0.0586, 'ndcg@5': 0.0378, 'hit@10': 0.0998, 'ndcg@10': 0.0511, 'hit@15': 0.1306, 'ndcg@15': 0.0592, 'hit@20': 0.156, 'ndcg@20': 0.0652, 'hit@40': 0.2457, 'ndcg@40': 0.0834} 
2024-10-11 04:27:43.537 | INFO     | trainer_1:_train_one_epoch:209 - test 46 cost time 4.89s, result: {'hit@1': 0.0105, 'ndcg@1': 0.0105, 'hit@5': 0.0414, 'ndcg@5': 0.0259, 'hit@10': 0.0691, 'ndcg@10': 0.0348, 'hit@15': 0.0914, 'ndcg@15': 0.0407, 'hit@20': 0.1122, 'ndcg@20': 0.0456, 'hit@40': 0.1772, 'ndcg@40': 0.0588} 
2024-10-11 04:27:49.589 | INFO     | trainer_1:_train_one_epoch:193 - epoch 47 6.05s Train loss is [0.3331] 
2024-10-11 04:27:54.505 | INFO     | trainer_1:_train_one_epoch:201 - validate 47 cost time 4.92s, result: {'hit@1': 0.0159, 'ndcg@1': 0.0159, 'hit@5': 0.0572, 'ndcg@5': 0.0366, 'hit@10': 0.0965, 'ndcg@10': 0.0492, 'hit@15': 0.1266, 'ndcg@15': 0.0572, 'hit@20': 0.1541, 'ndcg@20': 0.0637, 'hit@40': 0.2413, 'ndcg@40': 0.0814} 
2024-10-11 04:27:59.405 | INFO     | trainer_1:_train_one_epoch:209 - test 47 cost time 4.90s, result: {'hit@1': 0.0099, 'ndcg@1': 0.0099, 'hit@5': 0.038, 'ndcg@5': 0.024, 'hit@10': 0.0653, 'ndcg@10': 0.0327, 'hit@15': 0.0875, 'ndcg@15': 0.0386, 'hit@20': 0.1079, 'ndcg@20': 0.0434, 'hit@40': 0.1723, 'ndcg@40': 0.0565} 
2024-10-11 04:28:05.450 | INFO     | trainer_1:_train_one_epoch:193 - epoch 48 6.04s Train loss is [0.3262] 
2024-10-11 04:28:10.374 | INFO     | trainer_1:_train_one_epoch:201 - validate 48 cost time 4.92s, result: {'hit@1': 0.0174, 'ndcg@1': 0.0174, 'hit@5': 0.0621, 'ndcg@5': 0.0395, 'hit@10': 0.1008, 'ndcg@10': 0.052, 'hit@15': 0.1336, 'ndcg@15': 0.0606, 'hit@20': 0.162, 'ndcg@20': 0.0673, 'hit@40': 0.2514, 'ndcg@40': 0.0855} 
2024-10-11 04:28:15.259 | INFO     | trainer_1:_train_one_epoch:209 - test 48 cost time 4.89s, result: {'hit@1': 0.0108, 'ndcg@1': 0.0108, 'hit@5': 0.0412, 'ndcg@5': 0.026, 'hit@10': 0.0708, 'ndcg@10': 0.0356, 'hit@15': 0.095, 'ndcg@15': 0.042, 'hit@20': 0.114, 'ndcg@20': 0.0464, 'hit@40': 0.182, 'ndcg@40': 0.0602} 
2024-10-11 04:28:21.317 | INFO     | trainer_1:_train_one_epoch:193 - epoch 49 6.06s Train loss is [0.3370] 
2024-10-11 04:28:26.243 | INFO     | trainer_1:_train_one_epoch:201 - validate 49 cost time 4.93s, result: {'hit@1': 0.0167, 'ndcg@1': 0.0167, 'hit@5': 0.0585, 'ndcg@5': 0.0376, 'hit@10': 0.0969, 'ndcg@10': 0.0499, 'hit@15': 0.1276, 'ndcg@15': 0.058, 'hit@20': 0.1544, 'ndcg@20': 0.0644, 'hit@40': 0.244, 'ndcg@40': 0.0826} 
2024-10-11 04:28:31.128 | INFO     | trainer_1:_train_one_epoch:209 - test 49 cost time 4.88s, result: {'hit@1': 0.0103, 'ndcg@1': 0.0103, 'hit@5': 0.0406, 'ndcg@5': 0.0254, 'hit@10': 0.0674, 'ndcg@10': 0.0339, 'hit@15': 0.0902, 'ndcg@15': 0.0399, 'hit@20': 0.1114, 'ndcg@20': 0.0449, 'hit@40': 0.1749, 'ndcg@40': 0.0578} 
2024-10-11 04:28:37.113 | INFO     | trainer_1:_train_one_epoch:193 - epoch 50 5.98s Train loss is [0.3383] 
2024-10-11 04:28:42.031 | INFO     | trainer_1:_train_one_epoch:201 - validate 50 cost time 4.92s, result: {'hit@1': 0.0164, 'ndcg@1': 0.0164, 'hit@5': 0.0597, 'ndcg@5': 0.0378, 'hit@10': 0.1006, 'ndcg@10': 0.0509, 'hit@15': 0.1333, 'ndcg@15': 0.0595, 'hit@20': 0.1614, 'ndcg@20': 0.0661, 'hit@40': 0.254, 'ndcg@40': 0.0849} 
2024-10-11 04:28:46.921 | INFO     | trainer_1:_train_one_epoch:209 - test 50 cost time 4.89s, result: {'hit@1': 0.01, 'ndcg@1': 0.01, 'hit@5': 0.0397, 'ndcg@5': 0.0248, 'hit@10': 0.0687, 'ndcg@10': 0.0341, 'hit@15': 0.0916, 'ndcg@15': 0.0401, 'hit@20': 0.1131, 'ndcg@20': 0.0452, 'hit@40': 0.1783, 'ndcg@40': 0.0584} 
2024-10-11 04:28:46.930 | INFO     | trainer_1:train_model:163 - training end, best iteration 45, results: {'hit@1': 0.0167, 'ndcg@1': 0.0167, 'hit@5': 0.0619, 'ndcg@5': 0.0394, 'hit@10': 0.1017, 'ndcg@10': 0.0521, 'hit@15': 0.132, 'ndcg@15': 0.0601, 'hit@20': 0.1614, 'ndcg@20': 0.067, 'hit@40': 0.2504, 'ndcg@40': 0.0851}
2024-10-11 04:28:46.931 | INFO     | trainer_1:train_model:166 - final test result is:  {'hit@1': 0.0105, 'ndcg@1': 0.0105, 'hit@5': 0.042, 'ndcg@5': 0.0261, 'hit@10': 0.0712, 'ndcg@10': 0.0354, 'hit@15': 0.0937, 'ndcg@15': 0.0413, 'hit@20': 0.1145, 'ndcg@20': 0.0462, 'hit@40': 0.1795, 'ndcg@40': 0.0595}
2024-10-11 04:28:47.219 | INFO     | __main__:<module>:119 - train end total cost time: 1821.055631160736
