2024-10-10 20:51:52.037 | INFO     | __main__:<module>:105 - Namespace(TIME='2024-10-10 20_51_09', batch_size=1024, behaviors=['view', 'cart', 'buy'], check_point='model_pre_1_2024-10-08 12_35_44.pth', data_name='beibei', data_path='./data/beibei', decay=0.001, device='cuda:1', dim_qk=32, dim_v=64, distill_layers=2, distill_thres=0.5, distill_topK=20, distill_userK=10, embedding_size=64, epochs=100, gpu_no=1, if_load_model=True, ii_lambda=200, initializer_range=0.02, layers=2, loss_type='bpr', lr=0.001, message_dropout=0.25, metrics=['hit', 'ndcg'], min_epoch=5, model_name='main_1', model_path='./check_point', node_dropout=0.75, omega=1, pt_loop=50, reg_weight=0.001, test_batch_size=1024, testbatch=1024, topk=[1, 5, 10, 15, 20, 40], uu_lambda=100)
2024-10-10 20:51:52.037 | INFO     | __main__:<module>:106 - BIPN(
  (message_dropout): Dropout(p=0.25, inplace=False)
  (user_embedding): Embedding(21717, 64, padding_idx=0)
  (item_embedding): Embedding(7978, 64, padding_idx=0)
  (global_Graph): LightGCN()
  (Graph_encoder): ModuleDict(
    (view): GraphEncoder(
      (light): LightGCN()
      (dropout): Dropout(p=0.75, inplace=False)
    )
    (cart): GraphEncoder(
      (light): LightGCN()
      (dropout): Dropout(p=0.75, inplace=False)
    )
    (buy): GraphEncoder(
      (light): LightGCN()
      (dropout): Dropout(p=0.75, inplace=False)
    )
  )
  (attention): Mutual_Attention()
  (bpr_loss): BPRLoss()
  (emb_loss): EmbLoss()
  (f): Sigmoid()
)
2024-10-10 21:25:19.433 | INFO     | trainer_1:_train_one_epoch:193 - epoch 1 6.67s Train loss is [0.9452] 
2024-10-10 21:25:29.229 | INFO     | trainer_1:_train_one_epoch:201 - validate 1 cost time 9.80s, result: {'hit@1': 0.0045, 'ndcg@1': 0.0045, 'hit@5': 0.023, 'ndcg@5': 0.0139, 'hit@10': 0.045, 'ndcg@10': 0.021, 'hit@15': 0.0631, 'ndcg@15': 0.0257, 'hit@20': 0.0818, 'ndcg@20': 0.0302, 'hit@40': 0.1411, 'ndcg@40': 0.0422} 
2024-10-10 21:25:38.912 | INFO     | trainer_1:_train_one_epoch:209 - test 1 cost time 9.68s, result: {'hit@1': 0.0034, 'ndcg@1': 0.0034, 'hit@5': 0.0149, 'ndcg@5': 0.009, 'hit@10': 0.0296, 'ndcg@10': 0.0137, 'hit@15': 0.0434, 'ndcg@15': 0.0173, 'hit@20': 0.057, 'ndcg@20': 0.0205, 'hit@40': 0.1064, 'ndcg@40': 0.0306} 
2024-10-10 21:26:01.607 | INFO     | trainer_1:_train_one_epoch:193 - epoch 2 11.93s Train loss is [0.7260] 
2024-10-10 21:26:12.635 | INFO     | trainer_1:_train_one_epoch:201 - validate 2 cost time 11.03s, result: {'hit@1': 0.007, 'ndcg@1': 0.007, 'hit@5': 0.0291, 'ndcg@5': 0.0178, 'hit@10': 0.051, 'ndcg@10': 0.0248, 'hit@15': 0.0709, 'ndcg@15': 0.0301, 'hit@20': 0.0909, 'ndcg@20': 0.0348, 'hit@40': 0.1556, 'ndcg@40': 0.048} 
2024-10-10 21:26:22.765 | INFO     | trainer_1:_train_one_epoch:209 - test 2 cost time 10.13s, result: {'hit@1': 0.004, 'ndcg@1': 0.004, 'hit@5': 0.0186, 'ndcg@5': 0.0111, 'hit@10': 0.0353, 'ndcg@10': 0.0164, 'hit@15': 0.0505, 'ndcg@15': 0.0204, 'hit@20': 0.0638, 'ndcg@20': 0.0236, 'hit@40': 0.1153, 'ndcg@40': 0.034} 
2024-10-10 21:26:41.540 | INFO     | trainer_1:_train_one_epoch:193 - epoch 3 7.56s Train loss is [0.6300] 
2024-10-10 21:26:51.340 | INFO     | trainer_1:_train_one_epoch:201 - validate 3 cost time 9.80s, result: {'hit@1': 0.0099, 'ndcg@1': 0.0099, 'hit@5': 0.0333, 'ndcg@5': 0.0214, 'hit@10': 0.0594, 'ndcg@10': 0.0298, 'hit@15': 0.084, 'ndcg@15': 0.0362, 'hit@20': 0.1049, 'ndcg@20': 0.0412, 'hit@40': 0.1762, 'ndcg@40': 0.0557} 
2024-10-10 21:27:01.032 | INFO     | trainer_1:_train_one_epoch:209 - test 3 cost time 9.69s, result: {'hit@1': 0.005, 'ndcg@1': 0.005, 'hit@5': 0.0221, 'ndcg@5': 0.0134, 'hit@10': 0.0404, 'ndcg@10': 0.0193, 'hit@15': 0.0583, 'ndcg@15': 0.024, 'hit@20': 0.0733, 'ndcg@20': 0.0275, 'hit@40': 0.1273, 'ndcg@40': 0.0385} 
2024-10-10 21:27:19.357 | INFO     | trainer_1:_train_one_epoch:193 - epoch 4 7.31s Train loss is [0.5792] 
2024-10-10 21:27:29.150 | INFO     | trainer_1:_train_one_epoch:201 - validate 4 cost time 9.79s, result: {'hit@1': 0.0102, 'ndcg@1': 0.0102, 'hit@5': 0.0376, 'ndcg@5': 0.0236, 'hit@10': 0.0681, 'ndcg@10': 0.0333, 'hit@15': 0.0956, 'ndcg@15': 0.0406, 'hit@20': 0.1185, 'ndcg@20': 0.0459, 'hit@40': 0.1972, 'ndcg@40': 0.062} 
2024-10-10 21:27:38.831 | INFO     | trainer_1:_train_one_epoch:209 - test 4 cost time 9.68s, result: {'hit@1': 0.0058, 'ndcg@1': 0.0058, 'hit@5': 0.0245, 'ndcg@5': 0.0149, 'hit@10': 0.0428, 'ndcg@10': 0.0208, 'hit@15': 0.0635, 'ndcg@15': 0.0262, 'hit@20': 0.0818, 'ndcg@20': 0.0305, 'hit@40': 0.14, 'ndcg@40': 0.0423} 
2024-10-10 21:27:57.201 | INFO     | trainer_1:_train_one_epoch:193 - epoch 5 7.33s Train loss is [0.5451] 
2024-10-10 21:28:06.976 | INFO     | trainer_1:_train_one_epoch:201 - validate 5 cost time 9.77s, result: {'hit@1': 0.012, 'ndcg@1': 0.012, 'hit@5': 0.0432, 'ndcg@5': 0.0273, 'hit@10': 0.0736, 'ndcg@10': 0.0371, 'hit@15': 0.0988, 'ndcg@15': 0.0437, 'hit@20': 0.1217, 'ndcg@20': 0.0491, 'hit@40': 0.1952, 'ndcg@40': 0.0641} 
2024-10-10 21:28:16.635 | INFO     | trainer_1:_train_one_epoch:209 - test 5 cost time 9.66s, result: {'hit@1': 0.0056, 'ndcg@1': 0.0056, 'hit@5': 0.0255, 'ndcg@5': 0.0154, 'hit@10': 0.045, 'ndcg@10': 0.0218, 'hit@15': 0.0638, 'ndcg@15': 0.0267, 'hit@20': 0.0792, 'ndcg@20': 0.0303, 'hit@40': 0.1343, 'ndcg@40': 0.0415} 
2024-10-10 21:28:34.930 | INFO     | trainer_1:_train_one_epoch:193 - epoch 6 7.40s Train loss is [0.5263] 
2024-10-10 21:28:44.710 | INFO     | trainer_1:_train_one_epoch:201 - validate 6 cost time 9.78s, result: {'hit@1': 0.0116, 'ndcg@1': 0.0116, 'hit@5': 0.0432, 'ndcg@5': 0.0273, 'hit@10': 0.074, 'ndcg@10': 0.0371, 'hit@15': 0.1023, 'ndcg@15': 0.0446, 'hit@20': 0.1264, 'ndcg@20': 0.0502, 'hit@40': 0.2078, 'ndcg@40': 0.0668} 
2024-10-10 21:28:54.364 | INFO     | trainer_1:_train_one_epoch:209 - test 6 cost time 9.65s, result: {'hit@1': 0.0063, 'ndcg@1': 0.0063, 'hit@5': 0.0278, 'ndcg@5': 0.0168, 'hit@10': 0.0491, 'ndcg@10': 0.0236, 'hit@15': 0.0678, 'ndcg@15': 0.0285, 'hit@20': 0.0856, 'ndcg@20': 0.0327, 'hit@40': 0.1467, 'ndcg@40': 0.0452} 
2024-10-10 21:29:12.470 | INFO     | trainer_1:_train_one_epoch:193 - epoch 7 7.26s Train loss is [0.5042] 
2024-10-10 21:29:22.249 | INFO     | trainer_1:_train_one_epoch:201 - validate 7 cost time 9.78s, result: {'hit@1': 0.0116, 'ndcg@1': 0.0116, 'hit@5': 0.0447, 'ndcg@5': 0.0281, 'hit@10': 0.0748, 'ndcg@10': 0.0378, 'hit@15': 0.1031, 'ndcg@15': 0.0452, 'hit@20': 0.1265, 'ndcg@20': 0.0508, 'hit@40': 0.2028, 'ndcg@40': 0.0663} 
2024-10-10 21:29:31.907 | INFO     | trainer_1:_train_one_epoch:209 - test 7 cost time 9.66s, result: {'hit@1': 0.0075, 'ndcg@1': 0.0075, 'hit@5': 0.027, 'ndcg@5': 0.0171, 'hit@10': 0.0488, 'ndcg@10': 0.0241, 'hit@15': 0.067, 'ndcg@15': 0.0289, 'hit@20': 0.0839, 'ndcg@20': 0.0329, 'hit@40': 0.1428, 'ndcg@40': 0.0449} 
2024-10-10 21:29:39.342 | INFO     | trainer_1:_train_one_epoch:193 - epoch 8 7.43s Train loss is [0.5071] 
2024-10-10 21:29:49.103 | INFO     | trainer_1:_train_one_epoch:201 - validate 8 cost time 9.76s, result: {'hit@1': 0.0121, 'ndcg@1': 0.0121, 'hit@5': 0.0455, 'ndcg@5': 0.0286, 'hit@10': 0.0755, 'ndcg@10': 0.0382, 'hit@15': 0.1005, 'ndcg@15': 0.0448, 'hit@20': 0.1235, 'ndcg@20': 0.0502, 'hit@40': 0.1979, 'ndcg@40': 0.0654} 
2024-10-10 21:29:58.739 | INFO     | trainer_1:_train_one_epoch:209 - test 8 cost time 9.64s, result: {'hit@1': 0.0078, 'ndcg@1': 0.0078, 'hit@5': 0.0277, 'ndcg@5': 0.0177, 'hit@10': 0.0481, 'ndcg@10': 0.0242, 'hit@15': 0.0657, 'ndcg@15': 0.0288, 'hit@20': 0.0824, 'ndcg@20': 0.0328, 'hit@40': 0.1387, 'ndcg@40': 0.0442} 
2024-10-10 21:30:05.967 | INFO     | trainer_1:_train_one_epoch:193 - epoch 9 7.23s Train loss is [0.4912] 
2024-10-10 21:30:15.697 | INFO     | trainer_1:_train_one_epoch:201 - validate 9 cost time 9.73s, result: {'hit@1': 0.0109, 'ndcg@1': 0.0109, 'hit@5': 0.0463, 'ndcg@5': 0.0286, 'hit@10': 0.0802, 'ndcg@10': 0.0395, 'hit@15': 0.1108, 'ndcg@15': 0.0476, 'hit@20': 0.1384, 'ndcg@20': 0.0541, 'hit@40': 0.223, 'ndcg@40': 0.0712} 
2024-10-10 21:30:25.353 | INFO     | trainer_1:_train_one_epoch:209 - test 9 cost time 9.66s, result: {'hit@1': 0.0073, 'ndcg@1': 0.0073, 'hit@5': 0.0302, 'ndcg@5': 0.0189, 'hit@10': 0.0528, 'ndcg@10': 0.0261, 'hit@15': 0.0721, 'ndcg@15': 0.0312, 'hit@20': 0.0915, 'ndcg@20': 0.0358, 'hit@40': 0.1581, 'ndcg@40': 0.0493} 
2024-10-10 21:30:43.930 | INFO     | trainer_1:_train_one_epoch:193 - epoch 10 7.52s Train loss is [0.4775] 
2024-10-10 21:30:54.151 | INFO     | trainer_1:_train_one_epoch:201 - validate 10 cost time 10.22s, result: {'hit@1': 0.0121, 'ndcg@1': 0.0121, 'hit@5': 0.0453, 'ndcg@5': 0.0286, 'hit@10': 0.0779, 'ndcg@10': 0.0391, 'hit@15': 0.1056, 'ndcg@15': 0.0464, 'hit@20': 0.1286, 'ndcg@20': 0.0519, 'hit@40': 0.2045, 'ndcg@40': 0.0673} 
2024-10-10 21:31:04.229 | INFO     | trainer_1:_train_one_epoch:209 - test 10 cost time 10.08s, result: {'hit@1': 0.0068, 'ndcg@1': 0.0068, 'hit@5': 0.03, 'ndcg@5': 0.0184, 'hit@10': 0.0501, 'ndcg@10': 0.0248, 'hit@15': 0.0683, 'ndcg@15': 0.0296, 'hit@20': 0.0873, 'ndcg@20': 0.0341, 'hit@40': 0.1444, 'ndcg@40': 0.0457} 
2024-10-10 21:31:11.760 | INFO     | trainer_1:_train_one_epoch:193 - epoch 11 7.53s Train loss is [0.4830] 
2024-10-10 21:31:21.968 | INFO     | trainer_1:_train_one_epoch:201 - validate 11 cost time 10.21s, result: {'hit@1': 0.0111, 'ndcg@1': 0.0111, 'hit@5': 0.0451, 'ndcg@5': 0.0279, 'hit@10': 0.0794, 'ndcg@10': 0.0389, 'hit@15': 0.1085, 'ndcg@15': 0.0466, 'hit@20': 0.1332, 'ndcg@20': 0.0524, 'hit@40': 0.2103, 'ndcg@40': 0.0681} 
2024-10-10 21:31:30.520 | INFO     | trainer_1:_train_one_epoch:209 - test 11 cost time 8.55s, result: {'hit@1': 0.0065, 'ndcg@1': 0.0065, 'hit@5': 0.0301, 'ndcg@5': 0.0181, 'hit@10': 0.0527, 'ndcg@10': 0.0253, 'hit@15': 0.0723, 'ndcg@15': 0.0305, 'hit@20': 0.0903, 'ndcg@20': 0.0347, 'hit@40': 0.1501, 'ndcg@40': 0.0469} 
2024-10-10 21:31:37.518 | INFO     | trainer_1:_train_one_epoch:193 - epoch 12 7.00s Train loss is [0.4660] 
2024-10-10 21:31:44.060 | INFO     | trainer_1:_train_one_epoch:201 - validate 12 cost time 6.54s, result: {'hit@1': 0.0111, 'ndcg@1': 0.0111, 'hit@5': 0.0442, 'ndcg@5': 0.0273, 'hit@10': 0.0769, 'ndcg@10': 0.0377, 'hit@15': 0.1051, 'ndcg@15': 0.0451, 'hit@20': 0.1266, 'ndcg@20': 0.0502, 'hit@40': 0.205, 'ndcg@40': 0.0662} 
2024-10-10 21:31:51.601 | INFO     | trainer_1:_train_one_epoch:209 - test 12 cost time 7.54s, result: {'hit@1': 0.0063, 'ndcg@1': 0.0063, 'hit@5': 0.029, 'ndcg@5': 0.0174, 'hit@10': 0.0526, 'ndcg@10': 0.025, 'hit@15': 0.0726, 'ndcg@15': 0.0303, 'hit@20': 0.0894, 'ndcg@20': 0.0342, 'hit@40': 0.1488, 'ndcg@40': 0.0463} 
2024-10-10 21:31:58.249 | INFO     | trainer_1:_train_one_epoch:193 - epoch 13 6.65s Train loss is [0.4452] 
2024-10-10 21:32:06.135 | INFO     | trainer_1:_train_one_epoch:201 - validate 13 cost time 7.88s, result: {'hit@1': 0.0113, 'ndcg@1': 0.0113, 'hit@5': 0.0438, 'ndcg@5': 0.0273, 'hit@10': 0.0807, 'ndcg@10': 0.0391, 'hit@15': 0.1094, 'ndcg@15': 0.0467, 'hit@20': 0.1354, 'ndcg@20': 0.0529, 'hit@40': 0.2202, 'ndcg@40': 0.0701} 
2024-10-10 21:32:11.922 | INFO     | trainer_1:_train_one_epoch:209 - test 13 cost time 5.79s, result: {'hit@1': 0.0063, 'ndcg@1': 0.0063, 'hit@5': 0.0306, 'ndcg@5': 0.0181, 'hit@10': 0.0527, 'ndcg@10': 0.0252, 'hit@15': 0.0727, 'ndcg@15': 0.0305, 'hit@20': 0.0906, 'ndcg@20': 0.0347, 'hit@40': 0.153, 'ndcg@40': 0.0474} 
2024-10-10 21:32:18.314 | INFO     | trainer_1:_train_one_epoch:193 - epoch 14 6.39s Train loss is [0.4457] 
2024-10-10 21:32:24.806 | INFO     | trainer_1:_train_one_epoch:201 - validate 14 cost time 6.49s, result: {'hit@1': 0.0118, 'ndcg@1': 0.0118, 'hit@5': 0.0438, 'ndcg@5': 0.0278, 'hit@10': 0.0791, 'ndcg@10': 0.0391, 'hit@15': 0.1077, 'ndcg@15': 0.0467, 'hit@20': 0.1315, 'ndcg@20': 0.0523, 'hit@40': 0.2121, 'ndcg@40': 0.0687} 
2024-10-10 21:32:32.842 | INFO     | trainer_1:_train_one_epoch:209 - test 14 cost time 8.04s, result: {'hit@1': 0.0077, 'ndcg@1': 0.0077, 'hit@5': 0.0301, 'ndcg@5': 0.0187, 'hit@10': 0.053, 'ndcg@10': 0.0261, 'hit@15': 0.073, 'ndcg@15': 0.0313, 'hit@20': 0.09, 'ndcg@20': 0.0354, 'hit@40': 0.1508, 'ndcg@40': 0.0477} 
2024-10-10 21:32:50.967 | INFO     | trainer_1:_train_one_epoch:193 - epoch 15 6.48s Train loss is [0.4342] 
2024-10-10 21:32:55.864 | INFO     | trainer_1:_train_one_epoch:201 - validate 15 cost time 4.90s, result: {'hit@1': 0.0108, 'ndcg@1': 0.0108, 'hit@5': 0.0442, 'ndcg@5': 0.0273, 'hit@10': 0.0747, 'ndcg@10': 0.0371, 'hit@15': 0.1015, 'ndcg@15': 0.0442, 'hit@20': 0.1295, 'ndcg@20': 0.0508, 'hit@40': 0.2103, 'ndcg@40': 0.0673} 
2024-10-10 21:33:01.862 | INFO     | trainer_1:_train_one_epoch:209 - test 15 cost time 6.00s, result: {'hit@1': 0.0078, 'ndcg@1': 0.0078, 'hit@5': 0.0305, 'ndcg@5': 0.0189, 'hit@10': 0.053, 'ndcg@10': 0.0262, 'hit@15': 0.0734, 'ndcg@15': 0.0316, 'hit@20': 0.0894, 'ndcg@20': 0.0353, 'hit@40': 0.1481, 'ndcg@40': 0.0473} 
2024-10-10 21:33:08.527 | INFO     | trainer_1:_train_one_epoch:193 - epoch 16 6.66s Train loss is [0.4398] 
2024-10-10 21:33:17.447 | INFO     | trainer_1:_train_one_epoch:201 - validate 16 cost time 8.92s, result: {'hit@1': 0.0118, 'ndcg@1': 0.0118, 'hit@5': 0.0464, 'ndcg@5': 0.029, 'hit@10': 0.0787, 'ndcg@10': 0.0394, 'hit@15': 0.1068, 'ndcg@15': 0.0468, 'hit@20': 0.1319, 'ndcg@20': 0.0527, 'hit@40': 0.2104, 'ndcg@40': 0.0686} 
2024-10-10 21:33:26.171 | INFO     | trainer_1:_train_one_epoch:209 - test 16 cost time 8.72s, result: {'hit@1': 0.0076, 'ndcg@1': 0.0076, 'hit@5': 0.0323, 'ndcg@5': 0.0198, 'hit@10': 0.0548, 'ndcg@10': 0.027, 'hit@15': 0.0761, 'ndcg@15': 0.0326, 'hit@20': 0.0924, 'ndcg@20': 0.0364, 'hit@40': 0.1504, 'ndcg@40': 0.0482} 
2024-10-10 21:33:43.889 | INFO     | trainer_1:_train_one_epoch:193 - epoch 17 6.58s Train loss is [0.4324] 
2024-10-10 21:33:50.246 | INFO     | trainer_1:_train_one_epoch:201 - validate 17 cost time 6.36s, result: {'hit@1': 0.0117, 'ndcg@1': 0.0117, 'hit@5': 0.0458, 'ndcg@5': 0.0286, 'hit@10': 0.0787, 'ndcg@10': 0.039, 'hit@15': 0.1066, 'ndcg@15': 0.0464, 'hit@20': 0.1314, 'ndcg@20': 0.0522, 'hit@40': 0.2122, 'ndcg@40': 0.0687} 
2024-10-10 21:33:57.734 | INFO     | trainer_1:_train_one_epoch:209 - test 17 cost time 7.49s, result: {'hit@1': 0.0079, 'ndcg@1': 0.0079, 'hit@5': 0.0304, 'ndcg@5': 0.0192, 'hit@10': 0.0536, 'ndcg@10': 0.0266, 'hit@15': 0.0728, 'ndcg@15': 0.0317, 'hit@20': 0.0899, 'ndcg@20': 0.0358, 'hit@40': 0.1542, 'ndcg@40': 0.0488} 
2024-10-10 21:34:04.308 | INFO     | trainer_1:_train_one_epoch:193 - epoch 18 6.57s Train loss is [0.4125] 
2024-10-10 21:34:12.227 | INFO     | trainer_1:_train_one_epoch:201 - validate 18 cost time 7.92s, result: {'hit@1': 0.0129, 'ndcg@1': 0.0129, 'hit@5': 0.0487, 'ndcg@5': 0.0307, 'hit@10': 0.0832, 'ndcg@10': 0.0418, 'hit@15': 0.1104, 'ndcg@15': 0.049, 'hit@20': 0.1341, 'ndcg@20': 0.0546, 'hit@40': 0.2145, 'ndcg@40': 0.071} 
2024-10-10 21:34:18.188 | INFO     | trainer_1:_train_one_epoch:209 - test 18 cost time 5.96s, result: {'hit@1': 0.0082, 'ndcg@1': 0.0082, 'hit@5': 0.0322, 'ndcg@5': 0.0203, 'hit@10': 0.0562, 'ndcg@10': 0.028, 'hit@15': 0.0752, 'ndcg@15': 0.033, 'hit@20': 0.0933, 'ndcg@20': 0.0372, 'hit@40': 0.1529, 'ndcg@40': 0.0494} 
2024-10-10 21:34:36.223 | INFO     | trainer_1:_train_one_epoch:193 - epoch 19 6.64s Train loss is [0.4150] 
2024-10-10 21:34:44.042 | INFO     | trainer_1:_train_one_epoch:201 - validate 19 cost time 7.82s, result: {'hit@1': 0.0129, 'ndcg@1': 0.0129, 'hit@5': 0.0505, 'ndcg@5': 0.0316, 'hit@10': 0.0862, 'ndcg@10': 0.043, 'hit@15': 0.1164, 'ndcg@15': 0.051, 'hit@20': 0.1419, 'ndcg@20': 0.057, 'hit@40': 0.2236, 'ndcg@40': 0.0736} 
2024-10-10 21:34:51.813 | INFO     | trainer_1:_train_one_epoch:209 - test 19 cost time 7.77s, result: {'hit@1': 0.0079, 'ndcg@1': 0.0079, 'hit@5': 0.0343, 'ndcg@5': 0.021, 'hit@10': 0.0575, 'ndcg@10': 0.0284, 'hit@15': 0.0787, 'ndcg@15': 0.034, 'hit@20': 0.0962, 'ndcg@20': 0.0381, 'hit@40': 0.1581, 'ndcg@40': 0.0507} 
2024-10-10 21:35:10.640 | INFO     | trainer_1:_train_one_epoch:193 - epoch 20 7.56s Train loss is [0.4034] 
2024-10-10 21:35:17.762 | INFO     | trainer_1:_train_one_epoch:201 - validate 20 cost time 7.12s, result: {'hit@1': 0.0134, 'ndcg@1': 0.0134, 'hit@5': 0.0505, 'ndcg@5': 0.0318, 'hit@10': 0.0853, 'ndcg@10': 0.043, 'hit@15': 0.1093, 'ndcg@15': 0.0493, 'hit@20': 0.1339, 'ndcg@20': 0.0551, 'hit@40': 0.2164, 'ndcg@40': 0.072} 
2024-10-10 21:35:25.509 | INFO     | trainer_1:_train_one_epoch:209 - test 20 cost time 7.75s, result: {'hit@1': 0.0087, 'ndcg@1': 0.0087, 'hit@5': 0.0331, 'ndcg@5': 0.0208, 'hit@10': 0.0562, 'ndcg@10': 0.0282, 'hit@15': 0.0752, 'ndcg@15': 0.0332, 'hit@20': 0.0938, 'ndcg@20': 0.0376, 'hit@40': 0.1523, 'ndcg@40': 0.0495} 
2024-10-10 21:35:32.827 | INFO     | trainer_1:_train_one_epoch:193 - epoch 21 7.32s Train loss is [0.3957] 
2024-10-10 21:35:39.394 | INFO     | trainer_1:_train_one_epoch:201 - validate 21 cost time 6.57s, result: {'hit@1': 0.014, 'ndcg@1': 0.014, 'hit@5': 0.0505, 'ndcg@5': 0.0322, 'hit@10': 0.0855, 'ndcg@10': 0.0434, 'hit@15': 0.1142, 'ndcg@15': 0.051, 'hit@20': 0.1394, 'ndcg@20': 0.0569, 'hit@40': 0.2207, 'ndcg@40': 0.0735} 
2024-10-10 21:35:44.247 | INFO     | trainer_1:_train_one_epoch:209 - test 21 cost time 4.85s, result: {'hit@1': 0.0097, 'ndcg@1': 0.0097, 'hit@5': 0.0332, 'ndcg@5': 0.0214, 'hit@10': 0.0567, 'ndcg@10': 0.029, 'hit@15': 0.0765, 'ndcg@15': 0.0343, 'hit@20': 0.0954, 'ndcg@20': 0.0387, 'hit@40': 0.1552, 'ndcg@40': 0.0509} 
2024-10-10 21:35:54.133 | INFO     | trainer_1:_train_one_epoch:193 - epoch 22 9.89s Train loss is [0.4010] 
2024-10-10 21:36:01.319 | INFO     | trainer_1:_train_one_epoch:201 - validate 22 cost time 7.19s, result: {'hit@1': 0.0139, 'ndcg@1': 0.0139, 'hit@5': 0.0528, 'ndcg@5': 0.0333, 'hit@10': 0.0904, 'ndcg@10': 0.0453, 'hit@15': 0.1195, 'ndcg@15': 0.053, 'hit@20': 0.1451, 'ndcg@20': 0.059, 'hit@40': 0.2312, 'ndcg@40': 0.0766} 
2024-10-10 21:36:10.173 | INFO     | trainer_1:_train_one_epoch:209 - test 22 cost time 8.85s, result: {'hit@1': 0.0094, 'ndcg@1': 0.0094, 'hit@5': 0.0361, 'ndcg@5': 0.0227, 'hit@10': 0.0602, 'ndcg@10': 0.0304, 'hit@15': 0.0819, 'ndcg@15': 0.0361, 'hit@20': 0.0988, 'ndcg@20': 0.0401, 'hit@40': 0.1636, 'ndcg@40': 0.0533} 
2024-10-10 21:36:28.451 | INFO     | trainer_1:_train_one_epoch:193 - epoch 23 7.01s Train loss is [0.3872] 
2024-10-10 21:36:34.255 | INFO     | trainer_1:_train_one_epoch:201 - validate 23 cost time 5.80s, result: {'hit@1': 0.0127, 'ndcg@1': 0.0127, 'hit@5': 0.0476, 'ndcg@5': 0.03, 'hit@10': 0.0831, 'ndcg@10': 0.0413, 'hit@15': 0.1111, 'ndcg@15': 0.0487, 'hit@20': 0.1363, 'ndcg@20': 0.0547, 'hit@40': 0.2189, 'ndcg@40': 0.0715} 
2024-10-10 21:36:40.656 | INFO     | trainer_1:_train_one_epoch:209 - test 23 cost time 6.40s, result: {'hit@1': 0.0088, 'ndcg@1': 0.0088, 'hit@5': 0.0315, 'ndcg@5': 0.0202, 'hit@10': 0.0542, 'ndcg@10': 0.0274, 'hit@15': 0.0747, 'ndcg@15': 0.0329, 'hit@20': 0.0924, 'ndcg@20': 0.037, 'hit@40': 0.1574, 'ndcg@40': 0.0502} 
2024-10-10 21:36:47.811 | INFO     | trainer_1:_train_one_epoch:193 - epoch 24 7.15s Train loss is [0.3829] 
2024-10-10 21:36:55.620 | INFO     | trainer_1:_train_one_epoch:201 - validate 24 cost time 7.81s, result: {'hit@1': 0.0143, 'ndcg@1': 0.0143, 'hit@5': 0.0502, 'ndcg@5': 0.0323, 'hit@10': 0.0837, 'ndcg@10': 0.043, 'hit@15': 0.1105, 'ndcg@15': 0.0501, 'hit@20': 0.1365, 'ndcg@20': 0.0562, 'hit@40': 0.2169, 'ndcg@40': 0.0726} 
2024-10-10 21:37:03.424 | INFO     | trainer_1:_train_one_epoch:209 - test 24 cost time 7.80s, result: {'hit@1': 0.0088, 'ndcg@1': 0.0088, 'hit@5': 0.0336, 'ndcg@5': 0.0214, 'hit@10': 0.0557, 'ndcg@10': 0.0284, 'hit@15': 0.0757, 'ndcg@15': 0.0337, 'hit@20': 0.0927, 'ndcg@20': 0.0377, 'hit@40': 0.1554, 'ndcg@40': 0.0505} 
2024-10-10 21:37:10.687 | INFO     | trainer_1:_train_one_epoch:193 - epoch 25 7.26s Train loss is [0.3804] 
2024-10-10 21:37:17.998 | INFO     | trainer_1:_train_one_epoch:201 - validate 25 cost time 7.31s, result: {'hit@1': 0.0137, 'ndcg@1': 0.0137, 'hit@5': 0.0556, 'ndcg@5': 0.0347, 'hit@10': 0.0921, 'ndcg@10': 0.0464, 'hit@15': 0.124, 'ndcg@15': 0.0548, 'hit@20': 0.1499, 'ndcg@20': 0.0609, 'hit@40': 0.2385, 'ndcg@40': 0.0789} 
2024-10-10 21:37:25.670 | INFO     | trainer_1:_train_one_epoch:209 - test 25 cost time 7.67s, result: {'hit@1': 0.0104, 'ndcg@1': 0.0104, 'hit@5': 0.0352, 'ndcg@5': 0.0228, 'hit@10': 0.06, 'ndcg@10': 0.0307, 'hit@15': 0.0823, 'ndcg@15': 0.0366, 'hit@20': 0.1007, 'ndcg@20': 0.0409, 'hit@40': 0.1658, 'ndcg@40': 0.0541} 
2024-10-10 21:37:32.769 | INFO     | trainer_1:_train_one_epoch:193 - epoch 26 7.10s Train loss is [0.3868] 
2024-10-10 21:37:39.796 | INFO     | trainer_1:_train_one_epoch:201 - validate 26 cost time 7.03s, result: {'hit@1': 0.0149, 'ndcg@1': 0.0149, 'hit@5': 0.0558, 'ndcg@5': 0.0355, 'hit@10': 0.0922, 'ndcg@10': 0.0472, 'hit@15': 0.1213, 'ndcg@15': 0.0549, 'hit@20': 0.1493, 'ndcg@20': 0.0615, 'hit@40': 0.2358, 'ndcg@40': 0.0791} 
2024-10-10 21:37:46.213 | INFO     | trainer_1:_train_one_epoch:209 - test 26 cost time 6.42s, result: {'hit@1': 0.0109, 'ndcg@1': 0.0109, 'hit@5': 0.0367, 'ndcg@5': 0.0237, 'hit@10': 0.0609, 'ndcg@10': 0.0315, 'hit@15': 0.0822, 'ndcg@15': 0.0371, 'hit@20': 0.1004, 'ndcg@20': 0.0414, 'hit@40': 0.1642, 'ndcg@40': 0.0543} 
2024-10-10 21:38:04.387 | INFO     | trainer_1:_train_one_epoch:193 - epoch 27 7.11s Train loss is [0.3701] 
2024-10-10 21:38:10.287 | INFO     | trainer_1:_train_one_epoch:201 - validate 27 cost time 5.90s, result: {'hit@1': 0.0152, 'ndcg@1': 0.0152, 'hit@5': 0.0532, 'ndcg@5': 0.0344, 'hit@10': 0.0878, 'ndcg@10': 0.0455, 'hit@15': 0.1166, 'ndcg@15': 0.0531, 'hit@20': 0.1429, 'ndcg@20': 0.0593, 'hit@40': 0.2271, 'ndcg@40': 0.0764} 
2024-10-10 21:38:15.169 | INFO     | trainer_1:_train_one_epoch:209 - test 27 cost time 4.88s, result: {'hit@1': 0.0099, 'ndcg@1': 0.0099, 'hit@5': 0.0348, 'ndcg@5': 0.0226, 'hit@10': 0.0595, 'ndcg@10': 0.0305, 'hit@15': 0.0798, 'ndcg@15': 0.0358, 'hit@20': 0.0975, 'ndcg@20': 0.04, 'hit@40': 0.1571, 'ndcg@40': 0.0521} 
2024-10-10 21:38:22.134 | INFO     | trainer_1:_train_one_epoch:193 - epoch 28 6.96s Train loss is [0.3740] 
2024-10-10 21:38:30.083 | INFO     | trainer_1:_train_one_epoch:201 - validate 28 cost time 7.95s, result: {'hit@1': 0.0143, 'ndcg@1': 0.0143, 'hit@5': 0.0564, 'ndcg@5': 0.0354, 'hit@10': 0.0915, 'ndcg@10': 0.0467, 'hit@15': 0.1228, 'ndcg@15': 0.0549, 'hit@20': 0.1481, 'ndcg@20': 0.0609, 'hit@40': 0.2315, 'ndcg@40': 0.0779} 
2024-10-10 21:38:38.918 | INFO     | trainer_1:_train_one_epoch:209 - test 28 cost time 8.83s, result: {'hit@1': 0.0106, 'ndcg@1': 0.0106, 'hit@5': 0.0364, 'ndcg@5': 0.0236, 'hit@10': 0.0617, 'ndcg@10': 0.0317, 'hit@15': 0.0838, 'ndcg@15': 0.0375, 'hit@20': 0.1012, 'ndcg@20': 0.0417, 'hit@40': 0.1638, 'ndcg@40': 0.0544} 
2024-10-10 21:38:58.243 | INFO     | trainer_1:_train_one_epoch:193 - epoch 29 7.12s Train loss is [0.3768] 
2024-10-10 21:39:06.866 | INFO     | trainer_1:_train_one_epoch:201 - validate 29 cost time 8.62s, result: {'hit@1': 0.0157, 'ndcg@1': 0.0157, 'hit@5': 0.0555, 'ndcg@5': 0.0354, 'hit@10': 0.0916, 'ndcg@10': 0.047, 'hit@15': 0.123, 'ndcg@15': 0.0553, 'hit@20': 0.1513, 'ndcg@20': 0.0619, 'hit@40': 0.2398, 'ndcg@40': 0.0799} 
2024-10-10 21:39:15.709 | INFO     | trainer_1:_train_one_epoch:209 - test 29 cost time 8.84s, result: {'hit@1': 0.0112, 'ndcg@1': 0.0112, 'hit@5': 0.0375, 'ndcg@5': 0.0244, 'hit@10': 0.0624, 'ndcg@10': 0.0324, 'hit@15': 0.0842, 'ndcg@15': 0.0382, 'hit@20': 0.104, 'ndcg@20': 0.0428, 'hit@40': 0.1708, 'ndcg@40': 0.0564} 
2024-10-10 21:39:33.768 | INFO     | trainer_1:_train_one_epoch:193 - epoch 30 6.89s Train loss is [0.3751] 
2024-10-10 21:39:41.487 | INFO     | trainer_1:_train_one_epoch:201 - validate 30 cost time 7.72s, result: {'hit@1': 0.0156, 'ndcg@1': 0.0156, 'hit@5': 0.0568, 'ndcg@5': 0.0363, 'hit@10': 0.0938, 'ndcg@10': 0.0481, 'hit@15': 0.1243, 'ndcg@15': 0.0562, 'hit@20': 0.151, 'ndcg@20': 0.0625, 'hit@40': 0.2387, 'ndcg@40': 0.0803} 
2024-10-10 21:39:49.066 | INFO     | trainer_1:_train_one_epoch:209 - test 30 cost time 7.58s, result: {'hit@1': 0.0106, 'ndcg@1': 0.0106, 'hit@5': 0.0377, 'ndcg@5': 0.024, 'hit@10': 0.0624, 'ndcg@10': 0.0318, 'hit@15': 0.0826, 'ndcg@15': 0.0372, 'hit@20': 0.1028, 'ndcg@20': 0.0419, 'hit@40': 0.1649, 'ndcg@40': 0.0546} 
2024-10-10 21:39:55.636 | INFO     | trainer_1:_train_one_epoch:193 - epoch 31 6.57s Train loss is [0.3745] 
2024-10-10 21:40:01.065 | INFO     | trainer_1:_train_one_epoch:201 - validate 31 cost time 5.43s, result: {'hit@1': 0.0161, 'ndcg@1': 0.0161, 'hit@5': 0.0573, 'ndcg@5': 0.0367, 'hit@10': 0.0942, 'ndcg@10': 0.0485, 'hit@15': 0.1241, 'ndcg@15': 0.0564, 'hit@20': 0.1516, 'ndcg@20': 0.0629, 'hit@40': 0.2359, 'ndcg@40': 0.08} 
2024-10-10 21:40:06.955 | INFO     | trainer_1:_train_one_epoch:209 - test 31 cost time 5.89s, result: {'hit@1': 0.0109, 'ndcg@1': 0.0109, 'hit@5': 0.0386, 'ndcg@5': 0.0246, 'hit@10': 0.0647, 'ndcg@10': 0.033, 'hit@15': 0.0863, 'ndcg@15': 0.0387, 'hit@20': 0.1057, 'ndcg@20': 0.0433, 'hit@40': 0.1695, 'ndcg@40': 0.0563} 
2024-10-10 21:40:26.451 | INFO     | trainer_1:_train_one_epoch:193 - epoch 32 7.67s Train loss is [0.3668] 
2024-10-10 21:40:34.593 | INFO     | trainer_1:_train_one_epoch:201 - validate 32 cost time 8.14s, result: {'hit@1': 0.0157, 'ndcg@1': 0.0157, 'hit@5': 0.0552, 'ndcg@5': 0.0354, 'hit@10': 0.0948, 'ndcg@10': 0.048, 'hit@15': 0.1266, 'ndcg@15': 0.0564, 'hit@20': 0.1544, 'ndcg@20': 0.063, 'hit@40': 0.2436, 'ndcg@40': 0.0811} 
2024-10-10 21:40:41.017 | INFO     | trainer_1:_train_one_epoch:209 - test 32 cost time 6.42s, result: {'hit@1': 0.0104, 'ndcg@1': 0.0104, 'hit@5': 0.0388, 'ndcg@5': 0.0245, 'hit@10': 0.0649, 'ndcg@10': 0.0329, 'hit@15': 0.0862, 'ndcg@15': 0.0385, 'hit@20': 0.1068, 'ndcg@20': 0.0434, 'hit@40': 0.1735, 'ndcg@40': 0.0569} 
2024-10-10 21:41:00.463 | INFO     | trainer_1:_train_one_epoch:193 - epoch 33 7.41s Train loss is [0.3490] 
2024-10-10 21:41:06.942 | INFO     | trainer_1:_train_one_epoch:201 - validate 33 cost time 6.48s, result: {'hit@1': 0.0149, 'ndcg@1': 0.0149, 'hit@5': 0.0561, 'ndcg@5': 0.0358, 'hit@10': 0.0942, 'ndcg@10': 0.048, 'hit@15': 0.1266, 'ndcg@15': 0.0566, 'hit@20': 0.1546, 'ndcg@20': 0.0632, 'hit@40': 0.2488, 'ndcg@40': 0.0824} 
2024-10-10 21:41:12.087 | INFO     | trainer_1:_train_one_epoch:209 - test 33 cost time 5.14s, result: {'hit@1': 0.0111, 'ndcg@1': 0.0111, 'hit@5': 0.0403, 'ndcg@5': 0.0256, 'hit@10': 0.0651, 'ndcg@10': 0.0336, 'hit@15': 0.087, 'ndcg@15': 0.0394, 'hit@20': 0.1072, 'ndcg@20': 0.0442, 'hit@40': 0.1738, 'ndcg@40': 0.0577} 
2024-10-10 21:41:33.314 | INFO     | trainer_1:_train_one_epoch:193 - epoch 34 7.71s Train loss is [0.3600] 
2024-10-10 21:41:41.255 | INFO     | trainer_1:_train_one_epoch:201 - validate 34 cost time 7.94s, result: {'hit@1': 0.0153, 'ndcg@1': 0.0153, 'hit@5': 0.0559, 'ndcg@5': 0.0354, 'hit@10': 0.0899, 'ndcg@10': 0.0463, 'hit@15': 0.12, 'ndcg@15': 0.0542, 'hit@20': 0.1471, 'ndcg@20': 0.0606, 'hit@40': 0.2345, 'ndcg@40': 0.0784} 
2024-10-10 21:41:47.711 | INFO     | trainer_1:_train_one_epoch:209 - test 34 cost time 6.45s, result: {'hit@1': 0.0116, 'ndcg@1': 0.0116, 'hit@5': 0.0399, 'ndcg@5': 0.0257, 'hit@10': 0.0659, 'ndcg@10': 0.0341, 'hit@15': 0.0872, 'ndcg@15': 0.0397, 'hit@20': 0.1065, 'ndcg@20': 0.0443, 'hit@40': 0.1705, 'ndcg@40': 0.0573} 
2024-10-10 21:42:06.442 | INFO     | trainer_1:_train_one_epoch:193 - epoch 35 6.70s Train loss is [0.3548] 
2024-10-10 21:42:13.297 | INFO     | trainer_1:_train_one_epoch:201 - validate 35 cost time 6.85s, result: {'hit@1': 0.015, 'ndcg@1': 0.015, 'hit@5': 0.055, 'ndcg@5': 0.0351, 'hit@10': 0.0903, 'ndcg@10': 0.0464, 'hit@15': 0.1218, 'ndcg@15': 0.0547, 'hit@20': 0.1484, 'ndcg@20': 0.061, 'hit@40': 0.2364, 'ndcg@40': 0.0789} 
2024-10-10 21:42:20.481 | INFO     | trainer_1:_train_one_epoch:209 - test 35 cost time 7.18s, result: {'hit@1': 0.0112, 'ndcg@1': 0.0112, 'hit@5': 0.0377, 'ndcg@5': 0.0244, 'hit@10': 0.0624, 'ndcg@10': 0.0323, 'hit@15': 0.0835, 'ndcg@15': 0.0379, 'hit@20': 0.1042, 'ndcg@20': 0.0428, 'hit@40': 0.1694, 'ndcg@40': 0.056} 
2024-10-10 21:42:30.602 | INFO     | trainer_1:_train_one_epoch:193 - epoch 36 10.12s Train loss is [0.3574] 
2024-10-10 21:42:39.297 | INFO     | trainer_1:_train_one_epoch:201 - validate 36 cost time 8.69s, result: {'hit@1': 0.0152, 'ndcg@1': 0.0152, 'hit@5': 0.0559, 'ndcg@5': 0.0354, 'hit@10': 0.0923, 'ndcg@10': 0.0471, 'hit@15': 0.1238, 'ndcg@15': 0.0554, 'hit@20': 0.1521, 'ndcg@20': 0.0621, 'hit@40': 0.2418, 'ndcg@40': 0.0803} 
2024-10-10 21:42:45.964 | INFO     | trainer_1:_train_one_epoch:209 - test 36 cost time 6.67s, result: {'hit@1': 0.0107, 'ndcg@1': 0.0107, 'hit@5': 0.0375, 'ndcg@5': 0.024, 'hit@10': 0.0628, 'ndcg@10': 0.0321, 'hit@15': 0.0853, 'ndcg@15': 0.038, 'hit@20': 0.1047, 'ndcg@20': 0.0426, 'hit@40': 0.1705, 'ndcg@40': 0.056} 
2024-10-10 21:42:54.106 | INFO     | trainer_1:_train_one_epoch:193 - epoch 37 8.14s Train loss is [0.3624] 
2024-10-10 21:43:03.210 | INFO     | trainer_1:_train_one_epoch:201 - validate 37 cost time 9.10s, result: {'hit@1': 0.0158, 'ndcg@1': 0.0158, 'hit@5': 0.0586, 'ndcg@5': 0.0371, 'hit@10': 0.0973, 'ndcg@10': 0.0495, 'hit@15': 0.1301, 'ndcg@15': 0.0581, 'hit@20': 0.159, 'ndcg@20': 0.0649, 'hit@40': 0.2479, 'ndcg@40': 0.083} 
2024-10-10 21:43:11.982 | INFO     | trainer_1:_train_one_epoch:209 - test 37 cost time 8.77s, result: {'hit@1': 0.0114, 'ndcg@1': 0.0114, 'hit@5': 0.0403, 'ndcg@5': 0.0258, 'hit@10': 0.0656, 'ndcg@10': 0.0339, 'hit@15': 0.089, 'ndcg@15': 0.0401, 'hit@20': 0.1096, 'ndcg@20': 0.045, 'hit@40': 0.1794, 'ndcg@40': 0.0591} 
2024-10-10 21:43:18.964 | INFO     | trainer_1:_train_one_epoch:193 - epoch 38 6.98s Train loss is [0.3417] 
2024-10-10 21:43:26.588 | INFO     | trainer_1:_train_one_epoch:201 - validate 38 cost time 7.62s, result: {'hit@1': 0.0165, 'ndcg@1': 0.0165, 'hit@5': 0.0568, 'ndcg@5': 0.0367, 'hit@10': 0.0935, 'ndcg@10': 0.0484, 'hit@15': 0.1258, 'ndcg@15': 0.057, 'hit@20': 0.1535, 'ndcg@20': 0.0635, 'hit@40': 0.2425, 'ndcg@40': 0.0816} 
2024-10-10 21:43:34.878 | INFO     | trainer_1:_train_one_epoch:209 - test 38 cost time 8.29s, result: {'hit@1': 0.0114, 'ndcg@1': 0.0114, 'hit@5': 0.0389, 'ndcg@5': 0.0251, 'hit@10': 0.0639, 'ndcg@10': 0.0332, 'hit@15': 0.0866, 'ndcg@15': 0.0392, 'hit@20': 0.1066, 'ndcg@20': 0.0439, 'hit@40': 0.1717, 'ndcg@40': 0.0571} 
2024-10-10 21:43:42.179 | INFO     | trainer_1:_train_one_epoch:193 - epoch 39 7.30s Train loss is [0.3442] 
2024-10-10 21:43:51.707 | INFO     | trainer_1:_train_one_epoch:201 - validate 39 cost time 9.53s, result: {'hit@1': 0.0154, 'ndcg@1': 0.0154, 'hit@5': 0.0579, 'ndcg@5': 0.0366, 'hit@10': 0.0977, 'ndcg@10': 0.0494, 'hit@15': 0.1284, 'ndcg@15': 0.0575, 'hit@20': 0.1544, 'ndcg@20': 0.0636, 'hit@40': 0.246, 'ndcg@40': 0.0823} 
2024-10-10 21:43:57.954 | INFO     | trainer_1:_train_one_epoch:209 - test 39 cost time 6.25s, result: {'hit@1': 0.0113, 'ndcg@1': 0.0113, 'hit@5': 0.0398, 'ndcg@5': 0.0254, 'hit@10': 0.0668, 'ndcg@10': 0.0341, 'hit@15': 0.0906, 'ndcg@15': 0.0404, 'hit@20': 0.1115, 'ndcg@20': 0.0453, 'hit@40': 0.1786, 'ndcg@40': 0.059} 
2024-10-10 21:44:22.407 | INFO     | trainer_1:_train_one_epoch:193 - epoch 40 11.54s Train loss is [0.3444] 
2024-10-10 21:44:30.832 | INFO     | trainer_1:_train_one_epoch:201 - validate 40 cost time 8.42s, result: {'hit@1': 0.0158, 'ndcg@1': 0.0158, 'hit@5': 0.0585, 'ndcg@5': 0.0373, 'hit@10': 0.0952, 'ndcg@10': 0.0491, 'hit@15': 0.1274, 'ndcg@15': 0.0576, 'hit@20': 0.1556, 'ndcg@20': 0.0642, 'hit@40': 0.2448, 'ndcg@40': 0.0824} 
2024-10-10 21:44:35.968 | INFO     | trainer_1:_train_one_epoch:209 - test 40 cost time 5.14s, result: {'hit@1': 0.0113, 'ndcg@1': 0.0113, 'hit@5': 0.0382, 'ndcg@5': 0.0248, 'hit@10': 0.0658, 'ndcg@10': 0.0336, 'hit@15': 0.0887, 'ndcg@15': 0.0397, 'hit@20': 0.1081, 'ndcg@20': 0.0442, 'hit@40': 0.1752, 'ndcg@40': 0.0579} 
2024-10-10 21:44:45.081 | INFO     | trainer_1:_train_one_epoch:193 - epoch 41 9.11s Train loss is [0.3487] 
2024-10-10 21:44:52.139 | INFO     | trainer_1:_train_one_epoch:201 - validate 41 cost time 7.06s, result: {'hit@1': 0.0162, 'ndcg@1': 0.0162, 'hit@5': 0.0586, 'ndcg@5': 0.0375, 'hit@10': 0.0967, 'ndcg@10': 0.0497, 'hit@15': 0.127, 'ndcg@15': 0.0577, 'hit@20': 0.1542, 'ndcg@20': 0.0641, 'hit@40': 0.2447, 'ndcg@40': 0.0825} 
2024-10-10 21:45:00.158 | INFO     | trainer_1:_train_one_epoch:209 - test 41 cost time 8.02s, result: {'hit@1': 0.0109, 'ndcg@1': 0.0109, 'hit@5': 0.0398, 'ndcg@5': 0.0253, 'hit@10': 0.0658, 'ndcg@10': 0.0336, 'hit@15': 0.0882, 'ndcg@15': 0.0396, 'hit@20': 0.1084, 'ndcg@20': 0.0443, 'hit@40': 0.1758, 'ndcg@40': 0.058} 
2024-10-10 21:45:08.950 | INFO     | trainer_1:_train_one_epoch:193 - epoch 42 8.79s Train loss is [0.3389] 
2024-10-10 21:45:16.070 | INFO     | trainer_1:_train_one_epoch:201 - validate 42 cost time 7.12s, result: {'hit@1': 0.0173, 'ndcg@1': 0.0173, 'hit@5': 0.0639, 'ndcg@5': 0.0403, 'hit@10': 0.1032, 'ndcg@10': 0.0529, 'hit@15': 0.135, 'ndcg@15': 0.0613, 'hit@20': 0.1642, 'ndcg@20': 0.0682, 'hit@40': 0.2556, 'ndcg@40': 0.0868} 
2024-10-10 21:45:22.680 | INFO     | trainer_1:_train_one_epoch:209 - test 42 cost time 6.61s, result: {'hit@1': 0.0107, 'ndcg@1': 0.0107, 'hit@5': 0.0411, 'ndcg@5': 0.026, 'hit@10': 0.0681, 'ndcg@10': 0.0346, 'hit@15': 0.0912, 'ndcg@15': 0.0407, 'hit@20': 0.1124, 'ndcg@20': 0.0457, 'hit@40': 0.1816, 'ndcg@40': 0.0598} 
2024-10-10 21:45:43.092 | INFO     | trainer_1:_train_one_epoch:193 - epoch 43 8.78s Train loss is [0.3387] 
2024-10-10 21:45:50.184 | INFO     | trainer_1:_train_one_epoch:201 - validate 43 cost time 7.09s, result: {'hit@1': 0.0164, 'ndcg@1': 0.0164, 'hit@5': 0.0583, 'ndcg@5': 0.0376, 'hit@10': 0.0994, 'ndcg@10': 0.0507, 'hit@15': 0.1307, 'ndcg@15': 0.059, 'hit@20': 0.1605, 'ndcg@20': 0.066, 'hit@40': 0.2511, 'ndcg@40': 0.0844} 
2024-10-10 21:45:58.216 | INFO     | trainer_1:_train_one_epoch:209 - test 43 cost time 8.03s, result: {'hit@1': 0.011, 'ndcg@1': 0.011, 'hit@5': 0.041, 'ndcg@5': 0.0259, 'hit@10': 0.0678, 'ndcg@10': 0.0344, 'hit@15': 0.0909, 'ndcg@15': 0.0405, 'hit@20': 0.1114, 'ndcg@20': 0.0453, 'hit@40': 0.1787, 'ndcg@40': 0.059} 
2024-10-10 21:46:06.922 | INFO     | trainer_1:_train_one_epoch:193 - epoch 44 8.70s Train loss is [0.3464] 
2024-10-10 21:46:14.175 | INFO     | trainer_1:_train_one_epoch:201 - validate 44 cost time 7.25s, result: {'hit@1': 0.0171, 'ndcg@1': 0.0171, 'hit@5': 0.0583, 'ndcg@5': 0.0378, 'hit@10': 0.0983, 'ndcg@10': 0.0506, 'hit@15': 0.1305, 'ndcg@15': 0.0591, 'hit@20': 0.1576, 'ndcg@20': 0.0655, 'hit@40': 0.2482, 'ndcg@40': 0.084} 
2024-10-10 21:46:20.788 | INFO     | trainer_1:_train_one_epoch:209 - test 44 cost time 6.61s, result: {'hit@1': 0.0111, 'ndcg@1': 0.0111, 'hit@5': 0.0407, 'ndcg@5': 0.0256, 'hit@10': 0.0697, 'ndcg@10': 0.0349, 'hit@15': 0.0936, 'ndcg@15': 0.0412, 'hit@20': 0.1122, 'ndcg@20': 0.0456, 'hit@40': 0.1798, 'ndcg@40': 0.0593} 
2024-10-10 21:46:40.618 | INFO     | trainer_1:_train_one_epoch:193 - epoch 45 8.77s Train loss is [0.3443] 
2024-10-10 21:46:47.498 | INFO     | trainer_1:_train_one_epoch:201 - validate 45 cost time 6.88s, result: {'hit@1': 0.0163, 'ndcg@1': 0.0163, 'hit@5': 0.0612, 'ndcg@5': 0.0389, 'hit@10': 0.1015, 'ndcg@10': 0.0518, 'hit@15': 0.1317, 'ndcg@15': 0.0598, 'hit@20': 0.161, 'ndcg@20': 0.0667, 'hit@40': 0.2502, 'ndcg@40': 0.0848} 
2024-10-10 21:46:55.509 | INFO     | trainer_1:_train_one_epoch:209 - test 45 cost time 8.01s, result: {'hit@1': 0.0108, 'ndcg@1': 0.0108, 'hit@5': 0.0417, 'ndcg@5': 0.0261, 'hit@10': 0.0701, 'ndcg@10': 0.0352, 'hit@15': 0.0938, 'ndcg@15': 0.0415, 'hit@20': 0.1145, 'ndcg@20': 0.0464, 'hit@40': 0.1801, 'ndcg@40': 0.0597} 
2024-10-10 21:47:15.572 | INFO     | trainer_1:_train_one_epoch:193 - epoch 46 8.62s Train loss is [0.3300] 
2024-10-10 21:47:22.139 | INFO     | trainer_1:_train_one_epoch:201 - validate 46 cost time 6.57s, result: {'hit@1': 0.0169, 'ndcg@1': 0.0169, 'hit@5': 0.0592, 'ndcg@5': 0.038, 'hit@10': 0.0991, 'ndcg@10': 0.0508, 'hit@15': 0.1312, 'ndcg@15': 0.0593, 'hit@20': 0.1564, 'ndcg@20': 0.0653, 'hit@40': 0.2459, 'ndcg@40': 0.0834} 
2024-10-10 21:47:29.908 | INFO     | trainer_1:_train_one_epoch:209 - test 46 cost time 7.77s, result: {'hit@1': 0.0106, 'ndcg@1': 0.0106, 'hit@5': 0.0419, 'ndcg@5': 0.0262, 'hit@10': 0.0683, 'ndcg@10': 0.0347, 'hit@15': 0.091, 'ndcg@15': 0.0407, 'hit@20': 0.111, 'ndcg@20': 0.0454, 'hit@40': 0.1774, 'ndcg@40': 0.059} 
2024-10-10 21:47:38.674 | INFO     | trainer_1:_train_one_epoch:193 - epoch 47 8.77s Train loss is [0.3328] 
2024-10-10 21:47:46.855 | INFO     | trainer_1:_train_one_epoch:201 - validate 47 cost time 8.18s, result: {'hit@1': 0.016, 'ndcg@1': 0.016, 'hit@5': 0.0566, 'ndcg@5': 0.0364, 'hit@10': 0.0961, 'ndcg@10': 0.0491, 'hit@15': 0.126, 'ndcg@15': 0.057, 'hit@20': 0.1535, 'ndcg@20': 0.0635, 'hit@40': 0.2416, 'ndcg@40': 0.0814} 
2024-10-10 21:47:53.267 | INFO     | trainer_1:_train_one_epoch:209 - test 47 cost time 6.41s, result: {'hit@1': 0.0098, 'ndcg@1': 0.0098, 'hit@5': 0.038, 'ndcg@5': 0.0239, 'hit@10': 0.065, 'ndcg@10': 0.0326, 'hit@15': 0.0872, 'ndcg@15': 0.0385, 'hit@20': 0.1072, 'ndcg@20': 0.0432, 'hit@40': 0.1722, 'ndcg@40': 0.0564} 
2024-10-10 21:48:02.164 | INFO     | trainer_1:_train_one_epoch:193 - epoch 48 8.90s Train loss is [0.3266] 
2024-10-10 21:48:10.286 | INFO     | trainer_1:_train_one_epoch:201 - validate 48 cost time 8.12s, result: {'hit@1': 0.0177, 'ndcg@1': 0.0177, 'hit@5': 0.0621, 'ndcg@5': 0.0397, 'hit@10': 0.1012, 'ndcg@10': 0.0523, 'hit@15': 0.1335, 'ndcg@15': 0.0608, 'hit@20': 0.162, 'ndcg@20': 0.0675, 'hit@40': 0.2522, 'ndcg@40': 0.0859} 
2024-10-10 21:48:18.545 | INFO     | trainer_1:_train_one_epoch:209 - test 48 cost time 8.26s, result: {'hit@1': 0.0108, 'ndcg@1': 0.0108, 'hit@5': 0.0414, 'ndcg@5': 0.0262, 'hit@10': 0.0714, 'ndcg@10': 0.0358, 'hit@15': 0.095, 'ndcg@15': 0.042, 'hit@20': 0.114, 'ndcg@20': 0.0465, 'hit@40': 0.1822, 'ndcg@40': 0.0603} 
2024-10-10 21:48:39.561 | INFO     | trainer_1:_train_one_epoch:193 - epoch 49 9.69s Train loss is [0.3367] 
2024-10-10 21:48:47.825 | INFO     | trainer_1:_train_one_epoch:201 - validate 49 cost time 8.26s, result: {'hit@1': 0.0169, 'ndcg@1': 0.0169, 'hit@5': 0.0591, 'ndcg@5': 0.0378, 'hit@10': 0.0961, 'ndcg@10': 0.0498, 'hit@15': 0.1274, 'ndcg@15': 0.058, 'hit@20': 0.1546, 'ndcg@20': 0.0644, 'hit@40': 0.2441, 'ndcg@40': 0.0826} 
2024-10-10 21:48:55.852 | INFO     | trainer_1:_train_one_epoch:209 - test 49 cost time 8.03s, result: {'hit@1': 0.0106, 'ndcg@1': 0.0106, 'hit@5': 0.0407, 'ndcg@5': 0.0256, 'hit@10': 0.067, 'ndcg@10': 0.034, 'hit@15': 0.0903, 'ndcg@15': 0.0401, 'hit@20': 0.1108, 'ndcg@20': 0.045, 'hit@40': 0.1751, 'ndcg@40': 0.058} 
2024-10-10 21:49:04.659 | INFO     | trainer_1:_train_one_epoch:193 - epoch 50 8.81s Train loss is [0.3384] 
2024-10-10 21:49:11.105 | INFO     | trainer_1:_train_one_epoch:201 - validate 50 cost time 6.45s, result: {'hit@1': 0.0163, 'ndcg@1': 0.0163, 'hit@5': 0.0598, 'ndcg@5': 0.0378, 'hit@10': 0.1005, 'ndcg@10': 0.0508, 'hit@15': 0.1335, 'ndcg@15': 0.0595, 'hit@20': 0.1616, 'ndcg@20': 0.0662, 'hit@40': 0.2546, 'ndcg@40': 0.085} 
2024-10-10 21:49:18.988 | INFO     | trainer_1:_train_one_epoch:209 - test 50 cost time 7.88s, result: {'hit@1': 0.0103, 'ndcg@1': 0.0103, 'hit@5': 0.04, 'ndcg@5': 0.025, 'hit@10': 0.0685, 'ndcg@10': 0.0342, 'hit@15': 0.0919, 'ndcg@15': 0.0404, 'hit@20': 0.1135, 'ndcg@20': 0.0455, 'hit@40': 0.1786, 'ndcg@40': 0.0587} 
2024-10-10 21:49:28.833 | INFO     | trainer_1:_train_one_epoch:193 - epoch 51 9.84s Train loss is [0.3335] 
2024-10-10 21:49:36.147 | INFO     | trainer_1:_train_one_epoch:201 - validate 51 cost time 7.31s, result: {'hit@1': 0.0167, 'ndcg@1': 0.0167, 'hit@5': 0.0632, 'ndcg@5': 0.0399, 'hit@10': 0.1036, 'ndcg@10': 0.0528, 'hit@15': 0.1362, 'ndcg@15': 0.0615, 'hit@20': 0.1652, 'ndcg@20': 0.0683, 'hit@40': 0.2582, 'ndcg@40': 0.0872} 
2024-10-10 21:49:42.398 | INFO     | trainer_1:_train_one_epoch:209 - test 51 cost time 6.25s, result: {'hit@1': 0.0106, 'ndcg@1': 0.0106, 'hit@5': 0.0408, 'ndcg@5': 0.0256, 'hit@10': 0.0707, 'ndcg@10': 0.0352, 'hit@15': 0.0948, 'ndcg@15': 0.0415, 'hit@20': 0.1158, 'ndcg@20': 0.0465, 'hit@40': 0.184, 'ndcg@40': 0.0603} 
2024-10-10 21:49:51.201 | INFO     | trainer_1:_train_one_epoch:193 - epoch 52 8.80s Train loss is [0.3260] 
2024-10-10 21:49:59.841 | INFO     | trainer_1:_train_one_epoch:201 - validate 52 cost time 8.64s, result: {'hit@1': 0.0162, 'ndcg@1': 0.0162, 'hit@5': 0.06, 'ndcg@5': 0.0379, 'hit@10': 0.0973, 'ndcg@10': 0.0498, 'hit@15': 0.1288, 'ndcg@15': 0.0581, 'hit@20': 0.1571, 'ndcg@20': 0.0648, 'hit@40': 0.2482, 'ndcg@40': 0.0833} 
2024-10-10 21:50:07.999 | INFO     | trainer_1:_train_one_epoch:209 - test 52 cost time 8.16s, result: {'hit@1': 0.0108, 'ndcg@1': 0.0108, 'hit@5': 0.0395, 'ndcg@5': 0.0251, 'hit@10': 0.0666, 'ndcg@10': 0.0338, 'hit@15': 0.0911, 'ndcg@15': 0.0403, 'hit@20': 0.1106, 'ndcg@20': 0.0449, 'hit@40': 0.1795, 'ndcg@40': 0.0589} 
2024-10-10 21:50:17.064 | INFO     | trainer_1:_train_one_epoch:193 - epoch 53 9.06s Train loss is [0.3304] 
2024-10-10 21:50:23.656 | INFO     | trainer_1:_train_one_epoch:201 - validate 53 cost time 6.59s, result: {'hit@1': 0.0166, 'ndcg@1': 0.0166, 'hit@5': 0.0604, 'ndcg@5': 0.0386, 'hit@10': 0.0983, 'ndcg@10': 0.0507, 'hit@15': 0.1299, 'ndcg@15': 0.0591, 'hit@20': 0.1582, 'ndcg@20': 0.0657, 'hit@40': 0.249, 'ndcg@40': 0.0842} 
2024-10-10 21:50:31.042 | INFO     | trainer_1:_train_one_epoch:209 - test 53 cost time 7.39s, result: {'hit@1': 0.0104, 'ndcg@1': 0.0104, 'hit@5': 0.0404, 'ndcg@5': 0.0254, 'hit@10': 0.0674, 'ndcg@10': 0.034, 'hit@15': 0.0891, 'ndcg@15': 0.0398, 'hit@20': 0.1089, 'ndcg@20': 0.0444, 'hit@40': 0.1779, 'ndcg@40': 0.0585} 
2024-10-10 21:50:39.956 | INFO     | trainer_1:_train_one_epoch:193 - epoch 54 8.91s Train loss is [0.3393] 
2024-10-10 21:50:48.213 | INFO     | trainer_1:_train_one_epoch:201 - validate 54 cost time 8.26s, result: {'hit@1': 0.0153, 'ndcg@1': 0.0153, 'hit@5': 0.0561, 'ndcg@5': 0.0359, 'hit@10': 0.0937, 'ndcg@10': 0.0479, 'hit@15': 0.125, 'ndcg@15': 0.0561, 'hit@20': 0.1526, 'ndcg@20': 0.0627, 'hit@40': 0.2426, 'ndcg@40': 0.0809} 
2024-10-10 21:50:53.165 | INFO     | trainer_1:_train_one_epoch:209 - test 54 cost time 4.95s, result: {'hit@1': 0.01, 'ndcg@1': 0.01, 'hit@5': 0.0374, 'ndcg@5': 0.0238, 'hit@10': 0.064, 'ndcg@10': 0.0323, 'hit@15': 0.0856, 'ndcg@15': 0.038, 'hit@20': 0.1043, 'ndcg@20': 0.0424, 'hit@40': 0.1714, 'ndcg@40': 0.056} 
2024-10-10 21:51:01.922 | INFO     | trainer_1:_train_one_epoch:193 - epoch 55 8.76s Train loss is [0.3318] 
2024-10-10 21:51:08.907 | INFO     | trainer_1:_train_one_epoch:201 - validate 55 cost time 6.98s, result: {'hit@1': 0.0171, 'ndcg@1': 0.0171, 'hit@5': 0.0623, 'ndcg@5': 0.0397, 'hit@10': 0.1032, 'ndcg@10': 0.0528, 'hit@15': 0.1372, 'ndcg@15': 0.0618, 'hit@20': 0.1691, 'ndcg@20': 0.0693, 'hit@40': 0.2603, 'ndcg@40': 0.0879} 
2024-10-10 21:51:16.818 | INFO     | trainer_1:_train_one_epoch:209 - test 55 cost time 7.91s, result: {'hit@1': 0.0109, 'ndcg@1': 0.0109, 'hit@5': 0.0416, 'ndcg@5': 0.0262, 'hit@10': 0.0701, 'ndcg@10': 0.0353, 'hit@15': 0.0944, 'ndcg@15': 0.0417, 'hit@20': 0.115, 'ndcg@20': 0.0466, 'hit@40': 0.1859, 'ndcg@40': 0.061} 
2024-10-10 21:51:25.562 | INFO     | trainer_1:_train_one_epoch:193 - epoch 56 8.74s Train loss is [0.3242] 
2024-10-10 21:51:32.917 | INFO     | trainer_1:_train_one_epoch:201 - validate 56 cost time 7.35s, result: {'hit@1': 0.0172, 'ndcg@1': 0.0172, 'hit@5': 0.0606, 'ndcg@5': 0.0387, 'hit@10': 0.1, 'ndcg@10': 0.0513, 'hit@15': 0.1354, 'ndcg@15': 0.0607, 'hit@20': 0.1662, 'ndcg@20': 0.0679, 'hit@40': 0.2593, 'ndcg@40': 0.0869} 
2024-10-10 21:51:39.462 | INFO     | trainer_1:_train_one_epoch:209 - test 56 cost time 6.54s, result: {'hit@1': 0.0108, 'ndcg@1': 0.0108, 'hit@5': 0.041, 'ndcg@5': 0.0257, 'hit@10': 0.0687, 'ndcg@10': 0.0346, 'hit@15': 0.0922, 'ndcg@15': 0.0408, 'hit@20': 0.1148, 'ndcg@20': 0.0462, 'hit@40': 0.1847, 'ndcg@40': 0.0603} 
2024-10-10 21:51:39.473 | INFO     | trainer_1:train_model:163 - training end, best iteration 51, results: {'hit@1': 0.0177, 'ndcg@1': 0.0177, 'hit@5': 0.0621, 'ndcg@5': 0.0397, 'hit@10': 0.1012, 'ndcg@10': 0.0523, 'hit@15': 0.1335, 'ndcg@15': 0.0608, 'hit@20': 0.162, 'ndcg@20': 0.0675, 'hit@40': 0.2522, 'ndcg@40': 0.0859}
2024-10-10 21:51:39.474 | INFO     | trainer_1:train_model:166 - final test result is:  {'hit@1': 0.0108, 'ndcg@1': 0.0108, 'hit@5': 0.0414, 'ndcg@5': 0.0262, 'hit@10': 0.0714, 'ndcg@10': 0.0358, 'hit@15': 0.095, 'ndcg@15': 0.042, 'hit@20': 0.114, 'ndcg@20': 0.0465, 'hit@40': 0.1822, 'ndcg@40': 0.0603}
2024-10-10 21:51:39.774 | INFO     | __main__:<module>:119 - train end total cost time: 3630.6981596946716
