2024-10-10 17:14:39.504 | INFO     | __main__:<module>:105 - Namespace(TIME='2024-10-10 17_13_56', batch_size=1024, behaviors=['view', 'cart', 'buy'], check_point='model_pre_1_2024-10-08 12_35_44.pth', data_name='beibei', data_path='./data/beibei', decay=0.001, device='cuda:1', dim_qk=32, dim_v=64, distill_layers=2, distill_thres=0.5, distill_topK=20, distill_userK=2, embedding_size=64, epochs=100, gpu_no=1, if_load_model=True, ii_lambda=200, initializer_range=0.02, layers=2, loss_type='bpr', lr=0.001, message_dropout=0.25, metrics=['hit', 'ndcg'], min_epoch=5, model_name='main_1', model_path='./check_point', node_dropout=0.75, omega=1, pt_loop=50, reg_weight=0.001, test_batch_size=1024, testbatch=1024, topk=[1, 5, 10, 15, 20, 40], uu_lambda=100)
2024-10-10 17:14:39.505 | INFO     | __main__:<module>:106 - BIPN(
  (message_dropout): Dropout(p=0.25, inplace=False)
  (user_embedding): Embedding(21717, 64, padding_idx=0)
  (item_embedding): Embedding(7978, 64, padding_idx=0)
  (global_Graph): LightGCN()
  (Graph_encoder): ModuleDict(
    (view): GraphEncoder(
      (light): LightGCN()
      (dropout): Dropout(p=0.75, inplace=False)
    )
    (cart): GraphEncoder(
      (light): LightGCN()
      (dropout): Dropout(p=0.75, inplace=False)
    )
    (buy): GraphEncoder(
      (light): LightGCN()
      (dropout): Dropout(p=0.75, inplace=False)
    )
  )
  (attention): Mutual_Attention()
  (bpr_loss): BPRLoss()
  (emb_loss): EmbLoss()
  (f): Sigmoid()
)
2024-10-10 17:20:51.360 | INFO     | trainer_1:_train_one_epoch:193 - epoch 1 7.15s Train loss is [0.9415] 
2024-10-10 17:20:58.895 | INFO     | trainer_1:_train_one_epoch:201 - validate 1 cost time 7.53s, result: {'hit@1': 0.0047, 'ndcg@1': 0.0047, 'hit@5': 0.0231, 'ndcg@5': 0.014, 'hit@10': 0.0451, 'ndcg@10': 0.0211, 'hit@15': 0.0639, 'ndcg@15': 0.0261, 'hit@20': 0.0822, 'ndcg@20': 0.0304, 'hit@40': 0.1414, 'ndcg@40': 0.0424} 
2024-10-10 17:21:06.100 | INFO     | trainer_1:_train_one_epoch:209 - test 1 cost time 7.20s, result: {'hit@1': 0.0033, 'ndcg@1': 0.0033, 'hit@5': 0.015, 'ndcg@5': 0.009, 'hit@10': 0.0288, 'ndcg@10': 0.0134, 'hit@15': 0.0436, 'ndcg@15': 0.0173, 'hit@20': 0.0572, 'ndcg@20': 0.0205, 'hit@40': 0.1066, 'ndcg@40': 0.0305} 
2024-10-10 17:21:27.659 | INFO     | trainer_1:_train_one_epoch:193 - epoch 2 8.54s Train loss is [0.7224] 
2024-10-10 17:21:37.645 | INFO     | trainer_1:_train_one_epoch:201 - validate 2 cost time 9.99s, result: {'hit@1': 0.0071, 'ndcg@1': 0.0071, 'hit@5': 0.0288, 'ndcg@5': 0.0178, 'hit@10': 0.051, 'ndcg@10': 0.0249, 'hit@15': 0.0717, 'ndcg@15': 0.0303, 'hit@20': 0.0909, 'ndcg@20': 0.0348, 'hit@40': 0.1553, 'ndcg@40': 0.048} 
2024-10-10 17:21:45.318 | INFO     | trainer_1:_train_one_epoch:209 - test 2 cost time 7.67s, result: {'hit@1': 0.0041, 'ndcg@1': 0.0041, 'hit@5': 0.0186, 'ndcg@5': 0.0111, 'hit@10': 0.0353, 'ndcg@10': 0.0164, 'hit@15': 0.0502, 'ndcg@15': 0.0204, 'hit@20': 0.0641, 'ndcg@20': 0.0236, 'hit@40': 0.1151, 'ndcg@40': 0.034} 
2024-10-10 17:22:06.590 | INFO     | trainer_1:_train_one_epoch:193 - epoch 3 8.48s Train loss is [0.6273] 
2024-10-10 17:22:17.538 | INFO     | trainer_1:_train_one_epoch:201 - validate 3 cost time 10.95s, result: {'hit@1': 0.0102, 'ndcg@1': 0.0102, 'hit@5': 0.0335, 'ndcg@5': 0.0216, 'hit@10': 0.06, 'ndcg@10': 0.03, 'hit@15': 0.0843, 'ndcg@15': 0.0364, 'hit@20': 0.1061, 'ndcg@20': 0.0416, 'hit@40': 0.1772, 'ndcg@40': 0.056} 
2024-10-10 17:22:27.650 | INFO     | trainer_1:_train_one_epoch:209 - test 3 cost time 10.11s, result: {'hit@1': 0.0048, 'ndcg@1': 0.0048, 'hit@5': 0.0223, 'ndcg@5': 0.0134, 'hit@10': 0.0406, 'ndcg@10': 0.0193, 'hit@15': 0.0587, 'ndcg@15': 0.024, 'hit@20': 0.0739, 'ndcg@20': 0.0276, 'hit@40': 0.1279, 'ndcg@40': 0.0386} 
2024-10-10 17:22:54.841 | INFO     | trainer_1:_train_one_epoch:193 - epoch 4 10.36s Train loss is [0.5769] 
2024-10-10 17:23:04.167 | INFO     | trainer_1:_train_one_epoch:201 - validate 4 cost time 9.33s, result: {'hit@1': 0.0106, 'ndcg@1': 0.0106, 'hit@5': 0.0378, 'ndcg@5': 0.0238, 'hit@10': 0.0689, 'ndcg@10': 0.0337, 'hit@15': 0.096, 'ndcg@15': 0.0408, 'hit@20': 0.1183, 'ndcg@20': 0.0461, 'hit@40': 0.1971, 'ndcg@40': 0.0622} 
2024-10-10 17:23:13.046 | INFO     | trainer_1:_train_one_epoch:209 - test 4 cost time 8.88s, result: {'hit@1': 0.0059, 'ndcg@1': 0.0059, 'hit@5': 0.0243, 'ndcg@5': 0.0149, 'hit@10': 0.0428, 'ndcg@10': 0.0208, 'hit@15': 0.0635, 'ndcg@15': 0.0263, 'hit@20': 0.082, 'ndcg@20': 0.0306, 'hit@40': 0.1403, 'ndcg@40': 0.0425} 
2024-10-10 17:23:36.532 | INFO     | trainer_1:_train_one_epoch:193 - epoch 5 9.91s Train loss is [0.5433] 
2024-10-10 17:23:45.970 | INFO     | trainer_1:_train_one_epoch:201 - validate 5 cost time 9.44s, result: {'hit@1': 0.012, 'ndcg@1': 0.012, 'hit@5': 0.0432, 'ndcg@5': 0.0274, 'hit@10': 0.074, 'ndcg@10': 0.0372, 'hit@15': 0.0992, 'ndcg@15': 0.0439, 'hit@20': 0.1223, 'ndcg@20': 0.0493, 'hit@40': 0.1956, 'ndcg@40': 0.0642} 
2024-10-10 17:23:55.356 | INFO     | trainer_1:_train_one_epoch:209 - test 5 cost time 9.39s, result: {'hit@1': 0.0056, 'ndcg@1': 0.0056, 'hit@5': 0.0257, 'ndcg@5': 0.0155, 'hit@10': 0.0455, 'ndcg@10': 0.0219, 'hit@15': 0.0638, 'ndcg@15': 0.0267, 'hit@20': 0.0793, 'ndcg@20': 0.0304, 'hit@40': 0.1343, 'ndcg@40': 0.0415} 
2024-10-10 17:24:20.854 | INFO     | trainer_1:_train_one_epoch:193 - epoch 6 11.12s Train loss is [0.5245] 
2024-10-10 17:24:30.927 | INFO     | trainer_1:_train_one_epoch:201 - validate 6 cost time 10.07s, result: {'hit@1': 0.0117, 'ndcg@1': 0.0117, 'hit@5': 0.0435, 'ndcg@5': 0.0275, 'hit@10': 0.0736, 'ndcg@10': 0.0371, 'hit@15': 0.1027, 'ndcg@15': 0.0448, 'hit@20': 0.1261, 'ndcg@20': 0.0503, 'hit@40': 0.2079, 'ndcg@40': 0.067} 
2024-10-10 17:24:40.476 | INFO     | trainer_1:_train_one_epoch:209 - test 6 cost time 9.55s, result: {'hit@1': 0.0063, 'ndcg@1': 0.0063, 'hit@5': 0.0275, 'ndcg@5': 0.0167, 'hit@10': 0.0493, 'ndcg@10': 0.0236, 'hit@15': 0.0676, 'ndcg@15': 0.0285, 'hit@20': 0.086, 'ndcg@20': 0.0328, 'hit@40': 0.1467, 'ndcg@40': 0.0452} 
2024-10-10 17:25:01.707 | INFO     | trainer_1:_train_one_epoch:193 - epoch 7 8.93s Train loss is [0.5029] 
2024-10-10 17:25:10.216 | INFO     | trainer_1:_train_one_epoch:201 - validate 7 cost time 8.51s, result: {'hit@1': 0.0116, 'ndcg@1': 0.0116, 'hit@5': 0.0445, 'ndcg@5': 0.0281, 'hit@10': 0.0745, 'ndcg@10': 0.0377, 'hit@15': 0.103, 'ndcg@15': 0.0452, 'hit@20': 0.1266, 'ndcg@20': 0.0508, 'hit@40': 0.2037, 'ndcg@40': 0.0665} 
2024-10-10 17:25:18.857 | INFO     | trainer_1:_train_one_epoch:209 - test 7 cost time 8.64s, result: {'hit@1': 0.0076, 'ndcg@1': 0.0076, 'hit@5': 0.0272, 'ndcg@5': 0.0173, 'hit@10': 0.0488, 'ndcg@10': 0.0242, 'hit@15': 0.0671, 'ndcg@15': 0.029, 'hit@20': 0.0837, 'ndcg@20': 0.0329, 'hit@40': 0.1433, 'ndcg@40': 0.045} 
2024-10-10 17:25:28.154 | INFO     | trainer_1:_train_one_epoch:193 - epoch 8 9.30s Train loss is [0.5060] 
2024-10-10 17:25:36.427 | INFO     | trainer_1:_train_one_epoch:201 - validate 8 cost time 8.27s, result: {'hit@1': 0.0124, 'ndcg@1': 0.0124, 'hit@5': 0.045, 'ndcg@5': 0.0286, 'hit@10': 0.0755, 'ndcg@10': 0.0383, 'hit@15': 0.1013, 'ndcg@15': 0.0451, 'hit@20': 0.1236, 'ndcg@20': 0.0503, 'hit@40': 0.1981, 'ndcg@40': 0.0655} 
2024-10-10 17:25:44.988 | INFO     | trainer_1:_train_one_epoch:209 - test 8 cost time 8.56s, result: {'hit@1': 0.0078, 'ndcg@1': 0.0078, 'hit@5': 0.0274, 'ndcg@5': 0.0175, 'hit@10': 0.0479, 'ndcg@10': 0.0241, 'hit@15': 0.0656, 'ndcg@15': 0.0288, 'hit@20': 0.0828, 'ndcg@20': 0.0328, 'hit@40': 0.1386, 'ndcg@40': 0.0442} 
2024-10-10 17:25:54.265 | INFO     | trainer_1:_train_one_epoch:193 - epoch 9 9.28s Train loss is [0.4898] 
2024-10-10 17:26:03.580 | INFO     | trainer_1:_train_one_epoch:201 - validate 9 cost time 9.31s, result: {'hit@1': 0.0107, 'ndcg@1': 0.0107, 'hit@5': 0.0465, 'ndcg@5': 0.0286, 'hit@10': 0.08, 'ndcg@10': 0.0394, 'hit@15': 0.1114, 'ndcg@15': 0.0477, 'hit@20': 0.1387, 'ndcg@20': 0.0541, 'hit@40': 0.2236, 'ndcg@40': 0.0713} 
2024-10-10 17:26:12.306 | INFO     | trainer_1:_train_one_epoch:209 - test 9 cost time 8.73s, result: {'hit@1': 0.0073, 'ndcg@1': 0.0073, 'hit@5': 0.0302, 'ndcg@5': 0.0189, 'hit@10': 0.053, 'ndcg@10': 0.0261, 'hit@15': 0.0723, 'ndcg@15': 0.0312, 'hit@20': 0.0913, 'ndcg@20': 0.0357, 'hit@40': 0.1579, 'ndcg@40': 0.0493} 
2024-10-10 17:26:36.800 | INFO     | trainer_1:_train_one_epoch:193 - epoch 10 9.62s Train loss is [0.4763] 
2024-10-10 17:26:47.987 | INFO     | trainer_1:_train_one_epoch:201 - validate 10 cost time 11.19s, result: {'hit@1': 0.0124, 'ndcg@1': 0.0124, 'hit@5': 0.0463, 'ndcg@5': 0.0292, 'hit@10': 0.0791, 'ndcg@10': 0.0397, 'hit@15': 0.1065, 'ndcg@15': 0.047, 'hit@20': 0.1289, 'ndcg@20': 0.0522, 'hit@40': 0.2049, 'ndcg@40': 0.0677} 
2024-10-10 17:26:56.218 | INFO     | trainer_1:_train_one_epoch:209 - test 10 cost time 8.23s, result: {'hit@1': 0.0069, 'ndcg@1': 0.0069, 'hit@5': 0.0304, 'ndcg@5': 0.0186, 'hit@10': 0.0498, 'ndcg@10': 0.0248, 'hit@15': 0.0686, 'ndcg@15': 0.0297, 'hit@20': 0.0869, 'ndcg@20': 0.0341, 'hit@40': 0.1446, 'ndcg@40': 0.0458} 
2024-10-10 17:27:07.930 | INFO     | trainer_1:_train_one_epoch:193 - epoch 11 11.71s Train loss is [0.4819] 
2024-10-10 17:27:18.149 | INFO     | trainer_1:_train_one_epoch:201 - validate 11 cost time 10.22s, result: {'hit@1': 0.0111, 'ndcg@1': 0.0111, 'hit@5': 0.0452, 'ndcg@5': 0.028, 'hit@10': 0.0792, 'ndcg@10': 0.0389, 'hit@15': 0.109, 'ndcg@15': 0.0468, 'hit@20': 0.1334, 'ndcg@20': 0.0525, 'hit@40': 0.2103, 'ndcg@40': 0.0682} 
2024-10-10 17:27:28.219 | INFO     | trainer_1:_train_one_epoch:209 - test 11 cost time 10.07s, result: {'hit@1': 0.0064, 'ndcg@1': 0.0064, 'hit@5': 0.0293, 'ndcg@5': 0.0177, 'hit@10': 0.0527, 'ndcg@10': 0.0253, 'hit@15': 0.0723, 'ndcg@15': 0.0304, 'hit@20': 0.0905, 'ndcg@20': 0.0347, 'hit@40': 0.1507, 'ndcg@40': 0.047} 
2024-10-10 17:27:37.720 | INFO     | trainer_1:_train_one_epoch:193 - epoch 12 9.50s Train loss is [0.4650] 
2024-10-10 17:27:45.284 | INFO     | trainer_1:_train_one_epoch:201 - validate 12 cost time 7.56s, result: {'hit@1': 0.0111, 'ndcg@1': 0.0111, 'hit@5': 0.0446, 'ndcg@5': 0.0274, 'hit@10': 0.0775, 'ndcg@10': 0.0379, 'hit@15': 0.1051, 'ndcg@15': 0.0452, 'hit@20': 0.1276, 'ndcg@20': 0.0505, 'hit@40': 0.2059, 'ndcg@40': 0.0664} 
2024-10-10 17:27:51.721 | INFO     | trainer_1:_train_one_epoch:209 - test 12 cost time 6.44s, result: {'hit@1': 0.0065, 'ndcg@1': 0.0065, 'hit@5': 0.029, 'ndcg@5': 0.0175, 'hit@10': 0.0528, 'ndcg@10': 0.0251, 'hit@15': 0.0728, 'ndcg@15': 0.0304, 'hit@20': 0.0894, 'ndcg@20': 0.0343, 'hit@40': 0.1488, 'ndcg@40': 0.0464} 
2024-10-10 17:28:00.444 | INFO     | trainer_1:_train_one_epoch:193 - epoch 13 8.72s Train loss is [0.4444] 
2024-10-10 17:28:09.211 | INFO     | trainer_1:_train_one_epoch:201 - validate 13 cost time 8.77s, result: {'hit@1': 0.0111, 'ndcg@1': 0.0111, 'hit@5': 0.0443, 'ndcg@5': 0.0274, 'hit@10': 0.0802, 'ndcg@10': 0.0389, 'hit@15': 0.1093, 'ndcg@15': 0.0466, 'hit@20': 0.1357, 'ndcg@20': 0.0528, 'hit@40': 0.2197, 'ndcg@40': 0.0699} 
2024-10-10 17:28:18.147 | INFO     | trainer_1:_train_one_epoch:209 - test 13 cost time 8.94s, result: {'hit@1': 0.0063, 'ndcg@1': 0.0063, 'hit@5': 0.0302, 'ndcg@5': 0.018, 'hit@10': 0.053, 'ndcg@10': 0.0252, 'hit@15': 0.0725, 'ndcg@15': 0.0304, 'hit@20': 0.091, 'ndcg@20': 0.0348, 'hit@40': 0.1529, 'ndcg@40': 0.0474} 
2024-10-10 17:28:26.972 | INFO     | trainer_1:_train_one_epoch:193 - epoch 14 8.82s Train loss is [0.4447] 
2024-10-10 17:28:32.471 | INFO     | trainer_1:_train_one_epoch:201 - validate 14 cost time 5.50s, result: {'hit@1': 0.012, 'ndcg@1': 0.012, 'hit@5': 0.0439, 'ndcg@5': 0.0279, 'hit@10': 0.0792, 'ndcg@10': 0.0392, 'hit@15': 0.1077, 'ndcg@15': 0.0468, 'hit@20': 0.1317, 'ndcg@20': 0.0524, 'hit@40': 0.2127, 'ndcg@40': 0.0689} 
2024-10-10 17:28:37.960 | INFO     | trainer_1:_train_one_epoch:209 - test 14 cost time 5.49s, result: {'hit@1': 0.0077, 'ndcg@1': 0.0077, 'hit@5': 0.0299, 'ndcg@5': 0.0188, 'hit@10': 0.0529, 'ndcg@10': 0.0261, 'hit@15': 0.0723, 'ndcg@15': 0.0312, 'hit@20': 0.09, 'ndcg@20': 0.0354, 'hit@40': 0.1511, 'ndcg@40': 0.0478} 
2024-10-10 17:28:46.359 | INFO     | trainer_1:_train_one_epoch:193 - epoch 15 8.40s Train loss is [0.4335] 
2024-10-10 17:28:51.657 | INFO     | trainer_1:_train_one_epoch:201 - validate 15 cost time 5.30s, result: {'hit@1': 0.0107, 'ndcg@1': 0.0107, 'hit@5': 0.0442, 'ndcg@5': 0.0273, 'hit@10': 0.0747, 'ndcg@10': 0.0372, 'hit@15': 0.1032, 'ndcg@15': 0.0447, 'hit@20': 0.1294, 'ndcg@20': 0.0509, 'hit@40': 0.2104, 'ndcg@40': 0.0674} 
2024-10-10 17:28:57.075 | INFO     | trainer_1:_train_one_epoch:209 - test 15 cost time 5.42s, result: {'hit@1': 0.0077, 'ndcg@1': 0.0077, 'hit@5': 0.03, 'ndcg@5': 0.0187, 'hit@10': 0.0534, 'ndcg@10': 0.0262, 'hit@15': 0.0727, 'ndcg@15': 0.0313, 'hit@20': 0.0899, 'ndcg@20': 0.0354, 'hit@40': 0.1488, 'ndcg@40': 0.0474} 
2024-10-10 17:29:23.772 | INFO     | trainer_1:_train_one_epoch:193 - epoch 16 10.18s Train loss is [0.4391] 
2024-10-10 17:29:34.404 | INFO     | trainer_1:_train_one_epoch:201 - validate 16 cost time 10.63s, result: {'hit@1': 0.0119, 'ndcg@1': 0.0119, 'hit@5': 0.047, 'ndcg@5': 0.0293, 'hit@10': 0.0789, 'ndcg@10': 0.0395, 'hit@15': 0.1067, 'ndcg@15': 0.0468, 'hit@20': 0.1327, 'ndcg@20': 0.053, 'hit@40': 0.211, 'ndcg@40': 0.0689} 
2024-10-10 17:29:45.075 | INFO     | trainer_1:_train_one_epoch:209 - test 16 cost time 10.67s, result: {'hit@1': 0.0074, 'ndcg@1': 0.0074, 'hit@5': 0.032, 'ndcg@5': 0.0196, 'hit@10': 0.0548, 'ndcg@10': 0.0269, 'hit@15': 0.0752, 'ndcg@15': 0.0323, 'hit@20': 0.0915, 'ndcg@20': 0.0361, 'hit@40': 0.1503, 'ndcg@40': 0.0481} 
2024-10-10 17:30:09.093 | INFO     | trainer_1:_train_one_epoch:193 - epoch 17 10.49s Train loss is [0.4316] 
2024-10-10 17:30:18.934 | INFO     | trainer_1:_train_one_epoch:201 - validate 17 cost time 9.84s, result: {'hit@1': 0.0118, 'ndcg@1': 0.0118, 'hit@5': 0.0449, 'ndcg@5': 0.0283, 'hit@10': 0.0781, 'ndcg@10': 0.0389, 'hit@15': 0.1065, 'ndcg@15': 0.0464, 'hit@20': 0.1318, 'ndcg@20': 0.0524, 'hit@40': 0.2126, 'ndcg@40': 0.0688} 
2024-10-10 17:30:29.431 | INFO     | trainer_1:_train_one_epoch:209 - test 17 cost time 10.50s, result: {'hit@1': 0.0081, 'ndcg@1': 0.0081, 'hit@5': 0.0307, 'ndcg@5': 0.0193, 'hit@10': 0.053, 'ndcg@10': 0.0265, 'hit@15': 0.0727, 'ndcg@15': 0.0317, 'hit@20': 0.09, 'ndcg@20': 0.0358, 'hit@40': 0.154, 'ndcg@40': 0.0488} 
2024-10-10 17:30:37.335 | INFO     | trainer_1:_train_one_epoch:193 - epoch 18 7.90s Train loss is [0.4120] 
2024-10-10 17:30:48.204 | INFO     | trainer_1:_train_one_epoch:201 - validate 18 cost time 10.87s, result: {'hit@1': 0.0129, 'ndcg@1': 0.0129, 'hit@5': 0.0491, 'ndcg@5': 0.031, 'hit@10': 0.0833, 'ndcg@10': 0.042, 'hit@15': 0.1099, 'ndcg@15': 0.049, 'hit@20': 0.1338, 'ndcg@20': 0.0546, 'hit@40': 0.2142, 'ndcg@40': 0.071} 
2024-10-10 17:30:58.578 | INFO     | trainer_1:_train_one_epoch:209 - test 18 cost time 10.37s, result: {'hit@1': 0.008, 'ndcg@1': 0.008, 'hit@5': 0.0321, 'ndcg@5': 0.0201, 'hit@10': 0.0557, 'ndcg@10': 0.0277, 'hit@15': 0.0753, 'ndcg@15': 0.0328, 'hit@20': 0.093, 'ndcg@20': 0.037, 'hit@40': 0.1532, 'ndcg@40': 0.0492} 
2024-10-10 17:31:25.853 | INFO     | trainer_1:_train_one_epoch:193 - epoch 19 10.41s Train loss is [0.4147] 
2024-10-10 17:31:36.732 | INFO     | trainer_1:_train_one_epoch:201 - validate 19 cost time 10.88s, result: {'hit@1': 0.0129, 'ndcg@1': 0.0129, 'hit@5': 0.0502, 'ndcg@5': 0.0315, 'hit@10': 0.0856, 'ndcg@10': 0.0428, 'hit@15': 0.1163, 'ndcg@15': 0.0509, 'hit@20': 0.1414, 'ndcg@20': 0.0568, 'hit@40': 0.2234, 'ndcg@40': 0.0735} 
2024-10-10 17:31:47.357 | INFO     | trainer_1:_train_one_epoch:209 - test 19 cost time 10.62s, result: {'hit@1': 0.0079, 'ndcg@1': 0.0079, 'hit@5': 0.0336, 'ndcg@5': 0.0207, 'hit@10': 0.0568, 'ndcg@10': 0.0281, 'hit@15': 0.0778, 'ndcg@15': 0.0337, 'hit@20': 0.0957, 'ndcg@20': 0.0379, 'hit@40': 0.1574, 'ndcg@40': 0.0504} 
2024-10-10 17:32:11.464 | INFO     | trainer_1:_train_one_epoch:193 - epoch 20 11.16s Train loss is [0.4031] 
2024-10-10 17:32:21.937 | INFO     | trainer_1:_train_one_epoch:201 - validate 20 cost time 10.47s, result: {'hit@1': 0.0134, 'ndcg@1': 0.0134, 'hit@5': 0.0505, 'ndcg@5': 0.0317, 'hit@10': 0.0848, 'ndcg@10': 0.0427, 'hit@15': 0.1093, 'ndcg@15': 0.0492, 'hit@20': 0.1346, 'ndcg@20': 0.0552, 'hit@40': 0.217, 'ndcg@40': 0.072} 
2024-10-10 17:32:32.116 | INFO     | trainer_1:_train_one_epoch:209 - test 20 cost time 10.18s, result: {'hit@1': 0.0084, 'ndcg@1': 0.0084, 'hit@5': 0.0327, 'ndcg@5': 0.0206, 'hit@10': 0.0563, 'ndcg@10': 0.0281, 'hit@15': 0.0749, 'ndcg@15': 0.033, 'hit@20': 0.0932, 'ndcg@20': 0.0374, 'hit@40': 0.1524, 'ndcg@40': 0.0494} 
2024-10-10 17:32:43.786 | INFO     | trainer_1:_train_one_epoch:193 - epoch 21 11.67s Train loss is [0.3953] 
2024-10-10 17:32:54.460 | INFO     | trainer_1:_train_one_epoch:201 - validate 21 cost time 10.67s, result: {'hit@1': 0.0138, 'ndcg@1': 0.0138, 'hit@5': 0.05, 'ndcg@5': 0.0318, 'hit@10': 0.0857, 'ndcg@10': 0.0433, 'hit@15': 0.1142, 'ndcg@15': 0.0508, 'hit@20': 0.14, 'ndcg@20': 0.0569, 'hit@40': 0.2214, 'ndcg@40': 0.0734} 
2024-10-10 17:33:05.648 | INFO     | trainer_1:_train_one_epoch:209 - test 21 cost time 11.19s, result: {'hit@1': 0.0093, 'ndcg@1': 0.0093, 'hit@5': 0.0331, 'ndcg@5': 0.0211, 'hit@10': 0.0567, 'ndcg@10': 0.0288, 'hit@15': 0.0769, 'ndcg@15': 0.0341, 'hit@20': 0.0951, 'ndcg@20': 0.0384, 'hit@40': 0.1556, 'ndcg@40': 0.0507} 
2024-10-10 17:33:20.096 | INFO     | trainer_1:_train_one_epoch:193 - epoch 22 14.45s Train loss is [0.4012] 
2024-10-10 17:33:30.827 | INFO     | trainer_1:_train_one_epoch:201 - validate 22 cost time 10.73s, result: {'hit@1': 0.0139, 'ndcg@1': 0.0139, 'hit@5': 0.0524, 'ndcg@5': 0.0332, 'hit@10': 0.0899, 'ndcg@10': 0.0452, 'hit@15': 0.1194, 'ndcg@15': 0.053, 'hit@20': 0.1455, 'ndcg@20': 0.0592, 'hit@40': 0.2319, 'ndcg@40': 0.0768} 
2024-10-10 17:33:42.226 | INFO     | trainer_1:_train_one_epoch:209 - test 22 cost time 11.40s, result: {'hit@1': 0.0093, 'ndcg@1': 0.0093, 'hit@5': 0.0361, 'ndcg@5': 0.0226, 'hit@10': 0.0604, 'ndcg@10': 0.0304, 'hit@15': 0.0814, 'ndcg@15': 0.036, 'hit@20': 0.0992, 'ndcg@20': 0.0402, 'hit@40': 0.1643, 'ndcg@40': 0.0534} 
2024-10-10 17:34:07.748 | INFO     | trainer_1:_train_one_epoch:193 - epoch 23 11.19s Train loss is [0.3869] 
2024-10-10 17:34:17.999 | INFO     | trainer_1:_train_one_epoch:201 - validate 23 cost time 10.25s, result: {'hit@1': 0.0128, 'ndcg@1': 0.0128, 'hit@5': 0.0482, 'ndcg@5': 0.0303, 'hit@10': 0.0826, 'ndcg@10': 0.0413, 'hit@15': 0.1113, 'ndcg@15': 0.0489, 'hit@20': 0.1372, 'ndcg@20': 0.055, 'hit@40': 0.2191, 'ndcg@40': 0.0717} 
2024-10-10 17:34:27.971 | INFO     | trainer_1:_train_one_epoch:209 - test 23 cost time 9.97s, result: {'hit@1': 0.0089, 'ndcg@1': 0.0089, 'hit@5': 0.0317, 'ndcg@5': 0.0202, 'hit@10': 0.0536, 'ndcg@10': 0.0273, 'hit@15': 0.0749, 'ndcg@15': 0.0329, 'hit@20': 0.0928, 'ndcg@20': 0.0371, 'hit@40': 0.1571, 'ndcg@40': 0.0501} 
2024-10-10 17:34:37.783 | INFO     | trainer_1:_train_one_epoch:193 - epoch 24 9.81s Train loss is [0.3826] 
2024-10-10 17:34:48.458 | INFO     | trainer_1:_train_one_epoch:201 - validate 24 cost time 10.67s, result: {'hit@1': 0.0143, 'ndcg@1': 0.0143, 'hit@5': 0.0495, 'ndcg@5': 0.032, 'hit@10': 0.0829, 'ndcg@10': 0.0427, 'hit@15': 0.1107, 'ndcg@15': 0.05, 'hit@20': 0.1352, 'ndcg@20': 0.0558, 'hit@40': 0.2159, 'ndcg@40': 0.0723} 
2024-10-10 17:34:58.931 | INFO     | trainer_1:_train_one_epoch:209 - test 24 cost time 10.47s, result: {'hit@1': 0.0089, 'ndcg@1': 0.0089, 'hit@5': 0.0331, 'ndcg@5': 0.0211, 'hit@10': 0.0548, 'ndcg@10': 0.028, 'hit@15': 0.0744, 'ndcg@15': 0.0332, 'hit@20': 0.0925, 'ndcg@20': 0.0375, 'hit@40': 0.1547, 'ndcg@40': 0.0501} 
2024-10-10 17:35:07.833 | INFO     | trainer_1:_train_one_epoch:193 - epoch 25 8.90s Train loss is [0.3803] 
2024-10-10 17:35:18.932 | INFO     | trainer_1:_train_one_epoch:201 - validate 25 cost time 11.10s, result: {'hit@1': 0.0132, 'ndcg@1': 0.0132, 'hit@5': 0.0557, 'ndcg@5': 0.0344, 'hit@10': 0.092, 'ndcg@10': 0.0461, 'hit@15': 0.1234, 'ndcg@15': 0.0544, 'hit@20': 0.1497, 'ndcg@20': 0.0606, 'hit@40': 0.2384, 'ndcg@40': 0.0786} 
2024-10-10 17:35:28.662 | INFO     | trainer_1:_train_one_epoch:209 - test 25 cost time 9.73s, result: {'hit@1': 0.0104, 'ndcg@1': 0.0104, 'hit@5': 0.0353, 'ndcg@5': 0.0228, 'hit@10': 0.0598, 'ndcg@10': 0.0306, 'hit@15': 0.0824, 'ndcg@15': 0.0366, 'hit@20': 0.1, 'ndcg@20': 0.0407, 'hit@40': 0.1653, 'ndcg@40': 0.054} 
2024-10-10 17:35:38.149 | INFO     | trainer_1:_train_one_epoch:193 - epoch 26 9.49s Train loss is [0.3866] 
2024-10-10 17:35:49.194 | INFO     | trainer_1:_train_one_epoch:201 - validate 26 cost time 11.04s, result: {'hit@1': 0.015, 'ndcg@1': 0.015, 'hit@5': 0.0557, 'ndcg@5': 0.0355, 'hit@10': 0.0916, 'ndcg@10': 0.0471, 'hit@15': 0.1218, 'ndcg@15': 0.055, 'hit@20': 0.1492, 'ndcg@20': 0.0615, 'hit@40': 0.2354, 'ndcg@40': 0.079} 
2024-10-10 17:35:59.692 | INFO     | trainer_1:_train_one_epoch:209 - test 26 cost time 10.50s, result: {'hit@1': 0.0105, 'ndcg@1': 0.0105, 'hit@5': 0.0365, 'ndcg@5': 0.0234, 'hit@10': 0.0608, 'ndcg@10': 0.0312, 'hit@15': 0.0812, 'ndcg@15': 0.0366, 'hit@20': 0.0994, 'ndcg@20': 0.0409, 'hit@40': 0.1629, 'ndcg@40': 0.0538} 
2024-10-10 17:36:30.828 | INFO     | trainer_1:_train_one_epoch:193 - epoch 27 13.25s Train loss is [0.3697] 
2024-10-10 17:36:41.303 | INFO     | trainer_1:_train_one_epoch:201 - validate 27 cost time 10.47s, result: {'hit@1': 0.0151, 'ndcg@1': 0.0151, 'hit@5': 0.0536, 'ndcg@5': 0.0345, 'hit@10': 0.0878, 'ndcg@10': 0.0455, 'hit@15': 0.1171, 'ndcg@15': 0.0532, 'hit@20': 0.1427, 'ndcg@20': 0.0592, 'hit@40': 0.2274, 'ndcg@40': 0.0765} 
2024-10-10 17:36:51.703 | INFO     | trainer_1:_train_one_epoch:209 - test 27 cost time 10.40s, result: {'hit@1': 0.0099, 'ndcg@1': 0.0099, 'hit@5': 0.0346, 'ndcg@5': 0.0224, 'hit@10': 0.0591, 'ndcg@10': 0.0303, 'hit@15': 0.0795, 'ndcg@15': 0.0356, 'hit@20': 0.0976, 'ndcg@20': 0.0399, 'hit@40': 0.1577, 'ndcg@40': 0.0521} 
2024-10-10 17:37:03.606 | INFO     | trainer_1:_train_one_epoch:193 - epoch 28 11.90s Train loss is [0.3739] 
2024-10-10 17:37:11.501 | INFO     | trainer_1:_train_one_epoch:201 - validate 28 cost time 7.89s, result: {'hit@1': 0.0142, 'ndcg@1': 0.0142, 'hit@5': 0.057, 'ndcg@5': 0.0355, 'hit@10': 0.0917, 'ndcg@10': 0.0467, 'hit@15': 0.1226, 'ndcg@15': 0.0549, 'hit@20': 0.1481, 'ndcg@20': 0.0609, 'hit@40': 0.2324, 'ndcg@40': 0.078} 
2024-10-10 17:37:20.696 | INFO     | trainer_1:_train_one_epoch:209 - test 28 cost time 9.19s, result: {'hit@1': 0.0107, 'ndcg@1': 0.0107, 'hit@5': 0.0365, 'ndcg@5': 0.0237, 'hit@10': 0.0621, 'ndcg@10': 0.0319, 'hit@15': 0.084, 'ndcg@15': 0.0376, 'hit@20': 0.101, 'ndcg@20': 0.0417, 'hit@40': 0.1647, 'ndcg@40': 0.0546} 
2024-10-10 17:37:45.013 | INFO     | trainer_1:_train_one_epoch:193 - epoch 29 8.15s Train loss is [0.3767] 
2024-10-10 17:37:52.375 | INFO     | trainer_1:_train_one_epoch:201 - validate 29 cost time 7.36s, result: {'hit@1': 0.0156, 'ndcg@1': 0.0156, 'hit@5': 0.055, 'ndcg@5': 0.0352, 'hit@10': 0.0912, 'ndcg@10': 0.0467, 'hit@15': 0.1226, 'ndcg@15': 0.055, 'hit@20': 0.1509, 'ndcg@20': 0.0617, 'hit@40': 0.2393, 'ndcg@40': 0.0797} 
2024-10-10 17:38:01.249 | INFO     | trainer_1:_train_one_epoch:209 - test 29 cost time 8.87s, result: {'hit@1': 0.0111, 'ndcg@1': 0.0111, 'hit@5': 0.0376, 'ndcg@5': 0.0244, 'hit@10': 0.062, 'ndcg@10': 0.0322, 'hit@15': 0.0845, 'ndcg@15': 0.0381, 'hit@20': 0.1032, 'ndcg@20': 0.0425, 'hit@40': 0.1715, 'ndcg@40': 0.0564} 
2024-10-10 17:38:10.658 | INFO     | trainer_1:_train_one_epoch:193 - epoch 30 9.41s Train loss is [0.3750] 
2024-10-10 17:38:19.598 | INFO     | trainer_1:_train_one_epoch:201 - validate 30 cost time 8.94s, result: {'hit@1': 0.0155, 'ndcg@1': 0.0155, 'hit@5': 0.0565, 'ndcg@5': 0.0361, 'hit@10': 0.0933, 'ndcg@10': 0.0479, 'hit@15': 0.1241, 'ndcg@15': 0.056, 'hit@20': 0.1511, 'ndcg@20': 0.0624, 'hit@40': 0.2379, 'ndcg@40': 0.08} 
2024-10-10 17:38:28.515 | INFO     | trainer_1:_train_one_epoch:209 - test 30 cost time 8.92s, result: {'hit@1': 0.0107, 'ndcg@1': 0.0107, 'hit@5': 0.0369, 'ndcg@5': 0.0237, 'hit@10': 0.0618, 'ndcg@10': 0.0316, 'hit@15': 0.0829, 'ndcg@15': 0.0372, 'hit@20': 0.1022, 'ndcg@20': 0.0417, 'hit@40': 0.165, 'ndcg@40': 0.0545} 
2024-10-10 17:38:35.920 | INFO     | trainer_1:_train_one_epoch:193 - epoch 31 7.40s Train loss is [0.3744] 
2024-10-10 17:38:40.996 | INFO     | trainer_1:_train_one_epoch:201 - validate 31 cost time 5.08s, result: {'hit@1': 0.0161, 'ndcg@1': 0.0161, 'hit@5': 0.0569, 'ndcg@5': 0.0366, 'hit@10': 0.0934, 'ndcg@10': 0.0484, 'hit@15': 0.1245, 'ndcg@15': 0.0566, 'hit@20': 0.152, 'ndcg@20': 0.063, 'hit@40': 0.2363, 'ndcg@40': 0.0802} 
2024-10-10 17:38:47.332 | INFO     | trainer_1:_train_one_epoch:209 - test 31 cost time 6.33s, result: {'hit@1': 0.0107, 'ndcg@1': 0.0107, 'hit@5': 0.0382, 'ndcg@5': 0.0243, 'hit@10': 0.0646, 'ndcg@10': 0.0328, 'hit@15': 0.0863, 'ndcg@15': 0.0385, 'hit@20': 0.1061, 'ndcg@20': 0.0432, 'hit@40': 0.1688, 'ndcg@40': 0.0559} 
2024-10-10 17:39:07.617 | INFO     | trainer_1:_train_one_epoch:193 - epoch 32 7.51s Train loss is [0.3667] 
2024-10-10 17:39:17.509 | INFO     | trainer_1:_train_one_epoch:201 - validate 32 cost time 9.89s, result: {'hit@1': 0.0155, 'ndcg@1': 0.0155, 'hit@5': 0.0556, 'ndcg@5': 0.0356, 'hit@10': 0.0944, 'ndcg@10': 0.0479, 'hit@15': 0.1263, 'ndcg@15': 0.0563, 'hit@20': 0.1539, 'ndcg@20': 0.0629, 'hit@40': 0.2434, 'ndcg@40': 0.0811} 
2024-10-10 17:39:23.779 | INFO     | trainer_1:_train_one_epoch:209 - test 32 cost time 6.27s, result: {'hit@1': 0.0105, 'ndcg@1': 0.0105, 'hit@5': 0.0383, 'ndcg@5': 0.0243, 'hit@10': 0.0648, 'ndcg@10': 0.0329, 'hit@15': 0.0861, 'ndcg@15': 0.0385, 'hit@20': 0.1066, 'ndcg@20': 0.0433, 'hit@40': 0.174, 'ndcg@40': 0.057} 
2024-10-10 17:39:51.254 | INFO     | trainer_1:_train_one_epoch:193 - epoch 33 8.61s Train loss is [0.3491] 
2024-10-10 17:40:00.633 | INFO     | trainer_1:_train_one_epoch:201 - validate 33 cost time 9.38s, result: {'hit@1': 0.0149, 'ndcg@1': 0.0149, 'hit@5': 0.0564, 'ndcg@5': 0.0358, 'hit@10': 0.0943, 'ndcg@10': 0.048, 'hit@15': 0.1271, 'ndcg@15': 0.0567, 'hit@20': 0.1548, 'ndcg@20': 0.0632, 'hit@40': 0.2489, 'ndcg@40': 0.0824} 
2024-10-10 17:40:08.350 | INFO     | trainer_1:_train_one_epoch:209 - test 33 cost time 7.72s, result: {'hit@1': 0.0113, 'ndcg@1': 0.0113, 'hit@5': 0.0402, 'ndcg@5': 0.0256, 'hit@10': 0.0652, 'ndcg@10': 0.0336, 'hit@15': 0.0873, 'ndcg@15': 0.0395, 'hit@20': 0.1077, 'ndcg@20': 0.0443, 'hit@40': 0.1747, 'ndcg@40': 0.0579} 
2024-10-10 17:40:29.658 | INFO     | trainer_1:_train_one_epoch:193 - epoch 34 7.33s Train loss is [0.3597] 
2024-10-10 17:40:36.027 | INFO     | trainer_1:_train_one_epoch:201 - validate 34 cost time 6.37s, result: {'hit@1': 0.0151, 'ndcg@1': 0.0151, 'hit@5': 0.0559, 'ndcg@5': 0.0355, 'hit@10': 0.0907, 'ndcg@10': 0.0466, 'hit@15': 0.1191, 'ndcg@15': 0.0541, 'hit@20': 0.1472, 'ndcg@20': 0.0607, 'hit@40': 0.2351, 'ndcg@40': 0.0786} 
2024-10-10 17:40:44.398 | INFO     | trainer_1:_train_one_epoch:209 - test 34 cost time 8.37s, result: {'hit@1': 0.0114, 'ndcg@1': 0.0114, 'hit@5': 0.039, 'ndcg@5': 0.0253, 'hit@10': 0.0649, 'ndcg@10': 0.0337, 'hit@15': 0.0871, 'ndcg@15': 0.0395, 'hit@20': 0.1065, 'ndcg@20': 0.0441, 'hit@40': 0.1704, 'ndcg@40': 0.0571} 
2024-10-10 17:40:51.826 | INFO     | trainer_1:_train_one_epoch:193 - epoch 35 7.43s Train loss is [0.3544] 
2024-10-10 17:41:01.341 | INFO     | trainer_1:_train_one_epoch:201 - validate 35 cost time 9.51s, result: {'hit@1': 0.0152, 'ndcg@1': 0.0152, 'hit@5': 0.0554, 'ndcg@5': 0.0353, 'hit@10': 0.0905, 'ndcg@10': 0.0465, 'hit@15': 0.1213, 'ndcg@15': 0.0547, 'hit@20': 0.1486, 'ndcg@20': 0.0612, 'hit@40': 0.2374, 'ndcg@40': 0.0792} 
2024-10-10 17:41:07.230 | INFO     | trainer_1:_train_one_epoch:209 - test 35 cost time 5.89s, result: {'hit@1': 0.0113, 'ndcg@1': 0.0113, 'hit@5': 0.0374, 'ndcg@5': 0.0243, 'hit@10': 0.0626, 'ndcg@10': 0.0324, 'hit@15': 0.0834, 'ndcg@15': 0.0379, 'hit@20': 0.1041, 'ndcg@20': 0.0428, 'hit@40': 0.1696, 'ndcg@40': 0.0561} 
2024-10-10 17:41:16.230 | INFO     | trainer_1:_train_one_epoch:193 - epoch 36 9.00s Train loss is [0.3573] 
2024-10-10 17:41:23.690 | INFO     | trainer_1:_train_one_epoch:201 - validate 36 cost time 7.46s, result: {'hit@1': 0.0149, 'ndcg@1': 0.0149, 'hit@5': 0.0561, 'ndcg@5': 0.0355, 'hit@10': 0.0924, 'ndcg@10': 0.0471, 'hit@15': 0.1241, 'ndcg@15': 0.0554, 'hit@20': 0.1521, 'ndcg@20': 0.0621, 'hit@40': 0.2429, 'ndcg@40': 0.0805} 
2024-10-10 17:41:31.830 | INFO     | trainer_1:_train_one_epoch:209 - test 36 cost time 8.14s, result: {'hit@1': 0.0104, 'ndcg@1': 0.0104, 'hit@5': 0.0369, 'ndcg@5': 0.0236, 'hit@10': 0.0624, 'ndcg@10': 0.0318, 'hit@15': 0.0856, 'ndcg@15': 0.0379, 'hit@20': 0.1046, 'ndcg@20': 0.0424, 'hit@40': 0.1715, 'ndcg@40': 0.0559} 
2024-10-10 17:41:39.931 | INFO     | trainer_1:_train_one_epoch:193 - epoch 37 8.10s Train loss is [0.3623] 
2024-10-10 17:41:49.546 | INFO     | trainer_1:_train_one_epoch:201 - validate 37 cost time 9.61s, result: {'hit@1': 0.0153, 'ndcg@1': 0.0153, 'hit@5': 0.0579, 'ndcg@5': 0.0366, 'hit@10': 0.0971, 'ndcg@10': 0.0492, 'hit@15': 0.13, 'ndcg@15': 0.0578, 'hit@20': 0.1582, 'ndcg@20': 0.0645, 'hit@40': 0.2478, 'ndcg@40': 0.0828} 
2024-10-10 17:41:58.289 | INFO     | trainer_1:_train_one_epoch:209 - test 37 cost time 8.74s, result: {'hit@1': 0.0115, 'ndcg@1': 0.0115, 'hit@5': 0.04, 'ndcg@5': 0.0256, 'hit@10': 0.0659, 'ndcg@10': 0.0339, 'hit@15': 0.0887, 'ndcg@15': 0.0399, 'hit@20': 0.109, 'ndcg@20': 0.0447, 'hit@40': 0.179, 'ndcg@40': 0.0589} 
2024-10-10 17:42:25.542 | INFO     | trainer_1:_train_one_epoch:193 - epoch 38 8.78s Train loss is [0.3417] 
2024-10-10 17:42:34.353 | INFO     | trainer_1:_train_one_epoch:201 - validate 38 cost time 8.81s, result: {'hit@1': 0.0162, 'ndcg@1': 0.0162, 'hit@5': 0.0567, 'ndcg@5': 0.0365, 'hit@10': 0.0935, 'ndcg@10': 0.0483, 'hit@15': 0.1258, 'ndcg@15': 0.0568, 'hit@20': 0.155, 'ndcg@20': 0.0637, 'hit@40': 0.2424, 'ndcg@40': 0.0815} 
2024-10-10 17:42:42.867 | INFO     | trainer_1:_train_one_epoch:209 - test 38 cost time 8.51s, result: {'hit@1': 0.0114, 'ndcg@1': 0.0114, 'hit@5': 0.0388, 'ndcg@5': 0.025, 'hit@10': 0.0643, 'ndcg@10': 0.0332, 'hit@15': 0.0862, 'ndcg@15': 0.039, 'hit@20': 0.1055, 'ndcg@20': 0.0435, 'hit@40': 0.1719, 'ndcg@40': 0.057} 
2024-10-10 17:42:50.600 | INFO     | trainer_1:_train_one_epoch:193 - epoch 39 7.73s Train loss is [0.3440] 
2024-10-10 17:42:56.696 | INFO     | trainer_1:_train_one_epoch:201 - validate 39 cost time 6.10s, result: {'hit@1': 0.0153, 'ndcg@1': 0.0153, 'hit@5': 0.0577, 'ndcg@5': 0.0364, 'hit@10': 0.0972, 'ndcg@10': 0.0491, 'hit@15': 0.1286, 'ndcg@15': 0.0574, 'hit@20': 0.1547, 'ndcg@20': 0.0635, 'hit@40': 0.246, 'ndcg@40': 0.0821} 
2024-10-10 17:43:03.668 | INFO     | trainer_1:_train_one_epoch:209 - test 39 cost time 6.97s, result: {'hit@1': 0.0115, 'ndcg@1': 0.0115, 'hit@5': 0.0398, 'ndcg@5': 0.0255, 'hit@10': 0.0665, 'ndcg@10': 0.0341, 'hit@15': 0.0908, 'ndcg@15': 0.0404, 'hit@20': 0.1112, 'ndcg@20': 0.0453, 'hit@40': 0.1789, 'ndcg@40': 0.059} 
2024-10-10 17:43:25.610 | INFO     | trainer_1:_train_one_epoch:193 - epoch 40 9.50s Train loss is [0.3441] 
2024-10-10 17:43:35.064 | INFO     | trainer_1:_train_one_epoch:201 - validate 40 cost time 9.45s, result: {'hit@1': 0.0161, 'ndcg@1': 0.0161, 'hit@5': 0.0583, 'ndcg@5': 0.0373, 'hit@10': 0.0947, 'ndcg@10': 0.049, 'hit@15': 0.1272, 'ndcg@15': 0.0576, 'hit@20': 0.1569, 'ndcg@20': 0.0646, 'hit@40': 0.2459, 'ndcg@40': 0.0827} 
2024-10-10 17:43:42.232 | INFO     | trainer_1:_train_one_epoch:209 - test 40 cost time 7.17s, result: {'hit@1': 0.0117, 'ndcg@1': 0.0117, 'hit@5': 0.0389, 'ndcg@5': 0.0252, 'hit@10': 0.0659, 'ndcg@10': 0.0338, 'hit@15': 0.0878, 'ndcg@15': 0.0396, 'hit@20': 0.1078, 'ndcg@20': 0.0443, 'hit@40': 0.1757, 'ndcg@40': 0.0581} 
2024-10-10 17:43:51.724 | INFO     | trainer_1:_train_one_epoch:193 - epoch 41 9.49s Train loss is [0.3483] 
2024-10-10 17:44:01.494 | INFO     | trainer_1:_train_one_epoch:201 - validate 41 cost time 9.77s, result: {'hit@1': 0.0164, 'ndcg@1': 0.0164, 'hit@5': 0.0582, 'ndcg@5': 0.0374, 'hit@10': 0.0972, 'ndcg@10': 0.0499, 'hit@15': 0.1266, 'ndcg@15': 0.0577, 'hit@20': 0.1544, 'ndcg@20': 0.0642, 'hit@40': 0.244, 'ndcg@40': 0.0825} 
2024-10-10 17:44:10.933 | INFO     | trainer_1:_train_one_epoch:209 - test 41 cost time 9.44s, result: {'hit@1': 0.0108, 'ndcg@1': 0.0108, 'hit@5': 0.0399, 'ndcg@5': 0.0253, 'hit@10': 0.0657, 'ndcg@10': 0.0335, 'hit@15': 0.0887, 'ndcg@15': 0.0396, 'hit@20': 0.1085, 'ndcg@20': 0.0443, 'hit@40': 0.1755, 'ndcg@40': 0.0579} 
2024-10-10 17:44:19.907 | INFO     | trainer_1:_train_one_epoch:193 - epoch 42 8.97s Train loss is [0.3386] 
2024-10-10 17:44:25.765 | INFO     | trainer_1:_train_one_epoch:201 - validate 42 cost time 5.86s, result: {'hit@1': 0.0175, 'ndcg@1': 0.0175, 'hit@5': 0.0641, 'ndcg@5': 0.0406, 'hit@10': 0.1038, 'ndcg@10': 0.0533, 'hit@15': 0.1352, 'ndcg@15': 0.0616, 'hit@20': 0.1647, 'ndcg@20': 0.0685, 'hit@40': 0.2562, 'ndcg@40': 0.0872} 
2024-10-10 17:44:30.783 | INFO     | trainer_1:_train_one_epoch:209 - test 42 cost time 5.02s, result: {'hit@1': 0.0108, 'ndcg@1': 0.0108, 'hit@5': 0.041, 'ndcg@5': 0.0259, 'hit@10': 0.0687, 'ndcg@10': 0.0348, 'hit@15': 0.0911, 'ndcg@15': 0.0407, 'hit@20': 0.1124, 'ndcg@20': 0.0457, 'hit@40': 0.1812, 'ndcg@40': 0.0597} 
2024-10-10 17:44:52.554 | INFO     | trainer_1:_train_one_epoch:193 - epoch 43 7.65s Train loss is [0.3385] 
2024-10-10 17:45:01.297 | INFO     | trainer_1:_train_one_epoch:201 - validate 43 cost time 8.74s, result: {'hit@1': 0.0167, 'ndcg@1': 0.0167, 'hit@5': 0.0583, 'ndcg@5': 0.0376, 'hit@10': 0.0979, 'ndcg@10': 0.0503, 'hit@15': 0.1307, 'ndcg@15': 0.059, 'hit@20': 0.1598, 'ndcg@20': 0.0659, 'hit@40': 0.2518, 'ndcg@40': 0.0846} 
2024-10-10 17:45:08.094 | INFO     | trainer_1:_train_one_epoch:209 - test 43 cost time 6.80s, result: {'hit@1': 0.0111, 'ndcg@1': 0.0111, 'hit@5': 0.0409, 'ndcg@5': 0.0258, 'hit@10': 0.0676, 'ndcg@10': 0.0343, 'hit@15': 0.0907, 'ndcg@15': 0.0404, 'hit@20': 0.111, 'ndcg@20': 0.0452, 'hit@40': 0.1783, 'ndcg@40': 0.0589} 
2024-10-10 17:45:14.940 | INFO     | trainer_1:_train_one_epoch:193 - epoch 44 6.84s Train loss is [0.3463] 
2024-10-10 17:45:20.892 | INFO     | trainer_1:_train_one_epoch:201 - validate 44 cost time 5.95s, result: {'hit@1': 0.017, 'ndcg@1': 0.017, 'hit@5': 0.0586, 'ndcg@5': 0.038, 'hit@10': 0.0982, 'ndcg@10': 0.0507, 'hit@15': 0.1306, 'ndcg@15': 0.0592, 'hit@20': 0.1579, 'ndcg@20': 0.0656, 'hit@40': 0.2477, 'ndcg@40': 0.0839} 
2024-10-10 17:45:28.274 | INFO     | trainer_1:_train_one_epoch:209 - test 44 cost time 7.38s, result: {'hit@1': 0.0113, 'ndcg@1': 0.0113, 'hit@5': 0.0402, 'ndcg@5': 0.0255, 'hit@10': 0.0692, 'ndcg@10': 0.0348, 'hit@15': 0.0937, 'ndcg@15': 0.0413, 'hit@20': 0.1119, 'ndcg@20': 0.0456, 'hit@40': 0.1795, 'ndcg@40': 0.0593} 
2024-10-10 17:45:57.438 | INFO     | trainer_1:_train_one_epoch:193 - epoch 45 9.90s Train loss is [0.3444] 
2024-10-10 17:46:05.931 | INFO     | trainer_1:_train_one_epoch:201 - validate 45 cost time 8.49s, result: {'hit@1': 0.0163, 'ndcg@1': 0.0163, 'hit@5': 0.062, 'ndcg@5': 0.0393, 'hit@10': 0.1015, 'ndcg@10': 0.0519, 'hit@15': 0.1319, 'ndcg@15': 0.06, 'hit@20': 0.1608, 'ndcg@20': 0.0668, 'hit@40': 0.2506, 'ndcg@40': 0.085} 
2024-10-10 17:46:13.409 | INFO     | trainer_1:_train_one_epoch:209 - test 45 cost time 7.48s, result: {'hit@1': 0.011, 'ndcg@1': 0.011, 'hit@5': 0.0418, 'ndcg@5': 0.0262, 'hit@10': 0.0702, 'ndcg@10': 0.0352, 'hit@15': 0.0934, 'ndcg@15': 0.0414, 'hit@20': 0.1136, 'ndcg@20': 0.0461, 'hit@40': 0.1795, 'ndcg@40': 0.0595} 
2024-10-10 17:46:40.146 | INFO     | trainer_1:_train_one_epoch:193 - epoch 46 8.51s Train loss is [0.3299] 
2024-10-10 17:46:50.589 | INFO     | trainer_1:_train_one_epoch:201 - validate 46 cost time 10.44s, result: {'hit@1': 0.0169, 'ndcg@1': 0.0169, 'hit@5': 0.0599, 'ndcg@5': 0.0383, 'hit@10': 0.0995, 'ndcg@10': 0.051, 'hit@15': 0.1304, 'ndcg@15': 0.0592, 'hit@20': 0.1561, 'ndcg@20': 0.0652, 'hit@40': 0.2459, 'ndcg@40': 0.0835} 
2024-10-10 17:47:00.932 | INFO     | trainer_1:_train_one_epoch:209 - test 46 cost time 10.34s, result: {'hit@1': 0.0106, 'ndcg@1': 0.0106, 'hit@5': 0.0418, 'ndcg@5': 0.0261, 'hit@10': 0.0686, 'ndcg@10': 0.0347, 'hit@15': 0.0913, 'ndcg@15': 0.0407, 'hit@20': 0.1118, 'ndcg@20': 0.0455, 'hit@40': 0.1777, 'ndcg@40': 0.059} 
2024-10-10 17:47:09.746 | INFO     | trainer_1:_train_one_epoch:193 - epoch 47 8.81s Train loss is [0.3327] 
2024-10-10 17:47:16.811 | INFO     | trainer_1:_train_one_epoch:201 - validate 47 cost time 7.06s, result: {'hit@1': 0.016, 'ndcg@1': 0.016, 'hit@5': 0.0571, 'ndcg@5': 0.0366, 'hit@10': 0.0968, 'ndcg@10': 0.0493, 'hit@15': 0.1262, 'ndcg@15': 0.0571, 'hit@20': 0.1541, 'ndcg@20': 0.0637, 'hit@40': 0.2427, 'ndcg@40': 0.0816} 
2024-10-10 17:47:24.754 | INFO     | trainer_1:_train_one_epoch:209 - test 47 cost time 7.94s, result: {'hit@1': 0.01, 'ndcg@1': 0.01, 'hit@5': 0.0379, 'ndcg@5': 0.024, 'hit@10': 0.0656, 'ndcg@10': 0.0329, 'hit@15': 0.0883, 'ndcg@15': 0.0388, 'hit@20': 0.1086, 'ndcg@20': 0.0436, 'hit@40': 0.1731, 'ndcg@40': 0.0567} 
2024-10-10 17:47:32.763 | INFO     | trainer_1:_train_one_epoch:193 - epoch 48 8.01s Train loss is [0.3263] 
2024-10-10 17:47:41.681 | INFO     | trainer_1:_train_one_epoch:201 - validate 48 cost time 8.92s, result: {'hit@1': 0.0178, 'ndcg@1': 0.0178, 'hit@5': 0.0624, 'ndcg@5': 0.0399, 'hit@10': 0.1012, 'ndcg@10': 0.0523, 'hit@15': 0.1338, 'ndcg@15': 0.0609, 'hit@20': 0.1628, 'ndcg@20': 0.0678, 'hit@40': 0.2518, 'ndcg@40': 0.0859} 
2024-10-10 17:47:51.155 | INFO     | trainer_1:_train_one_epoch:209 - test 48 cost time 9.47s, result: {'hit@1': 0.0106, 'ndcg@1': 0.0106, 'hit@5': 0.0418, 'ndcg@5': 0.0262, 'hit@10': 0.0712, 'ndcg@10': 0.0356, 'hit@15': 0.0945, 'ndcg@15': 0.0418, 'hit@20': 0.1148, 'ndcg@20': 0.0466, 'hit@40': 0.182, 'ndcg@40': 0.0602} 
2024-10-10 17:48:12.940 | INFO     | trainer_1:_train_one_epoch:193 - epoch 49 8.12s Train loss is [0.3366] 
2024-10-10 17:48:21.872 | INFO     | trainer_1:_train_one_epoch:201 - validate 49 cost time 8.93s, result: {'hit@1': 0.0169, 'ndcg@1': 0.0169, 'hit@5': 0.0592, 'ndcg@5': 0.038, 'hit@10': 0.0967, 'ndcg@10': 0.05, 'hit@15': 0.1272, 'ndcg@15': 0.058, 'hit@20': 0.1553, 'ndcg@20': 0.0647, 'hit@40': 0.2443, 'ndcg@40': 0.0828} 
2024-10-10 17:48:29.499 | INFO     | trainer_1:_train_one_epoch:209 - test 49 cost time 7.63s, result: {'hit@1': 0.0103, 'ndcg@1': 0.0103, 'hit@5': 0.0402, 'ndcg@5': 0.0252, 'hit@10': 0.067, 'ndcg@10': 0.0338, 'hit@15': 0.0905, 'ndcg@15': 0.04, 'hit@20': 0.1107, 'ndcg@20': 0.0448, 'hit@40': 0.1744, 'ndcg@40': 0.0577} 
2024-10-10 17:48:37.837 | INFO     | trainer_1:_train_one_epoch:193 - epoch 50 8.34s Train loss is [0.3382] 
2024-10-10 17:48:44.949 | INFO     | trainer_1:_train_one_epoch:201 - validate 50 cost time 7.11s, result: {'hit@1': 0.016, 'ndcg@1': 0.016, 'hit@5': 0.0598, 'ndcg@5': 0.0377, 'hit@10': 0.1006, 'ndcg@10': 0.0508, 'hit@15': 0.1329, 'ndcg@15': 0.0593, 'hit@20': 0.1626, 'ndcg@20': 0.0663, 'hit@40': 0.2541, 'ndcg@40': 0.0849} 
2024-10-10 17:48:52.608 | INFO     | trainer_1:_train_one_epoch:209 - test 50 cost time 7.66s, result: {'hit@1': 0.0101, 'ndcg@1': 0.0101, 'hit@5': 0.0402, 'ndcg@5': 0.025, 'hit@10': 0.0685, 'ndcg@10': 0.034, 'hit@15': 0.092, 'ndcg@15': 0.0403, 'hit@20': 0.1126, 'ndcg@20': 0.0451, 'hit@40': 0.1783, 'ndcg@40': 0.0585} 
2024-10-10 17:49:00.825 | INFO     | trainer_1:_train_one_epoch:193 - epoch 51 8.22s Train loss is [0.3334] 
2024-10-10 17:49:07.944 | INFO     | trainer_1:_train_one_epoch:201 - validate 51 cost time 7.12s, result: {'hit@1': 0.0166, 'ndcg@1': 0.0166, 'hit@5': 0.0628, 'ndcg@5': 0.0399, 'hit@10': 0.104, 'ndcg@10': 0.0531, 'hit@15': 0.1369, 'ndcg@15': 0.0618, 'hit@20': 0.1652, 'ndcg@20': 0.0684, 'hit@40': 0.2589, 'ndcg@40': 0.0875} 
2024-10-10 17:49:14.897 | INFO     | trainer_1:_train_one_epoch:209 - test 51 cost time 6.95s, result: {'hit@1': 0.0106, 'ndcg@1': 0.0106, 'hit@5': 0.0406, 'ndcg@5': 0.0256, 'hit@10': 0.071, 'ndcg@10': 0.0353, 'hit@15': 0.0953, 'ndcg@15': 0.0417, 'hit@20': 0.1156, 'ndcg@20': 0.0465, 'hit@40': 0.1844, 'ndcg@40': 0.0605} 
2024-10-10 17:49:22.507 | INFO     | trainer_1:_train_one_epoch:193 - epoch 52 7.61s Train loss is [0.3254] 
2024-10-10 17:49:32.028 | INFO     | trainer_1:_train_one_epoch:201 - validate 52 cost time 9.52s, result: {'hit@1': 0.0164, 'ndcg@1': 0.0164, 'hit@5': 0.0591, 'ndcg@5': 0.0376, 'hit@10': 0.0971, 'ndcg@10': 0.0498, 'hit@15': 0.1294, 'ndcg@15': 0.0583, 'hit@20': 0.1573, 'ndcg@20': 0.0649, 'hit@40': 0.2488, 'ndcg@40': 0.0835} 
2024-10-10 17:49:41.319 | INFO     | trainer_1:_train_one_epoch:209 - test 52 cost time 9.29s, result: {'hit@1': 0.0109, 'ndcg@1': 0.0109, 'hit@5': 0.0399, 'ndcg@5': 0.0253, 'hit@10': 0.067, 'ndcg@10': 0.034, 'hit@15': 0.0902, 'ndcg@15': 0.0401, 'hit@20': 0.1105, 'ndcg@20': 0.0449, 'hit@40': 0.1788, 'ndcg@40': 0.0588} 
2024-10-10 17:49:50.232 | INFO     | trainer_1:_train_one_epoch:193 - epoch 53 8.91s Train loss is [0.3302] 
2024-10-10 17:49:56.823 | INFO     | trainer_1:_train_one_epoch:201 - validate 53 cost time 6.59s, result: {'hit@1': 0.0167, 'ndcg@1': 0.0167, 'hit@5': 0.0602, 'ndcg@5': 0.0385, 'hit@10': 0.0982, 'ndcg@10': 0.0507, 'hit@15': 0.13, 'ndcg@15': 0.0591, 'hit@20': 0.1586, 'ndcg@20': 0.0658, 'hit@40': 0.2487, 'ndcg@40': 0.0842} 
2024-10-10 17:50:03.254 | INFO     | trainer_1:_train_one_epoch:209 - test 53 cost time 6.43s, result: {'hit@1': 0.0106, 'ndcg@1': 0.0106, 'hit@5': 0.0407, 'ndcg@5': 0.0256, 'hit@10': 0.0677, 'ndcg@10': 0.0342, 'hit@15': 0.0884, 'ndcg@15': 0.0397, 'hit@20': 0.1093, 'ndcg@20': 0.0446, 'hit@40': 0.1773, 'ndcg@40': 0.0585} 
2024-10-10 17:50:10.977 | INFO     | trainer_1:_train_one_epoch:193 - epoch 54 7.72s Train loss is [0.3387] 
2024-10-10 17:50:19.449 | INFO     | trainer_1:_train_one_epoch:201 - validate 54 cost time 8.47s, result: {'hit@1': 0.0153, 'ndcg@1': 0.0153, 'hit@5': 0.0557, 'ndcg@5': 0.0356, 'hit@10': 0.0939, 'ndcg@10': 0.0479, 'hit@15': 0.1254, 'ndcg@15': 0.0562, 'hit@20': 0.1525, 'ndcg@20': 0.0626, 'hit@40': 0.2428, 'ndcg@40': 0.0809} 
2024-10-10 17:50:26.489 | INFO     | trainer_1:_train_one_epoch:209 - test 54 cost time 7.04s, result: {'hit@1': 0.0104, 'ndcg@1': 0.0104, 'hit@5': 0.0369, 'ndcg@5': 0.0237, 'hit@10': 0.0642, 'ndcg@10': 0.0324, 'hit@15': 0.0856, 'ndcg@15': 0.0381, 'hit@20': 0.1052, 'ndcg@20': 0.0427, 'hit@40': 0.1716, 'ndcg@40': 0.0562} 
2024-10-10 17:50:35.277 | INFO     | trainer_1:_train_one_epoch:193 - epoch 55 8.79s Train loss is [0.3313] 
2024-10-10 17:50:42.988 | INFO     | trainer_1:_train_one_epoch:201 - validate 55 cost time 7.71s, result: {'hit@1': 0.0169, 'ndcg@1': 0.0169, 'hit@5': 0.0625, 'ndcg@5': 0.0397, 'hit@10': 0.1037, 'ndcg@10': 0.0529, 'hit@15': 0.1368, 'ndcg@15': 0.0616, 'hit@20': 0.17, 'ndcg@20': 0.0695, 'hit@40': 0.2598, 'ndcg@40': 0.0878} 
2024-10-10 17:50:51.661 | INFO     | trainer_1:_train_one_epoch:209 - test 55 cost time 8.67s, result: {'hit@1': 0.0107, 'ndcg@1': 0.0107, 'hit@5': 0.0414, 'ndcg@5': 0.0261, 'hit@10': 0.0704, 'ndcg@10': 0.0353, 'hit@15': 0.0937, 'ndcg@15': 0.0415, 'hit@20': 0.1151, 'ndcg@20': 0.0465, 'hit@40': 0.1857, 'ndcg@40': 0.0609} 
2024-10-10 17:51:00.000 | INFO     | trainer_1:_train_one_epoch:193 - epoch 56 8.34s Train loss is [0.3240] 
2024-10-10 17:51:09.682 | INFO     | trainer_1:_train_one_epoch:201 - validate 56 cost time 9.68s, result: {'hit@1': 0.017, 'ndcg@1': 0.017, 'hit@5': 0.0606, 'ndcg@5': 0.0385, 'hit@10': 0.1008, 'ndcg@10': 0.0514, 'hit@15': 0.1359, 'ndcg@15': 0.0607, 'hit@20': 0.1661, 'ndcg@20': 0.0678, 'hit@40': 0.2594, 'ndcg@40': 0.0868} 
2024-10-10 17:51:16.791 | INFO     | trainer_1:_train_one_epoch:209 - test 56 cost time 7.11s, result: {'hit@1': 0.0107, 'ndcg@1': 0.0107, 'hit@5': 0.0407, 'ndcg@5': 0.0256, 'hit@10': 0.0684, 'ndcg@10': 0.0345, 'hit@15': 0.0925, 'ndcg@15': 0.0408, 'hit@20': 0.1151, 'ndcg@20': 0.0462, 'hit@40': 0.1842, 'ndcg@40': 0.0602} 
2024-10-10 17:51:16.802 | INFO     | trainer_1:train_model:163 - training end, best iteration 51, results: {'hit@1': 0.0178, 'ndcg@1': 0.0178, 'hit@5': 0.0624, 'ndcg@5': 0.0399, 'hit@10': 0.1012, 'ndcg@10': 0.0523, 'hit@15': 0.1338, 'ndcg@15': 0.0609, 'hit@20': 0.1628, 'ndcg@20': 0.0678, 'hit@40': 0.2518, 'ndcg@40': 0.0859}
2024-10-10 17:51:16.803 | INFO     | trainer_1:train_model:166 - final test result is:  {'hit@1': 0.0106, 'ndcg@1': 0.0106, 'hit@5': 0.0418, 'ndcg@5': 0.0262, 'hit@10': 0.0712, 'ndcg@10': 0.0356, 'hit@15': 0.0945, 'ndcg@15': 0.0418, 'hit@20': 0.1148, 'ndcg@20': 0.0466, 'hit@40': 0.182, 'ndcg@40': 0.0602}
2024-10-10 17:51:17.235 | INFO     | __main__:<module>:119 - train end total cost time: 2240.838767528534
