2024-10-11 02:32:44.447 | INFO     | __main__:<module>:105 - Namespace(TIME='2024-10-11 02_32_10', batch_size=1024, behaviors=['view', 'cart', 'buy'], check_point='model_pre_1_2024-10-08 12_35_44.pth', data_name='beibei', data_path='./data/beibei', decay=0.001, device='cuda:1', dim_qk=32, dim_v=64, distill_layers=2, distill_thres=0.5, distill_topK=60, distill_userK=4, embedding_size=64, epochs=100, gpu_no=1, if_load_model=True, ii_lambda=200, initializer_range=0.02, layers=2, loss_type='bpr', lr=0.001, message_dropout=0.25, metrics=['hit', 'ndcg'], min_epoch=5, model_name='main_1', model_path='./check_point', node_dropout=0.75, omega=1, pt_loop=50, reg_weight=0.001, test_batch_size=1024, testbatch=1024, topk=[1, 5, 10, 15, 20, 40], uu_lambda=100)
2024-10-11 02:32:44.447 | INFO     | __main__:<module>:106 - BIPN(
  (message_dropout): Dropout(p=0.25, inplace=False)
  (user_embedding): Embedding(21717, 64, padding_idx=0)
  (item_embedding): Embedding(7978, 64, padding_idx=0)
  (global_Graph): LightGCN()
  (Graph_encoder): ModuleDict(
    (view): GraphEncoder(
      (light): LightGCN()
      (dropout): Dropout(p=0.75, inplace=False)
    )
    (cart): GraphEncoder(
      (light): LightGCN()
      (dropout): Dropout(p=0.75, inplace=False)
    )
    (buy): GraphEncoder(
      (light): LightGCN()
      (dropout): Dropout(p=0.75, inplace=False)
    )
  )
  (attention): Mutual_Attention()
  (bpr_loss): BPRLoss()
  (emb_loss): EmbLoss()
  (f): Sigmoid()
)
2024-10-11 02:45:33.926 | INFO     | trainer_1:_train_one_epoch:193 - epoch 1 7.11s Train loss is [0.9427] 
2024-10-11 02:45:43.210 | INFO     | trainer_1:_train_one_epoch:201 - validate 1 cost time 9.28s, result: {'hit@1': 0.0048, 'ndcg@1': 0.0048, 'hit@5': 0.0233, 'ndcg@5': 0.0141, 'hit@10': 0.045, 'ndcg@10': 0.0211, 'hit@15': 0.064, 'ndcg@15': 0.0261, 'hit@20': 0.0819, 'ndcg@20': 0.0303, 'hit@40': 0.1416, 'ndcg@40': 0.0425} 
2024-10-11 02:45:52.520 | INFO     | trainer_1:_train_one_epoch:209 - test 1 cost time 9.31s, result: {'hit@1': 0.0032, 'ndcg@1': 0.0032, 'hit@5': 0.0148, 'ndcg@5': 0.0089, 'hit@10': 0.0292, 'ndcg@10': 0.0135, 'hit@15': 0.0435, 'ndcg@15': 0.0172, 'hit@20': 0.0569, 'ndcg@20': 0.0204, 'hit@40': 0.1061, 'ndcg@40': 0.0304} 
2024-10-11 02:46:16.139 | INFO     | trainer_1:_train_one_epoch:193 - epoch 2 10.45s Train loss is [0.7234] 
2024-10-11 02:46:23.950 | INFO     | trainer_1:_train_one_epoch:201 - validate 2 cost time 7.81s, result: {'hit@1': 0.0072, 'ndcg@1': 0.0072, 'hit@5': 0.0291, 'ndcg@5': 0.0179, 'hit@10': 0.0508, 'ndcg@10': 0.0248, 'hit@15': 0.0718, 'ndcg@15': 0.0304, 'hit@20': 0.0906, 'ndcg@20': 0.0348, 'hit@40': 0.1553, 'ndcg@40': 0.048} 
2024-10-11 02:46:31.174 | INFO     | trainer_1:_train_one_epoch:209 - test 2 cost time 7.22s, result: {'hit@1': 0.0041, 'ndcg@1': 0.0041, 'hit@5': 0.0189, 'ndcg@5': 0.0112, 'hit@10': 0.0355, 'ndcg@10': 0.0165, 'hit@15': 0.0504, 'ndcg@15': 0.0204, 'hit@20': 0.064, 'ndcg@20': 0.0236, 'hit@40': 0.1149, 'ndcg@40': 0.034} 
2024-10-11 02:46:50.970 | INFO     | trainer_1:_train_one_epoch:193 - epoch 3 9.02s Train loss is [0.6282] 
2024-10-11 02:46:57.872 | INFO     | trainer_1:_train_one_epoch:201 - validate 3 cost time 6.90s, result: {'hit@1': 0.0101, 'ndcg@1': 0.0101, 'hit@5': 0.033, 'ndcg@5': 0.0214, 'hit@10': 0.0604, 'ndcg@10': 0.0301, 'hit@15': 0.0845, 'ndcg@15': 0.0365, 'hit@20': 0.1061, 'ndcg@20': 0.0416, 'hit@40': 0.1776, 'ndcg@40': 0.0561} 
2024-10-11 02:47:05.033 | INFO     | trainer_1:_train_one_epoch:209 - test 3 cost time 7.16s, result: {'hit@1': 0.005, 'ndcg@1': 0.005, 'hit@5': 0.0226, 'ndcg@5': 0.0136, 'hit@10': 0.0405, 'ndcg@10': 0.0193, 'hit@15': 0.0584, 'ndcg@15': 0.0241, 'hit@20': 0.0737, 'ndcg@20': 0.0277, 'hit@40': 0.1277, 'ndcg@40': 0.0387} 
2024-10-11 02:47:25.124 | INFO     | trainer_1:_train_one_epoch:193 - epoch 4 9.47s Train loss is [0.5779] 
2024-10-11 02:47:31.784 | INFO     | trainer_1:_train_one_epoch:201 - validate 4 cost time 6.66s, result: {'hit@1': 0.0105, 'ndcg@1': 0.0105, 'hit@5': 0.0378, 'ndcg@5': 0.0237, 'hit@10': 0.0683, 'ndcg@10': 0.0335, 'hit@15': 0.0957, 'ndcg@15': 0.0407, 'hit@20': 0.1185, 'ndcg@20': 0.0461, 'hit@40': 0.197, 'ndcg@40': 0.0621} 
2024-10-11 02:47:39.990 | INFO     | trainer_1:_train_one_epoch:209 - test 4 cost time 8.21s, result: {'hit@1': 0.0058, 'ndcg@1': 0.0058, 'hit@5': 0.0244, 'ndcg@5': 0.0149, 'hit@10': 0.0428, 'ndcg@10': 0.0208, 'hit@15': 0.0634, 'ndcg@15': 0.0262, 'hit@20': 0.0817, 'ndcg@20': 0.0305, 'hit@40': 0.1401, 'ndcg@40': 0.0424} 
2024-10-11 02:47:59.799 | INFO     | trainer_1:_train_one_epoch:193 - epoch 5 9.30s Train loss is [0.5442] 
2024-10-11 02:48:05.708 | INFO     | trainer_1:_train_one_epoch:201 - validate 5 cost time 5.91s, result: {'hit@1': 0.012, 'ndcg@1': 0.012, 'hit@5': 0.0431, 'ndcg@5': 0.0273, 'hit@10': 0.0738, 'ndcg@10': 0.0372, 'hit@15': 0.0993, 'ndcg@15': 0.0439, 'hit@20': 0.1222, 'ndcg@20': 0.0493, 'hit@40': 0.1954, 'ndcg@40': 0.0642} 
2024-10-11 02:48:12.013 | INFO     | trainer_1:_train_one_epoch:209 - test 5 cost time 6.30s, result: {'hit@1': 0.0056, 'ndcg@1': 0.0056, 'hit@5': 0.0259, 'ndcg@5': 0.0156, 'hit@10': 0.0456, 'ndcg@10': 0.0219, 'hit@15': 0.0634, 'ndcg@15': 0.0266, 'hit@20': 0.0789, 'ndcg@20': 0.0302, 'hit@40': 0.1342, 'ndcg@40': 0.0415} 
2024-10-11 02:48:32.164 | INFO     | trainer_1:_train_one_epoch:193 - epoch 6 9.69s Train loss is [0.5253] 
2024-10-11 02:48:38.858 | INFO     | trainer_1:_train_one_epoch:201 - validate 6 cost time 6.69s, result: {'hit@1': 0.012, 'ndcg@1': 0.012, 'hit@5': 0.0436, 'ndcg@5': 0.0276, 'hit@10': 0.0739, 'ndcg@10': 0.0373, 'hit@15': 0.1025, 'ndcg@15': 0.0449, 'hit@20': 0.1267, 'ndcg@20': 0.0506, 'hit@40': 0.2077, 'ndcg@40': 0.0671} 
2024-10-11 02:48:45.968 | INFO     | trainer_1:_train_one_epoch:209 - test 6 cost time 7.11s, result: {'hit@1': 0.0063, 'ndcg@1': 0.0063, 'hit@5': 0.0276, 'ndcg@5': 0.0167, 'hit@10': 0.0495, 'ndcg@10': 0.0237, 'hit@15': 0.0677, 'ndcg@15': 0.0285, 'hit@20': 0.0863, 'ndcg@20': 0.0329, 'hit@40': 0.1471, 'ndcg@40': 0.0453} 
2024-10-11 02:49:05.802 | INFO     | trainer_1:_train_one_epoch:193 - epoch 7 9.44s Train loss is [0.5036] 
2024-10-11 02:49:13.466 | INFO     | trainer_1:_train_one_epoch:201 - validate 7 cost time 7.66s, result: {'hit@1': 0.0116, 'ndcg@1': 0.0116, 'hit@5': 0.0448, 'ndcg@5': 0.0282, 'hit@10': 0.0747, 'ndcg@10': 0.0377, 'hit@15': 0.1033, 'ndcg@15': 0.0453, 'hit@20': 0.1266, 'ndcg@20': 0.0508, 'hit@40': 0.2034, 'ndcg@40': 0.0665} 
2024-10-11 02:49:22.371 | INFO     | trainer_1:_train_one_epoch:209 - test 7 cost time 8.90s, result: {'hit@1': 0.0076, 'ndcg@1': 0.0076, 'hit@5': 0.027, 'ndcg@5': 0.0172, 'hit@10': 0.0484, 'ndcg@10': 0.0241, 'hit@15': 0.0668, 'ndcg@15': 0.0289, 'hit@20': 0.0836, 'ndcg@20': 0.0328, 'hit@40': 0.1431, 'ndcg@40': 0.045} 
2024-10-11 02:49:31.310 | INFO     | trainer_1:_train_one_epoch:193 - epoch 8 8.94s Train loss is [0.5065] 
2024-10-11 02:49:39.052 | INFO     | trainer_1:_train_one_epoch:201 - validate 8 cost time 7.74s, result: {'hit@1': 0.0124, 'ndcg@1': 0.0124, 'hit@5': 0.0453, 'ndcg@5': 0.0287, 'hit@10': 0.0759, 'ndcg@10': 0.0385, 'hit@15': 0.101, 'ndcg@15': 0.0451, 'hit@20': 0.1235, 'ndcg@20': 0.0504, 'hit@40': 0.1982, 'ndcg@40': 0.0656} 
2024-10-11 02:49:45.397 | INFO     | trainer_1:_train_one_epoch:209 - test 8 cost time 6.35s, result: {'hit@1': 0.0076, 'ndcg@1': 0.0076, 'hit@5': 0.0275, 'ndcg@5': 0.0175, 'hit@10': 0.0478, 'ndcg@10': 0.024, 'hit@15': 0.0654, 'ndcg@15': 0.0286, 'hit@20': 0.0826, 'ndcg@20': 0.0327, 'hit@40': 0.1386, 'ndcg@40': 0.0441} 
2024-10-11 02:49:54.205 | INFO     | trainer_1:_train_one_epoch:193 - epoch 9 8.81s Train loss is [0.4904] 
2024-10-11 02:50:03.221 | INFO     | trainer_1:_train_one_epoch:201 - validate 9 cost time 9.02s, result: {'hit@1': 0.0108, 'ndcg@1': 0.0108, 'hit@5': 0.0463, 'ndcg@5': 0.0285, 'hit@10': 0.0802, 'ndcg@10': 0.0394, 'hit@15': 0.1115, 'ndcg@15': 0.0477, 'hit@20': 0.1379, 'ndcg@20': 0.0539, 'hit@40': 0.2228, 'ndcg@40': 0.0712} 
2024-10-11 02:50:12.208 | INFO     | trainer_1:_train_one_epoch:209 - test 9 cost time 8.99s, result: {'hit@1': 0.0072, 'ndcg@1': 0.0072, 'hit@5': 0.0303, 'ndcg@5': 0.0188, 'hit@10': 0.0529, 'ndcg@10': 0.0261, 'hit@15': 0.0719, 'ndcg@15': 0.0311, 'hit@20': 0.0915, 'ndcg@20': 0.0357, 'hit@40': 0.1583, 'ndcg@40': 0.0493} 
2024-10-11 02:50:31.420 | INFO     | trainer_1:_train_one_epoch:193 - epoch 10 8.74s Train loss is [0.4768] 
2024-10-11 02:50:40.420 | INFO     | trainer_1:_train_one_epoch:201 - validate 10 cost time 9.00s, result: {'hit@1': 0.0122, 'ndcg@1': 0.0122, 'hit@5': 0.0456, 'ndcg@5': 0.0288, 'hit@10': 0.0793, 'ndcg@10': 0.0396, 'hit@15': 0.1063, 'ndcg@15': 0.0467, 'hit@20': 0.1292, 'ndcg@20': 0.0521, 'hit@40': 0.2045, 'ndcg@40': 0.0674} 
2024-10-11 02:50:49.137 | INFO     | trainer_1:_train_one_epoch:209 - test 10 cost time 8.72s, result: {'hit@1': 0.0068, 'ndcg@1': 0.0068, 'hit@5': 0.0305, 'ndcg@5': 0.0185, 'hit@10': 0.0498, 'ndcg@10': 0.0247, 'hit@15': 0.0685, 'ndcg@15': 0.0296, 'hit@20': 0.0864, 'ndcg@20': 0.0339, 'hit@40': 0.1448, 'ndcg@40': 0.0458} 
2024-10-11 02:50:57.680 | INFO     | trainer_1:_train_one_epoch:193 - epoch 11 8.54s Train loss is [0.4823] 
2024-10-11 02:51:02.771 | INFO     | trainer_1:_train_one_epoch:201 - validate 11 cost time 5.09s, result: {'hit@1': 0.0111, 'ndcg@1': 0.0111, 'hit@5': 0.045, 'ndcg@5': 0.0279, 'hit@10': 0.0797, 'ndcg@10': 0.039, 'hit@15': 0.1086, 'ndcg@15': 0.0466, 'hit@20': 0.1334, 'ndcg@20': 0.0525, 'hit@40': 0.2103, 'ndcg@40': 0.0681} 
2024-10-11 02:51:07.756 | INFO     | trainer_1:_train_one_epoch:209 - test 11 cost time 4.98s, result: {'hit@1': 0.0064, 'ndcg@1': 0.0064, 'hit@5': 0.0291, 'ndcg@5': 0.0176, 'hit@10': 0.0526, 'ndcg@10': 0.0251, 'hit@15': 0.0723, 'ndcg@15': 0.0303, 'hit@20': 0.0901, 'ndcg@20': 0.0345, 'hit@40': 0.1503, 'ndcg@40': 0.0468} 
2024-10-11 02:51:16.411 | INFO     | trainer_1:_train_one_epoch:193 - epoch 12 8.65s Train loss is [0.4655] 
2024-10-11 02:51:21.515 | INFO     | trainer_1:_train_one_epoch:201 - validate 12 cost time 5.10s, result: {'hit@1': 0.011, 'ndcg@1': 0.011, 'hit@5': 0.0443, 'ndcg@5': 0.0273, 'hit@10': 0.0775, 'ndcg@10': 0.0379, 'hit@15': 0.1048, 'ndcg@15': 0.0451, 'hit@20': 0.1272, 'ndcg@20': 0.0504, 'hit@40': 0.2056, 'ndcg@40': 0.0663} 
2024-10-11 02:51:26.440 | INFO     | trainer_1:_train_one_epoch:209 - test 12 cost time 4.92s, result: {'hit@1': 0.0064, 'ndcg@1': 0.0064, 'hit@5': 0.0289, 'ndcg@5': 0.0174, 'hit@10': 0.0522, 'ndcg@10': 0.0249, 'hit@15': 0.0725, 'ndcg@15': 0.0302, 'hit@20': 0.0892, 'ndcg@20': 0.0342, 'hit@40': 0.1483, 'ndcg@40': 0.0462} 
2024-10-11 02:51:35.244 | INFO     | trainer_1:_train_one_epoch:193 - epoch 13 8.80s Train loss is [0.4448] 
2024-10-11 02:51:45.725 | INFO     | trainer_1:_train_one_epoch:201 - validate 13 cost time 10.48s, result: {'hit@1': 0.0112, 'ndcg@1': 0.0112, 'hit@5': 0.0443, 'ndcg@5': 0.0274, 'hit@10': 0.0806, 'ndcg@10': 0.0391, 'hit@15': 0.1097, 'ndcg@15': 0.0468, 'hit@20': 0.1356, 'ndcg@20': 0.0528, 'hit@40': 0.22, 'ndcg@40': 0.07} 
2024-10-11 02:51:55.762 | INFO     | trainer_1:_train_one_epoch:209 - test 13 cost time 10.04s, result: {'hit@1': 0.0064, 'ndcg@1': 0.0064, 'hit@5': 0.0304, 'ndcg@5': 0.0181, 'hit@10': 0.0528, 'ndcg@10': 0.0253, 'hit@15': 0.0726, 'ndcg@15': 0.0305, 'hit@20': 0.0904, 'ndcg@20': 0.0347, 'hit@40': 0.1529, 'ndcg@40': 0.0474} 
2024-10-11 02:52:09.205 | INFO     | trainer_1:_train_one_epoch:193 - epoch 14 13.44s Train loss is [0.4454] 
2024-10-11 02:52:19.449 | INFO     | trainer_1:_train_one_epoch:201 - validate 14 cost time 10.24s, result: {'hit@1': 0.012, 'ndcg@1': 0.012, 'hit@5': 0.0442, 'ndcg@5': 0.028, 'hit@10': 0.0796, 'ndcg@10': 0.0393, 'hit@15': 0.1077, 'ndcg@15': 0.0467, 'hit@20': 0.1311, 'ndcg@20': 0.0523, 'hit@40': 0.2124, 'ndcg@40': 0.0688} 
2024-10-11 02:52:29.177 | INFO     | trainer_1:_train_one_epoch:209 - test 14 cost time 9.73s, result: {'hit@1': 0.0076, 'ndcg@1': 0.0076, 'hit@5': 0.0299, 'ndcg@5': 0.0186, 'hit@10': 0.0529, 'ndcg@10': 0.026, 'hit@15': 0.0722, 'ndcg@15': 0.0311, 'hit@20': 0.09, 'ndcg@20': 0.0353, 'hit@40': 0.1512, 'ndcg@40': 0.0477} 
2024-10-11 02:52:38.119 | INFO     | trainer_1:_train_one_epoch:193 - epoch 15 8.94s Train loss is [0.4341] 
2024-10-11 02:52:48.057 | INFO     | trainer_1:_train_one_epoch:201 - validate 15 cost time 9.94s, result: {'hit@1': 0.0107, 'ndcg@1': 0.0107, 'hit@5': 0.0438, 'ndcg@5': 0.0272, 'hit@10': 0.0745, 'ndcg@10': 0.037, 'hit@15': 0.1023, 'ndcg@15': 0.0444, 'hit@20': 0.1294, 'ndcg@20': 0.0508, 'hit@40': 0.2101, 'ndcg@40': 0.0672} 
2024-10-11 02:52:58.023 | INFO     | trainer_1:_train_one_epoch:209 - test 15 cost time 9.97s, result: {'hit@1': 0.0079, 'ndcg@1': 0.0079, 'hit@5': 0.0304, 'ndcg@5': 0.0189, 'hit@10': 0.0532, 'ndcg@10': 0.0262, 'hit@15': 0.0734, 'ndcg@15': 0.0315, 'hit@20': 0.0895, 'ndcg@20': 0.0353, 'hit@40': 0.1484, 'ndcg@40': 0.0473} 
2024-10-11 02:53:19.388 | INFO     | trainer_1:_train_one_epoch:193 - epoch 16 10.40s Train loss is [0.4397] 
2024-10-11 02:53:29.326 | INFO     | trainer_1:_train_one_epoch:201 - validate 16 cost time 9.94s, result: {'hit@1': 0.0117, 'ndcg@1': 0.0117, 'hit@5': 0.0469, 'ndcg@5': 0.0292, 'hit@10': 0.079, 'ndcg@10': 0.0394, 'hit@15': 0.1066, 'ndcg@15': 0.0467, 'hit@20': 0.1321, 'ndcg@20': 0.0527, 'hit@40': 0.211, 'ndcg@40': 0.0687} 
2024-10-11 02:53:39.039 | INFO     | trainer_1:_train_one_epoch:209 - test 16 cost time 9.71s, result: {'hit@1': 0.0075, 'ndcg@1': 0.0075, 'hit@5': 0.0321, 'ndcg@5': 0.0196, 'hit@10': 0.0546, 'ndcg@10': 0.0268, 'hit@15': 0.0755, 'ndcg@15': 0.0323, 'hit@20': 0.0916, 'ndcg@20': 0.0361, 'hit@40': 0.1506, 'ndcg@40': 0.0481} 
2024-10-11 02:54:01.033 | INFO     | trainer_1:_train_one_epoch:193 - epoch 17 11.48s Train loss is [0.4323] 
2024-10-11 02:54:11.373 | INFO     | trainer_1:_train_one_epoch:201 - validate 17 cost time 10.34s, result: {'hit@1': 0.0117, 'ndcg@1': 0.0117, 'hit@5': 0.0451, 'ndcg@5': 0.0283, 'hit@10': 0.0786, 'ndcg@10': 0.039, 'hit@15': 0.1062, 'ndcg@15': 0.0463, 'hit@20': 0.1316, 'ndcg@20': 0.0523, 'hit@40': 0.2115, 'ndcg@40': 0.0685} 
2024-10-11 02:54:21.300 | INFO     | trainer_1:_train_one_epoch:209 - test 17 cost time 9.93s, result: {'hit@1': 0.0079, 'ndcg@1': 0.0079, 'hit@5': 0.0306, 'ndcg@5': 0.0192, 'hit@10': 0.0532, 'ndcg@10': 0.0265, 'hit@15': 0.0725, 'ndcg@15': 0.0316, 'hit@20': 0.0897, 'ndcg@20': 0.0357, 'hit@40': 0.1537, 'ndcg@40': 0.0487} 
2024-10-11 02:54:30.421 | INFO     | trainer_1:_train_one_epoch:193 - epoch 18 9.12s Train loss is [0.4125] 
2024-10-11 02:54:40.326 | INFO     | trainer_1:_train_one_epoch:201 - validate 18 cost time 9.91s, result: {'hit@1': 0.0129, 'ndcg@1': 0.0129, 'hit@5': 0.0492, 'ndcg@5': 0.031, 'hit@10': 0.0829, 'ndcg@10': 0.0418, 'hit@15': 0.1102, 'ndcg@15': 0.049, 'hit@20': 0.1342, 'ndcg@20': 0.0546, 'hit@40': 0.2134, 'ndcg@40': 0.0708} 
2024-10-11 02:54:50.048 | INFO     | trainer_1:_train_one_epoch:209 - test 18 cost time 9.72s, result: {'hit@1': 0.008, 'ndcg@1': 0.008, 'hit@5': 0.0323, 'ndcg@5': 0.0201, 'hit@10': 0.0554, 'ndcg@10': 0.0275, 'hit@15': 0.0752, 'ndcg@15': 0.0328, 'hit@20': 0.0927, 'ndcg@20': 0.0369, 'hit@40': 0.1525, 'ndcg@40': 0.0491} 
2024-10-11 02:55:10.664 | INFO     | trainer_1:_train_one_epoch:193 - epoch 19 9.79s Train loss is [0.4151] 
2024-10-11 02:55:20.765 | INFO     | trainer_1:_train_one_epoch:201 - validate 19 cost time 10.10s, result: {'hit@1': 0.0128, 'ndcg@1': 0.0128, 'hit@5': 0.0501, 'ndcg@5': 0.0313, 'hit@10': 0.0859, 'ndcg@10': 0.0428, 'hit@15': 0.1161, 'ndcg@15': 0.0508, 'hit@20': 0.1414, 'ndcg@20': 0.0567, 'hit@40': 0.2227, 'ndcg@40': 0.0733} 
2024-10-11 02:55:30.450 | INFO     | trainer_1:_train_one_epoch:209 - test 19 cost time 9.69s, result: {'hit@1': 0.0079, 'ndcg@1': 0.0079, 'hit@5': 0.0337, 'ndcg@5': 0.0207, 'hit@10': 0.0571, 'ndcg@10': 0.0282, 'hit@15': 0.0786, 'ndcg@15': 0.0339, 'hit@20': 0.0953, 'ndcg@20': 0.0378, 'hit@40': 0.1574, 'ndcg@40': 0.0505} 
2024-10-11 02:55:49.625 | INFO     | trainer_1:_train_one_epoch:193 - epoch 20 8.67s Train loss is [0.4038] 
2024-10-11 02:55:59.478 | INFO     | trainer_1:_train_one_epoch:201 - validate 20 cost time 9.85s, result: {'hit@1': 0.0132, 'ndcg@1': 0.0132, 'hit@5': 0.0505, 'ndcg@5': 0.0317, 'hit@10': 0.0846, 'ndcg@10': 0.0426, 'hit@15': 0.1095, 'ndcg@15': 0.0492, 'hit@20': 0.1344, 'ndcg@20': 0.0551, 'hit@40': 0.2162, 'ndcg@40': 0.0717} 
2024-10-11 02:56:09.155 | INFO     | trainer_1:_train_one_epoch:209 - test 20 cost time 9.68s, result: {'hit@1': 0.0084, 'ndcg@1': 0.0084, 'hit@5': 0.0326, 'ndcg@5': 0.0205, 'hit@10': 0.0559, 'ndcg@10': 0.028, 'hit@15': 0.0751, 'ndcg@15': 0.0331, 'hit@20': 0.0931, 'ndcg@20': 0.0373, 'hit@40': 0.1519, 'ndcg@40': 0.0493} 
2024-10-11 02:56:17.945 | INFO     | trainer_1:_train_one_epoch:193 - epoch 21 8.79s Train loss is [0.3959] 
2024-10-11 02:56:27.815 | INFO     | trainer_1:_train_one_epoch:201 - validate 21 cost time 9.87s, result: {'hit@1': 0.0138, 'ndcg@1': 0.0138, 'hit@5': 0.0503, 'ndcg@5': 0.032, 'hit@10': 0.0847, 'ndcg@10': 0.043, 'hit@15': 0.1143, 'ndcg@15': 0.0508, 'hit@20': 0.1389, 'ndcg@20': 0.0566, 'hit@40': 0.2207, 'ndcg@40': 0.0733} 
2024-10-11 02:56:37.503 | INFO     | trainer_1:_train_one_epoch:209 - test 21 cost time 9.69s, result: {'hit@1': 0.0095, 'ndcg@1': 0.0095, 'hit@5': 0.0332, 'ndcg@5': 0.0212, 'hit@10': 0.0565, 'ndcg@10': 0.0288, 'hit@15': 0.0761, 'ndcg@15': 0.0339, 'hit@20': 0.0948, 'ndcg@20': 0.0383, 'hit@40': 0.1555, 'ndcg@40': 0.0507} 
2024-10-11 02:56:46.591 | INFO     | trainer_1:_train_one_epoch:193 - epoch 22 9.09s Train loss is [0.4014] 
2024-10-11 02:56:56.513 | INFO     | trainer_1:_train_one_epoch:201 - validate 22 cost time 9.92s, result: {'hit@1': 0.0139, 'ndcg@1': 0.0139, 'hit@5': 0.0523, 'ndcg@5': 0.0331, 'hit@10': 0.0894, 'ndcg@10': 0.045, 'hit@15': 0.1191, 'ndcg@15': 0.0528, 'hit@20': 0.1453, 'ndcg@20': 0.059, 'hit@40': 0.2317, 'ndcg@40': 0.0766} 
2024-10-11 02:57:06.189 | INFO     | trainer_1:_train_one_epoch:209 - test 22 cost time 9.68s, result: {'hit@1': 0.0093, 'ndcg@1': 0.0093, 'hit@5': 0.036, 'ndcg@5': 0.0225, 'hit@10': 0.0602, 'ndcg@10': 0.0303, 'hit@15': 0.0812, 'ndcg@15': 0.0359, 'hit@20': 0.0991, 'ndcg@20': 0.0401, 'hit@40': 0.1638, 'ndcg@40': 0.0532} 
2024-10-11 02:57:25.280 | INFO     | trainer_1:_train_one_epoch:193 - epoch 23 8.66s Train loss is [0.3872] 
2024-10-11 02:57:35.149 | INFO     | trainer_1:_train_one_epoch:201 - validate 23 cost time 9.87s, result: {'hit@1': 0.0128, 'ndcg@1': 0.0128, 'hit@5': 0.048, 'ndcg@5': 0.0302, 'hit@10': 0.0829, 'ndcg@10': 0.0413, 'hit@15': 0.1114, 'ndcg@15': 0.0488, 'hit@20': 0.1369, 'ndcg@20': 0.0549, 'hit@40': 0.2199, 'ndcg@40': 0.0718} 
2024-10-11 02:57:44.847 | INFO     | trainer_1:_train_one_epoch:209 - test 23 cost time 9.70s, result: {'hit@1': 0.009, 'ndcg@1': 0.009, 'hit@5': 0.0318, 'ndcg@5': 0.0203, 'hit@10': 0.0539, 'ndcg@10': 0.0274, 'hit@15': 0.0753, 'ndcg@15': 0.033, 'hit@20': 0.0926, 'ndcg@20': 0.0371, 'hit@40': 0.1573, 'ndcg@40': 0.0502} 
2024-10-11 02:57:53.967 | INFO     | trainer_1:_train_one_epoch:193 - epoch 24 9.12s Train loss is [0.3829] 
2024-10-11 02:58:03.819 | INFO     | trainer_1:_train_one_epoch:201 - validate 24 cost time 9.85s, result: {'hit@1': 0.0141, 'ndcg@1': 0.0141, 'hit@5': 0.0498, 'ndcg@5': 0.032, 'hit@10': 0.0828, 'ndcg@10': 0.0426, 'hit@15': 0.1106, 'ndcg@15': 0.05, 'hit@20': 0.1356, 'ndcg@20': 0.0559, 'hit@40': 0.2163, 'ndcg@40': 0.0723} 
2024-10-11 02:58:13.485 | INFO     | trainer_1:_train_one_epoch:209 - test 24 cost time 9.67s, result: {'hit@1': 0.0087, 'ndcg@1': 0.0087, 'hit@5': 0.0332, 'ndcg@5': 0.0211, 'hit@10': 0.055, 'ndcg@10': 0.0281, 'hit@15': 0.0749, 'ndcg@15': 0.0333, 'hit@20': 0.093, 'ndcg@20': 0.0376, 'hit@40': 0.1545, 'ndcg@40': 0.0501} 
2024-10-11 02:58:22.109 | INFO     | trainer_1:_train_one_epoch:193 - epoch 25 8.62s Train loss is [0.3808] 
2024-10-11 02:58:31.997 | INFO     | trainer_1:_train_one_epoch:201 - validate 25 cost time 9.89s, result: {'hit@1': 0.0134, 'ndcg@1': 0.0134, 'hit@5': 0.0557, 'ndcg@5': 0.0346, 'hit@10': 0.0919, 'ndcg@10': 0.0462, 'hit@15': 0.123, 'ndcg@15': 0.0544, 'hit@20': 0.1496, 'ndcg@20': 0.0607, 'hit@40': 0.2386, 'ndcg@40': 0.0788} 
2024-10-11 02:58:41.682 | INFO     | trainer_1:_train_one_epoch:209 - test 25 cost time 9.68s, result: {'hit@1': 0.0104, 'ndcg@1': 0.0104, 'hit@5': 0.0348, 'ndcg@5': 0.0226, 'hit@10': 0.0596, 'ndcg@10': 0.0306, 'hit@15': 0.0817, 'ndcg@15': 0.0364, 'hit@20': 0.1002, 'ndcg@20': 0.0408, 'hit@40': 0.1657, 'ndcg@40': 0.0541} 
2024-10-11 02:58:50.467 | INFO     | trainer_1:_train_one_epoch:193 - epoch 26 8.78s Train loss is [0.3871] 
2024-10-11 02:59:00.324 | INFO     | trainer_1:_train_one_epoch:201 - validate 26 cost time 9.86s, result: {'hit@1': 0.0152, 'ndcg@1': 0.0152, 'hit@5': 0.0552, 'ndcg@5': 0.0353, 'hit@10': 0.0913, 'ndcg@10': 0.047, 'hit@15': 0.1215, 'ndcg@15': 0.0549, 'hit@20': 0.1491, 'ndcg@20': 0.0615, 'hit@40': 0.2348, 'ndcg@40': 0.0789} 
2024-10-11 02:59:09.984 | INFO     | trainer_1:_train_one_epoch:209 - test 26 cost time 9.66s, result: {'hit@1': 0.0106, 'ndcg@1': 0.0106, 'hit@5': 0.0364, 'ndcg@5': 0.0235, 'hit@10': 0.0605, 'ndcg@10': 0.0312, 'hit@15': 0.0817, 'ndcg@15': 0.0368, 'hit@20': 0.0995, 'ndcg@20': 0.041, 'hit@40': 0.1638, 'ndcg@40': 0.054} 
2024-10-11 02:59:30.646 | INFO     | trainer_1:_train_one_epoch:193 - epoch 27 9.58s Train loss is [0.3698] 
2024-10-11 02:59:40.509 | INFO     | trainer_1:_train_one_epoch:201 - validate 27 cost time 9.86s, result: {'hit@1': 0.0149, 'ndcg@1': 0.0149, 'hit@5': 0.0534, 'ndcg@5': 0.0343, 'hit@10': 0.0878, 'ndcg@10': 0.0453, 'hit@15': 0.1161, 'ndcg@15': 0.0528, 'hit@20': 0.1433, 'ndcg@20': 0.0592, 'hit@40': 0.2265, 'ndcg@40': 0.0761} 
2024-10-11 02:59:50.180 | INFO     | trainer_1:_train_one_epoch:209 - test 27 cost time 9.67s, result: {'hit@1': 0.0096, 'ndcg@1': 0.0096, 'hit@5': 0.0345, 'ndcg@5': 0.0223, 'hit@10': 0.0593, 'ndcg@10': 0.0302, 'hit@15': 0.0797, 'ndcg@15': 0.0356, 'hit@20': 0.097, 'ndcg@20': 0.0397, 'hit@40': 0.1572, 'ndcg@40': 0.0519} 
2024-10-11 02:59:58.861 | INFO     | trainer_1:_train_one_epoch:193 - epoch 28 8.68s Train loss is [0.3743] 
2024-10-11 03:00:08.738 | INFO     | trainer_1:_train_one_epoch:201 - validate 28 cost time 9.88s, result: {'hit@1': 0.0143, 'ndcg@1': 0.0143, 'hit@5': 0.0567, 'ndcg@5': 0.0354, 'hit@10': 0.0918, 'ndcg@10': 0.0467, 'hit@15': 0.1227, 'ndcg@15': 0.0548, 'hit@20': 0.1483, 'ndcg@20': 0.0609, 'hit@40': 0.2321, 'ndcg@40': 0.0779} 
2024-10-11 03:00:18.424 | INFO     | trainer_1:_train_one_epoch:209 - test 28 cost time 9.69s, result: {'hit@1': 0.0109, 'ndcg@1': 0.0109, 'hit@5': 0.0365, 'ndcg@5': 0.0237, 'hit@10': 0.0623, 'ndcg@10': 0.032, 'hit@15': 0.0839, 'ndcg@15': 0.0377, 'hit@20': 0.101, 'ndcg@20': 0.0417, 'hit@40': 0.1643, 'ndcg@40': 0.0546} 
2024-10-11 03:00:37.814 | INFO     | trainer_1:_train_one_epoch:193 - epoch 29 8.72s Train loss is [0.3770] 
2024-10-11 03:00:47.664 | INFO     | trainer_1:_train_one_epoch:201 - validate 29 cost time 9.85s, result: {'hit@1': 0.0157, 'ndcg@1': 0.0157, 'hit@5': 0.0548, 'ndcg@5': 0.0351, 'hit@10': 0.0912, 'ndcg@10': 0.0468, 'hit@15': 0.1223, 'ndcg@15': 0.055, 'hit@20': 0.1515, 'ndcg@20': 0.0619, 'hit@40': 0.239, 'ndcg@40': 0.0797} 
2024-10-11 03:00:57.349 | INFO     | trainer_1:_train_one_epoch:209 - test 29 cost time 9.68s, result: {'hit@1': 0.0108, 'ndcg@1': 0.0108, 'hit@5': 0.0378, 'ndcg@5': 0.0243, 'hit@10': 0.0624, 'ndcg@10': 0.0322, 'hit@15': 0.0841, 'ndcg@15': 0.038, 'hit@20': 0.1033, 'ndcg@20': 0.0425, 'hit@40': 0.171, 'ndcg@40': 0.0562} 
2024-10-11 03:01:16.639 | INFO     | trainer_1:_train_one_epoch:193 - epoch 30 8.75s Train loss is [0.3753] 
2024-10-11 03:01:26.514 | INFO     | trainer_1:_train_one_epoch:201 - validate 30 cost time 9.87s, result: {'hit@1': 0.0158, 'ndcg@1': 0.0158, 'hit@5': 0.0563, 'ndcg@5': 0.0361, 'hit@10': 0.0931, 'ndcg@10': 0.0479, 'hit@15': 0.1235, 'ndcg@15': 0.0559, 'hit@20': 0.151, 'ndcg@20': 0.0624, 'hit@40': 0.2385, 'ndcg@40': 0.0802} 
2024-10-11 03:01:36.191 | INFO     | trainer_1:_train_one_epoch:209 - test 30 cost time 9.68s, result: {'hit@1': 0.0109, 'ndcg@1': 0.0109, 'hit@5': 0.0373, 'ndcg@5': 0.0239, 'hit@10': 0.0619, 'ndcg@10': 0.0318, 'hit@15': 0.0832, 'ndcg@15': 0.0373, 'hit@20': 0.1026, 'ndcg@20': 0.0419, 'hit@40': 0.1647, 'ndcg@40': 0.0546} 
2024-10-11 03:01:45.635 | INFO     | trainer_1:_train_one_epoch:193 - epoch 31 9.44s Train loss is [0.3745] 
2024-10-11 03:01:55.559 | INFO     | trainer_1:_train_one_epoch:201 - validate 31 cost time 9.92s, result: {'hit@1': 0.016, 'ndcg@1': 0.016, 'hit@5': 0.057, 'ndcg@5': 0.0366, 'hit@10': 0.0935, 'ndcg@10': 0.0483, 'hit@15': 0.124, 'ndcg@15': 0.0563, 'hit@20': 0.1514, 'ndcg@20': 0.0628, 'hit@40': 0.2355, 'ndcg@40': 0.0799} 
2024-10-11 03:02:05.233 | INFO     | trainer_1:_train_one_epoch:209 - test 31 cost time 9.67s, result: {'hit@1': 0.0109, 'ndcg@1': 0.0109, 'hit@5': 0.0382, 'ndcg@5': 0.0245, 'hit@10': 0.0647, 'ndcg@10': 0.0329, 'hit@15': 0.0863, 'ndcg@15': 0.0386, 'hit@20': 0.1055, 'ndcg@20': 0.0431, 'hit@40': 0.1691, 'ndcg@40': 0.0561} 
2024-10-11 03:02:25.034 | INFO     | trainer_1:_train_one_epoch:193 - epoch 32 9.21s Train loss is [0.3667] 
2024-10-11 03:02:34.981 | INFO     | trainer_1:_train_one_epoch:201 - validate 32 cost time 9.95s, result: {'hit@1': 0.0155, 'ndcg@1': 0.0155, 'hit@5': 0.0555, 'ndcg@5': 0.0355, 'hit@10': 0.0942, 'ndcg@10': 0.0478, 'hit@15': 0.1261, 'ndcg@15': 0.0562, 'hit@20': 0.1549, 'ndcg@20': 0.063, 'hit@40': 0.2428, 'ndcg@40': 0.0809} 
2024-10-11 03:02:44.672 | INFO     | trainer_1:_train_one_epoch:209 - test 32 cost time 9.69s, result: {'hit@1': 0.0104, 'ndcg@1': 0.0104, 'hit@5': 0.039, 'ndcg@5': 0.0245, 'hit@10': 0.065, 'ndcg@10': 0.0329, 'hit@15': 0.0861, 'ndcg@15': 0.0385, 'hit@20': 0.1067, 'ndcg@20': 0.0433, 'hit@40': 0.1736, 'ndcg@40': 0.0569} 
2024-10-11 03:03:04.155 | INFO     | trainer_1:_train_one_epoch:193 - epoch 33 8.75s Train loss is [0.3494] 
2024-10-11 03:03:14.070 | INFO     | trainer_1:_train_one_epoch:201 - validate 33 cost time 9.91s, result: {'hit@1': 0.015, 'ndcg@1': 0.015, 'hit@5': 0.0559, 'ndcg@5': 0.0356, 'hit@10': 0.0938, 'ndcg@10': 0.0478, 'hit@15': 0.127, 'ndcg@15': 0.0566, 'hit@20': 0.1545, 'ndcg@20': 0.0631, 'hit@40': 0.2487, 'ndcg@40': 0.0823} 
2024-10-11 03:03:23.748 | INFO     | trainer_1:_train_one_epoch:209 - test 33 cost time 9.68s, result: {'hit@1': 0.0111, 'ndcg@1': 0.0111, 'hit@5': 0.0401, 'ndcg@5': 0.0255, 'hit@10': 0.0655, 'ndcg@10': 0.0337, 'hit@15': 0.0874, 'ndcg@15': 0.0395, 'hit@20': 0.1076, 'ndcg@20': 0.0442, 'hit@40': 0.1743, 'ndcg@40': 0.0578} 
2024-10-11 03:03:43.042 | INFO     | trainer_1:_train_one_epoch:193 - epoch 34 8.76s Train loss is [0.3599] 
2024-10-11 03:03:52.908 | INFO     | trainer_1:_train_one_epoch:201 - validate 34 cost time 9.87s, result: {'hit@1': 0.015, 'ndcg@1': 0.015, 'hit@5': 0.0554, 'ndcg@5': 0.0352, 'hit@10': 0.0897, 'ndcg@10': 0.0461, 'hit@15': 0.1189, 'ndcg@15': 0.0539, 'hit@20': 0.1464, 'ndcg@20': 0.0604, 'hit@40': 0.2349, 'ndcg@40': 0.0784} 
2024-10-11 03:04:02.588 | INFO     | trainer_1:_train_one_epoch:209 - test 34 cost time 9.68s, result: {'hit@1': 0.0114, 'ndcg@1': 0.0114, 'hit@5': 0.0387, 'ndcg@5': 0.0251, 'hit@10': 0.0648, 'ndcg@10': 0.0336, 'hit@15': 0.087, 'ndcg@15': 0.0394, 'hit@20': 0.106, 'ndcg@20': 0.0439, 'hit@40': 0.1704, 'ndcg@40': 0.057} 
2024-10-11 03:04:12.034 | INFO     | trainer_1:_train_one_epoch:193 - epoch 35 9.45s Train loss is [0.3546] 
2024-10-11 03:04:21.892 | INFO     | trainer_1:_train_one_epoch:201 - validate 35 cost time 9.86s, result: {'hit@1': 0.0151, 'ndcg@1': 0.0151, 'hit@5': 0.0548, 'ndcg@5': 0.035, 'hit@10': 0.0908, 'ndcg@10': 0.0465, 'hit@15': 0.1206, 'ndcg@15': 0.0544, 'hit@20': 0.1486, 'ndcg@20': 0.061, 'hit@40': 0.2372, 'ndcg@40': 0.079} 
2024-10-11 03:04:31.569 | INFO     | trainer_1:_train_one_epoch:209 - test 35 cost time 9.68s, result: {'hit@1': 0.0112, 'ndcg@1': 0.0112, 'hit@5': 0.0376, 'ndcg@5': 0.0244, 'hit@10': 0.0627, 'ndcg@10': 0.0324, 'hit@15': 0.0833, 'ndcg@15': 0.0378, 'hit@20': 0.1042, 'ndcg@20': 0.0428, 'hit@40': 0.1691, 'ndcg@40': 0.056} 
2024-10-11 03:04:40.199 | INFO     | trainer_1:_train_one_epoch:193 - epoch 36 8.63s Train loss is [0.3575] 
2024-10-11 03:04:50.083 | INFO     | trainer_1:_train_one_epoch:201 - validate 36 cost time 9.88s, result: {'hit@1': 0.0152, 'ndcg@1': 0.0152, 'hit@5': 0.0561, 'ndcg@5': 0.0356, 'hit@10': 0.0917, 'ndcg@10': 0.047, 'hit@15': 0.1232, 'ndcg@15': 0.0553, 'hit@20': 0.1528, 'ndcg@20': 0.0623, 'hit@40': 0.242, 'ndcg@40': 0.0804} 
2024-10-11 03:04:59.766 | INFO     | trainer_1:_train_one_epoch:209 - test 36 cost time 9.68s, result: {'hit@1': 0.0103, 'ndcg@1': 0.0103, 'hit@5': 0.0371, 'ndcg@5': 0.0236, 'hit@10': 0.0625, 'ndcg@10': 0.0318, 'hit@15': 0.0849, 'ndcg@15': 0.0377, 'hit@20': 0.1049, 'ndcg@20': 0.0424, 'hit@40': 0.1707, 'ndcg@40': 0.0558} 
2024-10-11 03:05:08.534 | INFO     | trainer_1:_train_one_epoch:193 - epoch 37 8.77s Train loss is [0.3624] 
2024-10-11 03:05:18.389 | INFO     | trainer_1:_train_one_epoch:201 - validate 37 cost time 9.85s, result: {'hit@1': 0.0154, 'ndcg@1': 0.0154, 'hit@5': 0.0581, 'ndcg@5': 0.0367, 'hit@10': 0.0964, 'ndcg@10': 0.049, 'hit@15': 0.1301, 'ndcg@15': 0.0579, 'hit@20': 0.1581, 'ndcg@20': 0.0645, 'hit@40': 0.2474, 'ndcg@40': 0.0827} 
2024-10-11 03:05:28.048 | INFO     | trainer_1:_train_one_epoch:209 - test 37 cost time 9.66s, result: {'hit@1': 0.0112, 'ndcg@1': 0.0112, 'hit@5': 0.0399, 'ndcg@5': 0.0255, 'hit@10': 0.0656, 'ndcg@10': 0.0337, 'hit@15': 0.0889, 'ndcg@15': 0.0399, 'hit@20': 0.109, 'ndcg@20': 0.0446, 'hit@40': 0.1794, 'ndcg@40': 0.0589} 
2024-10-11 03:05:48.384 | INFO     | trainer_1:_train_one_epoch:193 - epoch 38 9.69s Train loss is [0.3417] 
2024-10-11 03:05:58.320 | INFO     | trainer_1:_train_one_epoch:201 - validate 38 cost time 9.94s, result: {'hit@1': 0.0163, 'ndcg@1': 0.0163, 'hit@5': 0.0567, 'ndcg@5': 0.0365, 'hit@10': 0.0938, 'ndcg@10': 0.0484, 'hit@15': 0.1249, 'ndcg@15': 0.0566, 'hit@20': 0.1544, 'ndcg@20': 0.0636, 'hit@40': 0.242, 'ndcg@40': 0.0814} 
2024-10-11 03:06:07.989 | INFO     | trainer_1:_train_one_epoch:209 - test 38 cost time 9.67s, result: {'hit@1': 0.0113, 'ndcg@1': 0.0113, 'hit@5': 0.0392, 'ndcg@5': 0.0251, 'hit@10': 0.0647, 'ndcg@10': 0.0333, 'hit@15': 0.0863, 'ndcg@15': 0.039, 'hit@20': 0.1053, 'ndcg@20': 0.0435, 'hit@40': 0.1722, 'ndcg@40': 0.057} 
2024-10-11 03:06:16.821 | INFO     | trainer_1:_train_one_epoch:193 - epoch 39 8.83s Train loss is [0.3443] 
2024-10-11 03:06:26.753 | INFO     | trainer_1:_train_one_epoch:201 - validate 39 cost time 9.93s, result: {'hit@1': 0.0154, 'ndcg@1': 0.0154, 'hit@5': 0.058, 'ndcg@5': 0.0366, 'hit@10': 0.0969, 'ndcg@10': 0.0491, 'hit@15': 0.1281, 'ndcg@15': 0.0573, 'hit@20': 0.1546, 'ndcg@20': 0.0635, 'hit@40': 0.2455, 'ndcg@40': 0.0821} 
2024-10-11 03:06:36.418 | INFO     | trainer_1:_train_one_epoch:209 - test 39 cost time 9.67s, result: {'hit@1': 0.0115, 'ndcg@1': 0.0115, 'hit@5': 0.0397, 'ndcg@5': 0.0255, 'hit@10': 0.0667, 'ndcg@10': 0.0341, 'hit@15': 0.0904, 'ndcg@15': 0.0404, 'hit@20': 0.1105, 'ndcg@20': 0.0451, 'hit@40': 0.1791, 'ndcg@40': 0.059} 
2024-10-11 03:06:55.622 | INFO     | trainer_1:_train_one_epoch:193 - epoch 40 8.73s Train loss is [0.3445] 
2024-10-11 03:07:05.498 | INFO     | trainer_1:_train_one_epoch:201 - validate 40 cost time 9.88s, result: {'hit@1': 0.0157, 'ndcg@1': 0.0157, 'hit@5': 0.0581, 'ndcg@5': 0.0371, 'hit@10': 0.0951, 'ndcg@10': 0.0491, 'hit@15': 0.1273, 'ndcg@15': 0.0575, 'hit@20': 0.157, 'ndcg@20': 0.0645, 'hit@40': 0.2448, 'ndcg@40': 0.0824} 
2024-10-11 03:07:15.192 | INFO     | trainer_1:_train_one_epoch:209 - test 40 cost time 9.69s, result: {'hit@1': 0.0116, 'ndcg@1': 0.0116, 'hit@5': 0.0383, 'ndcg@5': 0.025, 'hit@10': 0.0654, 'ndcg@10': 0.0337, 'hit@15': 0.0884, 'ndcg@15': 0.0397, 'hit@20': 0.1079, 'ndcg@20': 0.0443, 'hit@40': 0.1759, 'ndcg@40': 0.0581} 
2024-10-11 03:07:24.527 | INFO     | trainer_1:_train_one_epoch:193 - epoch 41 9.33s Train loss is [0.3488] 
2024-10-11 03:07:34.374 | INFO     | trainer_1:_train_one_epoch:201 - validate 41 cost time 9.85s, result: {'hit@1': 0.0167, 'ndcg@1': 0.0167, 'hit@5': 0.0582, 'ndcg@5': 0.0375, 'hit@10': 0.0968, 'ndcg@10': 0.0499, 'hit@15': 0.1267, 'ndcg@15': 0.0577, 'hit@20': 0.1538, 'ndcg@20': 0.0641, 'hit@40': 0.2445, 'ndcg@40': 0.0826} 
2024-10-11 03:07:44.040 | INFO     | trainer_1:_train_one_epoch:209 - test 41 cost time 9.67s, result: {'hit@1': 0.0108, 'ndcg@1': 0.0108, 'hit@5': 0.0392, 'ndcg@5': 0.025, 'hit@10': 0.0656, 'ndcg@10': 0.0335, 'hit@15': 0.0886, 'ndcg@15': 0.0395, 'hit@20': 0.1087, 'ndcg@20': 0.0443, 'hit@40': 0.176, 'ndcg@40': 0.0579} 
2024-10-11 03:07:52.623 | INFO     | trainer_1:_train_one_epoch:193 - epoch 42 8.58s Train loss is [0.3387] 
2024-10-11 03:08:02.426 | INFO     | trainer_1:_train_one_epoch:201 - validate 42 cost time 9.80s, result: {'hit@1': 0.0176, 'ndcg@1': 0.0176, 'hit@5': 0.0641, 'ndcg@5': 0.0407, 'hit@10': 0.1039, 'ndcg@10': 0.0534, 'hit@15': 0.1362, 'ndcg@15': 0.0619, 'hit@20': 0.1652, 'ndcg@20': 0.0687, 'hit@40': 0.2562, 'ndcg@40': 0.0873} 
2024-10-11 03:08:12.097 | INFO     | trainer_1:_train_one_epoch:209 - test 42 cost time 9.67s, result: {'hit@1': 0.0105, 'ndcg@1': 0.0105, 'hit@5': 0.0413, 'ndcg@5': 0.026, 'hit@10': 0.0686, 'ndcg@10': 0.0348, 'hit@15': 0.0911, 'ndcg@15': 0.0407, 'hit@20': 0.1121, 'ndcg@20': 0.0457, 'hit@40': 0.1822, 'ndcg@40': 0.0599} 
2024-10-11 03:08:31.315 | INFO     | trainer_1:_train_one_epoch:193 - epoch 43 8.69s Train loss is [0.3386] 
2024-10-11 03:08:41.166 | INFO     | trainer_1:_train_one_epoch:201 - validate 43 cost time 9.85s, result: {'hit@1': 0.0167, 'ndcg@1': 0.0167, 'hit@5': 0.0587, 'ndcg@5': 0.0377, 'hit@10': 0.0989, 'ndcg@10': 0.0506, 'hit@15': 0.1306, 'ndcg@15': 0.059, 'hit@20': 0.1597, 'ndcg@20': 0.0658, 'hit@40': 0.2514, 'ndcg@40': 0.0845} 
2024-10-11 03:08:50.831 | INFO     | trainer_1:_train_one_epoch:209 - test 43 cost time 9.67s, result: {'hit@1': 0.0111, 'ndcg@1': 0.0111, 'hit@5': 0.0406, 'ndcg@5': 0.0257, 'hit@10': 0.0681, 'ndcg@10': 0.0344, 'hit@15': 0.0908, 'ndcg@15': 0.0404, 'hit@20': 0.1114, 'ndcg@20': 0.0453, 'hit@40': 0.1784, 'ndcg@40': 0.0589} 
2024-10-11 03:08:59.510 | INFO     | trainer_1:_train_one_epoch:193 - epoch 44 8.68s Train loss is [0.3464] 
2024-10-11 03:09:09.348 | INFO     | trainer_1:_train_one_epoch:201 - validate 44 cost time 9.84s, result: {'hit@1': 0.0169, 'ndcg@1': 0.0169, 'hit@5': 0.0583, 'ndcg@5': 0.0378, 'hit@10': 0.0984, 'ndcg@10': 0.0506, 'hit@15': 0.1301, 'ndcg@15': 0.059, 'hit@20': 0.1572, 'ndcg@20': 0.0654, 'hit@40': 0.2486, 'ndcg@40': 0.084} 
2024-10-11 03:09:19.012 | INFO     | trainer_1:_train_one_epoch:209 - test 44 cost time 9.66s, result: {'hit@1': 0.0112, 'ndcg@1': 0.0112, 'hit@5': 0.0399, 'ndcg@5': 0.0253, 'hit@10': 0.0693, 'ndcg@10': 0.0348, 'hit@15': 0.0932, 'ndcg@15': 0.0411, 'hit@20': 0.1122, 'ndcg@20': 0.0455, 'hit@40': 0.1793, 'ndcg@40': 0.0591} 
2024-10-11 03:09:38.444 | INFO     | trainer_1:_train_one_epoch:193 - epoch 45 8.96s Train loss is [0.3443] 
2024-10-11 03:09:48.281 | INFO     | trainer_1:_train_one_epoch:201 - validate 45 cost time 9.84s, result: {'hit@1': 0.0165, 'ndcg@1': 0.0165, 'hit@5': 0.0621, 'ndcg@5': 0.0394, 'hit@10': 0.1013, 'ndcg@10': 0.0519, 'hit@15': 0.1313, 'ndcg@15': 0.0598, 'hit@20': 0.1608, 'ndcg@20': 0.0668, 'hit@40': 0.2502, 'ndcg@40': 0.085} 
2024-10-11 03:09:57.919 | INFO     | trainer_1:_train_one_epoch:209 - test 45 cost time 9.64s, result: {'hit@1': 0.0108, 'ndcg@1': 0.0108, 'hit@5': 0.0422, 'ndcg@5': 0.0262, 'hit@10': 0.0704, 'ndcg@10': 0.0352, 'hit@15': 0.0937, 'ndcg@15': 0.0414, 'hit@20': 0.1143, 'ndcg@20': 0.0462, 'hit@40': 0.1804, 'ndcg@40': 0.0597} 
2024-10-11 03:10:17.865 | INFO     | trainer_1:_train_one_epoch:193 - epoch 46 9.64s Train loss is [0.3301] 
2024-10-11 03:10:27.749 | INFO     | trainer_1:_train_one_epoch:201 - validate 46 cost time 9.88s, result: {'hit@1': 0.0167, 'ndcg@1': 0.0167, 'hit@5': 0.0595, 'ndcg@5': 0.0381, 'hit@10': 0.0994, 'ndcg@10': 0.0509, 'hit@15': 0.1304, 'ndcg@15': 0.0591, 'hit@20': 0.1562, 'ndcg@20': 0.0652, 'hit@40': 0.2463, 'ndcg@40': 0.0835} 
2024-10-11 03:10:37.379 | INFO     | trainer_1:_train_one_epoch:209 - test 46 cost time 9.63s, result: {'hit@1': 0.0105, 'ndcg@1': 0.0105, 'hit@5': 0.0416, 'ndcg@5': 0.026, 'hit@10': 0.069, 'ndcg@10': 0.0348, 'hit@15': 0.0913, 'ndcg@15': 0.0407, 'hit@20': 0.1123, 'ndcg@20': 0.0457, 'hit@40': 0.1774, 'ndcg@40': 0.0589} 
2024-10-11 03:10:46.086 | INFO     | trainer_1:_train_one_epoch:193 - epoch 47 8.71s Train loss is [0.3329] 
2024-10-11 03:10:55.897 | INFO     | trainer_1:_train_one_epoch:201 - validate 47 cost time 9.81s, result: {'hit@1': 0.0162, 'ndcg@1': 0.0162, 'hit@5': 0.0573, 'ndcg@5': 0.0367, 'hit@10': 0.0966, 'ndcg@10': 0.0494, 'hit@15': 0.1263, 'ndcg@15': 0.0572, 'hit@20': 0.154, 'ndcg@20': 0.0637, 'hit@40': 0.2424, 'ndcg@40': 0.0817} 
2024-10-11 03:11:05.523 | INFO     | trainer_1:_train_one_epoch:209 - test 47 cost time 9.63s, result: {'hit@1': 0.0097, 'ndcg@1': 0.0097, 'hit@5': 0.038, 'ndcg@5': 0.0239, 'hit@10': 0.0653, 'ndcg@10': 0.0327, 'hit@15': 0.0884, 'ndcg@15': 0.0387, 'hit@20': 0.1084, 'ndcg@20': 0.0435, 'hit@40': 0.1731, 'ndcg@40': 0.0566} 
2024-10-11 03:11:14.197 | INFO     | trainer_1:_train_one_epoch:193 - epoch 48 8.67s Train loss is [0.3263] 
2024-10-11 03:11:23.993 | INFO     | trainer_1:_train_one_epoch:201 - validate 48 cost time 9.80s, result: {'hit@1': 0.0181, 'ndcg@1': 0.0181, 'hit@5': 0.0622, 'ndcg@5': 0.0399, 'hit@10': 0.1005, 'ndcg@10': 0.0522, 'hit@15': 0.1338, 'ndcg@15': 0.061, 'hit@20': 0.1624, 'ndcg@20': 0.0677, 'hit@40': 0.2512, 'ndcg@40': 0.0858} 
2024-10-11 03:11:33.624 | INFO     | trainer_1:_train_one_epoch:209 - test 48 cost time 9.63s, result: {'hit@1': 0.0109, 'ndcg@1': 0.0109, 'hit@5': 0.0416, 'ndcg@5': 0.0262, 'hit@10': 0.0712, 'ndcg@10': 0.0357, 'hit@15': 0.0946, 'ndcg@15': 0.0419, 'hit@20': 0.1143, 'ndcg@20': 0.0466, 'hit@40': 0.1815, 'ndcg@40': 0.0602} 
2024-10-11 03:11:53.593 | INFO     | trainer_1:_train_one_epoch:193 - epoch 49 8.89s Train loss is [0.3369] 
2024-10-11 03:12:03.380 | INFO     | trainer_1:_train_one_epoch:201 - validate 49 cost time 9.79s, result: {'hit@1': 0.0168, 'ndcg@1': 0.0168, 'hit@5': 0.0584, 'ndcg@5': 0.0376, 'hit@10': 0.0958, 'ndcg@10': 0.0497, 'hit@15': 0.1275, 'ndcg@15': 0.058, 'hit@20': 0.1551, 'ndcg@20': 0.0645, 'hit@40': 0.2443, 'ndcg@40': 0.0827} 
2024-10-11 03:12:12.980 | INFO     | trainer_1:_train_one_epoch:209 - test 49 cost time 9.60s, result: {'hit@1': 0.0101, 'ndcg@1': 0.0101, 'hit@5': 0.0403, 'ndcg@5': 0.0252, 'hit@10': 0.067, 'ndcg@10': 0.0337, 'hit@15': 0.0902, 'ndcg@15': 0.0398, 'hit@20': 0.1107, 'ndcg@20': 0.0447, 'hit@40': 0.1749, 'ndcg@40': 0.0577} 
2024-10-11 03:12:22.776 | INFO     | trainer_1:_train_one_epoch:193 - epoch 50 9.80s Train loss is [0.3384] 
2024-10-11 03:12:32.644 | INFO     | trainer_1:_train_one_epoch:201 - validate 50 cost time 9.87s, result: {'hit@1': 0.0161, 'ndcg@1': 0.0161, 'hit@5': 0.06, 'ndcg@5': 0.0378, 'hit@10': 0.1004, 'ndcg@10': 0.0508, 'hit@15': 0.1333, 'ndcg@15': 0.0595, 'hit@20': 0.1613, 'ndcg@20': 0.0661, 'hit@40': 0.2542, 'ndcg@40': 0.085} 
2024-10-11 03:12:41.121 | INFO     | trainer_1:_train_one_epoch:209 - test 50 cost time 8.48s, result: {'hit@1': 0.0101, 'ndcg@1': 0.0101, 'hit@5': 0.0398, 'ndcg@5': 0.0249, 'hit@10': 0.0684, 'ndcg@10': 0.034, 'hit@15': 0.0918, 'ndcg@15': 0.0402, 'hit@20': 0.1126, 'ndcg@20': 0.0451, 'hit@40': 0.1785, 'ndcg@40': 0.0585} 
2024-10-11 03:12:49.756 | INFO     | trainer_1:_train_one_epoch:193 - epoch 51 8.63s Train loss is [0.3335] 
2024-10-11 03:12:56.261 | INFO     | trainer_1:_train_one_epoch:201 - validate 51 cost time 6.50s, result: {'hit@1': 0.0168, 'ndcg@1': 0.0168, 'hit@5': 0.0624, 'ndcg@5': 0.0397, 'hit@10': 0.1034, 'ndcg@10': 0.0528, 'hit@15': 0.136, 'ndcg@15': 0.0615, 'hit@20': 0.1647, 'ndcg@20': 0.0682, 'hit@40': 0.2586, 'ndcg@40': 0.0874} 
2024-10-11 03:13:04.164 | INFO     | trainer_1:_train_one_epoch:209 - test 51 cost time 7.90s, result: {'hit@1': 0.0109, 'ndcg@1': 0.0109, 'hit@5': 0.0405, 'ndcg@5': 0.0256, 'hit@10': 0.0711, 'ndcg@10': 0.0354, 'hit@15': 0.095, 'ndcg@15': 0.0417, 'hit@20': 0.1152, 'ndcg@20': 0.0465, 'hit@40': 0.1843, 'ndcg@40': 0.0605} 
2024-10-11 03:13:13.910 | INFO     | trainer_1:_train_one_epoch:193 - epoch 52 9.75s Train loss is [0.3257] 
2024-10-11 03:13:23.251 | INFO     | trainer_1:_train_one_epoch:201 - validate 52 cost time 9.34s, result: {'hit@1': 0.016, 'ndcg@1': 0.016, 'hit@5': 0.0589, 'ndcg@5': 0.0374, 'hit@10': 0.0967, 'ndcg@10': 0.0495, 'hit@15': 0.1286, 'ndcg@15': 0.0579, 'hit@20': 0.157, 'ndcg@20': 0.0646, 'hit@40': 0.2478, 'ndcg@40': 0.0831} 
2024-10-11 03:13:28.905 | INFO     | trainer_1:_train_one_epoch:209 - test 52 cost time 5.65s, result: {'hit@1': 0.0107, 'ndcg@1': 0.0107, 'hit@5': 0.0394, 'ndcg@5': 0.025, 'hit@10': 0.067, 'ndcg@10': 0.0339, 'hit@15': 0.0909, 'ndcg@15': 0.0402, 'hit@20': 0.1106, 'ndcg@20': 0.0448, 'hit@40': 0.1789, 'ndcg@40': 0.0587} 
2024-10-11 03:13:37.528 | INFO     | trainer_1:_train_one_epoch:193 - epoch 53 8.62s Train loss is [0.3306] 
2024-10-11 03:13:44.001 | INFO     | trainer_1:_train_one_epoch:201 - validate 53 cost time 6.47s, result: {'hit@1': 0.0169, 'ndcg@1': 0.0169, 'hit@5': 0.0606, 'ndcg@5': 0.0387, 'hit@10': 0.0977, 'ndcg@10': 0.0506, 'hit@15': 0.1294, 'ndcg@15': 0.059, 'hit@20': 0.158, 'ndcg@20': 0.0657, 'hit@40': 0.249, 'ndcg@40': 0.0842} 
2024-10-11 03:13:52.793 | INFO     | trainer_1:_train_one_epoch:209 - test 53 cost time 8.79s, result: {'hit@1': 0.0106, 'ndcg@1': 0.0106, 'hit@5': 0.0406, 'ndcg@5': 0.0255, 'hit@10': 0.0675, 'ndcg@10': 0.0341, 'hit@15': 0.0889, 'ndcg@15': 0.0398, 'hit@20': 0.1089, 'ndcg@20': 0.0445, 'hit@40': 0.1772, 'ndcg@40': 0.0584} 
2024-10-11 03:13:52.805 | INFO     | trainer_1:train_model:163 - training end, best iteration 48, results: {'hit@1': 0.0181, 'ndcg@1': 0.0181, 'hit@5': 0.0622, 'ndcg@5': 0.0399, 'hit@10': 0.1005, 'ndcg@10': 0.0522, 'hit@15': 0.1338, 'ndcg@15': 0.061, 'hit@20': 0.1624, 'ndcg@20': 0.0677, 'hit@40': 0.2512, 'ndcg@40': 0.0858}
2024-10-11 03:13:52.806 | INFO     | trainer_1:train_model:166 - final test result is:  {'hit@1': 0.0109, 'ndcg@1': 0.0109, 'hit@5': 0.0416, 'ndcg@5': 0.0262, 'hit@10': 0.0712, 'ndcg@10': 0.0357, 'hit@15': 0.0946, 'ndcg@15': 0.0419, 'hit@20': 0.1143, 'ndcg@20': 0.0466, 'hit@40': 0.1815, 'ndcg@40': 0.0602}
2024-10-11 03:13:53.133 | INFO     | __main__:<module>:119 - train end total cost time: 2502.357773542404
