2024-10-10 12:16:35.874 | INFO     | __main__:<module>:105 - Namespace(TIME='2024-10-10 12_16_02', batch_size=1024, behaviors=['view', 'cart', 'buy'], check_point='model_pre_1_2024-10-08 12_35_44.pth', data_name='beibei', data_path='./data/beibei', decay=0.001, device='cuda:1', dim_qk=32, dim_v=64, distill_layers=2, distill_thres=0.5, distill_topK=10, distill_userK=2, embedding_size=64, epochs=100, gpu_no=1, if_load_model=True, ii_lambda=200, initializer_range=0.02, layers=2, loss_type='bpr', lr=0.001, message_dropout=0.25, metrics=['hit', 'ndcg'], min_epoch=5, model_name='main_1', model_path='./check_point', node_dropout=0.75, omega=1, pt_loop=50, reg_weight=0.001, test_batch_size=1024, testbatch=1024, topk=[1, 5, 10, 15, 20, 40], uu_lambda=100)
2024-10-10 12:16:35.874 | INFO     | __main__:<module>:106 - BIPN(
  (message_dropout): Dropout(p=0.25, inplace=False)
  (user_embedding): Embedding(21717, 64, padding_idx=0)
  (item_embedding): Embedding(7978, 64, padding_idx=0)
  (global_Graph): LightGCN()
  (Graph_encoder): ModuleDict(
    (view): GraphEncoder(
      (light): LightGCN()
      (dropout): Dropout(p=0.75, inplace=False)
    )
    (cart): GraphEncoder(
      (light): LightGCN()
      (dropout): Dropout(p=0.75, inplace=False)
    )
    (buy): GraphEncoder(
      (light): LightGCN()
      (dropout): Dropout(p=0.75, inplace=False)
    )
  )
  (attention): Mutual_Attention()
  (bpr_loss): BPRLoss()
  (emb_loss): EmbLoss()
  (f): Sigmoid()
)
2024-10-10 12:22:33.759 | INFO     | trainer_1:_train_one_epoch:193 - epoch 1 7.90s Train loss is [0.9415] 
2024-10-10 12:22:43.727 | INFO     | trainer_1:_train_one_epoch:201 - validate 1 cost time 9.97s, result: {'hit@1': 0.0047, 'ndcg@1': 0.0047, 'hit@5': 0.0232, 'ndcg@5': 0.014, 'hit@10': 0.0454, 'ndcg@10': 0.0212, 'hit@15': 0.0636, 'ndcg@15': 0.026, 'hit@20': 0.0822, 'ndcg@20': 0.0303, 'hit@40': 0.1411, 'ndcg@40': 0.0423} 
2024-10-10 12:22:53.566 | INFO     | trainer_1:_train_one_epoch:209 - test 1 cost time 9.84s, result: {'hit@1': 0.0033, 'ndcg@1': 0.0033, 'hit@5': 0.0148, 'ndcg@5': 0.0089, 'hit@10': 0.029, 'ndcg@10': 0.0135, 'hit@15': 0.0435, 'ndcg@15': 0.0173, 'hit@20': 0.0571, 'ndcg@20': 0.0205, 'hit@40': 0.1063, 'ndcg@40': 0.0305} 
2024-10-10 12:23:14.039 | INFO     | trainer_1:_train_one_epoch:193 - epoch 2 9.21s Train loss is [0.7225] 
2024-10-10 12:23:24.019 | INFO     | trainer_1:_train_one_epoch:201 - validate 2 cost time 9.98s, result: {'hit@1': 0.0071, 'ndcg@1': 0.0071, 'hit@5': 0.0288, 'ndcg@5': 0.0178, 'hit@10': 0.051, 'ndcg@10': 0.0249, 'hit@15': 0.0717, 'ndcg@15': 0.0303, 'hit@20': 0.0908, 'ndcg@20': 0.0348, 'hit@40': 0.1552, 'ndcg@40': 0.048} 
2024-10-10 12:23:34.182 | INFO     | trainer_1:_train_one_epoch:209 - test 2 cost time 10.16s, result: {'hit@1': 0.004, 'ndcg@1': 0.004, 'hit@5': 0.0186, 'ndcg@5': 0.011, 'hit@10': 0.0354, 'ndcg@10': 0.0164, 'hit@15': 0.0503, 'ndcg@15': 0.0204, 'hit@20': 0.0641, 'ndcg@20': 0.0236, 'hit@40': 0.1151, 'ndcg@40': 0.034} 
2024-10-10 12:23:54.583 | INFO     | trainer_1:_train_one_epoch:193 - epoch 3 6.80s Train loss is [0.6273] 
2024-10-10 12:24:04.774 | INFO     | trainer_1:_train_one_epoch:201 - validate 3 cost time 10.19s, result: {'hit@1': 0.01, 'ndcg@1': 0.01, 'hit@5': 0.0335, 'ndcg@5': 0.0215, 'hit@10': 0.06, 'ndcg@10': 0.03, 'hit@15': 0.0842, 'ndcg@15': 0.0364, 'hit@20': 0.1061, 'ndcg@20': 0.0415, 'hit@40': 0.1771, 'ndcg@40': 0.056} 
2024-10-10 12:24:15.449 | INFO     | trainer_1:_train_one_epoch:209 - test 3 cost time 10.67s, result: {'hit@1': 0.0048, 'ndcg@1': 0.0048, 'hit@5': 0.0224, 'ndcg@5': 0.0135, 'hit@10': 0.0403, 'ndcg@10': 0.0192, 'hit@15': 0.0585, 'ndcg@15': 0.024, 'hit@20': 0.0737, 'ndcg@20': 0.0276, 'hit@40': 0.128, 'ndcg@40': 0.0386} 
2024-10-10 12:24:37.342 | INFO     | trainer_1:_train_one_epoch:193 - epoch 4 8.27s Train loss is [0.5769] 
2024-10-10 12:24:44.425 | INFO     | trainer_1:_train_one_epoch:201 - validate 4 cost time 7.08s, result: {'hit@1': 0.0107, 'ndcg@1': 0.0107, 'hit@5': 0.0379, 'ndcg@5': 0.0238, 'hit@10': 0.0687, 'ndcg@10': 0.0337, 'hit@15': 0.096, 'ndcg@15': 0.0409, 'hit@20': 0.1184, 'ndcg@20': 0.0462, 'hit@40': 0.1974, 'ndcg@40': 0.0623} 
2024-10-10 12:24:51.569 | INFO     | trainer_1:_train_one_epoch:209 - test 4 cost time 7.14s, result: {'hit@1': 0.0059, 'ndcg@1': 0.0059, 'hit@5': 0.0242, 'ndcg@5': 0.0148, 'hit@10': 0.0427, 'ndcg@10': 0.0208, 'hit@15': 0.0636, 'ndcg@15': 0.0263, 'hit@20': 0.0818, 'ndcg@20': 0.0306, 'hit@40': 0.1402, 'ndcg@40': 0.0424} 
2024-10-10 12:25:13.016 | INFO     | trainer_1:_train_one_epoch:193 - epoch 5 6.85s Train loss is [0.5433] 
2024-10-10 12:25:23.133 | INFO     | trainer_1:_train_one_epoch:201 - validate 5 cost time 10.12s, result: {'hit@1': 0.012, 'ndcg@1': 0.012, 'hit@5': 0.0432, 'ndcg@5': 0.0274, 'hit@10': 0.074, 'ndcg@10': 0.0372, 'hit@15': 0.0992, 'ndcg@15': 0.0439, 'hit@20': 0.1221, 'ndcg@20': 0.0493, 'hit@40': 0.1956, 'ndcg@40': 0.0642} 
2024-10-10 12:25:28.225 | INFO     | trainer_1:_train_one_epoch:209 - test 5 cost time 5.09s, result: {'hit@1': 0.0057, 'ndcg@1': 0.0057, 'hit@5': 0.0259, 'ndcg@5': 0.0156, 'hit@10': 0.0455, 'ndcg@10': 0.0219, 'hit@15': 0.0637, 'ndcg@15': 0.0267, 'hit@20': 0.0793, 'ndcg@20': 0.0304, 'hit@40': 0.134, 'ndcg@40': 0.0415} 
2024-10-10 12:25:48.522 | INFO     | trainer_1:_train_one_epoch:193 - epoch 6 7.79s Train loss is [0.5245] 
2024-10-10 12:25:59.214 | INFO     | trainer_1:_train_one_epoch:201 - validate 6 cost time 10.69s, result: {'hit@1': 0.0117, 'ndcg@1': 0.0117, 'hit@5': 0.0437, 'ndcg@5': 0.0275, 'hit@10': 0.0738, 'ndcg@10': 0.0372, 'hit@15': 0.1027, 'ndcg@15': 0.0448, 'hit@20': 0.1259, 'ndcg@20': 0.0503, 'hit@40': 0.2075, 'ndcg@40': 0.0669} 
2024-10-10 12:26:08.131 | INFO     | trainer_1:_train_one_epoch:209 - test 6 cost time 8.92s, result: {'hit@1': 0.0062, 'ndcg@1': 0.0062, 'hit@5': 0.0273, 'ndcg@5': 0.0166, 'hit@10': 0.0492, 'ndcg@10': 0.0236, 'hit@15': 0.0673, 'ndcg@15': 0.0284, 'hit@20': 0.086, 'ndcg@20': 0.0328, 'hit@40': 0.1468, 'ndcg@40': 0.0451} 
2024-10-10 12:26:26.804 | INFO     | trainer_1:_train_one_epoch:193 - epoch 7 7.13s Train loss is [0.5029] 
2024-10-10 12:26:32.164 | INFO     | trainer_1:_train_one_epoch:201 - validate 7 cost time 5.36s, result: {'hit@1': 0.0116, 'ndcg@1': 0.0116, 'hit@5': 0.0448, 'ndcg@5': 0.0282, 'hit@10': 0.0745, 'ndcg@10': 0.0377, 'hit@15': 0.103, 'ndcg@15': 0.0453, 'hit@20': 0.1267, 'ndcg@20': 0.0509, 'hit@40': 0.2037, 'ndcg@40': 0.0666} 
2024-10-10 12:26:37.929 | INFO     | trainer_1:_train_one_epoch:209 - test 7 cost time 5.77s, result: {'hit@1': 0.0076, 'ndcg@1': 0.0076, 'hit@5': 0.0271, 'ndcg@5': 0.0172, 'hit@10': 0.0489, 'ndcg@10': 0.0242, 'hit@15': 0.0674, 'ndcg@15': 0.0291, 'hit@20': 0.0835, 'ndcg@20': 0.0329, 'hit@40': 0.1434, 'ndcg@40': 0.0451} 
2024-10-10 12:26:47.054 | INFO     | trainer_1:_train_one_epoch:193 - epoch 8 9.12s Train loss is [0.5060] 
2024-10-10 12:26:54.865 | INFO     | trainer_1:_train_one_epoch:201 - validate 8 cost time 7.81s, result: {'hit@1': 0.0124, 'ndcg@1': 0.0124, 'hit@5': 0.0452, 'ndcg@5': 0.0286, 'hit@10': 0.0755, 'ndcg@10': 0.0383, 'hit@15': 0.1014, 'ndcg@15': 0.0451, 'hit@20': 0.1237, 'ndcg@20': 0.0504, 'hit@40': 0.1983, 'ndcg@40': 0.0656} 
2024-10-10 12:27:03.395 | INFO     | trainer_1:_train_one_epoch:209 - test 8 cost time 8.53s, result: {'hit@1': 0.0077, 'ndcg@1': 0.0077, 'hit@5': 0.0275, 'ndcg@5': 0.0175, 'hit@10': 0.0478, 'ndcg@10': 0.024, 'hit@15': 0.0655, 'ndcg@15': 0.0287, 'hit@20': 0.0828, 'ndcg@20': 0.0328, 'hit@40': 0.1383, 'ndcg@40': 0.0441} 
2024-10-10 12:27:10.254 | INFO     | trainer_1:_train_one_epoch:193 - epoch 9 6.86s Train loss is [0.4898] 
2024-10-10 12:27:17.265 | INFO     | trainer_1:_train_one_epoch:201 - validate 9 cost time 7.01s, result: {'hit@1': 0.0106, 'ndcg@1': 0.0106, 'hit@5': 0.0463, 'ndcg@5': 0.0285, 'hit@10': 0.0802, 'ndcg@10': 0.0394, 'hit@15': 0.1116, 'ndcg@15': 0.0477, 'hit@20': 0.1383, 'ndcg@20': 0.054, 'hit@40': 0.2233, 'ndcg@40': 0.0712} 
2024-10-10 12:27:23.487 | INFO     | trainer_1:_train_one_epoch:209 - test 9 cost time 6.22s, result: {'hit@1': 0.0071, 'ndcg@1': 0.0071, 'hit@5': 0.0302, 'ndcg@5': 0.0188, 'hit@10': 0.0527, 'ndcg@10': 0.026, 'hit@15': 0.0723, 'ndcg@15': 0.0311, 'hit@20': 0.0913, 'ndcg@20': 0.0356, 'hit@40': 0.1583, 'ndcg@40': 0.0493} 
2024-10-10 12:27:51.217 | INFO     | trainer_1:_train_one_epoch:193 - epoch 10 9.00s Train loss is [0.4764] 
2024-10-10 12:28:01.263 | INFO     | trainer_1:_train_one_epoch:201 - validate 10 cost time 10.05s, result: {'hit@1': 0.0123, 'ndcg@1': 0.0123, 'hit@5': 0.0466, 'ndcg@5': 0.0293, 'hit@10': 0.0793, 'ndcg@10': 0.0397, 'hit@15': 0.1062, 'ndcg@15': 0.0468, 'hit@20': 0.1292, 'ndcg@20': 0.0523, 'hit@40': 0.2048, 'ndcg@40': 0.0676} 
2024-10-10 12:28:07.275 | INFO     | trainer_1:_train_one_epoch:209 - test 10 cost time 6.01s, result: {'hit@1': 0.007, 'ndcg@1': 0.007, 'hit@5': 0.0305, 'ndcg@5': 0.0186, 'hit@10': 0.0499, 'ndcg@10': 0.0248, 'hit@15': 0.0686, 'ndcg@15': 0.0298, 'hit@20': 0.087, 'ndcg@20': 0.0341, 'hit@40': 0.1445, 'ndcg@40': 0.0458} 
2024-10-10 12:28:16.517 | INFO     | trainer_1:_train_one_epoch:193 - epoch 11 9.24s Train loss is [0.4819] 
2024-10-10 12:28:22.385 | INFO     | trainer_1:_train_one_epoch:201 - validate 11 cost time 5.87s, result: {'hit@1': 0.0111, 'ndcg@1': 0.0111, 'hit@5': 0.0453, 'ndcg@5': 0.028, 'hit@10': 0.0794, 'ndcg@10': 0.039, 'hit@15': 0.1088, 'ndcg@15': 0.0467, 'hit@20': 0.1334, 'ndcg@20': 0.0525, 'hit@40': 0.2104, 'ndcg@40': 0.0682} 
2024-10-10 12:28:28.413 | INFO     | trainer_1:_train_one_epoch:209 - test 11 cost time 6.03s, result: {'hit@1': 0.0065, 'ndcg@1': 0.0065, 'hit@5': 0.0295, 'ndcg@5': 0.0178, 'hit@10': 0.0527, 'ndcg@10': 0.0253, 'hit@15': 0.0723, 'ndcg@15': 0.0305, 'hit@20': 0.0904, 'ndcg@20': 0.0348, 'hit@40': 0.1509, 'ndcg@40': 0.0471} 
2024-10-10 12:28:37.604 | INFO     | trainer_1:_train_one_epoch:193 - epoch 12 9.19s Train loss is [0.4650] 
2024-10-10 12:28:47.179 | INFO     | trainer_1:_train_one_epoch:201 - validate 12 cost time 9.57s, result: {'hit@1': 0.0109, 'ndcg@1': 0.0109, 'hit@5': 0.0443, 'ndcg@5': 0.0272, 'hit@10': 0.0774, 'ndcg@10': 0.0378, 'hit@15': 0.1052, 'ndcg@15': 0.0451, 'hit@20': 0.1274, 'ndcg@20': 0.0503, 'hit@40': 0.2055, 'ndcg@40': 0.0662} 
2024-10-10 12:28:58.096 | INFO     | trainer_1:_train_one_epoch:209 - test 12 cost time 10.92s, result: {'hit@1': 0.0065, 'ndcg@1': 0.0065, 'hit@5': 0.0291, 'ndcg@5': 0.0175, 'hit@10': 0.0525, 'ndcg@10': 0.025, 'hit@15': 0.0726, 'ndcg@15': 0.0303, 'hit@20': 0.0891, 'ndcg@20': 0.0342, 'hit@40': 0.1486, 'ndcg@40': 0.0463} 
2024-10-10 12:29:07.479 | INFO     | trainer_1:_train_one_epoch:193 - epoch 13 9.38s Train loss is [0.4443] 
2024-10-10 12:29:13.972 | INFO     | trainer_1:_train_one_epoch:201 - validate 13 cost time 6.49s, result: {'hit@1': 0.0112, 'ndcg@1': 0.0112, 'hit@5': 0.0443, 'ndcg@5': 0.0274, 'hit@10': 0.0805, 'ndcg@10': 0.039, 'hit@15': 0.1094, 'ndcg@15': 0.0467, 'hit@20': 0.1358, 'ndcg@20': 0.0529, 'hit@40': 0.2197, 'ndcg@40': 0.07} 
2024-10-10 12:29:23.555 | INFO     | trainer_1:_train_one_epoch:209 - test 13 cost time 9.58s, result: {'hit@1': 0.0062, 'ndcg@1': 0.0062, 'hit@5': 0.0302, 'ndcg@5': 0.0179, 'hit@10': 0.0529, 'ndcg@10': 0.0252, 'hit@15': 0.0725, 'ndcg@15': 0.0304, 'hit@20': 0.0908, 'ndcg@20': 0.0347, 'hit@40': 0.1527, 'ndcg@40': 0.0473} 
2024-10-10 12:29:45.011 | INFO     | trainer_1:_train_one_epoch:193 - epoch 14 8.57s Train loss is [0.4447] 
2024-10-10 12:29:53.582 | INFO     | trainer_1:_train_one_epoch:201 - validate 14 cost time 8.57s, result: {'hit@1': 0.012, 'ndcg@1': 0.012, 'hit@5': 0.0439, 'ndcg@5': 0.0279, 'hit@10': 0.0793, 'ndcg@10': 0.0392, 'hit@15': 0.108, 'ndcg@15': 0.0468, 'hit@20': 0.1313, 'ndcg@20': 0.0523, 'hit@40': 0.2127, 'ndcg@40': 0.0689} 
2024-10-10 12:30:01.739 | INFO     | trainer_1:_train_one_epoch:209 - test 14 cost time 8.16s, result: {'hit@1': 0.0077, 'ndcg@1': 0.0077, 'hit@5': 0.03, 'ndcg@5': 0.0188, 'hit@10': 0.0529, 'ndcg@10': 0.0261, 'hit@15': 0.0724, 'ndcg@15': 0.0313, 'hit@20': 0.0902, 'ndcg@20': 0.0355, 'hit@40': 0.1509, 'ndcg@40': 0.0478} 
2024-10-10 12:30:10.178 | INFO     | trainer_1:_train_one_epoch:193 - epoch 15 8.44s Train loss is [0.4335] 
2024-10-10 12:30:18.249 | INFO     | trainer_1:_train_one_epoch:201 - validate 15 cost time 8.07s, result: {'hit@1': 0.0108, 'ndcg@1': 0.0108, 'hit@5': 0.044, 'ndcg@5': 0.0273, 'hit@10': 0.0748, 'ndcg@10': 0.0372, 'hit@15': 0.1026, 'ndcg@15': 0.0445, 'hit@20': 0.1294, 'ndcg@20': 0.0509, 'hit@40': 0.2104, 'ndcg@40': 0.0674} 
2024-10-10 12:30:24.612 | INFO     | trainer_1:_train_one_epoch:209 - test 15 cost time 6.36s, result: {'hit@1': 0.0079, 'ndcg@1': 0.0079, 'hit@5': 0.0302, 'ndcg@5': 0.0189, 'hit@10': 0.0535, 'ndcg@10': 0.0263, 'hit@15': 0.0728, 'ndcg@15': 0.0314, 'hit@20': 0.09, 'ndcg@20': 0.0355, 'hit@40': 0.1489, 'ndcg@40': 0.0475} 
2024-10-10 12:30:48.458 | INFO     | trainer_1:_train_one_epoch:193 - epoch 16 8.28s Train loss is [0.4390] 
2024-10-10 12:30:57.834 | INFO     | trainer_1:_train_one_epoch:201 - validate 16 cost time 9.37s, result: {'hit@1': 0.0117, 'ndcg@1': 0.0117, 'hit@5': 0.0468, 'ndcg@5': 0.0292, 'hit@10': 0.0793, 'ndcg@10': 0.0395, 'hit@15': 0.1068, 'ndcg@15': 0.0468, 'hit@20': 0.1328, 'ndcg@20': 0.0529, 'hit@40': 0.2111, 'ndcg@40': 0.0688} 
2024-10-10 12:31:06.909 | INFO     | trainer_1:_train_one_epoch:209 - test 16 cost time 9.07s, result: {'hit@1': 0.0074, 'ndcg@1': 0.0074, 'hit@5': 0.0319, 'ndcg@5': 0.0196, 'hit@10': 0.0548, 'ndcg@10': 0.0269, 'hit@15': 0.0754, 'ndcg@15': 0.0323, 'hit@20': 0.0915, 'ndcg@20': 0.0362, 'hit@40': 0.1503, 'ndcg@40': 0.0481} 
2024-10-10 12:31:27.131 | INFO     | trainer_1:_train_one_epoch:193 - epoch 17 8.09s Train loss is [0.4315] 
2024-10-10 12:31:38.542 | INFO     | trainer_1:_train_one_epoch:201 - validate 17 cost time 11.41s, result: {'hit@1': 0.0118, 'ndcg@1': 0.0118, 'hit@5': 0.045, 'ndcg@5': 0.0283, 'hit@10': 0.0781, 'ndcg@10': 0.0389, 'hit@15': 0.1064, 'ndcg@15': 0.0464, 'hit@20': 0.1317, 'ndcg@20': 0.0524, 'hit@40': 0.2126, 'ndcg@40': 0.0688} 
2024-10-10 12:31:49.181 | INFO     | trainer_1:_train_one_epoch:209 - test 17 cost time 10.64s, result: {'hit@1': 0.0081, 'ndcg@1': 0.0081, 'hit@5': 0.0306, 'ndcg@5': 0.0193, 'hit@10': 0.0532, 'ndcg@10': 0.0265, 'hit@15': 0.0724, 'ndcg@15': 0.0316, 'hit@20': 0.0902, 'ndcg@20': 0.0358, 'hit@40': 0.154, 'ndcg@40': 0.0488} 
2024-10-10 12:31:58.868 | INFO     | trainer_1:_train_one_epoch:193 - epoch 18 9.69s Train loss is [0.4119] 
2024-10-10 12:32:05.377 | INFO     | trainer_1:_train_one_epoch:201 - validate 18 cost time 6.51s, result: {'hit@1': 0.0129, 'ndcg@1': 0.0129, 'hit@5': 0.049, 'ndcg@5': 0.0309, 'hit@10': 0.083, 'ndcg@10': 0.0418, 'hit@15': 0.1099, 'ndcg@15': 0.0489, 'hit@20': 0.1342, 'ndcg@20': 0.0547, 'hit@40': 0.214, 'ndcg@40': 0.0709} 
2024-10-10 12:32:11.200 | INFO     | trainer_1:_train_one_epoch:209 - test 18 cost time 5.82s, result: {'hit@1': 0.0082, 'ndcg@1': 0.0082, 'hit@5': 0.0319, 'ndcg@5': 0.0201, 'hit@10': 0.0557, 'ndcg@10': 0.0277, 'hit@15': 0.0753, 'ndcg@15': 0.0329, 'hit@20': 0.0929, 'ndcg@20': 0.0371, 'hit@40': 0.1533, 'ndcg@40': 0.0493} 
2024-10-10 12:32:30.081 | INFO     | trainer_1:_train_one_epoch:193 - epoch 19 7.38s Train loss is [0.4146] 
2024-10-10 12:32:38.693 | INFO     | trainer_1:_train_one_epoch:201 - validate 19 cost time 8.61s, result: {'hit@1': 0.0128, 'ndcg@1': 0.0128, 'hit@5': 0.0501, 'ndcg@5': 0.0314, 'hit@10': 0.0854, 'ndcg@10': 0.0427, 'hit@15': 0.1161, 'ndcg@15': 0.0508, 'hit@20': 0.1412, 'ndcg@20': 0.0568, 'hit@40': 0.2237, 'ndcg@40': 0.0736} 
2024-10-10 12:32:46.146 | INFO     | trainer_1:_train_one_epoch:209 - test 19 cost time 7.45s, result: {'hit@1': 0.008, 'ndcg@1': 0.008, 'hit@5': 0.0338, 'ndcg@5': 0.0208, 'hit@10': 0.0569, 'ndcg@10': 0.0282, 'hit@15': 0.0783, 'ndcg@15': 0.0338, 'hit@20': 0.0958, 'ndcg@20': 0.038, 'hit@40': 0.1574, 'ndcg@40': 0.0505} 
2024-10-10 12:33:10.285 | INFO     | trainer_1:_train_one_epoch:193 - epoch 20 9.26s Train loss is [0.4030] 
2024-10-10 12:33:16.360 | INFO     | trainer_1:_train_one_epoch:201 - validate 20 cost time 6.07s, result: {'hit@1': 0.0134, 'ndcg@1': 0.0134, 'hit@5': 0.0506, 'ndcg@5': 0.0318, 'hit@10': 0.0851, 'ndcg@10': 0.0428, 'hit@15': 0.1093, 'ndcg@15': 0.0492, 'hit@20': 0.1346, 'ndcg@20': 0.0552, 'hit@40': 0.2169, 'ndcg@40': 0.0719} 
2024-10-10 12:33:23.901 | INFO     | trainer_1:_train_one_epoch:209 - test 20 cost time 7.54s, result: {'hit@1': 0.0084, 'ndcg@1': 0.0084, 'hit@5': 0.0326, 'ndcg@5': 0.0206, 'hit@10': 0.0565, 'ndcg@10': 0.0282, 'hit@15': 0.0749, 'ndcg@15': 0.033, 'hit@20': 0.0931, 'ndcg@20': 0.0373, 'hit@40': 0.1524, 'ndcg@40': 0.0494} 
2024-10-10 12:33:35.398 | INFO     | trainer_1:_train_one_epoch:193 - epoch 21 11.50s Train loss is [0.3953] 
2024-10-10 12:33:45.892 | INFO     | trainer_1:_train_one_epoch:201 - validate 21 cost time 10.49s, result: {'hit@1': 0.0139, 'ndcg@1': 0.0139, 'hit@5': 0.0504, 'ndcg@5': 0.032, 'hit@10': 0.0856, 'ndcg@10': 0.0433, 'hit@15': 0.1139, 'ndcg@15': 0.0508, 'hit@20': 0.1401, 'ndcg@20': 0.0569, 'hit@40': 0.2215, 'ndcg@40': 0.0735} 
2024-10-10 12:33:54.988 | INFO     | trainer_1:_train_one_epoch:209 - test 21 cost time 9.09s, result: {'hit@1': 0.0095, 'ndcg@1': 0.0095, 'hit@5': 0.033, 'ndcg@5': 0.0212, 'hit@10': 0.057, 'ndcg@10': 0.0289, 'hit@15': 0.0769, 'ndcg@15': 0.0342, 'hit@20': 0.0951, 'ndcg@20': 0.0384, 'hit@40': 0.1556, 'ndcg@40': 0.0507} 
2024-10-10 12:34:18.456 | INFO     | trainer_1:_train_one_epoch:193 - epoch 22 7.87s Train loss is [0.4011] 
2024-10-10 12:34:28.118 | INFO     | trainer_1:_train_one_epoch:201 - validate 22 cost time 9.66s, result: {'hit@1': 0.0138, 'ndcg@1': 0.0138, 'hit@5': 0.0521, 'ndcg@5': 0.0331, 'hit@10': 0.0899, 'ndcg@10': 0.0452, 'hit@15': 0.1195, 'ndcg@15': 0.053, 'hit@20': 0.1454, 'ndcg@20': 0.0591, 'hit@40': 0.2319, 'ndcg@40': 0.0767} 
2024-10-10 12:34:34.629 | INFO     | trainer_1:_train_one_epoch:209 - test 22 cost time 6.51s, result: {'hit@1': 0.0094, 'ndcg@1': 0.0094, 'hit@5': 0.0361, 'ndcg@5': 0.0226, 'hit@10': 0.0604, 'ndcg@10': 0.0304, 'hit@15': 0.0816, 'ndcg@15': 0.036, 'hit@20': 0.0992, 'ndcg@20': 0.0402, 'hit@40': 0.1647, 'ndcg@40': 0.0535} 
2024-10-10 12:34:55.974 | INFO     | trainer_1:_train_one_epoch:193 - epoch 23 7.10s Train loss is [0.3869] 
2024-10-10 12:35:04.785 | INFO     | trainer_1:_train_one_epoch:201 - validate 23 cost time 8.81s, result: {'hit@1': 0.0128, 'ndcg@1': 0.0128, 'hit@5': 0.0484, 'ndcg@5': 0.0304, 'hit@10': 0.0829, 'ndcg@10': 0.0414, 'hit@15': 0.1113, 'ndcg@15': 0.0489, 'hit@20': 0.1374, 'ndcg@20': 0.0551, 'hit@40': 0.2196, 'ndcg@40': 0.0718} 
2024-10-10 12:35:14.007 | INFO     | trainer_1:_train_one_epoch:209 - test 23 cost time 9.22s, result: {'hit@1': 0.0088, 'ndcg@1': 0.0088, 'hit@5': 0.0318, 'ndcg@5': 0.0203, 'hit@10': 0.0536, 'ndcg@10': 0.0272, 'hit@15': 0.0752, 'ndcg@15': 0.0329, 'hit@20': 0.0929, 'ndcg@20': 0.0371, 'hit@40': 0.1569, 'ndcg@40': 0.0501} 
2024-10-10 12:35:23.198 | INFO     | trainer_1:_train_one_epoch:193 - epoch 24 9.19s Train loss is [0.3826] 
2024-10-10 12:35:29.751 | INFO     | trainer_1:_train_one_epoch:201 - validate 24 cost time 6.55s, result: {'hit@1': 0.0144, 'ndcg@1': 0.0144, 'hit@5': 0.0496, 'ndcg@5': 0.032, 'hit@10': 0.083, 'ndcg@10': 0.0428, 'hit@15': 0.1107, 'ndcg@15': 0.0501, 'hit@20': 0.1352, 'ndcg@20': 0.0559, 'hit@40': 0.2158, 'ndcg@40': 0.0723} 
2024-10-10 12:35:36.771 | INFO     | trainer_1:_train_one_epoch:209 - test 24 cost time 7.02s, result: {'hit@1': 0.0088, 'ndcg@1': 0.0088, 'hit@5': 0.0331, 'ndcg@5': 0.0211, 'hit@10': 0.0547, 'ndcg@10': 0.028, 'hit@15': 0.0747, 'ndcg@15': 0.0333, 'hit@20': 0.0927, 'ndcg@20': 0.0375, 'hit@40': 0.1548, 'ndcg@40': 0.0501} 
2024-10-10 12:35:46.824 | INFO     | trainer_1:_train_one_epoch:193 - epoch 25 10.05s Train loss is [0.3802] 
2024-10-10 12:35:56.770 | INFO     | trainer_1:_train_one_epoch:201 - validate 25 cost time 9.94s, result: {'hit@1': 0.0131, 'ndcg@1': 0.0131, 'hit@5': 0.0558, 'ndcg@5': 0.0344, 'hit@10': 0.0919, 'ndcg@10': 0.046, 'hit@15': 0.1233, 'ndcg@15': 0.0543, 'hit@20': 0.1496, 'ndcg@20': 0.0605, 'hit@40': 0.2386, 'ndcg@40': 0.0786} 
2024-10-10 12:36:03.376 | INFO     | trainer_1:_train_one_epoch:209 - test 25 cost time 6.61s, result: {'hit@1': 0.0105, 'ndcg@1': 0.0105, 'hit@5': 0.0351, 'ndcg@5': 0.0227, 'hit@10': 0.0597, 'ndcg@10': 0.0306, 'hit@15': 0.082, 'ndcg@15': 0.0365, 'hit@20': 0.1003, 'ndcg@20': 0.0408, 'hit@40': 0.1653, 'ndcg@40': 0.054} 
2024-10-10 12:36:12.941 | INFO     | trainer_1:_train_one_epoch:193 - epoch 26 9.56s Train loss is [0.3866] 
2024-10-10 12:36:18.959 | INFO     | trainer_1:_train_one_epoch:201 - validate 26 cost time 6.02s, result: {'hit@1': 0.015, 'ndcg@1': 0.015, 'hit@5': 0.0557, 'ndcg@5': 0.0355, 'hit@10': 0.0916, 'ndcg@10': 0.0471, 'hit@15': 0.1218, 'ndcg@15': 0.055, 'hit@20': 0.1498, 'ndcg@20': 0.0616, 'hit@40': 0.2358, 'ndcg@40': 0.0791} 
2024-10-10 12:36:26.411 | INFO     | trainer_1:_train_one_epoch:209 - test 26 cost time 7.45s, result: {'hit@1': 0.0105, 'ndcg@1': 0.0105, 'hit@5': 0.0365, 'ndcg@5': 0.0234, 'hit@10': 0.0605, 'ndcg@10': 0.0311, 'hit@15': 0.0816, 'ndcg@15': 0.0367, 'hit@20': 0.0997, 'ndcg@20': 0.041, 'hit@40': 0.1632, 'ndcg@40': 0.0539} 
2024-10-10 12:36:50.624 | INFO     | trainer_1:_train_one_epoch:193 - epoch 27 10.88s Train loss is [0.3696] 
2024-10-10 12:36:56.028 | INFO     | trainer_1:_train_one_epoch:201 - validate 27 cost time 5.40s, result: {'hit@1': 0.0151, 'ndcg@1': 0.0151, 'hit@5': 0.0535, 'ndcg@5': 0.0345, 'hit@10': 0.0878, 'ndcg@10': 0.0455, 'hit@15': 0.1167, 'ndcg@15': 0.0531, 'hit@20': 0.1428, 'ndcg@20': 0.0593, 'hit@40': 0.2269, 'ndcg@40': 0.0764} 
2024-10-10 12:37:02.724 | INFO     | trainer_1:_train_one_epoch:209 - test 27 cost time 6.70s, result: {'hit@1': 0.0099, 'ndcg@1': 0.0099, 'hit@5': 0.0346, 'ndcg@5': 0.0224, 'hit@10': 0.0591, 'ndcg@10': 0.0303, 'hit@15': 0.0794, 'ndcg@15': 0.0356, 'hit@20': 0.0976, 'ndcg@20': 0.0399, 'hit@40': 0.1578, 'ndcg@40': 0.0521} 
2024-10-10 12:37:10.708 | INFO     | trainer_1:_train_one_epoch:193 - epoch 28 7.98s Train loss is [0.3740] 
2024-10-10 12:37:18.969 | INFO     | trainer_1:_train_one_epoch:201 - validate 28 cost time 8.26s, result: {'hit@1': 0.0144, 'ndcg@1': 0.0144, 'hit@5': 0.0568, 'ndcg@5': 0.0356, 'hit@10': 0.0918, 'ndcg@10': 0.0468, 'hit@15': 0.1224, 'ndcg@15': 0.0549, 'hit@20': 0.1479, 'ndcg@20': 0.0609, 'hit@40': 0.2323, 'ndcg@40': 0.0781} 
2024-10-10 12:37:28.157 | INFO     | trainer_1:_train_one_epoch:209 - test 28 cost time 9.19s, result: {'hit@1': 0.0106, 'ndcg@1': 0.0106, 'hit@5': 0.0366, 'ndcg@5': 0.0237, 'hit@10': 0.0621, 'ndcg@10': 0.0318, 'hit@15': 0.0837, 'ndcg@15': 0.0375, 'hit@20': 0.1013, 'ndcg@20': 0.0417, 'hit@40': 0.1645, 'ndcg@40': 0.0545} 
2024-10-10 12:37:55.088 | INFO     | trainer_1:_train_one_epoch:193 - epoch 29 9.03s Train loss is [0.3768] 
2024-10-10 12:38:05.255 | INFO     | trainer_1:_train_one_epoch:201 - validate 29 cost time 10.17s, result: {'hit@1': 0.0156, 'ndcg@1': 0.0156, 'hit@5': 0.0552, 'ndcg@5': 0.0352, 'hit@10': 0.091, 'ndcg@10': 0.0467, 'hit@15': 0.123, 'ndcg@15': 0.0551, 'hit@20': 0.1505, 'ndcg@20': 0.0617, 'hit@40': 0.2391, 'ndcg@40': 0.0797} 
2024-10-10 12:38:14.353 | INFO     | trainer_1:_train_one_epoch:209 - test 29 cost time 9.10s, result: {'hit@1': 0.011, 'ndcg@1': 0.011, 'hit@5': 0.0376, 'ndcg@5': 0.0243, 'hit@10': 0.0621, 'ndcg@10': 0.0322, 'hit@15': 0.0844, 'ndcg@15': 0.0381, 'hit@20': 0.1031, 'ndcg@20': 0.0425, 'hit@40': 0.1715, 'ndcg@40': 0.0564} 
2024-10-10 12:38:25.198 | INFO     | trainer_1:_train_one_epoch:193 - epoch 30 10.84s Train loss is [0.3750] 
2024-10-10 12:38:32.299 | INFO     | trainer_1:_train_one_epoch:201 - validate 30 cost time 7.10s, result: {'hit@1': 0.0156, 'ndcg@1': 0.0156, 'hit@5': 0.0564, 'ndcg@5': 0.0361, 'hit@10': 0.0937, 'ndcg@10': 0.048, 'hit@15': 0.1242, 'ndcg@15': 0.0561, 'hit@20': 0.151, 'ndcg@20': 0.0624, 'hit@40': 0.2386, 'ndcg@40': 0.0802} 
2024-10-10 12:38:40.687 | INFO     | trainer_1:_train_one_epoch:209 - test 30 cost time 8.39s, result: {'hit@1': 0.0107, 'ndcg@1': 0.0107, 'hit@5': 0.0368, 'ndcg@5': 0.0237, 'hit@10': 0.062, 'ndcg@10': 0.0317, 'hit@15': 0.0827, 'ndcg@15': 0.0372, 'hit@20': 0.1023, 'ndcg@20': 0.0418, 'hit@40': 0.1649, 'ndcg@40': 0.0546} 
2024-10-10 12:38:49.985 | INFO     | trainer_1:_train_one_epoch:193 - epoch 31 9.30s Train loss is [0.3743] 
2024-10-10 12:38:59.286 | INFO     | trainer_1:_train_one_epoch:201 - validate 31 cost time 9.30s, result: {'hit@1': 0.0159, 'ndcg@1': 0.0159, 'hit@5': 0.0569, 'ndcg@5': 0.0366, 'hit@10': 0.0934, 'ndcg@10': 0.0483, 'hit@15': 0.1248, 'ndcg@15': 0.0566, 'hit@20': 0.1517, 'ndcg@20': 0.0629, 'hit@40': 0.2362, 'ndcg@40': 0.0801} 
2024-10-10 12:39:06.947 | INFO     | trainer_1:_train_one_epoch:209 - test 31 cost time 7.66s, result: {'hit@1': 0.0111, 'ndcg@1': 0.0111, 'hit@5': 0.0382, 'ndcg@5': 0.0245, 'hit@10': 0.0641, 'ndcg@10': 0.0328, 'hit@15': 0.0862, 'ndcg@15': 0.0386, 'hit@20': 0.1061, 'ndcg@20': 0.0433, 'hit@40': 0.1688, 'ndcg@40': 0.0561} 
2024-10-10 12:39:33.809 | INFO     | trainer_1:_train_one_epoch:193 - epoch 32 11.62s Train loss is [0.3667] 
2024-10-10 12:39:41.243 | INFO     | trainer_1:_train_one_epoch:201 - validate 32 cost time 7.43s, result: {'hit@1': 0.0155, 'ndcg@1': 0.0155, 'hit@5': 0.0556, 'ndcg@5': 0.0356, 'hit@10': 0.0944, 'ndcg@10': 0.0479, 'hit@15': 0.1257, 'ndcg@15': 0.0562, 'hit@20': 0.1539, 'ndcg@20': 0.0629, 'hit@40': 0.2433, 'ndcg@40': 0.0811} 
2024-10-10 12:39:49.610 | INFO     | trainer_1:_train_one_epoch:209 - test 32 cost time 8.37s, result: {'hit@1': 0.0106, 'ndcg@1': 0.0106, 'hit@5': 0.0385, 'ndcg@5': 0.0244, 'hit@10': 0.065, 'ndcg@10': 0.0329, 'hit@15': 0.0865, 'ndcg@15': 0.0386, 'hit@20': 0.1066, 'ndcg@20': 0.0434, 'hit@40': 0.174, 'ndcg@40': 0.057} 
2024-10-10 12:40:18.010 | INFO     | trainer_1:_train_one_epoch:193 - epoch 33 11.14s Train loss is [0.3491] 
2024-10-10 12:40:27.457 | INFO     | trainer_1:_train_one_epoch:201 - validate 33 cost time 9.45s, result: {'hit@1': 0.0149, 'ndcg@1': 0.0149, 'hit@5': 0.0564, 'ndcg@5': 0.0358, 'hit@10': 0.0942, 'ndcg@10': 0.048, 'hit@15': 0.1269, 'ndcg@15': 0.0566, 'hit@20': 0.1549, 'ndcg@20': 0.0632, 'hit@40': 0.2491, 'ndcg@40': 0.0824} 
2024-10-10 12:40:37.280 | INFO     | trainer_1:_train_one_epoch:209 - test 33 cost time 9.82s, result: {'hit@1': 0.0112, 'ndcg@1': 0.0112, 'hit@5': 0.0402, 'ndcg@5': 0.0256, 'hit@10': 0.0654, 'ndcg@10': 0.0337, 'hit@15': 0.0869, 'ndcg@15': 0.0394, 'hit@20': 0.108, 'ndcg@20': 0.0443, 'hit@40': 0.1745, 'ndcg@40': 0.0579} 
2024-10-10 12:41:04.679 | INFO     | trainer_1:_train_one_epoch:193 - epoch 34 11.13s Train loss is [0.3597] 
2024-10-10 12:41:13.244 | INFO     | trainer_1:_train_one_epoch:201 - validate 34 cost time 8.56s, result: {'hit@1': 0.015, 'ndcg@1': 0.015, 'hit@5': 0.0559, 'ndcg@5': 0.0354, 'hit@10': 0.0909, 'ndcg@10': 0.0466, 'hit@15': 0.1198, 'ndcg@15': 0.0542, 'hit@20': 0.1473, 'ndcg@20': 0.0607, 'hit@40': 0.2354, 'ndcg@40': 0.0786} 
2024-10-10 12:41:21.174 | INFO     | trainer_1:_train_one_epoch:209 - test 34 cost time 7.93s, result: {'hit@1': 0.0113, 'ndcg@1': 0.0113, 'hit@5': 0.0392, 'ndcg@5': 0.0253, 'hit@10': 0.0649, 'ndcg@10': 0.0336, 'hit@15': 0.0874, 'ndcg@15': 0.0395, 'hit@20': 0.1064, 'ndcg@20': 0.044, 'hit@40': 0.1706, 'ndcg@40': 0.057} 
2024-10-10 12:41:30.856 | INFO     | trainer_1:_train_one_epoch:193 - epoch 35 9.68s Train loss is [0.3543] 
2024-10-10 12:41:39.233 | INFO     | trainer_1:_train_one_epoch:201 - validate 35 cost time 8.38s, result: {'hit@1': 0.0152, 'ndcg@1': 0.0152, 'hit@5': 0.0558, 'ndcg@5': 0.0355, 'hit@10': 0.0904, 'ndcg@10': 0.0465, 'hit@15': 0.1214, 'ndcg@15': 0.0547, 'hit@20': 0.1484, 'ndcg@20': 0.0611, 'hit@40': 0.2374, 'ndcg@40': 0.0792} 
2024-10-10 12:41:48.464 | INFO     | trainer_1:_train_one_epoch:209 - test 35 cost time 9.23s, result: {'hit@1': 0.0115, 'ndcg@1': 0.0115, 'hit@5': 0.0378, 'ndcg@5': 0.0246, 'hit@10': 0.0628, 'ndcg@10': 0.0326, 'hit@15': 0.0835, 'ndcg@15': 0.038, 'hit@20': 0.104, 'ndcg@20': 0.0429, 'hit@40': 0.1692, 'ndcg@40': 0.0562} 
2024-10-10 12:42:00.023 | INFO     | trainer_1:_train_one_epoch:193 - epoch 36 11.56s Train loss is [0.3573] 
2024-10-10 12:42:06.693 | INFO     | trainer_1:_train_one_epoch:201 - validate 36 cost time 6.67s, result: {'hit@1': 0.0149, 'ndcg@1': 0.0149, 'hit@5': 0.0558, 'ndcg@5': 0.0354, 'hit@10': 0.0921, 'ndcg@10': 0.047, 'hit@15': 0.1237, 'ndcg@15': 0.0554, 'hit@20': 0.1519, 'ndcg@20': 0.062, 'hit@40': 0.2432, 'ndcg@40': 0.0806} 
2024-10-10 12:42:14.090 | INFO     | trainer_1:_train_one_epoch:209 - test 36 cost time 7.40s, result: {'hit@1': 0.0102, 'ndcg@1': 0.0102, 'hit@5': 0.0371, 'ndcg@5': 0.0236, 'hit@10': 0.0621, 'ndcg@10': 0.0316, 'hit@15': 0.0856, 'ndcg@15': 0.0378, 'hit@20': 0.1048, 'ndcg@20': 0.0424, 'hit@40': 0.1716, 'ndcg@40': 0.0559} 
2024-10-10 12:42:24.755 | INFO     | trainer_1:_train_one_epoch:193 - epoch 37 10.66s Train loss is [0.3624] 
2024-10-10 12:42:33.572 | INFO     | trainer_1:_train_one_epoch:201 - validate 37 cost time 8.82s, result: {'hit@1': 0.0153, 'ndcg@1': 0.0153, 'hit@5': 0.0581, 'ndcg@5': 0.0366, 'hit@10': 0.0968, 'ndcg@10': 0.0491, 'hit@15': 0.1301, 'ndcg@15': 0.0579, 'hit@20': 0.1582, 'ndcg@20': 0.0645, 'hit@40': 0.2477, 'ndcg@40': 0.0827} 
2024-10-10 12:42:40.964 | INFO     | trainer_1:_train_one_epoch:209 - test 37 cost time 7.39s, result: {'hit@1': 0.0114, 'ndcg@1': 0.0114, 'hit@5': 0.04, 'ndcg@5': 0.0256, 'hit@10': 0.0657, 'ndcg@10': 0.0338, 'hit@15': 0.0889, 'ndcg@15': 0.04, 'hit@20': 0.1092, 'ndcg@20': 0.0447, 'hit@40': 0.1792, 'ndcg@40': 0.0589} 
2024-10-10 12:43:07.661 | INFO     | trainer_1:_train_one_epoch:193 - epoch 38 11.68s Train loss is [0.3418] 
2024-10-10 12:43:14.303 | INFO     | trainer_1:_train_one_epoch:201 - validate 38 cost time 6.64s, result: {'hit@1': 0.0162, 'ndcg@1': 0.0162, 'hit@5': 0.0566, 'ndcg@5': 0.0365, 'hit@10': 0.0938, 'ndcg@10': 0.0484, 'hit@15': 0.1257, 'ndcg@15': 0.0568, 'hit@20': 0.1544, 'ndcg@20': 0.0636, 'hit@40': 0.2419, 'ndcg@40': 0.0814} 
2024-10-10 12:43:19.399 | INFO     | trainer_1:_train_one_epoch:209 - test 38 cost time 5.10s, result: {'hit@1': 0.0113, 'ndcg@1': 0.0113, 'hit@5': 0.0392, 'ndcg@5': 0.0251, 'hit@10': 0.0641, 'ndcg@10': 0.0331, 'hit@15': 0.0862, 'ndcg@15': 0.039, 'hit@20': 0.1058, 'ndcg@20': 0.0436, 'hit@40': 0.1719, 'ndcg@40': 0.057} 
2024-10-10 12:43:28.641 | INFO     | trainer_1:_train_one_epoch:193 - epoch 39 9.24s Train loss is [0.3441] 
2024-10-10 12:43:34.985 | INFO     | trainer_1:_train_one_epoch:201 - validate 39 cost time 6.34s, result: {'hit@1': 0.0154, 'ndcg@1': 0.0154, 'hit@5': 0.058, 'ndcg@5': 0.0366, 'hit@10': 0.0973, 'ndcg@10': 0.0492, 'hit@15': 0.1287, 'ndcg@15': 0.0574, 'hit@20': 0.1552, 'ndcg@20': 0.0637, 'hit@40': 0.2466, 'ndcg@40': 0.0823} 
2024-10-10 12:43:43.786 | INFO     | trainer_1:_train_one_epoch:209 - test 39 cost time 8.80s, result: {'hit@1': 0.0114, 'ndcg@1': 0.0114, 'hit@5': 0.0398, 'ndcg@5': 0.0254, 'hit@10': 0.0666, 'ndcg@10': 0.0341, 'hit@15': 0.0905, 'ndcg@15': 0.0404, 'hit@20': 0.111, 'ndcg@20': 0.0452, 'hit@40': 0.1791, 'ndcg@40': 0.059} 
2024-10-10 12:44:07.661 | INFO     | trainer_1:_train_one_epoch:193 - epoch 40 10.34s Train loss is [0.3442] 
2024-10-10 12:44:14.640 | INFO     | trainer_1:_train_one_epoch:201 - validate 40 cost time 6.98s, result: {'hit@1': 0.016, 'ndcg@1': 0.016, 'hit@5': 0.0583, 'ndcg@5': 0.0373, 'hit@10': 0.0947, 'ndcg@10': 0.049, 'hit@15': 0.1275, 'ndcg@15': 0.0577, 'hit@20': 0.1568, 'ndcg@20': 0.0646, 'hit@40': 0.2466, 'ndcg@40': 0.0828} 
2024-10-10 12:44:22.523 | INFO     | trainer_1:_train_one_epoch:209 - test 40 cost time 7.88s, result: {'hit@1': 0.0117, 'ndcg@1': 0.0117, 'hit@5': 0.0388, 'ndcg@5': 0.0251, 'hit@10': 0.0659, 'ndcg@10': 0.0338, 'hit@15': 0.088, 'ndcg@15': 0.0396, 'hit@20': 0.1072, 'ndcg@20': 0.0441, 'hit@40': 0.1754, 'ndcg@40': 0.058} 
2024-10-10 12:44:31.701 | INFO     | trainer_1:_train_one_epoch:193 - epoch 41 9.18s Train loss is [0.3482] 
2024-10-10 12:44:42.256 | INFO     | trainer_1:_train_one_epoch:201 - validate 41 cost time 10.55s, result: {'hit@1': 0.0164, 'ndcg@1': 0.0164, 'hit@5': 0.0581, 'ndcg@5': 0.0374, 'hit@10': 0.0972, 'ndcg@10': 0.0499, 'hit@15': 0.1271, 'ndcg@15': 0.0578, 'hit@20': 0.1547, 'ndcg@20': 0.0643, 'hit@40': 0.2444, 'ndcg@40': 0.0825} 
2024-10-10 12:44:51.053 | INFO     | trainer_1:_train_one_epoch:209 - test 41 cost time 8.80s, result: {'hit@1': 0.011, 'ndcg@1': 0.011, 'hit@5': 0.0398, 'ndcg@5': 0.0252, 'hit@10': 0.0656, 'ndcg@10': 0.0335, 'hit@15': 0.0891, 'ndcg@15': 0.0397, 'hit@20': 0.1086, 'ndcg@20': 0.0443, 'hit@40': 0.1752, 'ndcg@40': 0.0578} 
2024-10-10 12:45:00.778 | INFO     | trainer_1:_train_one_epoch:193 - epoch 42 9.72s Train loss is [0.3386] 
2024-10-10 12:45:09.424 | INFO     | trainer_1:_train_one_epoch:201 - validate 42 cost time 8.65s, result: {'hit@1': 0.0177, 'ndcg@1': 0.0177, 'hit@5': 0.0638, 'ndcg@5': 0.0405, 'hit@10': 0.1042, 'ndcg@10': 0.0534, 'hit@15': 0.1347, 'ndcg@15': 0.0615, 'hit@20': 0.1647, 'ndcg@20': 0.0686, 'hit@40': 0.2565, 'ndcg@40': 0.0873} 
2024-10-10 12:45:19.581 | INFO     | trainer_1:_train_one_epoch:209 - test 42 cost time 10.16s, result: {'hit@1': 0.0109, 'ndcg@1': 0.0109, 'hit@5': 0.041, 'ndcg@5': 0.026, 'hit@10': 0.0686, 'ndcg@10': 0.0348, 'hit@15': 0.0912, 'ndcg@15': 0.0408, 'hit@20': 0.1125, 'ndcg@20': 0.0458, 'hit@40': 0.1812, 'ndcg@40': 0.0597} 
2024-10-10 12:45:48.198 | INFO     | trainer_1:_train_one_epoch:193 - epoch 43 9.79s Train loss is [0.3385] 
2024-10-10 12:45:58.727 | INFO     | trainer_1:_train_one_epoch:201 - validate 43 cost time 10.53s, result: {'hit@1': 0.0167, 'ndcg@1': 0.0167, 'hit@5': 0.0583, 'ndcg@5': 0.0376, 'hit@10': 0.0984, 'ndcg@10': 0.0504, 'hit@15': 0.1308, 'ndcg@15': 0.059, 'hit@20': 0.1597, 'ndcg@20': 0.0658, 'hit@40': 0.252, 'ndcg@40': 0.0846} 
2024-10-10 12:46:07.142 | INFO     | trainer_1:_train_one_epoch:209 - test 43 cost time 8.41s, result: {'hit@1': 0.0111, 'ndcg@1': 0.0111, 'hit@5': 0.0408, 'ndcg@5': 0.0257, 'hit@10': 0.0674, 'ndcg@10': 0.0342, 'hit@15': 0.0908, 'ndcg@15': 0.0404, 'hit@20': 0.1108, 'ndcg@20': 0.0451, 'hit@40': 0.1783, 'ndcg@40': 0.0588} 
2024-10-10 12:46:16.676 | INFO     | trainer_1:_train_one_epoch:193 - epoch 44 9.53s Train loss is [0.3463] 
2024-10-10 12:46:24.642 | INFO     | trainer_1:_train_one_epoch:201 - validate 44 cost time 7.97s, result: {'hit@1': 0.0172, 'ndcg@1': 0.0172, 'hit@5': 0.0582, 'ndcg@5': 0.0379, 'hit@10': 0.0981, 'ndcg@10': 0.0507, 'hit@15': 0.1309, 'ndcg@15': 0.0593, 'hit@20': 0.158, 'ndcg@20': 0.0657, 'hit@40': 0.248, 'ndcg@40': 0.0841} 
2024-10-10 12:46:35.156 | INFO     | trainer_1:_train_one_epoch:209 - test 44 cost time 10.51s, result: {'hit@1': 0.0113, 'ndcg@1': 0.0113, 'hit@5': 0.0403, 'ndcg@5': 0.0255, 'hit@10': 0.0694, 'ndcg@10': 0.0349, 'hit@15': 0.0932, 'ndcg@15': 0.0411, 'hit@20': 0.1119, 'ndcg@20': 0.0456, 'hit@40': 0.1797, 'ndcg@40': 0.0593} 
2024-10-10 12:47:02.366 | INFO     | trainer_1:_train_one_epoch:193 - epoch 45 8.89s Train loss is [0.3444] 
2024-10-10 12:47:12.114 | INFO     | trainer_1:_train_one_epoch:201 - validate 45 cost time 9.75s, result: {'hit@1': 0.0165, 'ndcg@1': 0.0165, 'hit@5': 0.0618, 'ndcg@5': 0.0393, 'hit@10': 0.1017, 'ndcg@10': 0.052, 'hit@15': 0.132, 'ndcg@15': 0.06, 'hit@20': 0.1604, 'ndcg@20': 0.0667, 'hit@40': 0.2502, 'ndcg@40': 0.085} 
2024-10-10 12:47:21.982 | INFO     | trainer_1:_train_one_epoch:209 - test 45 cost time 9.87s, result: {'hit@1': 0.011, 'ndcg@1': 0.011, 'hit@5': 0.042, 'ndcg@5': 0.0263, 'hit@10': 0.0701, 'ndcg@10': 0.0352, 'hit@15': 0.0935, 'ndcg@15': 0.0414, 'hit@20': 0.1133, 'ndcg@20': 0.0461, 'hit@40': 0.1796, 'ndcg@40': 0.0596} 
2024-10-10 12:47:41.703 | INFO     | trainer_1:_train_one_epoch:193 - epoch 46 7.48s Train loss is [0.3299] 
2024-10-10 12:47:50.682 | INFO     | trainer_1:_train_one_epoch:201 - validate 46 cost time 8.98s, result: {'hit@1': 0.0169, 'ndcg@1': 0.0169, 'hit@5': 0.0597, 'ndcg@5': 0.0382, 'hit@10': 0.099, 'ndcg@10': 0.0508, 'hit@15': 0.1303, 'ndcg@15': 0.0591, 'hit@20': 0.1562, 'ndcg@20': 0.0652, 'hit@40': 0.2468, 'ndcg@40': 0.0836} 
2024-10-10 12:47:59.777 | INFO     | trainer_1:_train_one_epoch:209 - test 46 cost time 9.09s, result: {'hit@1': 0.0106, 'ndcg@1': 0.0106, 'hit@5': 0.0417, 'ndcg@5': 0.0261, 'hit@10': 0.0684, 'ndcg@10': 0.0347, 'hit@15': 0.0914, 'ndcg@15': 0.0407, 'hit@20': 0.1118, 'ndcg@20': 0.0455, 'hit@40': 0.1781, 'ndcg@40': 0.059} 
2024-10-10 12:48:07.238 | INFO     | trainer_1:_train_one_epoch:193 - epoch 47 7.46s Train loss is [0.3327] 
2024-10-10 12:48:15.309 | INFO     | trainer_1:_train_one_epoch:201 - validate 47 cost time 8.07s, result: {'hit@1': 0.0159, 'ndcg@1': 0.0159, 'hit@5': 0.0572, 'ndcg@5': 0.0366, 'hit@10': 0.0968, 'ndcg@10': 0.0493, 'hit@15': 0.1263, 'ndcg@15': 0.0571, 'hit@20': 0.1542, 'ndcg@20': 0.0637, 'hit@40': 0.2426, 'ndcg@40': 0.0816} 
2024-10-10 12:48:22.636 | INFO     | trainer_1:_train_one_epoch:209 - test 47 cost time 7.33s, result: {'hit@1': 0.01, 'ndcg@1': 0.01, 'hit@5': 0.0379, 'ndcg@5': 0.024, 'hit@10': 0.0653, 'ndcg@10': 0.0328, 'hit@15': 0.0884, 'ndcg@15': 0.0389, 'hit@20': 0.1081, 'ndcg@20': 0.0435, 'hit@40': 0.1729, 'ndcg@40': 0.0567} 
2024-10-10 12:48:32.386 | INFO     | trainer_1:_train_one_epoch:193 - epoch 48 9.75s Train loss is [0.3263] 
2024-10-10 12:48:41.815 | INFO     | trainer_1:_train_one_epoch:201 - validate 48 cost time 9.43s, result: {'hit@1': 0.0177, 'ndcg@1': 0.0177, 'hit@5': 0.0625, 'ndcg@5': 0.04, 'hit@10': 0.1016, 'ndcg@10': 0.0524, 'hit@15': 0.1338, 'ndcg@15': 0.0609, 'hit@20': 0.1628, 'ndcg@20': 0.0678, 'hit@40': 0.2521, 'ndcg@40': 0.0859} 
2024-10-10 12:48:50.779 | INFO     | trainer_1:_train_one_epoch:209 - test 48 cost time 8.96s, result: {'hit@1': 0.0106, 'ndcg@1': 0.0106, 'hit@5': 0.0418, 'ndcg@5': 0.0262, 'hit@10': 0.0712, 'ndcg@10': 0.0356, 'hit@15': 0.0944, 'ndcg@15': 0.0417, 'hit@20': 0.1147, 'ndcg@20': 0.0465, 'hit@40': 0.1823, 'ndcg@40': 0.0602} 
2024-10-10 12:49:17.103 | INFO     | trainer_1:_train_one_epoch:193 - epoch 49 10.25s Train loss is [0.3367] 
2024-10-10 12:49:27.273 | INFO     | trainer_1:_train_one_epoch:201 - validate 49 cost time 10.17s, result: {'hit@1': 0.0168, 'ndcg@1': 0.0168, 'hit@5': 0.0586, 'ndcg@5': 0.0377, 'hit@10': 0.0966, 'ndcg@10': 0.0499, 'hit@15': 0.127, 'ndcg@15': 0.0579, 'hit@20': 0.1551, 'ndcg@20': 0.0645, 'hit@40': 0.2445, 'ndcg@40': 0.0827} 
2024-10-10 12:49:34.388 | INFO     | trainer_1:_train_one_epoch:209 - test 49 cost time 7.11s, result: {'hit@1': 0.0102, 'ndcg@1': 0.0102, 'hit@5': 0.0401, 'ndcg@5': 0.0252, 'hit@10': 0.0671, 'ndcg@10': 0.0338, 'hit@15': 0.0903, 'ndcg@15': 0.0399, 'hit@20': 0.1107, 'ndcg@20': 0.0448, 'hit@40': 0.1745, 'ndcg@40': 0.0577} 
2024-10-10 12:49:42.581 | INFO     | trainer_1:_train_one_epoch:193 - epoch 50 8.19s Train loss is [0.3381] 
2024-10-10 12:49:53.982 | INFO     | trainer_1:_train_one_epoch:201 - validate 50 cost time 11.40s, result: {'hit@1': 0.0163, 'ndcg@1': 0.0163, 'hit@5': 0.0599, 'ndcg@5': 0.0379, 'hit@10': 0.1009, 'ndcg@10': 0.051, 'hit@15': 0.1333, 'ndcg@15': 0.0596, 'hit@20': 0.162, 'ndcg@20': 0.0663, 'hit@40': 0.2539, 'ndcg@40': 0.085} 
2024-10-10 12:50:04.935 | INFO     | trainer_1:_train_one_epoch:209 - test 50 cost time 10.95s, result: {'hit@1': 0.0102, 'ndcg@1': 0.0102, 'hit@5': 0.0401, 'ndcg@5': 0.025, 'hit@10': 0.0684, 'ndcg@10': 0.0341, 'hit@15': 0.092, 'ndcg@15': 0.0403, 'hit@20': 0.1125, 'ndcg@20': 0.0451, 'hit@40': 0.1782, 'ndcg@40': 0.0585} 
2024-10-10 12:50:12.286 | INFO     | trainer_1:_train_one_epoch:193 - epoch 51 7.35s Train loss is [0.3335] 
2024-10-10 12:50:18.277 | INFO     | trainer_1:_train_one_epoch:201 - validate 51 cost time 5.99s, result: {'hit@1': 0.0165, 'ndcg@1': 0.0165, 'hit@5': 0.063, 'ndcg@5': 0.0399, 'hit@10': 0.1034, 'ndcg@10': 0.0528, 'hit@15': 0.1366, 'ndcg@15': 0.0616, 'hit@20': 0.1652, 'ndcg@20': 0.0684, 'hit@40': 0.259, 'ndcg@40': 0.0875} 
2024-10-10 12:50:25.094 | INFO     | trainer_1:_train_one_epoch:209 - test 51 cost time 6.82s, result: {'hit@1': 0.0109, 'ndcg@1': 0.0109, 'hit@5': 0.0405, 'ndcg@5': 0.0256, 'hit@10': 0.071, 'ndcg@10': 0.0354, 'hit@15': 0.095, 'ndcg@15': 0.0417, 'hit@20': 0.1156, 'ndcg@20': 0.0466, 'hit@40': 0.1844, 'ndcg@40': 0.0606} 
2024-10-10 12:50:33.229 | INFO     | trainer_1:_train_one_epoch:193 - epoch 52 8.13s Train loss is [0.3253] 
2024-10-10 12:50:43.028 | INFO     | trainer_1:_train_one_epoch:201 - validate 52 cost time 9.80s, result: {'hit@1': 0.0164, 'ndcg@1': 0.0164, 'hit@5': 0.0593, 'ndcg@5': 0.0377, 'hit@10': 0.0973, 'ndcg@10': 0.0498, 'hit@15': 0.1295, 'ndcg@15': 0.0584, 'hit@20': 0.1568, 'ndcg@20': 0.0648, 'hit@40': 0.2488, 'ndcg@40': 0.0836} 
2024-10-10 12:50:53.137 | INFO     | trainer_1:_train_one_epoch:209 - test 52 cost time 10.11s, result: {'hit@1': 0.0108, 'ndcg@1': 0.0108, 'hit@5': 0.0398, 'ndcg@5': 0.0252, 'hit@10': 0.0671, 'ndcg@10': 0.034, 'hit@15': 0.0904, 'ndcg@15': 0.0401, 'hit@20': 0.1107, 'ndcg@20': 0.0449, 'hit@40': 0.1789, 'ndcg@40': 0.0588} 
2024-10-10 12:50:59.939 | INFO     | trainer_1:_train_one_epoch:193 - epoch 53 6.80s Train loss is [0.3301] 
2024-10-10 12:51:07.878 | INFO     | trainer_1:_train_one_epoch:201 - validate 53 cost time 7.94s, result: {'hit@1': 0.0168, 'ndcg@1': 0.0168, 'hit@5': 0.0606, 'ndcg@5': 0.0386, 'hit@10': 0.0978, 'ndcg@10': 0.0506, 'hit@15': 0.1299, 'ndcg@15': 0.0591, 'hit@20': 0.1588, 'ndcg@20': 0.0659, 'hit@40': 0.2491, 'ndcg@40': 0.0843} 
2024-10-10 12:51:17.773 | INFO     | trainer_1:_train_one_epoch:209 - test 53 cost time 9.89s, result: {'hit@1': 0.0105, 'ndcg@1': 0.0105, 'hit@5': 0.0408, 'ndcg@5': 0.0257, 'hit@10': 0.0676, 'ndcg@10': 0.0342, 'hit@15': 0.0884, 'ndcg@15': 0.0397, 'hit@20': 0.1092, 'ndcg@20': 0.0446, 'hit@40': 0.1777, 'ndcg@40': 0.0586} 
2024-10-10 12:51:17.788 | INFO     | trainer_1:train_model:163 - training end, best iteration 48, results: {'hit@1': 0.0177, 'ndcg@1': 0.0177, 'hit@5': 0.0625, 'ndcg@5': 0.04, 'hit@10': 0.1016, 'ndcg@10': 0.0524, 'hit@15': 0.1338, 'ndcg@15': 0.0609, 'hit@20': 0.1628, 'ndcg@20': 0.0678, 'hit@40': 0.2521, 'ndcg@40': 0.0859}
2024-10-10 12:51:17.788 | INFO     | trainer_1:train_model:166 - final test result is:  {'hit@1': 0.0106, 'ndcg@1': 0.0106, 'hit@5': 0.0418, 'ndcg@5': 0.0262, 'hit@10': 0.0712, 'ndcg@10': 0.0356, 'hit@15': 0.0944, 'ndcg@15': 0.0417, 'hit@20': 0.1147, 'ndcg@20': 0.0465, 'hit@40': 0.1823, 'ndcg@40': 0.0602}
2024-10-10 12:51:18.257 | INFO     | __main__:<module>:119 - train end total cost time: 2116.060775279999
