2024-10-11 16:02:33.394 | INFO     | __main__:<module>:105 - Namespace(TIME='2024-10-11 16_02_01', batch_size=1024, behaviors=['view', 'cart', 'buy'], check_point='model_pre_1_2024-10-08 12_42_42.pth', data_name='beibei', data_path='./data/beibei', decay=0.001, device='cuda:1', dim_qk=32, dim_v=64, distill_layers=2, distill_thres=0.5, distill_topK=20, distill_userK=8, embedding_size=64, epochs=100, gpu_no=1, if_load_model=True, ii_lambda=200, initializer_range=0.02, layers=2, loss_type='bpr', lr=0.001, message_dropout=0.25, metrics=['hit', 'ndcg'], min_epoch=5, model_name='main_1', model_path='./check_point', node_dropout=0.75, omega=1, pt_loop=50, reg_weight=0.001, test_batch_size=1024, testbatch=1024, topk=[1, 5, 10, 15, 20, 40], uu_lambda=100)
2024-10-11 16:02:33.395 | INFO     | __main__:<module>:106 - BIPN(
  (message_dropout): Dropout(p=0.25, inplace=False)
  (user_embedding): Embedding(21717, 64, padding_idx=0)
  (item_embedding): Embedding(7978, 64, padding_idx=0)
  (global_Graph): LightGCN()
  (Graph_encoder): ModuleDict(
    (view): GraphEncoder(
      (light): LightGCN()
      (dropout): Dropout(p=0.75, inplace=False)
    )
    (cart): GraphEncoder(
      (light): LightGCN()
      (dropout): Dropout(p=0.75, inplace=False)
    )
    (buy): GraphEncoder(
      (light): LightGCN()
      (dropout): Dropout(p=0.75, inplace=False)
    )
  )
  (attention): Mutual_Attention()
  (bpr_loss): BPRLoss()
  (emb_loss): EmbLoss()
  (f): Sigmoid()
)
2024-10-11 16:38:54.011 | INFO     | trainer_1:_train_one_epoch:193 - epoch 1 6.98s Train loss is [0.9837] 
2024-10-11 16:39:01.247 | INFO     | trainer_1:_train_one_epoch:201 - validate 1 cost time 7.24s, result: {'hit@1': 0.0055, 'ndcg@1': 0.0055, 'hit@5': 0.0233, 'ndcg@5': 0.0143, 'hit@10': 0.0408, 'ndcg@10': 0.0199, 'hit@15': 0.058, 'ndcg@15': 0.0244, 'hit@20': 0.074, 'ndcg@20': 0.0282, 'hit@40': 0.1298, 'ndcg@40': 0.0395} 
2024-10-11 16:39:08.762 | INFO     | trainer_1:_train_one_epoch:209 - test 1 cost time 7.51s, result: {'hit@1': 0.0031, 'ndcg@1': 0.0031, 'hit@5': 0.0166, 'ndcg@5': 0.0097, 'hit@10': 0.0301, 'ndcg@10': 0.014, 'hit@15': 0.0427, 'ndcg@15': 0.0174, 'hit@20': 0.0553, 'ndcg@20': 0.0203, 'hit@40': 0.0992, 'ndcg@40': 0.0292} 
2024-10-11 16:39:25.254 | INFO     | trainer_1:_train_one_epoch:193 - epoch 2 6.12s Train loss is [0.7637] 
2024-10-11 16:39:30.947 | INFO     | trainer_1:_train_one_epoch:201 - validate 2 cost time 5.69s, result: {'hit@1': 0.0081, 'ndcg@1': 0.0081, 'hit@5': 0.0326, 'ndcg@5': 0.0203, 'hit@10': 0.0565, 'ndcg@10': 0.028, 'hit@15': 0.078, 'ndcg@15': 0.0336, 'hit@20': 0.0957, 'ndcg@20': 0.0378, 'hit@40': 0.1572, 'ndcg@40': 0.0503} 
2024-10-11 16:39:36.878 | INFO     | trainer_1:_train_one_epoch:209 - test 2 cost time 5.93s, result: {'hit@1': 0.0041, 'ndcg@1': 0.0041, 'hit@5': 0.0198, 'ndcg@5': 0.0118, 'hit@10': 0.0365, 'ndcg@10': 0.0172, 'hit@15': 0.0522, 'ndcg@15': 0.0213, 'hit@20': 0.0656, 'ndcg@20': 0.0245, 'hit@40': 0.1123, 'ndcg@40': 0.034} 
2024-10-11 16:39:54.317 | INFO     | trainer_1:_train_one_epoch:193 - epoch 3 6.38s Train loss is [0.6611] 
2024-10-11 16:40:01.888 | INFO     | trainer_1:_train_one_epoch:201 - validate 3 cost time 7.57s, result: {'hit@1': 0.0075, 'ndcg@1': 0.0075, 'hit@5': 0.0324, 'ndcg@5': 0.0199, 'hit@10': 0.0586, 'ndcg@10': 0.0282, 'hit@15': 0.0816, 'ndcg@15': 0.0343, 'hit@20': 0.1011, 'ndcg@20': 0.0389, 'hit@40': 0.1652, 'ndcg@40': 0.052} 
2024-10-11 16:40:07.393 | INFO     | trainer_1:_train_one_epoch:209 - test 3 cost time 5.50s, result: {'hit@1': 0.0048, 'ndcg@1': 0.0048, 'hit@5': 0.022, 'ndcg@5': 0.0134, 'hit@10': 0.0399, 'ndcg@10': 0.0191, 'hit@15': 0.0558, 'ndcg@15': 0.0233, 'hit@20': 0.0709, 'ndcg@20': 0.0269, 'hit@40': 0.1251, 'ndcg@40': 0.0379} 
2024-10-11 16:40:25.702 | INFO     | trainer_1:_train_one_epoch:193 - epoch 4 7.89s Train loss is [0.5879] 
2024-10-11 16:40:32.982 | INFO     | trainer_1:_train_one_epoch:201 - validate 4 cost time 7.28s, result: {'hit@1': 0.0093, 'ndcg@1': 0.0093, 'hit@5': 0.0365, 'ndcg@5': 0.0226, 'hit@10': 0.0631, 'ndcg@10': 0.0311, 'hit@15': 0.0898, 'ndcg@15': 0.0382, 'hit@20': 0.1121, 'ndcg@20': 0.0434, 'hit@40': 0.1836, 'ndcg@40': 0.0579} 
2024-10-11 16:40:40.925 | INFO     | trainer_1:_train_one_epoch:209 - test 4 cost time 7.94s, result: {'hit@1': 0.006, 'ndcg@1': 0.006, 'hit@5': 0.0244, 'ndcg@5': 0.015, 'hit@10': 0.0429, 'ndcg@10': 0.0209, 'hit@15': 0.0603, 'ndcg@15': 0.0255, 'hit@20': 0.0777, 'ndcg@20': 0.0296, 'hit@40': 0.1346, 'ndcg@40': 0.0412} 
2024-10-11 16:40:57.639 | INFO     | trainer_1:_train_one_epoch:193 - epoch 5 6.24s Train loss is [0.5650] 
2024-10-11 16:41:03.779 | INFO     | trainer_1:_train_one_epoch:201 - validate 5 cost time 6.14s, result: {'hit@1': 0.01, 'ndcg@1': 0.01, 'hit@5': 0.0343, 'ndcg@5': 0.0219, 'hit@10': 0.06, 'ndcg@10': 0.0302, 'hit@15': 0.0847, 'ndcg@15': 0.0367, 'hit@20': 0.1063, 'ndcg@20': 0.0418, 'hit@40': 0.1783, 'ndcg@40': 0.0565} 
2024-10-11 16:41:09.865 | INFO     | trainer_1:_train_one_epoch:209 - test 5 cost time 6.09s, result: {'hit@1': 0.0057, 'ndcg@1': 0.0057, 'hit@5': 0.0221, 'ndcg@5': 0.0137, 'hit@10': 0.0396, 'ndcg@10': 0.0193, 'hit@15': 0.0554, 'ndcg@15': 0.0235, 'hit@20': 0.0696, 'ndcg@20': 0.0268, 'hit@40': 0.1244, 'ndcg@40': 0.0379} 
2024-10-11 16:41:16.966 | INFO     | trainer_1:_train_one_epoch:193 - epoch 6 7.10s Train loss is [0.5475] 
2024-10-11 16:41:25.068 | INFO     | trainer_1:_train_one_epoch:201 - validate 6 cost time 8.10s, result: {'hit@1': 0.0098, 'ndcg@1': 0.0098, 'hit@5': 0.0375, 'ndcg@5': 0.0238, 'hit@10': 0.0641, 'ndcg@10': 0.0323, 'hit@15': 0.0884, 'ndcg@15': 0.0387, 'hit@20': 0.1107, 'ndcg@20': 0.044, 'hit@40': 0.1807, 'ndcg@40': 0.0582} 
2024-10-11 16:41:32.433 | INFO     | trainer_1:_train_one_epoch:209 - test 6 cost time 7.36s, result: {'hit@1': 0.0056, 'ndcg@1': 0.0056, 'hit@5': 0.0236, 'ndcg@5': 0.0145, 'hit@10': 0.0424, 'ndcg@10': 0.0206, 'hit@15': 0.0577, 'ndcg@15': 0.0246, 'hit@20': 0.0737, 'ndcg@20': 0.0284, 'hit@40': 0.1267, 'ndcg@40': 0.0391} 
2024-10-11 16:41:38.805 | INFO     | trainer_1:_train_one_epoch:193 - epoch 7 6.37s Train loss is [0.5218] 
2024-10-11 16:41:43.699 | INFO     | trainer_1:_train_one_epoch:201 - validate 7 cost time 4.89s, result: {'hit@1': 0.01, 'ndcg@1': 0.01, 'hit@5': 0.0403, 'ndcg@5': 0.025, 'hit@10': 0.0703, 'ndcg@10': 0.0346, 'hit@15': 0.0968, 'ndcg@15': 0.0416, 'hit@20': 0.1196, 'ndcg@20': 0.047, 'hit@40': 0.1915, 'ndcg@40': 0.0616} 
2024-10-11 16:41:49.505 | INFO     | trainer_1:_train_one_epoch:209 - test 7 cost time 5.80s, result: {'hit@1': 0.0062, 'ndcg@1': 0.0062, 'hit@5': 0.0237, 'ndcg@5': 0.0148, 'hit@10': 0.0441, 'ndcg@10': 0.0214, 'hit@15': 0.0637, 'ndcg@15': 0.0265, 'hit@20': 0.0808, 'ndcg@20': 0.0305, 'hit@40': 0.1373, 'ndcg@40': 0.042} 
2024-10-11 16:42:06.579 | INFO     | trainer_1:_train_one_epoch:193 - epoch 8 6.49s Train loss is [0.5050] 
2024-10-11 16:42:14.484 | INFO     | trainer_1:_train_one_epoch:201 - validate 8 cost time 7.90s, result: {'hit@1': 0.0096, 'ndcg@1': 0.0096, 'hit@5': 0.0399, 'ndcg@5': 0.0245, 'hit@10': 0.0678, 'ndcg@10': 0.0335, 'hit@15': 0.0923, 'ndcg@15': 0.0399, 'hit@20': 0.116, 'ndcg@20': 0.0455, 'hit@40': 0.1938, 'ndcg@40': 0.0614} 
2024-10-11 16:42:21.888 | INFO     | trainer_1:_train_one_epoch:209 - test 8 cost time 7.40s, result: {'hit@1': 0.0064, 'ndcg@1': 0.0064, 'hit@5': 0.0256, 'ndcg@5': 0.0158, 'hit@10': 0.046, 'ndcg@10': 0.0224, 'hit@15': 0.0629, 'ndcg@15': 0.0269, 'hit@20': 0.081, 'ndcg@20': 0.0311, 'hit@40': 0.1411, 'ndcg@40': 0.0433} 
2024-10-11 16:42:38.720 | INFO     | trainer_1:_train_one_epoch:193 - epoch 9 6.52s Train loss is [0.4973] 
2024-10-11 16:42:45.348 | INFO     | trainer_1:_train_one_epoch:201 - validate 9 cost time 6.63s, result: {'hit@1': 0.0108, 'ndcg@1': 0.0108, 'hit@5': 0.0437, 'ndcg@5': 0.0272, 'hit@10': 0.0744, 'ndcg@10': 0.037, 'hit@15': 0.1025, 'ndcg@15': 0.0444, 'hit@20': 0.1255, 'ndcg@20': 0.0499, 'hit@40': 0.2046, 'ndcg@40': 0.0659} 
2024-10-11 16:42:53.289 | INFO     | trainer_1:_train_one_epoch:209 - test 9 cost time 7.94s, result: {'hit@1': 0.0076, 'ndcg@1': 0.0076, 'hit@5': 0.027, 'ndcg@5': 0.0172, 'hit@10': 0.048, 'ndcg@10': 0.0239, 'hit@15': 0.066, 'ndcg@15': 0.0287, 'hit@20': 0.0844, 'ndcg@20': 0.033, 'hit@40': 0.1461, 'ndcg@40': 0.0456} 
2024-10-11 16:43:10.617 | INFO     | trainer_1:_train_one_epoch:193 - epoch 10 6.75s Train loss is [0.4821] 
2024-10-11 16:43:17.240 | INFO     | trainer_1:_train_one_epoch:201 - validate 10 cost time 6.62s, result: {'hit@1': 0.0107, 'ndcg@1': 0.0107, 'hit@5': 0.0448, 'ndcg@5': 0.0276, 'hit@10': 0.0742, 'ndcg@10': 0.037, 'hit@15': 0.1007, 'ndcg@15': 0.0439, 'hit@20': 0.1242, 'ndcg@20': 0.0495, 'hit@40': 0.202, 'ndcg@40': 0.0653} 
2024-10-11 16:43:24.575 | INFO     | trainer_1:_train_one_epoch:209 - test 10 cost time 7.33s, result: {'hit@1': 0.0077, 'ndcg@1': 0.0077, 'hit@5': 0.0293, 'ndcg@5': 0.0183, 'hit@10': 0.0511, 'ndcg@10': 0.0253, 'hit@15': 0.069, 'ndcg@15': 0.03, 'hit@20': 0.0864, 'ndcg@20': 0.0342, 'hit@40': 0.1467, 'ndcg@40': 0.0464} 
2024-10-11 16:43:42.601 | INFO     | trainer_1:_train_one_epoch:193 - epoch 11 6.91s Train loss is [0.4715] 
2024-10-11 16:43:49.229 | INFO     | trainer_1:_train_one_epoch:201 - validate 11 cost time 6.63s, result: {'hit@1': 0.0115, 'ndcg@1': 0.0115, 'hit@5': 0.0438, 'ndcg@5': 0.0275, 'hit@10': 0.0747, 'ndcg@10': 0.0374, 'hit@15': 0.1006, 'ndcg@15': 0.0442, 'hit@20': 0.1244, 'ndcg@20': 0.0499, 'hit@40': 0.2024, 'ndcg@40': 0.0658} 
2024-10-11 16:43:56.775 | INFO     | trainer_1:_train_one_epoch:209 - test 11 cost time 7.55s, result: {'hit@1': 0.0076, 'ndcg@1': 0.0076, 'hit@5': 0.0283, 'ndcg@5': 0.018, 'hit@10': 0.0501, 'ndcg@10': 0.0249, 'hit@15': 0.0684, 'ndcg@15': 0.0298, 'hit@20': 0.0861, 'ndcg@20': 0.034, 'hit@40': 0.1454, 'ndcg@40': 0.046} 
2024-10-11 16:44:03.198 | INFO     | trainer_1:_train_one_epoch:193 - epoch 12 6.42s Train loss is [0.4518] 
2024-10-11 16:44:10.793 | INFO     | trainer_1:_train_one_epoch:201 - validate 12 cost time 7.60s, result: {'hit@1': 0.0122, 'ndcg@1': 0.0122, 'hit@5': 0.0422, 'ndcg@5': 0.027, 'hit@10': 0.0707, 'ndcg@10': 0.0361, 'hit@15': 0.0981, 'ndcg@15': 0.0434, 'hit@20': 0.1217, 'ndcg@20': 0.0489, 'hit@40': 0.2, 'ndcg@40': 0.0649} 
2024-10-11 16:44:17.497 | INFO     | trainer_1:_train_one_epoch:209 - test 12 cost time 6.70s, result: {'hit@1': 0.0064, 'ndcg@1': 0.0064, 'hit@5': 0.0261, 'ndcg@5': 0.0162, 'hit@10': 0.0472, 'ndcg@10': 0.0229, 'hit@15': 0.0652, 'ndcg@15': 0.0277, 'hit@20': 0.0813, 'ndcg@20': 0.0315, 'hit@40': 0.1407, 'ndcg@40': 0.0435} 
2024-10-11 16:44:25.647 | INFO     | trainer_1:_train_one_epoch:193 - epoch 13 8.15s Train loss is [0.4553] 
2024-10-11 16:44:35.319 | INFO     | trainer_1:_train_one_epoch:201 - validate 13 cost time 9.67s, result: {'hit@1': 0.0135, 'ndcg@1': 0.0135, 'hit@5': 0.0466, 'ndcg@5': 0.0297, 'hit@10': 0.0781, 'ndcg@10': 0.0398, 'hit@15': 0.1038, 'ndcg@15': 0.0466, 'hit@20': 0.1277, 'ndcg@20': 0.0523, 'hit@40': 0.203, 'ndcg@40': 0.0676} 
2024-10-11 16:44:44.699 | INFO     | trainer_1:_train_one_epoch:209 - test 13 cost time 9.38s, result: {'hit@1': 0.0075, 'ndcg@1': 0.0075, 'hit@5': 0.0297, 'ndcg@5': 0.0186, 'hit@10': 0.0513, 'ndcg@10': 0.0255, 'hit@15': 0.0706, 'ndcg@15': 0.0306, 'hit@20': 0.0869, 'ndcg@20': 0.0344, 'hit@40': 0.1429, 'ndcg@40': 0.0458} 
2024-10-11 16:45:11.747 | INFO     | trainer_1:_train_one_epoch:193 - epoch 14 9.97s Train loss is [0.4480] 
2024-10-11 16:45:21.940 | INFO     | trainer_1:_train_one_epoch:201 - validate 14 cost time 10.19s, result: {'hit@1': 0.0138, 'ndcg@1': 0.0138, 'hit@5': 0.0501, 'ndcg@5': 0.032, 'hit@10': 0.0818, 'ndcg@10': 0.0422, 'hit@15': 0.1098, 'ndcg@15': 0.0495, 'hit@20': 0.1345, 'ndcg@20': 0.0554, 'hit@40': 0.2113, 'ndcg@40': 0.071} 
2024-10-11 16:45:31.571 | INFO     | trainer_1:_train_one_epoch:209 - test 14 cost time 9.63s, result: {'hit@1': 0.0091, 'ndcg@1': 0.0091, 'hit@5': 0.0325, 'ndcg@5': 0.0206, 'hit@10': 0.0541, 'ndcg@10': 0.0275, 'hit@15': 0.0745, 'ndcg@15': 0.0329, 'hit@20': 0.0917, 'ndcg@20': 0.0369, 'hit@40': 0.151, 'ndcg@40': 0.049} 
2024-10-11 16:45:59.241 | INFO     | trainer_1:_train_one_epoch:193 - epoch 15 9.69s Train loss is [0.4250] 
2024-10-11 16:46:08.084 | INFO     | trainer_1:_train_one_epoch:201 - validate 15 cost time 8.84s, result: {'hit@1': 0.0146, 'ndcg@1': 0.0146, 'hit@5': 0.0526, 'ndcg@5': 0.0336, 'hit@10': 0.0858, 'ndcg@10': 0.0442, 'hit@15': 0.1154, 'ndcg@15': 0.052, 'hit@20': 0.1405, 'ndcg@20': 0.058, 'hit@40': 0.2226, 'ndcg@40': 0.0747} 
2024-10-11 16:46:17.126 | INFO     | trainer_1:_train_one_epoch:209 - test 15 cost time 9.04s, result: {'hit@1': 0.0089, 'ndcg@1': 0.0089, 'hit@5': 0.0339, 'ndcg@5': 0.0213, 'hit@10': 0.058, 'ndcg@10': 0.029, 'hit@15': 0.0781, 'ndcg@15': 0.0343, 'hit@20': 0.0951, 'ndcg@20': 0.0383, 'hit@40': 0.1573, 'ndcg@40': 0.051} 
2024-10-11 16:46:41.310 | INFO     | trainer_1:_train_one_epoch:193 - epoch 16 8.48s Train loss is [0.4276] 
2024-10-11 16:46:48.618 | INFO     | trainer_1:_train_one_epoch:201 - validate 16 cost time 7.31s, result: {'hit@1': 0.0136, 'ndcg@1': 0.0136, 'hit@5': 0.0507, 'ndcg@5': 0.0322, 'hit@10': 0.0843, 'ndcg@10': 0.0429, 'hit@15': 0.1139, 'ndcg@15': 0.0508, 'hit@20': 0.1394, 'ndcg@20': 0.0568, 'hit@40': 0.2205, 'ndcg@40': 0.0733} 
2024-10-11 16:46:56.274 | INFO     | trainer_1:_train_one_epoch:209 - test 16 cost time 7.66s, result: {'hit@1': 0.0093, 'ndcg@1': 0.0093, 'hit@5': 0.0314, 'ndcg@5': 0.0203, 'hit@10': 0.0551, 'ndcg@10': 0.0279, 'hit@15': 0.0757, 'ndcg@15': 0.0333, 'hit@20': 0.0929, 'ndcg@20': 0.0374, 'hit@40': 0.1543, 'ndcg@40': 0.0498} 
2024-10-11 16:47:05.316 | INFO     | trainer_1:_train_one_epoch:193 - epoch 17 9.04s Train loss is [0.4188] 
2024-10-11 16:47:13.047 | INFO     | trainer_1:_train_one_epoch:201 - validate 17 cost time 7.73s, result: {'hit@1': 0.0152, 'ndcg@1': 0.0152, 'hit@5': 0.0544, 'ndcg@5': 0.0349, 'hit@10': 0.0903, 'ndcg@10': 0.0464, 'hit@15': 0.1213, 'ndcg@15': 0.0546, 'hit@20': 0.149, 'ndcg@20': 0.0611, 'hit@40': 0.2346, 'ndcg@40': 0.0786} 
2024-10-11 16:47:19.591 | INFO     | trainer_1:_train_one_epoch:209 - test 17 cost time 6.54s, result: {'hit@1': 0.0102, 'ndcg@1': 0.0102, 'hit@5': 0.035, 'ndcg@5': 0.0225, 'hit@10': 0.0597, 'ndcg@10': 0.0304, 'hit@15': 0.0822, 'ndcg@15': 0.0363, 'hit@20': 0.1023, 'ndcg@20': 0.0411, 'hit@40': 0.17, 'ndcg@40': 0.0548} 
2024-10-11 16:47:40.923 | INFO     | trainer_1:_train_one_epoch:193 - epoch 18 7.65s Train loss is [0.4093] 
2024-10-11 16:47:46.140 | INFO     | trainer_1:_train_one_epoch:201 - validate 18 cost time 5.22s, result: {'hit@1': 0.0144, 'ndcg@1': 0.0144, 'hit@5': 0.0525, 'ndcg@5': 0.0335, 'hit@10': 0.0866, 'ndcg@10': 0.0444, 'hit@15': 0.1156, 'ndcg@15': 0.052, 'hit@20': 0.1412, 'ndcg@20': 0.0581, 'hit@40': 0.2215, 'ndcg@40': 0.0744} 
2024-10-11 16:47:52.058 | INFO     | trainer_1:_train_one_epoch:209 - test 18 cost time 5.92s, result: {'hit@1': 0.0098, 'ndcg@1': 0.0098, 'hit@5': 0.0346, 'ndcg@5': 0.0222, 'hit@10': 0.0586, 'ndcg@10': 0.0298, 'hit@15': 0.0788, 'ndcg@15': 0.0352, 'hit@20': 0.0968, 'ndcg@20': 0.0394, 'hit@40': 0.1582, 'ndcg@40': 0.0519} 
2024-10-11 16:47:59.325 | INFO     | trainer_1:_train_one_epoch:193 - epoch 19 7.27s Train loss is [0.4079] 
2024-10-11 16:48:05.809 | INFO     | trainer_1:_train_one_epoch:201 - validate 19 cost time 6.48s, result: {'hit@1': 0.0149, 'ndcg@1': 0.0149, 'hit@5': 0.052, 'ndcg@5': 0.0335, 'hit@10': 0.0874, 'ndcg@10': 0.0448, 'hit@15': 0.1156, 'ndcg@15': 0.0523, 'hit@20': 0.1436, 'ndcg@20': 0.0589, 'hit@40': 0.2266, 'ndcg@40': 0.0758} 
2024-10-11 16:48:12.967 | INFO     | trainer_1:_train_one_epoch:209 - test 19 cost time 7.16s, result: {'hit@1': 0.0093, 'ndcg@1': 0.0093, 'hit@5': 0.0347, 'ndcg@5': 0.0219, 'hit@10': 0.059, 'ndcg@10': 0.0297, 'hit@15': 0.08, 'ndcg@15': 0.0352, 'hit@20': 0.1007, 'ndcg@20': 0.0401, 'hit@40': 0.163, 'ndcg@40': 0.0527} 
2024-10-11 16:48:22.080 | INFO     | trainer_1:_train_one_epoch:193 - epoch 20 9.11s Train loss is [0.3972] 
2024-10-11 16:48:31.348 | INFO     | trainer_1:_train_one_epoch:201 - validate 20 cost time 9.27s, result: {'hit@1': 0.0142, 'ndcg@1': 0.0142, 'hit@5': 0.0516, 'ndcg@5': 0.0329, 'hit@10': 0.0881, 'ndcg@10': 0.0446, 'hit@15': 0.116, 'ndcg@15': 0.052, 'hit@20': 0.141, 'ndcg@20': 0.0579, 'hit@40': 0.2242, 'ndcg@40': 0.0748} 
2024-10-11 16:48:38.646 | INFO     | trainer_1:_train_one_epoch:209 - test 20 cost time 7.30s, result: {'hit@1': 0.0087, 'ndcg@1': 0.0087, 'hit@5': 0.0345, 'ndcg@5': 0.0216, 'hit@10': 0.0588, 'ndcg@10': 0.0294, 'hit@15': 0.0798, 'ndcg@15': 0.035, 'hit@20': 0.1004, 'ndcg@20': 0.0398, 'hit@40': 0.163, 'ndcg@40': 0.0526} 
2024-10-11 16:48:46.435 | INFO     | trainer_1:_train_one_epoch:193 - epoch 21 7.79s Train loss is [0.3910] 
2024-10-11 16:48:53.172 | INFO     | trainer_1:_train_one_epoch:201 - validate 21 cost time 6.74s, result: {'hit@1': 0.0149, 'ndcg@1': 0.0149, 'hit@5': 0.0552, 'ndcg@5': 0.0349, 'hit@10': 0.0909, 'ndcg@10': 0.0464, 'hit@15': 0.1207, 'ndcg@15': 0.0542, 'hit@20': 0.1458, 'ndcg@20': 0.0602, 'hit@40': 0.2341, 'ndcg@40': 0.0781} 
2024-10-11 16:49:00.852 | INFO     | trainer_1:_train_one_epoch:209 - test 21 cost time 7.68s, result: {'hit@1': 0.0095, 'ndcg@1': 0.0095, 'hit@5': 0.0366, 'ndcg@5': 0.023, 'hit@10': 0.0599, 'ndcg@10': 0.0304, 'hit@15': 0.0806, 'ndcg@15': 0.0359, 'hit@20': 0.1004, 'ndcg@20': 0.0406, 'hit@40': 0.1648, 'ndcg@40': 0.0537} 
2024-10-11 16:49:25.648 | INFO     | trainer_1:_train_one_epoch:193 - epoch 22 9.76s Train loss is [0.3830] 
2024-10-11 16:49:35.296 | INFO     | trainer_1:_train_one_epoch:201 - validate 22 cost time 9.65s, result: {'hit@1': 0.0155, 'ndcg@1': 0.0155, 'hit@5': 0.0544, 'ndcg@5': 0.0351, 'hit@10': 0.0906, 'ndcg@10': 0.0467, 'hit@15': 0.1224, 'ndcg@15': 0.0551, 'hit@20': 0.1482, 'ndcg@20': 0.0612, 'hit@40': 0.2366, 'ndcg@40': 0.0791} 
2024-10-11 16:49:40.547 | INFO     | trainer_1:_train_one_epoch:209 - test 22 cost time 5.25s, result: {'hit@1': 0.0093, 'ndcg@1': 0.0093, 'hit@5': 0.0366, 'ndcg@5': 0.0228, 'hit@10': 0.0615, 'ndcg@10': 0.0308, 'hit@15': 0.084, 'ndcg@15': 0.0367, 'hit@20': 0.104, 'ndcg@20': 0.0414, 'hit@40': 0.1658, 'ndcg@40': 0.054} 
2024-10-11 16:50:06.204 | INFO     | trainer_1:_train_one_epoch:193 - epoch 23 9.49s Train loss is [0.3864] 
2024-10-11 16:50:15.064 | INFO     | trainer_1:_train_one_epoch:201 - validate 23 cost time 8.86s, result: {'hit@1': 0.0157, 'ndcg@1': 0.0157, 'hit@5': 0.0544, 'ndcg@5': 0.035, 'hit@10': 0.0906, 'ndcg@10': 0.0466, 'hit@15': 0.1226, 'ndcg@15': 0.0551, 'hit@20': 0.1489, 'ndcg@20': 0.0613, 'hit@40': 0.2355, 'ndcg@40': 0.079} 
2024-10-11 16:50:23.871 | INFO     | trainer_1:_train_one_epoch:209 - test 23 cost time 8.81s, result: {'hit@1': 0.0098, 'ndcg@1': 0.0098, 'hit@5': 0.0357, 'ndcg@5': 0.0227, 'hit@10': 0.0609, 'ndcg@10': 0.0308, 'hit@15': 0.0829, 'ndcg@15': 0.0366, 'hit@20': 0.1011, 'ndcg@20': 0.0409, 'hit@40': 0.165, 'ndcg@40': 0.0539} 
2024-10-11 16:50:31.094 | INFO     | trainer_1:_train_one_epoch:193 - epoch 24 7.22s Train loss is [0.3905] 
2024-10-11 16:50:36.611 | INFO     | trainer_1:_train_one_epoch:201 - validate 24 cost time 5.52s, result: {'hit@1': 0.0152, 'ndcg@1': 0.0152, 'hit@5': 0.0546, 'ndcg@5': 0.0349, 'hit@10': 0.089, 'ndcg@10': 0.0459, 'hit@15': 0.1197, 'ndcg@15': 0.054, 'hit@20': 0.1467, 'ndcg@20': 0.0604, 'hit@40': 0.2299, 'ndcg@40': 0.0773} 
2024-10-11 16:50:42.292 | INFO     | trainer_1:_train_one_epoch:209 - test 24 cost time 5.68s, result: {'hit@1': 0.0087, 'ndcg@1': 0.0087, 'hit@5': 0.0367, 'ndcg@5': 0.023, 'hit@10': 0.062, 'ndcg@10': 0.0311, 'hit@15': 0.0828, 'ndcg@15': 0.0366, 'hit@20': 0.1008, 'ndcg@20': 0.0408, 'hit@40': 0.163, 'ndcg@40': 0.0535} 
2024-10-11 16:51:06.229 | INFO     | trainer_1:_train_one_epoch:193 - epoch 25 7.33s Train loss is [0.3825] 
2024-10-11 16:51:16.374 | INFO     | trainer_1:_train_one_epoch:201 - validate 25 cost time 10.14s, result: {'hit@1': 0.0162, 'ndcg@1': 0.0162, 'hit@5': 0.0577, 'ndcg@5': 0.0371, 'hit@10': 0.0946, 'ndcg@10': 0.0489, 'hit@15': 0.1267, 'ndcg@15': 0.0574, 'hit@20': 0.1521, 'ndcg@20': 0.0634, 'hit@40': 0.2362, 'ndcg@40': 0.0804} 
2024-10-11 16:51:24.096 | INFO     | trainer_1:_train_one_epoch:209 - test 25 cost time 7.72s, result: {'hit@1': 0.0101, 'ndcg@1': 0.0101, 'hit@5': 0.0388, 'ndcg@5': 0.0246, 'hit@10': 0.0636, 'ndcg@10': 0.0326, 'hit@15': 0.0851, 'ndcg@15': 0.0382, 'hit@20': 0.1047, 'ndcg@20': 0.0429, 'hit@40': 0.1681, 'ndcg@40': 0.0558} 
2024-10-11 16:51:48.457 | INFO     | trainer_1:_train_one_epoch:193 - epoch 26 8.94s Train loss is [0.3739] 
2024-10-11 16:51:59.464 | INFO     | trainer_1:_train_one_epoch:201 - validate 26 cost time 11.01s, result: {'hit@1': 0.0151, 'ndcg@1': 0.0151, 'hit@5': 0.0564, 'ndcg@5': 0.0358, 'hit@10': 0.0926, 'ndcg@10': 0.0473, 'hit@15': 0.1238, 'ndcg@15': 0.0556, 'hit@20': 0.1505, 'ndcg@20': 0.0619, 'hit@40': 0.2374, 'ndcg@40': 0.0796} 
2024-10-11 16:52:07.733 | INFO     | trainer_1:_train_one_epoch:209 - test 26 cost time 8.27s, result: {'hit@1': 0.0098, 'ndcg@1': 0.0098, 'hit@5': 0.0373, 'ndcg@5': 0.0233, 'hit@10': 0.0622, 'ndcg@10': 0.0313, 'hit@15': 0.0832, 'ndcg@15': 0.0368, 'hit@20': 0.1034, 'ndcg@20': 0.0416, 'hit@40': 0.1694, 'ndcg@40': 0.055} 
2024-10-11 16:52:15.976 | INFO     | trainer_1:_train_one_epoch:193 - epoch 27 8.24s Train loss is [0.3735] 
2024-10-11 16:52:22.905 | INFO     | trainer_1:_train_one_epoch:201 - validate 27 cost time 6.93s, result: {'hit@1': 0.0153, 'ndcg@1': 0.0153, 'hit@5': 0.0544, 'ndcg@5': 0.0351, 'hit@10': 0.0909, 'ndcg@10': 0.0467, 'hit@15': 0.1207, 'ndcg@15': 0.0546, 'hit@20': 0.1468, 'ndcg@20': 0.0607, 'hit@40': 0.2297, 'ndcg@40': 0.0776} 
2024-10-11 16:52:29.241 | INFO     | trainer_1:_train_one_epoch:209 - test 27 cost time 6.34s, result: {'hit@1': 0.01, 'ndcg@1': 0.01, 'hit@5': 0.0366, 'ndcg@5': 0.0234, 'hit@10': 0.0612, 'ndcg@10': 0.0313, 'hit@15': 0.0833, 'ndcg@15': 0.0372, 'hit@20': 0.1024, 'ndcg@20': 0.0416, 'hit@40': 0.1663, 'ndcg@40': 0.0547} 
2024-10-11 16:52:37.857 | INFO     | trainer_1:_train_one_epoch:193 - epoch 28 8.61s Train loss is [0.3770] 
2024-10-11 16:52:47.619 | INFO     | trainer_1:_train_one_epoch:201 - validate 28 cost time 9.76s, result: {'hit@1': 0.0158, 'ndcg@1': 0.0158, 'hit@5': 0.0544, 'ndcg@5': 0.0351, 'hit@10': 0.09, 'ndcg@10': 0.0465, 'hit@15': 0.1209, 'ndcg@15': 0.0546, 'hit@20': 0.1474, 'ndcg@20': 0.0609, 'hit@40': 0.2321, 'ndcg@40': 0.0781} 
2024-10-11 16:52:57.006 | INFO     | trainer_1:_train_one_epoch:209 - test 28 cost time 9.39s, result: {'hit@1': 0.0101, 'ndcg@1': 0.0101, 'hit@5': 0.0364, 'ndcg@5': 0.0232, 'hit@10': 0.0612, 'ndcg@10': 0.0311, 'hit@15': 0.0819, 'ndcg@15': 0.0366, 'hit@20': 0.1003, 'ndcg@20': 0.041, 'hit@40': 0.1654, 'ndcg@40': 0.0542} 
2024-10-11 16:53:06.319 | INFO     | trainer_1:_train_one_epoch:193 - epoch 29 9.31s Train loss is [0.3772] 
2024-10-11 16:53:14.088 | INFO     | trainer_1:_train_one_epoch:201 - validate 29 cost time 7.77s, result: {'hit@1': 0.0153, 'ndcg@1': 0.0153, 'hit@5': 0.0555, 'ndcg@5': 0.0352, 'hit@10': 0.0896, 'ndcg@10': 0.0461, 'hit@15': 0.1192, 'ndcg@15': 0.0539, 'hit@20': 0.145, 'ndcg@20': 0.06, 'hit@40': 0.2264, 'ndcg@40': 0.0766} 
2024-10-11 16:53:22.525 | INFO     | trainer_1:_train_one_epoch:209 - test 29 cost time 8.44s, result: {'hit@1': 0.0095, 'ndcg@1': 0.0095, 'hit@5': 0.037, 'ndcg@5': 0.0232, 'hit@10': 0.0608, 'ndcg@10': 0.0309, 'hit@15': 0.0804, 'ndcg@15': 0.036, 'hit@20': 0.0996, 'ndcg@20': 0.0406, 'hit@40': 0.1638, 'ndcg@40': 0.0536} 
2024-10-11 16:53:31.130 | INFO     | trainer_1:_train_one_epoch:193 - epoch 30 8.60s Train loss is [0.3761] 
2024-10-11 16:53:41.301 | INFO     | trainer_1:_train_one_epoch:201 - validate 30 cost time 10.17s, result: {'hit@1': 0.0165, 'ndcg@1': 0.0165, 'hit@5': 0.0565, 'ndcg@5': 0.0367, 'hit@10': 0.0913, 'ndcg@10': 0.0478, 'hit@15': 0.1226, 'ndcg@15': 0.0561, 'hit@20': 0.1491, 'ndcg@20': 0.0623, 'hit@40': 0.2337, 'ndcg@40': 0.0795} 
2024-10-11 16:53:47.640 | INFO     | trainer_1:_train_one_epoch:209 - test 30 cost time 6.34s, result: {'hit@1': 0.0109, 'ndcg@1': 0.0109, 'hit@5': 0.0375, 'ndcg@5': 0.0242, 'hit@10': 0.0605, 'ndcg@10': 0.0315, 'hit@15': 0.0815, 'ndcg@15': 0.0371, 'hit@20': 0.0997, 'ndcg@20': 0.0414, 'hit@40': 0.1645, 'ndcg@40': 0.0545} 
2024-10-11 16:53:47.651 | INFO     | trainer_1:train_model:163 - training end, best iteration 25, results: {'hit@1': 0.0162, 'ndcg@1': 0.0162, 'hit@5': 0.0577, 'ndcg@5': 0.0371, 'hit@10': 0.0946, 'ndcg@10': 0.0489, 'hit@15': 0.1267, 'ndcg@15': 0.0574, 'hit@20': 0.1521, 'ndcg@20': 0.0634, 'hit@40': 0.2362, 'ndcg@40': 0.0804}
2024-10-11 16:53:47.651 | INFO     | trainer_1:train_model:166 - final test result is:  {'hit@1': 0.0101, 'ndcg@1': 0.0101, 'hit@5': 0.0388, 'ndcg@5': 0.0246, 'hit@10': 0.0636, 'ndcg@10': 0.0326, 'hit@15': 0.0851, 'ndcg@15': 0.0382, 'hit@20': 0.1047, 'ndcg@20': 0.0429, 'hit@40': 0.1681, 'ndcg@40': 0.0558}
2024-10-11 16:53:47.988 | INFO     | __main__:<module>:119 - train end total cost time: 3106.776380300522
