2024-10-11 14:55:45.319 | INFO     | __main__:<module>:105 - Namespace(TIME='2024-10-11 14_55_09', batch_size=1024, behaviors=['view', 'cart', 'buy'], check_point='model_pre_1_2024-10-08 12_42_42.pth', data_name='beibei', data_path='./data/beibei', decay=0.001, device='cuda:1', dim_qk=32, dim_v=64, distill_layers=2, distill_thres=0.5, distill_topK=20, distill_userK=4, embedding_size=64, epochs=100, gpu_no=1, if_load_model=True, ii_lambda=200, initializer_range=0.02, layers=2, loss_type='bpr', lr=0.001, message_dropout=0.25, metrics=['hit', 'ndcg'], min_epoch=5, model_name='main_1', model_path='./check_point', node_dropout=0.75, omega=1, pt_loop=50, reg_weight=0.001, test_batch_size=1024, testbatch=1024, topk=[1, 5, 10, 15, 20, 40], uu_lambda=100)
2024-10-11 14:55:45.320 | INFO     | __main__:<module>:106 - BIPN(
  (message_dropout): Dropout(p=0.25, inplace=False)
  (user_embedding): Embedding(21717, 64, padding_idx=0)
  (item_embedding): Embedding(7978, 64, padding_idx=0)
  (global_Graph): LightGCN()
  (Graph_encoder): ModuleDict(
    (view): GraphEncoder(
      (light): LightGCN()
      (dropout): Dropout(p=0.75, inplace=False)
    )
    (cart): GraphEncoder(
      (light): LightGCN()
      (dropout): Dropout(p=0.75, inplace=False)
    )
    (buy): GraphEncoder(
      (light): LightGCN()
      (dropout): Dropout(p=0.75, inplace=False)
    )
  )
  (attention): Mutual_Attention()
  (bpr_loss): BPRLoss()
  (emb_loss): EmbLoss()
  (f): Sigmoid()
)
2024-10-11 15:12:37.308 | INFO     | trainer_1:_train_one_epoch:193 - epoch 1 9.30s Train loss is [0.9789] 
2024-10-11 15:12:45.095 | INFO     | trainer_1:_train_one_epoch:201 - validate 1 cost time 7.79s, result: {'hit@1': 0.0059, 'ndcg@1': 0.0059, 'hit@5': 0.0234, 'ndcg@5': 0.0145, 'hit@10': 0.0408, 'ndcg@10': 0.0201, 'hit@15': 0.0582, 'ndcg@15': 0.0247, 'hit@20': 0.0748, 'ndcg@20': 0.0286, 'hit@40': 0.1301, 'ndcg@40': 0.0398} 
2024-10-11 15:12:53.363 | INFO     | trainer_1:_train_one_epoch:209 - test 1 cost time 8.27s, result: {'hit@1': 0.0032, 'ndcg@1': 0.0032, 'hit@5': 0.0164, 'ndcg@5': 0.0097, 'hit@10': 0.0302, 'ndcg@10': 0.0142, 'hit@15': 0.0424, 'ndcg@15': 0.0174, 'hit@20': 0.0559, 'ndcg@20': 0.0206, 'hit@40': 0.0991, 'ndcg@40': 0.0294} 
2024-10-11 15:13:15.516 | INFO     | trainer_1:_train_one_epoch:193 - epoch 2 10.97s Train loss is [0.7585] 
2024-10-11 15:13:23.259 | INFO     | trainer_1:_train_one_epoch:201 - validate 2 cost time 7.74s, result: {'hit@1': 0.0084, 'ndcg@1': 0.0084, 'hit@5': 0.0326, 'ndcg@5': 0.0204, 'hit@10': 0.0567, 'ndcg@10': 0.0281, 'hit@15': 0.0787, 'ndcg@15': 0.034, 'hit@20': 0.0966, 'ndcg@20': 0.0382, 'hit@40': 0.1581, 'ndcg@40': 0.0507} 
2024-10-11 15:13:30.740 | INFO     | trainer_1:_train_one_epoch:209 - test 2 cost time 7.48s, result: {'hit@1': 0.0042, 'ndcg@1': 0.0042, 'hit@5': 0.0201, 'ndcg@5': 0.012, 'hit@10': 0.0366, 'ndcg@10': 0.0173, 'hit@15': 0.0525, 'ndcg@15': 0.0215, 'hit@20': 0.0659, 'ndcg@20': 0.0246, 'hit@40': 0.1133, 'ndcg@40': 0.0343} 
2024-10-11 15:13:52.837 | INFO     | trainer_1:_train_one_epoch:193 - epoch 3 10.90s Train loss is [0.6568] 
2024-10-11 15:14:01.323 | INFO     | trainer_1:_train_one_epoch:201 - validate 3 cost time 8.49s, result: {'hit@1': 0.0076, 'ndcg@1': 0.0076, 'hit@5': 0.0328, 'ndcg@5': 0.0201, 'hit@10': 0.059, 'ndcg@10': 0.0285, 'hit@15': 0.0814, 'ndcg@15': 0.0344, 'hit@20': 0.1013, 'ndcg@20': 0.0391, 'hit@40': 0.1661, 'ndcg@40': 0.0523} 
2024-10-11 15:14:09.694 | INFO     | trainer_1:_train_one_epoch:209 - test 3 cost time 8.37s, result: {'hit@1': 0.0049, 'ndcg@1': 0.0049, 'hit@5': 0.022, 'ndcg@5': 0.0134, 'hit@10': 0.0407, 'ndcg@10': 0.0194, 'hit@15': 0.0561, 'ndcg@15': 0.0235, 'hit@20': 0.0719, 'ndcg@20': 0.0272, 'hit@40': 0.1257, 'ndcg@40': 0.0381} 
2024-10-11 15:14:29.548 | INFO     | trainer_1:_train_one_epoch:193 - epoch 4 9.34s Train loss is [0.5838] 
2024-10-11 15:14:38.672 | INFO     | trainer_1:_train_one_epoch:201 - validate 4 cost time 9.12s, result: {'hit@1': 0.0093, 'ndcg@1': 0.0093, 'hit@5': 0.0364, 'ndcg@5': 0.0226, 'hit@10': 0.0635, 'ndcg@10': 0.0313, 'hit@15': 0.0901, 'ndcg@15': 0.0383, 'hit@20': 0.1129, 'ndcg@20': 0.0437, 'hit@40': 0.1846, 'ndcg@40': 0.0582} 
2024-10-11 15:14:47.499 | INFO     | trainer_1:_train_one_epoch:209 - test 4 cost time 8.83s, result: {'hit@1': 0.0059, 'ndcg@1': 0.0059, 'hit@5': 0.0249, 'ndcg@5': 0.0152, 'hit@10': 0.0429, 'ndcg@10': 0.0209, 'hit@15': 0.0603, 'ndcg@15': 0.0255, 'hit@20': 0.0785, 'ndcg@20': 0.0298, 'hit@40': 0.1352, 'ndcg@40': 0.0414} 
2024-10-11 15:15:10.079 | INFO     | trainer_1:_train_one_epoch:193 - epoch 5 11.88s Train loss is [0.5613] 
2024-10-11 15:15:19.349 | INFO     | trainer_1:_train_one_epoch:201 - validate 5 cost time 9.27s, result: {'hit@1': 0.0097, 'ndcg@1': 0.0097, 'hit@5': 0.0345, 'ndcg@5': 0.022, 'hit@10': 0.0602, 'ndcg@10': 0.0302, 'hit@15': 0.0845, 'ndcg@15': 0.0366, 'hit@20': 0.1065, 'ndcg@20': 0.0418, 'hit@40': 0.1787, 'ndcg@40': 0.0565} 
2024-10-11 15:15:28.319 | INFO     | trainer_1:_train_one_epoch:209 - test 5 cost time 8.97s, result: {'hit@1': 0.0059, 'ndcg@1': 0.0059, 'hit@5': 0.0221, 'ndcg@5': 0.0138, 'hit@10': 0.0388, 'ndcg@10': 0.0192, 'hit@15': 0.0552, 'ndcg@15': 0.0235, 'hit@20': 0.0701, 'ndcg@20': 0.027, 'hit@40': 0.1241, 'ndcg@40': 0.038} 
2024-10-11 15:15:37.680 | INFO     | trainer_1:_train_one_epoch:193 - epoch 6 9.36s Train loss is [0.5445] 
2024-10-11 15:15:45.281 | INFO     | trainer_1:_train_one_epoch:201 - validate 6 cost time 7.60s, result: {'hit@1': 0.01, 'ndcg@1': 0.01, 'hit@5': 0.0384, 'ndcg@5': 0.0242, 'hit@10': 0.0646, 'ndcg@10': 0.0326, 'hit@15': 0.089, 'ndcg@15': 0.0391, 'hit@20': 0.1107, 'ndcg@20': 0.0442, 'hit@40': 0.1808, 'ndcg@40': 0.0584} 
2024-10-11 15:15:53.588 | INFO     | trainer_1:_train_one_epoch:209 - test 6 cost time 8.31s, result: {'hit@1': 0.0056, 'ndcg@1': 0.0056, 'hit@5': 0.0237, 'ndcg@5': 0.0147, 'hit@10': 0.0419, 'ndcg@10': 0.0205, 'hit@15': 0.0581, 'ndcg@15': 0.0248, 'hit@20': 0.0734, 'ndcg@20': 0.0284, 'hit@40': 0.1269, 'ndcg@40': 0.0393} 
2024-10-11 15:16:05.788 | INFO     | trainer_1:_train_one_epoch:193 - epoch 7 12.20s Train loss is [0.5189] 
2024-10-11 15:16:13.222 | INFO     | trainer_1:_train_one_epoch:201 - validate 7 cost time 7.43s, result: {'hit@1': 0.0103, 'ndcg@1': 0.0103, 'hit@5': 0.04, 'ndcg@5': 0.025, 'hit@10': 0.0705, 'ndcg@10': 0.0347, 'hit@15': 0.0968, 'ndcg@15': 0.0417, 'hit@20': 0.1206, 'ndcg@20': 0.0473, 'hit@40': 0.1925, 'ndcg@40': 0.0619} 
2024-10-11 15:16:20.752 | INFO     | trainer_1:_train_one_epoch:209 - test 7 cost time 7.53s, result: {'hit@1': 0.0064, 'ndcg@1': 0.0064, 'hit@5': 0.0233, 'ndcg@5': 0.0147, 'hit@10': 0.0446, 'ndcg@10': 0.0216, 'hit@15': 0.0628, 'ndcg@15': 0.0264, 'hit@20': 0.0806, 'ndcg@20': 0.0306, 'hit@40': 0.1375, 'ndcg@40': 0.0422} 
2024-10-11 15:16:40.652 | INFO     | trainer_1:_train_one_epoch:193 - epoch 8 9.25s Train loss is [0.5021] 
2024-10-11 15:16:48.939 | INFO     | trainer_1:_train_one_epoch:201 - validate 8 cost time 8.29s, result: {'hit@1': 0.0095, 'ndcg@1': 0.0095, 'hit@5': 0.0396, 'ndcg@5': 0.0244, 'hit@10': 0.0676, 'ndcg@10': 0.0333, 'hit@15': 0.0915, 'ndcg@15': 0.0397, 'hit@20': 0.1161, 'ndcg@20': 0.0455, 'hit@40': 0.1928, 'ndcg@40': 0.0611} 
2024-10-11 15:16:57.214 | INFO     | trainer_1:_train_one_epoch:209 - test 8 cost time 8.27s, result: {'hit@1': 0.0066, 'ndcg@1': 0.0066, 'hit@5': 0.0261, 'ndcg@5': 0.0161, 'hit@10': 0.0465, 'ndcg@10': 0.0227, 'hit@15': 0.0631, 'ndcg@15': 0.0271, 'hit@20': 0.0812, 'ndcg@20': 0.0313, 'hit@40': 0.1407, 'ndcg@40': 0.0434} 
2024-10-11 15:17:17.259 | INFO     | trainer_1:_train_one_epoch:193 - epoch 9 9.18s Train loss is [0.4950] 
2024-10-11 15:17:24.828 | INFO     | trainer_1:_train_one_epoch:201 - validate 9 cost time 7.57s, result: {'hit@1': 0.0105, 'ndcg@1': 0.0105, 'hit@5': 0.0436, 'ndcg@5': 0.027, 'hit@10': 0.0741, 'ndcg@10': 0.0368, 'hit@15': 0.1019, 'ndcg@15': 0.0441, 'hit@20': 0.1243, 'ndcg@20': 0.0494, 'hit@40': 0.2046, 'ndcg@40': 0.0657} 
2024-10-11 15:17:32.480 | INFO     | trainer_1:_train_one_epoch:209 - test 9 cost time 7.65s, result: {'hit@1': 0.0077, 'ndcg@1': 0.0077, 'hit@5': 0.0266, 'ndcg@5': 0.017, 'hit@10': 0.0482, 'ndcg@10': 0.024, 'hit@15': 0.0658, 'ndcg@15': 0.0286, 'hit@20': 0.0842, 'ndcg@20': 0.033, 'hit@40': 0.1451, 'ndcg@40': 0.0454} 
2024-10-11 15:17:54.941 | INFO     | trainer_1:_train_one_epoch:193 - epoch 10 11.67s Train loss is [0.4803] 
2024-10-11 15:18:02.997 | INFO     | trainer_1:_train_one_epoch:201 - validate 10 cost time 8.05s, result: {'hit@1': 0.0104, 'ndcg@1': 0.0104, 'hit@5': 0.0451, 'ndcg@5': 0.0276, 'hit@10': 0.0743, 'ndcg@10': 0.0369, 'hit@15': 0.101, 'ndcg@15': 0.044, 'hit@20': 0.1249, 'ndcg@20': 0.0496, 'hit@40': 0.2015, 'ndcg@40': 0.0652} 
2024-10-11 15:18:08.388 | INFO     | trainer_1:_train_one_epoch:209 - test 10 cost time 5.39s, result: {'hit@1': 0.0081, 'ndcg@1': 0.0081, 'hit@5': 0.0292, 'ndcg@5': 0.0185, 'hit@10': 0.0512, 'ndcg@10': 0.0256, 'hit@15': 0.0697, 'ndcg@15': 0.0304, 'hit@20': 0.0869, 'ndcg@20': 0.0345, 'hit@40': 0.1471, 'ndcg@40': 0.0467} 
2024-10-11 15:18:30.975 | INFO     | trainer_1:_train_one_epoch:193 - epoch 11 11.34s Train loss is [0.4702] 
2024-10-11 15:18:39.645 | INFO     | trainer_1:_train_one_epoch:201 - validate 11 cost time 8.67s, result: {'hit@1': 0.0115, 'ndcg@1': 0.0115, 'hit@5': 0.0439, 'ndcg@5': 0.0276, 'hit@10': 0.0748, 'ndcg@10': 0.0375, 'hit@15': 0.1013, 'ndcg@15': 0.0445, 'hit@20': 0.1249, 'ndcg@20': 0.0501, 'hit@40': 0.204, 'ndcg@40': 0.0661} 
2024-10-11 15:18:46.674 | INFO     | trainer_1:_train_one_epoch:209 - test 11 cost time 7.03s, result: {'hit@1': 0.0076, 'ndcg@1': 0.0076, 'hit@5': 0.0287, 'ndcg@5': 0.0181, 'hit@10': 0.0507, 'ndcg@10': 0.0252, 'hit@15': 0.0685, 'ndcg@15': 0.0299, 'hit@20': 0.0869, 'ndcg@20': 0.0342, 'hit@40': 0.1458, 'ndcg@40': 0.0461} 
2024-10-11 15:18:55.621 | INFO     | trainer_1:_train_one_epoch:193 - epoch 12 8.95s Train loss is [0.4501] 
2024-10-11 15:19:02.059 | INFO     | trainer_1:_train_one_epoch:201 - validate 12 cost time 6.44s, result: {'hit@1': 0.0122, 'ndcg@1': 0.0122, 'hit@5': 0.0421, 'ndcg@5': 0.027, 'hit@10': 0.0707, 'ndcg@10': 0.0361, 'hit@15': 0.0979, 'ndcg@15': 0.0433, 'hit@20': 0.1214, 'ndcg@20': 0.0488, 'hit@40': 0.2013, 'ndcg@40': 0.0651} 
2024-10-11 15:19:09.280 | INFO     | trainer_1:_train_one_epoch:209 - test 12 cost time 7.22s, result: {'hit@1': 0.0062, 'ndcg@1': 0.0062, 'hit@5': 0.0266, 'ndcg@5': 0.0163, 'hit@10': 0.0472, 'ndcg@10': 0.0229, 'hit@15': 0.0659, 'ndcg@15': 0.0278, 'hit@20': 0.0814, 'ndcg@20': 0.0315, 'hit@40': 0.1409, 'ndcg@40': 0.0436} 
2024-10-11 15:19:21.272 | INFO     | trainer_1:_train_one_epoch:193 - epoch 13 11.99s Train loss is [0.4533] 
2024-10-11 15:19:28.766 | INFO     | trainer_1:_train_one_epoch:201 - validate 13 cost time 7.49s, result: {'hit@1': 0.0131, 'ndcg@1': 0.0131, 'hit@5': 0.0466, 'ndcg@5': 0.0298, 'hit@10': 0.0783, 'ndcg@10': 0.0399, 'hit@15': 0.1041, 'ndcg@15': 0.0467, 'hit@20': 0.1276, 'ndcg@20': 0.0523, 'hit@40': 0.2038, 'ndcg@40': 0.0678} 
2024-10-11 15:19:35.727 | INFO     | trainer_1:_train_one_epoch:209 - test 13 cost time 6.96s, result: {'hit@1': 0.0077, 'ndcg@1': 0.0077, 'hit@5': 0.0301, 'ndcg@5': 0.0188, 'hit@10': 0.0516, 'ndcg@10': 0.0256, 'hit@15': 0.0711, 'ndcg@15': 0.0308, 'hit@20': 0.087, 'ndcg@20': 0.0346, 'hit@40': 0.1425, 'ndcg@40': 0.0458} 
2024-10-11 15:19:55.564 | INFO     | trainer_1:_train_one_epoch:193 - epoch 14 8.88s Train loss is [0.4471] 
2024-10-11 15:20:00.737 | INFO     | trainer_1:_train_one_epoch:201 - validate 14 cost time 5.17s, result: {'hit@1': 0.0136, 'ndcg@1': 0.0136, 'hit@5': 0.0507, 'ndcg@5': 0.0322, 'hit@10': 0.0809, 'ndcg@10': 0.0419, 'hit@15': 0.1096, 'ndcg@15': 0.0494, 'hit@20': 0.1349, 'ndcg@20': 0.0554, 'hit@40': 0.2121, 'ndcg@40': 0.0711} 
2024-10-11 15:20:07.525 | INFO     | trainer_1:_train_one_epoch:209 - test 14 cost time 6.79s, result: {'hit@1': 0.0093, 'ndcg@1': 0.0093, 'hit@5': 0.0322, 'ndcg@5': 0.0206, 'hit@10': 0.0534, 'ndcg@10': 0.0274, 'hit@15': 0.0738, 'ndcg@15': 0.0328, 'hit@20': 0.0921, 'ndcg@20': 0.0371, 'hit@40': 0.15, 'ndcg@40': 0.0488} 
2024-10-11 15:20:28.856 | INFO     | trainer_1:_train_one_epoch:193 - epoch 15 10.08s Train loss is [0.4242] 
2024-10-11 15:20:35.317 | INFO     | trainer_1:_train_one_epoch:201 - validate 15 cost time 6.46s, result: {'hit@1': 0.0145, 'ndcg@1': 0.0145, 'hit@5': 0.0522, 'ndcg@5': 0.0334, 'hit@10': 0.0872, 'ndcg@10': 0.0446, 'hit@15': 0.1162, 'ndcg@15': 0.0522, 'hit@20': 0.1411, 'ndcg@20': 0.0581, 'hit@40': 0.222, 'ndcg@40': 0.0745} 
2024-10-11 15:20:42.190 | INFO     | trainer_1:_train_one_epoch:209 - test 15 cost time 6.87s, result: {'hit@1': 0.009, 'ndcg@1': 0.009, 'hit@5': 0.0338, 'ndcg@5': 0.0213, 'hit@10': 0.0587, 'ndcg@10': 0.0293, 'hit@15': 0.0772, 'ndcg@15': 0.0342, 'hit@20': 0.096, 'ndcg@20': 0.0386, 'hit@40': 0.1573, 'ndcg@40': 0.051} 
2024-10-11 15:21:04.141 | INFO     | trainer_1:_train_one_epoch:193 - epoch 16 11.22s Train loss is [0.4266] 
2024-10-11 15:21:11.096 | INFO     | trainer_1:_train_one_epoch:201 - validate 16 cost time 6.95s, result: {'hit@1': 0.0143, 'ndcg@1': 0.0143, 'hit@5': 0.0507, 'ndcg@5': 0.0324, 'hit@10': 0.0846, 'ndcg@10': 0.0433, 'hit@15': 0.1131, 'ndcg@15': 0.0508, 'hit@20': 0.1396, 'ndcg@20': 0.057, 'hit@40': 0.2212, 'ndcg@40': 0.0736} 
2024-10-11 15:21:18.610 | INFO     | trainer_1:_train_one_epoch:209 - test 16 cost time 7.51s, result: {'hit@1': 0.0095, 'ndcg@1': 0.0095, 'hit@5': 0.0322, 'ndcg@5': 0.0206, 'hit@10': 0.0551, 'ndcg@10': 0.0279, 'hit@15': 0.0759, 'ndcg@15': 0.0334, 'hit@20': 0.0927, 'ndcg@20': 0.0374, 'hit@40': 0.1543, 'ndcg@40': 0.0499} 
2024-10-11 15:21:28.131 | INFO     | trainer_1:_train_one_epoch:193 - epoch 17 9.52s Train loss is [0.4179] 
2024-10-11 15:21:36.085 | INFO     | trainer_1:_train_one_epoch:201 - validate 17 cost time 7.95s, result: {'hit@1': 0.0149, 'ndcg@1': 0.0149, 'hit@5': 0.055, 'ndcg@5': 0.0349, 'hit@10': 0.0904, 'ndcg@10': 0.0462, 'hit@15': 0.121, 'ndcg@15': 0.0543, 'hit@20': 0.1497, 'ndcg@20': 0.061, 'hit@40': 0.2347, 'ndcg@40': 0.0784} 
2024-10-11 15:21:42.522 | INFO     | trainer_1:_train_one_epoch:209 - test 17 cost time 6.44s, result: {'hit@1': 0.0103, 'ndcg@1': 0.0103, 'hit@5': 0.0355, 'ndcg@5': 0.0228, 'hit@10': 0.0593, 'ndcg@10': 0.0304, 'hit@15': 0.0817, 'ndcg@15': 0.0363, 'hit@20': 0.1021, 'ndcg@20': 0.0411, 'hit@40': 0.1695, 'ndcg@40': 0.0548} 
2024-10-11 15:22:03.393 | INFO     | trainer_1:_train_one_epoch:193 - epoch 18 7.72s Train loss is [0.4092] 
2024-10-11 15:22:09.040 | INFO     | trainer_1:_train_one_epoch:201 - validate 18 cost time 5.64s, result: {'hit@1': 0.0147, 'ndcg@1': 0.0147, 'hit@5': 0.0525, 'ndcg@5': 0.0336, 'hit@10': 0.0866, 'ndcg@10': 0.0446, 'hit@15': 0.1148, 'ndcg@15': 0.052, 'hit@20': 0.1407, 'ndcg@20': 0.0581, 'hit@40': 0.2209, 'ndcg@40': 0.0744} 
2024-10-11 15:22:13.964 | INFO     | trainer_1:_train_one_epoch:209 - test 18 cost time 4.92s, result: {'hit@1': 0.0096, 'ndcg@1': 0.0096, 'hit@5': 0.0344, 'ndcg@5': 0.0219, 'hit@10': 0.0585, 'ndcg@10': 0.0296, 'hit@15': 0.0781, 'ndcg@15': 0.0347, 'hit@20': 0.0962, 'ndcg@20': 0.039, 'hit@40': 0.1572, 'ndcg@40': 0.0514} 
2024-10-11 15:22:20.937 | INFO     | trainer_1:_train_one_epoch:193 - epoch 19 6.97s Train loss is [0.4078] 
2024-10-11 15:22:28.447 | INFO     | trainer_1:_train_one_epoch:201 - validate 19 cost time 7.51s, result: {'hit@1': 0.015, 'ndcg@1': 0.015, 'hit@5': 0.052, 'ndcg@5': 0.0336, 'hit@10': 0.0875, 'ndcg@10': 0.0449, 'hit@15': 0.1148, 'ndcg@15': 0.0521, 'hit@20': 0.1425, 'ndcg@20': 0.0587, 'hit@40': 0.2266, 'ndcg@40': 0.0758} 
2024-10-11 15:22:37.446 | INFO     | trainer_1:_train_one_epoch:209 - test 19 cost time 9.00s, result: {'hit@1': 0.0092, 'ndcg@1': 0.0092, 'hit@5': 0.0346, 'ndcg@5': 0.0219, 'hit@10': 0.0583, 'ndcg@10': 0.0294, 'hit@15': 0.08, 'ndcg@15': 0.0351, 'hit@20': 0.0998, 'ndcg@20': 0.0398, 'hit@40': 0.1614, 'ndcg@40': 0.0523} 
2024-10-11 15:22:47.364 | INFO     | trainer_1:_train_one_epoch:193 - epoch 20 9.92s Train loss is [0.3971] 
2024-10-11 15:22:55.163 | INFO     | trainer_1:_train_one_epoch:201 - validate 20 cost time 7.80s, result: {'hit@1': 0.0147, 'ndcg@1': 0.0147, 'hit@5': 0.0523, 'ndcg@5': 0.0334, 'hit@10': 0.0888, 'ndcg@10': 0.0451, 'hit@15': 0.1157, 'ndcg@15': 0.0522, 'hit@20': 0.1417, 'ndcg@20': 0.0583, 'hit@40': 0.2245, 'ndcg@40': 0.0752} 
2024-10-11 15:23:02.784 | INFO     | trainer_1:_train_one_epoch:209 - test 20 cost time 7.62s, result: {'hit@1': 0.0088, 'ndcg@1': 0.0088, 'hit@5': 0.0347, 'ndcg@5': 0.0218, 'hit@10': 0.0585, 'ndcg@10': 0.0294, 'hit@15': 0.08, 'ndcg@15': 0.0351, 'hit@20': 0.1005, 'ndcg@20': 0.0399, 'hit@40': 0.1632, 'ndcg@40': 0.0527} 
2024-10-11 15:23:13.436 | INFO     | trainer_1:_train_one_epoch:193 - epoch 21 10.65s Train loss is [0.3910] 
2024-10-11 15:23:22.583 | INFO     | trainer_1:_train_one_epoch:201 - validate 21 cost time 9.15s, result: {'hit@1': 0.0152, 'ndcg@1': 0.0152, 'hit@5': 0.0548, 'ndcg@5': 0.035, 'hit@10': 0.0912, 'ndcg@10': 0.0466, 'hit@15': 0.1218, 'ndcg@15': 0.0547, 'hit@20': 0.1459, 'ndcg@20': 0.0604, 'hit@40': 0.2339, 'ndcg@40': 0.0783} 
2024-10-11 15:23:29.511 | INFO     | trainer_1:_train_one_epoch:209 - test 21 cost time 6.93s, result: {'hit@1': 0.0097, 'ndcg@1': 0.0097, 'hit@5': 0.0364, 'ndcg@5': 0.0231, 'hit@10': 0.0605, 'ndcg@10': 0.0308, 'hit@15': 0.0804, 'ndcg@15': 0.036, 'hit@20': 0.0988, 'ndcg@20': 0.0404, 'hit@40': 0.1638, 'ndcg@40': 0.0536} 
2024-10-11 15:23:49.968 | INFO     | trainer_1:_train_one_epoch:193 - epoch 22 8.50s Train loss is [0.3829] 
2024-10-11 15:23:58.315 | INFO     | trainer_1:_train_one_epoch:201 - validate 22 cost time 8.35s, result: {'hit@1': 0.0152, 'ndcg@1': 0.0152, 'hit@5': 0.0549, 'ndcg@5': 0.0352, 'hit@10': 0.091, 'ndcg@10': 0.0467, 'hit@15': 0.1214, 'ndcg@15': 0.0548, 'hit@20': 0.1487, 'ndcg@20': 0.0612, 'hit@40': 0.2353, 'ndcg@40': 0.0788} 
2024-10-11 15:24:05.825 | INFO     | trainer_1:_train_one_epoch:209 - test 22 cost time 7.51s, result: {'hit@1': 0.0094, 'ndcg@1': 0.0094, 'hit@5': 0.0366, 'ndcg@5': 0.0228, 'hit@10': 0.061, 'ndcg@10': 0.0306, 'hit@15': 0.0833, 'ndcg@15': 0.0365, 'hit@20': 0.1032, 'ndcg@20': 0.0412, 'hit@40': 0.1665, 'ndcg@40': 0.0541} 
2024-10-11 15:24:25.237 | INFO     | trainer_1:_train_one_epoch:193 - epoch 23 6.97s Train loss is [0.3864] 
2024-10-11 15:24:31.973 | INFO     | trainer_1:_train_one_epoch:201 - validate 23 cost time 6.73s, result: {'hit@1': 0.0156, 'ndcg@1': 0.0156, 'hit@5': 0.0546, 'ndcg@5': 0.0351, 'hit@10': 0.0909, 'ndcg@10': 0.0467, 'hit@15': 0.1234, 'ndcg@15': 0.0553, 'hit@20': 0.1497, 'ndcg@20': 0.0615, 'hit@40': 0.2372, 'ndcg@40': 0.0793} 
2024-10-11 15:24:40.427 | INFO     | trainer_1:_train_one_epoch:209 - test 23 cost time 8.45s, result: {'hit@1': 0.0095, 'ndcg@1': 0.0095, 'hit@5': 0.0362, 'ndcg@5': 0.0228, 'hit@10': 0.0612, 'ndcg@10': 0.0308, 'hit@15': 0.0829, 'ndcg@15': 0.0365, 'hit@20': 0.101, 'ndcg@20': 0.0408, 'hit@40': 0.1653, 'ndcg@40': 0.0539} 
2024-10-11 15:25:02.727 | INFO     | trainer_1:_train_one_epoch:193 - epoch 24 9.85s Train loss is [0.3915] 
2024-10-11 15:25:07.940 | INFO     | trainer_1:_train_one_epoch:201 - validate 24 cost time 5.21s, result: {'hit@1': 0.015, 'ndcg@1': 0.015, 'hit@5': 0.0545, 'ndcg@5': 0.0348, 'hit@10': 0.0893, 'ndcg@10': 0.0459, 'hit@15': 0.1207, 'ndcg@15': 0.0542, 'hit@20': 0.1474, 'ndcg@20': 0.0605, 'hit@40': 0.2316, 'ndcg@40': 0.0777} 
2024-10-11 15:25:12.900 | INFO     | trainer_1:_train_one_epoch:209 - test 24 cost time 4.96s, result: {'hit@1': 0.0089, 'ndcg@1': 0.0089, 'hit@5': 0.037, 'ndcg@5': 0.0231, 'hit@10': 0.0621, 'ndcg@10': 0.0312, 'hit@15': 0.0839, 'ndcg@15': 0.0369, 'hit@20': 0.1013, 'ndcg@20': 0.041, 'hit@40': 0.1641, 'ndcg@40': 0.0538} 
2024-10-11 15:25:35.749 | INFO     | trainer_1:_train_one_epoch:193 - epoch 25 10.47s Train loss is [0.3818] 
2024-10-11 15:25:46.157 | INFO     | trainer_1:_train_one_epoch:201 - validate 25 cost time 10.41s, result: {'hit@1': 0.0161, 'ndcg@1': 0.0161, 'hit@5': 0.0577, 'ndcg@5': 0.0371, 'hit@10': 0.0949, 'ndcg@10': 0.049, 'hit@15': 0.1273, 'ndcg@15': 0.0576, 'hit@20': 0.1519, 'ndcg@20': 0.0634, 'hit@40': 0.2356, 'ndcg@40': 0.0804} 
2024-10-11 15:25:55.885 | INFO     | trainer_1:_train_one_epoch:209 - test 25 cost time 9.73s, result: {'hit@1': 0.0102, 'ndcg@1': 0.0102, 'hit@5': 0.039, 'ndcg@5': 0.0248, 'hit@10': 0.0643, 'ndcg@10': 0.0329, 'hit@15': 0.085, 'ndcg@15': 0.0383, 'hit@20': 0.1044, 'ndcg@20': 0.0429, 'hit@40': 0.1673, 'ndcg@40': 0.0557} 
2024-10-11 15:26:15.773 | INFO     | trainer_1:_train_one_epoch:193 - epoch 26 8.68s Train loss is [0.3731] 
2024-10-11 15:26:26.197 | INFO     | trainer_1:_train_one_epoch:201 - validate 26 cost time 10.42s, result: {'hit@1': 0.015, 'ndcg@1': 0.015, 'hit@5': 0.057, 'ndcg@5': 0.036, 'hit@10': 0.0915, 'ndcg@10': 0.047, 'hit@15': 0.124, 'ndcg@15': 0.0556, 'hit@20': 0.1502, 'ndcg@20': 0.0618, 'hit@40': 0.238, 'ndcg@40': 0.0797} 
2024-10-11 15:26:36.469 | INFO     | trainer_1:_train_one_epoch:209 - test 26 cost time 10.27s, result: {'hit@1': 0.0095, 'ndcg@1': 0.0095, 'hit@5': 0.0376, 'ndcg@5': 0.0234, 'hit@10': 0.0618, 'ndcg@10': 0.0311, 'hit@15': 0.0851, 'ndcg@15': 0.0373, 'hit@20': 0.103, 'ndcg@20': 0.0415, 'hit@40': 0.1689, 'ndcg@40': 0.0549} 
2024-10-11 15:26:46.258 | INFO     | trainer_1:_train_one_epoch:193 - epoch 27 9.79s Train loss is [0.3736] 
2024-10-11 15:26:56.167 | INFO     | trainer_1:_train_one_epoch:201 - validate 27 cost time 9.91s, result: {'hit@1': 0.0154, 'ndcg@1': 0.0154, 'hit@5': 0.0547, 'ndcg@5': 0.0352, 'hit@10': 0.0911, 'ndcg@10': 0.0468, 'hit@15': 0.1201, 'ndcg@15': 0.0545, 'hit@20': 0.1464, 'ndcg@20': 0.0607, 'hit@40': 0.2299, 'ndcg@40': 0.0777} 
2024-10-11 15:27:05.896 | INFO     | trainer_1:_train_one_epoch:209 - test 27 cost time 9.73s, result: {'hit@1': 0.0099, 'ndcg@1': 0.0099, 'hit@5': 0.0371, 'ndcg@5': 0.0236, 'hit@10': 0.0613, 'ndcg@10': 0.0313, 'hit@15': 0.0837, 'ndcg@15': 0.0372, 'hit@20': 0.1022, 'ndcg@20': 0.0416, 'hit@40': 0.1664, 'ndcg@40': 0.0547} 
2024-10-11 15:27:16.626 | INFO     | trainer_1:_train_one_epoch:193 - epoch 28 10.73s Train loss is [0.3763] 
2024-10-11 15:27:26.848 | INFO     | trainer_1:_train_one_epoch:201 - validate 28 cost time 10.22s, result: {'hit@1': 0.0156, 'ndcg@1': 0.0156, 'hit@5': 0.0549, 'ndcg@5': 0.0352, 'hit@10': 0.0899, 'ndcg@10': 0.0464, 'hit@15': 0.1203, 'ndcg@15': 0.0544, 'hit@20': 0.1468, 'ndcg@20': 0.0607, 'hit@40': 0.2325, 'ndcg@40': 0.0781} 
2024-10-11 15:27:36.717 | INFO     | trainer_1:_train_one_epoch:209 - test 28 cost time 9.87s, result: {'hit@1': 0.0101, 'ndcg@1': 0.0101, 'hit@5': 0.0365, 'ndcg@5': 0.0232, 'hit@10': 0.0617, 'ndcg@10': 0.0313, 'hit@15': 0.0816, 'ndcg@15': 0.0365, 'hit@20': 0.1004, 'ndcg@20': 0.041, 'hit@40': 0.1641, 'ndcg@40': 0.0539} 
2024-10-11 15:27:45.772 | INFO     | trainer_1:_train_one_epoch:193 - epoch 29 9.05s Train loss is [0.3755] 
2024-10-11 15:27:55.656 | INFO     | trainer_1:_train_one_epoch:201 - validate 29 cost time 9.88s, result: {'hit@1': 0.0151, 'ndcg@1': 0.0151, 'hit@5': 0.0553, 'ndcg@5': 0.0348, 'hit@10': 0.0889, 'ndcg@10': 0.0456, 'hit@15': 0.119, 'ndcg@15': 0.0536, 'hit@20': 0.1444, 'ndcg@20': 0.0595, 'hit@40': 0.2263, 'ndcg@40': 0.0762} 
2024-10-11 15:28:06.165 | INFO     | trainer_1:_train_one_epoch:209 - test 29 cost time 10.51s, result: {'hit@1': 0.0093, 'ndcg@1': 0.0093, 'hit@5': 0.0375, 'ndcg@5': 0.0234, 'hit@10': 0.06, 'ndcg@10': 0.0306, 'hit@15': 0.0808, 'ndcg@15': 0.0361, 'hit@20': 0.0999, 'ndcg@20': 0.0406, 'hit@40': 0.1636, 'ndcg@40': 0.0536} 
2024-10-11 15:28:18.387 | INFO     | trainer_1:_train_one_epoch:193 - epoch 30 12.22s Train loss is [0.3748] 
2024-10-11 15:28:28.651 | INFO     | trainer_1:_train_one_epoch:201 - validate 30 cost time 10.26s, result: {'hit@1': 0.0165, 'ndcg@1': 0.0165, 'hit@5': 0.0571, 'ndcg@5': 0.0366, 'hit@10': 0.0917, 'ndcg@10': 0.0477, 'hit@15': 0.1218, 'ndcg@15': 0.0557, 'hit@20': 0.1491, 'ndcg@20': 0.0621, 'hit@40': 0.2343, 'ndcg@40': 0.0795} 
2024-10-11 15:28:38.421 | INFO     | trainer_1:_train_one_epoch:209 - test 30 cost time 9.77s, result: {'hit@1': 0.0105, 'ndcg@1': 0.0105, 'hit@5': 0.0381, 'ndcg@5': 0.0242, 'hit@10': 0.0606, 'ndcg@10': 0.0315, 'hit@15': 0.0812, 'ndcg@15': 0.0369, 'hit@20': 0.1003, 'ndcg@20': 0.0414, 'hit@40': 0.1634, 'ndcg@40': 0.0543} 
2024-10-11 15:28:38.433 | INFO     | trainer_1:train_model:163 - training end, best iteration 25, results: {'hit@1': 0.0161, 'ndcg@1': 0.0161, 'hit@5': 0.0577, 'ndcg@5': 0.0371, 'hit@10': 0.0949, 'ndcg@10': 0.049, 'hit@15': 0.1273, 'ndcg@15': 0.0576, 'hit@20': 0.1519, 'ndcg@20': 0.0634, 'hit@40': 0.2356, 'ndcg@40': 0.0804}
2024-10-11 15:28:38.433 | INFO     | trainer_1:train_model:166 - final test result is:  {'hit@1': 0.0102, 'ndcg@1': 0.0102, 'hit@5': 0.039, 'ndcg@5': 0.0248, 'hit@10': 0.0643, 'ndcg@10': 0.0329, 'hit@15': 0.085, 'ndcg@15': 0.0383, 'hit@20': 0.1044, 'ndcg@20': 0.0429, 'hit@40': 0.1673, 'ndcg@40': 0.0557}
2024-10-11 15:28:38.770 | INFO     | __main__:<module>:119 - train end total cost time: 2009.0742211341858
