2024-10-11 19:03:10.198 | INFO     | __main__:<module>:105 - Namespace(TIME='2024-10-11 19_02_28', batch_size=1024, behaviors=['view', 'cart', 'buy'], check_point='model_pre_1_2024-10-08 12_42_42.pth', data_name='beibei', data_path='./data/beibei', decay=0.001, device='cuda:1', dim_qk=32, dim_v=64, distill_layers=2, distill_thres=0.5, distill_topK=40, distill_userK=6, embedding_size=64, epochs=100, gpu_no=1, if_load_model=True, ii_lambda=200, initializer_range=0.02, layers=2, loss_type='bpr', lr=0.001, message_dropout=0.25, metrics=['hit', 'ndcg'], min_epoch=5, model_name='main_1', model_path='./check_point', node_dropout=0.75, omega=1, pt_loop=50, reg_weight=0.001, test_batch_size=1024, testbatch=1024, topk=[1, 5, 10, 15, 20, 40], uu_lambda=100)
2024-10-11 19:03:10.200 | INFO     | __main__:<module>:106 - BIPN(
  (message_dropout): Dropout(p=0.25, inplace=False)
  (user_embedding): Embedding(21717, 64, padding_idx=0)
  (item_embedding): Embedding(7978, 64, padding_idx=0)
  (global_Graph): LightGCN()
  (Graph_encoder): ModuleDict(
    (view): GraphEncoder(
      (light): LightGCN()
      (dropout): Dropout(p=0.75, inplace=False)
    )
    (cart): GraphEncoder(
      (light): LightGCN()
      (dropout): Dropout(p=0.75, inplace=False)
    )
    (buy): GraphEncoder(
      (light): LightGCN()
      (dropout): Dropout(p=0.75, inplace=False)
    )
  )
  (attention): Mutual_Attention()
  (bpr_loss): BPRLoss()
  (emb_loss): EmbLoss()
  (f): Sigmoid()
)
2024-10-11 19:26:38.724 | INFO     | trainer_1:_train_one_epoch:193 - epoch 1 10.26s Train loss is [0.9833] 
2024-10-11 19:26:44.996 | INFO     | trainer_1:_train_one_epoch:201 - validate 1 cost time 6.27s, result: {'hit@1': 0.0055, 'ndcg@1': 0.0055, 'hit@5': 0.0236, 'ndcg@5': 0.0144, 'hit@10': 0.041, 'ndcg@10': 0.0199, 'hit@15': 0.0584, 'ndcg@15': 0.0245, 'hit@20': 0.0744, 'ndcg@20': 0.0283, 'hit@40': 0.1298, 'ndcg@40': 0.0395} 
2024-10-11 19:26:51.185 | INFO     | trainer_1:_train_one_epoch:209 - test 1 cost time 6.19s, result: {'hit@1': 0.0031, 'ndcg@1': 0.0031, 'hit@5': 0.0166, 'ndcg@5': 0.0097, 'hit@10': 0.0298, 'ndcg@10': 0.014, 'hit@15': 0.0425, 'ndcg@15': 0.0173, 'hit@20': 0.0553, 'ndcg@20': 0.0203, 'hit@40': 0.0992, 'ndcg@40': 0.0293} 
2024-10-11 19:27:19.702 | INFO     | trainer_1:_train_one_epoch:193 - epoch 2 12.50s Train loss is [0.7637] 
2024-10-11 19:27:26.056 | INFO     | trainer_1:_train_one_epoch:201 - validate 2 cost time 6.35s, result: {'hit@1': 0.008, 'ndcg@1': 0.008, 'hit@5': 0.0326, 'ndcg@5': 0.0202, 'hit@10': 0.0568, 'ndcg@10': 0.028, 'hit@15': 0.0783, 'ndcg@15': 0.0336, 'hit@20': 0.0955, 'ndcg@20': 0.0377, 'hit@40': 0.1575, 'ndcg@40': 0.0503} 
2024-10-11 19:27:33.271 | INFO     | trainer_1:_train_one_epoch:209 - test 2 cost time 7.21s, result: {'hit@1': 0.0042, 'ndcg@1': 0.0042, 'hit@5': 0.02, 'ndcg@5': 0.0119, 'hit@10': 0.0359, 'ndcg@10': 0.017, 'hit@15': 0.0515, 'ndcg@15': 0.0212, 'hit@20': 0.0658, 'ndcg@20': 0.0245, 'hit@40': 0.1125, 'ndcg@40': 0.034} 
2024-10-11 19:27:58.436 | INFO     | trainer_1:_train_one_epoch:193 - epoch 3 10.33s Train loss is [0.6616] 
2024-10-11 19:28:06.974 | INFO     | trainer_1:_train_one_epoch:201 - validate 3 cost time 8.54s, result: {'hit@1': 0.0075, 'ndcg@1': 0.0075, 'hit@5': 0.0326, 'ndcg@5': 0.02, 'hit@10': 0.0588, 'ndcg@10': 0.0283, 'hit@15': 0.0817, 'ndcg@15': 0.0343, 'hit@20': 0.1008, 'ndcg@20': 0.0389, 'hit@40': 0.1656, 'ndcg@40': 0.0521} 
2024-10-11 19:28:13.291 | INFO     | trainer_1:_train_one_epoch:209 - test 3 cost time 6.32s, result: {'hit@1': 0.0048, 'ndcg@1': 0.0048, 'hit@5': 0.0219, 'ndcg@5': 0.0133, 'hit@10': 0.04, 'ndcg@10': 0.0191, 'hit@15': 0.0558, 'ndcg@15': 0.0232, 'hit@20': 0.071, 'ndcg@20': 0.0268, 'hit@40': 0.1247, 'ndcg@40': 0.0378} 
2024-10-11 19:28:35.582 | INFO     | trainer_1:_train_one_epoch:193 - epoch 4 8.35s Train loss is [0.5878] 
2024-10-11 19:28:45.114 | INFO     | trainer_1:_train_one_epoch:201 - validate 4 cost time 9.53s, result: {'hit@1': 0.009, 'ndcg@1': 0.009, 'hit@5': 0.0358, 'ndcg@5': 0.0222, 'hit@10': 0.0632, 'ndcg@10': 0.0309, 'hit@15': 0.0899, 'ndcg@15': 0.038, 'hit@20': 0.1119, 'ndcg@20': 0.0432, 'hit@40': 0.1834, 'ndcg@40': 0.0577} 
2024-10-11 19:28:55.228 | INFO     | trainer_1:_train_one_epoch:209 - test 4 cost time 10.11s, result: {'hit@1': 0.0057, 'ndcg@1': 0.0057, 'hit@5': 0.0242, 'ndcg@5': 0.0148, 'hit@10': 0.0425, 'ndcg@10': 0.0206, 'hit@15': 0.0598, 'ndcg@15': 0.0252, 'hit@20': 0.0775, 'ndcg@20': 0.0294, 'hit@40': 0.1343, 'ndcg@40': 0.041} 
2024-10-11 19:29:15.157 | INFO     | trainer_1:_train_one_epoch:193 - epoch 5 7.80s Train loss is [0.5654] 
2024-10-11 19:29:24.329 | INFO     | trainer_1:_train_one_epoch:201 - validate 5 cost time 9.17s, result: {'hit@1': 0.0099, 'ndcg@1': 0.0099, 'hit@5': 0.0345, 'ndcg@5': 0.022, 'hit@10': 0.0599, 'ndcg@10': 0.0302, 'hit@15': 0.0851, 'ndcg@15': 0.0368, 'hit@20': 0.1059, 'ndcg@20': 0.0417, 'hit@40': 0.1793, 'ndcg@40': 0.0566} 
2024-10-11 19:29:32.262 | INFO     | trainer_1:_train_one_epoch:209 - test 5 cost time 7.93s, result: {'hit@1': 0.0056, 'ndcg@1': 0.0056, 'hit@5': 0.0221, 'ndcg@5': 0.0137, 'hit@10': 0.0392, 'ndcg@10': 0.0191, 'hit@15': 0.055, 'ndcg@15': 0.0233, 'hit@20': 0.0698, 'ndcg@20': 0.0268, 'hit@40': 0.1242, 'ndcg@40': 0.0378} 
2024-10-11 19:29:39.432 | INFO     | trainer_1:_train_one_epoch:193 - epoch 6 7.17s Train loss is [0.5483] 
2024-10-11 19:29:48.506 | INFO     | trainer_1:_train_one_epoch:201 - validate 6 cost time 9.07s, result: {'hit@1': 0.01, 'ndcg@1': 0.01, 'hit@5': 0.0381, 'ndcg@5': 0.024, 'hit@10': 0.0642, 'ndcg@10': 0.0324, 'hit@15': 0.0887, 'ndcg@15': 0.0389, 'hit@20': 0.1107, 'ndcg@20': 0.0441, 'hit@40': 0.1801, 'ndcg@40': 0.0582} 
2024-10-11 19:29:56.507 | INFO     | trainer_1:_train_one_epoch:209 - test 6 cost time 8.00s, result: {'hit@1': 0.0056, 'ndcg@1': 0.0056, 'hit@5': 0.0235, 'ndcg@5': 0.0145, 'hit@10': 0.0421, 'ndcg@10': 0.0204, 'hit@15': 0.0578, 'ndcg@15': 0.0246, 'hit@20': 0.0736, 'ndcg@20': 0.0283, 'hit@40': 0.1271, 'ndcg@40': 0.0392} 
2024-10-11 19:30:03.930 | INFO     | trainer_1:_train_one_epoch:193 - epoch 7 7.42s Train loss is [0.5225] 
2024-10-11 19:30:13.332 | INFO     | trainer_1:_train_one_epoch:201 - validate 7 cost time 9.40s, result: {'hit@1': 0.0101, 'ndcg@1': 0.0101, 'hit@5': 0.0402, 'ndcg@5': 0.025, 'hit@10': 0.0704, 'ndcg@10': 0.0346, 'hit@15': 0.0971, 'ndcg@15': 0.0417, 'hit@20': 0.1206, 'ndcg@20': 0.0472, 'hit@40': 0.1917, 'ndcg@40': 0.0617} 
2024-10-11 19:30:23.280 | INFO     | trainer_1:_train_one_epoch:209 - test 7 cost time 9.95s, result: {'hit@1': 0.0063, 'ndcg@1': 0.0063, 'hit@5': 0.0236, 'ndcg@5': 0.0148, 'hit@10': 0.0448, 'ndcg@10': 0.0216, 'hit@15': 0.0628, 'ndcg@15': 0.0263, 'hit@20': 0.0799, 'ndcg@20': 0.0304, 'hit@40': 0.1373, 'ndcg@40': 0.042} 
2024-10-11 19:30:46.282 | INFO     | trainer_1:_train_one_epoch:193 - epoch 8 9.40s Train loss is [0.5053] 
2024-10-11 19:30:54.308 | INFO     | trainer_1:_train_one_epoch:201 - validate 8 cost time 8.02s, result: {'hit@1': 0.0098, 'ndcg@1': 0.0098, 'hit@5': 0.0393, 'ndcg@5': 0.0243, 'hit@10': 0.0682, 'ndcg@10': 0.0336, 'hit@15': 0.0923, 'ndcg@15': 0.0399, 'hit@20': 0.1161, 'ndcg@20': 0.0455, 'hit@40': 0.1935, 'ndcg@40': 0.0613} 
2024-10-11 19:31:04.560 | INFO     | trainer_1:_train_one_epoch:209 - test 8 cost time 10.25s, result: {'hit@1': 0.0063, 'ndcg@1': 0.0063, 'hit@5': 0.0257, 'ndcg@5': 0.0158, 'hit@10': 0.0462, 'ndcg@10': 0.0224, 'hit@15': 0.0629, 'ndcg@15': 0.0268, 'hit@20': 0.0804, 'ndcg@20': 0.0309, 'hit@40': 0.1405, 'ndcg@40': 0.0431} 
2024-10-11 19:31:30.620 | INFO     | trainer_1:_train_one_epoch:193 - epoch 9 7.85s Train loss is [0.4978] 
2024-10-11 19:31:39.432 | INFO     | trainer_1:_train_one_epoch:201 - validate 9 cost time 8.81s, result: {'hit@1': 0.0109, 'ndcg@1': 0.0109, 'hit@5': 0.0438, 'ndcg@5': 0.0273, 'hit@10': 0.0747, 'ndcg@10': 0.0372, 'hit@15': 0.1021, 'ndcg@15': 0.0444, 'hit@20': 0.125, 'ndcg@20': 0.0498, 'hit@40': 0.2054, 'ndcg@40': 0.0662} 
2024-10-11 19:31:47.919 | INFO     | trainer_1:_train_one_epoch:209 - test 9 cost time 8.49s, result: {'hit@1': 0.0076, 'ndcg@1': 0.0076, 'hit@5': 0.027, 'ndcg@5': 0.0172, 'hit@10': 0.0479, 'ndcg@10': 0.024, 'hit@15': 0.0662, 'ndcg@15': 0.0288, 'hit@20': 0.0839, 'ndcg@20': 0.0329, 'hit@40': 0.146, 'ndcg@40': 0.0456} 
2024-10-11 19:32:10.572 | INFO     | trainer_1:_train_one_epoch:193 - epoch 10 10.95s Train loss is [0.4826] 
2024-10-11 19:32:21.233 | INFO     | trainer_1:_train_one_epoch:201 - validate 10 cost time 10.66s, result: {'hit@1': 0.0107, 'ndcg@1': 0.0107, 'hit@5': 0.0449, 'ndcg@5': 0.0276, 'hit@10': 0.074, 'ndcg@10': 0.0369, 'hit@15': 0.1009, 'ndcg@15': 0.044, 'hit@20': 0.124, 'ndcg@20': 0.0494, 'hit@40': 0.2008, 'ndcg@40': 0.0651} 
2024-10-11 19:32:30.706 | INFO     | trainer_1:_train_one_epoch:209 - test 10 cost time 9.47s, result: {'hit@1': 0.0074, 'ndcg@1': 0.0074, 'hit@5': 0.0289, 'ndcg@5': 0.0181, 'hit@10': 0.0507, 'ndcg@10': 0.0251, 'hit@15': 0.0692, 'ndcg@15': 0.03, 'hit@20': 0.0862, 'ndcg@20': 0.034, 'hit@40': 0.146, 'ndcg@40': 0.0461} 
2024-10-11 19:32:53.551 | INFO     | trainer_1:_train_one_epoch:193 - epoch 11 8.31s Train loss is [0.4726] 
2024-10-11 19:32:59.324 | INFO     | trainer_1:_train_one_epoch:201 - validate 11 cost time 5.77s, result: {'hit@1': 0.0119, 'ndcg@1': 0.0119, 'hit@5': 0.0439, 'ndcg@5': 0.0276, 'hit@10': 0.0749, 'ndcg@10': 0.0376, 'hit@15': 0.1014, 'ndcg@15': 0.0446, 'hit@20': 0.1254, 'ndcg@20': 0.0503, 'hit@40': 0.202, 'ndcg@40': 0.0659} 
2024-10-11 19:33:04.981 | INFO     | trainer_1:_train_one_epoch:209 - test 11 cost time 5.66s, result: {'hit@1': 0.0074, 'ndcg@1': 0.0074, 'hit@5': 0.0285, 'ndcg@5': 0.0179, 'hit@10': 0.0498, 'ndcg@10': 0.0248, 'hit@15': 0.0687, 'ndcg@15': 0.0297, 'hit@20': 0.0874, 'ndcg@20': 0.0341, 'hit@40': 0.146, 'ndcg@40': 0.046} 
2024-10-11 19:33:11.605 | INFO     | trainer_1:_train_one_epoch:193 - epoch 12 6.62s Train loss is [0.4527] 
2024-10-11 19:33:20.160 | INFO     | trainer_1:_train_one_epoch:201 - validate 12 cost time 8.55s, result: {'hit@1': 0.0121, 'ndcg@1': 0.0121, 'hit@5': 0.0422, 'ndcg@5': 0.0269, 'hit@10': 0.0708, 'ndcg@10': 0.0361, 'hit@15': 0.0982, 'ndcg@15': 0.0433, 'hit@20': 0.1216, 'ndcg@20': 0.0488, 'hit@40': 0.2003, 'ndcg@40': 0.0649} 
2024-10-11 19:33:28.557 | INFO     | trainer_1:_train_one_epoch:209 - test 12 cost time 8.40s, result: {'hit@1': 0.0064, 'ndcg@1': 0.0064, 'hit@5': 0.0262, 'ndcg@5': 0.0162, 'hit@10': 0.0462, 'ndcg@10': 0.0226, 'hit@15': 0.0652, 'ndcg@15': 0.0276, 'hit@20': 0.0801, 'ndcg@20': 0.0312, 'hit@40': 0.1398, 'ndcg@40': 0.0433} 
2024-10-11 19:33:36.561 | INFO     | trainer_1:_train_one_epoch:193 - epoch 13 8.00s Train loss is [0.4559] 
2024-10-11 19:33:42.678 | INFO     | trainer_1:_train_one_epoch:201 - validate 13 cost time 6.12s, result: {'hit@1': 0.0129, 'ndcg@1': 0.0129, 'hit@5': 0.0461, 'ndcg@5': 0.0294, 'hit@10': 0.0775, 'ndcg@10': 0.0395, 'hit@15': 0.1034, 'ndcg@15': 0.0463, 'hit@20': 0.1281, 'ndcg@20': 0.0521, 'hit@40': 0.2016, 'ndcg@40': 0.0671} 
2024-10-11 19:33:50.322 | INFO     | trainer_1:_train_one_epoch:209 - test 13 cost time 7.64s, result: {'hit@1': 0.0075, 'ndcg@1': 0.0075, 'hit@5': 0.0295, 'ndcg@5': 0.0184, 'hit@10': 0.0508, 'ndcg@10': 0.0253, 'hit@15': 0.0697, 'ndcg@15': 0.0302, 'hit@20': 0.0857, 'ndcg@20': 0.034, 'hit@40': 0.1422, 'ndcg@40': 0.0455} 
2024-10-11 19:34:11.379 | INFO     | trainer_1:_train_one_epoch:193 - epoch 14 8.48s Train loss is [0.4486] 
2024-10-11 19:34:17.857 | INFO     | trainer_1:_train_one_epoch:201 - validate 14 cost time 6.48s, result: {'hit@1': 0.0134, 'ndcg@1': 0.0134, 'hit@5': 0.0503, 'ndcg@5': 0.0317, 'hit@10': 0.0803, 'ndcg@10': 0.0414, 'hit@15': 0.1084, 'ndcg@15': 0.0488, 'hit@20': 0.1346, 'ndcg@20': 0.055, 'hit@40': 0.2111, 'ndcg@40': 0.0705} 
2024-10-11 19:34:23.666 | INFO     | trainer_1:_train_one_epoch:209 - test 14 cost time 5.81s, result: {'hit@1': 0.0093, 'ndcg@1': 0.0093, 'hit@5': 0.0315, 'ndcg@5': 0.0202, 'hit@10': 0.0536, 'ndcg@10': 0.0273, 'hit@15': 0.074, 'ndcg@15': 0.0327, 'hit@20': 0.0917, 'ndcg@20': 0.0369, 'hit@40': 0.1494, 'ndcg@40': 0.0486} 
2024-10-11 19:34:47.883 | INFO     | trainer_1:_train_one_epoch:193 - epoch 15 8.11s Train loss is [0.4258] 
2024-10-11 19:34:54.347 | INFO     | trainer_1:_train_one_epoch:201 - validate 15 cost time 6.46s, result: {'hit@1': 0.0146, 'ndcg@1': 0.0146, 'hit@5': 0.0521, 'ndcg@5': 0.0333, 'hit@10': 0.0862, 'ndcg@10': 0.0442, 'hit@15': 0.1151, 'ndcg@15': 0.0518, 'hit@20': 0.1404, 'ndcg@20': 0.0578, 'hit@40': 0.2213, 'ndcg@40': 0.0742} 
2024-10-11 19:35:00.134 | INFO     | trainer_1:_train_one_epoch:209 - test 15 cost time 5.79s, result: {'hit@1': 0.0087, 'ndcg@1': 0.0087, 'hit@5': 0.0337, 'ndcg@5': 0.0211, 'hit@10': 0.0575, 'ndcg@10': 0.0287, 'hit@15': 0.0775, 'ndcg@15': 0.0339, 'hit@20': 0.0942, 'ndcg@20': 0.0379, 'hit@40': 0.1563, 'ndcg@40': 0.0505} 
2024-10-11 19:35:30.527 | INFO     | trainer_1:_train_one_epoch:193 - epoch 16 13.21s Train loss is [0.4285] 
2024-10-11 19:35:37.061 | INFO     | trainer_1:_train_one_epoch:201 - validate 16 cost time 6.53s, result: {'hit@1': 0.0139, 'ndcg@1': 0.0139, 'hit@5': 0.0499, 'ndcg@5': 0.0318, 'hit@10': 0.0832, 'ndcg@10': 0.0425, 'hit@15': 0.1129, 'ndcg@15': 0.0504, 'hit@20': 0.1389, 'ndcg@20': 0.0565, 'hit@40': 0.2192, 'ndcg@40': 0.0729} 
2024-10-11 19:35:43.171 | INFO     | trainer_1:_train_one_epoch:209 - test 16 cost time 6.11s, result: {'hit@1': 0.0093, 'ndcg@1': 0.0093, 'hit@5': 0.031, 'ndcg@5': 0.0201, 'hit@10': 0.0554, 'ndcg@10': 0.0279, 'hit@15': 0.074, 'ndcg@15': 0.0328, 'hit@20': 0.0912, 'ndcg@20': 0.0368, 'hit@40': 0.1525, 'ndcg@40': 0.0493} 
2024-10-11 19:35:53.932 | INFO     | trainer_1:_train_one_epoch:193 - epoch 17 10.76s Train loss is [0.4200] 
2024-10-11 19:36:00.576 | INFO     | trainer_1:_train_one_epoch:201 - validate 17 cost time 6.64s, result: {'hit@1': 0.015, 'ndcg@1': 0.015, 'hit@5': 0.0547, 'ndcg@5': 0.0347, 'hit@10': 0.09, 'ndcg@10': 0.046, 'hit@15': 0.1203, 'ndcg@15': 0.054, 'hit@20': 0.1491, 'ndcg@20': 0.0608, 'hit@40': 0.2336, 'ndcg@40': 0.078} 
2024-10-11 19:36:10.558 | INFO     | trainer_1:_train_one_epoch:209 - test 17 cost time 9.98s, result: {'hit@1': 0.0099, 'ndcg@1': 0.0099, 'hit@5': 0.0351, 'ndcg@5': 0.0224, 'hit@10': 0.0584, 'ndcg@10': 0.0299, 'hit@15': 0.0814, 'ndcg@15': 0.0359, 'hit@20': 0.1008, 'ndcg@20': 0.0405, 'hit@40': 0.1689, 'ndcg@40': 0.0544} 
2024-10-11 19:36:39.217 | INFO     | trainer_1:_train_one_epoch:193 - epoch 18 12.18s Train loss is [0.4111] 
2024-10-11 19:36:48.281 | INFO     | trainer_1:_train_one_epoch:201 - validate 18 cost time 9.06s, result: {'hit@1': 0.0145, 'ndcg@1': 0.0145, 'hit@5': 0.0521, 'ndcg@5': 0.0332, 'hit@10': 0.0852, 'ndcg@10': 0.0438, 'hit@15': 0.1142, 'ndcg@15': 0.0515, 'hit@20': 0.1396, 'ndcg@20': 0.0575, 'hit@40': 0.2208, 'ndcg@40': 0.074} 
2024-10-11 19:36:57.958 | INFO     | trainer_1:_train_one_epoch:209 - test 18 cost time 9.68s, result: {'hit@1': 0.0094, 'ndcg@1': 0.0094, 'hit@5': 0.0336, 'ndcg@5': 0.0215, 'hit@10': 0.0577, 'ndcg@10': 0.0292, 'hit@15': 0.0781, 'ndcg@15': 0.0346, 'hit@20': 0.0959, 'ndcg@20': 0.0388, 'hit@40': 0.1568, 'ndcg@40': 0.0511} 
2024-10-11 19:37:05.803 | INFO     | trainer_1:_train_one_epoch:193 - epoch 19 7.84s Train loss is [0.4090] 
2024-10-11 19:37:13.866 | INFO     | trainer_1:_train_one_epoch:201 - validate 19 cost time 8.06s, result: {'hit@1': 0.0147, 'ndcg@1': 0.0147, 'hit@5': 0.0524, 'ndcg@5': 0.0336, 'hit@10': 0.0862, 'ndcg@10': 0.0444, 'hit@15': 0.1149, 'ndcg@15': 0.052, 'hit@20': 0.1426, 'ndcg@20': 0.0585, 'hit@40': 0.2263, 'ndcg@40': 0.0756} 
2024-10-11 19:37:19.756 | INFO     | trainer_1:_train_one_epoch:209 - test 19 cost time 5.89s, result: {'hit@1': 0.0093, 'ndcg@1': 0.0093, 'hit@5': 0.0344, 'ndcg@5': 0.0218, 'hit@10': 0.0574, 'ndcg@10': 0.0291, 'hit@15': 0.0801, 'ndcg@15': 0.0351, 'hit@20': 0.0995, 'ndcg@20': 0.0397, 'hit@40': 0.1604, 'ndcg@40': 0.0521} 
2024-10-11 19:37:27.235 | INFO     | trainer_1:_train_one_epoch:193 - epoch 20 7.48s Train loss is [0.3983] 
2024-10-11 19:37:33.101 | INFO     | trainer_1:_train_one_epoch:201 - validate 20 cost time 5.86s, result: {'hit@1': 0.0143, 'ndcg@1': 0.0143, 'hit@5': 0.0517, 'ndcg@5': 0.033, 'hit@10': 0.0877, 'ndcg@10': 0.0445, 'hit@15': 0.1154, 'ndcg@15': 0.0518, 'hit@20': 0.1411, 'ndcg@20': 0.0579, 'hit@40': 0.2243, 'ndcg@40': 0.0748} 
2024-10-11 19:37:39.529 | INFO     | trainer_1:_train_one_epoch:209 - test 20 cost time 6.43s, result: {'hit@1': 0.0092, 'ndcg@1': 0.0092, 'hit@5': 0.0342, 'ndcg@5': 0.0217, 'hit@10': 0.0582, 'ndcg@10': 0.0294, 'hit@15': 0.0799, 'ndcg@15': 0.0351, 'hit@20': 0.1004, 'ndcg@20': 0.04, 'hit@40': 0.1636, 'ndcg@40': 0.0528} 
2024-10-11 19:37:46.852 | INFO     | trainer_1:_train_one_epoch:193 - epoch 21 7.32s Train loss is [0.3921] 
2024-10-11 19:37:55.578 | INFO     | trainer_1:_train_one_epoch:201 - validate 21 cost time 8.73s, result: {'hit@1': 0.0146, 'ndcg@1': 0.0146, 'hit@5': 0.0545, 'ndcg@5': 0.0346, 'hit@10': 0.0911, 'ndcg@10': 0.0463, 'hit@15': 0.1207, 'ndcg@15': 0.0542, 'hit@20': 0.1452, 'ndcg@20': 0.0599, 'hit@40': 0.2332, 'ndcg@40': 0.0779} 
2024-10-11 19:38:03.051 | INFO     | trainer_1:_train_one_epoch:209 - test 21 cost time 7.47s, result: {'hit@1': 0.0093, 'ndcg@1': 0.0093, 'hit@5': 0.0358, 'ndcg@5': 0.0225, 'hit@10': 0.0596, 'ndcg@10': 0.0302, 'hit@15': 0.0795, 'ndcg@15': 0.0354, 'hit@20': 0.099, 'ndcg@20': 0.04, 'hit@40': 0.1629, 'ndcg@40': 0.053} 
2024-10-11 19:38:31.277 | INFO     | trainer_1:_train_one_epoch:193 - epoch 22 13.08s Train loss is [0.3837] 
2024-10-11 19:38:38.322 | INFO     | trainer_1:_train_one_epoch:201 - validate 22 cost time 7.04s, result: {'hit@1': 0.0157, 'ndcg@1': 0.0157, 'hit@5': 0.0542, 'ndcg@5': 0.035, 'hit@10': 0.0907, 'ndcg@10': 0.0466, 'hit@15': 0.1207, 'ndcg@15': 0.0545, 'hit@20': 0.1483, 'ndcg@20': 0.061, 'hit@40': 0.2337, 'ndcg@40': 0.0784} 
2024-10-11 19:38:43.425 | INFO     | trainer_1:_train_one_epoch:209 - test 22 cost time 5.10s, result: {'hit@1': 0.0091, 'ndcg@1': 0.0091, 'hit@5': 0.0363, 'ndcg@5': 0.0225, 'hit@10': 0.0601, 'ndcg@10': 0.0302, 'hit@15': 0.083, 'ndcg@15': 0.0362, 'hit@20': 0.1029, 'ndcg@20': 0.0409, 'hit@40': 0.1655, 'ndcg@40': 0.0536} 
2024-10-11 19:39:07.089 | INFO     | trainer_1:_train_one_epoch:193 - epoch 23 10.63s Train loss is [0.3865] 
2024-10-11 19:39:17.096 | INFO     | trainer_1:_train_one_epoch:201 - validate 23 cost time 10.01s, result: {'hit@1': 0.0157, 'ndcg@1': 0.0157, 'hit@5': 0.0545, 'ndcg@5': 0.0349, 'hit@10': 0.0904, 'ndcg@10': 0.0465, 'hit@15': 0.121, 'ndcg@15': 0.0545, 'hit@20': 0.1474, 'ndcg@20': 0.0607, 'hit@40': 0.234, 'ndcg@40': 0.0784} 
2024-10-11 19:39:25.995 | INFO     | trainer_1:_train_one_epoch:209 - test 23 cost time 8.90s, result: {'hit@1': 0.0096, 'ndcg@1': 0.0096, 'hit@5': 0.0348, 'ndcg@5': 0.0222, 'hit@10': 0.06, 'ndcg@10': 0.0302, 'hit@15': 0.0812, 'ndcg@15': 0.0359, 'hit@20': 0.1008, 'ndcg@20': 0.0405, 'hit@40': 0.1641, 'ndcg@40': 0.0533} 
2024-10-11 19:39:36.783 | INFO     | trainer_1:_train_one_epoch:193 - epoch 24 10.79s Train loss is [0.3915] 
2024-10-11 19:39:43.800 | INFO     | trainer_1:_train_one_epoch:201 - validate 24 cost time 7.02s, result: {'hit@1': 0.0151, 'ndcg@1': 0.0151, 'hit@5': 0.0541, 'ndcg@5': 0.0346, 'hit@10': 0.0889, 'ndcg@10': 0.0457, 'hit@15': 0.121, 'ndcg@15': 0.0542, 'hit@20': 0.1462, 'ndcg@20': 0.0601, 'hit@40': 0.2297, 'ndcg@40': 0.0771} 
2024-10-11 19:39:52.048 | INFO     | trainer_1:_train_one_epoch:209 - test 24 cost time 8.25s, result: {'hit@1': 0.0086, 'ndcg@1': 0.0086, 'hit@5': 0.0369, 'ndcg@5': 0.0228, 'hit@10': 0.0617, 'ndcg@10': 0.0307, 'hit@15': 0.0822, 'ndcg@15': 0.0361, 'hit@20': 0.1007, 'ndcg@20': 0.0405, 'hit@40': 0.1632, 'ndcg@40': 0.0532} 
2024-10-11 19:40:17.542 | INFO     | trainer_1:_train_one_epoch:193 - epoch 25 9.31s Train loss is [0.3824] 
2024-10-11 19:40:24.661 | INFO     | trainer_1:_train_one_epoch:201 - validate 25 cost time 7.12s, result: {'hit@1': 0.016, 'ndcg@1': 0.016, 'hit@5': 0.0578, 'ndcg@5': 0.037, 'hit@10': 0.0939, 'ndcg@10': 0.0485, 'hit@15': 0.127, 'ndcg@15': 0.0573, 'hit@20': 0.1515, 'ndcg@20': 0.0631, 'hit@40': 0.2351, 'ndcg@40': 0.0801} 
2024-10-11 19:40:31.524 | INFO     | trainer_1:_train_one_epoch:209 - test 25 cost time 6.86s, result: {'hit@1': 0.0106, 'ndcg@1': 0.0106, 'hit@5': 0.039, 'ndcg@5': 0.0248, 'hit@10': 0.0639, 'ndcg@10': 0.0327, 'hit@15': 0.0848, 'ndcg@15': 0.0382, 'hit@20': 0.1048, 'ndcg@20': 0.0429, 'hit@40': 0.1674, 'ndcg@40': 0.0557} 
2024-10-11 19:40:55.966 | INFO     | trainer_1:_train_one_epoch:193 - epoch 26 9.98s Train loss is [0.3756] 
2024-10-11 19:41:03.945 | INFO     | trainer_1:_train_one_epoch:201 - validate 26 cost time 7.98s, result: {'hit@1': 0.0145, 'ndcg@1': 0.0145, 'hit@5': 0.0554, 'ndcg@5': 0.035, 'hit@10': 0.0926, 'ndcg@10': 0.0469, 'hit@15': 0.1234, 'ndcg@15': 0.055, 'hit@20': 0.1499, 'ndcg@20': 0.0613, 'hit@40': 0.2369, 'ndcg@40': 0.079} 
2024-10-11 19:41:10.818 | INFO     | trainer_1:_train_one_epoch:209 - test 26 cost time 6.87s, result: {'hit@1': 0.0094, 'ndcg@1': 0.0094, 'hit@5': 0.0366, 'ndcg@5': 0.0229, 'hit@10': 0.0618, 'ndcg@10': 0.031, 'hit@15': 0.0822, 'ndcg@15': 0.0363, 'hit@20': 0.1018, 'ndcg@20': 0.041, 'hit@40': 0.1672, 'ndcg@40': 0.0543} 
2024-10-11 19:41:22.758 | INFO     | trainer_1:_train_one_epoch:193 - epoch 27 11.94s Train loss is [0.3754] 
2024-10-11 19:41:31.651 | INFO     | trainer_1:_train_one_epoch:201 - validate 27 cost time 8.89s, result: {'hit@1': 0.0146, 'ndcg@1': 0.0146, 'hit@5': 0.054, 'ndcg@5': 0.0345, 'hit@10': 0.0899, 'ndcg@10': 0.046, 'hit@15': 0.1187, 'ndcg@15': 0.0536, 'hit@20': 0.1468, 'ndcg@20': 0.0602, 'hit@40': 0.2287, 'ndcg@40': 0.0769} 
2024-10-11 19:41:40.264 | INFO     | trainer_1:_train_one_epoch:209 - test 27 cost time 8.61s, result: {'hit@1': 0.0104, 'ndcg@1': 0.0104, 'hit@5': 0.0365, 'ndcg@5': 0.0235, 'hit@10': 0.0603, 'ndcg@10': 0.0311, 'hit@15': 0.0828, 'ndcg@15': 0.037, 'hit@20': 0.1014, 'ndcg@20': 0.0414, 'hit@40': 0.165, 'ndcg@40': 0.0544} 
2024-10-11 19:41:50.958 | INFO     | trainer_1:_train_one_epoch:193 - epoch 28 10.69s Train loss is [0.3784] 
2024-10-11 19:41:57.582 | INFO     | trainer_1:_train_one_epoch:201 - validate 28 cost time 6.62s, result: {'hit@1': 0.0152, 'ndcg@1': 0.0152, 'hit@5': 0.0532, 'ndcg@5': 0.0342, 'hit@10': 0.0886, 'ndcg@10': 0.0455, 'hit@15': 0.12, 'ndcg@15': 0.0538, 'hit@20': 0.1477, 'ndcg@20': 0.0603, 'hit@40': 0.2313, 'ndcg@40': 0.0773} 
2024-10-11 19:42:05.969 | INFO     | trainer_1:_train_one_epoch:209 - test 28 cost time 8.39s, result: {'hit@1': 0.0099, 'ndcg@1': 0.0099, 'hit@5': 0.0356, 'ndcg@5': 0.0227, 'hit@10': 0.0614, 'ndcg@10': 0.0309, 'hit@15': 0.0807, 'ndcg@15': 0.036, 'hit@20': 0.0986, 'ndcg@20': 0.0402, 'hit@40': 0.164, 'ndcg@40': 0.0535} 
2024-10-11 19:42:16.039 | INFO     | trainer_1:_train_one_epoch:193 - epoch 29 10.07s Train loss is [0.3781] 
2024-10-11 19:42:24.880 | INFO     | trainer_1:_train_one_epoch:201 - validate 29 cost time 8.84s, result: {'hit@1': 0.0152, 'ndcg@1': 0.0152, 'hit@5': 0.054, 'ndcg@5': 0.0344, 'hit@10': 0.0888, 'ndcg@10': 0.0455, 'hit@15': 0.1184, 'ndcg@15': 0.0534, 'hit@20': 0.1431, 'ndcg@20': 0.0592, 'hit@40': 0.2252, 'ndcg@40': 0.0759} 
2024-10-11 19:42:33.161 | INFO     | trainer_1:_train_one_epoch:209 - test 29 cost time 8.28s, result: {'hit@1': 0.009, 'ndcg@1': 0.009, 'hit@5': 0.0371, 'ndcg@5': 0.023, 'hit@10': 0.06, 'ndcg@10': 0.0303, 'hit@15': 0.0791, 'ndcg@15': 0.0353, 'hit@20': 0.0983, 'ndcg@20': 0.0399, 'hit@40': 0.1631, 'ndcg@40': 0.0531} 
2024-10-11 19:42:45.275 | INFO     | trainer_1:_train_one_epoch:193 - epoch 30 12.11s Train loss is [0.3767] 
2024-10-11 19:42:54.764 | INFO     | trainer_1:_train_one_epoch:201 - validate 30 cost time 9.49s, result: {'hit@1': 0.0162, 'ndcg@1': 0.0162, 'hit@5': 0.0571, 'ndcg@5': 0.0365, 'hit@10': 0.0913, 'ndcg@10': 0.0474, 'hit@15': 0.1215, 'ndcg@15': 0.0554, 'hit@20': 0.1481, 'ndcg@20': 0.0617, 'hit@40': 0.2328, 'ndcg@40': 0.0789} 
2024-10-11 19:43:04.048 | INFO     | trainer_1:_train_one_epoch:209 - test 30 cost time 9.28s, result: {'hit@1': 0.0105, 'ndcg@1': 0.0105, 'hit@5': 0.0373, 'ndcg@5': 0.0239, 'hit@10': 0.0602, 'ndcg@10': 0.0312, 'hit@15': 0.0811, 'ndcg@15': 0.0367, 'hit@20': 0.1, 'ndcg@20': 0.0412, 'hit@40': 0.1623, 'ndcg@40': 0.0538} 
2024-10-11 19:43:04.065 | INFO     | trainer_1:train_model:163 - training end, best iteration 25, results: {'hit@1': 0.016, 'ndcg@1': 0.016, 'hit@5': 0.0578, 'ndcg@5': 0.037, 'hit@10': 0.0939, 'ndcg@10': 0.0485, 'hit@15': 0.127, 'ndcg@15': 0.0573, 'hit@20': 0.1515, 'ndcg@20': 0.0631, 'hit@40': 0.2351, 'ndcg@40': 0.0801}
2024-10-11 19:43:04.065 | INFO     | trainer_1:train_model:166 - final test result is:  {'hit@1': 0.0106, 'ndcg@1': 0.0106, 'hit@5': 0.039, 'ndcg@5': 0.0248, 'hit@10': 0.0639, 'ndcg@10': 0.0327, 'hit@15': 0.0848, 'ndcg@15': 0.0382, 'hit@20': 0.1048, 'ndcg@20': 0.0429, 'hit@40': 0.1674, 'ndcg@40': 0.0557}
2024-10-11 19:43:04.526 | INFO     | __main__:<module>:119 - train end total cost time: 2435.7374942302704
