2024-10-11 18:25:53.550 | INFO     | __main__:<module>:105 - Namespace(TIME='2024-10-11 18_25_06', batch_size=1024, behaviors=['view', 'cart', 'buy'], check_point='model_pre_1_2024-10-08 12_42_42.pth', data_name='beibei', data_path='./data/beibei', decay=0.001, device='cuda:1', dim_qk=32, dim_v=64, distill_layers=2, distill_thres=0.5, distill_topK=40, distill_userK=4, embedding_size=64, epochs=100, gpu_no=1, if_load_model=True, ii_lambda=200, initializer_range=0.02, layers=2, loss_type='bpr', lr=0.001, message_dropout=0.25, metrics=['hit', 'ndcg'], min_epoch=5, model_name='main_1', model_path='./check_point', node_dropout=0.75, omega=1, pt_loop=50, reg_weight=0.001, test_batch_size=1024, testbatch=1024, topk=[1, 5, 10, 15, 20, 40], uu_lambda=100)
2024-10-11 18:25:53.551 | INFO     | __main__:<module>:106 - BIPN(
  (message_dropout): Dropout(p=0.25, inplace=False)
  (user_embedding): Embedding(21717, 64, padding_idx=0)
  (item_embedding): Embedding(7978, 64, padding_idx=0)
  (global_Graph): LightGCN()
  (Graph_encoder): ModuleDict(
    (view): GraphEncoder(
      (light): LightGCN()
      (dropout): Dropout(p=0.75, inplace=False)
    )
    (cart): GraphEncoder(
      (light): LightGCN()
      (dropout): Dropout(p=0.75, inplace=False)
    )
    (buy): GraphEncoder(
      (light): LightGCN()
      (dropout): Dropout(p=0.75, inplace=False)
    )
  )
  (attention): Mutual_Attention()
  (bpr_loss): BPRLoss()
  (emb_loss): EmbLoss()
  (f): Sigmoid()
)
2024-10-11 18:45:22.871 | INFO     | trainer_1:_train_one_epoch:193 - epoch 1 10.44s Train loss is [0.9804] 
2024-10-11 18:45:30.603 | INFO     | trainer_1:_train_one_epoch:201 - validate 1 cost time 7.73s, result: {'hit@1': 0.0057, 'ndcg@1': 0.0057, 'hit@5': 0.0235, 'ndcg@5': 0.0144, 'hit@10': 0.0409, 'ndcg@10': 0.02, 'hit@15': 0.058, 'ndcg@15': 0.0246, 'hit@20': 0.0745, 'ndcg@20': 0.0284, 'hit@40': 0.1303, 'ndcg@40': 0.0397} 
2024-10-11 18:45:39.340 | INFO     | trainer_1:_train_one_epoch:209 - test 1 cost time 8.74s, result: {'hit@1': 0.0032, 'ndcg@1': 0.0032, 'hit@5': 0.0165, 'ndcg@5': 0.0097, 'hit@10': 0.0301, 'ndcg@10': 0.0141, 'hit@15': 0.0427, 'ndcg@15': 0.0174, 'hit@20': 0.0556, 'ndcg@20': 0.0204, 'hit@40': 0.0989, 'ndcg@40': 0.0292} 
2024-10-11 18:46:05.277 | INFO     | trainer_1:_train_one_epoch:193 - epoch 2 10.45s Train loss is [0.7605] 
2024-10-11 18:46:13.122 | INFO     | trainer_1:_train_one_epoch:201 - validate 2 cost time 7.84s, result: {'hit@1': 0.0083, 'ndcg@1': 0.0083, 'hit@5': 0.0326, 'ndcg@5': 0.0203, 'hit@10': 0.0562, 'ndcg@10': 0.0279, 'hit@15': 0.0781, 'ndcg@15': 0.0337, 'hit@20': 0.0962, 'ndcg@20': 0.0379, 'hit@40': 0.1581, 'ndcg@40': 0.0505} 
2024-10-11 18:46:21.322 | INFO     | trainer_1:_train_one_epoch:209 - test 2 cost time 8.20s, result: {'hit@1': 0.0041, 'ndcg@1': 0.0041, 'hit@5': 0.02, 'ndcg@5': 0.0119, 'hit@10': 0.036, 'ndcg@10': 0.017, 'hit@15': 0.052, 'ndcg@15': 0.0212, 'hit@20': 0.065, 'ndcg@20': 0.0243, 'hit@40': 0.113, 'ndcg@40': 0.0341} 
2024-10-11 18:46:42.993 | INFO     | trainer_1:_train_one_epoch:193 - epoch 3 9.39s Train loss is [0.6587] 
2024-10-11 18:46:50.030 | INFO     | trainer_1:_train_one_epoch:201 - validate 3 cost time 7.04s, result: {'hit@1': 0.0075, 'ndcg@1': 0.0075, 'hit@5': 0.0325, 'ndcg@5': 0.0199, 'hit@10': 0.0592, 'ndcg@10': 0.0284, 'hit@15': 0.0809, 'ndcg@15': 0.0342, 'hit@20': 0.1011, 'ndcg@20': 0.0389, 'hit@40': 0.1656, 'ndcg@40': 0.0521} 
2024-10-11 18:46:56.843 | INFO     | trainer_1:_train_one_epoch:209 - test 3 cost time 6.81s, result: {'hit@1': 0.0048, 'ndcg@1': 0.0048, 'hit@5': 0.0219, 'ndcg@5': 0.0133, 'hit@10': 0.0403, 'ndcg@10': 0.0192, 'hit@15': 0.0563, 'ndcg@15': 0.0234, 'hit@20': 0.0709, 'ndcg@20': 0.0268, 'hit@40': 0.1253, 'ndcg@40': 0.0379} 
2024-10-11 18:47:17.025 | INFO     | trainer_1:_train_one_epoch:193 - epoch 4 8.41s Train loss is [0.5852] 
2024-10-11 18:47:25.313 | INFO     | trainer_1:_train_one_epoch:201 - validate 4 cost time 8.29s, result: {'hit@1': 0.0091, 'ndcg@1': 0.0091, 'hit@5': 0.036, 'ndcg@5': 0.0223, 'hit@10': 0.0634, 'ndcg@10': 0.0311, 'hit@15': 0.0897, 'ndcg@15': 0.0381, 'hit@20': 0.1125, 'ndcg@20': 0.0435, 'hit@40': 0.1841, 'ndcg@40': 0.058} 
2024-10-11 18:47:33.148 | INFO     | trainer_1:_train_one_epoch:209 - test 4 cost time 7.83s, result: {'hit@1': 0.006, 'ndcg@1': 0.006, 'hit@5': 0.0246, 'ndcg@5': 0.015, 'hit@10': 0.043, 'ndcg@10': 0.0209, 'hit@15': 0.0603, 'ndcg@15': 0.0255, 'hit@20': 0.0781, 'ndcg@20': 0.0297, 'hit@40': 0.1344, 'ndcg@40': 0.0411} 
2024-10-11 18:47:52.984 | INFO     | trainer_1:_train_one_epoch:193 - epoch 5 8.54s Train loss is [0.5629] 
2024-10-11 18:47:59.694 | INFO     | trainer_1:_train_one_epoch:201 - validate 5 cost time 6.71s, result: {'hit@1': 0.0097, 'ndcg@1': 0.0097, 'hit@5': 0.0342, 'ndcg@5': 0.0219, 'hit@10': 0.0605, 'ndcg@10': 0.0303, 'hit@15': 0.0847, 'ndcg@15': 0.0367, 'hit@20': 0.1061, 'ndcg@20': 0.0417, 'hit@40': 0.1788, 'ndcg@40': 0.0565} 
2024-10-11 18:48:06.286 | INFO     | trainer_1:_train_one_epoch:209 - test 5 cost time 6.59s, result: {'hit@1': 0.0058, 'ndcg@1': 0.0058, 'hit@5': 0.0219, 'ndcg@5': 0.0136, 'hit@10': 0.039, 'ndcg@10': 0.0191, 'hit@15': 0.0553, 'ndcg@15': 0.0234, 'hit@20': 0.0694, 'ndcg@20': 0.0268, 'hit@40': 0.1247, 'ndcg@40': 0.038} 
2024-10-11 18:48:16.849 | INFO     | trainer_1:_train_one_epoch:193 - epoch 6 10.56s Train loss is [0.5459] 
2024-10-11 18:48:23.961 | INFO     | trainer_1:_train_one_epoch:201 - validate 6 cost time 7.11s, result: {'hit@1': 0.0101, 'ndcg@1': 0.0101, 'hit@5': 0.0386, 'ndcg@5': 0.0243, 'hit@10': 0.0642, 'ndcg@10': 0.0325, 'hit@15': 0.0888, 'ndcg@15': 0.039, 'hit@20': 0.1107, 'ndcg@20': 0.0442, 'hit@40': 0.181, 'ndcg@40': 0.0585} 
2024-10-11 18:48:31.270 | INFO     | trainer_1:_train_one_epoch:209 - test 6 cost time 7.31s, result: {'hit@1': 0.0058, 'ndcg@1': 0.0058, 'hit@5': 0.0233, 'ndcg@5': 0.0145, 'hit@10': 0.0423, 'ndcg@10': 0.0206, 'hit@15': 0.0577, 'ndcg@15': 0.0246, 'hit@20': 0.0736, 'ndcg@20': 0.0284, 'hit@40': 0.1271, 'ndcg@40': 0.0393} 
2024-10-11 18:48:39.938 | INFO     | trainer_1:_train_one_epoch:193 - epoch 7 8.67s Train loss is [0.5200] 
2024-10-11 18:48:47.895 | INFO     | trainer_1:_train_one_epoch:201 - validate 7 cost time 7.96s, result: {'hit@1': 0.0102, 'ndcg@1': 0.0102, 'hit@5': 0.0401, 'ndcg@5': 0.025, 'hit@10': 0.0705, 'ndcg@10': 0.0347, 'hit@15': 0.0969, 'ndcg@15': 0.0417, 'hit@20': 0.1208, 'ndcg@20': 0.0473, 'hit@40': 0.1923, 'ndcg@40': 0.0618} 
2024-10-11 18:48:53.054 | INFO     | trainer_1:_train_one_epoch:209 - test 7 cost time 5.16s, result: {'hit@1': 0.0064, 'ndcg@1': 0.0064, 'hit@5': 0.0236, 'ndcg@5': 0.0148, 'hit@10': 0.0448, 'ndcg@10': 0.0216, 'hit@15': 0.0629, 'ndcg@15': 0.0264, 'hit@20': 0.08, 'ndcg@20': 0.0304, 'hit@40': 0.1373, 'ndcg@40': 0.0421} 
2024-10-11 18:49:19.774 | INFO     | trainer_1:_train_one_epoch:193 - epoch 8 11.44s Train loss is [0.5031] 
2024-10-11 18:49:28.093 | INFO     | trainer_1:_train_one_epoch:201 - validate 8 cost time 8.32s, result: {'hit@1': 0.0097, 'ndcg@1': 0.0097, 'hit@5': 0.04, 'ndcg@5': 0.0246, 'hit@10': 0.0676, 'ndcg@10': 0.0334, 'hit@15': 0.0922, 'ndcg@15': 0.0399, 'hit@20': 0.116, 'ndcg@20': 0.0456, 'hit@40': 0.1929, 'ndcg@40': 0.0612} 
2024-10-11 18:49:36.888 | INFO     | trainer_1:_train_one_epoch:209 - test 8 cost time 8.79s, result: {'hit@1': 0.0064, 'ndcg@1': 0.0064, 'hit@5': 0.0256, 'ndcg@5': 0.0159, 'hit@10': 0.0465, 'ndcg@10': 0.0226, 'hit@15': 0.0629, 'ndcg@15': 0.0269, 'hit@20': 0.0808, 'ndcg@20': 0.0311, 'hit@40': 0.1403, 'ndcg@40': 0.0432} 
2024-10-11 18:49:59.513 | INFO     | trainer_1:_train_one_epoch:193 - epoch 9 9.87s Train loss is [0.4959] 
2024-10-11 18:50:10.443 | INFO     | trainer_1:_train_one_epoch:201 - validate 9 cost time 10.93s, result: {'hit@1': 0.0107, 'ndcg@1': 0.0107, 'hit@5': 0.0435, 'ndcg@5': 0.027, 'hit@10': 0.0742, 'ndcg@10': 0.0369, 'hit@15': 0.1017, 'ndcg@15': 0.0441, 'hit@20': 0.1247, 'ndcg@20': 0.0495, 'hit@40': 0.2046, 'ndcg@40': 0.0658} 
2024-10-11 18:50:19.392 | INFO     | trainer_1:_train_one_epoch:209 - test 9 cost time 8.95s, result: {'hit@1': 0.0075, 'ndcg@1': 0.0075, 'hit@5': 0.0268, 'ndcg@5': 0.0171, 'hit@10': 0.0479, 'ndcg@10': 0.0239, 'hit@15': 0.0661, 'ndcg@15': 0.0286, 'hit@20': 0.0841, 'ndcg@20': 0.0329, 'hit@40': 0.1455, 'ndcg@40': 0.0454} 
2024-10-11 18:50:43.245 | INFO     | trainer_1:_train_one_epoch:193 - epoch 10 11.04s Train loss is [0.4813] 
2024-10-11 18:50:52.816 | INFO     | trainer_1:_train_one_epoch:201 - validate 10 cost time 9.57s, result: {'hit@1': 0.0106, 'ndcg@1': 0.0106, 'hit@5': 0.0447, 'ndcg@5': 0.0276, 'hit@10': 0.0741, 'ndcg@10': 0.037, 'hit@15': 0.1002, 'ndcg@15': 0.0439, 'hit@20': 0.1239, 'ndcg@20': 0.0494, 'hit@40': 0.2013, 'ndcg@40': 0.0652} 
2024-10-11 18:51:01.296 | INFO     | trainer_1:_train_one_epoch:209 - test 10 cost time 8.48s, result: {'hit@1': 0.0077, 'ndcg@1': 0.0077, 'hit@5': 0.0289, 'ndcg@5': 0.0182, 'hit@10': 0.0511, 'ndcg@10': 0.0254, 'hit@15': 0.0694, 'ndcg@15': 0.0302, 'hit@20': 0.0867, 'ndcg@20': 0.0342, 'hit@40': 0.1463, 'ndcg@40': 0.0464} 
2024-10-11 18:51:28.295 | INFO     | trainer_1:_train_one_epoch:193 - epoch 11 10.56s Train loss is [0.4714] 
2024-10-11 18:51:38.453 | INFO     | trainer_1:_train_one_epoch:201 - validate 11 cost time 10.16s, result: {'hit@1': 0.0116, 'ndcg@1': 0.0116, 'hit@5': 0.0438, 'ndcg@5': 0.0276, 'hit@10': 0.0751, 'ndcg@10': 0.0376, 'hit@15': 0.1001, 'ndcg@15': 0.0442, 'hit@20': 0.1247, 'ndcg@20': 0.0501, 'hit@40': 0.2034, 'ndcg@40': 0.0661} 
2024-10-11 18:51:47.328 | INFO     | trainer_1:_train_one_epoch:209 - test 11 cost time 8.87s, result: {'hit@1': 0.0073, 'ndcg@1': 0.0073, 'hit@5': 0.0288, 'ndcg@5': 0.018, 'hit@10': 0.0505, 'ndcg@10': 0.025, 'hit@15': 0.0688, 'ndcg@15': 0.0299, 'hit@20': 0.0872, 'ndcg@20': 0.0342, 'hit@40': 0.1465, 'ndcg@40': 0.0462} 
2024-10-11 18:51:58.910 | INFO     | trainer_1:_train_one_epoch:193 - epoch 12 11.58s Train loss is [0.4512] 
2024-10-11 18:52:07.621 | INFO     | trainer_1:_train_one_epoch:201 - validate 12 cost time 8.71s, result: {'hit@1': 0.0122, 'ndcg@1': 0.0122, 'hit@5': 0.0419, 'ndcg@5': 0.0268, 'hit@10': 0.0704, 'ndcg@10': 0.0359, 'hit@15': 0.0979, 'ndcg@15': 0.0432, 'hit@20': 0.121, 'ndcg@20': 0.0487, 'hit@40': 0.2011, 'ndcg@40': 0.065} 
2024-10-11 18:52:15.687 | INFO     | trainer_1:_train_one_epoch:209 - test 12 cost time 8.07s, result: {'hit@1': 0.0061, 'ndcg@1': 0.0061, 'hit@5': 0.0268, 'ndcg@5': 0.0164, 'hit@10': 0.0471, 'ndcg@10': 0.0228, 'hit@15': 0.0652, 'ndcg@15': 0.0276, 'hit@20': 0.0813, 'ndcg@20': 0.0314, 'hit@40': 0.1399, 'ndcg@40': 0.0433} 
2024-10-11 18:52:25.033 | INFO     | trainer_1:_train_one_epoch:193 - epoch 13 9.35s Train loss is [0.4542] 
2024-10-11 18:52:33.059 | INFO     | trainer_1:_train_one_epoch:201 - validate 13 cost time 8.02s, result: {'hit@1': 0.0131, 'ndcg@1': 0.0131, 'hit@5': 0.0462, 'ndcg@5': 0.0296, 'hit@10': 0.0776, 'ndcg@10': 0.0396, 'hit@15': 0.1039, 'ndcg@15': 0.0466, 'hit@20': 0.1281, 'ndcg@20': 0.0523, 'hit@40': 0.2022, 'ndcg@40': 0.0674} 
2024-10-11 18:52:40.136 | INFO     | trainer_1:_train_one_epoch:209 - test 13 cost time 7.08s, result: {'hit@1': 0.0076, 'ndcg@1': 0.0076, 'hit@5': 0.0297, 'ndcg@5': 0.0185, 'hit@10': 0.0514, 'ndcg@10': 0.0254, 'hit@15': 0.0702, 'ndcg@15': 0.0304, 'hit@20': 0.0874, 'ndcg@20': 0.0345, 'hit@40': 0.1431, 'ndcg@40': 0.0458} 
2024-10-11 18:53:03.624 | INFO     | trainer_1:_train_one_epoch:193 - epoch 14 11.05s Train loss is [0.4478] 
2024-10-11 18:53:11.496 | INFO     | trainer_1:_train_one_epoch:201 - validate 14 cost time 7.87s, result: {'hit@1': 0.0137, 'ndcg@1': 0.0137, 'hit@5': 0.0507, 'ndcg@5': 0.0322, 'hit@10': 0.0804, 'ndcg@10': 0.0417, 'hit@15': 0.109, 'ndcg@15': 0.0493, 'hit@20': 0.1343, 'ndcg@20': 0.0552, 'hit@40': 0.212, 'ndcg@40': 0.0711} 
2024-10-11 18:53:18.903 | INFO     | trainer_1:_train_one_epoch:209 - test 14 cost time 7.41s, result: {'hit@1': 0.0094, 'ndcg@1': 0.0094, 'hit@5': 0.0325, 'ndcg@5': 0.0207, 'hit@10': 0.0534, 'ndcg@10': 0.0274, 'hit@15': 0.074, 'ndcg@15': 0.0328, 'hit@20': 0.0918, 'ndcg@20': 0.037, 'hit@40': 0.1502, 'ndcg@40': 0.0488} 
2024-10-11 18:53:45.617 | INFO     | trainer_1:_train_one_epoch:193 - epoch 15 10.47s Train loss is [0.4246] 
2024-10-11 18:53:53.653 | INFO     | trainer_1:_train_one_epoch:201 - validate 15 cost time 8.04s, result: {'hit@1': 0.0147, 'ndcg@1': 0.0147, 'hit@5': 0.0522, 'ndcg@5': 0.0334, 'hit@10': 0.0866, 'ndcg@10': 0.0444, 'hit@15': 0.116, 'ndcg@15': 0.0522, 'hit@20': 0.1407, 'ndcg@20': 0.058, 'hit@40': 0.2216, 'ndcg@40': 0.0744} 
2024-10-11 18:54:01.613 | INFO     | trainer_1:_train_one_epoch:209 - test 15 cost time 7.96s, result: {'hit@1': 0.0089, 'ndcg@1': 0.0089, 'hit@5': 0.0339, 'ndcg@5': 0.0213, 'hit@10': 0.0584, 'ndcg@10': 0.0291, 'hit@15': 0.0775, 'ndcg@15': 0.0341, 'hit@20': 0.0951, 'ndcg@20': 0.0383, 'hit@40': 0.157, 'ndcg@40': 0.0509} 
2024-10-11 18:54:27.913 | INFO     | trainer_1:_train_one_epoch:193 - epoch 16 11.41s Train loss is [0.4274] 
2024-10-11 18:54:37.506 | INFO     | trainer_1:_train_one_epoch:201 - validate 16 cost time 9.59s, result: {'hit@1': 0.0143, 'ndcg@1': 0.0143, 'hit@5': 0.0506, 'ndcg@5': 0.0324, 'hit@10': 0.0832, 'ndcg@10': 0.0429, 'hit@15': 0.1132, 'ndcg@15': 0.0508, 'hit@20': 0.1382, 'ndcg@20': 0.0567, 'hit@40': 0.2201, 'ndcg@40': 0.0734} 
2024-10-11 18:54:47.311 | INFO     | trainer_1:_train_one_epoch:209 - test 16 cost time 9.80s, result: {'hit@1': 0.0093, 'ndcg@1': 0.0093, 'hit@5': 0.0322, 'ndcg@5': 0.0205, 'hit@10': 0.0549, 'ndcg@10': 0.0278, 'hit@15': 0.0751, 'ndcg@15': 0.0331, 'hit@20': 0.092, 'ndcg@20': 0.0371, 'hit@40': 0.153, 'ndcg@40': 0.0495} 
2024-10-11 18:54:58.067 | INFO     | trainer_1:_train_one_epoch:193 - epoch 17 10.75s Train loss is [0.4191] 
2024-10-11 18:55:05.623 | INFO     | trainer_1:_train_one_epoch:201 - validate 17 cost time 7.55s, result: {'hit@1': 0.015, 'ndcg@1': 0.015, 'hit@5': 0.0544, 'ndcg@5': 0.0347, 'hit@10': 0.0898, 'ndcg@10': 0.046, 'hit@15': 0.1214, 'ndcg@15': 0.0544, 'hit@20': 0.1501, 'ndcg@20': 0.0611, 'hit@40': 0.2339, 'ndcg@40': 0.0782} 
2024-10-11 18:55:13.695 | INFO     | trainer_1:_train_one_epoch:209 - test 17 cost time 8.07s, result: {'hit@1': 0.0102, 'ndcg@1': 0.0102, 'hit@5': 0.0358, 'ndcg@5': 0.0227, 'hit@10': 0.0589, 'ndcg@10': 0.0301, 'hit@15': 0.0813, 'ndcg@15': 0.036, 'hit@20': 0.1015, 'ndcg@20': 0.0408, 'hit@40': 0.1695, 'ndcg@40': 0.0546} 
2024-10-11 18:55:42.756 | INFO     | trainer_1:_train_one_epoch:193 - epoch 18 11.55s Train loss is [0.4101] 
2024-10-11 18:55:51.927 | INFO     | trainer_1:_train_one_epoch:201 - validate 18 cost time 9.17s, result: {'hit@1': 0.0144, 'ndcg@1': 0.0144, 'hit@5': 0.052, 'ndcg@5': 0.0332, 'hit@10': 0.0845, 'ndcg@10': 0.0437, 'hit@15': 0.1143, 'ndcg@15': 0.0515, 'hit@20': 0.1391, 'ndcg@20': 0.0574, 'hit@40': 0.2196, 'ndcg@40': 0.0738} 
2024-10-11 18:56:00.604 | INFO     | trainer_1:_train_one_epoch:209 - test 18 cost time 8.68s, result: {'hit@1': 0.0097, 'ndcg@1': 0.0097, 'hit@5': 0.0339, 'ndcg@5': 0.0217, 'hit@10': 0.0579, 'ndcg@10': 0.0293, 'hit@15': 0.0779, 'ndcg@15': 0.0346, 'hit@20': 0.0961, 'ndcg@20': 0.0389, 'hit@40': 0.1562, 'ndcg@40': 0.0511} 
2024-10-11 18:56:09.620 | INFO     | trainer_1:_train_one_epoch:193 - epoch 19 9.01s Train loss is [0.4083] 
2024-10-11 18:56:15.360 | INFO     | trainer_1:_train_one_epoch:201 - validate 19 cost time 5.74s, result: {'hit@1': 0.0152, 'ndcg@1': 0.0152, 'hit@5': 0.0524, 'ndcg@5': 0.0338, 'hit@10': 0.0879, 'ndcg@10': 0.0451, 'hit@15': 0.1154, 'ndcg@15': 0.0524, 'hit@20': 0.1419, 'ndcg@20': 0.0586, 'hit@40': 0.2262, 'ndcg@40': 0.0758} 
2024-10-11 18:56:21.429 | INFO     | trainer_1:_train_one_epoch:209 - test 19 cost time 6.07s, result: {'hit@1': 0.0088, 'ndcg@1': 0.0088, 'hit@5': 0.0343, 'ndcg@5': 0.0216, 'hit@10': 0.0581, 'ndcg@10': 0.0292, 'hit@15': 0.08, 'ndcg@15': 0.035, 'hit@20': 0.0996, 'ndcg@20': 0.0396, 'hit@40': 0.1616, 'ndcg@40': 0.0522} 
2024-10-11 18:56:32.157 | INFO     | trainer_1:_train_one_epoch:193 - epoch 20 10.73s Train loss is [0.3977] 
2024-10-11 18:56:40.452 | INFO     | trainer_1:_train_one_epoch:201 - validate 20 cost time 8.29s, result: {'hit@1': 0.0144, 'ndcg@1': 0.0144, 'hit@5': 0.0516, 'ndcg@5': 0.033, 'hit@10': 0.0885, 'ndcg@10': 0.0448, 'hit@15': 0.116, 'ndcg@15': 0.0521, 'hit@20': 0.1415, 'ndcg@20': 0.0581, 'hit@40': 0.2242, 'ndcg@40': 0.075} 
2024-10-11 18:56:50.674 | INFO     | trainer_1:_train_one_epoch:209 - test 20 cost time 10.22s, result: {'hit@1': 0.0093, 'ndcg@1': 0.0093, 'hit@5': 0.035, 'ndcg@5': 0.022, 'hit@10': 0.0584, 'ndcg@10': 0.0295, 'hit@15': 0.0804, 'ndcg@15': 0.0353, 'hit@20': 0.1002, 'ndcg@20': 0.04, 'hit@40': 0.1632, 'ndcg@40': 0.0528} 
2024-10-11 18:57:01.915 | INFO     | trainer_1:_train_one_epoch:193 - epoch 21 11.24s Train loss is [0.3916] 
2024-10-11 18:57:10.675 | INFO     | trainer_1:_train_one_epoch:201 - validate 21 cost time 8.76s, result: {'hit@1': 0.015, 'ndcg@1': 0.015, 'hit@5': 0.0546, 'ndcg@5': 0.0347, 'hit@10': 0.0911, 'ndcg@10': 0.0464, 'hit@15': 0.1214, 'ndcg@15': 0.0544, 'hit@20': 0.1456, 'ndcg@20': 0.0601, 'hit@40': 0.2337, 'ndcg@40': 0.078} 
2024-10-11 18:57:16.789 | INFO     | trainer_1:_train_one_epoch:209 - test 21 cost time 6.11s, result: {'hit@1': 0.0093, 'ndcg@1': 0.0093, 'hit@5': 0.036, 'ndcg@5': 0.0227, 'hit@10': 0.06, 'ndcg@10': 0.0304, 'hit@15': 0.0802, 'ndcg@15': 0.0357, 'hit@20': 0.0991, 'ndcg@20': 0.0402, 'hit@40': 0.1619, 'ndcg@40': 0.053} 
2024-10-11 18:57:44.075 | INFO     | trainer_1:_train_one_epoch:193 - epoch 22 11.73s Train loss is [0.3835] 
2024-10-11 18:57:53.254 | INFO     | trainer_1:_train_one_epoch:201 - validate 22 cost time 9.18s, result: {'hit@1': 0.0152, 'ndcg@1': 0.0152, 'hit@5': 0.0543, 'ndcg@5': 0.0349, 'hit@10': 0.0909, 'ndcg@10': 0.0466, 'hit@15': 0.1209, 'ndcg@15': 0.0545, 'hit@20': 0.1487, 'ndcg@20': 0.0611, 'hit@40': 0.2348, 'ndcg@40': 0.0786} 
2024-10-11 18:58:02.366 | INFO     | trainer_1:_train_one_epoch:209 - test 22 cost time 9.11s, result: {'hit@1': 0.0094, 'ndcg@1': 0.0094, 'hit@5': 0.0364, 'ndcg@5': 0.0227, 'hit@10': 0.0606, 'ndcg@10': 0.0305, 'hit@15': 0.0839, 'ndcg@15': 0.0366, 'hit@20': 0.1027, 'ndcg@20': 0.0411, 'hit@40': 0.167, 'ndcg@40': 0.0542} 
2024-10-11 18:58:26.294 | INFO     | trainer_1:_train_one_epoch:193 - epoch 23 10.63s Train loss is [0.3866] 
2024-10-11 18:58:34.604 | INFO     | trainer_1:_train_one_epoch:201 - validate 23 cost time 8.31s, result: {'hit@1': 0.0153, 'ndcg@1': 0.0153, 'hit@5': 0.054, 'ndcg@5': 0.0347, 'hit@10': 0.0902, 'ndcg@10': 0.0463, 'hit@15': 0.1223, 'ndcg@15': 0.0547, 'hit@20': 0.1487, 'ndcg@20': 0.061, 'hit@40': 0.2352, 'ndcg@40': 0.0786} 
2024-10-11 18:58:42.564 | INFO     | trainer_1:_train_one_epoch:209 - test 23 cost time 7.96s, result: {'hit@1': 0.0095, 'ndcg@1': 0.0095, 'hit@5': 0.0355, 'ndcg@5': 0.0225, 'hit@10': 0.0606, 'ndcg@10': 0.0305, 'hit@15': 0.0822, 'ndcg@15': 0.0362, 'hit@20': 0.1008, 'ndcg@20': 0.0406, 'hit@40': 0.1646, 'ndcg@40': 0.0535} 
2024-10-11 18:58:54.100 | INFO     | trainer_1:_train_one_epoch:193 - epoch 24 11.54s Train loss is [0.3916] 
2024-10-11 18:59:03.374 | INFO     | trainer_1:_train_one_epoch:201 - validate 24 cost time 9.27s, result: {'hit@1': 0.0147, 'ndcg@1': 0.0147, 'hit@5': 0.0538, 'ndcg@5': 0.0344, 'hit@10': 0.089, 'ndcg@10': 0.0456, 'hit@15': 0.12, 'ndcg@15': 0.0538, 'hit@20': 0.1468, 'ndcg@20': 0.0601, 'hit@40': 0.231, 'ndcg@40': 0.0773} 
2024-10-11 18:59:11.792 | INFO     | trainer_1:_train_one_epoch:209 - test 24 cost time 8.42s, result: {'hit@1': 0.0092, 'ndcg@1': 0.0092, 'hit@5': 0.0368, 'ndcg@5': 0.023, 'hit@10': 0.0615, 'ndcg@10': 0.031, 'hit@15': 0.0833, 'ndcg@15': 0.0367, 'hit@20': 0.1012, 'ndcg@20': 0.041, 'hit@40': 0.1635, 'ndcg@40': 0.0537} 
2024-10-11 18:59:39.792 | INFO     | trainer_1:_train_one_epoch:193 - epoch 25 11.75s Train loss is [0.3822] 
2024-10-11 18:59:48.258 | INFO     | trainer_1:_train_one_epoch:201 - validate 25 cost time 8.47s, result: {'hit@1': 0.0161, 'ndcg@1': 0.0161, 'hit@5': 0.0575, 'ndcg@5': 0.0369, 'hit@10': 0.0942, 'ndcg@10': 0.0486, 'hit@15': 0.1264, 'ndcg@15': 0.0572, 'hit@20': 0.1509, 'ndcg@20': 0.063, 'hit@40': 0.2361, 'ndcg@40': 0.0803} 
2024-10-11 18:59:56.284 | INFO     | trainer_1:_train_one_epoch:209 - test 25 cost time 8.02s, result: {'hit@1': 0.0105, 'ndcg@1': 0.0105, 'hit@5': 0.0391, 'ndcg@5': 0.0249, 'hit@10': 0.0644, 'ndcg@10': 0.0329, 'hit@15': 0.0853, 'ndcg@15': 0.0385, 'hit@20': 0.1048, 'ndcg@20': 0.043, 'hit@40': 0.1672, 'ndcg@40': 0.0557} 
2024-10-11 19:00:21.023 | INFO     | trainer_1:_train_one_epoch:193 - epoch 26 11.72s Train loss is [0.3745] 
2024-10-11 19:00:28.644 | INFO     | trainer_1:_train_one_epoch:201 - validate 26 cost time 7.62s, result: {'hit@1': 0.0147, 'ndcg@1': 0.0147, 'hit@5': 0.0549, 'ndcg@5': 0.0349, 'hit@10': 0.0914, 'ndcg@10': 0.0466, 'hit@15': 0.1232, 'ndcg@15': 0.0551, 'hit@20': 0.1499, 'ndcg@20': 0.0614, 'hit@40': 0.2376, 'ndcg@40': 0.0792} 
2024-10-11 19:00:36.003 | INFO     | trainer_1:_train_one_epoch:209 - test 26 cost time 7.36s, result: {'hit@1': 0.009, 'ndcg@1': 0.009, 'hit@5': 0.037, 'ndcg@5': 0.0229, 'hit@10': 0.0617, 'ndcg@10': 0.0308, 'hit@15': 0.0836, 'ndcg@15': 0.0366, 'hit@20': 0.1026, 'ndcg@20': 0.0411, 'hit@40': 0.1681, 'ndcg@40': 0.0544} 
2024-10-11 19:00:44.443 | INFO     | trainer_1:_train_one_epoch:193 - epoch 27 8.44s Train loss is [0.3750] 
2024-10-11 19:00:53.141 | INFO     | trainer_1:_train_one_epoch:201 - validate 27 cost time 8.70s, result: {'hit@1': 0.0151, 'ndcg@1': 0.0151, 'hit@5': 0.0537, 'ndcg@5': 0.0346, 'hit@10': 0.0898, 'ndcg@10': 0.0461, 'hit@15': 0.1196, 'ndcg@15': 0.054, 'hit@20': 0.1458, 'ndcg@20': 0.0602, 'hit@40': 0.2288, 'ndcg@40': 0.0771} 
2024-10-11 19:01:00.501 | INFO     | trainer_1:_train_one_epoch:209 - test 27 cost time 7.36s, result: {'hit@1': 0.0102, 'ndcg@1': 0.0102, 'hit@5': 0.0366, 'ndcg@5': 0.0234, 'hit@10': 0.0606, 'ndcg@10': 0.031, 'hit@15': 0.0831, 'ndcg@15': 0.037, 'hit@20': 0.102, 'ndcg@20': 0.0415, 'hit@40': 0.1658, 'ndcg@40': 0.0545} 
2024-10-11 19:01:12.005 | INFO     | trainer_1:_train_one_epoch:193 - epoch 28 11.50s Train loss is [0.3772] 
2024-10-11 19:01:20.865 | INFO     | trainer_1:_train_one_epoch:201 - validate 28 cost time 8.86s, result: {'hit@1': 0.0151, 'ndcg@1': 0.0151, 'hit@5': 0.0546, 'ndcg@5': 0.0347, 'hit@10': 0.0899, 'ndcg@10': 0.046, 'hit@15': 0.1203, 'ndcg@15': 0.054, 'hit@20': 0.1469, 'ndcg@20': 0.0603, 'hit@40': 0.2312, 'ndcg@40': 0.0775} 
2024-10-11 19:01:29.633 | INFO     | trainer_1:_train_one_epoch:209 - test 28 cost time 8.77s, result: {'hit@1': 0.0098, 'ndcg@1': 0.0098, 'hit@5': 0.0359, 'ndcg@5': 0.0228, 'hit@10': 0.0611, 'ndcg@10': 0.0308, 'hit@15': 0.0812, 'ndcg@15': 0.0361, 'hit@20': 0.1004, 'ndcg@20': 0.0407, 'hit@40': 0.1644, 'ndcg@40': 0.0537} 
2024-10-11 19:01:39.262 | INFO     | trainer_1:_train_one_epoch:193 - epoch 29 9.63s Train loss is [0.3768] 
2024-10-11 19:01:46.692 | INFO     | trainer_1:_train_one_epoch:201 - validate 29 cost time 7.43s, result: {'hit@1': 0.0149, 'ndcg@1': 0.0149, 'hit@5': 0.0543, 'ndcg@5': 0.0344, 'hit@10': 0.0876, 'ndcg@10': 0.0451, 'hit@15': 0.118, 'ndcg@15': 0.0531, 'hit@20': 0.143, 'ndcg@20': 0.059, 'hit@40': 0.2248, 'ndcg@40': 0.0757} 
2024-10-11 19:01:55.428 | INFO     | trainer_1:_train_one_epoch:209 - test 29 cost time 8.74s, result: {'hit@1': 0.0093, 'ndcg@1': 0.0093, 'hit@5': 0.0372, 'ndcg@5': 0.0232, 'hit@10': 0.0598, 'ndcg@10': 0.0305, 'hit@15': 0.0798, 'ndcg@15': 0.0357, 'hit@20': 0.0988, 'ndcg@20': 0.0402, 'hit@40': 0.1631, 'ndcg@40': 0.0533} 
2024-10-11 19:02:05.585 | INFO     | trainer_1:_train_one_epoch:193 - epoch 30 10.16s Train loss is [0.3758] 
2024-10-11 19:02:15.674 | INFO     | trainer_1:_train_one_epoch:201 - validate 30 cost time 10.09s, result: {'hit@1': 0.0161, 'ndcg@1': 0.0161, 'hit@5': 0.0559, 'ndcg@5': 0.0359, 'hit@10': 0.0911, 'ndcg@10': 0.0472, 'hit@15': 0.1201, 'ndcg@15': 0.0549, 'hit@20': 0.1474, 'ndcg@20': 0.0614, 'hit@40': 0.2335, 'ndcg@40': 0.0789} 
2024-10-11 19:02:24.509 | INFO     | trainer_1:_train_one_epoch:209 - test 30 cost time 8.83s, result: {'hit@1': 0.0103, 'ndcg@1': 0.0103, 'hit@5': 0.037, 'ndcg@5': 0.0237, 'hit@10': 0.06, 'ndcg@10': 0.0311, 'hit@15': 0.0809, 'ndcg@15': 0.0366, 'hit@20': 0.1005, 'ndcg@20': 0.0412, 'hit@40': 0.1636, 'ndcg@40': 0.0541} 
2024-10-11 19:02:24.520 | INFO     | trainer_1:train_model:163 - training end, best iteration 25, results: {'hit@1': 0.0161, 'ndcg@1': 0.0161, 'hit@5': 0.0575, 'ndcg@5': 0.0369, 'hit@10': 0.0942, 'ndcg@10': 0.0486, 'hit@15': 0.1264, 'ndcg@15': 0.0572, 'hit@20': 0.1509, 'ndcg@20': 0.063, 'hit@40': 0.2361, 'ndcg@40': 0.0803}
2024-10-11 19:02:24.520 | INFO     | trainer_1:train_model:166 - final test result is:  {'hit@1': 0.0105, 'ndcg@1': 0.0105, 'hit@5': 0.0391, 'ndcg@5': 0.0249, 'hit@10': 0.0644, 'ndcg@10': 0.0329, 'hit@15': 0.0853, 'ndcg@15': 0.0385, 'hit@20': 0.1048, 'ndcg@20': 0.043, 'hit@40': 0.1672, 'ndcg@40': 0.0557}
2024-10-11 19:02:24.857 | INFO     | __main__:<module>:119 - train end total cost time: 2238.6361231803894
