2024-10-11 13:37:32.096 | INFO     | __main__:<module>:105 - Namespace(TIME='2024-10-11 13_36_59', batch_size=1024, behaviors=['view', 'cart', 'buy'], check_point='model_pre_1_2024-10-08 12_42_42.pth', data_name='beibei', data_path='./data/beibei', decay=0.001, device='cuda:1', dim_qk=32, dim_v=64, distill_layers=2, distill_thres=0.5, distill_topK=10, distill_userK=10, embedding_size=64, epochs=100, gpu_no=1, if_load_model=True, ii_lambda=200, initializer_range=0.02, layers=2, loss_type='bpr', lr=0.001, message_dropout=0.25, metrics=['hit', 'ndcg'], min_epoch=5, model_name='main_1', model_path='./check_point', node_dropout=0.75, omega=1, pt_loop=50, reg_weight=0.001, test_batch_size=1024, testbatch=1024, topk=[1, 5, 10, 15, 20, 40], uu_lambda=100)
2024-10-11 13:37:32.097 | INFO     | __main__:<module>:106 - BIPN(
  (message_dropout): Dropout(p=0.25, inplace=False)
  (user_embedding): Embedding(21717, 64, padding_idx=0)
  (item_embedding): Embedding(7978, 64, padding_idx=0)
  (global_Graph): LightGCN()
  (Graph_encoder): ModuleDict(
    (view): GraphEncoder(
      (light): LightGCN()
      (dropout): Dropout(p=0.75, inplace=False)
    )
    (cart): GraphEncoder(
      (light): LightGCN()
      (dropout): Dropout(p=0.75, inplace=False)
    )
    (buy): GraphEncoder(
      (light): LightGCN()
      (dropout): Dropout(p=0.75, inplace=False)
    )
  )
  (attention): Mutual_Attention()
  (bpr_loss): BPRLoss()
  (emb_loss): EmbLoss()
  (f): Sigmoid()
)
2024-10-11 14:17:58.375 | INFO     | trainer_1:_train_one_epoch:193 - epoch 1 7.93s Train loss is [0.9843] 
2024-10-11 14:18:08.278 | INFO     | trainer_1:_train_one_epoch:201 - validate 1 cost time 9.90s, result: {'hit@1': 0.0057, 'ndcg@1': 0.0057, 'hit@5': 0.0231, 'ndcg@5': 0.0142, 'hit@10': 0.0411, 'ndcg@10': 0.02, 'hit@15': 0.0578, 'ndcg@15': 0.0244, 'hit@20': 0.0738, 'ndcg@20': 0.0282, 'hit@40': 0.1297, 'ndcg@40': 0.0395} 
2024-10-11 14:18:18.019 | INFO     | trainer_1:_train_one_epoch:209 - test 1 cost time 9.74s, result: {'hit@1': 0.0033, 'ndcg@1': 0.0033, 'hit@5': 0.0168, 'ndcg@5': 0.0099, 'hit@10': 0.0303, 'ndcg@10': 0.0142, 'hit@15': 0.0425, 'ndcg@15': 0.0174, 'hit@20': 0.0558, 'ndcg@20': 0.0205, 'hit@40': 0.0995, 'ndcg@40': 0.0294} 
2024-10-11 14:18:36.274 | INFO     | trainer_1:_train_one_epoch:193 - epoch 2 7.81s Train loss is [0.7644] 
2024-10-11 14:18:46.172 | INFO     | trainer_1:_train_one_epoch:201 - validate 2 cost time 9.90s, result: {'hit@1': 0.0083, 'ndcg@1': 0.0083, 'hit@5': 0.0325, 'ndcg@5': 0.0203, 'hit@10': 0.0567, 'ndcg@10': 0.028, 'hit@15': 0.0773, 'ndcg@15': 0.0334, 'hit@20': 0.0953, 'ndcg@20': 0.0377, 'hit@40': 0.1564, 'ndcg@40': 0.0501} 
2024-10-11 14:18:55.924 | INFO     | trainer_1:_train_one_epoch:209 - test 2 cost time 9.75s, result: {'hit@1': 0.0043, 'ndcg@1': 0.0043, 'hit@5': 0.0193, 'ndcg@5': 0.0117, 'hit@10': 0.0363, 'ndcg@10': 0.0172, 'hit@15': 0.0519, 'ndcg@15': 0.0213, 'hit@20': 0.0655, 'ndcg@20': 0.0245, 'hit@40': 0.1122, 'ndcg@40': 0.034} 
2024-10-11 14:19:14.236 | INFO     | trainer_1:_train_one_epoch:193 - epoch 3 8.06s Train loss is [0.6614] 
2024-10-11 14:19:24.124 | INFO     | trainer_1:_train_one_epoch:201 - validate 3 cost time 9.89s, result: {'hit@1': 0.0076, 'ndcg@1': 0.0076, 'hit@5': 0.0326, 'ndcg@5': 0.02, 'hit@10': 0.0582, 'ndcg@10': 0.0281, 'hit@15': 0.0807, 'ndcg@15': 0.0341, 'hit@20': 0.1006, 'ndcg@20': 0.0388, 'hit@40': 0.1643, 'ndcg@40': 0.0518} 
2024-10-11 14:19:33.833 | INFO     | trainer_1:_train_one_epoch:209 - test 3 cost time 9.71s, result: {'hit@1': 0.005, 'ndcg@1': 0.005, 'hit@5': 0.0218, 'ndcg@5': 0.0134, 'hit@10': 0.0396, 'ndcg@10': 0.0191, 'hit@15': 0.0558, 'ndcg@15': 0.0234, 'hit@20': 0.071, 'ndcg@20': 0.0269, 'hit@40': 0.1247, 'ndcg@40': 0.0379} 
2024-10-11 14:19:52.094 | INFO     | trainer_1:_train_one_epoch:193 - epoch 4 7.99s Train loss is [0.5881] 
2024-10-11 14:20:01.972 | INFO     | trainer_1:_train_one_epoch:201 - validate 4 cost time 9.88s, result: {'hit@1': 0.0093, 'ndcg@1': 0.0093, 'hit@5': 0.0363, 'ndcg@5': 0.0225, 'hit@10': 0.062, 'ndcg@10': 0.0308, 'hit@15': 0.0893, 'ndcg@15': 0.038, 'hit@20': 0.1111, 'ndcg@20': 0.0431, 'hit@40': 0.1828, 'ndcg@40': 0.0577} 
2024-10-11 14:20:11.696 | INFO     | trainer_1:_train_one_epoch:209 - test 4 cost time 9.72s, result: {'hit@1': 0.0061, 'ndcg@1': 0.0061, 'hit@5': 0.024, 'ndcg@5': 0.0149, 'hit@10': 0.0423, 'ndcg@10': 0.0207, 'hit@15': 0.0599, 'ndcg@15': 0.0254, 'hit@20': 0.078, 'ndcg@20': 0.0296, 'hit@40': 0.134, 'ndcg@40': 0.0411} 
2024-10-11 14:20:29.929 | INFO     | trainer_1:_train_one_epoch:193 - epoch 5 7.98s Train loss is [0.5652] 
2024-10-11 14:20:39.790 | INFO     | trainer_1:_train_one_epoch:201 - validate 5 cost time 9.86s, result: {'hit@1': 0.0099, 'ndcg@1': 0.0099, 'hit@5': 0.0339, 'ndcg@5': 0.0218, 'hit@10': 0.0601, 'ndcg@10': 0.0303, 'hit@15': 0.0844, 'ndcg@15': 0.0367, 'hit@20': 0.1056, 'ndcg@20': 0.0417, 'hit@40': 0.1788, 'ndcg@40': 0.0566} 
2024-10-11 14:20:49.487 | INFO     | trainer_1:_train_one_epoch:209 - test 5 cost time 9.70s, result: {'hit@1': 0.0059, 'ndcg@1': 0.0059, 'hit@5': 0.0223, 'ndcg@5': 0.0139, 'hit@10': 0.0396, 'ndcg@10': 0.0194, 'hit@15': 0.055, 'ndcg@15': 0.0235, 'hit@20': 0.0695, 'ndcg@20': 0.0269, 'hit@40': 0.1239, 'ndcg@40': 0.0379} 
2024-10-11 14:20:57.587 | INFO     | trainer_1:_train_one_epoch:193 - epoch 6 8.10s Train loss is [0.5476] 
2024-10-11 14:21:07.426 | INFO     | trainer_1:_train_one_epoch:201 - validate 6 cost time 9.84s, result: {'hit@1': 0.0095, 'ndcg@1': 0.0095, 'hit@5': 0.0372, 'ndcg@5': 0.0234, 'hit@10': 0.0639, 'ndcg@10': 0.032, 'hit@15': 0.0873, 'ndcg@15': 0.0382, 'hit@20': 0.1099, 'ndcg@20': 0.0435, 'hit@40': 0.1805, 'ndcg@40': 0.0579} 
2024-10-11 14:21:17.107 | INFO     | trainer_1:_train_one_epoch:209 - test 6 cost time 9.68s, result: {'hit@1': 0.0056, 'ndcg@1': 0.0056, 'hit@5': 0.0233, 'ndcg@5': 0.0144, 'hit@10': 0.0416, 'ndcg@10': 0.0203, 'hit@15': 0.0576, 'ndcg@15': 0.0245, 'hit@20': 0.0733, 'ndcg@20': 0.0282, 'hit@40': 0.1262, 'ndcg@40': 0.0389} 
2024-10-11 14:21:25.038 | INFO     | trainer_1:_train_one_epoch:193 - epoch 7 7.93s Train loss is [0.5218] 
2024-10-11 14:21:34.889 | INFO     | trainer_1:_train_one_epoch:201 - validate 7 cost time 9.85s, result: {'hit@1': 0.0105, 'ndcg@1': 0.0105, 'hit@5': 0.0396, 'ndcg@5': 0.0249, 'hit@10': 0.0694, 'ndcg@10': 0.0345, 'hit@15': 0.0967, 'ndcg@15': 0.0417, 'hit@20': 0.1184, 'ndcg@20': 0.0468, 'hit@40': 0.1919, 'ndcg@40': 0.0618} 
2024-10-11 14:21:44.555 | INFO     | trainer_1:_train_one_epoch:209 - test 7 cost time 9.67s, result: {'hit@1': 0.0061, 'ndcg@1': 0.0061, 'hit@5': 0.0236, 'ndcg@5': 0.0147, 'hit@10': 0.0446, 'ndcg@10': 0.0214, 'hit@15': 0.0633, 'ndcg@15': 0.0263, 'hit@20': 0.0798, 'ndcg@20': 0.0302, 'hit@40': 0.1376, 'ndcg@40': 0.042} 
2024-10-11 14:22:02.722 | INFO     | trainer_1:_train_one_epoch:193 - epoch 8 7.87s Train loss is [0.5051] 
2024-10-11 14:22:12.556 | INFO     | trainer_1:_train_one_epoch:201 - validate 8 cost time 9.83s, result: {'hit@1': 0.0099, 'ndcg@1': 0.0099, 'hit@5': 0.0394, 'ndcg@5': 0.0243, 'hit@10': 0.0673, 'ndcg@10': 0.0333, 'hit@15': 0.0916, 'ndcg@15': 0.0397, 'hit@20': 0.1148, 'ndcg@20': 0.0452, 'hit@40': 0.1928, 'ndcg@40': 0.061} 
2024-10-11 14:22:22.228 | INFO     | trainer_1:_train_one_epoch:209 - test 8 cost time 9.67s, result: {'hit@1': 0.0064, 'ndcg@1': 0.0064, 'hit@5': 0.0258, 'ndcg@5': 0.016, 'hit@10': 0.0458, 'ndcg@10': 0.0224, 'hit@15': 0.063, 'ndcg@15': 0.0269, 'hit@20': 0.0797, 'ndcg@20': 0.0309, 'hit@40': 0.1411, 'ndcg@40': 0.0433} 
2024-10-11 14:22:40.487 | INFO     | trainer_1:_train_one_epoch:193 - epoch 9 7.88s Train loss is [0.4977] 
2024-10-11 14:22:50.315 | INFO     | trainer_1:_train_one_epoch:201 - validate 9 cost time 9.83s, result: {'hit@1': 0.0112, 'ndcg@1': 0.0112, 'hit@5': 0.0437, 'ndcg@5': 0.0274, 'hit@10': 0.0742, 'ndcg@10': 0.0371, 'hit@15': 0.102, 'ndcg@15': 0.0444, 'hit@20': 0.1251, 'ndcg@20': 0.0499, 'hit@40': 0.2047, 'ndcg@40': 0.0661} 
2024-10-11 14:22:59.981 | INFO     | trainer_1:_train_one_epoch:209 - test 9 cost time 9.67s, result: {'hit@1': 0.0078, 'ndcg@1': 0.0078, 'hit@5': 0.0268, 'ndcg@5': 0.0172, 'hit@10': 0.0478, 'ndcg@10': 0.0239, 'hit@15': 0.0666, 'ndcg@15': 0.0289, 'hit@20': 0.0844, 'ndcg@20': 0.0331, 'hit@40': 0.1456, 'ndcg@40': 0.0455} 
2024-10-11 14:23:18.292 | INFO     | trainer_1:_train_one_epoch:193 - epoch 10 8.20s Train loss is [0.4823] 
2024-10-11 14:23:28.152 | INFO     | trainer_1:_train_one_epoch:201 - validate 10 cost time 9.86s, result: {'hit@1': 0.0108, 'ndcg@1': 0.0108, 'hit@5': 0.0446, 'ndcg@5': 0.0275, 'hit@10': 0.074, 'ndcg@10': 0.0369, 'hit@15': 0.1002, 'ndcg@15': 0.0438, 'hit@20': 0.1241, 'ndcg@20': 0.0495, 'hit@40': 0.2012, 'ndcg@40': 0.0652} 
2024-10-11 14:23:37.832 | INFO     | trainer_1:_train_one_epoch:209 - test 10 cost time 9.68s, result: {'hit@1': 0.0076, 'ndcg@1': 0.0076, 'hit@5': 0.0292, 'ndcg@5': 0.0182, 'hit@10': 0.0509, 'ndcg@10': 0.0252, 'hit@15': 0.0686, 'ndcg@15': 0.0299, 'hit@20': 0.087, 'ndcg@20': 0.0342, 'hit@40': 0.1467, 'ndcg@40': 0.0463} 
2024-10-11 14:23:56.661 | INFO     | trainer_1:_train_one_epoch:193 - epoch 11 7.88s Train loss is [0.4717] 
2024-10-11 14:24:06.490 | INFO     | trainer_1:_train_one_epoch:201 - validate 11 cost time 9.83s, result: {'hit@1': 0.0118, 'ndcg@1': 0.0118, 'hit@5': 0.0436, 'ndcg@5': 0.0275, 'hit@10': 0.0737, 'ndcg@10': 0.0371, 'hit@15': 0.1003, 'ndcg@15': 0.0442, 'hit@20': 0.1246, 'ndcg@20': 0.0499, 'hit@40': 0.2016, 'ndcg@40': 0.0656} 
2024-10-11 14:24:16.161 | INFO     | trainer_1:_train_one_epoch:209 - test 11 cost time 9.67s, result: {'hit@1': 0.0074, 'ndcg@1': 0.0074, 'hit@5': 0.0283, 'ndcg@5': 0.0179, 'hit@10': 0.0494, 'ndcg@10': 0.0247, 'hit@15': 0.0682, 'ndcg@15': 0.0296, 'hit@20': 0.0854, 'ndcg@20': 0.0337, 'hit@40': 0.1454, 'ndcg@40': 0.0459} 
2024-10-11 14:24:24.011 | INFO     | trainer_1:_train_one_epoch:193 - epoch 12 7.85s Train loss is [0.4521] 
2024-10-11 14:24:33.839 | INFO     | trainer_1:_train_one_epoch:201 - validate 12 cost time 9.83s, result: {'hit@1': 0.0121, 'ndcg@1': 0.0121, 'hit@5': 0.042, 'ndcg@5': 0.0268, 'hit@10': 0.0705, 'ndcg@10': 0.0359, 'hit@15': 0.0972, 'ndcg@15': 0.0429, 'hit@20': 0.1208, 'ndcg@20': 0.0485, 'hit@40': 0.1987, 'ndcg@40': 0.0644} 
2024-10-11 14:24:43.508 | INFO     | trainer_1:_train_one_epoch:209 - test 12 cost time 9.67s, result: {'hit@1': 0.0066, 'ndcg@1': 0.0066, 'hit@5': 0.0262, 'ndcg@5': 0.0164, 'hit@10': 0.0468, 'ndcg@10': 0.0229, 'hit@15': 0.0651, 'ndcg@15': 0.0278, 'hit@20': 0.0812, 'ndcg@20': 0.0316, 'hit@40': 0.1405, 'ndcg@40': 0.0436} 
2024-10-11 14:24:51.535 | INFO     | trainer_1:_train_one_epoch:193 - epoch 13 8.03s Train loss is [0.4556] 
2024-10-11 14:25:01.358 | INFO     | trainer_1:_train_one_epoch:201 - validate 13 cost time 9.82s, result: {'hit@1': 0.0132, 'ndcg@1': 0.0132, 'hit@5': 0.0464, 'ndcg@5': 0.0295, 'hit@10': 0.077, 'ndcg@10': 0.0394, 'hit@15': 0.1043, 'ndcg@15': 0.0466, 'hit@20': 0.1265, 'ndcg@20': 0.0518, 'hit@40': 0.2023, 'ndcg@40': 0.0673} 
2024-10-11 14:25:11.019 | INFO     | trainer_1:_train_one_epoch:209 - test 13 cost time 9.66s, result: {'hit@1': 0.0074, 'ndcg@1': 0.0074, 'hit@5': 0.0293, 'ndcg@5': 0.0183, 'hit@10': 0.0513, 'ndcg@10': 0.0253, 'hit@15': 0.0706, 'ndcg@15': 0.0304, 'hit@20': 0.0863, 'ndcg@20': 0.0341, 'hit@40': 0.1428, 'ndcg@40': 0.0456} 
2024-10-11 14:25:29.555 | INFO     | trainer_1:_train_one_epoch:193 - epoch 14 8.01s Train loss is [0.4480] 
2024-10-11 14:25:39.402 | INFO     | trainer_1:_train_one_epoch:201 - validate 14 cost time 9.85s, result: {'hit@1': 0.0135, 'ndcg@1': 0.0135, 'hit@5': 0.05, 'ndcg@5': 0.0317, 'hit@10': 0.082, 'ndcg@10': 0.042, 'hit@15': 0.1091, 'ndcg@15': 0.0492, 'hit@20': 0.1351, 'ndcg@20': 0.0553, 'hit@40': 0.2115, 'ndcg@40': 0.0708} 
2024-10-11 14:25:49.064 | INFO     | trainer_1:_train_one_epoch:209 - test 14 cost time 9.66s, result: {'hit@1': 0.0089, 'ndcg@1': 0.0089, 'hit@5': 0.032, 'ndcg@5': 0.0202, 'hit@10': 0.0544, 'ndcg@10': 0.0275, 'hit@15': 0.0739, 'ndcg@15': 0.0326, 'hit@20': 0.0911, 'ndcg@20': 0.0366, 'hit@40': 0.1505, 'ndcg@40': 0.0487} 
2024-10-11 14:26:07.316 | INFO     | trainer_1:_train_one_epoch:193 - epoch 15 7.86s Train loss is [0.4260] 
2024-10-11 14:26:17.142 | INFO     | trainer_1:_train_one_epoch:201 - validate 15 cost time 9.83s, result: {'hit@1': 0.0145, 'ndcg@1': 0.0145, 'hit@5': 0.0514, 'ndcg@5': 0.033, 'hit@10': 0.0853, 'ndcg@10': 0.0439, 'hit@15': 0.1149, 'ndcg@15': 0.0517, 'hit@20': 0.1402, 'ndcg@20': 0.0577, 'hit@40': 0.222, 'ndcg@40': 0.0743} 
2024-10-11 14:26:26.819 | INFO     | trainer_1:_train_one_epoch:209 - test 15 cost time 9.68s, result: {'hit@1': 0.0087, 'ndcg@1': 0.0087, 'hit@5': 0.0339, 'ndcg@5': 0.0212, 'hit@10': 0.0576, 'ndcg@10': 0.0288, 'hit@15': 0.0783, 'ndcg@15': 0.0343, 'hit@20': 0.0956, 'ndcg@20': 0.0383, 'hit@40': 0.1558, 'ndcg@40': 0.0506} 
2024-10-11 14:26:45.088 | INFO     | trainer_1:_train_one_epoch:193 - epoch 16 7.91s Train loss is [0.4277] 
2024-10-11 14:26:54.899 | INFO     | trainer_1:_train_one_epoch:201 - validate 16 cost time 9.81s, result: {'hit@1': 0.0136, 'ndcg@1': 0.0136, 'hit@5': 0.0501, 'ndcg@5': 0.0319, 'hit@10': 0.0834, 'ndcg@10': 0.0426, 'hit@15': 0.1121, 'ndcg@15': 0.0502, 'hit@20': 0.1394, 'ndcg@20': 0.0566, 'hit@40': 0.2204, 'ndcg@40': 0.0731} 
2024-10-11 14:27:04.555 | INFO     | trainer_1:_train_one_epoch:209 - test 16 cost time 9.66s, result: {'hit@1': 0.0094, 'ndcg@1': 0.0094, 'hit@5': 0.031, 'ndcg@5': 0.0201, 'hit@10': 0.0553, 'ndcg@10': 0.0279, 'hit@15': 0.0751, 'ndcg@15': 0.0331, 'hit@20': 0.0923, 'ndcg@20': 0.0372, 'hit@40': 0.1535, 'ndcg@40': 0.0496} 
2024-10-11 14:27:12.297 | INFO     | trainer_1:_train_one_epoch:193 - epoch 17 7.74s Train loss is [0.4184] 
2024-10-11 14:27:17.935 | INFO     | trainer_1:_train_one_epoch:201 - validate 17 cost time 5.64s, result: {'hit@1': 0.0152, 'ndcg@1': 0.0152, 'hit@5': 0.0548, 'ndcg@5': 0.035, 'hit@10': 0.0905, 'ndcg@10': 0.0464, 'hit@15': 0.1212, 'ndcg@15': 0.0545, 'hit@20': 0.1499, 'ndcg@20': 0.0613, 'hit@40': 0.2343, 'ndcg@40': 0.0785} 
2024-10-11 14:27:25.507 | INFO     | trainer_1:_train_one_epoch:209 - test 17 cost time 7.57s, result: {'hit@1': 0.0106, 'ndcg@1': 0.0106, 'hit@5': 0.0351, 'ndcg@5': 0.0228, 'hit@10': 0.0594, 'ndcg@10': 0.0306, 'hit@15': 0.0827, 'ndcg@15': 0.0367, 'hit@20': 0.1017, 'ndcg@20': 0.0412, 'hit@40': 0.1703, 'ndcg@40': 0.0552} 
2024-10-11 14:27:43.803 | INFO     | trainer_1:_train_one_epoch:193 - epoch 18 7.88s Train loss is [0.4098] 
2024-10-11 14:27:51.492 | INFO     | trainer_1:_train_one_epoch:201 - validate 18 cost time 7.69s, result: {'hit@1': 0.0147, 'ndcg@1': 0.0147, 'hit@5': 0.0521, 'ndcg@5': 0.0334, 'hit@10': 0.085, 'ndcg@10': 0.044, 'hit@15': 0.1154, 'ndcg@15': 0.052, 'hit@20': 0.1409, 'ndcg@20': 0.0581, 'hit@40': 0.2198, 'ndcg@40': 0.0741} 
2024-10-11 14:27:57.328 | INFO     | trainer_1:_train_one_epoch:209 - test 18 cost time 5.84s, result: {'hit@1': 0.0095, 'ndcg@1': 0.0095, 'hit@5': 0.0345, 'ndcg@5': 0.022, 'hit@10': 0.0584, 'ndcg@10': 0.0297, 'hit@15': 0.0793, 'ndcg@15': 0.0352, 'hit@20': 0.0953, 'ndcg@20': 0.0389, 'hit@40': 0.1572, 'ndcg@40': 0.0515} 
2024-10-11 14:28:05.696 | INFO     | trainer_1:_train_one_epoch:193 - epoch 19 8.37s Train loss is [0.4085] 
2024-10-11 14:28:13.507 | INFO     | trainer_1:_train_one_epoch:201 - validate 19 cost time 7.81s, result: {'hit@1': 0.0146, 'ndcg@1': 0.0146, 'hit@5': 0.052, 'ndcg@5': 0.0333, 'hit@10': 0.0867, 'ndcg@10': 0.0444, 'hit@15': 0.1151, 'ndcg@15': 0.0519, 'hit@20': 0.1417, 'ndcg@20': 0.0582, 'hit@40': 0.2252, 'ndcg@40': 0.0752} 
2024-10-11 14:28:21.155 | INFO     | trainer_1:_train_one_epoch:209 - test 19 cost time 7.65s, result: {'hit@1': 0.0093, 'ndcg@1': 0.0093, 'hit@5': 0.0345, 'ndcg@5': 0.0219, 'hit@10': 0.0592, 'ndcg@10': 0.0298, 'hit@15': 0.0799, 'ndcg@15': 0.0352, 'hit@20': 0.0993, 'ndcg@20': 0.0398, 'hit@40': 0.1612, 'ndcg@40': 0.0524} 
2024-10-11 14:28:28.995 | INFO     | trainer_1:_train_one_epoch:193 - epoch 20 7.84s Train loss is [0.3975] 
2024-10-11 14:28:36.609 | INFO     | trainer_1:_train_one_epoch:201 - validate 20 cost time 7.61s, result: {'hit@1': 0.0142, 'ndcg@1': 0.0142, 'hit@5': 0.0517, 'ndcg@5': 0.0329, 'hit@10': 0.0871, 'ndcg@10': 0.0442, 'hit@15': 0.1153, 'ndcg@15': 0.0516, 'hit@20': 0.1419, 'ndcg@20': 0.0579, 'hit@40': 0.2252, 'ndcg@40': 0.0749} 
2024-10-11 14:28:43.972 | INFO     | trainer_1:_train_one_epoch:209 - test 20 cost time 7.36s, result: {'hit@1': 0.009, 'ndcg@1': 0.009, 'hit@5': 0.0347, 'ndcg@5': 0.0219, 'hit@10': 0.0579, 'ndcg@10': 0.0293, 'hit@15': 0.0804, 'ndcg@15': 0.0352, 'hit@20': 0.1006, 'ndcg@20': 0.04, 'hit@40': 0.1628, 'ndcg@40': 0.0527} 
2024-10-11 14:28:51.708 | INFO     | trainer_1:_train_one_epoch:193 - epoch 21 7.74s Train loss is [0.3909] 
2024-10-11 14:28:59.501 | INFO     | trainer_1:_train_one_epoch:201 - validate 21 cost time 7.79s, result: {'hit@1': 0.0152, 'ndcg@1': 0.0152, 'hit@5': 0.0544, 'ndcg@5': 0.0347, 'hit@10': 0.0897, 'ndcg@10': 0.0461, 'hit@15': 0.1206, 'ndcg@15': 0.0542, 'hit@20': 0.1448, 'ndcg@20': 0.0599, 'hit@40': 0.2327, 'ndcg@40': 0.0778} 
2024-10-11 14:29:07.038 | INFO     | trainer_1:_train_one_epoch:209 - test 21 cost time 7.54s, result: {'hit@1': 0.0094, 'ndcg@1': 0.0094, 'hit@5': 0.0363, 'ndcg@5': 0.0229, 'hit@10': 0.0594, 'ndcg@10': 0.0303, 'hit@15': 0.0801, 'ndcg@15': 0.0357, 'hit@20': 0.1, 'ndcg@20': 0.0404, 'hit@40': 0.164, 'ndcg@40': 0.0534} 
2024-10-11 14:29:14.946 | INFO     | trainer_1:_train_one_epoch:193 - epoch 22 7.91s Train loss is [0.3839] 
2024-10-11 14:29:22.611 | INFO     | trainer_1:_train_one_epoch:201 - validate 22 cost time 7.66s, result: {'hit@1': 0.0157, 'ndcg@1': 0.0157, 'hit@5': 0.0546, 'ndcg@5': 0.0352, 'hit@10': 0.0898, 'ndcg@10': 0.0464, 'hit@15': 0.1212, 'ndcg@15': 0.0548, 'hit@20': 0.1485, 'ndcg@20': 0.0612, 'hit@40': 0.236, 'ndcg@40': 0.079} 
2024-10-11 14:29:30.330 | INFO     | trainer_1:_train_one_epoch:209 - test 22 cost time 7.72s, result: {'hit@1': 0.0094, 'ndcg@1': 0.0094, 'hit@5': 0.0357, 'ndcg@5': 0.0225, 'hit@10': 0.0608, 'ndcg@10': 0.0306, 'hit@15': 0.084, 'ndcg@15': 0.0367, 'hit@20': 0.1042, 'ndcg@20': 0.0414, 'hit@40': 0.1658, 'ndcg@40': 0.054} 
2024-10-11 14:29:51.478 | INFO     | trainer_1:_train_one_epoch:193 - epoch 23 10.70s Train loss is [0.3862] 
2024-10-11 14:29:58.943 | INFO     | trainer_1:_train_one_epoch:201 - validate 23 cost time 7.47s, result: {'hit@1': 0.0157, 'ndcg@1': 0.0157, 'hit@5': 0.0547, 'ndcg@5': 0.0351, 'hit@10': 0.0907, 'ndcg@10': 0.0466, 'hit@15': 0.1219, 'ndcg@15': 0.0549, 'hit@20': 0.1483, 'ndcg@20': 0.0611, 'hit@40': 0.2352, 'ndcg@40': 0.0788} 
2024-10-11 14:30:06.651 | INFO     | trainer_1:_train_one_epoch:209 - test 23 cost time 7.71s, result: {'hit@1': 0.0096, 'ndcg@1': 0.0096, 'hit@5': 0.0353, 'ndcg@5': 0.0226, 'hit@10': 0.0612, 'ndcg@10': 0.0309, 'hit@15': 0.0822, 'ndcg@15': 0.0364, 'hit@20': 0.1008, 'ndcg@20': 0.0408, 'hit@40': 0.1649, 'ndcg@40': 0.0538} 
2024-10-11 14:30:27.271 | INFO     | trainer_1:_train_one_epoch:193 - epoch 24 10.45s Train loss is [0.3911] 
2024-10-11 14:30:34.994 | INFO     | trainer_1:_train_one_epoch:201 - validate 24 cost time 7.72s, result: {'hit@1': 0.0157, 'ndcg@1': 0.0157, 'hit@5': 0.055, 'ndcg@5': 0.0353, 'hit@10': 0.0885, 'ndcg@10': 0.0461, 'hit@15': 0.1204, 'ndcg@15': 0.0545, 'hit@20': 0.1453, 'ndcg@20': 0.0604, 'hit@40': 0.2307, 'ndcg@40': 0.0778} 
2024-10-11 14:30:42.600 | INFO     | trainer_1:_train_one_epoch:209 - test 24 cost time 7.61s, result: {'hit@1': 0.0091, 'ndcg@1': 0.0091, 'hit@5': 0.0377, 'ndcg@5': 0.0235, 'hit@10': 0.0622, 'ndcg@10': 0.0313, 'hit@15': 0.0829, 'ndcg@15': 0.0368, 'hit@20': 0.1008, 'ndcg@20': 0.041, 'hit@40': 0.1632, 'ndcg@40': 0.0537} 
2024-10-11 14:31:02.856 | INFO     | trainer_1:_train_one_epoch:193 - epoch 25 9.70s Train loss is [0.3831] 
2024-10-11 14:31:09.601 | INFO     | trainer_1:_train_one_epoch:201 - validate 25 cost time 6.74s, result: {'hit@1': 0.016, 'ndcg@1': 0.016, 'hit@5': 0.0571, 'ndcg@5': 0.0368, 'hit@10': 0.0942, 'ndcg@10': 0.0487, 'hit@15': 0.1264, 'ndcg@15': 0.0572, 'hit@20': 0.1513, 'ndcg@20': 0.0631, 'hit@40': 0.2347, 'ndcg@40': 0.08} 
2024-10-11 14:31:17.146 | INFO     | trainer_1:_train_one_epoch:209 - test 25 cost time 7.54s, result: {'hit@1': 0.0105, 'ndcg@1': 0.0105, 'hit@5': 0.0389, 'ndcg@5': 0.0249, 'hit@10': 0.0633, 'ndcg@10': 0.0327, 'hit@15': 0.0847, 'ndcg@15': 0.0384, 'hit@20': 0.1038, 'ndcg@20': 0.0429, 'hit@40': 0.1672, 'ndcg@40': 0.0558} 
2024-10-11 14:31:35.327 | INFO     | trainer_1:_train_one_epoch:193 - epoch 26 7.78s Train loss is [0.3736] 
2024-10-11 14:31:40.343 | INFO     | trainer_1:_train_one_epoch:201 - validate 26 cost time 5.02s, result: {'hit@1': 0.015, 'ndcg@1': 0.015, 'hit@5': 0.056, 'ndcg@5': 0.0355, 'hit@10': 0.0921, 'ndcg@10': 0.047, 'hit@15': 0.1232, 'ndcg@15': 0.0552, 'hit@20': 0.1487, 'ndcg@20': 0.0613, 'hit@40': 0.2362, 'ndcg@40': 0.0791} 
2024-10-11 14:31:47.184 | INFO     | trainer_1:_train_one_epoch:209 - test 26 cost time 6.84s, result: {'hit@1': 0.0097, 'ndcg@1': 0.0097, 'hit@5': 0.0372, 'ndcg@5': 0.0232, 'hit@10': 0.0615, 'ndcg@10': 0.031, 'hit@15': 0.083, 'ndcg@15': 0.0367, 'hit@20': 0.103, 'ndcg@20': 0.0414, 'hit@40': 0.1673, 'ndcg@40': 0.0545} 
2024-10-11 14:31:56.586 | INFO     | trainer_1:_train_one_epoch:193 - epoch 27 9.40s Train loss is [0.3738] 
2024-10-11 14:32:04.816 | INFO     | trainer_1:_train_one_epoch:201 - validate 27 cost time 8.23s, result: {'hit@1': 0.0154, 'ndcg@1': 0.0154, 'hit@5': 0.0539, 'ndcg@5': 0.0349, 'hit@10': 0.0901, 'ndcg@10': 0.0464, 'hit@15': 0.1201, 'ndcg@15': 0.0544, 'hit@20': 0.1463, 'ndcg@20': 0.0605, 'hit@40': 0.2297, 'ndcg@40': 0.0775} 
2024-10-11 14:32:12.360 | INFO     | trainer_1:_train_one_epoch:209 - test 27 cost time 7.54s, result: {'hit@1': 0.01, 'ndcg@1': 0.01, 'hit@5': 0.0366, 'ndcg@5': 0.0234, 'hit@10': 0.0613, 'ndcg@10': 0.0313, 'hit@15': 0.0831, 'ndcg@15': 0.0371, 'hit@20': 0.102, 'ndcg@20': 0.0415, 'hit@40': 0.1648, 'ndcg@40': 0.0543} 
2024-10-11 14:32:20.105 | INFO     | trainer_1:_train_one_epoch:193 - epoch 28 7.74s Train loss is [0.3769] 
2024-10-11 14:32:26.109 | INFO     | trainer_1:_train_one_epoch:201 - validate 28 cost time 6.00s, result: {'hit@1': 0.0155, 'ndcg@1': 0.0155, 'hit@5': 0.0549, 'ndcg@5': 0.0351, 'hit@10': 0.0903, 'ndcg@10': 0.0464, 'hit@15': 0.1196, 'ndcg@15': 0.0541, 'hit@20': 0.1457, 'ndcg@20': 0.0603, 'hit@40': 0.2323, 'ndcg@40': 0.078} 
2024-10-11 14:32:30.996 | INFO     | trainer_1:_train_one_epoch:209 - test 28 cost time 4.89s, result: {'hit@1': 0.0095, 'ndcg@1': 0.0095, 'hit@5': 0.0366, 'ndcg@5': 0.0231, 'hit@10': 0.0613, 'ndcg@10': 0.031, 'hit@15': 0.0817, 'ndcg@15': 0.0363, 'hit@20': 0.1005, 'ndcg@20': 0.0408, 'hit@40': 0.1639, 'ndcg@40': 0.0537} 
2024-10-11 14:32:40.919 | INFO     | trainer_1:_train_one_epoch:193 - epoch 29 9.92s Train loss is [0.3771] 
2024-10-11 14:32:48.179 | INFO     | trainer_1:_train_one_epoch:201 - validate 29 cost time 7.26s, result: {'hit@1': 0.0149, 'ndcg@1': 0.0149, 'hit@5': 0.0553, 'ndcg@5': 0.0349, 'hit@10': 0.0888, 'ndcg@10': 0.0456, 'hit@15': 0.1196, 'ndcg@15': 0.0537, 'hit@20': 0.1451, 'ndcg@20': 0.0598, 'hit@40': 0.2256, 'ndcg@40': 0.0761} 
2024-10-11 14:32:55.911 | INFO     | trainer_1:_train_one_epoch:209 - test 29 cost time 7.73s, result: {'hit@1': 0.0094, 'ndcg@1': 0.0094, 'hit@5': 0.0365, 'ndcg@5': 0.023, 'hit@10': 0.0606, 'ndcg@10': 0.0307, 'hit@15': 0.0809, 'ndcg@15': 0.036, 'hit@20': 0.0994, 'ndcg@20': 0.0404, 'hit@40': 0.1634, 'ndcg@40': 0.0534} 
2024-10-11 14:33:03.815 | INFO     | trainer_1:_train_one_epoch:193 - epoch 30 7.90s Train loss is [0.3758] 
2024-10-11 14:33:11.565 | INFO     | trainer_1:_train_one_epoch:201 - validate 30 cost time 7.75s, result: {'hit@1': 0.0167, 'ndcg@1': 0.0167, 'hit@5': 0.057, 'ndcg@5': 0.0368, 'hit@10': 0.0917, 'ndcg@10': 0.0479, 'hit@15': 0.1233, 'ndcg@15': 0.0563, 'hit@20': 0.149, 'ndcg@20': 0.0623, 'hit@40': 0.234, 'ndcg@40': 0.0796} 
2024-10-11 14:33:17.603 | INFO     | trainer_1:_train_one_epoch:209 - test 30 cost time 6.04s, result: {'hit@1': 0.0109, 'ndcg@1': 0.0109, 'hit@5': 0.0373, 'ndcg@5': 0.0241, 'hit@10': 0.0609, 'ndcg@10': 0.0317, 'hit@15': 0.081, 'ndcg@15': 0.037, 'hit@20': 0.1008, 'ndcg@20': 0.0416, 'hit@40': 0.1638, 'ndcg@40': 0.0544} 
2024-10-11 14:33:17.614 | INFO     | trainer_1:train_model:163 - training end, best iteration 25, results: {'hit@1': 0.016, 'ndcg@1': 0.016, 'hit@5': 0.0571, 'ndcg@5': 0.0368, 'hit@10': 0.0942, 'ndcg@10': 0.0487, 'hit@15': 0.1264, 'ndcg@15': 0.0572, 'hit@20': 0.1513, 'ndcg@20': 0.0631, 'hit@40': 0.2347, 'ndcg@40': 0.08}
2024-10-11 14:33:17.614 | INFO     | trainer_1:train_model:166 - final test result is:  {'hit@1': 0.0105, 'ndcg@1': 0.0105, 'hit@5': 0.0389, 'ndcg@5': 0.0249, 'hit@10': 0.0633, 'ndcg@10': 0.0327, 'hit@15': 0.0847, 'ndcg@15': 0.0384, 'hit@20': 0.1038, 'ndcg@20': 0.0429, 'hit@40': 0.1672, 'ndcg@40': 0.0558}
2024-10-11 14:33:17.904 | INFO     | __main__:<module>:119 - train end total cost time: 3377.9488985538483
