2024-10-11 21:59:25.651 | INFO     | __main__:<module>:105 - Namespace(TIME='2024-10-11 21_58_40', batch_size=1024, behaviors=['view', 'cart', 'buy'], check_point='model_pre_1_2024-10-08 12_42_42.pth', data_name='beibei', data_path='./data/beibei', decay=0.001, device='cuda:1', dim_qk=32, dim_v=64, distill_layers=2, distill_thres=0.5, distill_topK=60, distill_userK=4, embedding_size=64, epochs=100, gpu_no=1, if_load_model=True, ii_lambda=200, initializer_range=0.02, layers=2, loss_type='bpr', lr=0.001, message_dropout=0.25, metrics=['hit', 'ndcg'], min_epoch=5, model_name='main_1', model_path='./check_point', node_dropout=0.75, omega=1, pt_loop=50, reg_weight=0.001, test_batch_size=1024, testbatch=1024, topk=[1, 5, 10, 15, 20, 40], uu_lambda=100)
2024-10-11 21:59:25.652 | INFO     | __main__:<module>:106 - BIPN(
  (message_dropout): Dropout(p=0.25, inplace=False)
  (user_embedding): Embedding(21717, 64, padding_idx=0)
  (item_embedding): Embedding(7978, 64, padding_idx=0)
  (global_Graph): LightGCN()
  (Graph_encoder): ModuleDict(
    (view): GraphEncoder(
      (light): LightGCN()
      (dropout): Dropout(p=0.75, inplace=False)
    )
    (cart): GraphEncoder(
      (light): LightGCN()
      (dropout): Dropout(p=0.75, inplace=False)
    )
    (buy): GraphEncoder(
      (light): LightGCN()
      (dropout): Dropout(p=0.75, inplace=False)
    )
  )
  (attention): Mutual_Attention()
  (bpr_loss): BPRLoss()
  (emb_loss): EmbLoss()
  (f): Sigmoid()
)
2024-10-11 22:19:03.332 | INFO     | trainer_1:_train_one_epoch:193 - epoch 1 7.91s Train loss is [0.9806] 
2024-10-11 22:19:11.458 | INFO     | trainer_1:_train_one_epoch:201 - validate 1 cost time 8.12s, result: {'hit@1': 0.0057, 'ndcg@1': 0.0057, 'hit@5': 0.0236, 'ndcg@5': 0.0145, 'hit@10': 0.0408, 'ndcg@10': 0.02, 'hit@15': 0.0578, 'ndcg@15': 0.0245, 'hit@20': 0.0742, 'ndcg@20': 0.0284, 'hit@40': 0.1301, 'ndcg@40': 0.0397} 
2024-10-11 22:19:17.516 | INFO     | trainer_1:_train_one_epoch:209 - test 1 cost time 6.06s, result: {'hit@1': 0.0031, 'ndcg@1': 0.0031, 'hit@5': 0.0164, 'ndcg@5': 0.0097, 'hit@10': 0.0299, 'ndcg@10': 0.014, 'hit@15': 0.0426, 'ndcg@15': 0.0173, 'hit@20': 0.0554, 'ndcg@20': 0.0203, 'hit@40': 0.099, 'ndcg@40': 0.0292} 
2024-10-11 22:19:42.906 | INFO     | trainer_1:_train_one_epoch:193 - epoch 2 9.76s Train loss is [0.7606] 
2024-10-11 22:19:53.411 | INFO     | trainer_1:_train_one_epoch:201 - validate 2 cost time 10.50s, result: {'hit@1': 0.0083, 'ndcg@1': 0.0083, 'hit@5': 0.0326, 'ndcg@5': 0.0203, 'hit@10': 0.0563, 'ndcg@10': 0.0279, 'hit@15': 0.0781, 'ndcg@15': 0.0337, 'hit@20': 0.0962, 'ndcg@20': 0.0379, 'hit@40': 0.1579, 'ndcg@40': 0.0505} 
2024-10-11 22:20:03.879 | INFO     | trainer_1:_train_one_epoch:209 - test 2 cost time 10.47s, result: {'hit@1': 0.0042, 'ndcg@1': 0.0042, 'hit@5': 0.0201, 'ndcg@5': 0.0119, 'hit@10': 0.0359, 'ndcg@10': 0.017, 'hit@15': 0.052, 'ndcg@15': 0.0213, 'hit@20': 0.0652, 'ndcg@20': 0.0244, 'hit@40': 0.113, 'ndcg@40': 0.0341} 
2024-10-11 22:20:26.362 | INFO     | trainer_1:_train_one_epoch:193 - epoch 3 8.58s Train loss is [0.6589] 
2024-10-11 22:20:33.173 | INFO     | trainer_1:_train_one_epoch:201 - validate 3 cost time 6.81s, result: {'hit@1': 0.0075, 'ndcg@1': 0.0075, 'hit@5': 0.0326, 'ndcg@5': 0.02, 'hit@10': 0.0591, 'ndcg@10': 0.0284, 'hit@15': 0.0809, 'ndcg@15': 0.0342, 'hit@20': 0.1017, 'ndcg@20': 0.0391, 'hit@40': 0.1658, 'ndcg@40': 0.0521} 
2024-10-11 22:20:43.162 | INFO     | trainer_1:_train_one_epoch:209 - test 3 cost time 9.99s, result: {'hit@1': 0.0049, 'ndcg@1': 0.0049, 'hit@5': 0.022, 'ndcg@5': 0.0134, 'hit@10': 0.0401, 'ndcg@10': 0.0192, 'hit@15': 0.0563, 'ndcg@15': 0.0234, 'hit@20': 0.0708, 'ndcg@20': 0.0269, 'hit@40': 0.1252, 'ndcg@40': 0.038} 
2024-10-11 22:21:08.945 | INFO     | trainer_1:_train_one_epoch:193 - epoch 4 10.49s Train loss is [0.5853] 
2024-10-11 22:21:17.147 | INFO     | trainer_1:_train_one_epoch:201 - validate 4 cost time 8.20s, result: {'hit@1': 0.0091, 'ndcg@1': 0.0091, 'hit@5': 0.0358, 'ndcg@5': 0.0222, 'hit@10': 0.063, 'ndcg@10': 0.0309, 'hit@15': 0.09, 'ndcg@15': 0.0381, 'hit@20': 0.1126, 'ndcg@20': 0.0434, 'hit@40': 0.1839, 'ndcg@40': 0.0579} 
2024-10-11 22:21:26.013 | INFO     | trainer_1:_train_one_epoch:209 - test 4 cost time 8.87s, result: {'hit@1': 0.006, 'ndcg@1': 0.006, 'hit@5': 0.0246, 'ndcg@5': 0.015, 'hit@10': 0.0427, 'ndcg@10': 0.0208, 'hit@15': 0.0602, 'ndcg@15': 0.0254, 'hit@20': 0.0779, 'ndcg@20': 0.0296, 'hit@40': 0.1343, 'ndcg@40': 0.0411} 
2024-10-11 22:21:48.350 | INFO     | trainer_1:_train_one_epoch:193 - epoch 5 7.57s Train loss is [0.5631] 
2024-10-11 22:21:55.273 | INFO     | trainer_1:_train_one_epoch:201 - validate 5 cost time 6.92s, result: {'hit@1': 0.0097, 'ndcg@1': 0.0097, 'hit@5': 0.0341, 'ndcg@5': 0.0218, 'hit@10': 0.0602, 'ndcg@10': 0.0302, 'hit@15': 0.0846, 'ndcg@15': 0.0366, 'hit@20': 0.1062, 'ndcg@20': 0.0417, 'hit@40': 0.179, 'ndcg@40': 0.0565} 
2024-10-11 22:22:01.421 | INFO     | trainer_1:_train_one_epoch:209 - test 5 cost time 6.15s, result: {'hit@1': 0.0059, 'ndcg@1': 0.0059, 'hit@5': 0.0219, 'ndcg@5': 0.0137, 'hit@10': 0.0392, 'ndcg@10': 0.0193, 'hit@15': 0.0552, 'ndcg@15': 0.0235, 'hit@20': 0.0693, 'ndcg@20': 0.0268, 'hit@40': 0.1251, 'ndcg@40': 0.0381} 
2024-10-11 22:22:11.497 | INFO     | trainer_1:_train_one_epoch:193 - epoch 6 10.07s Train loss is [0.5460] 
2024-10-11 22:22:19.854 | INFO     | trainer_1:_train_one_epoch:201 - validate 6 cost time 8.36s, result: {'hit@1': 0.01, 'ndcg@1': 0.01, 'hit@5': 0.0385, 'ndcg@5': 0.0242, 'hit@10': 0.0641, 'ndcg@10': 0.0325, 'hit@15': 0.0886, 'ndcg@15': 0.0389, 'hit@20': 0.1108, 'ndcg@20': 0.0442, 'hit@40': 0.1807, 'ndcg@40': 0.0583} 
2024-10-11 22:22:27.102 | INFO     | trainer_1:_train_one_epoch:209 - test 6 cost time 7.25s, result: {'hit@1': 0.0058, 'ndcg@1': 0.0058, 'hit@5': 0.0234, 'ndcg@5': 0.0146, 'hit@10': 0.0422, 'ndcg@10': 0.0206, 'hit@15': 0.058, 'ndcg@15': 0.0248, 'hit@20': 0.0738, 'ndcg@20': 0.0285, 'hit@40': 0.1271, 'ndcg@40': 0.0393} 
2024-10-11 22:22:37.204 | INFO     | trainer_1:_train_one_epoch:193 - epoch 7 10.10s Train loss is [0.5202] 
2024-10-11 22:22:45.265 | INFO     | trainer_1:_train_one_epoch:201 - validate 7 cost time 8.06s, result: {'hit@1': 0.0102, 'ndcg@1': 0.0102, 'hit@5': 0.0402, 'ndcg@5': 0.025, 'hit@10': 0.0704, 'ndcg@10': 0.0346, 'hit@15': 0.0968, 'ndcg@15': 0.0416, 'hit@20': 0.1206, 'ndcg@20': 0.0473, 'hit@40': 0.1926, 'ndcg@40': 0.0619} 
2024-10-11 22:22:52.213 | INFO     | trainer_1:_train_one_epoch:209 - test 7 cost time 6.95s, result: {'hit@1': 0.0063, 'ndcg@1': 0.0063, 'hit@5': 0.0238, 'ndcg@5': 0.0149, 'hit@10': 0.0447, 'ndcg@10': 0.0216, 'hit@15': 0.0631, 'ndcg@15': 0.0264, 'hit@20': 0.08, 'ndcg@20': 0.0304, 'hit@40': 0.1377, 'ndcg@40': 0.0421} 
2024-10-11 22:23:13.092 | INFO     | trainer_1:_train_one_epoch:193 - epoch 8 8.52s Train loss is [0.5031] 
2024-10-11 22:23:22.670 | INFO     | trainer_1:_train_one_epoch:201 - validate 8 cost time 9.58s, result: {'hit@1': 0.0096, 'ndcg@1': 0.0096, 'hit@5': 0.0397, 'ndcg@5': 0.0245, 'hit@10': 0.0671, 'ndcg@10': 0.0333, 'hit@15': 0.0921, 'ndcg@15': 0.0398, 'hit@20': 0.1155, 'ndcg@20': 0.0454, 'hit@40': 0.1925, 'ndcg@40': 0.0611} 
2024-10-11 22:23:28.348 | INFO     | trainer_1:_train_one_epoch:209 - test 8 cost time 5.68s, result: {'hit@1': 0.0064, 'ndcg@1': 0.0064, 'hit@5': 0.0258, 'ndcg@5': 0.016, 'hit@10': 0.0466, 'ndcg@10': 0.0227, 'hit@15': 0.0629, 'ndcg@15': 0.027, 'hit@20': 0.0803, 'ndcg@20': 0.031, 'hit@40': 0.1402, 'ndcg@40': 0.0432} 
2024-10-11 22:23:48.819 | INFO     | trainer_1:_train_one_epoch:193 - epoch 9 6.99s Train loss is [0.4960] 
2024-10-11 22:23:55.078 | INFO     | trainer_1:_train_one_epoch:201 - validate 9 cost time 6.26s, result: {'hit@1': 0.0108, 'ndcg@1': 0.0108, 'hit@5': 0.0436, 'ndcg@5': 0.0271, 'hit@10': 0.0741, 'ndcg@10': 0.0369, 'hit@15': 0.102, 'ndcg@15': 0.0442, 'hit@20': 0.1248, 'ndcg@20': 0.0496, 'hit@40': 0.2046, 'ndcg@40': 0.0659} 
2024-10-11 22:24:02.709 | INFO     | trainer_1:_train_one_epoch:209 - test 9 cost time 7.63s, result: {'hit@1': 0.0076, 'ndcg@1': 0.0076, 'hit@5': 0.0269, 'ndcg@5': 0.0171, 'hit@10': 0.0478, 'ndcg@10': 0.0239, 'hit@15': 0.0659, 'ndcg@15': 0.0286, 'hit@20': 0.0844, 'ndcg@20': 0.033, 'hit@40': 0.1457, 'ndcg@40': 0.0455} 
2024-10-11 22:24:23.593 | INFO     | trainer_1:_train_one_epoch:193 - epoch 10 8.03s Train loss is [0.4813] 
2024-10-11 22:24:29.454 | INFO     | trainer_1:_train_one_epoch:201 - validate 10 cost time 5.86s, result: {'hit@1': 0.0106, 'ndcg@1': 0.0106, 'hit@5': 0.0445, 'ndcg@5': 0.0274, 'hit@10': 0.074, 'ndcg@10': 0.0369, 'hit@15': 0.1004, 'ndcg@15': 0.0439, 'hit@20': 0.1243, 'ndcg@20': 0.0495, 'hit@40': 0.2012, 'ndcg@40': 0.0652} 
2024-10-11 22:24:36.261 | INFO     | trainer_1:_train_one_epoch:209 - test 10 cost time 6.81s, result: {'hit@1': 0.0076, 'ndcg@1': 0.0076, 'hit@5': 0.0288, 'ndcg@5': 0.0182, 'hit@10': 0.0509, 'ndcg@10': 0.0253, 'hit@15': 0.0693, 'ndcg@15': 0.0301, 'hit@20': 0.0866, 'ndcg@20': 0.0342, 'hit@40': 0.147, 'ndcg@40': 0.0465} 
2024-10-11 22:25:04.530 | INFO     | trainer_1:_train_one_epoch:193 - epoch 11 9.75s Train loss is [0.4716] 
2024-10-11 22:25:11.242 | INFO     | trainer_1:_train_one_epoch:201 - validate 11 cost time 6.71s, result: {'hit@1': 0.0116, 'ndcg@1': 0.0116, 'hit@5': 0.0438, 'ndcg@5': 0.0276, 'hit@10': 0.0748, 'ndcg@10': 0.0376, 'hit@15': 0.1006, 'ndcg@15': 0.0444, 'hit@20': 0.1246, 'ndcg@20': 0.05, 'hit@40': 0.2035, 'ndcg@40': 0.0661} 
2024-10-11 22:25:18.122 | INFO     | trainer_1:_train_one_epoch:209 - test 11 cost time 6.88s, result: {'hit@1': 0.0072, 'ndcg@1': 0.0072, 'hit@5': 0.029, 'ndcg@5': 0.0181, 'hit@10': 0.0507, 'ndcg@10': 0.0251, 'hit@15': 0.0686, 'ndcg@15': 0.0298, 'hit@20': 0.0874, 'ndcg@20': 0.0342, 'hit@40': 0.146, 'ndcg@40': 0.0461} 
2024-10-11 22:25:28.305 | INFO     | trainer_1:_train_one_epoch:193 - epoch 12 10.18s Train loss is [0.4513] 
2024-10-11 22:25:37.965 | INFO     | trainer_1:_train_one_epoch:201 - validate 12 cost time 9.66s, result: {'hit@1': 0.0122, 'ndcg@1': 0.0122, 'hit@5': 0.0422, 'ndcg@5': 0.0269, 'hit@10': 0.0703, 'ndcg@10': 0.0359, 'hit@15': 0.0984, 'ndcg@15': 0.0433, 'hit@20': 0.1212, 'ndcg@20': 0.0487, 'hit@40': 0.2015, 'ndcg@40': 0.0651} 
2024-10-11 22:25:46.392 | INFO     | trainer_1:_train_one_epoch:209 - test 12 cost time 8.43s, result: {'hit@1': 0.0061, 'ndcg@1': 0.0061, 'hit@5': 0.0266, 'ndcg@5': 0.0163, 'hit@10': 0.0472, 'ndcg@10': 0.0229, 'hit@15': 0.0652, 'ndcg@15': 0.0276, 'hit@20': 0.0816, 'ndcg@20': 0.0315, 'hit@40': 0.1403, 'ndcg@40': 0.0434} 
2024-10-11 22:25:54.899 | INFO     | trainer_1:_train_one_epoch:193 - epoch 13 8.50s Train loss is [0.4542] 
2024-10-11 22:26:03.069 | INFO     | trainer_1:_train_one_epoch:201 - validate 13 cost time 8.17s, result: {'hit@1': 0.0129, 'ndcg@1': 0.0129, 'hit@5': 0.0461, 'ndcg@5': 0.0294, 'hit@10': 0.0775, 'ndcg@10': 0.0395, 'hit@15': 0.1042, 'ndcg@15': 0.0466, 'hit@20': 0.128, 'ndcg@20': 0.0522, 'hit@40': 0.2024, 'ndcg@40': 0.0673} 
2024-10-11 22:26:13.099 | INFO     | trainer_1:_train_one_epoch:209 - test 13 cost time 10.03s, result: {'hit@1': 0.0076, 'ndcg@1': 0.0076, 'hit@5': 0.0294, 'ndcg@5': 0.0184, 'hit@10': 0.0514, 'ndcg@10': 0.0255, 'hit@15': 0.0702, 'ndcg@15': 0.0304, 'hit@20': 0.0868, 'ndcg@20': 0.0344, 'hit@40': 0.1427, 'ndcg@40': 0.0457} 
2024-10-11 22:26:36.349 | INFO     | trainer_1:_train_one_epoch:193 - epoch 14 7.90s Train loss is [0.4479] 
2024-10-11 22:26:45.636 | INFO     | trainer_1:_train_one_epoch:201 - validate 14 cost time 9.29s, result: {'hit@1': 0.0137, 'ndcg@1': 0.0137, 'hit@5': 0.0502, 'ndcg@5': 0.0319, 'hit@10': 0.0802, 'ndcg@10': 0.0416, 'hit@15': 0.1092, 'ndcg@15': 0.0493, 'hit@20': 0.1342, 'ndcg@20': 0.0551, 'hit@40': 0.2125, 'ndcg@40': 0.0711} 
2024-10-11 22:26:54.080 | INFO     | trainer_1:_train_one_epoch:209 - test 14 cost time 8.44s, result: {'hit@1': 0.0095, 'ndcg@1': 0.0095, 'hit@5': 0.0326, 'ndcg@5': 0.0208, 'hit@10': 0.0534, 'ndcg@10': 0.0274, 'hit@15': 0.0737, 'ndcg@15': 0.0328, 'hit@20': 0.0921, 'ndcg@20': 0.0371, 'hit@40': 0.1501, 'ndcg@40': 0.0489} 
2024-10-11 22:27:19.273 | INFO     | trainer_1:_train_one_epoch:193 - epoch 15 7.09s Train loss is [0.4248] 
2024-10-11 22:27:28.858 | INFO     | trainer_1:_train_one_epoch:201 - validate 15 cost time 9.58s, result: {'hit@1': 0.0149, 'ndcg@1': 0.0149, 'hit@5': 0.052, 'ndcg@5': 0.0334, 'hit@10': 0.0868, 'ndcg@10': 0.0445, 'hit@15': 0.1158, 'ndcg@15': 0.0522, 'hit@20': 0.1408, 'ndcg@20': 0.0581, 'hit@40': 0.2223, 'ndcg@40': 0.0746} 
2024-10-11 22:27:38.907 | INFO     | trainer_1:_train_one_epoch:209 - test 15 cost time 10.05s, result: {'hit@1': 0.0087, 'ndcg@1': 0.0087, 'hit@5': 0.0341, 'ndcg@5': 0.0213, 'hit@10': 0.058, 'ndcg@10': 0.0289, 'hit@15': 0.0772, 'ndcg@15': 0.034, 'hit@20': 0.0956, 'ndcg@20': 0.0383, 'hit@40': 0.1568, 'ndcg@40': 0.0508} 
2024-10-11 22:28:03.433 | INFO     | trainer_1:_train_one_epoch:193 - epoch 16 7.91s Train loss is [0.4274] 
2024-10-11 22:28:14.739 | INFO     | trainer_1:_train_one_epoch:201 - validate 16 cost time 11.31s, result: {'hit@1': 0.0144, 'ndcg@1': 0.0144, 'hit@5': 0.0502, 'ndcg@5': 0.0323, 'hit@10': 0.0831, 'ndcg@10': 0.0428, 'hit@15': 0.1128, 'ndcg@15': 0.0506, 'hit@20': 0.1388, 'ndcg@20': 0.0568, 'hit@40': 0.2198, 'ndcg@40': 0.0733} 
2024-10-11 22:28:25.359 | INFO     | trainer_1:_train_one_epoch:209 - test 16 cost time 10.62s, result: {'hit@1': 0.0092, 'ndcg@1': 0.0092, 'hit@5': 0.0321, 'ndcg@5': 0.0204, 'hit@10': 0.0546, 'ndcg@10': 0.0277, 'hit@15': 0.0749, 'ndcg@15': 0.033, 'hit@20': 0.0926, 'ndcg@20': 0.0372, 'hit@40': 0.1531, 'ndcg@40': 0.0495} 
2024-10-11 22:28:35.878 | INFO     | trainer_1:_train_one_epoch:193 - epoch 17 10.52s Train loss is [0.4194] 
2024-10-11 22:28:42.064 | INFO     | trainer_1:_train_one_epoch:201 - validate 17 cost time 6.18s, result: {'hit@1': 0.0151, 'ndcg@1': 0.0151, 'hit@5': 0.0546, 'ndcg@5': 0.0348, 'hit@10': 0.0903, 'ndcg@10': 0.0462, 'hit@15': 0.1216, 'ndcg@15': 0.0545, 'hit@20': 0.15, 'ndcg@20': 0.0612, 'hit@40': 0.2336, 'ndcg@40': 0.0782} 
2024-10-11 22:28:48.775 | INFO     | trainer_1:_train_one_epoch:209 - test 17 cost time 6.71s, result: {'hit@1': 0.0101, 'ndcg@1': 0.0101, 'hit@5': 0.0357, 'ndcg@5': 0.0227, 'hit@10': 0.0591, 'ndcg@10': 0.0301, 'hit@15': 0.081, 'ndcg@15': 0.0359, 'hit@20': 0.1011, 'ndcg@20': 0.0406, 'hit@40': 0.1689, 'ndcg@40': 0.0545} 
2024-10-11 22:29:12.365 | INFO     | trainer_1:_train_one_epoch:193 - epoch 18 9.55s Train loss is [0.4103] 
2024-10-11 22:29:21.574 | INFO     | trainer_1:_train_one_epoch:201 - validate 18 cost time 9.21s, result: {'hit@1': 0.0146, 'ndcg@1': 0.0146, 'hit@5': 0.052, 'ndcg@5': 0.0333, 'hit@10': 0.0846, 'ndcg@10': 0.0437, 'hit@15': 0.1144, 'ndcg@15': 0.0516, 'hit@20': 0.1395, 'ndcg@20': 0.0575, 'hit@40': 0.2199, 'ndcg@40': 0.0739} 
2024-10-11 22:29:30.477 | INFO     | trainer_1:_train_one_epoch:209 - test 18 cost time 8.90s, result: {'hit@1': 0.0094, 'ndcg@1': 0.0094, 'hit@5': 0.034, 'ndcg@5': 0.0216, 'hit@10': 0.0578, 'ndcg@10': 0.0293, 'hit@15': 0.0776, 'ndcg@15': 0.0345, 'hit@20': 0.096, 'ndcg@20': 0.0388, 'hit@40': 0.1561, 'ndcg@40': 0.051} 
2024-10-11 22:29:39.015 | INFO     | trainer_1:_train_one_epoch:193 - epoch 19 8.54s Train loss is [0.4084] 
2024-10-11 22:29:50.144 | INFO     | trainer_1:_train_one_epoch:201 - validate 19 cost time 11.13s, result: {'hit@1': 0.0152, 'ndcg@1': 0.0152, 'hit@5': 0.0523, 'ndcg@5': 0.0338, 'hit@10': 0.0876, 'ndcg@10': 0.0451, 'hit@15': 0.1151, 'ndcg@15': 0.0523, 'hit@20': 0.1419, 'ndcg@20': 0.0586, 'hit@40': 0.2265, 'ndcg@40': 0.0759} 
2024-10-11 22:30:00.246 | INFO     | trainer_1:_train_one_epoch:209 - test 19 cost time 10.10s, result: {'hit@1': 0.0091, 'ndcg@1': 0.0091, 'hit@5': 0.0342, 'ndcg@5': 0.0216, 'hit@10': 0.058, 'ndcg@10': 0.0293, 'hit@15': 0.0799, 'ndcg@15': 0.035, 'hit@20': 0.0994, 'ndcg@20': 0.0396, 'hit@40': 0.1616, 'ndcg@40': 0.0523} 
2024-10-11 22:30:09.910 | INFO     | trainer_1:_train_one_epoch:193 - epoch 20 9.66s Train loss is [0.3976] 
2024-10-11 22:30:15.529 | INFO     | trainer_1:_train_one_epoch:201 - validate 20 cost time 5.62s, result: {'hit@1': 0.0144, 'ndcg@1': 0.0144, 'hit@5': 0.0514, 'ndcg@5': 0.033, 'hit@10': 0.0892, 'ndcg@10': 0.0451, 'hit@15': 0.1157, 'ndcg@15': 0.0521, 'hit@20': 0.1421, 'ndcg@20': 0.0583, 'hit@40': 0.2244, 'ndcg@40': 0.0751} 
2024-10-11 22:30:22.268 | INFO     | trainer_1:_train_one_epoch:209 - test 20 cost time 6.74s, result: {'hit@1': 0.0093, 'ndcg@1': 0.0093, 'hit@5': 0.0349, 'ndcg@5': 0.022, 'hit@10': 0.0588, 'ndcg@10': 0.0297, 'hit@15': 0.0805, 'ndcg@15': 0.0354, 'hit@20': 0.1002, 'ndcg@20': 0.04, 'hit@40': 0.1632, 'ndcg@40': 0.0528} 
2024-10-11 22:30:30.487 | INFO     | trainer_1:_train_one_epoch:193 - epoch 21 8.22s Train loss is [0.3915] 
2024-10-11 22:30:39.350 | INFO     | trainer_1:_train_one_epoch:201 - validate 21 cost time 8.86s, result: {'hit@1': 0.0151, 'ndcg@1': 0.0151, 'hit@5': 0.0547, 'ndcg@5': 0.0348, 'hit@10': 0.0908, 'ndcg@10': 0.0464, 'hit@15': 0.1216, 'ndcg@15': 0.0546, 'hit@20': 0.1456, 'ndcg@20': 0.0602, 'hit@40': 0.234, 'ndcg@40': 0.0782} 
2024-10-11 22:30:48.845 | INFO     | trainer_1:_train_one_epoch:209 - test 21 cost time 9.49s, result: {'hit@1': 0.0094, 'ndcg@1': 0.0094, 'hit@5': 0.0361, 'ndcg@5': 0.0228, 'hit@10': 0.0601, 'ndcg@10': 0.0305, 'hit@15': 0.0804, 'ndcg@15': 0.0358, 'hit@20': 0.0991, 'ndcg@20': 0.0403, 'hit@40': 0.1622, 'ndcg@40': 0.0531} 
2024-10-11 22:31:12.201 | INFO     | trainer_1:_train_one_epoch:193 - epoch 22 8.61s Train loss is [0.3835] 
2024-10-11 22:31:19.085 | INFO     | trainer_1:_train_one_epoch:201 - validate 22 cost time 6.88s, result: {'hit@1': 0.0153, 'ndcg@1': 0.0153, 'hit@5': 0.0541, 'ndcg@5': 0.0349, 'hit@10': 0.0911, 'ndcg@10': 0.0467, 'hit@15': 0.121, 'ndcg@15': 0.0546, 'hit@20': 0.1493, 'ndcg@20': 0.0613, 'hit@40': 0.2348, 'ndcg@40': 0.0786} 
2024-10-11 22:31:26.662 | INFO     | trainer_1:_train_one_epoch:209 - test 22 cost time 7.58s, result: {'hit@1': 0.0093, 'ndcg@1': 0.0093, 'hit@5': 0.0362, 'ndcg@5': 0.0227, 'hit@10': 0.0608, 'ndcg@10': 0.0305, 'hit@15': 0.0836, 'ndcg@15': 0.0365, 'hit@20': 0.1023, 'ndcg@20': 0.041, 'hit@40': 0.1672, 'ndcg@40': 0.0542} 
2024-10-11 22:31:54.286 | INFO     | trainer_1:_train_one_epoch:193 - epoch 23 8.29s Train loss is [0.3865] 
2024-10-11 22:31:59.380 | INFO     | trainer_1:_train_one_epoch:201 - validate 23 cost time 5.09s, result: {'hit@1': 0.0152, 'ndcg@1': 0.0152, 'hit@5': 0.0541, 'ndcg@5': 0.0346, 'hit@10': 0.0895, 'ndcg@10': 0.046, 'hit@15': 0.1224, 'ndcg@15': 0.0547, 'hit@20': 0.149, 'ndcg@20': 0.061, 'hit@40': 0.2348, 'ndcg@40': 0.0784} 
2024-10-11 22:32:04.427 | INFO     | trainer_1:_train_one_epoch:209 - test 23 cost time 5.05s, result: {'hit@1': 0.0094, 'ndcg@1': 0.0094, 'hit@5': 0.0356, 'ndcg@5': 0.0224, 'hit@10': 0.0607, 'ndcg@10': 0.0304, 'hit@15': 0.082, 'ndcg@15': 0.0361, 'hit@20': 0.1011, 'ndcg@20': 0.0406, 'hit@40': 0.1644, 'ndcg@40': 0.0534} 
2024-10-11 22:32:12.895 | INFO     | trainer_1:_train_one_epoch:193 - epoch 24 8.47s Train loss is [0.3917] 
2024-10-11 22:32:19.635 | INFO     | trainer_1:_train_one_epoch:201 - validate 24 cost time 6.74s, result: {'hit@1': 0.0146, 'ndcg@1': 0.0146, 'hit@5': 0.0536, 'ndcg@5': 0.0343, 'hit@10': 0.0884, 'ndcg@10': 0.0454, 'hit@15': 0.1203, 'ndcg@15': 0.0539, 'hit@20': 0.1469, 'ndcg@20': 0.0601, 'hit@40': 0.2316, 'ndcg@40': 0.0774} 
2024-10-11 22:32:28.543 | INFO     | trainer_1:_train_one_epoch:209 - test 24 cost time 8.91s, result: {'hit@1': 0.0093, 'ndcg@1': 0.0093, 'hit@5': 0.0366, 'ndcg@5': 0.023, 'hit@10': 0.0614, 'ndcg@10': 0.031, 'hit@15': 0.0838, 'ndcg@15': 0.0369, 'hit@20': 0.1012, 'ndcg@20': 0.041, 'hit@40': 0.1634, 'ndcg@40': 0.0537} 
2024-10-11 22:32:47.034 | INFO     | trainer_1:_train_one_epoch:193 - epoch 25 7.01s Train loss is [0.3823] 
2024-10-11 22:32:52.828 | INFO     | trainer_1:_train_one_epoch:201 - validate 25 cost time 5.79s, result: {'hit@1': 0.0157, 'ndcg@1': 0.0157, 'hit@5': 0.0581, 'ndcg@5': 0.037, 'hit@10': 0.0941, 'ndcg@10': 0.0485, 'hit@15': 0.127, 'ndcg@15': 0.0572, 'hit@20': 0.1514, 'ndcg@20': 0.063, 'hit@40': 0.2361, 'ndcg@40': 0.0802} 
2024-10-11 22:32:58.814 | INFO     | trainer_1:_train_one_epoch:209 - test 25 cost time 5.99s, result: {'hit@1': 0.0103, 'ndcg@1': 0.0103, 'hit@5': 0.0391, 'ndcg@5': 0.0248, 'hit@10': 0.0646, 'ndcg@10': 0.0329, 'hit@15': 0.0851, 'ndcg@15': 0.0383, 'hit@20': 0.1045, 'ndcg@20': 0.0429, 'hit@40': 0.1672, 'ndcg@40': 0.0556} 
2024-10-11 22:33:22.530 | INFO     | trainer_1:_train_one_epoch:193 - epoch 26 10.16s Train loss is [0.3747] 
2024-10-11 22:33:32.917 | INFO     | trainer_1:_train_one_epoch:201 - validate 26 cost time 10.39s, result: {'hit@1': 0.0146, 'ndcg@1': 0.0146, 'hit@5': 0.0551, 'ndcg@5': 0.035, 'hit@10': 0.0914, 'ndcg@10': 0.0466, 'hit@15': 0.1234, 'ndcg@15': 0.055, 'hit@20': 0.15, 'ndcg@20': 0.0613, 'hit@40': 0.2377, 'ndcg@40': 0.0792} 
2024-10-11 22:33:43.178 | INFO     | trainer_1:_train_one_epoch:209 - test 26 cost time 10.26s, result: {'hit@1': 0.0093, 'ndcg@1': 0.0093, 'hit@5': 0.0366, 'ndcg@5': 0.0229, 'hit@10': 0.0618, 'ndcg@10': 0.031, 'hit@15': 0.0837, 'ndcg@15': 0.0367, 'hit@20': 0.1022, 'ndcg@20': 0.0411, 'hit@40': 0.169, 'ndcg@40': 0.0547} 
2024-10-11 22:33:52.166 | INFO     | trainer_1:_train_one_epoch:193 - epoch 27 8.99s Train loss is [0.3752] 
2024-10-11 22:33:59.045 | INFO     | trainer_1:_train_one_epoch:201 - validate 27 cost time 6.88s, result: {'hit@1': 0.0151, 'ndcg@1': 0.0151, 'hit@5': 0.0536, 'ndcg@5': 0.0345, 'hit@10': 0.0902, 'ndcg@10': 0.0463, 'hit@15': 0.1195, 'ndcg@15': 0.054, 'hit@20': 0.1465, 'ndcg@20': 0.0604, 'hit@40': 0.2287, 'ndcg@40': 0.0771} 
2024-10-11 22:34:05.219 | INFO     | trainer_1:_train_one_epoch:209 - test 27 cost time 6.17s, result: {'hit@1': 0.0101, 'ndcg@1': 0.0101, 'hit@5': 0.0367, 'ndcg@5': 0.0234, 'hit@10': 0.061, 'ndcg@10': 0.0311, 'hit@15': 0.0833, 'ndcg@15': 0.037, 'hit@20': 0.1026, 'ndcg@20': 0.0416, 'hit@40': 0.166, 'ndcg@40': 0.0545} 
2024-10-11 22:34:13.272 | INFO     | trainer_1:_train_one_epoch:193 - epoch 28 8.05s Train loss is [0.3772] 
2024-10-11 22:34:21.133 | INFO     | trainer_1:_train_one_epoch:201 - validate 28 cost time 7.86s, result: {'hit@1': 0.0152, 'ndcg@1': 0.0152, 'hit@5': 0.0543, 'ndcg@5': 0.0347, 'hit@10': 0.0892, 'ndcg@10': 0.0458, 'hit@15': 0.1203, 'ndcg@15': 0.054, 'hit@20': 0.1475, 'ndcg@20': 0.0605, 'hit@40': 0.2311, 'ndcg@40': 0.0774} 
2024-10-11 22:34:29.660 | INFO     | trainer_1:_train_one_epoch:209 - test 28 cost time 8.53s, result: {'hit@1': 0.0099, 'ndcg@1': 0.0099, 'hit@5': 0.0355, 'ndcg@5': 0.0226, 'hit@10': 0.0612, 'ndcg@10': 0.0309, 'hit@15': 0.0813, 'ndcg@15': 0.0362, 'hit@20': 0.0997, 'ndcg@20': 0.0405, 'hit@40': 0.1642, 'ndcg@40': 0.0537} 
2024-10-11 22:34:37.437 | INFO     | trainer_1:_train_one_epoch:193 - epoch 29 7.78s Train loss is [0.3769] 
2024-10-11 22:34:44.040 | INFO     | trainer_1:_train_one_epoch:201 - validate 29 cost time 6.60s, result: {'hit@1': 0.0149, 'ndcg@1': 0.0149, 'hit@5': 0.0539, 'ndcg@5': 0.0342, 'hit@10': 0.0879, 'ndcg@10': 0.0452, 'hit@15': 0.1181, 'ndcg@15': 0.0531, 'hit@20': 0.1425, 'ndcg@20': 0.0589, 'hit@40': 0.2246, 'ndcg@40': 0.0756} 
2024-10-11 22:34:50.011 | INFO     | trainer_1:_train_one_epoch:209 - test 29 cost time 5.97s, result: {'hit@1': 0.0092, 'ndcg@1': 0.0092, 'hit@5': 0.0374, 'ndcg@5': 0.0232, 'hit@10': 0.0596, 'ndcg@10': 0.0304, 'hit@15': 0.0804, 'ndcg@15': 0.0358, 'hit@20': 0.0991, 'ndcg@20': 0.0403, 'hit@40': 0.1629, 'ndcg@40': 0.0532} 
2024-10-11 22:34:57.341 | INFO     | trainer_1:_train_one_epoch:193 - epoch 30 7.33s Train loss is [0.3759] 
2024-10-11 22:35:07.250 | INFO     | trainer_1:_train_one_epoch:201 - validate 30 cost time 9.91s, result: {'hit@1': 0.0163, 'ndcg@1': 0.0163, 'hit@5': 0.0558, 'ndcg@5': 0.036, 'hit@10': 0.0909, 'ndcg@10': 0.0473, 'hit@15': 0.1204, 'ndcg@15': 0.055, 'hit@20': 0.1479, 'ndcg@20': 0.0615, 'hit@40': 0.2336, 'ndcg@40': 0.079} 
2024-10-11 22:35:15.936 | INFO     | trainer_1:_train_one_epoch:209 - test 30 cost time 8.68s, result: {'hit@1': 0.0104, 'ndcg@1': 0.0104, 'hit@5': 0.0368, 'ndcg@5': 0.0236, 'hit@10': 0.0602, 'ndcg@10': 0.0312, 'hit@15': 0.0814, 'ndcg@15': 0.0368, 'hit@20': 0.1006, 'ndcg@20': 0.0413, 'hit@40': 0.1637, 'ndcg@40': 0.0541} 
2024-10-11 22:35:15.946 | INFO     | trainer_1:train_model:163 - training end, best iteration 25, results: {'hit@1': 0.0157, 'ndcg@1': 0.0157, 'hit@5': 0.0581, 'ndcg@5': 0.037, 'hit@10': 0.0941, 'ndcg@10': 0.0485, 'hit@15': 0.127, 'ndcg@15': 0.0572, 'hit@20': 0.1514, 'ndcg@20': 0.063, 'hit@40': 0.2361, 'ndcg@40': 0.0802}
2024-10-11 22:35:15.946 | INFO     | trainer_1:train_model:166 - final test result is:  {'hit@1': 0.0103, 'ndcg@1': 0.0103, 'hit@5': 0.0391, 'ndcg@5': 0.0248, 'hit@10': 0.0646, 'ndcg@10': 0.0329, 'hit@15': 0.0851, 'ndcg@15': 0.0383, 'hit@20': 0.1045, 'ndcg@20': 0.0429, 'hit@40': 0.1672, 'ndcg@40': 0.0556}
2024-10-11 22:35:16.404 | INFO     | __main__:<module>:119 - train end total cost time: 2195.9799389839172
