2024-10-11 15:29:15.893 | INFO     | __main__:<module>:105 - Namespace(TIME='2024-10-11 15_28_41', batch_size=1024, behaviors=['view', 'cart', 'buy'], check_point='model_pre_1_2024-10-08 12_42_42.pth', data_name='beibei', data_path='./data/beibei', decay=0.001, device='cuda:1', dim_qk=32, dim_v=64, distill_layers=2, distill_thres=0.5, distill_topK=20, distill_userK=6, embedding_size=64, epochs=100, gpu_no=1, if_load_model=True, ii_lambda=200, initializer_range=0.02, layers=2, loss_type='bpr', lr=0.001, message_dropout=0.25, metrics=['hit', 'ndcg'], min_epoch=5, model_name='main_1', model_path='./check_point', node_dropout=0.75, omega=1, pt_loop=50, reg_weight=0.001, test_batch_size=1024, testbatch=1024, topk=[1, 5, 10, 15, 20, 40], uu_lambda=100)
2024-10-11 15:29:15.894 | INFO     | __main__:<module>:106 - BIPN(
  (message_dropout): Dropout(p=0.25, inplace=False)
  (user_embedding): Embedding(21717, 64, padding_idx=0)
  (item_embedding): Embedding(7978, 64, padding_idx=0)
  (global_Graph): LightGCN()
  (Graph_encoder): ModuleDict(
    (view): GraphEncoder(
      (light): LightGCN()
      (dropout): Dropout(p=0.75, inplace=False)
    )
    (cart): GraphEncoder(
      (light): LightGCN()
      (dropout): Dropout(p=0.75, inplace=False)
    )
    (buy): GraphEncoder(
      (light): LightGCN()
      (dropout): Dropout(p=0.75, inplace=False)
    )
  )
  (attention): Mutual_Attention()
  (bpr_loss): BPRLoss()
  (emb_loss): EmbLoss()
  (f): Sigmoid()
)
2024-10-11 15:48:46.230 | INFO     | trainer_1:_train_one_epoch:193 - epoch 1 6.46s Train loss is [0.9809] 
2024-10-11 15:48:53.879 | INFO     | trainer_1:_train_one_epoch:201 - validate 1 cost time 7.65s, result: {'hit@1': 0.0058, 'ndcg@1': 0.0058, 'hit@5': 0.0233, 'ndcg@5': 0.0144, 'hit@10': 0.0411, 'ndcg@10': 0.0201, 'hit@15': 0.0581, 'ndcg@15': 0.0246, 'hit@20': 0.0739, 'ndcg@20': 0.0284, 'hit@40': 0.1301, 'ndcg@40': 0.0398} 
2024-10-11 15:49:00.820 | INFO     | trainer_1:_train_one_epoch:209 - test 1 cost time 6.94s, result: {'hit@1': 0.0031, 'ndcg@1': 0.0031, 'hit@5': 0.0166, 'ndcg@5': 0.0098, 'hit@10': 0.03, 'ndcg@10': 0.0141, 'hit@15': 0.0426, 'ndcg@15': 0.0174, 'hit@20': 0.0558, 'ndcg@20': 0.0205, 'hit@40': 0.099, 'ndcg@40': 0.0293} 
2024-10-11 15:49:17.262 | INFO     | trainer_1:_train_one_epoch:193 - epoch 2 6.16s Train loss is [0.7607] 
2024-10-11 15:49:24.880 | INFO     | trainer_1:_train_one_epoch:201 - validate 2 cost time 7.62s, result: {'hit@1': 0.0084, 'ndcg@1': 0.0084, 'hit@5': 0.0327, 'ndcg@5': 0.0204, 'hit@10': 0.0563, 'ndcg@10': 0.028, 'hit@15': 0.0788, 'ndcg@15': 0.034, 'hit@20': 0.0959, 'ndcg@20': 0.038, 'hit@40': 0.1584, 'ndcg@40': 0.0507} 
2024-10-11 15:49:32.491 | INFO     | trainer_1:_train_one_epoch:209 - test 2 cost time 7.61s, result: {'hit@1': 0.0042, 'ndcg@1': 0.0042, 'hit@5': 0.0201, 'ndcg@5': 0.012, 'hit@10': 0.0366, 'ndcg@10': 0.0173, 'hit@15': 0.0522, 'ndcg@15': 0.0214, 'hit@20': 0.0663, 'ndcg@20': 0.0247, 'hit@40': 0.1131, 'ndcg@40': 0.0342} 
2024-10-11 15:49:50.086 | INFO     | trainer_1:_train_one_epoch:193 - epoch 3 6.34s Train loss is [0.6587] 
2024-10-11 15:49:56.472 | INFO     | trainer_1:_train_one_epoch:201 - validate 3 cost time 6.39s, result: {'hit@1': 0.0076, 'ndcg@1': 0.0076, 'hit@5': 0.0326, 'ndcg@5': 0.02, 'hit@10': 0.0589, 'ndcg@10': 0.0284, 'hit@15': 0.0821, 'ndcg@15': 0.0345, 'hit@20': 0.101, 'ndcg@20': 0.039, 'hit@40': 0.1662, 'ndcg@40': 0.0523} 
2024-10-11 15:50:04.147 | INFO     | trainer_1:_train_one_epoch:209 - test 3 cost time 7.67s, result: {'hit@1': 0.0049, 'ndcg@1': 0.0049, 'hit@5': 0.0221, 'ndcg@5': 0.0135, 'hit@10': 0.0402, 'ndcg@10': 0.0193, 'hit@15': 0.0565, 'ndcg@15': 0.0235, 'hit@20': 0.0713, 'ndcg@20': 0.027, 'hit@40': 0.1258, 'ndcg@40': 0.0381} 
2024-10-11 15:50:21.060 | INFO     | trainer_1:_train_one_epoch:193 - epoch 4 6.58s Train loss is [0.5857] 
2024-10-11 15:50:27.064 | INFO     | trainer_1:_train_one_epoch:201 - validate 4 cost time 6.00s, result: {'hit@1': 0.0091, 'ndcg@1': 0.0091, 'hit@5': 0.0361, 'ndcg@5': 0.0223, 'hit@10': 0.0629, 'ndcg@10': 0.031, 'hit@15': 0.0904, 'ndcg@15': 0.0383, 'hit@20': 0.1121, 'ndcg@20': 0.0434, 'hit@40': 0.1837, 'ndcg@40': 0.0579} 
2024-10-11 15:50:34.646 | INFO     | trainer_1:_train_one_epoch:209 - test 4 cost time 7.58s, result: {'hit@1': 0.006, 'ndcg@1': 0.006, 'hit@5': 0.0247, 'ndcg@5': 0.0151, 'hit@10': 0.0428, 'ndcg@10': 0.0209, 'hit@15': 0.0604, 'ndcg@15': 0.0255, 'hit@20': 0.0779, 'ndcg@20': 0.0297, 'hit@40': 0.1352, 'ndcg@40': 0.0413} 
2024-10-11 15:50:55.986 | INFO     | trainer_1:_train_one_epoch:193 - epoch 5 10.46s Train loss is [0.5633] 
2024-10-11 15:51:02.104 | INFO     | trainer_1:_train_one_epoch:201 - validate 5 cost time 6.12s, result: {'hit@1': 0.01, 'ndcg@1': 0.01, 'hit@5': 0.0345, 'ndcg@5': 0.0221, 'hit@10': 0.06, 'ndcg@10': 0.0303, 'hit@15': 0.0846, 'ndcg@15': 0.0368, 'hit@20': 0.1063, 'ndcg@20': 0.0419, 'hit@40': 0.1789, 'ndcg@40': 0.0566} 
2024-10-11 15:51:08.065 | INFO     | trainer_1:_train_one_epoch:209 - test 5 cost time 5.96s, result: {'hit@1': 0.0058, 'ndcg@1': 0.0058, 'hit@5': 0.0222, 'ndcg@5': 0.0138, 'hit@10': 0.039, 'ndcg@10': 0.0192, 'hit@15': 0.0552, 'ndcg@15': 0.0235, 'hit@20': 0.0701, 'ndcg@20': 0.027, 'hit@40': 0.124, 'ndcg@40': 0.0379} 
2024-10-11 15:51:14.973 | INFO     | trainer_1:_train_one_epoch:193 - epoch 6 6.90s Train loss is [0.5463] 
2024-10-11 15:51:22.685 | INFO     | trainer_1:_train_one_epoch:201 - validate 6 cost time 7.71s, result: {'hit@1': 0.0098, 'ndcg@1': 0.0098, 'hit@5': 0.0378, 'ndcg@5': 0.0238, 'hit@10': 0.0643, 'ndcg@10': 0.0324, 'hit@15': 0.0886, 'ndcg@15': 0.0388, 'hit@20': 0.1109, 'ndcg@20': 0.0441, 'hit@40': 0.1798, 'ndcg@40': 0.0581} 
2024-10-11 15:51:30.338 | INFO     | trainer_1:_train_one_epoch:209 - test 6 cost time 7.65s, result: {'hit@1': 0.0054, 'ndcg@1': 0.0054, 'hit@5': 0.0242, 'ndcg@5': 0.0147, 'hit@10': 0.0419, 'ndcg@10': 0.0203, 'hit@15': 0.0581, 'ndcg@15': 0.0246, 'hit@20': 0.0735, 'ndcg@20': 0.0283, 'hit@40': 0.127, 'ndcg@40': 0.0391} 
2024-10-11 15:51:36.834 | INFO     | trainer_1:_train_one_epoch:193 - epoch 7 6.49s Train loss is [0.5207] 
2024-10-11 15:51:42.799 | INFO     | trainer_1:_train_one_epoch:201 - validate 7 cost time 5.96s, result: {'hit@1': 0.0102, 'ndcg@1': 0.0102, 'hit@5': 0.0401, 'ndcg@5': 0.025, 'hit@10': 0.0704, 'ndcg@10': 0.0347, 'hit@15': 0.097, 'ndcg@15': 0.0418, 'hit@20': 0.1202, 'ndcg@20': 0.0473, 'hit@40': 0.1927, 'ndcg@40': 0.062} 
2024-10-11 15:51:50.015 | INFO     | trainer_1:_train_one_epoch:209 - test 7 cost time 7.22s, result: {'hit@1': 0.0063, 'ndcg@1': 0.0063, 'hit@5': 0.0235, 'ndcg@5': 0.0148, 'hit@10': 0.0445, 'ndcg@10': 0.0215, 'hit@15': 0.0633, 'ndcg@15': 0.0265, 'hit@20': 0.0811, 'ndcg@20': 0.0307, 'hit@40': 0.1369, 'ndcg@40': 0.042} 
2024-10-11 15:52:06.953 | INFO     | trainer_1:_train_one_epoch:193 - epoch 8 6.28s Train loss is [0.5037] 
2024-10-11 15:52:12.729 | INFO     | trainer_1:_train_one_epoch:201 - validate 8 cost time 5.78s, result: {'hit@1': 0.0096, 'ndcg@1': 0.0096, 'hit@5': 0.0397, 'ndcg@5': 0.0244, 'hit@10': 0.068, 'ndcg@10': 0.0335, 'hit@15': 0.0923, 'ndcg@15': 0.0399, 'hit@20': 0.1161, 'ndcg@20': 0.0455, 'hit@40': 0.1929, 'ndcg@40': 0.0612} 
2024-10-11 15:52:18.368 | INFO     | trainer_1:_train_one_epoch:209 - test 8 cost time 5.64s, result: {'hit@1': 0.0064, 'ndcg@1': 0.0064, 'hit@5': 0.0259, 'ndcg@5': 0.016, 'hit@10': 0.0462, 'ndcg@10': 0.0225, 'hit@15': 0.063, 'ndcg@15': 0.0269, 'hit@20': 0.0809, 'ndcg@20': 0.0311, 'hit@40': 0.141, 'ndcg@40': 0.0433} 
2024-10-11 15:52:35.231 | INFO     | trainer_1:_train_one_epoch:193 - epoch 9 6.29s Train loss is [0.4962] 
2024-10-11 15:52:42.480 | INFO     | trainer_1:_train_one_epoch:201 - validate 9 cost time 7.25s, result: {'hit@1': 0.0109, 'ndcg@1': 0.0109, 'hit@5': 0.0437, 'ndcg@5': 0.0272, 'hit@10': 0.0746, 'ndcg@10': 0.0371, 'hit@15': 0.1026, 'ndcg@15': 0.0445, 'hit@20': 0.1247, 'ndcg@20': 0.0497, 'hit@40': 0.2047, 'ndcg@40': 0.066} 
2024-10-11 15:52:48.845 | INFO     | trainer_1:_train_one_epoch:209 - test 9 cost time 6.36s, result: {'hit@1': 0.0077, 'ndcg@1': 0.0077, 'hit@5': 0.0265, 'ndcg@5': 0.017, 'hit@10': 0.0481, 'ndcg@10': 0.024, 'hit@15': 0.0662, 'ndcg@15': 0.0287, 'hit@20': 0.0845, 'ndcg@20': 0.0331, 'hit@40': 0.1462, 'ndcg@40': 0.0456} 
2024-10-11 15:53:06.201 | INFO     | trainer_1:_train_one_epoch:193 - epoch 10 6.75s Train loss is [0.4813] 
2024-10-11 15:53:15.178 | INFO     | trainer_1:_train_one_epoch:201 - validate 10 cost time 8.98s, result: {'hit@1': 0.0104, 'ndcg@1': 0.0104, 'hit@5': 0.0449, 'ndcg@5': 0.0275, 'hit@10': 0.0746, 'ndcg@10': 0.037, 'hit@15': 0.1011, 'ndcg@15': 0.044, 'hit@20': 0.1242, 'ndcg@20': 0.0495, 'hit@40': 0.2018, 'ndcg@40': 0.0653} 
2024-10-11 15:53:21.672 | INFO     | trainer_1:_train_one_epoch:209 - test 10 cost time 6.49s, result: {'hit@1': 0.0078, 'ndcg@1': 0.0078, 'hit@5': 0.0288, 'ndcg@5': 0.0182, 'hit@10': 0.0512, 'ndcg@10': 0.0254, 'hit@15': 0.0693, 'ndcg@15': 0.0302, 'hit@20': 0.0867, 'ndcg@20': 0.0343, 'hit@40': 0.1466, 'ndcg@40': 0.0464} 
2024-10-11 15:53:39.849 | INFO     | trainer_1:_train_one_epoch:193 - epoch 11 6.86s Train loss is [0.4709] 
2024-10-11 15:53:48.753 | INFO     | trainer_1:_train_one_epoch:201 - validate 11 cost time 8.90s, result: {'hit@1': 0.0116, 'ndcg@1': 0.0116, 'hit@5': 0.0441, 'ndcg@5': 0.0277, 'hit@10': 0.0746, 'ndcg@10': 0.0375, 'hit@15': 0.1014, 'ndcg@15': 0.0446, 'hit@20': 0.125, 'ndcg@20': 0.0501, 'hit@40': 0.2029, 'ndcg@40': 0.066} 
2024-10-11 15:53:56.660 | INFO     | trainer_1:_train_one_epoch:209 - test 11 cost time 7.91s, result: {'hit@1': 0.0076, 'ndcg@1': 0.0076, 'hit@5': 0.0282, 'ndcg@5': 0.0179, 'hit@10': 0.0505, 'ndcg@10': 0.025, 'hit@15': 0.0683, 'ndcg@15': 0.0298, 'hit@20': 0.0871, 'ndcg@20': 0.0342, 'hit@40': 0.1458, 'ndcg@40': 0.0461} 
2024-10-11 15:54:03.447 | INFO     | trainer_1:_train_one_epoch:193 - epoch 12 6.79s Train loss is [0.4510] 
2024-10-11 15:54:10.344 | INFO     | trainer_1:_train_one_epoch:201 - validate 12 cost time 6.90s, result: {'hit@1': 0.0121, 'ndcg@1': 0.0121, 'hit@5': 0.0423, 'ndcg@5': 0.027, 'hit@10': 0.0705, 'ndcg@10': 0.036, 'hit@15': 0.0984, 'ndcg@15': 0.0434, 'hit@20': 0.1212, 'ndcg@20': 0.0488, 'hit@40': 0.2005, 'ndcg@40': 0.0649} 
2024-10-11 15:54:17.013 | INFO     | trainer_1:_train_one_epoch:209 - test 12 cost time 6.67s, result: {'hit@1': 0.0065, 'ndcg@1': 0.0065, 'hit@5': 0.0261, 'ndcg@5': 0.0162, 'hit@10': 0.0473, 'ndcg@10': 0.023, 'hit@15': 0.0651, 'ndcg@15': 0.0277, 'hit@20': 0.0813, 'ndcg@20': 0.0315, 'hit@40': 0.1406, 'ndcg@40': 0.0435} 
2024-10-11 15:54:23.894 | INFO     | trainer_1:_train_one_epoch:193 - epoch 13 6.88s Train loss is [0.4546] 
2024-10-11 15:54:32.944 | INFO     | trainer_1:_train_one_epoch:201 - validate 13 cost time 9.05s, result: {'hit@1': 0.0134, 'ndcg@1': 0.0134, 'hit@5': 0.0466, 'ndcg@5': 0.0298, 'hit@10': 0.0776, 'ndcg@10': 0.0397, 'hit@15': 0.1042, 'ndcg@15': 0.0467, 'hit@20': 0.128, 'ndcg@20': 0.0523, 'hit@40': 0.2032, 'ndcg@40': 0.0676} 
2024-10-11 15:54:41.910 | INFO     | trainer_1:_train_one_epoch:209 - test 13 cost time 8.97s, result: {'hit@1': 0.0075, 'ndcg@1': 0.0075, 'hit@5': 0.0299, 'ndcg@5': 0.0186, 'hit@10': 0.051, 'ndcg@10': 0.0254, 'hit@15': 0.0703, 'ndcg@15': 0.0305, 'hit@20': 0.0866, 'ndcg@20': 0.0343, 'hit@40': 0.1432, 'ndcg@40': 0.0458} 
2024-10-11 15:54:48.303 | INFO     | trainer_1:_train_one_epoch:193 - epoch 14 6.39s Train loss is [0.4474] 
2024-10-11 15:54:54.246 | INFO     | trainer_1:_train_one_epoch:201 - validate 14 cost time 5.94s, result: {'hit@1': 0.0135, 'ndcg@1': 0.0135, 'hit@5': 0.0497, 'ndcg@5': 0.0317, 'hit@10': 0.0811, 'ndcg@10': 0.0417, 'hit@15': 0.1098, 'ndcg@15': 0.0493, 'hit@20': 0.1346, 'ndcg@20': 0.0551, 'hit@40': 0.2114, 'ndcg@40': 0.0707} 
2024-10-11 15:55:01.522 | INFO     | trainer_1:_train_one_epoch:209 - test 14 cost time 7.28s, result: {'hit@1': 0.0093, 'ndcg@1': 0.0093, 'hit@5': 0.0326, 'ndcg@5': 0.0207, 'hit@10': 0.0536, 'ndcg@10': 0.0275, 'hit@15': 0.0739, 'ndcg@15': 0.0328, 'hit@20': 0.0912, 'ndcg@20': 0.0369, 'hit@40': 0.1502, 'ndcg@40': 0.0489} 
2024-10-11 15:55:18.782 | INFO     | trainer_1:_train_one_epoch:193 - epoch 15 6.32s Train loss is [0.4248] 
2024-10-11 15:55:24.699 | INFO     | trainer_1:_train_one_epoch:201 - validate 15 cost time 5.92s, result: {'hit@1': 0.0146, 'ndcg@1': 0.0146, 'hit@5': 0.0524, 'ndcg@5': 0.0335, 'hit@10': 0.0867, 'ndcg@10': 0.0445, 'hit@15': 0.1158, 'ndcg@15': 0.0522, 'hit@20': 0.1408, 'ndcg@20': 0.0581, 'hit@40': 0.2223, 'ndcg@40': 0.0746} 
2024-10-11 15:55:31.514 | INFO     | trainer_1:_train_one_epoch:209 - test 15 cost time 6.81s, result: {'hit@1': 0.0088, 'ndcg@1': 0.0088, 'hit@5': 0.0337, 'ndcg@5': 0.0212, 'hit@10': 0.0578, 'ndcg@10': 0.0289, 'hit@15': 0.0778, 'ndcg@15': 0.0341, 'hit@20': 0.0956, 'ndcg@20': 0.0383, 'hit@40': 0.1568, 'ndcg@40': 0.0508} 
2024-10-11 15:55:51.472 | INFO     | trainer_1:_train_one_epoch:193 - epoch 16 9.04s Train loss is [0.4273] 
2024-10-11 15:55:58.318 | INFO     | trainer_1:_train_one_epoch:201 - validate 16 cost time 6.84s, result: {'hit@1': 0.0138, 'ndcg@1': 0.0138, 'hit@5': 0.0504, 'ndcg@5': 0.0321, 'hit@10': 0.0839, 'ndcg@10': 0.0428, 'hit@15': 0.1134, 'ndcg@15': 0.0506, 'hit@20': 0.1395, 'ndcg@20': 0.0567, 'hit@40': 0.2203, 'ndcg@40': 0.0732} 
2024-10-11 15:56:07.353 | INFO     | trainer_1:_train_one_epoch:209 - test 16 cost time 9.04s, result: {'hit@1': 0.0093, 'ndcg@1': 0.0093, 'hit@5': 0.0315, 'ndcg@5': 0.0203, 'hit@10': 0.0552, 'ndcg@10': 0.0279, 'hit@15': 0.0754, 'ndcg@15': 0.0332, 'hit@20': 0.0925, 'ndcg@20': 0.0373, 'hit@40': 0.1537, 'ndcg@40': 0.0497} 
2024-10-11 15:56:13.780 | INFO     | trainer_1:_train_one_epoch:193 - epoch 17 6.43s Train loss is [0.4185] 
2024-10-11 15:56:21.628 | INFO     | trainer_1:_train_one_epoch:201 - validate 17 cost time 7.85s, result: {'hit@1': 0.0152, 'ndcg@1': 0.0152, 'hit@5': 0.0548, 'ndcg@5': 0.0349, 'hit@10': 0.0897, 'ndcg@10': 0.0461, 'hit@15': 0.121, 'ndcg@15': 0.0544, 'hit@20': 0.1496, 'ndcg@20': 0.0611, 'hit@40': 0.2341, 'ndcg@40': 0.0783} 
2024-10-11 15:56:27.918 | INFO     | trainer_1:_train_one_epoch:209 - test 17 cost time 6.29s, result: {'hit@1': 0.0099, 'ndcg@1': 0.0099, 'hit@5': 0.0351, 'ndcg@5': 0.0224, 'hit@10': 0.0592, 'ndcg@10': 0.0302, 'hit@15': 0.0821, 'ndcg@15': 0.0362, 'hit@20': 0.1017, 'ndcg@20': 0.0408, 'hit@40': 0.1697, 'ndcg@40': 0.0546} 
2024-10-11 15:56:44.986 | INFO     | trainer_1:_train_one_epoch:193 - epoch 18 6.27s Train loss is [0.4096] 
2024-10-11 15:56:53.151 | INFO     | trainer_1:_train_one_epoch:201 - validate 18 cost time 8.16s, result: {'hit@1': 0.0144, 'ndcg@1': 0.0144, 'hit@5': 0.053, 'ndcg@5': 0.0336, 'hit@10': 0.086, 'ndcg@10': 0.0442, 'hit@15': 0.1148, 'ndcg@15': 0.0518, 'hit@20': 0.1412, 'ndcg@20': 0.058, 'hit@40': 0.2208, 'ndcg@40': 0.0742} 
2024-10-11 15:57:00.898 | INFO     | trainer_1:_train_one_epoch:209 - test 18 cost time 7.75s, result: {'hit@1': 0.0097, 'ndcg@1': 0.0097, 'hit@5': 0.0344, 'ndcg@5': 0.022, 'hit@10': 0.0585, 'ndcg@10': 0.0297, 'hit@15': 0.0793, 'ndcg@15': 0.0352, 'hit@20': 0.0966, 'ndcg@20': 0.0393, 'hit@40': 0.1583, 'ndcg@40': 0.0518} 
2024-10-11 15:57:06.970 | INFO     | trainer_1:_train_one_epoch:193 - epoch 19 6.07s Train loss is [0.4079] 
2024-10-11 15:57:12.655 | INFO     | trainer_1:_train_one_epoch:201 - validate 19 cost time 5.68s, result: {'hit@1': 0.0151, 'ndcg@1': 0.0151, 'hit@5': 0.0523, 'ndcg@5': 0.0337, 'hit@10': 0.0875, 'ndcg@10': 0.045, 'hit@15': 0.1152, 'ndcg@15': 0.0523, 'hit@20': 0.1433, 'ndcg@20': 0.0589, 'hit@40': 0.2269, 'ndcg@40': 0.076} 
2024-10-11 15:57:19.638 | INFO     | trainer_1:_train_one_epoch:209 - test 19 cost time 6.98s, result: {'hit@1': 0.0092, 'ndcg@1': 0.0092, 'hit@5': 0.0349, 'ndcg@5': 0.0219, 'hit@10': 0.0579, 'ndcg@10': 0.0293, 'hit@15': 0.0805, 'ndcg@15': 0.0353, 'hit@20': 0.0993, 'ndcg@20': 0.0397, 'hit@40': 0.1616, 'ndcg@40': 0.0524} 
2024-10-11 15:57:25.753 | INFO     | trainer_1:_train_one_epoch:193 - epoch 20 6.11s Train loss is [0.3976] 
2024-10-11 15:57:33.649 | INFO     | trainer_1:_train_one_epoch:201 - validate 20 cost time 7.90s, result: {'hit@1': 0.0143, 'ndcg@1': 0.0143, 'hit@5': 0.0513, 'ndcg@5': 0.0328, 'hit@10': 0.0882, 'ndcg@10': 0.0447, 'hit@15': 0.1161, 'ndcg@15': 0.052, 'hit@20': 0.141, 'ndcg@20': 0.0579, 'hit@40': 0.2246, 'ndcg@40': 0.075} 
2024-10-11 15:57:40.996 | INFO     | trainer_1:_train_one_epoch:209 - test 20 cost time 7.35s, result: {'hit@1': 0.0088, 'ndcg@1': 0.0088, 'hit@5': 0.0343, 'ndcg@5': 0.0216, 'hit@10': 0.0586, 'ndcg@10': 0.0294, 'hit@15': 0.0803, 'ndcg@15': 0.0351, 'hit@20': 0.1004, 'ndcg@20': 0.0398, 'hit@40': 0.1638, 'ndcg@40': 0.0527} 
2024-10-11 15:57:47.169 | INFO     | trainer_1:_train_one_epoch:193 - epoch 21 6.17s Train loss is [0.3912] 
2024-10-11 15:57:53.126 | INFO     | trainer_1:_train_one_epoch:201 - validate 21 cost time 5.96s, result: {'hit@1': 0.0151, 'ndcg@1': 0.0151, 'hit@5': 0.0553, 'ndcg@5': 0.0351, 'hit@10': 0.0916, 'ndcg@10': 0.0467, 'hit@15': 0.1212, 'ndcg@15': 0.0545, 'hit@20': 0.146, 'ndcg@20': 0.0603, 'hit@40': 0.2342, 'ndcg@40': 0.0783} 
2024-10-11 15:58:01.624 | INFO     | trainer_1:_train_one_epoch:209 - test 21 cost time 8.50s, result: {'hit@1': 0.0096, 'ndcg@1': 0.0096, 'hit@5': 0.0363, 'ndcg@5': 0.0229, 'hit@10': 0.0602, 'ndcg@10': 0.0306, 'hit@15': 0.0808, 'ndcg@15': 0.036, 'hit@20': 0.0998, 'ndcg@20': 0.0405, 'hit@40': 0.1634, 'ndcg@40': 0.0534} 
2024-10-11 15:58:18.393 | INFO     | trainer_1:_train_one_epoch:193 - epoch 22 6.18s Train loss is [0.3829] 
2024-10-11 15:58:24.317 | INFO     | trainer_1:_train_one_epoch:201 - validate 22 cost time 5.92s, result: {'hit@1': 0.0153, 'ndcg@1': 0.0153, 'hit@5': 0.0544, 'ndcg@5': 0.0351, 'hit@10': 0.0907, 'ndcg@10': 0.0467, 'hit@15': 0.1214, 'ndcg@15': 0.0548, 'hit@20': 0.1486, 'ndcg@20': 0.0612, 'hit@40': 0.2347, 'ndcg@40': 0.0787} 
2024-10-11 15:58:31.075 | INFO     | trainer_1:_train_one_epoch:209 - test 22 cost time 6.76s, result: {'hit@1': 0.0093, 'ndcg@1': 0.0093, 'hit@5': 0.036, 'ndcg@5': 0.0225, 'hit@10': 0.0606, 'ndcg@10': 0.0304, 'hit@15': 0.0839, 'ndcg@15': 0.0366, 'hit@20': 0.1036, 'ndcg@20': 0.0412, 'hit@40': 0.1657, 'ndcg@40': 0.0538} 
2024-10-11 15:58:47.909 | INFO     | trainer_1:_train_one_epoch:193 - epoch 23 6.23s Train loss is [0.3863] 
2024-10-11 15:58:53.777 | INFO     | trainer_1:_train_one_epoch:201 - validate 23 cost time 5.87s, result: {'hit@1': 0.0157, 'ndcg@1': 0.0157, 'hit@5': 0.0541, 'ndcg@5': 0.0349, 'hit@10': 0.0913, 'ndcg@10': 0.0468, 'hit@15': 0.1224, 'ndcg@15': 0.055, 'hit@20': 0.1497, 'ndcg@20': 0.0615, 'hit@40': 0.2357, 'ndcg@40': 0.079} 
2024-10-11 15:58:59.454 | INFO     | trainer_1:_train_one_epoch:209 - test 23 cost time 5.68s, result: {'hit@1': 0.0095, 'ndcg@1': 0.0095, 'hit@5': 0.0355, 'ndcg@5': 0.0225, 'hit@10': 0.061, 'ndcg@10': 0.0307, 'hit@15': 0.0823, 'ndcg@15': 0.0363, 'hit@20': 0.1011, 'ndcg@20': 0.0407, 'hit@40': 0.1655, 'ndcg@40': 0.0538} 
2024-10-11 15:59:16.162 | INFO     | trainer_1:_train_one_epoch:193 - epoch 24 6.25s Train loss is [0.3912] 
2024-10-11 15:59:23.852 | INFO     | trainer_1:_train_one_epoch:201 - validate 24 cost time 7.69s, result: {'hit@1': 0.0152, 'ndcg@1': 0.0152, 'hit@5': 0.0546, 'ndcg@5': 0.0349, 'hit@10': 0.0883, 'ndcg@10': 0.0457, 'hit@15': 0.1212, 'ndcg@15': 0.0544, 'hit@20': 0.1471, 'ndcg@20': 0.0605, 'hit@40': 0.2302, 'ndcg@40': 0.0774} 
2024-10-11 15:59:29.664 | INFO     | trainer_1:_train_one_epoch:209 - test 24 cost time 5.81s, result: {'hit@1': 0.0086, 'ndcg@1': 0.0086, 'hit@5': 0.0373, 'ndcg@5': 0.023, 'hit@10': 0.062, 'ndcg@10': 0.031, 'hit@15': 0.0824, 'ndcg@15': 0.0363, 'hit@20': 0.1005, 'ndcg@20': 0.0406, 'hit@40': 0.1632, 'ndcg@40': 0.0534} 
2024-10-11 15:59:46.574 | INFO     | trainer_1:_train_one_epoch:193 - epoch 25 6.48s Train loss is [0.3821] 
2024-10-11 15:59:54.596 | INFO     | trainer_1:_train_one_epoch:201 - validate 25 cost time 8.02s, result: {'hit@1': 0.0163, 'ndcg@1': 0.0163, 'hit@5': 0.0576, 'ndcg@5': 0.0372, 'hit@10': 0.0947, 'ndcg@10': 0.0491, 'hit@15': 0.1275, 'ndcg@15': 0.0578, 'hit@20': 0.1516, 'ndcg@20': 0.0634, 'hit@40': 0.2353, 'ndcg@40': 0.0805} 
2024-10-11 16:00:01.651 | INFO     | trainer_1:_train_one_epoch:209 - test 25 cost time 7.05s, result: {'hit@1': 0.0103, 'ndcg@1': 0.0103, 'hit@5': 0.0389, 'ndcg@5': 0.0247, 'hit@10': 0.0639, 'ndcg@10': 0.0327, 'hit@15': 0.0847, 'ndcg@15': 0.0382, 'hit@20': 0.1043, 'ndcg@20': 0.0428, 'hit@40': 0.1675, 'ndcg@40': 0.0557} 
2024-10-11 16:00:19.314 | INFO     | trainer_1:_train_one_epoch:193 - epoch 26 6.38s Train loss is [0.3738] 
2024-10-11 16:00:27.309 | INFO     | trainer_1:_train_one_epoch:201 - validate 26 cost time 7.99s, result: {'hit@1': 0.0153, 'ndcg@1': 0.0153, 'hit@5': 0.0564, 'ndcg@5': 0.0358, 'hit@10': 0.0927, 'ndcg@10': 0.0474, 'hit@15': 0.1236, 'ndcg@15': 0.0556, 'hit@20': 0.1502, 'ndcg@20': 0.0619, 'hit@40': 0.2386, 'ndcg@40': 0.0799} 
2024-10-11 16:00:35.094 | INFO     | trainer_1:_train_one_epoch:209 - test 26 cost time 7.78s, result: {'hit@1': 0.0095, 'ndcg@1': 0.0095, 'hit@5': 0.0374, 'ndcg@5': 0.0233, 'hit@10': 0.062, 'ndcg@10': 0.0312, 'hit@15': 0.0837, 'ndcg@15': 0.0369, 'hit@20': 0.1022, 'ndcg@20': 0.0413, 'hit@40': 0.1693, 'ndcg@40': 0.0549} 
2024-10-11 16:00:41.484 | INFO     | trainer_1:_train_one_epoch:193 - epoch 27 6.39s Train loss is [0.3737] 
2024-10-11 16:00:47.421 | INFO     | trainer_1:_train_one_epoch:201 - validate 27 cost time 5.94s, result: {'hit@1': 0.0149, 'ndcg@1': 0.0149, 'hit@5': 0.0543, 'ndcg@5': 0.0349, 'hit@10': 0.0912, 'ndcg@10': 0.0466, 'hit@15': 0.1201, 'ndcg@15': 0.0542, 'hit@20': 0.1477, 'ndcg@20': 0.0608, 'hit@40': 0.2299, 'ndcg@40': 0.0775} 
2024-10-11 16:00:53.434 | INFO     | trainer_1:_train_one_epoch:209 - test 27 cost time 6.01s, result: {'hit@1': 0.0104, 'ndcg@1': 0.0104, 'hit@5': 0.0367, 'ndcg@5': 0.0236, 'hit@10': 0.0611, 'ndcg@10': 0.0315, 'hit@15': 0.0832, 'ndcg@15': 0.0373, 'hit@20': 0.1014, 'ndcg@20': 0.0416, 'hit@40': 0.1666, 'ndcg@40': 0.0549} 
2024-10-11 16:00:59.758 | INFO     | trainer_1:_train_one_epoch:193 - epoch 28 6.32s Train loss is [0.3769] 
2024-10-11 16:01:08.250 | INFO     | trainer_1:_train_one_epoch:201 - validate 28 cost time 8.49s, result: {'hit@1': 0.0153, 'ndcg@1': 0.0153, 'hit@5': 0.0545, 'ndcg@5': 0.0349, 'hit@10': 0.0896, 'ndcg@10': 0.0461, 'hit@15': 0.1207, 'ndcg@15': 0.0543, 'hit@20': 0.1472, 'ndcg@20': 0.0606, 'hit@40': 0.2324, 'ndcg@40': 0.0779} 
2024-10-11 16:01:16.505 | INFO     | trainer_1:_train_one_epoch:209 - test 28 cost time 8.25s, result: {'hit@1': 0.01, 'ndcg@1': 0.01, 'hit@5': 0.0364, 'ndcg@5': 0.0231, 'hit@10': 0.0614, 'ndcg@10': 0.0311, 'hit@15': 0.0814, 'ndcg@15': 0.0364, 'hit@20': 0.1003, 'ndcg@20': 0.0409, 'hit@40': 0.1645, 'ndcg@40': 0.0539} 
2024-10-11 16:01:23.034 | INFO     | trainer_1:_train_one_epoch:193 - epoch 29 6.53s Train loss is [0.3760] 
2024-10-11 16:01:28.936 | INFO     | trainer_1:_train_one_epoch:201 - validate 29 cost time 5.90s, result: {'hit@1': 0.0151, 'ndcg@1': 0.0151, 'hit@5': 0.0547, 'ndcg@5': 0.0347, 'hit@10': 0.0897, 'ndcg@10': 0.0459, 'hit@15': 0.1195, 'ndcg@15': 0.0537, 'hit@20': 0.1442, 'ndcg@20': 0.0596, 'hit@40': 0.227, 'ndcg@40': 0.0764} 
2024-10-11 16:01:36.007 | INFO     | trainer_1:_train_one_epoch:209 - test 29 cost time 7.07s, result: {'hit@1': 0.0096, 'ndcg@1': 0.0096, 'hit@5': 0.0369, 'ndcg@5': 0.0233, 'hit@10': 0.0604, 'ndcg@10': 0.0308, 'hit@15': 0.0802, 'ndcg@15': 0.0361, 'hit@20': 0.0994, 'ndcg@20': 0.0406, 'hit@40': 0.1633, 'ndcg@40': 0.0536} 
2024-10-11 16:01:42.249 | INFO     | trainer_1:_train_one_epoch:193 - epoch 30 6.24s Train loss is [0.3752] 
2024-10-11 16:01:50.315 | INFO     | trainer_1:_train_one_epoch:201 - validate 30 cost time 8.07s, result: {'hit@1': 0.0167, 'ndcg@1': 0.0167, 'hit@5': 0.0564, 'ndcg@5': 0.0366, 'hit@10': 0.0924, 'ndcg@10': 0.0481, 'hit@15': 0.1224, 'ndcg@15': 0.056, 'hit@20': 0.1498, 'ndcg@20': 0.0625, 'hit@40': 0.234, 'ndcg@40': 0.0796} 
2024-10-11 16:01:57.835 | INFO     | trainer_1:_train_one_epoch:209 - test 30 cost time 7.52s, result: {'hit@1': 0.0103, 'ndcg@1': 0.0103, 'hit@5': 0.0378, 'ndcg@5': 0.0241, 'hit@10': 0.0604, 'ndcg@10': 0.0313, 'hit@15': 0.0817, 'ndcg@15': 0.0369, 'hit@20': 0.1002, 'ndcg@20': 0.0413, 'hit@40': 0.1642, 'ndcg@40': 0.0543} 
2024-10-11 16:01:57.845 | INFO     | trainer_1:train_model:163 - training end, best iteration 25, results: {'hit@1': 0.0163, 'ndcg@1': 0.0163, 'hit@5': 0.0576, 'ndcg@5': 0.0372, 'hit@10': 0.0947, 'ndcg@10': 0.0491, 'hit@15': 0.1275, 'ndcg@15': 0.0578, 'hit@20': 0.1516, 'ndcg@20': 0.0634, 'hit@40': 0.2353, 'ndcg@40': 0.0805}
2024-10-11 16:01:57.846 | INFO     | trainer_1:train_model:166 - final test result is:  {'hit@1': 0.0103, 'ndcg@1': 0.0103, 'hit@5': 0.0389, 'ndcg@5': 0.0247, 'hit@10': 0.0639, 'ndcg@10': 0.0327, 'hit@15': 0.0847, 'ndcg@15': 0.0382, 'hit@20': 0.1043, 'ndcg@20': 0.0428, 'hit@40': 0.1675, 'ndcg@40': 0.0557}
2024-10-11 16:01:58.129 | INFO     | __main__:<module>:119 - train end total cost time: 1996.4836876392365
