2024-10-11 14:33:52.337 | INFO     | __main__:<module>:105 - Namespace(TIME='2024-10-11 14_33_20', batch_size=1024, behaviors=['view', 'cart', 'buy'], check_point='model_pre_1_2024-10-08 12_42_42.pth', data_name='beibei', data_path='./data/beibei', decay=0.001, device='cuda:1', dim_qk=32, dim_v=64, distill_layers=2, distill_thres=0.5, distill_topK=20, distill_userK=2, embedding_size=64, epochs=100, gpu_no=1, if_load_model=True, ii_lambda=200, initializer_range=0.02, layers=2, loss_type='bpr', lr=0.001, message_dropout=0.25, metrics=['hit', 'ndcg'], min_epoch=5, model_name='main_1', model_path='./check_point', node_dropout=0.75, omega=1, pt_loop=50, reg_weight=0.001, test_batch_size=1024, testbatch=1024, topk=[1, 5, 10, 15, 20, 40], uu_lambda=100)
2024-10-11 14:33:52.337 | INFO     | __main__:<module>:106 - BIPN(
  (message_dropout): Dropout(p=0.25, inplace=False)
  (user_embedding): Embedding(21717, 64, padding_idx=0)
  (item_embedding): Embedding(7978, 64, padding_idx=0)
  (global_Graph): LightGCN()
  (Graph_encoder): ModuleDict(
    (view): GraphEncoder(
      (light): LightGCN()
      (dropout): Dropout(p=0.75, inplace=False)
    )
    (cart): GraphEncoder(
      (light): LightGCN()
      (dropout): Dropout(p=0.75, inplace=False)
    )
    (buy): GraphEncoder(
      (light): LightGCN()
      (dropout): Dropout(p=0.75, inplace=False)
    )
  )
  (attention): Mutual_Attention()
  (bpr_loss): BPRLoss()
  (emb_loss): EmbLoss()
  (f): Sigmoid()
)
2024-10-11 14:40:32.949 | INFO     | trainer_1:_train_one_epoch:193 - epoch 1 8.53s Train loss is [0.9764] 
2024-10-11 14:40:40.522 | INFO     | trainer_1:_train_one_epoch:201 - validate 1 cost time 7.57s, result: {'hit@1': 0.006, 'ndcg@1': 0.006, 'hit@5': 0.024, 'ndcg@5': 0.0148, 'hit@10': 0.0412, 'ndcg@10': 0.0203, 'hit@15': 0.0575, 'ndcg@15': 0.0246, 'hit@20': 0.0747, 'ndcg@20': 0.0287, 'hit@40': 0.1306, 'ndcg@40': 0.04} 
2024-10-11 14:40:47.873 | INFO     | trainer_1:_train_one_epoch:209 - test 1 cost time 7.35s, result: {'hit@1': 0.0033, 'ndcg@1': 0.0033, 'hit@5': 0.0166, 'ndcg@5': 0.0099, 'hit@10': 0.0307, 'ndcg@10': 0.0144, 'hit@15': 0.0425, 'ndcg@15': 0.0175, 'hit@20': 0.0559, 'ndcg@20': 0.0207, 'hit@40': 0.0994, 'ndcg@40': 0.0295} 
2024-10-11 14:41:07.888 | INFO     | trainer_1:_train_one_epoch:193 - epoch 2 9.84s Train loss is [0.7556] 
2024-10-11 14:41:15.672 | INFO     | trainer_1:_train_one_epoch:201 - validate 2 cost time 7.78s, result: {'hit@1': 0.0082, 'ndcg@1': 0.0082, 'hit@5': 0.0325, 'ndcg@5': 0.0203, 'hit@10': 0.0567, 'ndcg@10': 0.0281, 'hit@15': 0.0787, 'ndcg@15': 0.0339, 'hit@20': 0.0965, 'ndcg@20': 0.0381, 'hit@40': 0.158, 'ndcg@40': 0.0506} 
2024-10-11 14:41:23.492 | INFO     | trainer_1:_train_one_epoch:209 - test 2 cost time 7.82s, result: {'hit@1': 0.0042, 'ndcg@1': 0.0042, 'hit@5': 0.0197, 'ndcg@5': 0.0118, 'hit@10': 0.0369, 'ndcg@10': 0.0174, 'hit@15': 0.0526, 'ndcg@15': 0.0215, 'hit@20': 0.0663, 'ndcg@20': 0.0247, 'hit@40': 0.1136, 'ndcg@40': 0.0344} 
2024-10-11 14:41:44.607 | INFO     | trainer_1:_train_one_epoch:193 - epoch 3 10.90s Train loss is [0.6542] 
2024-10-11 14:41:52.328 | INFO     | trainer_1:_train_one_epoch:201 - validate 3 cost time 7.72s, result: {'hit@1': 0.0077, 'ndcg@1': 0.0077, 'hit@5': 0.0332, 'ndcg@5': 0.0202, 'hit@10': 0.0591, 'ndcg@10': 0.0285, 'hit@15': 0.0813, 'ndcg@15': 0.0344, 'hit@20': 0.1017, 'ndcg@20': 0.0392, 'hit@40': 0.1663, 'ndcg@40': 0.0523} 
2024-10-11 14:41:59.971 | INFO     | trainer_1:_train_one_epoch:209 - test 3 cost time 7.64s, result: {'hit@1': 0.005, 'ndcg@1': 0.005, 'hit@5': 0.0222, 'ndcg@5': 0.0136, 'hit@10': 0.0411, 'ndcg@10': 0.0196, 'hit@15': 0.0563, 'ndcg@15': 0.0236, 'hit@20': 0.0719, 'ndcg@20': 0.0273, 'hit@40': 0.1259, 'ndcg@40': 0.0383} 
2024-10-11 14:42:20.691 | INFO     | trainer_1:_train_one_epoch:193 - epoch 4 10.30s Train loss is [0.5812] 
2024-10-11 14:42:28.053 | INFO     | trainer_1:_train_one_epoch:201 - validate 4 cost time 7.36s, result: {'hit@1': 0.0091, 'ndcg@1': 0.0091, 'hit@5': 0.0367, 'ndcg@5': 0.0226, 'hit@10': 0.0638, 'ndcg@10': 0.0313, 'hit@15': 0.09, 'ndcg@15': 0.0382, 'hit@20': 0.1122, 'ndcg@20': 0.0434, 'hit@40': 0.1841, 'ndcg@40': 0.0581} 
2024-10-11 14:42:36.949 | INFO     | trainer_1:_train_one_epoch:209 - test 4 cost time 8.89s, result: {'hit@1': 0.006, 'ndcg@1': 0.006, 'hit@5': 0.0245, 'ndcg@5': 0.0151, 'hit@10': 0.0429, 'ndcg@10': 0.021, 'hit@15': 0.0605, 'ndcg@15': 0.0256, 'hit@20': 0.0785, 'ndcg@20': 0.0299, 'hit@40': 0.1356, 'ndcg@40': 0.0415} 
2024-10-11 14:42:54.585 | INFO     | trainer_1:_train_one_epoch:193 - epoch 5 7.48s Train loss is [0.5592] 
2024-10-11 14:42:59.811 | INFO     | trainer_1:_train_one_epoch:201 - validate 5 cost time 5.23s, result: {'hit@1': 0.0099, 'ndcg@1': 0.0099, 'hit@5': 0.0347, 'ndcg@5': 0.0221, 'hit@10': 0.0603, 'ndcg@10': 0.0303, 'hit@15': 0.0844, 'ndcg@15': 0.0367, 'hit@20': 0.1064, 'ndcg@20': 0.0418, 'hit@40': 0.1783, 'ndcg@40': 0.0565} 
2024-10-11 14:43:07.638 | INFO     | trainer_1:_train_one_epoch:209 - test 5 cost time 7.83s, result: {'hit@1': 0.0058, 'ndcg@1': 0.0058, 'hit@5': 0.0222, 'ndcg@5': 0.0138, 'hit@10': 0.0384, 'ndcg@10': 0.019, 'hit@15': 0.0553, 'ndcg@15': 0.0234, 'hit@20': 0.0699, 'ndcg@20': 0.0269, 'hit@40': 0.1251, 'ndcg@40': 0.038} 
2024-10-11 14:43:17.926 | INFO     | trainer_1:_train_one_epoch:193 - epoch 6 10.29s Train loss is [0.5429] 
2024-10-11 14:43:25.877 | INFO     | trainer_1:_train_one_epoch:201 - validate 6 cost time 7.95s, result: {'hit@1': 0.0101, 'ndcg@1': 0.0101, 'hit@5': 0.0382, 'ndcg@5': 0.0241, 'hit@10': 0.0646, 'ndcg@10': 0.0326, 'hit@15': 0.0887, 'ndcg@15': 0.039, 'hit@20': 0.1116, 'ndcg@20': 0.0444, 'hit@40': 0.1818, 'ndcg@40': 0.0586} 
2024-10-11 14:43:33.303 | INFO     | trainer_1:_train_one_epoch:209 - test 6 cost time 7.43s, result: {'hit@1': 0.0059, 'ndcg@1': 0.0059, 'hit@5': 0.0238, 'ndcg@5': 0.0148, 'hit@10': 0.0421, 'ndcg@10': 0.0207, 'hit@15': 0.0586, 'ndcg@15': 0.025, 'hit@20': 0.0739, 'ndcg@20': 0.0286, 'hit@40': 0.1274, 'ndcg@40': 0.0395} 
2024-10-11 14:43:40.921 | INFO     | trainer_1:_train_one_epoch:193 - epoch 7 7.62s Train loss is [0.5172] 
2024-10-11 14:43:46.133 | INFO     | trainer_1:_train_one_epoch:201 - validate 7 cost time 5.21s, result: {'hit@1': 0.0105, 'ndcg@1': 0.0105, 'hit@5': 0.0396, 'ndcg@5': 0.0249, 'hit@10': 0.0711, 'ndcg@10': 0.0349, 'hit@15': 0.097, 'ndcg@15': 0.0418, 'hit@20': 0.1204, 'ndcg@20': 0.0473, 'hit@40': 0.1932, 'ndcg@40': 0.0621} 
2024-10-11 14:43:51.555 | INFO     | trainer_1:_train_one_epoch:209 - test 7 cost time 5.42s, result: {'hit@1': 0.0061, 'ndcg@1': 0.0061, 'hit@5': 0.0238, 'ndcg@5': 0.0148, 'hit@10': 0.0452, 'ndcg@10': 0.0217, 'hit@15': 0.063, 'ndcg@15': 0.0264, 'hit@20': 0.0804, 'ndcg@20': 0.0305, 'hit@40': 0.1383, 'ndcg@40': 0.0423} 
2024-10-11 14:44:11.890 | INFO     | trainer_1:_train_one_epoch:193 - epoch 8 9.23s Train loss is [0.5006] 
2024-10-11 14:44:19.531 | INFO     | trainer_1:_train_one_epoch:201 - validate 8 cost time 7.64s, result: {'hit@1': 0.0094, 'ndcg@1': 0.0094, 'hit@5': 0.0394, 'ndcg@5': 0.0243, 'hit@10': 0.0679, 'ndcg@10': 0.0335, 'hit@15': 0.092, 'ndcg@15': 0.0398, 'hit@20': 0.1161, 'ndcg@20': 0.0455, 'hit@40': 0.1929, 'ndcg@40': 0.0612} 
2024-10-11 14:44:27.073 | INFO     | trainer_1:_train_one_epoch:209 - test 8 cost time 7.54s, result: {'hit@1': 0.0066, 'ndcg@1': 0.0066, 'hit@5': 0.0262, 'ndcg@5': 0.0162, 'hit@10': 0.0465, 'ndcg@10': 0.0227, 'hit@15': 0.0631, 'ndcg@15': 0.0271, 'hit@20': 0.0816, 'ndcg@20': 0.0314, 'hit@40': 0.141, 'ndcg@40': 0.0435} 
2024-10-11 14:44:46.294 | INFO     | trainer_1:_train_one_epoch:193 - epoch 9 8.85s Train loss is [0.4939] 
2024-10-11 14:44:52.907 | INFO     | trainer_1:_train_one_epoch:201 - validate 9 cost time 6.61s, result: {'hit@1': 0.0104, 'ndcg@1': 0.0104, 'hit@5': 0.0436, 'ndcg@5': 0.0269, 'hit@10': 0.0744, 'ndcg@10': 0.0368, 'hit@15': 0.1018, 'ndcg@15': 0.044, 'hit@20': 0.1246, 'ndcg@20': 0.0494, 'hit@40': 0.2065, 'ndcg@40': 0.066} 
2024-10-11 14:45:01.764 | INFO     | trainer_1:_train_one_epoch:209 - test 9 cost time 8.86s, result: {'hit@1': 0.0077, 'ndcg@1': 0.0077, 'hit@5': 0.0266, 'ndcg@5': 0.0171, 'hit@10': 0.0478, 'ndcg@10': 0.0239, 'hit@15': 0.0659, 'ndcg@15': 0.0287, 'hit@20': 0.0841, 'ndcg@20': 0.033, 'hit@40': 0.146, 'ndcg@40': 0.0456} 
2024-10-11 14:45:19.887 | INFO     | trainer_1:_train_one_epoch:193 - epoch 10 7.63s Train loss is [0.4796] 
2024-10-11 14:45:24.872 | INFO     | trainer_1:_train_one_epoch:201 - validate 10 cost time 4.98s, result: {'hit@1': 0.0104, 'ndcg@1': 0.0104, 'hit@5': 0.0449, 'ndcg@5': 0.0275, 'hit@10': 0.0744, 'ndcg@10': 0.0369, 'hit@15': 0.1013, 'ndcg@15': 0.044, 'hit@20': 0.1252, 'ndcg@20': 0.0497, 'hit@40': 0.201, 'ndcg@40': 0.0651} 
2024-10-11 14:45:30.820 | INFO     | trainer_1:_train_one_epoch:209 - test 10 cost time 5.95s, result: {'hit@1': 0.0081, 'ndcg@1': 0.0081, 'hit@5': 0.0292, 'ndcg@5': 0.0185, 'hit@10': 0.0511, 'ndcg@10': 0.0256, 'hit@15': 0.0693, 'ndcg@15': 0.0304, 'hit@20': 0.0866, 'ndcg@20': 0.0345, 'hit@40': 0.1477, 'ndcg@40': 0.0469} 
2024-10-11 14:45:50.499 | INFO     | trainer_1:_train_one_epoch:193 - epoch 11 8.51s Train loss is [0.4687] 
2024-10-11 14:45:59.529 | INFO     | trainer_1:_train_one_epoch:201 - validate 11 cost time 9.03s, result: {'hit@1': 0.0116, 'ndcg@1': 0.0116, 'hit@5': 0.044, 'ndcg@5': 0.0277, 'hit@10': 0.0746, 'ndcg@10': 0.0376, 'hit@15': 0.1012, 'ndcg@15': 0.0446, 'hit@20': 0.1242, 'ndcg@20': 0.05, 'hit@40': 0.2033, 'ndcg@40': 0.0661} 
2024-10-11 14:46:08.337 | INFO     | trainer_1:_train_one_epoch:209 - test 11 cost time 8.81s, result: {'hit@1': 0.0076, 'ndcg@1': 0.0076, 'hit@5': 0.0287, 'ndcg@5': 0.0181, 'hit@10': 0.0501, 'ndcg@10': 0.025, 'hit@15': 0.0693, 'ndcg@15': 0.03, 'hit@20': 0.0867, 'ndcg@20': 0.0341, 'hit@40': 0.1456, 'ndcg@40': 0.0461} 
2024-10-11 14:46:15.887 | INFO     | trainer_1:_train_one_epoch:193 - epoch 12 7.55s Train loss is [0.4489] 
2024-10-11 14:46:21.202 | INFO     | trainer_1:_train_one_epoch:201 - validate 12 cost time 5.32s, result: {'hit@1': 0.0124, 'ndcg@1': 0.0124, 'hit@5': 0.0422, 'ndcg@5': 0.0271, 'hit@10': 0.0701, 'ndcg@10': 0.036, 'hit@15': 0.0975, 'ndcg@15': 0.0432, 'hit@20': 0.1212, 'ndcg@20': 0.0488, 'hit@40': 0.1999, 'ndcg@40': 0.0649} 
2024-10-11 14:46:28.982 | INFO     | trainer_1:_train_one_epoch:209 - test 12 cost time 7.78s, result: {'hit@1': 0.0062, 'ndcg@1': 0.0062, 'hit@5': 0.0268, 'ndcg@5': 0.0164, 'hit@10': 0.0473, 'ndcg@10': 0.023, 'hit@15': 0.0655, 'ndcg@15': 0.0278, 'hit@20': 0.0812, 'ndcg@20': 0.0315, 'hit@40': 0.141, 'ndcg@40': 0.0436} 
2024-10-11 14:46:38.584 | INFO     | trainer_1:_train_one_epoch:193 - epoch 13 9.60s Train loss is [0.4522] 
2024-10-11 14:46:47.594 | INFO     | trainer_1:_train_one_epoch:201 - validate 13 cost time 9.01s, result: {'hit@1': 0.0133, 'ndcg@1': 0.0133, 'hit@5': 0.0466, 'ndcg@5': 0.0297, 'hit@10': 0.0794, 'ndcg@10': 0.0403, 'hit@15': 0.1046, 'ndcg@15': 0.0469, 'hit@20': 0.1283, 'ndcg@20': 0.0525, 'hit@40': 0.2039, 'ndcg@40': 0.0679} 
2024-10-11 14:46:56.345 | INFO     | trainer_1:_train_one_epoch:209 - test 13 cost time 8.75s, result: {'hit@1': 0.008, 'ndcg@1': 0.008, 'hit@5': 0.0296, 'ndcg@5': 0.0188, 'hit@10': 0.0528, 'ndcg@10': 0.0262, 'hit@15': 0.0711, 'ndcg@15': 0.031, 'hit@20': 0.0876, 'ndcg@20': 0.0349, 'hit@40': 0.1437, 'ndcg@40': 0.0463} 
2024-10-11 14:47:18.349 | INFO     | trainer_1:_train_one_epoch:193 - epoch 14 11.11s Train loss is [0.4459] 
2024-10-11 14:47:26.716 | INFO     | trainer_1:_train_one_epoch:201 - validate 14 cost time 8.37s, result: {'hit@1': 0.0138, 'ndcg@1': 0.0138, 'hit@5': 0.0502, 'ndcg@5': 0.032, 'hit@10': 0.0812, 'ndcg@10': 0.0419, 'hit@15': 0.1088, 'ndcg@15': 0.0492, 'hit@20': 0.1345, 'ndcg@20': 0.0553, 'hit@40': 0.2105, 'ndcg@40': 0.0708} 
2024-10-11 14:47:35.549 | INFO     | trainer_1:_train_one_epoch:209 - test 14 cost time 8.83s, result: {'hit@1': 0.0098, 'ndcg@1': 0.0098, 'hit@5': 0.0322, 'ndcg@5': 0.0208, 'hit@10': 0.0536, 'ndcg@10': 0.0276, 'hit@15': 0.0737, 'ndcg@15': 0.033, 'hit@20': 0.0913, 'ndcg@20': 0.0371, 'hit@40': 0.1501, 'ndcg@40': 0.049} 
2024-10-11 14:47:53.628 | INFO     | trainer_1:_train_one_epoch:193 - epoch 15 7.54s Train loss is [0.4240] 
2024-10-11 14:48:01.441 | INFO     | trainer_1:_train_one_epoch:201 - validate 15 cost time 7.81s, result: {'hit@1': 0.0145, 'ndcg@1': 0.0145, 'hit@5': 0.0522, 'ndcg@5': 0.0333, 'hit@10': 0.0871, 'ndcg@10': 0.0445, 'hit@15': 0.1165, 'ndcg@15': 0.0522, 'hit@20': 0.1414, 'ndcg@20': 0.0581, 'hit@40': 0.223, 'ndcg@40': 0.0747} 
2024-10-11 14:48:09.239 | INFO     | trainer_1:_train_one_epoch:209 - test 15 cost time 7.80s, result: {'hit@1': 0.0089, 'ndcg@1': 0.0089, 'hit@5': 0.0338, 'ndcg@5': 0.0213, 'hit@10': 0.0587, 'ndcg@10': 0.0293, 'hit@15': 0.0776, 'ndcg@15': 0.0343, 'hit@20': 0.0951, 'ndcg@20': 0.0385, 'hit@40': 0.1566, 'ndcg@40': 0.0509} 
2024-10-11 14:48:27.774 | INFO     | trainer_1:_train_one_epoch:193 - epoch 16 7.74s Train loss is [0.4264] 
2024-10-11 14:48:35.108 | INFO     | trainer_1:_train_one_epoch:201 - validate 16 cost time 7.33s, result: {'hit@1': 0.0141, 'ndcg@1': 0.0141, 'hit@5': 0.0509, 'ndcg@5': 0.0324, 'hit@10': 0.0844, 'ndcg@10': 0.0431, 'hit@15': 0.1135, 'ndcg@15': 0.0508, 'hit@20': 0.1394, 'ndcg@20': 0.0569, 'hit@40': 0.2218, 'ndcg@40': 0.0737} 
2024-10-11 14:48:39.981 | INFO     | trainer_1:_train_one_epoch:209 - test 16 cost time 4.87s, result: {'hit@1': 0.0093, 'ndcg@1': 0.0093, 'hit@5': 0.0322, 'ndcg@5': 0.0207, 'hit@10': 0.0555, 'ndcg@10': 0.0281, 'hit@15': 0.0758, 'ndcg@15': 0.0334, 'hit@20': 0.0928, 'ndcg@20': 0.0374, 'hit@40': 0.1548, 'ndcg@40': 0.05} 
2024-10-11 14:48:48.560 | INFO     | trainer_1:_train_one_epoch:193 - epoch 17 8.58s Train loss is [0.4179] 
2024-10-11 14:48:55.890 | INFO     | trainer_1:_train_one_epoch:201 - validate 17 cost time 7.33s, result: {'hit@1': 0.015, 'ndcg@1': 0.015, 'hit@5': 0.0552, 'ndcg@5': 0.035, 'hit@10': 0.0901, 'ndcg@10': 0.0462, 'hit@15': 0.1205, 'ndcg@15': 0.0542, 'hit@20': 0.1496, 'ndcg@20': 0.0611, 'hit@40': 0.2351, 'ndcg@40': 0.0785} 
2024-10-11 14:49:03.909 | INFO     | trainer_1:_train_one_epoch:209 - test 17 cost time 8.02s, result: {'hit@1': 0.0104, 'ndcg@1': 0.0104, 'hit@5': 0.0361, 'ndcg@5': 0.023, 'hit@10': 0.0591, 'ndcg@10': 0.0304, 'hit@15': 0.0814, 'ndcg@15': 0.0363, 'hit@20': 0.1017, 'ndcg@20': 0.0411, 'hit@40': 0.1697, 'ndcg@40': 0.0549} 
2024-10-11 14:49:23.176 | INFO     | trainer_1:_train_one_epoch:193 - epoch 18 8.43s Train loss is [0.4088] 
2024-10-11 14:49:28.104 | INFO     | trainer_1:_train_one_epoch:201 - validate 18 cost time 4.93s, result: {'hit@1': 0.0145, 'ndcg@1': 0.0145, 'hit@5': 0.0527, 'ndcg@5': 0.0335, 'hit@10': 0.0857, 'ndcg@10': 0.0441, 'hit@15': 0.1147, 'ndcg@15': 0.0518, 'hit@20': 0.1404, 'ndcg@20': 0.0579, 'hit@40': 0.2217, 'ndcg@40': 0.0744} 
2024-10-11 14:49:33.182 | INFO     | trainer_1:_train_one_epoch:209 - test 18 cost time 5.08s, result: {'hit@1': 0.0094, 'ndcg@1': 0.0094, 'hit@5': 0.0342, 'ndcg@5': 0.0218, 'hit@10': 0.059, 'ndcg@10': 0.0297, 'hit@15': 0.0787, 'ndcg@15': 0.035, 'hit@20': 0.0969, 'ndcg@20': 0.0392, 'hit@40': 0.1567, 'ndcg@40': 0.0514} 
2024-10-11 14:49:43.347 | INFO     | trainer_1:_train_one_epoch:193 - epoch 19 10.16s Train loss is [0.4076] 
2024-10-11 14:49:50.888 | INFO     | trainer_1:_train_one_epoch:201 - validate 19 cost time 7.54s, result: {'hit@1': 0.0149, 'ndcg@1': 0.0149, 'hit@5': 0.0522, 'ndcg@5': 0.0335, 'hit@10': 0.0878, 'ndcg@10': 0.0449, 'hit@15': 0.1153, 'ndcg@15': 0.0522, 'hit@20': 0.1419, 'ndcg@20': 0.0585, 'hit@40': 0.2262, 'ndcg@40': 0.0757} 
2024-10-11 14:49:58.454 | INFO     | trainer_1:_train_one_epoch:209 - test 19 cost time 7.57s, result: {'hit@1': 0.0087, 'ndcg@1': 0.0087, 'hit@5': 0.0348, 'ndcg@5': 0.0217, 'hit@10': 0.0579, 'ndcg@10': 0.0291, 'hit@15': 0.0792, 'ndcg@15': 0.0347, 'hit@20': 0.0997, 'ndcg@20': 0.0395, 'hit@40': 0.1615, 'ndcg@40': 0.0521} 
2024-10-11 14:50:06.125 | INFO     | trainer_1:_train_one_epoch:193 - epoch 20 7.67s Train loss is [0.3974] 
2024-10-11 14:50:13.822 | INFO     | trainer_1:_train_one_epoch:201 - validate 20 cost time 7.70s, result: {'hit@1': 0.0143, 'ndcg@1': 0.0143, 'hit@5': 0.0524, 'ndcg@5': 0.0334, 'hit@10': 0.0884, 'ndcg@10': 0.0448, 'hit@15': 0.1158, 'ndcg@15': 0.052, 'hit@20': 0.1415, 'ndcg@20': 0.0581, 'hit@40': 0.2245, 'ndcg@40': 0.075} 
2024-10-11 14:50:19.500 | INFO     | trainer_1:_train_one_epoch:209 - test 20 cost time 5.68s, result: {'hit@1': 0.0091, 'ndcg@1': 0.0091, 'hit@5': 0.0349, 'ndcg@5': 0.0219, 'hit@10': 0.0585, 'ndcg@10': 0.0295, 'hit@15': 0.0801, 'ndcg@15': 0.0352, 'hit@20': 0.1004, 'ndcg@20': 0.04, 'hit@40': 0.1636, 'ndcg@40': 0.0528} 
2024-10-11 14:50:27.287 | INFO     | trainer_1:_train_one_epoch:193 - epoch 21 7.79s Train loss is [0.3916] 
2024-10-11 14:50:34.762 | INFO     | trainer_1:_train_one_epoch:201 - validate 21 cost time 7.47s, result: {'hit@1': 0.0152, 'ndcg@1': 0.0152, 'hit@5': 0.0547, 'ndcg@5': 0.035, 'hit@10': 0.0911, 'ndcg@10': 0.0466, 'hit@15': 0.1211, 'ndcg@15': 0.0545, 'hit@20': 0.1454, 'ndcg@20': 0.0603, 'hit@40': 0.2332, 'ndcg@40': 0.0782} 
2024-10-11 14:50:42.213 | INFO     | trainer_1:_train_one_epoch:209 - test 21 cost time 7.45s, result: {'hit@1': 0.0098, 'ndcg@1': 0.0098, 'hit@5': 0.0359, 'ndcg@5': 0.023, 'hit@10': 0.0605, 'ndcg@10': 0.0309, 'hit@15': 0.0804, 'ndcg@15': 0.0361, 'hit@20': 0.0996, 'ndcg@20': 0.0406, 'hit@40': 0.1637, 'ndcg@40': 0.0537} 
2024-10-11 14:51:00.795 | INFO     | trainer_1:_train_one_epoch:193 - epoch 22 8.05s Train loss is [0.3830] 
2024-10-11 14:51:08.326 | INFO     | trainer_1:_train_one_epoch:201 - validate 22 cost time 7.53s, result: {'hit@1': 0.0158, 'ndcg@1': 0.0158, 'hit@5': 0.0551, 'ndcg@5': 0.0355, 'hit@10': 0.0911, 'ndcg@10': 0.047, 'hit@15': 0.1225, 'ndcg@15': 0.0552, 'hit@20': 0.1501, 'ndcg@20': 0.0618, 'hit@40': 0.2377, 'ndcg@40': 0.0795} 
2024-10-11 14:51:15.714 | INFO     | trainer_1:_train_one_epoch:209 - test 22 cost time 7.39s, result: {'hit@1': 0.0092, 'ndcg@1': 0.0092, 'hit@5': 0.0367, 'ndcg@5': 0.0229, 'hit@10': 0.0608, 'ndcg@10': 0.0306, 'hit@15': 0.084, 'ndcg@15': 0.0367, 'hit@20': 0.1035, 'ndcg@20': 0.0413, 'hit@40': 0.1678, 'ndcg@40': 0.0544} 
2024-10-11 14:51:33.780 | INFO     | trainer_1:_train_one_epoch:193 - epoch 23 7.77s Train loss is [0.3871] 
2024-10-11 14:51:41.365 | INFO     | trainer_1:_train_one_epoch:201 - validate 23 cost time 7.58s, result: {'hit@1': 0.0154, 'ndcg@1': 0.0154, 'hit@5': 0.0553, 'ndcg@5': 0.0352, 'hit@10': 0.0911, 'ndcg@10': 0.0466, 'hit@15': 0.1216, 'ndcg@15': 0.0547, 'hit@20': 0.1502, 'ndcg@20': 0.0615, 'hit@40': 0.2362, 'ndcg@40': 0.079} 
2024-10-11 14:51:48.792 | INFO     | trainer_1:_train_one_epoch:209 - test 23 cost time 7.43s, result: {'hit@1': 0.0096, 'ndcg@1': 0.0096, 'hit@5': 0.0362, 'ndcg@5': 0.0228, 'hit@10': 0.0612, 'ndcg@10': 0.0308, 'hit@15': 0.0831, 'ndcg@15': 0.0366, 'hit@20': 0.1014, 'ndcg@20': 0.041, 'hit@40': 0.1653, 'ndcg@40': 0.0539} 
2024-10-11 14:52:07.031 | INFO     | trainer_1:_train_one_epoch:193 - epoch 24 7.87s Train loss is [0.3921] 
2024-10-11 14:52:14.549 | INFO     | trainer_1:_train_one_epoch:201 - validate 24 cost time 7.52s, result: {'hit@1': 0.0155, 'ndcg@1': 0.0155, 'hit@5': 0.0546, 'ndcg@5': 0.035, 'hit@10': 0.09, 'ndcg@10': 0.0464, 'hit@15': 0.121, 'ndcg@15': 0.0546, 'hit@20': 0.1478, 'ndcg@20': 0.0609, 'hit@40': 0.233, 'ndcg@40': 0.0782} 
2024-10-11 14:52:22.004 | INFO     | trainer_1:_train_one_epoch:209 - test 24 cost time 7.45s, result: {'hit@1': 0.0093, 'ndcg@1': 0.0093, 'hit@5': 0.0375, 'ndcg@5': 0.0235, 'hit@10': 0.0623, 'ndcg@10': 0.0315, 'hit@15': 0.0842, 'ndcg@15': 0.0372, 'hit@20': 0.1019, 'ndcg@20': 0.0414, 'hit@40': 0.165, 'ndcg@40': 0.0543} 
2024-10-11 14:52:40.110 | INFO     | trainer_1:_train_one_epoch:193 - epoch 25 7.80s Train loss is [0.3815] 
2024-10-11 14:52:47.720 | INFO     | trainer_1:_train_one_epoch:201 - validate 25 cost time 7.61s, result: {'hit@1': 0.0167, 'ndcg@1': 0.0167, 'hit@5': 0.0573, 'ndcg@5': 0.0372, 'hit@10': 0.0945, 'ndcg@10': 0.0491, 'hit@15': 0.1269, 'ndcg@15': 0.0576, 'hit@20': 0.1522, 'ndcg@20': 0.0636, 'hit@40': 0.2362, 'ndcg@40': 0.0807} 
2024-10-11 14:52:55.147 | INFO     | trainer_1:_train_one_epoch:209 - test 25 cost time 7.43s, result: {'hit@1': 0.0108, 'ndcg@1': 0.0108, 'hit@5': 0.0387, 'ndcg@5': 0.0249, 'hit@10': 0.0652, 'ndcg@10': 0.0334, 'hit@15': 0.0858, 'ndcg@15': 0.0388, 'hit@20': 0.1045, 'ndcg@20': 0.0432, 'hit@40': 0.168, 'ndcg@40': 0.0561} 
2024-10-11 14:53:14.614 | INFO     | trainer_1:_train_one_epoch:193 - epoch 26 9.00s Train loss is [0.3725] 
2024-10-11 14:53:22.279 | INFO     | trainer_1:_train_one_epoch:201 - validate 26 cost time 7.66s, result: {'hit@1': 0.0152, 'ndcg@1': 0.0152, 'hit@5': 0.0562, 'ndcg@5': 0.0357, 'hit@10': 0.0919, 'ndcg@10': 0.0471, 'hit@15': 0.1231, 'ndcg@15': 0.0554, 'hit@20': 0.1517, 'ndcg@20': 0.0621, 'hit@40': 0.2398, 'ndcg@40': 0.08} 
2024-10-11 14:53:29.771 | INFO     | trainer_1:_train_one_epoch:209 - test 26 cost time 7.49s, result: {'hit@1': 0.0094, 'ndcg@1': 0.0094, 'hit@5': 0.0372, 'ndcg@5': 0.0234, 'hit@10': 0.0624, 'ndcg@10': 0.0314, 'hit@15': 0.0839, 'ndcg@15': 0.0371, 'hit@20': 0.1037, 'ndcg@20': 0.0418, 'hit@40': 0.1704, 'ndcg@40': 0.0553} 
2024-10-11 14:53:38.334 | INFO     | trainer_1:_train_one_epoch:193 - epoch 27 8.56s Train loss is [0.3731] 
2024-10-11 14:53:45.976 | INFO     | trainer_1:_train_one_epoch:201 - validate 27 cost time 7.64s, result: {'hit@1': 0.0161, 'ndcg@1': 0.0161, 'hit@5': 0.0547, 'ndcg@5': 0.0355, 'hit@10': 0.0906, 'ndcg@10': 0.047, 'hit@15': 0.1197, 'ndcg@15': 0.0547, 'hit@20': 0.1458, 'ndcg@20': 0.0609, 'hit@40': 0.2302, 'ndcg@40': 0.0781} 
2024-10-11 14:53:53.519 | INFO     | trainer_1:_train_one_epoch:209 - test 27 cost time 7.54s, result: {'hit@1': 0.0099, 'ndcg@1': 0.0099, 'hit@5': 0.0374, 'ndcg@5': 0.0238, 'hit@10': 0.0615, 'ndcg@10': 0.0315, 'hit@15': 0.0829, 'ndcg@15': 0.0371, 'hit@20': 0.1026, 'ndcg@20': 0.0418, 'hit@40': 0.1668, 'ndcg@40': 0.0549} 
2024-10-11 14:54:01.127 | INFO     | trainer_1:_train_one_epoch:193 - epoch 28 7.61s Train loss is [0.3760] 
2024-10-11 14:54:08.623 | INFO     | trainer_1:_train_one_epoch:201 - validate 28 cost time 7.50s, result: {'hit@1': 0.0158, 'ndcg@1': 0.0158, 'hit@5': 0.0548, 'ndcg@5': 0.0353, 'hit@10': 0.0897, 'ndcg@10': 0.0465, 'hit@15': 0.1207, 'ndcg@15': 0.0547, 'hit@20': 0.1466, 'ndcg@20': 0.0608, 'hit@40': 0.2335, 'ndcg@40': 0.0784} 
2024-10-11 14:54:15.944 | INFO     | trainer_1:_train_one_epoch:209 - test 28 cost time 7.32s, result: {'hit@1': 0.0095, 'ndcg@1': 0.0095, 'hit@5': 0.0369, 'ndcg@5': 0.0232, 'hit@10': 0.0621, 'ndcg@10': 0.0312, 'hit@15': 0.0817, 'ndcg@15': 0.0364, 'hit@20': 0.1004, 'ndcg@20': 0.0408, 'hit@40': 0.1652, 'ndcg@40': 0.054} 
2024-10-11 14:54:26.689 | INFO     | trainer_1:_train_one_epoch:193 - epoch 29 10.74s Train loss is [0.3749] 
2024-10-11 14:54:34.426 | INFO     | trainer_1:_train_one_epoch:201 - validate 29 cost time 7.74s, result: {'hit@1': 0.0149, 'ndcg@1': 0.0149, 'hit@5': 0.055, 'ndcg@5': 0.0347, 'hit@10': 0.089, 'ndcg@10': 0.0456, 'hit@15': 0.1195, 'ndcg@15': 0.0536, 'hit@20': 0.1439, 'ndcg@20': 0.0594, 'hit@40': 0.2264, 'ndcg@40': 0.0762} 
2024-10-11 14:54:42.366 | INFO     | trainer_1:_train_one_epoch:209 - test 29 cost time 7.94s, result: {'hit@1': 0.0096, 'ndcg@1': 0.0096, 'hit@5': 0.0377, 'ndcg@5': 0.0235, 'hit@10': 0.0611, 'ndcg@10': 0.031, 'hit@15': 0.0813, 'ndcg@15': 0.0364, 'hit@20': 0.0992, 'ndcg@20': 0.0406, 'hit@40': 0.1632, 'ndcg@40': 0.0536} 
2024-10-11 14:54:49.963 | INFO     | trainer_1:_train_one_epoch:193 - epoch 30 7.60s Train loss is [0.3739] 
2024-10-11 14:54:57.563 | INFO     | trainer_1:_train_one_epoch:201 - validate 30 cost time 7.60s, result: {'hit@1': 0.0167, 'ndcg@1': 0.0167, 'hit@5': 0.057, 'ndcg@5': 0.0366, 'hit@10': 0.0907, 'ndcg@10': 0.0474, 'hit@15': 0.1205, 'ndcg@15': 0.0553, 'hit@20': 0.1486, 'ndcg@20': 0.0619, 'hit@40': 0.2332, 'ndcg@40': 0.0792} 
2024-10-11 14:55:05.148 | INFO     | trainer_1:_train_one_epoch:209 - test 30 cost time 7.58s, result: {'hit@1': 0.0105, 'ndcg@1': 0.0105, 'hit@5': 0.0381, 'ndcg@5': 0.0242, 'hit@10': 0.0612, 'ndcg@10': 0.0316, 'hit@15': 0.0819, 'ndcg@15': 0.0371, 'hit@20': 0.1003, 'ndcg@20': 0.0414, 'hit@40': 0.1643, 'ndcg@40': 0.0544} 
2024-10-11 14:55:05.159 | INFO     | trainer_1:train_model:163 - training end, best iteration 25, results: {'hit@1': 0.0167, 'ndcg@1': 0.0167, 'hit@5': 0.0573, 'ndcg@5': 0.0372, 'hit@10': 0.0945, 'ndcg@10': 0.0491, 'hit@15': 0.1269, 'ndcg@15': 0.0576, 'hit@20': 0.1522, 'ndcg@20': 0.0636, 'hit@40': 0.2362, 'ndcg@40': 0.0807}
2024-10-11 14:55:05.159 | INFO     | trainer_1:train_model:166 - final test result is:  {'hit@1': 0.0108, 'ndcg@1': 0.0108, 'hit@5': 0.0387, 'ndcg@5': 0.0249, 'hit@10': 0.0652, 'ndcg@10': 0.0334, 'hit@15': 0.0858, 'ndcg@15': 0.0388, 'hit@20': 0.1045, 'ndcg@20': 0.0432, 'hit@40': 0.168, 'ndcg@40': 0.0561}
2024-10-11 14:55:05.482 | INFO     | __main__:<module>:119 - train end total cost time: 1304.869374036789
