2024-10-11 12:43:59.864 | INFO     | __main__:<module>:105 - Namespace(TIME='2024-10-11 12_43_24', batch_size=1024, behaviors=['view', 'cart', 'buy'], check_point='model_pre_1_2024-10-08 12_42_42.pth', data_name='beibei', data_path='./data/beibei', decay=0.001, device='cuda:1', dim_qk=32, dim_v=64, distill_layers=2, distill_thres=0.5, distill_topK=10, distill_userK=8, embedding_size=64, epochs=100, gpu_no=1, if_load_model=True, ii_lambda=200, initializer_range=0.02, layers=2, loss_type='bpr', lr=0.001, message_dropout=0.25, metrics=['hit', 'ndcg'], min_epoch=5, model_name='main_1', model_path='./check_point', node_dropout=0.75, omega=1, pt_loop=50, reg_weight=0.001, test_batch_size=1024, testbatch=1024, topk=[1, 5, 10, 15, 20, 40], uu_lambda=100)
2024-10-11 12:43:59.864 | INFO     | __main__:<module>:106 - BIPN(
  (message_dropout): Dropout(p=0.25, inplace=False)
  (user_embedding): Embedding(21717, 64, padding_idx=0)
  (item_embedding): Embedding(7978, 64, padding_idx=0)
  (global_Graph): LightGCN()
  (Graph_encoder): ModuleDict(
    (view): GraphEncoder(
      (light): LightGCN()
      (dropout): Dropout(p=0.75, inplace=False)
    )
    (cart): GraphEncoder(
      (light): LightGCN()
      (dropout): Dropout(p=0.75, inplace=False)
    )
    (buy): GraphEncoder(
      (light): LightGCN()
      (dropout): Dropout(p=0.75, inplace=False)
    )
  )
  (attention): Mutual_Attention()
  (bpr_loss): BPRLoss()
  (emb_loss): EmbLoss()
  (f): Sigmoid()
)
2024-10-11 13:22:17.868 | INFO     | trainer_1:_train_one_epoch:193 - epoch 1 6.73s Train loss is [0.9827] 
2024-10-11 13:22:27.916 | INFO     | trainer_1:_train_one_epoch:201 - validate 1 cost time 10.05s, result: {'hit@1': 0.0058, 'ndcg@1': 0.0058, 'hit@5': 0.0232, 'ndcg@5': 0.0143, 'hit@10': 0.0408, 'ndcg@10': 0.02, 'hit@15': 0.0575, 'ndcg@15': 0.0244, 'hit@20': 0.074, 'ndcg@20': 0.0283, 'hit@40': 0.1293, 'ndcg@40': 0.0395} 
2024-10-11 13:22:37.755 | INFO     | trainer_1:_train_one_epoch:209 - test 1 cost time 9.84s, result: {'hit@1': 0.0034, 'ndcg@1': 0.0034, 'hit@5': 0.0168, 'ndcg@5': 0.0099, 'hit@10': 0.03, 'ndcg@10': 0.0141, 'hit@15': 0.0424, 'ndcg@15': 0.0174, 'hit@20': 0.0559, 'ndcg@20': 0.0206, 'hit@40': 0.0993, 'ndcg@40': 0.0294} 
2024-10-11 13:22:55.360 | INFO     | trainer_1:_train_one_epoch:193 - epoch 2 6.82s Train loss is [0.7624] 
2024-10-11 13:23:05.214 | INFO     | trainer_1:_train_one_epoch:201 - validate 2 cost time 9.85s, result: {'hit@1': 0.0083, 'ndcg@1': 0.0083, 'hit@5': 0.0323, 'ndcg@5': 0.0202, 'hit@10': 0.0567, 'ndcg@10': 0.028, 'hit@15': 0.0778, 'ndcg@15': 0.0336, 'hit@20': 0.0955, 'ndcg@20': 0.0377, 'hit@40': 0.1571, 'ndcg@40': 0.0503} 
2024-10-11 13:23:14.954 | INFO     | trainer_1:_train_one_epoch:209 - test 2 cost time 9.74s, result: {'hit@1': 0.0042, 'ndcg@1': 0.0042, 'hit@5': 0.0198, 'ndcg@5': 0.0119, 'hit@10': 0.0361, 'ndcg@10': 0.0171, 'hit@15': 0.0519, 'ndcg@15': 0.0213, 'hit@20': 0.0655, 'ndcg@20': 0.0245, 'hit@40': 0.1124, 'ndcg@40': 0.034} 
2024-10-11 13:23:31.891 | INFO     | trainer_1:_train_one_epoch:193 - epoch 3 6.36s Train loss is [0.6597] 
2024-10-11 13:23:41.701 | INFO     | trainer_1:_train_one_epoch:201 - validate 3 cost time 9.81s, result: {'hit@1': 0.0076, 'ndcg@1': 0.0076, 'hit@5': 0.0326, 'ndcg@5': 0.02, 'hit@10': 0.0583, 'ndcg@10': 0.0281, 'hit@15': 0.081, 'ndcg@15': 0.0341, 'hit@20': 0.1003, 'ndcg@20': 0.0387, 'hit@40': 0.1644, 'ndcg@40': 0.0518} 
2024-10-11 13:23:51.471 | INFO     | trainer_1:_train_one_epoch:209 - test 3 cost time 9.77s, result: {'hit@1': 0.0049, 'ndcg@1': 0.0049, 'hit@5': 0.0223, 'ndcg@5': 0.0135, 'hit@10': 0.0399, 'ndcg@10': 0.0192, 'hit@15': 0.0558, 'ndcg@15': 0.0233, 'hit@20': 0.0712, 'ndcg@20': 0.027, 'hit@40': 0.1248, 'ndcg@40': 0.0379} 
2024-10-11 13:24:08.232 | INFO     | trainer_1:_train_one_epoch:193 - epoch 4 6.44s Train loss is [0.5866] 
2024-10-11 13:24:18.051 | INFO     | trainer_1:_train_one_epoch:201 - validate 4 cost time 9.82s, result: {'hit@1': 0.0093, 'ndcg@1': 0.0093, 'hit@5': 0.0362, 'ndcg@5': 0.0225, 'hit@10': 0.063, 'ndcg@10': 0.0311, 'hit@15': 0.0892, 'ndcg@15': 0.038, 'hit@20': 0.1119, 'ndcg@20': 0.0434, 'hit@40': 0.1834, 'ndcg@40': 0.0579} 
2024-10-11 13:24:27.778 | INFO     | trainer_1:_train_one_epoch:209 - test 4 cost time 9.73s, result: {'hit@1': 0.0062, 'ndcg@1': 0.0062, 'hit@5': 0.0243, 'ndcg@5': 0.015, 'hit@10': 0.0429, 'ndcg@10': 0.021, 'hit@15': 0.0603, 'ndcg@15': 0.0256, 'hit@20': 0.0781, 'ndcg@20': 0.0298, 'hit@40': 0.1346, 'ndcg@40': 0.0413} 
2024-10-11 13:24:44.765 | INFO     | trainer_1:_train_one_epoch:193 - epoch 5 6.42s Train loss is [0.5643] 
2024-10-11 13:24:54.561 | INFO     | trainer_1:_train_one_epoch:201 - validate 5 cost time 9.80s, result: {'hit@1': 0.0103, 'ndcg@1': 0.0103, 'hit@5': 0.0341, 'ndcg@5': 0.022, 'hit@10': 0.0602, 'ndcg@10': 0.0304, 'hit@15': 0.0845, 'ndcg@15': 0.0368, 'hit@20': 0.1063, 'ndcg@20': 0.0419, 'hit@40': 0.179, 'ndcg@40': 0.0567} 
2024-10-11 13:25:03.343 | INFO     | trainer_1:_train_one_epoch:209 - test 5 cost time 8.78s, result: {'hit@1': 0.0058, 'ndcg@1': 0.0058, 'hit@5': 0.0224, 'ndcg@5': 0.0139, 'hit@10': 0.0396, 'ndcg@10': 0.0194, 'hit@15': 0.0551, 'ndcg@15': 0.0234, 'hit@20': 0.0694, 'ndcg@20': 0.0268, 'hit@40': 0.1241, 'ndcg@40': 0.0379} 
2024-10-11 13:25:09.557 | INFO     | trainer_1:_train_one_epoch:193 - epoch 6 6.21s Train loss is [0.5466] 
2024-10-11 13:25:16.087 | INFO     | trainer_1:_train_one_epoch:201 - validate 6 cost time 6.53s, result: {'hit@1': 0.0098, 'ndcg@1': 0.0098, 'hit@5': 0.0372, 'ndcg@5': 0.0236, 'hit@10': 0.0639, 'ndcg@10': 0.0322, 'hit@15': 0.088, 'ndcg@15': 0.0385, 'hit@20': 0.1106, 'ndcg@20': 0.0438, 'hit@40': 0.1806, 'ndcg@40': 0.058} 
2024-10-11 13:25:22.987 | INFO     | trainer_1:_train_one_epoch:209 - test 6 cost time 6.90s, result: {'hit@1': 0.0058, 'ndcg@1': 0.0058, 'hit@5': 0.0234, 'ndcg@5': 0.0146, 'hit@10': 0.0418, 'ndcg@10': 0.0204, 'hit@15': 0.0573, 'ndcg@15': 0.0245, 'hit@20': 0.0735, 'ndcg@20': 0.0283, 'hit@40': 0.1259, 'ndcg@40': 0.039} 
2024-10-11 13:25:29.909 | INFO     | trainer_1:_train_one_epoch:193 - epoch 7 6.92s Train loss is [0.5210] 
2024-10-11 13:25:37.695 | INFO     | trainer_1:_train_one_epoch:201 - validate 7 cost time 7.78s, result: {'hit@1': 0.0102, 'ndcg@1': 0.0102, 'hit@5': 0.0397, 'ndcg@5': 0.0248, 'hit@10': 0.0696, 'ndcg@10': 0.0344, 'hit@15': 0.0965, 'ndcg@15': 0.0415, 'hit@20': 0.1193, 'ndcg@20': 0.0469, 'hit@40': 0.1914, 'ndcg@40': 0.0615} 
2024-10-11 13:25:44.888 | INFO     | trainer_1:_train_one_epoch:209 - test 7 cost time 7.19s, result: {'hit@1': 0.0062, 'ndcg@1': 0.0062, 'hit@5': 0.0237, 'ndcg@5': 0.0147, 'hit@10': 0.0448, 'ndcg@10': 0.0215, 'hit@15': 0.0632, 'ndcg@15': 0.0263, 'hit@20': 0.0804, 'ndcg@20': 0.0304, 'hit@40': 0.1374, 'ndcg@40': 0.042} 
2024-10-11 13:26:03.380 | INFO     | trainer_1:_train_one_epoch:193 - epoch 8 6.45s Train loss is [0.5042] 
2024-10-11 13:26:10.752 | INFO     | trainer_1:_train_one_epoch:201 - validate 8 cost time 7.37s, result: {'hit@1': 0.0095, 'ndcg@1': 0.0095, 'hit@5': 0.0396, 'ndcg@5': 0.0243, 'hit@10': 0.0675, 'ndcg@10': 0.0332, 'hit@15': 0.0917, 'ndcg@15': 0.0396, 'hit@20': 0.1154, 'ndcg@20': 0.0452, 'hit@40': 0.1932, 'ndcg@40': 0.0611} 
2024-10-11 13:26:17.940 | INFO     | trainer_1:_train_one_epoch:209 - test 8 cost time 7.19s, result: {'hit@1': 0.0064, 'ndcg@1': 0.0064, 'hit@5': 0.0258, 'ndcg@5': 0.0159, 'hit@10': 0.0463, 'ndcg@10': 0.0225, 'hit@15': 0.0629, 'ndcg@15': 0.0268, 'hit@20': 0.0805, 'ndcg@20': 0.031, 'hit@40': 0.1411, 'ndcg@40': 0.0433} 
2024-10-11 13:26:35.069 | INFO     | trainer_1:_train_one_epoch:193 - epoch 9 6.52s Train loss is [0.4965] 
2024-10-11 13:26:41.550 | INFO     | trainer_1:_train_one_epoch:201 - validate 9 cost time 6.48s, result: {'hit@1': 0.0109, 'ndcg@1': 0.0109, 'hit@5': 0.0435, 'ndcg@5': 0.0272, 'hit@10': 0.0744, 'ndcg@10': 0.037, 'hit@15': 0.102, 'ndcg@15': 0.0443, 'hit@20': 0.125, 'ndcg@20': 0.0498, 'hit@40': 0.2047, 'ndcg@40': 0.0659} 
2024-10-11 13:26:48.725 | INFO     | trainer_1:_train_one_epoch:209 - test 9 cost time 7.18s, result: {'hit@1': 0.0075, 'ndcg@1': 0.0075, 'hit@5': 0.0268, 'ndcg@5': 0.0171, 'hit@10': 0.0478, 'ndcg@10': 0.0238, 'hit@15': 0.0666, 'ndcg@15': 0.0288, 'hit@20': 0.0841, 'ndcg@20': 0.0329, 'hit@40': 0.1463, 'ndcg@40': 0.0455} 
2024-10-11 13:27:05.286 | INFO     | trainer_1:_train_one_epoch:193 - epoch 10 6.19s Train loss is [0.4815] 
2024-10-11 13:27:10.441 | INFO     | trainer_1:_train_one_epoch:201 - validate 10 cost time 5.15s, result: {'hit@1': 0.0105, 'ndcg@1': 0.0105, 'hit@5': 0.0447, 'ndcg@5': 0.0274, 'hit@10': 0.0736, 'ndcg@10': 0.0367, 'hit@15': 0.1011, 'ndcg@15': 0.0439, 'hit@20': 0.124, 'ndcg@20': 0.0494, 'hit@40': 0.2014, 'ndcg@40': 0.0651} 
2024-10-11 13:27:16.715 | INFO     | trainer_1:_train_one_epoch:209 - test 10 cost time 6.27s, result: {'hit@1': 0.0078, 'ndcg@1': 0.0078, 'hit@5': 0.0291, 'ndcg@5': 0.0183, 'hit@10': 0.0512, 'ndcg@10': 0.0254, 'hit@15': 0.0688, 'ndcg@15': 0.03, 'hit@20': 0.0864, 'ndcg@20': 0.0342, 'hit@40': 0.1464, 'ndcg@40': 0.0464} 
2024-10-11 13:27:34.484 | INFO     | trainer_1:_train_one_epoch:193 - epoch 11 6.52s Train loss is [0.4710] 
2024-10-11 13:27:43.389 | INFO     | trainer_1:_train_one_epoch:201 - validate 11 cost time 8.90s, result: {'hit@1': 0.0116, 'ndcg@1': 0.0116, 'hit@5': 0.0438, 'ndcg@5': 0.0275, 'hit@10': 0.0742, 'ndcg@10': 0.0372, 'hit@15': 0.1, 'ndcg@15': 0.0441, 'hit@20': 0.1239, 'ndcg@20': 0.0497, 'hit@40': 0.2019, 'ndcg@40': 0.0656} 
2024-10-11 13:27:49.731 | INFO     | trainer_1:_train_one_epoch:209 - test 11 cost time 6.34s, result: {'hit@1': 0.0073, 'ndcg@1': 0.0073, 'hit@5': 0.0285, 'ndcg@5': 0.0179, 'hit@10': 0.0496, 'ndcg@10': 0.0247, 'hit@15': 0.0689, 'ndcg@15': 0.0298, 'hit@20': 0.0857, 'ndcg@20': 0.0337, 'hit@40': 0.1454, 'ndcg@40': 0.0458} 
2024-10-11 13:27:56.261 | INFO     | trainer_1:_train_one_epoch:193 - epoch 12 6.53s Train loss is [0.4513] 
2024-10-11 13:28:05.259 | INFO     | trainer_1:_train_one_epoch:201 - validate 12 cost time 9.00s, result: {'hit@1': 0.012, 'ndcg@1': 0.012, 'hit@5': 0.042, 'ndcg@5': 0.0267, 'hit@10': 0.0704, 'ndcg@10': 0.0358, 'hit@15': 0.0976, 'ndcg@15': 0.043, 'hit@20': 0.1207, 'ndcg@20': 0.0485, 'hit@40': 0.1991, 'ndcg@40': 0.0644} 
2024-10-11 13:28:14.086 | INFO     | trainer_1:_train_one_epoch:209 - test 12 cost time 8.83s, result: {'hit@1': 0.0063, 'ndcg@1': 0.0063, 'hit@5': 0.0264, 'ndcg@5': 0.0163, 'hit@10': 0.0468, 'ndcg@10': 0.0228, 'hit@15': 0.0651, 'ndcg@15': 0.0276, 'hit@20': 0.081, 'ndcg@20': 0.0314, 'hit@40': 0.1405, 'ndcg@40': 0.0435} 
2024-10-11 13:28:20.519 | INFO     | trainer_1:_train_one_epoch:193 - epoch 13 6.43s Train loss is [0.4549] 
2024-10-11 13:28:26.941 | INFO     | trainer_1:_train_one_epoch:201 - validate 13 cost time 6.42s, result: {'hit@1': 0.0128, 'ndcg@1': 0.0128, 'hit@5': 0.0464, 'ndcg@5': 0.0295, 'hit@10': 0.0778, 'ndcg@10': 0.0395, 'hit@15': 0.1049, 'ndcg@15': 0.0467, 'hit@20': 0.1269, 'ndcg@20': 0.0519, 'hit@40': 0.2038, 'ndcg@40': 0.0675} 
2024-10-11 13:28:34.436 | INFO     | trainer_1:_train_one_epoch:209 - test 13 cost time 7.50s, result: {'hit@1': 0.0077, 'ndcg@1': 0.0077, 'hit@5': 0.0295, 'ndcg@5': 0.0186, 'hit@10': 0.0515, 'ndcg@10': 0.0256, 'hit@15': 0.0707, 'ndcg@15': 0.0307, 'hit@20': 0.0865, 'ndcg@20': 0.0344, 'hit@40': 0.1428, 'ndcg@40': 0.0458} 
2024-10-11 13:28:51.826 | INFO     | trainer_1:_train_one_epoch:193 - epoch 14 6.55s Train loss is [0.4473] 
2024-10-11 13:28:56.989 | INFO     | trainer_1:_train_one_epoch:201 - validate 14 cost time 5.16s, result: {'hit@1': 0.0139, 'ndcg@1': 0.0139, 'hit@5': 0.0501, 'ndcg@5': 0.0319, 'hit@10': 0.0814, 'ndcg@10': 0.0419, 'hit@15': 0.1093, 'ndcg@15': 0.0493, 'hit@20': 0.1342, 'ndcg@20': 0.0551, 'hit@40': 0.2114, 'ndcg@40': 0.0709} 
2024-10-11 13:29:02.643 | INFO     | trainer_1:_train_one_epoch:209 - test 14 cost time 5.65s, result: {'hit@1': 0.009, 'ndcg@1': 0.009, 'hit@5': 0.0323, 'ndcg@5': 0.0205, 'hit@10': 0.0542, 'ndcg@10': 0.0275, 'hit@15': 0.0737, 'ndcg@15': 0.0326, 'hit@20': 0.0913, 'ndcg@20': 0.0368, 'hit@40': 0.1503, 'ndcg@40': 0.0488} 
2024-10-11 13:29:21.028 | INFO     | trainer_1:_train_one_epoch:193 - epoch 15 6.67s Train loss is [0.4253] 
2024-10-11 13:29:29.983 | INFO     | trainer_1:_train_one_epoch:201 - validate 15 cost time 8.95s, result: {'hit@1': 0.0144, 'ndcg@1': 0.0144, 'hit@5': 0.0523, 'ndcg@5': 0.0333, 'hit@10': 0.0855, 'ndcg@10': 0.044, 'hit@15': 0.1153, 'ndcg@15': 0.0518, 'hit@20': 0.1411, 'ndcg@20': 0.0579, 'hit@40': 0.2228, 'ndcg@40': 0.0745} 
2024-10-11 13:29:37.218 | INFO     | trainer_1:_train_one_epoch:209 - test 15 cost time 7.23s, result: {'hit@1': 0.0087, 'ndcg@1': 0.0087, 'hit@5': 0.034, 'ndcg@5': 0.0212, 'hit@10': 0.0582, 'ndcg@10': 0.029, 'hit@15': 0.0775, 'ndcg@15': 0.0341, 'hit@20': 0.0956, 'ndcg@20': 0.0384, 'hit@40': 0.1567, 'ndcg@40': 0.0508} 
2024-10-11 13:29:59.413 | INFO     | trainer_1:_train_one_epoch:193 - epoch 16 9.61s Train loss is [0.4274] 
2024-10-11 13:30:08.535 | INFO     | trainer_1:_train_one_epoch:201 - validate 16 cost time 9.12s, result: {'hit@1': 0.0135, 'ndcg@1': 0.0135, 'hit@5': 0.0507, 'ndcg@5': 0.0321, 'hit@10': 0.0828, 'ndcg@10': 0.0424, 'hit@15': 0.114, 'ndcg@15': 0.0507, 'hit@20': 0.1406, 'ndcg@20': 0.0569, 'hit@40': 0.221, 'ndcg@40': 0.0733} 
2024-10-11 13:30:17.426 | INFO     | trainer_1:_train_one_epoch:209 - test 16 cost time 8.89s, result: {'hit@1': 0.0096, 'ndcg@1': 0.0096, 'hit@5': 0.0314, 'ndcg@5': 0.0204, 'hit@10': 0.0549, 'ndcg@10': 0.0279, 'hit@15': 0.075, 'ndcg@15': 0.0332, 'hit@20': 0.0924, 'ndcg@20': 0.0373, 'hit@40': 0.1538, 'ndcg@40': 0.0498} 
2024-10-11 13:30:25.876 | INFO     | trainer_1:_train_one_epoch:193 - epoch 17 8.45s Train loss is [0.4185] 
2024-10-11 13:30:31.715 | INFO     | trainer_1:_train_one_epoch:201 - validate 17 cost time 5.84s, result: {'hit@1': 0.0153, 'ndcg@1': 0.0153, 'hit@5': 0.0548, 'ndcg@5': 0.035, 'hit@10': 0.0905, 'ndcg@10': 0.0465, 'hit@15': 0.1212, 'ndcg@15': 0.0546, 'hit@20': 0.1492, 'ndcg@20': 0.0612, 'hit@40': 0.2346, 'ndcg@40': 0.0786} 
2024-10-11 13:30:37.998 | INFO     | trainer_1:_train_one_epoch:209 - test 17 cost time 6.28s, result: {'hit@1': 0.0104, 'ndcg@1': 0.0104, 'hit@5': 0.0355, 'ndcg@5': 0.0228, 'hit@10': 0.0594, 'ndcg@10': 0.0305, 'hit@15': 0.0827, 'ndcg@15': 0.0366, 'hit@20': 0.102, 'ndcg@20': 0.0411, 'hit@40': 0.1704, 'ndcg@40': 0.055} 
2024-10-11 13:30:57.568 | INFO     | trainer_1:_train_one_epoch:193 - epoch 18 8.55s Train loss is [0.4095] 
2024-10-11 13:31:03.277 | INFO     | trainer_1:_train_one_epoch:201 - validate 18 cost time 5.71s, result: {'hit@1': 0.0147, 'ndcg@1': 0.0147, 'hit@5': 0.0525, 'ndcg@5': 0.0336, 'hit@10': 0.0862, 'ndcg@10': 0.0444, 'hit@15': 0.1149, 'ndcg@15': 0.052, 'hit@20': 0.1406, 'ndcg@20': 0.058, 'hit@40': 0.2206, 'ndcg@40': 0.0743} 
2024-10-11 13:31:08.271 | INFO     | trainer_1:_train_one_epoch:209 - test 18 cost time 4.99s, result: {'hit@1': 0.0094, 'ndcg@1': 0.0094, 'hit@5': 0.0346, 'ndcg@5': 0.022, 'hit@10': 0.0584, 'ndcg@10': 0.0297, 'hit@15': 0.0786, 'ndcg@15': 0.035, 'hit@20': 0.0967, 'ndcg@20': 0.0393, 'hit@40': 0.1579, 'ndcg@40': 0.0517} 
2024-10-11 13:31:16.950 | INFO     | trainer_1:_train_one_epoch:193 - epoch 19 8.68s Train loss is [0.4084] 
2024-10-11 13:31:25.682 | INFO     | trainer_1:_train_one_epoch:201 - validate 19 cost time 8.73s, result: {'hit@1': 0.0147, 'ndcg@1': 0.0147, 'hit@5': 0.0521, 'ndcg@5': 0.0335, 'hit@10': 0.0872, 'ndcg@10': 0.0447, 'hit@15': 0.1153, 'ndcg@15': 0.0521, 'hit@20': 0.1426, 'ndcg@20': 0.0586, 'hit@40': 0.2252, 'ndcg@40': 0.0754} 
2024-10-11 13:31:34.612 | INFO     | trainer_1:_train_one_epoch:209 - test 19 cost time 8.93s, result: {'hit@1': 0.0091, 'ndcg@1': 0.0091, 'hit@5': 0.0343, 'ndcg@5': 0.0218, 'hit@10': 0.0589, 'ndcg@10': 0.0296, 'hit@15': 0.08, 'ndcg@15': 0.0352, 'hit@20': 0.0998, 'ndcg@20': 0.0398, 'hit@40': 0.1618, 'ndcg@40': 0.0524} 
2024-10-11 13:31:43.174 | INFO     | trainer_1:_train_one_epoch:193 - epoch 20 8.56s Train loss is [0.3972] 
2024-10-11 13:31:49.870 | INFO     | trainer_1:_train_one_epoch:201 - validate 20 cost time 6.70s, result: {'hit@1': 0.0141, 'ndcg@1': 0.0141, 'hit@5': 0.0519, 'ndcg@5': 0.033, 'hit@10': 0.0869, 'ndcg@10': 0.0442, 'hit@15': 0.1157, 'ndcg@15': 0.0519, 'hit@20': 0.1417, 'ndcg@20': 0.058, 'hit@40': 0.2243, 'ndcg@40': 0.0748} 
2024-10-11 13:31:56.853 | INFO     | trainer_1:_train_one_epoch:209 - test 20 cost time 6.98s, result: {'hit@1': 0.0089, 'ndcg@1': 0.0089, 'hit@5': 0.0348, 'ndcg@5': 0.0219, 'hit@10': 0.058, 'ndcg@10': 0.0293, 'hit@15': 0.0803, 'ndcg@15': 0.0352, 'hit@20': 0.1008, 'ndcg@20': 0.04, 'hit@40': 0.164, 'ndcg@40': 0.0529} 
2024-10-11 13:32:05.430 | INFO     | trainer_1:_train_one_epoch:193 - epoch 21 8.58s Train loss is [0.3910] 
2024-10-11 13:32:14.463 | INFO     | trainer_1:_train_one_epoch:201 - validate 21 cost time 9.03s, result: {'hit@1': 0.0152, 'ndcg@1': 0.0152, 'hit@5': 0.0548, 'ndcg@5': 0.0348, 'hit@10': 0.0898, 'ndcg@10': 0.0461, 'hit@15': 0.1207, 'ndcg@15': 0.0542, 'hit@20': 0.1442, 'ndcg@20': 0.0598, 'hit@40': 0.2331, 'ndcg@40': 0.0779} 
2024-10-11 13:32:22.219 | INFO     | trainer_1:_train_one_epoch:209 - test 21 cost time 7.76s, result: {'hit@1': 0.0096, 'ndcg@1': 0.0096, 'hit@5': 0.0359, 'ndcg@5': 0.0228, 'hit@10': 0.0595, 'ndcg@10': 0.0303, 'hit@15': 0.0797, 'ndcg@15': 0.0357, 'hit@20': 0.0996, 'ndcg@20': 0.0403, 'hit@40': 0.1632, 'ndcg@40': 0.0533} 
2024-10-11 13:32:42.523 | INFO     | trainer_1:_train_one_epoch:193 - epoch 22 9.53s Train loss is [0.3837] 
2024-10-11 13:32:50.272 | INFO     | trainer_1:_train_one_epoch:201 - validate 22 cost time 7.75s, result: {'hit@1': 0.0157, 'ndcg@1': 0.0157, 'hit@5': 0.0546, 'ndcg@5': 0.0353, 'hit@10': 0.0894, 'ndcg@10': 0.0465, 'hit@15': 0.122, 'ndcg@15': 0.0551, 'hit@20': 0.1486, 'ndcg@20': 0.0613, 'hit@40': 0.236, 'ndcg@40': 0.0791} 
2024-10-11 13:32:57.843 | INFO     | trainer_1:_train_one_epoch:209 - test 22 cost time 7.57s, result: {'hit@1': 0.0093, 'ndcg@1': 0.0093, 'hit@5': 0.0363, 'ndcg@5': 0.0227, 'hit@10': 0.0605, 'ndcg@10': 0.0304, 'hit@15': 0.0839, 'ndcg@15': 0.0366, 'hit@20': 0.1038, 'ndcg@20': 0.0413, 'hit@40': 0.1652, 'ndcg@40': 0.0538} 
2024-10-11 13:33:17.924 | INFO     | trainer_1:_train_one_epoch:193 - epoch 23 9.51s Train loss is [0.3868] 
2024-10-11 13:33:26.987 | INFO     | trainer_1:_train_one_epoch:201 - validate 23 cost time 9.06s, result: {'hit@1': 0.0157, 'ndcg@1': 0.0157, 'hit@5': 0.0548, 'ndcg@5': 0.0351, 'hit@10': 0.0915, 'ndcg@10': 0.0469, 'hit@15': 0.1225, 'ndcg@15': 0.0551, 'hit@20': 0.1488, 'ndcg@20': 0.0613, 'hit@40': 0.2348, 'ndcg@40': 0.0788} 
2024-10-11 13:33:36.460 | INFO     | trainer_1:_train_one_epoch:209 - test 23 cost time 9.47s, result: {'hit@1': 0.0095, 'ndcg@1': 0.0095, 'hit@5': 0.0359, 'ndcg@5': 0.0227, 'hit@10': 0.0613, 'ndcg@10': 0.0308, 'hit@15': 0.0825, 'ndcg@15': 0.0364, 'hit@20': 0.1009, 'ndcg@20': 0.0408, 'hit@40': 0.1654, 'ndcg@40': 0.0539} 
2024-10-11 13:33:56.539 | INFO     | trainer_1:_train_one_epoch:193 - epoch 24 9.48s Train loss is [0.3913] 
2024-10-11 13:34:04.393 | INFO     | trainer_1:_train_one_epoch:201 - validate 24 cost time 7.85s, result: {'hit@1': 0.0154, 'ndcg@1': 0.0154, 'hit@5': 0.0547, 'ndcg@5': 0.0351, 'hit@10': 0.0882, 'ndcg@10': 0.0458, 'hit@15': 0.1204, 'ndcg@15': 0.0543, 'hit@20': 0.1463, 'ndcg@20': 0.0604, 'hit@40': 0.2302, 'ndcg@40': 0.0775} 
2024-10-11 13:34:11.431 | INFO     | trainer_1:_train_one_epoch:209 - test 24 cost time 7.04s, result: {'hit@1': 0.0089, 'ndcg@1': 0.0089, 'hit@5': 0.037, 'ndcg@5': 0.0231, 'hit@10': 0.0628, 'ndcg@10': 0.0313, 'hit@15': 0.0833, 'ndcg@15': 0.0368, 'hit@20': 0.1, 'ndcg@20': 0.0407, 'hit@40': 0.1639, 'ndcg@40': 0.0537} 
2024-10-11 13:34:31.237 | INFO     | trainer_1:_train_one_epoch:193 - epoch 25 9.25s Train loss is [0.3826] 
2024-10-11 13:34:38.815 | INFO     | trainer_1:_train_one_epoch:201 - validate 25 cost time 7.58s, result: {'hit@1': 0.0163, 'ndcg@1': 0.0163, 'hit@5': 0.0571, 'ndcg@5': 0.0369, 'hit@10': 0.0941, 'ndcg@10': 0.0487, 'hit@15': 0.1266, 'ndcg@15': 0.0573, 'hit@20': 0.1512, 'ndcg@20': 0.0632, 'hit@40': 0.2359, 'ndcg@40': 0.0803} 
2024-10-11 13:34:45.301 | INFO     | trainer_1:_train_one_epoch:209 - test 25 cost time 6.49s, result: {'hit@1': 0.0103, 'ndcg@1': 0.0103, 'hit@5': 0.0387, 'ndcg@5': 0.0247, 'hit@10': 0.0631, 'ndcg@10': 0.0326, 'hit@15': 0.0847, 'ndcg@15': 0.0383, 'hit@20': 0.1044, 'ndcg@20': 0.0429, 'hit@40': 0.1678, 'ndcg@40': 0.0558} 
2024-10-11 13:35:04.538 | INFO     | trainer_1:_train_one_epoch:193 - epoch 26 8.68s Train loss is [0.3736] 
2024-10-11 13:35:12.162 | INFO     | trainer_1:_train_one_epoch:201 - validate 26 cost time 7.62s, result: {'hit@1': 0.0152, 'ndcg@1': 0.0152, 'hit@5': 0.056, 'ndcg@5': 0.0356, 'hit@10': 0.092, 'ndcg@10': 0.0471, 'hit@15': 0.123, 'ndcg@15': 0.0553, 'hit@20': 0.1503, 'ndcg@20': 0.0618, 'hit@40': 0.2378, 'ndcg@40': 0.0796} 
2024-10-11 13:35:17.212 | INFO     | trainer_1:_train_one_epoch:209 - test 26 cost time 5.05s, result: {'hit@1': 0.0099, 'ndcg@1': 0.0099, 'hit@5': 0.037, 'ndcg@5': 0.0233, 'hit@10': 0.0619, 'ndcg@10': 0.0312, 'hit@15': 0.0828, 'ndcg@15': 0.0368, 'hit@20': 0.1025, 'ndcg@20': 0.0414, 'hit@40': 0.1678, 'ndcg@40': 0.0547} 
2024-10-11 13:35:25.947 | INFO     | trainer_1:_train_one_epoch:193 - epoch 27 8.73s Train loss is [0.3733] 
2024-10-11 13:35:33.994 | INFO     | trainer_1:_train_one_epoch:201 - validate 27 cost time 8.05s, result: {'hit@1': 0.0156, 'ndcg@1': 0.0156, 'hit@5': 0.0545, 'ndcg@5': 0.0353, 'hit@10': 0.0902, 'ndcg@10': 0.0467, 'hit@15': 0.1199, 'ndcg@15': 0.0546, 'hit@20': 0.1476, 'ndcg@20': 0.0611, 'hit@40': 0.2304, 'ndcg@40': 0.0779} 
2024-10-11 13:35:42.921 | INFO     | trainer_1:_train_one_epoch:209 - test 27 cost time 8.93s, result: {'hit@1': 0.0102, 'ndcg@1': 0.0102, 'hit@5': 0.0366, 'ndcg@5': 0.0234, 'hit@10': 0.0612, 'ndcg@10': 0.0313, 'hit@15': 0.0834, 'ndcg@15': 0.0372, 'hit@20': 0.1021, 'ndcg@20': 0.0416, 'hit@40': 0.1663, 'ndcg@40': 0.0547} 
2024-10-11 13:35:51.694 | INFO     | trainer_1:_train_one_epoch:193 - epoch 28 8.77s Train loss is [0.3766] 
2024-10-11 13:35:59.215 | INFO     | trainer_1:_train_one_epoch:201 - validate 28 cost time 7.52s, result: {'hit@1': 0.0157, 'ndcg@1': 0.0157, 'hit@5': 0.0543, 'ndcg@5': 0.0351, 'hit@10': 0.09, 'ndcg@10': 0.0465, 'hit@15': 0.1202, 'ndcg@15': 0.0545, 'hit@20': 0.1464, 'ndcg@20': 0.0606, 'hit@40': 0.2321, 'ndcg@40': 0.0781} 
2024-10-11 13:36:05.864 | INFO     | trainer_1:_train_one_epoch:209 - test 28 cost time 6.65s, result: {'hit@1': 0.01, 'ndcg@1': 0.01, 'hit@5': 0.0361, 'ndcg@5': 0.0231, 'hit@10': 0.0607, 'ndcg@10': 0.031, 'hit@15': 0.0824, 'ndcg@15': 0.0367, 'hit@20': 0.1011, 'ndcg@20': 0.0411, 'hit@40': 0.1652, 'ndcg@40': 0.0542} 
2024-10-11 13:36:14.632 | INFO     | trainer_1:_train_one_epoch:193 - epoch 29 8.77s Train loss is [0.3765] 
2024-10-11 13:36:23.617 | INFO     | trainer_1:_train_one_epoch:201 - validate 29 cost time 8.98s, result: {'hit@1': 0.015, 'ndcg@1': 0.015, 'hit@5': 0.0551, 'ndcg@5': 0.0348, 'hit@10': 0.0891, 'ndcg@10': 0.0457, 'hit@15': 0.1199, 'ndcg@15': 0.0538, 'hit@20': 0.1451, 'ndcg@20': 0.0597, 'hit@40': 0.2269, 'ndcg@40': 0.0764} 
2024-10-11 13:36:32.111 | INFO     | trainer_1:_train_one_epoch:209 - test 29 cost time 8.49s, result: {'hit@1': 0.0096, 'ndcg@1': 0.0096, 'hit@5': 0.0363, 'ndcg@5': 0.023, 'hit@10': 0.0607, 'ndcg@10': 0.0308, 'hit@15': 0.0808, 'ndcg@15': 0.0361, 'hit@20': 0.0994, 'ndcg@20': 0.0405, 'hit@40': 0.1641, 'ndcg@40': 0.0536} 
2024-10-11 13:36:40.968 | INFO     | trainer_1:_train_one_epoch:193 - epoch 30 8.86s Train loss is [0.3755] 
2024-10-11 13:36:49.130 | INFO     | trainer_1:_train_one_epoch:201 - validate 30 cost time 8.16s, result: {'hit@1': 0.0163, 'ndcg@1': 0.0163, 'hit@5': 0.0566, 'ndcg@5': 0.0365, 'hit@10': 0.0914, 'ndcg@10': 0.0477, 'hit@15': 0.1226, 'ndcg@15': 0.0559, 'hit@20': 0.1495, 'ndcg@20': 0.0622, 'hit@40': 0.2337, 'ndcg@40': 0.0794} 
2024-10-11 13:36:56.796 | INFO     | trainer_1:_train_one_epoch:209 - test 30 cost time 7.67s, result: {'hit@1': 0.0107, 'ndcg@1': 0.0107, 'hit@5': 0.0375, 'ndcg@5': 0.024, 'hit@10': 0.0606, 'ndcg@10': 0.0314, 'hit@15': 0.0811, 'ndcg@15': 0.0368, 'hit@20': 0.1001, 'ndcg@20': 0.0413, 'hit@40': 0.1635, 'ndcg@40': 0.0541} 
2024-10-11 13:36:56.808 | INFO     | trainer_1:train_model:163 - training end, best iteration 25, results: {'hit@1': 0.0163, 'ndcg@1': 0.0163, 'hit@5': 0.0571, 'ndcg@5': 0.0369, 'hit@10': 0.0941, 'ndcg@10': 0.0487, 'hit@15': 0.1266, 'ndcg@15': 0.0573, 'hit@20': 0.1512, 'ndcg@20': 0.0632, 'hit@40': 0.2359, 'ndcg@40': 0.0803}
2024-10-11 13:36:56.808 | INFO     | trainer_1:train_model:166 - final test result is:  {'hit@1': 0.0103, 'ndcg@1': 0.0103, 'hit@5': 0.0387, 'ndcg@5': 0.0247, 'hit@10': 0.0631, 'ndcg@10': 0.0326, 'hit@15': 0.0847, 'ndcg@15': 0.0383, 'hit@20': 0.1044, 'ndcg@20': 0.0429, 'hit@40': 0.1678, 'ndcg@40': 0.0558}
2024-10-11 13:36:57.109 | INFO     | __main__:<module>:119 - train end total cost time: 3213.084900856018
