2024-10-11 12:01:01.428 | INFO     | __main__:<module>:105 - Namespace(TIME='2024-10-11 12_00_29', batch_size=1024, behaviors=['view', 'cart', 'buy'], check_point='model_pre_1_2024-10-08 12_42_42.pth', data_name='beibei', data_path='./data/beibei', decay=0.001, device='cuda:1', dim_qk=32, dim_v=64, distill_layers=2, distill_thres=0.5, distill_topK=10, distill_userK=6, embedding_size=64, epochs=100, gpu_no=1, if_load_model=True, ii_lambda=200, initializer_range=0.02, layers=2, loss_type='bpr', lr=0.001, message_dropout=0.25, metrics=['hit', 'ndcg'], min_epoch=5, model_name='main_1', model_path='./check_point', node_dropout=0.75, omega=1, pt_loop=50, reg_weight=0.001, test_batch_size=1024, testbatch=1024, topk=[1, 5, 10, 15, 20, 40], uu_lambda=100)
2024-10-11 12:01:01.429 | INFO     | __main__:<module>:106 - BIPN(
  (message_dropout): Dropout(p=0.25, inplace=False)
  (user_embedding): Embedding(21717, 64, padding_idx=0)
  (item_embedding): Embedding(7978, 64, padding_idx=0)
  (global_Graph): LightGCN()
  (Graph_encoder): ModuleDict(
    (view): GraphEncoder(
      (light): LightGCN()
      (dropout): Dropout(p=0.75, inplace=False)
    )
    (cart): GraphEncoder(
      (light): LightGCN()
      (dropout): Dropout(p=0.75, inplace=False)
    )
    (buy): GraphEncoder(
      (light): LightGCN()
      (dropout): Dropout(p=0.75, inplace=False)
    )
  )
  (attention): Mutual_Attention()
  (bpr_loss): BPRLoss()
  (emb_loss): EmbLoss()
  (f): Sigmoid()
)
2024-10-11 12:28:44.680 | INFO     | trainer_1:_train_one_epoch:193 - epoch 1 11.42s Train loss is [0.9802] 
2024-10-11 12:28:56.555 | INFO     | trainer_1:_train_one_epoch:201 - validate 1 cost time 11.87s, result: {'hit@1': 0.0059, 'ndcg@1': 0.0059, 'hit@5': 0.0234, 'ndcg@5': 0.0145, 'hit@10': 0.0415, 'ndcg@10': 0.0203, 'hit@15': 0.0577, 'ndcg@15': 0.0246, 'hit@20': 0.0743, 'ndcg@20': 0.0285, 'hit@40': 0.1295, 'ndcg@40': 0.0397} 
2024-10-11 12:29:07.483 | INFO     | trainer_1:_train_one_epoch:209 - test 1 cost time 10.93s, result: {'hit@1': 0.0033, 'ndcg@1': 0.0033, 'hit@5': 0.0168, 'ndcg@5': 0.0099, 'hit@10': 0.0301, 'ndcg@10': 0.0141, 'hit@15': 0.0426, 'ndcg@15': 0.0174, 'hit@20': 0.0564, 'ndcg@20': 0.0207, 'hit@40': 0.0994, 'ndcg@40': 0.0294} 
2024-10-11 12:29:25.951 | INFO     | trainer_1:_train_one_epoch:193 - epoch 2 7.05s Train loss is [0.7599] 
2024-10-11 12:29:35.925 | INFO     | trainer_1:_train_one_epoch:201 - validate 2 cost time 9.97s, result: {'hit@1': 0.0085, 'ndcg@1': 0.0085, 'hit@5': 0.0325, 'ndcg@5': 0.0204, 'hit@10': 0.0565, 'ndcg@10': 0.0281, 'hit@15': 0.0782, 'ndcg@15': 0.0338, 'hit@20': 0.0959, 'ndcg@20': 0.038, 'hit@40': 0.1578, 'ndcg@40': 0.0506} 
2024-10-11 12:29:46.164 | INFO     | trainer_1:_train_one_epoch:209 - test 2 cost time 10.24s, result: {'hit@1': 0.0044, 'ndcg@1': 0.0044, 'hit@5': 0.0199, 'ndcg@5': 0.012, 'hit@10': 0.0366, 'ndcg@10': 0.0173, 'hit@15': 0.0525, 'ndcg@15': 0.0215, 'hit@20': 0.0664, 'ndcg@20': 0.0248, 'hit@40': 0.1133, 'ndcg@40': 0.0344} 
2024-10-11 12:30:04.892 | INFO     | trainer_1:_train_one_epoch:193 - epoch 3 7.41s Train loss is [0.6576] 
2024-10-11 12:30:11.945 | INFO     | trainer_1:_train_one_epoch:201 - validate 3 cost time 7.05s, result: {'hit@1': 0.0076, 'ndcg@1': 0.0076, 'hit@5': 0.0327, 'ndcg@5': 0.02, 'hit@10': 0.0584, 'ndcg@10': 0.0282, 'hit@15': 0.081, 'ndcg@15': 0.0342, 'hit@20': 0.1006, 'ndcg@20': 0.0388, 'hit@40': 0.1655, 'ndcg@40': 0.0521} 
2024-10-11 12:30:20.153 | INFO     | trainer_1:_train_one_epoch:209 - test 3 cost time 8.21s, result: {'hit@1': 0.0049, 'ndcg@1': 0.0049, 'hit@5': 0.0221, 'ndcg@5': 0.0134, 'hit@10': 0.0404, 'ndcg@10': 0.0193, 'hit@15': 0.0566, 'ndcg@15': 0.0236, 'hit@20': 0.0716, 'ndcg@20': 0.0271, 'hit@40': 0.1261, 'ndcg@40': 0.0382} 
2024-10-11 12:30:42.422 | INFO     | trainer_1:_train_one_epoch:193 - epoch 4 9.41s Train loss is [0.5847] 
2024-10-11 12:30:48.837 | INFO     | trainer_1:_train_one_epoch:201 - validate 4 cost time 6.41s, result: {'hit@1': 0.0092, 'ndcg@1': 0.0092, 'hit@5': 0.0364, 'ndcg@5': 0.0225, 'hit@10': 0.0631, 'ndcg@10': 0.0311, 'hit@15': 0.0897, 'ndcg@15': 0.0382, 'hit@20': 0.112, 'ndcg@20': 0.0434, 'hit@40': 0.1833, 'ndcg@40': 0.0579} 
2024-10-11 12:30:55.870 | INFO     | trainer_1:_train_one_epoch:209 - test 4 cost time 7.03s, result: {'hit@1': 0.006, 'ndcg@1': 0.006, 'hit@5': 0.0245, 'ndcg@5': 0.015, 'hit@10': 0.043, 'ndcg@10': 0.0209, 'hit@15': 0.06, 'ndcg@15': 0.0254, 'hit@20': 0.078, 'ndcg@20': 0.0297, 'hit@40': 0.1349, 'ndcg@40': 0.0413} 
2024-10-11 12:31:15.153 | INFO     | trainer_1:_train_one_epoch:193 - epoch 5 8.47s Train loss is [0.5626] 
2024-10-11 12:31:20.276 | INFO     | trainer_1:_train_one_epoch:201 - validate 5 cost time 5.12s, result: {'hit@1': 0.01, 'ndcg@1': 0.01, 'hit@5': 0.0342, 'ndcg@5': 0.022, 'hit@10': 0.0603, 'ndcg@10': 0.0303, 'hit@15': 0.0844, 'ndcg@15': 0.0367, 'hit@20': 0.1058, 'ndcg@20': 0.0418, 'hit@40': 0.1797, 'ndcg@40': 0.0568} 
2024-10-11 12:31:26.478 | INFO     | trainer_1:_train_one_epoch:209 - test 5 cost time 6.20s, result: {'hit@1': 0.0056, 'ndcg@1': 0.0056, 'hit@5': 0.0221, 'ndcg@5': 0.0137, 'hit@10': 0.0394, 'ndcg@10': 0.0192, 'hit@15': 0.0546, 'ndcg@15': 0.0232, 'hit@20': 0.0701, 'ndcg@20': 0.0269, 'hit@40': 0.1238, 'ndcg@40': 0.0378} 
2024-10-11 12:31:35.998 | INFO     | trainer_1:_train_one_epoch:193 - epoch 6 9.52s Train loss is [0.5455] 
2024-10-11 12:31:43.900 | INFO     | trainer_1:_train_one_epoch:201 - validate 6 cost time 7.90s, result: {'hit@1': 0.0099, 'ndcg@1': 0.0099, 'hit@5': 0.0377, 'ndcg@5': 0.0238, 'hit@10': 0.0641, 'ndcg@10': 0.0323, 'hit@15': 0.088, 'ndcg@15': 0.0386, 'hit@20': 0.1101, 'ndcg@20': 0.0439, 'hit@40': 0.1801, 'ndcg@40': 0.0581} 
2024-10-11 12:31:51.760 | INFO     | trainer_1:_train_one_epoch:209 - test 6 cost time 7.86s, result: {'hit@1': 0.0056, 'ndcg@1': 0.0056, 'hit@5': 0.024, 'ndcg@5': 0.0147, 'hit@10': 0.0418, 'ndcg@10': 0.0204, 'hit@15': 0.0577, 'ndcg@15': 0.0246, 'hit@20': 0.0737, 'ndcg@20': 0.0284, 'hit@40': 0.1266, 'ndcg@40': 0.0391} 
2024-10-11 12:32:00.136 | INFO     | trainer_1:_train_one_epoch:193 - epoch 7 8.38s Train loss is [0.5200] 
2024-10-11 12:32:05.968 | INFO     | trainer_1:_train_one_epoch:201 - validate 7 cost time 5.83s, result: {'hit@1': 0.0104, 'ndcg@1': 0.0104, 'hit@5': 0.0397, 'ndcg@5': 0.0249, 'hit@10': 0.0701, 'ndcg@10': 0.0346, 'hit@15': 0.0969, 'ndcg@15': 0.0417, 'hit@20': 0.1196, 'ndcg@20': 0.0471, 'hit@40': 0.192, 'ndcg@40': 0.0618} 
2024-10-11 12:32:12.297 | INFO     | trainer_1:_train_one_epoch:209 - test 7 cost time 6.33s, result: {'hit@1': 0.0063, 'ndcg@1': 0.0063, 'hit@5': 0.0237, 'ndcg@5': 0.0149, 'hit@10': 0.0447, 'ndcg@10': 0.0216, 'hit@15': 0.0634, 'ndcg@15': 0.0265, 'hit@20': 0.0803, 'ndcg@20': 0.0305, 'hit@40': 0.1374, 'ndcg@40': 0.0421} 
2024-10-11 12:32:33.436 | INFO     | trainer_1:_train_one_epoch:193 - epoch 8 10.61s Train loss is [0.5032] 
2024-10-11 12:32:38.664 | INFO     | trainer_1:_train_one_epoch:201 - validate 8 cost time 5.23s, result: {'hit@1': 0.0097, 'ndcg@1': 0.0097, 'hit@5': 0.0396, 'ndcg@5': 0.0243, 'hit@10': 0.0675, 'ndcg@10': 0.0333, 'hit@15': 0.0921, 'ndcg@15': 0.0398, 'hit@20': 0.1155, 'ndcg@20': 0.0453, 'hit@40': 0.1929, 'ndcg@40': 0.0611} 
2024-10-11 12:32:44.645 | INFO     | trainer_1:_train_one_epoch:209 - test 8 cost time 5.98s, result: {'hit@1': 0.0064, 'ndcg@1': 0.0064, 'hit@5': 0.026, 'ndcg@5': 0.016, 'hit@10': 0.0461, 'ndcg@10': 0.0224, 'hit@15': 0.0631, 'ndcg@15': 0.0269, 'hit@20': 0.0803, 'ndcg@20': 0.0309, 'hit@40': 0.1416, 'ndcg@40': 0.0434} 
2024-10-11 12:33:04.498 | INFO     | trainer_1:_train_one_epoch:193 - epoch 9 9.42s Train loss is [0.4955] 
2024-10-11 12:33:11.375 | INFO     | trainer_1:_train_one_epoch:201 - validate 9 cost time 6.88s, result: {'hit@1': 0.0108, 'ndcg@1': 0.0108, 'hit@5': 0.0437, 'ndcg@5': 0.0272, 'hit@10': 0.0746, 'ndcg@10': 0.037, 'hit@15': 0.1022, 'ndcg@15': 0.0443, 'hit@20': 0.1245, 'ndcg@20': 0.0496, 'hit@40': 0.2041, 'ndcg@40': 0.0658} 
2024-10-11 12:33:16.337 | INFO     | trainer_1:_train_one_epoch:209 - test 9 cost time 4.96s, result: {'hit@1': 0.0075, 'ndcg@1': 0.0075, 'hit@5': 0.0264, 'ndcg@5': 0.0169, 'hit@10': 0.0477, 'ndcg@10': 0.0238, 'hit@15': 0.066, 'ndcg@15': 0.0286, 'hit@20': 0.0845, 'ndcg@20': 0.0329, 'hit@40': 0.1463, 'ndcg@40': 0.0455} 
2024-10-11 12:33:35.456 | INFO     | trainer_1:_train_one_epoch:193 - epoch 10 8.65s Train loss is [0.4807] 
2024-10-11 12:33:43.294 | INFO     | trainer_1:_train_one_epoch:201 - validate 10 cost time 7.84s, result: {'hit@1': 0.0103, 'ndcg@1': 0.0103, 'hit@5': 0.0449, 'ndcg@5': 0.0275, 'hit@10': 0.0741, 'ndcg@10': 0.0368, 'hit@15': 0.1006, 'ndcg@15': 0.0438, 'hit@20': 0.1245, 'ndcg@20': 0.0495, 'hit@40': 0.2014, 'ndcg@40': 0.0651} 
2024-10-11 12:33:51.243 | INFO     | trainer_1:_train_one_epoch:209 - test 10 cost time 7.95s, result: {'hit@1': 0.0077, 'ndcg@1': 0.0077, 'hit@5': 0.0287, 'ndcg@5': 0.0182, 'hit@10': 0.0509, 'ndcg@10': 0.0253, 'hit@15': 0.0693, 'ndcg@15': 0.0302, 'hit@20': 0.087, 'ndcg@20': 0.0343, 'hit@40': 0.1467, 'ndcg@40': 0.0464} 
2024-10-11 12:34:11.063 | INFO     | trainer_1:_train_one_epoch:193 - epoch 11 8.68s Train loss is [0.4706] 
2024-10-11 12:34:20.179 | INFO     | trainer_1:_train_one_epoch:201 - validate 11 cost time 9.12s, result: {'hit@1': 0.0117, 'ndcg@1': 0.0117, 'hit@5': 0.0439, 'ndcg@5': 0.0276, 'hit@10': 0.0746, 'ndcg@10': 0.0374, 'hit@15': 0.1006, 'ndcg@15': 0.0443, 'hit@20': 0.1242, 'ndcg@20': 0.0498, 'hit@40': 0.2023, 'ndcg@40': 0.0657} 
2024-10-11 12:34:29.001 | INFO     | trainer_1:_train_one_epoch:209 - test 11 cost time 8.82s, result: {'hit@1': 0.0074, 'ndcg@1': 0.0074, 'hit@5': 0.0286, 'ndcg@5': 0.018, 'hit@10': 0.0496, 'ndcg@10': 0.0247, 'hit@15': 0.0686, 'ndcg@15': 0.0297, 'hit@20': 0.0866, 'ndcg@20': 0.034, 'hit@40': 0.1455, 'ndcg@40': 0.0459} 
2024-10-11 12:34:37.767 | INFO     | trainer_1:_train_one_epoch:193 - epoch 12 8.77s Train loss is [0.4506] 
2024-10-11 12:34:42.859 | INFO     | trainer_1:_train_one_epoch:201 - validate 12 cost time 5.09s, result: {'hit@1': 0.0121, 'ndcg@1': 0.0121, 'hit@5': 0.0419, 'ndcg@5': 0.0268, 'hit@10': 0.0703, 'ndcg@10': 0.0359, 'hit@15': 0.098, 'ndcg@15': 0.0432, 'hit@20': 0.1212, 'ndcg@20': 0.0487, 'hit@40': 0.1999, 'ndcg@40': 0.0647} 
2024-10-11 12:34:48.048 | INFO     | trainer_1:_train_one_epoch:209 - test 12 cost time 5.19s, result: {'hit@1': 0.0063, 'ndcg@1': 0.0063, 'hit@5': 0.0263, 'ndcg@5': 0.0162, 'hit@10': 0.0471, 'ndcg@10': 0.0228, 'hit@15': 0.0652, 'ndcg@15': 0.0276, 'hit@20': 0.081, 'ndcg@20': 0.0314, 'hit@40': 0.1401, 'ndcg@40': 0.0434} 
2024-10-11 12:34:57.159 | INFO     | trainer_1:_train_one_epoch:193 - epoch 13 9.11s Train loss is [0.4542] 
2024-10-11 12:35:05.066 | INFO     | trainer_1:_train_one_epoch:201 - validate 13 cost time 7.91s, result: {'hit@1': 0.0132, 'ndcg@1': 0.0132, 'hit@5': 0.0465, 'ndcg@5': 0.0296, 'hit@10': 0.0784, 'ndcg@10': 0.0398, 'hit@15': 0.1043, 'ndcg@15': 0.0467, 'hit@20': 0.1273, 'ndcg@20': 0.0521, 'hit@40': 0.2034, 'ndcg@40': 0.0675} 
2024-10-11 12:35:12.693 | INFO     | trainer_1:_train_one_epoch:209 - test 13 cost time 7.63s, result: {'hit@1': 0.0075, 'ndcg@1': 0.0075, 'hit@5': 0.0294, 'ndcg@5': 0.0184, 'hit@10': 0.0517, 'ndcg@10': 0.0256, 'hit@15': 0.0705, 'ndcg@15': 0.0306, 'hit@20': 0.086, 'ndcg@20': 0.0342, 'hit@40': 0.1428, 'ndcg@40': 0.0458} 
2024-10-11 12:35:32.527 | INFO     | trainer_1:_train_one_epoch:193 - epoch 14 9.08s Train loss is [0.4470] 
2024-10-11 12:35:39.431 | INFO     | trainer_1:_train_one_epoch:201 - validate 14 cost time 6.90s, result: {'hit@1': 0.0134, 'ndcg@1': 0.0134, 'hit@5': 0.0495, 'ndcg@5': 0.0315, 'hit@10': 0.081, 'ndcg@10': 0.0416, 'hit@15': 0.1092, 'ndcg@15': 0.049, 'hit@20': 0.1345, 'ndcg@20': 0.055, 'hit@40': 0.2107, 'ndcg@40': 0.0705} 
2024-10-11 12:35:47.104 | INFO     | trainer_1:_train_one_epoch:209 - test 14 cost time 7.67s, result: {'hit@1': 0.0094, 'ndcg@1': 0.0094, 'hit@5': 0.0324, 'ndcg@5': 0.0207, 'hit@10': 0.0539, 'ndcg@10': 0.0276, 'hit@15': 0.0737, 'ndcg@15': 0.0328, 'hit@20': 0.0915, 'ndcg@20': 0.037, 'hit@40': 0.1499, 'ndcg@40': 0.0489} 
2024-10-11 12:36:07.120 | INFO     | trainer_1:_train_one_epoch:193 - epoch 15 9.27s Train loss is [0.4251] 
2024-10-11 12:36:13.669 | INFO     | trainer_1:_train_one_epoch:201 - validate 15 cost time 6.55s, result: {'hit@1': 0.0145, 'ndcg@1': 0.0145, 'hit@5': 0.0517, 'ndcg@5': 0.0332, 'hit@10': 0.0864, 'ndcg@10': 0.0443, 'hit@15': 0.1151, 'ndcg@15': 0.0519, 'hit@20': 0.1405, 'ndcg@20': 0.0579, 'hit@40': 0.2224, 'ndcg@40': 0.0745} 
2024-10-11 12:36:20.962 | INFO     | trainer_1:_train_one_epoch:209 - test 15 cost time 7.29s, result: {'hit@1': 0.0086, 'ndcg@1': 0.0086, 'hit@5': 0.0337, 'ndcg@5': 0.0211, 'hit@10': 0.058, 'ndcg@10': 0.0289, 'hit@15': 0.0771, 'ndcg@15': 0.034, 'hit@20': 0.0956, 'ndcg@20': 0.0383, 'hit@40': 0.1563, 'ndcg@40': 0.0506} 
2024-10-11 12:36:40.514 | INFO     | trainer_1:_train_one_epoch:193 - epoch 16 8.96s Train loss is [0.4270] 
2024-10-11 12:36:47.799 | INFO     | trainer_1:_train_one_epoch:201 - validate 16 cost time 7.29s, result: {'hit@1': 0.014, 'ndcg@1': 0.014, 'hit@5': 0.0505, 'ndcg@5': 0.0322, 'hit@10': 0.0834, 'ndcg@10': 0.0428, 'hit@15': 0.1134, 'ndcg@15': 0.0507, 'hit@20': 0.1402, 'ndcg@20': 0.057, 'hit@40': 0.2211, 'ndcg@40': 0.0735} 
2024-10-11 12:36:55.464 | INFO     | trainer_1:_train_one_epoch:209 - test 16 cost time 7.66s, result: {'hit@1': 0.0094, 'ndcg@1': 0.0094, 'hit@5': 0.0318, 'ndcg@5': 0.0205, 'hit@10': 0.0551, 'ndcg@10': 0.028, 'hit@15': 0.0752, 'ndcg@15': 0.0333, 'hit@20': 0.0925, 'ndcg@20': 0.0374, 'hit@40': 0.1539, 'ndcg@40': 0.0498} 
2024-10-11 12:37:05.414 | INFO     | trainer_1:_train_one_epoch:193 - epoch 17 9.95s Train loss is [0.4181] 
2024-10-11 12:37:10.568 | INFO     | trainer_1:_train_one_epoch:201 - validate 17 cost time 5.15s, result: {'hit@1': 0.0152, 'ndcg@1': 0.0152, 'hit@5': 0.0548, 'ndcg@5': 0.0349, 'hit@10': 0.0902, 'ndcg@10': 0.0462, 'hit@15': 0.1206, 'ndcg@15': 0.0543, 'hit@20': 0.1493, 'ndcg@20': 0.061, 'hit@40': 0.2344, 'ndcg@40': 0.0784} 
2024-10-11 12:37:16.038 | INFO     | trainer_1:_train_one_epoch:209 - test 17 cost time 5.47s, result: {'hit@1': 0.0103, 'ndcg@1': 0.0103, 'hit@5': 0.0352, 'ndcg@5': 0.0226, 'hit@10': 0.0596, 'ndcg@10': 0.0304, 'hit@15': 0.0819, 'ndcg@15': 0.0363, 'hit@20': 0.1014, 'ndcg@20': 0.0409, 'hit@40': 0.1702, 'ndcg@40': 0.0549} 
2024-10-11 12:37:35.646 | INFO     | trainer_1:_train_one_epoch:193 - epoch 18 8.96s Train loss is [0.4096] 
2024-10-11 12:37:43.522 | INFO     | trainer_1:_train_one_epoch:201 - validate 18 cost time 7.88s, result: {'hit@1': 0.0147, 'ndcg@1': 0.0147, 'hit@5': 0.0533, 'ndcg@5': 0.0338, 'hit@10': 0.086, 'ndcg@10': 0.0443, 'hit@15': 0.1147, 'ndcg@15': 0.0519, 'hit@20': 0.1404, 'ndcg@20': 0.0579, 'hit@40': 0.2204, 'ndcg@40': 0.0742} 
2024-10-11 12:37:49.980 | INFO     | trainer_1:_train_one_epoch:209 - test 18 cost time 6.46s, result: {'hit@1': 0.0096, 'ndcg@1': 0.0096, 'hit@5': 0.0349, 'ndcg@5': 0.0221, 'hit@10': 0.0589, 'ndcg@10': 0.0298, 'hit@15': 0.0786, 'ndcg@15': 0.035, 'hit@20': 0.0961, 'ndcg@20': 0.0391, 'hit@40': 0.1572, 'ndcg@40': 0.0515} 
2024-10-11 12:37:59.149 | INFO     | trainer_1:_train_one_epoch:193 - epoch 19 9.17s Train loss is [0.4082] 
2024-10-11 12:38:06.916 | INFO     | trainer_1:_train_one_epoch:201 - validate 19 cost time 7.77s, result: {'hit@1': 0.0148, 'ndcg@1': 0.0148, 'hit@5': 0.0523, 'ndcg@5': 0.0336, 'hit@10': 0.0872, 'ndcg@10': 0.0448, 'hit@15': 0.1149, 'ndcg@15': 0.0521, 'hit@20': 0.1428, 'ndcg@20': 0.0587, 'hit@40': 0.2259, 'ndcg@40': 0.0756} 
2024-10-11 12:38:14.681 | INFO     | trainer_1:_train_one_epoch:209 - test 19 cost time 7.76s, result: {'hit@1': 0.0089, 'ndcg@1': 0.0089, 'hit@5': 0.0349, 'ndcg@5': 0.022, 'hit@10': 0.0584, 'ndcg@10': 0.0295, 'hit@15': 0.08, 'ndcg@15': 0.0351, 'hit@20': 0.0986, 'ndcg@20': 0.0396, 'hit@40': 0.1615, 'ndcg@40': 0.0523} 
2024-10-11 12:38:23.401 | INFO     | trainer_1:_train_one_epoch:193 - epoch 20 8.72s Train loss is [0.3975] 
2024-10-11 12:38:30.854 | INFO     | trainer_1:_train_one_epoch:201 - validate 20 cost time 7.45s, result: {'hit@1': 0.0146, 'ndcg@1': 0.0146, 'hit@5': 0.052, 'ndcg@5': 0.0333, 'hit@10': 0.0874, 'ndcg@10': 0.0446, 'hit@15': 0.116, 'ndcg@15': 0.0522, 'hit@20': 0.1414, 'ndcg@20': 0.0582, 'hit@40': 0.2248, 'ndcg@40': 0.0752} 
2024-10-11 12:38:37.953 | INFO     | trainer_1:_train_one_epoch:209 - test 20 cost time 7.10s, result: {'hit@1': 0.0089, 'ndcg@1': 0.0089, 'hit@5': 0.0349, 'ndcg@5': 0.0219, 'hit@10': 0.0583, 'ndcg@10': 0.0294, 'hit@15': 0.0802, 'ndcg@15': 0.0352, 'hit@20': 0.1011, 'ndcg@20': 0.0401, 'hit@40': 0.1638, 'ndcg@40': 0.0529} 
2024-10-11 12:38:46.786 | INFO     | trainer_1:_train_one_epoch:193 - epoch 21 8.83s Train loss is [0.3911] 
2024-10-11 12:38:53.382 | INFO     | trainer_1:_train_one_epoch:201 - validate 21 cost time 6.60s, result: {'hit@1': 0.0153, 'ndcg@1': 0.0153, 'hit@5': 0.0547, 'ndcg@5': 0.0349, 'hit@10': 0.091, 'ndcg@10': 0.0466, 'hit@15': 0.1217, 'ndcg@15': 0.0547, 'hit@20': 0.1458, 'ndcg@20': 0.0603, 'hit@40': 0.2337, 'ndcg@40': 0.0782} 
2024-10-11 12:39:00.415 | INFO     | trainer_1:_train_one_epoch:209 - test 21 cost time 7.03s, result: {'hit@1': 0.0097, 'ndcg@1': 0.0097, 'hit@5': 0.0357, 'ndcg@5': 0.0228, 'hit@10': 0.06, 'ndcg@10': 0.0305, 'hit@15': 0.0798, 'ndcg@15': 0.0358, 'hit@20': 0.0995, 'ndcg@20': 0.0404, 'hit@40': 0.163, 'ndcg@40': 0.0533} 
2024-10-11 12:39:19.594 | INFO     | trainer_1:_train_one_epoch:193 - epoch 22 8.59s Train loss is [0.3835] 
2024-10-11 12:39:24.939 | INFO     | trainer_1:_train_one_epoch:201 - validate 22 cost time 5.34s, result: {'hit@1': 0.0153, 'ndcg@1': 0.0153, 'hit@5': 0.0542, 'ndcg@5': 0.035, 'hit@10': 0.0895, 'ndcg@10': 0.0463, 'hit@15': 0.121, 'ndcg@15': 0.0546, 'hit@20': 0.1483, 'ndcg@20': 0.061, 'hit@40': 0.2349, 'ndcg@40': 0.0787} 
2024-10-11 12:39:30.813 | INFO     | trainer_1:_train_one_epoch:209 - test 22 cost time 5.87s, result: {'hit@1': 0.0091, 'ndcg@1': 0.0091, 'hit@5': 0.036, 'ndcg@5': 0.0225, 'hit@10': 0.0607, 'ndcg@10': 0.0304, 'hit@15': 0.0833, 'ndcg@15': 0.0363, 'hit@20': 0.1032, 'ndcg@20': 0.041, 'hit@40': 0.1661, 'ndcg@40': 0.0538} 
2024-10-11 12:39:50.082 | INFO     | trainer_1:_train_one_epoch:193 - epoch 23 8.74s Train loss is [0.3866] 
2024-10-11 12:39:56.442 | INFO     | trainer_1:_train_one_epoch:201 - validate 23 cost time 6.36s, result: {'hit@1': 0.0157, 'ndcg@1': 0.0157, 'hit@5': 0.0549, 'ndcg@5': 0.0352, 'hit@10': 0.0918, 'ndcg@10': 0.047, 'hit@15': 0.1231, 'ndcg@15': 0.0553, 'hit@20': 0.1493, 'ndcg@20': 0.0615, 'hit@40': 0.2359, 'ndcg@40': 0.0791} 
2024-10-11 12:40:01.352 | INFO     | trainer_1:_train_one_epoch:209 - test 23 cost time 4.91s, result: {'hit@1': 0.0093, 'ndcg@1': 0.0093, 'hit@5': 0.036, 'ndcg@5': 0.0227, 'hit@10': 0.0617, 'ndcg@10': 0.0309, 'hit@15': 0.083, 'ndcg@15': 0.0365, 'hit@20': 0.101, 'ndcg@20': 0.0407, 'hit@40': 0.1646, 'ndcg@40': 0.0537} 
2024-10-11 12:40:21.501 | INFO     | trainer_1:_train_one_epoch:193 - epoch 24 9.77s Train loss is [0.3919] 
2024-10-11 12:40:29.448 | INFO     | trainer_1:_train_one_epoch:201 - validate 24 cost time 7.95s, result: {'hit@1': 0.0152, 'ndcg@1': 0.0152, 'hit@5': 0.055, 'ndcg@5': 0.0351, 'hit@10': 0.0882, 'ndcg@10': 0.0457, 'hit@15': 0.1209, 'ndcg@15': 0.0544, 'hit@20': 0.1465, 'ndcg@20': 0.0604, 'hit@40': 0.2312, 'ndcg@40': 0.0777} 
2024-10-11 12:40:36.433 | INFO     | trainer_1:_train_one_epoch:209 - test 24 cost time 6.98s, result: {'hit@1': 0.0089, 'ndcg@1': 0.0089, 'hit@5': 0.0373, 'ndcg@5': 0.0231, 'hit@10': 0.0623, 'ndcg@10': 0.0311, 'hit@15': 0.0826, 'ndcg@15': 0.0365, 'hit@20': 0.1003, 'ndcg@20': 0.0407, 'hit@40': 0.1643, 'ndcg@40': 0.0537} 
2024-10-11 12:40:56.159 | INFO     | trainer_1:_train_one_epoch:193 - epoch 25 9.17s Train loss is [0.3822] 
2024-10-11 12:41:03.552 | INFO     | trainer_1:_train_one_epoch:201 - validate 25 cost time 7.39s, result: {'hit@1': 0.0162, 'ndcg@1': 0.0162, 'hit@5': 0.0574, 'ndcg@5': 0.037, 'hit@10': 0.0953, 'ndcg@10': 0.0491, 'hit@15': 0.1271, 'ndcg@15': 0.0575, 'hit@20': 0.1514, 'ndcg@20': 0.0633, 'hit@40': 0.2359, 'ndcg@40': 0.0804} 
2024-10-11 12:41:08.470 | INFO     | trainer_1:_train_one_epoch:209 - test 25 cost time 4.92s, result: {'hit@1': 0.0105, 'ndcg@1': 0.0105, 'hit@5': 0.0383, 'ndcg@5': 0.0246, 'hit@10': 0.0643, 'ndcg@10': 0.0329, 'hit@15': 0.085, 'ndcg@15': 0.0384, 'hit@20': 0.1041, 'ndcg@20': 0.0429, 'hit@40': 0.1682, 'ndcg@40': 0.0559} 
2024-10-11 12:41:27.946 | INFO     | trainer_1:_train_one_epoch:193 - epoch 26 9.05s Train loss is [0.3735] 
2024-10-11 12:41:35.754 | INFO     | trainer_1:_train_one_epoch:201 - validate 26 cost time 7.81s, result: {'hit@1': 0.0149, 'ndcg@1': 0.0149, 'hit@5': 0.0561, 'ndcg@5': 0.0357, 'hit@10': 0.092, 'ndcg@10': 0.0472, 'hit@15': 0.1231, 'ndcg@15': 0.0554, 'hit@20': 0.151, 'ndcg@20': 0.062, 'hit@40': 0.2389, 'ndcg@40': 0.0798} 
2024-10-11 12:41:43.406 | INFO     | trainer_1:_train_one_epoch:209 - test 26 cost time 7.65s, result: {'hit@1': 0.0096, 'ndcg@1': 0.0096, 'hit@5': 0.0373, 'ndcg@5': 0.0234, 'hit@10': 0.0619, 'ndcg@10': 0.0313, 'hit@15': 0.0832, 'ndcg@15': 0.0369, 'hit@20': 0.1026, 'ndcg@20': 0.0414, 'hit@40': 0.1685, 'ndcg@40': 0.0548} 
2024-10-11 12:41:52.962 | INFO     | trainer_1:_train_one_epoch:193 - epoch 27 9.55s Train loss is [0.3734] 
2024-10-11 12:42:00.192 | INFO     | trainer_1:_train_one_epoch:201 - validate 27 cost time 7.23s, result: {'hit@1': 0.0154, 'ndcg@1': 0.0154, 'hit@5': 0.0554, 'ndcg@5': 0.0356, 'hit@10': 0.0903, 'ndcg@10': 0.0467, 'hit@15': 0.1206, 'ndcg@15': 0.0547, 'hit@20': 0.147, 'ndcg@20': 0.0609, 'hit@40': 0.2308, 'ndcg@40': 0.078} 
2024-10-11 12:42:07.664 | INFO     | trainer_1:_train_one_epoch:209 - test 27 cost time 7.47s, result: {'hit@1': 0.0101, 'ndcg@1': 0.0101, 'hit@5': 0.0371, 'ndcg@5': 0.0236, 'hit@10': 0.0615, 'ndcg@10': 0.0315, 'hit@15': 0.0829, 'ndcg@15': 0.0371, 'hit@20': 0.1021, 'ndcg@20': 0.0416, 'hit@40': 0.1667, 'ndcg@40': 0.0548} 
2024-10-11 12:42:16.651 | INFO     | trainer_1:_train_one_epoch:193 - epoch 28 8.99s Train loss is [0.3766] 
2024-10-11 12:42:23.430 | INFO     | trainer_1:_train_one_epoch:201 - validate 28 cost time 6.78s, result: {'hit@1': 0.0155, 'ndcg@1': 0.0155, 'hit@5': 0.0544, 'ndcg@5': 0.0349, 'hit@10': 0.0897, 'ndcg@10': 0.0463, 'hit@15': 0.1196, 'ndcg@15': 0.0541, 'hit@20': 0.1464, 'ndcg@20': 0.0605, 'hit@40': 0.2323, 'ndcg@40': 0.078} 
2024-10-11 12:42:29.866 | INFO     | trainer_1:_train_one_epoch:209 - test 28 cost time 6.44s, result: {'hit@1': 0.0099, 'ndcg@1': 0.0099, 'hit@5': 0.0364, 'ndcg@5': 0.0231, 'hit@10': 0.0612, 'ndcg@10': 0.0311, 'hit@15': 0.0812, 'ndcg@15': 0.0364, 'hit@20': 0.1007, 'ndcg@20': 0.041, 'hit@40': 0.164, 'ndcg@40': 0.0538} 
2024-10-11 12:42:40.239 | INFO     | trainer_1:_train_one_epoch:193 - epoch 29 10.37s Train loss is [0.3756] 
2024-10-11 12:42:47.996 | INFO     | trainer_1:_train_one_epoch:201 - validate 29 cost time 7.76s, result: {'hit@1': 0.0149, 'ndcg@1': 0.0149, 'hit@5': 0.0548, 'ndcg@5': 0.0346, 'hit@10': 0.0892, 'ndcg@10': 0.0457, 'hit@15': 0.1195, 'ndcg@15': 0.0536, 'hit@20': 0.144, 'ndcg@20': 0.0594, 'hit@40': 0.2273, 'ndcg@40': 0.0764} 
2024-10-11 12:42:55.895 | INFO     | trainer_1:_train_one_epoch:209 - test 29 cost time 7.90s, result: {'hit@1': 0.0097, 'ndcg@1': 0.0097, 'hit@5': 0.0368, 'ndcg@5': 0.0232, 'hit@10': 0.0609, 'ndcg@10': 0.031, 'hit@15': 0.0808, 'ndcg@15': 0.0362, 'hit@20': 0.0998, 'ndcg@20': 0.0407, 'hit@40': 0.1639, 'ndcg@40': 0.0537} 
2024-10-11 12:43:05.934 | INFO     | trainer_1:_train_one_epoch:193 - epoch 30 10.04s Train loss is [0.3748] 
2024-10-11 12:43:13.134 | INFO     | trainer_1:_train_one_epoch:201 - validate 30 cost time 7.20s, result: {'hit@1': 0.0163, 'ndcg@1': 0.0163, 'hit@5': 0.0567, 'ndcg@5': 0.0365, 'hit@10': 0.0912, 'ndcg@10': 0.0475, 'hit@15': 0.1235, 'ndcg@15': 0.056, 'hit@20': 0.1498, 'ndcg@20': 0.0623, 'hit@40': 0.2348, 'ndcg@40': 0.0795} 
2024-10-11 12:43:20.720 | INFO     | trainer_1:_train_one_epoch:209 - test 30 cost time 7.58s, result: {'hit@1': 0.0109, 'ndcg@1': 0.0109, 'hit@5': 0.0383, 'ndcg@5': 0.0245, 'hit@10': 0.0607, 'ndcg@10': 0.0316, 'hit@15': 0.0816, 'ndcg@15': 0.0372, 'hit@20': 0.1008, 'ndcg@20': 0.0417, 'hit@40': 0.1645, 'ndcg@40': 0.0546} 
2024-10-11 12:43:20.733 | INFO     | trainer_1:train_model:163 - training end, best iteration 25, results: {'hit@1': 0.0162, 'ndcg@1': 0.0162, 'hit@5': 0.0574, 'ndcg@5': 0.037, 'hit@10': 0.0953, 'ndcg@10': 0.0491, 'hit@15': 0.1271, 'ndcg@15': 0.0575, 'hit@20': 0.1514, 'ndcg@20': 0.0633, 'hit@40': 0.2359, 'ndcg@40': 0.0804}
2024-10-11 12:43:20.734 | INFO     | trainer_1:train_model:166 - final test result is:  {'hit@1': 0.0105, 'ndcg@1': 0.0105, 'hit@5': 0.0383, 'ndcg@5': 0.0246, 'hit@10': 0.0643, 'ndcg@10': 0.0329, 'hit@15': 0.085, 'ndcg@15': 0.0384, 'hit@20': 0.1041, 'ndcg@20': 0.0429, 'hit@40': 0.1682, 'ndcg@40': 0.0559}
2024-10-11 12:43:21.047 | INFO     | __main__:<module>:119 - train end total cost time: 2571.7945091724396
