2024-10-11 21:33:29.180 | INFO     | __main__:<module>:105 - Namespace(TIME='2024-10-11 21_32_39', batch_size=1024, behaviors=['view', 'cart', 'buy'], check_point='model_pre_1_2024-10-08 12_42_42.pth', data_name='beibei', data_path='./data/beibei', decay=0.001, device='cuda:1', dim_qk=32, dim_v=64, distill_layers=2, distill_thres=0.5, distill_topK=60, distill_userK=2, embedding_size=64, epochs=100, gpu_no=1, if_load_model=True, ii_lambda=200, initializer_range=0.02, layers=2, loss_type='bpr', lr=0.001, message_dropout=0.25, metrics=['hit', 'ndcg'], min_epoch=5, model_name='main_1', model_path='./check_point', node_dropout=0.75, omega=1, pt_loop=50, reg_weight=0.001, test_batch_size=1024, testbatch=1024, topk=[1, 5, 10, 15, 20, 40], uu_lambda=100)
2024-10-11 21:33:29.181 | INFO     | __main__:<module>:106 - BIPN(
  (message_dropout): Dropout(p=0.25, inplace=False)
  (user_embedding): Embedding(21717, 64, padding_idx=0)
  (item_embedding): Embedding(7978, 64, padding_idx=0)
  (global_Graph): LightGCN()
  (Graph_encoder): ModuleDict(
    (view): GraphEncoder(
      (light): LightGCN()
      (dropout): Dropout(p=0.75, inplace=False)
    )
    (cart): GraphEncoder(
      (light): LightGCN()
      (dropout): Dropout(p=0.75, inplace=False)
    )
    (buy): GraphEncoder(
      (light): LightGCN()
      (dropout): Dropout(p=0.75, inplace=False)
    )
  )
  (attention): Mutual_Attention()
  (bpr_loss): BPRLoss()
  (emb_loss): EmbLoss()
  (f): Sigmoid()
)
2024-10-11 21:40:51.099 | INFO     | trainer_1:_train_one_epoch:193 - epoch 1 9.35s Train loss is [0.9776] 
2024-10-11 21:41:01.038 | INFO     | trainer_1:_train_one_epoch:201 - validate 1 cost time 9.94s, result: {'hit@1': 0.0058, 'ndcg@1': 0.0058, 'hit@5': 0.0235, 'ndcg@5': 0.0145, 'hit@10': 0.0411, 'ndcg@10': 0.0202, 'hit@15': 0.0577, 'ndcg@15': 0.0246, 'hit@20': 0.0742, 'ndcg@20': 0.0284, 'hit@40': 0.1305, 'ndcg@40': 0.0398} 
2024-10-11 21:41:08.440 | INFO     | trainer_1:_train_one_epoch:209 - test 1 cost time 7.40s, result: {'hit@1': 0.0032, 'ndcg@1': 0.0032, 'hit@5': 0.0166, 'ndcg@5': 0.0098, 'hit@10': 0.0304, 'ndcg@10': 0.0142, 'hit@15': 0.0426, 'ndcg@15': 0.0174, 'hit@20': 0.0557, 'ndcg@20': 0.0205, 'hit@40': 0.0993, 'ndcg@40': 0.0294} 
2024-10-11 21:41:28.742 | INFO     | trainer_1:_train_one_epoch:193 - epoch 2 7.42s Train loss is [0.7572] 
2024-10-11 21:41:38.585 | INFO     | trainer_1:_train_one_epoch:201 - validate 2 cost time 9.84s, result: {'hit@1': 0.0082, 'ndcg@1': 0.0082, 'hit@5': 0.0323, 'ndcg@5': 0.0202, 'hit@10': 0.0562, 'ndcg@10': 0.0278, 'hit@15': 0.0782, 'ndcg@15': 0.0337, 'hit@20': 0.0965, 'ndcg@20': 0.038, 'hit@40': 0.1581, 'ndcg@40': 0.0505} 
2024-10-11 21:41:46.822 | INFO     | trainer_1:_train_one_epoch:209 - test 2 cost time 8.24s, result: {'hit@1': 0.0041, 'ndcg@1': 0.0041, 'hit@5': 0.0198, 'ndcg@5': 0.0117, 'hit@10': 0.0366, 'ndcg@10': 0.0172, 'hit@15': 0.0527, 'ndcg@15': 0.0214, 'hit@20': 0.0659, 'ndcg@20': 0.0245, 'hit@40': 0.1135, 'ndcg@40': 0.0342} 
2024-10-11 21:42:15.089 | INFO     | trainer_1:_train_one_epoch:193 - epoch 3 9.20s Train loss is [0.6556] 
2024-10-11 21:42:24.302 | INFO     | trainer_1:_train_one_epoch:201 - validate 3 cost time 9.21s, result: {'hit@1': 0.0078, 'ndcg@1': 0.0078, 'hit@5': 0.0331, 'ndcg@5': 0.0203, 'hit@10': 0.059, 'ndcg@10': 0.0285, 'hit@15': 0.0812, 'ndcg@15': 0.0344, 'hit@20': 0.1012, 'ndcg@20': 0.0391, 'hit@40': 0.1657, 'ndcg@40': 0.0522} 
2024-10-11 21:42:33.321 | INFO     | trainer_1:_train_one_epoch:209 - test 3 cost time 9.02s, result: {'hit@1': 0.0049, 'ndcg@1': 0.0049, 'hit@5': 0.0221, 'ndcg@5': 0.0135, 'hit@10': 0.0407, 'ndcg@10': 0.0194, 'hit@15': 0.0562, 'ndcg@15': 0.0235, 'hit@20': 0.0718, 'ndcg@20': 0.0272, 'hit@40': 0.1256, 'ndcg@40': 0.0381} 
2024-10-11 21:42:54.415 | INFO     | trainer_1:_train_one_epoch:193 - epoch 4 8.95s Train loss is [0.5821] 
2024-10-11 21:43:03.209 | INFO     | trainer_1:_train_one_epoch:201 - validate 4 cost time 8.79s, result: {'hit@1': 0.0091, 'ndcg@1': 0.0091, 'hit@5': 0.0364, 'ndcg@5': 0.0225, 'hit@10': 0.0632, 'ndcg@10': 0.031, 'hit@15': 0.0903, 'ndcg@15': 0.0382, 'hit@20': 0.1118, 'ndcg@20': 0.0432, 'hit@40': 0.1835, 'ndcg@40': 0.0578} 
2024-10-11 21:43:10.467 | INFO     | trainer_1:_train_one_epoch:209 - test 4 cost time 7.26s, result: {'hit@1': 0.0058, 'ndcg@1': 0.0058, 'hit@5': 0.0246, 'ndcg@5': 0.015, 'hit@10': 0.0426, 'ndcg@10': 0.0208, 'hit@15': 0.06, 'ndcg@15': 0.0254, 'hit@20': 0.0783, 'ndcg@20': 0.0297, 'hit@40': 0.1349, 'ndcg@40': 0.0412} 
2024-10-11 21:43:30.323 | INFO     | trainer_1:_train_one_epoch:193 - epoch 5 7.91s Train loss is [0.5605] 
2024-10-11 21:43:38.131 | INFO     | trainer_1:_train_one_epoch:201 - validate 5 cost time 7.81s, result: {'hit@1': 0.0098, 'ndcg@1': 0.0098, 'hit@5': 0.0341, 'ndcg@5': 0.0218, 'hit@10': 0.0602, 'ndcg@10': 0.0302, 'hit@15': 0.0843, 'ndcg@15': 0.0366, 'hit@20': 0.1064, 'ndcg@20': 0.0418, 'hit@40': 0.1781, 'ndcg@40': 0.0564} 
2024-10-11 21:43:46.695 | INFO     | trainer_1:_train_one_epoch:209 - test 5 cost time 8.56s, result: {'hit@1': 0.0058, 'ndcg@1': 0.0058, 'hit@5': 0.0221, 'ndcg@5': 0.0138, 'hit@10': 0.0385, 'ndcg@10': 0.019, 'hit@15': 0.0552, 'ndcg@15': 0.0234, 'hit@20': 0.0697, 'ndcg@20': 0.0268, 'hit@40': 0.1253, 'ndcg@40': 0.0381} 
2024-10-11 21:43:54.373 | INFO     | trainer_1:_train_one_epoch:193 - epoch 6 7.68s Train loss is [0.5437] 
2024-10-11 21:43:59.732 | INFO     | trainer_1:_train_one_epoch:201 - validate 6 cost time 5.36s, result: {'hit@1': 0.0099, 'ndcg@1': 0.0099, 'hit@5': 0.038, 'ndcg@5': 0.0239, 'hit@10': 0.0648, 'ndcg@10': 0.0325, 'hit@15': 0.0889, 'ndcg@15': 0.0389, 'hit@20': 0.1113, 'ndcg@20': 0.0442, 'hit@40': 0.1817, 'ndcg@40': 0.0585} 
2024-10-11 21:44:05.345 | INFO     | trainer_1:_train_one_epoch:209 - test 6 cost time 5.61s, result: {'hit@1': 0.006, 'ndcg@1': 0.006, 'hit@5': 0.0236, 'ndcg@5': 0.0148, 'hit@10': 0.0422, 'ndcg@10': 0.0208, 'hit@15': 0.0581, 'ndcg@15': 0.0249, 'hit@20': 0.0737, 'ndcg@20': 0.0286, 'hit@40': 0.127, 'ndcg@40': 0.0395} 
2024-10-11 21:44:13.530 | INFO     | trainer_1:_train_one_epoch:193 - epoch 7 8.18s Train loss is [0.5178] 
2024-10-11 21:44:19.331 | INFO     | trainer_1:_train_one_epoch:201 - validate 7 cost time 5.80s, result: {'hit@1': 0.0103, 'ndcg@1': 0.0103, 'hit@5': 0.0399, 'ndcg@5': 0.0249, 'hit@10': 0.071, 'ndcg@10': 0.0348, 'hit@15': 0.0968, 'ndcg@15': 0.0416, 'hit@20': 0.1202, 'ndcg@20': 0.0472, 'hit@40': 0.1933, 'ndcg@40': 0.0621} 
2024-10-11 21:44:27.330 | INFO     | trainer_1:_train_one_epoch:209 - test 7 cost time 8.00s, result: {'hit@1': 0.0064, 'ndcg@1': 0.0064, 'hit@5': 0.0238, 'ndcg@5': 0.0149, 'hit@10': 0.0453, 'ndcg@10': 0.0218, 'hit@15': 0.0634, 'ndcg@15': 0.0266, 'hit@20': 0.0802, 'ndcg@20': 0.0305, 'hit@40': 0.1378, 'ndcg@40': 0.0422} 
2024-10-11 21:44:52.102 | INFO     | trainer_1:_train_one_epoch:193 - epoch 8 7.50s Train loss is [0.5011] 
2024-10-11 21:45:00.865 | INFO     | trainer_1:_train_one_epoch:201 - validate 8 cost time 8.76s, result: {'hit@1': 0.0094, 'ndcg@1': 0.0094, 'hit@5': 0.0398, 'ndcg@5': 0.0245, 'hit@10': 0.0673, 'ndcg@10': 0.0333, 'hit@15': 0.0916, 'ndcg@15': 0.0397, 'hit@20': 0.1162, 'ndcg@20': 0.0455, 'hit@40': 0.1933, 'ndcg@40': 0.0612} 
2024-10-11 21:45:11.008 | INFO     | trainer_1:_train_one_epoch:209 - test 8 cost time 10.14s, result: {'hit@1': 0.0068, 'ndcg@1': 0.0068, 'hit@5': 0.0262, 'ndcg@5': 0.0162, 'hit@10': 0.0467, 'ndcg@10': 0.0228, 'hit@15': 0.0629, 'ndcg@15': 0.0271, 'hit@20': 0.081, 'ndcg@20': 0.0313, 'hit@40': 0.1408, 'ndcg@40': 0.0435} 
2024-10-11 21:45:34.090 | INFO     | trainer_1:_train_one_epoch:193 - epoch 9 8.63s Train loss is [0.4944] 
2024-10-11 21:45:42.518 | INFO     | trainer_1:_train_one_epoch:201 - validate 9 cost time 8.43s, result: {'hit@1': 0.0105, 'ndcg@1': 0.0105, 'hit@5': 0.0439, 'ndcg@5': 0.0271, 'hit@10': 0.0742, 'ndcg@10': 0.0368, 'hit@15': 0.1025, 'ndcg@15': 0.0443, 'hit@20': 0.1245, 'ndcg@20': 0.0495, 'hit@40': 0.2062, 'ndcg@40': 0.0661} 
2024-10-11 21:45:51.585 | INFO     | trainer_1:_train_one_epoch:209 - test 9 cost time 9.07s, result: {'hit@1': 0.0076, 'ndcg@1': 0.0076, 'hit@5': 0.0268, 'ndcg@5': 0.0171, 'hit@10': 0.0476, 'ndcg@10': 0.0238, 'hit@15': 0.0656, 'ndcg@15': 0.0286, 'hit@20': 0.0845, 'ndcg@20': 0.033, 'hit@40': 0.1467, 'ndcg@40': 0.0457} 
2024-10-11 21:46:14.687 | INFO     | trainer_1:_train_one_epoch:193 - epoch 10 10.62s Train loss is [0.4802] 
2024-10-11 21:46:23.307 | INFO     | trainer_1:_train_one_epoch:201 - validate 10 cost time 8.62s, result: {'hit@1': 0.0106, 'ndcg@1': 0.0106, 'hit@5': 0.0444, 'ndcg@5': 0.0274, 'hit@10': 0.0743, 'ndcg@10': 0.037, 'hit@15': 0.1013, 'ndcg@15': 0.0441, 'hit@20': 0.125, 'ndcg@20': 0.0497, 'hit@40': 0.2012, 'ndcg@40': 0.0653} 
2024-10-11 21:46:32.516 | INFO     | trainer_1:_train_one_epoch:209 - test 10 cost time 9.21s, result: {'hit@1': 0.0079, 'ndcg@1': 0.0079, 'hit@5': 0.0291, 'ndcg@5': 0.0185, 'hit@10': 0.0513, 'ndcg@10': 0.0256, 'hit@15': 0.0689, 'ndcg@15': 0.0302, 'hit@20': 0.0861, 'ndcg@20': 0.0343, 'hit@40': 0.148, 'ndcg@40': 0.0468} 
2024-10-11 21:46:54.758 | INFO     | trainer_1:_train_one_epoch:193 - epoch 11 7.82s Train loss is [0.4694] 
2024-10-11 21:47:05.787 | INFO     | trainer_1:_train_one_epoch:201 - validate 11 cost time 11.03s, result: {'hit@1': 0.0118, 'ndcg@1': 0.0118, 'hit@5': 0.0439, 'ndcg@5': 0.0277, 'hit@10': 0.075, 'ndcg@10': 0.0377, 'hit@15': 0.1004, 'ndcg@15': 0.0444, 'hit@20': 0.1245, 'ndcg@20': 0.0501, 'hit@40': 0.2035, 'ndcg@40': 0.0662} 
2024-10-11 21:47:15.883 | INFO     | trainer_1:_train_one_epoch:209 - test 11 cost time 10.09s, result: {'hit@1': 0.0076, 'ndcg@1': 0.0076, 'hit@5': 0.0287, 'ndcg@5': 0.0181, 'hit@10': 0.0502, 'ndcg@10': 0.025, 'hit@15': 0.0688, 'ndcg@15': 0.0299, 'hit@20': 0.0869, 'ndcg@20': 0.0342, 'hit@40': 0.1457, 'ndcg@40': 0.0461} 
2024-10-11 21:47:23.559 | INFO     | trainer_1:_train_one_epoch:193 - epoch 12 7.68s Train loss is [0.4496] 
2024-10-11 21:47:30.329 | INFO     | trainer_1:_train_one_epoch:201 - validate 12 cost time 6.77s, result: {'hit@1': 0.0124, 'ndcg@1': 0.0124, 'hit@5': 0.0417, 'ndcg@5': 0.0269, 'hit@10': 0.0702, 'ndcg@10': 0.036, 'hit@15': 0.0979, 'ndcg@15': 0.0433, 'hit@20': 0.1215, 'ndcg@20': 0.0489, 'hit@40': 0.2006, 'ndcg@40': 0.065} 
2024-10-11 21:47:36.807 | INFO     | trainer_1:_train_one_epoch:209 - test 12 cost time 6.48s, result: {'hit@1': 0.0061, 'ndcg@1': 0.0061, 'hit@5': 0.0266, 'ndcg@5': 0.0163, 'hit@10': 0.0467, 'ndcg@10': 0.0228, 'hit@15': 0.0654, 'ndcg@15': 0.0277, 'hit@20': 0.0814, 'ndcg@20': 0.0315, 'hit@40': 0.1408, 'ndcg@40': 0.0436} 
2024-10-11 21:47:45.135 | INFO     | trainer_1:_train_one_epoch:193 - epoch 13 8.33s Train loss is [0.4525] 
2024-10-11 21:47:55.493 | INFO     | trainer_1:_train_one_epoch:201 - validate 13 cost time 10.36s, result: {'hit@1': 0.0134, 'ndcg@1': 0.0134, 'hit@5': 0.0466, 'ndcg@5': 0.0298, 'hit@10': 0.0788, 'ndcg@10': 0.0402, 'hit@15': 0.1043, 'ndcg@15': 0.0469, 'hit@20': 0.128, 'ndcg@20': 0.0525, 'hit@40': 0.2028, 'ndcg@40': 0.0677} 
2024-10-11 21:48:05.298 | INFO     | trainer_1:_train_one_epoch:209 - test 13 cost time 9.80s, result: {'hit@1': 0.0081, 'ndcg@1': 0.0081, 'hit@5': 0.0295, 'ndcg@5': 0.0187, 'hit@10': 0.0525, 'ndcg@10': 0.0261, 'hit@15': 0.0716, 'ndcg@15': 0.0311, 'hit@20': 0.087, 'ndcg@20': 0.0348, 'hit@40': 0.1436, 'ndcg@40': 0.0463} 
2024-10-11 21:48:32.524 | INFO     | trainer_1:_train_one_epoch:193 - epoch 14 9.47s Train loss is [0.4465] 
2024-10-11 21:48:40.382 | INFO     | trainer_1:_train_one_epoch:201 - validate 14 cost time 7.86s, result: {'hit@1': 0.0141, 'ndcg@1': 0.0141, 'hit@5': 0.0506, 'ndcg@5': 0.0322, 'hit@10': 0.0811, 'ndcg@10': 0.042, 'hit@15': 0.1084, 'ndcg@15': 0.0492, 'hit@20': 0.1339, 'ndcg@20': 0.0552, 'hit@40': 0.2108, 'ndcg@40': 0.0709} 
2024-10-11 21:48:49.609 | INFO     | trainer_1:_train_one_epoch:209 - test 14 cost time 9.23s, result: {'hit@1': 0.0096, 'ndcg@1': 0.0096, 'hit@5': 0.0325, 'ndcg@5': 0.0207, 'hit@10': 0.0534, 'ndcg@10': 0.0275, 'hit@15': 0.0739, 'ndcg@15': 0.0329, 'hit@20': 0.0916, 'ndcg@20': 0.0371, 'hit@40': 0.1494, 'ndcg@40': 0.0488} 
2024-10-11 21:49:19.961 | INFO     | trainer_1:_train_one_epoch:193 - epoch 15 12.71s Train loss is [0.4243] 
2024-10-11 21:49:27.600 | INFO     | trainer_1:_train_one_epoch:201 - validate 15 cost time 7.64s, result: {'hit@1': 0.0147, 'ndcg@1': 0.0147, 'hit@5': 0.0523, 'ndcg@5': 0.0334, 'hit@10': 0.0873, 'ndcg@10': 0.0446, 'hit@15': 0.1165, 'ndcg@15': 0.0523, 'hit@20': 0.1411, 'ndcg@20': 0.0581, 'hit@40': 0.2232, 'ndcg@40': 0.0748} 
2024-10-11 21:49:34.128 | INFO     | trainer_1:_train_one_epoch:209 - test 15 cost time 6.53s, result: {'hit@1': 0.0089, 'ndcg@1': 0.0089, 'hit@5': 0.0339, 'ndcg@5': 0.0214, 'hit@10': 0.0586, 'ndcg@10': 0.0292, 'hit@15': 0.0773, 'ndcg@15': 0.0342, 'hit@20': 0.0953, 'ndcg@20': 0.0384, 'hit@40': 0.1573, 'ndcg@40': 0.051} 
2024-10-11 21:50:00.342 | INFO     | trainer_1:_train_one_epoch:193 - epoch 16 12.15s Train loss is [0.4270] 
2024-10-11 21:50:09.180 | INFO     | trainer_1:_train_one_epoch:201 - validate 16 cost time 8.84s, result: {'hit@1': 0.0144, 'ndcg@1': 0.0144, 'hit@5': 0.0507, 'ndcg@5': 0.0325, 'hit@10': 0.0841, 'ndcg@10': 0.0431, 'hit@15': 0.1131, 'ndcg@15': 0.0508, 'hit@20': 0.1393, 'ndcg@20': 0.0569, 'hit@40': 0.2206, 'ndcg@40': 0.0735} 
2024-10-11 21:50:17.211 | INFO     | trainer_1:_train_one_epoch:209 - test 16 cost time 8.03s, result: {'hit@1': 0.0093, 'ndcg@1': 0.0093, 'hit@5': 0.0323, 'ndcg@5': 0.0207, 'hit@10': 0.0551, 'ndcg@10': 0.028, 'hit@15': 0.0759, 'ndcg@15': 0.0335, 'hit@20': 0.0928, 'ndcg@20': 0.0374, 'hit@40': 0.1539, 'ndcg@40': 0.0498} 
2024-10-11 21:50:30.578 | INFO     | trainer_1:_train_one_epoch:193 - epoch 17 13.37s Train loss is [0.4188] 
2024-10-11 21:50:40.061 | INFO     | trainer_1:_train_one_epoch:201 - validate 17 cost time 9.48s, result: {'hit@1': 0.0153, 'ndcg@1': 0.0153, 'hit@5': 0.0549, 'ndcg@5': 0.035, 'hit@10': 0.0898, 'ndcg@10': 0.0462, 'hit@15': 0.1211, 'ndcg@15': 0.0544, 'hit@20': 0.1498, 'ndcg@20': 0.0612, 'hit@40': 0.2349, 'ndcg@40': 0.0786} 
2024-10-11 21:50:48.814 | INFO     | trainer_1:_train_one_epoch:209 - test 17 cost time 8.75s, result: {'hit@1': 0.0103, 'ndcg@1': 0.0103, 'hit@5': 0.036, 'ndcg@5': 0.023, 'hit@10': 0.0589, 'ndcg@10': 0.0303, 'hit@15': 0.0811, 'ndcg@15': 0.0361, 'hit@20': 0.1019, 'ndcg@20': 0.0411, 'hit@40': 0.1697, 'ndcg@40': 0.0548} 
2024-10-11 21:51:14.422 | INFO     | trainer_1:_train_one_epoch:193 - epoch 18 9.67s Train loss is [0.4093] 
2024-10-11 21:51:20.925 | INFO     | trainer_1:_train_one_epoch:201 - validate 18 cost time 6.50s, result: {'hit@1': 0.0146, 'ndcg@1': 0.0146, 'hit@5': 0.0524, 'ndcg@5': 0.0334, 'hit@10': 0.0859, 'ndcg@10': 0.0442, 'hit@15': 0.1142, 'ndcg@15': 0.0517, 'hit@20': 0.1395, 'ndcg@20': 0.0576, 'hit@40': 0.2211, 'ndcg@40': 0.0743} 
2024-10-11 21:51:27.112 | INFO     | trainer_1:_train_one_epoch:209 - test 18 cost time 6.19s, result: {'hit@1': 0.0093, 'ndcg@1': 0.0093, 'hit@5': 0.0339, 'ndcg@5': 0.0217, 'hit@10': 0.0584, 'ndcg@10': 0.0295, 'hit@15': 0.0785, 'ndcg@15': 0.0348, 'hit@20': 0.097, 'ndcg@20': 0.0392, 'hit@40': 0.1561, 'ndcg@40': 0.0512} 
2024-10-11 21:51:37.889 | INFO     | trainer_1:_train_one_epoch:193 - epoch 19 10.78s Train loss is [0.4076] 
2024-10-11 21:51:44.452 | INFO     | trainer_1:_train_one_epoch:201 - validate 19 cost time 6.56s, result: {'hit@1': 0.0155, 'ndcg@1': 0.0155, 'hit@5': 0.052, 'ndcg@5': 0.0336, 'hit@10': 0.0878, 'ndcg@10': 0.0451, 'hit@15': 0.1155, 'ndcg@15': 0.0524, 'hit@20': 0.142, 'ndcg@20': 0.0586, 'hit@40': 0.2264, 'ndcg@40': 0.0758} 
2024-10-11 21:51:54.423 | INFO     | trainer_1:_train_one_epoch:209 - test 19 cost time 9.97s, result: {'hit@1': 0.0086, 'ndcg@1': 0.0086, 'hit@5': 0.0348, 'ndcg@5': 0.0216, 'hit@10': 0.0584, 'ndcg@10': 0.0292, 'hit@15': 0.0793, 'ndcg@15': 0.0347, 'hit@20': 0.0992, 'ndcg@20': 0.0394, 'hit@40': 0.1612, 'ndcg@40': 0.052} 
2024-10-11 21:52:05.750 | INFO     | trainer_1:_train_one_epoch:193 - epoch 20 11.33s Train loss is [0.3975] 
2024-10-11 21:52:16.120 | INFO     | trainer_1:_train_one_epoch:201 - validate 20 cost time 10.37s, result: {'hit@1': 0.0146, 'ndcg@1': 0.0146, 'hit@5': 0.0519, 'ndcg@5': 0.0332, 'hit@10': 0.0883, 'ndcg@10': 0.0449, 'hit@15': 0.1158, 'ndcg@15': 0.0521, 'hit@20': 0.1413, 'ndcg@20': 0.0582, 'hit@40': 0.2246, 'ndcg@40': 0.0751} 
2024-10-11 21:52:26.072 | INFO     | trainer_1:_train_one_epoch:209 - test 20 cost time 9.95s, result: {'hit@1': 0.0093, 'ndcg@1': 0.0093, 'hit@5': 0.035, 'ndcg@5': 0.0221, 'hit@10': 0.0579, 'ndcg@10': 0.0294, 'hit@15': 0.0801, 'ndcg@15': 0.0352, 'hit@20': 0.1006, 'ndcg@20': 0.0401, 'hit@40': 0.163, 'ndcg@40': 0.0528} 
2024-10-11 21:52:35.315 | INFO     | trainer_1:_train_one_epoch:193 - epoch 21 9.24s Train loss is [0.3919] 
2024-10-11 21:52:45.868 | INFO     | trainer_1:_train_one_epoch:201 - validate 21 cost time 10.55s, result: {'hit@1': 0.0154, 'ndcg@1': 0.0154, 'hit@5': 0.055, 'ndcg@5': 0.0352, 'hit@10': 0.0914, 'ndcg@10': 0.0468, 'hit@15': 0.121, 'ndcg@15': 0.0546, 'hit@20': 0.1458, 'ndcg@20': 0.0605, 'hit@40': 0.2342, 'ndcg@40': 0.0784} 
2024-10-11 21:52:56.431 | INFO     | trainer_1:_train_one_epoch:209 - test 21 cost time 10.56s, result: {'hit@1': 0.0096, 'ndcg@1': 0.0096, 'hit@5': 0.036, 'ndcg@5': 0.0229, 'hit@10': 0.0602, 'ndcg@10': 0.0307, 'hit@15': 0.0803, 'ndcg@15': 0.036, 'hit@20': 0.0998, 'ndcg@20': 0.0406, 'hit@40': 0.1627, 'ndcg@40': 0.0533} 
2024-10-11 21:53:17.963 | INFO     | trainer_1:_train_one_epoch:193 - epoch 22 9.72s Train loss is [0.3833] 
2024-10-11 21:53:27.987 | INFO     | trainer_1:_train_one_epoch:201 - validate 22 cost time 10.02s, result: {'hit@1': 0.0158, 'ndcg@1': 0.0158, 'hit@5': 0.0551, 'ndcg@5': 0.0356, 'hit@10': 0.0909, 'ndcg@10': 0.047, 'hit@15': 0.1223, 'ndcg@15': 0.0553, 'hit@20': 0.1504, 'ndcg@20': 0.0619, 'hit@40': 0.2371, 'ndcg@40': 0.0795} 
2024-10-11 21:53:37.781 | INFO     | trainer_1:_train_one_epoch:209 - test 22 cost time 9.79s, result: {'hit@1': 0.0092, 'ndcg@1': 0.0092, 'hit@5': 0.0364, 'ndcg@5': 0.0228, 'hit@10': 0.0612, 'ndcg@10': 0.0307, 'hit@15': 0.0839, 'ndcg@15': 0.0367, 'hit@20': 0.1035, 'ndcg@20': 0.0413, 'hit@40': 0.1684, 'ndcg@40': 0.0545} 
2024-10-11 21:54:06.691 | INFO     | trainer_1:_train_one_epoch:193 - epoch 23 11.64s Train loss is [0.3867] 
2024-10-11 21:54:17.440 | INFO     | trainer_1:_train_one_epoch:201 - validate 23 cost time 10.75s, result: {'hit@1': 0.0153, 'ndcg@1': 0.0153, 'hit@5': 0.0545, 'ndcg@5': 0.0348, 'hit@10': 0.0897, 'ndcg@10': 0.0461, 'hit@15': 0.1222, 'ndcg@15': 0.0547, 'hit@20': 0.1495, 'ndcg@20': 0.0611, 'hit@40': 0.235, 'ndcg@40': 0.0785} 
2024-10-11 21:54:27.824 | INFO     | trainer_1:_train_one_epoch:209 - test 23 cost time 10.38s, result: {'hit@1': 0.0098, 'ndcg@1': 0.0098, 'hit@5': 0.036, 'ndcg@5': 0.0228, 'hit@10': 0.0612, 'ndcg@10': 0.0309, 'hit@15': 0.0826, 'ndcg@15': 0.0365, 'hit@20': 0.101, 'ndcg@20': 0.0409, 'hit@40': 0.1648, 'ndcg@40': 0.0538} 
2024-10-11 21:54:36.469 | INFO     | trainer_1:_train_one_epoch:193 - epoch 24 8.64s Train loss is [0.3919] 
2024-10-11 21:54:46.800 | INFO     | trainer_1:_train_one_epoch:201 - validate 24 cost time 10.33s, result: {'hit@1': 0.0149, 'ndcg@1': 0.0149, 'hit@5': 0.0542, 'ndcg@5': 0.0347, 'hit@10': 0.0896, 'ndcg@10': 0.0461, 'hit@15': 0.121, 'ndcg@15': 0.0543, 'hit@20': 0.1481, 'ndcg@20': 0.0607, 'hit@40': 0.2322, 'ndcg@40': 0.0778} 
2024-10-11 21:54:56.643 | INFO     | trainer_1:_train_one_epoch:209 - test 24 cost time 9.84s, result: {'hit@1': 0.0094, 'ndcg@1': 0.0094, 'hit@5': 0.0376, 'ndcg@5': 0.0235, 'hit@10': 0.0629, 'ndcg@10': 0.0316, 'hit@15': 0.0842, 'ndcg@15': 0.0372, 'hit@20': 0.1024, 'ndcg@20': 0.0415, 'hit@40': 0.1649, 'ndcg@40': 0.0543} 
2024-10-11 21:55:22.389 | INFO     | trainer_1:_train_one_epoch:193 - epoch 25 11.39s Train loss is [0.3813] 
2024-10-11 21:55:32.847 | INFO     | trainer_1:_train_one_epoch:201 - validate 25 cost time 10.46s, result: {'hit@1': 0.0162, 'ndcg@1': 0.0162, 'hit@5': 0.0577, 'ndcg@5': 0.0371, 'hit@10': 0.093, 'ndcg@10': 0.0484, 'hit@15': 0.1265, 'ndcg@15': 0.0572, 'hit@20': 0.1522, 'ndcg@20': 0.0633, 'hit@40': 0.2363, 'ndcg@40': 0.0804} 
2024-10-11 21:55:43.444 | INFO     | trainer_1:_train_one_epoch:209 - test 25 cost time 10.60s, result: {'hit@1': 0.0107, 'ndcg@1': 0.0107, 'hit@5': 0.0391, 'ndcg@5': 0.025, 'hit@10': 0.0648, 'ndcg@10': 0.0332, 'hit@15': 0.085, 'ndcg@15': 0.0386, 'hit@20': 0.1047, 'ndcg@20': 0.0432, 'hit@40': 0.1678, 'ndcg@40': 0.0561} 
2024-10-11 21:56:08.022 | INFO     | trainer_1:_train_one_epoch:193 - epoch 26 11.21s Train loss is [0.3735] 
2024-10-11 21:56:18.887 | INFO     | trainer_1:_train_one_epoch:201 - validate 26 cost time 10.86s, result: {'hit@1': 0.0152, 'ndcg@1': 0.0152, 'hit@5': 0.0556, 'ndcg@5': 0.0354, 'hit@10': 0.0923, 'ndcg@10': 0.0472, 'hit@15': 0.124, 'ndcg@15': 0.0555, 'hit@20': 0.1516, 'ndcg@20': 0.0621, 'hit@40': 0.2397, 'ndcg@40': 0.08} 
2024-10-11 21:56:29.642 | INFO     | trainer_1:_train_one_epoch:209 - test 26 cost time 10.75s, result: {'hit@1': 0.0095, 'ndcg@1': 0.0095, 'hit@5': 0.0367, 'ndcg@5': 0.0231, 'hit@10': 0.0624, 'ndcg@10': 0.0314, 'hit@15': 0.0841, 'ndcg@15': 0.0371, 'hit@20': 0.1038, 'ndcg@20': 0.0417, 'hit@40': 0.1695, 'ndcg@40': 0.0551} 
2024-10-11 21:56:41.060 | INFO     | trainer_1:_train_one_epoch:193 - epoch 27 11.42s Train loss is [0.3742] 
2024-10-11 21:56:51.302 | INFO     | trainer_1:_train_one_epoch:201 - validate 27 cost time 10.24s, result: {'hit@1': 0.0157, 'ndcg@1': 0.0157, 'hit@5': 0.0547, 'ndcg@5': 0.0353, 'hit@10': 0.0903, 'ndcg@10': 0.0467, 'hit@15': 0.1204, 'ndcg@15': 0.0546, 'hit@20': 0.1466, 'ndcg@20': 0.0608, 'hit@40': 0.2295, 'ndcg@40': 0.0776} 
2024-10-11 21:57:01.723 | INFO     | trainer_1:_train_one_epoch:209 - test 27 cost time 10.42s, result: {'hit@1': 0.0103, 'ndcg@1': 0.0103, 'hit@5': 0.0373, 'ndcg@5': 0.0238, 'hit@10': 0.0616, 'ndcg@10': 0.0316, 'hit@15': 0.0839, 'ndcg@15': 0.0375, 'hit@20': 0.1032, 'ndcg@20': 0.042, 'hit@40': 0.1666, 'ndcg@40': 0.0549} 
2024-10-11 21:57:11.485 | INFO     | trainer_1:_train_one_epoch:193 - epoch 28 9.76s Train loss is [0.3760] 
2024-10-11 21:57:22.736 | INFO     | trainer_1:_train_one_epoch:201 - validate 28 cost time 11.25s, result: {'hit@1': 0.0155, 'ndcg@1': 0.0155, 'hit@5': 0.0542, 'ndcg@5': 0.0348, 'hit@10': 0.0897, 'ndcg@10': 0.0462, 'hit@15': 0.1204, 'ndcg@15': 0.0542, 'hit@20': 0.1467, 'ndcg@20': 0.0604, 'hit@40': 0.2319, 'ndcg@40': 0.0778} 
2024-10-11 21:57:32.576 | INFO     | trainer_1:_train_one_epoch:209 - test 28 cost time 9.84s, result: {'hit@1': 0.0096, 'ndcg@1': 0.0096, 'hit@5': 0.0363, 'ndcg@5': 0.0229, 'hit@10': 0.0619, 'ndcg@10': 0.0311, 'hit@15': 0.0814, 'ndcg@15': 0.0362, 'hit@20': 0.0998, 'ndcg@20': 0.0406, 'hit@40': 0.1646, 'ndcg@40': 0.0537} 
2024-10-11 21:57:42.829 | INFO     | trainer_1:_train_one_epoch:193 - epoch 29 10.25s Train loss is [0.3759] 
2024-10-11 21:57:53.155 | INFO     | trainer_1:_train_one_epoch:201 - validate 29 cost time 10.33s, result: {'hit@1': 0.0149, 'ndcg@1': 0.0149, 'hit@5': 0.0546, 'ndcg@5': 0.0346, 'hit@10': 0.0879, 'ndcg@10': 0.0452, 'hit@15': 0.1189, 'ndcg@15': 0.0534, 'hit@20': 0.1427, 'ndcg@20': 0.059, 'hit@40': 0.2249, 'ndcg@40': 0.0758} 
2024-10-11 21:58:03.753 | INFO     | trainer_1:_train_one_epoch:209 - test 29 cost time 10.60s, result: {'hit@1': 0.0093, 'ndcg@1': 0.0093, 'hit@5': 0.0377, 'ndcg@5': 0.0234, 'hit@10': 0.0612, 'ndcg@10': 0.0309, 'hit@15': 0.0804, 'ndcg@15': 0.036, 'hit@20': 0.0997, 'ndcg@20': 0.0406, 'hit@40': 0.1645, 'ndcg@40': 0.0537} 
2024-10-11 21:58:14.636 | INFO     | trainer_1:_train_one_epoch:193 - epoch 30 10.88s Train loss is [0.3745] 
2024-10-11 21:58:25.615 | INFO     | trainer_1:_train_one_epoch:201 - validate 30 cost time 10.98s, result: {'hit@1': 0.0167, 'ndcg@1': 0.0167, 'hit@5': 0.0561, 'ndcg@5': 0.0363, 'hit@10': 0.091, 'ndcg@10': 0.0475, 'hit@15': 0.1204, 'ndcg@15': 0.0552, 'hit@20': 0.1478, 'ndcg@20': 0.0617, 'hit@40': 0.2333, 'ndcg@40': 0.0791} 
2024-10-11 21:58:35.967 | INFO     | trainer_1:_train_one_epoch:209 - test 30 cost time 10.35s, result: {'hit@1': 0.0103, 'ndcg@1': 0.0103, 'hit@5': 0.0373, 'ndcg@5': 0.0238, 'hit@10': 0.0609, 'ndcg@10': 0.0313, 'hit@15': 0.0817, 'ndcg@15': 0.0368, 'hit@20': 0.1003, 'ndcg@20': 0.0412, 'hit@40': 0.1636, 'ndcg@40': 0.0541} 
2024-10-11 21:58:35.979 | INFO     | trainer_1:train_model:163 - training end, best iteration 25, results: {'hit@1': 0.0162, 'ndcg@1': 0.0162, 'hit@5': 0.0577, 'ndcg@5': 0.0371, 'hit@10': 0.093, 'ndcg@10': 0.0484, 'hit@15': 0.1265, 'ndcg@15': 0.0572, 'hit@20': 0.1522, 'ndcg@20': 0.0633, 'hit@40': 0.2363, 'ndcg@40': 0.0804}
2024-10-11 21:58:35.979 | INFO     | trainer_1:train_model:166 - final test result is:  {'hit@1': 0.0107, 'ndcg@1': 0.0107, 'hit@5': 0.0391, 'ndcg@5': 0.025, 'hit@10': 0.0648, 'ndcg@10': 0.0332, 'hit@15': 0.085, 'ndcg@15': 0.0386, 'hit@20': 0.1047, 'ndcg@20': 0.0432, 'hit@40': 0.1678, 'ndcg@40': 0.0561}
2024-10-11 21:58:36.371 | INFO     | __main__:<module>:119 - train end total cost time: 1557.3576147556305
