2024-10-11 11:08:32.949 | INFO     | __main__:<module>:105 - Namespace(TIME='2024-10-11 11_07_54', batch_size=1024, behaviors=['view', 'cart', 'buy'], check_point='model_pre_1_2024-10-08 12_42_42.pth', data_name='beibei', data_path='./data/beibei', decay=0.001, device='cuda:1', dim_qk=32, dim_v=64, distill_layers=2, distill_thres=0.5, distill_topK=10, distill_userK=2, embedding_size=64, epochs=100, gpu_no=1, if_load_model=True, ii_lambda=200, initializer_range=0.02, layers=2, loss_type='bpr', lr=0.001, message_dropout=0.25, metrics=['hit', 'ndcg'], min_epoch=5, model_name='main_1', model_path='./check_point', node_dropout=0.75, omega=1, pt_loop=50, reg_weight=0.001, test_batch_size=1024, testbatch=1024, topk=[1, 5, 10, 15, 20, 40], uu_lambda=100)
2024-10-11 11:08:32.950 | INFO     | __main__:<module>:106 - BIPN(
  (message_dropout): Dropout(p=0.25, inplace=False)
  (user_embedding): Embedding(21717, 64, padding_idx=0)
  (item_embedding): Embedding(7978, 64, padding_idx=0)
  (global_Graph): LightGCN()
  (Graph_encoder): ModuleDict(
    (view): GraphEncoder(
      (light): LightGCN()
      (dropout): Dropout(p=0.75, inplace=False)
    )
    (cart): GraphEncoder(
      (light): LightGCN()
      (dropout): Dropout(p=0.75, inplace=False)
    )
    (buy): GraphEncoder(
      (light): LightGCN()
      (dropout): Dropout(p=0.75, inplace=False)
    )
  )
  (attention): Mutual_Attention()
  (bpr_loss): BPRLoss()
  (emb_loss): EmbLoss()
  (f): Sigmoid()
)
2024-10-11 11:15:17.865 | INFO     | trainer_1:_train_one_epoch:193 - epoch 1 6.62s Train loss is [0.9760] 
2024-10-11 11:15:27.721 | INFO     | trainer_1:_train_one_epoch:201 - validate 1 cost time 9.86s, result: {'hit@1': 0.0058, 'ndcg@1': 0.0058, 'hit@5': 0.0238, 'ndcg@5': 0.0147, 'hit@10': 0.0414, 'ndcg@10': 0.0203, 'hit@15': 0.0574, 'ndcg@15': 0.0246, 'hit@20': 0.0744, 'ndcg@20': 0.0286, 'hit@40': 0.1303, 'ndcg@40': 0.0399} 
2024-10-11 11:15:37.491 | INFO     | trainer_1:_train_one_epoch:209 - test 1 cost time 9.77s, result: {'hit@1': 0.0032, 'ndcg@1': 0.0032, 'hit@5': 0.0167, 'ndcg@5': 0.0099, 'hit@10': 0.0306, 'ndcg@10': 0.0143, 'hit@15': 0.0425, 'ndcg@15': 0.0175, 'hit@20': 0.0561, 'ndcg@20': 0.0207, 'hit@40': 0.0994, 'ndcg@40': 0.0294} 
2024-10-11 11:15:54.520 | INFO     | trainer_1:_train_one_epoch:193 - epoch 2 6.93s Train loss is [0.7552] 
2024-10-11 11:16:04.833 | INFO     | trainer_1:_train_one_epoch:201 - validate 2 cost time 10.31s, result: {'hit@1': 0.0082, 'ndcg@1': 0.0082, 'hit@5': 0.0327, 'ndcg@5': 0.0204, 'hit@10': 0.0568, 'ndcg@10': 0.0281, 'hit@15': 0.0786, 'ndcg@15': 0.0339, 'hit@20': 0.0966, 'ndcg@20': 0.0381, 'hit@40': 0.1579, 'ndcg@40': 0.0506} 
2024-10-11 11:16:15.135 | INFO     | trainer_1:_train_one_epoch:209 - test 2 cost time 10.30s, result: {'hit@1': 0.0042, 'ndcg@1': 0.0042, 'hit@5': 0.0199, 'ndcg@5': 0.0119, 'hit@10': 0.0372, 'ndcg@10': 0.0175, 'hit@15': 0.0524, 'ndcg@15': 0.0215, 'hit@20': 0.0664, 'ndcg@20': 0.0248, 'hit@40': 0.1127, 'ndcg@40': 0.0342} 
2024-10-11 11:16:32.219 | INFO     | trainer_1:_train_one_epoch:193 - epoch 3 6.80s Train loss is [0.6538] 
2024-10-11 11:16:40.039 | INFO     | trainer_1:_train_one_epoch:201 - validate 3 cost time 7.82s, result: {'hit@1': 0.0077, 'ndcg@1': 0.0077, 'hit@5': 0.0334, 'ndcg@5': 0.0203, 'hit@10': 0.0594, 'ndcg@10': 0.0286, 'hit@15': 0.0819, 'ndcg@15': 0.0345, 'hit@20': 0.1014, 'ndcg@20': 0.0391, 'hit@40': 0.1663, 'ndcg@40': 0.0523} 
2024-10-11 11:16:49.061 | INFO     | trainer_1:_train_one_epoch:209 - test 3 cost time 9.02s, result: {'hit@1': 0.0051, 'ndcg@1': 0.0051, 'hit@5': 0.0222, 'ndcg@5': 0.0136, 'hit@10': 0.0409, 'ndcg@10': 0.0196, 'hit@15': 0.0567, 'ndcg@15': 0.0237, 'hit@20': 0.0719, 'ndcg@20': 0.0273, 'hit@40': 0.1262, 'ndcg@40': 0.0384} 
2024-10-11 11:17:06.957 | INFO     | trainer_1:_train_one_epoch:193 - epoch 4 7.58s Train loss is [0.5809] 
2024-10-11 11:17:13.937 | INFO     | trainer_1:_train_one_epoch:201 - validate 4 cost time 6.98s, result: {'hit@1': 0.0093, 'ndcg@1': 0.0093, 'hit@5': 0.0366, 'ndcg@5': 0.0227, 'hit@10': 0.0638, 'ndcg@10': 0.0314, 'hit@15': 0.0903, 'ndcg@15': 0.0383, 'hit@20': 0.1128, 'ndcg@20': 0.0436, 'hit@40': 0.1842, 'ndcg@40': 0.0581} 
2024-10-11 11:17:21.482 | INFO     | trainer_1:_train_one_epoch:209 - test 4 cost time 7.54s, result: {'hit@1': 0.006, 'ndcg@1': 0.006, 'hit@5': 0.0245, 'ndcg@5': 0.0151, 'hit@10': 0.043, 'ndcg@10': 0.021, 'hit@15': 0.0604, 'ndcg@15': 0.0256, 'hit@20': 0.0779, 'ndcg@20': 0.0297, 'hit@40': 0.1354, 'ndcg@40': 0.0415} 
2024-10-11 11:17:38.129 | INFO     | trainer_1:_train_one_epoch:193 - epoch 5 6.48s Train loss is [0.5590] 
2024-10-11 11:17:45.395 | INFO     | trainer_1:_train_one_epoch:201 - validate 5 cost time 7.27s, result: {'hit@1': 0.0098, 'ndcg@1': 0.0098, 'hit@5': 0.0345, 'ndcg@5': 0.022, 'hit@10': 0.0605, 'ndcg@10': 0.0303, 'hit@15': 0.0843, 'ndcg@15': 0.0365, 'hit@20': 0.1059, 'ndcg@20': 0.0417, 'hit@40': 0.1788, 'ndcg@40': 0.0565} 
2024-10-11 11:17:50.384 | INFO     | trainer_1:_train_one_epoch:209 - test 5 cost time 4.99s, result: {'hit@1': 0.0058, 'ndcg@1': 0.0058, 'hit@5': 0.0222, 'ndcg@5': 0.0138, 'hit@10': 0.0386, 'ndcg@10': 0.019, 'hit@15': 0.0553, 'ndcg@15': 0.0234, 'hit@20': 0.0702, 'ndcg@20': 0.027, 'hit@40': 0.1249, 'ndcg@40': 0.038} 
2024-10-11 11:17:57.416 | INFO     | trainer_1:_train_one_epoch:193 - epoch 6 7.03s Train loss is [0.5425] 
2024-10-11 11:18:04.374 | INFO     | trainer_1:_train_one_epoch:201 - validate 6 cost time 6.96s, result: {'hit@1': 0.01, 'ndcg@1': 0.01, 'hit@5': 0.038, 'ndcg@5': 0.024, 'hit@10': 0.0644, 'ndcg@10': 0.0325, 'hit@15': 0.0886, 'ndcg@15': 0.0389, 'hit@20': 0.1116, 'ndcg@20': 0.0443, 'hit@40': 0.1815, 'ndcg@40': 0.0585} 
2024-10-11 11:18:12.147 | INFO     | trainer_1:_train_one_epoch:209 - test 6 cost time 7.77s, result: {'hit@1': 0.006, 'ndcg@1': 0.006, 'hit@5': 0.0238, 'ndcg@5': 0.0148, 'hit@10': 0.0421, 'ndcg@10': 0.0207, 'hit@15': 0.0582, 'ndcg@15': 0.0249, 'hit@20': 0.0734, 'ndcg@20': 0.0285, 'hit@40': 0.1279, 'ndcg@40': 0.0396} 
2024-10-11 11:18:18.624 | INFO     | trainer_1:_train_one_epoch:193 - epoch 7 6.48s Train loss is [0.5170] 
2024-10-11 11:18:26.457 | INFO     | trainer_1:_train_one_epoch:201 - validate 7 cost time 7.83s, result: {'hit@1': 0.0103, 'ndcg@1': 0.0103, 'hit@5': 0.0394, 'ndcg@5': 0.0248, 'hit@10': 0.0707, 'ndcg@10': 0.0348, 'hit@15': 0.0963, 'ndcg@15': 0.0416, 'hit@20': 0.1204, 'ndcg@20': 0.0473, 'hit@40': 0.1932, 'ndcg@40': 0.0621} 
2024-10-11 11:18:31.393 | INFO     | trainer_1:_train_one_epoch:209 - test 7 cost time 4.93s, result: {'hit@1': 0.0062, 'ndcg@1': 0.0062, 'hit@5': 0.024, 'ndcg@5': 0.0149, 'hit@10': 0.0452, 'ndcg@10': 0.0217, 'hit@15': 0.0632, 'ndcg@15': 0.0264, 'hit@20': 0.0804, 'ndcg@20': 0.0305, 'hit@40': 0.1378, 'ndcg@40': 0.0422} 
2024-10-11 11:18:48.532 | INFO     | trainer_1:_train_one_epoch:193 - epoch 8 6.63s Train loss is [0.5004] 
2024-10-11 11:18:57.617 | INFO     | trainer_1:_train_one_epoch:201 - validate 8 cost time 9.08s, result: {'hit@1': 0.0097, 'ndcg@1': 0.0097, 'hit@5': 0.0396, 'ndcg@5': 0.0244, 'hit@10': 0.0677, 'ndcg@10': 0.0335, 'hit@15': 0.0919, 'ndcg@15': 0.0398, 'hit@20': 0.1156, 'ndcg@20': 0.0454, 'hit@40': 0.1924, 'ndcg@40': 0.0611} 
2024-10-11 11:19:06.473 | INFO     | trainer_1:_train_one_epoch:209 - test 8 cost time 8.86s, result: {'hit@1': 0.0066, 'ndcg@1': 0.0066, 'hit@5': 0.0259, 'ndcg@5': 0.016, 'hit@10': 0.0464, 'ndcg@10': 0.0226, 'hit@15': 0.0632, 'ndcg@15': 0.027, 'hit@20': 0.0812, 'ndcg@20': 0.0313, 'hit@40': 0.1406, 'ndcg@40': 0.0433} 
2024-10-11 11:19:23.693 | INFO     | trainer_1:_train_one_epoch:193 - epoch 9 6.85s Train loss is [0.4936] 
2024-10-11 11:19:30.833 | INFO     | trainer_1:_train_one_epoch:201 - validate 9 cost time 7.14s, result: {'hit@1': 0.0103, 'ndcg@1': 0.0103, 'hit@5': 0.0436, 'ndcg@5': 0.0269, 'hit@10': 0.0746, 'ndcg@10': 0.0368, 'hit@15': 0.1016, 'ndcg@15': 0.0439, 'hit@20': 0.1248, 'ndcg@20': 0.0494, 'hit@40': 0.2061, 'ndcg@40': 0.0659} 
2024-10-11 11:19:38.604 | INFO     | trainer_1:_train_one_epoch:209 - test 9 cost time 7.77s, result: {'hit@1': 0.0078, 'ndcg@1': 0.0078, 'hit@5': 0.0264, 'ndcg@5': 0.017, 'hit@10': 0.0481, 'ndcg@10': 0.024, 'hit@15': 0.0659, 'ndcg@15': 0.0287, 'hit@20': 0.0843, 'ndcg@20': 0.0331, 'hit@40': 0.1463, 'ndcg@40': 0.0456} 
2024-10-11 11:19:54.960 | INFO     | trainer_1:_train_one_epoch:193 - epoch 10 6.17s Train loss is [0.4793] 
2024-10-11 11:20:01.093 | INFO     | trainer_1:_train_one_epoch:201 - validate 10 cost time 6.13s, result: {'hit@1': 0.0104, 'ndcg@1': 0.0104, 'hit@5': 0.0449, 'ndcg@5': 0.0275, 'hit@10': 0.0739, 'ndcg@10': 0.0368, 'hit@15': 0.1013, 'ndcg@15': 0.044, 'hit@20': 0.1252, 'ndcg@20': 0.0497, 'hit@40': 0.2009, 'ndcg@40': 0.0651} 
2024-10-11 11:20:07.833 | INFO     | trainer_1:_train_one_epoch:209 - test 10 cost time 6.74s, result: {'hit@1': 0.0079, 'ndcg@1': 0.0079, 'hit@5': 0.0292, 'ndcg@5': 0.0185, 'hit@10': 0.0511, 'ndcg@10': 0.0255, 'hit@15': 0.0693, 'ndcg@15': 0.0303, 'hit@20': 0.0864, 'ndcg@20': 0.0344, 'hit@40': 0.1476, 'ndcg@40': 0.0468} 
2024-10-11 11:20:24.900 | INFO     | trainer_1:_train_one_epoch:193 - epoch 11 6.22s Train loss is [0.4686] 
2024-10-11 11:20:29.904 | INFO     | trainer_1:_train_one_epoch:201 - validate 11 cost time 5.00s, result: {'hit@1': 0.0116, 'ndcg@1': 0.0116, 'hit@5': 0.0439, 'ndcg@5': 0.0276, 'hit@10': 0.0744, 'ndcg@10': 0.0374, 'hit@15': 0.1007, 'ndcg@15': 0.0444, 'hit@20': 0.1238, 'ndcg@20': 0.0498, 'hit@40': 0.2034, 'ndcg@40': 0.066} 
2024-10-11 11:20:35.642 | INFO     | trainer_1:_train_one_epoch:209 - test 11 cost time 5.74s, result: {'hit@1': 0.0078, 'ndcg@1': 0.0078, 'hit@5': 0.0286, 'ndcg@5': 0.0181, 'hit@10': 0.0502, 'ndcg@10': 0.025, 'hit@15': 0.0694, 'ndcg@15': 0.0301, 'hit@20': 0.0866, 'ndcg@20': 0.0342, 'hit@40': 0.1454, 'ndcg@40': 0.0461} 
2024-10-11 11:20:42.247 | INFO     | trainer_1:_train_one_epoch:193 - epoch 12 6.60s Train loss is [0.4486] 
2024-10-11 11:20:51.336 | INFO     | trainer_1:_train_one_epoch:201 - validate 12 cost time 9.09s, result: {'hit@1': 0.0124, 'ndcg@1': 0.0124, 'hit@5': 0.042, 'ndcg@5': 0.027, 'hit@10': 0.0701, 'ndcg@10': 0.0359, 'hit@15': 0.0975, 'ndcg@15': 0.0432, 'hit@20': 0.1211, 'ndcg@20': 0.0488, 'hit@40': 0.1996, 'ndcg@40': 0.0647} 
2024-10-11 11:21:00.220 | INFO     | trainer_1:_train_one_epoch:209 - test 12 cost time 8.88s, result: {'hit@1': 0.0061, 'ndcg@1': 0.0061, 'hit@5': 0.0268, 'ndcg@5': 0.0164, 'hit@10': 0.0471, 'ndcg@10': 0.0229, 'hit@15': 0.0655, 'ndcg@15': 0.0277, 'hit@20': 0.0815, 'ndcg@20': 0.0315, 'hit@40': 0.1411, 'ndcg@40': 0.0436} 
2024-10-11 11:21:06.850 | INFO     | trainer_1:_train_one_epoch:193 - epoch 13 6.63s Train loss is [0.4522] 
2024-10-11 11:21:12.968 | INFO     | trainer_1:_train_one_epoch:201 - validate 13 cost time 6.12s, result: {'hit@1': 0.0133, 'ndcg@1': 0.0133, 'hit@5': 0.047, 'ndcg@5': 0.0299, 'hit@10': 0.0789, 'ndcg@10': 0.0402, 'hit@15': 0.1044, 'ndcg@15': 0.0469, 'hit@20': 0.1279, 'ndcg@20': 0.0525, 'hit@40': 0.2035, 'ndcg@40': 0.0679} 
2024-10-11 11:21:19.163 | INFO     | trainer_1:_train_one_epoch:209 - test 13 cost time 6.19s, result: {'hit@1': 0.0082, 'ndcg@1': 0.0082, 'hit@5': 0.0295, 'ndcg@5': 0.0188, 'hit@10': 0.0526, 'ndcg@10': 0.0262, 'hit@15': 0.0708, 'ndcg@15': 0.031, 'hit@20': 0.0879, 'ndcg@20': 0.035, 'hit@40': 0.1435, 'ndcg@40': 0.0464} 
2024-10-11 11:21:36.153 | INFO     | trainer_1:_train_one_epoch:193 - epoch 14 6.41s Train loss is [0.4457] 
2024-10-11 11:21:45.099 | INFO     | trainer_1:_train_one_epoch:201 - validate 14 cost time 8.95s, result: {'hit@1': 0.0143, 'ndcg@1': 0.0143, 'hit@5': 0.05, 'ndcg@5': 0.0321, 'hit@10': 0.0813, 'ndcg@10': 0.0421, 'hit@15': 0.1085, 'ndcg@15': 0.0493, 'hit@20': 0.1347, 'ndcg@20': 0.0555, 'hit@40': 0.2111, 'ndcg@40': 0.071} 
2024-10-11 11:21:54.014 | INFO     | trainer_1:_train_one_epoch:209 - test 14 cost time 8.91s, result: {'hit@1': 0.0096, 'ndcg@1': 0.0096, 'hit@5': 0.0322, 'ndcg@5': 0.0207, 'hit@10': 0.0542, 'ndcg@10': 0.0278, 'hit@15': 0.0738, 'ndcg@15': 0.033, 'hit@20': 0.0909, 'ndcg@20': 0.037, 'hit@40': 0.1506, 'ndcg@40': 0.0491} 
2024-10-11 11:22:11.393 | INFO     | trainer_1:_train_one_epoch:193 - epoch 15 6.75s Train loss is [0.4242] 
2024-10-11 11:22:20.216 | INFO     | trainer_1:_train_one_epoch:201 - validate 15 cost time 8.82s, result: {'hit@1': 0.0143, 'ndcg@1': 0.0143, 'hit@5': 0.0523, 'ndcg@5': 0.0332, 'hit@10': 0.0879, 'ndcg@10': 0.0446, 'hit@15': 0.116, 'ndcg@15': 0.052, 'hit@20': 0.1405, 'ndcg@20': 0.0578, 'hit@40': 0.2236, 'ndcg@40': 0.0747} 
2024-10-11 11:22:29.062 | INFO     | trainer_1:_train_one_epoch:209 - test 15 cost time 8.85s, result: {'hit@1': 0.009, 'ndcg@1': 0.009, 'hit@5': 0.0341, 'ndcg@5': 0.0215, 'hit@10': 0.0585, 'ndcg@10': 0.0293, 'hit@15': 0.0776, 'ndcg@15': 0.0344, 'hit@20': 0.0947, 'ndcg@20': 0.0384, 'hit@40': 0.1572, 'ndcg@40': 0.0511} 
2024-10-11 11:22:46.019 | INFO     | trainer_1:_train_one_epoch:193 - epoch 16 6.67s Train loss is [0.4262] 
2024-10-11 11:22:55.095 | INFO     | trainer_1:_train_one_epoch:201 - validate 16 cost time 9.08s, result: {'hit@1': 0.014, 'ndcg@1': 0.014, 'hit@5': 0.0512, 'ndcg@5': 0.0325, 'hit@10': 0.084, 'ndcg@10': 0.043, 'hit@15': 0.1134, 'ndcg@15': 0.0508, 'hit@20': 0.1399, 'ndcg@20': 0.057, 'hit@40': 0.2213, 'ndcg@40': 0.0736} 
2024-10-11 11:23:03.864 | INFO     | trainer_1:_train_one_epoch:209 - test 16 cost time 8.77s, result: {'hit@1': 0.0093, 'ndcg@1': 0.0093, 'hit@5': 0.0325, 'ndcg@5': 0.0207, 'hit@10': 0.0554, 'ndcg@10': 0.028, 'hit@15': 0.0752, 'ndcg@15': 0.0333, 'hit@20': 0.0929, 'ndcg@20': 0.0374, 'hit@40': 0.154, 'ndcg@40': 0.0499} 
2024-10-11 11:23:10.654 | INFO     | trainer_1:_train_one_epoch:193 - epoch 17 6.79s Train loss is [0.4177] 
2024-10-11 11:23:17.629 | INFO     | trainer_1:_train_one_epoch:201 - validate 17 cost time 6.97s, result: {'hit@1': 0.0149, 'ndcg@1': 0.0149, 'hit@5': 0.0555, 'ndcg@5': 0.0351, 'hit@10': 0.0909, 'ndcg@10': 0.0464, 'hit@15': 0.1207, 'ndcg@15': 0.0543, 'hit@20': 0.1501, 'ndcg@20': 0.0612, 'hit@40': 0.2352, 'ndcg@40': 0.0786} 
2024-10-11 11:23:25.292 | INFO     | trainer_1:_train_one_epoch:209 - test 17 cost time 7.66s, result: {'hit@1': 0.0104, 'ndcg@1': 0.0104, 'hit@5': 0.0365, 'ndcg@5': 0.0232, 'hit@10': 0.0593, 'ndcg@10': 0.0305, 'hit@15': 0.0815, 'ndcg@15': 0.0364, 'hit@20': 0.1024, 'ndcg@20': 0.0413, 'hit@40': 0.1698, 'ndcg@40': 0.055} 
2024-10-11 11:23:42.335 | INFO     | trainer_1:_train_one_epoch:193 - epoch 18 6.67s Train loss is [0.4087] 
2024-10-11 11:23:49.244 | INFO     | trainer_1:_train_one_epoch:201 - validate 18 cost time 6.91s, result: {'hit@1': 0.0147, 'ndcg@1': 0.0147, 'hit@5': 0.0526, 'ndcg@5': 0.0336, 'hit@10': 0.0867, 'ndcg@10': 0.0445, 'hit@15': 0.1152, 'ndcg@15': 0.052, 'hit@20': 0.1398, 'ndcg@20': 0.0578, 'hit@40': 0.2215, 'ndcg@40': 0.0745} 
2024-10-11 11:23:57.003 | INFO     | trainer_1:_train_one_epoch:209 - test 18 cost time 7.76s, result: {'hit@1': 0.0095, 'ndcg@1': 0.0095, 'hit@5': 0.0351, 'ndcg@5': 0.0222, 'hit@10': 0.0592, 'ndcg@10': 0.0299, 'hit@15': 0.0789, 'ndcg@15': 0.0351, 'hit@20': 0.0966, 'ndcg@20': 0.0393, 'hit@40': 0.1574, 'ndcg@40': 0.0516} 
2024-10-11 11:24:03.599 | INFO     | trainer_1:_train_one_epoch:193 - epoch 19 6.60s Train loss is [0.4076] 
2024-10-11 11:24:12.516 | INFO     | trainer_1:_train_one_epoch:201 - validate 19 cost time 8.92s, result: {'hit@1': 0.015, 'ndcg@1': 0.015, 'hit@5': 0.0518, 'ndcg@5': 0.0334, 'hit@10': 0.0878, 'ndcg@10': 0.045, 'hit@15': 0.116, 'ndcg@15': 0.0524, 'hit@20': 0.1417, 'ndcg@20': 0.0585, 'hit@40': 0.2259, 'ndcg@40': 0.0757} 
2024-10-11 11:24:20.984 | INFO     | trainer_1:_train_one_epoch:209 - test 19 cost time 8.47s, result: {'hit@1': 0.0088, 'ndcg@1': 0.0088, 'hit@5': 0.035, 'ndcg@5': 0.0219, 'hit@10': 0.0581, 'ndcg@10': 0.0293, 'hit@15': 0.0794, 'ndcg@15': 0.0349, 'hit@20': 0.099, 'ndcg@20': 0.0395, 'hit@40': 0.1613, 'ndcg@40': 0.0522} 
2024-10-11 11:24:27.593 | INFO     | trainer_1:_train_one_epoch:193 - epoch 20 6.61s Train loss is [0.3974] 
2024-10-11 11:24:35.321 | INFO     | trainer_1:_train_one_epoch:201 - validate 20 cost time 7.73s, result: {'hit@1': 0.0146, 'ndcg@1': 0.0146, 'hit@5': 0.0521, 'ndcg@5': 0.0333, 'hit@10': 0.0882, 'ndcg@10': 0.0449, 'hit@15': 0.1157, 'ndcg@15': 0.0521, 'hit@20': 0.1408, 'ndcg@20': 0.058, 'hit@40': 0.2255, 'ndcg@40': 0.0753} 
2024-10-11 11:24:44.370 | INFO     | trainer_1:_train_one_epoch:209 - test 20 cost time 9.05s, result: {'hit@1': 0.0089, 'ndcg@1': 0.0089, 'hit@5': 0.0351, 'ndcg@5': 0.022, 'hit@10': 0.0585, 'ndcg@10': 0.0294, 'hit@15': 0.0794, 'ndcg@15': 0.035, 'hit@20': 0.1009, 'ndcg@20': 0.04, 'hit@40': 0.1642, 'ndcg@40': 0.0529} 
2024-10-11 11:24:51.085 | INFO     | trainer_1:_train_one_epoch:193 - epoch 21 6.71s Train loss is [0.3913] 
2024-10-11 11:24:58.638 | INFO     | trainer_1:_train_one_epoch:201 - validate 21 cost time 7.55s, result: {'hit@1': 0.0152, 'ndcg@1': 0.0152, 'hit@5': 0.0544, 'ndcg@5': 0.0349, 'hit@10': 0.0908, 'ndcg@10': 0.0465, 'hit@15': 0.1213, 'ndcg@15': 0.0546, 'hit@20': 0.1456, 'ndcg@20': 0.0603, 'hit@40': 0.2334, 'ndcg@40': 0.0782} 
2024-10-11 11:25:04.662 | INFO     | trainer_1:_train_one_epoch:209 - test 21 cost time 6.02s, result: {'hit@1': 0.0099, 'ndcg@1': 0.0099, 'hit@5': 0.0361, 'ndcg@5': 0.0231, 'hit@10': 0.0607, 'ndcg@10': 0.0309, 'hit@15': 0.0805, 'ndcg@15': 0.0362, 'hit@20': 0.0994, 'ndcg@20': 0.0406, 'hit@40': 0.1635, 'ndcg@40': 0.0537} 
2024-10-11 11:25:21.372 | INFO     | trainer_1:_train_one_epoch:193 - epoch 22 6.29s Train loss is [0.3833] 
2024-10-11 11:25:29.228 | INFO     | trainer_1:_train_one_epoch:201 - validate 22 cost time 7.86s, result: {'hit@1': 0.0156, 'ndcg@1': 0.0156, 'hit@5': 0.0551, 'ndcg@5': 0.0354, 'hit@10': 0.0903, 'ndcg@10': 0.0467, 'hit@15': 0.1223, 'ndcg@15': 0.0552, 'hit@20': 0.1498, 'ndcg@20': 0.0617, 'hit@40': 0.2377, 'ndcg@40': 0.0795} 
2024-10-11 11:25:35.566 | INFO     | trainer_1:_train_one_epoch:209 - test 22 cost time 6.34s, result: {'hit@1': 0.0093, 'ndcg@1': 0.0093, 'hit@5': 0.0362, 'ndcg@5': 0.0227, 'hit@10': 0.061, 'ndcg@10': 0.0306, 'hit@15': 0.0836, 'ndcg@15': 0.0366, 'hit@20': 0.1036, 'ndcg@20': 0.0413, 'hit@40': 0.1676, 'ndcg@40': 0.0543} 
2024-10-11 11:25:52.455 | INFO     | trainer_1:_train_one_epoch:193 - epoch 23 6.27s Train loss is [0.3873] 
2024-10-11 11:26:00.244 | INFO     | trainer_1:_train_one_epoch:201 - validate 23 cost time 7.79s, result: {'hit@1': 0.0154, 'ndcg@1': 0.0154, 'hit@5': 0.0552, 'ndcg@5': 0.0352, 'hit@10': 0.0909, 'ndcg@10': 0.0466, 'hit@15': 0.1219, 'ndcg@15': 0.0548, 'hit@20': 0.1497, 'ndcg@20': 0.0614, 'hit@40': 0.2369, 'ndcg@40': 0.0791} 
2024-10-11 11:26:07.525 | INFO     | trainer_1:_train_one_epoch:209 - test 23 cost time 7.28s, result: {'hit@1': 0.0097, 'ndcg@1': 0.0097, 'hit@5': 0.0359, 'ndcg@5': 0.0228, 'hit@10': 0.0618, 'ndcg@10': 0.0311, 'hit@15': 0.0827, 'ndcg@15': 0.0366, 'hit@20': 0.1011, 'ndcg@20': 0.041, 'hit@40': 0.165, 'ndcg@40': 0.054} 
2024-10-11 11:26:24.783 | INFO     | trainer_1:_train_one_epoch:193 - epoch 24 6.76s Train loss is [0.3923] 
2024-10-11 11:26:33.222 | INFO     | trainer_1:_train_one_epoch:201 - validate 24 cost time 8.44s, result: {'hit@1': 0.0149, 'ndcg@1': 0.0149, 'hit@5': 0.0545, 'ndcg@5': 0.0348, 'hit@10': 0.0891, 'ndcg@10': 0.0459, 'hit@15': 0.1208, 'ndcg@15': 0.0542, 'hit@20': 0.1478, 'ndcg@20': 0.0606, 'hit@40': 0.2326, 'ndcg@40': 0.0779} 
2024-10-11 11:26:42.168 | INFO     | trainer_1:_train_one_epoch:209 - test 24 cost time 8.95s, result: {'hit@1': 0.0094, 'ndcg@1': 0.0094, 'hit@5': 0.0379, 'ndcg@5': 0.0237, 'hit@10': 0.0625, 'ndcg@10': 0.0316, 'hit@15': 0.0836, 'ndcg@15': 0.0372, 'hit@20': 0.1014, 'ndcg@20': 0.0414, 'hit@40': 0.1649, 'ndcg@40': 0.0543} 
2024-10-11 11:26:59.142 | INFO     | trainer_1:_train_one_epoch:193 - epoch 25 6.72s Train loss is [0.3817] 
2024-10-11 11:27:08.257 | INFO     | trainer_1:_train_one_epoch:201 - validate 25 cost time 9.11s, result: {'hit@1': 0.0165, 'ndcg@1': 0.0165, 'hit@5': 0.057, 'ndcg@5': 0.037, 'hit@10': 0.0945, 'ndcg@10': 0.049, 'hit@15': 0.1262, 'ndcg@15': 0.0574, 'hit@20': 0.1515, 'ndcg@20': 0.0633, 'hit@40': 0.2361, 'ndcg@40': 0.0806} 
2024-10-11 11:27:16.507 | INFO     | trainer_1:_train_one_epoch:209 - test 25 cost time 8.25s, result: {'hit@1': 0.0105, 'ndcg@1': 0.0105, 'hit@5': 0.0382, 'ndcg@5': 0.0246, 'hit@10': 0.0647, 'ndcg@10': 0.0331, 'hit@15': 0.0857, 'ndcg@15': 0.0387, 'hit@20': 0.1047, 'ndcg@20': 0.0431, 'hit@40': 0.1676, 'ndcg@40': 0.0559} 
2024-10-11 11:27:33.331 | INFO     | trainer_1:_train_one_epoch:193 - epoch 26 6.35s Train loss is [0.3725] 
2024-10-11 11:27:39.389 | INFO     | trainer_1:_train_one_epoch:201 - validate 26 cost time 6.06s, result: {'hit@1': 0.0154, 'ndcg@1': 0.0154, 'hit@5': 0.0565, 'ndcg@5': 0.0359, 'hit@10': 0.0918, 'ndcg@10': 0.0472, 'hit@15': 0.1231, 'ndcg@15': 0.0554, 'hit@20': 0.1526, 'ndcg@20': 0.0624, 'hit@40': 0.2389, 'ndcg@40': 0.0799} 
2024-10-11 11:27:46.450 | INFO     | trainer_1:_train_one_epoch:209 - test 26 cost time 7.06s, result: {'hit@1': 0.0096, 'ndcg@1': 0.0096, 'hit@5': 0.0373, 'ndcg@5': 0.0234, 'hit@10': 0.0626, 'ndcg@10': 0.0315, 'hit@15': 0.0844, 'ndcg@15': 0.0372, 'hit@20': 0.1024, 'ndcg@20': 0.0415, 'hit@40': 0.1704, 'ndcg@40': 0.0553} 
2024-10-11 11:27:52.537 | INFO     | trainer_1:_train_one_epoch:193 - epoch 27 6.09s Train loss is [0.3728] 
2024-10-11 11:28:00.432 | INFO     | trainer_1:_train_one_epoch:201 - validate 27 cost time 7.90s, result: {'hit@1': 0.016, 'ndcg@1': 0.016, 'hit@5': 0.0549, 'ndcg@5': 0.0356, 'hit@10': 0.0904, 'ndcg@10': 0.047, 'hit@15': 0.1206, 'ndcg@15': 0.0549, 'hit@20': 0.1457, 'ndcg@20': 0.0608, 'hit@40': 0.2301, 'ndcg@40': 0.078} 
2024-10-11 11:28:07.382 | INFO     | trainer_1:_train_one_epoch:209 - test 27 cost time 6.95s, result: {'hit@1': 0.0098, 'ndcg@1': 0.0098, 'hit@5': 0.0373, 'ndcg@5': 0.0237, 'hit@10': 0.0614, 'ndcg@10': 0.0314, 'hit@15': 0.083, 'ndcg@15': 0.0371, 'hit@20': 0.1018, 'ndcg@20': 0.0416, 'hit@40': 0.1677, 'ndcg@40': 0.055} 
2024-10-11 11:28:13.364 | INFO     | trainer_1:_train_one_epoch:193 - epoch 28 5.98s Train loss is [0.3760] 
2024-10-11 11:28:19.130 | INFO     | trainer_1:_train_one_epoch:201 - validate 28 cost time 5.77s, result: {'hit@1': 0.0159, 'ndcg@1': 0.0159, 'hit@5': 0.055, 'ndcg@5': 0.0354, 'hit@10': 0.0903, 'ndcg@10': 0.0467, 'hit@15': 0.1202, 'ndcg@15': 0.0546, 'hit@20': 0.1466, 'ndcg@20': 0.0608, 'hit@40': 0.233, 'ndcg@40': 0.0783} 
2024-10-11 11:28:25.106 | INFO     | trainer_1:_train_one_epoch:209 - test 28 cost time 5.98s, result: {'hit@1': 0.0097, 'ndcg@1': 0.0097, 'hit@5': 0.037, 'ndcg@5': 0.0233, 'hit@10': 0.0618, 'ndcg@10': 0.0312, 'hit@15': 0.082, 'ndcg@15': 0.0366, 'hit@20': 0.1004, 'ndcg@20': 0.0409, 'hit@40': 0.1649, 'ndcg@40': 0.054} 
2024-10-11 11:28:31.421 | INFO     | trainer_1:_train_one_epoch:193 - epoch 29 6.32s Train loss is [0.3748] 
2024-10-11 11:28:39.226 | INFO     | trainer_1:_train_one_epoch:201 - validate 29 cost time 7.80s, result: {'hit@1': 0.0148, 'ndcg@1': 0.0148, 'hit@5': 0.0551, 'ndcg@5': 0.0347, 'hit@10': 0.0886, 'ndcg@10': 0.0454, 'hit@15': 0.1202, 'ndcg@15': 0.0537, 'hit@20': 0.1436, 'ndcg@20': 0.0593, 'hit@40': 0.2268, 'ndcg@40': 0.0762} 
2024-10-11 11:28:46.977 | INFO     | trainer_1:_train_one_epoch:209 - test 29 cost time 7.75s, result: {'hit@1': 0.0093, 'ndcg@1': 0.0093, 'hit@5': 0.0373, 'ndcg@5': 0.0233, 'hit@10': 0.061, 'ndcg@10': 0.0309, 'hit@15': 0.081, 'ndcg@15': 0.0362, 'hit@20': 0.1002, 'ndcg@20': 0.0408, 'hit@40': 0.1636, 'ndcg@40': 0.0537} 
2024-10-11 11:28:53.194 | INFO     | trainer_1:_train_one_epoch:193 - epoch 30 6.22s Train loss is [0.3739] 
2024-10-11 11:28:59.335 | INFO     | trainer_1:_train_one_epoch:201 - validate 30 cost time 6.14s, result: {'hit@1': 0.0167, 'ndcg@1': 0.0167, 'hit@5': 0.057, 'ndcg@5': 0.0366, 'hit@10': 0.0912, 'ndcg@10': 0.0476, 'hit@15': 0.1209, 'ndcg@15': 0.0554, 'hit@20': 0.1492, 'ndcg@20': 0.0621, 'hit@40': 0.2351, 'ndcg@40': 0.0796} 
2024-10-11 11:29:06.307 | INFO     | trainer_1:_train_one_epoch:209 - test 30 cost time 6.97s, result: {'hit@1': 0.0107, 'ndcg@1': 0.0107, 'hit@5': 0.0379, 'ndcg@5': 0.0243, 'hit@10': 0.061, 'ndcg@10': 0.0316, 'hit@15': 0.0824, 'ndcg@15': 0.0373, 'hit@20': 0.1004, 'ndcg@20': 0.0415, 'hit@40': 0.1637, 'ndcg@40': 0.0544} 
2024-10-11 11:29:06.317 | INFO     | trainer_1:train_model:163 - training end, best iteration 25, results: {'hit@1': 0.0165, 'ndcg@1': 0.0165, 'hit@5': 0.057, 'ndcg@5': 0.037, 'hit@10': 0.0945, 'ndcg@10': 0.049, 'hit@15': 0.1262, 'ndcg@15': 0.0574, 'hit@20': 0.1515, 'ndcg@20': 0.0633, 'hit@40': 0.2361, 'ndcg@40': 0.0806}
2024-10-11 11:29:06.318 | INFO     | trainer_1:train_model:166 - final test result is:  {'hit@1': 0.0105, 'ndcg@1': 0.0105, 'hit@5': 0.0382, 'ndcg@5': 0.0246, 'hit@10': 0.0647, 'ndcg@10': 0.0331, 'hit@15': 0.0857, 'ndcg@15': 0.0387, 'hit@20': 0.1047, 'ndcg@20': 0.0431, 'hit@40': 0.1676, 'ndcg@40': 0.0559}
2024-10-11 11:29:06.599 | INFO     | __main__:<module>:119 - train end total cost time: 1272.053332567215
