2024-10-11 22:36:02.344 | INFO     | __main__:<module>:105 - Namespace(TIME='2024-10-11 22_35_20', batch_size=1024, behaviors=['view', 'cart', 'buy'], check_point='model_pre_1_2024-10-08 12_42_42.pth', data_name='beibei', data_path='./data/beibei', decay=0.001, device='cuda:1', dim_qk=32, dim_v=64, distill_layers=2, distill_thres=0.5, distill_topK=60, distill_userK=6, embedding_size=64, epochs=100, gpu_no=1, if_load_model=True, ii_lambda=200, initializer_range=0.02, layers=2, loss_type='bpr', lr=0.001, message_dropout=0.25, metrics=['hit', 'ndcg'], min_epoch=5, model_name='main_1', model_path='./check_point', node_dropout=0.75, omega=1, pt_loop=50, reg_weight=0.001, test_batch_size=1024, testbatch=1024, topk=[1, 5, 10, 15, 20, 40], uu_lambda=100)
2024-10-11 22:36:02.345 | INFO     | __main__:<module>:106 - BIPN(
  (message_dropout): Dropout(p=0.25, inplace=False)
  (user_embedding): Embedding(21717, 64, padding_idx=0)
  (item_embedding): Embedding(7978, 64, padding_idx=0)
  (global_Graph): LightGCN()
  (Graph_encoder): ModuleDict(
    (view): GraphEncoder(
      (light): LightGCN()
      (dropout): Dropout(p=0.75, inplace=False)
    )
    (cart): GraphEncoder(
      (light): LightGCN()
      (dropout): Dropout(p=0.75, inplace=False)
    )
    (buy): GraphEncoder(
      (light): LightGCN()
      (dropout): Dropout(p=0.75, inplace=False)
    )
  )
  (attention): Mutual_Attention()
  (bpr_loss): BPRLoss()
  (emb_loss): EmbLoss()
  (f): Sigmoid()
)
2024-10-11 22:55:28.361 | INFO     | trainer_1:_train_one_epoch:193 - epoch 1 9.33s Train loss is [0.9833] 
2024-10-11 22:55:35.861 | INFO     | trainer_1:_train_one_epoch:201 - validate 1 cost time 7.50s, result: {'hit@1': 0.0053, 'ndcg@1': 0.0053, 'hit@5': 0.0238, 'ndcg@5': 0.0144, 'hit@10': 0.0409, 'ndcg@10': 0.0199, 'hit@15': 0.0578, 'ndcg@15': 0.0243, 'hit@20': 0.074, 'ndcg@20': 0.0281, 'hit@40': 0.1298, 'ndcg@40': 0.0395} 
2024-10-11 22:55:45.289 | INFO     | trainer_1:_train_one_epoch:209 - test 1 cost time 9.43s, result: {'hit@1': 0.0031, 'ndcg@1': 0.0031, 'hit@5': 0.0166, 'ndcg@5': 0.0097, 'hit@10': 0.0299, 'ndcg@10': 0.014, 'hit@15': 0.0424, 'ndcg@15': 0.0173, 'hit@20': 0.055, 'ndcg@20': 0.0203, 'hit@40': 0.0992, 'ndcg@40': 0.0292} 
2024-10-11 22:56:12.658 | INFO     | trainer_1:_train_one_epoch:193 - epoch 2 10.87s Train loss is [0.7638] 
2024-10-11 22:56:19.755 | INFO     | trainer_1:_train_one_epoch:201 - validate 2 cost time 7.10s, result: {'hit@1': 0.008, 'ndcg@1': 0.008, 'hit@5': 0.0325, 'ndcg@5': 0.0201, 'hit@10': 0.0565, 'ndcg@10': 0.0278, 'hit@15': 0.0783, 'ndcg@15': 0.0336, 'hit@20': 0.0956, 'ndcg@20': 0.0377, 'hit@40': 0.1573, 'ndcg@40': 0.0502} 
2024-10-11 22:56:25.923 | INFO     | trainer_1:_train_one_epoch:209 - test 2 cost time 6.17s, result: {'hit@1': 0.0041, 'ndcg@1': 0.0041, 'hit@5': 0.0201, 'ndcg@5': 0.0119, 'hit@10': 0.0358, 'ndcg@10': 0.017, 'hit@15': 0.0515, 'ndcg@15': 0.0212, 'hit@20': 0.0656, 'ndcg@20': 0.0245, 'hit@40': 0.1126, 'ndcg@40': 0.034} 
2024-10-11 22:56:50.617 | INFO     | trainer_1:_train_one_epoch:193 - epoch 3 9.30s Train loss is [0.6618] 
2024-10-11 22:57:01.241 | INFO     | trainer_1:_train_one_epoch:201 - validate 3 cost time 10.62s, result: {'hit@1': 0.0076, 'ndcg@1': 0.0076, 'hit@5': 0.0326, 'ndcg@5': 0.02, 'hit@10': 0.0584, 'ndcg@10': 0.0282, 'hit@15': 0.0814, 'ndcg@15': 0.0343, 'hit@20': 0.1006, 'ndcg@20': 0.0388, 'hit@40': 0.1657, 'ndcg@40': 0.0521} 
2024-10-11 22:57:11.082 | INFO     | trainer_1:_train_one_epoch:209 - test 3 cost time 9.84s, result: {'hit@1': 0.0048, 'ndcg@1': 0.0048, 'hit@5': 0.0221, 'ndcg@5': 0.0134, 'hit@10': 0.04, 'ndcg@10': 0.0191, 'hit@15': 0.0558, 'ndcg@15': 0.0232, 'hit@20': 0.0709, 'ndcg@20': 0.0268, 'hit@40': 0.1246, 'ndcg@40': 0.0378} 
2024-10-11 22:57:34.579 | INFO     | trainer_1:_train_one_epoch:193 - epoch 4 11.99s Train loss is [0.5880] 
2024-10-11 22:57:44.832 | INFO     | trainer_1:_train_one_epoch:201 - validate 4 cost time 10.25s, result: {'hit@1': 0.0089, 'ndcg@1': 0.0089, 'hit@5': 0.0358, 'ndcg@5': 0.0221, 'hit@10': 0.0629, 'ndcg@10': 0.0308, 'hit@15': 0.09, 'ndcg@15': 0.038, 'hit@20': 0.1116, 'ndcg@20': 0.0431, 'hit@40': 0.1831, 'ndcg@40': 0.0576} 
2024-10-11 22:57:55.244 | INFO     | trainer_1:_train_one_epoch:209 - test 4 cost time 10.41s, result: {'hit@1': 0.0058, 'ndcg@1': 0.0058, 'hit@5': 0.024, 'ndcg@5': 0.0147, 'hit@10': 0.0424, 'ndcg@10': 0.0206, 'hit@15': 0.06, 'ndcg@15': 0.0253, 'hit@20': 0.078, 'ndcg@20': 0.0295, 'hit@40': 0.1346, 'ndcg@40': 0.041} 
2024-10-11 22:58:21.811 | INFO     | trainer_1:_train_one_epoch:193 - epoch 5 11.08s Train loss is [0.5657] 
2024-10-11 22:58:33.138 | INFO     | trainer_1:_train_one_epoch:201 - validate 5 cost time 11.33s, result: {'hit@1': 0.0099, 'ndcg@1': 0.0099, 'hit@5': 0.0345, 'ndcg@5': 0.022, 'hit@10': 0.0598, 'ndcg@10': 0.0301, 'hit@15': 0.0851, 'ndcg@15': 0.0368, 'hit@20': 0.1062, 'ndcg@20': 0.0418, 'hit@40': 0.179, 'ndcg@40': 0.0566} 
2024-10-11 22:58:43.238 | INFO     | trainer_1:_train_one_epoch:209 - test 5 cost time 10.10s, result: {'hit@1': 0.0056, 'ndcg@1': 0.0056, 'hit@5': 0.0223, 'ndcg@5': 0.0137, 'hit@10': 0.0392, 'ndcg@10': 0.0191, 'hit@15': 0.055, 'ndcg@15': 0.0233, 'hit@20': 0.07, 'ndcg@20': 0.0268, 'hit@40': 0.1249, 'ndcg@40': 0.038} 
2024-10-11 22:58:53.563 | INFO     | trainer_1:_train_one_epoch:193 - epoch 6 10.32s Train loss is [0.5484] 
2024-10-11 22:59:03.539 | INFO     | trainer_1:_train_one_epoch:201 - validate 6 cost time 9.98s, result: {'hit@1': 0.0099, 'ndcg@1': 0.0099, 'hit@5': 0.0376, 'ndcg@5': 0.0238, 'hit@10': 0.0638, 'ndcg@10': 0.0322, 'hit@15': 0.0886, 'ndcg@15': 0.0388, 'hit@20': 0.1104, 'ndcg@20': 0.0439, 'hit@40': 0.1799, 'ndcg@40': 0.0581} 
2024-10-11 22:59:13.412 | INFO     | trainer_1:_train_one_epoch:209 - test 6 cost time 9.87s, result: {'hit@1': 0.0056, 'ndcg@1': 0.0056, 'hit@5': 0.0234, 'ndcg@5': 0.0145, 'hit@10': 0.0421, 'ndcg@10': 0.0205, 'hit@15': 0.0577, 'ndcg@15': 0.0246, 'hit@20': 0.074, 'ndcg@20': 0.0284, 'hit@40': 0.1266, 'ndcg@40': 0.0391} 
2024-10-11 22:59:24.755 | INFO     | trainer_1:_train_one_epoch:193 - epoch 7 11.34s Train loss is [0.5226] 
2024-10-11 22:59:35.943 | INFO     | trainer_1:_train_one_epoch:201 - validate 7 cost time 11.19s, result: {'hit@1': 0.0101, 'ndcg@1': 0.0101, 'hit@5': 0.0403, 'ndcg@5': 0.025, 'hit@10': 0.0705, 'ndcg@10': 0.0347, 'hit@15': 0.0973, 'ndcg@15': 0.0417, 'hit@20': 0.1208, 'ndcg@20': 0.0473, 'hit@40': 0.1915, 'ndcg@40': 0.0617} 
2024-10-11 22:59:45.827 | INFO     | trainer_1:_train_one_epoch:209 - test 7 cost time 9.88s, result: {'hit@1': 0.0062, 'ndcg@1': 0.0062, 'hit@5': 0.0238, 'ndcg@5': 0.0149, 'hit@10': 0.0447, 'ndcg@10': 0.0216, 'hit@15': 0.0628, 'ndcg@15': 0.0263, 'hit@20': 0.0798, 'ndcg@20': 0.0304, 'hit@40': 0.1372, 'ndcg@40': 0.042} 
2024-10-11 23:00:09.558 | INFO     | trainer_1:_train_one_epoch:193 - epoch 8 9.49s Train loss is [0.5053] 
2024-10-11 23:00:20.507 | INFO     | trainer_1:_train_one_epoch:201 - validate 8 cost time 10.95s, result: {'hit@1': 0.0097, 'ndcg@1': 0.0097, 'hit@5': 0.0396, 'ndcg@5': 0.0244, 'hit@10': 0.0677, 'ndcg@10': 0.0334, 'hit@15': 0.0923, 'ndcg@15': 0.0399, 'hit@20': 0.1165, 'ndcg@20': 0.0456, 'hit@40': 0.1931, 'ndcg@40': 0.0612} 
2024-10-11 23:00:30.543 | INFO     | trainer_1:_train_one_epoch:209 - test 8 cost time 10.04s, result: {'hit@1': 0.0063, 'ndcg@1': 0.0063, 'hit@5': 0.0256, 'ndcg@5': 0.0158, 'hit@10': 0.0464, 'ndcg@10': 0.0225, 'hit@15': 0.0629, 'ndcg@15': 0.0268, 'hit@20': 0.0808, 'ndcg@20': 0.031, 'hit@40': 0.1409, 'ndcg@40': 0.0432} 
2024-10-11 23:00:52.434 | INFO     | trainer_1:_train_one_epoch:193 - epoch 9 10.14s Train loss is [0.4978] 
2024-10-11 23:01:03.117 | INFO     | trainer_1:_train_one_epoch:201 - validate 9 cost time 10.68s, result: {'hit@1': 0.011, 'ndcg@1': 0.011, 'hit@5': 0.0441, 'ndcg@5': 0.0274, 'hit@10': 0.0743, 'ndcg@10': 0.0371, 'hit@15': 0.1019, 'ndcg@15': 0.0444, 'hit@20': 0.1254, 'ndcg@20': 0.05, 'hit@40': 0.2057, 'ndcg@40': 0.0663} 
2024-10-11 23:01:13.669 | INFO     | trainer_1:_train_one_epoch:209 - test 9 cost time 10.55s, result: {'hit@1': 0.0077, 'ndcg@1': 0.0077, 'hit@5': 0.0269, 'ndcg@5': 0.0172, 'hit@10': 0.0478, 'ndcg@10': 0.024, 'hit@15': 0.0664, 'ndcg@15': 0.0289, 'hit@20': 0.0838, 'ndcg@20': 0.033, 'hit@40': 0.146, 'ndcg@40': 0.0456} 
2024-10-11 23:01:36.742 | INFO     | trainer_1:_train_one_epoch:193 - epoch 10 10.20s Train loss is [0.4826] 
2024-10-11 23:01:46.688 | INFO     | trainer_1:_train_one_epoch:201 - validate 10 cost time 9.95s, result: {'hit@1': 0.0107, 'ndcg@1': 0.0107, 'hit@5': 0.045, 'ndcg@5': 0.0277, 'hit@10': 0.0737, 'ndcg@10': 0.0369, 'hit@15': 0.101, 'ndcg@15': 0.0441, 'hit@20': 0.1241, 'ndcg@20': 0.0496, 'hit@40': 0.2013, 'ndcg@40': 0.0653} 
2024-10-11 23:01:57.130 | INFO     | trainer_1:_train_one_epoch:209 - test 10 cost time 10.44s, result: {'hit@1': 0.0074, 'ndcg@1': 0.0074, 'hit@5': 0.0287, 'ndcg@5': 0.018, 'hit@10': 0.0506, 'ndcg@10': 0.025, 'hit@15': 0.0688, 'ndcg@15': 0.0299, 'hit@20': 0.086, 'ndcg@20': 0.0339, 'hit@40': 0.146, 'ndcg@40': 0.0461} 
2024-10-11 23:02:23.605 | INFO     | trainer_1:_train_one_epoch:193 - epoch 11 9.81s Train loss is [0.4727] 
2024-10-11 23:02:34.360 | INFO     | trainer_1:_train_one_epoch:201 - validate 11 cost time 10.75s, result: {'hit@1': 0.0118, 'ndcg@1': 0.0118, 'hit@5': 0.044, 'ndcg@5': 0.0277, 'hit@10': 0.0751, 'ndcg@10': 0.0377, 'hit@15': 0.1014, 'ndcg@15': 0.0446, 'hit@20': 0.1253, 'ndcg@20': 0.0503, 'hit@40': 0.2026, 'ndcg@40': 0.066} 
2024-10-11 23:02:45.080 | INFO     | trainer_1:_train_one_epoch:209 - test 11 cost time 10.72s, result: {'hit@1': 0.0074, 'ndcg@1': 0.0074, 'hit@5': 0.0281, 'ndcg@5': 0.0178, 'hit@10': 0.0499, 'ndcg@10': 0.0248, 'hit@15': 0.0682, 'ndcg@15': 0.0296, 'hit@20': 0.0868, 'ndcg@20': 0.034, 'hit@40': 0.1456, 'ndcg@40': 0.0459} 
2024-10-11 23:02:54.872 | INFO     | trainer_1:_train_one_epoch:193 - epoch 12 9.79s Train loss is [0.4529] 
2024-10-11 23:03:05.189 | INFO     | trainer_1:_train_one_epoch:201 - validate 12 cost time 10.32s, result: {'hit@1': 0.012, 'ndcg@1': 0.012, 'hit@5': 0.0424, 'ndcg@5': 0.027, 'hit@10': 0.0706, 'ndcg@10': 0.036, 'hit@15': 0.0979, 'ndcg@15': 0.0432, 'hit@20': 0.1217, 'ndcg@20': 0.0488, 'hit@40': 0.2002, 'ndcg@40': 0.0648} 
2024-10-11 23:03:15.427 | INFO     | trainer_1:_train_one_epoch:209 - test 12 cost time 10.24s, result: {'hit@1': 0.0064, 'ndcg@1': 0.0064, 'hit@5': 0.0263, 'ndcg@5': 0.0162, 'hit@10': 0.0466, 'ndcg@10': 0.0227, 'hit@15': 0.0651, 'ndcg@15': 0.0276, 'hit@20': 0.0807, 'ndcg@20': 0.0313, 'hit@40': 0.1401, 'ndcg@40': 0.0434} 
2024-10-11 23:03:25.767 | INFO     | trainer_1:_train_one_epoch:193 - epoch 13 10.34s Train loss is [0.4558] 
2024-10-11 23:03:36.444 | INFO     | trainer_1:_train_one_epoch:201 - validate 13 cost time 10.68s, result: {'hit@1': 0.0129, 'ndcg@1': 0.0129, 'hit@5': 0.0463, 'ndcg@5': 0.0295, 'hit@10': 0.0769, 'ndcg@10': 0.0393, 'hit@15': 0.1037, 'ndcg@15': 0.0464, 'hit@20': 0.128, 'ndcg@20': 0.0521, 'hit@40': 0.2018, 'ndcg@40': 0.0671} 
2024-10-11 23:03:46.873 | INFO     | trainer_1:_train_one_epoch:209 - test 13 cost time 10.43s, result: {'hit@1': 0.0075, 'ndcg@1': 0.0075, 'hit@5': 0.0292, 'ndcg@5': 0.0183, 'hit@10': 0.0506, 'ndcg@10': 0.0251, 'hit@15': 0.0698, 'ndcg@15': 0.0302, 'hit@20': 0.0861, 'ndcg@20': 0.0341, 'hit@40': 0.1426, 'ndcg@40': 0.0455} 
2024-10-11 23:03:58.295 | INFO     | trainer_1:_train_one_epoch:193 - epoch 14 11.42s Train loss is [0.4486] 
2024-10-11 23:04:08.913 | INFO     | trainer_1:_train_one_epoch:201 - validate 14 cost time 10.62s, result: {'hit@1': 0.0136, 'ndcg@1': 0.0136, 'hit@5': 0.0503, 'ndcg@5': 0.0318, 'hit@10': 0.0807, 'ndcg@10': 0.0416, 'hit@15': 0.1083, 'ndcg@15': 0.0489, 'hit@20': 0.1342, 'ndcg@20': 0.055, 'hit@40': 0.2116, 'ndcg@40': 0.0707} 
2024-10-11 23:04:18.675 | INFO     | trainer_1:_train_one_epoch:209 - test 14 cost time 9.76s, result: {'hit@1': 0.0093, 'ndcg@1': 0.0093, 'hit@5': 0.0316, 'ndcg@5': 0.0203, 'hit@10': 0.0537, 'ndcg@10': 0.0274, 'hit@15': 0.0738, 'ndcg@15': 0.0327, 'hit@20': 0.0915, 'ndcg@20': 0.0368, 'hit@40': 0.1491, 'ndcg@40': 0.0485} 
2024-10-11 23:04:39.969 | INFO     | trainer_1:_train_one_epoch:193 - epoch 15 9.06s Train loss is [0.4257] 
2024-10-11 23:04:49.975 | INFO     | trainer_1:_train_one_epoch:201 - validate 15 cost time 10.00s, result: {'hit@1': 0.0146, 'ndcg@1': 0.0146, 'hit@5': 0.0515, 'ndcg@5': 0.0331, 'hit@10': 0.086, 'ndcg@10': 0.0441, 'hit@15': 0.1148, 'ndcg@15': 0.0517, 'hit@20': 0.1404, 'ndcg@20': 0.0577, 'hit@40': 0.2212, 'ndcg@40': 0.0742} 
2024-10-11 23:05:00.319 | INFO     | trainer_1:_train_one_epoch:209 - test 15 cost time 10.34s, result: {'hit@1': 0.0088, 'ndcg@1': 0.0088, 'hit@5': 0.0334, 'ndcg@5': 0.0209, 'hit@10': 0.0577, 'ndcg@10': 0.0287, 'hit@15': 0.0769, 'ndcg@15': 0.0338, 'hit@20': 0.0943, 'ndcg@20': 0.0379, 'hit@40': 0.1568, 'ndcg@40': 0.0506} 
2024-10-11 23:05:23.658 | INFO     | trainer_1:_train_one_epoch:193 - epoch 16 9.88s Train loss is [0.4286] 
2024-10-11 23:05:33.931 | INFO     | trainer_1:_train_one_epoch:201 - validate 16 cost time 10.27s, result: {'hit@1': 0.0137, 'ndcg@1': 0.0137, 'hit@5': 0.0498, 'ndcg@5': 0.0318, 'hit@10': 0.0835, 'ndcg@10': 0.0426, 'hit@15': 0.1129, 'ndcg@15': 0.0503, 'hit@20': 0.1384, 'ndcg@20': 0.0563, 'hit@40': 0.2188, 'ndcg@40': 0.0727} 
2024-10-11 23:05:44.133 | INFO     | trainer_1:_train_one_epoch:209 - test 16 cost time 10.20s, result: {'hit@1': 0.0091, 'ndcg@1': 0.0091, 'hit@5': 0.0311, 'ndcg@5': 0.0201, 'hit@10': 0.0552, 'ndcg@10': 0.0278, 'hit@15': 0.0737, 'ndcg@15': 0.0327, 'hit@20': 0.0913, 'ndcg@20': 0.0368, 'hit@40': 0.152, 'ndcg@40': 0.0492} 
2024-10-11 23:05:53.840 | INFO     | trainer_1:_train_one_epoch:193 - epoch 17 9.71s Train loss is [0.4203] 
2024-10-11 23:06:04.308 | INFO     | trainer_1:_train_one_epoch:201 - validate 17 cost time 10.47s, result: {'hit@1': 0.0149, 'ndcg@1': 0.0149, 'hit@5': 0.0544, 'ndcg@5': 0.0346, 'hit@10': 0.0898, 'ndcg@10': 0.0459, 'hit@15': 0.1208, 'ndcg@15': 0.0541, 'hit@20': 0.1492, 'ndcg@20': 0.0608, 'hit@40': 0.2333, 'ndcg@40': 0.0779} 
2024-10-11 23:06:14.194 | INFO     | trainer_1:_train_one_epoch:209 - test 17 cost time 9.89s, result: {'hit@1': 0.0099, 'ndcg@1': 0.0099, 'hit@5': 0.0352, 'ndcg@5': 0.0224, 'hit@10': 0.0584, 'ndcg@10': 0.0298, 'hit@15': 0.0809, 'ndcg@15': 0.0357, 'hit@20': 0.1011, 'ndcg@20': 0.0405, 'hit@40': 0.1693, 'ndcg@40': 0.0544} 
2024-10-11 23:06:36.949 | INFO     | trainer_1:_train_one_epoch:193 - epoch 18 8.37s Train loss is [0.4111] 
2024-10-11 23:06:46.891 | INFO     | trainer_1:_train_one_epoch:201 - validate 18 cost time 9.94s, result: {'hit@1': 0.0144, 'ndcg@1': 0.0144, 'hit@5': 0.052, 'ndcg@5': 0.0331, 'hit@10': 0.0852, 'ndcg@10': 0.0437, 'hit@15': 0.1144, 'ndcg@15': 0.0515, 'hit@20': 0.1405, 'ndcg@20': 0.0576, 'hit@40': 0.2212, 'ndcg@40': 0.074} 
2024-10-11 23:06:57.138 | INFO     | trainer_1:_train_one_epoch:209 - test 18 cost time 10.25s, result: {'hit@1': 0.0094, 'ndcg@1': 0.0094, 'hit@5': 0.0336, 'ndcg@5': 0.0215, 'hit@10': 0.0577, 'ndcg@10': 0.0292, 'hit@15': 0.0776, 'ndcg@15': 0.0345, 'hit@20': 0.096, 'ndcg@20': 0.0388, 'hit@40': 0.1568, 'ndcg@40': 0.0512} 
2024-10-11 23:07:06.626 | INFO     | trainer_1:_train_one_epoch:193 - epoch 19 9.49s Train loss is [0.4091] 
2024-10-11 23:07:17.508 | INFO     | trainer_1:_train_one_epoch:201 - validate 19 cost time 10.88s, result: {'hit@1': 0.0146, 'ndcg@1': 0.0146, 'hit@5': 0.0524, 'ndcg@5': 0.0336, 'hit@10': 0.0868, 'ndcg@10': 0.0446, 'hit@15': 0.1148, 'ndcg@15': 0.052, 'hit@20': 0.1429, 'ndcg@20': 0.0586, 'hit@40': 0.2261, 'ndcg@40': 0.0756} 
2024-10-11 23:07:28.118 | INFO     | trainer_1:_train_one_epoch:209 - test 19 cost time 10.61s, result: {'hit@1': 0.0093, 'ndcg@1': 0.0093, 'hit@5': 0.0342, 'ndcg@5': 0.0216, 'hit@10': 0.0579, 'ndcg@10': 0.0292, 'hit@15': 0.08, 'ndcg@15': 0.035, 'hit@20': 0.0991, 'ndcg@20': 0.0395, 'hit@40': 0.161, 'ndcg@40': 0.0521} 
2024-10-11 23:07:38.748 | INFO     | trainer_1:_train_one_epoch:193 - epoch 20 10.63s Train loss is [0.3984] 
2024-10-11 23:07:48.688 | INFO     | trainer_1:_train_one_epoch:201 - validate 20 cost time 9.94s, result: {'hit@1': 0.0141, 'ndcg@1': 0.0141, 'hit@5': 0.0519, 'ndcg@5': 0.0329, 'hit@10': 0.0884, 'ndcg@10': 0.0446, 'hit@15': 0.1156, 'ndcg@15': 0.0518, 'hit@20': 0.1416, 'ndcg@20': 0.058, 'hit@40': 0.2244, 'ndcg@40': 0.0748} 
2024-10-11 23:07:58.877 | INFO     | trainer_1:_train_one_epoch:209 - test 20 cost time 10.19s, result: {'hit@1': 0.0093, 'ndcg@1': 0.0093, 'hit@5': 0.0338, 'ndcg@5': 0.0216, 'hit@10': 0.0582, 'ndcg@10': 0.0294, 'hit@15': 0.0799, 'ndcg@15': 0.0352, 'hit@20': 0.1005, 'ndcg@20': 0.04, 'hit@40': 0.1639, 'ndcg@40': 0.0529} 
2024-10-11 23:08:09.746 | INFO     | trainer_1:_train_one_epoch:193 - epoch 21 10.87s Train loss is [0.3920] 
2024-10-11 23:08:20.163 | INFO     | trainer_1:_train_one_epoch:201 - validate 21 cost time 10.42s, result: {'hit@1': 0.0146, 'ndcg@1': 0.0146, 'hit@5': 0.0546, 'ndcg@5': 0.0346, 'hit@10': 0.0917, 'ndcg@10': 0.0465, 'hit@15': 0.1206, 'ndcg@15': 0.0542, 'hit@20': 0.1454, 'ndcg@20': 0.06, 'hit@40': 0.2337, 'ndcg@40': 0.078} 
2024-10-11 23:08:29.942 | INFO     | trainer_1:_train_one_epoch:209 - test 21 cost time 9.78s, result: {'hit@1': 0.0096, 'ndcg@1': 0.0096, 'hit@5': 0.0358, 'ndcg@5': 0.0226, 'hit@10': 0.0597, 'ndcg@10': 0.0302, 'hit@15': 0.0797, 'ndcg@15': 0.0355, 'hit@20': 0.0991, 'ndcg@20': 0.0401, 'hit@40': 0.1626, 'ndcg@40': 0.053} 
2024-10-11 23:08:55.259 | INFO     | trainer_1:_train_one_epoch:193 - epoch 22 12.44s Train loss is [0.3837] 
2024-10-11 23:09:05.814 | INFO     | trainer_1:_train_one_epoch:201 - validate 22 cost time 10.55s, result: {'hit@1': 0.0157, 'ndcg@1': 0.0157, 'hit@5': 0.0543, 'ndcg@5': 0.035, 'hit@10': 0.0912, 'ndcg@10': 0.0468, 'hit@15': 0.1207, 'ndcg@15': 0.0546, 'hit@20': 0.1485, 'ndcg@20': 0.0611, 'hit@40': 0.2338, 'ndcg@40': 0.0785} 
2024-10-11 23:09:16.350 | INFO     | trainer_1:_train_one_epoch:209 - test 22 cost time 10.53s, result: {'hit@1': 0.0091, 'ndcg@1': 0.0091, 'hit@5': 0.0364, 'ndcg@5': 0.0226, 'hit@10': 0.0608, 'ndcg@10': 0.0303, 'hit@15': 0.0831, 'ndcg@15': 0.0362, 'hit@20': 0.1028, 'ndcg@20': 0.0409, 'hit@40': 0.1649, 'ndcg@40': 0.0535} 
2024-10-11 23:09:45.501 | INFO     | trainer_1:_train_one_epoch:193 - epoch 23 11.55s Train loss is [0.3865] 
2024-10-11 23:09:55.460 | INFO     | trainer_1:_train_one_epoch:201 - validate 23 cost time 9.96s, result: {'hit@1': 0.0154, 'ndcg@1': 0.0154, 'hit@5': 0.0545, 'ndcg@5': 0.0348, 'hit@10': 0.09, 'ndcg@10': 0.0462, 'hit@15': 0.1214, 'ndcg@15': 0.0545, 'hit@20': 0.1481, 'ndcg@20': 0.0608, 'hit@40': 0.2346, 'ndcg@40': 0.0784} 
2024-10-11 23:10:05.227 | INFO     | trainer_1:_train_one_epoch:209 - test 23 cost time 9.77s, result: {'hit@1': 0.0096, 'ndcg@1': 0.0096, 'hit@5': 0.035, 'ndcg@5': 0.0223, 'hit@10': 0.0603, 'ndcg@10': 0.0303, 'hit@15': 0.0817, 'ndcg@15': 0.036, 'hit@20': 0.1005, 'ndcg@20': 0.0405, 'hit@40': 0.1643, 'ndcg@40': 0.0534} 
2024-10-11 23:10:15.176 | INFO     | trainer_1:_train_one_epoch:193 - epoch 24 9.95s Train loss is [0.3916] 
2024-10-11 23:10:25.120 | INFO     | trainer_1:_train_one_epoch:201 - validate 24 cost time 9.94s, result: {'hit@1': 0.015, 'ndcg@1': 0.015, 'hit@5': 0.0546, 'ndcg@5': 0.0348, 'hit@10': 0.0887, 'ndcg@10': 0.0457, 'hit@15': 0.1209, 'ndcg@15': 0.0542, 'hit@20': 0.1458, 'ndcg@20': 0.0601, 'hit@40': 0.2303, 'ndcg@40': 0.0773} 
2024-10-11 23:10:34.887 | INFO     | trainer_1:_train_one_epoch:209 - test 24 cost time 9.77s, result: {'hit@1': 0.0088, 'ndcg@1': 0.0088, 'hit@5': 0.0367, 'ndcg@5': 0.0228, 'hit@10': 0.0616, 'ndcg@10': 0.0307, 'hit@15': 0.0821, 'ndcg@15': 0.0362, 'hit@20': 0.1009, 'ndcg@20': 0.0406, 'hit@40': 0.1636, 'ndcg@40': 0.0534} 
2024-10-11 23:10:57.231 | INFO     | trainer_1:_train_one_epoch:193 - epoch 25 10.49s Train loss is [0.3827] 
2024-10-11 23:11:07.597 | INFO     | trainer_1:_train_one_epoch:201 - validate 25 cost time 10.37s, result: {'hit@1': 0.0161, 'ndcg@1': 0.0161, 'hit@5': 0.0577, 'ndcg@5': 0.037, 'hit@10': 0.094, 'ndcg@10': 0.0486, 'hit@15': 0.1271, 'ndcg@15': 0.0574, 'hit@20': 0.1514, 'ndcg@20': 0.0631, 'hit@40': 0.2355, 'ndcg@40': 0.0802} 
2024-10-11 23:11:17.947 | INFO     | trainer_1:_train_one_epoch:209 - test 25 cost time 10.35s, result: {'hit@1': 0.0108, 'ndcg@1': 0.0108, 'hit@5': 0.0389, 'ndcg@5': 0.0248, 'hit@10': 0.064, 'ndcg@10': 0.0328, 'hit@15': 0.0845, 'ndcg@15': 0.0382, 'hit@20': 0.1044, 'ndcg@20': 0.0429, 'hit@40': 0.1676, 'ndcg@40': 0.0558} 
2024-10-11 23:11:39.960 | INFO     | trainer_1:_train_one_epoch:193 - epoch 26 9.56s Train loss is [0.3758] 
2024-10-11 23:11:49.913 | INFO     | trainer_1:_train_one_epoch:201 - validate 26 cost time 9.95s, result: {'hit@1': 0.0145, 'ndcg@1': 0.0145, 'hit@5': 0.0553, 'ndcg@5': 0.0349, 'hit@10': 0.0922, 'ndcg@10': 0.0468, 'hit@15': 0.1235, 'ndcg@15': 0.055, 'hit@20': 0.1502, 'ndcg@20': 0.0613, 'hit@40': 0.2373, 'ndcg@40': 0.0791} 
2024-10-11 23:11:59.796 | INFO     | trainer_1:_train_one_epoch:209 - test 26 cost time 9.88s, result: {'hit@1': 0.0093, 'ndcg@1': 0.0093, 'hit@5': 0.0368, 'ndcg@5': 0.0229, 'hit@10': 0.0615, 'ndcg@10': 0.0308, 'hit@15': 0.0833, 'ndcg@15': 0.0366, 'hit@20': 0.1021, 'ndcg@20': 0.041, 'hit@40': 0.1671, 'ndcg@40': 0.0542} 
2024-10-11 23:12:10.290 | INFO     | trainer_1:_train_one_epoch:193 - epoch 27 10.49s Train loss is [0.3756] 
2024-10-11 23:12:20.749 | INFO     | trainer_1:_train_one_epoch:201 - validate 27 cost time 10.46s, result: {'hit@1': 0.0145, 'ndcg@1': 0.0145, 'hit@5': 0.0542, 'ndcg@5': 0.0345, 'hit@10': 0.0895, 'ndcg@10': 0.0458, 'hit@15': 0.1189, 'ndcg@15': 0.0536, 'hit@20': 0.147, 'ndcg@20': 0.0602, 'hit@40': 0.229, 'ndcg@40': 0.0769} 
2024-10-11 23:12:30.871 | INFO     | trainer_1:_train_one_epoch:209 - test 27 cost time 10.12s, result: {'hit@1': 0.01, 'ndcg@1': 0.01, 'hit@5': 0.0366, 'ndcg@5': 0.0234, 'hit@10': 0.0606, 'ndcg@10': 0.0311, 'hit@15': 0.0833, 'ndcg@15': 0.037, 'hit@20': 0.1013, 'ndcg@20': 0.0413, 'hit@40': 0.1649, 'ndcg@40': 0.0542} 
2024-10-11 23:12:39.203 | INFO     | trainer_1:_train_one_epoch:193 - epoch 28 8.33s Train loss is [0.3785] 
2024-10-11 23:12:49.453 | INFO     | trainer_1:_train_one_epoch:201 - validate 28 cost time 10.25s, result: {'hit@1': 0.0153, 'ndcg@1': 0.0153, 'hit@5': 0.0534, 'ndcg@5': 0.0343, 'hit@10': 0.0888, 'ndcg@10': 0.0457, 'hit@15': 0.1197, 'ndcg@15': 0.0538, 'hit@20': 0.1479, 'ndcg@20': 0.0605, 'hit@40': 0.231, 'ndcg@40': 0.0774} 
2024-10-11 23:12:59.192 | INFO     | trainer_1:_train_one_epoch:209 - test 28 cost time 9.74s, result: {'hit@1': 0.0098, 'ndcg@1': 0.0098, 'hit@5': 0.0356, 'ndcg@5': 0.0227, 'hit@10': 0.0614, 'ndcg@10': 0.0309, 'hit@15': 0.0807, 'ndcg@15': 0.036, 'hit@20': 0.0988, 'ndcg@20': 0.0403, 'hit@40': 0.1642, 'ndcg@40': 0.0536} 
2024-10-11 23:13:08.347 | INFO     | trainer_1:_train_one_epoch:193 - epoch 29 9.15s Train loss is [0.3781] 
2024-10-11 23:13:18.883 | INFO     | trainer_1:_train_one_epoch:201 - validate 29 cost time 10.53s, result: {'hit@1': 0.0153, 'ndcg@1': 0.0153, 'hit@5': 0.0536, 'ndcg@5': 0.0343, 'hit@10': 0.0891, 'ndcg@10': 0.0457, 'hit@15': 0.1185, 'ndcg@15': 0.0535, 'hit@20': 0.1423, 'ndcg@20': 0.0591, 'hit@40': 0.2249, 'ndcg@40': 0.0759} 
2024-10-11 23:13:29.608 | INFO     | trainer_1:_train_one_epoch:209 - test 29 cost time 10.72s, result: {'hit@1': 0.0091, 'ndcg@1': 0.0091, 'hit@5': 0.037, 'ndcg@5': 0.023, 'hit@10': 0.0594, 'ndcg@10': 0.0302, 'hit@15': 0.0797, 'ndcg@15': 0.0355, 'hit@20': 0.0983, 'ndcg@20': 0.0399, 'hit@40': 0.163, 'ndcg@40': 0.0531} 
2024-10-11 23:13:39.991 | INFO     | trainer_1:_train_one_epoch:193 - epoch 30 10.38s Train loss is [0.3767] 
2024-10-11 23:13:50.765 | INFO     | trainer_1:_train_one_epoch:201 - validate 30 cost time 10.77s, result: {'hit@1': 0.0167, 'ndcg@1': 0.0167, 'hit@5': 0.0571, 'ndcg@5': 0.0367, 'hit@10': 0.0914, 'ndcg@10': 0.0477, 'hit@15': 0.1221, 'ndcg@15': 0.0558, 'hit@20': 0.1484, 'ndcg@20': 0.062, 'hit@40': 0.2325, 'ndcg@40': 0.0791} 
2024-10-11 23:14:00.963 | INFO     | trainer_1:_train_one_epoch:209 - test 30 cost time 10.20s, result: {'hit@1': 0.0107, 'ndcg@1': 0.0107, 'hit@5': 0.0372, 'ndcg@5': 0.0239, 'hit@10': 0.0608, 'ndcg@10': 0.0315, 'hit@15': 0.081, 'ndcg@15': 0.0368, 'hit@20': 0.1003, 'ndcg@20': 0.0413, 'hit@40': 0.1628, 'ndcg@40': 0.054} 
2024-10-11 23:14:00.977 | INFO     | trainer_1:train_model:163 - training end, best iteration 25, results: {'hit@1': 0.0161, 'ndcg@1': 0.0161, 'hit@5': 0.0577, 'ndcg@5': 0.037, 'hit@10': 0.094, 'ndcg@10': 0.0486, 'hit@15': 0.1271, 'ndcg@15': 0.0574, 'hit@20': 0.1514, 'ndcg@20': 0.0631, 'hit@40': 0.2355, 'ndcg@40': 0.0802}
2024-10-11 23:14:00.977 | INFO     | trainer_1:train_model:166 - final test result is:  {'hit@1': 0.0108, 'ndcg@1': 0.0108, 'hit@5': 0.0389, 'ndcg@5': 0.0248, 'hit@10': 0.064, 'ndcg@10': 0.0328, 'hit@15': 0.0845, 'ndcg@15': 0.0382, 'hit@20': 0.1044, 'ndcg@20': 0.0429, 'hit@40': 0.1676, 'ndcg@40': 0.0558}
2024-10-11 23:14:01.323 | INFO     | __main__:<module>:119 - train end total cost time: 2321.1988384723663
