2024-10-11 19:43:49.313 | INFO     | __main__:<module>:105 - Namespace(TIME='2024-10-11 19_43_08', batch_size=1024, behaviors=['view', 'cart', 'buy'], check_point='model_pre_1_2024-10-08 12_42_42.pth', data_name='beibei', data_path='./data/beibei', decay=0.001, device='cuda:1', dim_qk=32, dim_v=64, distill_layers=2, distill_thres=0.5, distill_topK=40, distill_userK=8, embedding_size=64, epochs=100, gpu_no=1, if_load_model=True, ii_lambda=200, initializer_range=0.02, layers=2, loss_type='bpr', lr=0.001, message_dropout=0.25, metrics=['hit', 'ndcg'], min_epoch=5, model_name='main_1', model_path='./check_point', node_dropout=0.75, omega=1, pt_loop=50, reg_weight=0.001, test_batch_size=1024, testbatch=1024, topk=[1, 5, 10, 15, 20, 40], uu_lambda=100)
2024-10-11 19:43:49.314 | INFO     | __main__:<module>:106 - BIPN(
  (message_dropout): Dropout(p=0.25, inplace=False)
  (user_embedding): Embedding(21717, 64, padding_idx=0)
  (item_embedding): Embedding(7978, 64, padding_idx=0)
  (global_Graph): LightGCN()
  (Graph_encoder): ModuleDict(
    (view): GraphEncoder(
      (light): LightGCN()
      (dropout): Dropout(p=0.75, inplace=False)
    )
    (cart): GraphEncoder(
      (light): LightGCN()
      (dropout): Dropout(p=0.75, inplace=False)
    )
    (buy): GraphEncoder(
      (light): LightGCN()
      (dropout): Dropout(p=0.75, inplace=False)
    )
  )
  (attention): Mutual_Attention()
  (bpr_loss): BPRLoss()
  (emb_loss): EmbLoss()
  (f): Sigmoid()
)
2024-10-11 20:15:44.387 | INFO     | trainer_1:_train_one_epoch:193 - epoch 1 8.67s Train loss is [0.9867] 
2024-10-11 20:15:53.160 | INFO     | trainer_1:_train_one_epoch:201 - validate 1 cost time 8.77s, result: {'hit@1': 0.0053, 'ndcg@1': 0.0053, 'hit@5': 0.0235, 'ndcg@5': 0.0142, 'hit@10': 0.041, 'ndcg@10': 0.0198, 'hit@15': 0.0581, 'ndcg@15': 0.0243, 'hit@20': 0.0737, 'ndcg@20': 0.028, 'hit@40': 0.1297, 'ndcg@40': 0.0394} 
2024-10-11 20:16:01.769 | INFO     | trainer_1:_train_one_epoch:209 - test 1 cost time 8.61s, result: {'hit@1': 0.0029, 'ndcg@1': 0.0029, 'hit@5': 0.0168, 'ndcg@5': 0.0097, 'hit@10': 0.0298, 'ndcg@10': 0.0139, 'hit@15': 0.0424, 'ndcg@15': 0.0172, 'hit@20': 0.0546, 'ndcg@20': 0.0201, 'hit@40': 0.0991, 'ndcg@40': 0.0291} 
2024-10-11 20:16:22.646 | INFO     | trainer_1:_train_one_epoch:193 - epoch 2 7.17s Train loss is [0.7676] 
2024-10-11 20:16:30.655 | INFO     | trainer_1:_train_one_epoch:201 - validate 2 cost time 8.01s, result: {'hit@1': 0.0079, 'ndcg@1': 0.0079, 'hit@5': 0.0324, 'ndcg@5': 0.02, 'hit@10': 0.0563, 'ndcg@10': 0.0277, 'hit@15': 0.0778, 'ndcg@15': 0.0333, 'hit@20': 0.095, 'ndcg@20': 0.0374, 'hit@40': 0.1564, 'ndcg@40': 0.0499} 
2024-10-11 20:16:35.731 | INFO     | trainer_1:_train_one_epoch:209 - test 2 cost time 5.08s, result: {'hit@1': 0.0042, 'ndcg@1': 0.0042, 'hit@5': 0.0199, 'ndcg@5': 0.0119, 'hit@10': 0.0356, 'ndcg@10': 0.0169, 'hit@15': 0.0515, 'ndcg@15': 0.0211, 'hit@20': 0.0655, 'ndcg@20': 0.0244, 'hit@40': 0.1114, 'ndcg@40': 0.0337} 
2024-10-11 20:16:57.257 | INFO     | trainer_1:_train_one_epoch:193 - epoch 3 8.27s Train loss is [0.6648] 
2024-10-11 20:17:05.642 | INFO     | trainer_1:_train_one_epoch:201 - validate 3 cost time 8.38s, result: {'hit@1': 0.0073, 'ndcg@1': 0.0073, 'hit@5': 0.0323, 'ndcg@5': 0.0197, 'hit@10': 0.0587, 'ndcg@10': 0.0282, 'hit@15': 0.0811, 'ndcg@15': 0.0341, 'hit@20': 0.101, 'ndcg@20': 0.0388, 'hit@40': 0.1659, 'ndcg@40': 0.052} 
2024-10-11 20:17:14.739 | INFO     | trainer_1:_train_one_epoch:209 - test 3 cost time 9.10s, result: {'hit@1': 0.0048, 'ndcg@1': 0.0048, 'hit@5': 0.0222, 'ndcg@5': 0.0134, 'hit@10': 0.0394, 'ndcg@10': 0.0189, 'hit@15': 0.0553, 'ndcg@15': 0.0231, 'hit@20': 0.0709, 'ndcg@20': 0.0268, 'hit@40': 0.1243, 'ndcg@40': 0.0376} 
2024-10-11 20:17:35.852 | INFO     | trainer_1:_train_one_epoch:193 - epoch 4 8.21s Train loss is [0.5908] 
2024-10-11 20:17:45.287 | INFO     | trainer_1:_train_one_epoch:201 - validate 4 cost time 9.43s, result: {'hit@1': 0.0091, 'ndcg@1': 0.0091, 'hit@5': 0.0362, 'ndcg@5': 0.0223, 'hit@10': 0.0631, 'ndcg@10': 0.0309, 'hit@15': 0.0893, 'ndcg@15': 0.0378, 'hit@20': 0.1114, 'ndcg@20': 0.0431, 'hit@40': 0.183, 'ndcg@40': 0.0576} 
2024-10-11 20:17:55.955 | INFO     | trainer_1:_train_one_epoch:209 - test 4 cost time 10.67s, result: {'hit@1': 0.0059, 'ndcg@1': 0.0059, 'hit@5': 0.0242, 'ndcg@5': 0.0148, 'hit@10': 0.0425, 'ndcg@10': 0.0207, 'hit@15': 0.0598, 'ndcg@15': 0.0252, 'hit@20': 0.0777, 'ndcg@20': 0.0295, 'hit@40': 0.1342, 'ndcg@40': 0.041} 
2024-10-11 20:18:20.754 | INFO     | trainer_1:_train_one_epoch:193 - epoch 5 10.58s Train loss is [0.5676] 
2024-10-11 20:18:28.666 | INFO     | trainer_1:_train_one_epoch:201 - validate 5 cost time 7.91s, result: {'hit@1': 0.0101, 'ndcg@1': 0.0101, 'hit@5': 0.0347, 'ndcg@5': 0.0221, 'hit@10': 0.0599, 'ndcg@10': 0.0302, 'hit@15': 0.0854, 'ndcg@15': 0.037, 'hit@20': 0.1055, 'ndcg@20': 0.0417, 'hit@40': 0.1789, 'ndcg@40': 0.0566} 
2024-10-11 20:18:37.785 | INFO     | trainer_1:_train_one_epoch:209 - test 5 cost time 9.12s, result: {'hit@1': 0.0055, 'ndcg@1': 0.0055, 'hit@5': 0.022, 'ndcg@5': 0.0136, 'hit@10': 0.0393, 'ndcg@10': 0.0191, 'hit@15': 0.0549, 'ndcg@15': 0.0232, 'hit@20': 0.0696, 'ndcg@20': 0.0267, 'hit@40': 0.1247, 'ndcg@40': 0.0378} 
2024-10-11 20:18:45.623 | INFO     | trainer_1:_train_one_epoch:193 - epoch 6 7.84s Train loss is [0.5501] 
2024-10-11 20:18:53.049 | INFO     | trainer_1:_train_one_epoch:201 - validate 6 cost time 7.42s, result: {'hit@1': 0.0098, 'ndcg@1': 0.0098, 'hit@5': 0.0378, 'ndcg@5': 0.0238, 'hit@10': 0.0639, 'ndcg@10': 0.0323, 'hit@15': 0.0885, 'ndcg@15': 0.0387, 'hit@20': 0.1102, 'ndcg@20': 0.0439, 'hit@40': 0.1801, 'ndcg@40': 0.0581} 
2024-10-11 20:18:59.924 | INFO     | trainer_1:_train_one_epoch:209 - test 6 cost time 6.88s, result: {'hit@1': 0.0058, 'ndcg@1': 0.0058, 'hit@5': 0.0234, 'ndcg@5': 0.0145, 'hit@10': 0.0422, 'ndcg@10': 0.0206, 'hit@15': 0.057, 'ndcg@15': 0.0245, 'hit@20': 0.0739, 'ndcg@20': 0.0285, 'hit@40': 0.1262, 'ndcg@40': 0.0391} 
2024-10-11 20:19:09.358 | INFO     | trainer_1:_train_one_epoch:193 - epoch 7 9.43s Train loss is [0.5243] 
2024-10-11 20:19:18.467 | INFO     | trainer_1:_train_one_epoch:201 - validate 7 cost time 9.11s, result: {'hit@1': 0.0097, 'ndcg@1': 0.0097, 'hit@5': 0.0405, 'ndcg@5': 0.0249, 'hit@10': 0.0703, 'ndcg@10': 0.0345, 'hit@15': 0.0965, 'ndcg@15': 0.0414, 'hit@20': 0.1196, 'ndcg@20': 0.0469, 'hit@40': 0.1916, 'ndcg@40': 0.0615} 
2024-10-11 20:19:27.830 | INFO     | trainer_1:_train_one_epoch:209 - test 7 cost time 9.36s, result: {'hit@1': 0.0062, 'ndcg@1': 0.0062, 'hit@5': 0.0242, 'ndcg@5': 0.015, 'hit@10': 0.0447, 'ndcg@10': 0.0215, 'hit@15': 0.0632, 'ndcg@15': 0.0264, 'hit@20': 0.0797, 'ndcg@20': 0.0303, 'hit@40': 0.1369, 'ndcg@40': 0.0419} 
2024-10-11 20:19:48.399 | INFO     | trainer_1:_train_one_epoch:193 - epoch 8 8.10s Train loss is [0.5069] 
2024-10-11 20:19:55.484 | INFO     | trainer_1:_train_one_epoch:201 - validate 8 cost time 7.08s, result: {'hit@1': 0.0095, 'ndcg@1': 0.0095, 'hit@5': 0.0392, 'ndcg@5': 0.0242, 'hit@10': 0.0678, 'ndcg@10': 0.0334, 'hit@15': 0.0922, 'ndcg@15': 0.0398, 'hit@20': 0.1156, 'ndcg@20': 0.0453, 'hit@40': 0.1937, 'ndcg@40': 0.0612} 
2024-10-11 20:20:03.520 | INFO     | trainer_1:_train_one_epoch:209 - test 8 cost time 8.03s, result: {'hit@1': 0.0063, 'ndcg@1': 0.0063, 'hit@5': 0.0262, 'ndcg@5': 0.0159, 'hit@10': 0.0462, 'ndcg@10': 0.0224, 'hit@15': 0.0632, 'ndcg@15': 0.0269, 'hit@20': 0.0804, 'ndcg@20': 0.0309, 'hit@40': 0.1406, 'ndcg@40': 0.0431} 
2024-10-11 20:20:27.085 | INFO     | trainer_1:_train_one_epoch:193 - epoch 9 8.96s Train loss is [0.4994] 
2024-10-11 20:20:33.762 | INFO     | trainer_1:_train_one_epoch:201 - validate 9 cost time 6.68s, result: {'hit@1': 0.0109, 'ndcg@1': 0.0109, 'hit@5': 0.0435, 'ndcg@5': 0.0272, 'hit@10': 0.0748, 'ndcg@10': 0.0372, 'hit@15': 0.1026, 'ndcg@15': 0.0445, 'hit@20': 0.1257, 'ndcg@20': 0.05, 'hit@40': 0.2053, 'ndcg@40': 0.0662} 
2024-10-11 20:20:42.025 | INFO     | trainer_1:_train_one_epoch:209 - test 9 cost time 8.26s, result: {'hit@1': 0.0076, 'ndcg@1': 0.0076, 'hit@5': 0.0274, 'ndcg@5': 0.0173, 'hit@10': 0.0475, 'ndcg@10': 0.0238, 'hit@15': 0.0666, 'ndcg@15': 0.0288, 'hit@20': 0.0845, 'ndcg@20': 0.033, 'hit@40': 0.1468, 'ndcg@40': 0.0457} 
2024-10-11 20:21:04.602 | INFO     | trainer_1:_train_one_epoch:193 - epoch 10 8.72s Train loss is [0.4839] 
2024-10-11 20:21:11.175 | INFO     | trainer_1:_train_one_epoch:201 - validate 10 cost time 6.57s, result: {'hit@1': 0.0105, 'ndcg@1': 0.0105, 'hit@5': 0.0443, 'ndcg@5': 0.0273, 'hit@10': 0.0734, 'ndcg@10': 0.0366, 'hit@15': 0.1002, 'ndcg@15': 0.0437, 'hit@20': 0.1237, 'ndcg@20': 0.0492, 'hit@40': 0.2007, 'ndcg@40': 0.0649} 
2024-10-11 20:21:18.387 | INFO     | trainer_1:_train_one_epoch:209 - test 10 cost time 7.21s, result: {'hit@1': 0.0074, 'ndcg@1': 0.0074, 'hit@5': 0.0289, 'ndcg@5': 0.018, 'hit@10': 0.0507, 'ndcg@10': 0.025, 'hit@15': 0.0685, 'ndcg@15': 0.0297, 'hit@20': 0.0856, 'ndcg@20': 0.0337, 'hit@40': 0.1455, 'ndcg@40': 0.0459} 
2024-10-11 20:21:42.936 | INFO     | trainer_1:_train_one_epoch:193 - epoch 11 9.87s Train loss is [0.4738] 
2024-10-11 20:21:52.895 | INFO     | trainer_1:_train_one_epoch:201 - validate 11 cost time 9.96s, result: {'hit@1': 0.0115, 'ndcg@1': 0.0115, 'hit@5': 0.0436, 'ndcg@5': 0.0274, 'hit@10': 0.0748, 'ndcg@10': 0.0375, 'hit@15': 0.1013, 'ndcg@15': 0.0445, 'hit@20': 0.1251, 'ndcg@20': 0.0501, 'hit@40': 0.2028, 'ndcg@40': 0.0659} 
2024-10-11 20:22:00.197 | INFO     | trainer_1:_train_one_epoch:209 - test 11 cost time 7.30s, result: {'hit@1': 0.0074, 'ndcg@1': 0.0074, 'hit@5': 0.0284, 'ndcg@5': 0.0179, 'hit@10': 0.0494, 'ndcg@10': 0.0246, 'hit@15': 0.0681, 'ndcg@15': 0.0296, 'hit@20': 0.0867, 'ndcg@20': 0.034, 'hit@40': 0.1451, 'ndcg@40': 0.0458} 
2024-10-11 20:22:08.923 | INFO     | trainer_1:_train_one_epoch:193 - epoch 12 8.72s Train loss is [0.4541] 
2024-10-11 20:22:18.215 | INFO     | trainer_1:_train_one_epoch:201 - validate 12 cost time 9.29s, result: {'hit@1': 0.0122, 'ndcg@1': 0.0122, 'hit@5': 0.0422, 'ndcg@5': 0.0269, 'hit@10': 0.0708, 'ndcg@10': 0.036, 'hit@15': 0.0978, 'ndcg@15': 0.0432, 'hit@20': 0.1214, 'ndcg@20': 0.0488, 'hit@40': 0.1994, 'ndcg@40': 0.0647} 
2024-10-11 20:22:28.243 | INFO     | trainer_1:_train_one_epoch:209 - test 12 cost time 10.03s, result: {'hit@1': 0.006, 'ndcg@1': 0.006, 'hit@5': 0.0264, 'ndcg@5': 0.0161, 'hit@10': 0.0467, 'ndcg@10': 0.0226, 'hit@15': 0.0647, 'ndcg@15': 0.0273, 'hit@20': 0.0808, 'ndcg@20': 0.0311, 'hit@40': 0.1393, 'ndcg@40': 0.043} 
2024-10-11 20:22:34.726 | INFO     | trainer_1:_train_one_epoch:193 - epoch 13 6.48s Train loss is [0.4570] 
2024-10-11 20:22:40.679 | INFO     | trainer_1:_train_one_epoch:201 - validate 13 cost time 5.95s, result: {'hit@1': 0.0131, 'ndcg@1': 0.0131, 'hit@5': 0.0463, 'ndcg@5': 0.0295, 'hit@10': 0.0779, 'ndcg@10': 0.0396, 'hit@15': 0.104, 'ndcg@15': 0.0465, 'hit@20': 0.1277, 'ndcg@20': 0.0521, 'hit@40': 0.2015, 'ndcg@40': 0.0671} 
2024-10-11 20:22:47.236 | INFO     | trainer_1:_train_one_epoch:209 - test 13 cost time 6.56s, result: {'hit@1': 0.0074, 'ndcg@1': 0.0074, 'hit@5': 0.0295, 'ndcg@5': 0.0184, 'hit@10': 0.0515, 'ndcg@10': 0.0254, 'hit@15': 0.0701, 'ndcg@15': 0.0303, 'hit@20': 0.0865, 'ndcg@20': 0.0342, 'hit@40': 0.1422, 'ndcg@40': 0.0455} 
2024-10-11 20:23:07.841 | INFO     | trainer_1:_train_one_epoch:193 - epoch 14 7.25s Train loss is [0.4494] 
2024-10-11 20:23:17.242 | INFO     | trainer_1:_train_one_epoch:201 - validate 14 cost time 9.40s, result: {'hit@1': 0.0137, 'ndcg@1': 0.0137, 'hit@5': 0.0505, 'ndcg@5': 0.032, 'hit@10': 0.0817, 'ndcg@10': 0.042, 'hit@15': 0.1091, 'ndcg@15': 0.0493, 'hit@20': 0.135, 'ndcg@20': 0.0554, 'hit@40': 0.2118, 'ndcg@40': 0.071} 
2024-10-11 20:23:26.794 | INFO     | trainer_1:_train_one_epoch:209 - test 14 cost time 9.55s, result: {'hit@1': 0.0091, 'ndcg@1': 0.0091, 'hit@5': 0.0315, 'ndcg@5': 0.0202, 'hit@10': 0.0539, 'ndcg@10': 0.0274, 'hit@15': 0.0746, 'ndcg@15': 0.0328, 'hit@20': 0.092, 'ndcg@20': 0.0369, 'hit@40': 0.1501, 'ndcg@40': 0.0487} 
2024-10-11 20:23:52.086 | INFO     | trainer_1:_train_one_epoch:193 - epoch 15 9.07s Train loss is [0.4259] 
2024-10-11 20:24:00.904 | INFO     | trainer_1:_train_one_epoch:201 - validate 15 cost time 8.82s, result: {'hit@1': 0.0146, 'ndcg@1': 0.0146, 'hit@5': 0.0521, 'ndcg@5': 0.0332, 'hit@10': 0.086, 'ndcg@10': 0.044, 'hit@15': 0.1153, 'ndcg@15': 0.0518, 'hit@20': 0.1401, 'ndcg@20': 0.0576, 'hit@40': 0.2209, 'ndcg@40': 0.074} 
2024-10-11 20:24:10.806 | INFO     | trainer_1:_train_one_epoch:209 - test 15 cost time 9.90s, result: {'hit@1': 0.0088, 'ndcg@1': 0.0088, 'hit@5': 0.0335, 'ndcg@5': 0.021, 'hit@10': 0.0579, 'ndcg@10': 0.0288, 'hit@15': 0.0776, 'ndcg@15': 0.034, 'hit@20': 0.0935, 'ndcg@20': 0.0378, 'hit@40': 0.1559, 'ndcg@40': 0.0505} 
2024-10-11 20:24:30.440 | INFO     | trainer_1:_train_one_epoch:193 - epoch 16 7.06s Train loss is [0.4296] 
2024-10-11 20:24:36.864 | INFO     | trainer_1:_train_one_epoch:201 - validate 16 cost time 6.42s, result: {'hit@1': 0.0137, 'ndcg@1': 0.0137, 'hit@5': 0.0502, 'ndcg@5': 0.0319, 'hit@10': 0.0833, 'ndcg@10': 0.0425, 'hit@15': 0.1131, 'ndcg@15': 0.0504, 'hit@20': 0.1383, 'ndcg@20': 0.0563, 'hit@40': 0.2195, 'ndcg@40': 0.0729} 
2024-10-11 20:24:44.691 | INFO     | trainer_1:_train_one_epoch:209 - test 16 cost time 7.83s, result: {'hit@1': 0.0095, 'ndcg@1': 0.0095, 'hit@5': 0.031, 'ndcg@5': 0.0201, 'hit@10': 0.0548, 'ndcg@10': 0.0277, 'hit@15': 0.0745, 'ndcg@15': 0.0329, 'hit@20': 0.0915, 'ndcg@20': 0.0369, 'hit@40': 0.1528, 'ndcg@40': 0.0494} 
2024-10-11 20:24:54.155 | INFO     | trainer_1:_train_one_epoch:193 - epoch 17 9.46s Train loss is [0.4208] 
2024-10-11 20:25:04.077 | INFO     | trainer_1:_train_one_epoch:201 - validate 17 cost time 9.92s, result: {'hit@1': 0.015, 'ndcg@1': 0.015, 'hit@5': 0.0544, 'ndcg@5': 0.0345, 'hit@10': 0.0902, 'ndcg@10': 0.046, 'hit@15': 0.1209, 'ndcg@15': 0.0541, 'hit@20': 0.1484, 'ndcg@20': 0.0606, 'hit@40': 0.2337, 'ndcg@40': 0.078} 
2024-10-11 20:25:11.070 | INFO     | trainer_1:_train_one_epoch:209 - test 17 cost time 6.99s, result: {'hit@1': 0.0106, 'ndcg@1': 0.0106, 'hit@5': 0.035, 'ndcg@5': 0.0226, 'hit@10': 0.0589, 'ndcg@10': 0.0303, 'hit@15': 0.0813, 'ndcg@15': 0.0362, 'hit@20': 0.1018, 'ndcg@20': 0.041, 'hit@40': 0.1694, 'ndcg@40': 0.0547} 
2024-10-11 20:25:36.213 | INFO     | trainer_1:_train_one_epoch:193 - epoch 18 11.02s Train loss is [0.4114] 
2024-10-11 20:25:44.639 | INFO     | trainer_1:_train_one_epoch:201 - validate 18 cost time 8.43s, result: {'hit@1': 0.0142, 'ndcg@1': 0.0142, 'hit@5': 0.0523, 'ndcg@5': 0.0331, 'hit@10': 0.0855, 'ndcg@10': 0.0438, 'hit@15': 0.1144, 'ndcg@15': 0.0514, 'hit@20': 0.1393, 'ndcg@20': 0.0573, 'hit@40': 0.2199, 'ndcg@40': 0.0737} 
2024-10-11 20:25:50.390 | INFO     | trainer_1:_train_one_epoch:209 - test 18 cost time 5.75s, result: {'hit@1': 0.0097, 'ndcg@1': 0.0097, 'hit@5': 0.0343, 'ndcg@5': 0.0219, 'hit@10': 0.057, 'ndcg@10': 0.0292, 'hit@15': 0.0784, 'ndcg@15': 0.0348, 'hit@20': 0.0955, 'ndcg@20': 0.0388, 'hit@40': 0.1562, 'ndcg@40': 0.0512} 
2024-10-11 20:25:58.569 | INFO     | trainer_1:_train_one_epoch:193 - epoch 19 8.18s Train loss is [0.4097] 
2024-10-11 20:26:06.353 | INFO     | trainer_1:_train_one_epoch:201 - validate 19 cost time 7.78s, result: {'hit@1': 0.0147, 'ndcg@1': 0.0147, 'hit@5': 0.0525, 'ndcg@5': 0.0337, 'hit@10': 0.0863, 'ndcg@10': 0.0445, 'hit@15': 0.1154, 'ndcg@15': 0.0522, 'hit@20': 0.1429, 'ndcg@20': 0.0586, 'hit@40': 0.2258, 'ndcg@40': 0.0756} 
2024-10-11 20:26:14.860 | INFO     | trainer_1:_train_one_epoch:209 - test 19 cost time 8.51s, result: {'hit@1': 0.0095, 'ndcg@1': 0.0095, 'hit@5': 0.0342, 'ndcg@5': 0.0218, 'hit@10': 0.0577, 'ndcg@10': 0.0293, 'hit@15': 0.08, 'ndcg@15': 0.0352, 'hit@20': 0.0993, 'ndcg@20': 0.0398, 'hit@40': 0.1619, 'ndcg@40': 0.0525} 
2024-10-11 20:26:22.692 | INFO     | trainer_1:_train_one_epoch:193 - epoch 20 7.83s Train loss is [0.3983] 
2024-10-11 20:26:32.561 | INFO     | trainer_1:_train_one_epoch:201 - validate 20 cost time 9.87s, result: {'hit@1': 0.0141, 'ndcg@1': 0.0141, 'hit@5': 0.0516, 'ndcg@5': 0.0328, 'hit@10': 0.0875, 'ndcg@10': 0.0443, 'hit@15': 0.1163, 'ndcg@15': 0.0519, 'hit@20': 0.1413, 'ndcg@20': 0.0578, 'hit@40': 0.2242, 'ndcg@40': 0.0747} 
2024-10-11 20:26:40.342 | INFO     | trainer_1:_train_one_epoch:209 - test 20 cost time 7.78s, result: {'hit@1': 0.0092, 'ndcg@1': 0.0092, 'hit@5': 0.0343, 'ndcg@5': 0.0218, 'hit@10': 0.0581, 'ndcg@10': 0.0294, 'hit@15': 0.0803, 'ndcg@15': 0.0352, 'hit@20': 0.1, 'ndcg@20': 0.0399, 'hit@40': 0.1629, 'ndcg@40': 0.0527} 
2024-10-11 20:26:49.889 | INFO     | trainer_1:_train_one_epoch:193 - epoch 21 9.55s Train loss is [0.3920] 
2024-10-11 20:26:59.864 | INFO     | trainer_1:_train_one_epoch:201 - validate 21 cost time 9.98s, result: {'hit@1': 0.0146, 'ndcg@1': 0.0146, 'hit@5': 0.0552, 'ndcg@5': 0.0349, 'hit@10': 0.091, 'ndcg@10': 0.0463, 'hit@15': 0.119, 'ndcg@15': 0.0538, 'hit@20': 0.1448, 'ndcg@20': 0.0599, 'hit@40': 0.2327, 'ndcg@40': 0.0778} 
2024-10-11 20:27:09.006 | INFO     | trainer_1:_train_one_epoch:209 - test 21 cost time 9.14s, result: {'hit@1': 0.0093, 'ndcg@1': 0.0093, 'hit@5': 0.0359, 'ndcg@5': 0.0225, 'hit@10': 0.0594, 'ndcg@10': 0.0301, 'hit@15': 0.0789, 'ndcg@15': 0.0352, 'hit@20': 0.0989, 'ndcg@20': 0.0399, 'hit@40': 0.1627, 'ndcg@40': 0.0529} 
2024-10-11 20:27:31.560 | INFO     | trainer_1:_train_one_epoch:193 - epoch 22 8.64s Train loss is [0.3839] 
2024-10-11 20:27:41.386 | INFO     | trainer_1:_train_one_epoch:201 - validate 22 cost time 9.83s, result: {'hit@1': 0.0156, 'ndcg@1': 0.0156, 'hit@5': 0.0537, 'ndcg@5': 0.0348, 'hit@10': 0.0896, 'ndcg@10': 0.0462, 'hit@15': 0.121, 'ndcg@15': 0.0545, 'hit@20': 0.1469, 'ndcg@20': 0.0606, 'hit@40': 0.233, 'ndcg@40': 0.0782} 
2024-10-11 20:27:51.711 | INFO     | trainer_1:_train_one_epoch:209 - test 22 cost time 10.32s, result: {'hit@1': 0.0093, 'ndcg@1': 0.0093, 'hit@5': 0.0364, 'ndcg@5': 0.0226, 'hit@10': 0.0606, 'ndcg@10': 0.0304, 'hit@15': 0.0832, 'ndcg@15': 0.0363, 'hit@20': 0.1027, 'ndcg@20': 0.0409, 'hit@40': 0.1651, 'ndcg@40': 0.0536} 
2024-10-11 20:28:12.743 | INFO     | trainer_1:_train_one_epoch:193 - epoch 23 8.71s Train loss is [0.3869] 
2024-10-11 20:28:20.692 | INFO     | trainer_1:_train_one_epoch:201 - validate 23 cost time 7.95s, result: {'hit@1': 0.0157, 'ndcg@1': 0.0157, 'hit@5': 0.0538, 'ndcg@5': 0.0346, 'hit@10': 0.0893, 'ndcg@10': 0.046, 'hit@15': 0.1214, 'ndcg@15': 0.0545, 'hit@20': 0.1469, 'ndcg@20': 0.0605, 'hit@40': 0.2336, 'ndcg@40': 0.0782} 
2024-10-11 20:28:28.478 | INFO     | trainer_1:_train_one_epoch:209 - test 23 cost time 7.78s, result: {'hit@1': 0.0097, 'ndcg@1': 0.0097, 'hit@5': 0.0354, 'ndcg@5': 0.0226, 'hit@10': 0.0596, 'ndcg@10': 0.0303, 'hit@15': 0.0816, 'ndcg@15': 0.0361, 'hit@20': 0.1003, 'ndcg@20': 0.0405, 'hit@40': 0.1637, 'ndcg@40': 0.0534} 
2024-10-11 20:28:37.651 | INFO     | trainer_1:_train_one_epoch:193 - epoch 24 9.17s Train loss is [0.3911] 
2024-10-11 20:28:46.358 | INFO     | trainer_1:_train_one_epoch:201 - validate 24 cost time 8.71s, result: {'hit@1': 0.0149, 'ndcg@1': 0.0149, 'hit@5': 0.0535, 'ndcg@5': 0.0342, 'hit@10': 0.0886, 'ndcg@10': 0.0454, 'hit@15': 0.1188, 'ndcg@15': 0.0534, 'hit@20': 0.145, 'ndcg@20': 0.0596, 'hit@40': 0.2285, 'ndcg@40': 0.0766} 
2024-10-11 20:28:57.354 | INFO     | trainer_1:_train_one_epoch:209 - test 24 cost time 11.00s, result: {'hit@1': 0.0088, 'ndcg@1': 0.0088, 'hit@5': 0.0367, 'ndcg@5': 0.0227, 'hit@10': 0.0607, 'ndcg@10': 0.0304, 'hit@15': 0.0816, 'ndcg@15': 0.0359, 'hit@20': 0.1012, 'ndcg@20': 0.0406, 'hit@40': 0.162, 'ndcg@40': 0.0529} 
2024-10-11 20:29:20.027 | INFO     | trainer_1:_train_one_epoch:193 - epoch 25 9.09s Train loss is [0.3833] 
2024-10-11 20:29:27.978 | INFO     | trainer_1:_train_one_epoch:201 - validate 25 cost time 7.95s, result: {'hit@1': 0.0155, 'ndcg@1': 0.0155, 'hit@5': 0.0571, 'ndcg@5': 0.0364, 'hit@10': 0.0936, 'ndcg@10': 0.0481, 'hit@15': 0.1259, 'ndcg@15': 0.0567, 'hit@20': 0.1504, 'ndcg@20': 0.0624, 'hit@40': 0.2347, 'ndcg@40': 0.0796} 
2024-10-11 20:29:36.704 | INFO     | trainer_1:_train_one_epoch:209 - test 25 cost time 8.72s, result: {'hit@1': 0.0102, 'ndcg@1': 0.0102, 'hit@5': 0.0384, 'ndcg@5': 0.0244, 'hit@10': 0.0633, 'ndcg@10': 0.0324, 'hit@15': 0.0844, 'ndcg@15': 0.038, 'hit@20': 0.1044, 'ndcg@20': 0.0427, 'hit@40': 0.1671, 'ndcg@40': 0.0554} 
2024-10-11 20:30:00.482 | INFO     | trainer_1:_train_one_epoch:193 - epoch 26 7.20s Train loss is [0.3763] 
2024-10-11 20:30:08.248 | INFO     | trainer_1:_train_one_epoch:201 - validate 26 cost time 7.77s, result: {'hit@1': 0.0149, 'ndcg@1': 0.0149, 'hit@5': 0.0547, 'ndcg@5': 0.0349, 'hit@10': 0.0918, 'ndcg@10': 0.0467, 'hit@15': 0.123, 'ndcg@15': 0.055, 'hit@20': 0.15, 'ndcg@20': 0.0613, 'hit@40': 0.2362, 'ndcg@40': 0.0789} 
2024-10-11 20:30:17.717 | INFO     | trainer_1:_train_one_epoch:209 - test 26 cost time 9.47s, result: {'hit@1': 0.0092, 'ndcg@1': 0.0092, 'hit@5': 0.0361, 'ndcg@5': 0.0224, 'hit@10': 0.0608, 'ndcg@10': 0.0304, 'hit@15': 0.0818, 'ndcg@15': 0.0359, 'hit@20': 0.1016, 'ndcg@20': 0.0406, 'hit@40': 0.1667, 'ndcg@40': 0.0538} 
2024-10-11 20:30:28.585 | INFO     | trainer_1:_train_one_epoch:193 - epoch 27 10.87s Train loss is [0.3761] 
2024-10-11 20:30:38.074 | INFO     | trainer_1:_train_one_epoch:201 - validate 27 cost time 9.49s, result: {'hit@1': 0.0144, 'ndcg@1': 0.0144, 'hit@5': 0.0538, 'ndcg@5': 0.0343, 'hit@10': 0.0898, 'ndcg@10': 0.0458, 'hit@15': 0.1178, 'ndcg@15': 0.0532, 'hit@20': 0.146, 'ndcg@20': 0.0599, 'hit@40': 0.2272, 'ndcg@40': 0.0764} 
2024-10-11 20:30:46.388 | INFO     | trainer_1:_train_one_epoch:209 - test 27 cost time 8.31s, result: {'hit@1': 0.0098, 'ndcg@1': 0.0098, 'hit@5': 0.0363, 'ndcg@5': 0.0231, 'hit@10': 0.0602, 'ndcg@10': 0.0307, 'hit@15': 0.082, 'ndcg@15': 0.0365, 'hit@20': 0.102, 'ndcg@20': 0.0412, 'hit@40': 0.1649, 'ndcg@40': 0.054} 
2024-10-11 20:30:56.938 | INFO     | trainer_1:_train_one_epoch:193 - epoch 28 10.55s Train loss is [0.3790] 
2024-10-11 20:31:07.058 | INFO     | trainer_1:_train_one_epoch:201 - validate 28 cost time 10.12s, result: {'hit@1': 0.0152, 'ndcg@1': 0.0152, 'hit@5': 0.0534, 'ndcg@5': 0.0343, 'hit@10': 0.0893, 'ndcg@10': 0.0458, 'hit@15': 0.12, 'ndcg@15': 0.0539, 'hit@20': 0.1479, 'ndcg@20': 0.0605, 'hit@40': 0.2306, 'ndcg@40': 0.0773} 
2024-10-11 20:31:16.453 | INFO     | trainer_1:_train_one_epoch:209 - test 28 cost time 9.39s, result: {'hit@1': 0.0096, 'ndcg@1': 0.0096, 'hit@5': 0.0353, 'ndcg@5': 0.0224, 'hit@10': 0.0606, 'ndcg@10': 0.0306, 'hit@15': 0.0806, 'ndcg@15': 0.0358, 'hit@20': 0.0993, 'ndcg@20': 0.0402, 'hit@40': 0.1655, 'ndcg@40': 0.0537} 
2024-10-11 20:31:23.979 | INFO     | trainer_1:_train_one_epoch:193 - epoch 29 7.53s Train loss is [0.3798] 
2024-10-11 20:31:31.674 | INFO     | trainer_1:_train_one_epoch:201 - validate 29 cost time 7.69s, result: {'hit@1': 0.0152, 'ndcg@1': 0.0152, 'hit@5': 0.0541, 'ndcg@5': 0.0344, 'hit@10': 0.089, 'ndcg@10': 0.0456, 'hit@15': 0.1189, 'ndcg@15': 0.0535, 'hit@20': 0.1426, 'ndcg@20': 0.0591, 'hit@40': 0.2246, 'ndcg@40': 0.0758} 
2024-10-11 20:31:41.575 | INFO     | trainer_1:_train_one_epoch:209 - test 29 cost time 9.90s, result: {'hit@1': 0.0093, 'ndcg@1': 0.0093, 'hit@5': 0.0366, 'ndcg@5': 0.0229, 'hit@10': 0.0593, 'ndcg@10': 0.0302, 'hit@15': 0.0791, 'ndcg@15': 0.0354, 'hit@20': 0.0981, 'ndcg@20': 0.0399, 'hit@40': 0.163, 'ndcg@40': 0.0531} 
2024-10-11 20:31:51.355 | INFO     | trainer_1:_train_one_epoch:193 - epoch 30 9.78s Train loss is [0.3779] 
2024-10-11 20:32:00.376 | INFO     | trainer_1:_train_one_epoch:201 - validate 30 cost time 9.02s, result: {'hit@1': 0.0167, 'ndcg@1': 0.0167, 'hit@5': 0.057, 'ndcg@5': 0.0367, 'hit@10': 0.0904, 'ndcg@10': 0.0474, 'hit@15': 0.1218, 'ndcg@15': 0.0557, 'hit@20': 0.1486, 'ndcg@20': 0.062, 'hit@40': 0.2323, 'ndcg@40': 0.079} 
2024-10-11 20:32:09.473 | INFO     | trainer_1:_train_one_epoch:209 - test 30 cost time 9.10s, result: {'hit@1': 0.0104, 'ndcg@1': 0.0104, 'hit@5': 0.0368, 'ndcg@5': 0.0237, 'hit@10': 0.06, 'ndcg@10': 0.0311, 'hit@15': 0.0804, 'ndcg@15': 0.0365, 'hit@20': 0.0987, 'ndcg@20': 0.0408, 'hit@40': 0.1628, 'ndcg@40': 0.0538} 
2024-10-11 20:32:09.488 | INFO     | trainer_1:train_model:163 - training end, best iteration 25, results: {'hit@1': 0.0155, 'ndcg@1': 0.0155, 'hit@5': 0.0571, 'ndcg@5': 0.0364, 'hit@10': 0.0936, 'ndcg@10': 0.0481, 'hit@15': 0.1259, 'ndcg@15': 0.0567, 'hit@20': 0.1504, 'ndcg@20': 0.0624, 'hit@40': 0.2347, 'ndcg@40': 0.0796}
2024-10-11 20:32:09.488 | INFO     | trainer_1:train_model:166 - final test result is:  {'hit@1': 0.0102, 'ndcg@1': 0.0102, 'hit@5': 0.0384, 'ndcg@5': 0.0244, 'hit@10': 0.0633, 'ndcg@10': 0.0324, 'hit@15': 0.0844, 'ndcg@15': 0.038, 'hit@20': 0.1044, 'ndcg@20': 0.0427, 'hit@40': 0.1671, 'ndcg@40': 0.0554}
2024-10-11 20:32:09.983 | INFO     | __main__:<module>:119 - train end total cost time: 2941.602430343628
