2024-10-11 23:14:49.152 | INFO     | __main__:<module>:105 - Namespace(TIME='2024-10-11 23_14_05', batch_size=1024, behaviors=['view', 'cart', 'buy'], check_point='model_pre_1_2024-10-08 12_42_42.pth', data_name='beibei', data_path='./data/beibei', decay=0.001, device='cuda:1', dim_qk=32, dim_v=64, distill_layers=2, distill_thres=0.5, distill_topK=60, distill_userK=8, embedding_size=64, epochs=100, gpu_no=1, if_load_model=True, ii_lambda=200, initializer_range=0.02, layers=2, loss_type='bpr', lr=0.001, message_dropout=0.25, metrics=['hit', 'ndcg'], min_epoch=5, model_name='main_1', model_path='./check_point', node_dropout=0.75, omega=1, pt_loop=50, reg_weight=0.001, test_batch_size=1024, testbatch=1024, topk=[1, 5, 10, 15, 20, 40], uu_lambda=100)
2024-10-11 23:14:49.153 | INFO     | __main__:<module>:106 - BIPN(
  (message_dropout): Dropout(p=0.25, inplace=False)
  (user_embedding): Embedding(21717, 64, padding_idx=0)
  (item_embedding): Embedding(7978, 64, padding_idx=0)
  (global_Graph): LightGCN()
  (Graph_encoder): ModuleDict(
    (view): GraphEncoder(
      (light): LightGCN()
      (dropout): Dropout(p=0.75, inplace=False)
    )
    (cart): GraphEncoder(
      (light): LightGCN()
      (dropout): Dropout(p=0.75, inplace=False)
    )
    (buy): GraphEncoder(
      (light): LightGCN()
      (dropout): Dropout(p=0.75, inplace=False)
    )
  )
  (attention): Mutual_Attention()
  (bpr_loss): BPRLoss()
  (emb_loss): EmbLoss()
  (f): Sigmoid()
)
2024-10-11 23:43:07.992 | INFO     | trainer_1:_train_one_epoch:193 - epoch 1 9.46s Train loss is [0.9866] 
2024-10-11 23:43:18.191 | INFO     | trainer_1:_train_one_epoch:201 - validate 1 cost time 10.20s, result: {'hit@1': 0.0052, 'ndcg@1': 0.0052, 'hit@5': 0.0237, 'ndcg@5': 0.0142, 'hit@10': 0.0411, 'ndcg@10': 0.0198, 'hit@15': 0.058, 'ndcg@15': 0.0243, 'hit@20': 0.0736, 'ndcg@20': 0.0279, 'hit@40': 0.1297, 'ndcg@40': 0.0393} 
2024-10-11 23:43:27.099 | INFO     | trainer_1:_train_one_epoch:209 - test 1 cost time 8.91s, result: {'hit@1': 0.003, 'ndcg@1': 0.003, 'hit@5': 0.0167, 'ndcg@5': 0.0097, 'hit@10': 0.0296, 'ndcg@10': 0.0138, 'hit@15': 0.0422, 'ndcg@15': 0.0171, 'hit@20': 0.055, 'ndcg@20': 0.0201, 'hit@40': 0.0988, 'ndcg@40': 0.029} 
2024-10-11 23:43:56.346 | INFO     | trainer_1:_train_one_epoch:193 - epoch 2 10.60s Train loss is [0.7677] 
2024-10-11 23:44:05.246 | INFO     | trainer_1:_train_one_epoch:201 - validate 2 cost time 8.90s, result: {'hit@1': 0.0079, 'ndcg@1': 0.0079, 'hit@5': 0.0324, 'ndcg@5': 0.02, 'hit@10': 0.056, 'ndcg@10': 0.0276, 'hit@15': 0.0774, 'ndcg@15': 0.0332, 'hit@20': 0.0946, 'ndcg@20': 0.0373, 'hit@40': 0.1561, 'ndcg@40': 0.0498} 
2024-10-11 23:44:14.817 | INFO     | trainer_1:_train_one_epoch:209 - test 2 cost time 9.57s, result: {'hit@1': 0.004, 'ndcg@1': 0.004, 'hit@5': 0.0196, 'ndcg@5': 0.0117, 'hit@10': 0.0357, 'ndcg@10': 0.0169, 'hit@15': 0.0515, 'ndcg@15': 0.021, 'hit@20': 0.0655, 'ndcg@20': 0.0243, 'hit@40': 0.1114, 'ndcg@40': 0.0337} 
2024-10-11 23:44:40.187 | INFO     | trainer_1:_train_one_epoch:193 - epoch 3 9.22s Train loss is [0.6652] 
2024-10-11 23:44:51.180 | INFO     | trainer_1:_train_one_epoch:201 - validate 3 cost time 10.99s, result: {'hit@1': 0.0073, 'ndcg@1': 0.0073, 'hit@5': 0.0324, 'ndcg@5': 0.0198, 'hit@10': 0.0585, 'ndcg@10': 0.0281, 'hit@15': 0.081, 'ndcg@15': 0.0341, 'hit@20': 0.1007, 'ndcg@20': 0.0387, 'hit@40': 0.1657, 'ndcg@40': 0.052} 
2024-10-11 23:45:00.204 | INFO     | trainer_1:_train_one_epoch:209 - test 3 cost time 9.02s, result: {'hit@1': 0.0048, 'ndcg@1': 0.0048, 'hit@5': 0.0221, 'ndcg@5': 0.0133, 'hit@10': 0.0392, 'ndcg@10': 0.0188, 'hit@15': 0.0557, 'ndcg@15': 0.0232, 'hit@20': 0.0709, 'ndcg@20': 0.0267, 'hit@40': 0.1242, 'ndcg@40': 0.0376} 
2024-10-11 23:45:18.424 | INFO     | trainer_1:_train_one_epoch:193 - epoch 4 6.83s Train loss is [0.5911] 
2024-10-11 23:45:24.997 | INFO     | trainer_1:_train_one_epoch:201 - validate 4 cost time 6.57s, result: {'hit@1': 0.0091, 'ndcg@1': 0.0091, 'hit@5': 0.0359, 'ndcg@5': 0.0222, 'hit@10': 0.0629, 'ndcg@10': 0.0309, 'hit@15': 0.0893, 'ndcg@15': 0.0378, 'hit@20': 0.1118, 'ndcg@20': 0.0431, 'hit@40': 0.183, 'ndcg@40': 0.0576} 
2024-10-11 23:45:32.713 | INFO     | trainer_1:_train_one_epoch:209 - test 4 cost time 7.72s, result: {'hit@1': 0.0059, 'ndcg@1': 0.0059, 'hit@5': 0.0242, 'ndcg@5': 0.0148, 'hit@10': 0.0426, 'ndcg@10': 0.0207, 'hit@15': 0.06, 'ndcg@15': 0.0253, 'hit@20': 0.078, 'ndcg@20': 0.0295, 'hit@40': 0.1339, 'ndcg@40': 0.0409} 
2024-10-11 23:46:05.347 | INFO     | trainer_1:_train_one_epoch:193 - epoch 5 9.76s Train loss is [0.5680] 
2024-10-11 23:46:15.154 | INFO     | trainer_1:_train_one_epoch:201 - validate 5 cost time 9.81s, result: {'hit@1': 0.0101, 'ndcg@1': 0.0101, 'hit@5': 0.0347, 'ndcg@5': 0.0221, 'hit@10': 0.0599, 'ndcg@10': 0.0302, 'hit@15': 0.0854, 'ndcg@15': 0.037, 'hit@20': 0.1058, 'ndcg@20': 0.0418, 'hit@40': 0.1789, 'ndcg@40': 0.0567} 
2024-10-11 23:46:23.885 | INFO     | trainer_1:_train_one_epoch:209 - test 5 cost time 8.73s, result: {'hit@1': 0.0056, 'ndcg@1': 0.0056, 'hit@5': 0.022, 'ndcg@5': 0.0136, 'hit@10': 0.039, 'ndcg@10': 0.019, 'hit@15': 0.0548, 'ndcg@15': 0.0232, 'hit@20': 0.0697, 'ndcg@20': 0.0267, 'hit@40': 0.1244, 'ndcg@40': 0.0378} 
2024-10-11 23:46:32.301 | INFO     | trainer_1:_train_one_epoch:193 - epoch 6 8.42s Train loss is [0.5502] 
2024-10-11 23:46:41.478 | INFO     | trainer_1:_train_one_epoch:201 - validate 6 cost time 9.18s, result: {'hit@1': 0.0097, 'ndcg@1': 0.0097, 'hit@5': 0.0377, 'ndcg@5': 0.0238, 'hit@10': 0.0637, 'ndcg@10': 0.0322, 'hit@15': 0.0886, 'ndcg@15': 0.0387, 'hit@20': 0.1104, 'ndcg@20': 0.0439, 'hit@40': 0.18, 'ndcg@40': 0.058} 
2024-10-11 23:46:49.025 | INFO     | trainer_1:_train_one_epoch:209 - test 6 cost time 7.55s, result: {'hit@1': 0.0057, 'ndcg@1': 0.0057, 'hit@5': 0.0235, 'ndcg@5': 0.0146, 'hit@10': 0.0422, 'ndcg@10': 0.0206, 'hit@15': 0.0574, 'ndcg@15': 0.0246, 'hit@20': 0.0739, 'ndcg@20': 0.0285, 'hit@40': 0.1259, 'ndcg@40': 0.039} 
2024-10-11 23:46:56.978 | INFO     | trainer_1:_train_one_epoch:193 - epoch 7 7.95s Train loss is [0.5244] 
2024-10-11 23:47:06.368 | INFO     | trainer_1:_train_one_epoch:201 - validate 7 cost time 9.39s, result: {'hit@1': 0.0097, 'ndcg@1': 0.0097, 'hit@5': 0.0402, 'ndcg@5': 0.0248, 'hit@10': 0.0699, 'ndcg@10': 0.0343, 'hit@15': 0.0967, 'ndcg@15': 0.0414, 'hit@20': 0.1197, 'ndcg@20': 0.0468, 'hit@40': 0.1915, 'ndcg@40': 0.0615} 
2024-10-11 23:47:15.925 | INFO     | trainer_1:_train_one_epoch:209 - test 7 cost time 9.56s, result: {'hit@1': 0.0059, 'ndcg@1': 0.0059, 'hit@5': 0.0239, 'ndcg@5': 0.0147, 'hit@10': 0.0445, 'ndcg@10': 0.0213, 'hit@15': 0.0632, 'ndcg@15': 0.0263, 'hit@20': 0.0799, 'ndcg@20': 0.0302, 'hit@40': 0.137, 'ndcg@40': 0.0418} 
2024-10-11 23:47:42.825 | INFO     | trainer_1:_train_one_epoch:193 - epoch 8 8.63s Train loss is [0.5070] 
2024-10-11 23:47:52.756 | INFO     | trainer_1:_train_one_epoch:201 - validate 8 cost time 9.93s, result: {'hit@1': 0.0096, 'ndcg@1': 0.0096, 'hit@5': 0.0392, 'ndcg@5': 0.0242, 'hit@10': 0.0674, 'ndcg@10': 0.0333, 'hit@15': 0.0919, 'ndcg@15': 0.0397, 'hit@20': 0.1158, 'ndcg@20': 0.0454, 'hit@40': 0.1929, 'ndcg@40': 0.0611} 
2024-10-11 23:48:02.311 | INFO     | trainer_1:_train_one_epoch:209 - test 8 cost time 9.55s, result: {'hit@1': 0.0063, 'ndcg@1': 0.0063, 'hit@5': 0.0259, 'ndcg@5': 0.0158, 'hit@10': 0.0462, 'ndcg@10': 0.0224, 'hit@15': 0.0634, 'ndcg@15': 0.0269, 'hit@20': 0.0803, 'ndcg@20': 0.0309, 'hit@40': 0.1406, 'ndcg@40': 0.0431} 
2024-10-11 23:48:22.696 | INFO     | trainer_1:_train_one_epoch:193 - epoch 9 8.61s Train loss is [0.4997] 
2024-10-11 23:48:28.895 | INFO     | trainer_1:_train_one_epoch:201 - validate 9 cost time 6.20s, result: {'hit@1': 0.0111, 'ndcg@1': 0.0111, 'hit@5': 0.0437, 'ndcg@5': 0.0273, 'hit@10': 0.0748, 'ndcg@10': 0.0373, 'hit@15': 0.1023, 'ndcg@15': 0.0445, 'hit@20': 0.1257, 'ndcg@20': 0.0501, 'hit@40': 0.2054, 'ndcg@40': 0.0663} 
2024-10-11 23:48:37.221 | INFO     | trainer_1:_train_one_epoch:209 - test 9 cost time 8.33s, result: {'hit@1': 0.0077, 'ndcg@1': 0.0077, 'hit@5': 0.0271, 'ndcg@5': 0.0172, 'hit@10': 0.0476, 'ndcg@10': 0.0238, 'hit@15': 0.067, 'ndcg@15': 0.0289, 'hit@20': 0.0843, 'ndcg@20': 0.033, 'hit@40': 0.1468, 'ndcg@40': 0.0457} 
2024-10-11 23:48:59.873 | INFO     | trainer_1:_train_one_epoch:193 - epoch 10 9.55s Train loss is [0.4839] 
2024-10-11 23:49:06.303 | INFO     | trainer_1:_train_one_epoch:201 - validate 10 cost time 6.43s, result: {'hit@1': 0.0108, 'ndcg@1': 0.0108, 'hit@5': 0.044, 'ndcg@5': 0.0273, 'hit@10': 0.0736, 'ndcg@10': 0.0368, 'hit@15': 0.1005, 'ndcg@15': 0.0439, 'hit@20': 0.1238, 'ndcg@20': 0.0494, 'hit@40': 0.2009, 'ndcg@40': 0.0651} 
2024-10-11 23:49:12.955 | INFO     | trainer_1:_train_one_epoch:209 - test 10 cost time 6.65s, result: {'hit@1': 0.0075, 'ndcg@1': 0.0075, 'hit@5': 0.0291, 'ndcg@5': 0.0182, 'hit@10': 0.0508, 'ndcg@10': 0.0251, 'hit@15': 0.0685, 'ndcg@15': 0.0298, 'hit@20': 0.0853, 'ndcg@20': 0.0337, 'hit@40': 0.1456, 'ndcg@40': 0.046} 
2024-10-11 23:49:35.851 | INFO     | trainer_1:_train_one_epoch:193 - epoch 11 8.66s Train loss is [0.4738] 
2024-10-11 23:49:46.726 | INFO     | trainer_1:_train_one_epoch:201 - validate 11 cost time 10.87s, result: {'hit@1': 0.0117, 'ndcg@1': 0.0117, 'hit@5': 0.0434, 'ndcg@5': 0.0274, 'hit@10': 0.0749, 'ndcg@10': 0.0376, 'hit@15': 0.1013, 'ndcg@15': 0.0445, 'hit@20': 0.1253, 'ndcg@20': 0.0502, 'hit@40': 0.2032, 'ndcg@40': 0.066} 
2024-10-11 23:49:56.654 | INFO     | trainer_1:_train_one_epoch:209 - test 11 cost time 9.93s, result: {'hit@1': 0.0075, 'ndcg@1': 0.0075, 'hit@5': 0.0286, 'ndcg@5': 0.018, 'hit@10': 0.0497, 'ndcg@10': 0.0247, 'hit@15': 0.0682, 'ndcg@15': 0.0296, 'hit@20': 0.0865, 'ndcg@20': 0.0339, 'hit@40': 0.1454, 'ndcg@40': 0.0459} 
2024-10-11 23:50:04.653 | INFO     | trainer_1:_train_one_epoch:193 - epoch 12 8.00s Train loss is [0.4543] 
2024-10-11 23:50:13.627 | INFO     | trainer_1:_train_one_epoch:201 - validate 12 cost time 8.97s, result: {'hit@1': 0.0122, 'ndcg@1': 0.0122, 'hit@5': 0.0423, 'ndcg@5': 0.027, 'hit@10': 0.0707, 'ndcg@10': 0.0361, 'hit@15': 0.0978, 'ndcg@15': 0.0433, 'hit@20': 0.1212, 'ndcg@20': 0.0488, 'hit@40': 0.1997, 'ndcg@40': 0.0648} 
2024-10-11 23:50:21.886 | INFO     | trainer_1:_train_one_epoch:209 - test 12 cost time 8.26s, result: {'hit@1': 0.0062, 'ndcg@1': 0.0062, 'hit@5': 0.0264, 'ndcg@5': 0.0162, 'hit@10': 0.0472, 'ndcg@10': 0.0229, 'hit@15': 0.0647, 'ndcg@15': 0.0274, 'hit@20': 0.0808, 'ndcg@20': 0.0312, 'hit@40': 0.1397, 'ndcg@40': 0.0432} 
2024-10-11 23:50:33.283 | INFO     | trainer_1:_train_one_epoch:193 - epoch 13 11.40s Train loss is [0.4570] 
2024-10-11 23:50:41.242 | INFO     | trainer_1:_train_one_epoch:201 - validate 13 cost time 7.96s, result: {'hit@1': 0.0135, 'ndcg@1': 0.0135, 'hit@5': 0.0463, 'ndcg@5': 0.0297, 'hit@10': 0.0777, 'ndcg@10': 0.0397, 'hit@15': 0.1036, 'ndcg@15': 0.0466, 'hit@20': 0.1278, 'ndcg@20': 0.0523, 'hit@40': 0.2016, 'ndcg@40': 0.0673} 
2024-10-11 23:50:49.444 | INFO     | trainer_1:_train_one_epoch:209 - test 13 cost time 8.20s, result: {'hit@1': 0.0076, 'ndcg@1': 0.0076, 'hit@5': 0.0294, 'ndcg@5': 0.0184, 'hit@10': 0.0513, 'ndcg@10': 0.0254, 'hit@15': 0.0699, 'ndcg@15': 0.0303, 'hit@20': 0.0867, 'ndcg@20': 0.0343, 'hit@40': 0.1428, 'ndcg@40': 0.0456} 
2024-10-11 23:51:09.691 | INFO     | trainer_1:_train_one_epoch:193 - epoch 14 7.57s Train loss is [0.4494] 
2024-10-11 23:51:18.425 | INFO     | trainer_1:_train_one_epoch:201 - validate 14 cost time 8.73s, result: {'hit@1': 0.014, 'ndcg@1': 0.014, 'hit@5': 0.0504, 'ndcg@5': 0.0321, 'hit@10': 0.082, 'ndcg@10': 0.0422, 'hit@15': 0.1093, 'ndcg@15': 0.0494, 'hit@20': 0.135, 'ndcg@20': 0.0555, 'hit@40': 0.2127, 'ndcg@40': 0.0713} 
2024-10-11 23:51:26.452 | INFO     | trainer_1:_train_one_epoch:209 - test 14 cost time 8.03s, result: {'hit@1': 0.0093, 'ndcg@1': 0.0093, 'hit@5': 0.0321, 'ndcg@5': 0.0204, 'hit@10': 0.0538, 'ndcg@10': 0.0274, 'hit@15': 0.0745, 'ndcg@15': 0.0328, 'hit@20': 0.092, 'ndcg@20': 0.037, 'hit@40': 0.1497, 'ndcg@40': 0.0487} 
2024-10-11 23:51:48.476 | INFO     | trainer_1:_train_one_epoch:193 - epoch 15 8.52s Train loss is [0.4259] 
2024-10-11 23:51:56.933 | INFO     | trainer_1:_train_one_epoch:201 - validate 15 cost time 8.46s, result: {'hit@1': 0.0146, 'ndcg@1': 0.0146, 'hit@5': 0.0519, 'ndcg@5': 0.0331, 'hit@10': 0.0858, 'ndcg@10': 0.044, 'hit@15': 0.1149, 'ndcg@15': 0.0517, 'hit@20': 0.1399, 'ndcg@20': 0.0576, 'hit@40': 0.22, 'ndcg@40': 0.0739} 
2024-10-11 23:52:02.439 | INFO     | trainer_1:_train_one_epoch:209 - test 15 cost time 5.51s, result: {'hit@1': 0.0087, 'ndcg@1': 0.0087, 'hit@5': 0.0334, 'ndcg@5': 0.0209, 'hit@10': 0.0581, 'ndcg@10': 0.0288, 'hit@15': 0.0776, 'ndcg@15': 0.034, 'hit@20': 0.0936, 'ndcg@20': 0.0377, 'hit@40': 0.1562, 'ndcg@40': 0.0505} 
2024-10-11 23:52:31.940 | INFO     | trainer_1:_train_one_epoch:193 - epoch 16 10.39s Train loss is [0.4296] 
2024-10-11 23:52:42.848 | INFO     | trainer_1:_train_one_epoch:201 - validate 16 cost time 10.91s, result: {'hit@1': 0.0138, 'ndcg@1': 0.0138, 'hit@5': 0.0502, 'ndcg@5': 0.032, 'hit@10': 0.0835, 'ndcg@10': 0.0426, 'hit@15': 0.1126, 'ndcg@15': 0.0503, 'hit@20': 0.1385, 'ndcg@20': 0.0564, 'hit@40': 0.2193, 'ndcg@40': 0.0729} 
2024-10-11 23:52:53.568 | INFO     | trainer_1:_train_one_epoch:209 - test 16 cost time 10.72s, result: {'hit@1': 0.0093, 'ndcg@1': 0.0093, 'hit@5': 0.0312, 'ndcg@5': 0.0201, 'hit@10': 0.055, 'ndcg@10': 0.0277, 'hit@15': 0.0743, 'ndcg@15': 0.0328, 'hit@20': 0.0917, 'ndcg@20': 0.0369, 'hit@40': 0.1528, 'ndcg@40': 0.0493} 
2024-10-11 23:53:01.500 | INFO     | trainer_1:_train_one_epoch:193 - epoch 17 7.93s Train loss is [0.4211] 
2024-10-11 23:53:06.603 | INFO     | trainer_1:_train_one_epoch:201 - validate 17 cost time 5.10s, result: {'hit@1': 0.015, 'ndcg@1': 0.015, 'hit@5': 0.0542, 'ndcg@5': 0.0344, 'hit@10': 0.0902, 'ndcg@10': 0.046, 'hit@15': 0.1214, 'ndcg@15': 0.0542, 'hit@20': 0.1482, 'ndcg@20': 0.0605, 'hit@40': 0.2336, 'ndcg@40': 0.078} 
2024-10-11 23:53:11.682 | INFO     | trainer_1:_train_one_epoch:209 - test 17 cost time 5.08s, result: {'hit@1': 0.0106, 'ndcg@1': 0.0106, 'hit@5': 0.0351, 'ndcg@5': 0.0227, 'hit@10': 0.0589, 'ndcg@10': 0.0303, 'hit@15': 0.0811, 'ndcg@15': 0.0361, 'hit@20': 0.1023, 'ndcg@20': 0.0411, 'hit@40': 0.1698, 'ndcg@40': 0.0548} 
2024-10-11 23:53:35.551 | INFO     | trainer_1:_train_one_epoch:193 - epoch 18 9.89s Train loss is [0.4115] 
2024-10-11 23:53:44.797 | INFO     | trainer_1:_train_one_epoch:201 - validate 18 cost time 9.25s, result: {'hit@1': 0.014, 'ndcg@1': 0.014, 'hit@5': 0.0518, 'ndcg@5': 0.0328, 'hit@10': 0.0853, 'ndcg@10': 0.0436, 'hit@15': 0.1142, 'ndcg@15': 0.0512, 'hit@20': 0.1398, 'ndcg@20': 0.0573, 'hit@40': 0.2199, 'ndcg@40': 0.0736} 
2024-10-11 23:53:53.249 | INFO     | trainer_1:_train_one_epoch:209 - test 18 cost time 8.45s, result: {'hit@1': 0.0096, 'ndcg@1': 0.0096, 'hit@5': 0.0341, 'ndcg@5': 0.0217, 'hit@10': 0.0569, 'ndcg@10': 0.029, 'hit@15': 0.0782, 'ndcg@15': 0.0347, 'hit@20': 0.096, 'ndcg@20': 0.0389, 'hit@40': 0.156, 'ndcg@40': 0.0511} 
2024-10-11 23:54:02.701 | INFO     | trainer_1:_train_one_epoch:193 - epoch 19 9.45s Train loss is [0.4098] 
2024-10-11 23:54:11.874 | INFO     | trainer_1:_train_one_epoch:201 - validate 19 cost time 9.17s, result: {'hit@1': 0.0148, 'ndcg@1': 0.0148, 'hit@5': 0.0526, 'ndcg@5': 0.0337, 'hit@10': 0.0866, 'ndcg@10': 0.0446, 'hit@15': 0.1152, 'ndcg@15': 0.0521, 'hit@20': 0.1428, 'ndcg@20': 0.0587, 'hit@40': 0.2267, 'ndcg@40': 0.0758} 
2024-10-11 23:54:20.412 | INFO     | trainer_1:_train_one_epoch:209 - test 19 cost time 8.54s, result: {'hit@1': 0.0095, 'ndcg@1': 0.0095, 'hit@5': 0.0344, 'ndcg@5': 0.0218, 'hit@10': 0.0579, 'ndcg@10': 0.0293, 'hit@15': 0.0804, 'ndcg@15': 0.0352, 'hit@20': 0.099, 'ndcg@20': 0.0396, 'hit@40': 0.1619, 'ndcg@40': 0.0524} 
2024-10-11 23:54:29.502 | INFO     | trainer_1:_train_one_epoch:193 - epoch 20 9.09s Train loss is [0.3984] 
2024-10-11 23:54:39.197 | INFO     | trainer_1:_train_one_epoch:201 - validate 20 cost time 9.69s, result: {'hit@1': 0.014, 'ndcg@1': 0.014, 'hit@5': 0.051, 'ndcg@5': 0.0326, 'hit@10': 0.0871, 'ndcg@10': 0.0442, 'hit@15': 0.1164, 'ndcg@15': 0.0519, 'hit@20': 0.1418, 'ndcg@20': 0.0579, 'hit@40': 0.2235, 'ndcg@40': 0.0745} 
2024-10-11 23:54:49.348 | INFO     | trainer_1:_train_one_epoch:209 - test 20 cost time 10.15s, result: {'hit@1': 0.0093, 'ndcg@1': 0.0093, 'hit@5': 0.0341, 'ndcg@5': 0.0217, 'hit@10': 0.0578, 'ndcg@10': 0.0293, 'hit@15': 0.0807, 'ndcg@15': 0.0353, 'hit@20': 0.1002, 'ndcg@20': 0.0399, 'hit@40': 0.1634, 'ndcg@40': 0.0528} 
2024-10-11 23:54:58.895 | INFO     | trainer_1:_train_one_epoch:193 - epoch 21 9.55s Train loss is [0.3918] 
2024-10-11 23:55:07.493 | INFO     | trainer_1:_train_one_epoch:201 - validate 21 cost time 8.60s, result: {'hit@1': 0.0149, 'ndcg@1': 0.0149, 'hit@5': 0.0556, 'ndcg@5': 0.0351, 'hit@10': 0.0912, 'ndcg@10': 0.0465, 'hit@15': 0.1197, 'ndcg@15': 0.054, 'hit@20': 0.1451, 'ndcg@20': 0.06, 'hit@40': 0.2328, 'ndcg@40': 0.0779} 
2024-10-11 23:55:17.228 | INFO     | trainer_1:_train_one_epoch:209 - test 21 cost time 9.73s, result: {'hit@1': 0.0095, 'ndcg@1': 0.0095, 'hit@5': 0.0359, 'ndcg@5': 0.0227, 'hit@10': 0.0593, 'ndcg@10': 0.0302, 'hit@15': 0.0798, 'ndcg@15': 0.0356, 'hit@20': 0.0984, 'ndcg@20': 0.04, 'hit@40': 0.1633, 'ndcg@40': 0.0532} 
2024-10-11 23:55:50.083 | INFO     | trainer_1:_train_one_epoch:193 - epoch 22 9.95s Train loss is [0.3838] 
2024-10-11 23:55:59.551 | INFO     | trainer_1:_train_one_epoch:201 - validate 22 cost time 9.47s, result: {'hit@1': 0.0158, 'ndcg@1': 0.0158, 'hit@5': 0.0542, 'ndcg@5': 0.035, 'hit@10': 0.0895, 'ndcg@10': 0.0462, 'hit@15': 0.1214, 'ndcg@15': 0.0547, 'hit@20': 0.1472, 'ndcg@20': 0.0608, 'hit@40': 0.2328, 'ndcg@40': 0.0782} 
2024-10-11 23:56:07.923 | INFO     | trainer_1:_train_one_epoch:209 - test 22 cost time 8.37s, result: {'hit@1': 0.0092, 'ndcg@1': 0.0092, 'hit@5': 0.0365, 'ndcg@5': 0.0226, 'hit@10': 0.061, 'ndcg@10': 0.0304, 'hit@15': 0.083, 'ndcg@15': 0.0362, 'hit@20': 0.1023, 'ndcg@20': 0.0408, 'hit@40': 0.1651, 'ndcg@40': 0.0535} 
2024-10-11 23:56:33.992 | INFO     | trainer_1:_train_one_epoch:193 - epoch 23 12.34s Train loss is [0.3869] 
2024-10-11 23:56:42.481 | INFO     | trainer_1:_train_one_epoch:201 - validate 23 cost time 8.49s, result: {'hit@1': 0.0156, 'ndcg@1': 0.0156, 'hit@5': 0.0543, 'ndcg@5': 0.0348, 'hit@10': 0.0894, 'ndcg@10': 0.046, 'hit@15': 0.1213, 'ndcg@15': 0.0545, 'hit@20': 0.1466, 'ndcg@20': 0.0604, 'hit@40': 0.2343, 'ndcg@40': 0.0783} 
2024-10-11 23:56:52.384 | INFO     | trainer_1:_train_one_epoch:209 - test 23 cost time 9.90s, result: {'hit@1': 0.0096, 'ndcg@1': 0.0096, 'hit@5': 0.0352, 'ndcg@5': 0.0224, 'hit@10': 0.0599, 'ndcg@10': 0.0303, 'hit@15': 0.082, 'ndcg@15': 0.0362, 'hit@20': 0.1, 'ndcg@20': 0.0404, 'hit@40': 0.1632, 'ndcg@40': 0.0533} 
2024-10-11 23:56:59.338 | INFO     | trainer_1:_train_one_epoch:193 - epoch 24 6.95s Train loss is [0.3912] 
2024-10-11 23:57:05.874 | INFO     | trainer_1:_train_one_epoch:201 - validate 24 cost time 6.54s, result: {'hit@1': 0.015, 'ndcg@1': 0.015, 'hit@5': 0.0539, 'ndcg@5': 0.0344, 'hit@10': 0.0888, 'ndcg@10': 0.0456, 'hit@15': 0.1192, 'ndcg@15': 0.0536, 'hit@20': 0.145, 'ndcg@20': 0.0597, 'hit@40': 0.229, 'ndcg@40': 0.0768} 
2024-10-11 23:57:11.883 | INFO     | trainer_1:_train_one_epoch:209 - test 24 cost time 6.01s, result: {'hit@1': 0.0088, 'ndcg@1': 0.0088, 'hit@5': 0.0363, 'ndcg@5': 0.0226, 'hit@10': 0.0613, 'ndcg@10': 0.0306, 'hit@15': 0.082, 'ndcg@15': 0.0361, 'hit@20': 0.1009, 'ndcg@20': 0.0406, 'hit@40': 0.1619, 'ndcg@40': 0.053} 
2024-10-11 23:57:33.816 | INFO     | trainer_1:_train_one_epoch:193 - epoch 25 8.83s Train loss is [0.3836] 
2024-10-11 23:57:40.306 | INFO     | trainer_1:_train_one_epoch:201 - validate 25 cost time 6.49s, result: {'hit@1': 0.016, 'ndcg@1': 0.016, 'hit@5': 0.058, 'ndcg@5': 0.037, 'hit@10': 0.0943, 'ndcg@10': 0.0486, 'hit@15': 0.1262, 'ndcg@15': 0.0571, 'hit@20': 0.151, 'ndcg@20': 0.0629, 'hit@40': 0.2351, 'ndcg@40': 0.08} 
2024-10-11 23:57:46.522 | INFO     | trainer_1:_train_one_epoch:209 - test 25 cost time 6.22s, result: {'hit@1': 0.0103, 'ndcg@1': 0.0103, 'hit@5': 0.0384, 'ndcg@5': 0.0244, 'hit@10': 0.0636, 'ndcg@10': 0.0325, 'hit@15': 0.0844, 'ndcg@15': 0.038, 'hit@20': 0.104, 'ndcg@20': 0.0426, 'hit@40': 0.1672, 'ndcg@40': 0.0554} 
2024-10-11 23:58:10.269 | INFO     | trainer_1:_train_one_epoch:193 - epoch 26 9.24s Train loss is [0.3766] 
2024-10-11 23:58:20.858 | INFO     | trainer_1:_train_one_epoch:201 - validate 26 cost time 10.59s, result: {'hit@1': 0.0148, 'ndcg@1': 0.0148, 'hit@5': 0.0548, 'ndcg@5': 0.0349, 'hit@10': 0.0928, 'ndcg@10': 0.047, 'hit@15': 0.1233, 'ndcg@15': 0.0551, 'hit@20': 0.1504, 'ndcg@20': 0.0615, 'hit@40': 0.2363, 'ndcg@40': 0.079} 
2024-10-11 23:58:31.403 | INFO     | trainer_1:_train_one_epoch:209 - test 26 cost time 10.54s, result: {'hit@1': 0.0093, 'ndcg@1': 0.0093, 'hit@5': 0.0363, 'ndcg@5': 0.0226, 'hit@10': 0.0612, 'ndcg@10': 0.0306, 'hit@15': 0.0821, 'ndcg@15': 0.0361, 'hit@20': 0.1015, 'ndcg@20': 0.0407, 'hit@40': 0.1665, 'ndcg@40': 0.0539} 
2024-10-11 23:58:39.893 | INFO     | trainer_1:_train_one_epoch:193 - epoch 27 8.49s Train loss is [0.3763] 
2024-10-11 23:58:50.643 | INFO     | trainer_1:_train_one_epoch:201 - validate 27 cost time 10.75s, result: {'hit@1': 0.0145, 'ndcg@1': 0.0145, 'hit@5': 0.0543, 'ndcg@5': 0.0346, 'hit@10': 0.0896, 'ndcg@10': 0.0459, 'hit@15': 0.118, 'ndcg@15': 0.0534, 'hit@20': 0.1458, 'ndcg@20': 0.06, 'hit@40': 0.2278, 'ndcg@40': 0.0766} 
2024-10-11 23:59:01.411 | INFO     | trainer_1:_train_one_epoch:209 - test 27 cost time 10.77s, result: {'hit@1': 0.0097, 'ndcg@1': 0.0097, 'hit@5': 0.0367, 'ndcg@5': 0.0233, 'hit@10': 0.0601, 'ndcg@10': 0.0307, 'hit@15': 0.0826, 'ndcg@15': 0.0367, 'hit@20': 0.1021, 'ndcg@20': 0.0413, 'hit@40': 0.1643, 'ndcg@40': 0.0539} 
2024-10-11 23:59:13.360 | INFO     | trainer_1:_train_one_epoch:193 - epoch 28 11.95s Train loss is [0.3792] 
2024-10-11 23:59:24.621 | INFO     | trainer_1:_train_one_epoch:201 - validate 28 cost time 11.26s, result: {'hit@1': 0.0152, 'ndcg@1': 0.0152, 'hit@5': 0.0539, 'ndcg@5': 0.0345, 'hit@10': 0.0896, 'ndcg@10': 0.0459, 'hit@15': 0.12, 'ndcg@15': 0.0539, 'hit@20': 0.1483, 'ndcg@20': 0.0606, 'hit@40': 0.2305, 'ndcg@40': 0.0774} 
2024-10-11 23:59:35.099 | INFO     | trainer_1:_train_one_epoch:209 - test 28 cost time 10.48s, result: {'hit@1': 0.0098, 'ndcg@1': 0.0098, 'hit@5': 0.0354, 'ndcg@5': 0.0226, 'hit@10': 0.0605, 'ndcg@10': 0.0307, 'hit@15': 0.0805, 'ndcg@15': 0.036, 'hit@20': 0.0991, 'ndcg@20': 0.0403, 'hit@40': 0.165, 'ndcg@40': 0.0538} 
2024-10-11 23:59:43.981 | INFO     | trainer_1:_train_one_epoch:193 - epoch 29 8.88s Train loss is [0.3798] 
2024-10-11 23:59:54.208 | INFO     | trainer_1:_train_one_epoch:201 - validate 29 cost time 10.23s, result: {'hit@1': 0.0156, 'ndcg@1': 0.0156, 'hit@5': 0.0542, 'ndcg@5': 0.0346, 'hit@10': 0.089, 'ndcg@10': 0.0457, 'hit@15': 0.1181, 'ndcg@15': 0.0534, 'hit@20': 0.1423, 'ndcg@20': 0.0591, 'hit@40': 0.2246, 'ndcg@40': 0.0759} 
2024-10-12 00:00:04.912 | INFO     | trainer_1:_train_one_epoch:209 - test 29 cost time 10.70s, result: {'hit@1': 0.0095, 'ndcg@1': 0.0095, 'hit@5': 0.0365, 'ndcg@5': 0.0229, 'hit@10': 0.0594, 'ndcg@10': 0.0303, 'hit@15': 0.0791, 'ndcg@15': 0.0355, 'hit@20': 0.098, 'ndcg@20': 0.0399, 'hit@40': 0.1633, 'ndcg@40': 0.0532} 
2024-10-12 00:00:17.414 | INFO     | trainer_1:_train_one_epoch:193 - epoch 30 12.50s Train loss is [0.3780] 
2024-10-12 00:00:28.437 | INFO     | trainer_1:_train_one_epoch:201 - validate 30 cost time 11.02s, result: {'hit@1': 0.0167, 'ndcg@1': 0.0167, 'hit@5': 0.057, 'ndcg@5': 0.0367, 'hit@10': 0.0903, 'ndcg@10': 0.0474, 'hit@15': 0.1219, 'ndcg@15': 0.0557, 'hit@20': 0.148, 'ndcg@20': 0.0619, 'hit@40': 0.2331, 'ndcg@40': 0.0792} 
2024-10-12 00:00:38.942 | INFO     | trainer_1:_train_one_epoch:209 - test 30 cost time 10.50s, result: {'hit@1': 0.0106, 'ndcg@1': 0.0106, 'hit@5': 0.037, 'ndcg@5': 0.0238, 'hit@10': 0.0599, 'ndcg@10': 0.0311, 'hit@15': 0.0804, 'ndcg@15': 0.0365, 'hit@20': 0.0991, 'ndcg@20': 0.0409, 'hit@40': 0.1627, 'ndcg@40': 0.0539} 
2024-10-12 00:00:38.957 | INFO     | trainer_1:train_model:163 - training end, best iteration 25, results: {'hit@1': 0.016, 'ndcg@1': 0.016, 'hit@5': 0.058, 'ndcg@5': 0.037, 'hit@10': 0.0943, 'ndcg@10': 0.0486, 'hit@15': 0.1262, 'ndcg@15': 0.0571, 'hit@20': 0.151, 'ndcg@20': 0.0629, 'hit@40': 0.2351, 'ndcg@40': 0.08}
2024-10-12 00:00:38.957 | INFO     | trainer_1:train_model:166 - final test result is:  {'hit@1': 0.0103, 'ndcg@1': 0.0103, 'hit@5': 0.0384, 'ndcg@5': 0.0244, 'hit@10': 0.0636, 'ndcg@10': 0.0325, 'hit@15': 0.0844, 'ndcg@15': 0.038, 'hit@20': 0.104, 'ndcg@20': 0.0426, 'hit@40': 0.1672, 'ndcg@40': 0.0554}
2024-10-12 00:00:39.681 | INFO     | __main__:<module>:119 - train end total cost time: 2794.625215291977
