2024-10-11 11:29:43.227 | INFO     | __main__:<module>:105 - Namespace(TIME='2024-10-11 11_29_10', batch_size=1024, behaviors=['view', 'cart', 'buy'], check_point='model_pre_1_2024-10-08 12_42_42.pth', data_name='beibei', data_path='./data/beibei', decay=0.001, device='cuda:1', dim_qk=32, dim_v=64, distill_layers=2, distill_thres=0.5, distill_topK=10, distill_userK=4, embedding_size=64, epochs=100, gpu_no=1, if_load_model=True, ii_lambda=200, initializer_range=0.02, layers=2, loss_type='bpr', lr=0.001, message_dropout=0.25, metrics=['hit', 'ndcg'], min_epoch=5, model_name='main_1', model_path='./check_point', node_dropout=0.75, omega=1, pt_loop=50, reg_weight=0.001, test_batch_size=1024, testbatch=1024, topk=[1, 5, 10, 15, 20, 40], uu_lambda=100)
2024-10-11 11:29:43.228 | INFO     | __main__:<module>:106 - BIPN(
  (message_dropout): Dropout(p=0.25, inplace=False)
  (user_embedding): Embedding(21717, 64, padding_idx=0)
  (item_embedding): Embedding(7978, 64, padding_idx=0)
  (global_Graph): LightGCN()
  (Graph_encoder): ModuleDict(
    (view): GraphEncoder(
      (light): LightGCN()
      (dropout): Dropout(p=0.75, inplace=False)
    )
    (cart): GraphEncoder(
      (light): LightGCN()
      (dropout): Dropout(p=0.75, inplace=False)
    )
    (buy): GraphEncoder(
      (light): LightGCN()
      (dropout): Dropout(p=0.75, inplace=False)
    )
  )
  (attention): Mutual_Attention()
  (bpr_loss): BPRLoss()
  (emb_loss): EmbLoss()
  (f): Sigmoid()
)
2024-10-11 11:45:42.551 | INFO     | trainer_1:_train_one_epoch:193 - epoch 1 6.76s Train loss is [0.9784] 
2024-10-11 11:45:52.506 | INFO     | trainer_1:_train_one_epoch:201 - validate 1 cost time 9.95s, result: {'hit@1': 0.0059, 'ndcg@1': 0.0059, 'hit@5': 0.0236, 'ndcg@5': 0.0146, 'hit@10': 0.0409, 'ndcg@10': 0.0201, 'hit@15': 0.0577, 'ndcg@15': 0.0246, 'hit@20': 0.0745, 'ndcg@20': 0.0285, 'hit@40': 0.1297, 'ndcg@40': 0.0397} 
2024-10-11 11:46:02.377 | INFO     | trainer_1:_train_one_epoch:209 - test 1 cost time 9.87s, result: {'hit@1': 0.0033, 'ndcg@1': 0.0033, 'hit@5': 0.0164, 'ndcg@5': 0.0097, 'hit@10': 0.0301, 'ndcg@10': 0.0141, 'hit@15': 0.0428, 'ndcg@15': 0.0175, 'hit@20': 0.0565, 'ndcg@20': 0.0207, 'hit@40': 0.0994, 'ndcg@40': 0.0294} 
2024-10-11 11:46:21.094 | INFO     | trainer_1:_train_one_epoch:193 - epoch 2 7.27s Train loss is [0.7579] 
2024-10-11 11:46:31.030 | INFO     | trainer_1:_train_one_epoch:201 - validate 2 cost time 9.94s, result: {'hit@1': 0.0083, 'ndcg@1': 0.0083, 'hit@5': 0.0326, 'ndcg@5': 0.0204, 'hit@10': 0.0564, 'ndcg@10': 0.028, 'hit@15': 0.0787, 'ndcg@15': 0.0339, 'hit@20': 0.0962, 'ndcg@20': 0.038, 'hit@40': 0.1579, 'ndcg@40': 0.0506} 
2024-10-11 11:46:40.870 | INFO     | trainer_1:_train_one_epoch:209 - test 2 cost time 9.84s, result: {'hit@1': 0.0043, 'ndcg@1': 0.0043, 'hit@5': 0.0198, 'ndcg@5': 0.0119, 'hit@10': 0.0364, 'ndcg@10': 0.0172, 'hit@15': 0.0526, 'ndcg@15': 0.0215, 'hit@20': 0.0664, 'ndcg@20': 0.0247, 'hit@40': 0.1134, 'ndcg@40': 0.0343} 
2024-10-11 11:47:01.419 | INFO     | trainer_1:_train_one_epoch:193 - epoch 3 9.29s Train loss is [0.6562] 
2024-10-11 11:47:11.450 | INFO     | trainer_1:_train_one_epoch:201 - validate 3 cost time 10.03s, result: {'hit@1': 0.0079, 'ndcg@1': 0.0079, 'hit@5': 0.0331, 'ndcg@5': 0.0203, 'hit@10': 0.0589, 'ndcg@10': 0.0285, 'hit@15': 0.0804, 'ndcg@15': 0.0342, 'hit@20': 0.1007, 'ndcg@20': 0.039, 'hit@40': 0.1656, 'ndcg@40': 0.0522} 
2024-10-11 11:47:21.276 | INFO     | trainer_1:_train_one_epoch:209 - test 3 cost time 9.83s, result: {'hit@1': 0.0051, 'ndcg@1': 0.0051, 'hit@5': 0.0221, 'ndcg@5': 0.0135, 'hit@10': 0.0405, 'ndcg@10': 0.0194, 'hit@15': 0.0565, 'ndcg@15': 0.0236, 'hit@20': 0.0719, 'ndcg@20': 0.0273, 'hit@40': 0.126, 'ndcg@40': 0.0383} 
2024-10-11 11:47:40.423 | INFO     | trainer_1:_train_one_epoch:193 - epoch 4 7.98s Train loss is [0.5832] 
2024-10-11 11:47:50.497 | INFO     | trainer_1:_train_one_epoch:201 - validate 4 cost time 10.07s, result: {'hit@1': 0.0093, 'ndcg@1': 0.0093, 'hit@5': 0.0364, 'ndcg@5': 0.0226, 'hit@10': 0.0635, 'ndcg@10': 0.0313, 'hit@15': 0.0906, 'ndcg@15': 0.0385, 'hit@20': 0.1131, 'ndcg@20': 0.0438, 'hit@40': 0.1838, 'ndcg@40': 0.0581} 
2024-10-11 11:48:00.364 | INFO     | trainer_1:_train_one_epoch:209 - test 4 cost time 9.87s, result: {'hit@1': 0.0061, 'ndcg@1': 0.0061, 'hit@5': 0.0249, 'ndcg@5': 0.0152, 'hit@10': 0.0431, 'ndcg@10': 0.021, 'hit@15': 0.0603, 'ndcg@15': 0.0256, 'hit@20': 0.0781, 'ndcg@20': 0.0298, 'hit@40': 0.1352, 'ndcg@40': 0.0414} 
2024-10-11 11:48:19.047 | INFO     | trainer_1:_train_one_epoch:193 - epoch 5 7.50s Train loss is [0.5609] 
2024-10-11 11:48:25.786 | INFO     | trainer_1:_train_one_epoch:201 - validate 5 cost time 6.74s, result: {'hit@1': 0.0098, 'ndcg@1': 0.0098, 'hit@5': 0.0342, 'ndcg@5': 0.0219, 'hit@10': 0.0604, 'ndcg@10': 0.0303, 'hit@15': 0.0841, 'ndcg@15': 0.0365, 'hit@20': 0.1061, 'ndcg@20': 0.0417, 'hit@40': 0.1788, 'ndcg@40': 0.0565} 
2024-10-11 11:48:32.846 | INFO     | trainer_1:_train_one_epoch:209 - test 5 cost time 7.06s, result: {'hit@1': 0.0058, 'ndcg@1': 0.0058, 'hit@5': 0.0221, 'ndcg@5': 0.0138, 'hit@10': 0.0389, 'ndcg@10': 0.0191, 'hit@15': 0.0554, 'ndcg@15': 0.0235, 'hit@20': 0.0696, 'ndcg@20': 0.0269, 'hit@40': 0.1244, 'ndcg@40': 0.038} 
2024-10-11 11:48:41.148 | INFO     | trainer_1:_train_one_epoch:193 - epoch 6 8.30s Train loss is [0.5440] 
2024-10-11 11:48:47.649 | INFO     | trainer_1:_train_one_epoch:201 - validate 6 cost time 6.50s, result: {'hit@1': 0.0104, 'ndcg@1': 0.0104, 'hit@5': 0.0382, 'ndcg@5': 0.0242, 'hit@10': 0.0639, 'ndcg@10': 0.0325, 'hit@15': 0.0884, 'ndcg@15': 0.039, 'hit@20': 0.1109, 'ndcg@20': 0.0443, 'hit@40': 0.1809, 'ndcg@40': 0.0585} 
2024-10-11 11:48:52.688 | INFO     | trainer_1:_train_one_epoch:209 - test 6 cost time 5.04s, result: {'hit@1': 0.0057, 'ndcg@1': 0.0057, 'hit@5': 0.0236, 'ndcg@5': 0.0146, 'hit@10': 0.0418, 'ndcg@10': 0.0204, 'hit@15': 0.0576, 'ndcg@15': 0.0246, 'hit@20': 0.0737, 'ndcg@20': 0.0284, 'hit@40': 0.1272, 'ndcg@40': 0.0393} 
2024-10-11 11:48:59.999 | INFO     | trainer_1:_train_one_epoch:193 - epoch 7 7.31s Train loss is [0.5185] 
2024-10-11 11:49:06.665 | INFO     | trainer_1:_train_one_epoch:201 - validate 7 cost time 6.67s, result: {'hit@1': 0.0104, 'ndcg@1': 0.0104, 'hit@5': 0.0399, 'ndcg@5': 0.025, 'hit@10': 0.0703, 'ndcg@10': 0.0347, 'hit@15': 0.0967, 'ndcg@15': 0.0416, 'hit@20': 0.1201, 'ndcg@20': 0.0472, 'hit@40': 0.1928, 'ndcg@40': 0.062} 
2024-10-11 11:49:13.674 | INFO     | trainer_1:_train_one_epoch:209 - test 7 cost time 7.01s, result: {'hit@1': 0.0063, 'ndcg@1': 0.0063, 'hit@5': 0.0233, 'ndcg@5': 0.0147, 'hit@10': 0.0449, 'ndcg@10': 0.0216, 'hit@15': 0.0632, 'ndcg@15': 0.0264, 'hit@20': 0.0802, 'ndcg@20': 0.0304, 'hit@40': 0.1373, 'ndcg@40': 0.0421} 
2024-10-11 11:49:32.692 | INFO     | trainer_1:_train_one_epoch:193 - epoch 8 8.03s Train loss is [0.5017] 
2024-10-11 11:49:37.752 | INFO     | trainer_1:_train_one_epoch:201 - validate 8 cost time 5.06s, result: {'hit@1': 0.0096, 'ndcg@1': 0.0096, 'hit@5': 0.0397, 'ndcg@5': 0.0244, 'hit@10': 0.0673, 'ndcg@10': 0.0333, 'hit@15': 0.0916, 'ndcg@15': 0.0397, 'hit@20': 0.1157, 'ndcg@20': 0.0454, 'hit@40': 0.1931, 'ndcg@40': 0.0611} 
2024-10-11 11:49:42.668 | INFO     | trainer_1:_train_one_epoch:209 - test 8 cost time 4.92s, result: {'hit@1': 0.0065, 'ndcg@1': 0.0065, 'hit@5': 0.0261, 'ndcg@5': 0.0161, 'hit@10': 0.0464, 'ndcg@10': 0.0226, 'hit@15': 0.0629, 'ndcg@15': 0.0269, 'hit@20': 0.0806, 'ndcg@20': 0.0311, 'hit@40': 0.1413, 'ndcg@40': 0.0434} 
2024-10-11 11:50:00.260 | INFO     | trainer_1:_train_one_epoch:193 - epoch 9 7.06s Train loss is [0.4946] 
2024-10-11 11:50:09.305 | INFO     | trainer_1:_train_one_epoch:201 - validate 9 cost time 9.05s, result: {'hit@1': 0.0104, 'ndcg@1': 0.0104, 'hit@5': 0.0439, 'ndcg@5': 0.0271, 'hit@10': 0.0741, 'ndcg@10': 0.0367, 'hit@15': 0.1016, 'ndcg@15': 0.044, 'hit@20': 0.1249, 'ndcg@20': 0.0495, 'hit@40': 0.204, 'ndcg@40': 0.0656} 
2024-10-11 11:50:20.308 | INFO     | trainer_1:_train_one_epoch:209 - test 9 cost time 11.00s, result: {'hit@1': 0.0076, 'ndcg@1': 0.0076, 'hit@5': 0.0264, 'ndcg@5': 0.017, 'hit@10': 0.0478, 'ndcg@10': 0.0239, 'hit@15': 0.0659, 'ndcg@15': 0.0286, 'hit@20': 0.0839, 'ndcg@20': 0.0329, 'hit@40': 0.1457, 'ndcg@40': 0.0455} 
2024-10-11 11:50:40.382 | INFO     | trainer_1:_train_one_epoch:193 - epoch 10 8.88s Train loss is [0.4801] 
2024-10-11 11:50:49.122 | INFO     | trainer_1:_train_one_epoch:201 - validate 10 cost time 8.74s, result: {'hit@1': 0.0101, 'ndcg@1': 0.0101, 'hit@5': 0.0452, 'ndcg@5': 0.0275, 'hit@10': 0.0741, 'ndcg@10': 0.0367, 'hit@15': 0.1, 'ndcg@15': 0.0436, 'hit@20': 0.1243, 'ndcg@20': 0.0493, 'hit@40': 0.2012, 'ndcg@40': 0.065} 
2024-10-11 11:50:57.284 | INFO     | trainer_1:_train_one_epoch:209 - test 10 cost time 8.16s, result: {'hit@1': 0.0079, 'ndcg@1': 0.0079, 'hit@5': 0.029, 'ndcg@5': 0.0184, 'hit@10': 0.051, 'ndcg@10': 0.0254, 'hit@15': 0.0696, 'ndcg@15': 0.0303, 'hit@20': 0.0874, 'ndcg@20': 0.0345, 'hit@40': 0.1467, 'ndcg@40': 0.0466} 
2024-10-11 11:51:26.671 | INFO     | trainer_1:_train_one_epoch:193 - epoch 11 9.37s Train loss is [0.4699] 
2024-10-11 11:51:32.403 | INFO     | trainer_1:_train_one_epoch:201 - validate 11 cost time 5.73s, result: {'hit@1': 0.0117, 'ndcg@1': 0.0117, 'hit@5': 0.0439, 'ndcg@5': 0.0276, 'hit@10': 0.0741, 'ndcg@10': 0.0373, 'hit@15': 0.1005, 'ndcg@15': 0.0443, 'hit@20': 0.1252, 'ndcg@20': 0.0501, 'hit@40': 0.2036, 'ndcg@40': 0.066} 
2024-10-11 11:51:38.517 | INFO     | trainer_1:_train_one_epoch:209 - test 11 cost time 6.11s, result: {'hit@1': 0.0077, 'ndcg@1': 0.0077, 'hit@5': 0.0288, 'ndcg@5': 0.0182, 'hit@10': 0.0506, 'ndcg@10': 0.0251, 'hit@15': 0.0688, 'ndcg@15': 0.03, 'hit@20': 0.0868, 'ndcg@20': 0.0342, 'hit@40': 0.1456, 'ndcg@40': 0.0461} 
2024-10-11 11:51:45.727 | INFO     | trainer_1:_train_one_epoch:193 - epoch 12 7.21s Train loss is [0.4496] 
2024-10-11 11:51:54.866 | INFO     | trainer_1:_train_one_epoch:201 - validate 12 cost time 9.14s, result: {'hit@1': 0.0122, 'ndcg@1': 0.0122, 'hit@5': 0.0421, 'ndcg@5': 0.0269, 'hit@10': 0.0703, 'ndcg@10': 0.0359, 'hit@15': 0.0976, 'ndcg@15': 0.0431, 'hit@20': 0.1207, 'ndcg@20': 0.0486, 'hit@40': 0.2006, 'ndcg@40': 0.0649} 
2024-10-11 11:52:03.859 | INFO     | trainer_1:_train_one_epoch:209 - test 12 cost time 8.99s, result: {'hit@1': 0.0061, 'ndcg@1': 0.0061, 'hit@5': 0.0267, 'ndcg@5': 0.0163, 'hit@10': 0.0469, 'ndcg@10': 0.0228, 'hit@15': 0.0654, 'ndcg@15': 0.0277, 'hit@20': 0.0812, 'ndcg@20': 0.0314, 'hit@40': 0.1404, 'ndcg@40': 0.0435} 
2024-10-11 11:52:12.756 | INFO     | trainer_1:_train_one_epoch:193 - epoch 13 8.90s Train loss is [0.4533] 
2024-10-11 11:52:18.727 | INFO     | trainer_1:_train_one_epoch:201 - validate 13 cost time 5.97s, result: {'hit@1': 0.0133, 'ndcg@1': 0.0133, 'hit@5': 0.0465, 'ndcg@5': 0.0298, 'hit@10': 0.0782, 'ndcg@10': 0.0399, 'hit@15': 0.1046, 'ndcg@15': 0.0469, 'hit@20': 0.1274, 'ndcg@20': 0.0523, 'hit@40': 0.2033, 'ndcg@40': 0.0677} 
2024-10-11 11:52:25.402 | INFO     | trainer_1:_train_one_epoch:209 - test 13 cost time 6.67s, result: {'hit@1': 0.0076, 'ndcg@1': 0.0076, 'hit@5': 0.0299, 'ndcg@5': 0.0186, 'hit@10': 0.0519, 'ndcg@10': 0.0257, 'hit@15': 0.0712, 'ndcg@15': 0.0308, 'hit@20': 0.087, 'ndcg@20': 0.0345, 'hit@40': 0.1429, 'ndcg@40': 0.0459} 
2024-10-11 11:52:43.525 | INFO     | trainer_1:_train_one_epoch:193 - epoch 14 6.71s Train loss is [0.4469] 
2024-10-11 11:52:49.733 | INFO     | trainer_1:_train_one_epoch:201 - validate 14 cost time 6.21s, result: {'hit@1': 0.0136, 'ndcg@1': 0.0136, 'hit@5': 0.0503, 'ndcg@5': 0.0319, 'hit@10': 0.0811, 'ndcg@10': 0.0418, 'hit@15': 0.1087, 'ndcg@15': 0.0491, 'hit@20': 0.1351, 'ndcg@20': 0.0553, 'hit@40': 0.2111, 'ndcg@40': 0.0708} 
2024-10-11 11:52:54.805 | INFO     | trainer_1:_train_one_epoch:209 - test 14 cost time 5.07s, result: {'hit@1': 0.0095, 'ndcg@1': 0.0095, 'hit@5': 0.0322, 'ndcg@5': 0.0207, 'hit@10': 0.0537, 'ndcg@10': 0.0276, 'hit@15': 0.0745, 'ndcg@15': 0.033, 'hit@20': 0.0918, 'ndcg@20': 0.0371, 'hit@40': 0.15, 'ndcg@40': 0.0489} 
2024-10-11 11:53:16.705 | INFO     | trainer_1:_train_one_epoch:193 - epoch 15 10.11s Train loss is [0.4246] 
2024-10-11 11:53:25.758 | INFO     | trainer_1:_train_one_epoch:201 - validate 15 cost time 9.05s, result: {'hit@1': 0.0145, 'ndcg@1': 0.0145, 'hit@5': 0.0518, 'ndcg@5': 0.0332, 'hit@10': 0.0867, 'ndcg@10': 0.0444, 'hit@15': 0.1152, 'ndcg@15': 0.0519, 'hit@20': 0.141, 'ndcg@20': 0.058, 'hit@40': 0.2219, 'ndcg@40': 0.0745} 
2024-10-11 11:53:34.502 | INFO     | trainer_1:_train_one_epoch:209 - test 15 cost time 8.74s, result: {'hit@1': 0.0088, 'ndcg@1': 0.0088, 'hit@5': 0.0341, 'ndcg@5': 0.0214, 'hit@10': 0.0585, 'ndcg@10': 0.0292, 'hit@15': 0.077, 'ndcg@15': 0.0341, 'hit@20': 0.0959, 'ndcg@20': 0.0386, 'hit@40': 0.157, 'ndcg@40': 0.051} 
2024-10-11 11:53:55.096 | INFO     | trainer_1:_train_one_epoch:193 - epoch 16 8.79s Train loss is [0.4264] 
2024-10-11 11:54:04.207 | INFO     | trainer_1:_train_one_epoch:201 - validate 16 cost time 9.11s, result: {'hit@1': 0.0143, 'ndcg@1': 0.0143, 'hit@5': 0.0504, 'ndcg@5': 0.0323, 'hit@10': 0.0842, 'ndcg@10': 0.0432, 'hit@15': 0.113, 'ndcg@15': 0.0507, 'hit@20': 0.1399, 'ndcg@20': 0.0571, 'hit@40': 0.2213, 'ndcg@40': 0.0737} 
2024-10-11 11:54:12.988 | INFO     | trainer_1:_train_one_epoch:209 - test 16 cost time 8.78s, result: {'hit@1': 0.0096, 'ndcg@1': 0.0096, 'hit@5': 0.0319, 'ndcg@5': 0.0205, 'hit@10': 0.055, 'ndcg@10': 0.028, 'hit@15': 0.0754, 'ndcg@15': 0.0333, 'hit@20': 0.0928, 'ndcg@20': 0.0375, 'hit@40': 0.1539, 'ndcg@40': 0.0499} 
2024-10-11 11:54:21.769 | INFO     | trainer_1:_train_one_epoch:193 - epoch 17 8.78s Train loss is [0.4177] 
2024-10-11 11:54:27.046 | INFO     | trainer_1:_train_one_epoch:201 - validate 17 cost time 5.28s, result: {'hit@1': 0.0148, 'ndcg@1': 0.0148, 'hit@5': 0.0549, 'ndcg@5': 0.0348, 'hit@10': 0.09, 'ndcg@10': 0.046, 'hit@15': 0.1202, 'ndcg@15': 0.054, 'hit@20': 0.1498, 'ndcg@20': 0.061, 'hit@40': 0.2354, 'ndcg@40': 0.0785} 
2024-10-11 11:54:32.397 | INFO     | trainer_1:_train_one_epoch:209 - test 17 cost time 5.35s, result: {'hit@1': 0.0102, 'ndcg@1': 0.0102, 'hit@5': 0.0359, 'ndcg@5': 0.0229, 'hit@10': 0.0592, 'ndcg@10': 0.0304, 'hit@15': 0.0816, 'ndcg@15': 0.0363, 'hit@20': 0.1022, 'ndcg@20': 0.0412, 'hit@40': 0.1698, 'ndcg@40': 0.0549} 
2024-10-11 11:54:52.157 | INFO     | trainer_1:_train_one_epoch:193 - epoch 18 8.70s Train loss is [0.4091] 
2024-10-11 11:54:59.482 | INFO     | trainer_1:_train_one_epoch:201 - validate 18 cost time 7.32s, result: {'hit@1': 0.0145, 'ndcg@1': 0.0145, 'hit@5': 0.0525, 'ndcg@5': 0.0335, 'hit@10': 0.0861, 'ndcg@10': 0.0443, 'hit@15': 0.1146, 'ndcg@15': 0.0518, 'hit@20': 0.1401, 'ndcg@20': 0.0578, 'hit@40': 0.2212, 'ndcg@40': 0.0744} 
2024-10-11 11:55:06.329 | INFO     | trainer_1:_train_one_epoch:209 - test 18 cost time 6.85s, result: {'hit@1': 0.0097, 'ndcg@1': 0.0097, 'hit@5': 0.0351, 'ndcg@5': 0.0222, 'hit@10': 0.0588, 'ndcg@10': 0.0297, 'hit@15': 0.0783, 'ndcg@15': 0.0349, 'hit@20': 0.0961, 'ndcg@20': 0.0391, 'hit@40': 0.1568, 'ndcg@40': 0.0514} 
2024-10-11 11:55:14.836 | INFO     | trainer_1:_train_one_epoch:193 - epoch 19 8.51s Train loss is [0.4079] 
2024-10-11 11:55:21.377 | INFO     | trainer_1:_train_one_epoch:201 - validate 19 cost time 6.54s, result: {'hit@1': 0.0151, 'ndcg@1': 0.0151, 'hit@5': 0.0524, 'ndcg@5': 0.0338, 'hit@10': 0.0874, 'ndcg@10': 0.045, 'hit@15': 0.1152, 'ndcg@15': 0.0523, 'hit@20': 0.1429, 'ndcg@20': 0.0589, 'hit@40': 0.225, 'ndcg@40': 0.0756} 
2024-10-11 11:55:28.179 | INFO     | trainer_1:_train_one_epoch:209 - test 19 cost time 6.80s, result: {'hit@1': 0.0093, 'ndcg@1': 0.0093, 'hit@5': 0.0345, 'ndcg@5': 0.0219, 'hit@10': 0.0587, 'ndcg@10': 0.0296, 'hit@15': 0.0796, 'ndcg@15': 0.0351, 'hit@20': 0.0992, 'ndcg@20': 0.0397, 'hit@40': 0.1612, 'ndcg@40': 0.0523} 
2024-10-11 11:55:36.846 | INFO     | trainer_1:_train_one_epoch:193 - epoch 20 8.67s Train loss is [0.3972] 
2024-10-11 11:55:44.157 | INFO     | trainer_1:_train_one_epoch:201 - validate 20 cost time 7.31s, result: {'hit@1': 0.0148, 'ndcg@1': 0.0148, 'hit@5': 0.0517, 'ndcg@5': 0.0333, 'hit@10': 0.0884, 'ndcg@10': 0.045, 'hit@15': 0.1157, 'ndcg@15': 0.0522, 'hit@20': 0.1413, 'ndcg@20': 0.0583, 'hit@40': 0.2257, 'ndcg@40': 0.0755} 
2024-10-11 11:55:50.584 | INFO     | trainer_1:_train_one_epoch:209 - test 20 cost time 6.43s, result: {'hit@1': 0.009, 'ndcg@1': 0.009, 'hit@5': 0.0351, 'ndcg@5': 0.022, 'hit@10': 0.0587, 'ndcg@10': 0.0296, 'hit@15': 0.0803, 'ndcg@15': 0.0353, 'hit@20': 0.1003, 'ndcg@20': 0.04, 'hit@40': 0.1636, 'ndcg@40': 0.0529} 
2024-10-11 11:55:59.280 | INFO     | trainer_1:_train_one_epoch:193 - epoch 21 8.70s Train loss is [0.3908] 
2024-10-11 11:56:06.611 | INFO     | trainer_1:_train_one_epoch:201 - validate 21 cost time 7.33s, result: {'hit@1': 0.0151, 'ndcg@1': 0.0151, 'hit@5': 0.0545, 'ndcg@5': 0.0348, 'hit@10': 0.0905, 'ndcg@10': 0.0463, 'hit@15': 0.1215, 'ndcg@15': 0.0545, 'hit@20': 0.1451, 'ndcg@20': 0.0601, 'hit@40': 0.2339, 'ndcg@40': 0.0781} 
2024-10-11 11:56:13.752 | INFO     | trainer_1:_train_one_epoch:209 - test 21 cost time 7.14s, result: {'hit@1': 0.0098, 'ndcg@1': 0.0098, 'hit@5': 0.036, 'ndcg@5': 0.0229, 'hit@10': 0.0606, 'ndcg@10': 0.0308, 'hit@15': 0.0803, 'ndcg@15': 0.036, 'hit@20': 0.099, 'ndcg@20': 0.0404, 'hit@40': 0.1632, 'ndcg@40': 0.0534} 
2024-10-11 11:56:33.113 | INFO     | trainer_1:_train_one_epoch:193 - epoch 22 8.71s Train loss is [0.3832] 
2024-10-11 11:56:40.094 | INFO     | trainer_1:_train_one_epoch:201 - validate 22 cost time 6.98s, result: {'hit@1': 0.0152, 'ndcg@1': 0.0152, 'hit@5': 0.0542, 'ndcg@5': 0.0349, 'hit@10': 0.0907, 'ndcg@10': 0.0466, 'hit@15': 0.1207, 'ndcg@15': 0.0545, 'hit@20': 0.1491, 'ndcg@20': 0.0612, 'hit@40': 0.2358, 'ndcg@40': 0.0788} 
2024-10-11 11:56:47.288 | INFO     | trainer_1:_train_one_epoch:209 - test 22 cost time 7.19s, result: {'hit@1': 0.0093, 'ndcg@1': 0.0093, 'hit@5': 0.0361, 'ndcg@5': 0.0226, 'hit@10': 0.0608, 'ndcg@10': 0.0306, 'hit@15': 0.0836, 'ndcg@15': 0.0366, 'hit@20': 0.103, 'ndcg@20': 0.0411, 'hit@40': 0.1665, 'ndcg@40': 0.054} 
2024-10-11 11:57:06.632 | INFO     | trainer_1:_train_one_epoch:193 - epoch 23 8.88s Train loss is [0.3867] 
2024-10-11 11:57:12.983 | INFO     | trainer_1:_train_one_epoch:201 - validate 23 cost time 6.35s, result: {'hit@1': 0.0152, 'ndcg@1': 0.0152, 'hit@5': 0.0549, 'ndcg@5': 0.035, 'hit@10': 0.0913, 'ndcg@10': 0.0467, 'hit@15': 0.1235, 'ndcg@15': 0.0552, 'hit@20': 0.1488, 'ndcg@20': 0.0612, 'hit@40': 0.2369, 'ndcg@40': 0.0791} 
2024-10-11 11:57:19.806 | INFO     | trainer_1:_train_one_epoch:209 - test 23 cost time 6.82s, result: {'hit@1': 0.0091, 'ndcg@1': 0.0091, 'hit@5': 0.0363, 'ndcg@5': 0.0227, 'hit@10': 0.0619, 'ndcg@10': 0.0309, 'hit@15': 0.0831, 'ndcg@15': 0.0365, 'hit@20': 0.1008, 'ndcg@20': 0.0406, 'hit@40': 0.1654, 'ndcg@40': 0.0538} 
2024-10-11 11:57:39.271 | INFO     | trainer_1:_train_one_epoch:193 - epoch 24 8.65s Train loss is [0.3918] 
2024-10-11 11:57:46.073 | INFO     | trainer_1:_train_one_epoch:201 - validate 24 cost time 6.80s, result: {'hit@1': 0.0148, 'ndcg@1': 0.0148, 'hit@5': 0.0541, 'ndcg@5': 0.0346, 'hit@10': 0.0886, 'ndcg@10': 0.0457, 'hit@15': 0.1205, 'ndcg@15': 0.0541, 'hit@20': 0.1472, 'ndcg@20': 0.0604, 'hit@40': 0.2321, 'ndcg@40': 0.0777} 
2024-10-11 11:57:53.262 | INFO     | trainer_1:_train_one_epoch:209 - test 24 cost time 7.19s, result: {'hit@1': 0.0088, 'ndcg@1': 0.0088, 'hit@5': 0.0377, 'ndcg@5': 0.0233, 'hit@10': 0.0625, 'ndcg@10': 0.0312, 'hit@15': 0.0837, 'ndcg@15': 0.0368, 'hit@20': 0.1007, 'ndcg@20': 0.0408, 'hit@40': 0.1649, 'ndcg@40': 0.0539} 
2024-10-11 11:58:12.438 | INFO     | trainer_1:_train_one_epoch:193 - epoch 25 8.44s Train loss is [0.3821] 
2024-10-11 11:58:18.947 | INFO     | trainer_1:_train_one_epoch:201 - validate 25 cost time 6.51s, result: {'hit@1': 0.0162, 'ndcg@1': 0.0162, 'hit@5': 0.0572, 'ndcg@5': 0.0369, 'hit@10': 0.0944, 'ndcg@10': 0.0489, 'hit@15': 0.1274, 'ndcg@15': 0.0576, 'hit@20': 0.1513, 'ndcg@20': 0.0632, 'hit@40': 0.2355, 'ndcg@40': 0.0804} 
2024-10-11 11:58:25.834 | INFO     | trainer_1:_train_one_epoch:209 - test 25 cost time 6.89s, result: {'hit@1': 0.0101, 'ndcg@1': 0.0101, 'hit@5': 0.0388, 'ndcg@5': 0.0246, 'hit@10': 0.064, 'ndcg@10': 0.0327, 'hit@15': 0.0851, 'ndcg@15': 0.0383, 'hit@20': 0.1049, 'ndcg@20': 0.043, 'hit@40': 0.1682, 'ndcg@40': 0.0558} 
2024-10-11 11:58:44.922 | INFO     | trainer_1:_train_one_epoch:193 - epoch 26 8.63s Train loss is [0.3729] 
2024-10-11 11:58:51.693 | INFO     | trainer_1:_train_one_epoch:201 - validate 26 cost time 6.77s, result: {'hit@1': 0.0149, 'ndcg@1': 0.0149, 'hit@5': 0.0566, 'ndcg@5': 0.0357, 'hit@10': 0.0908, 'ndcg@10': 0.0466, 'hit@15': 0.1227, 'ndcg@15': 0.0551, 'hit@20': 0.1503, 'ndcg@20': 0.0616, 'hit@40': 0.2377, 'ndcg@40': 0.0794} 
2024-10-11 11:58:58.857 | INFO     | trainer_1:_train_one_epoch:209 - test 26 cost time 7.16s, result: {'hit@1': 0.0097, 'ndcg@1': 0.0097, 'hit@5': 0.0381, 'ndcg@5': 0.0237, 'hit@10': 0.0619, 'ndcg@10': 0.0313, 'hit@15': 0.0838, 'ndcg@15': 0.037, 'hit@20': 0.1025, 'ndcg@20': 0.0414, 'hit@40': 0.1692, 'ndcg@40': 0.055} 
2024-10-11 11:59:07.450 | INFO     | trainer_1:_train_one_epoch:193 - epoch 27 8.59s Train loss is [0.3733] 
2024-10-11 11:59:13.638 | INFO     | trainer_1:_train_one_epoch:201 - validate 27 cost time 6.19s, result: {'hit@1': 0.0155, 'ndcg@1': 0.0155, 'hit@5': 0.0557, 'ndcg@5': 0.0357, 'hit@10': 0.0898, 'ndcg@10': 0.0465, 'hit@15': 0.1196, 'ndcg@15': 0.0544, 'hit@20': 0.1465, 'ndcg@20': 0.0608, 'hit@40': 0.2298, 'ndcg@40': 0.0777} 
2024-10-11 11:59:18.542 | INFO     | trainer_1:_train_one_epoch:209 - test 27 cost time 4.90s, result: {'hit@1': 0.0097, 'ndcg@1': 0.0097, 'hit@5': 0.0371, 'ndcg@5': 0.0235, 'hit@10': 0.0611, 'ndcg@10': 0.0312, 'hit@15': 0.084, 'ndcg@15': 0.0372, 'hit@20': 0.1026, 'ndcg@20': 0.0416, 'hit@40': 0.1667, 'ndcg@40': 0.0547} 
2024-10-11 11:59:27.184 | INFO     | trainer_1:_train_one_epoch:193 - epoch 28 8.64s Train loss is [0.3762] 
2024-10-11 11:59:34.216 | INFO     | trainer_1:_train_one_epoch:201 - validate 28 cost time 7.03s, result: {'hit@1': 0.0157, 'ndcg@1': 0.0157, 'hit@5': 0.0543, 'ndcg@5': 0.035, 'hit@10': 0.0897, 'ndcg@10': 0.0464, 'hit@15': 0.1203, 'ndcg@15': 0.0544, 'hit@20': 0.1463, 'ndcg@20': 0.0605, 'hit@40': 0.2317, 'ndcg@40': 0.0779} 
2024-10-11 11:59:41.412 | INFO     | trainer_1:_train_one_epoch:209 - test 28 cost time 7.20s, result: {'hit@1': 0.01, 'ndcg@1': 0.01, 'hit@5': 0.0364, 'ndcg@5': 0.0232, 'hit@10': 0.0613, 'ndcg@10': 0.0311, 'hit@15': 0.0812, 'ndcg@15': 0.0364, 'hit@20': 0.1008, 'ndcg@20': 0.041, 'hit@40': 0.1641, 'ndcg@40': 0.0539} 
2024-10-11 11:59:50.175 | INFO     | trainer_1:_train_one_epoch:193 - epoch 29 8.76s Train loss is [0.3751] 
2024-10-11 11:59:56.740 | INFO     | trainer_1:_train_one_epoch:201 - validate 29 cost time 6.56s, result: {'hit@1': 0.0149, 'ndcg@1': 0.0149, 'hit@5': 0.055, 'ndcg@5': 0.0347, 'hit@10': 0.0884, 'ndcg@10': 0.0454, 'hit@15': 0.1197, 'ndcg@15': 0.0537, 'hit@20': 0.1443, 'ndcg@20': 0.0595, 'hit@40': 0.2264, 'ndcg@40': 0.0762} 
2024-10-11 12:00:03.272 | INFO     | trainer_1:_train_one_epoch:209 - test 29 cost time 6.53s, result: {'hit@1': 0.0093, 'ndcg@1': 0.0093, 'hit@5': 0.0374, 'ndcg@5': 0.0233, 'hit@10': 0.0604, 'ndcg@10': 0.0307, 'hit@15': 0.081, 'ndcg@15': 0.0361, 'hit@20': 0.1, 'ndcg@20': 0.0406, 'hit@40': 0.1639, 'ndcg@40': 0.0536} 
2024-10-11 12:00:11.957 | INFO     | trainer_1:_train_one_epoch:193 - epoch 30 8.68s Train loss is [0.3747] 
2024-10-11 12:00:19.195 | INFO     | trainer_1:_train_one_epoch:201 - validate 30 cost time 7.24s, result: {'hit@1': 0.0163, 'ndcg@1': 0.0163, 'hit@5': 0.0566, 'ndcg@5': 0.0364, 'hit@10': 0.0914, 'ndcg@10': 0.0475, 'hit@15': 0.1227, 'ndcg@15': 0.0558, 'hit@20': 0.149, 'ndcg@20': 0.062, 'hit@40': 0.2353, 'ndcg@40': 0.0796} 
2024-10-11 12:00:25.891 | INFO     | trainer_1:_train_one_epoch:209 - test 30 cost time 6.70s, result: {'hit@1': 0.0108, 'ndcg@1': 0.0108, 'hit@5': 0.0381, 'ndcg@5': 0.0244, 'hit@10': 0.0611, 'ndcg@10': 0.0317, 'hit@15': 0.0816, 'ndcg@15': 0.0371, 'hit@20': 0.1005, 'ndcg@20': 0.0416, 'hit@40': 0.1638, 'ndcg@40': 0.0545} 
2024-10-11 12:00:25.902 | INFO     | trainer_1:train_model:163 - training end, best iteration 25, results: {'hit@1': 0.0162, 'ndcg@1': 0.0162, 'hit@5': 0.0572, 'ndcg@5': 0.0369, 'hit@10': 0.0944, 'ndcg@10': 0.0489, 'hit@15': 0.1274, 'ndcg@15': 0.0576, 'hit@20': 0.1513, 'ndcg@20': 0.0632, 'hit@40': 0.2355, 'ndcg@40': 0.0804}
2024-10-11 12:00:25.902 | INFO     | trainer_1:train_model:166 - final test result is:  {'hit@1': 0.0101, 'ndcg@1': 0.0101, 'hit@5': 0.0388, 'ndcg@5': 0.0246, 'hit@10': 0.064, 'ndcg@10': 0.0327, 'hit@15': 0.0851, 'ndcg@15': 0.0383, 'hit@20': 0.1049, 'ndcg@20': 0.043, 'hit@40': 0.1682, 'ndcg@40': 0.0558}
2024-10-11 12:00:26.183 | INFO     | __main__:<module>:119 - train end total cost time: 1875.3825643062592
