2024-10-11 17:58:33.816 | INFO     | __main__:<module>:105 - Namespace(TIME='2024-10-11 17_57_51', batch_size=1024, behaviors=['view', 'cart', 'buy'], check_point='model_pre_1_2024-10-08 12_42_42.pth', data_name='beibei', data_path='./data/beibei', decay=0.001, device='cuda:1', dim_qk=32, dim_v=64, distill_layers=2, distill_thres=0.5, distill_topK=40, distill_userK=2, embedding_size=64, epochs=100, gpu_no=1, if_load_model=True, ii_lambda=200, initializer_range=0.02, layers=2, loss_type='bpr', lr=0.001, message_dropout=0.25, metrics=['hit', 'ndcg'], min_epoch=5, model_name='main_1', model_path='./check_point', node_dropout=0.75, omega=1, pt_loop=50, reg_weight=0.001, test_batch_size=1024, testbatch=1024, topk=[1, 5, 10, 15, 20, 40], uu_lambda=100)
2024-10-11 17:58:33.817 | INFO     | __main__:<module>:106 - BIPN(
  (message_dropout): Dropout(p=0.25, inplace=False)
  (user_embedding): Embedding(21717, 64, padding_idx=0)
  (item_embedding): Embedding(7978, 64, padding_idx=0)
  (global_Graph): LightGCN()
  (Graph_encoder): ModuleDict(
    (view): GraphEncoder(
      (light): LightGCN()
      (dropout): Dropout(p=0.75, inplace=False)
    )
    (cart): GraphEncoder(
      (light): LightGCN()
      (dropout): Dropout(p=0.75, inplace=False)
    )
    (buy): GraphEncoder(
      (light): LightGCN()
      (dropout): Dropout(p=0.75, inplace=False)
    )
  )
  (attention): Mutual_Attention()
  (bpr_loss): BPRLoss()
  (emb_loss): EmbLoss()
  (f): Sigmoid()
)
2024-10-11 18:06:40.722 | INFO     | trainer_1:_train_one_epoch:193 - epoch 1 7.87s Train loss is [0.9776] 
2024-10-11 18:06:49.778 | INFO     | trainer_1:_train_one_epoch:201 - validate 1 cost time 9.06s, result: {'hit@1': 0.0058, 'ndcg@1': 0.0058, 'hit@5': 0.0234, 'ndcg@5': 0.0145, 'hit@10': 0.0412, 'ndcg@10': 0.0202, 'hit@15': 0.058, 'ndcg@15': 0.0246, 'hit@20': 0.0741, 'ndcg@20': 0.0284, 'hit@40': 0.1302, 'ndcg@40': 0.0398} 
2024-10-11 18:06:59.836 | INFO     | trainer_1:_train_one_epoch:209 - test 1 cost time 10.06s, result: {'hit@1': 0.0032, 'ndcg@1': 0.0032, 'hit@5': 0.0166, 'ndcg@5': 0.0098, 'hit@10': 0.0303, 'ndcg@10': 0.0142, 'hit@15': 0.0425, 'ndcg@15': 0.0174, 'hit@20': 0.0556, 'ndcg@20': 0.0205, 'hit@40': 0.0992, 'ndcg@40': 0.0293} 
2024-10-11 18:07:25.937 | INFO     | trainer_1:_train_one_epoch:193 - epoch 2 10.92s Train loss is [0.7571] 
2024-10-11 18:07:35.396 | INFO     | trainer_1:_train_one_epoch:201 - validate 2 cost time 9.46s, result: {'hit@1': 0.0082, 'ndcg@1': 0.0082, 'hit@5': 0.0321, 'ndcg@5': 0.0201, 'hit@10': 0.0562, 'ndcg@10': 0.0278, 'hit@15': 0.0783, 'ndcg@15': 0.0337, 'hit@20': 0.0962, 'ndcg@20': 0.0379, 'hit@40': 0.1578, 'ndcg@40': 0.0504} 
2024-10-11 18:07:43.884 | INFO     | trainer_1:_train_one_epoch:209 - test 2 cost time 8.49s, result: {'hit@1': 0.0041, 'ndcg@1': 0.0041, 'hit@5': 0.0198, 'ndcg@5': 0.0118, 'hit@10': 0.0365, 'ndcg@10': 0.0171, 'hit@15': 0.0525, 'ndcg@15': 0.0214, 'hit@20': 0.0657, 'ndcg@20': 0.0245, 'hit@40': 0.1132, 'ndcg@40': 0.0342} 
2024-10-11 18:08:11.950 | INFO     | trainer_1:_train_one_epoch:193 - epoch 3 9.68s Train loss is [0.6555] 
2024-10-11 18:08:21.488 | INFO     | trainer_1:_train_one_epoch:201 - validate 3 cost time 9.54s, result: {'hit@1': 0.0077, 'ndcg@1': 0.0077, 'hit@5': 0.033, 'ndcg@5': 0.0201, 'hit@10': 0.0593, 'ndcg@10': 0.0285, 'hit@15': 0.0812, 'ndcg@15': 0.0343, 'hit@20': 0.1014, 'ndcg@20': 0.0391, 'hit@40': 0.1655, 'ndcg@40': 0.0521} 
2024-10-11 18:08:30.827 | INFO     | trainer_1:_train_one_epoch:209 - test 3 cost time 9.34s, result: {'hit@1': 0.0048, 'ndcg@1': 0.0048, 'hit@5': 0.022, 'ndcg@5': 0.0134, 'hit@10': 0.0407, 'ndcg@10': 0.0194, 'hit@15': 0.0562, 'ndcg@15': 0.0235, 'hit@20': 0.0717, 'ndcg@20': 0.0271, 'hit@40': 0.1257, 'ndcg@40': 0.0381} 
2024-10-11 18:08:54.881 | INFO     | trainer_1:_train_one_epoch:193 - epoch 4 8.00s Train loss is [0.5821] 
2024-10-11 18:09:04.753 | INFO     | trainer_1:_train_one_epoch:201 - validate 4 cost time 9.87s, result: {'hit@1': 0.0091, 'ndcg@1': 0.0091, 'hit@5': 0.0364, 'ndcg@5': 0.0224, 'hit@10': 0.0635, 'ndcg@10': 0.0311, 'hit@15': 0.09, 'ndcg@15': 0.0381, 'hit@20': 0.1119, 'ndcg@20': 0.0433, 'hit@40': 0.1835, 'ndcg@40': 0.0578} 
2024-10-11 18:09:13.899 | INFO     | trainer_1:_train_one_epoch:209 - test 4 cost time 9.15s, result: {'hit@1': 0.0058, 'ndcg@1': 0.0058, 'hit@5': 0.0248, 'ndcg@5': 0.0151, 'hit@10': 0.0426, 'ndcg@10': 0.0208, 'hit@15': 0.06, 'ndcg@15': 0.0254, 'hit@20': 0.078, 'ndcg@20': 0.0296, 'hit@40': 0.1348, 'ndcg@40': 0.0412} 
2024-10-11 18:09:34.804 | INFO     | trainer_1:_train_one_epoch:193 - epoch 5 9.69s Train loss is [0.5604] 
2024-10-11 18:09:44.359 | INFO     | trainer_1:_train_one_epoch:201 - validate 5 cost time 9.55s, result: {'hit@1': 0.0097, 'ndcg@1': 0.0097, 'hit@5': 0.0343, 'ndcg@5': 0.0219, 'hit@10': 0.0605, 'ndcg@10': 0.0302, 'hit@15': 0.0841, 'ndcg@15': 0.0365, 'hit@20': 0.1065, 'ndcg@20': 0.0418, 'hit@40': 0.1782, 'ndcg@40': 0.0563} 
2024-10-11 18:09:53.697 | INFO     | trainer_1:_train_one_epoch:209 - test 5 cost time 9.34s, result: {'hit@1': 0.0058, 'ndcg@1': 0.0058, 'hit@5': 0.0221, 'ndcg@5': 0.0137, 'hit@10': 0.0385, 'ndcg@10': 0.019, 'hit@15': 0.0552, 'ndcg@15': 0.0234, 'hit@20': 0.0697, 'ndcg@20': 0.0268, 'hit@40': 0.1254, 'ndcg@40': 0.0381} 
2024-10-11 18:10:01.883 | INFO     | trainer_1:_train_one_epoch:193 - epoch 6 8.18s Train loss is [0.5437] 
2024-10-11 18:10:07.527 | INFO     | trainer_1:_train_one_epoch:201 - validate 6 cost time 5.64s, result: {'hit@1': 0.0098, 'ndcg@1': 0.0098, 'hit@5': 0.0382, 'ndcg@5': 0.024, 'hit@10': 0.0649, 'ndcg@10': 0.0325, 'hit@15': 0.0888, 'ndcg@15': 0.0388, 'hit@20': 0.1117, 'ndcg@20': 0.0442, 'hit@40': 0.1819, 'ndcg@40': 0.0585} 
2024-10-11 18:10:12.511 | INFO     | trainer_1:_train_one_epoch:209 - test 6 cost time 4.98s, result: {'hit@1': 0.0059, 'ndcg@1': 0.0059, 'hit@5': 0.0236, 'ndcg@5': 0.0148, 'hit@10': 0.0422, 'ndcg@10': 0.0208, 'hit@15': 0.0583, 'ndcg@15': 0.025, 'hit@20': 0.0737, 'ndcg@20': 0.0286, 'hit@40': 0.1269, 'ndcg@40': 0.0394} 
2024-10-11 18:10:21.184 | INFO     | trainer_1:_train_one_epoch:193 - epoch 7 8.67s Train loss is [0.5177] 
2024-10-11 18:10:28.632 | INFO     | trainer_1:_train_one_epoch:201 - validate 7 cost time 7.45s, result: {'hit@1': 0.0103, 'ndcg@1': 0.0103, 'hit@5': 0.0399, 'ndcg@5': 0.0249, 'hit@10': 0.071, 'ndcg@10': 0.0349, 'hit@15': 0.0967, 'ndcg@15': 0.0416, 'hit@20': 0.12, 'ndcg@20': 0.0472, 'hit@40': 0.193, 'ndcg@40': 0.062} 
2024-10-11 18:10:38.033 | INFO     | trainer_1:_train_one_epoch:209 - test 7 cost time 9.40s, result: {'hit@1': 0.0063, 'ndcg@1': 0.0063, 'hit@5': 0.0237, 'ndcg@5': 0.0149, 'hit@10': 0.0451, 'ndcg@10': 0.0217, 'hit@15': 0.0632, 'ndcg@15': 0.0265, 'hit@20': 0.0802, 'ndcg@20': 0.0305, 'hit@40': 0.1382, 'ndcg@40': 0.0423} 
2024-10-11 18:11:11.436 | INFO     | trainer_1:_train_one_epoch:193 - epoch 8 10.78s Train loss is [0.5010] 
2024-10-11 18:11:21.219 | INFO     | trainer_1:_train_one_epoch:201 - validate 8 cost time 9.78s, result: {'hit@1': 0.0095, 'ndcg@1': 0.0095, 'hit@5': 0.04, 'ndcg@5': 0.0245, 'hit@10': 0.0675, 'ndcg@10': 0.0334, 'hit@15': 0.0917, 'ndcg@15': 0.0398, 'hit@20': 0.116, 'ndcg@20': 0.0455, 'hit@40': 0.1934, 'ndcg@40': 0.0613} 
2024-10-11 18:11:29.583 | INFO     | trainer_1:_train_one_epoch:209 - test 8 cost time 8.36s, result: {'hit@1': 0.0067, 'ndcg@1': 0.0067, 'hit@5': 0.0262, 'ndcg@5': 0.0162, 'hit@10': 0.0469, 'ndcg@10': 0.0228, 'hit@15': 0.0629, 'ndcg@15': 0.027, 'hit@20': 0.0811, 'ndcg@20': 0.0313, 'hit@40': 0.1405, 'ndcg@40': 0.0434} 
2024-10-11 18:11:48.994 | INFO     | trainer_1:_train_one_epoch:193 - epoch 9 8.05s Train loss is [0.4945] 
2024-10-11 18:11:57.735 | INFO     | trainer_1:_train_one_epoch:201 - validate 9 cost time 8.74s, result: {'hit@1': 0.0105, 'ndcg@1': 0.0105, 'hit@5': 0.0442, 'ndcg@5': 0.0272, 'hit@10': 0.0744, 'ndcg@10': 0.0369, 'hit@15': 0.1023, 'ndcg@15': 0.0442, 'hit@20': 0.1245, 'ndcg@20': 0.0495, 'hit@40': 0.2066, 'ndcg@40': 0.0661} 
2024-10-11 18:12:06.885 | INFO     | trainer_1:_train_one_epoch:209 - test 9 cost time 9.15s, result: {'hit@1': 0.0076, 'ndcg@1': 0.0076, 'hit@5': 0.0268, 'ndcg@5': 0.0171, 'hit@10': 0.0478, 'ndcg@10': 0.0239, 'hit@15': 0.0658, 'ndcg@15': 0.0286, 'hit@20': 0.0843, 'ndcg@20': 0.033, 'hit@40': 0.1464, 'ndcg@40': 0.0456} 
2024-10-11 18:12:37.172 | INFO     | trainer_1:_train_one_epoch:193 - epoch 10 9.33s Train loss is [0.4802] 
2024-10-11 18:12:46.201 | INFO     | trainer_1:_train_one_epoch:201 - validate 10 cost time 9.03s, result: {'hit@1': 0.0106, 'ndcg@1': 0.0106, 'hit@5': 0.0447, 'ndcg@5': 0.0275, 'hit@10': 0.0741, 'ndcg@10': 0.037, 'hit@15': 0.1015, 'ndcg@15': 0.0442, 'hit@20': 0.1248, 'ndcg@20': 0.0497, 'hit@40': 0.2014, 'ndcg@40': 0.0653} 
2024-10-11 18:12:53.605 | INFO     | trainer_1:_train_one_epoch:209 - test 10 cost time 7.40s, result: {'hit@1': 0.0079, 'ndcg@1': 0.0079, 'hit@5': 0.0289, 'ndcg@5': 0.0184, 'hit@10': 0.0513, 'ndcg@10': 0.0255, 'hit@15': 0.0689, 'ndcg@15': 0.0302, 'hit@20': 0.0862, 'ndcg@20': 0.0343, 'hit@40': 0.1474, 'ndcg@40': 0.0467} 
2024-10-11 18:13:19.762 | INFO     | trainer_1:_train_one_epoch:193 - epoch 11 9.17s Train loss is [0.4694] 
2024-10-11 18:13:27.808 | INFO     | trainer_1:_train_one_epoch:201 - validate 11 cost time 8.04s, result: {'hit@1': 0.0119, 'ndcg@1': 0.0119, 'hit@5': 0.044, 'ndcg@5': 0.0279, 'hit@10': 0.0748, 'ndcg@10': 0.0378, 'hit@15': 0.1006, 'ndcg@15': 0.0446, 'hit@20': 0.1242, 'ndcg@20': 0.0502, 'hit@40': 0.2031, 'ndcg@40': 0.0662} 
2024-10-11 18:13:34.155 | INFO     | trainer_1:_train_one_epoch:209 - test 11 cost time 6.35s, result: {'hit@1': 0.0076, 'ndcg@1': 0.0076, 'hit@5': 0.0287, 'ndcg@5': 0.0181, 'hit@10': 0.0503, 'ndcg@10': 0.025, 'hit@15': 0.0688, 'ndcg@15': 0.0299, 'hit@20': 0.0868, 'ndcg@20': 0.0342, 'hit@40': 0.1459, 'ndcg@40': 0.0462} 
2024-10-11 18:13:43.046 | INFO     | trainer_1:_train_one_epoch:193 - epoch 12 8.89s Train loss is [0.4495] 
2024-10-11 18:13:49.423 | INFO     | trainer_1:_train_one_epoch:201 - validate 12 cost time 6.38s, result: {'hit@1': 0.0124, 'ndcg@1': 0.0124, 'hit@5': 0.042, 'ndcg@5': 0.027, 'hit@10': 0.0698, 'ndcg@10': 0.0359, 'hit@15': 0.0975, 'ndcg@15': 0.0432, 'hit@20': 0.1213, 'ndcg@20': 0.0488, 'hit@40': 0.2002, 'ndcg@40': 0.0649} 
2024-10-11 18:13:55.672 | INFO     | trainer_1:_train_one_epoch:209 - test 12 cost time 6.25s, result: {'hit@1': 0.006, 'ndcg@1': 0.006, 'hit@5': 0.0266, 'ndcg@5': 0.0163, 'hit@10': 0.047, 'ndcg@10': 0.0228, 'hit@15': 0.0655, 'ndcg@15': 0.0277, 'hit@20': 0.081, 'ndcg@20': 0.0314, 'hit@40': 0.1403, 'ndcg@40': 0.0434} 
2024-10-11 18:14:04.766 | INFO     | trainer_1:_train_one_epoch:193 - epoch 13 9.09s Train loss is [0.4526] 
2024-10-11 18:14:12.586 | INFO     | trainer_1:_train_one_epoch:201 - validate 13 cost time 7.82s, result: {'hit@1': 0.0135, 'ndcg@1': 0.0135, 'hit@5': 0.0466, 'ndcg@5': 0.0299, 'hit@10': 0.0784, 'ndcg@10': 0.0401, 'hit@15': 0.1042, 'ndcg@15': 0.0469, 'hit@20': 0.1283, 'ndcg@20': 0.0526, 'hit@40': 0.2028, 'ndcg@40': 0.0678} 
2024-10-11 18:14:23.035 | INFO     | trainer_1:_train_one_epoch:209 - test 13 cost time 10.45s, result: {'hit@1': 0.0082, 'ndcg@1': 0.0082, 'hit@5': 0.0296, 'ndcg@5': 0.0188, 'hit@10': 0.0526, 'ndcg@10': 0.0261, 'hit@15': 0.0713, 'ndcg@15': 0.0311, 'hit@20': 0.0874, 'ndcg@20': 0.0349, 'hit@40': 0.1432, 'ndcg@40': 0.0462} 
2024-10-11 18:14:44.405 | INFO     | trainer_1:_train_one_epoch:193 - epoch 14 9.10s Train loss is [0.4464] 
2024-10-11 18:14:54.692 | INFO     | trainer_1:_train_one_epoch:201 - validate 14 cost time 10.29s, result: {'hit@1': 0.014, 'ndcg@1': 0.014, 'hit@5': 0.0503, 'ndcg@5': 0.0321, 'hit@10': 0.081, 'ndcg@10': 0.0419, 'hit@15': 0.1087, 'ndcg@15': 0.0492, 'hit@20': 0.1341, 'ndcg@20': 0.0552, 'hit@40': 0.2108, 'ndcg@40': 0.0708} 
2024-10-11 18:15:05.883 | INFO     | trainer_1:_train_one_epoch:209 - test 14 cost time 11.19s, result: {'hit@1': 0.0097, 'ndcg@1': 0.0097, 'hit@5': 0.0324, 'ndcg@5': 0.0208, 'hit@10': 0.0534, 'ndcg@10': 0.0275, 'hit@15': 0.0735, 'ndcg@15': 0.0328, 'hit@20': 0.0917, 'ndcg@20': 0.0371, 'hit@40': 0.1499, 'ndcg@40': 0.0489} 
2024-10-11 18:15:33.493 | INFO     | trainer_1:_train_one_epoch:193 - epoch 15 9.91s Train loss is [0.4243] 
2024-10-11 18:15:45.264 | INFO     | trainer_1:_train_one_epoch:201 - validate 15 cost time 11.77s, result: {'hit@1': 0.0147, 'ndcg@1': 0.0147, 'hit@5': 0.0526, 'ndcg@5': 0.0335, 'hit@10': 0.0874, 'ndcg@10': 0.0446, 'hit@15': 0.1161, 'ndcg@15': 0.0522, 'hit@20': 0.1405, 'ndcg@20': 0.058, 'hit@40': 0.223, 'ndcg@40': 0.0747} 
2024-10-11 18:15:56.175 | INFO     | trainer_1:_train_one_epoch:209 - test 15 cost time 10.91s, result: {'hit@1': 0.009, 'ndcg@1': 0.009, 'hit@5': 0.0342, 'ndcg@5': 0.0215, 'hit@10': 0.0585, 'ndcg@10': 0.0292, 'hit@15': 0.0773, 'ndcg@15': 0.0342, 'hit@20': 0.0953, 'ndcg@20': 0.0385, 'hit@40': 0.1571, 'ndcg@40': 0.051} 
2024-10-11 18:16:25.074 | INFO     | trainer_1:_train_one_epoch:193 - epoch 16 7.77s Train loss is [0.4269] 
2024-10-11 18:16:35.822 | INFO     | trainer_1:_train_one_epoch:201 - validate 16 cost time 10.75s, result: {'hit@1': 0.0143, 'ndcg@1': 0.0143, 'hit@5': 0.051, 'ndcg@5': 0.0326, 'hit@10': 0.0842, 'ndcg@10': 0.0431, 'hit@15': 0.1132, 'ndcg@15': 0.0508, 'hit@20': 0.1393, 'ndcg@20': 0.0569, 'hit@40': 0.2205, 'ndcg@40': 0.0735} 
2024-10-11 18:16:46.388 | INFO     | trainer_1:_train_one_epoch:209 - test 16 cost time 10.57s, result: {'hit@1': 0.0094, 'ndcg@1': 0.0094, 'hit@5': 0.0324, 'ndcg@5': 0.0208, 'hit@10': 0.0551, 'ndcg@10': 0.028, 'hit@15': 0.0758, 'ndcg@15': 0.0335, 'hit@20': 0.0929, 'ndcg@20': 0.0375, 'hit@40': 0.1539, 'ndcg@40': 0.0499} 
2024-10-11 18:16:55.182 | INFO     | trainer_1:_train_one_epoch:193 - epoch 17 8.79s Train loss is [0.4186] 
2024-10-11 18:17:05.849 | INFO     | trainer_1:_train_one_epoch:201 - validate 17 cost time 10.67s, result: {'hit@1': 0.0151, 'ndcg@1': 0.0151, 'hit@5': 0.0548, 'ndcg@5': 0.0349, 'hit@10': 0.09, 'ndcg@10': 0.0462, 'hit@15': 0.1212, 'ndcg@15': 0.0544, 'hit@20': 0.1499, 'ndcg@20': 0.0611, 'hit@40': 0.2348, 'ndcg@40': 0.0784} 
2024-10-11 18:17:15.729 | INFO     | trainer_1:_train_one_epoch:209 - test 17 cost time 9.88s, result: {'hit@1': 0.0103, 'ndcg@1': 0.0103, 'hit@5': 0.0362, 'ndcg@5': 0.023, 'hit@10': 0.0589, 'ndcg@10': 0.0303, 'hit@15': 0.0811, 'ndcg@15': 0.0362, 'hit@20': 0.1019, 'ndcg@20': 0.041, 'hit@40': 0.1699, 'ndcg@40': 0.0549} 
2024-10-11 18:17:39.284 | INFO     | trainer_1:_train_one_epoch:193 - epoch 18 9.53s Train loss is [0.4092] 
2024-10-11 18:17:49.619 | INFO     | trainer_1:_train_one_epoch:201 - validate 18 cost time 10.33s, result: {'hit@1': 0.0144, 'ndcg@1': 0.0144, 'hit@5': 0.0524, 'ndcg@5': 0.0334, 'hit@10': 0.0858, 'ndcg@10': 0.0441, 'hit@15': 0.114, 'ndcg@15': 0.0515, 'hit@20': 0.1397, 'ndcg@20': 0.0576, 'hit@40': 0.2213, 'ndcg@40': 0.0743} 
2024-10-11 18:18:00.316 | INFO     | trainer_1:_train_one_epoch:209 - test 18 cost time 10.70s, result: {'hit@1': 0.0095, 'ndcg@1': 0.0095, 'hit@5': 0.0339, 'ndcg@5': 0.0217, 'hit@10': 0.0588, 'ndcg@10': 0.0297, 'hit@15': 0.0787, 'ndcg@15': 0.035, 'hit@20': 0.0974, 'ndcg@20': 0.0394, 'hit@40': 0.1565, 'ndcg@40': 0.0514} 
2024-10-11 18:18:08.658 | INFO     | trainer_1:_train_one_epoch:193 - epoch 19 8.34s Train loss is [0.4076] 
2024-10-11 18:18:18.808 | INFO     | trainer_1:_train_one_epoch:201 - validate 19 cost time 10.15s, result: {'hit@1': 0.0154, 'ndcg@1': 0.0154, 'hit@5': 0.0521, 'ndcg@5': 0.0336, 'hit@10': 0.0877, 'ndcg@10': 0.045, 'hit@15': 0.1157, 'ndcg@15': 0.0524, 'hit@20': 0.1421, 'ndcg@20': 0.0586, 'hit@40': 0.2266, 'ndcg@40': 0.0758} 
2024-10-11 18:18:28.604 | INFO     | trainer_1:_train_one_epoch:209 - test 19 cost time 9.80s, result: {'hit@1': 0.0087, 'ndcg@1': 0.0087, 'hit@5': 0.0351, 'ndcg@5': 0.0218, 'hit@10': 0.0583, 'ndcg@10': 0.0292, 'hit@15': 0.0792, 'ndcg@15': 0.0347, 'hit@20': 0.0995, 'ndcg@20': 0.0395, 'hit@40': 0.1611, 'ndcg@40': 0.052} 
2024-10-11 18:18:35.566 | INFO     | trainer_1:_train_one_epoch:193 - epoch 20 6.96s Train loss is [0.3976] 
2024-10-11 18:18:46.491 | INFO     | trainer_1:_train_one_epoch:201 - validate 20 cost time 10.92s, result: {'hit@1': 0.0142, 'ndcg@1': 0.0142, 'hit@5': 0.0521, 'ndcg@5': 0.0332, 'hit@10': 0.0885, 'ndcg@10': 0.0449, 'hit@15': 0.1159, 'ndcg@15': 0.0521, 'hit@20': 0.1411, 'ndcg@20': 0.058, 'hit@40': 0.2246, 'ndcg@40': 0.075} 
2024-10-11 18:18:56.868 | INFO     | trainer_1:_train_one_epoch:209 - test 20 cost time 10.38s, result: {'hit@1': 0.0093, 'ndcg@1': 0.0093, 'hit@5': 0.035, 'ndcg@5': 0.022, 'hit@10': 0.0583, 'ndcg@10': 0.0295, 'hit@15': 0.0802, 'ndcg@15': 0.0352, 'hit@20': 0.1007, 'ndcg@20': 0.0401, 'hit@40': 0.1631, 'ndcg@40': 0.0528} 
2024-10-11 18:19:04.665 | INFO     | trainer_1:_train_one_epoch:193 - epoch 21 7.80s Train loss is [0.3919] 
2024-10-11 18:19:15.630 | INFO     | trainer_1:_train_one_epoch:201 - validate 21 cost time 10.96s, result: {'hit@1': 0.0151, 'ndcg@1': 0.0151, 'hit@5': 0.0552, 'ndcg@5': 0.0351, 'hit@10': 0.0918, 'ndcg@10': 0.0468, 'hit@15': 0.121, 'ndcg@15': 0.0545, 'hit@20': 0.1458, 'ndcg@20': 0.0604, 'hit@40': 0.2339, 'ndcg@40': 0.0783} 
2024-10-11 18:19:26.353 | INFO     | trainer_1:_train_one_epoch:209 - test 21 cost time 10.72s, result: {'hit@1': 0.0096, 'ndcg@1': 0.0096, 'hit@5': 0.0362, 'ndcg@5': 0.023, 'hit@10': 0.0603, 'ndcg@10': 0.0307, 'hit@15': 0.0805, 'ndcg@15': 0.036, 'hit@20': 0.0996, 'ndcg@20': 0.0406, 'hit@40': 0.1626, 'ndcg@40': 0.0534} 
2024-10-11 18:19:49.155 | INFO     | trainer_1:_train_one_epoch:193 - epoch 22 8.81s Train loss is [0.3833] 
2024-10-11 18:19:59.684 | INFO     | trainer_1:_train_one_epoch:201 - validate 22 cost time 10.53s, result: {'hit@1': 0.0157, 'ndcg@1': 0.0157, 'hit@5': 0.055, 'ndcg@5': 0.0354, 'hit@10': 0.0904, 'ndcg@10': 0.0468, 'hit@15': 0.1222, 'ndcg@15': 0.0552, 'hit@20': 0.1502, 'ndcg@20': 0.0618, 'hit@40': 0.2377, 'ndcg@40': 0.0795} 
2024-10-11 18:20:10.521 | INFO     | trainer_1:_train_one_epoch:209 - test 22 cost time 10.84s, result: {'hit@1': 0.0093, 'ndcg@1': 0.0093, 'hit@5': 0.0363, 'ndcg@5': 0.0228, 'hit@10': 0.0608, 'ndcg@10': 0.0306, 'hit@15': 0.0841, 'ndcg@15': 0.0368, 'hit@20': 0.1036, 'ndcg@20': 0.0414, 'hit@40': 0.1685, 'ndcg@40': 0.0545} 
2024-10-11 18:20:37.046 | INFO     | trainer_1:_train_one_epoch:193 - epoch 23 9.03s Train loss is [0.3868] 
2024-10-11 18:20:47.875 | INFO     | trainer_1:_train_one_epoch:201 - validate 23 cost time 10.83s, result: {'hit@1': 0.0153, 'ndcg@1': 0.0153, 'hit@5': 0.0547, 'ndcg@5': 0.0349, 'hit@10': 0.0899, 'ndcg@10': 0.0462, 'hit@15': 0.1228, 'ndcg@15': 0.0549, 'hit@20': 0.1496, 'ndcg@20': 0.0612, 'hit@40': 0.2353, 'ndcg@40': 0.0786} 
2024-10-11 18:20:57.636 | INFO     | trainer_1:_train_one_epoch:209 - test 23 cost time 9.76s, result: {'hit@1': 0.0099, 'ndcg@1': 0.0099, 'hit@5': 0.0355, 'ndcg@5': 0.0226, 'hit@10': 0.0613, 'ndcg@10': 0.0309, 'hit@15': 0.0824, 'ndcg@15': 0.0365, 'hit@20': 0.1006, 'ndcg@20': 0.0408, 'hit@40': 0.1643, 'ndcg@40': 0.0537} 
2024-10-11 18:21:16.102 | INFO     | trainer_1:_train_one_epoch:193 - epoch 24 6.97s Train loss is [0.3919] 
2024-10-11 18:21:25.969 | INFO     | trainer_1:_train_one_epoch:201 - validate 24 cost time 9.87s, result: {'hit@1': 0.0151, 'ndcg@1': 0.0151, 'hit@5': 0.0545, 'ndcg@5': 0.0349, 'hit@10': 0.0897, 'ndcg@10': 0.0461, 'hit@15': 0.1209, 'ndcg@15': 0.0544, 'hit@20': 0.148, 'ndcg@20': 0.0608, 'hit@40': 0.2327, 'ndcg@40': 0.078} 
2024-10-11 18:21:35.886 | INFO     | trainer_1:_train_one_epoch:209 - test 24 cost time 9.92s, result: {'hit@1': 0.0093, 'ndcg@1': 0.0093, 'hit@5': 0.0372, 'ndcg@5': 0.0233, 'hit@10': 0.0625, 'ndcg@10': 0.0315, 'hit@15': 0.0841, 'ndcg@15': 0.0372, 'hit@20': 0.1021, 'ndcg@20': 0.0414, 'hit@40': 0.1652, 'ndcg@40': 0.0542} 
2024-10-11 18:21:57.528 | INFO     | trainer_1:_train_one_epoch:193 - epoch 25 7.41s Train loss is [0.3813] 
2024-10-11 18:22:07.668 | INFO     | trainer_1:_train_one_epoch:201 - validate 25 cost time 10.14s, result: {'hit@1': 0.0162, 'ndcg@1': 0.0162, 'hit@5': 0.0572, 'ndcg@5': 0.0369, 'hit@10': 0.0939, 'ndcg@10': 0.0486, 'hit@15': 0.1265, 'ndcg@15': 0.0573, 'hit@20': 0.1522, 'ndcg@20': 0.0633, 'hit@40': 0.2359, 'ndcg@40': 0.0803} 
2024-10-11 18:22:17.547 | INFO     | trainer_1:_train_one_epoch:209 - test 25 cost time 9.88s, result: {'hit@1': 0.0107, 'ndcg@1': 0.0107, 'hit@5': 0.0389, 'ndcg@5': 0.0249, 'hit@10': 0.0647, 'ndcg@10': 0.0332, 'hit@15': 0.0853, 'ndcg@15': 0.0386, 'hit@20': 0.1047, 'ndcg@20': 0.0432, 'hit@40': 0.168, 'ndcg@40': 0.0561} 
2024-10-11 18:22:40.711 | INFO     | trainer_1:_train_one_epoch:193 - epoch 26 8.81s Train loss is [0.3734] 
2024-10-11 18:22:51.830 | INFO     | trainer_1:_train_one_epoch:201 - validate 26 cost time 11.12s, result: {'hit@1': 0.0152, 'ndcg@1': 0.0152, 'hit@5': 0.0554, 'ndcg@5': 0.0354, 'hit@10': 0.0922, 'ndcg@10': 0.0471, 'hit@15': 0.1236, 'ndcg@15': 0.0554, 'hit@20': 0.1511, 'ndcg@20': 0.0619, 'hit@40': 0.2395, 'ndcg@40': 0.0799} 
2024-10-11 18:23:02.559 | INFO     | trainer_1:_train_one_epoch:209 - test 26 cost time 10.73s, result: {'hit@1': 0.0095, 'ndcg@1': 0.0095, 'hit@5': 0.037, 'ndcg@5': 0.0232, 'hit@10': 0.0624, 'ndcg@10': 0.0314, 'hit@15': 0.084, 'ndcg@15': 0.0371, 'hit@20': 0.1036, 'ndcg@20': 0.0417, 'hit@40': 0.1692, 'ndcg@40': 0.055} 
2024-10-11 18:23:13.315 | INFO     | trainer_1:_train_one_epoch:193 - epoch 27 10.75s Train loss is [0.3740] 
2024-10-11 18:23:23.970 | INFO     | trainer_1:_train_one_epoch:201 - validate 27 cost time 10.65s, result: {'hit@1': 0.0157, 'ndcg@1': 0.0157, 'hit@5': 0.0545, 'ndcg@5': 0.0352, 'hit@10': 0.0901, 'ndcg@10': 0.0466, 'hit@15': 0.1203, 'ndcg@15': 0.0546, 'hit@20': 0.1458, 'ndcg@20': 0.0606, 'hit@40': 0.2295, 'ndcg@40': 0.0776} 
2024-10-11 18:23:34.010 | INFO     | trainer_1:_train_one_epoch:209 - test 27 cost time 10.04s, result: {'hit@1': 0.0102, 'ndcg@1': 0.0102, 'hit@5': 0.0373, 'ndcg@5': 0.0238, 'hit@10': 0.0618, 'ndcg@10': 0.0316, 'hit@15': 0.0837, 'ndcg@15': 0.0374, 'hit@20': 0.1033, 'ndcg@20': 0.0421, 'hit@40': 0.1666, 'ndcg@40': 0.0549} 
2024-10-11 18:23:41.123 | INFO     | trainer_1:_train_one_epoch:193 - epoch 28 7.11s Train loss is [0.3760] 
2024-10-11 18:23:51.518 | INFO     | trainer_1:_train_one_epoch:201 - validate 28 cost time 10.39s, result: {'hit@1': 0.0155, 'ndcg@1': 0.0155, 'hit@5': 0.0541, 'ndcg@5': 0.0347, 'hit@10': 0.0894, 'ndcg@10': 0.0461, 'hit@15': 0.1202, 'ndcg@15': 0.0542, 'hit@20': 0.147, 'ndcg@20': 0.0605, 'hit@40': 0.2319, 'ndcg@40': 0.0778} 
2024-10-11 18:24:02.218 | INFO     | trainer_1:_train_one_epoch:209 - test 28 cost time 10.70s, result: {'hit@1': 0.0095, 'ndcg@1': 0.0095, 'hit@5': 0.0361, 'ndcg@5': 0.0228, 'hit@10': 0.0622, 'ndcg@10': 0.0311, 'hit@15': 0.0819, 'ndcg@15': 0.0363, 'hit@20': 0.0999, 'ndcg@20': 0.0406, 'hit@40': 0.1648, 'ndcg@40': 0.0538} 
2024-10-11 18:24:11.668 | INFO     | trainer_1:_train_one_epoch:193 - epoch 29 9.45s Train loss is [0.3758] 
2024-10-11 18:24:22.236 | INFO     | trainer_1:_train_one_epoch:201 - validate 29 cost time 10.57s, result: {'hit@1': 0.0148, 'ndcg@1': 0.0148, 'hit@5': 0.0546, 'ndcg@5': 0.0345, 'hit@10': 0.0876, 'ndcg@10': 0.0451, 'hit@15': 0.1189, 'ndcg@15': 0.0533, 'hit@20': 0.1434, 'ndcg@20': 0.0591, 'hit@40': 0.225, 'ndcg@40': 0.0757} 
2024-10-11 18:24:32.559 | INFO     | trainer_1:_train_one_epoch:209 - test 29 cost time 10.32s, result: {'hit@1': 0.0093, 'ndcg@1': 0.0093, 'hit@5': 0.0378, 'ndcg@5': 0.0235, 'hit@10': 0.0612, 'ndcg@10': 0.031, 'hit@15': 0.0809, 'ndcg@15': 0.0362, 'hit@20': 0.0998, 'ndcg@20': 0.0406, 'hit@40': 0.1643, 'ndcg@40': 0.0537} 
2024-10-11 18:24:42.592 | INFO     | trainer_1:_train_one_epoch:193 - epoch 30 10.03s Train loss is [0.3746] 
2024-10-11 18:24:53.060 | INFO     | trainer_1:_train_one_epoch:201 - validate 30 cost time 10.47s, result: {'hit@1': 0.0165, 'ndcg@1': 0.0165, 'hit@5': 0.0562, 'ndcg@5': 0.0363, 'hit@10': 0.0912, 'ndcg@10': 0.0475, 'hit@15': 0.1201, 'ndcg@15': 0.0551, 'hit@20': 0.1477, 'ndcg@20': 0.0616, 'hit@40': 0.233, 'ndcg@40': 0.079} 
2024-10-11 18:25:02.921 | INFO     | trainer_1:_train_one_epoch:209 - test 30 cost time 9.86s, result: {'hit@1': 0.0103, 'ndcg@1': 0.0103, 'hit@5': 0.0373, 'ndcg@5': 0.0238, 'hit@10': 0.0609, 'ndcg@10': 0.0313, 'hit@15': 0.0816, 'ndcg@15': 0.0368, 'hit@20': 0.1003, 'ndcg@20': 0.0412, 'hit@40': 0.1633, 'ndcg@40': 0.054} 
2024-10-11 18:25:02.932 | INFO     | trainer_1:train_model:163 - training end, best iteration 25, results: {'hit@1': 0.0162, 'ndcg@1': 0.0162, 'hit@5': 0.0572, 'ndcg@5': 0.0369, 'hit@10': 0.0939, 'ndcg@10': 0.0486, 'hit@15': 0.1265, 'ndcg@15': 0.0573, 'hit@20': 0.1522, 'ndcg@20': 0.0633, 'hit@40': 0.2359, 'ndcg@40': 0.0803}
2024-10-11 18:25:02.933 | INFO     | trainer_1:train_model:166 - final test result is:  {'hit@1': 0.0107, 'ndcg@1': 0.0107, 'hit@5': 0.0389, 'ndcg@5': 0.0249, 'hit@10': 0.0647, 'ndcg@10': 0.0332, 'hit@15': 0.0853, 'ndcg@15': 0.0386, 'hit@20': 0.1047, 'ndcg@20': 0.0432, 'hit@40': 0.168, 'ndcg@40': 0.0561}
2024-10-11 18:25:03.230 | INFO     | __main__:<module>:119 - train end total cost time: 1631.5015091896057
